17296999	58
17298297	54
17332397	1474
17333047	1474
17336830	1474
17337109	1474
17337389	1474
17337997	1474
17343755	1474
17344140	1474
17344590	1474
17344893	1474
17345207	334
17363483	1474
17363948	1474
17364978	1474
17365256	138
17365623	1474
17366015	1474
17366619	1474
17367090	1474
17367728	1474
17368177	1474
17368710	1474
17369082	1474
17369548	1474
17382687	1474
17382908	1474
17383086	1474
17383280	1474
17383481	1474
17383675	1474
17384165	1474
17384392	1474
17384704	530
17400668	1474
17400918	1474
17401093	1474
17401325	1474
17401526	1474
17401725	1474
17402022	1474
17402548	250
17403872	1474
17404194	1474
17404385	1474
17404641	1474
17404868	1474
17405110	1474
17405303	1474
17405585	250
17406419	1474
17406807	82
17407027	1474
17407280	1474
17407496	1474
17407729	1474
17407942	1474
17408152	1474
17408344	1474
17408732	1474
17408970	1474
17409171	1474
17409391	334
17414817	1474
17415571	1474
17415780	1474
17416059	1474
17416280	1474
17416476	1474
17416827	1474
17417209	1474
17417358	1474
17417554	1474
17417944	1474
17418144	1474
17418537	1474
17419236	1474
17419981	1474
17420242	474
17427802	1474
17428441	82
17435726	1474
17436620	1474
17436917	1474
17437062	1474
17437202	1474
17437386	1474
17437623	1474
17438258	1474
17438691	1474
17438884	1474
17439239	1474
17440144	362
17440512	1474
17440751	1474
17440974	1474
17441339	1474
17441542	1474
17441748	1474
17442039	1474
17442248	1474
17442465	278
17461230	1474
17461583	1474
17461726	1474
17462069	1474
17462291	1474
17462470	1474
17462669	222
17469949	1474
17470189	1474
17470557	1474
17470857	1474
17471003	1474
17471172	1474
17501302	1474
17501691	1474
17502097	1474
17502461	1474
17502918	1474
17503468	1474
17503817	1474
17504248	1474
17504630	1474
17537224	1474
19028086	1474
19037489	1474
19037631	1474
19050965	1474
19051492	1474
19051878	1474
19052370	1474
19081580	1474
19082058	1474
19082520	1474
19083236	1474
19083666	1474
19084174	1474
19084597	1474
19085173	1474
19128731	1474
19129307	1474
19129657	1474
19130049	1474
19130484	1474
19130843	1474
19131211	1474
19170674	1474
19170875	1474
22034875	1474
22038869	1474
22039035	1474
22044579	1474
22045172	1474
22045897	163
22049271	1474
22049431	1365
22061524	1474
22062159	409
22062375	1474
22062724	948
22065246	1339
22065397	1474
22065535	246
22081146	1474
22081640	342
22082170	686
22082763	1474
22083370	1474
22083835	1474
22084342	1474
22106571	1474
22106901	1474
22107219	1474
22107843	1474
22108189	1474
22108791	1474
22109230	1474
22130503	1474
22130709	1474
22130971	1474
22131204	1474
22131638	1474
22131920	1474
22146240	1474
22146674	1474
22146919	1474
22147113	1474
22147402	1474
22147601	1474
22147910	1474
22168922	1474
22169232	1474
22169407	1474
22169607	1474
22169871	1474
22170339	1474
22170650	1474
22171077	1474
22186509	1474
22186732	1474
22187097	1474
22187242	1474
22187440	1474
22187782	1474
22188008	1474
22188206	1474
22202223	1474
22202706	1474
22202903	1474
22203079	1474
22203307	1474
22203545	1474
22203778	1474
22204017	1474
22220558	1474
22221029	1474
22221249	1474
22221611	1474
22221891	1474
22222116	1474
22225025	1474
22225167	1474
22243218	1474
22243740	1474
22243940	1474
22244510	1474
22244864	1474
22245406	1474
22245640	1474
22246339	1474
22246630	1474
22263872	1474
22264415	1474
22264936	1474
22265278	1474
22265541	1474
22265762	1474
22266034	1474
22266601	1474
22266803	1474
22267108	1474
22288459	1474
22288600	1474
22288799	1474
22289038	1474
22289351	1474
22289642	1474
22289854	1474
22289998	1474
22290165	1474
22307613	1474
22307875	1474
22308022	1474
22344746	1474
22345117	1474
22345339	1474
22345495	1474
22345642	1474
22345783	1474
22346006	1474
22346150	1474
22346312	1474
22346457	1474
22346598	1474
22374688	1474
22374927	1474
22375124	1474
22375473	1474
22375619	1474
22375765	1474
22375904	1474
22376044	1474
22376182	1474
22376348	1474
22376495	1474
22412721	1474
22412874	1474
22413018	1474
22413154	1474
22413294	1474
22413442	1474
22413585	1474
22413724	1474
22413974	1474
22414145	1474
22414285	1474
22452400	1474
22452641	1474
22452845	1474
22453026	1474
22453193	1474
22453376	1474
22453609	1474
22453764	1474
22453989	1474
22454161	1474
22454302	1474
22496732	1474
22496932	1474
22497231	1474
22497404	1474
22497588	1474
22497725	1474
22497997	1474
22498144	1474
22498312	1474
22643899	1474
22644183	1474
22644609	1474
22644782	1474
22644929	1474
22645067	1474
22645211	1474
22645348	1474
22645522	1474
22645662	1474
22645880	1474
22689195	1474
22689398	1474
22689618	1474
23165568	1474
23165747	1474
23165932	1474
23166077	1474
23166217	1474
23166356	1474
23166495	1474
23166631	1474
23166808	1474
23166951	1474
23167089	1474
23205279	1474
23205418	1474
23205584	1474
23205718	1474
23429870	1474
23430186	1474
23430404	1474
23430649	1474
23430897	1474
23431069	1474
23431207	1474
23431369	1474
24226079	1474
24226280	1474
24226425	1474
24226568	1474
24226705	1474
24226843	1474
24226985	1474
24227140	1474
24227303	1474
24227470	1474
24227634	1474
24227776	1474
24265673	1474
24265895	1474
24266052	1474
25028844	1474
25029218	1474
25029414	1474
25029555	1474
25029692	1474
25029882	1474
25030024	1474
25030162	1474
25030335	1474
25030474	1474
25030613	1474
25030771	1474
25069603	1474
25069830	1474
25070006	1474
25070169	1474
25070321	1474
25070459	1474
25070597	1474
25070740	1474
25070904	1474
25826599	1474
25826817	1474
25826958	1474
25827094	1474
25827231	1474
25827367	1474
25827503	1474
25827641	1474
25827811	1474
25827947	1474
25828108	1474
25828246	1474
25866239	1474
25866440	1474
25866580	1474
26627428	1474
26627641	1474
26627797	1474
26627939	1474
26628115	1474
26628278	1474
26628435	1474
26628570	1474
26628707	1474
26628845	1474
26628990	1474
26629167	1474
26665990	1474
26666216	1474
26666357	1474
26666494	1474
26666657	1474
26666796	1474
26666958	1474
26667105	1474
26667242	1474
27427928	1474
27428134	1474
27428310	1474
27428478	1474
27428618	1474
27428758	1474
27428898	1474
27429038	1474
27429175	1474
27429342	1474
27429483	1474
27429645	1474
27466632	1474
27466856	1474
27467021	1474
28227796	1474
28227973	1474
28228115	1474
28228253	1474
28228414	1474
28228586	1474
28228723	1474
28228885	1474
28229022	1474
28229159	1474
28229296	1474
28229432	1474
28268485	1474
28268787	1474
28268926	1474
28269063	1474
28269199	1474
28269361	1474
28269496	1474
28269641	1474
28269826	1474
29028137	1474
29028307	1474
29028449	1474
29028591	1474
29028872	1474
29029065	1474
29029381	1474
29029618	1474
29029822	1474
29029972	1474
29030205	1474
29030400	1474
29030721	1474
29030894	1474
29827999	1474
29828154	1474
29828320	1474
29828549	1474
29828716	1474
29828852	1474
29829021	1474
29829160	1474
29829297	1474
29829460	1474
29829602	1474
29829742	1474
29829928	1474
29871455	1474
29871673	1474
29871843	1474
29872081	1474
29872222	1474
29872360	1474
29872498	1474
29872663	1474
30628693	1474
30628864	1474
30629033	1474
30629176	1474
30629330	1474
30629474	1474
30629640	1474
30629856	1474
30630008	1474
30630153	1474
30630304	1474
30630473	1474
30630635	1474
30667534	1474
30667764	1474
31428871	1474
31429173	1474
31429368	1474
31429538	1474
31429678	1474
31429876	1474
31430027	1474
31430169	1474
31430337	1474
31430488	1474
31430631	1474
31430795	1474
31430961	1474
31467460	1474
31467642	1474
31467811	1474
32228483	1474
32228685	1474
32228845	1474
32228987	1474
32229173	1474
32229372	1474
32229773	1474
32230154	1474
32230299	1474
32230467	1474
32230610	1474
32230787	1474
32230989	1474
32231227	1474
32272507	1474
32272681	1474
32272867	1474
33029818	1474
33030000	1474
33030133	1474
33030401	1474
33030507	1474
33030631	1474
33030753	1474
33030877	1474
33030975	1474
33031090	1474
33031192	1474
33031290	1474
33031390	1474
33067883	1474
33068038	1474
33068152	1474
33068260	1474
33068368	1474
33068453	1474
33068539	1474
33068648	1474
33830347	1474
33830491	1474
33830591	1474
33830712	1474
33830830	1474
33830948	1474
33831043	1474
33831137	1474
33831231	1474
33831367	1474
33831462	1474
33831558	1474
33831646	1474
34629211	1474
34629314	1474
34629406	1474
34629498	1474
34629607	1474
34629764	1474
34629861	1474
34629986	1474
34630078	1474
34630170	1474
34630287	1474
34630401	1474
34630493	1474
34630627	1474
34668424	1474
34668575	1474
35429446	1474
35429570	1474
35429715	1474
35429894	1474
35429985	1474
35430110	1474
35430204	1474
35430301	1474
35430418	1474
35430536	1474
35430653	1474
35430746	1474
35430844	1474
35430941	1474
35468639	1474
35468784	1474
36231994	1474
36232153	1474
36232299	1474
36232398	1474
36232626	1474
36232732	1474
36232853	1474
36232974	1474
36233654	1474
36233917	1474
36234045	1474
36234179	1474
36234305	1474
36234424	1474
36273295	1474
36273474	1474
36273568	1474
36273794	1474
36273915	1474
36274009	1474
36274116	1474
36274211	1474
37030169	1474
37030308	1474
37030421	1474
37030518	1474
37030671	1474
37030798	1474
37030922	1474
37031091	1474
37031227	1474
37031460	1474
37031556	1474
37031656	1474
37031847	1474
37031979	1474
37032521	1474
37830607	1474
37830811	1474
37830970	1474
37831093	1474
37831327	1474
37831440	1474
37831653	1474
37831945	1474
37832072	1474
37832194	1474
37832289	1474
37832385	1474
37832477	1474
37832574	1474
37832778	1474
37869378	1474
37869519	1474
38630866	1474
38631042	1474
38631179	1474
38631348	1474
38631515	1474
38631656	1474
38631799	1474
38631945	1474
38632086	1474
38632278	1474
38632494	1474
38632678	1474
38632851	1474
38633081	1474
38671076	1474
38671283	1474
38671424	1474
39430941	1474
39431076	1474
39431205	1474
39431305	1474
39431424	1474
39431664	1474
39431768	1474
39431896	1474
39431990	1474
39432187	1474
39432323	1474
39432422	1474
39432521	1474
39432715	1474
39432816	1474
39469545	1474
39469702	1474
40231177	1474
40231493	1474
40231641	1474
40231900	1474
40232097	1474
40232249	1474
40232415	1474
40232574	1474
40232782	1474
40232978	1474
40233141	1474
40233725	1474
40234007	1474
40234234	1474
40234382	1474
40234539	1474
40270185	1474
40270447	1474
41031940	1474
41032101	1474
41032249	1474
41032376	1474
41032504	1474
41032629	1474
41032839	1474
41033029	1474
41033988	1474
41034376	1474
41034513	1474
41034640	1474
41034801	1474
41034953	1474
41035076	1474
41070079	1474
41070326	1474
41831960	1474
41832107	1474
41832235	1474
41832361	1474
41832486	1474
41832610	1474
41832737	1474
41832861	1474
41833020	1474
41833169	1474
41833296	1474
41833426	1474
41833572	1474
41833700	1474
41833970	1474
41870300	1474
41870529	1474
42631867	1474
42632022	1474
42632186	1474
42632434	1474
42632637	1474
42632993	1474
42633178	1474
42633411	1474
42633640	1474
42633916	1474
42634069	1474
42634488	1474
42634738	1474
42634917	1474
42635061	1474
42635204	1474
42670489	1474
43432024	1474
43432210	1474
43432412	1474
43432655	1474
43432851	1474
43433158	1474
43433301	1474
43433530	1474
43433747	1474
43434026	1474
43434661	1474
43434871	1474
43435046	1474
43435189	1474
43435326	1474
43435468	1474
43472826	1474
43473022	1474
44233788	1474
44234069	1474
44234270	1474
44234763	1474
44234954	1474
44235192	1474
44235335	1474
44235477	1474
44235641	1474
44235809	1474
44235985	1474
44236152	1474
44236291	1474
44236436	1474
44236600	1474
44275240	1474
44275534	1474
44275681	1474
45032301	1474
45032422	1474
45032523	1474
45032649	1474
45032748	1474
45032872	1474
45032993	1474
45033096	1474
45033206	1474
45033325	1474
45033440	1474
45033540	1474
45033642	1474
45033852	1474
45034056	1474
45034232	1474
45567573	1474
45567720	1474
45567927	1474
45568128	1474
45568450	1474
45568621	1474
45568763	1474
45568932	1474
45569072	1474
45569212	1474
45569394	1474
45569535	1474
45569675	1474
45569905	1474
45570075	1474
46366415	1474
46366576	1474
46366688	1474
46366814	1474
46366915	1474
46367029	1474
46367142	1474
46367240	1474
46367329	1474
46367433	1474
46367545	1474
46367648	1474
46367763	1474
46367878	1474
46367974	1474
46368070	1474
46407909	1474
47434182	1474
47434788	1474
47434917	1474
47435082	1474
47435367	1474
47435501	1474
47436367	1474
47436518	1474
47436617	1474
47436728	1474
47436828	1474
47436978	1474
47437102	1474
47437197	1474
47437324	1474
47437445	1474
47437571	1474
47479402	1474
48235762	1474
48236014	1474
48236138	1474
48236282	1474
48236394	1474
48236571	1474
48236663	1474
48236775	1474
48236864	1474
48236947	1474
48237120	1474
48237232	1474
48237318	1474
48237404	1474
48237488	1474
48237574	1474
48237699	1474
48277915	1474
49034268	1474
49034435	1474
49035185	1474
49035420	1474
49035526	1474
49035629	1474
49035754	1474
49035969	1474
49036072	1474
49036170	1474
49036267	1474
49036391	1474
49036506	1474
49036603	1474
49036723	1474
49036844	1474
49036965	1474
49833636	1474
49833882	1474
49834011	1474
49834104	1474
49834195	1474
49834295	1474
49834504	1474
49834609	1474
49834857	1474
49834982	1474
49835085	1474
49835182	1474
49835302	1474
49835397	1474
49835498	1474
49835593	1474
49835695	1474
50634475	1474
50634693	1474
50634858	1474
50634967	1474
50635098	1474
50635219	1474
50635420	1474
50635522	1474
50635678	1474
50635767	1474
50635966	1474
50636066	1474
50636188	1474
50636283	1474
50636373	1474
50636491	1474
50636584	1474
50636677	1474
51435146	1474
51435309	1474
51435434	1474
51435531	1474
51435629	1474
51435719	1474
51435810	1474
51435906	1474
51436025	1474
51436119	1474
51436213	1474
51436322	1474
51436416	1474
51436510	1474
51436628	1474
51436721	1474
51436814	1474
52234890	1474
52235122	1474
52235227	1474
52235360	1474
52235456	1474
52235551	1474
52235644	1474
52235767	1474
52235886	1474
52235980	1474
52236079	1474
52236200	1474
52236295	1474
52236415	1474
52236510	1474
52236619	1474
52236738	1474
53037168	1474
53037669	1474
53037894	1474
53038024	1474
53038157	1474
53038355	1474
53038454	1474
53038575	1474
53038675	1474
53038775	1474
53038908	1474
53039024	1474
53039123	1474
53039243	1474
53039383	1474
53039479	1474
53039579	1474
53836088	1474
53836318	1474
53836418	1474
53836535	1474
53836629	1474
53836724	1474
53836840	1474
53836958	1474
53837077	1474
53837209	1474
53837303	1474
53837421	1474
53837539	1474
53837694	1474
53837867	1474
53837961	1474
53838056	1474
53874116	1474
54369935	1474
54370210	1474
54370343	1474
54370467	1474
54370558	1474
54370652	1474
54370744	1474
54370840	1474
54370931	1474
54371051	1474
54371169	1474
54371266	1474
54371398	1474
54371494	1474
54371587	1474
54371684	1474
55435622	1474
55435949	1474
55436046	1474
55436145	1474
55436240	1474
55436338	1474
55436432	1474
55436523	1474
55436642	1474
55436753	1474
55436845	1474
55436964	1474
55437058	1474
55437153	1474
55437247	1474
55437340	1474
55437458	1474
55474334	1474
55970772	1474
55971044	1474
55971171	1474
55971291	1474
55971411	1474
55971504	1474
55971598	1474
55971717	1474
55971811	1474
55971922	1474
55972041	1474
55972137	1474
55972234	1474
55972352	1474
55972446	1474
55972561	1474
55972679	1474
57036274	1474
57036440	1474
57036631	1474
57036735	1474
57036858	1474
57036954	1474
57037144	1474
57037260	1474
57037366	1474
57037487	1474
57037581	1474
57037786	1474
57037927	1474
57038048	1474
57038167	1474
57038274	1474
57038368	1474
57038467	1474
57836352	1474
57836570	1474
57836662	1474
57836757	1474
57836876	1474
57836968	1474
57837086	1474
57837176	1474
57837269	1474
57837386	1474
57837512	1474
57837653	1474
57837819	1474
57837944	1474
57838038	1474
57838155	1474
57838277	1474
57875474	1474
58636673	1474
58636901	1474
58636998	1474
58637097	1474
58637192	1474
58637284	1474
58637378	1474
58637499	1474
58637592	1474
58637790	1474
58637895	1474
58637990	1474
58638108	1474
58638205	1474
58638302	1474
58638396	1474
58638515	1474
58679328	1474
59437151	1474
59437445	1474
59437559	1474
59437699	1474
59437864	1474
59437996	1474
59438154	1474
59438273	1474
59438396	1474
59438505	1474
59438602	1474
59438759	1474
59438881	1474
59438980	1474
59439106	1474
59439203	1474
59439316	1474
59439417	1474
60236471	1474
60236674	1474
60236798	1474
60236895	1474
60237023	1474
60237309	1474
60237416	1474
60237532	1474
60237629	1474
60238042	1474
60238145	1474
60238243	1474
60238356	1474
60238483	1474
60238625	1474
60238756	1474
60238871	1474
61038372	1474
61038708	1474
61038800	1474
61038894	1474
61039016	1474
61039148	1474
61039263	1474
61039359	1474
61039500	1474
61039716	1474
61039815	1474
61039929	1474
61040027	1474
61040142	1474
61040258	1474
61040377	1474
61040494	1474
61040700	1474
61837109	1474
61837288	1474
61837527	1474
61837655	1474
61837833	1474
61837961	1474
61838059	1474
61838178	1474
61838309	1474
61838419	1474
61838525	1474
61838644	1474
61838738	1474
61838831	1474
61838985	1474
61839116	1474
61839212	1474
62637414	1474
62637556	1474
62637676	1474
62638120	1474
62638374	1474
62638479	1474
62638592	1474
62638714	1474
62638834	1474
62638931	1474
62639049	1474
62639175	1474
62639296	1474
62639409	1474
62639523	1474
62639642	1474
62639763	1474
62639864	1474
63438350	1474
63438511	1474
63438678	1474
63438800	1474
63438916	1474
63439164	1474
63439267	1474
63439393	1474
63439493	1474
63439791	1474
63439893	1474
63440004	1474
63440117	1474
63440213	1474
63440309	1474
63440413	1474
63440521	1474
64237972	1474
64238215	1474
64238314	1474
64238447	1474
64238568	1474
64238717	1474
64238839	1474
64238937	1474
64239057	1474
64239148	1474
64239291	1474
64239440	1474
64239537	1474
64239647	1474
64239780	1474
64239878	1474
65040829	1474
65041150	1474
65041288	1474
65041384	1474
65041495	1474
65041593	1474
65041991	1474
65042096	1474
65042197	1474
65042318	1474
65042436	1474
65042549	1474
65042652	1474
65042748	1474
65042861	1474
65042995	1474
65043092	1474
65043218	1474
65839400	1474
65839701	1474
65839858	1474
65839992	1474
65840106	1474
65840419	1474
65840522	1474
65840664	1474
65840780	1474
65840900	1474
65840996	1474
65841132	1474
65841295	1474
65841404	1474
65841502	1474
65841599	1474
65841715	1474
65841959	1474
66639299	1474
66639446	1474
66639624	1474
66639780	1474
66639999	1474
66640107	1474
66640268	1474
66640512	1474
66640616	1474
66640753	1474
66640866	1474
66640962	1474
66641077	1474
66641186	1474
66641282	1474
66641404	1474
66641537	1474
66641660	1474
67439542	1474
67439876	1474
67440017	1474
67440186	1474
67440312	1474
67440434	1474
67440557	1474
67440676	1474
67440845	1474
67440973	1474
67441071	1474
67441170	1474
67441268	1474
67441383	1474
67441517	1474
67441614	1474
67441746	1474
67441945	1474
68239905	1474
68240217	1474
68240340	1474
68240437	1474
68240532	1474
68240627	1474
68240722	1474
68240815	1474
68240908	1474
68240998	1474
68241127	1474
68241223	1474
68241345	1474
68241441	1474
68241537	1474
68241811	1474
68241944	1474
68242085	1474
69039443	1474
69039728	1474
69039856	1474
69039984	1474
69040124	1474
69040308	1474
69040558	1474
69040693	1474
69040796	1474
69040902	1474
69041093	1474
69041281	1474
69041384	1474
69041507	1474
69041629	1474
69041842	1474
69041945	1474
69841587	1474
69841726	1474
69841895	1474
69841995	1474
69842108	1474
69842240	1474
69842469	1474
69842614	1474
69842732	1474
69842831	1474
69843028	1474
69843145	1474
69843244	1474
69843340	1474
69843505	1474
69843720	1474
69843816	1474
70639958	1474
70640077	1474
70640172	1474
70640286	1474
70640384	1474
70640481	1474
70640577	1474
70640699	1474
70640795	1474
70640900	1474
70641022	1474
70641120	1474
70641235	1474
70641332	1474
70641429	1474
70641526	1474
71440086	1474
71440319	1474
71440426	1474
71440577	1474
71440676	1474
71440797	1474
71440893	1474
71440991	1474
71441125	1474
71441243	1474
71441340	1474
71441461	1474
71441557	1474
71441691	1474
71441837	1474
71441934	1474
71442032	1474
71442147	1474
72240826	1474
72241103	1474
72241196	1474
72241329	1474
72241442	1474
72241541	1474
72241666	1474
72241804	1474
72241914	1474
72242023	1474
72242120	1474
72242242	1474
72242372	1474
72242726	1474
72242865	1474
72243015	1474
72243117	1474
73040732	1474
73040848	1474
73040942	1474
73041051	1474
73041148	1474
73041246	1474
73041370	1474
73041468	1474
73041566	1474
73041798	1474
73041902	1474
73042001	1474
73042099	1474
73042197	1474
73042294	1474
73042427	1474
73042550	1474
73042693	1474
73841319	1474
73841466	1474
73841570	1474
73841696	1474
73841861	1474
73842060	1474
73842183	1474
73842283	1474
73842397	1474
73842517	1474
73842613	1474
73842704	1474
73842807	1474
73842916	1474
73843086	1474
73843217	1474
73843319	1474
74644348	1474
74644460	1474
74644601	1474
74644818	1474
74644924	1474
74645120	1474
74645357	1474
74645460	1474
74645558	1474
74645657	1474
74645821	1474
74645955	1474
74646072	1474
74646218	1474
74646367	1474
74646467	1474
74646582	1474
75441365	1474
75441656	1474
75441780	1474
75442065	1474
75442402	1474
75442521	1474
75442665	1474
75442800	1474
75442897	1474
75442995	1474
75443116	1474
75443239	1474
75443347	1474
75443453	1474
75443584	1474
75443680	1474
75443796	1474
75443919	1474
76244068	1474
76244350	1474
76244446	1474
76244567	1474
76244720	1474
76244953	1474
76245056	1474
76245180	1474
76245269	1474
76245389	1474
76245487	1474
76245586	1474
76245892	1474
76246015	1474
76246167	1474
76246308	1474
76246407	1474
77041937	1474
77042521	1474
77042736	1474
77042975	1474
77043129	1474
77043298	1474
77043438	1474
77043582	1474
77043720	1474
77043864	1474
77044038	1474
77044182	1474
77044322	1474
77044466	1474
77044605	1474
77044746	1474
77044910	1474
77842509	1474
77842763	1474
77842902	1474
77842999	1474
77843102	1474
77843216	1474
77843350	1474
77843476	1474
77843701	1474
77843830	1474
77843945	1474
77844056	1474
77844186	1474
77844324	1474
77844414	1474
77844555	1474
77844653	1474
77844762	1474
78642800	1474
78643022	1474
78643121	1474
78643218	1474
78643310	1474
78643404	1474
78643524	1474
78643663	1474
78643760	1474
78643857	1474
78643952	1474
78644042	1474
78644161	1474
78644256	1474
78644354	1474
78644448	1474
78644542	1474
78644676	1474
79709327	1474
79709601	1474
79709792	1474
79710025	1474
79710219	1474
79710380	1474
79710519	1474
79710655	1474
79710788	1474
79710923	1474
79711073	1474
79711211	1474
79711374	1474
79711537	1474
79711674	1474
79711834	1474
79711978	1474
79712140	1474
80244674	1474
80244813	1474
80244950	1474
80245192	1474
80245404	1474
80245583	1474
80245724	1474
80245913	1474
80246136	1474
80246354	1474
80246525	1474
80246733	1474
80246910	1474
80247084	1474
80247368	1474
80247584	1474
80247751	1474
81309974	1474
81310338	1474
81310496	1474
81310723	1474
81310944	1474
81311170	1474
81311355	1474
81311506	1474
81311645	1474
81311785	1474
81311949	1474
81312088	1474
81312226	1474
81312364	1474
81312540	1474
81312702	1474
81312864	1474
81313035	1474
82110256	1474
82110458	1474
82110606	1474
82110859	1474
82111062	1474
82111320	1474
82111463	1474
82111603	1474
82111752	1474
82111893	1474
82112056	1474
82112219	1474
82112358	1474
82112497	1474
82112665	1474
82112818	1474
82112959	1474
82910813	1474
82911073	1474
82911222	1474
82911438	1474
82911681	1474
82911939	1474
82912096	1474
82912236	1474
82912401	1474
82912564	1474
82912707	1474
82912845	1474
82913022	1474
82913162	1474
82913329	1474
82913469	1474
82913609	1474
83445414	1474
83445558	1474
83445728	1474
83446019	1474
83446255	1474
83446427	1474
83446572	1474
83446715	1474
83446853	1474
83447024	1474
83447189	1474
83447372	1474
83447514	1474
83447699	1474
83447845	1474
83447984	1474
84246519	1474
84246642	1474
84246764	1474
84246878	1474
84247008	1474
84247146	1474
84247246	1474
84247351	1474
84247508	1474
84247610	1474
84247733	1474
84247881	1474
84248005	1474
84248128	1474
84248227	1474
84248362	1474
84248486	1474
85046100	1474
85046211	1474
85046327	1474
85046423	1474
85046570	1474
85046693	1474
85046804	1474
85046924	1474
85047049	1474
85047174	1474
85047344	1474
85047447	1474
85047572	1474
85047695	1474
85047796	1474
85047896	1474
85048015	1474
85048191	1474
85845139	1474
85845241	1474
85845340	1474
85845462	1474
85845560	1474
85845659	1474
85845861	1474
85845964	1474
85846108	1474
85846251	1474
85846355	1474
85846480	1474
85846578	1474
85846680	1474
85846778	1474
85846873	1474
85846998	1474
85847108	1474
86645754	1474
86645856	1474
86645976	1474
86646146	1474
86646261	1474
86646580	1474
86646710	1474
86646815	1474
86646973	1474
86647100	1474
86647212	1474
86647319	1474
86647447	1474
86647549	1474
86647650	1474
86647749	1474
86647848	1474
87712183	1474
87712477	1474
87712598	1474
87712730	1474
87712829	1474
87712943	1474
87713044	1474
87713163	1474
87713272	1474
87713368	1474
87713468	1474
87713592	1474
87714015	1474
87714131	1474
87714236	1474
87714336	1474
87714460	1474
87714558	1474
88511428	1474
88511734	1474
88511832	1474
88511947	1474
88512053	1474
88512170	1474
88512295	1474
88512416	1474
88512536	1474
88512632	1474
88512735	1474
88512879	1474
88512977	1474
88513158	1474
88513255	1474
88513368	1474
88513486	1474
88513611	1474
89312841	1474
89313127	1474
89313253	1474
89313359	1474
89313462	1474
89313586	1474
89313703	1474
89313848	1474
89313985	1474
89314132	1474
89314258	1474
89314367	1474
89314485	1474
89314583	1474
89314690	1474
89314835	1474
89314950	1474
90112983	1474
90113139	1474
90113277	1474
90113421	1474
90113520	1474
90113663	1474
90113805	1474
90113904	1474
90114013	1474
90114110	1474
90114211	1474
90114310	1474
90114409	1474
90114529	1474
90114668	1474
90114791	1474
90114928	1474
90912537	1474
90912833	1474
90912942	1474
90913058	1474
90913151	1474
90913244	1474
90913370	1474
90913505	1474
90913610	1474
90913763	1474
90913921	1474
90914030	1474
90914153	1474
90914258	1474
90914379	1474
90914501	1474
90914621	1474
90914710	1474
91713137	1474
91713462	1474
91713581	1474
91713778	1474
91713869	1474
91713974	1474
91714069	1474
91714253	1474
91714351	1474
91714490	1474
91714610	1474
91714709	1474
91714833	1474
91714956	1474
91715057	1474
91715199	1474
91715294	1474
92513643	1474
92513983	1474
92514156	1474
92514372	1474
92514571	1474
92514869	1474
92515012	1474
92515149	1474
92515291	1474
92515437	1474
92515604	1474
92515769	1474
92515935	1474
92516078	1474
92516223	1474
92516371	1474
92516513	1474
93313690	1474
93313953	1474
93314151	1474
93314383	1474
93314580	1474
93314871	1474
93315014	1474
93315150	1474
93315291	1474
93315427	1474
93315614	1474
93315788	1474
93315928	1474
93316066	1474
93316205	1474
93316343	1474
93316511	1474
93316683	1474
94114007	1474
94114241	1474
94114428	1474
94114662	1474
94114871	1474
94115083	1474
94115225	1474
94115387	1474
94115526	1474
94115666	1474
94115809	1474
94115966	1474
94116104	1474
94116245	1474
94116382	1474
94116567	1474
94116706	1474
94116847	1474
94914534	1474
94914832	1474
94914961	1474
94915074	1474
94915219	1474
94915336	1474
94915450	1474
94915552	1474
94915664	1474
94915758	1474
94915857	1474
94915962	1474
94916057	1474
94916160	1474
94916250	1474
94916350	1474
94916473	1474
95715649	1474
95715937	1474
95716064	1474
95716165	1474
95716300	1474
95716434	1474
95716536	1474
95716634	1474
95716743	1474
95716860	1474
95716974	1474
95717073	1474
95717186	1474
95717286	1474
95717417	1474
95717533	1474
96514754	1474
96515019	1474
96515119	1474
96515216	1474
96515312	1474
96515407	1474
96515501	1474
96515596	1474
96515695	1474
96515802	1474
96515898	1474
96516019	1474
96516111	1474
96516205	1474
96516301	1474
96516395	1474
96516516	1474
96516613	1474
97315069	1474
97315447	1474
97315569	1474
97315687	1474
97315809	1474
97315902	1474
97316045	1474
97316143	1474
97316273	1474
97316396	1474
97316504	1474
97316598	1474
97316721	1474
97316811	1474
97316922	1474
97317036	1474
97317151	1474
97317265	1474
98115339	1474
98115500	1474
98115627	1474
98115764	1474
98115861	1474
98115995	1474
98116129	1474
98116227	1474
98116364	1474
98116463	1474
98116560	1474
98116671	1474
98116800	1474
98116933	1474
98117058	1474
98117167	1474
98117313	1474
98117435	1474
98915919	1474
98916081	1474
98916281	1474
98916380	1474
98916508	1474
98916600	1474
98916691	1474
98916827	1474
98916942	1474
98917065	1474
98917191	1474
98917318	1474
98917416	1474
98917542	1474
98917640	1474
98917818	1474
98917911	1474
98918005	1474
99715386	1474
99715600	1474
99715880	1474
99716018	1474
99716111	1474
99716233	1474
99716330	1474
99716439	1474
99716574	1474
99716672	1474
99716795	1474
99716909	1474
99717014	1474
99717124	1474
99717232	1474
99717322	1474
99717416	1474
99717527	1474
100516851	1474
100517151	1474
100517289	1474
100517402	1474
100517499	1474
100517597	1474
100517712	1474
100517884	1474
100517976	1474
100518099	1474
100518213	1474
100518340	1474
100518463	1474
100518577	1474
100518741	1474
100518843	1474
100518955	1474
100519194	1474
101316670	1474
101317038	1474
101317202	1474
101317325	1474
101317416	1474
101317515	1474
101317636	1474
101317789	1474
101317961	1474
101318070	1474
101318166	1474
101318279	1474
101318418	1474
101318517	1474
101318650	1474
101318767	1474
101318888	1474
101318979	1474
102116561	1474
102116859	1474
102116985	1474
102117110	1474
102117219	1474
102117340	1474
102117434	1474
102117529	1474
102117646	1474
102117833	1474
102117956	1474
102118054	1474
102118187	1474
102118332	1474
102118428	1474
102118531	1474
102118643	1474
102917198	1474
102917496	1474
102917679	1474
102917831	1474
102917919	1474
102918073	1474
102918204	1474
102918300	1474
102918435	1474
102918544	1474
102918641	1474
102918749	1474
102918850	1474
102918963	1474
102919091	1474
102919221	1474
102919320	1474
102919415	1474
103716620	1474
103716792	1474
103717093	1474
103717364	1474
103717582	1474
103717813	1474
103717961	1474
103718098	1474
103718242	1474
103718402	1474
103718559	1474
103718697	1474
103718833	1474
103718993	1474
103719128	1474
103719279	1474
103719411	1474
104516464	1474
104516644	1474
104517158	1474
104517358	1474
104517845	1474
104518002	1474
104518195	1474
104518335	1474
104518470	1474
104518615	1474
104518784	1474
104518921	1474
104519057	1474
104519217	1474
104519353	1474
104519519	1474
104519662	1474
105317871	1474
105318024	1474
105318146	1474
105318270	1474
105318389	1474
105318487	1474
105318601	1474
105318710	1474
105318818	1474
105318936	1474
105319056	1474
105319153	1474
105319312	1474
105319440	1474
105319557	1474
105319674	1474
105319788	1474
105319887	1474
106383938	1474
106384158	1474
106384410	1474
106384579	1474
106384753	1474
106385011	1474
106385116	1474
106385248	1474
106385362	1474
106385473	1474
106385596	1474
106385783	1474
106385912	1474
106386011	1474
106386121	1474
106386248	1474
106386362	1474
106386484	1474
107184574	1474
107184854	1474
107184973	1474
107185085	1474
107185183	1474
107185306	1474
107185426	1474
107185526	1474
107185643	1474
107185771	1474
107185873	1474
107185969	1474
107186089	1474
107186215	1474
107186326	1474
107186445	1474
107186571	1474
107186672	1474
107984630	1474
107984944	1474
107985060	1474
107985180	1474
107985306	1474
107985420	1474
107985571	1474
107985797	1474
107985915	1474
107986045	1474
107986140	1474
107986264	1474
107986354	1474
107986475	1474
107986597	1474
107986698	1474
107986849	1474
108784761	1474
108785094	1474
108785191	1474
108785310	1474
108785407	1474
108785528	1474
108785668	1474
108785817	1474
108785917	1474
108786027	1474
108786126	1474
108786246	1474
108786366	1474
108786462	1474
108786579	1474
108786672	1474
108786771	1474
108786868	1474
109586170	1474
109586470	1474
109586564	1474
109586660	1474
109586753	1474
109586846	1474
109586966	1474
109587058	1474
109587153	1474
109587250	1474
109587373	1474
109587494	1474
109587587	1474
109587681	1474
109587776	1474
109587897	1474
110120579	1474
110120721	1474
110120864	1474
110121047	1474
110121241	1474
110121408	1474
110121556	1474
110121721	1474
110121913	1474
110122085	1474
110122251	1474
110122392	1474
110122537	1474
110122703	1474
110122869	1474
110918805	1474
110919001	1474
110919108	1474
110919206	1474
110919323	1474
110919418	1474
110919514	1474
110919632	1474
110919732	1474
110919830	1474
110919926	1474
110920020	1474
110920115	1474
110920210	1474
110920305	1474
110920399	1474
111718866	1474
111719064	1474
111719158	1474
111719252	1474
111719344	1474
111719464	1474
111719558	1474
111719652	1474
111719745	1474
111719839	1474
111719934	1474
111720040	1474
111720215	1474
111720343	1474
111720440	1474
111720561	1474
112519674	1474
112519943	1474
112520042	1474
112520138	1474
112520254	1474
112520360	1474
112520451	1474
112520544	1474
112520638	1474
112520758	1474
112520852	1474
112520946	1474
112521040	1474
112521133	1474
112521251	1474
112521355	1474
112521448	1474
112521542	1474
113319438	1474
113319565	1474
113319685	1474
113319779	1474
113319875	1474
113319970	1474
113320200	1474
113320301	1474
113320393	1474
113320511	1474
113320619	1474
113320712	1474
113320805	1474
113320925	1474
113321044	1474
113321137	1474
113321229	1474
113321324	1474
114119878	1474
114119988	1474
114120088	1474
114120180	1474
114120279	1474
114120379	1474
114120476	1474
114120573	1474
114120673	1474
114120800	1474
114120899	1474
114121000	1474
114121124	1474
114121219	1474
114121315	1474
114121432	1474
114121558	1474
114121726	1474
114920208	1474
114920308	1474
114920407	1474
114920549	1474
114920654	1474
114920906	1474
114921010	1474
114921114	1474
114921214	1474
114921337	1474
114921470	1474
114921567	1474
114921666	1474
114921851	1474
114921993	1474
114922139	1474
114922299	1474
115721102	1474
115721270	1474
115721422	1474
115721756	1474
115722015	1474
115722167	1474
115722311	1474
115722568	1474
115722735	1474
115722879	1474
115723042	1474
115723185	1474
115723324	1474
115723476	1474
115723644	1474
115723827	1474
115723972	1474
116521480	1474
116521623	1474
116521978	1474
116522210	1474
116522386	1474
116522546	1474
116522701	1474
116523002	1474
116523144	1474
116523286	1474
116523428	1474
116523569	1474
116523717	1474
116523861	1474
116524000	1474
116524142	1474
116524282	1474
117321040	1474
117321186	1474
117321401	1474
117321601	1474
117321876	1474
117322038	1474
117322179	1474
117322345	1474
117322487	1474
117322745	1474
117322914	1474
117323069	1474
117323243	1474
117323405	1474
117323573	1474
117323742	1474
117323884	1474
118122655	1474
118122796	1474
118122941	1474
118123153	1474
118123391	1474
118123664	1474
118123807	1474
118123949	1474
118124090	1474
118124241	1474
118124385	1474
118124552	1474
118124691	1474
118124830	1474
118124969	1474
118125109	1474
118125256	1474
118125399	1474
118922985	1474
118923178	1474
118923478	1474
118923699	1474
118924051	1474
118924248	1474
118924488	1474
118924627	1474
118924775	1474
118924914	1474
118925054	1474
118925191	1474
118925332	1474
118925504	1474
118925670	1474
118925864	1474
118926007	1474
119722918	1474
119723062	1474
119723226	1474
119723486	1474
119723687	1474
119723849	1474
119724062	1474
119724203	1474
119724373	1474
119724620	1474
119724796	1474
119724961	1474
119725098	1474
119725284	1474
119725426	1474
119725595	1474
119725742	1474
120522225	1474
120522392	1474
120522534	1474
120522708	1474
120522907	1474
120523093	1474
120523278	1474
120523446	1474
120523601	1474
120523740	1474
120523881	1474
120524038	1474
120524205	1474
120524372	1474
120524511	1474
120524677	1474
120524816	1474
121059969	1474
121060266	1474
121060613	1474
121060810	1474
121060970	1474
121061107	1474
121061285	1474
121061446	1474
121061583	1474
121061745	1474
121061930	1474
121062105	1474
121062262	1474
121062426	1474
121062564	1474
121062701	1474
122123496	1474
122123680	1474
122123817	1474
122123954	1474
122124090	1474
122124227	1474
122124362	1474
122124523	1474
122124676	1474
122124842	1474
122125001	1474
122125141	1474
122125305	1474
122125442	1474
122125587	1474
122125726	1474
122125935	1474
122657169	1474
122657334	1474
122657478	1474
122657617	1474
122657840	1474
122658001	1474
122658141	1474
122658305	1474
122658445	1474
122658585	1474
122658755	1474
122658898	1474
122659040	1474
122659180	1474
122659320	1474
122659487	1474
122659652	1474
123723772	1474
123723936	1474
123724083	1474
123724314	1474
123724511	1474
123724712	1474
123724857	1474
123725020	1474
123725167	1474
123725353	1474
123725527	1474
123725667	1474
123725884	1474
123726167	1474
123726366	1474
123726607	1474
123726784	1474
123726949	1474
124523722	1474
124523844	1474
124523968	1474
124524101	1474
124524243	1474
124524389	1474
124524605	1474
124524704	1474
124524829	1474
124524940	1474
124525065	1474
124525160	1474
124525259	1474
124525389	1474
124525489	1474
124525586	1474
124525704	1474
124525908	1474
125325503	1474
125325604	1474
125325789	1474
125325907	1474
125326024	1474
125326134	1474
125326424	1474
125326557	1474
125326733	1474
125327004	1474
125327105	1474
125327231	1474
125327356	1474
125327455	1474
125327567	1474
125327701	1474
125327828	1474
125327929	1474
126124194	1474
126124366	1474
126124535	1474
126124799	1474
126125009	1474
126125276	1474
126125421	1474
126125566	1474
126125730	1474
126125950	1474
126126151	1474
126126298	1474
126126441	1474
126126636	1474
126126846	1474
126127055	1474
126127248	1474
126127417	1474
126924867	1474
126925036	1474
126925176	1474
126925443	1474
126925636	1474
126925884	1474
126926058	1474
126926199	1474
126926375	1474
126926519	1474
126926685	1474
126927108	1474
126927320	1474
126927602	1474
126927773	1474
126927940	1474
126928104	1474
127724009	1474
127724280	1474
127724405	1474
127724532	1474
127724657	1474
127724794	1474
127725156	1474
127725288	1474
127725412	1474
127725512	1474
127725611	1474
127725770	1474
127725877	1474
127725975	1474
127726099	1474
127726213	1474
127726332	1474
128524116	1474
128524366	1474
128524467	1474
128524558	1474
128524650	1474
128524782	1474
128524889	1474
128525003	1474
128525124	1474
128525225	1474
128525339	1474
128525453	1474
128525545	1474
128525639	1474
128525831	1474
128525956	1474
128526069	1474
128526183	1474
129324227	1474
129324500	1474
129324589	1474
129324711	1474
129324807	1474
129324918	1474
129325037	1474
129325132	1474
129325271	1474
129325393	1474
129325514	1474
129325707	1474
129325854	1474
129325954	1474
129326053	1474
129326141	1474
129326250	1474
129326374	1474
130126997	1474
130127218	1474
130127338	1474
130127444	1474
130127554	1474
130127681	1474
130127788	1474
130127909	1474
130128020	1474
130128169	1474
130128292	1474
130128529	1474
130128642	1474
130128763	1474
130128885	1474
130129030	1474
130924460	1474
130924696	1474
130924827	1474
130924941	1474
130925037	1474
130925157	1474
130925264	1474
130925361	1474
130925476	1474
130925574	1474
130925722	1474
130925905	1474
130926016	1474
130926139	1474
130926255	1474
130926387	1474
130926508	1474
130926691	1474
131724599	1474
131724777	1474
131724958	1474
131725072	1474
131725192	1474
131725312	1474
131725437	1474
131725534	1474
131725656	1474
131725776	1474
131725956	1474
131726069	1474
131726187	1474
131726283	1474
131726399	1474
131726501	1474
131726605	1474
131726726	1474
132525214	1474
132525430	1474
132525525	1474
132525644	1474
132525768	1474
132526028	1474
132526153	1474
132526247	1474
132526354	1474
132526450	1474
132526568	1474
132526685	1474
132526803	1474
132526897	1474
132526990	1474
132527108	1474
133327206	1474
133327499	1474
133327599	1474
133327694	1474
133327815	1474
133327911	1474
133328104	1474
133328232	1474
133328328	1474
133328446	1474
133328567	1474
133328760	1474
133328852	1474
133328945	1474
133329032	1474
133329148	1474
133329267	1474
134126020	1474
134126258	1474
134126346	1474
134126436	1474
134126528	1474
134126619	1474
134126712	1474
134126828	1474
134126936	1474
134127053	1474
134127172	1474
134127266	1474
134127383	1474
134127501	1474
134127620	1474
134127711	1474
134127803	1474
134928241	1474
134928467	1474
134928569	1474
134928666	1474
134928795	1474
134928910	1474
134929146	1474
134929277	1474
134929382	1474
134929482	1474
134929584	1474
134929777	1474
134929884	1474
134930007	1474
134930126	1474
134930238	1474
134930354	1474
134930451	1474
135727064	1474
135727319	1474
135727456	1474
135727797	1474
135728335	1474
135728698	1474
135728803	1474
135728905	1474
135729020	1474
135729117	1474
135729254	1474
135729377	1474
135729492	1474
135729590	1474
135729713	1474
135729864	1474
135729991	1474
136526588	1474
136526839	1474
136526964	1474
136527105	1474
136527207	1474
136527457	1474
136527562	1474
136527685	1474
136527821	1474
136527972	1474
136528089	1474
136528213	1474
136528349	1474
136528461	1474
136528561	1474
136528673	1474
136528809	1474
137327377	1474
137327541	1474
137327659	1474
137327753	1474
137327865	1474
137327984	1474
137328111	1474
137328313	1474
137328437	1474
137328648	1474
137328748	1474
137328887	1474
137329017	1474
137329113	1474
137329208	1474
137329323	1474
137329450	1474
138127537	1474
138127743	1474
138127844	1474
138127949	1474
138128060	1474
138128170	1474
138128276	1474
138128368	1474
138128476	1474
138128574	1474
138128679	1474
138128818	1474
138128913	1474
138129009	1474
138129114	1474
138129209	1474
138129347	1474
138927439	1474
138927811	1474
138927906	1474
138928024	1474
138928120	1474
138928218	1474
138928314	1474
138928411	1474
138928507	1474
138928645	1474
138928766	1474
138928889	1474
138928994	1474
138929090	1474
138929186	1474
138929308	1474
138929405	1474
139727588	1474
139727749	1474
139727902	1474
139728026	1474
139728137	1474
139728417	1474
139728520	1474
139728610	1474
139728706	1474
139728802	1474
139728910	1474
139729007	1474
139729103	1474
139729203	1474
139729298	1474
139729396	1474
139729491	1474
140527446	1474
140527836	1474
140527932	1474
140528030	1474
140528165	1474
140528254	1474
140528376	1474
140528474	1474
140528592	1474
140528722	1474
140528830	1474
140528924	1474
140529021	1474
140529155	1474
140529293	1474
140529388	1474
140529499	1474
140529595	1474
141328182	1474
141328486	1474
141328616	1474
141328707	1474
141328825	1474
141328951	1474
141329064	1474
141329161	1474
141329272	1474
141329385	1474
141329526	1474
141329626	1474
141329781	1474
141329926	1474
141330023	1474
141330133	1474
141330248	1474
141330341	1474
142128487	1474
142128817	1474
142128920	1474
142129026	1474
142129122	1474
142129316	1474
142129432	1474
142129531	1474
142129683	1474
142129863	1474
142129992	1474
142130097	1474
142130194	1474
142130307	1474
142130437	1474
142130557	1474
142130674	1474
142130786	1474
142928514	1474
142928781	1474
142928874	1474
142928978	1474
142929073	1474
142929166	1474
142929284	1474
142929378	1474
142929470	1474
142929588	1474
142929738	1474
142929876	1474
142930057	1474
142930177	1474
142930264	1474
142930354	1474
143729640	1474
143729877	1474
143730173	1474
143730292	1474
143730579	1474
143730708	1474
143730823	1474
143730921	1474
143731018	1474
143731138	1474
143731277	1474
143731387	1474
143731484	1474
143731620	1474
143731733	1474
143731828	1474
143731949	1474
143732081	1474
144528858	1474
144529130	1474
144529245	1474
144529344	1474
144529469	1474
144529582	1474
144529700	1474
144529866	1474
144529963	1474
144530087	1474
144530184	1474
144530283	1474
144530378	1474
144530473	1474
144530584	1474
144530684	1474
144530785	1474
144530910	1474
145329530	1474
145329813	1474
145329916	1474
145330054	1474
145330151	1474
145330389	1474
145330519	1474
145330680	1474
145330795	1474
145330907	1474
145331004	1474
145331113	1474
145331223	1474
145331339	1474
145331437	1474
145331562	1474
145331694	1474
145331838	1474
146129155	1474
146129344	1474
146129517	1474
146129612	1474
146129774	1474
146129876	1474
146130111	1474
146130217	1474
146130342	1474
146130465	1474
146130556	1474
146130676	1474
146130797	1474
146130894	1474
146131003	1474
146131124	1474
146131218	1474
146131313	1474
146929873	1474
146930181	1474
146930360	1474
146930457	1474
146930552	1474
146930650	1474
146930746	1474
146930873	1474
146931074	1474
146931169	1474
146931338	1474
146931435	1474
146931555	1474
146931653	1474
146931748	1474
146931842	1474
146931936	1474
146932031	1474
147730730	1474
147730994	1474
147731118	1474
147731213	1474
147731333	1474
147731453	1474
147731544	1474
147731649	1474
147731748	1474
147731843	1474
147731945	1474
147732036	1474
147732132	1474
147732227	1474
147732345	1474
147732465	1474
147732565	1474
148530508	1474
148530676	1474
148530807	1474
148530937	1474
148531022	1474
148531205	1474
148531317	1474
148531428	1474
148531537	1474
148531632	1474
148532135	1474
148532239	1474
148532351	1474
148532440	1474
148532569	1474
148532671	1474
148532764	1474
149330742	1474
149330839	1474
149330945	1474
149331066	1474
149331202	1474
149331357	1474
149331591	1474
149331707	1474
149331808	1474
149331896	1474
149332007	1474
149332134	1474
149332241	1474
149332378	1474
149332490	1474
149332601	1474
149332720	1474
150131151	1474
150131241	1474
150131366	1474
150131497	1474
150131597	1474
150131833	1474
150131927	1474
150132006	1474
150132090	1474
150132201	1474
150132296	1474
150132400	1474
150132498	1474
150132607	1474
150132699	1474
150132784	1474
150132893	1474
150933331	1474
150933443	1474
150933537	1474
150933659	1474
150933818	1474
150933944	1474
150934194	1474
150934454	1474
150934549	1474
150934691	1474
150934775	1474
150934886	1474
150934997	1474
150935108	1474
150935197	1474
150935284	1474
150935372	1474
150935465	1474
151733283	1474
151733410	1474
151733529	1474
151733641	1474
151733876	1474
151734190	1474
151734285	1474
151734371	1474
151734467	1474
151734581	1474
151734672	1474
151734774	1474
151734982	1474
151735105	1474
151735218	1474
151735309	1474
151735437	1474
151735550	1474
152531902	1474
152532039	1474
152532159	1474
152532289	1474
152532412	1474
152532530	1474
152532676	1474
152532773	1474
152532893	1474
152533012	1474
152533110	1474
152533216	1474
152533328	1474
152533445	1474
152533541	1474
152533638	1474
152533751	1474
152533999	1474
153334145	1474
153334259	1474
153334384	1474
153334492	1474
153334624	1474
153334917	1474
153335045	1474
153335328	1474
153335440	1474
153335664	1474
153335751	1474
153335855	1474
153335977	1474
153336075	1474
153336176	1474
153336283	1474
153336381	1474
154134005	1474
154134112	1474
154134204	1474
154134332	1474
154134436	1474
154134646	1474
154134749	1474
154134848	1474
154134970	1474
154135064	1474
154135165	1474
154135288	1474
154135412	1474
154135633	1474
154135785	1474
154136013	1474
154136114	1474
154136293	1474
154934102	1474
154934232	1474
154934352	1474
154934478	1474
154934598	1474
154934693	1474
154934787	1474
154934877	1474
154934971	1474
154935065	1474
154935187	1474
154935393	1474
154935509	1474
154935716	1474
154935807	1474
154935969	1474
154936092	1474
155999813	1474
156000046	1474
156000199	1474
156000298	1474
156000437	1474
156000564	1474
156000702	1474
156000827	1474
156000964	1474
156001066	1474
156001162	1474
156001261	1474
156001631	1474
156001814	1474
156001916	1474
156002026	1474
156002150	1474
156002262	1474
156800433	1474
156800804	1474
156800906	1474
156801040	1474
156801141	1474
156801392	1474
156801496	1474
156801613	1474
156801783	1474
156801899	1474
156801992	1474
156802087	1474
156802189	1474
156802298	1474
156802418	1474
156802572	1474
156802814	1474
157599700	1474
157599895	1474
157599985	1474
157600162	1474
157600265	1474
157600393	1474
157600490	1474
157600722	1474
157600826	1474
157600930	1474
157601028	1474
157601128	1474
157601244	1474
157601372	1474
157601466	1474
157601582	1474
157601695	1474
157601834	1474
158400437	1474
158400606	1474
158400869	1474
158401001	1474
158401119	1474
158401266	1474
158401460	1474
158401562	1474
158401688	1474
158401909	1474
158402017	1474
158402123	1474
158402249	1474
158402348	1474
158402461	1474
158402585	1474
158402711	1474
158934054	1474
158934182	1474
158934305	1474
158934447	1474
158934739	1474
158934870	1474
158935173	1474
158935277	1474
158935394	1474
158935516	1474
158935615	1474
158935731	1474
158935828	1474
158935938	1474
158936055	1474
158936154	1474
158936249	1474
159733913	1474
159734013	1474
159734111	1474
159734210	1474
159734309	1474
159734408	1474
159734504	1474
159734601	1474
159734698	1474
159734806	1474
159734919	1474
159735029	1474
159735145	1474
159735244	1474
159735365	1474
159735460	1474
160534677	1474
160534779	1474
160534891	1474
160534987	1474
160535085	1474
160535183	1474
160535318	1474
160535414	1474
160535535	1474
160535662	1474
160535785	1474
160535884	1474
160536121	1474
160536251	1474
160536351	1474
160536447	1474
160536544	1474
161335545	1474
161335674	1474
161335814	1474
161335936	1474
161336056	1474
161336176	1474
161336274	1474
161336370	1474
161336490	1474
161336617	1474
161336732	1474
161336828	1474
161336930	1474
161337032	1474
161337153	1474
161337273	1474
161337370	1474
162135484	1474
162135584	1474
162135717	1474
162135839	1474
162135968	1474
162136200	1474
162136313	1474
162136418	1474
162136514	1474
162136628	1474
162136750	1474
162136893	1474
162136990	1474
162137099	1474
162137235	1474
162137332	1474
162137527	1474
162137636	1474
162937342	1474
162937445	1474
162937565	1474
162937684	1474
162937819	1474
162937920	1474
162938016	1474
162938106	1474
162938228	1474
162938338	1474
162938434	1474
162938553	1474
162938670	1474
162938764	1474
162938857	1474
162938950	1474
162939044	1474
162939137	1474
163735150	1474
163735268	1474
163735369	1474
163735496	1474
163735594	1474
163735692	1474
163735789	1474
163735914	1474
163736014	1474
163736114	1474
163736225	1474
163736324	1474
163736436	1474
163736537	1474
163736659	1474
163736785	1474
163736908	1474
164535241	1474
164535344	1474
164535440	1474
164535540	1474
164535654	1474
164535778	1474
164535907	1474
164536038	1474
164536132	1474
164536239	1474
164536337	1474
164536449	1474
164536574	1474
164536695	1474
164536829	1474
164536951	1474
164537171	1474
164537274	1474
165336422	1474
165336522	1474
165336660	1474
165336770	1474
165337031	1474
165337133	1474
165337232	1474
165337332	1474
165337599	1474
165337718	1474
165337858	1474
165337986	1474
165338098	1474
165338205	1474
165338314	1474
165338418	1474
165338536	1474
166136644	1474
166136742	1474
166136884	1474
166136994	1474
166137138	1474
166137382	1474
166137512	1474
166137628	1474
166137794	1474
166137922	1474
166138014	1474
166138249	1474
166138351	1474
166138461	1474
166138566	1474
166138689	1474
166138814	1474
167203015	1474
167203230	1474
167203341	1474
167203466	1474
167203595	1474
167203761	1474
167203948	1474
167204044	1474
167204146	1474
167204240	1474
167204360	1474
167204502	1474
167204612	1474
167204811	1474
167204919	1474
167205038	1474
167205157	1474
167205273	1474
168004148	1474
168004505	1474
168004701	1474
168004994	1474
168005097	1474
168005185	1474
168005278	1474
168005398	1474
168005498	1474
168005611	1474
168005747	1474
168005918	1474
168006018	1474
168006927	1474
168007060	1474
168007159	1474
168007282	1474
168007418	1474
168803702	1474
168803935	1474
168804051	1474
168804151	1474
168804249	1474
168804351	1474
168804477	1474
168804613	1474
168804735	1474
168804848	1474
168804968	1474
168805086	1474
168805211	1474
168805333	1474
168805506	1474
168805630	1474
168805797	1474
169603545	1474
169603718	1474
169603999	1474
169604108	1474
169604236	1474
169604383	1474
169604623	1474
169604712	1474
169604814	1474
169604934	1474
169605074	1474
169605198	1474
169605324	1474
169605445	1474
169605568	1474
169605701	1474
169605865	1474
169605959	1474
170404270	1474
170404418	1474
170404534	1474
170404624	1474
170404744	1474
170404877	1474
170404997	1474
170405123	1474
170405239	1474
170405364	1474
170405487	1474
170405583	1474
170405791	1474
170405891	1474
170405989	1474
170406089	1474
170406189	1474
170406329	1474
171204520	1474
171204827	1474
171204929	1474
171205060	1474
171205178	1474
171205305	1474
171205513	1474
171205611	1474
171205784	1474
171206055	1474
171206194	1474
171206335	1474
171206460	1474
171206586	1474
171206685	1474
171206783	1474
171206881	1474
172004173	1474
172004409	1474
172004501	1474
172004620	1474
172004742	1474
172004857	1474
172004979	1474
172005088	1474
172005200	1474
172005308	1474
172005425	1474
172005524	1474
172005620	1474
172005830	1474
172005944	1474
172006080	1474
172006178	1474
172804860	1474
172805016	1474
172805113	1474
172805202	1474
172805302	1474
172805443	1474
172805593	1474
172805895	1474
172806092	1474
172806378	1474
172806688	1474
172806884	1474
172807058	1474
172807191	1474
172807485	1474
172807898	1474
172808037	1474
172808166	1474
173604576	1474
173604820	1474
173604963	1474
173605084	1474
173605209	1474
173605323	1474
173605465	1474
173605563	1474
173605679	1474
173605835	1474
173605936	1474
173606034	1474
173606168	1474
173606292	1474
173606453	1474
173606554	1474
173606649	1474
173606771	1474
174404977	1474
174405248	1474
174405377	1474
174405503	1474
174405694	1474
174405883	1474
174406035	1474
174406224	1474
174406347	1474
174406445	1474
174406567	1474
174406707	1474
174406828	1474
174406938	1474
174407080	1474
174407417	1474
174407522	1474
174407623	1474
175205462	1474
175205796	1474
175205906	1474
175206015	1474
175206178	1474
175206310	1474
175206544	1474
175206673	1474
175206773	1474
175206901	1474
175207012	1474
175207137	1474
175207262	1474
175207391	1474
175207508	1474
175207641	1474
175207768	1474
175207872	1474
176006327	1474
176006462	1474
176006567	1474
176006680	1474
176006966	1474
176007092	1474
176007405	1474
176007511	1474
176007606	1474
176007730	1474
176007852	1474
176008006	1474
176008117	1474
176008484	1474
176008753	1474
176008856	1474
176008983	1474
176009107	1474
176806463	1474
176806672	1474
176806801	1474
176806902	1474
176807025	1474
176807148	1474
176807487	1474
176807602	1474
176807709	1474
176807857	1474
176807960	1474
176808082	1474
176808234	1474
176808366	1474
176808483	1474
176808616	1474
176808745	1474
176808870	1474
177874763	1474
177875130	1474
177875233	1474
177875346	1474
177875506	1474
177875794	1474
177875921	1474
177876036	1474
177876206	1474
177877072	1474
177877191	1474
177877480	1474
177877586	1474
177877722	1474
177877900	1474
177878001	1474
177878116	1474
177878243	1474
178407251	1474
178407349	1474
178407482	1474
178407593	1474
178407703	1474
178408000	1474
178408107	1474
178408199	1474
178408322	1474
178408444	1474
178408539	1474
178408637	1474
178408744	1474
178408863	1474
178408998	1474
178409119	1474
178409217	1474
179473461	1474
179473573	1474
179473757	1474
179473997	1474
179474128	1474
179474301	1474
179474424	1474
179474544	1474
179474635	1474
179474730	1474
179474851	1474
179474973	1474
179475066	1474
179475157	1474
179475249	1474
179475341	1474
179475458	1474
179475551	1474
180006924	1474
180007021	1474
180007114	1474
180007337	1474
180007464	1474
180007560	1474
180007654	1474
180007747	1474
180007848	1474
180007941	1474
180008038	1474
180008132	1474
180008226	1474
180008344	1474
180008440	1474
180008559	1474
181073511	1474
181073710	1474
181073842	1474
181073938	1474
181074059	1474
181074263	1474
181074364	1474
181074484	1474
181074610	1474
181074705	1474
181074794	1474
181074911	1474
181075002	1474
181075096	1474
181075186	1474
181075278	1474
181075369	1474
181075487	1474
181874727	1474
181874926	1474
181875045	1474
181875161	1474
181875282	1474
181875490	1474
181875586	1474
181875683	1474
181875804	1474
181875920	1474
181876013	1474
181876133	1474
181876250	1474
181876344	1474
181876461	1474
181876567	1474
181876661	1474
181876755	1474
182674015	1474
182674130	1474
182674320	1474
182674501	1474
182674597	1474
182674719	1474
182674904	1474
182675024	1474
182675118	1474
182675213	1474
182675330	1474
182675436	1474
182675532	1474
182675625	1474
182675744	1474
182675838	1474
182675931	1474
183475881	1474
183476126	1474
183476275	1474
183476414	1474
183476593	1474
183476814	1474
183476990	1474
183477130	1474
183477280	1474
183477419	1474
183477557	1474
183477720	1474
183477933	1474
183478105	1474
183478252	1474
183478411	1474
183478578	1474
184274604	1474
184274781	1474
184274949	1474
184275154	1474
184275354	1474
184275511	1474
184275650	1474
184275789	1474
184275953	1474
184276102	1474
184276241	1474
184276407	1474
184276546	1474
184276710	1474
184276849	1474
184276986	1474
184277159	1474
184277302	1474
185076141	1474
185076367	1474
185076511	1474
185076727	1474
185076947	1474
185077117	1474
185077258	1474
185077421	1474
185077560	1474
185077778	1474
185077949	1474
185078146	1474
185078309	1474
185078448	1474
185078612	1474
185078751	1474
185078915	1474
185079062	1474
185878440	1474
185878749	1474
185879030	1474
185879232	1474
185879496	1474
185879665	1474
185879831	1474
185879982	1474
185880121	1474
185880285	1474
185880425	1474
185880591	1474
185880755	1474
185881023	1474
185881246	1474
185881497	1474
185881638	1474
185881843	1474
186675033	1474
186675222	1474
186675408	1474
186675657	1474
186675880	1474
186676093	1474
186676235	1474
186676400	1474
186676563	1474
186676703	1474
186676860	1474
186677001	1474
186677140	1474
186677279	1474
186677444	1474
186677585	1474
186677722	1474
186677925	1474
187475421	1474
187475600	1474
187475800	1474
187476040	1474
187476254	1474
187476414	1474
187476558	1474
187476736	1474
187476877	1474
187477018	1474
187477185	1474
187477322	1474
187477509	1474
187477659	1474
187477880	1474
187478025	1474
187478168	1474
188275338	1474
188275504	1474
188275676	1474
188275820	1474
188275959	1474
188276100	1474
188276239	1474
188276381	1474
188276528	1474
188276674	1474
188276814	1474
188276956	1474
188277095	1474
188277262	1474
188277400	1474
188277548	1474
188277687	1474
188277883	1474
189076128	1474
189076309	1474
189076455	1474
189076620	1474
189076758	1474
189076915	1474
189077082	1474
189077247	1474
189077422	1474
189077563	1474
189077703	1474
189077891	1474
189078034	1474
189078175	1474
189078314	1474
189078460	1474
189078601	1474
189078764	1474
189876253	1474
189876446	1474
189876638	1474
189876902	1474
189877091	1474
189877266	1474
189877421	1474
189877560	1474
189877724	1474
189877905	1474
189878049	1474
189878189	1474
189878335	1474
189878500	1474
189878664	1474
189878803	1474
189878962	1474
189879102	1474
190676467	1474
190676648	1474
190676818	1474
190677019	1474
190677219	1474
190677392	1474
190677533	1474
190677671	1474
190677861	1474
190678004	1474
190678168	1474
190678321	1474
190678471	1474
190678635	1474
190678798	1474
190678933	1474
190679096	1474
191476291	1474
191476475	1474
191476612	1474
191476749	1474
191476885	1474
191477022	1474
191477171	1474
191477308	1474
191477473	1474
191477609	1474
191477798	1474
191477966	1474
191478138	1474
191478301	1474
191478438	1474
191478575	1474
191478739	1474
192277069	1474
192277224	1474
192277364	1474
192277504	1474
192277668	1474
192277874	1474
192278070	1474
192278209	1474
192278346	1474
192278485	1474
192278648	1474
192278783	1474
192278954	1474
192279094	1474
192279256	1474
192279415	1474
192279579	1474
192279743	1474
193079037	1474
193079239	1474
193079422	1474
193079600	1474
193079790	1474
193079974	1474
193080138	1474
193080273	1474
193080408	1474
193080544	1474
193080681	1474
193080816	1474
193080989	1474
193081146	1474
193081284	1474
193081419	1474
193081555	1474
193081691	1474
194143871	1474
194144111	1474
194144257	1474
194144395	1474
194144534	1474
194144681	1474
194144820	1474
194144958	1474
194145099	1474
194145241	1474
194145379	1474
194145544	1474
194145692	1474
194145877	1474
194146025	1474
194146180	1474
194146324	1474
194146462	1474
194944235	1474
194944513	1474
194944779	1474
194944975	1474
194945204	1474
194945369	1474
194945508	1474
194945807	1474
194945950	1474
194946087	1474
194946249	1474
194946412	1474
194946557	1474
194946697	1474
194946834	1474
194946971	1474
194947109	1474
195478052	1474
195478219	1474
195478361	1474
195478629	1474
195478837	1474
195479108	1474
195479248	1474
195479385	1474
195479560	1474
195479759	1474
195479897	1474
195480063	1474
195480203	1474
195480365	1474
195480516	1474
195480656	1474
195480821	1474
196544920	1474
196545101	1474
196545368	1474
196545627	1474
196545843	1474
196546081	1474
196546249	1474
196546399	1474
196546539	1474
196546708	1474
196546869	1474
196547010	1474
196547172	1474
196547369	1474
196547513	1474
196547652	1474
196547793	1474
196547944	1474
197344842	1474
197345070	1474
197345535	1474
197345733	1474
197345979	1474
197346147	1474
197346296	1474
197346437	1474
197346576	1474
197346716	1474
197346853	1474
197347020	1474
197347156	1474
197347334	1474
197347472	1474
197347612	1474
197347753	1474
197347891	1474
198145387	1474
198145571	1474
198145907	1474
198146012	1474
198146136	1474
198146299	1474
198146400	1474
198146501	1474
198146606	1474
198146708	1474
198146832	1474
198146938	1474
198147045	1474
198147191	1474
198147345	1474
198147445	1474
198147565	1474
198147659	1474
198945908	1474
198946077	1474
198946184	1474
198946287	1474
198946412	1474
198946547	1474
198946647	1474
198946751	1474
198946849	1474
198946955	1474
198947051	1474
198947164	1474
198947286	1474
198947385	1474
198947528	1474
198947627	1474
198947802	1474
198947904	1474
199746173	1474
199746523	1474
199746729	1474
199746951	1474
199747190	1474
199747358	1474
199747523	1474
199747662	1474
199747799	1474
199748001	1474
199748170	1474
199748326	1474
199748492	1474
199748628	1474
199748766	1474
199748911	1474
199749051	1474
199749188	1474
200546493	1474
200546674	1474
200546834	1474
200546970	1474
200547078	1474
200547404	1474
200547510	1474
200547614	1474
200547707	1474
200547821	1474
200547939	1474
200548036	1474
200548159	1474
200548251	1474
200548384	1474
200548510	1474
200548633	1474
200548761	1474
201348678	1474
201348941	1474
201349101	1474
201349299	1474
201349407	1474
201349536	1474
201349645	1474
201349748	1474
201350118	1474
201350246	1474
201350348	1474
201350467	1474
201350570	1474
201350715	1474
201350814	1474
201350921	1474
201351048	1474
201351240	1474
202147036	1474
202147184	1474
202147320	1474
202147420	1474
202147546	1474
202147653	1474
202147751	1474
202147879	1474
202147978	1474
202148105	1474
202148250	1474
202148351	1474
202148484	1474
202148623	1474
202148727	1474
202148841	1474
202148942	1474
202149042	1474
202946747	1474
202946918	1474
202947017	1474
202947146	1474
202947270	1474
202947397	1474
202947507	1474
202947617	1474
202947716	1474
202947816	1474
202947942	1474
202948090	1474
202948194	1474
202948295	1474
202948424	1474
202948524	1474
202948640	1474
203747472	1474
203747621	1474
203747731	1474
203747827	1474
203747920	1474
203748038	1474
203748138	1474
203748257	1474
203748352	1474
203748447	1474
203748541	1474
203748634	1474
203748753	1474
203748846	1474
203748939	1474
203749059	1474
203749152	1474
203749327	1474
204814224	1474
204814429	1474
204814528	1474
204814651	1474
204814748	1474
204814968	1474
204815069	1474
204815178	1474
204815274	1474
204815368	1474
204815466	1474
204815563	1474
204815657	1474
204815778	1474
204815871	1474
204815968	1474
204816062	1474
204816200	1474
205613993	1474
205614282	1474
205614378	1474
205614498	1474
205614590	1474
205614683	1474
205614802	1474
205614921	1474
205615013	1474
205615104	1474
205615239	1474
205615331	1474
205615424	1474
205615540	1474
205615636	1474
205615730	1474
205615846	1474
206414621	1474
206414833	1474
206414921	1474
206415012	1474
206415142	1474
206415237	1474
206415330	1474
206415423	1474
206415541	1474
206415660	1474
206415752	1474
206415846	1474
206415935	1474
206416035	1474
206416157	1474
206416252	1474
206416346	1474
206416463	1474
207215055	1474
207215276	1474
207215398	1474
207215491	1474
207215679	1474
207215785	1474
207215950	1474
207216115	1474
207216207	1474
207216300	1474
207216395	1474
207216488	1474
207216607	1474
207216726	1474
207216846	1474
207216950	1474
207217045	1474
208015515	1474
208015703	1474
208015836	1474
208015932	1474
208016026	1474
208016122	1474
208016214	1474
208016307	1474
208016399	1474
208016493	1474
208016587	1474
208016706	1474
208016809	1474
208016929	1474
208017016	1474
208017110	1474
208017204	1474
208017322	1474
208815077	1474
208815235	1474
208815404	1474
208815638	1474
208815859	1474
208816024	1474
208816163	1474
208816302	1474
208816467	1474
208816623	1474
208816761	1474
208816900	1474
208817066	1474
208817204	1474
208817343	1474
208817482	1474
208817636	1474
209615402	1474
209615586	1474
209615728	1474
209615921	1474
209616119	1474
209616385	1474
209616575	1474
209616719	1474
209616857	1474
209616997	1474
209617136	1474
209617300	1474
209617448	1474
209617609	1474
209617752	1474
209617945	1474
209618094	1474
209618235	1474
210416853	1474
210417037	1474
210417210	1474
210417420	1474
210417650	1474
210417938	1474
210418086	1474
210418229	1474
210418411	1474
210418578	1474
210418747	1474
210418887	1474
210419056	1474
210419196	1474
210419382	1474
210419522	1474
210419666	1474
210419832	1474
211216253	1474
211216418	1474
211216544	1474
211216692	1474
211216854	1474
211217055	1474
211217265	1474
211217419	1474
211217547	1474
211217671	1474
211217862	1474
211218001	1474
211218157	1474
211218283	1474
211218409	1474
211218532	1474
211218659	1474
211218783	1474
212016669	1474
212016844	1474
212016971	1474
212017112	1474
212017281	1474
212017461	1474
212017845	1474
212017981	1474
212018147	1474
212018360	1474
212018491	1474
212018639	1474
212018764	1474
212018911	1474
212019067	1474
212019193	1474
212019318	1474
212816659	1474
212816840	1474
212816981	1474
212817133	1474
212817296	1474
212817474	1474
212817694	1474
212818001	1474
212818133	1474
212818258	1474
212818382	1474
212818506	1474
212818630	1474
212818813	1474
212819008	1474
212819144	1474
212819294	1474
213616802	1474
213616969	1474
213617099	1474
213617222	1474
213617362	1474
213617545	1474
213617747	1474
213618000	1474
213618129	1474
213618254	1474
213618378	1474
213618502	1474
213618648	1474
213618782	1474
213618930	1474
213619055	1474
213619182	1474
214417196	1474
214417369	1474
214417512	1474
214417742	1474
214418072	1474
214418259	1474
214418427	1474
214418591	1474
214418755	1474
214418902	1474
214419042	1474
214419207	1474
214419347	1474
214419486	1474
214419625	1474
214419765	1474
214419912	1474
215217225	1474
215217378	1474
215217518	1474
215217915	1474
215218218	1474
215218392	1474
215218532	1474
215218670	1474
215218823	1474
215218961	1474
215219099	1474
215219265	1474
215219404	1474
215219543	1474
215219711	1474
215219886	1474
215220025	1474
216017291	1474
216017447	1474
216017587	1474
216018117	1474
216018313	1474
216018476	1474
216018648	1474
216018788	1474
216018952	1474
216019091	1474
216019227	1474
216019391	1474
216019531	1474
216019694	1474
216019834	1474
216019972	1474
216020135	1474
216817601	1474
216817803	1474
216817975	1474
216818174	1474
216818457	1474
216818687	1474
216818828	1474
216818996	1474
216819136	1474
216819299	1474
216819437	1474
216819588	1474
216819751	1474
216819914	1474
216820076	1474
216820215	1474
216820352	1474
216820521	1474
217617894	1474
217618235	1474
217618409	1474
217618634	1474
217618850	1474
217619003	1474
217619166	1474
217619302	1474
217619476	1474
217619638	1474
217619771	1474
217619907	1474
217620066	1474
217620205	1474
217620396	1474
217620504	1474
217620655	1474
217620793	1474
218418344	1474
218418532	1474
218418672	1474
218418933	1474
218419136	1474
218419292	1474
218419457	1474
218419595	1474
218419734	1474
218419873	1474
218420010	1474
218420154	1474
218420317	1474
218420457	1474
218420622	1474
218420786	1474
218420951	1474
218421125	1474
219218797	1474
219219056	1474
219219250	1474
219219424	1474
219219608	1474
219219830	1474
219220019	1474
219220187	1474
219220349	1474
219220489	1474
219220652	1474
219220817	1474
219220992	1474
219221132	1474
219221270	1474
219221413	1474
219221578	1474
220018613	1474
220018809	1474
220018987	1474
220019170	1474
220019433	1474
220019723	1474
220019947	1474
220020172	1474
220020320	1474
220020458	1474
220020602	1474
220020746	1474
220020887	1474
220021040	1474
220021183	1474
220021325	1474
220021491	1474
220818896	1474
220819065	1474
220819184	1474
220819284	1474
220819385	1474
220819482	1474
220819579	1474
220819702	1474
220819846	1474
220819951	1474
220820079	1474
220820183	1474
220820309	1474
220820408	1474
220820532	1474
220820631	1474
220820728	1474
221620444	1474
221620693	1474
221620826	1474
221620926	1474
221621042	1474
221621191	1474
221621289	1474
221621418	1474
221621516	1474
221621622	1474
221621787	1474
221621928	1474
221622064	1474
221622167	1474
221622278	1474
221622371	1474
221622492	1474
221622694	1474
222420151	1474
222420330	1474
222420666	1474
222420801	1474
222421106	1474
222421213	1474
222421348	1474
222421482	1474
222421584	1474
222421710	1474
222421894	1474
222422011	1474
222422109	1474
222422236	1474
222422337	1474
222422460	1474
222422554	1474
222422742	1474
223220086	1474
223220209	1474
223220311	1474
223220429	1474
223220542	1474
223220656	1474
223220798	1474
223220923	1474
223221049	1474
223221147	1474
223221246	1474
223221353	1474
223221476	1474
223221610	1474
223221807	1474
223221953	1474
223222078	1474
224019443	1474
224019684	1474
224020136	1474
224020253	1474
224020617	1474
224020722	1474
224020818	1474
224020941	1474
224021060	1474
224021173	1474
224021271	1474
224021382	1474
224021489	1474
224021634	1474
224021732	1474
224021909	1474
224022030	1474
224022126	1474
224820012	1474
224820223	1474
224820355	1474
224820734	1474
224821048	1474
224821152	1474
224821244	1474
224821357	1474
224821459	1474
224821591	1474
224821708	1474
224821928	1474
224822020	1474
224822122	1474
224822218	1474
224822353	1474
224822476	1474
224822591	1474
225620475	1474
225621065	1474
225621192	1474
225621372	1474
225621533	1474
225621818	1474
225621913	1474
225622034	1474
225622173	1474
225622274	1474
225622403	1474
225622527	1474
225622649	1474
225622770	1474
225622921	1474
225623062	1474
225623194	1474
226420899	1474
226421365	1474
226421489	1474
226421614	1474
226421777	1474
226421877	1474
226421978	1474
226422153	1474
226422280	1474
226422421	1474
226422528	1474
226422654	1474
226422784	1474
226422936	1474
226423075	1474
226423210	1474
226423309	1474
226423457	1474
227221216	1474
227221484	1474
227221585	1474
227221740	1474
227221841	1474
227221956	1474
227222050	1474
227222152	1474
227222274	1474
227222386	1474
227222530	1474
227222653	1474
227222751	1474
227222867	1474
227222977	1474
227223101	1474
227223232	1474
228022732	1474
228023068	1474
228023201	1474
228023304	1474
228023402	1474
228023535	1474
228023660	1474
228023792	1474
228023892	1474
228023986	1474
228024084	1474
228024207	1474
228024324	1474
228024422	1474
228024514	1474
228024610	1474
228024859	1474
228823279	1474
228823385	1474
228823483	1474
228823588	1474
228823701	1474
228823847	1474
228823987	1474
228824089	1474
228824228	1474
228824330	1474
228824445	1474
228824556	1474
228824671	1474
228824792	1474
228824894	1474
228825130	1474
228825234	1474
228825631	1474
229621269	1474
229621410	1474
229621825	1474
229621930	1474
229622022	1474
229622130	1474
229622254	1474
229622345	1474
229622467	1474
229622598	1474
229622773	1474
229622897	1474
229623044	1474
229623193	1474
229623290	1474
229623424	1474
229623554	1474
230421954	1474
230422279	1474
230422380	1474
230422510	1474
230422633	1474
230422738	1474
230422853	1474
230422954	1474
230423053	1474
230423172	1474
230423276	1474
230423408	1474
230423549	1474
230423666	1474
230423765	1474
230423880	1474
231222095	1474
231222425	1474
231222544	1474
231222639	1474
231222735	1474
231222845	1474
231222991	1474
231223183	1474
231223323	1474
231223423	1474
231223543	1474
231223679	1474
231223800	1474
231223913	1474
231224020	1474
231224115	1474
231224213	1474
232022195	1474
232022514	1474
232022602	1474
232022737	1474
232022856	1474
232022945	1474
232023058	1474
232023194	1474
232023293	1474
232023404	1474
232023523	1474
232023646	1474
232023754	1474
232023865	1474
232023989	1474
232024109	1474
232024222	1474
232024321	1474
232822909	1474
232823185	1474
232823288	1474
232823404	1474
232823502	1474
232823603	1474
232823882	1474
232823986	1474
232824091	1474
232824188	1474
232824286	1474
232824384	1474
232824506	1474
232824632	1474
232824728	1474
232824825	1474
232824924	1474
232825023	1474
233622802	1474
233622979	1474
233623113	1474
233623227	1474
233623349	1474
233623489	1474
233623614	1474
233623741	1474
233623972	1474
233624101	1474
233624206	1474
233624319	1474
233624425	1474
233624523	1474
233624635	1474
233624752	1474
234423256	1474
234423403	1474
234423501	1474
234423597	1474
234423765	1474
234423899	1474
234424041	1474
234424203	1474
234424440	1474
234424541	1474
234424661	1474
234424788	1474
234424921	1474
234425030	1474
234425127	1474
234425248	1474
234425369	1474
235225173	1474
235225320	1474
235225413	1474
235225534	1474
235225673	1474
235225809	1474
235225924	1474
235226022	1474
235226118	1474
235226215	1474
235226308	1474
235226429	1474
235226580	1474
235226677	1474
235226891	1474
235226997	1474
235227094	1474
235227343	1474
236024830	1474
236025075	1474
236025173	1474
236025306	1474
236025401	1474
236025521	1474
236025642	1474
236025775	1474
236025959	1474
236026147	1474
236026250	1474
236026504	1474
236026607	1474
236026800	1474
236026899	1474
236026995	1474
236027086	1474
236027180	1474
236823766	1474
236824016	1474
236824118	1474
236824238	1474
236824333	1474
236824525	1474
236824635	1474
236824854	1474
236824982	1474
236825077	1474
236825174	1474
236825264	1474
236825358	1474
236825478	1474
236825575	1474
236825705	1474
236825847	1474
237623996	1474
237624267	1474
237624376	1474
237624509	1474
237624632	1474
237624846	1474
237624950	1474
237625047	1474
237625143	1474
237625263	1474
237625383	1474
237625477	1474
237625608	1474
237625761	1474
237625966	1474
237626087	1474
237626186	1474
238424000	1474
238424295	1474
238424401	1474
238424499	1474
238424611	1474
238424708	1474
238424907	1474
238425010	1474
238425107	1474
238425204	1474
238425326	1474
238425498	1474
238425621	1474
238425792	1474
238425896	1474
238425991	1474
238426120	1474
239225140	1474
239225342	1474
239225482	1474
239225617	1474
239225836	1474
239226075	1474
239226245	1474
239226383	1474
239226519	1474
239226682	1474
239226820	1474
239227001	1474
239227205	1474
239227409	1474
239227612	1474
239227877	1474
239228064	1474
240026625	1474
240026823	1474
240026963	1474
240027197	1474
240027335	1474
240027473	1474
240027636	1474
240027776	1474
240027914	1474
240028201	1474
240028424	1474
240028637	1474
240028850	1474
240029232	1474
240029376	1474
240029608	1474
240029868	1474
240030047	1474
240825520	1474
240825689	1474
240825873	1474
240826031	1474
240826171	1474
240826308	1474
240826448	1474
240826585	1474
240826723	1474
240826889	1474
240827067	1474
240827231	1474
240827369	1474
240827579	1474
240827773	1474
240827958	1474
240828127	1474
240828306	1474
241625376	1474
241625589	1474
241625741	1474
241625942	1474
241626086	1474
241626225	1474
241626363	1474
241626501	1474
241626666	1474
241626811	1474
241626976	1474
241627113	1474
241627250	1474
241627387	1474
241627524	1474
241627663	1474
241627835	1474
241628060	1474
242425891	1474
242426109	1474
242426248	1474
242426420	1474
242426627	1474
242426794	1474
242426933	1474
242427097	1474
242427236	1474
242427398	1474
242427535	1474
242427699	1474
242427841	1474
242427978	1474
242428113	1474
242428276	1474
242428499	1474
243226266	1474
243226467	1474
243226647	1474
243226786	1474
243227015	1474
243227233	1474
243227395	1474
243227552	1474
243227810	1474
243227958	1474
243228095	1474
243228232	1474
243228370	1474
243228536	1474
243228714	1474
243228882	1474
243229074	1474
244028790	1474
244028949	1474
244029148	1474
244029317	1474
244029548	1474
244029737	1474
244029924	1474
244030092	1474
244030281	1474
244030460	1474
244030598	1474
244030737	1474
244030931	1474
244031136	1474
244031293	1474
244031461	1474
244031623	1474
244826925	1474
244827055	1474
244827158	1474
244827261	1474
244827429	1474
244827526	1474
244827619	1474
244827762	1474
244827903	1474
244828072	1474
244828217	1474
244828360	1474
244828503	1474
244828664	1474
244828862	1474
244829052	1474
244829231	1474
245627994	1474
245628090	1474
245628204	1474
245628301	1474
245628417	1474
245628510	1474
245628605	1474
245628697	1474
245628791	1474
245628887	1474
245628980	1474
245629100	1474
245629260	1474
245629621	1474
245630196	1474
245630415	1474
246427301	1474
246427463	1474
246427602	1474
246427740	1474
246427901	1474
246428038	1474
246428184	1474
246428322	1474
246428482	1474
246428623	1474
246428758	1474
246428899	1474
246429034	1474
246429215	1474
246429457	1474
246429673	1474
246429864	1474
246430231	1474
247228605	1474
247228749	1474
247228919	1474
247229137	1474
247229356	1474
247229495	1474
247229630	1474
247229841	1474
247229993	1474
247230135	1474
247230301	1474
247230562	1474
247230779	1474
247230947	1474
247231234	1474
247231404	1474
247231813	1474
248029412	1474
248029576	1474
248029713	1474
248029907	1474
248030054	1474
248030278	1474
248030494	1474
248030997	1474
248031211	1474
248031389	1474
248031537	1474
248031725	1474
248031989	1474
248032133	1474
248032270	1474
248032406	1474
248032542	1474
248827774	1474
248827947	1474
248828087	1474
248828225	1474
248828471	1474
248828665	1474
248828877	1474
248829041	1474
248829184	1474
248829346	1474
248829511	1474
248829647	1474
248829863	1474
248830036	1474
248830234	1474
248830405	1474
248830575	1474
249629148	1474
249629278	1474
249629402	1474
249629550	1474
249629712	1474
249629880	1474
249630023	1474
249630149	1474
249630274	1474
249630400	1474
249630524	1474
249630658	1474
249630784	1474
249630909	1474
249631033	1474
249631180	1474
249631304	1474
250428404	1474
250428570	1474
250428701	1474
250428827	1474
250428979	1474
250429127	1474
250429252	1474
250429400	1474
250429544	1474
250429705	1474
250429899	1474
250430032	1474
250430156	1474
250430284	1474
250430412	1474
250430555	1474
250430681	1474
250430827	1474
251229373	1474
251229506	1474
251229672	1474
251229911	1474
251230140	1474
251230271	1474
251230436	1474
251230565	1474
251230693	1474
251230821	1474
251230946	1474
251231075	1474
251231199	1474
251231358	1474
251231485	1474
251231613	1474
251231737	1474
251231864	1474
252031134	1474
252031311	1474
252031456	1474
252031697	1474
252031916	1474
252032091	1474
252032236	1474
252032416	1474
252032559	1474
252032700	1474
252032843	1474
252033009	1474
252033148	1474
252033298	1474
252033467	1474
252033633	1474
252033774	1474
252033967	1474
252829622	1474
252829843	1474
252829945	1474
252830052	1474
252830145	1474
252830244	1474
252830478	1474
252830608	1474
252830738	1474
252830831	1474
252830950	1474
252831047	1474
252831137	1474
252831254	1474
252831368	1474
252831492	1474
252831581	1474
252831686	1474
253631234	1474
253631403	1474
253631505	1474
253631604	1474
253631723	1474
253632021	1474
253632152	1474
253632265	1474
253632365	1474
253632462	1474
253632587	1474
253632687	1474
253632784	1474
253632896	1474
253633067	1474
254431035	1474
254431147	1474
254431260	1474
254431375	1474
254431519	1474
254431802	1474
254431908	1474
254432032	1474
254432167	1474
254432277	1474
254432398	1474
254432496	1474
254432590	1474
254432699	1474
254432819	1474
254432912	1474
254433023	1474
255229286	1474
255229395	1474
255229492	1474
255229743	1474
255229871	1474
255229975	1474
255230071	1474
255230166	1474
255230257	1474
255230381	1474
255230579	1474
255230680	1474
255230811	1474
255230929	1474
255231034	1474
255231127	1474
255231220	1474
255231311	1474
256029841	1474
256029959	1474
256030058	1474
256030175	1474
256030268	1474
256030465	1474
256030565	1474
256030658	1474
256030749	1474
256030881	1474
256030978	1474
256031095	1474
256031213	1474
256031304	1474
256031418	1474
256031509	1474
256031627	1474
256031720	1474
256830338	1474
256830452	1474
256830545	1474
256830640	1474
256830739	1474
256830857	1474
256830971	1474
256831169	1474
256831269	1474
256831361	1474
256831452	1474
256831568	1474
256831663	1474
256831770	1474
256831887	1474
256831977	1474
256832068	1474
256832158	1474
257631807	1474
257632045	1474
257632164	1474
257632256	1474
257632348	1474
257632464	1474
257632736	1474
257632838	1474
257632958	1474
257633050	1474
257633144	1474
257633236	1474
257633327	1474
257633444	1474
257633536	1474
257633688	1474
257633855	1474
257633945	1474
258697292	1474
258697421	1474
258697548	1474
258697667	1474
258697808	1474
258697931	1474
258698031	1474
258698151	1474
258698268	1474
258698378	1474
258698473	1474
258698591	1474
258698680	1474
258698798	1474
258698892	1474
258698986	1474
258699106	1474
258699198	1474
259232402	1474
259232622	1474
259232720	1474
259232836	1474
259232927	1474
259233048	1474
259233166	1474
259233266	1474
259233383	1474
259233476	1474
259233595	1474
259233714	1474
259233919	1474
259234016	1474
259234111	1474
259234206	1474
259234339	1474
260297466	1474
260297575	1474
260297751	1474
260297879	1474
260298009	1474
260298192	1474
260298316	1474
260298412	1474
260298508	1474
260298603	1474
260298700	1474
260298795	1474
260298890	1474
260298984	1474
260299080	1474
260299189	1474
260299285	1474
260299380	1474
261098934	1474
261099032	1474
261099126	1474
261099219	1474
261099313	1474
261099409	1474
261099604	1474
261099708	1474
261099828	1474
261099947	1474
261100053	1474
261100149	1474
261100242	1474
261100339	1474
261100428	1474
261100520	1474
261100639	1474
261100759	1474
261898505	1474
261898626	1474
261898722	1474
261898816	1474
261898927	1474
261899048	1474
261899140	1474
261899234	1474
261899355	1474
261899452	1474
261899548	1474
261899641	1474
261899760	1474
261899853	1474
261899958	1474
261900053	1474
261900148	1474
261900242	1474
262698862	1474
262698990	1474
262699089	1474
262699186	1474
262699280	1474
262699381	1474
262699620	1474
262699723	1474
262699864	1474
262699961	1474
262700055	1474
262700150	1474
262700269	1474
262700363	1474
262700457	1474
262700553	1474
262700647	1474
262700786	1474
263498983	1474
263499082	1474
263499178	1474
263499299	1474
263499419	1474
263499539	1474
263499644	1474
263499766	1474
263499865	1474
263499988	1474
263500109	1474
263500231	1474
263500353	1474
263500473	1474
263500594	1474
263500705	1474
264300471	1474
264300605	1474
264300699	1474
264300794	1474
264300911	1474
264301005	1474
264301122	1474
264301218	1474
264301335	1474
264301454	1474
264301562	1474
264301656	1474
264301780	1474
264301907	1474
264302025	1474
264302120	1474
264302214	1474
264302333	1474
265099589	1474
265099730	1474
265099823	1474
265099934	1474
265100057	1474
265100158	1474
265100260	1474
265100359	1474
265100541	1474
265100649	1474
265100751	1474
265100874	1474
265100992	1474
265101114	1474
265101217	1474
265101343	1474
265101459	1474
265899897	1474
265900013	1474
265900154	1474
265900290	1474
265900393	1474
265900582	1474
265900714	1474
265900814	1474
265900912	1474
265901009	1474
265901108	1474
265901232	1474
265901373	1474
265901473	1474
265901597	1474
265901710	1474
265901947	1474
265902093	1474
266701547	1474
266701699	1474
266701913	1474
266702128	1474
266702291	1474
266702400	1474
266702618	1474
266702718	1474
266702880	1474
266702985	1474
266703086	1474
266703194	1474
266703323	1474
266703422	1474
266703546	1474
266703671	1474
266703769	1474
266703866	1474
267501012	1474
267501159	1474
267501332	1474
267501436	1474
267501582	1474
267501706	1474
267501913	1474
267502136	1474
267502578	1474
267502683	1474
267502777	1474
267502906	1474
267503028	1474
267503139	1474
267503254	1474
267503354	1474
267503493	1474
267503617	1474
268301176	1474
268301317	1474
268301458	1474
268301703	1474
268301957	1474
268302183	1474
268302328	1474
268302548	1474
268302744	1474
268302975	1474
268303118	1474
268303290	1474
268303432	1474
268303595	1474
268303736	1474
268303875	1474
268304031	1474
268304174	1474
269102270	1474
269102400	1474
269102520	1474
269102624	1474
269102743	1474
269102879	1474
269103108	1474
269103269	1474
269103373	1474
269103472	1474
269103598	1474
269103722	1474
269103843	1474
269103944	1474
269104066	1474
269104209	1474
269104336	1474
269104447	1474
269905504	1474
269905967	1474
269906267	1474
269906435	1474
269906541	1474
269906765	1474
269906865	1474
269906957	1474
269907062	1474
269907162	1474
269907286	1474
269907386	1474
269907519	1474
269907622	1474
269907744	1474
269907867	1474
270701297	1474
270701413	1474
270701553	1474
270701760	1474
270701898	1474
270702045	1474
270702153	1474
270702275	1474
270702392	1474
270702493	1474
270702599	1474
270702701	1474
270702804	1474
270702902	1474
270703025	1474
270703166	1474
270703290	1474
271501303	1474
271501419	1474
271501564	1474
271501877	1474
271502062	1474
271502180	1474
271502306	1474
271502438	1474
271502599	1474
271502718	1474
271502815	1474
271502940	1474
271503039	1474
271503202	1474
271503329	1474
271503553	1474
271503659	1474
272302544	1474
272302639	1474
272302729	1474
272302850	1474
272302975	1474
272303190	1474
272303314	1474
272303425	1474
272303536	1474
272303644	1474
272303765	1474
272303862	1474
272303960	1474
272304053	1474
272304153	1474
272304244	1474
272304360	1474
272304449	1474
273102222	1474
273102360	1474
273102465	1474
273102588	1474
273102715	1474
273102849	1474
273103077	1474
273103219	1474
273103340	1474
273103455	1474
273103552	1474
273103650	1474
273103772	1474
273103903	1474
273104062	1474
273104277	1474
273104404	1474
273904438	1474
273904560	1474
273904657	1474
273904771	1474
273904875	1474
273905009	1474
273905163	1474
273905337	1474
273905452	1474
273905566	1474
273905660	1474
273905846	1474
273905986	1474
273906120	1474
273906253	1474
273906370	1474
273906491	1474
273906588	1474
274703539	1474
274703636	1474
274703759	1474
274703885	1474
274704044	1474
274704219	1474
274704319	1474
274704416	1474
274704540	1474
274704636	1474
274704759	1474
274704884	1474
274704981	1474
274705090	1474
274705190	1474
274705287	1474
274705386	1474
274705499	1474
275769643	1474
275769921	1474
275770062	1474
275770170	1474
275770329	1474
275770560	1474
275770641	1474
275770743	1474
275770851	1474
275770953	1474
275771059	1474
275771168	1474
275771272	1474
275771361	1474
275771462	1474
275771576	1474
275771665	1474
275771797	1474
276569634	1474
276569830	1474
276569937	1474
276570038	1474
276570138	1474
276570285	1474
276570381	1474
276570487	1474
276570621	1474
276570717	1474
276570854	1474
276570972	1474
276571070	1474
276571188	1474
276571282	1474
276571379	1474
276571491	1474
276571598	1474
277370022	1474
277370154	1474
277370275	1474
277370387	1474
277370607	1474
277370723	1474
277370900	1474
277371015	1474
277371097	1474
277371198	1474
277371306	1474
277371395	1474
277371527	1474
277371658	1474
277371757	1474
277371847	1474
277371937	1474
277372018	1474
278170782	1474
278170915	1474
278171019	1474
278171115	1474
278171205	1474
278171337	1474
278171423	1474
278171524	1474
278171607	1474
278171694	1474
278171773	1474
278171884	1474
278171994	1474
278172102	1474
278172204	1474
278172286	1474
278970510	1474
278970654	1474
278970777	1474
278971049	1474
278971156	1474
278971280	1474
278971396	1474
278971531	1474
278971634	1474
278971735	1474
278971837	1474
278971963	1474
278972115	1474
278972241	1474
278972342	1474
278972442	1474
278972563	1474
278972667	1474
279770810	1474
279771030	1474
279771162	1474
279771293	1474
279771406	1474
279771536	1474
279771834	1474
279771938	1474
279772074	1474
279772173	1474
279772295	1474
279772440	1474
279772555	1474
279772674	1474
279772778	1474
279772894	1474
279773039	1474
280571560	1474
280571741	1474
280571884	1474
280571986	1474
280572109	1474
280572324	1474
280572429	1474
280572555	1474
280572656	1474
280572785	1474
280572912	1474
280573014	1474
280573115	1474
280573229	1474
280573379	1474
280573481	1474
280573584	1474
280573704	1474
281370579	1474
281370939	1474
281371048	1474
281371191	1474
281371317	1474
281371465	1474
281371566	1474
281371669	1474
281371793	1474
281371894	1474
281372019	1474
281372159	1474
281372284	1474
281372424	1474
281372523	1474
281372623	1474
281372723	1474
281372846	1474
282171739	1474
282171915	1474
282172063	1474
282172189	1474
282172309	1474
282172410	1474
282172683	1474
282172786	1474
282172929	1474
282173056	1474
282173164	1474
282173258	1474
282173376	1474
282173490	1474
282173587	1474
282173794	1474
282173887	1474
282173997	1474
282972945	1474
282973093	1474
282973244	1474
282973344	1474
282973473	1474
282973573	1474
282973680	1474
282973808	1474
282973975	1474
282974098	1474
282974238	1474
282974352	1474
282974449	1474
282974567	1474
282974699	1474
282974838	1474
282975032	1474
282975260	1474
283772050	1474
283772170	1474
283772271	1474
283772373	1474
283772473	1474
283772583	1474
283772692	1474
283772807	1474
283772918	1474
283773040	1474
283773167	1474
283773279	1474
283773378	1474
283773502	1474
283773626	1474
283773910	1474
283774004	1474
283774110	1474
284572386	1474
284572504	1474
284572778	1474
284572904	1474
284573052	1474
284573332	1474
284573441	1474
284573589	1474
284573822	1474
284573932	1474
284574034	1474
284574157	1474
284574286	1474
284574386	1474
284574485	1474
284574585	1474
284574757	1474
284574882	1474
285372376	1474
285372610	1474
285372719	1474
285373025	1474
285373147	1474
285373267	1474
285373420	1474
285373521	1474
285373636	1474
285373843	1474
285373988	1474
285374093	1474
285374209	1474
285374334	1474
285374427	1474
285374563	1474
286173598	1474
286173866	1474
286174000	1474
286174126	1474
286174251	1474
286174341	1474
286174472	1474
286174600	1474
286174739	1474
286174864	1474
286174964	1474
286175093	1474
286175210	1474
286175310	1474
286175445	1474
286175549	1474
286706269	1474
286706389	1474
286706494	1474
286706591	1474
286706689	1474
286706803	1474
286706912	1474
286707012	1474
286707153	1474
286707266	1474
286707400	1474
286707493	1474
286707613	1474
286707709	1474
286707827	1474
286707941	1474
287773526	1474
287773650	1474
287773841	1474
287773947	1474
287774045	1474
287774163	1474
287774292	1474
287774394	1474
287774525	1474
287774692	1474
287774800	1474
287774920	1474
287775041	1474
287775163	1474
287775362	1474
287775491	1474
287775633	1474
288307705	1474
288307808	1474
288307910	1474
288308034	1474
288308181	1474
288308285	1474
288308389	1474
288308494	1474
288308595	1474
288308697	1474
288308801	1474
288308929	1474
288309043	1474
288309152	1474
288309284	1474
288309415	1474
289110691	1474
289110801	1474
289110903	1474
289111025	1474
289111154	1474
289111389	1474
289111509	1474
289111612	1474
289111713	1474
289111816	1474
289111940	1474
289112051	1474
289112151	1474
289112269	1474
289112393	1474
289112539	1474
289112640	1474
289112739	1474
289908156	1474
289908274	1474
289908402	1474
289908545	1474
289908840	1474
289908961	1474
289909059	1474
289909164	1474
289909290	1474
289909400	1474
289909500	1474
289909599	1474
289909701	1474
289909936	1474
289910038	1474
289910165	1474
289910289	1474
290974029	1474
290974177	1474
290974363	1474
290974466	1474
290974586	1474
290974696	1474
290974834	1474
290974958	1474
290975091	1474
290975186	1474
290975282	1474
290975369	1474
290975509	1474
290975604	1474
290975721	1474
290975842	1474
290975941	1474
290976039	1474
291774438	1474
291774717	1474
291774819	1474
291774934	1474
291775027	1474
291775121	1474
291775234	1474
291775370	1474
291775466	1474
291775593	1474
291775705	1474
291775827	1474
291775938	1474
291776035	1474
291776145	1474
291776267	1474
291776391	1474
291776495	1474
292575816	1474
292576177	1474
292576292	1474
292576420	1474
292576559	1474
292576659	1474
292576750	1474
292576847	1474
292576959	1474
292577086	1474
292577208	1474
292577323	1474
292577440	1474
292577552	1474
292577680	1474
292577853	1474
292577981	1474
292578083	1474
293375507	1474
293375656	1474
293375765	1474
293375885	1474
293376012	1474
293376130	1474
293376224	1474
293376506	1474
293376611	1474
293376715	1474
293376824	1474
293376921	1474
293377046	1474
293377160	1474
293377257	1474
293377347	1474
293377464	1474
294176555	1474
294176846	1474
294176946	1474
294177057	1474
294177178	1474
294177291	1474
294177381	1474
294177503	1474
294177599	1474
294177718	1474
294177903	1474
294178023	1474
294178121	1474
294178255	1474
294178483	1474
294178616	1474
294179211	1474
294977630	1474
294977946	1474
294978070	1474
294978187	1474
294978296	1474
294978411	1474
294978554	1474
294978859	1474
294979041	1474
294979724	1474
294979831	1474
294979929	1474
294980084	1474
294980198	1474
294980303	1474
294980428	1474
294980525	1474
295776025	1474
295776152	1474
295776251	1474
295776374	1474
295776499	1474
295776598	1474
295776696	1474
295776812	1474
295776908	1474
295777076	1474
295777175	1474
295777271	1474
295777405	1474
295777499	1474
295777620	1474
295777744	1474
295777929	1474
296575959	1474
296576247	1474
296576593	1474
296576732	1474
296576876	1474
296577016	1474
296577238	1474
296577338	1474
296577462	1474
296577632	1474
296577830	1474
296578057	1474
296578180	1474
296578271	1474
296578391	1474
296578487	1474
296578604	1474
296578747	1474
297376748	1474
297376945	1474
297377215	1474
297377326	1474
297377422	1474
297377550	1474
297377829	1474
297377953	1474
297378072	1474
297378168	1474
297378270	1474
297378397	1474
297378495	1474
297378611	1474
297378729	1474
297378830	1474
297378945	1474
297379040	1474
298176151	1474
298176268	1474
298176394	1474
298176523	1474
298176649	1474
298176986	1474
298177120	1474
298177230	1474
298177346	1474
298177443	1474
298177543	1474
298177642	1474
298177899	1474
298178016	1474
298178150	1474
298178244	1474
298178338	1474
298709555	1474
298709692	1474
298709858	1474
298709953	1474
298710049	1474
298710144	1474
298710238	1474
298710354	1474
298710447	1474
298710569	1474
298710702	1474
298710796	1474
298710914	1474
298711009	1474
298711102	1474
298711221	1474
299509986	1474
299510099	1474
299510226	1474
299510317	1474
299510416	1474
299510652	1474
299510755	1474
299510878	1474
299510971	1474
299511065	1474
299511160	1474
299511256	1474
299511352	1474
299511450	1474
299511561	1474
299511653	1474
300310715	1474
300310837	1474
300311065	1474
300311171	1474
300311270	1474
300311567	1474
300311673	1474
300311773	1474
300311896	1474
300312037	1474
300312153	1474
300312283	1474
300312396	1474
300312496	1474
300312597	1474
300312697	1474
300312821	1474
301110904	1474
301111132	1474
301111233	1474
301111340	1474
301111434	1474
301111531	1474
301111654	1474
301111818	1474
301111940	1474
301112060	1474
301112156	1474
301112261	1474
301112359	1474
301112482	1474
301112616	1474
301112738	1474
301112835	1474
301112956	1474
301910989	1474
301911273	1474
301911400	1474
301911490	1474
301911587	1474
301911679	1474
301911776	1474
301911927	1474
301912095	1474
301912200	1474
301912324	1474
301912544	1474
301912642	1474
301912739	1474
301912838	1474
301912934	1474
301913033	1474
302711046	1474
302711332	1474
302711430	1474
302711532	1474
302711657	1474
302711755	1474
302711876	1474
302711972	1474
302712074	1474
302712172	1474
302712292	1474
302712412	1474
302712511	1474
302712631	1474
302712724	1474
302712819	1474
303510807	1474
303510994	1474
303511298	1474
303511398	1474
303511525	1474
303511652	1474
303511882	1474
303512198	1474
303512327	1474
303512452	1474
303512577	1474
303512676	1474
303512799	1474
303512936	1474
303513051	1474
303513175	1474
303513326	1474
304313253	1474
304313409	1474
304313575	1474
304313718	1474
304313966	1474
304314286	1474
304314525	1474
304314668	1474
304314837	1474
304315053	1474
304315190	1474
304315355	1474
304315491	1474
304315653	1474
304315845	1474
304316028	1474
304316190	1474
304316357	1474
305111446	1474
305111705	1474
305111830	1474
305111953	1474
305112077	1474
305112224	1474
305112325	1474
305112449	1474
305112550	1474
305112656	1474
305112800	1474
305112907	1474
305113006	1474
305113121	1474
305113217	1474
305113315	1474
305113415	1474
305113540	1474
305912625	1474
305912744	1474
305912838	1474
305913014	1474
305913140	1474
305913242	1474
305913361	1474
305913460	1474
305913558	1474
305913765	1474
305913873	1474
305913995	1474
305914137	1474
305914237	1474
305914374	1474
305914496	1474
305914609	1474
305914747	1474
306979514	1474
306979754	1474
306979875	1474
306979977	1474
306980078	1474
306980203	1474
306980302	1474
306980419	1474
306980612	1474
306980737	1474
306980836	1474
306980939	1474
306981064	1474
306981187	1474
306981286	1474
306981412	1474
306981585	1474
306981705	1474
307781136	1474
307781248	1474
307781475	1474
307781581	1474
307781931	1474
307782069	1474
307782314	1474
307782423	1474
307782521	1474
307782643	1474
307782752	1474
307782846	1474
307782945	1474
307783067	1474
307783193	1474
307783311	1474
307783512	1474
307783601	1474
308579421	1474
308579537	1474
308579815	1474
308579915	1474
308580011	1474
308580113	1474
308580257	1474
308580380	1474
308580503	1474
308580611	1474
308580728	1474
308580849	1474
308580959	1474
308581063	1474
308581160	1474
308581300	1474
308581440	1474
309112871	1474
309112988	1474
309113081	1474
309113182	1474
309113286	1474
309113387	1474
309113488	1474
309113613	1474
309113764	1474
309113903	1474
309114004	1474
309114135	1474
309114233	1474
309114346	1474
309114444	1474
309114545	1474
309915828	1474
309915967	1474
309916071	1474
309916256	1474
309916388	1474
309916489	1474
309916607	1474
309916731	1474
309916845	1474
309916969	1474
309917119	1474
309917230	1474
309917330	1474
309917431	1474
309917529	1474
309917695	1474
309917836	1474
309917967	1474
310713189	1474
310713365	1474
310715855	1474
310716178	1474
310716290	1474
310716391	1474
310716502	1474
310716628	1474
310716740	1474
310716866	1474
310717064	1474
310717184	1474
310717302	1474
310717402	1474
310718078	1474
310718188	1474
310718332	1474
311514245	1474
311514402	1474
311514525	1474
311514653	1474
311514765	1474
311515116	1474
311515222	1474
311515338	1474
311515439	1474
311515538	1474
311515636	1474
311515729	1474
311515826	1474
311515932	1474
311516054	1474
311516178	1474
311516285	1474
312314247	1474
312314410	1474
312314545	1474
312314693	1474
312314802	1474
312314919	1474
312315022	1474
312315168	1474
312315266	1474
312315384	1474
312315509	1474
312315620	1474
312315720	1474
312315855	1474
312315948	1474
312316071	1474
312316169	1474
312316285	1474
313381780	1474
313381882	1474
313381985	1474
313382079	1474
313382176	1474
313382273	1474
313382469	1474
313382572	1474
313382707	1474
313382803	1474
313382898	1474
313382989	1474
313383082	1474
313383199	1474
313383294	1474
313383391	1474
313383484	1474
313383581	1474
314181485	1474
314181615	1474
314181767	1474
314181915	1474
314182014	1474
314182109	1474
314182209	1474
314182330	1474
314182426	1474
314182517	1474
314182623	1474
314182717	1474
314182812	1474
314182932	1474
314183026	1474
314183146	1474
314183240	1474
314981615	1474
314981758	1474
314981886	1474
314981989	1474
314982114	1474
314982326	1474
314982435	1474
314982533	1474
314982632	1474
314982728	1474
314982822	1474
314982917	1474
314983039	1474
314983136	1474
314983235	1474
314983330	1474
314983442	1474
314983541	1474
315782600	1474
315782705	1474
315782802	1474
315782896	1474
315782991	1474
315783087	1474
315783185	1474
315783277	1474
315783410	1474
315783533	1474
315783654	1474
315783749	1474
315783844	1474
315783938	1474
315784056	1474
315784175	1474
315784270	1474
315784379	1474
316584284	1474
316584384	1474
316584482	1474
316584602	1474
316584700	1474
316584897	1474
316585000	1474
316585096	1474
316585201	1474
316585299	1474
316585396	1474
316585492	1474
316585588	1474
316585706	1474
316585853	1474
316585974	1474
316586104	1474
317382856	1474
317382957	1474
317383087	1474
317383253	1474
317383356	1474
317383561	1474
317383676	1474
317383774	1474
317383893	1474
317383990	1474
317384093	1474
317384214	1474
317384307	1474
317384400	1474
317384519	1474
317384638	1474
317384733	1474
318183002	1474
318183100	1474
318183191	1474
318183311	1474
318183430	1474
318183520	1474
318183612	1474
318183704	1474
318183798	1474
318184123	1474
318184243	1474
318184338	1474
318184458	1474
318184553	1474
318184646	1474
318184740	1474
318184833	1474
318184930	1474
