11830100	58
11831424	54
11865220	1474
11865516	1474
11866391	1474
11866495	1474
11866612	1474
11866779	1474
11867578	1474
11867843	1474
11868292	1474
11868510	1474
11868862	334
11901359	1474
11901807	1474
11902178	1474
11902750	1474
11903189	1474
11903674	1474
11903935	1474
11904349	1474
11904654	1474
11905082	1474
11907401	1474
11907732	1474
11908028	1474
11908394	1474
11908656	446
11931365	1474
11931540	1474
11931639	1474
11931828	1474
11931929	1474
11932499	1474
11932661	1474
11933147	1474
11933354	1474
11933459	1474
11933561	1474
11933724	1474
11933831	1474
11934323	1474
11934537	1474
11934829	1474
11934939	1474
11935041	1474
11935152	558
11964298	1474
11964600	1474
11964905	1474
11965056	1474
11965235	1474
11965470	194
11965752	1474
11965920	1474
11966112	1474
11966433	1474
11966628	1474
11966828	194
11967076	1474
11967461	1474
11967664	1474
11967956	1474
11968152	166
11968406	1474
11968624	1474
11968815	1474
11969032	138
11969258	1474
11969489	1474
11969841	110
11970614	1474
11971001	1474
11971145	1474
11971291	1474
11971462	1474
11971700	194
12010553	1474
12011299	1474
12011720	1474
12012189	1474
12012570	166
12012790	1474
12013043	1474
12013259	1474
12013752	1474
12014167	166
12014647	1474
12014902	1474
12015076	1474
12015272	138
12015478	1474
12015711	1474
12016224	1474
12016545	1474
12017223	1474
12017570	1474
12017713	1474
12017984	250
12018170	1474
12018324	1474
12019086	1474
12019364	138
12019613	1474
12019794	1474
12020001	1474
12020262	1474
12020507	1474
12020668	1474
12020846	222
12044282	1474
12044419	1474
12044541	1474
12044696	1474
12049644	1474
12050004	1474
12050415	1474
12050843	1474
12051159	166
12051589	1474
12051929	1474
12052525	110
12052921	1474
12053239	1474
12053545	1474
12053797	1474
12054077	1474
12054402	194
12059958	1474
12060494	1474
12060841	1474
12061243	1474
12061539	1474
12061850	1474
12062590	1474
12063166	1474
12063626	1474
12063992	1474
12064381	1474
12064807	1474
12065171	1474
12065509	1474
12065837	1474
12066160	1474
12066484	1474
12066858	1474
12067252	1474
12067852	1474
12068177	1474
12068517	1474
12068832	1474
12069134	698
12077608	1474
13558224	1474
13562451	1474
13563172	1474
13572319	1474
13572744	1474
13573166	1474
13573589	1474
13588479	1474
13588849	1474
13589114	1474
13589451	1474
13589798	1474
13590234	1474
13590546	1474
13590925	1474
13618437	1474
13618788	1474
13619032	1474
13619805	1474
13620113	1474
13620729	1474
13621170	1474
13621466	1474
13621670	1474
13621972	1474
13622229	1474
13622558	1474
13622802	1474
13623105	1474
13655794	1474
13655893	1474
13655998	1474
13657095	1474
13657535	1474
13657774	1474
13677922	1474
13678140	1474
13690129	1474
13690985	1474
13691264	1474
13691810	1474
13701097	1474
13701575	1474
13701876	1474
13702305	1474
13702796	1474
13716857	1474
13717251	1474
13717753	1474
13718000	1474
13718225	1474
13735836	1474
13736365	1474
13736565	1474
13736852	1474
13737205	1474
13737431	1474
13754085	1474
13797787	1474
13797886	1474
13836222	1474
13836566	1474
15060085	1474
15067902	1474
15068011	1474
15075003	1474
15075420	1474
15075794	1474
15090075	1474
15090462	1474
15090900	1474
15091280	1474
15117527	1474
15117869	1474
15118116	1474
15118454	1474
15145060	1474
15145577	1474
15145983	1474
15146347	1474
15146558	1474
15175578	1474
15176832	1474
15176956	1474
15177239	1474
15198164	1474
15198454	1474
15218367	1474
16562064	1474
16569463	1474
16569597	1474
16573985	1474
16574487	1474
16574741	1474
16583010	1474
16583297	1474
16585194	1474
16592452	1474
16592652	1474
16592841	1474
16592937	1474
16602466	1474
16602571	1474
16603089	1474
16603300	1474
16603590	1474
16611096	1474
16611319	1474
16612837	1474
16612932	1474
16613041	1474
16615787	1474
16615892	1474
16616195	1474
16657917	1474
16658038	1474
16658170	1474
16658356	1474
16658453	1474
16658550	1474
16672774	1474
16673018	1474
16673116	1474
16673211	1474
16673306	1474
16673396	1474
16713424	1474
16713586	1474
16713682	1474
16713801	1474
16713897	1474
16714005	1474
16751941	1474
16752197	1474
16752295	1474
16752397	1474
16752491	1474
16752582	1474
16793323	1474
16793544	1474
16793641	1474
16793741	1474
16793845	1474
16793938	1474
16832602	1474
16832849	1474
16832953	1474
16833050	1474
16833146	1474
16833240	1474
16833334	1474
16871929	1474
16872131	1474
16872228	1474
16872320	1474
16872441	1474
16872535	1474
16872629	1474
16912267	1474
16912505	1474
16912601	1474
16912699	1474
16912797	1474
16912890	1474
16913054	1474
16935618	1474
16935887	1474
16935999	1474
16936099	1474
16936194	1474
16936301	1474
16936396	1474
16977626	1474
17470607	1474
17470797	1474
17470898	1474
17471061	1474
17471155	1474
17471257	1474
17471352	1474
17511400	1474
17511556	1474
17511713	1474
17511810	1474
17511910	1474
17512004	1474
17512096	1474
17551509	1474
17551686	1474
18272634	1474
18272890	1474
18272988	1474
18273080	1474
18273173	1474
18273267	1474
18273358	1474
18273450	1474
18311587	1474
18311808	1474
18311919	1474
18312014	1474
18312107	1474
18312200	1474
18312291	1474
18312383	1474
18352675	1474
18801999	1474
18802222	1474
18802341	1474
18802435	1474
18802525	1474
18802763	1474
18802866	1474
18803076	1474
18846978	1474
18847212	1474
18847304	1474
18847419	1474
18847510	1474
19602680	1474
19602941	1474
19603067	1474
19603161	1474
19603255	1474
19603350	1474
19603551	1474
19603651	1474
19603994	1474
19646772	1474
19646989	1474
19647101	1474
19647194	1474
19647286	1474
19647381	1474
19647471	1474
19647561	1474
19688012	1474
19688256	1474
20669203	1474
20669422	1474
20669520	1474
20669619	1474
20669761	1474
20669861	1474
20670071	1474
20670173	1474
20670266	1474
20671007	1474
20707412	1474
20707631	1474
20707771	1474
20707893	1474
20708176	1474
20708352	1474
20708448	1474
20708567	1474
20708662	1474
21204452	1474
21204591	1474
21204795	1474
21204924	1474
21205020	1474
21205117	1474
21205250	1474
21205430	1474
21205650	1474
21205764	1474
21245231	1474
21245347	1474
21245445	1474
21245543	1474
22002494	1474
22002607	1474
22002959	1474
22003167	1474
22003273	1474
22003402	1474
22003577	1474
22003871	1474
22003972	1474
22004069	1474
22044445	1474
22044663	1474
22044761	1474
22044857	1474
22044951	1474
22045046	1474
22045138	1474
22045228	1474
22045322	1474
22801883	1474
22802025	1474
22802119	1474
22802213	1474
22802361	1474
22802471	1474
22802642	1474
22802849	1474
22802966	1474
22803084	1474
22803260	1474
22845822	1474
22845964	1474
22846061	1474
22846155	1474
23602025	1474
23602230	1474
23602330	1474
23602425	1474
23602517	1474
23602689	1474
23602786	1474
23602881	1474
23602975	1474
23603070	1474
23643020	1474
23643164	1474
23643318	1474
23643415	1474
23643509	1474
23643618	1474
23643704	1474
23643795	1474
23643889	1474
24401907	1474
24402057	1474
24402174	1474
24402282	1474
24402474	1474
24402591	1474
24402835	1474
24402936	1474
24403089	1474
24403218	1474
24442872	1474
24443113	1474
24443204	1474
24443297	1474
25202632	1474
25202815	1474
25202926	1474
25203037	1474
25203139	1474
25203271	1474
25203402	1474
25203574	1474
25203877	1474
25204182	1474
25243080	1474
25243197	1474
25243295	1474
25243416	1474
25243598	1474
25243739	1474
25243840	1474
25243936	1474
25244051	1474
25244196	1474
26001975	1474
26002150	1474
26002478	1474
26002605	1474
26002775	1474
26002880	1474
26002977	1474
26003067	1474
26003168	1474
26003264	1474
26042863	1474
26042978	1474
26043079	1474
26043178	1474
26043301	1474
26043400	1474
26043512	1474
26043608	1474
26043703	1474
26802006	1474
26802284	1474
26802399	1474
26802789	1474
26803042	1474
26803147	1474
26803338	1474
26803449	1474
26803569	1474
26803665	1474
26803759	1474
26804149	1474
26843057	1474
26843229	1474
26843327	1474
27867571	1474
27867721	1474
27867893	1474
27867990	1474
27868085	1474
27868178	1474
27868272	1474
27868384	1474
27868482	1474
27868574	1474
27868662	1474
27908758	1474
27908901	1474
27909001	1474
27909096	1474
27909194	1474
27909288	1474
27909395	1474
27909488	1474
27909585	1474
28401801	1474
28402107	1474
28402211	1474
28402423	1474
28402544	1474
28402823	1474
28402928	1474
28403279	1474
28403394	1474
28403506	1474
28403603	1474
28403701	1474
28443348	1474
28443465	1474
29201276	1474
29201425	1474
29201525	1474
29201627	1474
29201745	1474
29201844	1474
29201979	1474
29202086	1474
29202196	1474
29202326	1474
29202441	1474
29242654	1474
29242798	1474
29242914	1474
29243033	1474
29243130	1474
29243226	1474
29243357	1474
29243456	1474
29243556	1474
30000851	1474
30000993	1474
30001270	1474
30001372	1474
30001474	1474
30001736	1474
30001841	1474
30002130	1474
30002321	1474
30002419	1474
30002516	1474
30002717	1474
30002820	1474
30042678	1474
30800937	1474
30801108	1474
30801402	1474
30801549	1474
30801648	1474
30801767	1474
30802017	1474
30802108	1474
30802231	1474
30802510	1474
30802614	1474
30802824	1474
30802935	1474
30842307	1474
30842418	1474
30842514	1474
30842666	1474
31600338	1474
31600571	1474
31600749	1474
31601046	1474
31601248	1474
31601544	1474
31601686	1474
31601849	1474
31602100	1474
31602354	1474
31602491	1474
31602651	1474
31602838	1474
31638859	1474
31639008	1474
31639155	1474
31639292	1474
31639426	1474
31639581	1474
31639745	1474
31639881	1474
32401053	1474
32401250	1474
32401420	1474
32401565	1474
32401701	1474
32401838	1474
32401976	1474
32402124	1474
32402262	1474
32402399	1474
32402538	1474
32402675	1474
32445721	1474
32445977	1474
33201469	1474
33201687	1474
33201834	1474
33201979	1474
33202117	1474
33202252	1474
33202387	1474
33202522	1474
33202733	1474
33202912	1474
33203052	1474
33203187	1474
33242403	1474
33242609	1474
33242810	1474
33242958	1474
33243095	1474
33243231	1474
33243367	1474
33243504	1474
33243639	1474
34001103	1474
34001253	1474
34001398	1474
34001648	1474
34001759	1474
34001962	1474
34002067	1474
34002165	1474
34002261	1474
34002355	1474
34002451	1474
34002570	1474
34002704	1474
34042706	1474
34043024	1474
35066483	1474
35067135	1474
35067236	1474
35067357	1474
35067449	1474
35067543	1474
35067639	1474
35067736	1474
35067836	1474
35067933	1474
35068031	1474
35068128	1474
35068222	1474
35106076	1474
35106238	1474
35106387	1474
35106484	1474
35106579	1474
35106712	1474
35106813	1474
35106995	1474
35600231	1474
35600511	1474
35600610	1474
35600708	1474
35600811	1474
35600913	1474
35601011	1474
35601208	1474
35601357	1474
35601460	1474
35601556	1474
35601709	1474
36400283	1474
36400598	1474
36400753	1474
36400931	1474
36401025	1474
36401123	1474
36401248	1474
36401345	1474
36401437	1474
36401531	1474
36401631	1474
36401725	1474
36401904	1474
36446525	1474
36446756	1474
36446943	1474
37200249	1474
37201160	1474
37201367	1474
37201469	1474
37201560	1474
37201655	1474
37201898	1474
37201998	1474
37202119	1474
37202213	1474
37202308	1474
37202406	1474
37202501	1474
37202620	1474
37241356	1474
37241557	1474
37241662	1474
37999765	1474
38000028	1474
38000125	1474
38000242	1474
38000420	1474
38000547	1474
38000794	1474
38000903	1474
38001019	1474
38001135	1474
38001237	1474
38001480	1474
38001606	1474
38001727	1474
38037403	1474
38037692	1474
38037862	1474
38799995	1474
38800114	1474
38800333	1474
38800447	1474
38800543	1474
38800683	1474
38800888	1474
38800988	1474
38801329	1474
38801525	1474
38801724	1474
38801827	1474
38801939	1474
38802052	1474
38802149	1474
38841410	1474
38841566	1474
39599404	1474
39599715	1474
39599810	1474
39599928	1474
39600022	1474
39600112	1474
39600211	1474
39600307	1474
39600422	1474
39600593	1474
39600719	1474
39600833	1474
39600972	1474
39601069	1474
39637044	1474
39637292	1474
39637383	1474
40400276	1474
40400580	1474
40400683	1474
40400795	1474
40400890	1474
40400980	1474
40401079	1474
40401175	1474
40401284	1474
40401381	1474
40401527	1474
40401644	1474
40401740	1474
40401854	1474
40444414	1474
40444692	1474
40445012	1474
40445603	1474
40445712	1474
40445967	1474
40446071	1474
40446172	1474
41200199	1474
41200470	1474
41200748	1474
41200862	1474
41201010	1474
41201231	1474
41201334	1474
41201436	1474
41201686	1474
41201777	1474
41201923	1474
41202045	1474
41202138	1474
41202251	1474
41202349	1474
41999744	1474
41999860	1474
42000065	1474
42000168	1474
42000292	1474
42000558	1474
42000662	1474
42000761	1474
42000858	1474
42001077	1474
42001179	1474
42001270	1474
42001386	1474
42001496	1474
42001618	1474
42044680	1474
42044828	1474
42799512	1474
42799729	1474
42799827	1474
42799920	1474
42800015	1474
42800133	1474
42800229	1474
42800348	1474
42800534	1474
42800626	1474
42800718	1474
42800807	1474
42800900	1474
42800996	1474
42845397	1474
42845550	1474
43600155	1474
43600345	1474
43600719	1474
43600824	1474
43600920	1474
43601114	1474
43601208	1474
43601304	1474
43601405	1474
43601524	1474
43601618	1474
43601713	1474
43601808	1474
43601899	1474
43642611	1474
43642872	1474
43642967	1474
44399230	1474
44399475	1474
44399599	1474
44399697	1474
44399790	1474
44399886	1474
44399981	1474
44400074	1474
44400168	1474
44400268	1474
44400365	1474
44400568	1474
44400673	1474
44400770	1474
44400866	1474
44438058	1474
44438156	1474
44438262	1474
45199136	1474
45199514	1474
45199634	1474
45199733	1474
45199857	1474
45199972	1474
45200116	1474
45200402	1474
45200491	1474
45200606	1474
45200729	1474
45200824	1474
45200917	1474
45201008	1474
45201118	1474
45241031	1474
45241248	1474
45998857	1474
45999041	1474
45999330	1474
45999541	1474
45999765	1474
45999986	1474
46000203	1474
46000468	1474
46000677	1474
46000815	1474
46000954	1474
46001091	1474
46001235	1474
46001398	1474
46001537	1474
46001674	1474
46038329	1474
46038543	1474
46799020	1474
46799247	1474
46799599	1474
46799789	1474
46800061	1474
46800223	1474
46800477	1474
46800672	1474
46800827	1474
46800944	1474
46801046	1474
46801162	1474
46801255	1474
46801354	1474
46801478	1474
46801575	1474
46842980	1474
46843352	1474
47598866	1474
47599076	1474
47599246	1474
47599394	1474
47599605	1474
47599884	1474
47600297	1474
47600503	1474
47600651	1474
47600815	1474
47600954	1474
47601120	1474
47601266	1474
47601403	1474
47601574	1474
47601718	1474
47641342	1474
47641573	1474
48665808	1474
48666003	1474
48666179	1474
48666437	1474
48666631	1474
48667083	1474
48667255	1474
48667500	1474
48667637	1474
48667773	1474
48667907	1474
48668051	1474
48668187	1474
48668350	1474
48668504	1474
48668643	1474
48704001	1474
48704122	1474
49466012	1474
49466220	1474
49466363	1474
49466527	1474
49466783	1474
49466944	1474
49467111	1474
49467249	1474
49467410	1474
49467651	1474
49467864	1474
49468085	1474
49468226	1474
49468405	1474
49468543	1474
49468677	1474
49468811	1474
49504920	1474
50265357	1474
50265687	1474
50265828	1474
50265935	1474
50266061	1474
50266161	1474
50266285	1474
50266385	1474
50266485	1474
50266611	1474
50266759	1474
50266859	1474
50266974	1474
50267074	1474
50267173	1474
50267279	1474
50304970	1474
51065209	1474
51065449	1474
51065620	1474
51065758	1474
51065867	1474
51065960	1474
51066080	1474
51066179	1474
51066301	1474
51066398	1474
51066496	1474
51066800	1474
51066943	1474
51067043	1474
51067139	1474
51067250	1474
51108903	1474
51865017	1474
51865234	1474
51865640	1474
51865744	1474
51865972	1474
51866078	1474
51866183	1474
51866307	1474
51866404	1474
51866650	1474
51866873	1474
51866976	1474
51867076	1474
51867211	1474
51867326	1474
51867586	1474
51867693	1474
51904303	1474
52668412	1474
52668663	1474
52668761	1474
52669051	1474
52669160	1474
52669258	1474
52669353	1474
52669447	1474
52669541	1474
52669641	1474
52669734	1474
52669845	1474
52669942	1474
52670039	1474
52670137	1474
52670231	1474
52708910	1474
52709156	1474
53464956	1474
53465314	1474
53465502	1474
53465625	1474
53465723	1474
53465831	1474
53466035	1474
53466137	1474
53466365	1474
53466464	1474
53466561	1474
53466754	1474
53466869	1474
53466966	1474
53467062	1474
53467154	1474
53467248	1474
53504214	1474
54265043	1474
54265223	1474
54265366	1474
54265503	1474
54265739	1474
54265927	1474
54266089	1474
54266242	1474
54266381	1474
54266541	1474
54266776	1474
54266924	1474
54267062	1474
54267200	1474
54267338	1474
54267475	1474
54267613	1474
54267758	1474
55064389	1474
55064601	1474
55064810	1474
55065041	1474
55065235	1474
55065401	1474
55065617	1474
55065830	1474
55065974	1474
55066108	1474
55066272	1474
55066406	1474
55066569	1474
55066715	1474
55066930	1474
55067195	1474
55067398	1474
55067537	1474
55865030	1474
55865203	1474
55865302	1474
55865397	1474
55865489	1474
55865590	1474
55865685	1474
55865803	1474
55865898	1474
55865991	1474
55866084	1474
55866176	1474
55866270	1474
55866364	1474
55866457	1474
55866570	1474
55866709	1474
55903655	1474
56664904	1474
56665086	1474
56665185	1474
56665278	1474
56665372	1474
56665468	1474
56665608	1474
56665738	1474
56665916	1474
56666010	1474
56666102	1474
56666292	1474
56666393	1474
56666488	1474
56666690	1474
56666800	1474
56666898	1474
56667100	1474
57734921	1474
57735067	1474
57735260	1474
57735361	1474
57735504	1474
57735602	1474
57735699	1474
57735824	1474
57736035	1474
57736261	1474
57736361	1474
57736454	1474
57736556	1474
57736649	1474
57736743	1474
57736835	1474
57736928	1474
57737021	1474
58531361	1474
58531601	1474
58531700	1474
58531933	1474
58532030	1474
58532120	1474
58532212	1474
58532307	1474
58532428	1474
58532536	1474
58532656	1474
58532752	1474
58532842	1474
58532934	1474
58533054	1474
58533149	1474
58533244	1474
58571571	1474
59331905	1474
59332051	1474
59332210	1474
59332311	1474
59332444	1474
59332566	1474
59332764	1474
59332865	1474
59332952	1474
59333043	1474
59333136	1474
59333335	1474
59333442	1474
59333537	1474
59333630	1474
59333723	1474
59333815	1474
59333908	1474
60131785	1474
60131885	1474
60131980	1474
60132127	1474
60132236	1474
60132437	1474
60132535	1474
60132655	1474
60132748	1474
60132840	1474
60132933	1474
60133024	1474
60133117	1474
60133234	1474
60133327	1474
60133431	1474
60133524	1474
60931065	1474
60931334	1474
60931440	1474
60931560	1474
60931653	1474
60931771	1474
60931862	1474
60931955	1474
60932047	1474
60932163	1474
60932446	1474
60932557	1474
60932654	1474
60932749	1474
60932841	1474
60932933	1474
60933026	1474
60975271	1474
61730690	1474
61730944	1474
61731067	1474
61731189	1474
61731302	1474
61731416	1474
61731511	1474
61731621	1474
61731717	1474
61731842	1474
61731963	1474
61732073	1474
61732212	1474
61732323	1474
61732421	1474
61732542	1474
62530447	1474
62530676	1474
62530848	1474
62530949	1474
62531052	1474
62531367	1474
62531471	1474
62531588	1474
62531727	1474
62531828	1474
62531941	1474
62532036	1474
62532134	1474
62532378	1474
62532476	1474
62532573	1474
62532672	1474
62532789	1474
63331158	1474
63331425	1474
63331528	1474
63331646	1474
63331743	1474
63331840	1474
63331936	1474
63332040	1474
63332165	1474
63332278	1474
63332394	1474
63332522	1474
63332620	1474
63332745	1474
63332842	1474
63332957	1474
63333071	1474
63333171	1474
64130289	1474
64130511	1474
64130628	1474
64130794	1474
64130906	1474
64131032	1474
64131214	1474
64131307	1474
64131470	1474
64131581	1474
64131669	1474
64131774	1474
64131865	1474
64131989	1474
64132081	1474
64132165	1474
64930302	1474
64930556	1474
64930691	1474
64930788	1474
64930880	1474
64930981	1474
64931096	1474
64931185	1474
64931289	1474
64931377	1474
64931466	1474
64931557	1474
64931663	1474
64931751	1474
64931841	1474
64931929	1474
64932030	1474
65730237	1474
65730463	1474
65730610	1474
65730888	1474
65731099	1474
65731247	1474
65731385	1474
65731524	1474
65731662	1474
65731801	1474
65731947	1474
65732087	1474
65732225	1474
65732362	1474
65732499	1474
65732663	1474
65732821	1474
65732969	1474
66533967	1474
66534159	1474
66534304	1474
66534453	1474
66534729	1474
66535016	1474
66535164	1474
66535336	1474
66535476	1474
66535619	1474
66535757	1474
66535930	1474
66536077	1474
66536216	1474
66536357	1474
66536498	1474
66536638	1474
66536777	1474
67331032	1474
67331286	1474
67331398	1474
67331512	1474
67331607	1474
67331701	1474
67331793	1474
67331915	1474
67332014	1474
67332131	1474
67332242	1474
67332340	1474
67332450	1474
67332555	1474
67332665	1474
67332778	1474
67332883	1474
68133856	1474
68134143	1474
68134246	1474
68134355	1474
68134452	1474
68134561	1474
68134735	1474
68134932	1474
68135044	1474
68135141	1474
68135236	1474
68135331	1474
68135426	1474
68135525	1474
68135642	1474
68135764	1474
68135902	1474
68930087	1474
68930274	1474
68930446	1474
68930632	1474
68930860	1474
68931129	1474
68931296	1474
68931464	1474
68931602	1474
68931755	1474
68931898	1474
68932065	1474
68932228	1474
68932371	1474
68932514	1474
68932651	1474
68932803	1474
68932943	1474
69730058	1474
69730268	1474
69730437	1474
69730606	1474
69730872	1474
69731132	1474
69731278	1474
69731415	1474
69731555	1474
69731706	1474
69731845	1474
69731985	1474
69732122	1474
69732297	1474
69732438	1474
69732598	1474
69732749	1474
69732889	1474
70529687	1474
70530002	1474
70530119	1474
70530283	1474
70530383	1474
70530509	1474
70530692	1474
70530919	1474
70531032	1474
70531129	1474
70531243	1474
70531355	1474
70531452	1474
70531559	1474
70531677	1474
70531795	1474
70531892	1474
71330169	1474
71330430	1474
71330555	1474
71330815	1474
71330937	1474
71331086	1474
71331294	1474
71331392	1474
71331501	1474
71331776	1474
71331890	1474
71332008	1474
71332126	1474
71332223	1474
71332341	1474
71332461	1474
71332573	1474
72130269	1474
72130535	1474
72130703	1474
72130832	1474
72130948	1474
72131161	1474
72131269	1474
72131362	1474
72131457	1474
72131558	1474
72131656	1474
72131754	1474
72131860	1474
72131958	1474
72132076	1474
72132176	1474
72132274	1474
72930171	1474
72930320	1474
72930484	1474
72930586	1474
72930781	1474
72930879	1474
72930982	1474
72931076	1474
72931179	1474
72931275	1474
72931372	1474
72931467	1474
72931587	1474
72931684	1474
72931781	1474
72931877	1474
72931979	1474
72932099	1474
73729174	1474
73729425	1474
73729601	1474
73729724	1474
73729821	1474
73730025	1474
73730128	1474
73730225	1474
73730320	1474
73730415	1474
73730574	1474
73730738	1474
73730832	1474
73730926	1474
73731049	1474
73731145	1474
73731237	1474
74529546	1474
74529769	1474
74529867	1474
74530074	1474
74530174	1474
74530270	1474
74530366	1474
74530467	1474
74530578	1474
74530705	1474
74530804	1474
74530932	1474
74531027	1474
74531122	1474
74531216	1474
74531311	1474
74531407	1474
74531518	1474
75329839	1474
75330085	1474
75330184	1474
75330280	1474
75330371	1474
75330479	1474
75330575	1474
75330705	1474
75330814	1474
75330909	1474
75331002	1474
75331097	1474
75331192	1474
75331286	1474
75331384	1474
75331486	1474
75331579	1474
75331673	1474
76129358	1474
76129585	1474
76129684	1474
76129781	1474
76129874	1474
76129971	1474
76130066	1474
76130159	1474
76130254	1474
76130357	1474
76130454	1474
76130572	1474
76130710	1474
76130808	1474
76130902	1474
76130995	1474
76131089	1474
76131191	1474
76929277	1474
76929516	1474
76929616	1474
76929714	1474
76929808	1474
76929901	1474
76929995	1474
76930090	1474
76930183	1474
76930277	1474
76930386	1474
76930508	1474
76930626	1474
76930776	1474
76930874	1474
76930968	1474
76931065	1474
77729427	1474
77729708	1474
77729892	1474
77730007	1474
77730107	1474
77730353	1474
77730459	1474
77730555	1474
77730680	1474
77730783	1474
77730880	1474
77730977	1474
77731077	1474
77731169	1474
77731271	1474
77731370	1474
77731465	1474
77731557	1474
78528613	1474
78529082	1474
78529262	1474
78529407	1474
78529536	1474
78529744	1474
78529848	1474
78529945	1474
78530044	1474
78530139	1474
78530342	1474
78530438	1474
78530582	1474
78530729	1474
78530827	1474
78530921	1474
78531017	1474
79330512	1474
79330719	1474
79330818	1474
79330965	1474
79331063	1474
79331169	1474
79331365	1474
79331492	1474
79331586	1474
79331682	1474
79331777	1474
79331896	1474
79332016	1474
79332108	1474
79332214	1474
79332315	1474
79332411	1474
79332507	1474
80128821	1474
80129034	1474
80129148	1474
80129246	1474
80129341	1474
80129436	1474
80129556	1474
80129649	1474
80129743	1474
80129838	1474
80129937	1474
80130122	1474
80130229	1474
80130350	1474
80130443	1474
80130539	1474
80130688	1474
80928840	1474
80929072	1474
80929172	1474
80929267	1474
80929360	1474
80929453	1474
80929546	1474
80929667	1474
80929761	1474
80929853	1474
80929947	1474
80930055	1474
80930150	1474
80930245	1474
80930339	1474
80930433	1474
81728532	1474
81728714	1474
81728882	1474
81729118	1474
81729333	1474
81729480	1474
81729618	1474
81729756	1474
81729920	1474
81730068	1474
81730205	1474
81730342	1474
81730504	1474
81730642	1474
81730828	1474
81730975	1474
81731145	1474
81731286	1474
82528753	1474
82528924	1474
82529024	1474
82529138	1474
82529239	1474
82529342	1474
82529588	1474
82529695	1474
82529802	1474
82529898	1474
82529996	1474
82530098	1474
82530204	1474
82530326	1474
82530423	1474
82530536	1474
82530697	1474
82530802	1474
83328278	1474
83328504	1474
83328601	1474
83328722	1474
83328836	1474
83328967	1474
83329245	1474
83329379	1474
83329469	1474
83329603	1474
83329702	1474
83329790	1474
83329885	1474
83329989	1474
83330112	1474
83330223	1474
83330320	1474
83330417	1474
84395245	1474
84395512	1474
84395631	1474
84395741	1474
84395836	1474
84395974	1474
84396093	1474
84396191	1474
84396302	1474
84396414	1474
84396511	1474
84396608	1474
84396701	1474
84396799	1474
84396888	1474
84396997	1474
84397094	1474
84397207	1474
85195153	1474
85195355	1474
85195538	1474
85195653	1474
85195767	1474
85195873	1474
85196194	1474
85196328	1474
85196450	1474
85196563	1474
85196682	1474
85196780	1474
85196890	1474
85197020	1474
85197118	1474
85197232	1474
85197340	1474
85197440	1474
85994787	1474
85995019	1474
85995131	1474
85995277	1474
85995405	1474
85995688	1474
85995798	1474
85995901	1474
85995994	1474
85996104	1474
85996210	1474
85996309	1474
85996408	1474
85996506	1474
85996604	1474
85996703	1474
85996800	1474
85996938	1474
86795868	1474
86796016	1474
86796114	1474
86796211	1474
86796311	1474
86796408	1474
86796508	1474
86796623	1474
86796721	1474
86796825	1474
86796924	1474
86797023	1474
86797120	1474
86797218	1474
86797317	1474
86797415	1474
86797513	1474
87594587	1474
87594779	1474
87594906	1474
87595146	1474
87595354	1474
87595586	1474
87595694	1474
87595817	1474
87595921	1474
87596019	1474
87596119	1474
87596217	1474
87596336	1474
87596437	1474
87596536	1474
87596648	1474
87596745	1474
88394653	1474
88394782	1474
88394883	1474
88395023	1474
88395128	1474
88395253	1474
88395381	1474
88395480	1474
88395579	1474
88395679	1474
88395793	1474
88395891	1474
88395991	1474
88396088	1474
88396187	1474
88396284	1474
88396383	1474
89195175	1474
89195317	1474
89195455	1474
89195675	1474
89195889	1474
89196159	1474
89196303	1474
89196443	1474
89196614	1474
89196751	1474
89196890	1474
89197025	1474
89197165	1474
89197304	1474
89197438	1474
89197615	1474
89197756	1474
89996349	1474
89996502	1474
89996642	1474
89996817	1474
89997011	1474
89997195	1474
89997339	1474
89997486	1474
89997624	1474
89997761	1474
89997897	1474
89998035	1474
89998172	1474
89998334	1474
89998483	1474
89998622	1474
89998811	1474
90807628	1474
90807737	1474
90807852	1474
90807947	1474
90808044	1474
90808332	1474
90808438	1474
90808566	1474
90808670	1474
90808787	1474
90808889	1474
90808988	1474
90809087	1474
90809197	1474
90809299	1474
90809398	1474
90809499	1474
90809607	1474
91594167	1474
91594426	1474
91594529	1474
91594651	1474
91594898	1474
91595902	1474
91596012	1474
91596153	1474
91596278	1474
91596394	1474
91596518	1474
91596628	1474
91596730	1474
91596838	1474
91596983	1474
91597084	1474
91597200	1474
92397735	1474
92397922	1474
92398059	1474
92398267	1474
92398483	1474
92398694	1474
92398880	1474
92399023	1474
92399159	1474
92399319	1474
92399486	1474
92399625	1474
92399759	1474
92399895	1474
92400029	1474
92400165	1474
92400302	1474
93194120	1474
93194390	1474
93194498	1474
93194660	1474
93195085	1474
93195535	1474
93195843	1474
93195941	1474
93196035	1474
93196127	1474
93196223	1474
93196315	1474
93196406	1474
93196496	1474
93196582	1474
93196672	1474
93196761	1474
93196855	1474
93993951	1474
93994071	1474
93994268	1474
93994373	1474
93994586	1474
93994727	1474
93994829	1474
93994929	1474
93995031	1474
93995149	1474
93995265	1474
93995394	1474
93995493	1474
93995616	1474
93995715	1474
93995814	1474
93995914	1474
93996014	1474
94793646	1474
94793845	1474
94794086	1474
94794228	1474
94794354	1474
94794567	1474
94794793	1474
94795131	1474
94795237	1474
94795341	1474
94795443	1474
94795562	1474
94795659	1474
94795771	1474
94795885	1474
94795981	1474
94796081	1474
94796256	1474
95595371	1474
95595685	1474
95595816	1474
95595928	1474
95596055	1474
95596167	1474
95596495	1474
95596600	1474
95596736	1474
95596835	1474
95596931	1474
95597023	1474
95597152	1474
95597249	1474
95597349	1474
95597471	1474
95597559	1474
95597659	1474
96395052	1474
96395363	1474
96395460	1474
96395583	1474
96395795	1474
96395896	1474
96395990	1474
96396107	1474
96396202	1474
96396322	1474
96396411	1474
96396502	1474
96396594	1474
96396687	1474
96396779	1474
96396872	1474
96396965	1474
96397057	1474
97194793	1474
97194983	1474
97195115	1474
97195209	1474
97195304	1474
97195397	1474
97195489	1474
97195606	1474
97195768	1474
97195857	1474
97195949	1474
97196054	1474
97196148	1474
97196242	1474
97196339	1474
97196433	1474
97196525	1474
97196616	1474
97993413	1474
97993564	1474
97993705	1474
97993840	1474
97994005	1474
97994143	1474
97994281	1474
97994420	1474
97994643	1474
97994900	1474
97995079	1474
97995218	1474
97995355	1474
97995489	1474
97995625	1474
97995762	1474
97995899	1474
97996050	1474
99061791	1474
99062033	1474
99062202	1474
99062344	1474
99062533	1474
99062766	1474
99063007	1474
99063151	1474
99063292	1474
99063432	1474
99063574	1474
99063712	1474
99063852	1474
99064010	1474
99064152	1474
99064320	1474
99064495	1474
99064657	1474
99860407	1474
99860791	1474
99861049	1474
99861249	1474
99861494	1474
99861638	1474
99861802	1474
99861953	1474
99862094	1474
99862262	1474
99862399	1474
99862567	1474
99862763	1474
99862928	1474
99863067	1474
99863205	1474
99863341	1474
99863484	1474
100662334	1474
100662628	1474
100662806	1474
100662920	1474
100663056	1474
100663153	1474
100663263	1474
100663374	1474
100663481	1474
100663578	1474
100663675	1474
100663773	1474
100663885	1474
100663989	1474
100664086	1474
100664176	1474
100664291	1474
100664391	1474
101460153	1474
101460391	1474
101460490	1474
101460590	1474
101460685	1474
101460783	1474
101460881	1474
101460978	1474
101461072	1474
101461167	1474
101461265	1474
101461360	1474
101461453	1474
101461548	1474
101461641	1474
101461735	1474
101461843	1474
102260056	1474
102260309	1474
102260413	1474
102260505	1474
102260602	1474
102260776	1474
102260897	1474
102261063	1474
102261299	1474
102261389	1474
102261484	1474
102261586	1474
102261686	1474
102261856	1474
102261963	1474
102262081	1474
102262201	1474
102262325	1474
103059449	1474
103059748	1474
103059863	1474
103059965	1474
103060073	1474
103060196	1474
103060431	1474
103060540	1474
103060631	1474
103060763	1474
103060861	1474
103060952	1474
103061056	1474
103061159	1474
103061272	1474
103061371	1474
103061476	1474
103061590	1474
103859861	1474
103860014	1474
103860129	1474
103860241	1474
103860349	1474
103860452	1474
103860678	1474
103860897	1474
103861006	1474
103861123	1474
103861327	1474
103861428	1474
103861529	1474
103861689	1474
103861793	1474
103861931	1474
103862037	1474
104659712	1474
104659870	1474
104659981	1474
104660101	1474
104660219	1474
104660347	1474
104660474	1474
104660686	1474
104660788	1474
104660891	1474
104661005	1474
104661104	1474
104661200	1474
104661322	1474
104661424	1474
104661629	1474
104661759	1474
105461796	1474
105461979	1474
105462203	1474
105462305	1474
105462453	1474
105462680	1474
105462841	1474
105462955	1474
105463071	1474
105463172	1474
105463286	1474
105463400	1474
105463514	1474
105463623	1474
105463719	1474
105463853	1474
105463970	1474
105464069	1474
106259311	1474
106259664	1474
106259782	1474
106259903	1474
106260038	1474
106260162	1474
106260399	1474
106260522	1474
106260620	1474
106260736	1474
106260836	1474
106260934	1474
106261050	1474
106261150	1474
106261284	1474
106261403	1474
106261543	1474
107059653	1474
107059884	1474
107060003	1474
107060106	1474
107060262	1474
107060365	1474
107060676	1474
107060781	1474
107060891	1474
107060989	1474
107061102	1474
107061244	1474
107061343	1474
107061613	1474
107061714	1474
107061828	1474
107061950	1474
107062042	1474
107861984	1474
107862183	1474
107862408	1474
107862533	1474
107862750	1474
107862874	1474
107862996	1474
107863115	1474
107863226	1474
107863344	1474
107863457	1474
107863572	1474
107863682	1474
107863783	1474
107863878	1474
107863988	1474
107864097	1474
107864206	1474
108659060	1474
108659258	1474
108659369	1474
108659457	1474
108659572	1474
108659670	1474
108659759	1474
108659851	1474
108659940	1474
108660048	1474
108660136	1474
108660250	1474
108660356	1474
108660446	1474
108660555	1474
108660647	1474
108660770	1474
109459016	1474
109459190	1474
109459464	1474
109459605	1474
109459713	1474
109459932	1474
109460066	1474
109460196	1474
109460327	1474
109460430	1474
109460528	1474
109460648	1474
109460769	1474
109460890	1474
109460982	1474
109461094	1474
109461191	1474
109461318	1474
110258986	1474
110259140	1474
110259248	1474
110259340	1474
110259437	1474
110259549	1474
110259662	1474
110259765	1474
110259860	1474
110259960	1474
110260053	1474
110260150	1474
110260279	1474
110260393	1474
110260519	1474
110260616	1474
111058766	1474
111058996	1474
111059098	1474
111059231	1474
111059329	1474
111059454	1474
111059670	1474
111059770	1474
111059889	1474
111060003	1474
111060105	1474
111060220	1474
111060316	1474
111060434	1474
111060531	1474
111060630	1474
111060731	1474
111860883	1474
111861213	1474
111861318	1474
111861418	1474
111861563	1474
111861697	1474
111861954	1474
111862070	1474
111862196	1474
111862423	1474
111862585	1474
111862734	1474
111862838	1474
111862945	1474
111863066	1474
111863180	1474
111863281	1474
112658390	1474
112658658	1474
112658761	1474
112658880	1474
112659012	1474
112659254	1474
112659384	1474
112659483	1474
112659580	1474
112659677	1474
112659798	1474
112659922	1474
112660043	1474
112660147	1474
112660245	1474
112660342	1474
112660442	1474
112660544	1474
113461040	1474
113461298	1474
113461418	1474
113461543	1474
113461642	1474
113461773	1474
113461894	1474
113462226	1474
113462333	1474
113462456	1474
113462557	1474
113462788	1474
113462895	1474
113463021	1474
113463129	1474
113463248	1474
113463368	1474
113463488	1474
114258534	1474
114258804	1474
114258912	1474
114259044	1474
114259176	1474
114259420	1474
114259525	1474
114259635	1474
114259727	1474
114259828	1474
114259956	1474
114260084	1474
114260210	1474
114260323	1474
114260423	1474
114260535	1474
114260642	1474
115058807	1474
115059057	1474
115059160	1474
115059264	1474
115059366	1474
115059469	1474
115059593	1474
115059795	1474
115059926	1474
115060051	1474
115060150	1474
115060270	1474
115060392	1474
115060505	1474
115060881	1474
115060997	1474
115061087	1474
115858571	1474
115858812	1474
115858933	1474
115859063	1474
115859162	1474
115859255	1474
115859359	1474
115859457	1474
115859550	1474
115859650	1474
115859750	1474
115859859	1474
115859971	1474
115860090	1474
115860185	1474
115860307	1474
115860399	1474
116658291	1474
116658470	1474
116658789	1474
116658928	1474
116659050	1474
116659177	1474
116659395	1474
116659497	1474
116659760	1474
116659902	1474
116660004	1474
116660210	1474
116660340	1474
116660561	1474
116660662	1474
116660764	1474
116660877	1474
117191497	1474
117191715	1474
117191834	1474
117191936	1474
117192062	1474
117192273	1474
117192376	1474
117192477	1474
117192575	1474
117192691	1474
117192800	1474
117192903	1474
117193021	1474
117193143	1474
117193241	1474
117193339	1474
118258315	1474
118258498	1474
118258684	1474
118258789	1474
118258883	1474
118258982	1474
118259213	1474
118259318	1474
118259418	1474
118259514	1474
118259611	1474
118259719	1474
118259812	1474
118259909	1474
118260015	1474
118260115	1474
118260310	1474
119057960	1474
119058118	1474
119058216	1474
119058401	1474
119058500	1474
119058627	1474
119058777	1474
119058875	1474
119058972	1474
119059072	1474
119059168	1474
119059263	1474
119059357	1474
119059451	1474
119059572	1474
119059684	1474
119059779	1474
119059878	1474
119858064	1474
119858250	1474
119858338	1474
119858423	1474
119858508	1474
119858629	1474
119858760	1474
119858846	1474
119858931	1474
119859015	1474
119859098	1474
119859182	1474
119859264	1474
119859346	1474
119859429	1474
119859513	1474
119859613	1474
119859698	1474
120660920	1474
120661075	1474
120661173	1474
120661268	1474
120661359	1474
120661480	1474
120661587	1474
120661684	1474
120661777	1474
120661868	1474
120661963	1474
120662158	1474
120662264	1474
120662668	1474
120662829	1474
120662925	1474
120663025	1474
121457541	1474
121457699	1474
121457790	1474
121457908	1474
121458002	1474
121458095	1474
121458187	1474
121458281	1474
121458374	1474
121458492	1474
121458621	1474
121458756	1474
121458850	1474
121458941	1474
121459033	1474
121459126	1474
121459218	1474
121459312	1474
122258298	1474
122258623	1474
122258764	1474
122258864	1474
122258961	1474
122259204	1474
122259312	1474
122259393	1474
122259502	1474
122259601	1474
122259715	1474
122259814	1474
122260023	1474
122260148	1474
122260248	1474
122260373	1474
122260480	1474
122260602	1474
123058595	1474
123058854	1474
123058952	1474
123059046	1474
123059134	1474
123059225	1474
123059318	1474
123059443	1474
123059533	1474
123059627	1474
123059752	1474
123059948	1474
123060042	1474
123060134	1474
123060226	1474
123060316	1474
123060407	1474
123858575	1474
123858859	1474
123858954	1474
123859046	1474
123859132	1474
123859221	1474
123859313	1474
123859412	1474
123859530	1474
123859623	1474
123859714	1474
123859808	1474
123859899	1474
123859991	1474
123860082	1474
123860174	1474
123860266	1474
124657935	1474
124658132	1474
124658270	1474
124658417	1474
124658640	1474
124658876	1474
124659045	1474
124659180	1474
124659313	1474
124659458	1474
124659591	1474
124659749	1474
124659885	1474
124660018	1474
124660151	1474
124660284	1474
124660431	1474
125458204	1474
125458422	1474
125458585	1474
125458808	1474
125459018	1474
125459175	1474
125459475	1474
125459663	1474
125459815	1474
125459950	1474
125460084	1474
125460218	1474
125460364	1474
125460499	1474
125460635	1474
125460771	1474
125460904	1474
125461038	1474
126260190	1474
126260438	1474
126260611	1474
126260753	1474
126260911	1474
126261053	1474
126261280	1474
126261483	1474
126261653	1474
126261870	1474
126262094	1474
126262264	1474
126262413	1474
126262550	1474
126262791	1474
126262998	1474
126263218	1474
127059832	1474
127060044	1474
127060208	1474
127060457	1474
127060595	1474
127060763	1474
127060911	1474
127061011	1474
127061111	1474
127061256	1474
127061355	1474
127061525	1474
127061641	1474
127061741	1474
127061953	1474
127062091	1474
127062237	1474
127856984	1474
127857232	1474
127857380	1474
127857588	1474
127857789	1474
127857993	1474
127858148	1474
127858287	1474
127858425	1474
127858565	1474
127858760	1474
127858967	1474
127859175	1474
127859496	1474
127859637	1474
127859804	1474
127859939	1474
127860076	1474
128656882	1474
128657011	1474
128657209	1474
128657345	1474
128657465	1474
128657583	1474
128657710	1474
128657903	1474
128658004	1474
128658116	1474
128658234	1474
128658335	1474
128658434	1474
128658533	1474
128658656	1474
128658862	1474
128658983	1474
128659119	1474
129456992	1474
129457183	1474
129457378	1474
129457551	1474
129457762	1474
129457992	1474
129458136	1474
129458273	1474
129458430	1474
129458569	1474
129458777	1474
129458940	1474
129459124	1474
129459263	1474
129459399	1474
129459536	1474
129459672	1474
129459808	1474
130259775	1474
130260098	1474
130260226	1474
130260349	1474
130260452	1474
130260736	1474
130260842	1474
130261051	1474
130261186	1474
130261311	1474
130261424	1474
130261534	1474
130261631	1474
130261731	1474
130261852	1474
130261949	1474
130262061	1474
130262160	1474
131062285	1474
131062464	1474
131062753	1474
131062896	1474
131063160	1474
131063325	1474
131063719	1474
131064027	1474
131064143	1474
131064360	1474
131064655	1474
131064879	1474
131065187	1474
131065524	1474
131065665	1474
131065997	1474
131856434	1474
131856569	1474
131856736	1474
131856910	1474
131857006	1474
131857215	1474
131857316	1474
131857411	1474
131857505	1474
131857598	1474
131857690	1474
131857783	1474
131857889	1474
131858054	1474
131858152	1474
132658667	1474
132658875	1474
132658977	1474
132659186	1474
132659332	1474
132659442	1474
132659539	1474
132659705	1474
132659813	1474
132659911	1474
132660032	1474
132660124	1474
132660217	1474
132660311	1474
132660405	1474
132660500	1474
132660621	1474
133456657	1474
133456823	1474
133456997	1474
133457098	1474
133457222	1474
133457319	1474
133457512	1474
133457613	1474
133457717	1474
133457810	1474
133457914	1474
133458004	1474
133458095	1474
133458188	1474
133458281	1474
133458374	1474
133458466	1474
133458583	1474
134256391	1474
134256560	1474
134256659	1474
134256770	1474
134256866	1474
134256960	1474
134257054	1474
134257145	1474
134257239	1474
134257334	1474
134257434	1474
134257530	1474
134257625	1474
134257729	1474
134257835	1474
134257934	1474
134258028	1474
134258120	1474
135056488	1474
135056680	1474
135056838	1474
135056935	1474
135057034	1474
135057131	1474
135057221	1474
135057337	1474
135057443	1474
135057541	1474
135057647	1474
135057747	1474
135057844	1474
135057936	1474
135058056	1474
135058147	1474
135058239	1474
135856144	1474
135856354	1474
135856454	1474
135856552	1474
135856659	1474
135856750	1474
135856845	1474
135856942	1474
135857037	1474
135857126	1474
135857219	1474
135857337	1474
135857430	1474
135857523	1474
135857636	1474
135857727	1474
135857820	1474
136656013	1474
136656203	1474
136656435	1474
136656678	1474
136656878	1474
136657120	1474
136657264	1474
136657407	1474
136657553	1474
136657695	1474
136657832	1474
136657974	1474
136658112	1474
136658253	1474
136658394	1474
136658539	1474
136658678	1474
137458892	1474
137459124	1474
137459268	1474
137459441	1474
137459682	1474
137459952	1474
137460098	1474
137460275	1474
137460469	1474
137460782	1474
137460953	1474
137461157	1474
137461300	1474
137461443	1474
137461599	1474
137461770	1474
137461914	1474
137462118	1474
138256077	1474
138256261	1474
138256439	1474
138256626	1474
138256844	1474
138257089	1474
138257230	1474
138257370	1474
138257513	1474
138257652	1474
138257795	1474
138257964	1474
138258174	1474
138258432	1474
138258592	1474
138258789	1474
138258991	1474
138259136	1474
138789216	1474
138789472	1474
138789619	1474
138789776	1474
138789957	1474
138790161	1474
138790402	1474
138790559	1474
138790750	1474
138790901	1474
138791059	1474
138791230	1474
138791370	1474
138791526	1474
138791692	1474
139855694	1474
139855855	1474
139856000	1474
139856139	1474
139856283	1474
139856450	1474
139856599	1474
139856742	1474
139856884	1474
139857028	1474
139857171	1474
139857317	1474
139857473	1474
139857617	1474
139857819	1474
139858039	1474
139858265	1474
140655635	1474
140655790	1474
140655965	1474
140656181	1474
140656352	1474
140656521	1474
140656662	1474
140656803	1474
140656964	1474
140657132	1474
140657272	1474
140657422	1474
140657562	1474
140657734	1474
140657933	1474
140658123	1474
140658268	1474
140658428	1474
141455508	1474
141455667	1474
141455832	1474
141456035	1474
141456237	1474
141456458	1474
141456604	1474
141456744	1474
141456915	1474
141457054	1474
141457197	1474
141457347	1474
141457491	1474
141457633	1474
141457817	1474
141458013	1474
141458260	1474
141458404	1474
142256495	1474
142256706	1474
142256849	1474
142256989	1474
142257125	1474
142257275	1474
142257417	1474
142257576	1474
142257723	1474
142257888	1474
142258029	1474
142258166	1474
142258322	1474
142258465	1474
142258606	1474
142258797	1474
142258948	1474
143055817	1474
143055968	1474
143056094	1474
143056231	1474
143056356	1474
143056477	1474
143056600	1474
143056726	1474
143056847	1474
143056969	1474
143057088	1474
143057227	1474
143057350	1474
143057542	1474
143057721	1474
143057848	1474
143057976	1474
143856764	1474
143856980	1474
143857132	1474
143857303	1474
143857509	1474
143857671	1474
143857808	1474
143857943	1474
143858087	1474
143858225	1474
143858359	1474
143858519	1474
143858654	1474
143858835	1474
143858976	1474
143859119	1474
143859256	1474
143859392	1474
144655122	1474
144655326	1474
144655440	1474
144655793	1474
144656059	1474
144656164	1474
144656258	1474
144656372	1474
144656470	1474
144656581	1474
144656682	1474
144656808	1474
144656919	1474
144657017	1474
144657131	1474
144657230	1474
144657347	1474
144657445	1474
145458068	1474
145458289	1474
145458509	1474
145458743	1474
145459058	1474
145459199	1474
145459353	1474
145459525	1474
145459834	1474
145460102	1474
145460232	1474
145460353	1474
145460474	1474
145460594	1474
145460713	1474
145460835	1474
145460965	1474
145461110	1474
146255454	1474
146255646	1474
146255792	1474
146255930	1474
146256090	1474
146256307	1474
146256452	1474
146256595	1474
146256732	1474
146256875	1474
146257054	1474
146257258	1474
146257474	1474
146257619	1474
146257758	1474
146257896	1474
146258080	1474
146258219	1474
147056990	1474
147057708	1474
147057943	1474
147058218	1474
147058364	1474
147058530	1474
147058748	1474
147058915	1474
147059064	1474
147059203	1474
147059341	1474
147059567	1474
147059760	1474
147060286	1474
147060562	1474
147060735	1474
147060909	1474
147061056	1474
147856916	1474
147857211	1474
147857444	1474
147857625	1474
147857751	1474
147857889	1474
147858036	1474
147858160	1474
147858289	1474
147858415	1474
147858539	1474
147858667	1474
147858847	1474
147859063	1474
147859241	1474
147859578	1474
147859890	1474
147860087	1474
148921639	1474
148921794	1474
148921941	1474
148922118	1474
148922311	1474
148922465	1474
148922604	1474
148922787	1474
148922941	1474
148923080	1474
148923214	1474
148923350	1474
148923485	1474
148923621	1474
148923756	1474
148923901	1474
148924037	1474
148924177	1474
149456137	1474
149456358	1474
149456483	1474
149456576	1474
149456696	1474
149456872	1474
149456974	1474
149457096	1474
149457255	1474
149457352	1474
149457448	1474
149457542	1474
149457636	1474
149457730	1474
149457831	1474
149457926	1474
149458014	1474
150255310	1474
150255514	1474
150255683	1474
150255901	1474
150256096	1474
150256263	1474
150256400	1474
150256537	1474
150256673	1474
150256819	1474
150256956	1474
150257092	1474
150257228	1474
150257392	1474
150257528	1474
150257665	1474
150257809	1474
151054735	1474
151054883	1474
151054983	1474
151055076	1474
151055170	1474
151055264	1474
151055377	1474
151055468	1474
151055556	1474
151055647	1474
151055746	1474
151055842	1474
151055934	1474
151056029	1474
151056122	1474
151056215	1474
151854780	1474
151854927	1474
151855024	1474
151855121	1474
151855222	1474
151855321	1474
151855418	1474
151855512	1474
151855642	1474
151855738	1474
151855835	1474
151855929	1474
151856021	1474
151856117	1474
151856213	1474
151856306	1474
151856405	1474
151856502	1474
152654549	1474
152654770	1474
152654867	1474
152655002	1474
152655107	1474
152655204	1474
152655298	1474
152655392	1474
152655486	1474
152655597	1474
152655693	1474
152655786	1474
152655881	1474
152655975	1474
152656070	1474
152656190	1474
153454769	1474
153454959	1474
153455083	1474
153455179	1474
153455273	1474
153455366	1474
153455560	1474
153455661	1474
153455757	1474
153455852	1474
153455945	1474
153456061	1474
153456155	1474
153456246	1474
153456339	1474
153456457	1474
153456560	1474
153456658	1474
154254208	1474
154254371	1474
154254476	1474
154254790	1474
154254917	1474
154255081	1474
154255178	1474
154255272	1474
154255365	1474
154255456	1474
154255561	1474
154255652	1474
154255745	1474
154255839	1474
154255935	1474
154256028	1474
154256122	1474
155053700	1474
155053866	1474
155053961	1474
155054148	1474
155054244	1474
155054338	1474
155054511	1474
155054630	1474
155054792	1474
155054886	1474
155054987	1474
155055079	1474
155055172	1474
155055265	1474
155055357	1474
155055458	1474
155055555	1474
155055647	1474
155854128	1474
155854356	1474
155854465	1474
155854607	1474
155854744	1474
155854833	1474
155854925	1474
155855042	1474
155855136	1474
155855228	1474
155855321	1474
155855505	1474
155855599	1474
155855692	1474
155855811	1474
155855909	1474
156657467	1474
156657591	1474
156657700	1474
156657795	1474
156657917	1474
156658039	1474
156658168	1474
156658500	1474
156658623	1474
156658810	1474
156658925	1474
156659027	1474
156659127	1474
156659249	1474
156659364	1474
156659467	1474
156659593	1474
156659692	1474
157454093	1474
157454213	1474
157454384	1474
157454485	1474
157454733	1474
157454841	1474
157455142	1474
157455258	1474
157455382	1474
157455491	1474
157455592	1474
157455706	1474
157455804	1474
157455904	1474
157456026	1474
157456125	1474
157456242	1474
158253983	1474
158254096	1474
158254234	1474
158254332	1474
158254468	1474
158254591	1474
158254754	1474
158254860	1474
158254978	1474
158255103	1474
158255216	1474
158255315	1474
158255428	1474
158255525	1474
158255641	1474
158255786	1474
158255909	1474
158256001	1474
159053554	1474
159053673	1474
159053787	1474
159053897	1474
159053996	1474
159054102	1474
159054262	1474
159054387	1474
159054488	1474
159054637	1474
159054843	1474
159054965	1474
159055085	1474
159055355	1474
159853547	1474
159853661	1474
159853924	1474
159854030	1474
159854235	1474
159854334	1474
159854512	1474
159854806	1474
159854914	1474
159855013	1474
159855144	1474
159855242	1474
159855372	1474
159855472	1474
159855572	1474
159855688	1474
159855784	1474
160653405	1474
160653524	1474
160653637	1474
160653743	1474
160653859	1474
160654312	1474
160654417	1474
160654529	1474
160654726	1474
160654828	1474
160654930	1474
160655033	1474
160655159	1474
160655260	1474
160655371	1474
160655470	1474
160655571	1474
160655670	1474
161188725	1474
161189156	1474
161189278	1474
161189482	1474
161189775	1474
161189880	1474
161189973	1474
161190089	1474
161190190	1474
161190289	1474
161190416	1474
161190518	1474
161190640	1474
161190793	1474
161190920	1474
161191029	1474
161987009	1474
161987171	1474
161987305	1474
161987420	1474
161987648	1474
161987756	1474
161987875	1474
161987987	1474
161988101	1474
161988210	1474
161988316	1474
161988440	1474
161988533	1474
161988635	1474
161988730	1474
161988841	1474
161988940	1474
163056122	1474
163056268	1474
163056414	1474
163056518	1474
163056696	1474
163056805	1474
163057142	1474
163057248	1474
163057338	1474
163057461	1474
163057586	1474
163057684	1474
163057795	1474
163057924	1474
163058041	1474
163058156	1474
163058412	1474
163058518	1474
163853631	1474
163853749	1474
163853841	1474
163854129	1474
163854247	1474
163854394	1474
163854493	1474
163854596	1474
163854780	1474
163854939	1474
163855061	1474
163855164	1474
163855291	1474
163855427	1474
163855525	1474
163855627	1474
163855746	1474
163855843	1474
164387513	1474
164387627	1474
164387722	1474
164387837	1474
164388018	1474
164388115	1474
164388229	1474
164388329	1474
164388422	1474
164388520	1474
164388645	1474
164388748	1474
164388856	1474
164388970	1474
164389072	1474
164389192	1474
165186451	1474
165186596	1474
165186765	1474
165186878	1474
165187001	1474
165187128	1474
165187239	1474
165187372	1474
165187496	1474
165187596	1474
165187712	1474
165187820	1474
165187945	1474
165188071	1474
165188195	1474
165188321	1474
165188422	1474
165986531	1474
165986650	1474
165986934	1474
165987035	1474
165987164	1474
165987507	1474
165987636	1474
165987750	1474
165988038	1474
165988143	1474
165988243	1474
165988339	1474
165988456	1474
165988595	1474
165988696	1474
165988801	1474
165988920	1474
166786126	1474
166786377	1474
166786495	1474
166786643	1474
166786831	1474
166786938	1474
166787056	1474
166787171	1474
166787274	1474
166787384	1474
166787508	1474
166787613	1474
166787752	1474
166787859	1474
166787959	1474
166788079	1474
166788180	1474
167586877	1474
167587157	1474
167587258	1474
167587356	1474
167587466	1474
167587577	1474
167587684	1474
167587807	1474
167587921	1474
167588038	1474
167588155	1474
167588253	1474
167588367	1474
167588479	1474
167588599	1474
167588712	1474
167588832	1474
168385879	1474
168386108	1474
168386225	1474
168386339	1474
168386438	1474
168386548	1474
168386867	1474
168386972	1474
168387076	1474
168387192	1474
168387315	1474
168387413	1474
168387514	1474
168387611	1474
168387722	1474
168387832	1474
168387928	1474
169187059	1474
169187333	1474
169187439	1474
169187547	1474
169187736	1474
169187826	1474
169187948	1474
169188079	1474
169188191	1474
169188289	1474
169188400	1474
169188518	1474
169188723	1474
169188817	1474
169188920	1474
169189017	1474
169189114	1474
169189207	1474
169985843	1474
169986088	1474
169986197	1474
169986306	1474
169986404	1474
169986504	1474
169986632	1474
169986933	1474
169987044	1474
169987156	1474
169987254	1474
169987348	1474
169987438	1474
169987545	1474
169987658	1474
169987768	1474
169987866	1474
170788311	1474
170788611	1474
170788721	1474
170788840	1474
170788939	1474
170789043	1474
170789304	1474
170789409	1474
170789506	1474
170789602	1474
170789702	1474
170789802	1474
170789916	1474
170790025	1474
170790123	1474
170790222	1474
170790319	1474
170790417	1474
171585959	1474
171586240	1474
171586345	1474
171586533	1474
171586635	1474
171586799	1474
171586902	1474
171587008	1474
171587106	1474
171587217	1474
171587316	1474
171587415	1474
171587598	1474
171587709	1474
171587809	1474
171587910	1474
172385296	1474
172385562	1474
172385674	1474
172385924	1474
172386046	1474
172386155	1474
172386251	1474
172386363	1474
172386538	1474
172386740	1474
172386848	1474
172386958	1474
172387090	1474
172387185	1474
172387294	1474
172387397	1474
173185933	1474
173186088	1474
173186198	1474
173186295	1474
173186410	1474
173186513	1474
173186628	1474
173186798	1474
173186908	1474
173187011	1474
173187109	1474
173187222	1474
173187346	1474
173187444	1474
173187557	1474
173187676	1474
173187772	1474
173989169	1474
173989428	1474
173989546	1474
173989641	1474
173989736	1474
173989839	1474
173989973	1474
173990266	1474
173990359	1474
173990479	1474
173990577	1474
173990738	1474
173990831	1474
173990942	1474
173991040	1474
173991154	1474
173991250	1474
173991357	1474
174786024	1474
174786211	1474
174786356	1474
174786547	1474
174786789	1474
174787045	1474
174787186	1474
174787326	1474
174787478	1474
174787617	1474
174787755	1474
174787917	1474
174788057	1474
174788195	1474
174788357	1474
174788508	1474
174788647	1474
174788785	1474
175585354	1474
175585626	1474
175585748	1474
175585861	1474
175585957	1474
175586066	1474
175586331	1474
175586462	1474
175586595	1474
175586762	1474
175586899	1474
175586995	1474
175587094	1474
175587191	1474
175587298	1474
175587416	1474
175587513	1474
175587629	1474
176386118	1474
176386818	1474
176386942	1474
176387149	1474
176387368	1474
176388333	1474
176388474	1474
176388743	1474
176388996	1474
176389197	1474
176389437	1474
176389663	1474
176389796	1474
176389969	1474
176391869	1474
176391997	1474
176392397	1474
177185372	1474
177185548	1474
177185797	1474
177185966	1474
177186110	1474
177186378	1474
177186477	1474
177186592	1474
177186754	1474
177186860	1474
177186956	1474
177187071	1474
177187172	1474
177187290	1474
177187387	1474
177187516	1474
177187620	1474
177986402	1474
177986613	1474
177986756	1474
177986853	1474
177986962	1474
177987063	1474
177987278	1474
177987380	1474
177987476	1474
177987568	1474
177987662	1474
177987761	1474
177987858	1474
177987947	1474
177988054	1474
177988173	1474
177988271	1474
178787971	1474
178788163	1474
178788262	1474
178788358	1474
178788450	1474
178788543	1474
178788638	1474
178788739	1474
178788831	1474
178788935	1474
178789052	1474
178789149	1474
178789245	1474
178789360	1474
178789455	1474
178789689	1474
178789837	1474
178790344	1474
179586191	1474
179586387	1474
179586485	1474
179586604	1474
179586760	1474
179586859	1474
179586968	1474
179587063	1474
179587160	1474
179587253	1474
179587350	1474
179587443	1474
179587535	1474
179587628	1474
179587722	1474
179587821	1474
179587926	1474
179588017	1474
180384922	1474
180385070	1474
180385222	1474
180385321	1474
180385445	1474
180385547	1474
180385757	1474
180385868	1474
180385992	1474
180386089	1474
180386185	1474
180386281	1474
180386414	1474
180386510	1474
180386605	1474
180386732	1474
180386889	1474
180389090	1474
181451585	1474
181451735	1474
181452369	1474
181452565	1474
181452694	1474
181452798	1474
181452897	1474
181452996	1474
181453088	1474
181453184	1474
181453283	1474
181453378	1474
181453472	1474
181453569	1474
181453691	1474
181453795	1474
181453888	1474
181453984	1474
182251528	1474
182251677	1474
182251799	1474
182251912	1474
182252007	1474
182252099	1474
182252194	1474
182252290	1474
182252385	1474
182252480	1474
182252574	1474
182252669	1474
182252776	1474
182252900	1474
182253081	1474
182253183	1474
182253286	1474
182253489	1474
183051143	1474
183051343	1474
183051445	1474
183051579	1474
183051693	1474
183051796	1474
183051917	1474
183052015	1474
183052110	1474
183052203	1474
183052324	1474
183052421	1474
183052518	1474
183052612	1474
183052717	1474
183052812	1474
183052905	1474
183053002	1474
183852117	1474
183852260	1474
183852401	1474
183852630	1474
183852874	1474
183853192	1474
183853385	1474
183853540	1474
183853686	1474
183853829	1474
183853966	1474
183854111	1474
183854246	1474
183854393	1474
183854530	1474
183854676	1474
183854886	1474
184652293	1474
184652396	1474
184652494	1474
184652599	1474
184652706	1474
184652926	1474
184653049	1474
184653181	1474
184653471	1474
184653622	1474
184653740	1474
184653953	1474
184654053	1474
184654199	1474
184654306	1474
184654437	1474
184654539	1474
184654732	1474
185451300	1474
185451411	1474
185451524	1474
185451645	1474
185451786	1474
185452082	1474
185452186	1474
185452296	1474
185452398	1474
185452515	1474
185452637	1474
185452740	1474
185452840	1474
185452944	1474
185453181	1474
185453286	1474
185453403	1474
185453504	1474
186250516	1474
186250779	1474
186250886	1474
186251023	1474
186251135	1474
186251262	1474
186251516	1474
186251659	1474
186251757	1474
186251868	1474
186251963	1474
186252106	1474
186252219	1474
186252345	1474
186252444	1474
186252557	1474
186252697	1474
186252816	1474
187051451	1474
187051708	1474
187051816	1474
187051908	1474
187052010	1474
187052128	1474
187052255	1474
187052466	1474
187052595	1474
187052696	1474
187052804	1474
187052907	1474
187053035	1474
187053277	1474
187053412	1474
187053522	1474
187053637	1474
187053737	1474
187850359	1474
187850603	1474
187850789	1474
187850929	1474
187851040	1474
187851201	1474
187851447	1474
187851562	1474
187851662	1474
187851779	1474
187851878	1474
187851978	1474
187852076	1474
187852177	1474
187852274	1474
187852373	1474
187852495	1474
188653077	1474
188653191	1474
188653312	1474
188653425	1474
188653560	1474
188653649	1474
188653746	1474
188653845	1474
188653954	1474
188654068	1474
188654166	1474
188654264	1474
188654361	1474
188654500	1474
188654611	1474
188654781	1474
189450837	1474
189450992	1474
189451091	1474
189451190	1474
189451307	1474
189451440	1474
189451655	1474
189451752	1474
189451839	1474
189451932	1474
189452055	1474
189452154	1474
189452250	1474
189452339	1474
189452450	1474
189452548	1474
189452655	1474
189452777	1474
190251724	1474
190251923	1474
190252028	1474
190252151	1474
190252278	1474
190252511	1474
190252617	1474
190252727	1474
190252856	1474
190252952	1474
190253040	1474
190253143	1474
190253239	1474
190253359	1474
190253474	1474
190253570	1474
190253670	1474
190253769	1474
191050805	1474
191051069	1474
191051162	1474
191051255	1474
191051422	1474
191051548	1474
191051638	1474
191051735	1474
191051854	1474
191051969	1474
191052068	1474
191052183	1474
191052297	1474
191052394	1474
191052536	1474
191052654	1474
191052776	1474
191052912	1474
191851596	1474
191851855	1474
191852025	1474
191852164	1474
191852317	1474
191852454	1474
191852596	1474
191852759	1474
191852897	1474
191853075	1474
191853222	1474
191853363	1474
191853505	1474
191853642	1474
191853783	1474
191853923	1474
191854063	1474
191854209	1474
192651339	1474
192651898	1474
192652130	1474
192652391	1474
192652532	1474
192652674	1474
192652813	1474
192652955	1474
192653105	1474
192653246	1474
192653384	1474
192653523	1474
192653664	1474
192653806	1474
192653969	1474
192654120	1474
192654259	1474
193717919	1474
193718072	1474
193718214	1474
193718427	1474
193718647	1474
193718846	1474
193718986	1474
193719141	1474
193719279	1474
193719423	1474
193719562	1474
193719704	1474
193719847	1474
193720076	1474
193720269	1474
193720417	1474
193720559	1474
193720702	1474
194250920	1474
194251159	1474
194251308	1474
194251446	1474
194251613	1474
194251750	1474
194251918	1474
194252069	1474
194252209	1474
194252353	1474
194252490	1474
194252629	1474
194252767	1474
194252908	1474
194253055	1474
194253197	1474
195049836	1474
195050179	1474
195050358	1474
195050570	1474
195050810	1474
195051039	1474
195051204	1474
195051429	1474
195051595	1474
195051752	1474
195051890	1474
195052041	1474
195052182	1474
195052322	1474
195052458	1474
195052594	1474
195052731	1474
195851107	1474
195851415	1474
195851621	1474
195851826	1474
195852031	1474
195852177	1474
195852338	1474
195852485	1474
195852645	1474
195852781	1474
195852923	1474
195853059	1474
195853196	1474
195853332	1474
195853466	1474
195853621	1474
195853759	1474
196649657	1474
196649906	1474
196650011	1474
196650103	1474
196650194	1474
196650286	1474
196650402	1474
196650494	1474
196650586	1474
196650713	1474
196650814	1474
196650988	1474
196651094	1474
196651189	1474
196651282	1474
196651374	1474
196651492	1474
197449322	1474
197449587	1474
197449684	1474
197449780	1474
197449881	1474
197449975	1474
197450068	1474
197450161	1474
197450253	1474
197450346	1474
197450437	1474
197450529	1474
197450677	1474
197450777	1474
197450877	1474
197450974	1474
197451062	1474
197451153	1474
198251116	1474
198251373	1474
198251498	1474
198251590	1474
198251696	1474
198251792	1474
198251901	1474
198251994	1474
198252086	1474
198252205	1474
198252295	1474
198252389	1474
198252482	1474
198252576	1474
198252671	1474
198252767	1474
198252873	1474
198252970	1474
199051218	1474
199051416	1474
199051616	1474
199051804	1474
199052078	1474
199052249	1474
199052408	1474
199052540	1474
199052694	1474
199052832	1474
199052969	1474
199053105	1474
199053236	1474
199053399	1474
199053561	1474
199053763	1474
199054024	1474
199850830	1474
199851106	1474
199851211	1474
199851311	1474
199851407	1474
199851507	1474
199851604	1474
199851799	1474
199851925	1474
199852049	1474
199852144	1474
199852240	1474
199852357	1474
199852470	1474
199852569	1474
199852677	1474
199852793	1474
200649163	1474
200649446	1474
200649576	1474
200649725	1474
200649848	1474
200649965	1474
200650064	1474
200650188	1474
200650288	1474
200650385	1474
200650484	1474
200650685	1474
200650790	1474
200650889	1474
200650988	1474
200651110	1474
200651212	1474
200651311	1474
201449203	1474
201449526	1474
201449629	1474
201449732	1474
201449857	1474
201449954	1474
201450074	1474
201450188	1474
201450311	1474
201450409	1474
201450505	1474
201450603	1474
201450816	1474
201450911	1474
201451007	1474
201451107	1474
201451202	1474
202250561	1474
202250863	1474
202250959	1474
202251067	1474
202251175	1474
202251296	1474
202251395	1474
202251490	1474
202251588	1474
202251704	1474
202251803	1474
202251918	1474
202252037	1474
202252157	1474
202252255	1474
202252352	1474
202252459	1474
202252567	1474
203316876	1474
203317019	1474
203317188	1474
203317397	1474
203317665	1474
203317830	1474
203317973	1474
203318112	1474
203318276	1474
203318425	1474
203318573	1474
203318758	1474
203318904	1474
203319042	1474
203319180	1474
203319318	1474
203319455	1474
203319606	1474
203849140	1474
203849365	1474
203849465	1474
203849572	1474
203849668	1474
203849787	1474
203849920	1474
203850016	1474
203850137	1474
203850225	1474
203850346	1474
203850439	1474
203850551	1474
203850690	1474
203850791	1474
203850878	1474
204648886	1474
204649229	1474
204649342	1474
204649439	1474
204649537	1474
204649635	1474
204649757	1474
204649861	1474
204649956	1474
204650053	1474
204650157	1474
204650272	1474
204650370	1474
204650477	1474
204650610	1474
204650768	1474
204650871	1474
204650998	1474
205715587	1474
205715844	1474
205715942	1474
205716037	1474
205716131	1474
205716221	1474
205716315	1474
205716409	1474
205716586	1474
205716711	1474
205716808	1474
205716903	1474
205716999	1474
205717094	1474
205717191	1474
205717286	1474
205717382	1474
205717562	1474
206248814	1474
206248976	1474
206249089	1474
206249183	1474
206249290	1474
206249407	1474
206249504	1474
206249629	1474
206249739	1474
206249836	1474
206249934	1474
206250050	1474
206250140	1474
206250239	1474
206250353	1474
206250463	1474
207048590	1474
207048868	1474
207049009	1474
207049135	1474
207049251	1474
207049359	1474
207049465	1474
207049583	1474
207049688	1474
207049788	1474
207049888	1474
207049993	1474
207050092	1474
207050192	1474
207050292	1474
207050404	1474
207050504	1474
207050631	1474
208115198	1474
208115479	1474
208115583	1474
208115678	1474
208115786	1474
208116016	1474
208116121	1474
208116222	1474
208116348	1474
208116464	1474
208116560	1474
208116674	1474
208116790	1474
208116886	1474
208117001	1474
208117109	1474
208117207	1474
208117339	1474
208915105	1474
208915345	1474
208915450	1474
208915658	1474
208915957	1474
208916061	1474
208916155	1474
208916335	1474
208916427	1474
208916541	1474
208916636	1474
208916744	1474
208916851	1474
208916976	1474
208917087	1474
208917206	1474
208917323	1474
209720369	1474
209720685	1474
209720800	1474
209720910	1474
209721023	1474
209721121	1474
209721248	1474
209721364	1474
209721464	1474
209721560	1474
209721651	1474
209721750	1474
209721851	1474
209721946	1474
209722053	1474
209722155	1474
209722293	1474
209722402	1474
210514339	1474
210514742	1474
210514838	1474
210514946	1474
210515139	1474
210515257	1474
210515386	1474
210515630	1474
210515737	1474
210515851	1474
210515996	1474
210516095	1474
210516209	1474
210516308	1474
210516419	1474
210516530	1474
210516634	1474
210516745	1474
211314803	1474
211315007	1474
211315779	1474
211315918	1474
211316145	1474
211316244	1474
211316350	1474
211316449	1474
211316571	1474
211316692	1474
211316802	1474
211316898	1474
211316994	1474
211317150	1474
211317284	1474
211317390	1474
211317494	1474
211317618	1474
212114425	1474
212114947	1474
212115152	1474
212115454	1474
212115668	1474
212115844	1474
212116007	1474
212116146	1474
212116285	1474
212116423	1474
212116563	1474
212116702	1474
212116839	1474
212116996	1474
212117134	1474
212117273	1474
212117411	1474
212914261	1474
212914476	1474
212914693	1474
212914796	1474
212914910	1474
212915029	1474
212915135	1474
212915282	1474
212915380	1474
212915477	1474
212915592	1474
212915715	1474
212915812	1474
212915909	1474
212916013	1474
212916111	1474
212916210	1474
212916305	1474
213714862	1474
213715183	1474
213715291	1474
213715412	1474
213715530	1474
213715636	1474
213715753	1474
213716005	1474
213716109	1474
213716254	1474
213716497	1474
213716627	1474
213716739	1474
213716838	1474
213716944	1474
213717041	1474
213717157	1474
214514401	1474
214514636	1474
214514780	1474
214514909	1474
214515027	1474
214515146	1474
214515396	1474
214515501	1474
214515599	1474
214515708	1474
214515806	1474
214515937	1474
214516051	1474
214516145	1474
214516253	1474
214516350	1474
215314973	1474
215315195	1474
215315329	1474
215315452	1474
215315548	1474
215315651	1474
215315746	1474
215315860	1474
215315976	1474
215316071	1474
215316164	1474
215316281	1474
215316396	1474
215316491	1474
215316605	1474
215316715	1474
215316826	1474
215316934	1474
216114563	1474
216114889	1474
216115029	1474
216115131	1474
216115240	1474
216115352	1474
216115449	1474
216115549	1474
216115647	1474
216115748	1474
216115861	1474
216115972	1474
216116102	1474
216116202	1474
216116316	1474
216116422	1474
216116518	1474
216116628	1474
216914600	1474
216914980	1474
216915104	1474
216915199	1474
216915296	1474
216915395	1474
216915546	1474
216915779	1474
216915871	1474
216916025	1474
216916125	1474
216916221	1474
216916361	1474
216916475	1474
216916573	1474
216916682	1474
216916840	1474
216916941	1474
217716883	1474
217717059	1474
217717155	1474
217717250	1474
217717371	1474
217717462	1474
217717556	1474
217717656	1474
217717770	1474
217717915	1474
217718047	1474
217718145	1474
217718351	1474
217718454	1474
217719366	1474
217719524	1474
217719622	1474
218514589	1474
218514843	1474
218514973	1474
218515070	1474
218515193	1474
218515386	1474
218515497	1474
218515593	1474
218515704	1474
218515797	1474
218515897	1474
218515996	1474
218516119	1474
218516237	1474
218516334	1474
218516469	1474
218516631	1474
219314083	1474
219314347	1474
219314475	1474
219314571	1474
219314794	1474
219315083	1474
219315187	1474
219315276	1474
219315377	1474
219315484	1474
219315606	1474
219315706	1474
219315806	1474
219315930	1474
219316044	1474
219316174	1474
219316277	1474
219316391	1474
220113682	1474
220114121	1474
220114218	1474
220114332	1474
220114459	1474
220114615	1474
220114774	1474
220114899	1474
220114997	1474
220115102	1474
220115200	1474
220115299	1474
220115396	1474
220115495	1474
220115636	1474
220115745	1474
220115854	1474
220915282	1474
220915598	1474
220915698	1474
220915800	1474
220915898	1474
220916008	1474
220916121	1474
220916243	1474
220916369	1474
220916496	1474
220916598	1474
220916710	1474
220916809	1474
220916927	1474
220917021	1474
220917161	1474
220917283	1474
220917378	1474
221713625	1474
221713915	1474
221714009	1474
221714153	1474
221714356	1474
221714574	1474
221714818	1474
221714919	1474
221715042	1474
221715155	1474
221715308	1474
221715414	1474
221715550	1474
221715649	1474
221715758	1474
221715858	1474
221715995	1474
221716110	1474
222513760	1474
222514021	1474
222514120	1474
222514293	1474
222514397	1474
222514496	1474
222514643	1474
222514770	1474
222514866	1474
222514963	1474
222515058	1474
222515148	1474
222515240	1474
222515333	1474
222515438	1474
222515560	1474
222515655	1474
222515753	1474
223313459	1474
223313739	1474
223313835	1474
223313929	1474
223314024	1474
223314119	1474
223314213	1474
223314343	1474
223314447	1474
223314566	1474
223314732	1474
223314830	1474
223314925	1474
223315019	1474
223315112	1474
223315205	1474
223315301	1474
223315409	1474
224380056	1474
224380350	1474
224380444	1474
224380580	1474
224380693	1474
224380820	1474
224381036	1474
224381132	1474
224381231	1474
224381347	1474
224381473	1474
224381587	1474
224381699	1474
224381796	1474
224381914	1474
224382006	1474
224382103	1474
224382225	1474
225179961	1474
225180215	1474
225180348	1474
225180472	1474
225180593	1474
225180719	1474
225180929	1474
225181027	1474
225181124	1474
225181231	1474
225181333	1474
225181431	1474
225181529	1474
225181625	1474
225181746	1474
225181846	1474
225181944	1474
225979351	1474
225979552	1474
225979656	1474
225979993	1474
225980318	1474
225980423	1474
225980548	1474
225980646	1474
225980817	1474
225980940	1474
225981040	1474
225981144	1474
225981258	1474
225981367	1474
225981465	1474
225981580	1474
225981696	1474
225981799	1474
226779915	1474
226780096	1474
226780743	1474
226781096	1474
226781215	1474
226781309	1474
226781413	1474
226781539	1474
226781637	1474
226781735	1474
226781858	1474
226782086	1474
226782217	1474
226782335	1474
226782435	1474
226782534	1474
226782634	1474
226782773	1474
227579670	1474
227579828	1474
227579935	1474
227580085	1474
227580216	1474
227580426	1474
227580529	1474
227580628	1474
227580726	1474
227580820	1474
227580916	1474
227581011	1474
227581119	1474
227581217	1474
227581313	1474
227581411	1474
227581505	1474
227581600	1474
228380908	1474
228381176	1474
228381276	1474
228381374	1474
228381500	1474
228381717	1474
228381845	1474
228381942	1474
228382045	1474
228382144	1474
228382236	1474
228382328	1474
228382425	1474
228382522	1474
228382644	1474
228382791	1474
228382887	1474
228382983	1474
229180139	1474
229180418	1474
229180764	1474
229180888	1474
229181231	1474
229181337	1474
229181431	1474
229181528	1474
229181629	1474
229181727	1474
229181853	1474
229181961	1474
229182114	1474
229182212	1474
229182323	1474
229182449	1474
229182705	1474
229979411	1474
229979727	1474
229979830	1474
229980027	1474
229980126	1474
229980222	1474
229980314	1474
229980417	1474
229980509	1474
229980604	1474
229980705	1474
229980825	1474
229980933	1474
229981086	1474
229981186	1474
229981302	1474
229981427	1474
229981530	1474
230779423	1474
230779651	1474
230779747	1474
230779894	1474
230779996	1474
230780122	1474
230780246	1474
230780371	1474
230780488	1474
230780607	1474
230780706	1474
230780819	1474
230780929	1474
230781059	1474
230781178	1474
230781277	1474
230781381	1474
230781474	1474
231579610	1474
231579855	1474
231579955	1474
231580071	1474
231580165	1474
231580260	1474
231580351	1474
231580447	1474
231580538	1474
231580632	1474
231580720	1474
231580822	1474
231580932	1474
231581054	1474
231581194	1474
231581294	1474
231581421	1474
231581542	1474
232378898	1474
232379183	1474
232379284	1474
232379458	1474
232379559	1474
232379725	1474
232379847	1474
232379963	1474
232380078	1474
232380193	1474
232380291	1474
232380407	1474
232380517	1474
232380632	1474
232380729	1474
232380866	1474
232380986	1474
233179023	1474
233179294	1474
233179396	1474
233179507	1474
233179645	1474
233179753	1474
233179860	1474
233179969	1474
233180063	1474
233180185	1474
233180285	1474
233180409	1474
233180529	1474
233180675	1474
233180785	1474
233180902	1474
233181008	1474
233978953	1474
233979105	1474
233979256	1474
233979389	1474
233979549	1474
233979849	1474
233979956	1474
233980056	1474
233980166	1474
233980265	1474
233980381	1474
233980542	1474
233980643	1474
233980763	1474
233980892	1474
233980989	1474
233981088	1474
233981186	1474
234779311	1474
234779459	1474
234779797	1474
234779970	1474
234780179	1474
234780281	1474
234780375	1474
234780472	1474
234780569	1474
234780671	1474
234780793	1474
234780891	1474
234781015	1474
234781135	1474
234781256	1474
234781351	1474
234781447	1474
234781543	1474
235578775	1474
235579028	1474
235579124	1474
235579281	1474
235579379	1474
235579502	1474
235579611	1474
235579738	1474
235579835	1474
235579930	1474
235580025	1474
235580120	1474
235580215	1474
235580309	1474
235580404	1474
235580510	1474
236378868	1474
236379129	1474
236379224	1474
236379426	1474
236379534	1474
236379633	1474
236379726	1474
236379820	1474
236379920	1474
236380015	1474
236380112	1474
236380206	1474
236380326	1474
236380421	1474
236380526	1474
236380623	1474
236380716	1474
237179028	1474
237179280	1474
237179390	1474
237179516	1474
237179619	1474
237179717	1474
237179822	1474
237179919	1474
237180013	1474
237180109	1474
237180204	1474
237180301	1474
237180484	1474
237180581	1474
237180700	1474
237180819	1474
237180914	1474
237978544	1474
237978743	1474
237978832	1474
237978950	1474
237979147	1474
237979380	1474
237979562	1474
237979664	1474
237979768	1474
237979875	1474
237979964	1474
237980064	1474
237980175	1474
237980370	1474
237980469	1474
237980552	1474
237980691	1474
238778833	1474
238779139	1474
238779239	1474
238779348	1474
238779436	1474
238779521	1474
238779625	1474
238779729	1474
238779818	1474
238779920	1474
238780006	1474
238780107	1474
238780246	1474
238780361	1474
238780471	1474
238780553	1474
238780658	1474
238780775	1474
239578568	1474
239578822	1474
239578922	1474
239579021	1474
239579106	1474
239579199	1474
239579285	1474
239579408	1474
239579569	1474
239579659	1474
239579751	1474
239579843	1474
239579937	1474
239580030	1474
239580112	1474
239580202	1474
239580285	1474
240378357	1474
240378574	1474
240378704	1474
240378843	1474
240378939	1474
240379060	1474
240379262	1474
240379361	1474
240379453	1474
240379546	1474
240379637	1474
240379728	1474
240379820	1474
240379937	1474
240380031	1474
240380123	1474
240380230	1474
241178948	1474
241179101	1474
241179215	1474
241179329	1474
241179425	1474
241179521	1474
241179637	1474
241179756	1474
241179848	1474
241179988	1474
241180105	1474
241180199	1474
241180292	1474
241180413	1474
241180511	1474
241180626	1474
241180767	1474
241978024	1474
241978278	1474
241978379	1474
241978481	1474
241978578	1474
241978786	1474
241978890	1474
241979008	1474
241979124	1474
241979241	1474
241979350	1474
241979446	1474
241979542	1474
241979638	1474
241979753	1474
241979851	1474
241979964	1474
241980082	1474
242778517	1474
242778633	1474
242778777	1474
242778878	1474
242778975	1474
242779089	1474
242779191	1474
242779304	1474
242779413	1474
242779525	1474
242779623	1474
242779741	1474
242779876	1474
242779972	1474
242780075	1474
242780192	1474
243578286	1474
243578485	1474
243578788	1474
243578884	1474
243578979	1474
243579069	1474
243579173	1474
243579282	1474
243579370	1474
243579465	1474
243579556	1474
243579641	1474
243579722	1474
243579807	1474
243579924	1474
243580237	1474
244377703	1474
244377913	1474
244378037	1474
244378222	1474
244378345	1474
244378647	1474
244378784	1474
244378884	1474
244378994	1474
244379091	1474
244379188	1474
244379285	1474
244379389	1474
244379488	1474
244379611	1474
244379710	1474
244379823	1474
244911029	1474
244911145	1474
244911405	1474
244911498	1474
244911602	1474
244911745	1474
244912045	1474
244912148	1474
244912244	1474
244912359	1474
244912455	1474
244912598	1474
244912700	1474
244912800	1474
244912907	1474
244913004	1474
245711091	1474
245711406	1474
245711508	1474
245711615	1474
245711724	1474
245711828	1474
245711941	1474
245712041	1474
245712174	1474
245712292	1474
245712415	1474
245712527	1474
245712643	1474
245712753	1474
245712892	1474
245712985	1474
245713098	1474
246778777	1474
246779023	1474
246779172	1474
246779330	1474
246779429	1474
246779540	1474
246779638	1474
246779760	1474
246779856	1474
246779957	1474
246780072	1474
246780173	1474
246780299	1474
246780424	1474
246780538	1474
246780635	1474
246780734	1474
246780902	1474
247311295	1474
247311497	1474
247311594	1474
247311691	1474
247311809	1474
247311911	1474
247312014	1474
247312125	1474
247312227	1474
247312372	1474
247312487	1474
247312587	1474
247312702	1474
247312826	1474
247312925	1474
247313037	1474
248110903	1474
248111006	1474
248111119	1474
248111346	1474
248111474	1474
248111722	1474
248111828	1474
248111918	1474
248112033	1474
248112129	1474
248112241	1474
248112345	1474
248112444	1474
248112532	1474
248112619	1474
248112721	1474
248112814	1474
248112901	1474
249177311	1474
249177414	1474
249177528	1474
249177669	1474
249177802	1474
249177901	1474
249178012	1474
249178115	1474
249178210	1474
249178307	1474
249178421	1474
249178542	1474
249178786	1474
249178891	1474
249178989	1474
249179085	1474
249179203	1474
249179318	1474
249977063	1474
249977163	1474
249977255	1474
249977369	1474
249977465	1474
249977597	1474
249977734	1474
249977834	1474
249977954	1474
249978063	1474
249978172	1474
249978267	1474
249978365	1474
249978463	1474
249978569	1474
249978730	1474
249978841	1474
249978955	1474
250777174	1474
250777289	1474
250777381	1474
250777481	1474
250777613	1474
250777710	1474
250777824	1474
250777945	1474
250778050	1474
250778145	1474
250778263	1474
250778378	1474
250778480	1474
250778588	1474
250778714	1474
250778873	1474
250778966	1474
251312258	1474
251312403	1474
251312502	1474
251312618	1474
251312726	1474
251312835	1474
251312934	1474
251313028	1474
251313123	1474
251313227	1474
251313348	1474
251313445	1474
251313560	1474
251313678	1474
251313774	1474
251313881	1474
252110619	1474
252110734	1474
252110870	1474
252111039	1474
252111131	1474
252111234	1474
252111385	1474
252111525	1474
252111648	1474
252111768	1474
252111866	1474
252111982	1474
252112092	1474
252112185	1474
252112279	1474
252112368	1474
252112489	1474
252112589	1474
252910062	1474
252910253	1474
252910358	1474
252911011	1474
252911130	1474
252911263	1474
252911402	1474
252911526	1474
252911638	1474
252911761	1474
252911861	1474
252911980	1474
252912104	1474
252912222	1474
252912346	1474
252912472	1474
253710155	1474
253710303	1474
253710439	1474
253710634	1474
253710839	1474
253710945	1474
253711066	1474
253711184	1474
253711282	1474
253711397	1474
253711505	1474
253711612	1474
253711707	1474
253711800	1474
253711895	1474
253712015	1474
253712114	1474
253712226	1474
254509575	1474
254510062	1474
254510154	1474
254510259	1474
254510371	1474
254510470	1474
254510584	1474
254510782	1474
254510893	1474
254511020	1474
254511120	1474
254511231	1474
254511362	1474
254511462	1474
254511586	1474
254511682	1474
255310021	1474
255310421	1474
255310593	1474
255310817	1474
255311053	1474
255311312	1474
255311454	1474
255311596	1474
255311760	1474
255311929	1474
255312087	1474
255312228	1474
255312380	1474
255312521	1474
255312661	1474
255312800	1474
255312942	1474
255313080	1474
256110109	1474
256110315	1474
256110454	1474
256110918	1474
256111282	1474
256111390	1474
256111494	1474
256111593	1474
256111703	1474
256111804	1474
256111901	1474
256112026	1474
256112158	1474
256112259	1474
256112378	1474
256112502	1474
256112603	1474
256909440	1474
256909851	1474
256909984	1474
256910111	1474
256910216	1474
256910317	1474
256910447	1474
256910756	1474
256910861	1474
256910989	1474
256911088	1474
256911229	1474
256911340	1474
256911439	1474
256911542	1474
256911654	1474
256911753	1474
256911846	1474
257709190	1474
257709391	1474
257709695	1474
257709805	1474
257710137	1474
257710244	1474
257710381	1474
257710481	1474
257710598	1474
257710827	1474
257710941	1474
257711041	1474
257711155	1474
257711305	1474
257711423	1474
257711547	1474
257711659	1474
258509627	1474
258509900	1474
258510028	1474
258510156	1474
258510266	1474
258510543	1474
258510649	1474
258510802	1474
258511072	1474
258511192	1474
258511301	1474
258511408	1474
258511509	1474
258511615	1474
258511711	1474
258511811	1474
258511924	1474
259310081	1474
259310230	1474
259310363	1474
259310463	1474
259310603	1474
259310769	1474
259310886	1474
259310986	1474
259311156	1474
259311252	1474
259311370	1474
259311470	1474
259311596	1474
259311698	1474
259311794	1474
259311913	1474
260109530	1474
260109770	1474
260109875	1474
260109986	1474
260110126	1474
260110224	1474
260110324	1474
260110452	1474
260110554	1474
260110715	1474
260110843	1474
260110934	1474
260111036	1474
260111141	1474
260111259	1474
260111358	1474
260111448	1474
260111590	1474
260909613	1474
260909764	1474
260909896	1474
260910042	1474
260910143	1474
260910265	1474
260910365	1474
260910460	1474
260910560	1474
260910831	1474
260910933	1474
260911039	1474
260911165	1474
260911264	1474
260911374	1474
260911482	1474
260911583	1474
261712470	1474
261712621	1474
261712716	1474
261712857	1474
261712966	1474
261713077	1474
261713174	1474
261713289	1474
261713387	1474
261713505	1474
261713603	1474
261713721	1474
261713816	1474
261713918	1474
261714007	1474
261714124	1474
261714222	1474
261714325	1474
262509237	1474
262509390	1474
262509601	1474
262509722	1474
262509930	1474
262510182	1474
262510333	1474
262510445	1474
262510734	1474
262510843	1474
262511020	1474
262511118	1474
262511221	1474
262511323	1474
262511421	1474
262511529	1474
262511630	1474
262511728	1474
263309306	1474
263309597	1474
263309722	1474
263309857	1474
263309987	1474
263310123	1474
263310224	1474
263310344	1474
263310447	1474
263310587	1474
263310745	1474
263310877	1474
263310989	1474
263311086	1474
263311210	1474
263311343	1474
263311477	1474
264109441	1474
264109822	1474
264109930	1474
264110032	1474
264110134	1474
264110233	1474
264110331	1474
264110433	1474
264110532	1474
264110665	1474
264110774	1474
264110877	1474
264110976	1474
264111074	1474
264111172	1474
264111281	1474
264111380	1474
264111483	1474
264908981	1474
264909281	1474
264909383	1474
264909499	1474
264909618	1474
264909728	1474
264910001	1474
264910106	1474
264910298	1474
264910405	1474
264910521	1474
264910650	1474
264910777	1474
264910879	1474
264910976	1474
264911071	1474
264911172	1474
265708728	1474
265709130	1474
265709387	1474
265709585	1474
265709816	1474
265709956	1474
265710094	1474
265710234	1474
265710373	1474
265710511	1474
265710734	1474
265710877	1474
265711016	1474
265711177	1474
265711317	1474
265711444	1474
265711587	1474
265711747	1474
266509098	1474
266509258	1474
266509400	1474
266509540	1474
266509699	1474
266509837	1474
266510003	1474
266510147	1474
266510286	1474
266510426	1474
266510564	1474
266510839	1474
266510988	1474
266511125	1474
266511263	1474
266511420	1474
266511561	1474
267575268	1474
267575534	1474
267575679	1474
267575875	1474
267576045	1474
267576181	1474
267576320	1474
267576454	1474
267576602	1474
267576741	1474
267576880	1474
267577014	1474
267577153	1474
267577287	1474
267577425	1474
267577589	1474
267577732	1474
267577867	1474
268108434	1474
268108646	1474
268108816	1474
268108994	1474
268109175	1474
268109369	1474
268109607	1474
268109746	1474
268109885	1474
268110022	1474
268110162	1474
268110301	1474
268110439	1474
268110591	1474
268110780	1474
268110924	1474
268111062	1474
268908676	1474
268908909	1474
268909053	1474
268909279	1474
268909511	1474
268909659	1474
268909805	1474
268909941	1474
268910080	1474
268910237	1474
268910412	1474
268910552	1474
268910737	1474
268910883	1474
268911021	1474
268911159	1474
268911297	1474
269708348	1474
269708647	1474
269708818	1474
269708958	1474
269709097	1474
269709234	1474
269709380	1474
269709518	1474
269709657	1474
269709793	1474
269709932	1474
269710069	1474
269710206	1474
269710351	1474
269710489	1474
269710651	1474
269710854	1474
270508947	1474
270509332	1474
270509479	1474
270509728	1474
270509925	1474
270510188	1474
270510366	1474
270510507	1474
270510646	1474
270510837	1474
270510986	1474
270511124	1474
270511264	1474
270511413	1474
270511553	1474
270511690	1474
270511829	1474
270511993	1474
271308078	1474
271308456	1474
271308603	1474
271308818	1474
271309110	1474
271309295	1474
271309542	1474
271309687	1474
271309828	1474
271309979	1474
271310118	1474
271310263	1474
271310403	1474
271310542	1474
271310680	1474
271310868	1474
271311019	1474
272108015	1474
272108273	1474
272108895	1474
272109203	1474
272109310	1474
272109423	1474
272109523	1474
272109647	1474
272109743	1474
272109879	1474
272110021	1474
272110119	1474
272110237	1474
272110353	1474
272110451	1474
272110652	1474
272110762	1474
272908266	1474
272908382	1474
272908505	1474
272908685	1474
272908837	1474
272909105	1474
272909212	1474
272909334	1474
272909436	1474
272909535	1474
272909634	1474
272909734	1474
272909846	1474
272909979	1474
272910083	1474
272910196	1474
272910290	1474
273709820	1474
273709967	1474
273710117	1474
273710345	1474
273710546	1474
273710796	1474
273710946	1474
273711098	1474
273711239	1474
273711403	1474
273711555	1474
273711700	1474
273711844	1474
273711980	1474
273712131	1474
273712295	1474
273712437	1474
273712576	1474
274774692	1474
274774932	1474
274775212	1474
274775400	1474
274775539	1474
274775678	1474
274775835	1474
274776011	1474
274776154	1474
274776293	1474
274776461	1474
274776603	1474
274776741	1474
274776878	1474
274777029	1474
274777193	1474
274777331	1474
274777470	1474
275574191	1474
275574434	1474
275574654	1474
275575900	1474
275576044	1474
275576166	1474
275576302	1474
275576410	1474
275576531	1474
275576635	1474
275576737	1474
275576860	1474
275576968	1474
275577088	1474
275577207	1474
275577327	1474
275577435	1474
275577591	1474
276374776	1474
276375033	1474
276375415	1474
276375530	1474
276375630	1474
276375922	1474
276376030	1474
276376144	1474
276376261	1474
276376373	1474
276376472	1474
276376593	1474
276376704	1474
276376801	1474
276376916	1474
276377032	1474
276377132	1474
276911441	1474
276911675	1474
276911819	1474
276912120	1474
276912314	1474
276912601	1474
276912772	1474
276913251	1474
276913394	1474
276913565	1474
276913730	1474
276913869	1474
276914020	1474
276914159	1474
276914297	1474
276914455	1474
276914596	1474
277974126	1474
277974522	1474
277974642	1474
277974821	1474
277974924	1474
277975034	1474
277975149	1474
277975247	1474
277975364	1474
277975481	1474
277975580	1474
277975673	1474
277975792	1474
277975946	1474
277976075	1474
277976193	1474
277976294	1474
278774850	1474
278775129	1474
278775311	1474
278775494	1474
278775695	1474
278775907	1474
278776043	1474
278776181	1474
278776320	1474
278776459	1474
278776599	1474
278776736	1474
278776885	1474
278777023	1474
278777163	1474
278777302	1474
278777443	1474
278777582	1474
279573631	1474
279573877	1474
279574250	1474
279574516	1474
279574622	1474
279574837	1474
279574970	1474
279575077	1474
279575304	1474
279575411	1474
279575526	1474
279575826	1474
279575954	1474
279576052	1474
279576177	1474
279576277	1474
279576401	1474
279576500	1474
280374662	1474
280374852	1474
280374955	1474
280375054	1474
280375155	1474
280375255	1474
280375385	1474
280375485	1474
280375586	1474
280375705	1474
280375806	1474
280375907	1474
280376007	1474
280376104	1474
280376202	1474
280376300	1474
280376401	1474
281173633	1474
281173862	1474
281173960	1474
281174055	1474
281174178	1474
281174274	1474
281174369	1474
281174464	1474
281174583	1474
281174688	1474
281174829	1474
281174927	1474
281175059	1474
281175159	1474
281175256	1474
281175352	1474
281175447	1474
281175568	1474
281973625	1474
281973849	1474
281974004	1474
281974142	1474
281974397	1474
281974595	1474
281974825	1474
281974971	1474
281975141	1474
281975280	1474
281975422	1474
281975560	1474
281975713	1474
281975851	1474
281975991	1474
281976129	1474
281976269	1474
281976407	1474
282773812	1474
282773930	1474
282774027	1474
282774123	1474
282774221	1474
282774318	1474
282774554	1474
282774713	1474
282774823	1474
282774920	1474
282775020	1474
282775157	1474
282775280	1474
282775377	1474
282775472	1474
282775634	1474
282775738	1474
282775835	1474
283573727	1474
283573894	1474
283573994	1474
283574091	1474
283574184	1474
283574282	1474
283574372	1474
283574467	1474
283574574	1474
283574736	1474
283574831	1474
283574928	1474
283575026	1474
283575123	1474
283575215	1474
283575312	1474
283575409	1474
284373625	1474
284373725	1474
284373821	1474
284373916	1474
284374039	1474
284374243	1474
284374346	1474
284374450	1474
284374549	1474
284374700	1474
284374800	1474
284374902	1474
284375000	1474
284375096	1474
284375191	1474
284375288	1474
284375384	1474
284375488	1474
285173953	1474
285174097	1474
285174240	1474
285174474	1474
285174755	1474
285174903	1474
285175045	1474
285175185	1474
285175323	1474
285175476	1474
285175622	1474
285175757	1474
285175921	1474
285176059	1474
285176196	1474
285176332	1474
285176480	1474
285176646	1474
285973297	1474
285973465	1474
285973639	1474
285973827	1474
285973969	1474
285974114	1474
285974250	1474
285974397	1474
285974537	1474
285974814	1474
285974982	1474
285975300	1474
285975482	1474
285975626	1474
285975767	1474
285975928	1474
286773782	1474
286773973	1474
286774085	1474
286774207	1474
286774312	1474
286774427	1474
286774757	1474
286774884	1474
286774985	1474
286775082	1474
286775179	1474
286775275	1474
286775376	1474
286775480	1474
286775579	1474
286775677	1474
286775775	1474
287573577	1474
287573774	1474
287573868	1474
287574139	1474
287574246	1474
287574400	1474
287574796	1474
287574902	1474
287575072	1474
287575176	1474
287575294	1474
287575410	1474
287575635	1474
287575772	1474
287575889	1474
287575987	1474
287576086	1474
287576184	1474
288376106	1474
288376379	1474
288376494	1474
288376594	1474
288376692	1474
288376818	1474
288376964	1474
288377068	1474
288377246	1474
288377346	1474
288377475	1474
288377575	1474
288377672	1474
288377772	1474
288377871	1474
288377970	1474
288378068	1474
289174343	1474
289174701	1474
289174813	1474
289174925	1474
289175188	1474
289175292	1474
289175414	1474
289175512	1474
289175621	1474
289175721	1474
289175834	1474
289175932	1474
289176030	1474
289176151	1474
289176248	1474
289176349	1474
289176451	1474
289176554	1474
289975291	1474
289975517	1474
289975666	1474
289975825	1474
289975972	1474
289976193	1474
289976297	1474
289976415	1474
289976511	1474
289976619	1474
289976719	1474
289976817	1474
289976927	1474
289977039	1474
289977136	1474
289977243	1474
289977339	1474
290774770	1474
290774887	1474
290774992	1474
290775092	1474
290775197	1474
290775327	1474
290775424	1474
290775534	1474
290775631	1474
290775729	1474
290775843	1474
290775965	1474
290776072	1474
290776193	1474
290776304	1474
290776404	1474
290776516	1474
290776607	1474
291575295	1474
291575539	1474
291575703	1474
291575809	1474
291576094	1474
291576201	1474
291576348	1474
291576449	1474
291576558	1474
291576743	1474
291576834	1474
291576951	1474
291577048	1474
291577164	1474
291577264	1474
291577361	1474
291577482	1474
292377639	1474
292377787	1474
292378027	1474
292378129	1474
292378249	1474
292378406	1474
292378763	1474
292378890	1474
292379071	1474
292379162	1474
292379287	1474
292379394	1474
292379531	1474
292379627	1474
292379743	1474
292379861	1474
292379963	1474
292380056	1474
293175939	1474
293176115	1474
293176268	1474
293176380	1474
293176487	1474
293176607	1474
293176732	1474
293176830	1474
293176927	1474
293177023	1474
293177121	1474
293177244	1474
293177382	1474
293177480	1474
293177577	1474
293177674	1474
293177771	1474
293177869	1474
294243209	1474
294243356	1474
294243485	1474
294243586	1474
294243756	1474
294243884	1474
294244081	1474
294244184	1474
294244278	1474
294244389	1474
294244486	1474
294244611	1474
294244748	1474
294244849	1474
294244964	1474
294245135	1474
294245268	1474
294245573	1474
295043305	1474
295043416	1474
295043633	1474
295043746	1474
295043843	1474
295043969	1474
295044195	1474
295044319	1474
295044445	1474
295044584	1474
295044705	1474
295044815	1474
295044955	1474
295045056	1474
295045171	1474
295045285	1474
295045452	1474
295045581	1474
295843619	1474
295843766	1474
295844259	1474
295844490	1474
295844595	1474
295844704	1474
295844816	1474
295844936	1474
295845030	1474
295845123	1474
295845212	1474
295845357	1474
295845467	1474
295845560	1474
295845717	1474
295845822	1474
295846111	1474
296378725	1474
296378837	1474
296378937	1474
296379060	1474
296379160	1474
296379279	1474
296379418	1474
296379531	1474
296379682	1474
296379781	1474
296379882	1474
296379977	1474
296380095	1474
296380245	1474
296380341	1474
296380441	1474
297177490	1474
297177628	1474
297177741	1474
297177836	1474
297178014	1474
297178151	1474
297178277	1474
297178502	1474
297178625	1474
297178969	1474
297179081	1474
297179192	1474
297179291	1474
297179384	1474
297179479	1474
297179596	1474
297179715	1474
297977663	1474
297977777	1474
297977894	1474
297977992	1474
297978094	1474
297978343	1474
297978461	1474
297978570	1474
297978785	1474
297978924	1474
297979026	1474
297979122	1474
297979236	1474
297979354	1474
297979466	1474
297979576	1474
297979697	1474
298780782	1474
298781002	1474
298781248	1474
298781375	1474
298781467	1474
298781722	1474
298781817	1474
298781898	1474
298781987	1474
298782090	1474
298782180	1474
298782269	1474
298782369	1474
298782459	1474
298782610	1474
298782750	1474
298782853	1474
299578476	1474
299578611	1474
299578755	1474
299578852	1474
299579018	1474
299579131	1474
299579349	1474
299579450	1474
299579571	1474
299579667	1474
299579762	1474
299579855	1474
299579948	1474
299580048	1474
299580146	1474
299580240	1474
299580333	1474
300378634	1474
300378837	1474
300379003	1474
300379125	1474
300379217	1474
300379313	1474
300379416	1474
300379510	1474
300379601	1474
300379694	1474
300379786	1474
300379879	1474
300379972	1474
300380063	1474
300380156	1474
300380247	1474
300380339	1474
301179057	1474
301179430	1474
301179577	1474
301179816	1474
301180033	1474
301180201	1474
301180340	1474
301180476	1474
301180611	1474
301180756	1474
301180893	1474
301181026	1474
301181161	1474
301181295	1474
301181430	1474
301181562	1474
301181697	1474
301181875	1474
301979036	1474
301979152	1474
301979425	1474
301979553	1474
301979649	1474
301979904	1474
301980010	1474
301980107	1474
301980217	1474
301980318	1474
301980416	1474
301980518	1474
301980615	1474
301980715	1474
301980813	1474
301980912	1474
301981010	1474
301981120	1474
302779755	1474
302780115	1474
302780227	1474
302780349	1474
302780448	1474
302780567	1474
302780689	1474
302780786	1474
302780902	1474
302780999	1474
302781114	1474
302781213	1474
302781319	1474
302781417	1474
302781510	1474
302781625	1474
302781750	1474
302781849	1474
303580214	1474
303580487	1474
303580589	1474
303580728	1474
303580836	1474
303581093	1474
303581223	1474
303581318	1474
303581413	1474
303581512	1474
303581635	1474
303581741	1474
303581858	1474
303581968	1474
303582065	1474
303582187	1474
303582284	1474
304380307	1474
304380456	1474
304380554	1474
304380689	1474
304380790	1474
304380901	1474
304381007	1474
304381121	1474
304381238	1474
304381337	1474
304381460	1474
304381561	1474
304381676	1474
304381798	1474
304381913	1474
304382038	1474
305181071	1474
305181398	1474
305181502	1474
305181611	1474
305181709	1474
305181808	1474
305181903	1474
305182000	1474
305182116	1474
305182216	1474
305182341	1474
305182438	1474
305182528	1474
305182693	1474
305182799	1474
305182913	1474
305981080	1474
305981352	1474
305981475	1474
305981594	1474
305981697	1474
305982089	1474
305982200	1474
305982304	1474
305982397	1474
305982494	1474
305982611	1474
305982780	1474
305982879	1474
305983089	1474
305983197	1474
305983295	1474
305983395	1474
305983492	1474
306781538	1474
306781687	1474
306781839	1474
306781961	1474
306782078	1474
306782202	1474
306782426	1474
306782527	1474
306782624	1474
306782791	1474
306783004	1474
306783104	1474
306783199	1474
306783296	1474
306783420	1474
306783519	1474
306783615	1474
307314637	1474
307314926	1474
307315057	1474
307315160	1474
307315257	1474
307315371	1474
307315468	1474
307315580	1474
307315677	1474
307315790	1474
307315886	1474
307315982	1474
307316105	1474
307316202	1474
307316311	1474
308382043	1474
308382164	1474
308382283	1474
308382381	1474
308382479	1474
308382598	1474
308382740	1474
308382847	1474
308382984	1474
308383084	1474
308383196	1474
308383295	1474
308383391	1474
308383496	1474
308383594	1474
308383690	1474
308383798	1474
309182413	1474
309182894	1474
309182998	1474
309183096	1474
309183192	1474
309183407	1474
309183512	1474
309183617	1474
309183715	1474
309183840	1474
309183938	1474
309184063	1474
309184159	1474
309184257	1474
309184413	1474
309184534	1474
309184632	1474
309184746	1474
309715944	1474
309716057	1474
309716153	1474
309716287	1474
309716386	1474
309716476	1474
309716600	1474
309716699	1474
309716788	1474
309716920	1474
309717024	1474
309717132	1474
309717245	1474
309717341	1474
309717463	1474
309717582	1474
310516193	1474
310516356	1474
310516499	1474
310516663	1474
310516803	1474
310516961	1474
310517097	1474
310517259	1474
310517402	1474
310517568	1474
310517707	1474
310517857	1474
310517997	1474
310518137	1474
310518279	1474
310518422	1474
310518559	1474
311584069	1474
311584264	1474
311584424	1474
311584567	1474
311584704	1474
311584845	1474
311584984	1474
311585120	1474
311585260	1474
311585416	1474
311585558	1474
311585700	1474
311585841	1474
311585983	1474
311586123	1474
311586281	1474
311586459	1474
311586626	1474
312116925	1474
312117084	1474
312117225	1474
312117365	1474
312117502	1474
312117653	1474
312117795	1474
312117931	1474
312118070	1474
312118208	1474
312118344	1474
312118485	1474
312118640	1474
312118831	1474
312118974	1474
312119116	1474
312119253	1474
