9999662	231
11840293	58
11841454	54
11958903	1474
11959092	1474
11959820	1474
11960008	1474
11960989	1474
11961322	1474
11961596	1474
11961705	1474
11963449	1474
11963683	1474
11964004	334
12106126	1474
12106585	1474
12106958	1474
12107250	1474
12107666	1474
12108039	1474
12108471	1474
12108995	1474
12137474	1474
12137763	1474
12137910	1474
12138075	1474
12138281	390
12206376	1474
12206659	1474
12206971	1474
12207288	1474
12207475	1474
12208008	1474
12208279	1474
12208456	1474
12208614	1474
12208814	1474
12209057	1474
12209309	1474
12209463	1474
12209633	418
12314716	1474
12315000	82
12315180	1474
12315371	1474
12315618	1474
12315779	1474
12316069	1474
12316341	1474
12316460	1474
12316705	1474
12316898	1474
12317024	306
12317351	1474
12317628	1474
12317734	1474
12318022	1474
12318374	1474
12318568	1474
12318690	222
12442997	1474
12443182	82
12446048	1474
12446664	1474
12447392	1474
12447706	1474
12447965	1474
12448141	1474
12448357	222
12448758	1474
12448946	1474
12449166	1474
12449476	1474
12449646	1474
12449837	1474
12450039	222
12450910	1474
12451171	1474
12451331	1474
12451468	1474
12451692	1474
12452044	1474
12452552	222
12558355	1474
12558684	1474
12559153	1474
12559614	1474
12559956	1474
12560274	1474
12560541	1474
12560863	1474
12561164	1474
12561549	1474
12561806	1474
12562137	1474
12562323	1474
12562643	1474
12562856	446
12563075	1474
12563334	1474
12563657	1474
12563855	138
12693251	1474
12693594	306
14561180	1474
14564697	1474
14564923	1474
14569166	1474
14569282	1474
14569390	1474
14569489	1474
14573647	1474
14574135	1474
14574469	1474
14574962	1474
14575498	1474
14575883	1474
14576288	1474
14584825	1474
14585114	1474
14585771	1474
14585974	1474
14586392	1474
14586591	1474
14586962	1474
14587447	1474
14587985	1474
14588323	1474
14588551	1474
14588832	1474
14589135	1474
14589524	1474
14602886	1474
14603025	1474
14603422	1474
14603688	1474
14604490	1474
14604771	1474
14605168	1474
14605546	1474
14605962	1474
14606198	1474
14606437	1474
14606551	1474
14606899	1474
14607224	1474
14607351	1474
14607866	1474
14608133	1474
14608357	1474
14610344	1474
14610556	1474
14611142	1474
14619811	1474
14619913	1474
14620015	1474
14620126	1474
14620269	1474
14620548	1474
14620909	1474
14621303	1474
14621575	1474
14621816	1474
14621910	1474
14622041	1474
14622144	1474
14622289	1474
14622787	1474
14623029	1474
14623595	1474
14623790	1474
14624079	1474
14624340	1474
14628958	1474
14629163	754
14629290	1474
14629515	1474
14635961	1474
14636339	1474
14636532	1474
14636902	1474
14637295	1474
14637400	1474
14637635	1474
14637877	1474
14637981	1474
14638089	1474
14638206	1474
14638312	1474
14638616	1474
14638914	1474
14639112	1474
14639244	1474
14639349	1474
14639456	1474
14639585	1474
14639769	1474
14641473	1474
14641601	1474
14641699	1474
14641797	1474
14646450	1474
14646565	226
14684011	1474
14684127	1474
14684351	1474
14684453	1474
14684592	1474
14684852	1474
14684955	1474
14685049	1474
14685162	1474
14685373	730
14803979	1474
14804118	1474
14804388	1474
14804530	1474
14804630	1474
14804903	1474
14805014	1474
14805124	1474
14805322	1474
14805425	1474
14805514	1474
14805610	1474
14805708	390
14924012	1474
14924324	1474
14924417	1474
14924539	1474
14924853	1474
14925006	1474
14925109	1474
14925375	1474
14925474	1474
14925568	1474
14925691	1474
14925823	1474
14925946	390
15040903	1474
15041110	1474
15041233	1474
15041491	1474
15041609	1474
15041706	1474
15041809	1474
15041911	1474
15042030	1474
15042160	306
15042267	1474
15042372	1474
15042478	1474
15042601	1474
15042800	1474
15042916	1474
15043015	1474
15043118	250
15182646	1474
15183226	1474
15183459	1474
15247089	1474
15697188	1474
15697372	1474
15697535	1474
15697806	1474
15698001	1474
15698278	1474
15698467	1474
15698611	1474
15698901	1474
15699115	1474
15699263	1474
17060714	1474
17069047	1474
17069261	1474
17076942	1474
17077350	1474
17077613	1474
17088455	1474
17088715	1474
17089089	1474
17089311	1474
17089730	1474
17104417	1474
17104620	1474
17104879	1474
17105108	1474
17105301	1474
17105663	1474
17105861	1474
17106211	1474
17106492	1474
17106741	1474
17107052	1474
17107319	1474
17107527	1474
17107814	1474
17108022	1474
17125510	1474
17125743	1474
17157478	1474
17157706	1474
17157933	1474
17158220	1474
17158320	1474
17223701	1474
17223797	1474
17223915	1474
17224015	1474
17224107	1474
17278304	1474
17278600	1474
17279082	1474
17279276	1474
17279377	1474
17303568	1474
17303842	1474
17304150	1474
17304251	1474
17304348	1474
17345001	1474
17345096	1474
17345214	1474
17345306	1474
17345398	1474
17393703	1474
17393798	1474
17393893	1474
17394021	1474
17394114	1474
17445582	1474
17445825	1474
17446021	1474
18362098	1474
18362255	1474
18362353	1474
18362512	1474
18362772	1474
18362992	1474
18363649	1474
18403577	1474
18403823	1474
18403936	1474
18404028	1474
18404120	1474
18404210	1474
18451986	1474
18452230	1474
18452322	1474
18452413	1474
19162919	1474
19163019	1474
19163112	1474
19163249	1474
19163341	1474
19163536	1474
19164158	1474
19164261	1474
19207671	1474
19207881	1474
19207981	1474
19208075	1474
19208166	1474
19208258	1474
19208349	1474
19259653	1474
19259889	1474
19259980	1474
19963351	1474
19963449	1474
19963542	1474
19963636	1474
19963731	1474
19963833	1474
19963927	1474
20007571	1474
20007901	1474
20008916	1474
20009033	1474
20009121	1474
20009207	1474
20009308	1474
20051803	1474
20052059	1474
20052157	1474
20052255	1474
20497157	1474
20497259	1474
20497355	1474
20497451	1474
20497555	1474
20497793	1474
20497897	1474
20542543	1474
20542703	1474
20542816	1474
20542943	1474
20543036	1474
20543134	1474
20543228	1474
20587305	1474
20587420	1474
20587518	1474
21296567	1474
21296696	1474
21296793	1474
21296889	1474
21296987	1474
21297190	1474
21297293	1474
21297478	1474
21297786	1474
21335412	1474
21335678	1474
21335772	1474
21335866	1474
21335964	1474
21336057	1474
21336151	1474
21336250	1474
21383109	1474
22093091	231
22096544	1474
22096647	1474
22096747	1474
22096840	1474
22096934	1474
22097034	1474
22097127	1474
22097221	1474
22152257	1474
22152354	1474
22152447	1474
22152576	1474
22152766	1474
22152970	1474
22153073	1474
22153199	1474
22194953	1474
22895056	1474
22895155	1474
22895251	1474
22895344	1474
22895435	1474
22895561	1474
22895785	1474
22895885	1474
22895979	1474
22896225	1474
22935820	1474
22935970	1474
22936067	1474
22936217	1474
22936312	1474
22936431	1474
22936527	1474
22936638	1474
23429886	1474
23429985	1474
23430106	1474
23430203	1474
23430355	1474
23430564	1474
23430983	1474
23431089	1474
23431211	1474
23431307	1474
24228001	1474
24228100	1474
24228193	1474
24228288	1474
24228383	1474
24228479	1474
24228619	1474
24228718	1474
24228809	1474
24267075	1474
24267186	1474
24267351	1474
24267446	1474
24267548	1474
24267647	1474
24267740	1474
24267836	1474
24267930	1474
25028022	1474
25028121	1474
25028216	1474
25028333	1474
25028427	1474
25028561	1474
25028656	1474
25028751	1474
25028843	1474
25067070	1474
25067184	1474
25067309	1474
25067426	1474
25067531	1474
25067626	1474
25067719	1474
25067811	1474
25067904	1474
25827680	1474
25827788	1474
25827887	1474
25827989	1474
25828140	1474
25828260	1474
25828492	1474
25828597	1474
25828902	1474
25829009	1474
25829133	1474
25867325	1474
25867450	1474
25867553	1474
25867653	1474
25867749	1474
25867848	1474
25867970	1474
25868069	1474
26627607	1474
26627723	1474
26627822	1474
26627920	1474
26628016	1474
26628111	1474
26628205	1474
26628303	1474
26628485	1474
26628583	1474
26669810	1474
26669911	1474
26670007	1474
26670103	1474
26670199	1474
26670295	1474
26670399	1474
26670497	1474
27427276	1474
27427470	1474
27427572	1474
27427672	1474
27427807	1474
27427903	1474
27427998	1474
27428093	1474
27428214	1474
27428308	1474
27466561	1474
27466732	1474
27466837	1474
27466939	1474
27467035	1474
27467131	1474
27467229	1474
27467328	1474
28230558	1474
28230733	1474
28230835	1474
28230937	1474
28231033	1474
28231129	1474
28231251	1474
28231361	1474
28231482	1474
28231578	1474
28271060	1474
28271230	1474
28271339	1474
28271439	1474
28271682	1474
28271787	1474
28271885	1474
28271983	1474
29294850	1474
29294970	1474
29295068	1474
29295188	1474
29295350	1474
29295452	1474
29295565	1474
29295683	1474
29295781	1474
29295897	1474
29334672	1474
29334826	1474
29334937	1474
29335082	1474
29335181	1474
29335295	1474
29335426	1474
29335535	1474
30095987	1474
30096095	1474
30096194	1474
30096292	1474
30096416	1474
30096684	1474
30096788	1474
30096882	1474
30096984	1474
30097083	1474
30097262	1474
30097389	1474
30135351	1474
30135468	1474
30896077	1474
30896195	1474
30896296	1474
30896390	1474
30896494	1474
30896767	1474
30896873	1474
30896994	1474
30897102	1474
30897354	1474
30897486	1474
30897614	1474
30934275	1474
30934608	1474
30934937	1474
30935064	1474
30935208	1474
30935307	1474
30935417	1474
30935541	1474
30935644	1474
31694440	1474
31694582	1474
31694766	1474
31695061	1474
31695305	1474
31695570	1474
31695738	1474
31695944	1474
31696081	1474
31696259	1474
31696397	1474
31696532	1474
31735481	1474
31735682	1474
31735840	1474
32496760	1474
32496903	1474
32497053	1474
32497280	1474
32497471	1474
32497627	1474
32497782	1474
32497924	1474
32498099	1474
32498249	1474
32498388	1474
32498528	1474
32541237	1474
32541407	1474
32541548	1474
32541714	1474
32541877	1474
32542024	1474
32542164	1474
32542305	1474
32542442	1474
33296642	1474
33296783	1474
33296971	1474
33297112	1474
33297247	1474
33297384	1474
33297519	1474
33297680	1474
33297816	1474
33297961	1474
33298099	1474
33298237	1474
33338153	1474
33338306	1474
33338443	1474
34104178	1474
34104321	1474
34104490	1474
34104671	1474
34104868	1474
34105068	1474
34105315	1474
34105464	1474
34105630	1474
34105768	1474
34105913	1474
34106052	1474
34106331	1474
34145862	1474
34146048	1474
34146189	1474
34895523	1474
34895624	1474
34895748	1474
34895845	1474
34895955	1474
34896083	1474
34896259	1474
34896468	1474
34896568	1474
34896665	1474
34896762	1474
34896865	1474
34897064	1474
34937599	1474
34937740	1474
34937923	1474
34938126	1474
35693420	1474
35693528	1474
35693624	1474
35693719	1474
35693823	1474
35693919	1474
35694016	1474
35694109	1474
35694205	1474
35694300	1474
35694394	1474
35694490	1474
35734372	1474
35734507	1474
35735062	1474
35735160	1474
35735257	1474
35735352	1474
35735447	1474
35735540	1474
35735635	1474
36493103	1474
36493318	1474
36493415	1474
36493597	1474
36493696	1474
36493802	1474
36493896	1474
36493988	1474
36494085	1474
36494182	1474
36494277	1474
36494373	1474
36534458	1474
36534739	1474
36534922	1474
37294429	1474
37294863	1474
37294978	1474
37295100	1474
37295199	1474
37295297	1474
37295421	1474
37295530	1474
37295633	1474
37295746	1474
37295850	1474
37295950	1474
37296050	1474
37333932	1474
37334317	1474
37334540	1474
38095665	1474
38096076	1474
38096367	1474
38096469	1474
38096559	1474
38096687	1474
38096792	1474
38096892	1474
38097000	1474
38097101	1474
38097219	1474
38097327	1474
38097428	1474
38142051	1474
38142348	1474
38142507	1474
38142989	1474
38143105	1474
38143197	1474
38143322	1474
38143424	1474
38893768	1474
38893920	1474
38894013	1474
38894149	1474
38894273	1474
38894391	1474
38894510	1474
38894659	1474
38894787	1474
38894878	1474
38895013	1474
38895112	1474
38895226	1474
38934911	1474
38935058	1474
39692880	1474
39693303	1474
39693546	1474
39693690	1474
39693830	1474
39693981	1474
39694122	1474
39694260	1474
39694426	1474
39694574	1474
39694766	1474
39694936	1474
39695075	1474
39733620	1474
39733946	1474
39734065	1474
39734188	1474
39734283	1474
39734400	1474
39734499	1474
39734701	1474
40496586	1474
40496862	1474
40496968	1474
40497064	1474
40497186	1474
40497295	1474
40497401	1474
40497533	1474
40497639	1474
40497757	1474
40497854	1474
40497970	1474
40498089	1474
40539284	1474
40539573	1474
41296771	1474
41296921	1474
41297073	1474
41297191	1474
41297305	1474
41297406	1474
41297525	1474
41297630	1474
41297729	1474
41297848	1474
41297974	1474
41298071	1474
41298170	1474
41337957	1474
41338106	1474
41338278	1474
42093296	1474
42093651	1474
42093758	1474
42093865	1474
42093962	1474
42094079	1474
42094201	1474
42094298	1474
42094395	1474
42094502	1474
42094613	1474
42094812	1474
42094964	1474
42133503	1474
42133651	1474
42133745	1474
42134012	1474
42134134	1474
42134256	1474
42134355	1474
42134468	1474
42893095	1474
42893275	1474
42893381	1474
42893486	1474
42893576	1474
42893696	1474
42893804	1474
42893898	1474
42893991	1474
42894086	1474
42894207	1474
42894328	1474
42894438	1474
42894533	1474
43693170	1474
43693409	1474
43693530	1474
43693720	1474
43693819	1474
43693915	1474
43694013	1474
43694108	1474
43694199	1474
43694326	1474
43694421	1474
43694517	1474
43694635	1474
43694848	1474
43735020	1474
43735264	1474
43735491	1474
44492065	1474
44492362	1474
44492462	1474
44492560	1474
44492652	1474
44492746	1474
44492837	1474
44492933	1474
44493053	1474
44493151	1474
44493245	1474
44493351	1474
44493448	1474
44493544	1474
44534010	1474
44534287	1474
44534412	1474
44534508	1474
44534604	1474
44534738	1474
44534837	1474
44534964	1474
45291865	1474
45292148	1474
45292692	1474
45292905	1474
45293117	1474
45293270	1474
45293407	1474
45293546	1474
45293684	1474
45293841	1474
45293981	1474
45294118	1474
45294267	1474
45294406	1474
46092190	1474
46092419	1474
46092596	1474
46093034	1474
46093256	1474
46093484	1474
46093626	1474
46093762	1474
46093899	1474
46094034	1474
46094227	1474
46094369	1474
46094508	1474
46094648	1474
46133056	1474
46133283	1474
46893255	1474
46893362	1474
46893480	1474
46893583	1474
46893704	1474
46893806	1474
46893908	1474
46894035	1474
46894150	1474
46894273	1474
46894373	1474
46894475	1474
46894628	1474
46894771	1474
46933159	1474
46933485	1474
46933594	1474
47693735	1474
47693838	1474
47693940	1474
47694039	1474
47694185	1474
47694510	1474
47694833	1474
47694963	1474
47695072	1474
47695175	1474
47695274	1474
47695376	1474
47695476	1474
47695577	1474
47695782	1474
47732243	1474
47732539	1474
47732696	1474
48493424	1474
48493568	1474
48493705	1474
48493882	1474
48494084	1474
48494407	1474
48494740	1474
48494893	1474
48495038	1474
48495176	1474
48495313	1474
48495449	1474
48495587	1474
48495724	1474
48495880	1474
48496091	1474
48533562	1474
48533748	1474
49292939	1474
49293091	1474
49293254	1474
49293477	1474
49293667	1474
49293827	1474
49294015	1474
49294155	1474
49294314	1474
49294456	1474
49294591	1474
49294801	1474
49294943	1474
49295092	1474
49295228	1474
49295388	1474
49332670	1474
50093103	1474
50093246	1474
50093382	1474
50093598	1474
50093791	1474
50093974	1474
50094134	1474
50094273	1474
50094435	1474
50094659	1474
50094885	1474
50095039	1474
50095176	1474
50095312	1474
50095448	1474
50095584	1474
50131962	1474
50132160	1474
51160640	1474
51160748	1474
51160855	1474
51160945	1474
51161059	1474
51161335	1474
51161487	1474
51162027	1474
51162142	1474
51162242	1474
51162341	1474
51162440	1474
51162539	1474
51162706	1474
51162813	1474
51164795	1474
51201825	1474
51201961	1474
51958871	1474
51958976	1474
51959110	1474
51959206	1474
51959310	1474
51959536	1474
51959642	1474
51960013	1474
51960119	1474
51960227	1474
51960326	1474
51960425	1474
51960534	1474
51960635	1474
51960734	1474
51960841	1474
52002038	1474
52002164	1474
52758750	1474
52758863	1474
52758961	1474
52759056	1474
52759169	1474
52759379	1474
52759552	1474
52759655	1474
52759912	1474
52760012	1474
52760108	1474
52760203	1474
52760299	1474
52760392	1474
52760487	1474
52760578	1474
52760671	1474
52799974	1474
53560036	1474
53560177	1474
53560315	1474
53560454	1474
53560658	1474
53560858	1474
53561013	1474
53561199	1474
53561337	1474
53561475	1474
53561614	1474
53561760	1474
53561924	1474
53562061	1474
53562198	1474
53562358	1474
53562835	1474
54359213	1474
54359352	1474
54359490	1474
54359668	1474
54359878	1474
54360035	1474
54360205	1474
54360344	1474
54360481	1474
54360619	1474
54360762	1474
54360903	1474
54361040	1474
54361178	1474
54361318	1474
54361456	1474
54361595	1474
55158892	1474
55159201	1474
55159401	1474
55159637	1474
55159831	1474
55159993	1474
55160152	1474
55160291	1474
55160456	1474
55160603	1474
55160743	1474
55160878	1474
55161016	1474
55161151	1474
55161292	1474
55161427	1474
55161567	1474
55961882	1474
55961982	1474
55962075	1474
55962195	1474
55962289	1474
55962382	1474
55962475	1474
55962608	1474
55962736	1474
55962834	1474
55962955	1474
55963048	1474
55963142	1474
55963236	1474
55963330	1474
55963448	1474
56003710	1474
56003921	1474
56759606	1474
56759704	1474
56759797	1474
56759894	1474
56759995	1474
56760208	1474
56760311	1474
56760407	1474
56760501	1474
56760705	1474
56760804	1474
56760900	1474
56760994	1474
56761087	1474
56761182	1474
56761275	1474
56761368	1474
56801337	1474
57559758	1474
57559853	1474
57559945	1474
57560037	1474
57560130	1474
57560223	1474
57560316	1474
57560410	1474
57560511	1474
57560607	1474
57560700	1474
57560792	1474
57560886	1474
57561005	1474
57561099	1474
57561192	1474
57601368	1474
57601462	1474
58360226	1474
58360325	1474
58360418	1474
58360526	1474
58360619	1474
58360712	1474
58360805	1474
58360898	1474
58360993	1474
58361086	1474
58361179	1474
58361274	1474
58361366	1474
58361469	1474
58361564	1474
58361658	1474
58400961	1474
58401058	1474
59159916	1474
59160012	1474
59160105	1474
59160197	1474
59160290	1474
59160384	1474
59160583	1474
59160678	1474
59160771	1474
59160890	1474
59160983	1474
59161076	1474
59161170	1474
59161263	1474
59161357	1474
59161529	1474
59161624	1474
59960015	1474
59960111	1474
59960204	1474
59960371	1474
59960476	1474
59960664	1474
59960763	1474
59960858	1474
59960951	1474
59961043	1474
59961224	1474
59961320	1474
59961430	1474
59961548	1474
59961641	1474
59961734	1474
59961853	1474
59961946	1474
60759238	1474
60759350	1474
60759445	1474
60759539	1474
60759634	1474
60759758	1474
60759928	1474
60760023	1474
60760118	1474
60760348	1474
60760444	1474
60760563	1474
60760656	1474
60760750	1474
60760843	1474
60760936	1474
60761028	1474
60761121	1474
61560372	1474
61560473	1474
61560575	1474
61560748	1474
61560874	1474
61561137	1474
61561424	1474
61561528	1474
61561627	1474
61561725	1474
61561823	1474
61561921	1474
61562018	1474
61562116	1474
61562213	1474
61562325	1474
61562423	1474
61562670	1474
62628413	1474
62628515	1474
62628612	1474
62628711	1474
62628808	1474
62628905	1474
62629002	1474
62629098	1474
62629230	1474
62629328	1474
62629425	1474
62629523	1474
62629621	1474
62629719	1474
62629815	1474
62629912	1474
62630010	1474
62667647	1474
63425865	1474
63425987	1474
63426278	1474
63426428	1474
63426533	1474
63426632	1474
63427014	1474
63427110	1474
63427219	1474
63427333	1474
63427446	1474
63427544	1474
63427640	1474
63427738	1474
63427834	1474
63427959	1474
63428055	1474
63959687	1474
63959783	1474
63959883	1474
63959975	1474
63960110	1474
63960321	1474
63960418	1474
63960515	1474
63960619	1474
63960711	1474
63960950	1474
63961105	1474
63961201	1474
63961291	1474
63961381	1474
63961472	1474
63961584	1474
64761556	1474
64761698	1474
64761834	1474
64761971	1474
64762129	1474
64762291	1474
64762427	1474
64762563	1474
64762746	1474
64762887	1474
64763055	1474
64763191	1474
64763328	1474
64763463	1474
64763599	1474
64763734	1474
64763870	1474
65562637	1474
65562829	1474
65563010	1474
65563238	1474
65563509	1474
65563651	1474
65563815	1474
65563974	1474
65564115	1474
65564252	1474
65564390	1474
65564527	1474
65564666	1474
65564803	1474
65564941	1474
65565089	1474
65565228	1474
66362753	1474
66362911	1474
66363093	1474
66363303	1474
66363515	1474
66363680	1474
66363912	1474
66364127	1474
66364283	1474
66364424	1474
66364563	1474
66364703	1474
66364841	1474
66364989	1474
66365154	1474
66365294	1474
66365431	1474
66365569	1474
67425728	1474
67425834	1474
67425953	1474
67426094	1474
67426192	1474
67426302	1474
67426399	1474
67426498	1474
67426614	1474
67426786	1474
67426888	1474
67426994	1474
67427091	1474
67427209	1474
67427321	1474
67427431	1474
67427550	1474
67427672	1474
68225006	1474
68225101	1474
68225215	1474
68225307	1474
68225400	1474
68225498	1474
68225719	1474
68225821	1474
68225949	1474
68226040	1474
68226144	1474
68226235	1474
68226325	1474
68226416	1474
68226507	1474
68226618	1474
68226752	1474
68226853	1474
69024437	1474
69024529	1474
69024612	1474
69024698	1474
69024804	1474
69024915	1474
69025182	1474
69025274	1474
69025384	1474
69025500	1474
69025725	1474
69025820	1474
69025935	1474
69026044	1474
69026133	1474
69026243	1474
69026334	1474
69822956	1474
69823138	1474
69823336	1474
69823553	1474
69823762	1474
69823948	1474
69824133	1474
69824276	1474
69824438	1474
69824580	1474
69824728	1474
69824867	1474
69825031	1474
69825176	1474
69825313	1474
69825467	1474
69825609	1474
69825764	1474
70625547	1474
70625827	1474
70625934	1474
70626049	1474
70626149	1474
70626416	1474
70626571	1474
70626887	1474
70626986	1474
70627108	1474
70627222	1474
70627328	1474
70627426	1474
70627551	1474
70627655	1474
70627753	1474
70627850	1474
71424671	1474
71424777	1474
71424902	1474
71425036	1474
71425190	1474
71425448	1474
71425620	1474
71425871	1474
71426010	1474
71426110	1474
71426207	1474
71426307	1474
71426409	1474
71426507	1474
71426641	1474
71426840	1474
71426941	1474
72225276	1474
72225412	1474
72225525	1474
72225629	1474
72225746	1474
72225868	1474
72225980	1474
72226098	1474
72226196	1474
72226309	1474
72226407	1474
72226516	1474
72226859	1474
72226966	1474
72227075	1474
72227189	1474
72227286	1474
73023430	1474
73023528	1474
73023636	1474
73023730	1474
73023825	1474
73024031	1474
73024134	1474
73024232	1474
73024328	1474
73024426	1474
73024522	1474
73024657	1474
73024779	1474
73024871	1474
73024990	1474
73025207	1474
73025309	1474
73823791	1474
73823890	1474
73823989	1474
73824088	1474
73824185	1474
73824382	1474
73824495	1474
73824594	1474
73824691	1474
73824787	1474
73824883	1474
73824978	1474
73825074	1474
73825169	1474
73825264	1474
73825360	1474
73825456	1474
73825566	1474
74624002	1474
74624097	1474
74624193	1474
74624290	1474
74624386	1474
74624604	1474
74624706	1474
74624807	1474
74624907	1474
74625094	1474
74625196	1474
74625294	1474
74625391	1474
74625503	1474
74625602	1474
74625696	1474
74625791	1474
74625890	1474
75423699	1474
75423828	1474
75423924	1474
75424022	1474
75424144	1474
75424242	1474
75424363	1474
75424473	1474
75424569	1474
75424690	1474
75424786	1474
75424981	1474
75425085	1474
75425181	1474
75425278	1474
75425373	1474
75425483	1474
75425580	1474
76223660	1474
76223759	1474
76223855	1474
76223952	1474
76224050	1474
76224172	1474
76224267	1474
76224371	1474
76224468	1474
76224564	1474
76224661	1474
76224860	1474
76224963	1474
76225059	1474
76225155	1474
76225251	1474
76225354	1474
77023479	1474
77023587	1474
77023685	1474
77023799	1474
77023924	1474
77024121	1474
77024225	1474
77024328	1474
77024427	1474
77024520	1474
77024614	1474
77024723	1474
77024918	1474
77025021	1474
77025117	1474
77025212	1474
77025314	1474
77025409	1474
77825202	1474
77825316	1474
77825436	1474
77825530	1474
77825729	1474
77825831	1474
77825927	1474
77826024	1474
77826121	1474
77826214	1474
77826323	1474
77826419	1474
77826513	1474
77826627	1474
77826783	1474
77826880	1474
77826999	1474
77827099	1474
78625935	1474
78626034	1474
78626130	1474
78626236	1474
78626338	1474
78626546	1474
78626708	1474
78626840	1474
78626967	1474
78627272	1474
78627444	1474
78627564	1474
78627663	1474
78627760	1474
78627858	1474
78627953	1474
78628050	1474
79426201	1474
79426301	1474
79426397	1474
79426494	1474
79426615	1474
79426856	1474
79426961	1474
79427058	1474
79427162	1474
79427259	1474
79427355	1474
79427450	1474
79427545	1474
79427665	1474
79427761	1474
79427879	1474
79427974	1474
79428071	1474
80224392	1474
80224491	1474
80224698	1474
80224803	1474
80225010	1474
80225129	1474
80225226	1474
80225320	1474
80225415	1474
80225510	1474
80225605	1474
80225699	1474
80225797	1474
80225891	1474
80226012	1474
80226120	1474
80226218	1474
80226312	1474
81024673	1474
81024798	1474
81024893	1474
81025019	1474
81025121	1474
81025343	1474
81025447	1474
81025544	1474
81025641	1474
81025736	1474
81025830	1474
81025926	1474
81026032	1474
81026157	1474
81026252	1474
81026345	1474
81026441	1474
81026537	1474
82089847	1474
82090027	1474
82090166	1474
82090395	1474
82090586	1474
82090894	1474
82091054	1474
82091238	1474
82091379	1474
82091517	1474
82091655	1474
82091793	1474
82091939	1474
82092078	1474
82092215	1474
82092354	1474
82092491	1474
82092629	1474
82892534	1474
82892637	1474
82892749	1474
82892884	1474
82893156	1474
82893262	1474
82893368	1474
82893465	1474
82893577	1474
82893677	1474
82893776	1474
82893887	1474
82893994	1474
82894101	1474
82894217	1474
82894313	1474
82894429	1474
82894551	1474
83692530	1474
83692646	1474
83692743	1474
83692858	1474
83692955	1474
83693065	1474
83693189	1474
83693286	1474
83693397	1474
83693510	1474
83693656	1474
83693778	1474
83693873	1474
83693991	1474
83694100	1474
83694205	1474
83694298	1474
83694393	1474
84492173	1474
84492286	1474
84492384	1474
84492511	1474
84492617	1474
84492743	1474
84492943	1474
84493054	1474
84493188	1474
84493284	1474
84493380	1474
84493479	1474
84493577	1474
84493672	1474
84493768	1474
84493863	1474
84493994	1474
84494093	1474
85293135	1474
85293241	1474
85293339	1474
85293445	1474
85293566	1474
85293791	1474
85293895	1474
85294031	1474
85294129	1474
85294229	1474
85294327	1474
85294424	1474
85294522	1474
85294620	1474
85294788	1474
85294937	1474
85295042	1474
85295140	1474
86091960	1474
86092065	1474
86092165	1474
86092257	1474
86092357	1474
86092584	1474
86092690	1474
86092787	1474
86092895	1474
86092995	1474
86093093	1474
86093192	1474
86093291	1474
86093417	1474
86093516	1474
86093614	1474
86093712	1474
86093810	1474
86891407	1474
86891517	1474
86891637	1474
86891902	1474
86892048	1474
86892151	1474
86892272	1474
86892504	1474
86892620	1474
86892729	1474
86892834	1474
86892936	1474
86893051	1474
86893152	1474
86893250	1474
86893348	1474
86893446	1474
86893544	1474
87691306	1474
87691410	1474
87691571	1474
87691892	1474
87692023	1474
87692138	1474
87692237	1474
87692338	1474
87692448	1474
87692549	1474
87692653	1474
87692785	1474
87692886	1474
87692985	1474
87693086	1474
87693184	1474
87693285	1474
87693383	1474
88758398	1474
88758549	1474
88758691	1474
88758925	1474
88759177	1474
88759501	1474
88759681	1474
88759825	1474
88759989	1474
88760133	1474
88760274	1474
88760410	1474
88760558	1474
88760732	1474
88760871	1474
88761031	1474
88761173	1474
88761311	1474
89559020	1474
89559252	1474
89559460	1474
89559684	1474
89559827	1474
89559964	1474
89560104	1474
89560361	1474
89560539	1474
89560677	1474
89560838	1474
89560979	1474
89561136	1474
89561278	1474
89561414	1474
89561571	1474
89561706	1474
89561870	1474
90357449	1474
90357556	1474
90357685	1474
90357785	1474
90357900	1474
90358015	1474
90358113	1474
90358213	1474
90358315	1474
90358412	1474
90358512	1474
90358634	1474
90358870	1474
90359095	1474
90359228	1474
90359491	1474
90359605	1474
90359748	1474
91158776	1474
91158971	1474
91159207	1474
91159403	1474
91159642	1474
91159785	1474
91159922	1474
91160058	1474
91160193	1474
91160329	1474
91160478	1474
91160615	1474
91160750	1474
91160912	1474
91161048	1474
91161184	1474
91161348	1474
91161502	1474
91958087	1474
91958246	1474
91958400	1474
91958626	1474
91958860	1474
91959159	1474
91959374	1474
91959597	1474
91959736	1474
91959873	1474
91960010	1474
91960147	1474
91960285	1474
91960432	1474
91960593	1474
91960729	1474
91960866	1474
91961001	1474
92758651	1474
92758927	1474
92759190	1474
92759472	1474
92759643	1474
92759782	1474
92759920	1474
92760059	1474
92760196	1474
92760348	1474
92760486	1474
92760625	1474
92760763	1474
92760901	1474
92761038	1474
92761178	1474
92761321	1474
92761461	1474
93557514	1474
93557612	1474
93557725	1474
93557852	1474
93557970	1474
93558198	1474
93558294	1474
93558400	1474
93558484	1474
93558594	1474
93558773	1474
93559020	1474
93559115	1474
93559213	1474
93559296	1474
93559382	1474
93559487	1474
93559584	1474
94358027	1474
94358130	1474
94358241	1474
94358340	1474
94358458	1474
94358587	1474
94358933	1474
94359041	1474
94359167	1474
94359295	1474
94359434	1474
94359533	1474
94359641	1474
94359764	1474
94359864	1474
94359965	1474
94360064	1474
94360183	1474
95157904	1474
95158010	1474
95158119	1474
95158219	1474
95158321	1474
95158579	1474
95158854	1474
95158969	1474
95159102	1474
95159217	1474
95159317	1474
95159433	1474
95159537	1474
95159654	1474
95159751	1474
95159849	1474
95159956	1474
95160084	1474
96223644	1474
96223785	1474
96223920	1474
96224062	1474
96224199	1474
96224359	1474
96224518	1474
96224652	1474
96224787	1474
96224940	1474
96225085	1474
96225222	1474
96225383	1474
96225518	1474
96225678	1474
96225813	1474
96225948	1474
96226089	1474
97022991	1474
97023095	1474
97023185	1474
97023273	1474
97023360	1474
97023541	1474
97023642	1474
97023736	1474
97023828	1474
97023920	1474
97024012	1474
97024115	1474
97024207	1474
97024309	1474
97024401	1474
97024492	1474
97024584	1474
97024675	1474
97823041	1474
97823166	1474
97823289	1474
97823484	1474
97823658	1474
97823804	1474
97823975	1474
97824115	1474
97824249	1474
97824389	1474
97824524	1474
97824660	1474
97824821	1474
97824989	1474
97825126	1474
97825261	1474
97825397	1474
98620464	1474
98620562	1474
98620660	1474
98620755	1474
98620877	1474
98620984	1474
98621081	1474
98621178	1474
98621274	1474
98621394	1474
98621491	1474
98621585	1474
98621680	1474
98621774	1474
98621868	1474
98621970	1474
98622065	1474
98622161	1474
99424230	1474
99424376	1474
99424546	1474
99424758	1474
99425035	1474
99425177	1474
99425318	1474
99425461	1474
99425601	1474
99425739	1474
99425911	1474
99426055	1474
99426218	1474
99426359	1474
99426499	1474
99426638	1474
99426945	1474
99427093	1474
100224269	1474
100224378	1474
100224494	1474
100224607	1474
100224762	1474
100224966	1474
100225092	1474
100225195	1474
100225297	1474
100225408	1474
100225509	1474
100225609	1474
100225707	1474
100225807	1474
100225923	1474
100226022	1474
100226146	1474
100226248	1474
101026155	1474
101026260	1474
101026359	1474
101026467	1474
101026567	1474
101026699	1474
101026810	1474
101026913	1474
101027019	1474
101027119	1474
101027219	1474
101027321	1474
101027420	1474
101027521	1474
101027634	1474
101027733	1474
101027845	1474
101027945	1474
101823055	1474
101823169	1474
101823294	1474
101823391	1474
101823503	1474
101823604	1474
101823751	1474
101823880	1474
101823985	1474
101824086	1474
101824190	1474
101824287	1474
101824385	1474
101824506	1474
101824605	1474
101824703	1474
101824811	1474
102623048	1474
102623160	1474
102623274	1474
102623377	1474
102623497	1474
102623617	1474
102623757	1474
102623857	1474
102623953	1474
102624058	1474
102624158	1474
102624256	1474
102624356	1474
102624456	1474
102624556	1474
102624663	1474
102624775	1474
102624915	1474
103422972	1474
103423072	1474
103423211	1474
103423359	1474
103423491	1474
103423619	1474
103423827	1474
103423953	1474
103424101	1474
103424207	1474
103424308	1474
103424408	1474
103424520	1474
103424620	1474
103424731	1474
103424830	1474
103424929	1474
103425031	1474
104222797	1474
104222912	1474
104223022	1474
104223121	1474
104223237	1474
104223709	1474
104223816	1474
104223942	1474
104224053	1474
104224171	1474
104224268	1474
104224411	1474
104224512	1474
104224620	1474
104224722	1474
104224821	1474
104224920	1474
104225020	1474
105287909	1474
105288083	1474
105288188	1474
105288285	1474
105288383	1474
105288481	1474
105288599	1474
105288695	1474
105288794	1474
105288890	1474
105289003	1474
105289127	1474
105289266	1474
105289368	1474
105289491	1474
105289629	1474
105289733	1474
105289849	1474
106087448	1474
106087567	1474
106087663	1474
106087777	1474
106087877	1474
106087977	1474
106088088	1474
106088200	1474
106088301	1474
106088407	1474
106088517	1474
106088617	1474
106088740	1474
106088905	1474
106089009	1474
106089132	1474
106089245	1474
106089346	1474
106887498	1474
106887615	1474
106887719	1474
106887837	1474
106887941	1474
106888042	1474
106888158	1474
106888261	1474
106888435	1474
106888540	1474
106888655	1474
106888756	1474
106888862	1474
106888976	1474
106889073	1474
106889215	1474
106889321	1474
106889476	1474
107687104	1474
107687195	1474
107687288	1474
107687377	1474
107687467	1474
107687565	1474
107687650	1474
107687737	1474
107687825	1474
107687914	1474
107688031	1474
107688121	1474
107688227	1474
107688315	1474
107688469	1474
107688596	1474
107688742	1474
107688847	1474
108490627	1474
108490822	1474
108490969	1474
108491155	1474
108491364	1474
108491602	1474
108491748	1474
108491889	1474
108492028	1474
108492172	1474
108492319	1474
108492463	1474
108492628	1474
108492793	1474
108492935	1474
108493081	1474
108493222	1474
108493375	1474
109289489	1474
109289600	1474
109289707	1474
109289881	1474
109290015	1474
109290171	1474
109290419	1474
109290517	1474
109290663	1474
109290765	1474
109290864	1474
109290959	1474
109291061	1474
109291152	1474
109291326	1474
109291423	1474
109291517	1474
109291630	1474
110086287	1474
110086387	1474
110086487	1474
110086635	1474
110086804	1474
110086921	1474
110087040	1474
110087161	1474
110087274	1474
110087400	1474
110087522	1474
110087616	1474
110087772	1474
110087902	1474
110088001	1474
110088126	1474
110088230	1474
110088331	1474
110892438	1474
110892533	1474
110892628	1474
110892717	1474
110892823	1474
110893097	1474
110893216	1474
110893328	1474
110893430	1474
110893545	1474
110893642	1474
110893757	1474
110893853	1474
110893965	1474
110894077	1474
110894183	1474
110894286	1474
110894384	1474
111952667	1474
111952761	1474
111952862	1474
111952971	1474
111953100	1474
111953321	1474
111953433	1474
111953531	1474
111953630	1474
111953725	1474
111953830	1474
111953943	1474
111954061	1474
111954197	1474
111954302	1474
111954399	1474
111954512	1474
111954650	1474
112488852	1474
112488952	1474
112489078	1474
112489178	1474
112489318	1474
112489587	1474
112489692	1474
112489943	1474
112490056	1474
112490173	1474
112490282	1474
112490380	1474
112490477	1474
112490668	1474
112490773	1474
112490884	1474
112491004	1474
113290891	1474
113290996	1474
113291105	1474
113291258	1474
113291365	1474
113291636	1474
113291767	1474
113291883	1474
113291982	1474
113292095	1474
113292197	1474
113292295	1474
113292393	1474
113292491	1474
113292590	1474
113292689	1474
113292788	1474
114353788	1474
114354063	1474
114354169	1474
114354287	1474
114354433	1474
114354798	1474
114354905	1474
114355016	1474
114355115	1474
114355222	1474
114355329	1474
114355431	1474
114355553	1474
114355664	1474
114355788	1474
114355907	1474
114356046	1474
114356148	1474
115152770	1474
115152998	1474
115153106	1474
115153333	1474
115153486	1474
115153590	1474
115153838	1474
115153952	1474
115154061	1474
115154212	1474
115154313	1474
115154411	1474
115154517	1474
115154714	1474
115154837	1474
115154949	1474
115155073	1474
115155187	1474
115952769	1474
115952991	1474
115953142	1474
115953235	1474
115953383	1474
115953513	1474
115953723	1474
115953824	1474
115953962	1474
115954086	1474
115954211	1474
115954311	1474
115954411	1474
115954510	1474
115954662	1474
115954765	1474
115954954	1474
115955075	1474
116752486	1474
116752595	1474
116752707	1474
116752841	1474
116752965	1474
116753063	1474
116753204	1474
116753306	1474
116753407	1474
116753506	1474
116753619	1474
116753742	1474
116753862	1474
116753961	1474
116754058	1474
116754158	1474
116754260	1474
116754359	1474
117552554	1474
117552659	1474
117552769	1474
117552872	1474
117552969	1474
117553061	1474
117553157	1474
117553254	1474
117553352	1474
117553451	1474
117553553	1474
117553652	1474
117553753	1474
117553879	1474
117553974	1474
117554070	1474
117554193	1474
117554290	1474
118351904	1474
118352006	1474
118352105	1474
118352198	1474
118352296	1474
118352507	1474
118352611	1474
118352721	1474
118352819	1474
118352941	1474
118353040	1474
118353131	1474
118353226	1474
118353324	1474
118353423	1474
118353514	1474
118353610	1474
119151294	1474
119151392	1474
119151485	1474
119151612	1474
119151709	1474
119151809	1474
119151906	1474
119152001	1474
119152096	1474
119152193	1474
119152289	1474
119152387	1474
119152481	1474
119152576	1474
119152685	1474
119152780	1474
119152872	1474
119152965	1474
119951297	1474
119951396	1474
119951492	1474
119951594	1474
119951690	1474
119951786	1474
119951905	1474
119952000	1474
119952094	1474
119952189	1474
119952283	1474
119952378	1474
119952472	1474
119952572	1474
119952692	1474
119952787	1474
119952881	1474
120751260	1474
120751350	1474
120751433	1474
120751531	1474
120751651	1474
120751737	1474
120751843	1474
120751986	1474
120752073	1474
120752154	1474
120752237	1474
120752321	1474
120752404	1474
120752496	1474
120752583	1474
120752668	1474
120752774	1474
120752858	1474
121552055	1474
121552156	1474
121552253	1474
121552352	1474
121552448	1474
121552572	1474
121552739	1474
121552839	1474
121552932	1474
121553024	1474
121553117	1474
121553236	1474
121553354	1474
121553448	1474
121553552	1474
121553646	1474
121553739	1474
121553832	1474
122351796	1474
122351896	1474
122352010	1474
122352155	1474
122352281	1474
122352405	1474
122352632	1474
122352730	1474
122352829	1474
122352927	1474
122353024	1474
122353161	1474
122353281	1474
122353381	1474
122353493	1474
122353592	1474
122353689	1474
122353812	1474
123417147	1474
123417247	1474
123417388	1474
123417503	1474
123417623	1474
123417785	1474
123417880	1474
123417974	1474
123418067	1474
123418158	1474
123418250	1474
123418342	1474
123418447	1474
123418540	1474
123418656	1474
123418836	1474
123418930	1474
123419023	1474
124217714	1474
124217855	1474
124217994	1474
124218167	1474
124218376	1474
124218540	1474
124218682	1474
124218871	1474
124219012	1474
124219151	1474
124219287	1474
124219434	1474
124219574	1474
124219710	1474
124219848	1474
124219983	1474
124220143	1474
124220279	1474
125018111	1474
125018249	1474
125018412	1474
125018612	1474
125018849	1474
125018994	1474
125019139	1474
125019273	1474
125019421	1474
125019556	1474
125019689	1474
125019823	1474
125019956	1474
125020089	1474
125020222	1474
125020393	1474
125020527	1474
125020662	1474
125817626	1474
125817766	1474
125817901	1474
125818067	1474
125818281	1474
125818433	1474
125818570	1474
125818755	1474
125818895	1474
125819030	1474
125819164	1474
125819361	1474
125819568	1474
125819723	1474
125819859	1474
125820019	1474
125820156	1474
125820299	1474
126617850	1474
126617971	1474
126618090	1474
126618200	1474
126618307	1474
126618405	1474
126618502	1474
126618652	1474
126618789	1474
126618894	1474
126619091	1474
126619273	1474
126619378	1474
126619548	1474
126619729	1474
126619853	1474
126619955	1474
127416680	1474
127416801	1474
127416903	1474
127417019	1474
127417129	1474
127417229	1474
127417327	1474
127417427	1474
127417534	1474
127417693	1474
127417799	1474
127417902	1474
127418015	1474
127418122	1474
127418238	1474
127418376	1474
127418481	1474
128217544	1474
128217688	1474
128217867	1474
128218089	1474
128218282	1474
128218421	1474
128218558	1474
128218694	1474
128218881	1474
128219128	1474
128219345	1474
128219570	1474
128219708	1474
128219844	1474
128219980	1474
128220149	1474
128220290	1474
128753978	1474
128754084	1474
128754194	1474
128754301	1474
128754403	1474
128754632	1474
128754737	1474
128754869	1474
128754975	1474
128755216	1474
128755320	1474
128755432	1474
128755530	1474
128755629	1474
128755740	1474
128755861	1474
128757932	1474
129816181	1474
129816367	1474
129816542	1474
129816771	1474
129816975	1474
129817209	1474
129817348	1474
129817486	1474
129817623	1474
129817761	1474
129817924	1474
129818104	1474
129818240	1474
129818376	1474
129818533	1474
129818674	1474
129819013	1474
130617070	1474
130617172	1474
130617263	1474
130617361	1474
130617458	1474
130617660	1474
130617761	1474
130617859	1474
130617995	1474
130618089	1474
130618182	1474
130618275	1474
130618367	1474
130618460	1474
130618597	1474
130618736	1474
130618917	1474
130619017	1474
131419441	1474
131419604	1474
131419726	1474
131419819	1474
131420011	1474
131420111	1474
131420219	1474
131420390	1474
131420478	1474
131420569	1474
131420663	1474
131420756	1474
131420848	1474
131420974	1474
131421070	1474
131421166	1474
131421259	1474
132217550	1474
132217664	1474
132217763	1474
132217867	1474
132217960	1474
132218056	1474
132218150	1474
132218242	1474
132218334	1474
132218453	1474
132218570	1474
132218696	1474
132218793	1474
132218899	1474
132218994	1474
132219092	1474
132219211	1474
132219306	1474
133015869	1474
133016023	1474
133016120	1474
133016216	1474
133016308	1474
133016401	1474
133016495	1474
133016588	1474
133016682	1474
133016784	1474
133016880	1474
133016974	1474
133017068	1474
133017159	1474
133017251	1474
133017344	1474
133017438	1474
133017530	1474
133818079	1474
133818238	1474
133818335	1474
133818431	1474
133818527	1474
133818680	1474
133818796	1474
133818955	1474
133819148	1474
133819246	1474
133819339	1474
133819427	1474
133819521	1474
133819617	1474
133819711	1474
133819820	1474
133819917	1474
133820015	1474
134616242	1474
134616427	1474
134616550	1474
134616658	1474
134616751	1474
134616847	1474
134616970	1474
134617064	1474
134617163	1474
134617283	1474
134617378	1474
134617475	1474
134617571	1474
134617675	1474
134617773	1474
134617870	1474
134617975	1474
135417899	1474
135418071	1474
135418172	1474
135418280	1474
135418378	1474
135418523	1474
135418709	1474
135418915	1474
135419018	1474
135419112	1474
135419230	1474
135419343	1474
135419437	1474
135419534	1474
135419647	1474
135419744	1474
135419839	1474
135419934	1474
136215785	1474
136216012	1474
136216112	1474
136216210	1474
136216334	1474
136216431	1474
136216529	1474
136216628	1474
136216722	1474
136216819	1474
136216917	1474
136217014	1474
136217108	1474
136217206	1474
136217302	1474
136217397	1474
136217493	1474
136217587	1474
137017597	1474
137017760	1474
137017901	1474
137018043	1474
137018183	1474
137018324	1474
137018470	1474
137018629	1474
137018812	1474
137018987	1474
137019130	1474
137019269	1474
137019435	1474
137019584	1474
137019752	1474
137019912	1474
137020058	1474
137020196	1474
137819317	1474
137819508	1474
137819636	1474
137819790	1474
137819914	1474
137820039	1474
137820160	1474
137820287	1474
137820414	1474
137820550	1474
137820672	1474
137820798	1474
137820973	1474
137821111	1474
137821290	1474
137821475	1474
137821601	1474
137821726	1474
138616381	1474
138616580	1474
138616724	1474
138616888	1474
138617127	1474
138617270	1474
138617410	1474
138617560	1474
138617697	1474
138617835	1474
138618004	1474
138618144	1474
138618288	1474
138618433	1474
138618599	1474
138618788	1474
138618964	1474
139684137	1474
139684315	1474
139684468	1474
139684708	1474
139684908	1474
139685168	1474
139685308	1474
139685461	1474
139685603	1474
139685858	1474
139686057	1474
139686292	1474
139686438	1474
139686578	1474
139686781	1474
139686928	1474
139687068	1474
139687207	1474
140219218	1474
140219441	1474
140219587	1474
140219729	1474
140219870	1474
140220010	1474
140220150	1474
140220292	1474
140220443	1474
140220585	1474
140220750	1474
140220891	1474
140221054	1474
140221194	1474
140221343	1474
140221491	1474
140221632	1474
141283480	1474
141283633	1474
141283775	1474
141284073	1474
141284279	1474
141284522	1474
141284663	1474
141284805	1474
141284947	1474
141285088	1474
141285255	1474
141285434	1474
141285577	1474
141285715	1474
141285858	1474
141285999	1474
141286142	1474
141286304	1474
142082979	1474
142083145	1474
142083305	1474
142083559	1474
142083761	1474
142083932	1474
142084071	1474
142084221	1474
142084366	1474
142084502	1474
142084645	1474
142084788	1474
142084929	1474
142085073	1474
142085239	1474
142085383	1474
142085518	1474
142617856	1474
142618015	1474
142618152	1474
142618310	1474
142618451	1474
142618720	1474
142618930	1474
142619106	1474
142619319	1474
142619457	1474
142619598	1474
142619740	1474
142619881	1474
142620022	1474
142620162	1474
142620314	1474
142620455	1474
143415404	1474
143415578	1474
143415740	1474
143415879	1474
143416019	1474
143416149	1474
143416271	1474
143416413	1474
143416537	1474
143416658	1474
143416781	1474
143416901	1474
143417025	1474
143417160	1474
143417298	1474
143417440	1474
144214963	1474
144215249	1474
144215381	1474
144215481	1474
144215721	1474
144215849	1474
144216098	1474
144216205	1474
144216312	1474
144216421	1474
144216518	1474
144216619	1474
144216725	1474
144216824	1474
144216922	1474
144217038	1474
144217153	1474
144217263	1474
145015535	1474
145015691	1474
145015829	1474
145016004	1474
145016228	1474
145016420	1474
145016560	1474
145016696	1474
145016833	1474
145016969	1474
145017152	1474
145017361	1474
145017625	1474
145017768	1474
145017905	1474
145018048	1474
145018185	1474
145814667	1474
145814859	1474
145815089	1474
145815290	1474
145815432	1474
145815573	1474
145815713	1474
145815854	1474
145816030	1474
145816170	1474
145816313	1474
145816476	1474
145816619	1474
145816760	1474
145816902	1474
145817087	1474
145817286	1474
145817489	1474
146614329	1474
146614486	1474
146614626	1474
146614838	1474
146615038	1474
146615250	1474
146615448	1474
146615628	1474
146615767	1474
146615908	1474
146616058	1474
146616195	1474
146616333	1474
146616472	1474
146616614	1474
146616749	1474
146616893	1474
147682651	1474
147682998	1474
147683195	1474
147683356	1474
147683483	1474
147683611	1474
147683736	1474
147683872	1474
147684021	1474
147684168	1474
147684312	1474
147684440	1474
147684567	1474
147684692	1474
147684841	1474
147684966	1474
147685090	1474
147685221	1474
148482492	1474
148482635	1474
148482910	1474
148483151	1474
148483353	1474
148483545	1474
148483720	1474
148483866	1474
148484010	1474
148484148	1474
148484291	1474
148484430	1474
148484574	1474
148484716	1474
148484915	1474
148485191	1474
148485409	1474
148485555	1474
149282318	1474
149282459	1474
149282595	1474
149282783	1474
149282940	1474
149283080	1474
149283215	1474
149283352	1474
149283488	1474
149283625	1474
149283761	1474
149283906	1474
149284042	1474
149284179	1474
149284315	1474
149284453	1474
149284589	1474
149284815	1474
150082272	1474
150082437	1474
150082573	1474
150082796	1474
150083007	1474
150083165	1474
150083304	1474
150083440	1474
150083577	1474
150083712	1474
150083851	1474
150083988	1474
150084149	1474
150084284	1474
150084419	1474
150084556	1474
150084691	1474
150084882	1474
150881656	1474
150881763	1474
150881857	1474
150881946	1474
150882038	1474
150882128	1474
150882327	1474
150882454	1474
150882547	1474
150882696	1474
150882983	1474
150883078	1474
150883173	1474
150883291	1474
150883386	1474
150883483	1474
150883576	1474
151682411	1474
151682510	1474
151682668	1474
151682770	1474
151682867	1474
151682962	1474
151683059	1474
151683156	1474
151683251	1474
151683350	1474
151683445	1474
151683540	1474
151683642	1474
151683738	1474
151683834	1474
151683929	1474
151684024	1474
151684120	1474
152481368	1474
152481467	1474
152481563	1474
152481670	1474
152481768	1474
152481866	1474
152482093	1474
152482221	1474
152482317	1474
152482411	1474
152482515	1474
152482807	1474
152482900	1474
152482997	1474
152483095	1474
152483190	1474
152483284	1474
152483378	1474
153281992	1474
153282117	1474
153282206	1474
153282299	1474
153282391	1474
153282485	1474
153282612	1474
153282742	1474
153282839	1474
153282934	1474
153283052	1474
153283148	1474
153283239	1474
153283333	1474
153283427	1474
153283518	1474
153283621	1474
153283716	1474
154081389	1474
154081492	1474
154081588	1474
154081679	1474
154081773	1474
154081982	1474
154082129	1474
154082228	1474
154082468	1474
154082596	1474
154082767	1474
154082860	1474
154082952	1474
154083050	1474
154083168	1474
154083260	1474
154083355	1474
154881950	1474
154882046	1474
154882141	1474
154882235	1474
154882326	1474
154882449	1474
154882644	1474
154882744	1474
154882838	1474
154882933	1474
154883026	1474
154883149	1474
154883242	1474
154883335	1474
154883437	1474
154883532	1474
154883651	1474
155681271	1474
155681537	1474
155681636	1474
155681730	1474
155681823	1474
155681917	1474
155682010	1474
155682103	1474
155682196	1474
155682289	1474
155682388	1474
155682484	1474
155682599	1474
155682734	1474
155682855	1474
155682949	1474
155683042	1474
155683136	1474
156480157	1474
156480324	1474
156480449	1474
156480547	1474
156480651	1474
156480929	1474
156481034	1474
156481124	1474
156481229	1474
156481364	1474
156481454	1474
156481559	1474
156481744	1474
156481846	1474
156481961	1474
156482065	1474
156482180	1474
157282184	1474
157282383	1474
157282482	1474
157282616	1474
157282809	1474
157282906	1474
157283023	1474
157283122	1474
157283234	1474
157283354	1474
157283448	1474
157283544	1474
157283641	1474
157283765	1474
157283892	1474
157283989	1474
157284089	1474
158081509	1474
158081608	1474
158081720	1474
158081836	1474
158081931	1474
158082028	1474
158082153	1474
158082339	1474
158082454	1474
158082647	1474
158082751	1474
158082848	1474
158082943	1474
158083060	1474
158083182	1474
158083293	1474
158083395	1474
158881706	1474
158881837	1474
158881935	1474
158882046	1474
158882176	1474
158882278	1474
158882393	1474
158882493	1474
158882624	1474
158882771	1474
158882862	1474
158882957	1474
158883078	1474
158883182	1474
158883374	1474
158883479	1474
158883587	1474
159681162	1474
159681272	1474
159681372	1474
159681471	1474
159681572	1474
159681669	1474
159681779	1474
159681876	1474
159681979	1474
159682100	1474
159682225	1474
159682340	1474
159682440	1474
159682566	1474
159682751	1474
159682896	1474
159683000	1474
160482610	1474
160482771	1474
160482883	1474
160482977	1474
160483082	1474
160483193	1474
160483292	1474
160483424	1474
160483526	1474
160483626	1474
160483728	1474
160483826	1474
160483929	1474
160484025	1474
160484139	1474
160484257	1474
160484360	1474
160484458	1474
161280505	1474
161280631	1474
161280731	1474
161280851	1474
161280949	1474
161281055	1474
161281179	1474
161281294	1474
161281395	1474
161281517	1474
161281635	1474
161281733	1474
161281835	1474
161281961	1474
161282075	1474
161282191	1474
161282309	1474
162082426	1474
162082527	1474
162082683	1474
162082838	1474
162082949	1474
162083056	1474
162083160	1474
162083263	1474
162083365	1474
162083466	1474
162083567	1474
162083695	1474
162083794	1474
162083949	1474
162084137	1474
162084242	1474
162084343	1474
162880579	1474
162880678	1474
162880782	1474
162880875	1474
162880981	1474
162881099	1474
162881213	1474
162881313	1474
162881430	1474
162881539	1474
162881639	1474
162881755	1474
162881855	1474
162881952	1474
162882068	1474
162882169	1474
162882273	1474
162882375	1474
163680443	1474
163680544	1474
163680661	1474
163680780	1474
163680878	1474
163680993	1474
163681090	1474
163681191	1474
163681315	1474
163681441	1474
163681542	1474
163681640	1474
163681745	1474
163681844	1474
163681962	1474
163682065	1474
164480431	1474
164480548	1474
164480647	1474
164480762	1474
164480882	1474
164480989	1474
164481189	1474
164481321	1474
164481426	1474
164481545	1474
164481649	1474
164481757	1474
164481849	1474
164481962	1474
164482073	1474
164482198	1474
164482322	1474
165281105	1474
165281243	1474
165281371	1474
165281537	1474
165281739	1474
165282002	1474
165282134	1474
165282257	1474
165282387	1474
165282509	1474
165282659	1474
165282881	1474
165283036	1474
165283166	1474
165283292	1474
165283420	1474
165283543	1474
166080134	1474
166080240	1474
166080362	1474
166080507	1474
166080610	1474
166080861	1474
166081077	1474
166081200	1474
166081301	1474
166081403	1474
166081502	1474
166081603	1474
166081706	1474
166081873	1474
166081984	1474
166082103	1474
166082223	1474
166082339	1474
166614114	1474
166614259	1474
166614401	1474
166614558	1474
166614788	1474
166614992	1474
166615264	1474
166615462	1474
166615768	1474
166615912	1474
166616053	1474
166616195	1474
166616365	1474
166616530	1474
166616671	1474
166616827	1474
167418521	1474
167418628	1474
167418986	1474
167419672	1474
167420406	1474
167420521	1474
167420621	1474
167420729	1474
167420833	1474
167420933	1474
167421031	1474
167421142	1474
167421240	1474
167421345	1474
167421449	1474
168215416	1474
168215536	1474
168215756	1474
168215859	1474
168215969	1474
168216084	1474
168216211	1474
168216406	1474
168216504	1474
168216601	1474
168216741	1474
168216991	1474
168217081	1474
168217202	1474
168217299	1474
168217393	1474
168217489	1474
169015852	1474
169015979	1474
169016098	1474
169016199	1474
169016323	1474
169016620	1474
169016725	1474
169016823	1474
169016940	1474
169017038	1474
169017149	1474
169017258	1474
169017351	1474
169017445	1474
169017556	1474
169017667	1474
169017790	1474
169815721	1474
169815839	1474
169815933	1474
169816029	1474
169816169	1474
169816282	1474
169816416	1474
169816827	1474
169816942	1474
169817039	1474
169817151	1474
169817248	1474
169817346	1474
169817444	1474
169817613	1474
169817712	1474
169817848	1474
170616318	1474
170616429	1474
170616709	1474
170616824	1474
170616966	1474
170617068	1474
170617167	1474
170617262	1474
170617383	1474
170617476	1474
170617645	1474
170617787	1474
170617906	1474
170618006	1474
170618103	1474
170618203	1474
170618303	1474
171416912	1474
171417021	1474
171417127	1474
171417226	1474
171417324	1474
171417451	1474
171417553	1474
171417651	1474
171417754	1474
171417857	1474
171417954	1474
171418067	1474
171418165	1474
171418264	1474
171418366	1474
171418470	1474
171418573	1474
171418869	1474
172216108	1474
172216225	1474
172216322	1474
172216422	1474
172216560	1474
172216653	1474
172216748	1474
172216869	1474
172216971	1474
172217069	1474
172217171	1474
172217269	1474
172217365	1474
172217482	1474
172217580	1474
172217682	1474
172217778	1474
173015171	1474
173015288	1474
173015413	1474
173015535	1474
173015643	1474
173015757	1474
173015855	1474
173015957	1474
173016067	1474
173016173	1474
173016272	1474
173016372	1474
173016473	1474
173016572	1474
173016668	1474
173016789	1474
173016886	1474
173817634	1474
173817734	1474
173817839	1474
173817950	1474
173818047	1474
173818181	1474
173818291	1474
173818394	1474
173818496	1474
173818594	1474
173818774	1474
173818872	1474
173818976	1474
173819078	1474
173819176	1474
173819297	1474
173819395	1474
174615239	1474
174615341	1474
174615454	1474
174615560	1474
174615681	1474
174615902	1474
174616006	1474
174616146	1474
174616262	1474
174616426	1474
174616528	1474
174616628	1474
174616726	1474
174616823	1474
174616918	1474
174617015	1474
174617110	1474
175416927	1474
175417042	1474
175417137	1474
175417263	1474
175417360	1474
175417459	1474
175417558	1474
175417654	1474
175417752	1474
175417851	1474
175417948	1474
175418045	1474
175418142	1474
175418255	1474
175418351	1474
175418450	1474
175418549	1474
175418674	1474
176212886	1474
176212986	1474
176213080	1474
176213202	1474
176213322	1474
176213416	1474
176213507	1474
176213611	1474
176213707	1474
176213804	1474
176213903	1474
176213999	1474
176214096	1474
176214205	1474
176214305	1474
176214413	1474
176214687	1474
177013986	1474
177014131	1474
177014274	1474
177014394	1474
177014491	1474
177014619	1474
177014782	1474
177014901	1474
177015014	1474
177015124	1474
177015214	1474
177015341	1474
177015437	1474
177015549	1474
177015681	1474
177015780	1474
177016085	1474
177016187	1474
177812115	1474
177812241	1474
177812340	1474
177812441	1474
177812550	1474
177812749	1474
177812852	1474
177812949	1474
177813062	1474
177813157	1474
177813253	1474
177813348	1474
177813446	1474
177813541	1474
177813637	1474
177813736	1474
177813831	1474
177813927	1474
178612844	1474
178612949	1474
178613045	1474
178613140	1474
178613256	1474
178613352	1474
178613589	1474
178613718	1474
178613818	1474
178613913	1474
178614026	1474
178614118	1474
178614217	1474
178614313	1474
178614405	1474
178614499	1474
178614615	1474
178614758	1474
179412958	1474
179413049	1474
179413142	1474
179413238	1474
179413334	1474
179413430	1474
179413527	1474
179413621	1474
179413713	1474
179413806	1474
179413908	1474
179414005	1474
179414100	1474
179414196	1474
179414317	1474
179414413	1474
180212617	1474
180212717	1474
180212901	1474
180213000	1474
180213098	1474
180213220	1474
180213387	1474
180213484	1474
180213606	1474
180213701	1474
180213797	1474
180213935	1474
180214031	1474
180214130	1474
180214228	1474
180214323	1474
180214419	1474
180214514	1474
181014452	1474
181014554	1474
181014736	1474
181014860	1474
181015066	1474
181015169	1474
181015266	1474
181015361	1474
181015457	1474
181015579	1474
181015677	1474
181015772	1474
181015883	1474
181016006	1474
181016104	1474
181016199	1474
181016304	1474
181016401	1474
181814189	1474
181814293	1474
181814388	1474
181814509	1474
181814623	1474
181815089	1474
181815197	1474
181815294	1474
181815391	1474
181815485	1474
181815580	1474
181815676	1474
181815783	1474
181815880	1474
181815976	1474
181816098	1474
181816195	1474
182613493	1474
182613591	1474
182613723	1474
182613822	1474
182614034	1474
182614138	1474
182614235	1474
182614331	1474
182614427	1474
182614523	1474
182614791	1474
182614898	1474
182614999	1474
182615186	1474
182615292	1474
182615394	1474
182615492	1474
182615614	1474
183680290	1474
183680389	1474
183680483	1474
183680580	1474
183680718	1474
183680814	1474
183680908	1474
183681004	1474
183681158	1474
183681361	1474
183681465	1474
183681562	1474
183681665	1474
183681764	1474
183681863	1474
183681964	1474
183682065	1474
183682158	1474
184480814	1474
184480919	1474
184481020	1474
184481121	1474
184481221	1474
184481322	1474
184481443	1474
184481542	1474
184481643	1474
184481757	1474
184481858	1474
184481977	1474
184482101	1474
184482210	1474
184482312	1474
184482411	1474
184482514	1474
184482607	1474
185283556	1474
185283664	1474
185283770	1474
185283883	1474
185284018	1474
185284146	1474
185284346	1474
185284448	1474
185284548	1474
185284656	1474
185284756	1474
185284859	1474
185284959	1474
185285083	1474
185285182	1474
185285281	1474
185285387	1474
185285510	1474
186083283	1474
186083387	1474
186083504	1474
186083669	1474
186083783	1474
186083911	1474
186084144	1474
186084246	1474
186084372	1474
186084472	1474
186084571	1474
186084687	1474
186084837	1474
186084934	1474
186085033	1474
186085156	1474
186085255	1474
186883025	1474
186883133	1474
186883234	1474
186883351	1474
186883449	1474
186883726	1474
186883834	1474
186883951	1474
186884049	1474
186884166	1474
186884266	1474
186884366	1474
186884483	1474
186884597	1474
186884697	1474
186884796	1474
186884896	1474
187682871	1474
187682972	1474
187683076	1474
187683184	1474
187683307	1474
187683463	1474
187683725	1474
187683826	1474
187683925	1474
187684029	1474
187684130	1474
187684230	1474
187684331	1474
187684434	1474
187684550	1474
187684652	1474
187684753	1474
187684852	1474
188482159	1474
188482260	1474
188482357	1474
188482461	1474
188482560	1474
188482742	1474
188482845	1474
188482942	1474
188483042	1474
188483138	1474
188483236	1474
188483333	1474
188483433	1474
188483541	1474
188483636	1474
188483736	1474
188483833	1474
188483930	1474
189282726	1474
189282833	1474
189282927	1474
189283023	1474
189283111	1474
189283259	1474
189283361	1474
189283496	1474
189283614	1474
189283713	1474
189283810	1474
189283919	1474
189284019	1474
189284115	1474
189284240	1474
189284329	1474
189284434	1474
189284560	1474
190083504	1474
190083616	1474
190083714	1474
190083807	1474
190083908	1474
190084046	1474
190084267	1474
190084381	1474
190084483	1474
190084582	1474
190084680	1474
190084779	1474
190084879	1474
190085004	1474
190085101	1474
190085200	1474
190882608	1474
190882747	1474
190882858	1474
190882954	1474
190883069	1474
190883168	1474
190883267	1474
190883378	1474
190883472	1474
190883572	1474
190883697	1474
190883793	1474
190883917	1474
190884013	1474
190884130	1474
190884229	1474
190884327	1474
191688551	1474
191688703	1474
191688843	1474
191688981	1474
191689122	1474
191689275	1474
191689417	1474
191689557	1474
191689699	1474
191689837	1474
191689978	1474
191690114	1474
191690258	1474
191690398	1474
191690538	1474
191690678	1474
191690870	1474
191691017	1474
192483931	1474
192484076	1474
192484232	1474
192484459	1474
192484661	1474
192484874	1474
192485021	1474
192485168	1474
192485313	1474
192485453	1474
192485596	1474
192485735	1474
192485880	1474
192486019	1474
192486170	1474
192486338	1474
192486485	1474
192486649	1474
193283921	1474
193284075	1474
193284220	1474
193284476	1474
193284686	1474
193284896	1474
193285036	1474
193285209	1474
193285351	1474
193285497	1474
193285635	1474
193285774	1474
193285941	1474
193286091	1474
193286228	1474
193286373	1474
193286534	1474
193286675	1474
194083721	1474
194083865	1474
194084031	1474
194084215	1474
194084412	1474
194084562	1474
194084702	1474
194084841	1474
194084987	1474
194085127	1474
194085269	1474
194085430	1474
194085571	1474
194085708	1474
194085849	1474
194085998	1474
194086138	1474
194884905	1474
194885061	1474
194885203	1474
194885443	1474
194885644	1474
194885847	1474
194885994	1474
194886141	1474
194886306	1474
194886446	1474
194886586	1474
194886809	1474
194886963	1474
194887106	1474
194887247	1474
194887388	1474
194887528	1474
194887672	1474
195683215	1474
195683358	1474
195683524	1474
195683730	1474
195683906	1474
195684043	1474
195684178	1474
195684316	1474
195684451	1474
195684588	1474
195684722	1474
195684859	1474
195685008	1474
195685145	1474
195685280	1474
195685440	1474
195685575	1474
195685709	1474
196480799	1474
196480896	1474
196481001	1474
196481122	1474
196481218	1474
196481339	1474
196481514	1474
196481712	1474
196481832	1474
196481935	1474
196482034	1474
196482127	1474
196482219	1474
196482312	1474
196482406	1474
196482499	1474
196482611	1474
197279087	1474
197279185	1474
197279279	1474
197279371	1474
197279490	1474
197279586	1474
197279752	1474
197279908	1474
197280000	1474
197280098	1474
197280332	1474
197280451	1474
197280544	1474
197280638	1474
197280731	1474
197280824	1474
197280930	1474
198083036	1474
198083181	1474
198083332	1474
198083513	1474
198083708	1474
198083869	1474
198084013	1474
198084154	1474
198084318	1474
198084457	1474
198084620	1474
198084782	1474
198084920	1474
198085061	1474
198085200	1474
198085339	1474
198085477	1474
198879576	1474
198879750	1474
198879891	1474
198880114	1474
198880312	1474
198880466	1474
198880651	1474
198880805	1474
198880971	1474
198881119	1474
198881283	1474
198881420	1474
198881559	1474
198881699	1474
198881867	1474
198882009	1474
198882152	1474
199679039	1474
199679141	1474
199679249	1474
199679367	1474
199679468	1474
199679576	1474
199679686	1474
199679819	1474
199679916	1474
199680015	1474
199680112	1474
199680209	1474
199680329	1474
199680451	1474
199680556	1474
199680653	1474
200479960	1474
200480104	1474
200480240	1474
200480375	1474
200480510	1474
200480645	1474
200480820	1474
200480954	1474
200481091	1474
200481226	1474
200481363	1474
200481586	1474
200481733	1474
200481896	1474
200482033	1474
200482169	1474
200482305	1474
200482477	1474
201280246	1474
201280347	1474
201280463	1474
201280581	1474
201280694	1474
201280798	1474
201281062	1474
201281166	1474
201281265	1474
201281389	1474
201281485	1474
201281581	1474
201281688	1474
201281775	1474
201281889	1474
201281993	1474
201282080	1474
201282185	1474
202076783	1474
202076886	1474
202076984	1474
202077081	1474
202077177	1474
202077288	1474
202077408	1474
202077517	1474
202077622	1474
202077760	1474
202077858	1474
202077955	1474
202078064	1474
202078159	1474
202078255	1474
202078352	1474
202078464	1474
202078561	1474
202877705	1474
202877807	1474
202877930	1474
202878038	1474
202878166	1474
202878436	1474
202878547	1474
202878650	1474
202878826	1474
202878925	1474
202879025	1474
202879131	1474
202879228	1474
202879351	1474
202879454	1474
202879558	1474
202879656	1474
202879779	1474
203676714	1474
203676810	1474
203676907	1474
203677003	1474
203677109	1474
203677206	1474
203677304	1474
203677402	1474
203677503	1474
203677644	1474
203677741	1474
203677840	1474
203677937	1474
203678037	1474
203678135	1474
203678232	1474
203678326	1474
203678414	1474
204744575	1474
204744678	1474
204744777	1474
204744875	1474
204744989	1474
204745214	1474
204745317	1474
204745501	1474
204745600	1474
204745720	1474
204745844	1474
204745987	1474
204746085	1474
204746182	1474
204746279	1474
204746375	1474
204746487	1474
204746585	1474
205545603	1474
205545706	1474
205545807	1474
205545907	1474
205546007	1474
205546302	1474
205546407	1474
205546514	1474
205546614	1474
205546801	1474
205547138	1474
205547254	1474
205547356	1474
205547454	1474
205547552	1474
205547666	1474
205547792	1474
205547887	1474
206345226	1474
206345335	1474
206345445	1474
206345664	1474
206345772	1474
206345913	1474
206346019	1474
206346121	1474
206346224	1474
206346322	1474
206346430	1474
206346533	1474
206346678	1474
206346780	1474
206346882	1474
206347015	1474
206347117	1474
206347216	1474
207144860	1474
207144966	1474
207145067	1474
207145170	1474
207145270	1474
207145414	1474
207145541	1474
207145689	1474
207145796	1474
207145899	1474
207145998	1474
207146100	1474
207146201	1474
207146300	1474
207146417	1474
207146518	1474
207146620	1474
207146767	1474
207944299	1474
207944402	1474
207944501	1474
207944607	1474
207944716	1474
207944936	1474
207945040	1474
207945131	1474
207945238	1474
207945340	1474
207945455	1474
207945580	1474
207945685	1474
207945782	1474
207945883	1474
207945990	1474
207946090	1474
207946188	1474
208744537	1474
208744653	1474
208744768	1474
208744880	1474
208745007	1474
208745347	1474
208745452	1474
208745552	1474
208745650	1474
208745750	1474
208745857	1474
208745952	1474
208746079	1474
208746176	1474
208746286	1474
208746388	1474
208746487	1474
208746587	1474
209546132	1474
209546248	1474
209546351	1474
209546460	1474
209546582	1474
209546875	1474
209547005	1474
209547181	1474
209547411	1474
209547512	1474
209547629	1474
209547768	1474
209547893	1474
209547983	1474
209548079	1474
209548175	1474
210344248	1474
210344354	1474
210344502	1474
210344606	1474
210344750	1474
210345016	1474
210345155	1474
210345272	1474
210345372	1474
210345476	1474
210345576	1474
210345700	1474
210345794	1474
210345890	1474
210345987	1474
210346095	1474
210346212	1474
210346452	1474
211148609	1474
211148754	1474
211148908	1474
211149094	1474
211149291	1474
211149462	1474
211149629	1474
211149769	1474
211149905	1474
211150060	1474
211150196	1474
211150340	1474
211150501	1474
211150643	1474
211150830	1474
211150980	1474
211151121	1474
211151258	1474
211944863	1474
211944974	1474
211945079	1474
211945214	1474
211945320	1474
211945444	1474
211945659	1474
211945766	1474
211945861	1474
211945955	1474
211946108	1474
211946205	1474
211946310	1474
211946402	1474
211946495	1474
211946617	1474
211946769	1474
211946918	1474
212742196	1474
212742304	1474
212742400	1474
212742501	1474
212742602	1474
212742750	1474
212743272	1474
212743380	1474
212743499	1474
212743596	1474
212743696	1474
212743792	1474
212743889	1474
212743997	1474
212744097	1474
212744194	1474
212744292	1474
212744389	1474
213808664	1474
213808762	1474
213808912	1474
213809049	1474
213809160	1474
213809281	1474
213809401	1474
213809492	1474
213809631	1474
213809732	1474
213809876	1474
213809990	1474
213810088	1474
213810185	1474
213810282	1474
213810399	1474
213810495	1474
213810608	1474
214609366	1474
214609511	1474
214609654	1474
214609825	1474
214609966	1474
214610106	1474
214610247	1474
214610386	1474
214610531	1474
214610670	1474
214610867	1474
214611038	1474
214611182	1474
214611321	1474
214611461	1474
214611603	1474
214611745	1474
215143112	1474
215143211	1474
215143305	1474
215143453	1474
215143553	1474
215143749	1474
215143857	1474
215144045	1474
215144143	1474
215144236	1474
215144355	1474
215144449	1474
215144541	1474
215144633	1474
215144751	1474
215144851	1474
215144945	1474
215945255	1474
215945410	1474
215945552	1474
215945798	1474
215945989	1474
215946213	1474
215946356	1474
215946520	1474
215946666	1474
215946879	1474
215947035	1474
215947309	1474
215947448	1474
215947587	1474
215947733	1474
215947874	1474
215948012	1474
217007981	1474
217008088	1474
217008185	1474
217008281	1474
217008378	1474
217008476	1474
217008586	1474
217008685	1474
217008804	1474
217008904	1474
217009012	1474
217009107	1474
217009206	1474
217009304	1474
217009398	1474
217009492	1474
217009586	1474
217009698	1474
217808264	1474
217808362	1474
217808458	1474
217808554	1474
217808728	1474
217808954	1474
217809057	1474
217809151	1474
217809246	1474
217809341	1474
217809437	1474
217809532	1474
217809630	1474
217809737	1474
217809831	1474
217809926	1474
217810021	1474
217810114	1474
218608126	1474
218608228	1474
218608327	1474
218608427	1474
218608553	1474
218608868	1474
218608976	1474
218609089	1474
218609206	1474
218609302	1474
218609399	1474
218609498	1474
218609635	1474
218609737	1474
218609836	1474
218609934	1474
218610034	1474
218610133	1474
219409779	1474
219410285	1474
219410404	1474
219410552	1474
219410878	1474
219410994	1474
219411119	1474
219411214	1474
219411312	1474
219411403	1474
219411512	1474
219411692	1474
219411797	1474
219411909	1474
219412023	1474
219412122	1474
219412249	1474
219412359	1474
220206667	1474
220206949	1474
220207078	1474
220207186	1474
220207306	1474
220207431	1474
220207559	1474
220207679	1474
220207779	1474
220207878	1474
220208011	1474
220208111	1474
220208227	1474
220208338	1474
220208433	1474
220208539	1474
220208687	1474
220208859	1474
221006808	1474
221007083	1474
221007204	1474
221007342	1474
221007458	1474
221007575	1474
221007689	1474
221007787	1474
221007883	1474
221007979	1474
221008077	1474
221008199	1474
221008299	1474
221008408	1474
221008545	1474
221008665	1474
221808045	1474
221808175	1474
221808266	1474
221808359	1474
221808463	1474
221808560	1474
221808657	1474
221808752	1474
221808846	1474
221808944	1474
221809039	1474
221809133	1474
221809227	1474
221809321	1474
221809549	1474
221809652	1474
221809749	1474
221809844	1474
222607392	1474
222607494	1474
222607588	1474
222607682	1474
222607781	1474
222607875	1474
222607972	1474
222608066	1474
222608185	1474
222608279	1474
222608373	1474
222608480	1474
222608575	1474
222608670	1474
222608764	1474
222608884	1474
222608982	1474
222609078	1474
223407645	1474
223407916	1474
223408021	1474
223408125	1474
223408224	1474
223408315	1474
223408426	1474
223408541	1474
223408660	1474
223408775	1474
223408892	1474
223409003	1474
223409123	1474
223409247	1474
223409352	1474
223409454	1474
223409571	1474
223409670	1474
224208045	1474
224208154	1474
224208254	1474
224208379	1474
224208503	1474
224208618	1474
224208729	1474
224208826	1474
224208923	1474
224209018	1474
224209129	1474
224209228	1474
224209344	1474
224209554	1474
224209694	1474
224209803	1474
224209916	1474
224210041	1474
225008097	1474
225008209	1474
225008332	1474
225008458	1474
225008585	1474
225008804	1474
225008910	1474
225009025	1474
225009135	1474
225009254	1474
225009354	1474
225009468	1474
225009583	1474
225009687	1474
225009786	1474
225009884	1474
225009980	1474
225010090	1474
225806018	1474
225806361	1474
225806506	1474
225806750	1474
225806853	1474
225806975	1474
225807116	1474
225807268	1474
225807368	1474
225807477	1474
225807595	1474
225807715	1474
225807839	1474
225807936	1474
225808039	1474
225808137	1474
225808272	1474
226608432	1474
226608533	1474
226608640	1474
226608751	1474
226608870	1474
226608968	1474
226609072	1474
226609210	1474
226609298	1474
226609444	1474
226609548	1474
226609679	1474
226609803	1474
226609900	1474
226609995	1474
226610099	1474
226610216	1474
226610321	1474
227673166	1474
227673267	1474
227673364	1474
227673460	1474
227673555	1474
227673779	1474
227673884	1474
227673980	1474
227674094	1474
227674193	1474
227674290	1474
227674389	1474
227674484	1474
227674579	1474
227674702	1474
227674840	1474
227674961	1474
227675092	1474
228475520	1474
228475620	1474
228475714	1474
228475874	1474
228475981	1474
228476200	1474
228476374	1474
228476538	1474
228476710	1474
228476807	1474
228476902	1474
228476997	1474
228477105	1474
228477203	1474
228477298	1474
228477417	1474
228477513	1474
229272346	1474
229272627	1474
229272748	1474
229272864	1474
229272984	1474
229273082	1474
229273179	1474
229273269	1474
229273389	1474
229273489	1474
229273580	1474
229273682	1474
229273778	1474
229273886	1474
229274009	1474
229274112	1474
229274210	1474
229274308	1474
230073142	1474
230073452	1474
230073564	1474
230073704	1474
230073796	1474
230073895	1474
230074002	1474
230074123	1474
230074274	1474
230074387	1474
230074511	1474
230074662	1474
230074833	1474
230074959	1474
230075058	1474
230075175	1474
230075283	1474
230872897	1474
230873470	1474
230873585	1474
230873708	1474
230873948	1474
230874058	1474
230874180	1474
230874272	1474
230874369	1474
230874474	1474
230874589	1474
230874731	1474
230874847	1474
230874959	1474
230875059	1474
230875163	1474
230875286	1474
231672835	1474
231672990	1474
231673091	1474
231673220	1474
231673342	1474
231673458	1474
231673654	1474
231673773	1474
231673884	1474
231673980	1474
231674104	1474
231674222	1474
231674350	1474
231674474	1474
231674573	1474
231674817	1474
231674931	1474
231675046	1474
232474393	1474
232474521	1474
232474618	1474
232474820	1474
232474969	1474
232475189	1474
232475296	1474
232475400	1474
232475508	1474
232475631	1474
232475746	1474
232475864	1474
232476122	1474
232476226	1474
232476331	1474
232476446	1474
232476543	1474
232476638	1474
233273923	1474
233274021	1474
233274120	1474
233274227	1474
233274355	1474
233274468	1474
233274730	1474
233274840	1474
233274945	1474
233275044	1474
233275168	1474
233275285	1474
233275384	1474
233275527	1474
233275644	1474
233275781	1474
233275878	1474
233276000	1474
234074138	1474
234074261	1474
234074390	1474
234074501	1474
234074604	1474
234074855	1474
234075070	1474
234075232	1474
234075543	1474
234075739	1474
234076060	1474
234076169	1474
234076402	1474
234076557	1474
234076662	1474
234076797	1474
234076897	1474
234077007	1474
234872970	1474
234873069	1474
234873166	1474
234873264	1474
234873384	1474
234873478	1474
234873573	1474
234873682	1474
234873779	1474
234873874	1474
234873971	1474
234874066	1474
234874160	1474
234874256	1474
234874352	1474
234874472	1474
235677219	1474
235677320	1474
235677441	1474
235677536	1474
235677648	1474
235677856	1474
235677961	1474
235678059	1474
235678155	1474
235678250	1474
235678346	1474
235678441	1474
235678536	1474
235678681	1474
235678784	1474
235678992	1474
235679124	1474
235679250	1474
236474289	1474
236474401	1474
236474510	1474
236474654	1474
236474760	1474
236474967	1474
236475070	1474
236475194	1474
236475292	1474
236475389	1474
236475503	1474
236475725	1474
236475827	1474
236475924	1474
236476019	1474
236476114	1474
236476210	1474
236476306	1474
237274594	1474
237274776	1474
237274928	1474
237275042	1474
237275143	1474
237275416	1474
237275524	1474
237275619	1474
237275716	1474
237275813	1474
237276021	1474
237276118	1474
237276215	1474
237276311	1474
237276420	1474
237276517	1474
237276641	1474
238075255	1474
238075396	1474
238075708	1474
238075810	1474
238076088	1474
238076189	1474
238076313	1474
238076586	1474
238076688	1474
238076782	1474
238076892	1474
238076988	1474
238077097	1474
238077215	1474
238077319	1474
238077420	1474
238077520	1474
238872435	1474
238872535	1474
238872642	1474
238872740	1474
238872863	1474
238873121	1474
238873234	1474
238873351	1474
238873471	1474
238873569	1474
238873676	1474
238873789	1474
238873889	1474
238873989	1474
238874091	1474
238874432	1474
238874547	1474
239671919	1474
239672041	1474
239672136	1474
239672321	1474
239672405	1474
239672486	1474
239672570	1474
239672654	1474
239672735	1474
239672818	1474
239672903	1474
239672983	1474
239673066	1474
239673151	1474
239673249	1474
239673331	1474
239673415	1474
239673497	1474
240474911	1474
240475108	1474
240475224	1474
240475416	1474
240475517	1474
240475611	1474
240475705	1474
240475799	1474
240475893	1474
240475986	1474
240476078	1474
240476211	1474
240476306	1474
240476399	1474
240476491	1474
240476583	1474
240476676	1474
240476768	1474
241272842	1474
241272941	1474
241273031	1474
241273145	1474
241273243	1474
241273370	1474
241273482	1474
241273579	1474
241273676	1474
241273789	1474
241273907	1474
241274017	1474
241274119	1474
241274216	1474
241274326	1474
241274435	1474
241274528	1474
241274647	1474
242072968	1474
242073073	1474
242073163	1474
242073267	1474
242073387	1474
242073503	1474
242073609	1474
242073705	1474
242073804	1474
242073900	1474
242074017	1474
242074138	1474
242074237	1474
242074348	1474
242074446	1474
242074625	1474
242074803	1474
242074930	1474
242872194	1474
242872296	1474
242872416	1474
242872510	1474
242872602	1474
242872745	1474
242872845	1474
242872941	1474
242873052	1474
242873163	1474
242873273	1474
242873369	1474
242873479	1474
242873601	1474
242873695	1474
242873789	1474
242873879	1474
242873980	1474
243673182	1474
243673321	1474
243673416	1474
243673521	1474
243673610	1474
243673724	1474
243673976	1474
243674157	1474
243674244	1474
243674333	1474
243674441	1474
243674556	1474
243674817	1474
243674921	1474
243675024	1474
243675110	1474
243675195	1474
244739953	1474
244740054	1474
244740164	1474
244740267	1474
244740461	1474
244740564	1474
244740678	1474
244740776	1474
244740974	1474
244741098	1474
244741198	1474
244741336	1474
244741460	1474
244741554	1474
244741651	1474
244741747	1474
244741876	1474
244741973	1474
245539967	1474
245540091	1474
245540190	1474
245540292	1474
245540404	1474
245540669	1474
245540774	1474
245540880	1474
245540979	1474
245541081	1474
245541181	1474
245541285	1474
245541384	1474
245541485	1474
245541585	1474
245541686	1474
245541788	1474
245541900	1474
246339930	1474
246340048	1474
246340149	1474
246340264	1474
246340364	1474
246340485	1474
246340598	1474
246340698	1474
246340802	1474
246340947	1474
246341048	1474
246341168	1474
246341270	1474
246341398	1474
246341543	1474
246341641	1474
246341739	1474
246341845	1474
247137889	1474
247137989	1474
247138084	1474
247138196	1474
247138297	1474
247138412	1474
247138682	1474
247138804	1474
247138897	1474
247138994	1474
247139095	1474
247139206	1474
247139318	1474
247139419	1474
247139536	1474
247139644	1474
247139757	1474
247139883	1474
247938368	1474
247938498	1474
247938605	1474
247938799	1474
247938920	1474
247939010	1474
247939174	1474
247939409	1474
247939521	1474
247939606	1474
247939700	1474
247939794	1474
247939889	1474
247939996	1474
247940086	1474
247940190	1474
247940281	1474
247940369	1474
248740267	1474
248740366	1474
248740482	1474
248740682	1474
248740803	1474
248740927	1474
248741176	1474
248741273	1474
248741407	1474
248741499	1474
248741606	1474
248741720	1474
248741830	1474
248741930	1474
248742034	1474
248742132	1474
249538999	1474
249539104	1474
249539244	1474
249539355	1474
249539477	1474
249539778	1474
249539882	1474
249539994	1474
249540095	1474
249540363	1474
249540454	1474
249540564	1474
249540675	1474
249540791	1474
249540913	1474
249541011	1474
249541123	1474
250340465	1474
250340577	1474
250340693	1474
250340812	1474
250340929	1474
250341059	1474
250341277	1474
250341379	1474
250341475	1474
250341589	1474
250341682	1474
250341800	1474
250341889	1474
250342010	1474
250342235	1474
250342339	1474
250342447	1474
251139666	1474
251139775	1474
251139871	1474
251140131	1474
251140232	1474
251140342	1474
251140452	1474
251140562	1474
251140667	1474
251140760	1474
251140858	1474
251140954	1474
251141054	1474
251141149	1474
251141248	1474
251141346	1474
251141445	1474
251141546	1474
251949544	1474
251949874	1474
251950272	1474
251952172	1474
251952928	1474
251953309	1474
251953503	1474
251953826	1474
251954026	1474
251954210	1474
251954979	1474
251955276	1474
251955618	1474
251955995	1474
251956208	1474
251956648	1474
251956960	1474
251957197	1474
252738435	1474
252738545	1474
252738732	1474
252738894	1474
252738999	1474
252739120	1474
252739246	1474
252739458	1474
252739562	1474
252739665	1474
252739790	1474
252739944	1474
252740037	1474
252740133	1474
252740219	1474
252740313	1474
252740404	1474
252740524	1474
253539367	1474
253539491	1474
253539593	1474
253539693	1474
253539792	1474
253539892	1474
253539992	1474
253540093	1474
253540193	1474
253540293	1474
253540406	1474
253540506	1474
253540604	1474
253540720	1474
253540818	1474
253540918	1474
253541017	1474
253541116	1474
254337586	1474
254337748	1474
254337853	1474
254337946	1474
254338044	1474
254338146	1474
254338269	1474
254338424	1474
254338535	1474
254338659	1474
254338813	1474
254338940	1474
254339039	1474
254339157	1474
254339283	1474
254339388	1474
254339488	1474
254339614	1474
255141293	1474
255141393	1474
255141510	1474
255141623	1474
255141724	1474
255141850	1474
255141951	1474
255142081	1474
255142324	1474
255142460	1474
255142566	1474
255142722	1474
255142849	1474
255142965	1474
255143370	1474
255143508	1474
255143615	1474
255143738	1474
255937883	1474
255938033	1474
255938133	1474
255938322	1474
255938424	1474
255938525	1474
255938700	1474
255938831	1474
255938932	1474
255939055	1474
255939180	1474
255939297	1474
255939400	1474
255939500	1474
255939627	1474
255939727	1474
255939828	1474
256738301	1474
256738403	1474
256738507	1474
256738774	1474
256738918	1474
256739154	1474
256739274	1474
256739374	1474
256739675	1474
256739793	1474
256739895	1474
256739997	1474
256740098	1474
256740210	1474
256740339	1474
256740466	1474
256740568	1474
257539038	1474
257539156	1474
257539258	1474
257539389	1474
257539498	1474
257539729	1474
257539833	1474
257539926	1474
257540025	1474
257540140	1474
257540245	1474
257540349	1474
257540448	1474
257540548	1474
257540647	1474
257540747	1474
257540848	1474
258339603	1474
258339750	1474
258339855	1474
258340022	1474
258340145	1474
258340394	1474
258340501	1474
258340629	1474
258340753	1474
258341005	1474
258341126	1474
258341255	1474
258341365	1474
258341466	1474
258341566	1474
258341686	1474
258341812	1474
259139565	1474
259139682	1474
259139796	1474
259139899	1474
259140020	1474
259140201	1474
259140430	1474
259140537	1474
259140933	1474
259141038	1474
259141153	1474
259141272	1474
259141373	1474
259141475	1474
259141602	1474
259141700	1474
259141802	1474
259938435	1474
259938547	1474
259938761	1474
259938866	1474
259938968	1474
259939110	1474
259939384	1474
259939497	1474
259939612	1474
259939727	1474
259939825	1474
259939927	1474
259940032	1474
259940134	1474
259940233	1474
259940333	1474
259940432	1474
260737615	1474
260737749	1474
260737851	1474
260737960	1474
260738115	1474
260738245	1474
260738464	1474
260738586	1474
260738744	1474
260738869	1474
260738994	1474
260739099	1474
260739258	1474
260739362	1474
260739488	1474
260739588	1474
260739710	1474
261540054	1474
261540155	1474
261540278	1474
261540373	1474
261540483	1474
261540576	1474
261540839	1474
261541155	1474
261541262	1474
261541378	1474
261541500	1474
261541602	1474
261541698	1474
261541821	1474
261541958	1474
261542058	1474
262337316	1474
262337427	1474
262337559	1474
262337688	1474
262337802	1474
262337908	1474
262338007	1474
262338146	1474
262338249	1474
262338367	1474
262338465	1474
262338562	1474
262338662	1474
262338803	1474
262338982	1474
262339072	1474
262339192	1474
263138920	1474
263139021	1474
263139119	1474
263139253	1474
263139371	1474
263139475	1474
263139588	1474
263139698	1474
263139792	1474
263139902	1474
263139998	1474
263140111	1474
263140232	1474
263140333	1474
263140429	1474
263140529	1474
263675535	1474
263675683	1474
263675823	1474
263675975	1474
263676116	1474
263676254	1474
263676459	1474
263676654	1474
263676884	1474
263677028	1474
263677168	1474
263677306	1474
263677445	1474
263677585	1474
263677725	1474
263677890	1474
263678031	1474
264737207	1474
264737345	1474
264737474	1474
264737569	1474
264737667	1474
264737829	1474
264737933	1474
264738041	1474
264738139	1474
264738238	1474
264738352	1474
264738450	1474
264738598	1474
264738746	1474
264738849	1474
264738950	1474
264739051	1474
264739160	1474
265539753	1474
265539898	1474
265540037	1474
265540239	1474
265540434	1474
265540649	1474
265540790	1474
265540927	1474
265541064	1474
265541202	1474
265541343	1474
265541507	1474
265541652	1474
265541790	1474
265541927	1474
265542065	1474
265542203	1474
266339479	1474
266339599	1474
266339720	1474
266339826	1474
266339941	1474
266340133	1474
266340237	1474
266340340	1474
266340434	1474
266340567	1474
266340680	1474
266340778	1474
266340880	1474
266340980	1474
266341078	1474
266341178	1474
266341277	1474
266341376	1474
266871582	1474
266871687	1474
266871845	1474
266871954	1474
266872055	1474
266872185	1474
266872432	1474
266872547	1474
266872648	1474
266872897	1474
266872998	1474
266873105	1474
266873204	1474
266873321	1474
266873439	1474
266873550	1474
266873673	1474
267939788	1474
267939975	1474
267940173	1474
267940431	1474
267940641	1474
267940880	1474
267941019	1474
267941157	1474
267941315	1474
267941458	1474
267941610	1474
267941774	1474
267941911	1474
267942075	1474
267942213	1474
267942350	1474
267942496	1474
268736181	1474
268736428	1474
268736560	1474
268736749	1474
268736928	1474
268737167	1474
268737318	1474
268737481	1474
268737689	1474
268737813	1474
268737939	1474
268738103	1474
268738230	1474
268738353	1474
268738488	1474
268738612	1474
268738774	1474
268738948	1474
269539407	1474
269539553	1474
269539717	1474
269539896	1474
269540092	1474
269540243	1474
269540390	1474
269540531	1474
269540696	1474
269540834	1474
269540973	1474
269541111	1474
269541249	1474
269541432	1474
269541570	1474
269541709	1474
269541846	1474
269541983	1474
270337192	1474
270337298	1474
270337412	1474
270337597	1474
270337766	1474
270337981	1474
270338109	1474
270338208	1474
270338309	1474
270338423	1474
270338523	1474
270338650	1474
270338819	1474
270338920	1474
270339028	1474
270339158	1474
270339259	1474
271137077	1474
271137200	1474
271137306	1474
271137434	1474
271137556	1474
271137655	1474
271137752	1474
271137877	1474
271137977	1474
271138075	1474
271138174	1474
271138270	1474
271138377	1474
271138475	1474
271138635	1474
271138782	1474
271138901	1474
271938518	1474
271938684	1474
271938790	1474
271938895	1474
271939133	1474
271939248	1474
271939366	1474
271939465	1474
271939565	1474
271939667	1474
271939792	1474
271939884	1474
271939983	1474
271940084	1474
271940180	1474
271940293	1474
271940392	1474
271940490	1474
272738165	1474
272738271	1474
272738370	1474
272738555	1474
272738735	1474
272739199	1474
272739355	1474
272739469	1474
272739569	1474
272739670	1474
272739770	1474
272739868	1474
272739967	1474
272740067	1474
272740183	1474
272740283	1474
272740383	1474
272740483	1474
273543329	1474
273543482	1474
273543627	1474
273543795	1474
273544019	1474
273544284	1474
273544450	1474
273544595	1474
273544739	1474
273544881	1474
273545024	1474
273545171	1474
273545316	1474
273545461	1474
273545599	1474
273545739	1474
273545881	1474
273546019	1474
274342096	1474
274342227	1474
274342400	1474
274342598	1474
274342965	1474
274343150	1474
274343290	1474
274343427	1474
274343565	1474
274343704	1474
274343841	1474
274343978	1474
274344123	1474
274344262	1474
274344400	1474
274344537	1474
274344674	1474
275140673	1474
275140780	1474
275140940	1474
275141077	1474
275141200	1474
275141328	1474
275141556	1474
275141671	1474
275141774	1474
275141879	1474
275141988	1474
275142088	1474
275142200	1474
275142301	1474
275142402	1474
275142517	1474
275142617	1474
275940730	1474
275940837	1474
275940945	1474
275941132	1474
275941241	1474
275941498	1474
275941605	1474
275941728	1474
275941829	1474
275941937	1474
275942038	1474
275942157	1474
275942284	1474
275942396	1474
275942494	1474
275942592	1474
275942792	1474
276742086	1474
276742231	1474
276742373	1474
276742598	1474
276742813	1474
276743074	1474
276743217	1474
276743362	1474
276743499	1474
276743641	1474
276743782	1474
276743927	1474
276744066	1474
276744209	1474
276744349	1474
276744515	1474
276744659	1474
276744796	1474
277540666	1474
277540776	1474
277540890	1474
277540992	1474
277541119	1474
277541240	1474
277541345	1474
277541452	1474
277541554	1474
277541656	1474
277541755	1474
277541868	1474
277541969	1474
277542069	1474
277542194	1474
277542294	1474
277542394	1474
277542495	1474
278339205	1474
278339311	1474
278339411	1474
278339534	1474
278339643	1474
278339882	1474
278339992	1474
278340112	1474
278340212	1474
278340325	1474
278340424	1474
278340523	1474
278340621	1474
278340746	1474
278340901	1474
278341006	1474
278341108	1474
278341209	1474
279139940	1474
279140047	1474
279140148	1474
279140280	1474
279140424	1474
279140708	1474
279140821	1474
279140932	1474
279141034	1474
279141135	1474
279141237	1474
279141337	1474
279141437	1474
279141537	1474
279141638	1474
279141738	1474
279141848	1474
279939536	1474
279939637	1474
279939752	1474
279939880	1474
279939988	1474
279940262	1474
279940369	1474
279940476	1474
279940579	1474
279940752	1474
279940854	1474
279940956	1474
279941057	1474
279941156	1474
279941256	1474
279941356	1474
279941457	1474
279941558	1474
280739559	1474
280739663	1474
280739771	1474
280739907	1474
280740009	1474
280740206	1474
280740336	1474
280740434	1474
280740532	1474
280740629	1474
280740739	1474
280740836	1474
280740932	1474
280741030	1474
280741126	1474
280741222	1474
280741318	1474
280741440	1474
281537442	1474
281537540	1474
281537642	1474
281537739	1474
281537835	1474
281538041	1474
281538144	1474
281538242	1474
281538338	1474
281538434	1474
281538530	1474
281538689	1474
281538792	1474
281538889	1474
281538991	1474
281539112	1474
281539208	1474
282603262	1474
282603369	1474
282603466	1474
282603568	1474
282603665	1474
282603873	1474
282603977	1474
282604075	1474
282604171	1474
282604268	1474
282604363	1474
282604459	1474
282604564	1474
282604662	1474
282604758	1474
282604852	1474
282604948	1474
282605043	1474
283402172	1474
283402271	1474
283402370	1474
283402616	1474
283402763	1474
283402862	1474
283402959	1474
283403056	1474
283403152	1474
283403251	1474
283403376	1474
283403471	1474
283403627	1474
283403740	1474
283403862	1474
283403956	1474
283404052	1474
283404148	1474
284200825	1474
284200920	1474
284201015	1474
284201111	1474
284201206	1474
284201309	1474
284201519	1474
284201624	1474
284201722	1474
284201819	1474
284201917	1474
284202008	1474
284202105	1474
284202202	1474
284202299	1474
284202395	1474
284202500	1474
284202615	1474
285006784	1474
285006937	1474
285007099	1474
285007325	1474
285007561	1474
285007723	1474
285007862	1474
285008004	1474
285008144	1474
285008284	1474
285008431	1474
285008575	1474
285008719	1474
285008873	1474
285009013	1474
285009181	1474
285009319	1474
285009479	1474
285810915	1474
285811068	1474
285811241	1474
285811462	1474
285811645	1474
285811789	1474
285811932	1474
285812072	1474
285812214	1474
285812387	1474
285812553	1474
285812693	1474
285812833	1474
285812971	1474
285813109	1474
285813269	1474
285813423	1474
285813567	1474
286604060	1474
286604165	1474
286604263	1474
286604361	1474
286604464	1474
286604617	1474
286604831	1474
286604937	1474
286605035	1474
286605143	1474
286605245	1474
286605350	1474
286605484	1474
286605583	1474
286605683	1474
286605782	1474
286605879	1474
286606002	1474
287407552	1474
287407702	1474
287407856	1474
287408069	1474
287408269	1474
287408507	1474
287408647	1474
287408801	1474
287408939	1474
287409085	1474
287409223	1474
287409393	1474
287409533	1474
287409677	1474
287409834	1474
287409978	1474
287410141	1474
287410283	1474
288210160	1474
288210305	1474
288210449	1474
288210755	1474
288210982	1474
288211255	1474
288211422	1474
288211565	1474
288211704	1474
288211848	1474
288211988	1474
288212164	1474
288212336	1474
288212483	1474
288212641	1474
288212789	1474
288212932	1474
288213080	1474
289010297	1474
289010446	1474
289010616	1474
289010832	1474
289011017	1474
289011191	1474
289011333	1474
289011558	1474
289011700	1474
289011843	1474
289011981	1474
289012142	1474
289012283	1474
289012423	1474
289012577	1474
289012719	1474
289012882	1474
289013019	1474
290071281	1474
290071521	1474
290071632	1474
290071756	1474
290071855	1474
290071972	1474
290072089	1474
290072189	1474
290072294	1474
290072390	1474
290072504	1474
290072626	1474
290072742	1474
290072857	1474
290072967	1474
290073088	1474
290073209	1474
290073324	1474
290606520	1474
290606851	1474
290606958	1474
290607056	1474
290607243	1474
290607368	1474
290607540	1474
290607790	1474
290607888	1474
290608005	1474
290608193	1474
290608302	1474
290608402	1474
290608526	1474
290608625	1474
290608748	1474
290608861	1474
291411007	1474
291411127	1474
291411250	1474
291411402	1474
291411512	1474
291411608	1474
291411738	1474
291411964	1474
291412076	1474
291412173	1474
291412270	1474
291412372	1474
291412471	1474
291412610	1474
291412709	1474
291412814	1474
292211786	1474
292212026	1474
292212141	1474
292212251	1474
292212580	1474
292212713	1474
292212832	1474
292213015	1474
292213125	1474
292213225	1474
292213347	1474
292213446	1474
292213561	1474
292213658	1474
292213758	1474
292213864	1474
292213965	1474
293011532	1474
293011632	1474
293011752	1474
293011879	1474
293011981	1474
293012248	1474
293012352	1474
293012459	1474
293012556	1474
293012679	1474
293012838	1474
293012941	1474
293013039	1474
293013139	1474
293013237	1474
293013337	1474
293013433	1474
293013556	1474
293812322	1474
293812454	1474
293812563	1474
293812708	1474
293812830	1474
293813114	1474
293813218	1474
293813341	1474
293813440	1474
293813559	1474
293813658	1474
293813758	1474
293813859	1474
293813962	1474
293814061	1474
293814160	1474
293814259	1474
293814359	1474
294870526	1474
294870935	1474
294871043	1474
294871175	1474
294871492	1474
294871623	1474
294871716	1474
294871818	1474
294871928	1474
294872031	1474
294872142	1474
294872234	1474
294872330	1474
294872463	1474
294872582	1474
294872678	1474
294872769	1474
294872867	1474
295669897	1474
295670060	1474
295670202	1474
295670504	1474
295670638	1474
295670819	1474
295671153	1474
295671244	1474
295671359	1474
295671464	1474
295671562	1474
295671673	1474
295671778	1474
295671875	1474
295671990	1474
295672110	1474
295672204	1474
295672297	1474
296470036	1474
296470147	1474
296470375	1474
296470487	1474
296470885	1474
296471000	1474
296471099	1474
296471210	1474
296471305	1474
296471416	1474
296471537	1474
296471652	1474
296471757	1474
296471849	1474
296471951	1474
296472048	1474
296472161	1474
296472283	1474
297274385	1474
297274561	1474
297274980	1474
297275131	1474
297275320	1474
297275588	1474
297275694	1474
297275808	1474
297275904	1474
297276040	1474
297276165	1474
297276263	1474
297276366	1474
297276464	1474
297276573	1474
297276693	1474
297276788	1474
297276888	1474
298072040	1474
298072144	1474
298072264	1474
298072388	1474
298072581	1474
298072708	1474
298072799	1474
298072907	1474
298073003	1474
298073094	1474
298073211	1474
298073308	1474
298073429	1474
298073547	1474
298073644	1474
298073763	1474
298073859	1474
298073956	1474
298871454	1474
298871555	1474
298871660	1474
298871767	1474
298871856	1474
298871958	1474
298872070	1474
298872158	1474
298872246	1474
298872337	1474
298872448	1474
298872540	1474
298872630	1474
298872730	1474
298872822	1474
298872912	1474
298873011	1474
298873126	1474
299671674	1474
299671771	1474
299671863	1474
299671953	1474
299672047	1474
299672156	1474
299672252	1474
299672374	1474
299672469	1474
299672561	1474
299672653	1474
299672746	1474
299672838	1474
299672956	1474
299673048	1474
299673154	1474
299673247	1474
299673340	1474
300471811	1474
300471909	1474
300472002	1474
300472094	1474
300472189	1474
300472282	1474
300472373	1474
300472484	1474
300472577	1474
300472670	1474
300472764	1474
300472856	1474
300472947	1474
300473039	1474
300473130	1474
300473251	1474
300473347	1474
300473449	1474
301540727	1474
301541459	1474
301541571	1474
301541742	1474
301542024	1474
301542130	1474
301542234	1474
301542333	1474
301542440	1474
301542540	1474
301542710	1474
301542826	1474
301542932	1474
301543050	1474
301543165	1474
301543317	1474
301543441	1474
301543539	1474
302339786	1474
302339981	1474
302340176	1474
302340579	1474
302340779	1474
302341043	1474
302341204	1474
302341360	1474
302341524	1474
302341663	1474
302341804	1474
302341944	1474
302342080	1474
302342216	1474
302342371	1474
302342534	1474
302342673	1474
303140703	1474
303140954	1474
303141074	1474
303141318	1474
303141433	1474
303141535	1474
303141663	1474
303141971	1474
303142098	1474
303142223	1474
303142322	1474
303142423	1474
303142603	1474
303142772	1474
303142922	1474
303143028	1474
303143145	1474
303143271	1474
303940956	1474
303941215	1474
303941485	1474
303941599	1474
303941711	1474
303941962	1474
303942121	1474
303942225	1474
303942521	1474
303942626	1474
303942779	1474
303942879	1474
303942976	1474
303943087	1474
303943239	1474
303943341	1474
303943525	1474
304741920	1474
304742160	1474
304742397	1474
304742514	1474
304742623	1474
304742951	1474
304743059	1474
304743172	1474
304743286	1474
304743420	1474
304743536	1474
304743660	1474
304743771	1474
304743867	1474
304743975	1474
304744072	1474
304744208	1474
304744320	1474
305541868	1474
305542016	1474
305542108	1474
305542239	1474
305542345	1474
305542474	1474
305542597	1474
305542807	1474
305543034	1474
305543125	1474
305543235	1474
305543354	1474
305543464	1474
305543561	1474
305543651	1474
305543763	1474
305543873	1474
305543971	1474
306342663	1474
306342813	1474
306342929	1474
306343066	1474
306343177	1474
306343285	1474
306343426	1474
306343523	1474
306343630	1474
306343746	1474
306343842	1474
306343956	1474
306344071	1474
306344178	1474
306344275	1474
306344372	1474
306344475	1474
306344572	1474
307141004	1474
307141379	1474
307141504	1474
307141596	1474
307141719	1474
307141809	1474
307141926	1474
307142024	1474
307142119	1474
307142223	1474
307142460	1474
307142565	1474
307142760	1474
307142862	1474
307142973	1474
307143082	1474
307143178	1474
307143273	1474
307944917	1474
307945316	1474
307945455	1474
307945543	1474
307945668	1474
307945759	1474
307945966	1474
307946070	1474
307946168	1474
307946270	1474
307946498	1474
307946603	1474
307946745	1474
307946873	1474
307946968	1474
307947067	1474
307947165	1474
308480771	1474
308480870	1474
308480968	1474
308481120	1474
308481345	1474
308481449	1474
308481563	1474
308481661	1474
308481758	1474
308481867	1474
308481964	1474
308482074	1474
308482183	1474
308482281	1474
308482378	1474
309542120	1474
309542269	1474
309542450	1474
309542574	1474
309542742	1474
309542860	1474
309542958	1474
309543074	1474
309543182	1474
309543277	1474
309543371	1474
309543457	1474
309543602	1474
309543716	1474
309543840	1474
309543953	1474
309544066	1474
310343537	1474
310343737	1474
310343894	1474
310344064	1474
310344305	1474
310344539	1474
310344685	1474
310344834	1474
310344976	1474
310345116	1474
310345259	1474
310345398	1474
310345538	1474
310345679	1474
310345826	1474
310345970	1474
310346134	1474
310346274	1474
311144195	1474
311144424	1474
311144707	1474
311144824	1474
311144920	1474
311145158	1474
311145276	1474
311145375	1474
311145471	1474
311145568	1474
311145665	1474
311145761	1474
311145867	1474
311145964	1474
311146060	1474
311146159	1474
311146287	1474
311944199	1474
311944413	1474
311944571	1474
311944740	1474
311945014	1474
311945213	1474
311945411	1474
311945641	1474
311945785	1474
311945937	1474
311946103	1474
311946245	1474
311946385	1474
311946527	1474
311946666	1474
311946853	1474
311947000	1474
312745370	1474
312745565	1474
312745711	1474
312745924	1474
312746087	1474
312746222	1474
312746362	1474
312746504	1474
312746644	1474
312746839	1474
312746987	1474
312747125	1474
312747267	1474
312747430	1474
312747569	1474
312747710	1474
312747854	1474
