12110053	58
12139585	54
12285971	1474
12286368	1474
12291730	1474
12291933	1474
12292067	1474
12292431	1474
12294434	1474
12294661	1474
12295039	1474
12295291	1474
12295602	334
12470217	1474
12470433	82
12470581	1474
12470880	1474
12471075	1474
12471547	1474
12471953	166
12472365	1474
12472725	1474
12473031	110
12473484	1474
12473821	1474
12474135	1474
12474488	1474
12474829	166
12475008	1474
12487868	1474
12488014	1474
12488149	1474
12488325	1474
12488644	1474
12489182	1474
12489398	250
12633285	1474
12633636	1474
12633905	1474
12634081	1474
12634280	166
12636133	1474
12636844	82
12637826	1474
12638014	82
12641271	1474
12641617	1474
12641935	110
12645002	1474
12645129	1474
12645263	1474
12645388	1474
12645512	166
12656029	1474
12656971	1474
12657161	1474
12657308	1474
12657574	1474
12657752	1474
12657920	1474
12658319	1474
12658826	1474
12659128	1474
12659497	1474
12659850	1474
12663966	1474
12664250	1474
12665532	1474
12665734	474
12690786	1474
14059100	1474
14068764	1474
14069162	1474
14086297	1474
14086932	1474
14087130	1474
14087387	1474
14118818	1474
14119477	1474
14119722	1474
14119983	1474
14120391	1474
14120674	1474
14121496	1474
14154592	1474
14155051	1474
14156121	1474
14156328	1474
14156533	1474
14156755	1474
14186444	1474
17060289	1474
17066535	1474
17066774	1474
17073092	1474
17073577	1474
17073884	1474
17082482	1474
17083069	1474
17083299	1474
17083743	409
17083950	1474
17084154	388
17096330	1474
17096810	1474
17097076	1474
17097466	1474
17097695	1474
17098133	1474
17118073	1474
17118266	1474
17118528	1474
17119218	1474
17121118	1474
17121214	1474
17136298	1474
17136396	1474
17136501	1474
17136601	1474
17136836	1474
17137077	1474
17137390	1474
17149308	1474
17149689	1474
17149903	1474
17150337	1474
17150440	1474
17150541	1474
17150780	1474
17163189	1474
17163284	1474
17163381	1474
17163475	1474
17163574	1474
17163973	1474
17164201	1474
17178687	1474
17178896	1474
17179081	1474
17179179	1474
17179392	1474
17179647	1474
17179867	1474
17180137	1474
17192070	1474
17192292	1474
17192574	1474
17192697	1474
17192795	1474
17192896	1474
17193430	1474
17193579	1474
17193843	1474
17211796	1474
17211895	1474
17212028	1474
17226278	1474
18568170	1474
18569821	1474
18570119	1474
18572635	1474
18572750	1474
18573284	1474
18576916	1474
18577050	1474
18577242	1474
18577576	1474
18581473	1474
18581692	1474
18582034	1474
18582233	1474
18582513	1474
18588128	1474
18588232	1474
18588328	1474
18588514	1474
18588760	1474
18588948	1474
18596075	1474
18596281	1474
18596713	1474
18597040	1474
18597504	1474
18600075	1474
18605420	1474
18605510	1474
18605598	1474
18605692	1474
18605864	1474
18606055	1474
18609603	1474
18609801	1474
18609914	1474
18610130	1474
18610486	1474
18610589	1474
18610923	1474
18613277	1474
18613644	1474
18614041	1474
18614235	1474
18614509	1474
18616471	1474
18616592	1474
18618010	1474
18618164	1474
18618507	1474
18618664	1474
18618767	1474
18618876	1474
18619993	1474
18620091	1474
18621520	1474
18621719	1474
18622037	1474
18622246	1474
18622346	1474
18622624	1474
18622995	1474
18623378	1474
18625366	1474
18625600	1474
18625703	1474
18625967	1474
18626195	1474
18626299	1474
18626649	1474
18627024	1474
18627231	1474
18628870	1474
18629116	1474
18629326	1474
18629663	1474
18629766	1474
18630167	1474
18630291	1474
18630769	1474
18633105	1474
18633203	1474
18633329	1474
18633673	1474
18633898	1474
18634227	1474
18634430	1474
18634748	1474
18634965	1474
18635158	1474
18637559	1474
18637656	1474
18637753	1474
18637889	1474
18638094	1474
18638446	1474
18638806	1474
18639033	1474
18639396	1474
18639498	1474
18640476	1474
18640593	1474
18675790	1474
18676067	1474
18676161	1474
18676265	1474
18676358	1474
18676448	1474
18676540	1474
18676633	1474
18676724	1474
18676816	1474
18722345	1474
18722438	1474
18722532	1474
18722625	1474
18722783	1474
18723054	1474
18723200	1474
18723299	1474
18723392	1474
18723535	1474
18723629	1474
18763538	1474
18763724	1474
18763818	1474
18763976	1474
18764070	1474
18764162	1474
18764280	1474
18764374	1474
18764468	1474
18764563	1474
18764680	1474
18803496	1474
18803601	1474
18803697	1474
18803793	1474
18803905	1474
18803999	1474
18804093	1474
18804208	1474
18804302	1474
18804395	1474
18804482	1474
18849082	1474
18849200	1474
18849291	1474
18849406	1474
18849496	1474
18849587	1474
18849677	1474
18849770	1474
18849861	1474
18849966	1474
19159551	1474
19159758	1474
19159853	1474
19159961	1474
19160053	1474
19160146	1474
19160238	1474
19160334	1474
19160449	1474
19160594	1474
19160692	1474
19204682	1474
19204775	1474
19204896	1474
19204988	1474
19205079	1474
19205170	1474
19205260	1474
19205352	1474
19960443	1474
19960585	1474
19960683	1474
19960797	1474
19960907	1474
19961027	1474
19961196	1474
19961315	1474
19961601	1474
19961771	1474
19961878	1474
20009395	1474
20009502	1474
20009587	1474
20009696	1474
20763167	1474
20763312	1474
20763451	1474
20763592	1474
20763744	1474
20763879	1474
20764017	1474
20764181	1474
20764325	1474
20764461	1474
20764598	1474
20804522	1474
20804617	1474
20804709	1474
20804814	1474
20804910	1474
20805028	1474
20805120	1474
20805211	1474
20805301	1474
21561720	1474
21561935	1474
21562065	1474
21562258	1474
21562359	1474
21562481	1474
21562575	1474
21562831	1474
21562977	1474
21563191	1474
21563292	1474
21607411	1474
21607525	1474
21607660	1474
21607781	1474
21607875	1474
21607970	1474
21608066	1474
21608159	1474
22361227	1474
22361323	1474
22361417	1474
22361509	1474
22361609	1474
22361729	1474
22361823	1474
22361941	1474
22362034	1474
22362150	1474
22362237	1474
22362329	1474
22403913	1474
22404053	1474
22404149	1474
23158836	1474
23159091	1474
23159239	1474
23159342	1474
23159734	1474
23159947	1474
23160048	1474
23160145	1474
23160238	1474
23160333	1474
23160428	1474
23160560	1474
23201230	1474
23201328	1474
23201425	1474
23201545	1474
23201648	1474
23201748	1474
23201841	1474
23201936	1474
23202033	1474
23961122	1474
23961410	1474
23961624	1474
23961722	1474
23961929	1474
23962058	1474
23962267	1474
23962364	1474
23962460	1474
23962590	1474
23962731	1474
23962829	1474
23965722	1474
24004419	1474
24761899	1474
24761994	1474
24762086	1474
24762236	1474
24762371	1474
24762576	1474
24762701	1474
24762888	1474
24762983	1474
24763075	1474
24763168	1474
24763304	1474
24764845	1474
24803084	1474
24803177	1474
24803269	1474
25559140	1474
25559880	1474
25560130	1474
25560237	1474
25560582	1474
25560685	1474
25560778	1474
25560872	1474
25560973	1474
25561074	1474
25561206	1474
25561302	1474
25564766	1474
25601699	1474
25601847	1474
25601963	1474
25602090	1474
26362203	1474
26362304	1474
26362395	1474
26362503	1474
26362599	1474
26362741	1474
26362851	1474
26362949	1474
26363044	1474
26363139	1474
26363239	1474
26363336	1474
26363438	1474
26403161	1474
26403308	1474
26403403	1474
27161317	1474
27161426	1474
27161545	1474
27161640	1474
27161737	1474
27161830	1474
27161924	1474
27162018	1474
27162114	1474
27162235	1474
27162331	1474
27162471	1474
27162569	1474
27203347	1474
27203461	1474
27203556	1474
27692735	1474
27692847	1474
27693028	1474
27693125	1474
27693223	1474
27693318	1474
27693462	1474
27693559	1474
27693655	1474
27693749	1474
27693843	1474
27693940	1474
27694039	1474
27735304	1474
27735461	1474
27735560	1474
28492073	1474
28492186	1474
28492433	1474
28492547	1474
28492905	1474
28493141	1474
28493273	1474
28493404	1474
28493687	1474
28493799	1474
28494060	1474
28494165	1474
28494301	1474
28535454	1474
28535561	1474
28535661	1474
28535768	1474
28535867	1474
28535987	1474
28536089	1474
28536186	1474
28536295	1474
29291960	1474
29292077	1474
29292399	1474
29292520	1474
29292617	1474
29292920	1474
29293049	1474
29293165	1474
29293297	1474
29293730	1474
29293836	1474
29294359	1474
29294465	1474
29294731	1474
30091477	1474
30091591	1474
30091692	1474
30091815	1474
30091932	1474
30092169	1474
30092285	1474
30092807	1474
30093037	1474
30093142	1474
30093309	1474
30093573	1474
30094011	1474
30131526	1474
30131674	1474
30131773	1474
30891624	1474
30891744	1474
30891933	1474
30892037	1474
30892358	1474
30892465	1474
30892965	1474
30893238	1474
30893344	1474
30893913	1474
30894020	1474
30894161	1474
30894262	1474
30936097	1474
30936241	1474
30936342	1474
30936443	1474
30936554	1474
30936654	1474
30936775	1474
30936874	1474
31691333	1474
31691523	1474
31691730	1474
31691960	1474
31692166	1474
31692499	1474
31692640	1474
31692883	1474
31693105	1474
31693719	1474
31693891	1474
31694027	1474
31694169	1474
31694304	1474
32491668	1474
32491877	1474
32492126	1474
32492350	1474
32492541	1474
32492705	1474
32492939	1474
32493239	1474
32493440	1474
32493622	1474
32493762	1474
32493924	1474
32494078	1474
32494216	1474
32496621	1474
32535442	1474
32535584	1474
33291031	1474
33291271	1474
33291520	1474
33291743	1474
33291965	1474
33292282	1474
33292430	1474
33292663	1474
33292859	1474
33293061	1474
33293300	1474
33293535	1474
33293705	1474
33293894	1474
33294045	1474
33334540	1474
33334727	1474
34092836	1474
34094284	1474
34096608	1474
34099500	1474
34099721	1474
34099864	1474
34100132	1474
34100303	1474
34100443	1474
34100579	1474
34100717	1474
34100854	1474
34101028	1474
34101168	1474
34104036	1474
34138315	1474
34138595	1474
34138811	1474
34890786	1474
34891022	1474
34891205	1474
34891300	1474
34891425	1474
34891527	1474
34891762	1474
34892127	1474
34892235	1474
34892459	1474
34892562	1474
34892654	1474
34892842	1474
34893024	1474
34895425	1474
34930458	1474
34930573	1474
34930736	1474
35691194	1474
35691548	1474
35691643	1474
35691736	1474
35691845	1474
35691939	1474
35692027	1474
35692114	1474
35692208	1474
35692425	1474
35692579	1474
35693001	1474
35693105	1474
35693203	1474
35693326	1474
35735727	1474
35735909	1474
36757318	1474
36757585	1474
36757714	1474
36757827	1474
36757923	1474
36758026	1474
36758122	1474
36758220	1474
36758421	1474
36758774	1474
36758883	1474
36759100	1474
36759201	1474
36759315	1474
36759411	1474
36797628	1474
36797854	1474
36797975	1474
37557626	1474
37557952	1474
37558068	1474
37558329	1474
37558435	1474
37559240	1474
37559434	1474
37559534	1474
37559649	1474
37559767	1474
37559895	1474
37559996	1474
37560100	1474
37560200	1474
37560326	1474
37597626	1474
37597946	1474
37598047	1474
38357495	1474
38357709	1474
38357863	1474
38357966	1474
38358305	1474
38359156	1474
38359268	1474
38359586	1474
38359764	1474
38359861	1474
38359956	1474
38360078	1474
38360176	1474
38360276	1474
38360370	1474
38397386	1474
38397654	1474
38397780	1474
39158238	1474
39158512	1474
39159660	1474
39159945	1474
39160060	1474
39160366	1474
39160470	1474
39160567	1474
39160680	1474
39160805	1474
39161067	1474
39161211	1474
39161313	1474
39161414	1474
39161539	1474
39166717	1474
39201481	1474
39201704	1474
39957394	1474
39957640	1474
39957783	1474
39958410	1474
39958739	1474
39959095	1474
39959355	1474
39959458	1474
39959566	1474
39959690	1474
39959790	1474
39959905	1474
39960020	1474
39960113	1474
39960209	1474
39964247	1474
39999240	1474
39999382	1474
40758953	1474
40759064	1474
40759161	1474
40759272	1474
40759396	1474
40759594	1474
40759838	1474
40759943	1474
40760044	1474
40760164	1474
40760267	1474
40760576	1474
40760708	1474
40760804	1474
40760922	1474
40763353	1474
40797947	1474
41557843	1474
41558000	1474
41558134	1474
41558858	1474
41559190	1474
41559382	1474
41559589	1474
41559699	1474
41559795	1474
41559904	1474
41560019	1474
41560128	1474
41560225	1474
41560324	1474
41560420	1474
41560528	1474
41563271	1474
42356979	1474
42357090	1474
42357283	1474
42357619	1474
42358129	1474
42358344	1474
42358461	1474
42358557	1474
42358820	1474
42358980	1474
42359130	1474
42359229	1474
42359324	1474
42359460	1474
42359554	1474
42359647	1474
42361745	1474
42397119	1474
43156818	1474
43157158	1474
43157259	1474
43157583	1474
43157686	1474
43158145	1474
43158356	1474
43158458	1474
43158550	1474
43158683	1474
43158778	1474
43158899	1474
43158997	1474
43159086	1474
43159178	1474
43159275	1474
43198802	1474
43199027	1474
43956726	1474
43957094	1474
43957400	1474
43957610	1474
43957906	1474
43958056	1474
43958244	1474
43958394	1474
43958559	1474
43958760	1474
43958936	1474
43959159	1474
43959320	1474
43959470	1474
43959608	1474
43959746	1474
43964935	1474
43996884	1474
44756732	1474
44757092	1474
44757278	1474
44757880	1474
44757987	1474
44758088	1474
44758220	1474
44758323	1474
44758424	1474
44758525	1474
44758709	1474
44758815	1474
44758925	1474
44759025	1474
44759142	1474
44759268	1474
44796663	1474
45562063	1474
45562846	1474
45563075	1474
45563324	1474
45563490	1474
45563721	1474
45563947	1474
45564138	1474
45564380	1474
45564520	1474
45564682	1474
45564917	1474
45565057	1474
45565201	1474
45565339	1474
45565478	1474
45571494	1474
46356654	1474
46356888	1474
46357068	1474
46357351	1474
46357574	1474
46357722	1474
46357920	1474
46358061	1474
46358207	1474
46358345	1474
46358484	1474
46358623	1474
46358827	1474
46359061	1474
46359335	1474
46359535	1474
46362493	1474
47156317	1474
47156535	1474
47156646	1474
47157420	1474
47157526	1474
47157656	1474
47157782	1474
47157884	1474
47157994	1474
47158180	1474
47158271	1474
47158480	1474
47158584	1474
47158772	1474
47158869	1474
47159039	1474
47956263	1474
47956409	1474
47956526	1474
47956651	1474
47956753	1474
47956852	1474
47956952	1474
47957057	1474
47957159	1474
47957259	1474
47957359	1474
47957459	1474
47957585	1474
47957702	1474
47957801	1474
47957899	1474
47957999	1474
47996604	1474
48756459	1474
48756708	1474
48756830	1474
48756933	1474
48757054	1474
48757171	1474
48757426	1474
48757534	1474
48757679	1474
48757779	1474
48758049	1474
48758161	1474
48758281	1474
48758385	1474
48758485	1474
48758611	1474
48758754	1474
48758859	1474
49556254	1474
49556436	1474
49556605	1474
49556767	1474
49556966	1474
49557125	1474
49557285	1474
49557427	1474
49557587	1474
49557730	1474
49557865	1474
49558007	1474
49558170	1474
49558304	1474
49558439	1474
49558574	1474
49558760	1474
50355793	1474
50355994	1474
50356107	1474
50356208	1474
50356306	1474
50356406	1474
50356505	1474
50356629	1474
50356728	1474
50356854	1474
50356969	1474
50357094	1474
50357208	1474
50357321	1474
50357421	1474
50357521	1474
51158312	1474
51158819	1474
51158926	1474
51159025	1474
51159127	1474
51159224	1474
51159330	1474
51159488	1474
51159716	1474
51159815	1474
51159929	1474
51160028	1474
51160127	1474
51160227	1474
51160330	1474
51160444	1474
51160543	1474
51956010	1474
51956182	1474
51956299	1474
51956399	1474
51956499	1474
51956694	1474
51956810	1474
51956928	1474
51957027	1474
51957137	1474
51957239	1474
51957470	1474
51957602	1474
51958277	1474
51958443	1474
51958608	1474
51958754	1474
52756399	1474
52756663	1474
52756809	1474
52756909	1474
52757032	1474
52757137	1474
52757285	1474
52757390	1474
52757511	1474
52757677	1474
52757945	1474
52758048	1474
52758195	1474
52758294	1474
52758394	1474
52758488	1474
52758604	1474
52798449	1474
53556543	1474
53556762	1474
53557284	1474
53557486	1474
53557843	1474
53558020	1474
53558159	1474
53558297	1474
53558436	1474
53558573	1474
53558826	1474
53559058	1474
53559250	1474
53559422	1474
53559577	1474
53559742	1474
53559897	1474
53562498	1474
54355931	1474
54356187	1474
54356537	1474
54356822	1474
54356987	1474
54357178	1474
54357363	1474
54357582	1474
54357808	1474
54357973	1474
54358119	1474
54358258	1474
54358394	1474
54358557	1474
54358790	1474
54358935	1474
54359074	1474
55156035	1474
55156226	1474
55156416	1474
55156650	1474
55156848	1474
55157062	1474
55157214	1474
55157374	1474
55157548	1474
55157704	1474
55157839	1474
55157976	1474
55158115	1474
55158250	1474
55158390	1474
55158524	1474
55158673	1474
55960289	1474
55960389	1474
55960481	1474
55960581	1474
55960678	1474
55960771	1474
55960864	1474
55960958	1474
55961076	1474
55961194	1474
55961287	1474
55961382	1474
55961499	1474
55961600	1474
55961695	1474
55961788	1474
56755453	1474
56755756	1474
56755852	1474
56755949	1474
56756043	1474
56756134	1474
56756228	1474
56756349	1474
56756443	1474
56756542	1474
56756694	1474
56756809	1474
56757009	1474
56757111	1474
56757212	1474
56757429	1474
56757579	1474
57555553	1474
57555709	1474
57555803	1474
57556036	1474
57556136	1474
57556227	1474
57556320	1474
57556417	1474
57556521	1474
57556621	1474
57556826	1474
57556929	1474
57557180	1474
57557283	1474
57557428	1474
57557565	1474
57557685	1474
57595937	1474
58355391	1474
58355631	1474
58356255	1474
58356364	1474
58356493	1474
58356658	1474
58356755	1474
58356847	1474
58357030	1474
58357131	1474
58357229	1474
58357495	1474
58357640	1474
58357747	1474
58357838	1474
58357931	1474
58358026	1474
58358121	1474
59155451	1474
59155598	1474
59156082	1474
59156312	1474
59156420	1474
59156518	1474
59156613	1474
59156808	1474
59156910	1474
59157134	1474
59157237	1474
59157381	1474
59157491	1474
59157611	1474
59157705	1474
59157799	1474
59157892	1474
59958102	1474
59958198	1474
59958317	1474
59958430	1474
59958624	1474
59958759	1474
59958854	1474
59958950	1474
59959043	1474
59959135	1474
59959228	1474
59959324	1474
59959433	1474
59959526	1474
59959618	1474
59959709	1474
59959828	1474
59959921	1474
60754993	1474
60755400	1474
60755526	1474
60755620	1474
60755740	1474
60755832	1474
60755950	1474
60756041	1474
60756133	1474
60756223	1474
60756328	1474
60756424	1474
60756568	1474
60756738	1474
60756832	1474
60757101	1474
60757195	1474
61555129	1474
61555354	1474
61555453	1474
61555607	1474
61555713	1474
61555826	1474
61556121	1474
61556242	1474
61556380	1474
61556508	1474
61556782	1474
61557224	1474
61557424	1474
61557548	1474
61557650	1474
61557787	1474
61557914	1474
61558012	1474
62354756	1474
62355091	1474
62355454	1474
62355687	1474
62355834	1474
62356000	1474
62356158	1474
62356296	1474
62356434	1474
62356571	1474
62356707	1474
62356841	1474
62357004	1474
62357141	1474
62357312	1474
62357449	1474
62357584	1474
62357718	1474
63154610	1474
63154790	1474
63155016	1474
63155416	1474
63155644	1474
63155749	1474
63155841	1474
63155942	1474
63157027	1474
63157168	1474
63157379	1474
63157477	1474
63157592	1474
63157691	1474
63157801	1474
63157905	1474
63160374	1474
63954679	1474
63955139	1474
63955225	1474
63955339	1474
63955466	1474
63955556	1474
63955772	1474
63955867	1474
63955951	1474
63956059	1474
63956327	1474
63956422	1474
63956908	1474
63957013	1474
63957188	1474
63957279	1474
63957386	1474
64754672	1474
64756375	1474
64756588	1474
64756793	1474
64757041	1474
64757206	1474
64757345	1474
64757484	1474
64757622	1474
64757760	1474
64757896	1474
64758052	1474
64758189	1474
64758325	1474
64758460	1474
64758596	1474
64758774	1474
65556324	1474
65556791	1474
65557334	1474
65557526	1474
65557730	1474
65557870	1474
65558119	1474
65558256	1474
65558394	1474
65558531	1474
65558669	1474
65558849	1474
65559020	1474
65559162	1474
65559301	1474
65559438	1474
65559575	1474
65559713	1474
66354767	1474
66356610	1474
66356813	1474
66357151	1474
66357337	1474
66357775	1474
66357961	1474
66358109	1474
66358248	1474
66358388	1474
66358525	1474
66358664	1474
66358861	1474
66359051	1474
66359193	1474
66359333	1474
66359474	1474
66359636	1474
67157865	1474
67158338	1474
67158479	1474
67159375	1474
67159650	1474
67159757	1474
67159858	1474
67160137	1474
67160239	1474
67160357	1474
67160454	1474
67160552	1474
67160648	1474
67160757	1474
67160905	1474
67161007	1474
67161106	1474
67956291	1474
67956393	1474
67956492	1474
67956591	1474
67956707	1474
67956805	1474
67956917	1474
67957017	1474
67957119	1474
67957214	1474
67957313	1474
67957414	1474
67957537	1474
67957634	1474
67957732	1474
67957837	1474
68755017	1474
68755252	1474
68755588	1474
68755764	1474
68755903	1474
68756046	1474
68756213	1474
68756351	1474
68756492	1474
68756629	1474
68756777	1474
68756914	1474
68757055	1474
68757191	1474
68757331	1474
68757467	1474
69554134	1474
69554402	1474
69554602	1474
69554864	1474
69555071	1474
69555344	1474
69555597	1474
69555766	1474
69555910	1474
69556050	1474
69556186	1474
69556328	1474
69556465	1474
69556603	1474
69556750	1474
69556889	1474
69557028	1474
70354094	1474
70354453	1474
70354798	1474
70354930	1474
70355057	1474
70355309	1474
70355413	1474
70355944	1474
70356053	1474
70356173	1474
70356273	1474
70356383	1474
70356504	1474
70356599	1474
70356718	1474
70356816	1474
70356938	1474
70887901	1474
70888238	1474
70888400	1474
70888599	1474
70889287	1474
70889393	1474
70889562	1474
70889677	1474
70889794	1474
70889900	1474
70889999	1474
70890101	1474
70890198	1474
70890320	1474
70890444	1474
70890555	1474
71687274	1474
71687693	1474
71687803	1474
71687929	1474
71688057	1474
71688362	1474
71688467	1474
71688625	1474
71688744	1474
71688843	1474
71688952	1474
71689068	1474
71689185	1474
71689285	1474
71689402	1474
71689516	1474
71689629	1474
72489884	1474
72489987	1474
72490082	1474
72490175	1474
72490269	1474
72490365	1474
72490462	1474
72490589	1474
72490729	1474
72490825	1474
72490920	1474
72491015	1474
72491109	1474
72491203	1474
72491298	1474
72491418	1474
72491518	1474
72491626	1474
73554267	1474
73554972	1474
73555102	1474
73555416	1474
73555651	1474
73555749	1474
73555846	1474
73555942	1474
73556037	1474
73556156	1474
73556253	1474
73556348	1474
73556467	1474
73556576	1474
73556672	1474
73556766	1474
73556861	1474
73556959	1474
74354290	1474
74354659	1474
74354795	1474
74354891	1474
74354988	1474
74355083	1474
74355177	1474
74355271	1474
74355366	1474
74355492	1474
74355588	1474
74355682	1474
74355775	1474
74355875	1474
74355994	1474
74356090	1474
74356186	1474
74356280	1474
75153620	1474
75153923	1474
75154048	1474
75154143	1474
75154237	1474
75154331	1474
75154432	1474
75154527	1474
75154644	1474
75154790	1474
75154887	1474
75154982	1474
75155077	1474
75155171	1474
75155266	1474
75155360	1474
75155468	1474
75155563	1474
75953793	1474
75954012	1474
75954164	1474
75954303	1474
75954459	1474
75954597	1474
75954792	1474
75954935	1474
75955075	1474
75955211	1474
75955362	1474
75955501	1474
75955644	1474
75955781	1474
75955920	1474
75956057	1474
75956225	1474
76756454	1474
76756597	1474
76756739	1474
76756877	1474
76757021	1474
76757161	1474
76757311	1474
76757450	1474
76757590	1474
76757729	1474
76757870	1474
76758008	1474
76758150	1474
76758296	1474
76758465	1474
76758602	1474
76758791	1474
76758935	1474
77553271	1474
77553595	1474
77553691	1474
77553787	1474
77553884	1474
77553984	1474
77554104	1474
77554200	1474
77554301	1474
77554395	1474
77554488	1474
77554604	1474
77554868	1474
77554970	1474
77555066	1474
77555160	1474
77555254	1474
78353364	1474
78353626	1474
78353768	1474
78353862	1474
78353961	1474
78354055	1474
78354152	1474
78354356	1474
78354459	1474
78354579	1474
78354720	1474
78354818	1474
78354915	1474
78355010	1474
78355103	1474
78355197	1474
78355303	1474
79153554	1474
79153806	1474
79153931	1474
79154030	1474
79154226	1474
79154324	1474
79154420	1474
79154514	1474
79154680	1474
79154781	1474
79154876	1474
79154971	1474
79155061	1474
79155159	1474
79155258	1474
79155354	1474
79155444	1474
79155537	1474
79953110	1474
79953318	1474
79953444	1474
79953612	1474
79953759	1474
79953967	1474
79954072	1474
79954184	1474
79954305	1474
79954423	1474
79954519	1474
79954672	1474
79954774	1474
79954897	1474
79954996	1474
79955096	1474
79955192	1474
80753120	1474
80753461	1474
80753562	1474
80753662	1474
80753787	1474
80753909	1474
80754003	1474
80754107	1474
80754202	1474
80754300	1474
80754394	1474
80754487	1474
80754624	1474
80754764	1474
80754865	1474
80754958	1474
80755059	1474
80755155	1474
81552616	1474
81552828	1474
81552968	1474
81553173	1474
81553315	1474
81553471	1474
81553610	1474
81553748	1474
81553884	1474
81554029	1474
81554166	1474
81554303	1474
81554440	1474
81554577	1474
81554787	1474
81554934	1474
81555079	1474
82355419	1474
82355520	1474
82355618	1474
82355731	1474
82355853	1474
82355945	1474
82356067	1474
82356202	1474
82356308	1474
82356447	1474
82356538	1474
82356634	1474
82356730	1474
82356827	1474
82356925	1474
82357021	1474
82357126	1474
82357225	1474
83152867	1474
83153086	1474
83153181	1474
83153301	1474
83153416	1474
83153513	1474
83153625	1474
83153764	1474
83153862	1474
83153979	1474
83154106	1474
83154204	1474
83154324	1474
83154445	1474
83154584	1474
83154753	1474
83154894	1474
83952647	1474
83952832	1474
83952920	1474
83953056	1474
83953168	1474
83953265	1474
83953383	1474
83953526	1474
83953623	1474
83953733	1474
83953837	1474
83953966	1474
83954076	1474
83954185	1474
83954301	1474
83954425	1474
84752637	1474
84752837	1474
84752949	1474
84753048	1474
84753162	1474
84753259	1474
84753375	1474
84753467	1474
84753563	1474
84753655	1474
84753810	1474
84753909	1474
84754042	1474
84754158	1474
84754259	1474
84754356	1474
84754477	1474
85553067	1474
85553370	1474
85553476	1474
85553642	1474
85553746	1474
85554031	1474
85554137	1474
85554262	1474
85554360	1474
85554457	1474
85554588	1474
85554732	1474
85554821	1474
85554929	1474
85555043	1474
85555142	1474
85555261	1474
85555377	1474
86352192	1474
86352406	1474
86352510	1474
86352625	1474
86352730	1474
86352828	1474
86352963	1474
86353132	1474
86353250	1474
86353348	1474
86353459	1474
86353582	1474
86353695	1474
86353806	1474
86353918	1474
86354036	1474
86354135	1474
86354235	1474
87152245	1474
87152421	1474
87152523	1474
87152679	1474
87152779	1474
87152914	1474
87153005	1474
87153119	1474
87153218	1474
87153342	1474
87153442	1474
87153540	1474
87153663	1474
87153773	1474
87153901	1474
87154026	1474
87154126	1474
87154223	1474
87952461	1474
87952609	1474
87952919	1474
87953022	1474
87953113	1474
87953232	1474
87953331	1474
87953431	1474
87953545	1474
87953643	1474
87953774	1474
87953899	1474
87954004	1474
87954121	1474
87954222	1474
87954323	1474
87954422	1474
87954534	1474
88751987	1474
88752213	1474
88752489	1474
88752726	1474
88752920	1474
88753137	1474
88753370	1474
88753570	1474
88753844	1474
88753990	1474
88754329	1474
88754470	1474
88754713	1474
88754886	1474
88755026	1474
88755163	1474
88755302	1474
88755464	1474
89552083	1474
89552613	1474
89553480	1474
89553686	1474
89553956	1474
89554177	1474
89554608	1474
89554806	1474
89555032	1474
89555174	1474
89555310	1474
89555458	1474
89555595	1474
89555735	1474
89555873	1474
89556029	1474
89556171	1474
89556306	1474
90351595	1474
90351994	1474
90352229	1474
90352339	1474
90352858	1474
90352966	1474
90353144	1474
90353261	1474
90353362	1474
90353475	1474
90353609	1474
90353840	1474
90354437	1474
90354544	1474
90354762	1474
90354866	1474
90354993	1474
91152027	1474
91152331	1474
91153542	1474
91153751	1474
91153970	1474
91154122	1474
91154306	1474
91154459	1474
91154622	1474
91154804	1474
91154945	1474
91155115	1474
91155280	1474
91155426	1474
91155562	1474
91155698	1474
91158617	1474
91952094	1474
91952376	1474
91952619	1474
91952805	1474
91953091	1474
91953447	1474
91953750	1474
91953897	1474
91954033	1474
91954169	1474
91954341	1474
91954478	1474
91954614	1474
91954801	1474
91954976	1474
91955169	1474
92752185	1474
92752457	1474
92752968	1474
92753187	1474
92753477	1474
92754286	1474
92754451	1474
92754619	1474
92754806	1474
92755068	1474
92755239	1474
92755393	1474
92755533	1474
92755674	1474
92755813	1474
92755952	1474
93551426	1474
93551841	1474
93552094	1474
93552197	1474
93552281	1474
93553032	1474
93553184	1474
93553381	1474
93553474	1474
93554393	1474
93554603	1474
93554736	1474
93554822	1474
93554931	1474
93555050	1474
93555268	1474
93555364	1474
94351931	1474
94352151	1474
94352267	1474
94352957	1474
94353222	1474
94353351	1474
94353921	1474
94354209	1474
94354314	1474
94354460	1474
94354566	1474
94354968	1474
94355104	1474
94355305	1474
94355431	1474
94355533	1474
94355634	1474
94355757	1474
95152021	1474
95152453	1474
95152579	1474
95153640	1474
95153826	1474
95153936	1474
95154036	1474
95154212	1474
95154314	1474
95154413	1474
95154513	1474
95154633	1474
95154820	1474
95154949	1474
95155055	1474
95155239	1474
95155449	1474
95155554	1474
95953503	1474
95953643	1474
95953805	1474
95953941	1474
95954106	1474
95954252	1474
95954422	1474
95954617	1474
95954810	1474
95954958	1474
95955103	1474
95955238	1474
95955373	1474
95955508	1474
95955643	1474
95955778	1474
95955913	1474
96751014	1474
96751455	1474
96751654	1474
96752037	1474
96752249	1474
96752421	1474
96752583	1474
96752744	1474
96752879	1474
96753023	1474
96753160	1474
96753297	1474
96753432	1474
96753568	1474
96753703	1474
96753836	1474
96753971	1474
96754146	1474
97551090	1474
97551400	1474
97551504	1474
97551601	1474
97551691	1474
97551781	1474
97551873	1474
97551967	1474
97552075	1474
97552172	1474
97552266	1474
97552361	1474
97552454	1474
97552548	1474
97552646	1474
97552739	1474
97552830	1474
97552924	1474
98351239	1474
98351470	1474
98351676	1474
98351908	1474
98352119	1474
98352282	1474
98352422	1474
98352562	1474
98352727	1474
98352865	1474
98353010	1474
98353150	1474
98353286	1474
98353423	1474
98353562	1474
98353702	1474
98353840	1474
99151697	1474
99151922	1474
99152117	1474
99152327	1474
99152544	1474
99152736	1474
99152902	1474
99153042	1474
99153180	1474
99153321	1474
99153459	1474
99153600	1474
99153761	1474
99153978	1474
99154203	1474
99154398	1474
99154566	1474
99154761	1474
99951259	1474
99951619	1474
99951761	1474
99951912	1474
99952228	1474
99952373	1474
99952513	1474
99952650	1474
99952790	1474
99952943	1474
99953081	1474
99953219	1474
99953357	1474
99953496	1474
99953636	1474
99953773	1474
99953933	1474
99954073	1474
101018478	1474
101018745	1474
101018860	1474
101019101	1474
101019192	1474
101019295	1474
101019399	1474
101019553	1474
101019774	1474
101021448	1474
101021589	1474
101021701	1474
101021805	1474
101021915	1474
101022033	1474
101022130	1474
101022233	1474
101022335	1474
101817279	1474
101817737	1474
101818348	1474
101818745	1474
101818854	1474
101818957	1474
101819059	1474
101819182	1474
101819420	1474
101819526	1474
101819972	1474
101820209	1474
101820307	1474
101820420	1474
101820529	1474
101820640	1474
101820768	1474
101820863	1474
102617453	1474
102617723	1474
102617829	1474
102618599	1474
102618840	1474
102618956	1474
102619072	1474
102619807	1474
102620028	1474
102620165	1474
102620277	1474
102620370	1474
102620467	1474
102620562	1474
102620662	1474
102620772	1474
102620868	1474
103416834	1474
103416946	1474
103417582	1474
103417906	1474
103418015	1474
103418111	1474
103418421	1474
103418523	1474
103418977	1474
103419138	1474
103419897	1474
103420117	1474
103420234	1474
103420339	1474
103420461	1474
103420562	1474
103420745	1474
103420844	1474
104217244	1474
104217455	1474
104217588	1474
104218061	1474
104218261	1474
104218384	1474
104218508	1474
104218718	1474
104219103	1474
104219213	1474
104219806	1474
104220062	1474
104220162	1474
104220255	1474
104220364	1474
104220459	1474
104220567	1474
104220674	1474
105017450	1474
105017563	1474
105017811	1474
105017940	1474
105018040	1474
105018147	1474
105018264	1474
105018525	1474
105018642	1474
105018859	1474
105018963	1474
105019080	1474
105019196	1474
105019326	1474
105019419	1474
105019544	1474
105019651	1474
105019749	1474
105816975	1474
105817181	1474
105817900	1474
105818034	1474
105818244	1474
105818346	1474
105818450	1474
105818566	1474
105818765	1474
105818949	1474
105819051	1474
105819154	1474
105819276	1474
105819390	1474
105819500	1474
105819619	1474
105819732	1474
106622108	1474
106622229	1474
106622344	1474
106622454	1474
106622869	1474
106622979	1474
106623209	1474
106623326	1474
106623425	1474
106623539	1474
106623640	1474
106623741	1474
106623870	1474
106623971	1474
106624070	1474
106624172	1474
106624273	1474
107416718	1474
107416927	1474
107417049	1474
107417578	1474
107417732	1474
107417843	1474
107417940	1474
107418060	1474
107418181	1474
107418280	1474
107418377	1474
107418488	1474
107418714	1474
107418881	1474
107419001	1474
107419100	1474
108216679	1474
108216839	1474
108216957	1474
108217073	1474
108217188	1474
108217285	1474
108217439	1474
108217539	1474
108217658	1474
108217774	1474
108217872	1474
108218012	1474
108218123	1474
108218224	1474
108218351	1474
108218453	1474
108218598	1474
109016473	1474
109016630	1474
109016744	1474
109016885	1474
109016985	1474
109017100	1474
109017217	1474
109017326	1474
109017423	1474
109017521	1474
109017629	1474
109017726	1474
109017825	1474
109017916	1474
109018010	1474
109018101	1474
109018216	1474
109018332	1474
109816508	1474
109816811	1474
109816915	1474
109817031	1474
109817130	1474
109817238	1474
109817583	1474
109817716	1474
109817827	1474
109817921	1474
109818017	1474
109818156	1474
109818278	1474
109818383	1474
109818499	1474
109818596	1474
109818747	1474
109818849	1474
110616423	1474
110616667	1474
110616790	1474
110616909	1474
110617016	1474
110617113	1474
110617226	1474
110617346	1474
110617448	1474
110617546	1474
110617668	1474
110617771	1474
110617873	1474
110617972	1474
110618086	1474
110618258	1474
110618362	1474
110618468	1474
111416075	1474
111416388	1474
111416490	1474
111416586	1474
111416705	1474
111416803	1474
111416918	1474
111417031	1474
111417138	1474
111417238	1474
111417352	1474
111417468	1474
111417579	1474
111417680	1474
111417794	1474
111417906	1474
111418029	1474
112216192	1474
112216427	1474
112216532	1474
112216663	1474
112216773	1474
112216870	1474
112217003	1474
112217125	1474
112217223	1474
112217320	1474
112217437	1474
112217551	1474
112217652	1474
112217752	1474
112217871	1474
112217982	1474
112218117	1474
112218218	1474
113016480	1474
113016641	1474
113016762	1474
113016888	1474
113017012	1474
113017138	1474
113017238	1474
113017355	1474
113017468	1474
113017568	1474
113017666	1474
113017784	1474
113017919	1474
113018010	1474
113018120	1474
113018211	1474
113018328	1474
113815924	1474
113816178	1474
113816279	1474
113816378	1474
113816495	1474
113816592	1474
113816708	1474
113816828	1474
113816939	1474
113817053	1474
113817155	1474
113817284	1474
113817397	1474
113817510	1474
113817610	1474
113817725	1474
113817828	1474
113817950	1474
114615963	1474
114616128	1474
114616252	1474
114616351	1474
114616475	1474
114616595	1474
114616710	1474
114616806	1474
114616980	1474
114617096	1474
114617194	1474
114617309	1474
114617435	1474
114617544	1474
114617645	1474
114617764	1474
114617862	1474
114617981	1474
115416539	1474
115416775	1474
115416887	1474
115416987	1474
115417089	1474
115417207	1474
115417307	1474
115417417	1474
115417522	1474
115417642	1474
115417739	1474
115417831	1474
115417964	1474
115418064	1474
115418166	1474
115418285	1474
115418380	1474
115418475	1474
116216642	1474
116216922	1474
116217028	1474
116217128	1474
116217233	1474
116217354	1474
116217454	1474
116217573	1474
116217696	1474
116217792	1474
116217907	1474
116218004	1474
116218127	1474
116218216	1474
116218332	1474
116218431	1474
116218530	1474
116218686	1474
117016335	1474
117016492	1474
117016656	1474
117016791	1474
117016911	1474
117017016	1474
117017145	1474
117017362	1474
117017567	1474
117017667	1474
117017792	1474
117017894	1474
117018013	1474
117018114	1474
117018228	1474
117018336	1474
117018452	1474
117816187	1474
117816344	1474
117816470	1474
117816568	1474
117816665	1474
117816777	1474
117816878	1474
117816974	1474
117817070	1474
117817166	1474
117817286	1474
117817383	1474
117817480	1474
117817575	1474
117817671	1474
117817785	1474
118615407	1474
118615608	1474
118615723	1474
118615822	1474
118615923	1474
118616022	1474
118616113	1474
118616209	1474
118616306	1474
118616403	1474
118616500	1474
118616599	1474
118616707	1474
118616801	1474
118616898	1474
118616992	1474
118617088	1474
118617185	1474
119415713	1474
119415930	1474
119416044	1474
119416130	1474
119416216	1474
119416297	1474
119416385	1474
119416493	1474
119416687	1474
119416771	1474
119416860	1474
119416941	1474
119417114	1474
119417203	1474
119417288	1474
119417375	1474
119417460	1474
120215294	1474
120215508	1474
120218311	1474
120218498	1474
120218729	1474
120218838	1474
120218943	1474
120219042	1474
120219142	1474
120219242	1474
120219355	1474
120219470	1474
120219640	1474
120219743	1474
120219886	1474
120219988	1474
121015340	1474
121015565	1474
121015694	1474
121015819	1474
121015916	1474
121016012	1474
121016105	1474
121016198	1474
121016317	1474
121016412	1474
121016506	1474
121016638	1474
121016732	1474
121016826	1474
121016918	1474
121017011	1474
121815181	1474
121815336	1474
121815568	1474
121815666	1474
121815787	1474
121815879	1474
121815972	1474
121816065	1474
121816159	1474
121816252	1474
121816346	1474
121816440	1474
121816544	1474
121816640	1474
121816733	1474
121816826	1474
121816919	1474
121817011	1474
122614883	1474
122615040	1474
122615164	1474
122615256	1474
122615351	1474
122615457	1474
122615577	1474
122615752	1474
122615848	1474
122615941	1474
122616034	1474
122616127	1474
122616220	1474
122616312	1474
122616405	1474
122616513	1474
122616606	1474
122616698	1474
123414689	1474
123414898	1474
123414997	1474
123415088	1474
123415180	1474
123415277	1474
123415371	1474
123415505	1474
123415652	1474
123415747	1474
123415934	1474
123416031	1474
123416125	1474
123416223	1474
123416460	1474
123416561	1474
123416656	1474
124214677	1474
124214828	1474
124214970	1474
124215111	1474
124215367	1474
124215567	1474
124215719	1474
124215879	1474
124216023	1474
124216218	1474
124216442	1474
124216594	1474
124216950	1474
124217124	1474
124217267	1474
124217437	1474
124217578	1474
125015136	1474
125015351	1474
125015491	1474
125015655	1474
125015834	1474
125016027	1474
125016283	1474
125016504	1474
125016672	1474
125016916	1474
125017055	1474
125017214	1474
125017386	1474
125017569	1474
125017706	1474
125017843	1474
125017977	1474
125814856	1474
125815056	1474
125815192	1474
125815340	1474
125815518	1474
125815786	1474
125815978	1474
125816130	1474
125816322	1474
125816532	1474
125816671	1474
125816806	1474
125816940	1474
125817077	1474
125817211	1474
125817358	1474
125817493	1474
126614864	1474
126614988	1474
126615084	1474
126615192	1474
126615318	1474
126615460	1474
126615575	1474
126615677	1474
126615779	1474
126615879	1474
126616063	1474
126616233	1474
126616672	1474
126617072	1474
126617206	1474
126617451	1474
126617635	1474
126617749	1474
127148190	1474
127148369	1474
127148461	1474
127148591	1474
127148804	1474
127148910	1474
127149015	1474
127149186	1474
127149373	1474
127149786	1474
127150249	1474
127150433	1474
127150940	1474
127151050	1474
127151181	1474
127151281	1474
128214404	1474
128214560	1474
128214753	1474
128214939	1474
128215171	1474
128215409	1474
128215579	1474
128215805	1474
128215995	1474
128216225	1474
128216416	1474
128216641	1474
128216811	1474
128216956	1474
128217134	1474
128217271	1474
128217406	1474
128748147	1474
128748333	1474
128748454	1474
128749269	1474
128749432	1474
128749635	1474
128750768	1474
128750880	1474
128751054	1474
128751190	1474
128751314	1474
128751418	1474
128751524	1474
128751621	1474
128751722	1474
128751833	1474
129547815	1474
129548194	1474
129549121	1474
129549323	1474
129549526	1474
129549664	1474
129549847	1474
129549997	1474
129550135	1474
129550272	1474
129550408	1474
129550543	1474
129550679	1474
129550889	1474
129551075	1474
129551240	1474
129551402	1474
129551539	1474
130614359	1474
130614585	1474
130614746	1474
130614842	1474
130614950	1474
130615165	1474
130615268	1474
130615363	1474
130615527	1474
130615633	1474
130615828	1474
130615936	1474
130616366	1474
130616556	1474
130616653	1474
130616772	1474
130616864	1474
130616973	1474
131147853	1474
131148120	1474
131148321	1474
131148424	1474
131148712	1474
131148980	1474
131149081	1474
131149260	1474
131149354	1474
131149442	1474
131149534	1474
131149628	1474
131149722	1474
131149815	1474
131149913	1474
131150007	1474
131947531	1474
131947787	1474
131947900	1474
131947989	1474
131948605	1474
131948822	1474
131948936	1474
131949031	1474
131949249	1474
131949343	1474
131949440	1474
131949533	1474
131949626	1474
131949722	1474
131949814	1474
131949920	1474
131951728	1474
132747045	1474
132747318	1474
132747671	1474
132747780	1474
132747927	1474
132748026	1474
132748120	1474
132748208	1474
132748324	1474
132748416	1474
132748507	1474
132748624	1474
132748744	1474
132748853	1474
132748942	1474
132749034	1474
133551403	1474
133551498	1474
133551591	1474
133551691	1474
133551828	1474
133551927	1474
133552126	1474
133552226	1474
133552321	1474
133552418	1474
133552510	1474
133552603	1474
133552697	1474
133552805	1474
133552903	1474
133552995	1474
133553091	1474
134347894	1474
134348300	1474
134348509	1474
134348607	1474
134348713	1474
134348838	1474
134348931	1474
134349023	1474
134349118	1474
134349212	1474
134349309	1474
134349405	1474
134349502	1474
134349621	1474
134349737	1474
134349848	1474
134349941	1474
134350036	1474
135146837	1474
135147098	1474
135147200	1474
135147666	1474
135147972	1474
135148074	1474
135148817	1474
135148924	1474
135149021	1474
135149117	1474
135149212	1474
135149311	1474
135149403	1474
135149496	1474
135149591	1474
135149705	1474
135950434	1474
135950532	1474
135950644	1474
135950791	1474
135950888	1474
135950983	1474
135951077	1474
135951171	1474
135951266	1474
135951361	1474
135951457	1474
135951577	1474
135951679	1474
135951775	1474
135951901	1474
135951999	1474
135952101	1474
136747281	1474
136747782	1474
136747986	1474
136748275	1474
136748533	1474
136748697	1474
136748836	1474
136748974	1474
136749116	1474
136749259	1474
136749399	1474
136749544	1474
136749683	1474
136749824	1474
136749961	1474
136750112	1474
136750254	1474
136750391	1474
137548850	1474
137549097	1474
137549245	1474
137549386	1474
137549562	1474
137549699	1474
137549839	1474
137549979	1474
137550115	1474
137550252	1474
137550396	1474
137550574	1474
137550764	1474
137550940	1474
137551079	1474
137551216	1474
137551377	1474
137551553	1474
138350424	1474
138350582	1474
138350787	1474
138350959	1474
138351187	1474
138351418	1474
138351577	1474
138351721	1474
138351864	1474
138352002	1474
138352148	1474
138352313	1474
138352462	1474
138352601	1474
138352743	1474
138352882	1474
138353029	1474
138353166	1474
139146773	1474
139147228	1474
139147515	1474
139148904	1474
139149114	1474
139149276	1474
139149423	1474
139149568	1474
139149706	1474
139149849	1474
139149987	1474
139150130	1474
139150270	1474
139150416	1474
139150558	1474
139150748	1474
139150901	1474
139151039	1474
139946605	1474
139947359	1474
139947584	1474
139947734	1474
139948165	1474
139948364	1474
139948514	1474
139948654	1474
139948795	1474
139948938	1474
139949074	1474
139949233	1474
139949409	1474
139949551	1474
139949688	1474
139949854	1474
139949993	1474
139950131	1474
141013410	1474
141013563	1474
141013705	1474
141013848	1474
141013989	1474
141014131	1474
141014303	1474
141014465	1474
141014606	1474
141014846	1474
141014996	1474
141015139	1474
141015277	1474
141015452	1474
141015592	1474
141015735	1474
141015873	1474
141016018	1474
141813047	1474
141813381	1474
141813532	1474
141813748	1474
141813952	1474
141814149	1474
141814380	1474
141814523	1474
141814663	1474
141814879	1474
141815055	1474
141815198	1474
141815373	1474
141815520	1474
141815661	1474
141815805	1474
141815943	1474
142346106	1474
142346532	1474
142347421	1474
142347699	1474
142347848	1474
142348011	1474
142348154	1474
142348331	1474
142348472	1474
142348610	1474
142348753	1474
142348891	1474
142349030	1474
142349171	1474
142349370	1474
142349513	1474
143146130	1474
143146326	1474
143146469	1474
143146635	1474
143146908	1474
143147104	1474
143147353	1474
143147548	1474
143147709	1474
143147879	1474
143148023	1474
143148168	1474
143148298	1474
143148444	1474
143148569	1474
143148711	1474
143151164	1474
143948995	1474
143949141	1474
143949308	1474
143949526	1474
143949668	1474
143949807	1474
143949942	1474
143950077	1474
143950227	1474
143950361	1474
143950495	1474
143950629	1474
143950809	1474
143950949	1474
143951084	1474
143951230	1474
144750165	1474
144750303	1474
144750440	1474
144750577	1474
144750762	1474
144750921	1474
144751066	1474
144751203	1474
144751363	1474
144751499	1474
144751635	1474
144751770	1474
144751905	1474
144752048	1474
144752184	1474
144752318	1474
145545999	1474
145546328	1474
145547472	1474
145548203	1474
145548356	1474
145548494	1474
145548635	1474
145548779	1474
145548921	1474
145549071	1474
145549233	1474
145549374	1474
145549518	1474
145549656	1474
145549796	1474
145549935	1474
145555656	1474
146346089	1474
146346400	1474
146346735	1474
146347172	1474
146347437	1474
146347593	1474
146347732	1474
146347870	1474
146348020	1474
146348165	1474
146348305	1474
146348443	1474
146348583	1474
146348721	1474
146348863	1474
146349011	1474
146349180	1474
147145686	1474
147146237	1474
147146387	1474
147146625	1474
147146845	1474
147147108	1474
147147698	1474
147147900	1474
147148140	1474
147148282	1474
147148421	1474
147148559	1474
147148697	1474
147148836	1474
147149057	1474
147149298	1474
147149500	1474
147149640	1474
147945852	1474
147946181	1474
147946370	1474
147946745	1474
147947056	1474
147947217	1474
147947457	1474
147947584	1474
147947732	1474
147947865	1474
147947993	1474
147948116	1474
147948242	1474
147948370	1474
147948499	1474
147948622	1474
147948751	1474
148745895	1474
148746132	1474
148746374	1474
148746569	1474
148746812	1474
148747086	1474
148747227	1474
148747414	1474
148747554	1474
148747691	1474
148747852	1474
148748004	1474
148748142	1474
148748279	1474
148748415	1474
148748552	1474
148748733	1474
148748873	1474
149545501	1474
149545741	1474
149545941	1474
149546105	1474
149546330	1474
149546528	1474
149547055	1474
149547159	1474
149547366	1474
149547465	1474
149547561	1474
149547665	1474
149547783	1474
149547916	1474
149548032	1474
149548130	1474
149548225	1474
149548343	1474
150344898	1474
150345362	1474
150345462	1474
150345556	1474
150345785	1474
150346337	1474
150346442	1474
150346539	1474
150346655	1474
150347006	1474
150347102	1474
150347196	1474
150347289	1474
150347386	1474
150347472	1474
150347561	1474
150347648	1474
150347738	1474
151148766	1474
151148905	1474
151149050	1474
151149227	1474
151149418	1474
151149594	1474
151149742	1474
151149881	1474
151150016	1474
151150176	1474
151150314	1474
151150450	1474
151150585	1474
151150781	1474
151150926	1474
151151062	1474
151151199	1474
151151337	1474
151945472	1474
151946304	1474
151946505	1474
151946656	1474
151946955	1474
151947057	1474
151947154	1474
151947279	1474
151947375	1474
151947470	1474
151947566	1474
151947677	1474
151947770	1474
151947865	1474
151947988	1474
151948081	1474
151948200	1474
151948293	1474
153012482	1474
153012693	1474
153012913	1474
153013039	1474
153013639	1474
153013827	1474
153013998	1474
153014086	1474
153014176	1474
153014268	1474
153014360	1474
153014452	1474
153014588	1474
153014729	1474
153014823	1474
153014916	1474
153015009	1474
153015102	1474
153812717	1474
153813009	1474
153813105	1474
153813198	1474
153813292	1474
153813385	1474
153813595	1474
153813722	1474
153813813	1474
153813907	1474
153813998	1474
153814090	1474
153814182	1474
153814275	1474
153814369	1474
153814462	1474
153814568	1474
153814742	1474
154345357	1474
154345651	1474
154345955	1474
154346096	1474
154346255	1474
154346421	1474
154346566	1474
154346751	1474
154346915	1474
154347049	1474
154347185	1474
154347319	1474
154347453	1474
154347595	1474
154347756	1474
154347892	1474
155411491	1474
155411732	1474
155411864	1474
155412076	1474
155412353	1474
155412837	1474
155412941	1474
155413038	1474
155413249	1474
155413345	1474
155413449	1474
155413544	1474
155413639	1474
155413734	1474
155413828	1474
155413921	1474
155414016	1474
155414112	1474
156212188	1474
156212890	1474
156213446	1474
156213773	1474
156213880	1474
156213977	1474
156214081	1474
156214180	1474
156214304	1474
156214420	1474
156214535	1474
156214720	1474
156214825	1474
156214976	1474
156215083	1474
156215204	1474
156215304	1474
156215435	1474
157013111	1474
157013223	1474
157013517	1474
157013721	1474
157013830	1474
157014111	1474
157014218	1474
157014326	1474
157014451	1474
157014554	1474
157014765	1474
157014874	1474
157014976	1474
157015075	1474
157015174	1474
157015288	1474
157015383	1474
157015489	1474
157811290	1474
157811407	1474
157811508	1474
157811631	1474
157811852	1474
157811984	1474
157812488	1474
157812731	1474
157812836	1474
157812992	1474
157813095	1474
157813194	1474
157813335	1474
157813434	1474
157813533	1474
157813633	1474
157813732	1474
157813830	1474
158346344	1474
158346463	1474
158346563	1474
158346740	1474
158346872	1474
158346970	1474
158347111	1474
158347234	1474
158347364	1474
158347464	1474
158347597	1474
158347715	1474
158347844	1474
158348103	1474
158348210	1474
158348342	1474
159411161	1474
159411405	1474
159411506	1474
159411621	1474
159411735	1474
159411839	1474
159412034	1474
159412147	1474
159412769	1474
159412926	1474
159413057	1474
159413159	1474
159413258	1474
159413373	1474
159413463	1474
159413558	1474
159413691	1474
160211155	1474
160211332	1474
160211567	1474
160211698	1474
160212417	1474
160212526	1474
160212616	1474
160212742	1474
160212842	1474
160212958	1474
160213116	1474
160213221	1474
160213357	1474
160213472	1474
160213570	1474
160213670	1474
160213793	1474
160213896	1474
160744504	1474
160744623	1474
160744895	1474
160744999	1474
160745121	1474
160745248	1474
160745349	1474
160745469	1474
160745568	1474
160745678	1474
160745801	1474
160745901	1474
160746006	1474
160746143	1474
160746244	1474
160746345	1474
161544650	1474
161544771	1474
161544951	1474
161545061	1474
161545167	1474
161545284	1474
161545411	1474
161545549	1474
161545664	1474
161545764	1474
161545867	1474
161545965	1474
161546064	1474
161546177	1474
162347039	1474
162347140	1474
162347243	1474
162347339	1474
162347450	1474
162347574	1474
162347701	1474
162347811	1474
162347914	1474
162348020	1474
162348138	1474
162348284	1474
162348381	1474
162348494	1474
162348620	1474
162348744	1474
162348855	1474
163143770	1474
163143889	1474
163144019	1474
163144132	1474
163144231	1474
163144392	1474
163144517	1474
163144616	1474
163144731	1474
163144857	1474
163145041	1474
163145151	1474
163145250	1474
163145362	1474
163145486	1474
163145587	1474
163944120	1474
163944237	1474
163944328	1474
163944425	1474
163944543	1474
163944642	1474
163944744	1474
163944840	1474
163944983	1474
163945105	1474
163945226	1474
163945327	1474
163945428	1474
163945529	1474
163945627	1474
163945741	1474
163945838	1474
163945943	1474
164744056	1474
164744175	1474
164744265	1474
164744400	1474
164744494	1474
164744588	1474
164744679	1474
164744779	1474
164744894	1474
164745021	1474
164745122	1474
164745250	1474
164745353	1474
164745454	1474
164745571	1474
164745695	1474
164745795	1474
164745904	1474
165544515	1474
165544770	1474
165544892	1474
165545030	1474
165545128	1474
165545246	1474
165545346	1474
165545441	1474
165545554	1474
165545686	1474
165545783	1474
165545912	1474
165546012	1474
165546127	1474
165546229	1474
165546325	1474
165546420	1474
166359128	1474
166359232	1474
166359336	1474
166359456	1474
166359559	1474
166359659	1474
166359757	1474
166359878	1474
166359977	1474
166360090	1474
166360190	1474
166360290	1474
166360413	1474
166360515	1474
166360616	1474
166360732	1474
166360846	1474
166360959	1474
167143874	1474
167143987	1474
167144090	1474
167144189	1474
167144291	1474
167144403	1474
167144519	1474
167144616	1474
167144751	1474
167144878	1474
167144980	1474
167145081	1474
167145177	1474
167145276	1474
167145373	1474
167145498	1474
167944022	1474
167944258	1474
167944368	1474
167944487	1474
167944610	1474
167944716	1474
167944817	1474
167944914	1474
167945012	1474
167945111	1474
167945210	1474
167945309	1474
167945408	1474
167945505	1474
167945601	1474
167945712	1474
167945812	1474
168743294	1474
168743496	1474
168743763	1474
168743857	1474
168743983	1474
168744106	1474
168744328	1474
168744437	1474
168744531	1474
168744632	1474
168744735	1474
168744850	1474
168744948	1474
168745045	1474
168745143	1474
168745249	1474
168745347	1474
168745444	1474
169543382	1474
169543638	1474
169543763	1474
169543878	1474
169543985	1474
169544099	1474
169544198	1474
169544310	1474
169544416	1474
169544513	1474
169544660	1474
169544771	1474
169544869	1474
169544976	1474
169545082	1474
169545178	1474
169545279	1474
169545376	1474
170343752	1474
170344033	1474
170344138	1474
170344245	1474
170344345	1474
170344453	1474
170344565	1474
170344664	1474
170344765	1474
170344862	1474
170344960	1474
170345055	1474
170345147	1474
170345245	1474
170345362	1474
170345458	1474
170345568	1474
170345668	1474
171143605	1474
171143908	1474
171144087	1474
171144197	1474
171144329	1474
171144486	1474
171144617	1474
171144829	1474
171144926	1474
171145049	1474
171145155	1474
171145250	1474
171145361	1474
171145477	1474
171145601	1474
171145699	1474
171945931	1474
171946230	1474
171946333	1474
171946547	1474
171946786	1474
171946901	1474
171947015	1474
171947112	1474
171947211	1474
171947323	1474
171947438	1474
171947538	1474
171947628	1474
171947729	1474
171947828	1474
171947928	1474
171948052	1474
172742551	1474
172742891	1474
172743021	1474
172743119	1474
172743229	1474
172743480	1474
172743585	1474
172743684	1474
172743876	1474
172743998	1474
172744116	1474
172744244	1474
172744365	1474
172744467	1474
172744591	1474
172744689	1474
172744791	1474
173543068	1474
173543308	1474
173543497	1474
173543673	1474
173543914	1474
173544101	1474
173544251	1474
173544390	1474
173544527	1474
173544691	1474
173544831	1474
173544967	1474
173545105	1474
173545256	1474
173545421	1474
173545563	1474
173545702	1474
174342996	1474
174343146	1474
174343357	1474
174343479	1474
174343634	1474
174343888	1474
174343980	1474
174344080	1474
174344178	1474
174344298	1474
174344416	1474
174344513	1474
174344620	1474
174344727	1474
174344823	1474
174344928	1474
174345024	1474
175142561	1474
175142823	1474
175142928	1474
175143027	1474
175143141	1474
175143285	1474
175143558	1474
175143661	1474
175143751	1474
175143845	1474
175143961	1474
175144057	1474
175144158	1474
175144268	1474
175144393	1474
175144507	1474
175144604	1474
175675862	1474
175676233	1474
175676341	1474
175677115	1474
175677237	1474
175677445	1474
175677542	1474
175677638	1474
175677754	1474
175677850	1474
175677963	1474
175678077	1474
175678202	1474
175678301	1474
175678398	1474
175678498	1474
175678626	1474
176743106	1474
176743326	1474
176743428	1474
176743526	1474
176743642	1474
176743779	1474
176743904	1474
176744023	1474
176744146	1474
176744243	1474
176744358	1474
176744466	1474
176744558	1474
176744651	1474
176744745	1474
176744852	1474
176744949	1474
176745082	1474
177543276	1474
177543524	1474
177543628	1474
177543718	1474
177543819	1474
177543943	1474
177544206	1474
177544319	1474
177544443	1474
177544538	1474
177544632	1474
177544752	1474
177544848	1474
177544946	1474
177545063	1474
177545162	1474
177545258	1474
178075645	1474
178075878	1474
178076402	1474
178076502	1474
178076706	1474
178076810	1474
178076919	1474
178077329	1474
178077423	1474
178077607	1474
178077703	1474
178077795	1474
178077888	1474
178077997	1474
178078091	1474
178078188	1474
178875512	1474
178875761	1474
178875861	1474
178875996	1474
178876097	1474
178876193	1474
178876290	1474
178876388	1474
178876586	1474
178876691	1474
178876788	1474
178877117	1474
178877343	1474
178877442	1474
178877539	1474
178877636	1474
178877733	1474
179675582	1474
179675807	1474
179675923	1474
179676661	1474
179676906	1474
179677010	1474
179677303	1474
179677435	1474
179677533	1474
179677726	1474
179677827	1474
179677936	1474
179678029	1474
179678122	1474
179678216	1474
179678311	1474
179678406	1474
180475914	1474
180476124	1474
180476298	1474
180476771	1474
180476886	1474
180477113	1474
180477239	1474
180477337	1474
180477433	1474
180477529	1474
180477649	1474
180477746	1474
180477879	1474
180477975	1474
180478070	1474
180478168	1474
181276284	1474
181276580	1474
181276693	1474
181277065	1474
181277268	1474
181277369	1474
181277466	1474
181277562	1474
181277657	1474
181277753	1474
181277862	1474
181277958	1474
181278052	1474
181278150	1474
181278246	1474
181278339	1474
181278434	1474
182075594	1474
182075823	1474
182075929	1474
182076061	1474
182076586	1474
182076817	1474
182076918	1474
182077017	1474
182077111	1474
182077207	1474
182077464	1474
182077567	1474
182077664	1474
182077848	1474
182077975	1474
182078073	1474
182078172	1474
182875607	1474
182875913	1474
182876545	1474
182876755	1474
182876858	1474
182876954	1474
182877101	1474
182877198	1474
182877294	1474
182877388	1474
182877620	1474
182877736	1474
182877836	1474
182877935	1474
182878028	1474
182878126	1474
182878221	1474
183675372	1474
183675642	1474
183675759	1474
183675884	1474
183675981	1474
183676080	1474
183676214	1474
183676322	1474
183676531	1474
183676721	1474
183677560	1474
183677677	1474
183677858	1474
183677956	1474
183678055	1474
183678150	1474
183678245	1474
183678340	1474
184475254	1474
184475408	1474
184475500	1474
184475593	1474
184475723	1474
184475849	1474
184475951	1474
184476139	1474
184476311	1474
184477606	1474
184477721	1474
184477928	1474
184478029	1474
184478142	1474
184478260	1474
184478359	1474
184478484	1474
185275316	1474
185275587	1474
185276085	1474
185276789	1474
185277059	1474
185277301	1474
185277951	1474
185278146	1474
185278249	1474
185278374	1474
185278472	1474
185278594	1474
185278808	1474
185278969	1474
185279092	1474
185279191	1474
185279283	1474
186075021	1474
186075299	1474
186075414	1474
186075510	1474
186075654	1474
186075755	1474
186075980	1474
186076182	1474
186076423	1474
186077602	1474
186077711	1474
186077914	1474
186078045	1474
186078140	1474
186078236	1474
186078367	1474
186078477	1474
186875017	1474
186875243	1474
186875374	1474
186875558	1474
186875661	1474
186876654	1474
186876910	1474
186877017	1474
186877667	1474
186877773	1474
186878022	1474
186878115	1474
186878234	1474
186878337	1474
186878486	1474
186878599	1474
186878768	1474
187674634	1474
187674896	1474
187675068	1474
187676230	1474
187676435	1474
187676571	1474
187676695	1474
187676807	1474
187676932	1474
187677139	1474
187677245	1474
187677918	1474
187678027	1474
187678248	1474
187678397	1474
187678511	1474
187678634	1474
187678790	1474
188474698	1474
188474883	1474
188475130	1474
188475233	1474
188476125	1474
188476363	1474
188476569	1474
188476668	1474
188477191	1474
188477511	1474
188477765	1474
188477895	1474
188477994	1474
188478101	1474
188478202	1474
188478318	1474
188478436	1474
188478545	1474
189274762	1474
189275047	1474
189275454	1474
189275857	1474
189276162	1474
189276263	1474
189276380	1474
189276513	1474
189276730	1474
189276851	1474
189276950	1474
189277726	1474
189277954	1474
189278070	1474
189278214	1474
189278312	1474
189278448	1474
190076109	1474
190076366	1474
190077153	1474
190077310	1474
190077431	1474
190077936	1474
190078029	1474
190078145	1474
190078262	1474
190078398	1474
190078509	1474
190078702	1474
190078809	1474
190078930	1474
190079045	1474
190079141	1474
190079418	1474
190079546	1474
190874632	1474
190874920	1474
190875198	1474
190875721	1474
190875908	1474
190876013	1474
190876118	1474
190876243	1474
190876465	1474
190876565	1474
190877380	1474
190877604	1474
190877703	1474
190877829	1474
190877942	1474
190878040	1474
190878138	1474
190878253	1474
191674941	1474
191676118	1474
191676525	1474
191676734	1474
191677424	1474
191677641	1474
191677814	1474
191677955	1474
191678097	1474
191678243	1474
191678387	1474
191678525	1474
191678665	1474
191678899	1474
191679048	1474
191679198	1474
191679338	1474
191679479	1474
192474302	1474
192474831	1474
192475144	1474
192475345	1474
192475586	1474
192475759	1474
192475979	1474
192476533	1474
192476764	1474
192476943	1474
192477179	1474
192477323	1474
192477463	1474
192477600	1474
192477740	1474
192477880	1474
192478019	1474
193273823	1474
193274995	1474
193275240	1474
193275501	1474
193275817	1474
193276003	1474
193276836	1474
193276975	1474
193277109	1474
193277237	1474
193277361	1474
193277482	1474
193277608	1474
193277732	1474
193277859	1474
193277980	1474
193278138	1474
194074066	1474
194074335	1474
194074530	1474
194074823	1474
194075545	1474
194075810	1474
194076244	1474
194076431	1474
194076580	1474
194076719	1474
194076860	1474
194077008	1474
194077146	1474
194077288	1474
194077427	1474
194077589	1474
194077731	1474
194879269	1474
194879432	1474
194879599	1474
194879743	1474
194879916	1474
194880143	1474
194880382	1474
194880530	1474
194880674	1474
194880818	1474
194880967	1474
194881132	1474
194881274	1474
194881415	1474
194881583	1474
194881721	1474
194881864	1474
194882045	1474
195677775	1474
195677921	1474
195678057	1474
195678192	1474
195678328	1474
195678462	1474
195678599	1474
195678787	1474
195678935	1474
195679097	1474
195679233	1474
195679369	1474
195679505	1474
195679642	1474
195679817	1474
195680023	1474
195680177	1474
195680318	1474
196474280	1474
196474845	1474
196475037	1474
196475134	1474
196475227	1474
196475322	1474
196475442	1474
196475614	1474
196475720	1474
196476162	1474
196476257	1474
196476350	1474
196476531	1474
196476629	1474
196476723	1474
196476818	1474
196476911	1474
196477012	1474
197540953	1474
197541175	1474
197541275	1474
197541366	1474
197541457	1474
197541548	1474
197541641	1474
197541758	1474
197541848	1474
197541953	1474
197542048	1474
197542141	1474
197542233	1474
197542326	1474
197542418	1474
197542510	1474
197542656	1474
197542759	1474
198340137	1474
198340298	1474
198340395	1474
198340515	1474
198340606	1474
198340699	1474
198340793	1474
198340903	1474
198340998	1474
198341091	1474
198341186	1474
198341280	1474
198341375	1474
198341468	1474
198341564	1474
198341657	1474
198341776	1474
198341911	1474
199139799	1474
199140099	1474
199140253	1474
199140456	1474
199140627	1474
199140779	1474
199140898	1474
199141019	1474
199141175	1474
199141318	1474
199141457	1474
199141598	1474
199141746	1474
199141910	1474
199142077	1474
199142209	1474
199142345	1474
199142510	1474
199939905	1474
199940089	1474
199940302	1474
199940447	1474
199940584	1474
199940730	1474
199940870	1474
199941006	1474
199941162	1474
199941306	1474
199941446	1474
199941586	1474
199941756	1474
199941931	1474
199942122	1474
199942263	1474
199942400	1474
200740623	1474
200740743	1474
200740866	1474
200740995	1474
200741104	1474
200741342	1474
200741448	1474
200741559	1474
200741687	1474
200741789	1474
200741904	1474
200742023	1474
200742121	1474
200742237	1474
200742351	1474
200742475	1474
200742575	1474
201544448	1474
201544589	1474
201544774	1474
201544895	1474
201545209	1474
201545461	1474
201545592	1474
201545833	1474
201545984	1474
201546134	1474
201546460	1474
201546577	1474
201547411	1474
201547583	1474
201547881	1474
201548112	1474
201548484	1474
201548696	1474
202339927	1474
202340161	1474
202340269	1474
202340378	1474
202340494	1474
202340598	1474
202340702	1474
202340796	1474
202340916	1474
202341020	1474
202341156	1474
202341287	1474
202341380	1474
202341475	1474
202341623	1474
202341727	1474
202341883	1474
202341980	1474
203140375	1474
203140574	1474
203140739	1474
203140920	1474
203141139	1474
203141376	1474
203141526	1474
203141691	1474
203141832	1474
203141971	1474
203142107	1474
203142246	1474
203142383	1474
203142527	1474
203142666	1474
203142853	1474
203143119	1474
203143315	1474
203939522	1474
203939882	1474
203940684	1474
203941012	1474
203941160	1474
203941329	1474
203941660	1474
203941804	1474
203941945	1474
203942085	1474
203942222	1474
203942361	1474
203942505	1474
203942645	1474
203942844	1474
203943006	1474
203943154	1474
203943294	1474
204739241	1474
204739589	1474
204739810	1474
204739938	1474
204740040	1474
204740345	1474
204740463	1474
204740561	1474
204740661	1474
204740759	1474
204740898	1474
204741000	1474
204741205	1474
204741309	1474
204741409	1474
204741954	1474
204742151	1474
205540263	1474
205540497	1474
205540611	1474
205540728	1474
205540827	1474
205540924	1474
205541042	1474
205541239	1474
205541382	1474
205542025	1474
205542132	1474
205542280	1474
205542399	1474
205542494	1474
205542640	1474
205542790	1474
205542879	1474
206339602	1474
206339858	1474
206340291	1474
206340401	1474
206340639	1474
206340775	1474
206341053	1474
206341290	1474
206341989	1474
206342096	1474
206342315	1474
206342473	1474
206342582	1474
206342832	1474
206342938	1474
206343063	1474
206345127	1474
207139163	1474
207139387	1474
207139490	1474
207140213	1474
207140322	1474
207140451	1474
207140563	1474
207140661	1474
207140799	1474
207140895	1474
207141022	1474
207141228	1474
207141712	1474
207141818	1474
207142025	1474
207142144	1474
207939335	1474
207939597	1474
207939725	1474
207939844	1474
207939940	1474
207940030	1474
207940133	1474
207940242	1474
207940370	1474
207940473	1474
207940573	1474
207940675	1474
207940908	1474
207941011	1474
207941466	1474
207941619	1474
207941723	1474
207941838	1474
208739428	1474
208739545	1474
208739787	1474
208739892	1474
208739994	1474
208740305	1474
208740534	1474
208740628	1474
208741161	1474
208741396	1474
208741497	1474
208741586	1474
208741728	1474
208741830	1474
208741942	1474
208742062	1474
208742163	1474
209541700	1474
209541799	1474
209541896	1474
209542034	1474
209542175	1474
209542514	1474
209542645	1474
209542818	1474
209543111	1474
209543221	1474
209543336	1474
209543438	1474
209543539	1474
209543651	1474
209543747	1474
209543865	1474
209543977	1474
209544071	1474
210339101	1474
210339362	1474
210339481	1474
210339597	1474
210339696	1474
210339801	1474
210339898	1474
210340022	1474
210340122	1474
210340372	1474
210340483	1474
210341007	1474
210341113	1474
210341359	1474
210341469	1474
210341590	1474
210341689	1474
210341789	1474
211143455	1474
211143583	1474
211143708	1474
211143831	1474
211144048	1474
211144219	1474
211144368	1474
211144505	1474
211144645	1474
211144811	1474
211144957	1474
211145123	1474
211145259	1474
211145395	1474
211145532	1474
211145698	1474
211145833	1474
211938992	1474
211939252	1474
211939354	1474
211939473	1474
211939588	1474
211939827	1474
211939947	1474
211940517	1474
211940705	1474
211940835	1474
211940946	1474
211941649	1474
211941877	1474
211941978	1474
211942084	1474
211942366	1474
211942496	1474
211942607	1474
212739232	1474
212739561	1474
212739728	1474
212739824	1474
212739940	1474
212740065	1474
212740333	1474
212740498	1474
212741122	1474
212741220	1474
212741316	1474
212741413	1474
212741534	1474
212741630	1474
212741727	1474
212741823	1474
212741934	1474
213539194	1474
213539482	1474
213539598	1474
213539694	1474
213539791	1474
213539886	1474
213539992	1474
213540092	1474
213540203	1474
213540298	1474
213540405	1474
213540522	1474
213540634	1474
213540729	1474
213540824	1474
213540927	1474
213541036	1474
213541132	1474
214338683	1474
214339059	1474
214339320	1474
214339427	1474
214340222	1474
214340327	1474
214340453	1474
214340631	1474
214340727	1474
214340818	1474
214340928	1474
214341026	1474
214341137	1474
214341255	1474
214341366	1474
214341489	1474
214341578	1474
215138208	1474
215138323	1474
215138418	1474
215138510	1474
215138601	1474
215138767	1474
215139023	1474
215139136	1474
215139230	1474
215139421	1474
215139524	1474
215140118	1474
215140229	1474
215140453	1474
215140557	1474
215140905	1474
215938434	1474
215938629	1474
215939041	1474
215939908	1474
215940528	1474
215940767	1474
215940914	1474
215941052	1474
215941187	1474
215941324	1474
215941460	1474
215941597	1474
215941742	1474
215941883	1474
215942020	1474
215942161	1474
215945116	1474
216738455	1474
216738573	1474
216738737	1474
216738837	1474
216738935	1474
216739036	1474
216739177	1474
216739281	1474
216739408	1474
216739510	1474
216739701	1474
216740099	1474
216740337	1474
216740455	1474
216740548	1474
216740649	1474
216740749	1474
217538370	1474
217538486	1474
217538660	1474
217538781	1474
217538875	1474
217538998	1474
217539096	1474
217539288	1474
217539391	1474
217539496	1474
217540057	1474
217540227	1474
217540322	1474
217540420	1474
217540516	1474
217540616	1474
217540720	1474
217540818	1474
218337826	1474
218337943	1474
218338062	1474
218338155	1474
218338253	1474
218338352	1474
218338477	1474
218338621	1474
218338924	1474
218339382	1474
218339532	1474
218339639	1474
218339750	1474
218339861	1474
218339989	1474
218340112	1474
219137981	1474
219138215	1474
219138317	1474
219138417	1474
219138518	1474
219138828	1474
219138986	1474
219139638	1474
219139746	1474
219139956	1474
219140068	1474
219140184	1474
219140280	1474
219140377	1474
219140473	1474
219140572	1474
219140687	1474
219140786	1474
219937380	1474
219937493	1474
219937810	1474
219937938	1474
219938247	1474
219938445	1474
219938565	1474
219939132	1474
219939335	1474
219939462	1474
219939568	1474
219939668	1474
219939766	1474
219939865	1474
219939998	1474
219940132	1474
219940333	1474
220738166	1474
220738455	1474
220740319	1474
220740521	1474
220740688	1474
220740797	1474
220741415	1474
220741644	1474
220741752	1474
220741859	1474
220742011	1474
220742151	1474
220742261	1474
220742359	1474
220742477	1474
220742615	1474
220742824	1474
220742936	1474
221537690	1474
221537919	1474
221538824	1474
221539168	1474
221539273	1474
221539382	1474
221539562	1474
221539687	1474
221539813	1474
221539911	1474
221540013	1474
221540115	1474
221540213	1474
221540310	1474
221540428	1474
221540540	1474
221540654	1474
221540777	1474
222341712	1474
222341810	1474
222341906	1474
222341997	1474
222342093	1474
222342287	1474
222342420	1474
222342518	1474
222342645	1474
222342745	1474
222342946	1474
222343051	1474
222343149	1474
222343242	1474
222343337	1474
222343441	1474
222343537	1474
223137525	1474
223137778	1474
223137901	1474
223138095	1474
223138622	1474
223138866	1474
223138965	1474
223139125	1474
223139227	1474
223139323	1474
223139431	1474
223139527	1474
223139623	1474
223139718	1474
223139814	1474
223139908	1474
223140004	1474
223937563	1474
223937810	1474
223937918	1474
223938037	1474
223938145	1474
223938244	1474
223938380	1474
223938513	1474
223938805	1474
223940189	1474
223940390	1474
223940489	1474
223940590	1474
223940721	1474
223941041	1474
223941148	1474
223941243	1474
223941354	1474
224737324	1474
224737566	1474
224737679	1474
224737793	1474
224737925	1474
224738205	1474
224738371	1474
224738483	1474
224739086	1474
224739333	1474
224739432	1474
224739546	1474
224739703	1474
224739805	1474
224739924	1474
224740021	1474
224740121	1474
224740217	1474
225536898	1474
225537223	1474
225537326	1474
225537444	1474
225537557	1474
225537689	1474
225538000	1474
225538110	1474
225538938	1474
225539123	1474
225539327	1474
225539432	1474
225539556	1474
225539666	1474
225539765	1474
225539880	1474
225539979	1474
225540070	1474
226336869	1474
226337200	1474
226337301	1474
226337516	1474
226337622	1474
226337823	1474
226338076	1474
226338207	1474
226338802	1474
226338912	1474
226339213	1474
226339337	1474
226339434	1474
226339551	1474
226339674	1474
226339774	1474
226339870	1474
226339980	1474
227137171	1474
227137398	1474
227137599	1474
227137703	1474
227138227	1474
227138524	1474
227138689	1474
227138816	1474
227138920	1474
227139022	1474
227139138	1474
227139255	1474
227139377	1474
227139472	1474
227139566	1474
227139661	1474
227139758	1474
228205298	1474
228205520	1474
228205632	1474
228205726	1474
228205821	1474
228205915	1474
228206006	1474
228206113	1474
228206203	1474
228206296	1474
228206386	1474
228206483	1474
228206599	1474
228206743	1474
228206838	1474
228206933	1474
228207028	1474
228207132	1474
229003398	1474
229003778	1474
229004886	1474
229005189	1474
229005300	1474
229005426	1474
229005528	1474
229005654	1474
229005753	1474
229005848	1474
229005950	1474
229006064	1474
229006163	1474
229006264	1474
229006363	1474
229006499	1474
229006602	1474
229006748	1474
229804345	1474
229804798	1474
229804996	1474
229805098	1474
229805206	1474
229805326	1474
229805581	1474
229805688	1474
229805789	1474
229805888	1474
229806001	1474
229806103	1474
229806203	1474
229806302	1474
229806403	1474
229806548	1474
229806752	1474
229806883	1474
230604171	1474
230604513	1474
230605465	1474
230605573	1474
230605669	1474
230605770	1474
230605868	1474
230605980	1474
230606088	1474
230606202	1474
230606319	1474
230606418	1474
230606517	1474
230606662	1474
230606817	1474
230606924	1474
230607047	1474
230607163	1474
231404055	1474
231405310	1474
231405463	1474
231405607	1474
231405864	1474
231406068	1474
231406326	1474
231406470	1474
231406737	1474
231406958	1474
231407129	1474
231407264	1474
231407403	1474
231407540	1474
231407678	1474
231407836	1474
231413446	1474
232203602	1474
232203886	1474
232204040	1474
232204161	1474
232204261	1474
232204362	1474
232204471	1474
232204583	1474
232204677	1474
232204775	1474
232204910	1474
232205008	1474
232205123	1474
232205218	1474
232205308	1474
232205404	1474
233005651	1474
233005787	1474
233005889	1474
233006022	1474
233006142	1474
233006242	1474
233006340	1474
233006459	1474
233006558	1474
233006727	1474
233006840	1474
233006961	1474
233007060	1474
233007175	1474
233007293	1474
233007392	1474
233007509	1474
233803617	1474
233803895	1474
233804008	1474
233804700	1474
233804809	1474
233805006	1474
233805118	1474
233805219	1474
233805316	1474
233805434	1474
233805532	1474
233805623	1474
233805747	1474
233805845	1474
233805965	1474
233806088	1474
233806186	1474
233806299	1474
234603197	1474
234603503	1474
234603606	1474
234603723	1474
234603819	1474
234603916	1474
234604008	1474
234604101	1474
234604198	1474
234604296	1474
234604390	1474
234604486	1474
234604583	1474
234604690	1474
234604786	1474
234604881	1474
234604976	1474
234605072	1474
235402709	1474
235402956	1474
235403050	1474
235403142	1474
235403234	1474
235403326	1474
235403419	1474
235403508	1474
235403620	1474
235403720	1474
235403841	1474
235403939	1474
235404059	1474
235404180	1474
235404277	1474
235404479	1474
236202933	1474
236203175	1474
236203271	1474
236203454	1474
236203551	1474
236203646	1474
236203739	1474
236203835	1474
236203930	1474
236204026	1474
236204120	1474
236204215	1474
236204307	1474
236204399	1474
236204509	1474
236204599	1474
236204694	1474
237002741	1474
237002944	1474
237003045	1474
237003143	1474
237003241	1474
237003340	1474
237003478	1474
237003577	1474
237003672	1474
237003767	1474
237003864	1474
237003984	1474
237004079	1474
237004177	1474
237004272	1474
237004366	1474
237004479	1474
237004575	1474
237802599	1474
237802774	1474
237802888	1474
237802984	1474
237803113	1474
237803216	1474
237803317	1474
237803498	1474
237803597	1474
237803695	1474
237803793	1474
237803886	1474
237803982	1474
237804079	1474
237804178	1474
237804289	1474
237804473	1474
238602268	1474
238602511	1474
238602618	1474
238602736	1474
238602818	1474
238602922	1474
238603011	1474
238603112	1474
238603208	1474
238603292	1474
238603377	1474
238603485	1474
238603587	1474
238603672	1474
238603756	1474
238603853	1474
238603954	1474
238604040	1474
239402377	1474
239402567	1474
239402707	1474
239402823	1474
239402928	1474
239403033	1474
239403326	1474
239403427	1474
239403522	1474
239403614	1474
239403709	1474
239403802	1474
239403893	1474
239403986	1474
239404078	1474
239404171	1474
239404275	1474
239404368	1474
240203243	1474
240203411	1474
240203509	1474
240203627	1474
240203719	1474
240203835	1474
240203928	1474
240204021	1474
240204108	1474
240204282	1474
240204375	1474
240204469	1474
240204561	1474
240204652	1474
240204743	1474
240204835	1474
240204926	1474
240205018	1474
241002339	1474
241002448	1474
241002746	1474
241002877	1474
241002987	1474
241003119	1474
241003274	1474
241003372	1474
241003471	1474
241003570	1474
241003675	1474
241003770	1474
241003881	1474
241003992	1474
241004085	1474
241004190	1474
241004280	1474
241802220	1474
241802421	1474
241802534	1474
241803606	1474
241803849	1474
241803956	1474
241804061	1474
241804157	1474
241804265	1474
241804361	1474
241804473	1474
241804577	1474
241804673	1474
241804772	1474
241804868	1474
241804968	1474
241805068	1474
241805168	1474
242601995	1474
242602117	1474
242602323	1474
242602477	1474
242602581	1474
242603204	1474
242603349	1474
242603461	1474
242603578	1474
242603675	1474
242603766	1474
242603854	1474
242603957	1474
242604052	1474
242604157	1474
242604268	1474
242604361	1474
242604488	1474
243402448	1474
243402622	1474
243402749	1474
243402839	1474
243402936	1474
243403027	1474
243403116	1474
243403203	1474
243403296	1474
243403383	1474
243403469	1474
243403561	1474
243403652	1474
243403762	1474
243403873	1474
243403976	1474
243404069	1474
243404196	1474
244201991	1474
244202232	1474
244202861	1474
244203111	1474
244203448	1474
244203593	1474
244203760	1474
244203939	1474
244204079	1474
244204217	1474
244204355	1474
244204520	1474
244204659	1474
244204797	1474
244204943	1474
244205084	1474
244208021	1474
245001602	1474
245001844	1474
245001972	1474
245002984	1474
245003121	1474
245003232	1474
245003331	1474
245003429	1474
245003551	1474
245003677	1474
245003863	1474
245003964	1474
245004064	1474
245004177	1474
245004298	1474
245802210	1474
245802582	1474
245802750	1474
245802863	1474
245802970	1474
245803109	1474
245803400	1474
245803510	1474
245803768	1474
245803886	1474
245803985	1474
245804101	1474
245804199	1474
245804312	1474
245804433	1474
245804536	1474
245806755	1474
246602037	1474
246602289	1474
246602393	1474
246603188	1474
246603296	1474
246603386	1474
246603491	1474
246603593	1474
246603689	1474
246603822	1474
246603936	1474
246604047	1474
246604144	1474
246604266	1474
246604355	1474
246604500	1474
246604623	1474
247401866	1474
247402008	1474
247402127	1474
247402364	1474
247402470	1474
247402595	1474
247402808	1474
247403175	1474
247403283	1474
247403990	1474
247404089	1474
247404190	1474
247404289	1474
247404410	1474
247404527	1474
247404651	1474
247404794	1474
247404911	1474
248201732	1474
248201946	1474
248202103	1474
248202198	1474
248202294	1474
248202393	1474
248202490	1474
248202606	1474
248202758	1474
248202865	1474
248202961	1474
248203066	1474
248203172	1474
248203269	1474
248203366	1474
248203461	1474
248203561	1474
248203688	1474
249001189	1474
249001429	1474
249002536	1474
249002780	1474
249003036	1474
249003204	1474
249003313	1474
249003410	1474
249003517	1474
249003621	1474
249003838	1474
249003950	1474
249004050	1474
249004135	1474
249004223	1474
249004329	1474
249004417	1474
249004526	1474
249801506	1474
249801646	1474
249801893	1474
249801993	1474
249802093	1474
249802198	1474
249802321	1474
249802423	1474
249802520	1474
249802685	1474
249802804	1474
249802934	1474
249803033	1474
249803131	1474
249803234	1474
249803332	1474
249803443	1474
250601335	1474
250601594	1474
250601698	1474
250602685	1474
250602799	1474
250602914	1474
250603010	1474
250603118	1474
250603264	1474
250603379	1474
250603516	1474
250603630	1474
250603729	1474
250603824	1474
250603962	1474
250604077	1474
250604172	1474
250604285	1474
251401435	1474
251401694	1474
251402794	1474
251403026	1474
251403157	1474
251403418	1474
251403527	1474
251403796	1474
251403902	1474
251404014	1474
251404125	1474
251404222	1474
251404328	1474
251404437	1474
251404608	1474
251404696	1474
252201493	1474
252201643	1474
252201738	1474
252202157	1474
252202259	1474
252202353	1474
252202492	1474
252202664	1474
252202797	1474
252202897	1474
252203023	1474
252203140	1474
252203240	1474
252203353	1474
252203482	1474
252203581	1474
252203682	1474
253000942	1474
253001139	1474
253001455	1474
253001573	1474
253001845	1474
253001951	1474
253002050	1474
253002146	1474
253002252	1474
253002343	1474
253002445	1474
253002535	1474
253002845	1474
253002949	1474
253003033	1474
253003129	1474
253003228	1474
253801211	1474
253801377	1474
253801731	1474
253801855	1474
253802118	1474
253802223	1474
253802325	1474
253802422	1474
253802543	1474
253802669	1474
253802866	1474
253802994	1474
253803136	1474
253803235	1474
253803350	1474
253803459	1474
253803562	1474
254600944	1474
254601154	1474
254601317	1474
254601650	1474
254601743	1474
254601891	1474
254601991	1474
254602103	1474
254602203	1474
254602344	1474
254602441	1474
254602543	1474
254602703	1474
254602808	1474
254602933	1474
254603034	1474
254603128	1474
254603229	1474
255403529	1474
255403678	1474
255403815	1474
255404049	1474
255404261	1474
255404434	1474
255404598	1474
255404737	1474
255404879	1474
255405017	1474
255405160	1474
255405343	1474
255405483	1474
255405625	1474
255405763	1474
255405904	1474
255406069	1474
255406214	1474
256200750	1474
256201066	1474
256201180	1474
256201312	1474
256201408	1474
256201501	1474
256201599	1474
256201718	1474
256201813	1474
256201927	1474
256202038	1474
256202152	1474
256202270	1474
256202369	1474
256202470	1474
256202570	1474
256202727	1474
256202858	1474
257000390	1474
257000844	1474
257000943	1474
257001059	1474
257001176	1474
257001274	1474
257001371	1474
257001469	1474
257001570	1474
257001668	1474
257001770	1474
257001870	1474
257001969	1474
257002076	1474
257002190	1474
257002291	1474
257805985	1474
257806149	1474
257806370	1474
257806501	1474
257806963	1474
257807079	1474
257807245	1474
257807392	1474
257807549	1474
257807650	1474
257807765	1474
257807863	1474
257807987	1474
257808094	1474
257808194	1474
257808294	1474
257808396	1474
257808497	1474
258600403	1474
258600640	1474
258600904	1474
258600997	1474
258601125	1474
258601290	1474
258601599	1474
258601688	1474
258601804	1474
258601918	1474
258602018	1474
258602121	1474
258602238	1474
258602340	1474
258602455	1474
258602558	1474
258602669	1474
259401257	1474
259401579	1474
259401735	1474
259401946	1474
259402067	1474
259402361	1474
259402475	1474
259402629	1474
259402808	1474
259402931	1474
259403061	1474
259403174	1474
259403299	1474
259403424	1474
259403534	1474
259403640	1474
259403742	1474
259404155	1474
260200332	1474
260200840	1474
260200936	1474
260201064	1474
260201166	1474
260201273	1474
260201388	1474
260201489	1474
260201589	1474
260201684	1474
260201809	1474
260201914	1474
260202039	1474
260202144	1474
260202258	1474
260202358	1474
260202458	1474
260202579	1474
261000374	1474
261000526	1474
261000857	1474
261000995	1474
261001089	1474
261001194	1474
261001297	1474
261001396	1474
261001494	1474
261001592	1474
261001692	1474
261001812	1474
261001911	1474
261002026	1474
261002140	1474
261002267	1474
261002368	1474
261801172	1474
261801351	1474
261801492	1474
261801593	1474
261801710	1474
261801833	1474
261802065	1474
261802171	1474
261802756	1474
261802864	1474
261803091	1474
261803216	1474
261803308	1474
261803423	1474
261803522	1474
261803637	1474
261803758	1474
261803935	1474
262600206	1474
262600613	1474
262600721	1474
262600833	1474
262600964	1474
262601221	1474
262601326	1474
262601416	1474
262601513	1474
262601663	1474
262601790	1474
262601898	1474
262601990	1474
262602102	1474
262602200	1474
262602319	1474
262602416	1474
263400102	1474
263400333	1474
263400795	1474
263400910	1474
263401020	1474
263401184	1474
263401436	1474
263401524	1474
263401619	1474
263401717	1474
263401864	1474
263401988	1474
263402110	1474
263402204	1474
263402317	1474
263402423	1474
263402519	1474
263402640	1474
264200034	1474
264200267	1474
264200466	1474
264200614	1474
264200710	1474
264200833	1474
264200934	1474
264201033	1474
264201128	1474
264201238	1474
264201338	1474
264201455	1474
264201563	1474
264201681	1474
264201782	1474
264201923	1474
264202033	1474
264202130	1474
265269670	1474
265269771	1474
265269870	1474
265269971	1474
265270089	1474
265270337	1474
265270443	1474
265270602	1474
265270701	1474
265270927	1474
265271047	1474
265271157	1474
265271273	1474
265271374	1474
265271498	1474
265271604	1474
265271704	1474
265271803	1474
266068740	1474
266068859	1474
266068959	1474
266069076	1474
266069176	1474
266069274	1474
266069374	1474
266069472	1474
266069579	1474
266069681	1474
266069783	1474
266069897	1474
266069997	1474
266070107	1474
266070204	1474
266070333	1474
266070434	1474
266070568	1474
266600448	1474
266600701	1474
266601082	1474
266601228	1474
266601362	1474
266601498	1474
266601639	1474
266601776	1474
266601910	1474
266602048	1474
266602186	1474
266602323	1474
266602455	1474
266602600	1474
266602794	1474
266602942	1474
267666105	1474
267666982	1474
267667412	1474
267667588	1474
267667732	1474
267667936	1474
267668081	1474
267668219	1474
267668361	1474
267668495	1474
267668646	1474
267668810	1474
267668947	1474
267669084	1474
267669221	1474
267669359	1474
267669498	1474
267669647	1474
268467276	1474
268469225	1474
268469547	1474
268469693	1474
268469834	1474
268469972	1474
268470110	1474
268470248	1474
268470386	1474
268470534	1474
268470673	1474
268470861	1474
268471010	1474
268471148	1474
268471285	1474
268471423	1474
268471603	1474
268471738	1474
268999944	1474
269000219	1474
269000524	1474
269000692	1474
269000832	1474
269000970	1474
269001110	1474
269001247	1474
269001395	1474
269001531	1474
269001714	1474
269001881	1474
269002019	1474
269002157	1474
269002295	1474
269002446	1474
270068926	1474
270069066	1474
270069204	1474
270069347	1474
270069485	1474
270069624	1474
270069763	1474
270069928	1474
270070065	1474
270070228	1474
270070378	1474
270070516	1474
270070653	1474
270070836	1474
270070985	1474
270071126	1474
270071264	1474
270071415	1474
270865395	1474
270866238	1474
270866454	1474
270867438	1474
270867663	1474
270867935	1474
270868077	1474
270868270	1474
270868414	1474
270868553	1474
270868692	1474
270868832	1474
270868971	1474
270869109	1474
270869248	1474
270869400	1474
270869539	1474
271666338	1474
271666552	1474
271666667	1474
271667715	1474
271667863	1474
271667966	1474
271668068	1474
271668182	1474
271668291	1474
271668400	1474
271668528	1474
271668622	1474
271668721	1474
271668823	1474
271668936	1474
271669035	1474
271669134	1474
271669232	1474
272465336	1474
272465587	1474
272465867	1474
272465972	1474
272466385	1474
272466551	1474
272466752	1474
272466876	1474
272467090	1474
272467407	1474
272467542	1474
272467645	1474
272467785	1474
272467903	1474
272468001	1474
272468102	1474
272468214	1474
272468315	1474
273265609	1474
273265809	1474
273266140	1474
273266273	1474
273266411	1474
273266519	1474
273266648	1474
273266839	1474
273266980	1474
273267108	1474
273267210	1474
273267306	1474
273267429	1474
273267522	1474
273267623	1474
273267734	1474
273267832	1474
273267943	1474
273798459	1474
273798752	1474
273799060	1474
273799216	1474
273799354	1474
273799494	1474
273799634	1474
273799773	1474
273799910	1474
273800050	1474
273800204	1474
273800340	1474
273800477	1474
273800617	1474
273800755	1474
273800898	1474
274598663	1474
274599186	1474
274599336	1474
274599557	1474
274599756	1474
274600080	1474
274600253	1474
274600499	1474
274600638	1474
274600776	1474
274600913	1474
274601062	1474
274601203	1474
274601341	1474
274601482	1474
274601648	1474
274601785	1474
275398236	1474
275398466	1474
275398919	1474
275399047	1474
275399167	1474
275399419	1474
275399526	1474
275399641	1474
275399899	1474
275400094	1474
275400208	1474
275400305	1474
275400497	1474
275400619	1474
275400720	1474
275400839	1474
275400974	1474
276199186	1474
276199408	1474
276199514	1474
276199820	1474
276199919	1474
276200036	1474
276200149	1474
276200249	1474
276200420	1474
276200543	1474
276200642	1474
276200758	1474
276200881	1474
276201019	1474
276201108	1474
276201242	1474
276998289	1474
276998519	1474
276998812	1474
276998930	1474
276999028	1474
276999130	1474
276999227	1474
276999356	1474
276999468	1474
276999567	1474
276999682	1474
276999796	1474
276999900	1474
277000014	1474
277000126	1474
277000224	1474
277000323	1474
277798202	1474
277798437	1474
277798647	1474
277798888	1474
277799055	1474
277799193	1474
277799330	1474
277799468	1474
277799602	1474
277799740	1474
277799884	1474
277800024	1474
277800162	1474
277800301	1474
277800439	1474
277800576	1474
277800714	1474
277800859	1474
278865061	1474
278865319	1474
278865473	1474
278865629	1474
278865821	1474
278866047	1474
278866299	1474
278866440	1474
278866604	1474
278866806	1474
278866977	1474
278867123	1474
278867262	1474
278867396	1474
278867559	1474
278867694	1474
278867846	1474
278867980	1474
279397981	1474
279398395	1474
279398498	1474
279398677	1474
279398791	1474
279398891	1474
279399002	1474
279399135	1474
279399236	1474
279399333	1474
279399431	1474
279399529	1474
279399702	1474
279399816	1474
279399916	1474
279400016	1474
279400114	1474
280464754	1474
280464872	1474
280465147	1474
280465252	1474
280465519	1474
280465666	1474
280465760	1474
280465874	1474
280465975	1474
280466077	1474
280466177	1474
280466276	1474
280466391	1474
280466491	1474
280466590	1474
280466716	1474
280466889	1474
280467019	1474
281264689	1474
281264906	1474
281265001	1474
281265098	1474
281265193	1474
281265283	1474
281265378	1474
281265475	1474
281265567	1474
281265666	1474
281265787	1474
281265885	1474
281265981	1474
281266075	1474
281266168	1474
281266262	1474
281266359	1474
281266453	1474
282064395	1474
282064545	1474
282064699	1474
282064840	1474
282065002	1474
282065143	1474
282065288	1474
282065426	1474
282065573	1474
282065712	1474
282065853	1474
282065990	1474
282066133	1474
282066274	1474
282066452	1474
282066770	1474
282067046	1474
282865783	1474
282865938	1474
282866079	1474
282866220	1474
282866395	1474
282866618	1474
282866882	1474
282867096	1474
282867260	1474
282867401	1474
282867553	1474
282867691	1474
282867874	1474
282868016	1474
282868155	1474
282868317	1474
282868460	1474
283664953	1474
283665168	1474
283665267	1474
283665366	1474
283665462	1474
283665639	1474
283665733	1474
283665830	1474
283665928	1474
283666032	1474
283666128	1474
283666226	1474
283666320	1474
283666417	1474
283666519	1474
283666662	1474
283666782	1474
284464144	1474
284464263	1474
284464358	1474
284464488	1474
284464588	1474
284464683	1474
284464776	1474
284464873	1474
284464993	1474
284465090	1474
284465184	1474
284465279	1474
284465376	1474
284465596	1474
284465708	1474
284465807	1474
284465904	1474
284466038	1474
284997227	1474
284998135	1474
284998510	1474
284999151	1474
284999399	1474
284999597	1474
284999793	1474
284999926	1474
285000076	1474
285000208	1474
285000333	1474
285000473	1474
285000596	1474
285000720	1474
285000843	1474
285000968	1474
285798179	1474
285798444	1474
285799426	1474
285799774	1474
285800199	1474
285800521	1474
285800688	1474
285800916	1474
285801061	1474
285801196	1474
285801345	1474
285801483	1474
285801621	1474
285801765	1474
285801929	1474
285802067	1474
285802246	1474
286864498	1474
286864658	1474
286864796	1474
286864936	1474
286865074	1474
286865214	1474
286865356	1474
286865512	1474
286865661	1474
286865805	1474
286865942	1474
286866083	1474
286866223	1474
286866366	1474
286866511	1474
286866649	1474
286866847	1474
286866990	1474
287397565	1474
287398145	1474
287398364	1474
287398639	1474
287398893	1474
287399147	1474
287400226	1474
287400479	1474
287400628	1474
287400780	1474
287400919	1474
287401059	1474
287401225	1474
287401369	1474
287401553	1474
287401799	1474
287401941	1474
288198324	1474
288198554	1474
288198750	1474
288198881	1474
288199082	1474
288199291	1474
288200139	1474
288200313	1474
288200444	1474
288200570	1474
288200699	1474
288200822	1474
288200959	1474
288201090	1474
288201213	1474
288201363	1474
288998701	1474
288999001	1474
288999154	1474
288999300	1474
288999487	1474
288999744	1474
289000389	1474
289000764	1474
289000904	1474
289001031	1474
289001155	1474
289001277	1474
289001404	1474
289001541	1474
289001665	1474
289001790	1474
289001938	1474
289798477	1474
289798803	1474
289799607	1474
289799831	1474
289800140	1474
289800249	1474
289800695	1474
289800807	1474
289801006	1474
289801104	1474
289801198	1474
289801292	1474
289801434	1474
289801532	1474
289801673	1474
289801805	1474
289801963	1474
289802069	1474
290599415	1474
290599642	1474
290599866	1474
290599978	1474
290600128	1474
290600393	1474
290600950	1474
290601135	1474
290603072	1474
290603195	1474
290603320	1474
290603494	1474
290603733	1474
290603833	1474
290603982	1474
290604081	1474
290604190	1474
290604313	1474
291399563	1474
291399917	1474
291403119	1474
291403479	1474
291403761	1474
291404367	1474
291405141	1474
291405242	1474
291405361	1474
291405480	1474
291405662	1474
291405793	1474
291405906	1474
291406003	1474
291406201	1474
291406303	1474
292199765	1474
292201213	1474
292201377	1474
292202654	1474
292202929	1474
292203347	1474
292204142	1474
292204246	1474
292204358	1474
292204479	1474
292204601	1474
292204692	1474
292204814	1474
292204988	1474
292205083	1474
292205181	1474
292211685	1474
293004834	1474
293004937	1474
293005112	1474
293005299	1474
293005427	1474
293005658	1474
293005750	1474
293005873	1474
293006052	1474
293006164	1474
293006302	1474
293006443	1474
293006546	1474
293006662	1474
293006807	1474
293006908	1474
293013654	1474
293800655	1474
293800932	1474
293802164	1474
293802428	1474
293803137	1474
293803397	1474
293804426	1474
293804591	1474
293804687	1474
293804804	1474
293804902	1474
293805000	1474
293805096	1474
293805195	1474
293805294	1474
293805393	1474
293805490	1474
294607410	1474
294607511	1474
294607620	1474
294607743	1474
294607850	1474
294608051	1474
294608275	1474
294608400	1474
294608506	1474
294608607	1474
294608705	1474
294608807	1474
294608914	1474
294609015	1474
294609114	1474
294609215	1474
294609314	1474
295401608	1474
295402999	1474
295403116	1474
295403234	1474
295403428	1474
295403527	1474
295403644	1474
295403750	1474
295403843	1474
295403938	1474
295404030	1474
295404128	1474
295404271	1474
295404380	1474
295404496	1474
295404601	1474
295404739	1474
295404840	1474
296201058	1474
296201205	1474
296201430	1474
296201561	1474
296201730	1474
296201859	1474
296202095	1474
296202593	1474
296202907	1474
296203269	1474
296203374	1474
296203470	1474
296203585	1474
296203693	1474
296203803	1474
296203912	1474
296204009	1474
296204126	1474
297002499	1474
297002793	1474
297003879	1474
297004091	1474
297004217	1474
297004341	1474
297004466	1474
297004564	1474
297004685	1474
297004797	1474
297004904	1474
297005037	1474
297005142	1474
297005246	1474
297005348	1474
297005452	1474
297005556	1474
297005660	1474
297802951	1474
297803231	1474
297803508	1474
297803858	1474
297804261	1474
297804547	1474
297804640	1474
297804759	1474
297804857	1474
297804967	1474
297805075	1474
297805170	1474
297805291	1474
297805406	1474
297805504	1474
297805614	1474
297805755	1474
297805853	1474
298868800	1474
298868925	1474
298869015	1474
298869105	1474
298869195	1474
298869302	1474
298869519	1474
298869613	1474
298869735	1474
298869838	1474
298869939	1474
298870050	1474
298870145	1474
298870235	1474
298870346	1474
298870607	1474
298871259	1474
298871370	1474
299669415	1474
299669530	1474
299669651	1474
299669745	1474
299669903	1474
299669999	1474
299670102	1474
299670197	1474
299670296	1474
299670395	1474
299670713	1474
299670830	1474
299671076	1474
299671176	1474
299671274	1474
299671370	1474
299671489	1474
299671582	1474
300469613	1474
300469777	1474
300469879	1474
300469973	1474
300470062	1474
300470154	1474
300470248	1474
300470341	1474
300470441	1474
300470536	1474
300470763	1474
300470868	1474
300471071	1474
300471174	1474
300471450	1474
300471552	1474
300471714	1474
301271562	1474
301271723	1474
301271880	1474
301272017	1474
301272155	1474
301272292	1474
301272432	1474
301272580	1474
301272721	1474
301272873	1474
301273048	1474
301273189	1474
301273329	1474
301273468	1474
301273607	1474
301273747	1474
301273897	1474
301274037	1474
302070322	1474
302070441	1474
302070548	1474
302070711	1474
302070817	1474
302070927	1474
302071046	1474
302071186	1474
302071476	1474
302071581	1474
302071677	1474
302071812	1474
302071909	1474
302072006	1474
302072103	1474
302072194	1474
302603671	1474
302603977	1474
302604104	1474
302604680	1474
302604912	1474
302605059	1474
302605165	1474
302605297	1474
302605396	1474
302605533	1474
302605653	1474
302605774	1474
302605873	1474
302605983	1474
302606084	1474
302606181	1474
303403991	1474
303404487	1474
303404703	1474
303404863	1474
303404978	1474
303405198	1474
303405302	1474
303405416	1474
303405540	1474
303405650	1474
303405746	1474
303405920	1474
303406059	1474
303406174	1474
303406272	1474
303406370	1474
303406467	1474
303406594	1474
304472847	1474
304472947	1474
304473060	1474
304473159	1474
304473266	1474
304473386	1474
304473484	1474
304473624	1474
304473721	1474
304473839	1474
304473936	1474
304474034	1474
304474133	1474
304474229	1474
304474340	1474
304474439	1474
304474536	1474
304474679	1474
305271444	1474
305271565	1474
305271685	1474
305272010	1474
305272450	1474
305272618	1474
305272736	1474
305272861	1474
305272952	1474
305273054	1474
305273154	1474
305273254	1474
305273352	1474
305273452	1474
305273548	1474
305273657	1474
305273781	1474
305273898	1474
306076631	1474
306076780	1474
306076967	1474
306077171	1474
306077343	1474
306077488	1474
306077633	1474
306077773	1474
306077940	1474
306078082	1474
306078252	1474
306078393	1474
306078538	1474
306078679	1474
306078870	1474
306079034	1474
306079181	1474
306875945	1474
306876046	1474
306876159	1474
306876256	1474
306876368	1474
306876467	1474
306876578	1474
306876677	1474
306876774	1474
306876879	1474
306876978	1474
306877075	1474
306877198	1474
306877297	1474
306877409	1474
306877553	1474
306877650	1474
306877746	1474
307406403	1474
307406561	1474
307406741	1474
307406865	1474
307406983	1474
307407074	1474
307407233	1474
307407337	1474
307407432	1474
307407521	1474
307407631	1474
307407737	1474
307407850	1474
307407947	1474
307408051	1474
307408155	1474
308205344	1474
308205576	1474
308205835	1474
308205953	1474
308206053	1474
308206164	1474
308206258	1474
308206353	1474
308206452	1474
308206576	1474
308206751	1474
308206864	1474
308206984	1474
308207088	1474
308207181	1474
308207279	1474
309006050	1474
309006317	1474
309006603	1474
309006752	1474
309006863	1474
309006976	1474
309007227	1474
309007343	1474
309007451	1474
309007729	1474
309007822	1474
309007930	1474
309008026	1474
309008132	1474
309008223	1474
309008333	1474
309008446	1474
309807030	1474
309807222	1474
309807318	1474
309807414	1474
309807510	1474
309807630	1474
309807730	1474
309807826	1474
309807936	1474
309808061	1474
309808175	1474
309808290	1474
309808387	1474
309808503	1474
309808636	1474
309808755	1474
309808852	1474
310607972	1474
310608532	1474
310608720	1474
310608931	1474
310609108	1474
310609251	1474
310609389	1474
310609528	1474
310609671	1474
310609810	1474
310609959	1474
310610127	1474
310610268	1474
310610410	1474
310610550	1474
310610696	1474
310610939	1474
311409361	1474
311409561	1474
311409700	1474
311409842	1474
311409981	1474
311410120	1474
311410269	1474
311410408	1474
311410547	1474
311410760	1474
311410906	1474
311411045	1474
311411206	1474
311411366	1474
311411507	1474
311411646	1474
311411786	1474
311412004	1474
312208072	1474
312208276	1474
312208419	1474
312208646	1474
312208812	1474
312208957	1474
312209097	1474
312209236	1474
312209380	1474
312209524	1474
312209746	1474
312209887	1474
312210029	1474
312210167	1474
312210308	1474
312210445	1474
312210594	1474
313007930	1474
313008096	1474
313008195	1474
313008306	1474
313008405	1474
313008504	1474
313008625	1474
313008732	1474
313008845	1474
313008943	1474
313009054	1474
313009155	1474
313009251	1474
313009349	1474
313009445	1474
313009544	1474
313009640	1474
313009738	1474
