11459421	58
11620433	54
11747004	1474
11747348	1474
11748353	1474
11748598	1474
11749457	1474
11749683	1474
11749797	1474
11750123	1474
11750250	1474
11751265	587
11877599	1474
11878052	1474
11878282	1474
11878721	1474
11878859	1474
11879444	1474
11879725	1474
11880294	1474
11880723	1474
11885610	1474
11885818	1474
11886158	1474
11886368	1474
11886604	1474
11886984	446
12032573	1474
12032750	82
12033745	1474
12034029	1474
12034248	1474
12034520	1474
12034717	1474
12034930	1474
12035160	1474
12035383	1474
12035585	1474
12035794	1474
12036021	1474
12036212	1474
12036399	1474
12036592	1474
12036765	1474
12036956	474
12161991	1474
12162349	1474
12162647	1474
12162913	138
12163236	1474
12163504	1474
12163641	1474
12262570	1474
12262775	1474
12262879	1474
12262982	1474
12263149	1474
12263480	1474
12263679	222
12263884	1474
12264136	82
12264270	1474
12264493	1474
12264627	110
12264922	1474
12265125	1474
12265340	110
12265699	1474
13560798	1474
13569418	1474
13569786	1474
13584692	1474
13584905	1474
13585151	1474
13585600	1474
13612695	1474
13612906	1474
13613164	1474
13613738	1474
13614128	1474
13614423	1474
13614879	1474
13615472	1474
13645146	1474
13645515	1474
13645914	1474
13646292	1474
13646505	1474
13646973	196
13647179	1474
13647392	194
13647871	1474
13648353	1474
13648718	1474
13649002	1474
13649522	1474
13649934	1474
13650147	1474
13650465	1474
13650705	1474
13650973	1474
13651257	1474
13672506	1474
13672841	1474
13673216	1474
13673499	1474
13673875	1474
13674234	1474
13674653	1474
13685826	1474
13686285	1474
13686809	1474
13687205	1474
13687545	1474
13688010	1474
13688368	1474
13688572	1474
13697569	1474
13697770	1474
13698075	1474
13698183	1474
13698368	1474
13698595	1474
13698816	1474
13699423	1474
13699808	1474
13712633	1474
13713098	1474
13713367	1474
13713475	1474
13713576	1474
13714047	1474
13714254	1474
13714629	1474
13730981	1474
13731381	1474
13731639	1474
13731757	1474
13731884	1474
13731990	1474
13732403	1474
13732702	1474
13733105	1474
13733460	1474
13749320	1474
13749451	1474
13749805	1474
13749933	1474
13750049	1474
13750167	1474
13750574	1474
13750765	1474
13751211	1474
13751389	1474
13763305	1474
13763734	1474
13763967	1474
13764071	1474
13764409	1474
13764642	1474
13765194	1474
13765408	1474
13765666	1474
13765771	1474
13778815	1474
13779015	1474
13779971	1474
13780173	1474
13780305	1474
13780404	1474
13780507	1474
13780605	1474
13780719	846
13809956	1474
13810062	82
13876500	1474
13876616	1474
13876840	1474
13876941	1474
13877051	1474
13877163	1474
13877709	1474
13877910	1474
13878026	1474
13878165	1474
13878278	1474
13878372	362
13932523	1474
13932827	1474
13932943	110
14005925	1474
14006038	1474
14006132	1474
14006261	1474
14006361	1474
14006474	1474
14006824	1474
14006955	1474
14007065	1474
14007408	1474
14007520	1474
14007622	1474
14007718	390
14063562	1474
14063890	1474
14064468	1474
14064694	1474
14065127	166
15559842	1474
15565118	1474
15565515	1474
15574948	1474
15575158	1474
15575455	1474
15575868	1474
15590422	1474
15590883	1474
15591256	1474
15591451	1474
15591930	1474
15592123	1474
15592545	1474
15609390	1474
15609682	1474
15609877	1474
15610084	1474
15610256	1474
15610450	1474
15610831	1474
15610946	1474
15621784	1474
15622120	1474
15655423	1474
15655526	1474
15655723	1474
15655910	1474
15656009	1474
15656116	1474
15656213	1474
15656333	1474
15699433	1474
15699571	1474
15699740	1474
15699935	1474
15700155	1474
15700309	1474
15700499	1474
15700813	1474
15751748	1474
15751965	1474
15752266	1474
15752551	1474
15752825	1474
15753020	1474
15753204	1474
15753343	1474
15757825	1474
15758116	1474
15792027	1474
15792269	1474
15792366	1474
15792466	1474
15792562	1474
15792658	1474
15792778	1474
15792875	1474
15832405	1474
15832609	1474
15832712	1474
15832823	1474
15832921	1474
15833025	1474
15833127	1474
15833227	1474
15833451	1474
15872655	1474
15872752	1474
15872849	1474
15872946	1474
15873052	1474
15873150	1474
15873246	1474
15873341	1474
15873436	1474
15913713	1474
15913817	1474
15913911	1474
15914014	1474
15914170	1474
15914266	1474
15914363	1474
15914457	1474
15914575	1474
15956756	1474
15956878	1474
15956987	1474
15957209	1474
15957308	1474
15957407	1474
15957502	1474
15957598	1474
15957695	1474
15996340	1474
16550376	1474
16550727	1474
16550818	1474
16550912	1474
16551024	1474
16551120	1474
16551209	1474
16551301	1474
16551393	1474
16622326	1474
16622533	1474
16622749	1474
16622941	1474
16623054	1474
16623152	1474
16623272	1474
16623367	1474
16623463	1474
17350108	1474
17350265	1474
17350384	1474
17350478	1474
17350592	1474
17350734	1474
17350831	1474
17350951	1474
17351174	1474
17392818	1474
17392920	1474
17393017	1474
17393107	1474
17393199	1474
17393316	1474
17393405	1474
17393497	1474
17393614	1474
18151689	1474
18151782	1474
18151883	1474
18151976	1474
18152070	1474
18152189	1474
18152279	1474
18152372	1474
18152467	1474
18191672	1474
18191914	1474
18192008	1474
18192103	1474
18192203	1474
18192298	1474
18192391	1474
18192483	1474
18192575	1474
18949953	1474
18950153	1474
18950248	1474
18950363	1474
18950454	1474
18950569	1474
18950722	1474
18950812	1474
18950909	1474
18951004	1474
18991694	1474
18991966	1474
18992061	1474
18992157	1474
19750183	1474
19750466	1474
19750557	1474
19750680	1474
19750782	1474
19750889	1474
19751118	1474
19751219	1474
19751311	1474
19751699	1474
19800119	1474
19800332	1474
19800453	1474
19800543	1474
19800635	1474
19800727	1474
19800852	1474
19800946	1474
20549534	1474
20549648	1474
20549830	1474
20549927	1474
20550022	1474
20550114	1474
20550207	1474
20550299	1474
20550392	1474
20550486	1474
20596373	1474
20596467	1474
20596562	1474
20596654	1474
20596783	1474
20596880	1474
20596975	1474
20597069	1474
21085374	1474
21085470	1474
21085563	1474
21085659	1474
21085767	1474
21085861	1474
21085955	1474
21086050	1474
21086144	1474
21086263	1474
21123372	1474
21123482	1474
21123576	1474
21123671	1474
22150800	1474
22150948	1474
22151040	1474
22151257	1474
22151359	1474
22151455	1474
22151879	1474
22151975	1474
22152070	1474
22152164	1474
22195062	1474
22195245	1474
22195344	1474
22195439	1474
22195532	1474
22195641	1474
22195739	1474
22195832	1474
22195926	1474
22196018	1474
22952571	1474
22952717	1474
22952820	1474
22952955	1474
22953047	1474
22953144	1474
22953380	1474
22953482	1474
22953884	1474
22954046	1474
22954144	1474
22995600	1474
22995747	1474
22995844	1474
22995940	1474
23484528	1474
23484628	1474
23484722	1474
23484844	1474
23484962	1474
23485056	1474
23485149	1474
23485245	1474
23485340	1474
23485435	1474
23485536	1474
23526209	1474
23526441	1474
23526577	1474
23526709	1474
23526809	1474
23526904	1474
23526997	1474
23527090	1474
23527189	1474
24284477	1474
24284585	1474
24284680	1474
24284792	1474
24284928	1474
24285131	1474
24285230	1474
24285323	1474
24285553	1474
24285861	1474
24285964	1474
24286062	1474
24327388	1474
24327486	1474
25082689	1474
25082927	1474
25083029	1474
25083130	1474
25083273	1474
25083372	1474
25083567	1474
25083692	1474
25083909	1474
25084007	1474
25084104	1474
25086671	1474
25126737	1474
25126839	1474
25126935	1474
25127032	1474
25127124	1474
25127308	1474
25127406	1474
25127506	1474
25884204	1474
25884311	1474
25884407	1474
25884519	1474
25884615	1474
25884710	1474
25884807	1474
25884902	1474
25884999	1474
25885099	1474
25885314	1474
25922893	1474
25923015	1474
25923112	1474
25923247	1474
26951019	1474
26951260	1474
26951363	1474
26951479	1474
26951570	1474
26951663	1474
26951755	1474
26951852	1474
26951946	1474
26952044	1474
26952178	1474
26952272	1474
26998861	1474
26999005	1474
26999127	1474
26999222	1474
26999363	1474
26999472	1474
26999564	1474
26999658	1474
26999752	1474
27749071	1474
27749223	1474
27749315	1474
27749471	1474
27749568	1474
27749662	1474
27749756	1474
27749850	1474
27749944	1474
27750038	1474
27750133	1474
27750235	1474
27794634	1474
27794833	1474
28548961	1474
28549111	1474
28549233	1474
28549365	1474
28549479	1474
28549591	1474
28549690	1474
28549789	1474
28549908	1474
28550008	1474
28550136	1474
28550231	1474
28596845	1474
28596997	1474
28597098	1474
28597203	1474
28597322	1474
28597442	1474
28597539	1474
28597670	1474
28597791	1474
29348970	1474
29349215	1474
29349406	1474
29349503	1474
29349631	1474
29349740	1474
29349882	1474
29350097	1474
29350565	1474
29350781	1474
29350885	1474
29351017	1474
29391096	1474
29391192	1474
30150647	1474
30150799	1474
30150898	1474
30151028	1474
30151126	1474
30151256	1474
30151374	1474
30151514	1474
30151658	1474
30151757	1474
30151854	1474
30151972	1474
30190317	1474
30190467	1474
30190616	1474
30190831	1474
30190920	1474
30191018	1474
30191135	1474
30191249	1474
30948870	1474
30949024	1474
30949154	1474
30949267	1474
30949423	1474
30949525	1474
30949638	1474
30949738	1474
30949843	1474
30949968	1474
30950094	1474
30950210	1474
30990309	1474
30990461	1474
31483295	1474
31483505	1474
31483681	1474
31483817	1474
31483979	1474
31484149	1474
31484289	1474
31484425	1474
31484562	1474
31484788	1474
31484982	1474
31485666	1474
31485885	1474
31523418	1474
31523638	1474
31524236	1474
32282105	1474
32282372	1474
32282758	1474
32282978	1474
32283201	1474
32283345	1474
32283484	1474
32283623	1474
32283761	1474
32283898	1474
32284057	1474
32284197	1474
32284422	1474
32284613	1474
32322079	1474
32322228	1474
32322367	1474
33348071	1474
33348277	1474
33348449	1474
33348703	1474
33348843	1474
33348992	1474
33349135	1474
33349273	1474
33349408	1474
33349544	1474
33349680	1474
33349842	1474
33349992	1474
33390183	1474
33390412	1474
33390738	1474
33390880	1474
33391031	1474
33391166	1474
33391302	1474
33391436	1474
33391571	1474
34148714	1474
34148906	1474
34149121	1474
34149287	1474
34149481	1474
34149720	1474
34149864	1474
34150046	1474
34150227	1474
34150368	1474
34150507	1474
34150647	1474
34150855	1474
34151017	1474
34189854	1474
34948183	1474
34948334	1474
34948445	1474
34948548	1474
34948642	1474
34948738	1474
34948832	1474
34948939	1474
34949032	1474
34949126	1474
34949221	1474
34949318	1474
34949411	1474
34989819	1474
34990131	1474
34990230	1474
34990321	1474
34990422	1474
34990518	1474
34990636	1474
34990773	1474
35747979	1474
35748269	1474
35748370	1474
35748469	1474
35748563	1474
35748659	1474
35748753	1474
35748866	1474
35748963	1474
35749061	1474
35749154	1474
35749250	1474
35749372	1474
35792014	1474
35792162	1474
36547813	1474
36548118	1474
36548218	1474
36548320	1474
36548414	1474
36548511	1474
36548605	1474
36548698	1474
36548800	1474
36548897	1474
36548990	1474
36549083	1474
36549180	1474
36549271	1474
36589727	1474
36589980	1474
36590082	1474
37347781	1474
37348032	1474
37348169	1474
37348288	1474
37348415	1474
37348531	1474
37348628	1474
37348741	1474
37348837	1474
37348956	1474
37349053	1474
37349165	1474
37349264	1474
37349379	1474
37393821	1474
37394094	1474
37394210	1474
38147796	1474
38148119	1474
38148213	1474
38148335	1474
38148436	1474
38148547	1474
38148699	1474
38148804	1474
38148908	1474
38149028	1474
38149128	1474
38149226	1474
38149333	1474
38149453	1474
38197394	1474
38197979	1474
38198109	1474
38198206	1474
38198320	1474
38198442	1474
38198543	1474
38198728	1474
38948070	1474
38948223	1474
38948315	1474
38948512	1474
38948624	1474
38948742	1474
38948855	1474
38948951	1474
38949065	1474
38949196	1474
38949315	1474
38949412	1474
38949524	1474
38949668	1474
38989710	1474
39747735	1474
39748018	1474
39748117	1474
39748241	1474
39748374	1474
39748496	1474
39748647	1474
39748741	1474
39748858	1474
39748953	1474
39749051	1474
39749167	1474
39749263	1474
39749373	1474
39793749	1474
39794069	1474
39794209	1474
40548096	1474
40548585	1474
40548691	1474
40548803	1474
40548901	1474
40549024	1474
40549148	1474
40549266	1474
40549387	1474
40549515	1474
40549631	1474
40549728	1474
40549840	1474
40549937	1474
40589444	1474
40589765	1474
40589951	1474
40590056	1474
40590156	1474
40590255	1474
40590355	1474
40590452	1474
41348254	1474
41348404	1474
41348679	1474
41348772	1474
41348881	1474
41349226	1474
41349330	1474
41349426	1474
41349604	1474
41349694	1474
41349802	1474
41349925	1474
41350022	1474
41350140	1474
42416860	1474
42416957	1474
42417050	1474
42417145	1474
42417247	1474
42417456	1474
42417557	1474
42417660	1474
42417754	1474
42417848	1474
42418030	1474
42418127	1474
42418220	1474
42418313	1474
42418413	1474
42418533	1474
42461574	1474
42947516	1474
42947664	1474
42947755	1474
42947879	1474
42947986	1474
42948083	1474
42948177	1474
42948271	1474
42948368	1474
42948485	1474
42948577	1474
42948672	1474
42948769	1474
42948864	1474
42948952	1474
42996986	1474
42997158	1474
44016187	1474
44016293	1474
44016391	1474
44016488	1474
44016650	1474
44016758	1474
44016954	1474
44017057	1474
44017153	1474
44017248	1474
44017358	1474
44017538	1474
44017636	1474
44017732	1474
44017828	1474
44017949	1474
44057327	1474
44057574	1474
44817055	1474
44817180	1474
44817293	1474
44817429	1474
44817532	1474
44817812	1474
44817943	1474
44818057	1474
44818289	1474
44818385	1474
44818509	1474
44818611	1474
44818744	1474
44818849	1474
44819007	1474
44821321	1474
44856688	1474
45346711	1474
45346913	1474
45347101	1474
45347371	1474
45347514	1474
45347653	1474
45347792	1474
45347956	1474
45348096	1474
45348240	1474
45348379	1474
45348516	1474
45348654	1474
45348791	1474
45348952	1474
45388655	1474
46147494	1474
46148372	1474
46148588	1474
46149159	1474
46149308	1474
46149447	1474
46149587	1474
46149847	1474
46150057	1474
46150534	1474
46150766	1474
46150990	1474
46151132	1474
46151328	1474
46151473	1474
46153689	1474
46188871	1474
46189082	1474
46952503	1474
46952607	1474
46952706	1474
46952803	1474
46952903	1474
46953012	1474
46953335	1474
46953441	1474
46953560	1474
46953801	1474
46953905	1474
46954002	1474
46954118	1474
46954233	1474
46954331	1474
46954456	1474
46956663	1474
47746755	1474
47747018	1474
47747214	1474
47747331	1474
47747432	1474
47747555	1474
47747830	1474
47747937	1474
47748504	1474
47748708	1474
47748813	1474
47748916	1474
47749015	1474
47749124	1474
47749259	1474
47749373	1474
48548702	1474
48548844	1474
48548980	1474
48549162	1474
48549363	1474
48549651	1474
48550000	1474
48550160	1474
48550315	1474
48550662	1474
48551038	1474
48551210	1474
48551374	1474
48551510	1474
48551666	1474
48551805	1474
48554198	1474
49349448	1474
49349655	1474
49349813	1474
49350126	1474
49350324	1474
49350501	1474
49350703	1474
49350851	1474
49350998	1474
49351156	1474
49351293	1474
49351429	1474
49351585	1474
49351722	1474
49351857	1474
49352000	1474
49357258	1474
49388273	1474
50154711	1474
50154900	1474
50155169	1474
50155365	1474
50155553	1474
50155724	1474
50155884	1474
50156137	1474
50156278	1474
50156413	1474
50156548	1474
50156687	1474
50156825	1474
50156968	1474
50157104	1474
50157241	1474
50163950	1474
50946424	1474
50946752	1474
50946847	1474
50946966	1474
50947079	1474
50947179	1474
50947275	1474
50947373	1474
50947474	1474
50947744	1474
50947850	1474
50948435	1474
50948542	1474
50948650	1474
50948750	1474
50948849	1474
50987842	1474
51749686	1474
51750320	1474
51750537	1474
51750680	1474
51750789	1474
51751037	1474
51751143	1474
51751252	1474
51751352	1474
51751450	1474
51751694	1474
51751818	1474
51751921	1474
51752022	1474
51752146	1474
51752247	1474
51757245	1474
51792609	1474
52549127	1474
52549367	1474
52549474	1474
52549797	1474
52550000	1474
52550104	1474
52550281	1474
52550383	1474
52550479	1474
52550597	1474
52550748	1474
52550857	1474
52550958	1474
52551052	1474
52551145	1474
52551237	1474
52555092	1474
52592568	1474
53346108	1474
53346468	1474
53346613	1474
53346786	1474
53346885	1474
53347088	1474
53347190	1474
53347447	1474
53347549	1474
53347694	1474
53347942	1474
53348054	1474
53348152	1474
53348247	1474
53348341	1474
53348437	1474
54148644	1474
54148793	1474
54148932	1474
54149154	1474
54149344	1474
54149514	1474
54149690	1474
54149867	1474
54150033	1474
54150174	1474
54150312	1474
54150449	1474
54150588	1474
54150783	1474
54150933	1474
54151071	1474
54151208	1474
54188142	1474
54946227	1474
54946419	1474
54946601	1474
54946803	1474
54946975	1474
54947113	1474
54947252	1474
54947420	1474
54947623	1474
54947806	1474
54947982	1474
54948144	1474
54948303	1474
54948445	1474
54948597	1474
54948839	1474
54949058	1474
55745956	1474
55746105	1474
55746256	1474
55746353	1474
55746449	1474
55746542	1474
55746645	1474
55746782	1474
55746964	1474
55747063	1474
55747321	1474
55747422	1474
55747609	1474
55747708	1474
55747803	1474
55747895	1474
55747986	1474
55790037	1474
56545895	1474
56546042	1474
56546233	1474
56546383	1474
56546483	1474
56546651	1474
56546756	1474
56546856	1474
56546953	1474
56547161	1474
56547261	1474
56547361	1474
56547650	1474
56547811	1474
56547903	1474
56548020	1474
56548116	1474
56589779	1474
57614831	1474
57614927	1474
57615020	1474
57615120	1474
57615213	1474
57615306	1474
57615399	1474
57615500	1474
57615596	1474
57615689	1474
57615808	1474
57615901	1474
57615994	1474
57616089	1474
57616184	1474
57616277	1474
57616371	1474
57655972	1474
58414938	1474
58415058	1474
58415156	1474
58415250	1474
58415344	1474
58415475	1474
58415568	1474
58415662	1474
58415753	1474
58415846	1474
58415937	1474
58416030	1474
58416121	1474
58416213	1474
58416306	1474
58416399	1474
58416505	1474
58455268	1474
59214237	1474
59214333	1474
59214432	1474
59214525	1474
59214736	1474
59214839	1474
59215029	1474
59215179	1474
59215377	1474
59215489	1474
59215820	1474
59215975	1474
59216068	1474
59216163	1474
59216257	1474
59216350	1474
59216483	1474
59259061	1474
60014429	1474
60014525	1474
60014617	1474
60014743	1474
60014866	1474
60014993	1474
60015169	1474
60015546	1474
60015642	1474
60015738	1474
60015829	1474
60015921	1474
60016015	1474
60016108	1474
60016201	1474
60016292	1474
60545654	1474
60545802	1474
60546366	1474
60546463	1474
60546556	1474
60546677	1474
60546777	1474
60546869	1474
60546994	1474
60547090	1474
60547183	1474
60547275	1474
60547384	1474
60547478	1474
60547571	1474
60547660	1474
61347050	1474
61347250	1474
61347413	1474
61347514	1474
61347716	1474
61347861	1474
61347962	1474
61348057	1474
61348249	1474
61348357	1474
61348454	1474
61348646	1474
61348753	1474
61349007	1474
61349108	1474
61349256	1474
61349364	1474
62145559	1474
62145706	1474
62145797	1474
62145971	1474
62146066	1474
62146163	1474
62146271	1474
62146369	1474
62146465	1474
62146610	1474
62146844	1474
62146961	1474
62147073	1474
62147190	1474
62147301	1474
62147393	1474
62147486	1474
62147586	1474
63215412	1474
63215512	1474
63215608	1474
63215717	1474
63215810	1474
63215905	1474
63216007	1474
63216159	1474
63216263	1474
63216377	1474
63216495	1474
63216591	1474
63216688	1474
63216786	1474
63216881	1474
63216994	1474
63217129	1474
63217241	1474
64016171	1474
64016316	1474
64016454	1474
64016592	1474
64016773	1474
64016969	1474
64017206	1474
64017348	1474
64017483	1474
64017622	1474
64017761	1474
64017924	1474
64018073	1474
64018237	1474
64018377	1474
64018516	1474
64018654	1474
64018841	1474
64816440	1474
64816578	1474
64816738	1474
64816873	1474
64817015	1474
64817151	1474
64817287	1474
64817423	1474
64817567	1474
64817703	1474
64817840	1474
64817974	1474
64818125	1474
64818261	1474
64818394	1474
64818530	1474
64818665	1474
65615463	1474
65615621	1474
65615758	1474
65615988	1474
65616186	1474
65616451	1474
65616594	1474
65616756	1474
65616893	1474
65617043	1474
65617181	1474
65617320	1474
65617459	1474
65617595	1474
65617732	1474
65617868	1474
65618014	1474
66415727	1474
66415872	1474
66416023	1474
66416246	1474
66416440	1474
66416588	1474
66416755	1474
66416920	1474
66417061	1474
66417201	1474
66417338	1474
66417476	1474
66417640	1474
66417778	1474
66417923	1474
66418061	1474
66418199	1474
66418341	1474
67214391	1474
67214495	1474
67215853	1474
67216072	1474
67216303	1474
67216417	1474
67216526	1474
67216640	1474
67216739	1474
67216843	1474
67217032	1474
67217156	1474
67217268	1474
67217369	1474
67217468	1474
67217570	1474
67217665	1474
67217761	1474
68015248	1474
68015356	1474
68015478	1474
68015601	1474
68015693	1474
68015795	1474
68016057	1474
68016164	1474
68016316	1474
68016436	1474
68016534	1474
68016632	1474
68016729	1474
68016845	1474
68016943	1474
68017044	1474
68017138	1474
68017236	1474
68811593	1474
68811953	1474
68812174	1474
68812483	1474
68812677	1474
68813081	1474
68813254	1474
68813424	1474
68813595	1474
68813745	1474
68813885	1474
68814024	1474
68814161	1474
68814383	1474
68814602	1474
68815700	1474
68815930	1474
68816078	1474
69611504	1474
69611739	1474
69611930	1474
69612077	1474
69612308	1474
69612507	1474
69612689	1474
69613316	1474
69613489	1474
69613956	1474
69614172	1474
69614744	1474
69614992	1474
69615163	1474
69615409	1474
69615558	1474
69615707	1474
70411106	1474
70411439	1474
70411548	1474
70411700	1474
70411821	1474
70412109	1474
70412261	1474
70412380	1474
70413020	1474
70413207	1474
70413322	1474
70413419	1474
70413527	1474
70413652	1474
70413744	1474
70413851	1474
70413974	1474
71213135	1474
71213964	1474
71214138	1474
71214383	1474
71214954	1474
71215196	1474
71215299	1474
71215410	1474
71215526	1474
71215640	1474
71215751	1474
71215845	1474
71215942	1474
71216060	1474
71216169	1474
71216265	1474
71216384	1474
71216489	1474
72011035	1474
72011185	1474
72011320	1474
72011437	1474
72011544	1474
72011646	1474
72011775	1474
72011898	1474
72012096	1474
72012193	1474
72013045	1474
72013267	1474
72013367	1474
72013504	1474
72013611	1474
72013724	1474
72013827	1474
72811708	1474
72811857	1474
72812024	1474
72812122	1474
72812220	1474
72812319	1474
72812528	1474
72812645	1474
72812744	1474
72813207	1474
72813388	1474
72813488	1474
72813594	1474
72813692	1474
72813785	1474
72813881	1474
72813977	1474
72814075	1474
73611028	1474
73611279	1474
73611384	1474
73611513	1474
73611607	1474
73611707	1474
73611918	1474
73612022	1474
73612385	1474
73612539	1474
73612640	1474
73612735	1474
73612827	1474
73612921	1474
73613018	1474
73613113	1474
73613234	1474
73613330	1474
74410797	1474
74411078	1474
74411246	1474
74411339	1474
74411436	1474
74411544	1474
74411666	1474
74411762	1474
74411964	1474
74412066	1474
74412168	1474
74412592	1474
74412693	1474
74412791	1474
74412884	1474
74412978	1474
74413072	1474
74413166	1474
75211201	1474
75211436	1474
75211538	1474
75211774	1474
75211928	1474
75212358	1474
75212527	1474
75212624	1474
75212722	1474
75212817	1474
75212913	1474
75213008	1474
75213104	1474
75213200	1474
75213297	1474
75213392	1474
75213524	1474
75213620	1474
76277429	1474
76277670	1474
76277770	1474
76277868	1474
76277964	1474
76278060	1474
76278154	1474
76278250	1474
76278443	1474
76278562	1474
76278859	1474
76278957	1474
76279163	1474
76279260	1474
76279364	1474
76279461	1474
76279565	1474
76279660	1474
77077130	1474
77077473	1474
77077572	1474
77077665	1474
77077761	1474
77077858	1474
77077986	1474
77078190	1474
77078301	1474
77078599	1474
77078789	1474
77078886	1474
77078982	1474
77079076	1474
77079172	1474
77079267	1474
77079402	1474
77079499	1474
77877093	1474
77877367	1474
77877465	1474
77877561	1474
77877654	1474
77877748	1474
77877844	1474
77878050	1474
77878151	1474
77878415	1474
77878517	1474
77878697	1474
77878842	1474
77878938	1474
77879032	1474
77879128	1474
77879222	1474
77879356	1474
78676902	1474
78677157	1474
78677257	1474
78677354	1474
78677445	1474
78677540	1474
78677636	1474
78677733	1474
78677829	1474
78678043	1474
78678153	1474
78678445	1474
78678674	1474
78678782	1474
78678878	1474
78678973	1474
78679092	1474
79477245	1474
79477519	1474
79477630	1474
79477751	1474
79477848	1474
79477969	1474
79478121	1474
79478218	1474
79478407	1474
79478510	1474
79478617	1474
79479050	1474
79479157	1474
79479254	1474
79479341	1474
79479433	1474
79479529	1474
79479625	1474
80277009	1474
80277637	1474
80277845	1474
80278259	1474
80278411	1474
80278535	1474
80279973	1474
80280143	1474
80280398	1474
80280503	1474
80281405	1474
80281533	1474
80281700	1474
80281792	1474
80282145	1474
80282272	1474
80282368	1474
81076358	1474
81076609	1474
81076769	1474
81076869	1474
81076960	1474
81077227	1474
81077332	1474
81077429	1474
81077521	1474
81077723	1474
81077827	1474
81078070	1474
81078173	1474
81078321	1474
81078443	1474
81078537	1474
81078687	1474
81078834	1474
81876805	1474
81877014	1474
81877180	1474
81877318	1474
81877456	1474
81877596	1474
81877772	1474
81877964	1474
81878142	1474
81878320	1474
81878482	1474
81878646	1474
81878870	1474
81879019	1474
81879179	1474
81879319	1474
81879455	1474
82676452	1474
82676722	1474
82676842	1474
82676986	1474
82677128	1474
82677270	1474
82677385	1474
82677479	1474
82677576	1474
82677689	1474
82677811	1474
82678102	1474
82678227	1474
82678873	1474
82679121	1474
82679231	1474
82679339	1474
82679435	1474
83476361	1474
83476686	1474
83476791	1474
83476888	1474
83476993	1474
83477121	1474
83477220	1474
83477315	1474
83477427	1474
83477524	1474
83477797	1474
83477901	1474
83478403	1474
83478507	1474
83478607	1474
83478769	1474
83478870	1474
83478959	1474
84276328	1474
84276475	1474
84276581	1474
84276685	1474
84276781	1474
84276924	1474
84277166	1474
84277286	1474
84277409	1474
84277589	1474
84278063	1474
84278169	1474
84278384	1474
84278482	1474
84278597	1474
84278732	1474
84278850	1474
84278944	1474
85076526	1474
85076895	1474
85078863	1474
85079037	1474
85079265	1474
85079793	1474
85079921	1474
85080026	1474
85080126	1474
85080258	1474
85080361	1474
85080771	1474
85080881	1474
85080986	1474
85081085	1474
85081269	1474
85081428	1474
85875995	1474
85876271	1474
85876366	1474
85876473	1474
85876567	1474
85876665	1474
85876764	1474
85876869	1474
85876970	1474
85877063	1474
85877304	1474
85877414	1474
85877993	1474
85878213	1474
85878316	1474
85878414	1474
85878512	1474
85878610	1474
86676006	1474
86676231	1474
86676412	1474
86676547	1474
86676667	1474
86676906	1474
86677012	1474
86677504	1474
86677613	1474
86677800	1474
86677913	1474
86678006	1474
86678116	1474
86678214	1474
86678314	1474
86678411	1474
86678511	1474
86678635	1474
87742927	1474
87743075	1474
87743182	1474
87743281	1474
87743381	1474
87743504	1474
87743602	1474
87743725	1474
87743852	1474
87743972	1474
87744068	1474
87744167	1474
87744265	1474
87744376	1474
87744475	1474
87744584	1474
87744698	1474
87744809	1474
88542211	1474
88542457	1474
88542643	1474
88542801	1474
88542919	1474
88543033	1474
88543186	1474
88543390	1474
88543490	1474
88543640	1474
88543768	1474
88543868	1474
88543967	1474
88544066	1474
88544189	1474
88544293	1474
88544387	1474
88544484	1474
89342986	1474
89343327	1474
89343486	1474
89343668	1474
89343865	1474
89344122	1474
89344267	1474
89344403	1474
89344551	1474
89344690	1474
89344831	1474
89345002	1474
89345220	1474
89345501	1474
89345685	1474
89345945	1474
89346090	1474
89346227	1474
90142429	1474
90142828	1474
90142998	1474
90143139	1474
90143401	1474
90143603	1474
90143789	1474
90143929	1474
90144065	1474
90144227	1474
90144386	1474
90144534	1474
90144672	1474
90144810	1474
90144981	1474
90145171	1474
90145641	1474
90145838	1474
90942401	1474
90942620	1474
90942864	1474
90943102	1474
90943241	1474
90943411	1474
90943547	1474
90943683	1474
90943819	1474
90943972	1474
90944112	1474
90944248	1474
90944419	1474
90944556	1474
90944692	1474
90944828	1474
90944963	1474
90945100	1474
91743042	1474
91743694	1474
91743843	1474
91744032	1474
91744285	1474
91744503	1474
91744640	1474
91744776	1474
91744911	1474
91745069	1474
91745209	1474
91745355	1474
91745493	1474
91745629	1474
91745766	1474
91745902	1474
91746039	1474
91746175	1474
92541940	1474
92542347	1474
92542444	1474
92542592	1474
92542734	1474
92542854	1474
92542973	1474
92543073	1474
92543199	1474
92543336	1474
92543437	1474
92543535	1474
92543656	1474
92543755	1474
92543867	1474
92543987	1474
92544089	1474
92544197	1474
93345486	1474
93345642	1474
93345781	1474
93345944	1474
93346101	1474
93346254	1474
93346419	1474
93346558	1474
93346698	1474
93346883	1474
93347056	1474
93347231	1474
93347372	1474
93347510	1474
93347650	1474
93347789	1474
93347925	1474
94144004	1474
94144105	1474
94144335	1474
94144485	1474
94144763	1474
94144915	1474
94145019	1474
94145547	1474
94145745	1474
94145846	1474
94145954	1474
94146053	1474
94146187	1474
94146289	1474
94146390	1474
94146491	1474
94146614	1474
94146757	1474
94944677	1474
94944892	1474
94945684	1474
94945911	1474
94946106	1474
94946249	1474
94946390	1474
94946528	1474
94946668	1474
94946855	1474
94947002	1474
94947148	1474
94947287	1474
94947426	1474
94947565	1474
94947704	1474
94947842	1474
94947981	1474
96008121	1474
96008298	1474
96008455	1474
96008643	1474
96008856	1474
96009004	1474
96009142	1474
96009264	1474
96009387	1474
96009508	1474
96009633	1474
96009777	1474
96009899	1474
96010031	1474
96010154	1474
96010277	1474
96010430	1474
96010617	1474
96809378	1474
96809583	1474
96809808	1474
96809988	1474
96810089	1474
96810465	1474
96810627	1474
96810765	1474
96810860	1474
96810955	1474
96811054	1474
96811154	1474
96811247	1474
96811343	1474
96811446	1474
96811536	1474
96811628	1474
97610763	1474
97610852	1474
97610939	1474
97611033	1474
97611118	1474
97611204	1474
97611289	1474
97611373	1474
97611455	1474
97611541	1474
97611624	1474
97611708	1474
97611791	1474
97611875	1474
97611959	1474
97612055	1474
97612142	1474
97612225	1474
98410856	1474
98411012	1474
98411151	1474
98411291	1474
98411431	1474
98411567	1474
98411707	1474
98411846	1474
98411995	1474
98412132	1474
98412272	1474
98412410	1474
98412578	1474
98412715	1474
98412854	1474
98413002	1474
98413143	1474
98413281	1474
99207934	1474
99208125	1474
99208268	1474
99208404	1474
99208544	1474
99208711	1474
99208850	1474
99209001	1474
99209143	1474
99209285	1474
99209447	1474
99209588	1474
99209754	1474
99209905	1474
99210050	1474
99210186	1474
99210326	1474
99210468	1474
100007697	1474
100008038	1474
100008215	1474
100008443	1474
100008668	1474
100008857	1474
100009001	1474
100009138	1474
100009276	1474
100009413	1474
100009553	1474
100009690	1474
100009861	1474
100010001	1474
100010142	1474
100010285	1474
100010444	1474
100010587	1474
100808143	1474
100808446	1474
100808585	1474
100808692	1474
100808874	1474
100808975	1474
100809115	1474
100809259	1474
100809362	1474
100809477	1474
100809573	1474
100809686	1474
100809775	1474
100809991	1474
100810078	1474
100810170	1474
100810271	1474
100810391	1474
101608130	1474
101608416	1474
101608519	1474
101608609	1474
101608729	1474
101608866	1474
101609128	1474
101609237	1474
101609336	1474
101609444	1474
101609608	1474
101609705	1474
101609817	1474
101609932	1474
101610051	1474
101610149	1474
101610257	1474
102407947	1474
102408204	1474
102408296	1474
102408414	1474
102408515	1474
102408635	1474
102408764	1474
102408889	1474
102409006	1474
102409119	1474
102409218	1474
102409319	1474
102409414	1474
102409533	1474
102409648	1474
102409785	1474
102409891	1474
102409986	1474
103209059	1474
103209283	1474
103209411	1474
103209528	1474
103209651	1474
103209750	1474
103209868	1474
103209965	1474
103210058	1474
103210181	1474
103210294	1474
103210408	1474
103210503	1474
103210597	1474
103210767	1474
103210864	1474
103210979	1474
103211097	1474
104007642	1474
104007853	1474
104007959	1474
104008222	1474
104008339	1474
104008440	1474
104008539	1474
104008684	1474
104008784	1474
104008881	1474
104009000	1474
104009118	1474
104009218	1474
104009341	1474
104009460	1474
104009560	1474
104009675	1474
104809049	1474
104809211	1474
104809435	1474
104809558	1474
104809666	1474
104809766	1474
104809894	1474
104810094	1474
104810196	1474
104810310	1474
104810412	1474
104810512	1474
104810678	1474
104810782	1474
104810917	1474
104811034	1474
104811132	1474
105609540	1474
105609642	1474
105609766	1474
105609863	1474
105609981	1474
105610105	1474
105610234	1474
105610448	1474
105610560	1474
105610718	1474
105610821	1474
105610919	1474
105611023	1474
105611123	1474
105611220	1474
105611318	1474
105611418	1474
105611559	1474
106409441	1474
106409565	1474
106409662	1474
106409759	1474
106409887	1474
106409988	1474
106410112	1474
106410207	1474
106410320	1474
106410420	1474
106410536	1474
106410684	1474
106410786	1474
106410902	1474
106411018	1474
106411118	1474
106411236	1474
106411356	1474
107209534	1474
107209638	1474
107209740	1474
107209834	1474
107209951	1474
107210062	1474
107210161	1474
107210274	1474
107210374	1474
107210484	1474
107210617	1474
107210766	1474
107210878	1474
107210997	1474
107211095	1474
107211220	1474
108006891	1474
108007173	1474
108007268	1474
108007374	1474
108007475	1474
108007593	1474
108007709	1474
108007799	1474
108007891	1474
108007988	1474
108008095	1474
108008190	1474
108008374	1474
108008507	1474
108008638	1474
108008730	1474
108008824	1474
108008933	1474
108808874	1474
108808980	1474
108809091	1474
108809183	1474
108809313	1474
108809430	1474
108809611	1474
108809700	1474
108809810	1474
108809899	1474
108809988	1474
108810076	1474
108810189	1474
108810299	1474
108810408	1474
108810496	1474
108810623	1474
109610861	1474
109610959	1474
109611064	1474
109611199	1474
109611317	1474
109611447	1474
109611653	1474
109611756	1474
109611881	1474
109611982	1474
109612090	1474
109612190	1474
109612305	1474
109612404	1474
109612501	1474
109612613	1474
109612712	1474
110413342	1474
110413460	1474
110413581	1474
110413709	1474
110413837	1474
110413961	1474
110414251	1474
110414406	1474
110415010	1474
110415218	1474
110415322	1474
110415420	1474
110415518	1474
110415629	1474
110415745	1474
110415843	1474
110415939	1474
110416035	1474
111208743	1474
111208853	1474
111208972	1474
111209075	1474
111209185	1474
111209362	1474
111209606	1474
111209698	1474
111209825	1474
111209950	1474
111210065	1474
111210395	1474
111210510	1474
111210700	1474
111210830	1474
111210950	1474
111211071	1474
112009226	1474
112009326	1474
112009437	1474
112009558	1474
112009673	1474
112009770	1474
112009905	1474
112010011	1474
112010149	1474
112010264	1474
112010364	1474
112010488	1474
112010674	1474
112010776	1474
112010894	1474
112010994	1474
112808381	1474
112808480	1474
112808580	1474
112808676	1474
112808852	1474
112808955	1474
112809174	1474
112809287	1474
112809385	1474
112809481	1474
112809576	1474
112809698	1474
112809793	1474
112809890	1474
112810009	1474
112810121	1474
112810216	1474
112810315	1474
113609269	1474
113609375	1474
113609497	1474
113609608	1474
113609723	1474
113609849	1474
113610166	1474
113610297	1474
113610408	1474
113610534	1474
113610647	1474
113610805	1474
113610949	1474
113611070	1474
113611177	1474
113611300	1474
113611419	1474
113611518	1474
114406394	1474
114406872	1474
114407015	1474
114407213	1474
114407380	1474
114407634	1474
114407741	1474
114407858	1474
114408201	1474
114408463	1474
114409046	1474
114409247	1474
114409342	1474
114409437	1474
114409530	1474
114409659	1474
114409758	1474
115206275	1474
115206459	1474
115209056	1474
115209238	1474
115209377	1474
115209480	1474
115209584	1474
115209710	1474
115210072	1474
115210414	1474
115211071	1474
115211424	1474
115211726	1474
115211834	1474
115211984	1474
115212209	1474
115215782	1474
116010334	1474
116010468	1474
116010580	1474
116010784	1474
116010898	1474
116011016	1474
116011119	1474
116011216	1474
116011310	1474
116011419	1474
116011518	1474
116011635	1474
116011753	1474
116011863	1474
116011956	1474
116012073	1474
116012194	1474
116811376	1474
116811496	1474
116811623	1474
116811751	1474
116811873	1474
116812003	1474
116812229	1474
116812355	1474
116812490	1474
116812593	1474
116812702	1474
116812810	1474
116812956	1474
116813058	1474
116813172	1474
116813271	1474
116813377	1474
116813509	1474
117607903	1474
117608002	1474
117608098	1474
117608220	1474
117608317	1474
117608412	1474
117608509	1474
117608605	1474
117608708	1474
117608831	1474
117608934	1474
117609031	1474
117609129	1474
117609225	1474
117609323	1474
117609421	1474
117609518	1474
118408500	1474
118408600	1474
118408702	1474
118408800	1474
118408897	1474
118408993	1474
118409092	1474
118409185	1474
118409281	1474
118409378	1474
118409497	1474
118409595	1474
118409701	1474
118409799	1474
118409895	1474
118409992	1474
118410084	1474
118410179	1474
119207566	1474
119207679	1474
119207773	1474
119207867	1474
119207961	1474
119208054	1474
119208149	1474
119208243	1474
119208337	1474
119208431	1474
119208525	1474
119208625	1474
119208720	1474
119208817	1474
119208910	1474
119209003	1474
119209095	1474
120007693	1474
120007789	1474
120007878	1474
120007971	1474
120008065	1474
120008184	1474
120008279	1474
120008377	1474
120008471	1474
120008579	1474
120008700	1474
120008823	1474
120008917	1474
120009011	1474
120009105	1474
120009199	1474
120009294	1474
120805954	1474
120806096	1474
120806267	1474
120806353	1474
120806438	1474
120806562	1474
120806690	1474
120806783	1474
120806867	1474
120806951	1474
120807035	1474
120807119	1474
120807202	1474
120807287	1474
120807370	1474
120807454	1474
120807552	1474
121609262	1474
121609360	1474
121609454	1474
121609622	1474
121609816	1474
121609918	1474
121610037	1474
121610129	1474
121610220	1474
121610338	1474
121610430	1474
121610529	1474
121610711	1474
121610809	1474
121610902	1474
121611000	1474
121611093	1474
121611185	1474
122405519	1474
122405676	1474
122405849	1474
122405945	1474
122406061	1474
122406159	1474
122406385	1474
122406577	1474
122406704	1474
122406798	1474
122406917	1474
122407014	1474
122407116	1474
122407210	1474
122407302	1474
122407395	1474
122407497	1474
122407591	1474
123475061	1474
123475157	1474
123475249	1474
123475341	1474
123475475	1474
123475568	1474
123475774	1474
123475873	1474
123475972	1474
123476055	1474
123476143	1474
123476255	1474
123476341	1474
123476443	1474
123476536	1474
123476629	1474
123476722	1474
123476814	1474
124275026	1474
124275167	1474
124275304	1474
124275486	1474
124275654	1474
124275796	1474
124275926	1474
124276061	1474
124276188	1474
124276328	1474
124276471	1474
124276605	1474
124276740	1474
124276875	1474
124277012	1474
124277146	1474
124277283	1474
124277427	1474
125074474	1474
125074611	1474
125074950	1474
125075172	1474
125075335	1474
125075471	1474
125075628	1474
125075763	1474
125075898	1474
125076033	1474
125076168	1474
125076310	1474
125076474	1474
125076609	1474
125076743	1474
125076879	1474
125077015	1474
125077149	1474
125874747	1474
125874889	1474
125875050	1474
125875267	1474
125875461	1474
125875628	1474
125875766	1474
125875903	1474
125876038	1474
125876174	1474
125876335	1474
125876474	1474
125876609	1474
125876742	1474
125876876	1474
125877011	1474
125877147	1474
125877290	1474
126675009	1474
126675122	1474
126675241	1474
126675342	1474
126675467	1474
126675568	1474
126675669	1474
126675772	1474
126675871	1474
126675971	1474
126676073	1474
126676184	1474
126676314	1474
126676429	1474
126676528	1474
126676628	1474
127205548	1474
127205716	1474
127205810	1474
127205911	1474
127206038	1474
127206162	1474
127206283	1474
127206397	1474
127206497	1474
127206615	1474
127206774	1474
127206869	1474
127206966	1474
127207065	1474
127207175	1474
127207269	1474
128005840	1474
128006036	1474
128006191	1474
128006331	1474
128006470	1474
128006611	1474
128006801	1474
128006953	1474
128007089	1474
128007243	1474
128007391	1474
128007530	1474
128007670	1474
128007806	1474
128007967	1474
128008114	1474
128008276	1474
128804820	1474
128804946	1474
128805151	1474
128805253	1474
128805362	1474
128805622	1474
128805727	1474
128805842	1474
128805945	1474
128806049	1474
128806162	1474
128806261	1474
128806359	1474
128806458	1474
128806556	1474
128806744	1474
128806835	1474
129604879	1474
129605118	1474
129605295	1474
129605497	1474
129605712	1474
129605931	1474
129606085	1474
129606243	1474
129606382	1474
129606520	1474
129606656	1474
129606866	1474
129607306	1474
129607457	1474
129607597	1474
129607734	1474
129607872	1474
130404825	1474
130404997	1474
130405104	1474
130405197	1474
130405296	1474
130405395	1474
130405494	1474
130405592	1474
130405692	1474
130405789	1474
130405894	1474
130406010	1474
130406111	1474
130406242	1474
130406341	1474
130406438	1474
130406538	1474
130406711	1474
131471289	1474
131471544	1474
131471645	1474
131471745	1474
131471844	1474
131472020	1474
131472258	1474
131472406	1474
131472942	1474
131473043	1474
131473137	1474
131473229	1474
131473321	1474
131473438	1474
131473533	1474
131473625	1474
131473715	1474
131473808	1474
132004535	1474
132004690	1474
132004791	1474
132004900	1474
132004991	1474
132005083	1474
132005177	1474
132005271	1474
132005363	1474
132005456	1474
132005548	1474
132005638	1474
132005757	1474
132005859	1474
132005957	1474
132006051	1474
132006143	1474
133074221	1474
133074359	1474
133074499	1474
133074768	1474
133074968	1474
133075123	1474
133075263	1474
133075400	1474
133075541	1474
133075697	1474
133075853	1474
133075990	1474
133076131	1474
133076267	1474
133076430	1474
133076581	1474
133076733	1474
133076881	1474
133871215	1474
133871457	1474
133871552	1474
133871673	1474
133871811	1474
133871907	1474
133872003	1474
133872104	1474
133872225	1474
133872322	1474
133872419	1474
133872513	1474
133872606	1474
133872702	1474
133872813	1474
133872914	1474
133873008	1474
133873129	1474
134672987	1474
134673112	1474
134673209	1474
134673304	1474
134673402	1474
134673499	1474
134673595	1474
134673708	1474
134673831	1474
134673928	1474
134674024	1474
134674120	1474
134674216	1474
134674312	1474
134674408	1474
134674505	1474
134674665	1474
135203970	1474
135204220	1474
135204319	1474
135204417	1474
135204510	1474
135204603	1474
135204798	1474
135204894	1474
135204995	1474
135205092	1474
135205224	1474
135205322	1474
135205418	1474
135205512	1474
135205607	1474
135205714	1474
136270780	1474
136271094	1474
136271191	1474
136271304	1474
136271404	1474
136271522	1474
136271671	1474
136271773	1474
136271887	1474
136271997	1474
136272089	1474
136272184	1474
136272277	1474
136272377	1474
136272478	1474
136272576	1474
136272699	1474
136272809	1474
136804178	1474
136804414	1474
136804572	1474
136804717	1474
136804858	1474
136804997	1474
136805139	1474
136805278	1474
136805417	1474
136805571	1474
136805735	1474
136805877	1474
136806019	1474
136806162	1474
136806299	1474
136806466	1474
137604353	1474
137604560	1474
137604763	1474
137604922	1474
137605087	1474
137605285	1474
137605502	1474
137605669	1474
137605812	1474
137605956	1474
137606093	1474
137606231	1474
137606371	1474
137606517	1474
137606686	1474
137606879	1474
137607061	1474
138404015	1474
138404208	1474
138404350	1474
138404503	1474
138404647	1474
138404787	1474
138404931	1474
138405065	1474
138405206	1474
138405350	1474
138405544	1474
138405688	1474
138405833	1474
138405974	1474
138406119	1474
138406263	1474
138406434	1474
138406652	1474
139473665	1474
139473811	1474
139473955	1474
139474207	1474
139474414	1474
139474722	1474
139474870	1474
139475013	1474
139475152	1474
139475319	1474
139475469	1474
139475646	1474
139475786	1474
139475926	1474
139476110	1474
139476252	1474
139476401	1474
139476541	1474
140005168	1474
140005400	1474
140005544	1474
140005714	1474
140005851	1474
140005994	1474
140006224	1474
140006434	1474
140006649	1474
140007143	1474
140007321	1474
140007504	1474
140007643	1474
140007784	1474
140007921	1474
140008059	1474
140803565	1474
140803787	1474
140803929	1474
140804078	1474
140804221	1474
140804487	1474
140804686	1474
140804916	1474
140805336	1474
140805491	1474
140805661	1474
140805911	1474
140806072	1474
140806214	1474
140806358	1474
140806499	1474
141604829	1474
141605061	1474
141605234	1474
141605395	1474
141605570	1474
141605767	1474
141605959	1474
141606218	1474
141606444	1474
141606596	1474
141606783	1474
141606934	1474
141607072	1474
141607213	1474
141607394	1474
141607531	1474
141607669	1474
141607810	1474
142403571	1474
142403766	1474
142403930	1474
142404071	1474
142404216	1474
142404357	1474
142404493	1474
142404661	1474
142404802	1474
142404966	1474
142405108	1474
142405341	1474
142405486	1474
142405629	1474
142405771	1474
142405914	1474
142406052	1474
142406201	1474
143203008	1474
143203255	1474
143203398	1474
143203536	1474
143203674	1474
143203814	1474
143203954	1474
143204089	1474
143204245	1474
143204380	1474
143204519	1474
143204659	1474
143204793	1474
143204931	1474
143205071	1474
143205223	1474
143205361	1474
144003331	1474
144003500	1474
144003669	1474
144003794	1474
144003915	1474
144004057	1474
144004195	1474
144004320	1474
144004447	1474
144004587	1474
144004728	1474
144004849	1474
144004969	1474
144005089	1474
144005217	1474
144005338	1474
144803358	1474
144803553	1474
144803699	1474
144803936	1474
144804142	1474
144804383	1474
144804525	1474
144804660	1474
144804820	1474
144804980	1474
144805132	1474
144805267	1474
144805403	1474
144805543	1474
144805681	1474
144805815	1474
145602718	1474
145602965	1474
145603219	1474
145603551	1474
145603842	1474
145604020	1474
145604272	1474
145604415	1474
145604559	1474
145604696	1474
145604837	1474
145604975	1474
145605151	1474
145605293	1474
145605435	1474
145605579	1474
145605725	1474
146136206	1474
146136415	1474
146136579	1474
146136744	1474
146136886	1474
146137037	1474
146137181	1474
146137321	1474
146137462	1474
146137645	1474
146137791	1474
146137934	1474
146138092	1474
146138235	1474
146138373	1474
146138523	1474
146936243	1474
146936677	1474
146936883	1474
146937104	1474
146937403	1474
146937601	1474
146937971	1474
146938194	1474
146938362	1474
146938648	1474
146938944	1474
146939157	1474
146939642	1474
146939933	1474
146940101	1474
146940265	1474
146940492	1474
148002816	1474
148002999	1474
148003261	1474
148003425	1474
148003551	1474
148003675	1474
148003794	1474
148003934	1474
148004057	1474
148004181	1474
148004299	1474
148004424	1474
148004554	1474
148004677	1474
148004807	1474
148004961	1474
148005085	1474
148005208	1474
148538087	1474
148538338	1474
148538488	1474
148538627	1474
148538859	1474
148539068	1474
148539704	1474
148539913	1474
148540388	1474
148540560	1474
148540739	1474
148540894	1474
148541032	1474
148541174	1474
148541310	1474
148541451	1474
149337593	1474
149337794	1474
149337977	1474
149338119	1474
149338291	1474
149338499	1474
149338667	1474
149339105	1474
149339303	1474
149339464	1474
149339630	1474
149339889	1474
149340055	1474
149340195	1474
149340330	1474
149340466	1474
149340602	1474
150135871	1474
150136073	1474
150136215	1474
150136508	1474
150136705	1474
150136894	1474
150137150	1474
150137339	1474
150137502	1474
150137793	1474
150137992	1474
150138158	1474
150138383	1474
150138573	1474
150138774	1474
150139395	1474
150139564	1474
150935922	1474
150936072	1474
150936261	1474
150936358	1474
150936496	1474
150936597	1474
150936839	1474
150936943	1474
150937137	1474
150937239	1474
150937823	1474
150937926	1474
150938050	1474
150938146	1474
150938241	1474
150938333	1474
150938427	1474
150938521	1474
151736495	1474
151736647	1474
151736747	1474
151736874	1474
151736969	1474
151737173	1474
151737279	1474
151737845	1474
151737975	1474
151738067	1474
151738187	1474
151738281	1474
151738374	1474
151738496	1474
151738662	1474
151738910	1474
151739006	1474
152535354	1474
152535504	1474
152535612	1474
152535853	1474
152535955	1474
152536078	1474
152536165	1474
152536258	1474
152536375	1474
152536465	1474
152536555	1474
152536662	1474
152536757	1474
152536849	1474
152537051	1474
152537180	1474
152537555	1474
152537761	1474
153602242	1474
153602420	1474
153602525	1474
153602620	1474
153602754	1474
153602843	1474
153603054	1474
153603155	1474
153603243	1474
153603337	1474
153603429	1474
153603532	1474
153603630	1474
153603723	1474
153603818	1474
153603914	1474
153604005	1474
153604096	1474
154401861	1474
154402096	1474
154402218	1474
154402340	1474
154402468	1474
154402565	1474
154402727	1474
154402823	1474
154402913	1474
154403005	1474
154403097	1474
154403191	1474
154403280	1474
154403371	1474
154403471	1474
154403567	1474
154403656	1474
155202052	1474
155202291	1474
155202422	1474
155202518	1474
155202635	1474
155202768	1474
155202861	1474
155202954	1474
155203046	1474
155203139	1474
155203231	1474
155203326	1474
155203425	1474
155203522	1474
155203614	1474
155203706	1474
155203797	1474
155203915	1474
156001991	1474
156002139	1474
156002317	1474
156002421	1474
156002529	1474
156002800	1474
156002901	1474
156002988	1474
156003083	1474
156003177	1474
156003267	1474
156003355	1474
156003462	1474
156003554	1474
156003648	1474
156003742	1474
156003834	1474
156801817	1474
156802036	1474
156802305	1474
156802411	1474
156802701	1474
156802841	1474
156802944	1474
156803269	1474
156803390	1474
156803809	1474
156803900	1474
156804011	1474
156804136	1474
156804242	1474
156804372	1474
156804499	1474
156804603	1474
156804769	1474
157601785	1474
157601934	1474
157602038	1474
157602150	1474
157602259	1474
157602379	1474
157602478	1474
157602723	1474
157602869	1474
157602979	1474
157603084	1474
157603182	1474
157603286	1474
157603402	1474
157603503	1474
157603621	1474
157603713	1474
158401527	1474
158401704	1474
158401825	1474
158401922	1474
158402018	1474
158402132	1474
158402242	1474
158402343	1474
158402443	1474
158402619	1474
158402826	1474
158403144	1474
158403495	1474
158403602	1474
158403891	1474
158404003	1474
158404121	1474
159201710	1474
159201887	1474
159202103	1474
159202234	1474
159202430	1474
159202562	1474
159202717	1474
159203078	1474
159203244	1474
159203349	1474
159203937	1474
159204046	1474
159204303	1474
159204393	1474
159204526	1474
159204630	1474
159204746	1474
159204848	1474
160001730	1474
160001883	1474
160002437	1474
160002862	1474
160003063	1474
160003253	1474
160003774	1474
160003863	1474
160003978	1474
160004174	1474
160004288	1474
160004400	1474
160004526	1474
160004786	1474
160005463	1474
160005575	1474
160005677	1474
160802143	1474
160802291	1474
160802408	1474
160802516	1474
160802668	1474
160803039	1474
160803152	1474
160803449	1474
160803553	1474
160803755	1474
160803845	1474
160803955	1474
160804080	1474
160804180	1474
160804296	1474
160804421	1474
160804537	1474
161601375	1474
161601528	1474
161601629	1474
161601738	1474
161601841	1474
161601960	1474
161602135	1474
161602247	1474
161602350	1474
161602503	1474
161602788	1474
161603436	1474
161603546	1474
161603670	1474
161603770	1474
161603894	1474
161603996	1474
162401177	1474
162401334	1474
162401576	1474
162401715	1474
162401815	1474
162401926	1474
162402280	1474
162402435	1474
162402559	1474
162403757	1474
162403986	1474
162404538	1474
162404645	1474
162404759	1474
162404853	1474
162404951	1474
162405131	1474
162405248	1474
163201125	1474
163201274	1474
163201390	1474
163201487	1474
163201604	1474
163201717	1474
163201846	1474
163201960	1474
163202075	1474
163202174	1474
163202280	1474
163202509	1474
163203195	1474
163203309	1474
163203485	1474
163203615	1474
163203719	1474
164001173	1474
164001331	1474
164001594	1474
164001696	1474
164001788	1474
164001910	1474
164002005	1474
164002101	1474
164002188	1474
164002310	1474
164002412	1474
164002507	1474
164002607	1474
164002808	1474
164002928	1474
164003026	1474
164003121	1474
164801366	1474
164801541	1474
164801655	1474
164801764	1474
164801875	1474
164801995	1474
164802120	1474
164802216	1474
164802331	1474
164802430	1474
164802532	1474
164802653	1474
164803052	1474
164803168	1474
164803273	1474
164803374	1474
164803467	1474
164803562	1474
165602452	1474
165602809	1474
165602916	1474
165603015	1474
165603147	1474
165603247	1474
165603377	1474
165603481	1474
165603692	1474
165604144	1474
165604252	1474
165604500	1474
165604602	1474
165604726	1474
165604831	1474
165604940	1474
165605038	1474
165605137	1474
166137413	1474
166137515	1474
166137616	1474
166137761	1474
166137870	1474
166137966	1474
166138062	1474
166138176	1474
166138277	1474
166138381	1474
166138481	1474
166138606	1474
166138842	1474
166138957	1474
166139051	1474
166139159	1474
166936599	1474
166936703	1474
166936817	1474
166937035	1474
166937143	1474
166937400	1474
166937507	1474
166937623	1474
166937907	1474
166938011	1474
166938130	1474
166938227	1474
166938337	1474
166938435	1474
166938533	1474
166938687	1474
166938808	1474
167736962	1474
167737064	1474
167737162	1474
167737277	1474
167737625	1474
167737746	1474
167738016	1474
167738123	1474
167738249	1474
167738351	1474
167738450	1474
167738562	1474
167738779	1474
167738883	1474
167738984	1474
167739085	1474
167740831	1474
168538561	1474
168538767	1474
168538883	1474
168539041	1474
168539209	1474
168539340	1474
168539554	1474
168539668	1474
168539768	1474
168539864	1474
168539962	1474
168540058	1474
168540156	1474
168540253	1474
168540351	1474
168540450	1474
168540546	1474
169600614	1474
169600891	1474
169601007	1474
169601106	1474
169601220	1474
169601341	1474
169601464	1474
169601569	1474
169601678	1474
169601796	1474
169601894	1474
169602037	1474
169602134	1474
169602252	1474
169602369	1474
169602466	1474
169602573	1474
169602758	1474
170400487	1474
170400915	1474
170401111	1474
170401215	1474
170401454	1474
170401624	1474
170401717	1474
170401857	1474
170401960	1474
170402072	1474
170402209	1474
170402309	1474
170402408	1474
170402521	1474
170402619	1474
170402795	1474
170402902	1474
170403155	1474
171200000	1474
171200226	1474
171200324	1474
171200587	1474
171200689	1474
171200800	1474
171200924	1474
171201020	1474
171201111	1474
171201205	1474
171201324	1474
171201421	1474
171201622	1474
171201728	1474
171201838	1474
171201944	1474
171202066	1474
172000203	1474
172000500	1474
172000662	1474
172000786	1474
172000908	1474
172001011	1474
172001121	1474
172001223	1474
172001326	1474
172001623	1474
172001735	1474
172002181	1474
172002273	1474
172002374	1474
172002492	1474
172002608	1474
172003012	1474
172003150	1474
172799625	1474
172799825	1474
172799971	1474
172800076	1474
172800189	1474
172800310	1474
172800435	1474
172800543	1474
172800646	1474
172800746	1474
172800854	1474
172800968	1474
172801071	1474
172801305	1474
172801484	1474
172801911	1474
172802009	1474
172802108	1474
173600103	1474
173600309	1474
173600450	1474
173600586	1474
173600723	1474
173600868	1474
173601071	1474
173601276	1474
173601517	1474
173601930	1474
173602103	1474
173602376	1474
173602524	1474
173602733	1474
173602936	1474
173603226	1474
173603533	1474
174400189	1474
174400422	1474
174400565	1474
174400732	1474
174400958	1474
174401252	1474
174401992	1474
174402212	1474
174402355	1474
174402508	1474
174402645	1474
174402931	1474
174403126	1474
174403778	1474
174404033	1474
174404181	1474
174404319	1474
175199663	1474
175199927	1474
175200025	1474
175200145	1474
175200303	1474
175200405	1474
175200506	1474
175200606	1474
175200719	1474
175200821	1474
175200950	1474
175201162	1474
175201523	1474
175201829	1474
175201943	1474
175202048	1474
175202153	1474
175202284	1474
175999640	1474
175999854	1474
175999942	1474
176000053	1474
176000156	1474
176000248	1474
176000379	1474
176000561	1474
176000854	1474
176001388	1474
176001478	1474
176001592	1474
176001704	1474
176001800	1474
176001895	1474
176002017	1474
176002145	1474
176803453	1474
176803557	1474
176803670	1474
176803778	1474
176803890	1474
176803987	1474
176804110	1474
176804218	1474
176804316	1474
176804425	1474
176804537	1474
176804632	1474
176804749	1474
176804892	1474
176804994	1474
176805113	1474
176805236	1474
176805351	1474
177599493	1474
177599793	1474
177599916	1474
177600021	1474
177600193	1474
177600309	1474
177600405	1474
177600738	1474
177600889	1474
177601001	1474
177601620	1474
177601811	1474
177601911	1474
177602017	1474
177602201	1474
177602307	1474
177605369	1474
178401366	1474
178401466	1474
178401561	1474
178401653	1474
178401748	1474
178401843	1474
178402037	1474
178402145	1474
178402242	1474
178402438	1474
178402541	1474
178402881	1474
178402987	1474
178403110	1474
178403318	1474
178403419	1474
178403517	1474
179201182	1474
179201277	1474
179201374	1474
179201468	1474
179201610	1474
179201721	1474
179201926	1474
179202030	1474
179202124	1474
179202222	1474
179202320	1474
179202515	1474
179202650	1474
179203482	1474
179203587	1474
179203791	1474
179203888	1474
179999497	1474
179999646	1474
180000035	1474
180000135	1474
180000232	1474
180000436	1474
180000539	1474
180000659	1474
180000755	1474
180000848	1474
180000954	1474
180001047	1474
180001140	1474
180001233	1474
180001351	1474
180001438	1474
180001532	1474
180803362	1474
180803460	1474
180803579	1474
180803676	1474
180803774	1474
180803886	1474
180803982	1474
180804076	1474
180804171	1474
180804265	1474
180804358	1474
180804455	1474
180804584	1474
180804704	1474
180804808	1474
180804908	1474
180805002	1474
180805095	1474
181601055	1474
181601158	1474
181601255	1474
181601375	1474
181601471	1474
181601569	1474
181601664	1474
181601794	1474
181601891	1474
181601988	1474
181602143	1474
181602319	1474
181602422	1474
181602749	1474
181603039	1474
181603141	1474
181603310	1474
182399018	1474
182399163	1474
182399837	1474
182400068	1474
182400172	1474
182400271	1474
182400364	1474
182400465	1474
182400700	1474
182400813	1474
182401294	1474
182401401	1474
182401592	1474
182401687	1474
182401902	1474
182402004	1474
182402489	1474
182402723	1474
183203169	1474
183203266	1474
183203381	1474
183203489	1474
183203588	1474
183203698	1474
183203793	1474
183203915	1474
183204011	1474
183204107	1474
183204201	1474
183204296	1474
183204394	1474
183204489	1474
183204586	1474
183204698	1474
183204796	1474
183204891	1474
184002040	1474
184002411	1474
184002544	1474
184003084	1474
184003368	1474
184003474	1474
184003571	1474
184003694	1474
184003808	1474
184003910	1474
184004009	1474
184004137	1474
184004259	1474
184004362	1474
184004478	1474
184004578	1474
184004699	1474
184004829	1474
184802742	1474
184802933	1474
184803057	1474
184803156	1474
184803284	1474
184803405	1474
184803505	1474
184803627	1474
184803763	1474
184803862	1474
184803980	1474
184804107	1474
184804208	1474
184804307	1474
184804427	1474
184804552	1474
184804652	1474
184804810	1474
185598928	1474
185599249	1474
185599342	1474
185599456	1474
185599554	1474
185599688	1474
185599881	1474
185599993	1474
185600291	1474
185601038	1474
185601172	1474
185601277	1474
185601592	1474
185601709	1474
185602362	1474
185602461	1474
185602576	1474
185602806	1474
186398824	1474
186399102	1474
186399215	1474
186399319	1474
186399416	1474
186399516	1474
186399666	1474
186399844	1474
186399950	1474
186400266	1474
186400370	1474
186401162	1474
186401398	1474
186401543	1474
186401678	1474
186401780	1474
186401874	1474
186401968	1474
187467414	1474
187467544	1474
187467663	1474
187467777	1474
187467906	1474
187468036	1474
187468256	1474
187468376	1474
187468478	1474
187468610	1474
187468738	1474
187468840	1474
187468944	1474
187469044	1474
187469173	1474
187469274	1474
187469374	1474
187469493	1474
188265104	1474
188265252	1474
188265359	1474
188265618	1474
188265705	1474
188265818	1474
188265943	1474
188266079	1474
188266178	1474
188266274	1474
188266373	1474
188266476	1474
188266610	1474
188266760	1474
188266853	1474
188266967	1474
188267066	1474
188267181	1474
189067171	1474
189067288	1474
189067428	1474
189067543	1474
189067645	1474
189067901	1474
189068051	1474
189068189	1474
189068737	1474
189068888	1474
189069008	1474
189069105	1474
189069212	1474
189069317	1474
189069449	1474
189069571	1474
189069678	1474
189868660	1474
189868768	1474
189869023	1474
189869131	1474
189869453	1474
189869558	1474
189869649	1474
189869743	1474
189869880	1474
189869983	1474
189870099	1474
189870213	1474
189870334	1474
189870446	1474
189870549	1474
189870708	1474
189870827	1474
190664704	1474
190665021	1474
190665138	1474
190665253	1474
190665365	1474
190665484	1474
190665604	1474
190665712	1474
190665808	1474
190665918	1474
190666044	1474
190666158	1474
190666256	1474
190666380	1474
190666500	1474
190666614	1474
190666743	1474
191202184	1474
191202288	1474
191202388	1474
191202509	1474
191202632	1474
191202810	1474
191202907	1474
191203002	1474
191203094	1474
191203191	1474
191203374	1474
191203497	1474
191203604	1474
191203700	1474
191203821	1474
191203917	1474
192002510	1474
192002662	1474
192002852	1474
192003002	1474
192003141	1474
192003298	1474
192003462	1474
192003604	1474
192003766	1474
192003909	1474
192004048	1474
192004201	1474
192004341	1474
192004482	1474
192004618	1474
192004770	1474
192800539	1474
192800715	1474
192800911	1474
192801320	1474
192801491	1474
192801634	1474
192801797	1474
192802036	1474
192802191	1474
192802365	1474
192802503	1474
192802641	1474
192802827	1474
192802972	1474
192803118	1474
192803259	1474
192803443	1474
193601829	1474
193602024	1474
193602207	1474
193602416	1474
193602610	1474
193602961	1474
193603117	1474
193603259	1474
193603396	1474
193603536	1474
193603672	1474
193603812	1474
193603951	1474
193604097	1474
193604237	1474
193604374	1474
193604512	1474
194401810	1474
194401948	1474
194402158	1474
194402338	1474
194402539	1474
194402862	1474
194403013	1474
194403156	1474
194403319	1474
194403459	1474
194403600	1474
194403743	1474
194403879	1474
194404028	1474
194404168	1474
194404306	1474
194404448	1474
194404609	1474
195203475	1474
195203613	1474
195203778	1474
195203989	1474
195204136	1474
195204300	1474
195204438	1474
195204575	1474
195204711	1474
195204846	1474
195204992	1474
195205129	1474
195205288	1474
195205425	1474
195205560	1474
195205696	1474
195205832	1474
195998667	1474
195998950	1474
195999421	1474
195999631	1474
195999809	1474
196000044	1474
196000225	1474
196000362	1474
196000501	1474
196000635	1474
196000773	1474
196000935	1474
196001077	1474
196001211	1474
196001348	1474
196001484	1474
196001623	1474
196797392	1474
196797620	1474
196797776	1474
196797954	1474
196798160	1474
196798318	1474
196798543	1474
196798778	1474
196798992	1474
196799209	1474
196799387	1474
196799556	1474
196799696	1474
196799912	1474
196800054	1474
196800235	1474
196800379	1474
197602646	1474
197602843	1474
197602994	1474
197603130	1474
197603291	1474
197603429	1474
197603566	1474
197603703	1474
197603845	1474
197603982	1474
197604117	1474
197604252	1474
197604386	1474
197604521	1474
197604655	1474
197604797	1474
197604935	1474
198400635	1474
198400732	1474
198400833	1474
198400939	1474
198401035	1474
198401129	1474
198401224	1474
198401318	1474
198401412	1474
198401505	1474
198401599	1474
198401696	1474
198401790	1474
198401898	1474
198401994	1474
198402115	1474
198402210	1474
198402329	1474
199199824	1474
199199964	1474
199200100	1474
199200314	1474
199200509	1474
199200680	1474
199200805	1474
199200926	1474
199201049	1474
199201169	1474
199201291	1474
199201419	1474
199201558	1474
199201702	1474
199201862	1474
199202003	1474
199202159	1474
199996867	1474
199997178	1474
199997328	1474
199997469	1474
199997895	1474
199998109	1474
199998324	1474
199998477	1474
199998661	1474
199998975	1474
199999116	1474
199999255	1474
199999396	1474
199999531	1474
199999779	1474
199999970	1474
200000463	1474
200000633	1474
200799442	1474
200799544	1474
200799754	1474
200799872	1474
200799999	1474
200800190	1474
200800289	1474
200800408	1474
200800503	1474
200800602	1474
200800710	1474
200800808	1474
200800905	1474
200801004	1474
200801100	1474
200801196	1474
200801291	1474
201599918	1474
201600041	1474
201600313	1474
201600625	1474
201600721	1474
201600816	1474
201600997	1474
201601099	1474
201601196	1474
201601292	1474
201601390	1474
201601504	1474
201601603	1474
201601795	1474
201601917	1474
201602038	1474
201606190	1474
202400106	1474
202400708	1474
202400970	1474
202401075	1474
202401229	1474
202401449	1474
202401548	1474
202401672	1474
202401795	1474
202401908	1474
202402028	1474
202402162	1474
202402279	1474
202402377	1474
202402488	1474
202402624	1474
202402778	1474
203200789	1474
203200960	1474
203201104	1474
203201286	1474
203201487	1474
203201681	1474
203201822	1474
203201958	1474
203202180	1474
203202321	1474
203202458	1474
203202609	1474
203202794	1474
203202969	1474
203203152	1474
203203291	1474
203203430	1474
203203574	1474
204000464	1474
204000607	1474
204000746	1474
204001003	1474
204001255	1474
204001490	1474
204001664	1474
204001804	1474
204001943	1474
204002106	1474
204002245	1474
204002408	1474
204002559	1474
204002749	1474
204002898	1474
204003037	1474
204003175	1474
204003314	1474
204799832	1474
204799935	1474
204800055	1474
204800152	1474
204800385	1474
204800500	1474
204800638	1474
204800754	1474
204800852	1474
204800949	1474
204801045	1474
204801147	1474
204801244	1474
204801345	1474
204801449	1474
204801548	1474
204801666	1474
204801763	1474
205600658	1474
205600806	1474
205600944	1474
205601086	1474
205601224	1474
205601376	1474
205601539	1474
205601680	1474
205601837	1474
205602003	1474
205602143	1474
205602291	1474
205602433	1474
205602577	1474
205602763	1474
205602907	1474
205603046	1474
205603185	1474
206663458	1474
206663673	1474
206663801	1474
206663919	1474
206664019	1474
206664146	1474
206664241	1474
206664355	1474
206664468	1474
206664599	1474
206664688	1474
206664785	1474
206664884	1474
206664991	1474
206665091	1474
206665206	1474
206665452	1474
206665591	1474
207465166	1474
207465290	1474
207465404	1474
207465510	1474
207465607	1474
207465706	1474
207465804	1474
207465903	1474
207466027	1474
207466135	1474
207466234	1474
207466340	1474
207466441	1474
207466565	1474
207466752	1474
207466856	1474
207466953	1474
207997625	1474
207997872	1474
207997988	1474
207998176	1474
207998295	1474
207998397	1474
207998626	1474
207998771	1474
207999465	1474
207999569	1474
207999804	1474
207999945	1474
208000047	1474
208000159	1474
208000325	1474
208000428	1474
208000543	1474
209066144	1474
209067175	1474
209067296	1474
209067416	1474
209067516	1474
209067644	1474
209067854	1474
209067955	1474
209068059	1474
209068158	1474
209068267	1474
209068367	1474
209068463	1474
209068570	1474
209068667	1474
209068766	1474
209068866	1474
209068963	1474
209864924	1474
209865024	1474
209865154	1474
209865275	1474
209865516	1474
209865664	1474
209866259	1474
209866393	1474
209866604	1474
209866765	1474
209866884	1474
209867008	1474
209867115	1474
209867226	1474
209867319	1474
209867441	1474
209867565	1474
210396446	1474
210396765	1474
210396870	1474
210396984	1474
210397077	1474
210397220	1474
210397323	1474
210397425	1474
210397528	1474
210397634	1474
210397765	1474
210398020	1474
210398527	1474
210398646	1474
210398829	1474
210398971	1474
210399073	1474
211462487	1474
211463283	1474
211463395	1474
211463610	1474
211463715	1474
211463826	1474
211463932	1474
211464042	1474
211464157	1474
211464270	1474
211464393	1474
211464496	1474
211464606	1474
211464704	1474
211464809	1474
211464897	1474
211464992	1474
211465103	1474
212266749	1474
212266911	1474
212267053	1474
212267274	1474
212267473	1474
212267685	1474
212267826	1474
212268006	1474
212268145	1474
212268285	1474
212268425	1474
212268565	1474
212268704	1474
212268845	1474
212268995	1474
212269133	1474
212269272	1474
212269409	1474
213064806	1474
213064901	1474
213065036	1474
213065154	1474
213065265	1474
213065373	1474
213065568	1474
213065718	1474
213065831	1474
213066334	1474
213066491	1474
213066597	1474
213066730	1474
213066854	1474
213066986	1474
213067105	1474
213067229	1474
213067326	1474
213866111	1474
213866229	1474
213866329	1474
213866429	1474
213866528	1474
213866660	1474
213866764	1474
213866863	1474
213866984	1474
213867084	1474
213867203	1474
213867347	1474
213867443	1474
213867577	1474
213867699	1474
213867803	1474
213867910	1474
213868018	1474
214665599	1474
214665862	1474
214666093	1474
214666290	1474
214666549	1474
214666693	1474
214667011	1474
214667156	1474
214667298	1474
214667436	1474
214667576	1474
214667713	1474
214667895	1474
214668034	1474
214668173	1474
214668316	1474
214675084	1474
215465111	1474
215465212	1474
215465319	1474
215465418	1474
215465531	1474
215465814	1474
215465929	1474
215466036	1474
215466133	1474
215466233	1474
215466330	1474
215466452	1474
215466550	1474
215466690	1474
215466845	1474
215466952	1474
215467067	1474
216262172	1474
216262321	1474
216262837	1474
216263123	1474
216263321	1474
216263992	1474
216264099	1474
216264194	1474
216264300	1474
216264398	1474
216264508	1474
216264616	1474
216264708	1474
216264808	1474
216264906	1474
216265007	1474
216265101	1474
216265214	1474
217062047	1474
217062292	1474
217062414	1474
217062505	1474
217062600	1474
217062775	1474
217062874	1474
217062971	1474
217063171	1474
217063272	1474
217063368	1474
217063821	1474
217063975	1474
217064073	1474
217064170	1474
217064285	1474
217862051	1474
217862369	1474
217862472	1474
217862566	1474
217862764	1474
217862884	1474
217862983	1474
217863236	1474
217863340	1474
217864261	1474
217864431	1474
217864533	1474
217864658	1474
217864784	1474
217864900	1474
217865000	1474
217865099	1474
217865204	1474
218661797	1474
218661977	1474
218662079	1474
218662177	1474
218662275	1474
218662373	1474
218662470	1474
218662588	1474
218662749	1474
218662849	1474
218662948	1474
218663046	1474
218663144	1474
218663243	1474
218663340	1474
218663441	1474
219461808	1474
219461962	1474
219462091	1474
219462189	1474
219462291	1474
219462404	1474
219462540	1474
219462934	1474
219463621	1474
219463733	1474
219463895	1474
219463997	1474
219464097	1474
219464308	1474
219464455	1474
219464619	1474
219464812	1474
219465307	1474
220261591	1474
220261921	1474
220262017	1474
220262120	1474
220262217	1474
220262319	1474
220262468	1474
220262603	1474
220262737	1474
220262865	1474
220262966	1474
220263081	1474
220263305	1474
220263410	1474
220264267	1474
220264442	1474
220264721	1474
220264981	1474
221061638	1474
221061884	1474
221062046	1474
221062158	1474
221062271	1474
221062366	1474
221062640	1474
221062832	1474
221063257	1474
221063563	1474
221063681	1474
221063779	1474
221063898	1474
221063998	1474
221064112	1474
221064212	1474
221064312	1474
221861876	1474
221862132	1474
221862248	1474
221862346	1474
221862446	1474
221862586	1474
221862727	1474
221862960	1474
221863062	1474
221863153	1474
221863475	1474
221863662	1474
221863764	1474
221863861	1474
221863956	1474
221864050	1474
221864246	1474
221864349	1474
222661808	1474
222662115	1474
222662217	1474
222662515	1474
222662620	1474
222663463	1474
222663561	1474
222663684	1474
222663780	1474
222663877	1474
222664091	1474
222664192	1474
222664696	1474
222664847	1474
222664943	1474
222665041	1474
222665137	1474
222665230	1474
223461322	1474
223461627	1474
223461768	1474
223461886	1474
223462012	1474
223462247	1474
223462371	1474
223462498	1474
223463345	1474
223463452	1474
223463715	1474
223464035	1474
223464282	1474
223464403	1474
223465079	1474
223465254	1474
223465361	1474
224260964	1474
224261407	1474
224261503	1474
224261758	1474
224261868	1474
224262311	1474
224262438	1474
224262644	1474
224264219	1474
224264592	1474
224264714	1474
224265221	1474
224265334	1474
224265461	1474
224265562	1474
224265660	1474
224265758	1474
224265855	1474
225061336	1474
225061655	1474
225061760	1474
225061879	1474
225062109	1474
225062263	1474
225063064	1474
225063171	1474
225063404	1474
225063513	1474
225063627	1474
225063723	1474
225063856	1474
225063985	1474
225064093	1474
225064189	1474
225064327	1474
225860797	1474
225861007	1474
225861243	1474
225861348	1474
225861465	1474
225861581	1474
225861701	1474
225861800	1474
225861916	1474
225862080	1474
225862327	1474
225863003	1474
225863292	1474
225863395	1474
225863510	1474
225863653	1474
225863757	1474
225863974	1474
226661080	1474
226661244	1474
226661339	1474
226661437	1474
226661535	1474
226661647	1474
226661829	1474
226662107	1474
226662386	1474
226662491	1474
226663814	1474
226664197	1474
226664443	1474
226664546	1474
226664804	1474
226664900	1474
226665001	1474
226665098	1474
227462244	1474
227462571	1474
227462709	1474
227462948	1474
227463104	1474
227463769	1474
227463975	1474
227464077	1474
227464600	1474
227464705	1474
227464880	1474
227465002	1474
227465104	1474
227465202	1474
227465298	1474
227465395	1474
227465490	1474
227465586	1474
228261255	1474
228261493	1474
228261594	1474
228261689	1474
228261788	1474
228261881	1474
228261977	1474
228262156	1474
228262251	1474
228262345	1474
228262439	1474
228262533	1474
228262678	1474
228262778	1474
228262876	1474
228262969	1474
228263149	1474
229060941	1474
229061252	1474
229061348	1474
229061550	1474
229061676	1474
229061776	1474
229061868	1474
229062000	1474
229062127	1474
229062243	1474
229062343	1474
229062436	1474
229062558	1474
229062694	1474
229062791	1474
229062934	1474
229063047	1474
229860864	1474
229861152	1474
229861302	1474
229861414	1474
229861517	1474
229861621	1474
229861746	1474
229861965	1474
229862075	1474
229862176	1474
229862276	1474
229862396	1474
229862523	1474
229862643	1474
229862861	1474
229862973	1474
229863094	1474
229863220	1474
230930087	1474
230930356	1474
230930504	1474
230931026	1474
230931137	1474
230931246	1474
230931368	1474
230931466	1474
230931582	1474
230931694	1474
230931814	1474
230931923	1474
230932036	1474
230932162	1474
230932261	1474
230932370	1474
230932493	1474
230932618	1474
231728701	1474
231728991	1474
231729129	1474
231729929	1474
231730050	1474
231730147	1474
231730241	1474
231730379	1474
231730475	1474
231730572	1474
231730735	1474
231730839	1474
231730959	1474
231731079	1474
231731229	1474
231731321	1474
231731416	1474
231731505	1474
232527192	1474
232527350	1474
232527548	1474
232527674	1474
232527797	1474
232527902	1474
232528184	1474
232528290	1474
232528889	1474
232528999	1474
232529261	1474
232529358	1474
232529457	1474
232529555	1474
232529661	1474
232529849	1474
232529961	1474
232530088	1474
233326563	1474
233326851	1474
233327054	1474
233327166	1474
233327270	1474
233327389	1474
233327664	1474
233327783	1474
233327913	1474
233328044	1474
233328525	1474
233328654	1474
233328869	1474
233328968	1474
233329631	1474
233329891	1474
233330017	1474
234127105	1474
234127402	1474
234127505	1474
234127711	1474
234127816	1474
234127937	1474
234128057	1474
234128180	1474
234128377	1474
234128482	1474
234128596	1474
234129550	1474
234129819	1474
234129950	1474
234130548	1474
234130821	1474
234130933	1474
234926890	1474
234927147	1474
234927274	1474
234927380	1474
234927474	1474
234927567	1474
234927673	1474
234927796	1474
234927895	1474
234928022	1474
234928192	1474
234928535	1474
234928688	1474
234928788	1474
234928885	1474
234928981	1474
234929068	1474
235726709	1474
235727103	1474
235727287	1474
235727389	1474
235727616	1474
235727765	1474
235728306	1474
235728412	1474
235728506	1474
235728608	1474
235728751	1474
235728851	1474
235728945	1474
235729033	1474
235729124	1474
235729245	1474
235729353	1474
235729478	1474
236527141	1474
236527335	1474
236527444	1474
236527545	1474
236527663	1474
236527835	1474
236528240	1474
236528389	1474
236528502	1474
236528600	1474
236528691	1474
236528809	1474
236528909	1474
236529004	1474
236529093	1474
236529183	1474
237327067	1474
237327419	1474
237327732	1474
237327835	1474
237328338	1474
237328458	1474
237328556	1474
237328653	1474
237328747	1474
237328843	1474
237328940	1474
237329040	1474
237329135	1474
237329232	1474
237329352	1474
237329569	1474
237330010	1474
237330115	1474
238126437	1474
238126827	1474
238126922	1474
238127008	1474
238127114	1474
238127202	1474
238127304	1474
238127413	1474
238127526	1474
238127707	1474
238127795	1474
238128398	1474
238128492	1474
238128602	1474
238128692	1474
238128787	1474
238128878	1474
238128965	1474
238659809	1474
238660108	1474
238660240	1474
238660351	1474
238660437	1474
238660518	1474
238660601	1474
238660697	1474
238660822	1474
238660927	1474
238661009	1474
238661089	1474
238661180	1474
238661303	1474
238661407	1474
238661497	1474
239459495	1474
239459828	1474
239459921	1474
239460014	1474
239460100	1474
239460186	1474
239460271	1474
239460355	1474
239460454	1474
239460538	1474
239460623	1474
239460706	1474
239460789	1474
239460871	1474
239460954	1474
239461037	1474
240259314	1474
240259457	1474
240259670	1474
240259780	1474
240259901	1474
240260102	1474
240260378	1474
240260477	1474
240260597	1474
240260687	1474
240260778	1474
240260898	1474
240260991	1474
240261085	1474
240261185	1474
240261281	1474
240261375	1474
241059333	1474
241059480	1474
241059726	1474
241059823	1474
241059924	1474
241060297	1474
241060477	1474
241060588	1474
241060686	1474
241060798	1474
241060892	1474
241060985	1474
241061182	1474
241061287	1474
241061398	1474
241061507	1474
241061604	1474
241859494	1474
241859734	1474
241859833	1474
241860102	1474
241860195	1474
241860277	1474
241860373	1474
241860475	1474
241860585	1474
241860672	1474
241860775	1474
241860863	1474
241860969	1474
241861068	1474
241861153	1474
241861241	1474
241861328	1474
242659163	1474
242659305	1474
242659511	1474
242659611	1474
242659703	1474
242659805	1474
242659903	1474
242660019	1474
242660139	1474
242660235	1474
242660329	1474
242660419	1474
242660527	1474
242660638	1474
242660733	1474
242660833	1474
242660928	1474
242661030	1474
243459236	1474
243459340	1474
243459539	1474
243459649	1474
243459734	1474
243459828	1474
243460110	1474
243460204	1474
243460317	1474
243460423	1474
243460507	1474
243460591	1474
243460688	1474
243460795	1474
243460912	1474
243461004	1474
243461094	1474
243461196	1474
244526011	1474
244526157	1474
244526246	1474
244526366	1474
244526475	1474
244526717	1474
244526827	1474
244527037	1474
244527139	1474
244527789	1474
244527956	1474
244528057	1474
244528221	1474
244528324	1474
244528434	1474
244528542	1474
244528635	1474
244528729	1474
245059069	1474
245059215	1474
245059396	1474
245059497	1474
245059601	1474
245059695	1474
245059806	1474
245059934	1474
245060030	1474
245060143	1474
245060256	1474
245060363	1474
245060464	1474
245060563	1474
245060703	1474
245060800	1474
245858810	1474
245858958	1474
245859051	1474
245859148	1474
245859254	1474
245859352	1474
245859455	1474
245859569	1474
245859694	1474
245859814	1474
245859912	1474
245860010	1474
245860121	1474
245860229	1474
245860326	1474
245860430	1474
245860527	1474
246660943	1474
246661079	1474
246661196	1474
246661302	1474
246661406	1474
246661648	1474
246661761	1474
246661861	1474
246661961	1474
246662062	1474
246662160	1474
246662280	1474
246662378	1474
246662478	1474
246662604	1474
246662765	1474
246662859	1474
246662976	1474
247458845	1474
247458985	1474
247459267	1474
247459367	1474
247459483	1474
247459601	1474
247459698	1474
247459818	1474
247459934	1474
247460048	1474
247460145	1474
247460267	1474
247460382	1474
247460481	1474
247460580	1474
247460672	1474
247460783	1474
248260557	1474
248260680	1474
248260775	1474
248260871	1474
248260981	1474
248261080	1474
248261177	1474
248261277	1474
248261373	1474
248261471	1474
248261585	1474
248261691	1474
248261788	1474
248261889	1474
248262000	1474
248262097	1474
248262197	1474
248262295	1474
249325307	1474
249325443	1474
249325535	1474
249325769	1474
249325940	1474
249326046	1474
249326341	1474
249326453	1474
249326830	1474
249326942	1474
249327040	1474
249327136	1474
249327234	1474
249327332	1474
249327427	1474
249327537	1474
249327645	1474
249327768	1474
249861239	1474
249861336	1474
249861447	1474
249861559	1474
249861674	1474
249861795	1474
249861886	1474
249861985	1474
249862083	1474
249862197	1474
249862323	1474
249862429	1474
249862527	1474
249862658	1474
249862837	1474
249862951	1474
250658282	1474
250658415	1474
250658884	1474
250659172	1474
250659277	1474
250659366	1474
250659717	1474
250659828	1474
250659918	1474
250660052	1474
250660147	1474
250660262	1474
250660381	1474
250660478	1474
250660584	1474
250660702	1474
250662804	1474
251460616	1474
251460699	1474
251460795	1474
251460904	1474
251461147	1474
251461251	1474
251461391	1474
251461528	1474
251461628	1474
251461730	1474
251461848	1474
251461944	1474
251462038	1474
251462141	1474
251462237	1474
251462335	1474
252259978	1474
252260083	1474
252260201	1474
252260309	1474
252260429	1474
252260654	1474
252260787	1474
252260900	1474
252261023	1474
252261128	1474
252261235	1474
252261354	1474
252261482	1474
252261583	1474
252261736	1474
252261858	1474
252261957	1474
253060092	1474
253060183	1474
253060287	1474
253060382	1474
253060474	1474
253060571	1474
253060667	1474
253060794	1474
253060895	1474
253060995	1474
253061086	1474
253061201	1474
253061292	1474
253061450	1474
253061549	1474
253061673	1474
253061798	1474
253061942	1474
253860253	1474
253860365	1474
253860465	1474
253860595	1474
253860700	1474
253860924	1474
253861031	1474
253861137	1474
253861238	1474
253861378	1474
253861478	1474
253861603	1474
253861727	1474
253861842	1474
253861940	1474
253862041	1474
253862140	1474
253862240	1474
254660415	1474
254660519	1474
254660618	1474
254660815	1474
254661016	1474
254661291	1474
254661401	1474
254661502	1474
254661765	1474
254661868	1474
254661968	1474
254662094	1474
254662218	1474
254662332	1474
254662430	1474
254662530	1474
254662697	1474
255457678	1474
255457881	1474
255458084	1474
255458317	1474
255458463	1474
255458603	1474
255458825	1474
255458989	1474
255459132	1474
255459284	1474
255459425	1474
255459570	1474
255459708	1474
255459850	1474
255459990	1474
255460135	1474
255460311	1474
256257958	1474
256258096	1474
256258453	1474
256258593	1474
256258914	1474
256259049	1474
256259207	1474
256259311	1474
256259408	1474
256259527	1474
256259649	1474
256259750	1474
256259872	1474
256259972	1474
256260085	1474
256260214	1474
256260314	1474
256260428	1474
257058000	1474
257058418	1474
257058519	1474
257058794	1474
257058900	1474
257058988	1474
257059096	1474
257059219	1474
257059344	1474
257059484	1474
257059607	1474
257059722	1474
257059811	1474
257059912	1474
257060019	1474
257060111	1474
257857939	1474
257858216	1474
257858320	1474
257858432	1474
257858583	1474
257858834	1474
257858956	1474
257859089	1474
257859205	1474
257859322	1474
257859433	1474
257859532	1474
257859645	1474
257859760	1474
257859859	1474
257859983	1474
257860090	1474
257860193	1474
258657521	1474
258657971	1474
258658112	1474
258658322	1474
258658564	1474
258658704	1474
258659106	1474
258659212	1474
258659312	1474
258659443	1474
258659538	1474
258659681	1474
258659813	1474
258659922	1474
258660037	1474
258660145	1474
258660246	1474
259460096	1474
259460215	1474
259460332	1474
259460429	1474
259460543	1474
259460684	1474
259460786	1474
259460901	1474
259461017	1474
259461211	1474
259461304	1474
259461403	1474
259461505	1474
259461605	1474
259461703	1474
259461822	1474
259461939	1474
260258440	1474
260258813	1474
260258961	1474
260259077	1474
260259198	1474
260259343	1474
260259446	1474
260259568	1474
260259683	1474
260259783	1474
260259900	1474
260260007	1474
260260107	1474
260260248	1474
260260364	1474
260260465	1474
260260568	1474
261057725	1474
261057878	1474
261058116	1474
261058463	1474
261058760	1474
261058869	1474
261058966	1474
261059125	1474
261059254	1474
261059375	1474
261059489	1474
261059587	1474
261059698	1474
261059845	1474
261059957	1474
261060059	1474
261060159	1474
261060281	1474
261857453	1474
261857605	1474
261857710	1474
261857810	1474
261857989	1474
261858134	1474
261858252	1474
261858352	1474
261858455	1474
261858555	1474
261858750	1474
261858854	1474
261858989	1474
261859106	1474
261859204	1474
261859318	1474
261859432	1474
261859532	1474
262658026	1474
262658224	1474
262658380	1474
262658487	1474
262658642	1474
262658783	1474
262659035	1474
262659142	1474
262659235	1474
262659341	1474
262659439	1474
262659554	1474
262659677	1474
262659774	1474
262659916	1474
262660060	1474
262660186	1474
262660283	1474
263456723	1474
263456959	1474
263457307	1474
263457413	1474
263457528	1474
263457649	1474
263457762	1474
263457877	1474
263457981	1474
263458107	1474
263458210	1474
263458328	1474
263458424	1474
263458551	1474
263458729	1474
263458857	1474
263458959	1474
264256615	1474
264256839	1474
264257044	1474
264257160	1474
264257260	1474
264257361	1474
264257477	1474
264257600	1474
264257698	1474
264257816	1474
264257930	1474
264258027	1474
264258125	1474
264258223	1474
264258342	1474
264258443	1474
264258568	1474
265059436	1474
265059541	1474
265059651	1474
265059749	1474
265059872	1474
265060017	1474
265060143	1474
265060385	1474
265060485	1474
265060606	1474
265060711	1474
265060812	1474
265060946	1474
265061055	1474
265061153	1474
265061255	1474
265061355	1474
265859232	1474
265859376	1474
265859477	1474
265859601	1474
265859710	1474
265859826	1474
265859923	1474
265860029	1474
265860152	1474
265860254	1474
265860369	1474
265860493	1474
265860638	1474
265860746	1474
265860993	1474
265861097	1474
265861207	1474
265861331	1474
266656499	1474
266656733	1474
266657324	1474
266657529	1474
266657784	1474
266657928	1474
266658093	1474
266658230	1474
266658368	1474
266658526	1474
266658731	1474
266658879	1474
266659017	1474
266659154	1474
266659292	1474
266659431	1474
266659600	1474
267457048	1474
267457198	1474
267457629	1474
267457730	1474
267458013	1474
267458144	1474
267458235	1474
267458338	1474
267458471	1474
267458592	1474
267458758	1474
267458865	1474
267459084	1474
267459196	1474
267459290	1474
267459392	1474
267459500	1474
267459646	1474
268256725	1474
268256917	1474
268257063	1474
268257202	1474
268257345	1474
268257489	1474
268257748	1474
268257917	1474
268258055	1474
268258194	1474
268258358	1474
268258504	1474
268258668	1474
268258856	1474
268259045	1474
268259215	1474
268259567	1474
268259710	1474
269322990	1474
269323451	1474
269324059	1474
269324277	1474
269324645	1474
269324794	1474
269324985	1474
269325520	1474
269325734	1474
269325963	1474
269326367	1474
269326498	1474
269326679	1474
269326879	1474
269327006	1474
269327130	1474
269327253	1474
269327385	1474
270124155	1474
270125907	1474
270126240	1474
270126450	1474
270126692	1474
270126854	1474
270127029	1474
270127153	1474
270127282	1474
270127407	1474
270127528	1474
270127652	1474
270127773	1474
270127895	1474
270128015	1474
270128154	1474
270128285	1474
270927047	1474
270927151	1474
270927253	1474
270927384	1474
270927483	1474
270927582	1474
270927680	1474
270927779	1474
270927879	1474
270927980	1474
270928080	1474
270928179	1474
270928279	1474
270928389	1474
270928506	1474
270928605	1474
270928706	1474
270928806	1474
271723638	1474
271724063	1474
271724741	1474
271724948	1474
271725079	1474
271725823	1474
271726028	1474
271726140	1474
271726236	1474
271726785	1474
271726893	1474
271727035	1474
271727159	1474
271727262	1474
271727352	1474
271727446	1474
271727546	1474
271727642	1474
272522608	1474
272522883	1474
272523487	1474
272523604	1474
272523759	1474
272524238	1474
272524496	1474
272524597	1474
272524686	1474
272524797	1474
272524912	1474
272525011	1474
272525130	1474
272525240	1474
272525341	1474
272525467	1474
272525729	1474
272525841	1474
273322802	1474
273323013	1474
273323927	1474
273324263	1474
273324415	1474
273324531	1474
273325420	1474
273325791	1474
273326046	1474
273326167	1474
273326283	1474
273326381	1474
273326488	1474
273326590	1474
273326723	1474
273326838	1474
273326937	1474
273327045	1474
274122426	1474
274122898	1474
274123011	1474
274123184	1474
274123283	1474
274123378	1474
274123472	1474
274123595	1474
274123708	1474
274123865	1474
274124109	1474
274124347	1474
274124441	1474
274124540	1474
274124747	1474
274124853	1474
274124961	1474
274923053	1474
274923425	1474
274923560	1474
274923684	1474
274923780	1474
274923883	1474
274924005	1474
274924104	1474
274924210	1474
274924310	1474
274924502	1474
274924607	1474
274925521	1474
274925736	1474
274925891	1474
274926418	1474
274926576	1474
274926707	1474
275722778	1474
275723289	1474
275723576	1474
275723791	1474
275724420	1474
275724602	1474
275724847	1474
275724996	1474
275725137	1474
275725301	1474
275725478	1474
275725687	1474
275726257	1474
275726422	1474
275726640	1474
275726809	1474
275726940	1474
275727095	1474
276526043	1474
276526168	1474
276526269	1474
276526384	1474
276526524	1474
276526640	1474
276526826	1474
276527019	1474
276527136	1474
276527235	1474
276527329	1474
276527472	1474
276527576	1474
276527714	1474
276527850	1474
276527969	1474
276528064	1474
276528183	1474
277325422	1474
277325564	1474
277325823	1474
277325947	1474
277326237	1474
277326360	1474
277326482	1474
277326688	1474
277326795	1474
277326898	1474
277326994	1474
277327093	1474
277327203	1474
277327305	1474
277327406	1474
277327504	1474
277327626	1474
278124251	1474
278124342	1474
278124428	1474
278124520	1474
278124742	1474
278124861	1474
278124958	1474
278125053	1474
278125149	1474
278125242	1474
278125393	1474
278125486	1474
278125575	1474
278125662	1474
278125787	1474
278125886	1474
278125982	1474
278126077	1474
279188462	1474
279188687	1474
279188810	1474
279189106	1474
279189212	1474
279189304	1474
279189422	1474
279189518	1474
279189617	1474
279189716	1474
279189822	1474
279189920	1474
279190020	1474
279190145	1474
279190243	1474
279190366	1474
279190465	1474
279190564	1474
279724895	1474
279724998	1474
279725126	1474
279725253	1474
279725368	1474
279725482	1474
279725581	1474
279725688	1474
279725788	1474
279725913	1474
279726013	1474
279726112	1474
279726212	1474
279726310	1474
279726408	1474
279726508	1474
280524773	1474
280524874	1474
280524973	1474
280525073	1474
280525201	1474
280525432	1474
280525538	1474
280525655	1474
280525784	1474
280525888	1474
280525987	1474
280526086	1474
280526195	1474
280526292	1474
280526408	1474
280526508	1474
280526746	1474
281324312	1474
281324420	1474
281324516	1474
281324612	1474
281324724	1474
281324823	1474
281325080	1474
281325207	1474
281325307	1474
281325404	1474
281325501	1474
281325598	1474
281325773	1474
281325869	1474
281325989	1474
281326085	1474
281326180	1474
281326275	1474
282121901	1474
282122207	1474
282122346	1474
282122442	1474
282122578	1474
282122748	1474
282122870	1474
282123038	1474
282123673	1474
282123778	1474
282123875	1474
282123971	1474
282124067	1474
282124188	1474
282124284	1474
282124379	1474
282124477	1474
282924372	1474
282924525	1474
282924711	1474
282924928	1474
282925091	1474
282925231	1474
282925370	1474
282925519	1474
282925664	1474
282925806	1474
282925943	1474
282926083	1474
282926221	1474
282926361	1474
282926500	1474
282926646	1474
282926861	1474
283723658	1474
283723760	1474
283723855	1474
283723951	1474
283724047	1474
283724139	1474
283724232	1474
283724325	1474
283724429	1474
283724535	1474
283724631	1474
283724728	1474
283724823	1474
283724917	1474
283725011	1474
283725106	1474
283725198	1474
284524198	1474
284524293	1474
284524388	1474
284524490	1474
284524585	1474
284524674	1474
284524768	1474
284524970	1474
284525073	1474
284525168	1474
284525262	1474
284525358	1474
284525462	1474
284525561	1474
284525655	1474
284525754	1474
285323305	1474
285323414	1474
285323511	1474
285323611	1474
285323706	1474
285323928	1474
285324031	1474
285324127	1474
285324222	1474
285324316	1474
285324543	1474
285324643	1474
285324737	1474
285324832	1474
285324932	1474
285325028	1474
285325122	1474
286124083	1474
286124184	1474
286124298	1474
286124679	1474
286124903	1474
286125026	1474
286125126	1474
286125274	1474
286125387	1474
286125496	1474
286125630	1474
286125728	1474
286125826	1474
286125923	1474
286126037	1474
286126134	1474
286126242	1474
286126357	1474
286921180	1474
286921504	1474
286921715	1474
286921881	1474
286922019	1474
286922161	1474
286922300	1474
286922440	1474
286922584	1474
286922747	1474
286922927	1474
286923070	1474
286923211	1474
286923348	1474
286923488	1474
286923641	1474
286923781	1474
287724419	1474
287724518	1474
287724643	1474
287724751	1474
287724906	1474
287725020	1474
287725322	1474
287725427	1474
287725533	1474
287725801	1474
287725941	1474
287726048	1474
287726141	1474
287726238	1474
287726337	1474
287726433	1474
287726531	1474
288525718	1474
288525821	1474
288525922	1474
288526038	1474
288526136	1474
288526246	1474
288526346	1474
288526453	1474
288526552	1474
288526687	1474
288526791	1474
288526892	1474
288526991	1474
288527104	1474
288527202	1474
288527315	1474
288527430	1474
289325372	1474
289325473	1474
289325667	1474
289325786	1474
289326044	1474
289326149	1474
289326267	1474
289326394	1474
289326546	1474
289326829	1474
289326940	1474
289327039	1474
289327144	1474
289327242	1474
289327348	1474
289327452	1474
289327548	1474
290125553	1474
290125669	1474
290125764	1474
290125888	1474
290126016	1474
290126138	1474
290126257	1474
290126407	1474
290126518	1474
290126700	1474
290126811	1474
290126932	1474
290127074	1474
290127170	1474
290127287	1474
290127395	1474
290127492	1474
290925456	1474
290925574	1474
290925685	1474
290925780	1474
290925888	1474
290926034	1474
290926158	1474
290926371	1474
290926472	1474
290926598	1474
290926759	1474
290926862	1474
290926964	1474
290927064	1474
290927162	1474
290927272	1474
290927383	1474
291723745	1474
291723892	1474
291724063	1474
291724159	1474
291724264	1474
291724390	1474
291724515	1474
291724738	1474
291724829	1474
291724926	1474
291725027	1474
291725123	1474
291725225	1474
291725317	1474
291725412	1474
291725525	1474
291725651	1474
291725775	1474
292256844	1474
292257003	1474
292257218	1474
292257330	1474
292257442	1474
292257534	1474
292257651	1474
292257757	1474
292258054	1474
292258161	1474
292258729	1474
292258836	1474
292258968	1474
292259088	1474
292259224	1474
292259329	1474
293060331	1474
293060442	1474
293060537	1474
293061052	1474
293061379	1474
293061477	1474
293061596	1474
293061693	1474
293061812	1474
293061965	1474
293062066	1474
293062186	1474
293062365	1474
293062463	1474
293062584	1474
293062743	1474
293861923	1474
293862024	1474
293862137	1474
293862236	1474
293862334	1474
293862459	1474
293862561	1474
293862802	1474
293862901	1474
293863051	1474
293863198	1474
293863302	1474
293863417	1474
293863538	1474
293863651	1474
293863772	1474
293863891	1474
294662037	1474
294662138	1474
294662236	1474
294662347	1474
294662600	1474
294662733	1474
294662975	1474
294663081	1474
294663173	1474
294663284	1474
294663382	1474
294663500	1474
294663624	1474
294663718	1474
294663813	1474
294663909	1474
294664029	1474
294664128	1474
295726133	1474
295726284	1474
295726937	1474
295727222	1474
295727353	1474
295727470	1474
295727567	1474
295727680	1474
295727801	1474
295727926	1474
295728044	1474
295728162	1474
295728258	1474
295728400	1474
295728521	1474
295728620	1474
295728735	1474
295728836	1474
296526003	1474
296526154	1474
296526317	1474
296526584	1474
296526860	1474
296527203	1474
296527306	1474
296527396	1474
296527538	1474
296527634	1474
296527756	1474
296527873	1474
296527973	1474
296528086	1474
296528205	1474
296528318	1474
296528413	1474
296528507	1474
297325787	1474
297325975	1474
297326634	1474
297326840	1474
297327051	1474
297327188	1474
297327278	1474
297327371	1474
297327477	1474
297327576	1474
297327696	1474
297327855	1474
297327955	1474
297328077	1474
297328188	1474
297328284	1474
297328402	1474
298126306	1474
298126568	1474
298126903	1474
298127023	1474
298127122	1474
298127315	1474
298127436	1474
298127546	1474
298127663	1474
298127782	1474
298127872	1474
298127965	1474
298128064	1474
298128164	1474
298128260	1474
298128400	1474
298128512	1474
298128621	1474
298925833	1474
298926051	1474
298926287	1474
298926383	1474
298926498	1474
298926631	1474
298926804	1474
298926913	1474
298927023	1474
298927115	1474
298927209	1474
298927312	1474
298927404	1474
298927503	1474
298927583	1474
298927666	1474
298927808	1474
299726258	1474
299726432	1474
299726566	1474
299726720	1474
299726826	1474
299726919	1474
299727013	1474
299727115	1474
299727211	1474
299727305	1474
299727424	1474
299727544	1474
299727639	1474
299727730	1474
299727823	1474
299727917	1474
299728010	1474
299728111	1474
300526962	1474
300527268	1474
300527374	1474
300527478	1474
300527570	1474
300527663	1474
300527753	1474
300527849	1474
300527942	1474
300528036	1474
300528128	1474
300528219	1474
300528312	1474
300528404	1474
300528510	1474
300528605	1474
300528698	1474
300528791	1474
301327359	1474
301328054	1474
301328283	1474
301328756	1474
301329016	1474
301329160	1474
301329302	1474
301329470	1474
301329606	1474
301329741	1474
301329895	1474
301330033	1474
301330200	1474
301330335	1474
301330472	1474
301330610	1474
301330808	1474
301331016	1474
302127744	1474
302128100	1474
302128222	1474
302128351	1474
302128478	1474
302128660	1474
302128767	1474
302128883	1474
302128985	1474
302129099	1474
302129381	1474
302129524	1474
302129641	1474
302129742	1474
302129866	1474
302129965	1474
302130065	1474
302130162	1474
302927391	1474
302927625	1474
302927897	1474
302928000	1474
302928100	1474
302928250	1474
302928353	1474
302928451	1474
302928577	1474
302928688	1474
302928800	1474
302928907	1474
302929007	1474
302929123	1474
302929239	1474
302929338	1474
302929451	1474
302929549	1474
303727711	1474
303728103	1474
303728203	1474
303728322	1474
303728421	1474
303728539	1474
303728635	1474
303728731	1474
303728826	1474
303728922	1474
303729044	1474
303729295	1474
303729402	1474
303730012	1474
303730213	1474
303730328	1474
303730427	1474
304529372	1474
304529528	1474
304529670	1474
304529868	1474
304529974	1474
304530072	1474
304531009	1474
304531185	1474
304531294	1474
304531408	1474
304531517	1474
304531633	1474
304531727	1474
304531834	1474
304531929	1474
304532050	1474
304532140	1474
304532240	1474
305595699	1474
305595858	1474
305596017	1474
305596114	1474
305596220	1474
305596331	1474
305596476	1474
305596703	1474
305596823	1474
305596933	1474
305597029	1474
305597128	1474
305597225	1474
305597346	1474
305597463	1474
305597558	1474
305597657	1474
305597776	1474
306128792	1474
306129024	1474
306129165	1474
306129264	1474
306129379	1474
306129478	1474
306129576	1474
306129674	1474
306129796	1474
306129898	1474
306130112	1474
306130310	1474
306131113	1474
306131249	1474
306131463	1474
306131594	1474
306929099	1474
306929249	1474
306929388	1474
306929489	1474
306929589	1474
306929686	1474
306929784	1474
306929883	1474
306929983	1474
306930255	1474
306930388	1474
306930488	1474
306930824	1474
306930935	1474
306931036	1474
306931135	1474
307730700	1474
307730855	1474
307731151	1474
307731277	1474
307731532	1474
307731716	1474
307732031	1474
307732136	1474
307732278	1474
307732400	1474
307732502	1474
307732606	1474
307732747	1474
307732850	1474
307732976	1474
307733188	1474
307735825	1474
308529849	1474
308529997	1474
308530243	1474
308530343	1474
308530455	1474
308530705	1474
308530828	1474
308531024	1474
308531161	1474
308531416	1474
308531517	1474
308531855	1474
308531958	1474
308532064	1474
308532278	1474
308532376	1474
308532476	1474
309330578	1474
309330728	1474
309330866	1474
309331009	1474
309331110	1474
309331336	1474
309331814	1474
309332068	1474
309332170	1474
309332261	1474
309332401	1474
309332502	1474
309332616	1474
309332853	1474
309332972	1474
309333210	1474
309336003	1474
310130801	1474
310131041	1474
310131184	1474
310131327	1474
310131468	1474
310131693	1474
310131920	1474
310132285	1474
310132499	1474
310132684	1474
310132836	1474
310132977	1474
310133120	1474
310133261	1474
310133399	1474
310133539	1474
310133717	1474
310930761	1474
310931000	1474
310931137	1474
310931245	1474
310931346	1474
310931650	1474
310931778	1474
310932041	1474
310932162	1474
310933011	1474
310933218	1474
310933322	1474
310933588	1474
310933691	1474
310934252	1474
310934357	1474
310934483	1474
310934616	1474
311731119	1474
311731369	1474
311731485	1474
311731725	1474
311731851	1474
311731974	1474
311732186	1474
311732968	1474
311733088	1474
311733304	1474
311733401	1474
311733510	1474
311733606	1474
311733715	1474
311733814	1474
311733938	1474
312531471	1474
312531678	1474
312531833	1474
312531976	1474
312532119	1474
312532285	1474
312532432	1474
312532675	1474
312532907	1474
312533328	1474
312533621	1474
312533808	1474
312533962	1474
312534104	1474
312534363	1474
312534565	1474
312534935	1474
312535141	1474
