11921075	58
11923854	54
12138464	1474
12138768	1474
12166387	1474
12166681	1474
12167083	1474
12167732	1474
12175235	1474
12175642	1474
12176089	1474
12176360	537
12295920	1474
12296253	1474
12296524	1474
12296739	1474
12297127	1474
12297337	1474
12297589	1474
12297824	1474
12298099	1474
12298363	1474
12298739	1474
12299041	818
12491019	1474
12491591	1474
12491849	110
12492182	1474
12492444	1474
12492762	1474
12492949	1474
12493255	1474
12493493	1474
12493639	1474
12493802	250
12494078	1474
12494365	82
12494548	1214
12494782	1474
12495018	1474
12495175	1474
12495404	1474
12495690	1474
12495881	194
12690956	1474
12691270	1474
12691460	1474
12691724	1474
12691938	1474
12692115	1474
12692315	1474
12692478	1474
12692643	278
12692857	1474
12693074	1474
12843180	1474
12843304	1474
12843427	1474
12843526	1474
12843638	1474
12843918	1474
12844173	222
12844617	1474
12844846	1474
12844952	110
12845229	1474
12845442	1474
12845687	1474
12845970	138
12846215	1474
14060401	1474
14074058	1474
14074438	1474
14095452	1474
14096001	1474
14096403	138
14096920	1474
14097405	1390
14133444	1474
14133983	1474
14134347	1474
14134904	1474
14135112	1474
14135755	138
14136087	1474
14136612	1474
14137067	1474
14137278	1390
14168480	1474
14168687	1474
14169240	1474
14169457	1474
14169596	1474
14169948	1474
14170578	1474
14172117	1474
14199105	1474
14199213	1474
14199317	1474
14199443	1474
14214830	1474
17060503	1474
17067717	1474
17068090	1474
17075356	1474
17075559	1474
17075937	1474
17085423	1474
17085734	527
17085970	1474
17086073	480
17086340	1474
17086550	444
17099763	1474
17100039	417
17100657	868
17100859	1474
17101238	802
17101444	1474
17101806	1474
17102132	1474
17102444	1474
17123410	1474
17123510	1474
17123607	1474
17123705	1474
17123803	1474
17139486	1474
17139690	1474
17139890	1474
17140264	1474
17152465	1474
17152834	1474
17153122	1474
17153544	1474
17153741	1474
17165803	1474
17166059	1474
17166342	1474
17166578	1474
17167061	1474
17167173	1474
17181732	1474
17182093	1474
17182398	1474
17182639	1474
17182782	1474
17182878	1474
17196777	1474
17196900	1474
17197009	1474
17197131	1474
17197224	1474
17197321	1474
17197442	1474
17213779	1474
17213981	1474
17214081	1474
17214176	1474
17214271	1474
17214397	1474
17226602	1474
17227018	1474
17227217	1474
17227416	1474
17227614	1474
17227820	1474
17228057	1474
17239464	1474
17239744	1474
17239959	1474
17240062	1474
17240160	1474
17240284	1474
17241604	1474
17241731	1474
17254358	1474
17254553	1474
17254867	1474
17255158	1474
17255505	1474
17255705	1474
17255948	1474
17256146	1474
17268533	1474
17268757	1474
17268993	1474
17269185	1474
17269389	1474
17269609	1474
17269823	1474
17270115	1474
17279851	1474
17280002	1474
17280103	1474
17280300	1474
17280660	1474
17280864	1474
17281212	1474
17281461	1474
17281569	1474
17289979	1474
17290181	1474
17290521	1474
17290621	1474
17290785	1474
17291062	1474
17291372	1474
17291716	1474
17291921	1474
17298496	1474
17298624	1474
17298879	1474
17299133	1474
17299325	1474
17299808	1474
17300046	1474
17300281	1474
17300386	1474
17300513	1474
17305975	1474
17306073	1474
17306167	1474
17306261	1474
17306354	328
17309838	1474
17310001	1474
17310098	1474
17310193	1474
17310288	1474
17310410	1474
17310736	1474
17311003	1474
17311110	1474
17311291	1370
17494619	1474
17494753	1474
17494872	1474
17495115	1474
17495245	1474
17495342	1474
17495548	1474
17495650	1474
17495766	1474
17496173	1474
17496272	1474
17496366	1474
17496459	1474
17496579	418
17680848	1474
17680969	1474
17681126	1474
17681221	1474
17681314	1474
17681411	1474
17681506	1474
17681704	1474
17681804	1474
17681909	1474
17682125	1474
17682311	1474
17682408	1474
17682501	1474
17682651	446
17869359	1474
17869573	1474
17869675	1474
17869995	1474
17870094	1474
17870253	1474
17870351	1474
17870446	1474
17870539	1474
17870658	1474
17870959	1474
17911882	1474
17912119	1474
17912213	1474
17912306	1474
17912401	1474
17912493	1474
17912585	1474
17912681	558
18058110	1474
18058383	1474
18058477	1474
18058569	1474
18058696	1474
18058794	1474
18058895	1474
18058992	1474
18059085	1474
18059177	1474
18059293	334
18059389	1474
18093322	1474
18093531	1474
18093631	1474
18093726	1474
18093818	1474
18093992	1474
18094152	1474
18094252	1474
18094376	1474
18094575	1474
18095184	1474
18360545	1474
18360753	1474
18360860	1474
18360957	1474
18361051	1474
18361144	1474
18361236	1474
18361353	1474
18361447	1474
18361645	1474
18361746	1474
18361840	1474
18399799	1474
18400095	1474
18400186	1474
18400284	1474
19161328	1474
19161432	1474
19161529	1474
19161930	1474
19162071	1474
19162163	1474
19162253	1474
19162345	1474
19162435	1474
19162526	1474
19162649	1474
19162746	1474
19208441	1474
19208534	1474
19208629	1474
19208720	1474
19208816	1474
19208918	1474
19209011	1474
19209103	1474
19209195	1474
19961974	1474
19962071	1474
19962162	1474
19962254	1474
19962373	1474
19962467	1474
19962588	1474
19962744	1474
19962965	1474
19963067	1474
19963163	1474
19963257	1474
20003636	1474
20003869	1474
20003964	1474
20760939	1474
20761289	1474
20761486	1474
20761711	1474
20761876	1474
20762015	1474
20762151	1474
20762292	1474
20762456	1474
20762595	1474
20762822	1474
20763002	1474
20805392	1474
20805487	1474
20805583	1474
20805676	1474
20805809	1474
20805904	1474
20806001	1474
20806095	1474
20806195	1474
21563452	1474
21563576	1474
21563673	1474
21563771	1474
21563863	1474
21563957	1474
21564049	1474
21564143	1474
21564234	1474
21564352	1474
21564445	1474
21564540	1474
21604418	1474
21604517	1474
21604612	1474
22359983	1474
22360158	1474
22360253	1474
22360372	1474
22360466	1474
22360559	1474
22360667	1474
22360761	1474
22360853	1474
22360948	1474
22361041	1474
22361134	1474
22399235	1474
22399349	1474
22399439	1474
22399532	1474
22399637	1474
22399732	1474
22399825	1474
22399919	1474
23160656	1474
23160755	1474
23160850	1474
23160948	1474
23161042	1474
23161137	1474
23161234	1474
23161330	1474
23161425	1474
23161520	1474
23161628	1474
23161724	1474
23161820	1474
23200956	1474
23201066	1474
23964340	1474
23964439	1474
23964551	1474
23964646	1474
23964741	1474
23964836	1474
23964931	1474
23965026	1474
23965121	1474
23965245	1474
23965357	1474
23965471	1474
23965604	1474
24004130	1474
24004228	1474
24004325	1474
24759937	1474
24760168	1474
24760527	1474
24760625	1474
24760847	1474
24760951	1474
24761237	1474
24761337	1474
24761432	1474
24761530	1474
24761626	1474
24761714	1474
24761805	1474
24764750	1474
24799225	1474
24799369	1474
24799460	1474
25561404	1474
25561506	1474
25561602	1474
25561703	1474
25561808	1474
25561968	1474
25562199	1474
25562446	1474
25562550	1474
25562647	1474
25562829	1474
25562941	1474
25563051	1474
25564871	1474
25602985	1474
25603096	1474
25603202	1474
25603301	1474
25603408	1474
25603509	1474
25603629	1474
25603729	1474
26363566	1474
26363693	1474
26363886	1474
26364254	1474
26364482	1474
26364584	1474
26364678	1474
26364778	1474
26364873	1474
26365078	1474
26365179	1474
26365279	1474
26365377	1474
26368827	1474
27159210	1474
27159485	1474
27159641	1474
27160244	1474
27160446	1474
27160543	1474
27160642	1474
27160739	1474
27160843	1474
27160941	1474
27161038	1474
27161134	1474
27161224	1474
27198931	1474
27199130	1474
27199230	1474
27199411	1474
27199509	1474
27199602	1474
27199726	1474
27199818	1474
27964821	1474
27964922	1474
27965021	1474
27965147	1474
27965357	1474
27965462	1474
27965559	1474
27965656	1474
27965752	1474
27965983	1474
27966223	1474
27966333	1474
27966619	1474
27966801	1474
27968694	1474
28759030	1474
28759340	1474
28759447	1474
28759686	1474
28759931	1474
28760046	1474
28760137	1474
28760368	1474
28760569	1474
28760658	1474
28760758	1474
28760879	1474
28760975	1474
28761074	1474
28762747	1474
28799092	1474
28799205	1474
29563222	1474
29563336	1474
29563641	1474
29564485	1474
29564594	1474
29564798	1474
29564925	1474
29565026	1474
29565181	1474
29565297	1474
29565422	1474
29565520	1474
29565621	1474
29565721	1474
29606960	1474
29607056	1474
29607154	1474
30358737	1474
30358886	1474
30359157	1474
30359325	1474
30359595	1474
30359700	1474
30360002	1474
30360365	1474
30360520	1474
30360639	1474
30360756	1474
30360857	1474
30360957	1474
30361056	1474
30363226	1474
30399176	1474
30399338	1474
31161330	1474
31161451	1474
31161567	1474
31161700	1474
31161812	1474
31161940	1474
31162251	1474
31162345	1474
31162443	1474
31162733	1474
31162839	1474
31162938	1474
31163067	1474
31163620	1474
31163886	1474
31202782	1474
31202982	1474
31959027	1474
31959285	1474
31959425	1474
31960191	1474
31960449	1474
31960594	1474
31960748	1474
31960886	1474
31961046	1474
31961248	1474
31961384	1474
31961519	1474
31961653	1474
31961811	1474
31961945	1474
31967555	1474
32003109	1474
32003246	1474
32758601	1474
32758856	1474
32759041	1474
32759187	1474
32759323	1474
32759481	1474
32759620	1474
32759781	1474
32759918	1474
32760069	1474
32760206	1474
32760342	1474
32760479	1474
32760615	1474
32760752	1474
32798612	1474
32798867	1474
33561170	1474
33561273	1474
33561373	1474
33561473	1474
33561575	1474
33561834	1474
33562052	1474
33562161	1474
33562259	1474
33562357	1474
33562456	1474
33562555	1474
33562697	1474
33562795	1474
33562958	1474
33563471	1474
33603057	1474
33603185	1474
34358301	1474
34358510	1474
34358652	1474
34358849	1474
34359067	1474
34359214	1474
34359442	1474
34359578	1474
34359717	1474
34359852	1474
34360004	1474
34360142	1474
34360280	1474
34360416	1474
34360598	1474
34399041	1474
34399194	1474
34399329	1474
35160068	1474
35160165	1474
35160260	1474
35160382	1474
35160481	1474
35160672	1474
35160776	1474
35160886	1474
35160982	1474
35161183	1474
35161392	1474
35161496	1474
35161592	1474
35161687	1474
35161781	1474
35161897	1474
35202371	1474
35959624	1474
35959738	1474
35959849	1474
35959946	1474
35960044	1474
35960142	1474
35960237	1474
35960359	1474
35960456	1474
35960552	1474
35960648	1474
35960745	1474
35960848	1474
35960942	1474
35961037	1474
36006450	1474
36006592	1474
36006733	1474
36759506	1474
36759605	1474
36759700	1474
36759807	1474
36759894	1474
36759989	1474
36760203	1474
36760307	1474
36760401	1474
36760497	1474
36760698	1474
36760828	1474
36761024	1474
36761128	1474
36761388	1474
36763504	1474
36763601	1474
36802041	1474
37560435	1474
37560540	1474
37560677	1474
37560830	1474
37560994	1474
37561224	1474
37561325	1474
37561427	1474
37561747	1474
37561874	1474
37561977	1474
37562079	1474
37562201	1474
37562304	1474
37562432	1474
37562574	1474
37564527	1474
38360465	1474
38360568	1474
38360678	1474
38360776	1474
38360870	1474
38360987	1474
38361088	1474
38361185	1474
38361281	1474
38361377	1474
38361470	1474
38361566	1474
38361675	1474
38361772	1474
38361868	1474
38361963	1474
38406018	1474
38406125	1474
39161690	1474
39161795	1474
39161894	1474
39162018	1474
39162171	1474
39162477	1474
39162732	1474
39162839	1474
39162937	1474
39163053	1474
39163177	1474
39163290	1474
39163387	1474
39163487	1474
39163616	1474
39163728	1474
39166833	1474
39960686	1474
39960799	1474
39960896	1474
39961008	1474
39961104	1474
39961201	1474
39961299	1474
39961423	1474
39961610	1474
39961713	1474
39961811	1474
39961910	1474
39962008	1474
39962133	1474
39962274	1474
39962377	1474
40003019	1474
40003126	1474
41027386	1474
41027557	1474
41027688	1474
41027785	1474
41027899	1474
41028023	1474
41028279	1474
41028457	1474
41028592	1474
41028896	1474
41029678	1474
41029885	1474
41029979	1474
41030098	1474
41030194	1474
41030317	1474
41030527	1474
41071659	1474
41824816	1474
41825181	1474
41825299	1474
41825414	1474
41825522	1474
41825639	1474
41825755	1474
41825852	1474
41825948	1474
41826045	1474
41826165	1474
41826254	1474
41826352	1474
41826460	1474
41826557	1474
41826727	1474
41865546	1474
41865660	1474
42626322	1474
42626430	1474
42626526	1474
42626645	1474
42626783	1474
42626877	1474
42626970	1474
42627068	1474
42627161	1474
42627255	1474
42627348	1474
42627454	1474
42627547	1474
42627640	1474
42627730	1474
42627821	1474
42665460	1474
42665679	1474
43424161	1474
43424423	1474
43424519	1474
43424614	1474
43424710	1474
43424803	1474
43424897	1474
43424995	1474
43425086	1474
43425180	1474
43425274	1474
43425380	1474
43425480	1474
43425575	1474
43425670	1474
43425764	1474
43425858	1474
43465282	1474
43959884	1474
43960049	1474
43960187	1474
43960323	1474
43960471	1474
43960607	1474
43960745	1474
43960882	1474
43961019	1474
43961155	1474
43961292	1474
43961443	1474
43961592	1474
43961729	1474
43961867	1474
43962003	1474
44759370	1474
44759477	1474
44759588	1474
44759706	1474
44759819	1474
44759945	1474
44760183	1474
44760321	1474
44760421	1474
44760519	1474
44760619	1474
44760717	1474
44760841	1474
44760964	1474
44761061	1474
44761159	1474
45559284	1474
45559434	1474
45559574	1474
45559711	1474
45559934	1474
45560127	1474
45560415	1474
45560585	1474
45560810	1474
45560949	1474
45561088	1474
45561233	1474
45561395	1474
45561534	1474
45561701	1474
45561869	1474
45568757	1474
46359674	1474
46359888	1474
46360163	1474
46360375	1474
46360521	1474
46360659	1474
46360824	1474
46360961	1474
46361112	1474
46361363	1474
46361501	1474
46361640	1474
46361803	1474
46361941	1474
46362075	1474
46362219	1474
46362356	1474
47159148	1474
47159252	1474
47159352	1474
47159473	1474
47159569	1474
47159667	1474
47159812	1474
47159915	1474
47160017	1474
47160129	1474
47160229	1474
47160354	1474
47160469	1474
47160569	1474
47160669	1474
47160784	1474
47160884	1474
47202616	1474
48223459	1474
48225108	1474
48225429	1474
48225620	1474
48225895	1474
48226070	1474
48226207	1474
48226345	1474
48226482	1474
48226620	1474
48226807	1474
48226951	1474
48227097	1474
48227235	1474
48227370	1474
48227507	1474
48227683	1474
48231442	1474
49024029	1474
49024162	1474
49024521	1474
49024620	1474
49024840	1474
49025009	1474
49025197	1474
49025299	1474
49025391	1474
49025481	1474
49025574	1474
49025672	1474
49025765	1474
49025860	1474
49025961	1474
49026057	1474
49026151	1474
49028044	1474
49823183	1474
49823605	1474
49823836	1474
49823945	1474
49824073	1474
49824240	1474
49824339	1474
49824436	1474
49824520	1474
49824709	1474
49824807	1474
49824905	1474
49824999	1474
49825090	1474
49825205	1474
49825297	1474
49825389	1474
49827195	1474
50623063	1474
50623473	1474
50623585	1474
50623704	1474
50623800	1474
50623906	1474
50624032	1474
50624135	1474
50624394	1474
50624500	1474
50625088	1474
50625195	1474
50625394	1474
50625492	1474
50625594	1474
50625694	1474
50625808	1474
50666350	1474
51423029	1474
51423645	1474
51423924	1474
51424124	1474
51424327	1474
51424471	1474
51424610	1474
51424775	1474
51424919	1474
51425058	1474
51425196	1474
51425336	1474
51425474	1474
51425614	1474
51425776	1474
51425925	1474
51426091	1474
52222890	1474
52223372	1474
52223614	1474
52223720	1474
52224408	1474
52224560	1474
52224653	1474
52224777	1474
52224885	1474
52224984	1474
52225088	1474
52225185	1474
52225294	1474
52225399	1474
52225494	1474
52225607	1474
52225706	1474
52225812	1474
53022860	1474
53023044	1474
53023148	1474
53023272	1474
53023603	1474
53023709	1474
53023819	1474
53023917	1474
53024015	1474
53024112	1474
53024210	1474
53024343	1474
53024441	1474
53024536	1474
53024631	1474
53024726	1474
53024839	1474
53024936	1474
53823358	1474
53823536	1474
53823680	1474
53823994	1474
53824185	1474
53824358	1474
53824497	1474
53824633	1474
53824779	1474
53824917	1474
53825080	1474
53825217	1474
53825353	1474
53825490	1474
53825626	1474
53825771	1474
53825934	1474
53826072	1474
54623878	1474
54624061	1474
54624245	1474
54624416	1474
54624620	1474
54624787	1474
54624926	1474
54625088	1474
54625226	1474
54625386	1474
54625522	1474
54625658	1474
54625807	1474
54625945	1474
54626080	1474
54626216	1474
54626354	1474
54626488	1474
55422838	1474
55423036	1474
55423186	1474
55423402	1474
55423502	1474
55423833	1474
55423936	1474
55424059	1474
55424153	1474
55424247	1474
55424341	1474
55424436	1474
55424529	1474
55424699	1474
55424794	1474
55424912	1474
55425005	1474
55425101	1474
56489620	1474
56489769	1474
56489949	1474
56490052	1474
56490175	1474
56490271	1474
56490476	1474
56490607	1474
56490779	1474
56490874	1474
56490970	1474
56491060	1474
56491161	1474
56491256	1474
56491353	1474
56491446	1474
56491547	1474
56491644	1474
57289428	1474
57289585	1474
57289750	1474
57289848	1474
57290069	1474
57290199	1474
57290392	1474
57290501	1474
57290652	1474
57290768	1474
57290860	1474
57290952	1474
57291049	1474
57291145	1474
57291236	1474
57291328	1474
57291420	1474
57291523	1474
58089202	1474
58089396	1474
58089531	1474
58089627	1474
58089781	1474
58089870	1474
58089971	1474
58090068	1474
58090163	1474
58090250	1474
58090341	1474
58090435	1474
58090540	1474
58090632	1474
58090772	1474
58090905	1474
58090996	1474
58889494	1474
58889643	1474
58889981	1474
58890077	1474
58890196	1474
58890316	1474
58890407	1474
58890513	1474
58890689	1474
58890792	1474
58890885	1474
58890977	1474
58891066	1474
58891183	1474
58891298	1474
58891389	1474
58891490	1474
58891607	1474
59689065	1474
59689180	1474
59689279	1474
59689384	1474
59689494	1474
59689589	1474
59689684	1474
59689868	1474
59689994	1474
59690089	1474
59690181	1474
59690275	1474
59690376	1474
59690473	1474
59690565	1474
59690722	1474
59690819	1474
59690911	1474
60489108	1474
60489300	1474
60489409	1474
60489501	1474
60489596	1474
60489683	1474
60489775	1474
60489869	1474
60489982	1474
60490073	1474
60490192	1474
60490294	1474
60490399	1474
60490491	1474
60490583	1474
60490710	1474
60490806	1474
60490899	1474
61289843	1474
61290075	1474
61290200	1474
61290378	1474
61290472	1474
61290613	1474
61290752	1474
61290848	1474
61290942	1474
61291028	1474
61291120	1474
61291211	1474
61291342	1474
61291436	1474
61291552	1474
61291643	1474
61291734	1474
61291826	1474
62088473	1474
62088620	1474
62088709	1474
62088906	1474
62089027	1474
62089124	1474
62089231	1474
62089336	1474
62089452	1474
62089547	1474
62089652	1474
62089769	1474
62089864	1474
62089960	1474
62090058	1474
62090166	1474
62090303	1474
62888476	1474
62888739	1474
62888831	1474
62888968	1474
62889129	1474
62889245	1474
62889358	1474
62889472	1474
62889570	1474
62889730	1474
62889832	1474
62889940	1474
62890058	1474
62890152	1474
62890288	1474
62890387	1474
62890485	1474
62890604	1474
63689239	1474
63689520	1474
63689644	1474
63689736	1474
63689832	1474
63689928	1474
63690023	1474
63690137	1474
63690235	1474
63690334	1474
63690452	1474
63690604	1474
63690773	1474
63690864	1474
63690961	1474
63691077	1474
63691170	1474
63691293	1474
64488414	1474
64488689	1474
64489160	1474
64489365	1474
64489589	1474
64489729	1474
64489867	1474
64490005	1474
64490179	1474
64490319	1474
64490457	1474
64490595	1474
64490781	1474
64490950	1474
64491133	1474
64491271	1474
65289002	1474
65289281	1474
65289421	1474
65289537	1474
65289636	1474
65289733	1474
65289834	1474
65290153	1474
65290262	1474
65290354	1474
65290470	1474
65290566	1474
65290742	1474
65290843	1474
65290972	1474
65291086	1474
65291195	1474
66088280	1474
66088604	1474
66088702	1474
66088808	1474
66088950	1474
66089055	1474
66089153	1474
66089300	1474
66089528	1474
66089632	1474
66089771	1474
66089879	1474
66090036	1474
66090130	1474
66090224	1474
66090351	1474
66090457	1474
66888485	1474
66888708	1474
66889050	1474
66889152	1474
66889245	1474
66889362	1474
66889461	1474
66889577	1474
66889686	1474
66889782	1474
66889876	1474
66889976	1474
66890074	1474
66890171	1474
66890268	1474
66890367	1474
66890466	1474
66890583	1474
67689237	1474
67689470	1474
67689809	1474
67690027	1474
67690275	1474
67690417	1474
67690556	1474
67690696	1474
67690927	1474
67691096	1474
67691240	1474
67691376	1474
67691515	1474
67691653	1474
67691800	1474
67691968	1474
67692132	1474
67692274	1474
68488416	1474
68488629	1474
68488853	1474
68489023	1474
68489227	1474
68489441	1474
68489629	1474
68489779	1474
68489942	1474
68490086	1474
68490229	1474
68490371	1474
68490512	1474
68490654	1474
68490869	1474
68491015	1474
68491154	1474
69289117	1474
69289596	1474
69289837	1474
69290070	1474
69290274	1474
69290412	1474
69290553	1474
69290751	1474
69290903	1474
69291044	1474
69291270	1474
69291416	1474
69291555	1474
69291708	1474
69291849	1474
69291991	1474
70087990	1474
70088276	1474
70088380	1474
70088510	1474
70088608	1474
70088729	1474
70088856	1474
70089085	1474
70089182	1474
70089476	1474
70089612	1474
70089723	1474
70089838	1474
70089947	1474
70090069	1474
70090160	1474
70090261	1474
70890700	1474
70890842	1474
70890962	1474
70891070	1474
70891180	1474
70891306	1474
70891514	1474
70892086	1474
70892198	1474
70892306	1474
70892428	1474
70892546	1474
70892686	1474
70892792	1474
70892901	1474
70893019	1474
70893125	1474
71689748	1474
71689868	1474
71689969	1474
71690076	1474
71690190	1474
71690290	1474
71690388	1474
71690494	1474
71690624	1474
71690800	1474
71690896	1474
71690989	1474
71691110	1474
71691231	1474
71691351	1474
71691454	1474
72487559	1474
72487821	1474
72488185	1474
72488288	1474
72488498	1474
72488607	1474
72488706	1474
72488803	1474
72488896	1474
72488990	1474
72489084	1474
72489178	1474
72489273	1474
72489371	1474
72489466	1474
72489559	1474
72489667	1474
72489788	1474
73288597	1474
73288824	1474
73288928	1474
73289023	1474
73289142	1474
73289238	1474
73289332	1474
73289428	1474
73289518	1474
73289622	1474
73289716	1474
73289814	1474
73289908	1474
73290006	1474
73290100	1474
73290196	1474
73290290	1474
73290386	1474
74087265	1474
74087539	1474
74087642	1474
74087736	1474
74087830	1474
74087925	1474
74088019	1474
74088114	1474
74088233	1474
74088328	1474
74088423	1474
74088525	1474
74088619	1474
74088714	1474
74088808	1474
74088902	1474
74088997	1474
74089092	1474
74887192	1474
74887454	1474
74887558	1474
74887654	1474
74887753	1474
74887852	1474
74887946	1474
74888041	1474
74888136	1474
74888231	1474
74888328	1474
74888430	1474
74888527	1474
74888624	1474
74888719	1474
74888813	1474
75687318	1474
75687559	1474
75687688	1474
75687785	1474
75687880	1474
75687974	1474
75688067	1474
75688162	1474
75688256	1474
75688351	1474
75688460	1474
75688555	1474
75688653	1474
75688746	1474
75688843	1474
75688937	1474
75689030	1474
75689125	1474
76487568	1474
76487784	1474
76487932	1474
76488073	1474
76488209	1474
76488360	1474
76488501	1474
76488638	1474
76488780	1474
76488943	1474
76489084	1474
76489223	1474
76489372	1474
76489544	1474
76489687	1474
76489849	1474
76489991	1474
76490128	1474
77287170	1474
77287481	1474
77287579	1474
77287675	1474
77287770	1474
77287864	1474
77287962	1474
77288057	1474
77288153	1474
77288248	1474
77288356	1474
77288448	1474
77288543	1474
77288637	1474
77288731	1474
77288836	1474
77288930	1474
77289024	1474
78086770	1474
78087047	1474
78087172	1474
78087310	1474
78087399	1474
78087595	1474
78087697	1474
78087793	1474
78087886	1474
78087980	1474
78088075	1474
78088170	1474
78088273	1474
78088366	1474
78088459	1474
78088554	1474
78088651	1474
78887096	1474
78887399	1474
78887496	1474
78887592	1474
78887685	1474
78887780	1474
78887876	1474
78887994	1474
78888117	1474
78888229	1474
78888334	1474
78888433	1474
78888530	1474
78888627	1474
78888721	1474
78888822	1474
78888956	1474
78889209	1474
79686569	1474
79686753	1474
79686851	1474
79687086	1474
79687196	1474
79687284	1474
79687383	1474
79687479	1474
79687599	1474
79687696	1474
79687788	1474
79687880	1474
79687972	1474
79688065	1474
79688173	1474
79688269	1474
79688362	1474
79688458	1474
80486800	1474
80487046	1474
80487209	1474
80487307	1474
80487405	1474
80487498	1474
80487588	1474
80487681	1474
80487778	1474
80487872	1474
80487970	1474
80488074	1474
80488169	1474
80488263	1474
80488356	1474
80488450	1474
80488543	1474
80488638	1474
81286748	1474
81286851	1474
81286946	1474
81287059	1474
81287156	1474
81287276	1474
81287450	1474
81287550	1474
81287647	1474
81287743	1474
81287835	1474
81287929	1474
81288041	1474
81288161	1474
81288257	1474
81288354	1474
81288447	1474
82086671	1474
82087021	1474
82087470	1474
82087668	1474
82087924	1474
82088104	1474
82088298	1474
82088460	1474
82088598	1474
82088736	1474
82088874	1474
82089019	1474
82089157	1474
82089294	1474
82089431	1474
82089569	1474
82089708	1474
82888417	1474
82888520	1474
82888634	1474
82888734	1474
82888850	1474
82888998	1474
82889198	1474
82889304	1474
82889407	1474
82889501	1474
82889595	1474
82889704	1474
82889799	1474
82889911	1474
82890010	1474
82890125	1474
82890239	1474
83686301	1474
83686510	1474
83686628	1474
83688102	1474
83688340	1474
83688494	1474
83689141	1474
83689248	1474
83689347	1474
83689465	1474
83689586	1474
83689714	1474
83689821	1474
83689918	1474
83690040	1474
83690140	1474
83690261	1474
83690371	1474
84486362	1474
84486485	1474
84486742	1474
84487423	1474
84487696	1474
84487852	1474
84488532	1474
84488636	1474
84488824	1474
84489040	1474
84489149	1474
84489249	1474
84489363	1474
84489465	1474
84489580	1474
84489680	1474
84489786	1474
85289408	1474
85289510	1474
85289607	1474
85289703	1474
85289800	1474
85289896	1474
85290005	1474
85290103	1474
85290200	1474
85290299	1474
85290396	1474
85290493	1474
85290589	1474
85290685	1474
85290823	1474
85290930	1474
85291034	1474
85291155	1474
86087971	1474
86088073	1474
86088189	1474
86088291	1474
86088396	1474
86088508	1474
86088714	1474
86088820	1474
86088938	1474
86089037	1474
86089134	1474
86089230	1474
86089328	1474
86089426	1474
86089526	1474
86089623	1474
86089721	1474
86886364	1474
86886626	1474
86886791	1474
86886925	1474
86887196	1474
86887316	1474
86887903	1474
86887994	1474
86888090	1474
86888236	1474
86888358	1474
86888471	1474
86888598	1474
86888718	1474
86888905	1474
86889025	1474
86889145	1474
87686051	1474
87686229	1474
87686352	1474
87686453	1474
87686577	1474
87686715	1474
87686847	1474
87686964	1474
87687187	1474
87687337	1474
87688083	1474
87688223	1474
87688509	1474
87688598	1474
87688696	1474
87688806	1474
87688904	1474
87688995	1474
88755612	1474
88755757	1474
88755897	1474
88756035	1474
88756220	1474
88756433	1474
88756692	1474
88756837	1474
88756978	1474
88757113	1474
88757251	1474
88757414	1474
88757561	1474
88757698	1474
88757840	1474
88757977	1474
88758119	1474
88758257	1474
89556453	1474
89556593	1474
89556736	1474
89556872	1474
89557010	1474
89557146	1474
89557285	1474
89557421	1474
89557572	1474
89557709	1474
89557849	1474
89557985	1474
89558123	1474
89558258	1474
89558397	1474
89558552	1474
89558688	1474
89558875	1474
90355106	1474
90355379	1474
90355489	1474
90355621	1474
90355865	1474
90355972	1474
90356068	1474
90356181	1474
90356291	1474
90356436	1474
90356552	1474
90356668	1474
90356781	1474
90356894	1474
90356992	1474
90357112	1474
90357237	1474
90357348	1474
91155835	1474
91155979	1474
91156120	1474
91156298	1474
91156502	1474
91156687	1474
91156831	1474
91156993	1474
91157149	1474
91157313	1474
91157462	1474
91157599	1474
91157760	1474
91157897	1474
91158033	1474
91158169	1474
91158330	1474
91158482	1474
91955382	1474
91955524	1474
91955660	1474
91955855	1474
91956062	1474
91956284	1474
91956436	1474
91956574	1474
91956708	1474
91956844	1474
91956979	1474
91957116	1474
91957252	1474
91957405	1474
91957541	1474
91957677	1474
91957815	1474
91957951	1474
92756091	1474
92756236	1474
92756417	1474
92756627	1474
92756776	1474
92756915	1474
92757053	1474
92757192	1474
92757340	1474
92757507	1474
92757645	1474
92757783	1474
92757921	1474
92758060	1474
92758198	1474
92758347	1474
92758507	1474
93555468	1474
93555575	1474
93555688	1474
93555777	1474
93555891	1474
93556025	1474
93556141	1474
93556475	1474
93556581	1474
93556669	1474
93556756	1474
93556847	1474
93556935	1474
93557024	1474
93557114	1474
93557215	1474
93557314	1474
93557424	1474
94355859	1474
94355986	1474
94356089	1474
94356260	1474
94356372	1474
94356517	1474
94356748	1474
94356855	1474
94356974	1474
94357074	1474
94357183	1474
94357287	1474
94357386	1474
94357497	1474
94357628	1474
94357727	1474
94357827	1474
94357928	1474
95155658	1474
95155761	1474
95155869	1474
95156001	1474
95156186	1474
95156415	1474
95156520	1474
95156669	1474
95156792	1474
95156890	1474
95156990	1474
95157158	1474
95157259	1474
95157375	1474
95157478	1474
95157576	1474
95157679	1474
95157802	1474
95956055	1474
95956224	1474
95956360	1474
95956598	1474
95956785	1474
95956949	1474
95957095	1474
95957307	1474
95957453	1474
95957588	1474
95957750	1474
95957886	1474
95958056	1474
95958193	1474
95958331	1474
95958492	1474
95958631	1474
96754281	1474
96754421	1474
96754644	1474
96754887	1474
96755051	1474
96755188	1474
96755342	1474
96755479	1474
96755615	1474
96755750	1474
96755884	1474
96756025	1474
96756161	1474
96756297	1474
96756432	1474
96756568	1474
96756703	1474
96756838	1474
97820723	1474
97820846	1474
97820978	1474
97821100	1474
97821221	1474
97821341	1474
97821467	1474
97821604	1474
97821733	1474
97821857	1474
97821989	1474
97822113	1474
97822235	1474
97822357	1474
97822481	1474
97822603	1474
97822773	1474
97822905	1474
98353990	1474
98354233	1474
98354448	1474
98354622	1474
98354837	1474
98354992	1474
98355134	1474
98355320	1474
98355587	1474
98355897	1474
98356064	1474
98356509	1474
98356656	1474
98357334	1474
98357602	1474
98357795	1474
98358003	1474
99421209	1474
99421353	1474
99421496	1474
99421633	1474
99421775	1474
99421919	1474
99422062	1474
99422198	1474
99422364	1474
99422528	1474
99422670	1474
99422980	1474
99423132	1474
99423273	1474
99423411	1474
99423577	1474
99423718	1474
99423945	1474
100222318	1474
100222425	1474
100222527	1474
100222653	1474
100222762	1474
100222864	1474
100222963	1474
100223107	1474
100223207	1474
100223310	1474
100223415	1474
100223525	1474
100223623	1474
100223722	1474
100223849	1474
100223951	1474
100224068	1474
100224167	1474
101022449	1474
101022551	1474
101022691	1474
101022807	1474
101022915	1474
101023045	1474
101023239	1474
101023340	1474
101023441	1474
101023541	1474
101023642	1474
101023762	1474
101023878	1474
101024005	1474
101024123	1474
101024225	1474
101024326	1474
101024444	1474
101820974	1474
101821073	1474
101821184	1474
101821290	1474
101821386	1474
101821505	1474
101821625	1474
101821754	1474
101821867	1474
101821986	1474
101822084	1474
101822208	1474
101822319	1474
101822418	1474
101822517	1474
101822616	1474
101822927	1474
102620977	1474
102621077	1474
102621183	1474
102621286	1474
102621385	1474
102621487	1474
102621586	1474
102621852	1474
102621961	1474
102622057	1474
102622163	1474
102622287	1474
102622412	1474
102622561	1474
102622722	1474
102622826	1474
102622944	1474
103420937	1474
103421037	1474
103421136	1474
103421242	1474
103421341	1474
103421444	1474
103421542	1474
103421647	1474
103421767	1474
103421868	1474
103421984	1474
103422083	1474
103422183	1474
103422283	1474
103422384	1474
103422508	1474
103422729	1474
103422865	1474
104220785	1474
104220879	1474
104220975	1474
104221086	1474
104221184	1474
104221303	1474
104221404	1474
104221524	1474
104221651	1474
104221769	1474
104221868	1474
104221988	1474
104222098	1474
104222197	1474
104222293	1474
104222401	1474
104222499	1474
104222628	1474
105019867	1474
105019970	1474
105020090	1474
105020202	1474
105020311	1474
105020547	1474
105020652	1474
105020760	1474
105020861	1474
105020978	1474
105021102	1474
105021204	1474
105021326	1474
105021451	1474
105021549	1474
105021654	1474
105021755	1474
105021856	1474
105819833	1474
105819955	1474
105820055	1474
105820169	1474
105820269	1474
105820369	1474
105820469	1474
105820581	1474
105820681	1474
105820804	1474
105820902	1474
105821004	1474
105821103	1474
105821204	1474
105821303	1474
105821403	1474
105821510	1474
105821611	1474
106618796	1474
106618913	1474
106620106	1474
106620321	1474
106620420	1474
106620587	1474
106620823	1474
106620936	1474
106621051	1474
106621165	1474
106621289	1474
106621387	1474
106621501	1474
106621601	1474
106621701	1474
106621804	1474
106621913	1474
106622011	1474
107419225	1474
107419328	1474
107419436	1474
107419535	1474
107419632	1474
107419757	1474
107419857	1474
107419954	1474
107420058	1474
107420157	1474
107420254	1474
107420362	1474
107420475	1474
107420613	1474
107420717	1474
107420816	1474
107420923	1474
107421044	1474
108484026	1474
108484978	1474
108485194	1474
108485346	1474
108485572	1474
108485773	1474
108485968	1474
108486223	1474
108486440	1474
108486589	1474
108486731	1474
108486932	1474
108487094	1474
108487233	1474
108487411	1474
108487553	1474
108487715	1474
108487857	1474
109284503	1474
109284728	1474
109284918	1474
109285026	1474
109285745	1474
109285852	1474
109286085	1474
109286189	1474
109286395	1474
109286512	1474
109286706	1474
109286809	1474
109286923	1474
109287040	1474
109287153	1474
109287286	1474
109287381	1474
109287495	1474
110083447	1474
110083697	1474
110083815	1474
110083911	1474
110084008	1474
110084116	1474
110084219	1474
110084349	1474
110084752	1474
110085077	1474
110085389	1474
110085502	1474
110085739	1474
110085830	1474
110085937	1474
110086061	1474
110086152	1474
110890560	1474
110890838	1474
110890930	1474
110891020	1474
110891106	1474
110891220	1474
110891309	1474
110891414	1474
110891504	1474
110891608	1474
110891696	1474
110891801	1474
110891891	1474
110892005	1474
110892106	1474
110892209	1474
110892332	1474
111684379	1474
111684523	1474
111684704	1474
111684806	1474
111684933	1474
111685143	1474
111685248	1474
111685347	1474
111685446	1474
111685553	1474
111685661	1474
111685774	1474
111685895	1474
111685985	1474
111686108	1474
111686207	1474
111686321	1474
112483149	1474
112483438	1474
112483541	1474
112483640	1474
112484516	1474
112484835	1474
112484941	1474
112485538	1474
112485649	1474
112485752	1474
112485853	1474
112485950	1474
112486076	1474
112486191	1474
112486292	1474
112486412	1474
112486535	1474
112486690	1474
113287109	1474
113287232	1474
113287362	1474
113287461	1474
113287549	1474
113287664	1474
113287761	1474
113287862	1474
113287961	1474
113288067	1474
113288179	1474
113288282	1474
113288381	1474
113288478	1474
113288622	1474
113288741	1474
113288841	1474
114083836	1474
114084157	1474
114084267	1474
114085302	1474
114085486	1474
114085816	1474
114085912	1474
114086049	1474
114086169	1474
114086291	1474
114086381	1474
114086476	1474
114086591	1474
114086791	1474
114086878	1474
114086982	1474
114087083	1474
114087200	1474
114886197	1474
114886326	1474
114886425	1474
114886626	1474
114886794	1474
114886929	1474
114887178	1474
114887278	1474
114887377	1474
114887479	1474
114887575	1474
114887674	1474
114887773	1474
114887871	1474
114887984	1474
114888093	1474
114888192	1474
114888292	1474
115683407	1474
115683696	1474
115683810	1474
115683966	1474
115684063	1474
115684180	1474
115684321	1474
115684420	1474
115684532	1474
115684649	1474
115684746	1474
115684876	1474
115685003	1474
115685122	1474
115685215	1474
115685313	1474
115685429	1474
115685528	1474
116483389	1474
116483657	1474
116483765	1474
116483875	1474
116483973	1474
116484101	1474
116484205	1474
116484560	1474
116484692	1474
116484790	1474
116484904	1474
116485029	1474
116485135	1474
116485235	1474
116485347	1474
116485446	1474
116485568	1474
116485686	1474
117283028	1474
117283314	1474
117284246	1474
117284404	1474
117284506	1474
117284633	1474
117284932	1474
117285043	1474
117285166	1474
117285284	1474
117285384	1474
117285489	1474
117285612	1474
117285726	1474
117285838	1474
117285954	1474
117288401	1474
118083247	1474
118083484	1474
118083579	1474
118083674	1474
118083848	1474
118083945	1474
118084040	1474
118084160	1474
118084260	1474
118084361	1474
118084458	1474
118084550	1474
118084644	1474
118084755	1474
118084894	1474
118084991	1474
118883476	1474
118883857	1474
118883959	1474
118884058	1474
118884155	1474
118884253	1474
118884349	1474
118884447	1474
118884544	1474
118884683	1474
118884811	1474
118884907	1474
118885029	1474
118885126	1474
118885223	1474
118885320	1474
118885417	1474
119682868	1474
119683010	1474
119683207	1474
119683291	1474
119683399	1474
119683489	1474
119683584	1474
119683763	1474
119683855	1474
119683936	1474
119684024	1474
119684109	1474
119684192	1474
119684277	1474
119684361	1474
119684444	1474
119684530	1474
119684628	1474
120482335	1474
120482617	1474
120482777	1474
120483183	1474
120483356	1474
120483450	1474
120483545	1474
120483646	1474
120483738	1474
120483832	1474
120483925	1474
120484019	1474
120484139	1474
120484235	1474
120484329	1474
120484423	1474
120484516	1474
120484625	1474
121283601	1474
121283746	1474
121283942	1474
121284040	1474
121284165	1474
121284291	1474
121284512	1474
121284624	1474
121284717	1474
121284810	1474
121284902	1474
121284995	1474
121285086	1474
121285204	1474
121285299	1474
121285393	1474
121285512	1474
121285618	1474
122083729	1474
122083896	1474
122084082	1474
122084181	1474
122084282	1474
122084378	1474
122084752	1474
122084857	1474
122084959	1474
122085079	1474
122085204	1474
122085316	1474
122085425	1474
122085533	1474
122085648	1474
122085760	1474
122085871	1474
122882762	1474
122883016	1474
122883111	1474
122883207	1474
122883301	1474
122883391	1474
122883574	1474
122883694	1474
122883786	1474
122883876	1474
122883968	1474
122884060	1474
122884153	1474
122884240	1474
122884332	1474
122884500	1474
122884594	1474
122884681	1474
123682113	1474
123682481	1474
123682799	1474
123682905	1474
123682997	1474
123683091	1474
123683211	1474
123683305	1474
123683411	1474
123683504	1474
123683601	1474
123683694	1474
123683786	1474
123683904	1474
123683997	1474
123684089	1474
123684181	1474
124481825	1474
124482110	1474
124482248	1474
124482392	1474
124482530	1474
124482736	1474
124482935	1474
124483100	1474
124483277	1474
124483483	1474
124483622	1474
124483756	1474
124483889	1474
124484041	1474
124484180	1474
124484315	1474
124484461	1474
124484596	1474
125284145	1474
125284284	1474
125284406	1474
125284608	1474
125284784	1474
125284927	1474
125285076	1474
125285195	1474
125285321	1474
125285441	1474
125285583	1474
125285703	1474
125285823	1474
125285942	1474
125286082	1474
125286201	1474
125286326	1474
125286468	1474
126081704	1474
126082073	1474
126082258	1474
126082440	1474
126082637	1474
126082951	1474
126083112	1474
126083495	1474
126083642	1474
126083782	1474
126083922	1474
126084060	1474
126084200	1474
126084363	1474
126084587	1474
126084727	1474
126087636	1474
126885075	1474
126885206	1474
126885334	1474
126885433	1474
126885552	1474
126885666	1474
126885761	1474
126885858	1474
126885950	1474
126886093	1474
126886208	1474
126886310	1474
126886435	1474
126886536	1474
126886659	1474
126886837	1474
127681660	1474
127681974	1474
127682162	1474
127682264	1474
127682363	1474
127682466	1474
127682579	1474
127682714	1474
127682845	1474
127682963	1474
127683072	1474
127683185	1474
127683311	1474
127683414	1474
127683542	1474
127683641	1474
127683757	1474
128481700	1474
128481953	1474
128482167	1474
128482388	1474
128482584	1474
128482886	1474
128483031	1474
128483192	1474
128483328	1474
128483464	1474
128483600	1474
128483736	1474
128483871	1474
128484032	1474
128484180	1474
128484317	1474
128484452	1474
128484588	1474
129281628	1474
129281823	1474
129282126	1474
129282323	1474
129282537	1474
129282829	1474
129283029	1474
129283198	1474
129283335	1474
129283496	1474
129283632	1474
129283767	1474
129283902	1474
129284049	1474
129284185	1474
129284343	1474
129284481	1474
130081480	1474
130081715	1474
130081819	1474
130081922	1474
130082059	1474
130082209	1474
130082348	1474
130082601	1474
130082750	1474
130082851	1474
130082961	1474
130083088	1474
130083192	1474
130083284	1474
130083383	1474
130083483	1474
130083572	1474
130083678	1474
130881971	1474
130882235	1474
130882329	1474
130882422	1474
130882516	1474
130882663	1474
130882761	1474
130882851	1474
130882956	1474
130883054	1474
130883150	1474
130883241	1474
130883333	1474
130883427	1474
130883520	1474
130883611	1474
130883704	1474
130883797	1474
131681106	1474
131681430	1474
131681532	1474
131681974	1474
131682158	1474
131682285	1474
131682379	1474
131682473	1474
131682565	1474
131682687	1474
131682784	1474
131682895	1474
131682989	1474
131683107	1474
131683202	1474
131683295	1474
131683388	1474
131683481	1474
132481402	1474
132481658	1474
132481759	1474
132481870	1474
132481966	1474
132482174	1474
132482274	1474
132482371	1474
132482467	1474
132482561	1474
132482712	1474
132482852	1474
132482954	1474
132483050	1474
132483143	1474
132483236	1474
132483329	1474
133549539	1474
133549661	1474
133549796	1474
133549890	1474
133549984	1474
133550078	1474
133550173	1474
133550268	1474
133550362	1474
133550456	1474
133550576	1474
133550715	1474
133550837	1474
133550932	1474
133551026	1474
133551121	1474
133551215	1474
133551309	1474
134352029	1474
134352126	1474
134352225	1474
134352346	1474
134352445	1474
134352554	1474
134352764	1474
134352868	1474
134352965	1474
134353061	1474
134353157	1474
134353253	1474
134353348	1474
134353443	1474
134353538	1474
134353636	1474
134353746	1474
134353841	1474
134881091	1474
134881292	1474
134881391	1474
134881493	1474
134881589	1474
134881728	1474
134881821	1474
134881916	1474
134882036	1474
134882131	1474
134882229	1474
134882325	1474
134882421	1474
134882513	1474
134882639	1474
134882780	1474
135680819	1474
135680973	1474
135681074	1474
135681173	1474
135681270	1474
135681368	1474
135681465	1474
135681559	1474
135681696	1474
135681791	1474
135681887	1474
135682006	1474
135682101	1474
135682196	1474
135682292	1474
135682387	1474
136481078	1474
136481284	1474
136481415	1474
136481561	1474
136481690	1474
136481819	1474
136482002	1474
136482131	1474
136482276	1474
136482402	1474
136482538	1474
136482661	1474
136482837	1474
136482991	1474
136483115	1474
136483240	1474
136483365	1474
137280786	1474
137281003	1474
137281152	1474
137281341	1474
137281564	1474
137281818	1474
137281965	1474
137282107	1474
137282245	1474
137282377	1474
137282526	1474
137282664	1474
137282862	1474
137283007	1474
137283148	1474
137283286	1474
137283424	1474
137283575	1474
138080525	1474
138080734	1474
138080881	1474
138081021	1474
138081160	1474
138081297	1474
138081435	1474
138081649	1474
138081788	1474
138081928	1474
138082063	1474
138082199	1474
138082339	1474
138082483	1474
138082622	1474
138082840	1474
138082985	1474
138083127	1474
139151179	1474
139151362	1474
139151545	1474
139151707	1474
139151904	1474
139152131	1474
139152272	1474
139152418	1474
139152555	1474
139152693	1474
139152832	1474
139152974	1474
139153110	1474
139153249	1474
139153387	1474
139153560	1474
139153700	1474
139153842	1474
139680771	1474
139680965	1474
139681106	1474
139681247	1474
139681395	1474
139681632	1474
139681828	1474
139682505	1474
139682740	1474
139682912	1474
139683103	1474
139683240	1474
139683391	1474
139683529	1474
139683698	1474
139683840	1474
139683981	1474
140480757	1474
140481014	1474
140481159	1474
140481329	1474
140481474	1474
140481613	1474
140481754	1474
140481891	1474
140482030	1474
140482166	1474
140482304	1474
140482454	1474
140482594	1474
140482797	1474
140482943	1474
140483085	1474
141280322	1474
141280531	1474
141280680	1474
141280849	1474
141281002	1474
141281182	1474
141281389	1474
141281661	1474
141281831	1474
141282087	1474
141282237	1474
141282393	1474
141282531	1474
141282670	1474
141282886	1474
141283038	1474
141283177	1474
141283323	1474
142080168	1474
142080414	1474
142080563	1474
142080702	1474
142080931	1474
142081171	1474
142081372	1474
142081583	1474
142081779	1474
142081923	1474
142082065	1474
142082203	1474
142082359	1474
142082496	1474
142082639	1474
142082829	1474
142880331	1474
142880541	1474
142880668	1474
142880791	1474
142881021	1474
142881211	1474
142881430	1474
142881578	1474
142881702	1474
142881826	1474
142881951	1474
142882073	1474
142882213	1474
142882334	1474
142882480	1474
142882641	1474
142882833	1474
143679961	1474
143680209	1474
143680372	1474
143680544	1474
143680737	1474
143680889	1474
143681042	1474
143681266	1474
143681413	1474
143681549	1474
143681710	1474
143681845	1474
143681980	1474
143682123	1474
143682259	1474
143682394	1474
143682528	1474
144480053	1474
144480417	1474
144480558	1474
144480747	1474
144480944	1474
144481307	1474
144481450	1474
144481613	1474
144481749	1474
144481885	1474
144482022	1474
144482173	1474
144482332	1474
144482468	1474
144482603	1474
144482790	1474
144482940	1474
145279838	1474
145280183	1474
145280416	1474
145280642	1474
145280872	1474
145281021	1474
145281158	1474
145281319	1474
145281455	1474
145281589	1474
145281725	1474
145281885	1474
145282030	1474
145282168	1474
145282304	1474
145282439	1474
145282576	1474
145282766	1474
146080082	1474
146080410	1474
146080581	1474
146080761	1474
146080960	1474
146081287	1474
146081429	1474
146081604	1474
146081849	1474
146082003	1474
146082146	1474
146082288	1474
146082450	1474
146082591	1474
146082788	1474
146082935	1474
146083094	1474
146879588	1474
146879829	1474
146880042	1474
146880208	1474
146880348	1474
146880487	1474
146880626	1474
146880760	1474
146880898	1474
146881054	1474
146881193	1474
146881327	1474
146881466	1474
146881602	1474
146881741	1474
146881877	1474
147679701	1474
147679964	1474
147680099	1474
147680223	1474
147680432	1474
147680613	1474
147681137	1474
147681413	1474
147681545	1474
147681676	1474
147681801	1474
147681943	1474
147682102	1474
147682230	1474
147682377	1474
147682505	1474
148479531	1474
148479771	1474
148479935	1474
148480077	1474
148480311	1474
148480511	1474
148480824	1474
148481020	1474
148481220	1474
148481364	1474
148481502	1474
148481642	1474
148481781	1474
148481935	1474
148482073	1474
148482214	1474
148482353	1474
149279306	1474
149279507	1474
149279646	1474
149279785	1474
149279933	1474
149280075	1474
149280308	1474
149280524	1474
149280693	1474
149280969	1474
149281138	1474
149281277	1474
149281439	1474
149281583	1474
149281738	1474
149281909	1474
149282046	1474
149282181	1474
150079252	1474
150079547	1474
150079684	1474
150079828	1474
150079967	1474
150080159	1474
150080367	1474
150080536	1474
150080770	1474
150080958	1474
150081098	1474
150081257	1474
150081397	1474
150081534	1474
150081689	1474
150081835	1474
150081998	1474
150082135	1474
150879397	1474
150879594	1474
150879691	1474
150879802	1474
150879896	1474
150879988	1474
150880082	1474
150880174	1474
150880268	1474
150880363	1474
150880459	1474
150880583	1474
150880758	1474
150880855	1474
150881165	1474
150881259	1474
150881460	1474
150881562	1474
151679754	1474
151679999	1474
151680109	1474
151680489	1474
151680972	1474
151681163	1474
151681262	1474
151681358	1474
151681452	1474
151681553	1474
151681652	1474
151681749	1474
151681847	1474
151681943	1474
151682035	1474
151682130	1474
151682225	1474
151682319	1474
152479098	1474
152479242	1474
152479338	1474
152479432	1474
152479530	1474
152479709	1474
152479810	1474
152479906	1474
152480098	1474
152480200	1474
152480297	1474
152480624	1474
152480816	1474
152480911	1474
152481004	1474
152481091	1474
152481182	1474
152481275	1474
153279518	1474
153279742	1474
153279868	1474
153279956	1474
153280048	1474
153280142	1474
153280235	1474
153280324	1474
153280440	1474
153280616	1474
153280731	1474
153281236	1474
153281425	1474
153281523	1474
153281627	1474
153281717	1474
153281808	1474
153281899	1474
154078900	1474
154079041	1474
154079136	1474
154079230	1474
154079453	1474
154079567	1474
154079664	1474
154079760	1474
154079956	1474
154080058	1474
154080491	1474
154080591	1474
154080685	1474
154080775	1474
154080928	1474
154081019	1474
154081112	1474
154081204	1474
154879729	1474
154879940	1474
154880062	1474
154880224	1474
154880317	1474
154880727	1474
154880823	1474
154880917	1474
154881009	1474
154881100	1474
154881192	1474
154881285	1474
154881378	1474
154881483	1474
154881577	1474
154881671	1474
154881764	1474
154881856	1474
155945442	1474
155945627	1474
155945748	1474
155945845	1474
155946046	1474
155946148	1474
155946242	1474
155946336	1474
155946468	1474
155946585	1474
155946720	1474
155946815	1474
155946909	1474
155947005	1474
155947099	1474
155947192	1474
155947285	1474
155947385	1474
156745233	1474
156745397	1474
156745511	1474
156745659	1474
156745757	1474
156745863	1474
156745993	1474
156746252	1474
156746393	1474
156746509	1474
156746608	1474
156746789	1474
156746888	1474
156746990	1474
156747095	1474
156747186	1474
156747318	1474
157279547	1474
157279695	1474
157279797	1474
157279919	1474
157280017	1474
157280115	1474
157280232	1474
157280359	1474
157280482	1474
157280607	1474
157280843	1474
157281446	1474
157281554	1474
157281751	1474
157281848	1474
157281945	1474
157282070	1474
158078965	1474
158079113	1474
158079234	1474
158079332	1474
158079430	1474
158079547	1474
158079650	1474
158079895	1474
158080024	1474
158080478	1474
158080693	1474
158080807	1474
158080929	1474
158081042	1474
158081161	1474
158081273	1474
158081392	1474
158879527	1474
158879698	1474
158879801	1474
158880130	1474
158880249	1474
158880338	1474
158880458	1474
158880576	1474
158880699	1474
158880795	1474
158880888	1474
158880998	1474
158881111	1474
158881280	1474
158881374	1474
158881488	1474
158881588	1474
159678652	1474
159678823	1474
159678951	1474
159679061	1474
159679266	1474
159679403	1474
159679702	1474
159679816	1474
159680146	1474
159680253	1474
159680342	1474
159680444	1474
159680565	1474
159680662	1474
159680796	1474
159680904	1474
159681025	1474
160480316	1474
160480463	1474
160480610	1474
160480717	1474
160480854	1474
160481040	1474
160481345	1474
160481449	1474
160481554	1474
160481652	1474
160481767	1474
160481885	1474
160481988	1474
160482153	1474
160482254	1474
160482367	1474
160482494	1474
161277983	1474
161278151	1474
161278351	1474
161278454	1474
161278604	1474
161278791	1474
161278883	1474
161278989	1474
161279116	1474
161279271	1474
161279659	1474
161279763	1474
161280036	1474
161280140	1474
161280240	1474
161280375	1474
162079257	1474
162079999	1474
162080364	1474
162080462	1474
162080583	1474
162080917	1474
162081059	1474
162081167	1474
162081459	1474
162081550	1474
162081662	1474
162081762	1474
162081888	1474
162082107	1474
162082212	1474
162082328	1474
162084441	1474
162878052	1474
162878226	1474
162878349	1474
162878459	1474
162878566	1474
162878726	1474
162878829	1474
162878949	1474
162879081	1474
162879282	1474
162879422	1474
162879986	1474
162880091	1474
162880182	1474
162880284	1474
162880382	1474
162880485	1474
163678054	1474
163678201	1474
163678331	1474
163678440	1474
163678571	1474
163678743	1474
163678842	1474
163678951	1474
163679239	1474
163679342	1474
163679686	1474
163679794	1474
163679894	1474
163680026	1474
163680122	1474
163680221	1474
163680317	1474
164477843	1474
164478144	1474
164478278	1474
164478391	1474
164478513	1474
164478689	1474
164478799	1474
164479026	1474
164479132	1474
164479222	1474
164479580	1474
164479810	1474
164479921	1474
164480037	1474
164480145	1474
164480240	1474
164480338	1474
165277760	1474
165277913	1474
165278061	1474
165278252	1474
165278383	1474
165278510	1474
165278722	1474
165278921	1474
165279081	1474
165279877	1474
165280084	1474
165280216	1474
165280343	1474
165280471	1474
165280595	1474
165280716	1474
165280856	1474
165280977	1474
166077634	1474
166077753	1474
166077903	1474
166078017	1474
166078113	1474
166078227	1474
166078344	1474
166078469	1474
166078734	1474
166078857	1474
166079418	1474
166079517	1474
166079641	1474
166079740	1474
166079917	1474
166080016	1474
166877368	1474
166877733	1474
166877859	1474
166878543	1474
166878924	1474
166879014	1474
166879127	1474
166879226	1474
166879375	1474
166879480	1474
166879594	1474
166879708	1474
166879846	1474
166879957	1474
166880090	1474
166880189	1474
167413895	1474
167414002	1474
167414119	1474
167414213	1474
167414306	1474
167414415	1474
167414512	1474
167414630	1474
167414841	1474
167414944	1474
167415165	1474
167415294	1474
167415445	1474
167416002	1474
167416109	1474
167416322	1474
167416449	1474
168477495	1474
168477807	1474
168477947	1474
168478058	1474
168478149	1474
168478266	1474
168478508	1474
168478648	1474
168478817	1474
168478915	1474
168479029	1474
168479126	1474
168479241	1474
168479342	1474
168479463	1474
168479689	1474
168479816	1474
168479914	1474
169277168	1474
169277430	1474
169277530	1474
169277643	1474
169277743	1474
169277843	1474
169277940	1474
169278050	1474
169278162	1474
169278260	1474
169278354	1474
169278459	1474
169278558	1474
169278736	1474
169278861	1474
169278956	1474
169279061	1474
169279156	1474
170077634	1474
170077887	1474
170077998	1474
170078113	1474
170078209	1474
170078316	1474
170078414	1474
170078510	1474
170078655	1474
170078779	1474
170078901	1474
170079050	1474
170079167	1474
170079291	1474
170079404	1474
170079495	1474
170079603	1474
170079726	1474
170877171	1474
170877372	1474
170877494	1474
170877747	1474
170877840	1474
170877935	1474
170878027	1474
170878122	1474
170878219	1474
170878321	1474
170878444	1474
170878831	1474
170878941	1474
170879035	1474
170879131	1474
170879234	1474
170879332	1474
171676863	1474
171677069	1474
171677315	1474
171677438	1474
171677612	1474
171677723	1474
171677979	1474
171678084	1474
171678197	1474
171678294	1474
171678419	1474
171678541	1474
171678669	1474
171678926	1474
171679034	1474
171679157	1474
171679253	1474
171679349	1474
172476951	1474
172477217	1474
172477312	1474
172477490	1474
172477605	1474
172477696	1474
172477791	1474
172477901	1474
172477989	1474
172478087	1474
172478229	1474
172478333	1474
172478465	1474
172478579	1474
172478737	1474
172478837	1474
173276744	1474
173276859	1474
173276969	1474
173277078	1474
173277183	1474
173277368	1474
173277470	1474
173277595	1474
173277699	1474
173277820	1474
173277910	1474
173278016	1474
173278113	1474
173278203	1474
173278295	1474
173278409	1474
173278507	1474
173813676	1474
173813810	1474
173813904	1474
173814002	1474
173814114	1474
173814220	1474
173814667	1474
173814775	1474
173814889	1474
173814991	1474
173815087	1474
173815196	1474
173815311	1474
173815444	1474
173815545	1474
173815661	1474
174610409	1474
174610761	1474
174610852	1474
174611003	1474
174611123	1474
174611231	1474
174611349	1474
174611597	1474
174611700	1474
174611797	1474
174612379	1474
174612608	1474
174612703	1474
174612814	1474
174612927	1474
174613022	1474
174613136	1474
175410437	1474
175410866	1474
175410969	1474
175412008	1474
175412281	1474
175412431	1474
175412528	1474
175413368	1474
175413520	1474
175413611	1474
175413732	1474
175413830	1474
175413939	1474
175414056	1474
175414151	1474
175414315	1474
175414420	1474
176210245	1474
176210520	1474
176210629	1474
176210777	1474
176210885	1474
176211007	1474
176211136	1474
176211398	1474
176211505	1474
176212128	1474
176212352	1474
176212479	1474
176212569	1474
176212691	1474
176212789	1474
177010853	1474
177011012	1474
177011242	1474
177011374	1474
177011500	1474
177011693	1474
177011838	1474
177012699	1474
177012966	1474
177013087	1474
177013230	1474
177013331	1474
177013430	1474
177013526	1474
177013665	1474
177013776	1474
177013893	1474
177809604	1474
177809806	1474
177809904	1474
177810018	1474
177810117	1474
177810212	1474
177810412	1474
177810520	1474
177810696	1474
177810849	1474
177811317	1474
177811471	1474
177811569	1474
177811665	1474
177811789	1474
177811887	1474
177812021	1474
178610950	1474
178611179	1474
178611276	1474
178611369	1474
178611460	1474
178611551	1474
178611647	1474
178611739	1474
178611831	1474
178611926	1474
178612056	1474
178612151	1474
178612272	1474
178612365	1474
178612465	1474
178612561	1474
178612657	1474
178612751	1474
179410794	1474
179410956	1474
179411225	1474
179411325	1474
179411424	1474
179411626	1474
179411729	1474
179411827	1474
179411933	1474
179412042	1474
179412136	1474
179412232	1474
179412355	1474
179412447	1474
179412563	1474
179412658	1474
179412754	1474
179412847	1474
180210078	1474
180210228	1474
180210358	1474
180210449	1474
180210605	1474
180210761	1474
180210970	1474
180211119	1474
180211222	1474
180211849	1474
180211945	1474
180212044	1474
180212142	1474
180212239	1474
180212334	1474
180212427	1474
180212522	1474
181012394	1474
181012494	1474
181012590	1474
181012772	1474
181012917	1474
181013158	1474
181013262	1474
181013361	1474
181013456	1474
181013552	1474
181013648	1474
181013743	1474
181013853	1474
181013949	1474
181014045	1474
181014166	1474
181014261	1474
181014357	1474
181812423	1474
181812525	1474
181812620	1474
181812715	1474
181812828	1474
181812926	1474
181813023	1474
181813118	1474
181813213	1474
181813308	1474
181813404	1474
181813499	1474
181813596	1474
181813691	1474
181813801	1474
181813899	1474
181813996	1474
181814092	1474
182611696	1474
182611795	1474
182611891	1474
182611998	1474
182612098	1474
182612296	1474
182612399	1474
182612521	1474
182612622	1474
182612727	1474
182612918	1474
182613017	1474
182613113	1474
182613208	1474
182613303	1474
182613398	1474
182615735	1474
183409199	1474
183409318	1474
183409524	1474
183409664	1474
183409763	1474
183409976	1474
183410079	1474
183410175	1474
183410272	1474
183410368	1474
183410464	1474
183410559	1474
183410778	1474
183411018	1474
183411119	1474
183411224	1474
183411318	1474
184209333	1474
184209448	1474
184209570	1474
184209669	1474
184209784	1474
184209909	1474
184210022	1474
184210117	1474
184210230	1474
184210354	1474
184210481	1474
184210579	1474
184210756	1474
184210885	1474
184210990	1474
184211088	1474
184211214	1474
184211315	1474
185009629	1474
185009858	1474
185009951	1474
185010055	1474
185010155	1474
185010251	1474
185010371	1474
185010496	1474
185010615	1474
185010774	1474
185010867	1474
185010972	1474
185011090	1474
185011185	1474
185011303	1474
185011421	1474
185011519	1474
185011619	1474
185808919	1474
185809199	1474
185809309	1474
185809417	1474
185809515	1474
185809634	1474
185809754	1474
185809878	1474
185809970	1474
185810076	1474
185810175	1474
185810312	1474
185810413	1474
185810513	1474
185810674	1474
185810823	1474
185810946	1474
185811070	1474
186609999	1474
186610293	1474
186610403	1474
186610499	1474
186610637	1474
186610842	1474
186610951	1474
186611044	1474
186611138	1474
186611283	1474
186611400	1474
186611518	1474
186611642	1474
186611738	1474
186611860	1474
186611957	1474
186612067	1474
187408777	1474
187408986	1474
187409093	1474
187409193	1474
187409292	1474
187409410	1474
187409543	1474
187409642	1474
187409734	1474
187409854	1474
187409953	1474
187410073	1474
187410194	1474
187410318	1474
187410440	1474
187410547	1474
188208659	1474
188208860	1474
188208959	1474
188209106	1474
188209203	1474
188209293	1474
188209388	1474
188209525	1474
188209636	1474
188209753	1474
188209850	1474
188209956	1474
188210069	1474
188210178	1474
188210299	1474
188210389	1474
188210498	1474
189008858	1474
189009087	1474
189009187	1474
189009300	1474
189009461	1474
189009554	1474
189009693	1474
189009814	1474
189010038	1474
189010134	1474
189010242	1474
189010343	1474
189010457	1474
189010601	1474
189010745	1474
189010835	1474
189010935	1474
189011030	1474
189808288	1474
189808458	1474
189808559	1474
189808661	1474
189808761	1474
189808862	1474
189809151	1474
189809255	1474
189809352	1474
189809461	1474
189809559	1474
189809668	1474
189809767	1474
189809882	1474
189809980	1474
189810090	1474
189810207	1474
189810327	1474
190608698	1474
190608959	1474
190609069	1474
190609185	1474
190609283	1474
190609412	1474
190609534	1474
190609631	1474
190609743	1474
190609866	1474
190609958	1474
190610051	1474
190610146	1474
190610411	1474
190610518	1474
190610638	1474
190610806	1474
190610899	1474
191682658	1474
191682884	1474
191683032	1474
191683292	1474
191683489	1474
191683762	1474
191683905	1474
191684048	1474
191684194	1474
191684336	1474
191684474	1474
191684616	1474
191684755	1474
191684896	1474
191685034	1474
191685177	1474
191685329	1474
191685471	1474
192481295	1474
192481436	1474
192481578	1474
192481716	1474
192481858	1474
192481996	1474
192482146	1474
192482309	1474
192482455	1474
192482596	1474
192482788	1474
192482934	1474
192483076	1474
192483232	1474
192483371	1474
192483514	1474
192483651	1474
192483793	1474
193008161	1474
193008732	1474
193008882	1474
193009024	1474
193009236	1474
193009373	1474
193009515	1474
193009652	1474
193009791	1474
193009960	1474
193010156	1474
193010320	1474
193010455	1474
193010622	1474
193010809	1474
193010963	1474
193807981	1474
193808146	1474
193808310	1474
193808456	1474
193808603	1474
193808766	1474
193808906	1474
193809064	1474
193809205	1474
193809367	1474
193809509	1474
193809649	1474
193809788	1474
193809930	1474
193810079	1474
193810218	1474
193810356	1474
194608096	1474
194608246	1474
194608387	1474
194608553	1474
194608695	1474
194608833	1474
194608984	1474
194609121	1474
194609260	1474
194609400	1474
194609537	1474
194609678	1474
194609803	1474
194609927	1474
194610180	1474
194610322	1474
195408993	1474
195409134	1474
195409294	1474
195409456	1474
195409592	1474
195409728	1474
195409864	1474
195410014	1474
195410150	1474
195410286	1474
195410422	1474
195410583	1474
195410770	1474
195410924	1474
195411061	1474
195411223	1474
195411364	1474
196211088	1474
196211286	1474
196211433	1474
196211557	1474
196211677	1474
196211797	1474
196211929	1474
196212050	1474
196212195	1474
196212315	1474
196212436	1474
196212557	1474
196212681	1474
196212825	1474
196212960	1474
196213083	1474
196213205	1474
196213348	1474
197007929	1474
197008163	1474
197008311	1474
197008525	1474
197008734	1474
197008905	1474
197009045	1474
197009206	1474
197009341	1474
197009475	1474
197009612	1474
197009746	1474
197009890	1474
197010027	1474
197010162	1474
197010297	1474
197010432	1474
197010567	1474
198077569	1474
198077710	1474
198077866	1474
198078004	1474
198078145	1474
198078281	1474
198078423	1474
198078561	1474
198078746	1474
198078906	1474
198079047	1474
198079185	1474
198079329	1474
198079466	1474
198079610	1474
198079778	1474
198079921	1474
198080062	1474
198608032	1474
198608293	1474
198608391	1474
198608486	1474
198608581	1474
198608701	1474
198608807	1474
198608903	1474
198608998	1474
198609095	1474
198609188	1474
198609281	1474
198609377	1474
198609473	1474
198609569	1474
198609689	1474
199409466	1474
199409742	1474
199409850	1474
199409970	1474
199410062	1474
199410158	1474
199410251	1474
199410344	1474
199410437	1474
199410541	1474
199410832	1474
199410936	1474
199411029	1474
199411122	1474
199411216	1474
199411316	1474
199411410	1474
199411505	1474
200207622	1474
200207831	1474
200207981	1474
200208120	1474
200208255	1474
200208388	1474
200208525	1474
200208660	1474
200208809	1474
200208948	1474
200209083	1474
200209250	1474
200209384	1474
200209523	1474
200209657	1474
200209833	1474
200209977	1474
201007154	1474
201007440	1474
201007584	1474
201007714	1474
201007813	1474
201007936	1474
201008036	1474
201008149	1474
201008271	1474
201008381	1474
201008475	1474
201008570	1474
201008747	1474
201008847	1474
201008952	1474
201009077	1474
201009189	1474
201806942	1474
201807215	1474
201807324	1474
201807428	1474
201807536	1474
201807668	1474
201807792	1474
201807881	1474
201807984	1474
201808082	1474
201808194	1474
201808306	1474
201808402	1474
201808497	1474
201808594	1474
201808717	1474
201808832	1474
202608800	1474
202609109	1474
202609224	1474
202609324	1474
202609421	1474
202609520	1474
202609633	1474
202609744	1474
202609842	1474
202609940	1474
202610036	1474
202610145	1474
202610261	1474
202610357	1474
202610453	1474
202610585	1474
202610732	1474
202610830	1474
203407319	1474
203407539	1474
203407717	1474
203407893	1474
203408089	1474
203408305	1474
203408446	1474
203408599	1474
203408736	1474
203408874	1474
203409032	1474
203409174	1474
203409312	1474
203409448	1474
203409626	1474
203409763	1474
203409900	1474
204206682	1474
204206979	1474
204207140	1474
204207320	1474
204207527	1474
204207705	1474
204207852	1474
204207990	1474
204208128	1474
204208266	1474
204208400	1474
204208549	1474
204208689	1474
204208846	1474
204208988	1474
204209128	1474
204209264	1474
204209403	1474
205275790	1474
205275896	1474
205276012	1474
205276104	1474
205276202	1474
205276292	1474
205276438	1474
205276657	1474
205276775	1474
205276872	1474
205276972	1474
205277070	1474
205277174	1474
205277272	1474
205277364	1474
205277499	1474
205277626	1474
205277752	1474
206076032	1474
206076137	1474
206076264	1474
206076382	1474
206076503	1474
206076655	1474
206076878	1474
206076982	1474
206077084	1474
206077184	1474
206077285	1474
206077384	1474
206077499	1474
206077603	1474
206077704	1474
206077831	1474
206077933	1474
206078032	1474
206606743	1474
206606908	1474
206607216	1474
206607323	1474
206607449	1474
206607555	1474
206607670	1474
206607770	1474
206607887	1474
206607993	1474
206608094	1474
206608210	1474
206608312	1474
206608425	1474
206608526	1474
206608623	1474
207673214	1474
207673533	1474
207674185	1474
207674455	1474
207674753	1474
207674861	1474
207674952	1474
207675067	1474
207675164	1474
207675274	1474
207675389	1474
207675498	1474
207675595	1474
207675698	1474
207675795	1474
207675896	1474
207676019	1474
207676109	1474
208206610	1474
208206761	1474
208206935	1474
208207093	1474
208207203	1474
208207308	1474
208207407	1474
208207507	1474
208207604	1474
208207703	1474
208207794	1474
208207889	1474
208208000	1474
208208107	1474
208208203	1474
208208308	1474
209005878	1474
209006079	1474
209006465	1474
209006566	1474
209006745	1474
209006873	1474
209006983	1474
209007090	1474
209007185	1474
209007320	1474
209007416	1474
209007511	1474
209007601	1474
209007697	1474
209007806	1474
209007904	1474
209008030	1474
209008146	1474
210072948	1474
210073240	1474
210073405	1474
210073526	1474
210073629	1474
210073728	1474
210074080	1474
210074262	1474
210074587	1474
210075364	1474
210075473	1474
210075743	1474
210075848	1474
210075956	1474
210076049	1474
210076145	1474
210076281	1474
210076393	1474
210875015	1474
210875378	1474
210875485	1474
210875598	1474
210875707	1474
210876127	1474
210876233	1474
210876332	1474
210876452	1474
210876552	1474
210876666	1474
210876777	1474
210876872	1474
210876967	1474
210877055	1474
210877161	1474
210877262	1474
211672761	1474
211673001	1474
211673420	1474
211673521	1474
211673801	1474
211673905	1474
211674001	1474
211674109	1474
211674210	1474
211674305	1474
211674403	1474
211674498	1474
211674594	1474
211674724	1474
211674859	1474
211674950	1474
211675085	1474
211675203	1474
212472360	1474
212472568	1474
212472742	1474
212472947	1474
212473145	1474
212473374	1474
212473517	1474
212473657	1474
212473822	1474
212473975	1474
212474114	1474
212474252	1474
212474390	1474
212474529	1474
212474667	1474
212474894	1474
212475062	1474
212475219	1474
213272372	1474
213272617	1474
213272733	1474
213272851	1474
213272974	1474
213273076	1474
213273190	1474
213273328	1474
213273426	1474
213273523	1474
213273642	1474
213273738	1474
213273908	1474
213274027	1474
213274125	1474
213274224	1474
213274320	1474
214075040	1474
214075235	1474
214075333	1474
214075428	1474
214075536	1474
214075637	1474
214075753	1474
214075851	1474
214075950	1474
214076052	1474
214076174	1474
214076282	1474
214076429	1474
214076525	1474
214076636	1474
214076742	1474
214076854	1474
214076962	1474
214872689	1474
214873029	1474
214873120	1474
214873213	1474
214873314	1474
214873405	1474
214873499	1474
214873589	1474
214873685	1474
214873797	1474
214873900	1474
214873991	1474
214874088	1474
214874208	1474
214874317	1474
214874424	1474
214874546	1474
214874668	1474
215672340	1474
215672562	1474
215672665	1474
215672759	1474
215672910	1474
215673023	1474
215673118	1474
215673220	1474
215673309	1474
215673403	1474
215673509	1474
215673626	1474
215673720	1474
215673845	1474
215673937	1474
215674046	1474
215674145	1474
215674253	1474
216472301	1474
216473055	1474
216473302	1474
216473407	1474
216473793	1474
216473896	1474
216474008	1474
216474100	1474
216474196	1474
216474340	1474
216474444	1474
216474542	1474
216474694	1474
216474808	1474
216474919	1474
216475009	1474
216475111	1474
217272936	1474
217273088	1474
217273260	1474
217273355	1474
217273518	1474
217273634	1474
217273840	1474
217273942	1474
217274066	1474
217274270	1474
217274362	1474
217274457	1474
217274595	1474
217274684	1474
217274894	1474
217274992	1474
217275090	1474
218071875	1474
218072024	1474
218072361	1474
218072732	1474
218072843	1474
218073116	1474
218073221	1474
218073328	1474
218073437	1474
218073537	1474
218073669	1474
218073763	1474
218073878	1474
218073977	1474
218074090	1474
218074211	1474
218074311	1474
218874227	1474
218874505	1474
218874635	1474
218874800	1474
218874902	1474
218875024	1474
218875138	1474
218875236	1474
218875335	1474
218875451	1474
218875547	1474
218875655	1474
218875754	1474
218875867	1474
218875965	1474
218876056	1474
218876153	1474
219674322	1474
219674421	1474
219674519	1474
219674711	1474
219674821	1474
219675030	1474
219675135	1474
219675234	1474
219675335	1474
219675433	1474
219675525	1474
219675656	1474
219675756	1474
219675855	1474
219675954	1474
219676051	1474
219676173	1474
220476772	1474
220476914	1474
220477014	1474
220477116	1474
220477316	1474
220477554	1474
220477653	1474
220477755	1474
220477882	1474
220477998	1474
220478167	1474
220478376	1474
220478553	1474
220478735	1474
220478843	1474
220478954	1474
220479080	1474
220479180	1474
221272140	1474
221272420	1474
221272541	1474
221272642	1474
221272755	1474
221272870	1474
221272965	1474
221273070	1474
221273194	1474
221273304	1474
221273402	1474
221273507	1474
221273607	1474
221273714	1474
221273811	1474
221273911	1474
221805629	1474
221805880	1474
221805981	1474
221806131	1474
221806254	1474
221806365	1474
221806469	1474
221806717	1474
221806850	1474
221807282	1474
221807385	1474
221807496	1474
221807657	1474
221807755	1474
221807853	1474
221807950	1474
222605025	1474
222605267	1474
222605367	1474
222605518	1474
222605617	1474
222605713	1474
222605801	1474
222605896	1474
222606104	1474
222606232	1474
222606320	1474
222606773	1474
222606982	1474
222607103	1474
222607195	1474
222607290	1474
223409787	1474
223409903	1474
223410001	1474
223410132	1474
223410232	1474
223410408	1474
223410661	1474
223411030	1474
223411130	1474
223411227	1474
223411419	1474
223411558	1474
223411661	1474
223411787	1474
223411889	1474
223411985	1474
223412100	1474
223412199	1474
224204695	1474
224204943	1474
224205097	1474
224205251	1474
224205386	1474
224205493	1474
224205800	1474
224205951	1474
224206072	1474
224206979	1474
224207080	1474
224207203	1474
224207359	1474
224207480	1474
224207579	1474
224207696	1474
224207811	1474
224207911	1474
225004614	1474
225004896	1474
225005048	1474
225005168	1474
225005355	1474
225005460	1474
225005850	1474
225006069	1474
225006968	1474
225007077	1474
225007313	1474
225007435	1474
225007544	1474
225007641	1474
225007770	1474
225007892	1474
225007987	1474
225808393	1474
225808493	1474
225808595	1474
225808712	1474
225808830	1474
225808929	1474
225809045	1474
225809158	1474
225809271	1474
225809387	1474
225809487	1474
225809593	1474
225809704	1474
225809804	1474
225809904	1474
225810005	1474
225810127	1474
226604991	1474
226605798	1474
226606151	1474
226606488	1474
226606607	1474
226607038	1474
226607146	1474
226607273	1474
226607414	1474
226607516	1474
226607638	1474
226607755	1474
226607871	1474
226607997	1474
226608113	1474
226608227	1474
226608322	1474
227404797	1474
227405063	1474
227405223	1474
227405325	1474
227405423	1474
227405519	1474
227405639	1474
227405762	1474
227405857	1474
227405950	1474
227406043	1474
227406153	1474
227406246	1474
227406342	1474
227406436	1474
227406532	1474
227406674	1474
227406778	1474
228470893	1474
228471331	1474
228471459	1474
228471553	1474
228471645	1474
228471739	1474
228471835	1474
228471933	1474
228472146	1474
228472250	1474
228472791	1474
228472965	1474
228473076	1474
228473172	1474
228473274	1474
228473371	1474
228473466	1474
228473584	1474
229008332	1474
229008432	1474
229008533	1474
229008646	1474
229008746	1474
229008844	1474
229008996	1474
229009099	1474
229009204	1474
229009304	1474
229009405	1474
229009503	1474
229009603	1474
229009700	1474
229009798	1474
229808859	1474
229809025	1474
229809152	1474
229809279	1474
229809592	1474
229809725	1474
229809835	1474
229809944	1474
229810045	1474
229810149	1474
229810247	1474
229810363	1474
229810464	1474
229810567	1474
229810668	1474
229810815	1474
229810922	1474
230609378	1474
230609506	1474
230609625	1474
230609725	1474
230609851	1474
230610019	1474
230610251	1474
230610351	1474
230610466	1474
230610568	1474
230610729	1474
230610847	1474
230610961	1474
230611083	1474
230611195	1474
230611314	1474
230611413	1474
230611528	1474
231410867	1474
231411015	1474
231411151	1474
231411293	1474
231411434	1474
231411575	1474
231411722	1474
231411888	1474
231412031	1474
231412169	1474
231412312	1474
231412450	1474
231412592	1474
231412741	1474
231412884	1474
231413022	1474
231413165	1474
231413303	1474
232205509	1474
232205636	1474
232205759	1474
232205867	1474
232205964	1474
232206084	1474
232206212	1474
232206500	1474
232206608	1474
232206763	1474
232206877	1474
232206977	1474
232207069	1474
232207199	1474
232207291	1474
232207403	1474
232207500	1474
232207612	1474
233270553	1474
233270875	1474
233271113	1474
233271221	1474
233271321	1474
233271626	1474
233271788	1474
233271898	1474
233272587	1474
233272695	1474
233273027	1474
233273146	1474
233273260	1474
233273370	1474
233273493	1474
233273613	1474
233273710	1474
233273824	1474
234070495	1474
234070818	1474
234071167	1474
234071691	1474
234071815	1474
234071949	1474
234072248	1474
234072360	1474
234073057	1474
234073165	1474
234073262	1474
234073373	1474
234073473	1474
234073588	1474
234073693	1474
234073808	1474
234073921	1474
234074020	1474
234870285	1474
234870528	1474
234870744	1474
234870840	1474
234870934	1474
234871032	1474
234871228	1474
234871376	1474
234871871	1474
234871980	1474
234872187	1474
234872285	1474
234872386	1474
234872481	1474
234872576	1474
234872688	1474
234872782	1474
234872877	1474
235675348	1474
235675460	1474
235675558	1474
235675669	1474
235675880	1474
235675984	1474
235676082	1474
235676179	1474
235676299	1474
235676396	1474
235676493	1474
235676593	1474
235676686	1474
235676806	1474
235676901	1474
235677023	1474
235677120	1474
236472628	1474
236472724	1474
236472817	1474
236472910	1474
236473005	1474
236473100	1474
236473194	1474
236473290	1474
236473385	1474
236473520	1474
236473616	1474
236473714	1474
236473809	1474
236473904	1474
236474001	1474
236474098	1474
236474193	1474
237272774	1474
237272876	1474
237272979	1474
237273075	1474
237273199	1474
237273297	1474
237273399	1474
237273496	1474
237273592	1474
237273690	1474
237273786	1474
237273882	1474
237273989	1474
237274085	1474
237274181	1474
237274276	1474
237274370	1474
237274475	1474
238073043	1474
238073138	1474
238073238	1474
238073373	1474
238073471	1474
238073589	1474
238073701	1474
238073799	1474
238073929	1474
238074033	1474
238074128	1474
238074226	1474
238074402	1474
238074502	1474
238074601	1474
238074787	1474
238074887	1474
238075049	1474
238869720	1474
238870088	1474
238870178	1474
238870301	1474
238870439	1474
238870577	1474
238870715	1474
238870837	1474
238870950	1474
238871297	1474
238871492	1474
238871588	1474
238871678	1474
238871768	1474
238871856	1474
238872120	1474
238872221	1474
238872337	1474
239669714	1474
239669952	1474
239670048	1474
239670161	1474
239670267	1474
239670384	1474
239670477	1474
239670595	1474
239670739	1474
239670975	1474
239671073	1474
239671167	1474
239671448	1474
239671633	1474
239671731	1474
239671825	1474
240473142	1474
240473239	1474
240473332	1474
240473434	1474
240473527	1474
240473619	1474
240473711	1474
240473803	1474
240473895	1474
240473987	1474
240474079	1474
240474212	1474
240474305	1474
240474398	1474
240474489	1474
240474581	1474
240474703	1474
240474811	1474
241269457	1474
241269602	1474
241269979	1474
241270150	1474
241270306	1474
241270602	1474
241270770	1474
241271547	1474
241271801	1474
241271901	1474
241271996	1474
241272102	1474
241272202	1474
241272315	1474
241272430	1474
241272526	1474
241272642	1474
241272749	1474
242069195	1474
242069344	1474
242069577	1474
242069921	1474
242070211	1474
242070408	1474
242070578	1474
242071700	1474
242071996	1474
242072105	1474
242072223	1474
242072318	1474
242072431	1474
242072540	1474
242072634	1474
242072756	1474
242072871	1474
242869560	1474
242869706	1474
242869848	1474
242869957	1474
242870071	1474
242870202	1474
242870322	1474
242870440	1474
242870750	1474
242870859	1474
242871220	1474
242871434	1474
242871538	1474
242871649	1474
242871761	1474
242871857	1474
242871997	1474
242872097	1474
243669930	1474
243670163	1474
243670281	1474
243670398	1474
243670530	1474
243671151	1474
243671430	1474
243671524	1474
243672353	1474
243672461	1474
243672560	1474
243672645	1474
243672732	1474
243672816	1474
243672912	1474
243673002	1474
243673095	1474
244469370	1474
244469568	1474
244469689	1474
244469790	1474
244469898	1474
244469997	1474
244470096	1474
244470220	1474
244470317	1474
244470412	1474
244470521	1474
244470708	1474
244470834	1474
244470944	1474
244471042	1474
244471138	1474
244471234	1474
245270275	1474
245270477	1474
245270593	1474
245270765	1474
245270873	1474
245270999	1474
245271114	1474
245271217	1474
245271313	1474
245271424	1474
245271540	1474
245271639	1474
245271736	1474
245271856	1474
245271971	1474
245272092	1474
245272206	1474
245272331	1474
246068890	1474
246069039	1474
246069177	1474
246069285	1474
246069385	1474
246069488	1474
246069607	1474
246069720	1474
246069861	1474
246069974	1474
246070071	1474
246070173	1474
246070276	1474
246070438	1474
246070589	1474
246070745	1474
246868974	1474
246869339	1474
246869485	1474
246869602	1474
246869732	1474
246869967	1474
246870069	1474
246870172	1474
246870271	1474
246870385	1474
246870483	1474
246870680	1474
246870829	1474
246870925	1474
246871020	1474
246871139	1474
246871243	1474
247668870	1474
247669076	1474
247669256	1474
247669353	1474
247669473	1474
247669570	1474
247669679	1474
247669796	1474
247669894	1474
247669984	1474
247670097	1474
247670219	1474
247670314	1474
247670412	1474
247670508	1474
247670606	1474
247670767	1474
248468938	1474
248469071	1474
248469161	1474
248469281	1474
248469446	1474
248469549	1474
248469654	1474
248469753	1474
248469849	1474
248469950	1474
248470048	1474
248470146	1474
248470244	1474
248470340	1474
248470436	1474
248470533	1474
248470725	1474
248470832	1474
249269584	1474
249269721	1474
249269813	1474
249269980	1474
249270104	1474
249270214	1474
249270321	1474
249270419	1474
249270517	1474
249270768	1474
249270878	1474
249270998	1474
249271114	1474
249271214	1474
249271328	1474
249271428	1474
249271525	1474
249271642	1474
250068685	1474
250068825	1474
250068914	1474
250069074	1474
250069198	1474
250069304	1474
250069432	1474
250069530	1474
250069646	1474
250069760	1474
250069854	1474
250069948	1474
250070049	1474
250070165	1474
250070264	1474
250070360	1474
250070456	1474
250070562	1474
250868377	1474
250868531	1474
250868632	1474
250868751	1474
250868856	1474
250868951	1474
250869065	1474
250869187	1474
250869306	1474
250869420	1474
250869526	1474
250869616	1474
250869731	1474
250869830	1474
250869926	1474
250870025	1474
250870123	1474
251668643	1474
251668874	1474
251669248	1474
251669354	1474
251669451	1474
251669593	1474
251669800	1474
251669918	1474
251670041	1474
251670137	1474
251670250	1474
251670357	1474
251670454	1474
251670620	1474
251670783	1474
251670891	1474
251671002	1474
251671098	1474
252468506	1474
252468765	1474
252468938	1474
252469051	1474
252469169	1474
252469296	1474
252469602	1474
252469720	1474
252469823	1474
252469987	1474
252470086	1474
252470186	1474
252470318	1474
252470460	1474
252470584	1474
252470724	1474
252470835	1474
252470946	1474
253268234	1474
253268705	1474
253268828	1474
253269068	1474
253269200	1474
253269312	1474
253269425	1474
253269524	1474
253269639	1474
253269735	1474
253269832	1474
253269924	1474
253270050	1474
253270172	1474
253270296	1474
253270409	1474
253270506	1474
254070003	1474
254070260	1474
254070738	1474
254070860	1474
254071149	1474
254071254	1474
254071365	1474
254071494	1474
254071593	1474
254071692	1474
254071792	1474
254071893	1474
254072007	1474
254072105	1474
254072207	1474
254072329	1474
254072435	1474
254869791	1474
254869888	1474
254870007	1474
254870132	1474
254870237	1474
254870506	1474
254870637	1474
254870849	1474
254870970	1474
254871110	1474
254871211	1474
254871345	1474
254871459	1474
254871558	1474
254871669	1474
254871785	1474
254871908	1474
254872025	1474
255667639	1474
255667934	1474
255668074	1474
255668240	1474
255668373	1474
255668502	1474
255668713	1474
255668815	1474
255668964	1474
255669065	1474
255669166	1474
255669294	1474
255669398	1474
255669501	1474
255669600	1474
255669699	1474
255669800	1474
256470421	1474
256470551	1474
256470735	1474
256470841	1474
256470941	1474
256471043	1474
256471148	1474
256471251	1474
256471379	1474
256471478	1474
256471590	1474
256471691	1474
256471792	1474
256471907	1474
256472032	1474
256472140	1474
257268021	1474
257268186	1474
257268282	1474
257268383	1474
257268488	1474
257268595	1474
257268715	1474
257268841	1474
257268963	1474
257269062	1474
257269193	1474
257269292	1474
257269392	1474
257269518	1474
257269619	1474
257269733	1474
258067582	1474
258067969	1474
258068162	1474
258068284	1474
258068387	1474
258068664	1474
258068771	1474
258068885	1474
258069010	1474
258069108	1474
258069226	1474
258069326	1474
258069428	1474
258069527	1474
258069622	1474
258069746	1474
258069899	1474
258070003	1474
258867545	1474
258867849	1474
258868060	1474
258868180	1474
258868301	1474
258868544	1474
258868650	1474
258868739	1474
258868865	1474
258868992	1474
258869100	1474
258869235	1474
258869335	1474
258869448	1474
258869565	1474
258869664	1474
258869779	1474
258869911	1474
259667284	1474
259667516	1474
259667895	1474
259668011	1474
259668149	1474
259668433	1474
259668539	1474
259668637	1474
259668764	1474
259668883	1474
259668983	1474
259669153	1474
259669272	1474
259669389	1474
259669487	1474
259669635	1474
259669734	1474
259669833	1474
260467885	1474
260468126	1474
260468307	1474
260468481	1474
260468694	1474
260468867	1474
260469018	1474
260469155	1474
260469293	1474
260469457	1474
260469595	1474
260469733	1474
260469873	1474
260470018	1474
260470156	1474
260470313	1474
260470456	1474
261267432	1474
261267585	1474
261268433	1474
261268658	1474
261268763	1474
261268881	1474
261268993	1474
261269093	1474
261269348	1474
261269437	1474
261269559	1474
261269684	1474
261269812	1474
261269913	1474
261270032	1474
261270148	1474
261270247	1474
262071751	1474
262072028	1474
262072244	1474
262072344	1474
262072453	1474
262072550	1474
262072781	1474
262072896	1474
262072996	1474
262073096	1474
262073195	1474
262073294	1474
262073390	1474
262073488	1474
262073613	1474
262073736	1474
262073859	1474
262871174	1474
262871296	1474
262871436	1474
262871537	1474
262871699	1474
262871825	1474
262872096	1474
262872202	1474
262872294	1474
262872399	1474
262872503	1474
262872604	1474
262872702	1474
262872810	1474
262872926	1474
262873024	1474
262873121	1474
262873218	1474
263672679	1474
263672822	1474
263672974	1474
263673202	1474
263673394	1474
263673626	1474
263673794	1474
263673941	1474
263674081	1474
263674218	1474
263674356	1474
263674496	1474
263674634	1474
263674824	1474
263674983	1474
263675122	1474
263675259	1474
263675396	1474
264471377	1474
264471544	1474
264471752	1474
264471966	1474
264472199	1474
264472344	1474
264472555	1474
264472759	1474
264472991	1474
264473134	1474
264473275	1474
264473412	1474
264473554	1474
264473774	1474
264473913	1474
264474053	1474
264474193	1474
264474329	1474
265271904	1474
265272006	1474
265272101	1474
265272201	1474
265272302	1474
265272401	1474
265272499	1474
265272604	1474
265272700	1474
265272809	1474
265272908	1474
265273029	1474
265273127	1474
265273225	1474
265273323	1474
265273420	1474
265273517	1474
266334022	1474
266334200	1474
266334304	1474
266334424	1474
266334706	1474
266334978	1474
266335145	1474
266335889	1474
266335998	1474
266336190	1474
266336312	1474
266336405	1474
266336500	1474
266336744	1474
266336848	1474
266336940	1474
266337055	1474
266337156	1474
266869704	1474
266869807	1474
266869925	1474
266870041	1474
266870141	1474
266870259	1474
266870370	1474
266870470	1474
266870586	1474
266870779	1474
266870938	1474
266871044	1474
266871152	1474
266871270	1474
266871366	1474
266871463	1474
267669810	1474
267669956	1474
267670095	1474
267670265	1474
267670463	1474
267670625	1474
267670815	1474
267670961	1474
267671099	1474
267671238	1474
267671402	1474
267671591	1474
267671746	1474
267671888	1474
267672058	1474
267672268	1474
267672496	1474
267672668	1474
268474657	1474
268474851	1474
268475036	1474
268475174	1474
268475313	1474
268475483	1474
268475622	1474
268475762	1474
268475976	1474
268476173	1474
268476351	1474
268476501	1474
268476640	1474
268476803	1474
268476940	1474
268477078	1474
268477218	1474
269269430	1474
269269555	1474
269269678	1474
269269830	1474
269270004	1474
269270156	1474
269270283	1474
269270419	1474
269270544	1474
269270668	1474
269270832	1474
269271004	1474
269271132	1474
269271263	1474
269271425	1474
269271549	1474
269271673	1474
269271824	1474
270071553	1474
270071765	1474
270071997	1474
270072266	1474
270072443	1474
270072611	1474
270072788	1474
270072927	1474
270073066	1474
270073204	1474
270073349	1474
270073488	1474
270073626	1474
270073765	1474
270073902	1474
270074039	1474
270872540	1474
270872682	1474
270872821	1474
270872958	1474
270873096	1474
270873233	1474
270873405	1474
270873572	1474
270873710	1474
270873848	1474
270873987	1474
270874124	1474
270874293	1474
270874433	1474
270874570	1474
270874754	1474
270874915	1474
271669344	1474
271669447	1474
271669546	1474
271669646	1474
271669753	1474
271669964	1474
271670070	1474
271670187	1474
271670295	1474
271670396	1474
271670495	1474
271670618	1474
271670785	1474
271670889	1474
271671105	1474
271671237	1474
271671347	1474
271671447	1474
272468418	1474
272468522	1474
272468753	1474
272468895	1474
272469062	1474
272469285	1474
272469403	1474
272469502	1474
272469600	1474
272469698	1474
272469796	1474
272469897	1474
272469994	1474
272470091	1474
272470224	1474
272470335	1474
272470436	1474
272470561	1474
273537365	1474
273537513	1474
273537659	1474
273537830	1474
273538077	1474
273538287	1474
273538431	1474
273538572	1474
273538742	1474
273538930	1474
273539075	1474
273539257	1474
273539421	1474
273539563	1474
273539706	1474
273539844	1474
273540014	1474
273540194	1474
274339413	1474
274339584	1474
274339724	1474
274339909	1474
274340112	1474
274340334	1474
274340461	1474
274340585	1474
274340711	1474
274340834	1474
274340958	1474
274341188	1474
274341316	1474
274341440	1474
274341564	1474
274341696	1474
274341841	1474
274341963	1474
275136806	1474
275136936	1474
275137061	1474
275137162	1474
275137265	1474
275137363	1474
275137466	1474
275137568	1474
275137666	1474
275137791	1474
275137891	1474
275137997	1474
275138136	1474
275138236	1474
275138333	1474
275138436	1474
275138536	1474
275936496	1474
275936601	1474
275936711	1474
275936810	1474
275936936	1474
275937212	1474
275937317	1474
275937430	1474
275937529	1474
275937656	1474
275937755	1474
275937881	1474
275938006	1474
275938109	1474
275938234	1474
275938345	1474
275938443	1474
275938559	1474
276732305	1474
276732471	1474
276732714	1474
276732855	1474
276733049	1474
276733253	1474
276734342	1474
276734555	1474
276734748	1474
276734986	1474
276735173	1474
276735364	1474
276735494	1474
276735615	1474
276735738	1474
276735863	1474
276735999	1474
276736216	1474
277532209	1474
277532522	1474
277533477	1474
277533637	1474
277533906	1474
277534767	1474
277534890	1474
277535090	1474
277535223	1474
277535322	1474
277535461	1474
277535560	1474
277535675	1474
277535768	1474
277535874	1474
277535971	1474
277536073	1474
277536195	1474
278335015	1474
278335118	1474
278335220	1474
278335319	1474
278335419	1474
278335516	1474
278335613	1474
278335714	1474
278335813	1474
278335924	1474
278336024	1474
278336124	1474
278336225	1474
278336324	1474
278336448	1474
278336548	1474
278336647	1474
278336746	1474
279141971	1474
279142073	1474
279142172	1474
279142273	1474
279142388	1474
279142720	1474
279142843	1474
279142946	1474
279143047	1474
279143145	1474
279143244	1474
279143374	1474
279143521	1474
279143625	1474
279143729	1474
279143907	1474
279144030	1474
279144177	1474
279932144	1474
279932377	1474
279932487	1474
279932808	1474
279932899	1474
279933015	1474
279933124	1474
279933250	1474
279933476	1474
279934092	1474
279934269	1474
279934371	1474
279934489	1474
279934587	1474
279934779	1474
279934877	1474
279934981	1474
279935078	1474
280737443	1474
280737543	1474
280737663	1474
280737770	1474
280737904	1474
280738011	1474
280738217	1474
280738321	1474
280738444	1474
280738539	1474
280738701	1474
280738807	1474
280738911	1474
280739141	1474
280739244	1474
280739368	1474
280739464	1474
281539304	1474
281539402	1474
281539497	1474
281539593	1474
281539704	1474
281539802	1474
281540048	1474
281540152	1474
281540249	1474
281540344	1474
281540440	1474
281540562	1474
281540668	1474
281540764	1474
281540861	1474
281540958	1474
281541054	1474
281541149	1474
282598623	1474
282598954	1474
282599056	1474
282599151	1474
282599270	1474
282599366	1474
282599525	1474
282599638	1474
282599860	1474
282599971	1474
282600488	1474
282600662	1474
282600761	1474
282600861	1474
282600956	1474
282601053	1474
282601146	1474
282601241	1474
283134639	1474
283134830	1474
283134979	1474
283135122	1474
283135264	1474
283135403	1474
283135555	1474
283135700	1474
283135837	1474
283135978	1474
283136117	1474
283136286	1474
283136450	1474
283136617	1474
283136756	1474
283136919	1474
283137058	1474
283931702	1474
283931901	1474
283932044	1474
283932238	1474
283932463	1474
283933289	1474
283933583	1474
283933735	1474
283933874	1474
283934013	1474
283934147	1474
283934288	1474
283934431	1474
283934664	1474
283934913	1474
283935068	1474
283935241	1474
285003907	1474
285004052	1474
285004191	1474
285004431	1474
285004626	1474
285004779	1474
285004921	1474
285005059	1474
285005204	1474
285005342	1474
285005498	1474
285005635	1474
285005777	1474
285005915	1474
285006055	1474
285006222	1474
285006423	1474
285006594	1474
285808378	1474
285808525	1474
285808664	1474
285808829	1474
285808969	1474
285809108	1474
285809272	1474
285809427	1474
285809569	1474
285809711	1474
285809850	1474
285809994	1474
285810132	1474
285810275	1474
285810428	1474
285810572	1474
285810769	1474
286331548	1474
286331785	1474
286331908	1474
286332015	1474
286332109	1474
286332205	1474
286332350	1474
286332479	1474
286332577	1474
286332710	1474
286332830	1474
286332938	1474
286333051	1474
286333164	1474
286333285	1474
286333412	1474
286333536	1474
287132443	1474
287132699	1474
287132894	1474
287133105	1474
287133310	1474
287133540	1474
287133793	1474
287133934	1474
287134074	1474
287134214	1474
287134356	1474
287134560	1474
287134791	1474
287135031	1474
287135173	1474
287135316	1474
287135455	1474
288204447	1474
288204591	1474
288204733	1474
288204871	1474
288205077	1474
288205271	1474
288205504	1474
288205643	1474
288205778	1474
288205919	1474
288206068	1474
288206235	1474
288206373	1474
288206540	1474
288206677	1474
288206870	1474
288207014	1474
288207173	1474
289004761	1474
289004906	1474
289005050	1474
289005278	1474
289005480	1474
289005734	1474
289005877	1474
289006014	1474
289006151	1474
289006294	1474
289006469	1474
289006609	1474
289006889	1474
289007089	1474
289007257	1474
289007396	1474
289007552	1474
289007691	1474
289804010	1474
289804116	1474
289804242	1474
289804443	1474
289804676	1474
289804779	1474
289804899	1474
289804999	1474
289805106	1474
289805203	1474
289805304	1474
289805403	1474
289805500	1474
289805599	1474
289805698	1474
289805807	1474
289805906	1474
290333781	1474
290334042	1474
290334194	1474
290334293	1474
290334414	1474
290334513	1474
290334670	1474
290334771	1474
290334879	1474
290335048	1474
290335152	1474
290335275	1474
290335363	1474
290335483	1474
290335579	1474
290335701	1474
291133748	1474
291133898	1474
291134022	1474
291134134	1474
291134248	1474
291134362	1474
291134711	1474
291134816	1474
291134914	1474
291135019	1474
291135117	1474
291135238	1474
291135348	1474
291135463	1474
291135578	1474
291135669	1474
291135788	1474
291136048	1474
292205278	1474
292205380	1474
292205476	1474
292205567	1474
292205688	1474
292206044	1474
292206149	1474
292206264	1474
292206362	1474
292206460	1474
292206557	1474
292206653	1474
292206818	1474
292207007	1474
292207098	1474
292207208	1474
292207303	1474
292207424	1474
293000430	1474
293001088	1474
293001214	1474
293002144	1474
293002419	1474
293003320	1474
293003518	1474
293003645	1474
293003739	1474
293003834	1474
293003976	1474
293004102	1474
293004211	1474
293004333	1474
293004453	1474
293004551	1474
293004642	1474
293004737	1474
293805611	1474
293805723	1474
293805838	1474
293805967	1474
293806100	1474
293806324	1474
293806469	1474
293806612	1474
293806811	1474
293806912	1474
293807086	1474
293807188	1474
293807306	1474
293807409	1474
293807505	1474
293807633	1474
293807751	1474
293807847	1474
294605473	1474
294605574	1474
294605672	1474
294605790	1474
294605885	1474
294605996	1474
294606093	1474
294606189	1474
294606290	1474
294606413	1474
294606510	1474
294606626	1474
294606772	1474
294606873	1474
294606987	1474
294607108	1474
294607197	1474
294607313	1474
295404961	1474
295405077	1474
295405177	1474
295405284	1474
295405381	1474
295405504	1474
295405716	1474
295405816	1474
295405915	1474
295406013	1474
295406112	1474
295406213	1474
295406328	1474
295406452	1474
295406548	1474
295406826	1474
295407504	1474
295407926	1474
296206352	1474
296206481	1474
296206582	1474
296206723	1474
296206826	1474
296206942	1474
296207066	1474
296207215	1474
296207318	1474
296207436	1474
296207576	1474
296207688	1474
296207837	1474
296207936	1474
296208033	1474
296208131	1474
296208229	1474
297007515	1474
297007609	1474
297007710	1474
297007806	1474
297007921	1474
297008038	1474
297008162	1474
297008373	1474
297008470	1474
297008580	1474
297008698	1474
297008797	1474
297008906	1474
297009012	1474
297009109	1474
297009222	1474
297009317	1474
297805967	1474
297806076	1474
297806174	1474
297806309	1474
297806408	1474
297806793	1474
297806901	1474
297806999	1474
297807104	1474
297807200	1474
297807307	1474
297807406	1474
297807502	1474
297807601	1474
297807693	1474
297807793	1474
297807889	1474
298602911	1474
298603162	1474
298603694	1474
298603801	1474
298603997	1474
298604101	1474
298604197	1474
298604339	1474
298604438	1474
298604536	1474
298604639	1474
298604736	1474
298604833	1474
298604927	1474
298605022	1474
298605117	1474
298605214	1474
298605309	1474
299410447	1474
299410598	1474
299410826	1474
299410957	1474
299411052	1474
299411161	1474
299411265	1474
299411367	1474
299411485	1474
299411585	1474
299411683	1474
299411772	1474
299411876	1474
299411984	1474
299412093	1474
299412209	1474
299412311	1474
299412410	1474
300205152	1474
300205310	1474
300205915	1474
300206017	1474
300206232	1474
300206342	1474
300206438	1474
300206531	1474
300206651	1474
300206886	1474
300206986	1474
300207079	1474
300207171	1474
300207275	1474
300207383	1474
300207475	1474
300207567	1474
300207660	1474
301006872	1474
301007025	1474
301007161	1474
301007296	1474
301007430	1474
301007566	1474
301007711	1474
301007852	1474
301008013	1474
301008156	1474
301008294	1474
301008433	1474
301008591	1474
301008742	1474
301008878	1474
301009037	1474
301009173	1474
301808313	1474
301808414	1474
301808536	1474
301808647	1474
301808883	1474
301809274	1474
301809380	1474
301809475	1474
301809595	1474
301809690	1474
301809811	1474
301809908	1474
301810024	1474
301810224	1474
301810338	1474
301810433	1474
301810538	1474
302608189	1474
302608298	1474
302608398	1474
302608512	1474
302608615	1474
302608715	1474
302608817	1474
302608933	1474
302609036	1474
302609137	1474
302609253	1474
302609355	1474
302609455	1474
302609582	1474
302609740	1474
302609848	1474
302609949	1474
302610077	1474
303408842	1474
303408974	1474
303409086	1474
303409187	1474
303409288	1474
303409556	1474
303409661	1474
303409763	1474
303409903	1474
303410004	1474
303410104	1474
303410201	1474
303410297	1474
303410407	1474
303410504	1474
303410641	1474
303410828	1474
304208652	1474
304208751	1474
304208881	1474
304208983	1474
304209216	1474
304209319	1474
304209418	1474
304209517	1474
304209616	1474
304209715	1474
304209831	1474
304209954	1474
304210051	1474
304210157	1474
304210257	1474
304210370	1474
304210466	1474
304210590	1474
305009096	1474
305009196	1474
305009364	1474
305009482	1474
305009737	1474
305009842	1474
305009981	1474
305010085	1474
305010184	1474
305010288	1474
305010387	1474
305010507	1474
305010605	1474
305010770	1474
305010872	1474
305010990	1474
305011109	1474
305011205	1474
306079320	1474
306079468	1474
306079673	1474
306079875	1474
306080046	1474
306080188	1474
306080328	1474
306080472	1474
306080636	1474
306080775	1474
306080948	1474
306081089	1474
306081229	1474
306081397	1474
306081541	1474
306081680	1474
306081819	1474
306081966	1474
306606128	1474
306606290	1474
306606385	1474
306606495	1474
306606614	1474
306606829	1474
306606927	1474
306607039	1474
306607154	1474
306607292	1474
306607400	1474
306607503	1474
306607601	1474
306607700	1474
306607831	1474
306607925	1474
307672703	1474
307672823	1474
307673101	1474
307673203	1474
307673480	1474
307673713	1474
307674280	1474
307674518	1474
307674623	1474
307674883	1474
307675011	1474
307675109	1474
307675215	1474
307675313	1474
307675412	1474
307675536	1474
307675634	1474
307675748	1474
308473167	1474
308473420	1474
308473530	1474
308473633	1474
308473850	1474
308474955	1474
308475504	1474
308475612	1474
308475713	1474
308475864	1474
308475993	1474
308476105	1474
308476213	1474
308476309	1474
308476407	1474
308476509	1474
308476624	1474
308476725	1474
309275603	1474
309275703	1474
309275800	1474
309275895	1474
309275993	1474
309276241	1474
309276354	1474
309276475	1474
309276566	1474
309276685	1474
309276810	1474
309276907	1474
309277019	1474
309277131	1474
309277227	1474
309277316	1474
309277444	1474
309277545	1474
310073725	1474
310073992	1474
310074320	1474
310075190	1474
310075372	1474
310075514	1474
310075665	1474
310075825	1474
310075966	1474
310076108	1474
310076245	1474
310076385	1474
310076526	1474
310076675	1474
310076820	1474
310076964	1474
310077101	1474
310077239	1474
310877022	1474
310877144	1474
310877260	1474
310877377	1474
310877608	1474
310877717	1474
310877984	1474
310878093	1474
310878190	1474
310878305	1474
310878401	1474
310878498	1474
310878596	1474
310878778	1474
310878915	1474
310879029	1474
310879144	1474
310879260	1474
311674842	1474
311675581	1474
311676914	1474
311677231	1474
311677337	1474
311677539	1474
311677640	1474
311677751	1474
311677948	1474
311678055	1474
311678184	1474
311678281	1474
311678401	1474
311678587	1474
311678779	1474
311678899	1474
311679007	1474
311679112	1474
312474835	1474
312475957	1474
312476247	1474
312476421	1474
312476652	1474
312476806	1474
312476948	1474
312477091	1474
312477228	1474
312477369	1474
312477511	1474
312477649	1474
312477804	1474
312477968	1474
312478136	1474
312478273	1474
312478416	1474
