4920909	58
4922471	54
4966273	1474
4966543	1474
4969599	1474
4969949	1474
4970740	1474
4970966	1474
4974476	1474
4974715	1474
4974882	1474
4975534	1474
4975991	334
5005457	1474
5006498	1474
5008047	1474
5009460	1474
5010316	1474
5011400	1474
5011879	1474
5012106	1474
5012455	1474
5012712	1474
5012984	334
5013291	1474
5013534	1474
5013837	110
5033622	1474
5033755	1474
5034035	1474
5034457	1474
5034771	1474
5034939	194
5035071	1474
5035333	1474
5035555	1474
5035702	1474
5035845	1474
5036134	194
5036364	1474
5036636	1474
5036768	1474
5037070	1474
5037300	1474
5037433	194
5037595	1474
5037779	1474
5038204	1474
5038448	1474
5038669	1474
5039096	194
5060978	1474
5061101	1474
5061219	1474
5061473	1474
5061600	1474
5061721	1474
5061841	1474
5061960	1474
5062216	1474
5062422	1474
5062551	334
5062935	1474
5063158	1474
5063388	1474
5063611	138
5064192	1474
5064456	1474
5064631	1474
5064781	138
5065011	1474
5065142	1474
5065670	1474
5065892	1474
5066022	1474
5066140	1474
5066267	1474
5066423	1474
5066862	278
5075962	1474
5076436	1474
5076664	1474
5076995	1474
5077220	1474
5077526	1474
5077747	1474
5078048	1474
5078270	1474
5078408	306
5093623	1474
5093818	1474
5093951	1474
5094235	1474
5094383	1474
5094722	1474
5094972	1474
5095102	1474
5095228	1474
5095428	1474
5095657	1474
5096569	1474
5096842	1474
5096971	418
5097147	1474
5097287	1474
5097437	1474
5098318	1474
5098497	1474
5098625	1474
5098918	222
5099256	1474
5099494	1474
5099625	1474
5099751	1474
5100200	1474
5100486	1474
5101096	1474
5101227	1474
5101367	278
5120877	1474
5121192	1474
5121716	1474
5122174	1474
5122341	1474
5123341	1474
5123662	1474
5123929	1474
5124519	1474
5124709	1474
5124836	1474
5124956	1474
5125079	1474
5125458	1474
5139724	1474
5140233	1474
5140497	1474
5140629	1474
5140751	1474
5140871	1474
5140991	1474
5141114	1474
5141830	1474
5141965	306
5150575	1474
5150707	1474
5150832	1474
5150957	1474
5151082	1474
5151206	1474
5151494	1474
5151645	1474
5151863	1474
5152170	1474
5152471	1474
5165127	1474
6568990	1474
6581983	1474
6582105	1474
6600164	1474
6600459	1474
6601061	1474
6625673	1474
6625850	1474
6626214	1474
6626615	1474
6626867	1474
6627360	1474
6665887	1474
6666219	1474
6666558	1474
6666847	1474
6667293	1474
6667709	1474
6668084	1474
6668562	1474
6669010	1474
6701423	1474
6701655	1474
6702167	1474
6702568	1474
6702797	1474
6703470	1474
6736624	1474
6736783	1474
6737220	1474
6737410	1474
6737801	1474
6765842	1474
6765976	1474
8092651	1474
8098751	1474
8099168	1474
8108776	1474
8109331	1474
8109461	1474
8124927	1474
8125052	1474
8125190	1474
8125320	1474
8150171	1474
8150401	1474
8151170	1474
8151398	1474
8151963	1474
8170015	1474
8170150	1474
8170273	1474
8170468	1474
8170611	1474
8170872	1474
8187020	1474
8187632	1474
8187856	1474
8188247	1474
8218032	1474
8218169	1474
8218331	1474
8218597	1474
8218915	1474
8219177	1474
8269900	1474
8270318	1474
8270724	1474
8270853	1474
8270996	1474
8271130	1474
8312957	1474
8313316	1474
8313533	1474
8313664	1474
8313787	1474
8313988	1474
8314197	1474
8355843	1474
8356160	1474
8356422	1474
8356709	1474
8356831	1474
8356956	1474
8357156	1474
8390899	1474
8391023	1474
8391158	1474
8391287	1474
8391410	1474
8391532	1474
8391653	1474
8428127	1474
8428343	1474
8428513	1474
8428644	1474
8428770	1474
8428893	1474
8429017	1474
8468263	1474
8468522	1474
8468645	1474
8468765	1474
8468887	1474
8469015	1474
8469160	1474
8508092	1474
8508228	1474
8508399	1474
8508530	1474
8508651	1474
8508780	1474
8508901	1474
8548026	1474
8548181	1474
8684740	1474
8684969	1474
8685394	1474
8685525	1474
8685653	1474
8685773	1474
8685895	1474
8686016	1474
10107211	1474
10112932	1474
10113395	1474
10173082	1474
10173207	1474
10173326	1474
10231578	1474
10231711	1474
10231855	1474
10232049	1474
10274420	1474
10274912	1474
10275307	1474
10275436	1474
10275657	1474
10333816	1474
10333941	1474
10334307	1474
10334524	1474
10334908	1474
10394061	1474
10446414	1474
11610778	1474
11615119	1474
11615243	1474
11620551	1474
11620716	1474
11621201	1474
11626913	1474
11627107	1474
11627421	1474
11635201	1474
11635522	1474
11635675	1474
11636286	1474
11643673	1474
11644739	1474
11645052	1474
11645648	1474
11646122	1474
11660985	1474
11661136	1474
11661502	1474
11661650	1474
11691376	1474
11691824	1474
11692191	1474
11692341	1474
11692798	1474
11692947	1474
11732145	1474
11732281	1474
11732494	1474
11732673	1474
11732811	1474
11732945	1474
11772369	1474
11772721	1474
11772857	1474
11772990	1474
11773125	1474
11773243	1474
11812073	1474
11812390	1474
11812558	1474
11812677	1474
11812792	1474
12123616	1474
12123923	1474
12124166	1474
12124418	1474
12124635	1474
12124832	1474
12129382	1474
12165978	1474
12166097	1474
12166213	1474
12166327	1474
12166444	1474
12166560	1474
12166675	1474
12204020	1474
12204335	1474
12204498	1474
12204619	1474
12924193	1474
12924493	1474
12924612	1474
12924729	1474
12924863	1474
12924985	1474
12925103	1474
12965489	1474
12965606	1474
12965721	1474
12965854	1474
12965974	1474
12966095	1474
12966212	1474
13004365	1474
13004681	1474
13004821	1474
13004940	1474
13723143	1474
13723458	1474
13723647	1474
13723898	1474
13724135	1474
13724304	1474
13724512	1474
13727357	1474
13764596	1474
13764736	1474
13764856	1474
13764977	1474
13765092	1474
13765210	1474
13765333	1474
13803849	1474
13804127	1474
13804256	1474
14526029	1474
14526836	1474
14526971	1474
14527221	1474
14527398	1474
14527623	1474
14527763	1474
14527884	1474
14529962	1474
14567193	1474
14567380	1474
14567604	1474
14567742	1474
14567865	1474
14567985	1474
14568103	1474
14568222	1474
14607997	1474
15328223	1474
15328360	1474
15328565	1474
15328695	1474
15328829	1474
15328971	1474
15329098	1474
15329228	1474
15367235	1474
15367481	1474
15367722	1474
15367894	1474
15368057	1474
15368221	1474
15368384	1474
15368605	1474
15407463	1474
15407759	1474
16123221	1474
16123397	1474
16123569	1474
16123802	1474
16124022	1474
16124293	1474
16124593	1474
16124811	1474
16125000	1474
16127451	1474
16165397	1474
16165569	1474
16165737	1474
16165900	1474
16166067	1474
16166231	1474
16166526	1474
16166765	1474
16166992	1474
16922750	1474
16923094	1474
16923466	1474
16923668	1474
16924010	1474
16924185	1474
16924483	1474
16924648	1474
16924792	1474
16925411	1474
16963255	1474
16963476	1474
16963662	1474
16963811	1474
16963954	1474
16964098	1474
16964244	1474
16964441	1474
17989379	1474
17989638	1474
17989802	1474
17990052	1474
17990292	1474
17991038	1474
17991233	1474
17991486	1474
17991659	1474
17991821	1474
18027184	1474
18027363	1474
18027544	1474
18027723	1474
18027885	1474
18028047	1474
18028209	1474
18028369	1474
18789311	1474
18789507	1474
18789683	1474
18789841	1474
18790001	1474
18790159	1474
18790319	1474
18790477	1474
18790652	1474
18827033	1474
18827226	1474
18827391	1474
18827560	1474
18827722	1474
18827880	1474
18828038	1474
18828200	1474
18828358	1474
19589761	1474
19589954	1474
19590116	1474
19590315	1474
19590595	1474
19590948	1474
19591140	1474
19591366	1474
19591534	1474
19591693	1474
19591851	1474
19631141	1474
19631347	1474
19631516	1474
19631672	1474
20389182	1474
20389474	1474
20389604	1474
20389737	1474
20389860	1474
20389993	1474
20390117	1474
20390252	1474
20390373	1474
20390517	1474
20427092	1474
20427238	1474
20427379	1474
20427588	1474
20427715	1474
20427858	1474
20427981	1474
20428121	1474
20428245	1474
20428428	1474
21189172	1474
21189456	1474
21189586	1474
21189728	1474
21189849	1474
21189972	1474
21190112	1474
21190236	1474
21190380	1474
21190501	1474
21230758	1474
21231015	1474
21231140	1474
21231269	1474
21231459	1474
21231577	1474
21231699	1474
21231834	1474
21231959	1474
21989112	1474
21989516	1474
21989656	1474
21989789	1474
21989911	1474
21990039	1474
21990162	1474
21990295	1474
21990499	1474
21990638	1474
22030739	1474
22030983	1474
22031109	1474
22031230	1474
22031409	1474
22031535	1474
22031654	1474
22031789	1474
22790129	1474
22790268	1474
22790490	1474
22790622	1474
22790746	1474
22790873	1474
22791093	1474
22791272	1474
22791644	1474
22791770	1474
22792015	1474
22792144	1474
22831641	1474
22831811	1474
22831930	1474
23588650	1474
23588841	1474
23588966	1474
23589096	1474
23589218	1474
23589338	1474
23589456	1474
23589575	1474
23589696	1474
23589814	1474
23590035	1474
23626411	1474
23626599	1474
23626720	1474
23626887	1474
23627008	1474
23627138	1474
23627257	1474
23627378	1474
23627496	1474
24659355	1474
24659473	1474
24659591	1474
24659710	1474
24659829	1474
24659945	1474
24660078	1474
24660199	1474
24660317	1474
24660507	1474
24660627	1474
24702913	1474
24703228	1474
24703352	1474
24703470	1474
24703589	1474
24703710	1474
24703829	1474
24703947	1474
25459979	1474
25460107	1474
25460230	1474
25460437	1474
25460572	1474
25460749	1474
25461129	1474
25461262	1474
25461406	1474
25461528	1474
25461664	1474
25461914	1474
25498469	1474
25498641	1474
25498777	1474
26256884	1474
26257008	1474
26257132	1474
26257276	1474
26257587	1474
26257996	1474
26258129	1474
26258280	1474
26258507	1474
26258638	1474
26258773	1474
26260758	1474
26300355	1474
26300540	1474
26300776	1474
26300909	1474
26301035	1474
26301154	1474
26301269	1474
26301395	1474
26301545	1474
27058806	1474
27058921	1474
27059029	1474
27059138	1474
27059249	1474
27059589	1474
27059706	1474
27059832	1474
27060021	1474
27060141	1474
27060252	1474
27060363	1474
27060628	1474
27098960	1474
27099123	1474
27857142	1474
27857276	1474
27857402	1474
27857532	1474
27857659	1474
27857969	1474
27858101	1474
27858225	1474
27858428	1474
27858558	1474
27858700	1474
27858829	1474
27861598	1474
27901442	1474
27901630	1474
27901763	1474
27901972	1474
28656883	1474
28657005	1474
28657125	1474
28657244	1474
28657362	1474
28657483	1474
28657602	1474
28657723	1474
28657855	1474
28657974	1474
28658092	1474
28658210	1474
28697964	1474
28698168	1474
28698288	1474
28698406	1474
28698522	1474
28698640	1474
28698766	1474
28698881	1474
28698997	1474
29455892	1474
29456013	1474
29456133	1474
29456422	1474
29456553	1474
29456775	1474
29456903	1474
29457021	1474
29457138	1474
29457357	1474
29457475	1474
29457591	1474
29459591	1474
29493778	1474
29493974	1474
30256730	1474
30256852	1474
30256969	1474
30257094	1474
30257315	1474
30257441	1474
30257728	1474
30257897	1474
30258017	1474
30258135	1474
30258252	1474
30258369	1474
30258485	1474
30301556	1474
30301695	1474
30301827	1474
30301944	1474
30302063	1474
30302287	1474
30302414	1474
30302531	1474
31056217	1474
31056400	1474
31056525	1474
31056655	1474
31056772	1474
31056893	1474
31057008	1474
31057124	1474
31057238	1474
31057357	1474
31057474	1474
31057589	1474
31057822	1474
31106600	1474
31855884	1474
31856002	1474
31856118	1474
31856234	1474
31856400	1474
31856807	1474
31856929	1474
31857055	1474
31857175	1474
31857292	1474
31857412	1474
31857635	1474
31857909	1474
31893659	1474
31893831	1474
31893950	1474
31894071	1474
31894188	1474
31894302	1474
31894417	1474
31894532	1474
32655700	1474
32655825	1474
32655940	1474
32656057	1474
32656176	1474
32656338	1474
32656820	1474
32656940	1474
32657172	1474
32657480	1474
32657613	1474
32657777	1474
32657895	1474
32658244	1474
33455746	1474
33455868	1474
33455983	1474
33456100	1474
33456215	1474
33456513	1474
33456701	1474
33456814	1474
33456985	1474
33457114	1474
33457337	1474
33457615	1474
33457846	1474
33457966	1474
33494052	1474
33494222	1474
33494340	1474
34256131	1474
34256258	1474
34256495	1474
34256658	1474
34256805	1474
34257048	1474
34257397	1474
34257705	1474
34257853	1474
34257976	1474
34258128	1474
34258250	1474
34258381	1474
34261011	1474
34297771	1474
34297895	1474
34298016	1474
35056829	1474
35057052	1474
35057401	1474
35057659	1474
35057847	1474
35058010	1474
35058196	1474
35058420	1474
35058596	1474
35058755	1474
35058915	1474
35059094	1474
35059256	1474
35062288	1474
35062456	1474
35097432	1474
35097717	1474
35097849	1474
36120742	1474
36121110	1474
36121326	1474
36122171	1474
36122509	1474
36122641	1474
36122765	1474
36122885	1474
36123229	1474
36123437	1474
36123576	1474
36123698	1474
36123850	1474
36123976	1474
36127535	1474
36165159	1474
36165427	1474
36165559	1474
36923592	1474
36923719	1474
36923843	1474
36923986	1474
36924139	1474
36924419	1474
36924552	1474
36924810	1474
36924935	1474
36925078	1474
36925351	1474
36926167	1474
36926317	1474
36926494	1474
36926626	1474
36961815	1474
36961942	1474
36962064	1474
37727868	1474
37728003	1474
37728156	1474
37728490	1474
37728640	1474
37728775	1474
37728907	1474
37729036	1474
37729182	1474
37729326	1474
37729476	1474
37729607	1474
37729761	1474
37729893	1474
37768810	1474
37769086	1474
37769240	1474
38525977	1474
38526109	1474
38526245	1474
38526369	1474
38526516	1474
38526636	1474
38526757	1474
38526881	1474
38527005	1474
38527129	1474
38527266	1474
38527406	1474
38527526	1474
38527667	1474
38564946	1474
38565240	1474
38565378	1474
38565498	1474
38565618	1474
38565738	1474
38565856	1474
38565977	1474
39327574	1474
39327738	1474
39327898	1474
39328138	1474
39328366	1474
39328771	1474
39329323	1474
39329488	1474
39329648	1474
39329807	1474
39329966	1474
39330123	1474
39330296	1474
39330455	1474
39333617	1474
40126172	1474
40126332	1474
40126493	1474
40126650	1474
40126809	1474
40126967	1474
40127140	1474
40127299	1474
40127461	1474
40127619	1474
40127784	1474
40127943	1474
40128116	1474
40128279	1474
40128481	1474
40164686	1474
40924597	1474
40924818	1474
40925168	1474
40925410	1474
40925575	1474
40925736	1474
40925896	1474
40926065	1474
40926248	1474
40926412	1474
40926574	1474
40926735	1474
40926895	1474
40927063	1474
40927228	1474
40964529	1474
40964820	1474
41723885	1474
41724133	1474
41724346	1474
41724592	1474
41724849	1474
41725045	1474
41725235	1474
41725487	1474
41725653	1474
41725822	1474
41725994	1474
41726164	1474
41726326	1474
41726493	1474
41726655	1474
41733476	1474
41767836	1474
41768101	1474
42522442	1474
42522695	1474
42522911	1474
42523252	1474
42523478	1474
42523668	1474
42523833	1474
42524032	1474
42524206	1474
42524370	1474
42524583	1474
42524751	1474
42524916	1474
42525092	1474
42525254	1474
42531491	1474
42560704	1474
43323505	1474
43323673	1474
43323874	1474
43324131	1474
43324387	1474
43324693	1474
43324896	1474
43325064	1474
43325227	1474
43325388	1474
43325553	1474
43325715	1474
43325885	1474
43326048	1474
43326210	1474
43332899	1474
43368273	1474
44128230	1474
44128392	1474
44128599	1474
44128819	1474
44129037	1474
44129259	1474
44129426	1474
44129614	1474
44129938	1474
44130121	1474
44130286	1474
44130458	1474
44130618	1474
44130776	1474
44130951	1474
44134675	1474
44168778	1474
44920398	1474
44920820	1474
44921038	1474
44921532	1474
44921831	1474
44922021	1474
44922464	1474
44922699	1474
44923190	1474
44923409	1474
44923687	1474
44923925	1474
44924169	1474
44924329	1474
44924542	1474
44924709	1474
44930831	1474
44960833	1474
45724312	1474
45724490	1474
45724626	1474
45724793	1474
45724940	1474
45725092	1474
45725324	1474
45725463	1474
45725586	1474
45725946	1474
45726070	1474
45726194	1474
45726321	1474
45726447	1474
45726594	1474
45726726	1474
45732150	1474
46527804	1474
46527935	1474
46528171	1474
46528301	1474
46528487	1474
46528767	1474
46529085	1474
46529212	1474
46529340	1474
46529467	1474
46529593	1474
46529732	1474
46529858	1474
46530006	1474
46530134	1474
46530281	1474
46573167	1474
46573319	1474
47325832	1474
47325956	1474
47326092	1474
47326218	1474
47326345	1474
47326498	1474
47326742	1474
47326870	1474
47326997	1474
47327299	1474
47327424	1474
47327547	1474
47327788	1474
47327906	1474
47328030	1474
47328162	1474
47330782	1474
47364194	1474
48124236	1474
48124404	1474
48124623	1474
48124840	1474
48125061	1474
48125431	1474
48125634	1474
48125895	1474
48126059	1474
48126224	1474
48126385	1474
48126545	1474
48126720	1474
48126885	1474
48127070	1474
48127234	1474
48133750	1474
48922116	1474
48922240	1474
48922391	1474
48922856	1474
48922985	1474
48923105	1474
48923358	1474
48923479	1474
48923603	1474
48923737	1474
48923857	1474
48923977	1474
48924098	1474
48924218	1474
48924338	1474
48924563	1474
48959883	1474
48960143	1474
49725696	1474
49725818	1474
49725938	1474
49726058	1474
49726186	1474
49726406	1474
49726534	1474
49726670	1474
49726791	1474
49727010	1474
49727132	1474
49727252	1474
49727372	1474
49727492	1474
49727698	1474
49727825	1474
49730293	1474
50523214	1474
50523391	1474
50523577	1474
50523740	1474
50523904	1474
50524065	1474
50524227	1474
50524396	1474
50524616	1474
50524784	1474
50524947	1474
50525109	1474
50525270	1474
50525439	1474
50525605	1474
50525787	1474
50525953	1474
50571491	1474
51324993	1474
51325122	1474
51325258	1474
51325379	1474
51325512	1474
51325782	1474
51325913	1474
51326058	1474
51326347	1474
51326482	1474
51326602	1474
51326720	1474
51326869	1474
51327150	1474
51327279	1474
51327404	1474
51327538	1474
51330093	1474
52124958	1474
52125095	1474
52125220	1474
52125356	1474
52125481	1474
52125636	1474
52125907	1474
52126030	1474
52126513	1474
52126667	1474
52126789	1474
52126912	1474
52127036	1474
52127161	1474
52127292	1474
52127581	1474
52127710	1474
52130288	1474
52920780	1474
52920913	1474
52921036	1474
52921161	1474
52921499	1474
52921802	1474
52921932	1474
52922670	1474
52922916	1474
52923064	1474
52923187	1474
52923375	1474
52923497	1474
52923635	1474
52923757	1474
52923900	1474
52924024	1474
53723202	1474
53723336	1474
53723454	1474
53723582	1474
53723825	1474
53723954	1474
53724072	1474
53724513	1474
53724654	1474
53724775	1474
53724894	1474
53725014	1474
53725131	1474
53725255	1474
53725374	1474
53725493	1474
53725609	1474
53730410	1474
54786012	1474
54786302	1474
54786424	1474
54786543	1474
54786661	1474
54786779	1474
54786904	1474
54787022	1474
54787148	1474
54787283	1474
54787404	1474
54787524	1474
54787645	1474
54787765	1474
54787884	1474
54788036	1474
54788162	1474
54829726	1474
55585411	1474
55585754	1474
55585895	1474
55586045	1474
55586178	1474
55586303	1474
55586426	1474
55586549	1474
55586673	1474
55586795	1474
55586919	1474
55587059	1474
55587212	1474
55587334	1474
55587475	1474
55587618	1474
55587766	1474
55627291	1474
56385601	1474
56385937	1474
56386063	1474
56386184	1474
56386312	1474
56386438	1474
56386775	1474
56386905	1474
56387158	1474
56387285	1474
56387410	1474
56387537	1474
56387671	1474
56387968	1474
56388111	1474
56389094	1474
56389326	1474
56389451	1474
57189901	1474
57190076	1474
57190247	1474
57190453	1474
57190675	1474
57191091	1474
57191287	1474
57191551	1474
57191716	1474
57191883	1474
57192053	1474
57192219	1474
57192383	1474
57192595	1474
57192763	1474
57192927	1474
57193109	1474
57196106	1474
57985218	1474
57985526	1474
57985665	1474
57985788	1474
57985908	1474
57986044	1474
57986165	1474
57986299	1474
57986434	1474
57986554	1474
57986673	1474
57986795	1474
57986935	1474
57987057	1474
57987179	1474
57987302	1474
57987431	1474
58026849	1474
58787957	1474
58788337	1474
58788506	1474
58788629	1474
58788766	1474
58789046	1474
58789220	1474
58790251	1474
58790382	1474
58790638	1474
58790775	1474
58790934	1474
58791080	1474
58791200	1474
58791314	1474
58791438	1474
58791559	1474
58791680	1474
59587788	1474
59588061	1474
59588296	1474
59588604	1474
59588796	1474
59588969	1474
59589132	1474
59589291	1474
59589453	1474
59589614	1474
59589773	1474
59589949	1474
59590108	1474
59590269	1474
59590428	1474
59590616	1474
59590798	1474
59590972	1474
60387422	1474
60387597	1474
60387972	1474
60388191	1474
60388358	1474
60388589	1474
60388858	1474
60389247	1474
60389669	1474
60390078	1474
60390486	1474
60390750	1474
60391138	1474
60391391	1474
60391748	1474
60392037	1474
60392268	1474
60392755	1474
61451469	1474
61451695	1474
61451872	1474
61452034	1474
61452195	1474
61452358	1474
61452572	1474
61452749	1474
61452916	1474
61453081	1474
61453289	1474
61453507	1474
61453704	1474
61453934	1474
61454134	1474
61454301	1474
61454462	1474
61454622	1474
62252001	1474
62252239	1474
62252453	1474
62252618	1474
62252799	1474
62252989	1474
62253210	1474
62253401	1474
62253624	1474
62253840	1474
62254006	1474
62254166	1474
62254327	1474
62254487	1474
62254649	1474
62254822	1474
62254983	1474
62255149	1474
63052299	1474
63052560	1474
63052760	1474
63052990	1474
63053211	1474
63053447	1474
63053713	1474
63053888	1474
63054079	1474
63054247	1474
63054408	1474
63054570	1474
63054756	1474
63054919	1474
63055081	1474
63055278	1474
63055513	1474
63055697	1474
63851176	1474
63851402	1474
63851575	1474
63851831	1474
63852050	1474
63852641	1474
63852846	1474
63853065	1474
63853251	1474
63853862	1474
63854059	1474
63854229	1474
63854392	1474
63854553	1474
63854727	1474
63854888	1474
63855051	1474
64651545	1474
64651806	1474
64651972	1474
64652196	1474
64652451	1474
64652725	1474
64652984	1474
64653215	1474
64653449	1474
64653977	1474
64654208	1474
64654447	1474
64655145	1474
64655364	1474
64655604	1474
64656041	1474
64656208	1474
65451281	1474
65451590	1474
65451759	1474
65451978	1474
65452214	1474
65452520	1474
65452691	1474
65452855	1474
65453019	1474
65453220	1474
65453438	1474
65453783	1474
65454061	1474
65454233	1474
65454396	1474
65454576	1474
65454761	1474
65454928	1474
66252450	1474
66252694	1474
66252859	1474
66253061	1474
66253282	1474
66253585	1474
66253801	1474
66254125	1474
66254416	1474
66254586	1474
66254753	1474
66254913	1474
66255165	1474
66255380	1474
66255635	1474
66255916	1474
66256085	1474
67051142	1474
67051554	1474
67051798	1474
67052071	1474
67052325	1474
67052627	1474
67052801	1474
67052965	1474
67053129	1474
67053291	1474
67053573	1474
67053790	1474
67054372	1474
67054540	1474
67054702	1474
67054863	1474
67055026	1474
67850751	1474
67851122	1474
67851297	1474
67851558	1474
67851775	1474
67852026	1474
67852189	1474
67852361	1474
67852611	1474
67852779	1474
67852940	1474
67853102	1474
67853261	1474
67853526	1474
67853740	1474
67854349	1474
67854521	1474
67854682	1474
68650764	1474
68651175	1474
68651938	1474
68652192	1474
68652459	1474
68652657	1474
68652953	1474
68653193	1474
68653424	1474
68653671	1474
68653991	1474
68654159	1474
68654357	1474
68654668	1474
68654890	1474
68655483	1474
68655677	1474
68655870	1474
69455407	1474
69455661	1474
69455999	1474
69456220	1474
69456486	1474
69456653	1474
69456815	1474
69456975	1474
69457135	1474
69457303	1474
69457465	1474
69457624	1474
69457785	1474
69457944	1474
69458103	1474
69458269	1474
69458431	1474
69458591	1474
70253513	1474
70253747	1474
70254517	1474
70254866	1474
70255131	1474
70255645	1474
70255814	1474
70255994	1474
70256158	1474
70256334	1474
70256539	1474
70256710	1474
70256872	1474
70257033	1474
70257200	1474
70257363	1474
70257524	1474
71053191	1474
71053329	1474
71053946	1474
71054131	1474
71054295	1474
71054470	1474
71054598	1474
71054741	1474
71054863	1474
71055004	1474
71055138	1474
71055268	1474
71055404	1474
71055552	1474
71055673	1474
71055788	1474
71055913	1474
71056037	1474
71858041	1474
71858177	1474
71858299	1474
71858421	1474
71858566	1474
71858690	1474
71858833	1474
71858958	1474
71859096	1474
71859235	1474
71859378	1474
71859498	1474
71859632	1474
71859756	1474
71859878	1474
71860002	1474
71860133	1474
71860260	1474
72656733	1474
72656877	1474
72656999	1474
72657219	1474
72657343	1474
72657525	1474
72657654	1474
72657791	1474
72657915	1474
72658052	1474
72658188	1474
72658325	1474
72658449	1474
72658570	1474
72658694	1474
72658814	1474
72658950	1474
72659071	1474
73453821	1474
73453945	1474
73454072	1474
73454216	1474
73454363	1474
73454581	1474
73454710	1474
73454832	1474
73454983	1474
73455121	1474
73455294	1474
73455422	1474
73455565	1474
73455685	1474
73455807	1474
73455952	1474
73456099	1474
73456226	1474
74516604	1474
74516942	1474
74517206	1474
74517442	1474
74517676	1474
74517840	1474
74518008	1474
74518171	1474
74518332	1474
74518521	1474
74518753	1474
74519132	1474
74519399	1474
74519610	1474
74519988	1474
74520252	1474
74520472	1474
74520645	1474
75317202	1474
75317611	1474
75317749	1474
75317884	1474
75318021	1474
75318147	1474
75318267	1474
75318381	1474
75318502	1474
75318638	1474
75318777	1474
75318900	1474
75319047	1474
75319176	1474
75319297	1474
75319433	1474
75319574	1474
75319863	1474
76117038	1474
76117316	1474
76117459	1474
76117605	1474
76117728	1474
76117863	1474
76117985	1474
76118200	1474
76118325	1474
76118468	1474
76118590	1474
76118713	1474
76118843	1474
76118980	1474
76119183	1474
76119366	1474
76119670	1474
76120405	1474
76917160	1474
76917513	1474
76917637	1474
76917770	1474
76917894	1474
76918021	1474
76918141	1474
76918289	1474
76918411	1474
76918532	1474
76918672	1474
76919052	1474
76919425	1474
76920416	1474
76920625	1474
76921073	1474
76921206	1474
76921998	1474
77716858	1474
77717253	1474
77717375	1474
77717499	1474
77717619	1474
77717745	1474
77717868	1474
77717991	1474
77718137	1474
77718271	1474
77718392	1474
77718513	1474
77718638	1474
77718771	1474
77718925	1474
77719067	1474
77719185	1474
77719311	1474
78516869	1474
78517055	1474
78517391	1474
78517534	1474
78517656	1474
78517963	1474
78518096	1474
78518228	1474
78518349	1474
78518472	1474
78518594	1474
78518725	1474
78518862	1474
78518981	1474
78519102	1474
78519222	1474
78519356	1474
78519636	1474
79316528	1474
79316948	1474
79317083	1474
79317201	1474
79317322	1474
79317585	1474
79317730	1474
79317864	1474
79317986	1474
79318105	1474
79318227	1474
79318349	1474
79318468	1474
79318580	1474
79318730	1474
79318875	1474
79319092	1474
79319222	1474
80116082	1474
80116317	1474
80116553	1474
80116902	1474
80117119	1474
80117349	1474
80117513	1474
80117709	1474
80117874	1474
80118035	1474
80118197	1474
80118360	1474
80118524	1474
80118732	1474
80118949	1474
80119246	1474
80119479	1474
80119672	1474
80920209	1474
80920455	1474
80920700	1474
80920883	1474
80921167	1474
80921562	1474
80921734	1474
80921896	1474
80922058	1474
80922221	1474
80922383	1474
80922554	1474
80922719	1474
80922883	1474
80923047	1474
80923210	1474
80923374	1474
81982829	1474
81983005	1474
81983132	1474
81983272	1474
81983392	1474
81983544	1474
81983669	1474
81983796	1474
81983919	1474
81984047	1474
81984173	1474
81984516	1474
81984685	1474
81984946	1474
81985082	1474
81985511	1474
81985727	1474
81985849	1474
82782953	1474
82783121	1474
82783262	1474
82783384	1474
82783511	1474
82783635	1474
82783777	1474
82783898	1474
82784024	1474
82784147	1474
82784271	1474
82784478	1474
82784739	1474
82784869	1474
82785316	1474
82785447	1474
82785607	1474
82785728	1474
83583366	1474
83583662	1474
83583789	1474
83583932	1474
83584055	1474
83584178	1474
83584345	1474
83584550	1474
83584870	1474
83585252	1474
83585450	1474
83585591	1474
83585726	1474
83585849	1474
83585972	1474
83586107	1474
83586228	1474
83586357	1474
84382633	1474
84382880	1474
84383009	1474
84383127	1474
84383248	1474
84383479	1474
84383606	1474
84383730	1474
84383851	1474
84383973	1474
84384086	1474
84384211	1474
84384429	1474
84384748	1474
84384871	1474
84384979	1474
84385202	1474
85182114	1474
85182356	1474
85182479	1474
85182658	1474
85182791	1474
85183032	1474
85183160	1474
85183296	1474
85183415	1474
85183534	1474
85183652	1474
85183771	1474
85183889	1474
85184009	1474
85184127	1474
85184259	1474
85184380	1474
85184648	1474
85982284	1474
85982523	1474
85982644	1474
85982762	1474
85982879	1474
85982995	1474
85983110	1474
85983235	1474
85983354	1474
85983474	1474
85983592	1474
85983710	1474
85983828	1474
85983947	1474
85984067	1474
85984187	1474
85984337	1474
86782949	1474
86783264	1474
86783435	1474
86783571	1474
86783712	1474
86783862	1474
86784096	1474
86784239	1474
86784473	1474
86784615	1474
86784745	1474
86784868	1474
86784991	1474
86785117	1474
86785257	1474
86785388	1474
86785533	1474
87582121	1474
87582323	1474
87582447	1474
87582600	1474
87582725	1474
87582850	1474
87582973	1474
87583105	1474
87583230	1474
87583352	1474
87583475	1474
87583598	1474
87583721	1474
87583846	1474
87583968	1474
87584094	1474
87584230	1474
87584447	1474
88381910	1474
88382195	1474
88382318	1474
88382453	1474
88382575	1474
88382720	1474
88382840	1474
88382966	1474
88383097	1474
88383236	1474
88383368	1474
88383490	1474
88383620	1474
88383742	1474
88383871	1474
88383996	1474
88384135	1474
89182285	1474
89182473	1474
89182595	1474
89182736	1474
89182869	1474
89183018	1474
89183142	1474
89183264	1474
89183384	1474
89183505	1474
89183627	1474
89183748	1474
89183868	1474
89183990	1474
89184123	1474
89184242	1474
89184435	1474
89184587	1474
89981741	1474
89981940	1474
89982077	1474
89982193	1474
89982312	1474
89982433	1474
89982553	1474
89982674	1474
89982794	1474
89982913	1474
89983052	1474
89983176	1474
89983299	1474
89983421	1474
89983580	1474
89983710	1474
89984029	1474
90782190	1474
90782381	1474
90782502	1474
90782646	1474
90782785	1474
90782917	1474
90783053	1474
90783172	1474
90783291	1474
90783415	1474
90783563	1474
90783689	1474
90784061	1474
90784416	1474
90784657	1474
90784785	1474
91581546	1474
91581780	1474
91581998	1474
91582124	1474
91582277	1474
91582400	1474
91582643	1474
91582773	1474
91582931	1474
91583077	1474
91583204	1474
91583327	1474
91583469	1474
91583603	1474
91583774	1474
91583914	1474
91584071	1474
92381781	1474
92382114	1474
92382251	1474
92382395	1474
92382515	1474
92382662	1474
92382783	1474
92382944	1474
92383064	1474
92383183	1474
92383320	1474
92383440	1474
92383561	1474
92383699	1474
92383895	1474
92384044	1474
92384170	1474
92384547	1474
93182258	1474
93182415	1474
93182708	1474
93182917	1474
93183067	1474
93183217	1474
93183445	1474
93183567	1474
93183691	1474
93183829	1474
93183968	1474
93184735	1474
93184878	1474
93185149	1474
93185273	1474
93185406	1474
93185528	1474
93185659	1474
93981089	1474
93981249	1474
93981364	1474
93981564	1474
93981708	1474
93981853	1474
93981973	1474
93982096	1474
93982218	1474
93982338	1474
93982460	1474
93982584	1474
93982712	1474
93982859	1474
93982979	1474
93983106	1474
93983231	1474
93983358	1474
94781759	1474
94781983	1474
94782107	1474
94782248	1474
94782389	1474
94782534	1474
94782776	1474
94782905	1474
94783042	1474
94783192	1474
94783312	1474
94783453	1474
94783573	1474
94783776	1474
94783905	1474
94784034	1474
94784170	1474
94784295	1474
95582274	1474
95582437	1474
95582563	1474
95582703	1474
95582824	1474
95582963	1474
95583084	1474
95583442	1474
95583572	1474
95583707	1474
95583831	1474
95584175	1474
95584535	1474
95584737	1474
95584858	1474
95584997	1474
95585121	1474
95585264	1474
96381219	1474
96381502	1474
96381711	1474
96381902	1474
96382068	1474
96382230	1474
96382397	1474
96382560	1474
96382741	1474
96382907	1474
96383078	1474
96383316	1474
96383541	1474
96383793	1474
96383989	1474
96384202	1474
96384369	1474
96384600	1474
97181009	1474
97181558	1474
97181687	1474
97181849	1474
97181998	1474
97182149	1474
97182390	1474
97182533	1474
97182660	1474
97182788	1474
97182911	1474
97183069	1474
97183194	1474
97183329	1474
97183471	1474
97183665	1474
97183920	1474
97184507	1474
98248457	1474
98248816	1474
98248985	1474
98249262	1474
98249491	1474
98250189	1474
98250388	1474
98250632	1474
98250798	1474
98250958	1474
98251118	1474
98251279	1474
98251456	1474
98251663	1474
98251879	1474
98252294	1474
98252525	1474
98252716	1474
99047487	1474
99047752	1474
99047921	1474
99048111	1474
99048328	1474
99048623	1474
99048788	1474
99048950	1474
99049111	1474
99049298	1474
99049527	1474
99050041	1474
99050239	1474
99050446	1474
99050609	1474
99050770	1474
99050931	1474
99051092	1474
99847874	1474
99848114	1474
99848278	1474
99848492	1474
99848697	1474
99848991	1474
99849161	1474
99849374	1474
99849556	1474
99850048	1474
99850242	1474
99850417	1474
99850580	1474
99850740	1474
99850900	1474
99851059	1474
99851219	1474
99851379	1474
100653628	1474
100653794	1474
100653955	1474
100654154	1474
100654386	1474
100654626	1474
100654792	1474
100654952	1474
100655114	1474
100655277	1474
100655448	1474
100655612	1474
100655772	1474
100655933	1474
100656093	1474
100656273	1474
100656494	1474
100656662	1474
101447591	1474
101448146	1474
101448382	1474
101449206	1474
101449515	1474
101449856	1474
101450104	1474
101450317	1474
101450488	1474
101450653	1474
101450820	1474
101450989	1474
101451152	1474
101451330	1474
101451497	1474
101451666	1474
101451827	1474
102247647	1474
102247912	1474
102248079	1474
102248327	1474
102248543	1474
102248716	1474
102248978	1474
102249196	1474
102249886	1474
102250137	1474
102250663	1474
102250863	1474
102251162	1474
102251411	1474
102251634	1474
102252347	1474
102252630	1474
102252801	1474
103046995	1474
103047290	1474
103047486	1474
103047674	1474
103047837	1474
103048000	1474
103048194	1474
103048366	1474
103048584	1474
103048755	1474
103049011	1474
103049240	1474
103049523	1474
103050010	1474
103050243	1474
103050641	1474
103050836	1474
103846626	1474
103846892	1474
103847091	1474
103847349	1474
103847565	1474
103847735	1474
103847900	1474
103848060	1474
103848228	1474
103848390	1474
103848605	1474
103848772	1474
103849016	1474
103849236	1474
103849540	1474
103849739	1474
103849921	1474
104647330	1474
104647596	1474
104647765	1474
104647986	1474
104648223	1474
104648507	1474
104648680	1474
104648843	1474
104649005	1474
104649176	1474
104649365	1474
104649531	1474
104649688	1474
104649850	1474
104650008	1474
104650179	1474
104650344	1474
105446642	1474
105446874	1474
105447284	1474
105447436	1474
105447660	1474
105447788	1474
105447931	1474
105448069	1474
105448206	1474
105448432	1474
105448560	1474
105448684	1474
105448831	1474
105448952	1474
105449100	1474
105449239	1474
105449360	1474
105449504	1474
106247619	1474
106247889	1474
106248074	1474
106248234	1474
106248443	1474
106248613	1474
106248773	1474
106248933	1474
106249169	1474
106249392	1474
106249853	1474
106250055	1474
106250246	1474
106250412	1474
106250575	1474
106250735	1474
106250895	1474
107047201	1474
107047462	1474
107047628	1474
107047835	1474
107048074	1474
107048322	1474
107048538	1474
107048714	1474
107048879	1474
107049082	1474
107049300	1474
107049731	1474
107049938	1474
107050109	1474
107050271	1474
107050433	1474
107050594	1474
107846504	1474
107846717	1474
107846922	1474
107847128	1474
107847348	1474
107847605	1474
107847768	1474
107847941	1474
107848105	1474
107848267	1474
107848482	1474
107848655	1474
107848818	1474
107848996	1474
107849207	1474
107849426	1474
107849987	1474
107850248	1474
108646879	1474
108647135	1474
108647301	1474
108647466	1474
108647717	1474
108647943	1474
108648182	1474
108648347	1474
108648563	1474
108648735	1474
108648910	1474
108649068	1474
108649232	1474
108649481	1474
108649697	1474
108650105	1474
108650287	1474
108650445	1474
109446993	1474
109447227	1474
109447396	1474
109447565	1474
109447718	1474
109447866	1474
109448011	1474
109448154	1474
109448297	1474
109448512	1474
109448689	1474
109448887	1474
109449085	1474
109449311	1474
109449516	1474
109449678	1474
109449838	1474
109449981	1474
110246228	1474
110246715	1474
110246990	1474
110247208	1474
110247427	1474
110247590	1474
110247760	1474
110247925	1474
110248088	1474
110248249	1474
110248457	1474
110248643	1474
110248815	1474
110248980	1474
110249235	1474
110249453	1474
110249830	1474
110250034	1474
111046558	1474
111046787	1474
111046952	1474
111047148	1474
111047367	1474
111047552	1474
111047736	1474
111047902	1474
111048066	1474
111048228	1474
111048471	1474
111048654	1474
111048817	1474
111048978	1474
111049234	1474
111049454	1474
111049658	1474
111049851	1474
112115798	1474
112115962	1474
112116123	1474
112116373	1474
112116683	1474
112117127	1474
112117339	1474
112117800	1474
112117999	1474
112118212	1474
112118373	1474
112118533	1474
112118710	1474
112118889	1474
112119052	1474
112119212	1474
112119372	1474
112119533	1474
112915675	1474
112915803	1474
112915926	1474
112916045	1474
112916169	1474
112916511	1474
112916656	1474
112916778	1474
112916929	1474
112917168	1474
112917436	1474
112917565	1474
112917826	1474
112917953	1474
112918074	1474
112918215	1474
112918352	1474
112918472	1474
113712466	1474
113712621	1474
113712907	1474
113713054	1474
113713224	1474
113713445	1474
113713660	1474
113713787	1474
113713925	1474
113714045	1474
113714160	1474
113714279	1474
113714420	1474
113714718	1474
113714851	1474
113715289	1474
113715433	1474
114512323	1474
114512537	1474
114512655	1474
114512811	1474
114512930	1474
114513052	1474
114513167	1474
114513282	1474
114513397	1474
114513530	1474
114513646	1474
114513762	1474
114513878	1474
114513992	1474
114514109	1474
114514227	1474
114514342	1474
114514465	1474
115312761	1474
115312973	1474
115313093	1474
115313208	1474
115313323	1474
115313453	1474
115313571	1474
115313686	1474
115313802	1474
115313917	1474
115314035	1474
115314326	1474
115314560	1474
115314685	1474
115315223	1474
115315349	1474
115315485	1474
115315663	1474
116112116	1474
116112315	1474
116112532	1474
116112779	1474
116112994	1474
116113184	1474
116113345	1474
116113520	1474
116113681	1474
116113844	1474
116114169	1474
116114387	1474
116114610	1474
116114910	1474
116115177	1474
116115367	1474
116115542	1474
116115703	1474
116912471	1474
116912676	1474
116912843	1474
116913033	1474
116913248	1474
116913423	1474
116913583	1474
116913743	1474
116913903	1474
116914093	1474
116914320	1474
116914642	1474
116914858	1474
116915087	1474
116915285	1474
116915463	1474
116915622	1474
116915790	1474
117712150	1474
117712349	1474
117712571	1474
117712864	1474
117713081	1474
117713279	1474
117713445	1474
117713629	1474
117713875	1474
117714083	1474
117714312	1474
117714879	1474
117715125	1474
117715300	1474
117715626	1474
117715796	1474
117715958	1474
118511752	1474
118511976	1474
118512170	1474
118512832	1474
118513086	1474
118513350	1474
118513515	1474
118513676	1474
118513878	1474
118514109	1474
118514312	1474
118514664	1474
118514882	1474
118515490	1474
118515663	1474
118515854	1474
118516020	1474
119311854	1474
119312196	1474
119312417	1474
119312585	1474
119312753	1474
119312911	1474
119313076	1474
119313247	1474
119313412	1474
119313575	1474
119313834	1474
119314058	1474
119314258	1474
119314927	1474
119315151	1474
119315473	1474
119315705	1474
119315874	1474
120111760	1474
120111939	1474
120112114	1474
120112277	1474
120112491	1474
120112661	1474
120112826	1474
120112986	1474
120113228	1474
120113389	1474
120113553	1474
120113714	1474
120113878	1474
120114041	1474
120114217	1474
120114405	1474
120114612	1474
120114831	1474
120911402	1474
120911578	1474
120911743	1474
120912007	1474
120912307	1474
120912622	1474
120912784	1474
120912946	1474
120913113	1474
120913279	1474
120913441	1474
120913602	1474
120913767	1474
120913926	1474
120914187	1474
120914404	1474
120914637	1474
120914804	1474
121711790	1474
121711971	1474
121712155	1474
121712479	1474
121712728	1474
121712901	1474
121713072	1474
121713235	1474
121713398	1474
121713561	1474
121713726	1474
121713888	1474
121714060	1474
121714224	1474
121714388	1474
121714553	1474
121714715	1474
122511748	1474
122511942	1474
122512125	1474
122512288	1474
122512510	1474
122512728	1474
122512899	1474
122513070	1474
122513240	1474
122513401	1474
122513563	1474
122513727	1474
122513964	1474
122514200	1474
122514545	1474
122514837	1474
122515019	1474
122515188	1474
123578361	1474
123578590	1474
123578755	1474
123578987	1474
123579187	1474
123579353	1474
123579519	1474
123579752	1474
123579995	1474
123580329	1474
123580551	1474
123580746	1474
123580912	1474
123581102	1474
123581263	1474
123581427	1474
123581587	1474
123581749	1474
124382126	1474
124382289	1474
124382554	1474
124382770	1474
124382953	1474
124383113	1474
124383271	1474
124383429	1474
124383587	1474
124383747	1474
124383922	1474
124384081	1474
124384240	1474
124384398	1474
124384603	1474
124384767	1474
124384942	1474
124385099	1474
125181464	1474
125181626	1474
125181795	1474
125181955	1474
125182114	1474
125182273	1474
125182430	1474
125182589	1474
125182748	1474
125182920	1474
125183079	1474
125183237	1474
125183395	1474
125183553	1474
125183711	1474
125183884	1474
125184044	1474
125184203	1474
125978654	1474
125978941	1474
125979113	1474
125979316	1474
125979627	1474
125979853	1474
125980042	1474
125980277	1474
125980502	1474
125980672	1474
125980861	1474
125981025	1474
125981188	1474
125981349	1474
125981510	1474
125981673	1474
125981835	1474
125982008	1474
126778273	1474
126778553	1474
126778682	1474
126778857	1474
126778983	1474
126779106	1474
126779227	1474
126779355	1474
126779499	1474
126779618	1474
126779760	1474
126779984	1474
126780167	1474
126780665	1474
126780789	1474
126780980	1474
126781102	1474
126781232	1474
127578220	1474
127578552	1474
127578679	1474
127578815	1474
127578936	1474
127579098	1474
127579249	1474
127579477	1474
127579619	1474
127579747	1474
127579911	1474
127580125	1474
127580437	1474
127580743	1474
127580898	1474
127581020	1474
127581162	1474
127581298	1474
128377990	1474
128378235	1474
128378358	1474
128378479	1474
128378724	1474
128378897	1474
128379089	1474
128379320	1474
128379442	1474
128379565	1474
128379685	1474
128379833	1474
128379954	1474
128380076	1474
128380220	1474
128380341	1474
128380507	1474
128380630	1474
129177780	1474
129178062	1474
129178202	1474
129178344	1474
129178466	1474
129178759	1474
129178888	1474
129179030	1474
129179151	1474
129179272	1474
129179396	1474
129179787	1474
129180059	1474
129180331	1474
129180512	1474
129180653	1474
129180805	1474
129977367	1474
129977498	1474
129977930	1474
129978239	1474
129978367	1474
129978481	1474
129978626	1474
129978769	1474
129978903	1474
129979021	1474
129979145	1474
129979270	1474
129979389	1474
129979507	1474
129979648	1474
129979770	1474
129979893	1474
129980011	1474
130777749	1474
130778026	1474
130778152	1474
130778288	1474
130778405	1474
130778531	1474
130778668	1474
130778787	1474
130778912	1474
130779033	1474
130779155	1474
130779274	1474
130779393	1474
130779511	1474
130779715	1474
130779851	1474
130779969	1474
130780127	1474
131577174	1474
131577465	1474
131577617	1474
131577771	1474
131577900	1474
131578048	1474
131578277	1474
131578442	1474
131578583	1474
131578706	1474
131578852	1474
131578973	1474
131579110	1474
131579229	1474
131579349	1474
131579469	1474
131579612	1474
132377193	1474
132377476	1474
132377620	1474
132377784	1474
132378071	1474
132378199	1474
132378334	1474
132378477	1474
132378610	1474
132378729	1474
132378847	1474
132378981	1474
132379117	1474
132379242	1474
132379373	1474
132379499	1474
132379621	1474
133177539	1474
133177797	1474
133177922	1474
133178052	1474
133178199	1474
133178445	1474
133178575	1474
133178698	1474
133178820	1474
133178940	1474
133179060	1474
133179181	1474
133179302	1474
133179438	1474
133179561	1474
133179702	1474
133179823	1474
133179943	1474
134246285	1474
134246430	1474
134246552	1474
134246699	1474
134246817	1474
134246953	1474
134247074	1474
134247194	1474
134247315	1474
134247451	1474
134247573	1474
134247692	1474
134247810	1474
134247930	1474
134248051	1474
134248170	1474
134248291	1474
134248467	1474
135045215	1474
135045354	1474
135045479	1474
135045787	1474
135046159	1474
135046291	1474
135046585	1474
135046714	1474
135046873	1474
135046999	1474
135047133	1474
135047255	1474
135047394	1474
135047516	1474
135047656	1474
135047792	1474
135047913	1474
135048038	1474
135847808	1474
135847934	1474
135848056	1474
135848194	1474
135848334	1474
135848461	1474
135848748	1474
135848877	1474
135849042	1474
135849166	1474
135849402	1474
135849528	1474
135849675	1474
135849820	1474
135849940	1474
135850081	1474
135850241	1474
136643333	1474
136643746	1474
136644434	1474
136644677	1474
136644805	1474
136644944	1474
136645062	1474
136645302	1474
136645434	1474
136646014	1474
136646153	1474
136646313	1474
136646433	1474
136646599	1474
136646726	1474
136646887	1474
136647012	1474
136647150	1474
137445178	1474
137445308	1474
137445428	1474
137445552	1474
137445670	1474
137445794	1474
137445910	1474
137446027	1474
137446156	1474
137446286	1474
137446407	1474
137446527	1474
137446649	1474
137446770	1474
137446889	1474
137447016	1474
137447156	1474
137447279	1474
138244970	1474
138245121	1474
138245242	1474
138245353	1474
138245464	1474
138245599	1474
138245718	1474
138245840	1474
138245961	1474
138246081	1474
138246216	1474
138246349	1474
138246470	1474
138246613	1474
138246735	1474
138246865	1474
138246985	1474
138247112	1474
139044153	1474
139044457	1474
139044586	1474
139044709	1474
139044847	1474
139044985	1474
139045228	1474
139045458	1474
139045579	1474
139045711	1474
139045849	1474
139045968	1474
139046118	1474
139046250	1474
139046369	1474
139046501	1474
139046622	1474
139046757	1474
139845081	1474
139845225	1474
139845364	1474
139845485	1474
139845608	1474
139845749	1474
139845878	1474
139846018	1474
139846156	1474
139846280	1474
139846403	1474
139846527	1474
139846650	1474
139846773	1474
139846912	1474
139847058	1474
139847185	1474
139847327	1474
140642977	1474
140643251	1474
140643373	1474
140643510	1474
140643632	1474
140643757	1474
140643895	1474
140644019	1474
140644143	1474
140644265	1474
140644474	1474
140644610	1474
140644733	1474
140644869	1474
140644994	1474
140645115	1474
140645238	1474
141443945	1474
141444123	1474
141444286	1474
141444495	1474
141444693	1474
141444922	1474
141445208	1474
141445357	1474
141445503	1474
141445650	1474
141445807	1474
141445952	1474
141446096	1474
141446240	1474
141446388	1474
141446534	1474
141446680	1474
141446839	1474
142243218	1474
142243376	1474
142243524	1474
142243719	1474
142243923	1474
142244161	1474
142244313	1474
142244520	1474
142244701	1474
142244845	1474
142244991	1474
142245133	1474
142245275	1474
142245418	1474
142245580	1474
142245733	1474
142245879	1474
143042895	1474
143043177	1474
143043303	1474
143043445	1474
143043564	1474
143043708	1474
143043849	1474
143043972	1474
143044112	1474
143044235	1474
143044413	1474
143044541	1474
143044692	1474
143044833	1474
143044956	1474
143045090	1474
143843064	1474
143843336	1474
143843516	1474
143843676	1474
143843806	1474
143844004	1474
143844271	1474
143844451	1474
143844593	1474
143844731	1474
143844883	1474
143845025	1474
143845146	1474
143845282	1474
143845402	1474
143845537	1474
143845672	1474
143845799	1474
144642883	1474
144643137	1474
144643261	1474
144643409	1474
144643529	1474
144643644	1474
144643784	1474
144643909	1474
144644032	1474
144644155	1474
144644296	1474
144644466	1474
144644605	1474
144644744	1474
144644866	1474
144644997	1474
144645140	1474
145442528	1474
145442801	1474
145442930	1474
145443071	1474
145443193	1474
145443319	1474
145443468	1474
145443728	1474
145443855	1474
145444031	1474
145444155	1474
145444278	1474
145444472	1474
145444613	1474
145444749	1474
145444882	1474
145445029	1474
145445152	1474
146242181	1474
146242457	1474
146242589	1474
146242732	1474
146242857	1474
146242978	1474
146243111	1474
146243235	1474
146243367	1474
146243488	1474
146243616	1474
146243742	1474
146243881	1474
146244007	1474
146244135	1474
146244259	1474
146244510	1474
146244665	1474
147042711	1474
147043017	1474
147043159	1474
147043308	1474
147043460	1474
147043624	1474
147043863	1474
147043994	1474
147044117	1474
147044293	1474
147044462	1474
147044602	1474
147044730	1474
147044854	1474
147045010	1474
147045137	1474
147045283	1474
147045406	1474
147842644	1474
147842998	1474
147843129	1474
147843275	1474
147843403	1474
147843642	1474
147843778	1474
147843904	1474
147844030	1474
147844444	1474
147844601	1474
147844805	1474
147844982	1474
147845137	1474
147845884	1474
147846016	1474
147846285	1474
148642409	1474
148642735	1474
148642871	1474
148643026	1474
148643148	1474
148643282	1474
148643424	1474
148643559	1474
148643699	1474
148643825	1474
148643950	1474
148644083	1474
148644207	1474
148644352	1474
148644561	1474
148644686	1474
148644808	1474
149442154	1474
149442342	1474
149442539	1474
149442679	1474
149442834	1474
149442952	1474
149443073	1474
149443194	1474
149443331	1474
149443471	1474
149443608	1474
149443729	1474
149443851	1474
149443973	1474
149444103	1474
149444248	1474
150242761	1474
150245928	1474
150246065	1474
150246200	1474
150246321	1474
150246475	1474
150246603	1474
150246751	1474
150246990	1474
150248558	1474
150248695	1474
150249503	1474
150249640	1474
150249763	1474
150249906	1474
150250026	1474
150250166	1474
150250287	1474
151041962	1474
151042230	1474
151042385	1474
151042531	1474
151042654	1474
151042800	1474
151042925	1474
151043064	1474
151043185	1474
151043312	1474
151043458	1474
151043580	1474
151043721	1474
151043869	1474
151043993	1474
151044135	1474
151044257	1474
151044493	1474
151844006	1474
151844419	1474
151844548	1474
151844665	1474
151844788	1474
151844914	1474
151845049	1474
151845173	1474
151845327	1474
151845477	1474
151845600	1474
151845722	1474
151845862	1474
151845993	1474
151846252	1474
151846431	1474
151847018	1474
152641575	1474
152641858	1474
152641982	1474
152642104	1474
152642239	1474
152642371	1474
152642513	1474
152642635	1474
152642757	1474
152642880	1474
152643006	1474
152643128	1474
152643269	1474
152643451	1474
152643576	1474
152643724	1474
152643849	1474
152643986	1474
153711429	1474
153711598	1474
153711763	1474
153712016	1474
153712245	1474
153712470	1474
153712639	1474
153712801	1474
153712965	1474
153713145	1474
153713310	1474
153713473	1474
153713637	1474
153713817	1474
153713986	1474
153714166	1474
153714335	1474
153714496	1474
154241891	1474
154242137	1474
154242299	1474
154242491	1474
154242705	1474
154242879	1474
154243064	1474
154243252	1474
154243417	1474
154243578	1474
154243739	1474
154243898	1474
154244076	1474
154244238	1474
154244399	1474
154244604	1474
154244770	1474
155042151	1474
155042365	1474
155042537	1474
155042701	1474
155042882	1474
155043056	1474
155043236	1474
155043402	1474
155043567	1474
155043764	1474
155043926	1474
155044098	1474
155044254	1474
155044461	1474
155044626	1474
155044784	1474
155841150	1474
155841379	1474
155841538	1474
155841696	1474
155841854	1474
155842028	1474
155842185	1474
155842342	1474
155842499	1474
155842656	1474
155842814	1474
155842982	1474
155843164	1474
155843325	1474
155843482	1474
155843640	1474
155843802	1474
155844007	1474
156641220	1474
156641482	1474
156641647	1474
156641902	1474
156642132	1474
156642319	1474
156642481	1474
156642641	1474
156642800	1474
156642980	1474
156643141	1474
156643300	1474
156643458	1474
156643618	1474
156643859	1474
156644081	1474
156644288	1474
156644499	1474
157441193	1474
157441540	1474
157441778	1474
157442038	1474
157442393	1474
157442617	1474
157442905	1474
157443071	1474
157443236	1474
157443401	1474
157443567	1474
157443730	1474
157443948	1474
157444169	1474
157444857	1474
158242925	1474
158243130	1474
158243296	1474
158243465	1474
158243626	1474
158243840	1474
158244063	1474
158244305	1474
158244569	1474
158244926	1474
158245164	1474
158245434	1474
158245784	1474
158245981	1474
158246177	1474
158246344	1474
158246508	1474
159040885	1474
159041085	1474
159041253	1474
159041415	1474
159041582	1474
159041744	1474
159041946	1474
159042111	1474
159042279	1474
159042440	1474
159042608	1474
159042778	1474
159042945	1474
159043108	1474
159043274	1474
159043437	1474
159043700	1474
159841088	1474
159841308	1474
159841432	1474
159841550	1474
159841668	1474
159841874	1474
159841994	1474
159842112	1474
159842232	1474
159842349	1474
159842469	1474
159842589	1474
159842708	1474
159842840	1474
159842959	1474
159843076	1474
159843193	1474
160641203	1474
160641515	1474
160641699	1474
160641896	1474
160642140	1474
160642315	1474
160642483	1474
160642663	1474
160642851	1474
160643020	1474
160643240	1474
160643459	1474
160643727	1474
160644150	1474
160644366	1474
160644908	1474
160645076	1474
161440921	1474
161441097	1474
161441310	1474
161441499	1474
161441655	1474
161441778	1474
161441998	1474
161442127	1474
161442251	1474
161442372	1474
161442503	1474
161442624	1474
161442756	1474
161442884	1474
161443015	1474
161443134	1474
161443252	1474
161443375	1474
162241126	1474
162241387	1474
162241511	1474
162241647	1474
162241786	1474
162241931	1474
162242127	1474
162242248	1474
162242389	1474
162242508	1474
162242707	1474
162242822	1474
162242940	1474
162243060	1474
162243178	1474
162243300	1474
162243673	1474
162243799	1474
163040523	1474
163040714	1474
163040842	1474
163040964	1474
163041085	1474
163041210	1474
163041329	1474
163041499	1474
163041641	1474
163041767	1474
163041897	1474
163042015	1474
163042146	1474
163042266	1474
163042389	1474
163840573	1474
163840802	1474
163840934	1474
163841054	1474
163841178	1474
163841305	1474
163841442	1474
163841577	1474
163841723	1474
163841841	1474
163841977	1474
163842102	1474
163842222	1474
163842357	1474
163842491	1474
163842626	1474
163842748	1474
164640890	1474
164641060	1474
164641200	1474
164641334	1474
164641507	1474
164641631	1474
164641768	1474
164641887	1474
164642008	1474
164642127	1474
164642246	1474
164642424	1474
164642567	1474
164642688	1474
164642815	1474
164642942	1474
164643097	1474
165440254	1474
165440533	1474
165440673	1474
165440793	1474
165440924	1474
165441046	1474
165441180	1474
165441309	1474
165441444	1474
165441568	1474
165441702	1474
165441822	1474
165441955	1474
165442283	1474
165442417	1474
165442538	1474
165442660	1474
165442803	1474
166240635	1474
166240936	1474
166241058	1474
166241179	1474
166241328	1474
166241467	1474
166241607	1474
166241726	1474
166241845	1474
166241971	1474
166242094	1474
166242261	1474
166242387	1474
166242618	1474
166242750	1474
166243092	1474
166243844	1474
166243977	1474
167040058	1474
167040324	1474
167040643	1474
167040768	1474
167040897	1474
167041182	1474
167041324	1474
167041448	1474
167041571	1474
167041877	1474
167042004	1474
167042130	1474
167042393	1474
167042522	1474
167043204	1474
167043604	1474
167044084	1474
167840421	1474
167840667	1474
167840807	1474
167840930	1474
167841054	1474
167841383	1474
167841515	1474
167841652	1474
167841806	1474
167841951	1474
167842094	1474
167842259	1474
167842588	1474
167842933	1474
167843159	1474
167843294	1474
167843416	1474
168639838	1474
168640221	1474
168640396	1474
168640704	1474
168640831	1474
168641244	1474
168641373	1474
168641499	1474
168641622	1474
168641742	1474
168641888	1474
168642196	1474
168642946	1474
168643283	1474
168643411	1474
168644148	1474
168644278	1474
169439742	1474
169439984	1474
169440102	1474
169440297	1474
169440460	1474
169440579	1474
169440695	1474
169440810	1474
169440931	1474
169441047	1474
169441168	1474
169441284	1474
169441399	1474
169441514	1474
169441631	1474
169441747	1474
169441865	1474
170240908	1474
170241193	1474
170241311	1474
170241427	1474
170241558	1474
170241674	1474
170241788	1474
170241902	1474
170242033	1474
170242152	1474
170242373	1474
170242508	1474
170242830	1474
170243081	1474
170243198	1474
170243426	1474
170243567	1474
170243685	1474
171040538	1474
171040784	1474
171040940	1474
171041055	1474
171041171	1474
171041288	1474
171041505	1474
171041629	1474
171041738	1474
171041859	1474
171042117	1474
171042234	1474
171042355	1474
171042474	1474
171042705	1474
171042828	1474
171043277	1474
171841136	1474
171841430	1474
171841575	1474
171841691	1474
171841809	1474
171841925	1474
171842040	1474
171842155	1474
171842284	1474
171842400	1474
171842516	1474
171842632	1474
171842748	1474
171842867	1474
171842984	1474
171843099	1474
171843282	1474
172641156	1474
172641479	1474
172641618	1474
172641745	1474
172641862	1474
172641985	1474
172642350	1474
172642479	1474
172642616	1474
172642737	1474
172642863	1474
172643009	1474
172643131	1474
172643268	1474
172643386	1474
172643743	1474
172644434	1474
172644822	1474
173442081	1474
173442265	1474
173442389	1474
173442511	1474
173442644	1474
173442765	1474
173442901	1474
173443022	1474
173443162	1474
173443286	1474
173443426	1474
173443549	1474
173443844	1474
173443986	1474
173444590	1474
173444788	1474
173445019	1474
173445621	1474
174242130	1474
174242317	1474
174242435	1474
174242552	1474
174242669	1474
174242785	1474
174242913	1474
174243031	1474
174243145	1474
174243270	1474
174243388	1474
174243505	1474
174243623	1474
174243855	1474
174243982	1474
174244311	1474
174244559	1474
174244678	1474
175044366	1474
175044608	1474
175044728	1474
175044844	1474
175045042	1474
175045165	1474
175045282	1474
175045397	1474
175045512	1474
175045639	1474
175045757	1474
175045872	1474
175045988	1474
175046103	1474
175046219	1474
175046336	1474
175046452	1474
175843434	1474
175843557	1474
175843673	1474
175843790	1474
175843906	1474
175844039	1474
175844155	1474
175844274	1474
175844562	1474
175844686	1474
175844921	1474
175845056	1474
175845282	1474
175845399	1474
175845515	1474
175845630	1474
176645617	1474
176645741	1474
176645858	1474
176645973	1474
176646091	1474
176646209	1474
176646337	1474
176646455	1474
176646573	1474
176646690	1474
176646806	1474
176646923	1474
176647039	1474
176647156	1474
176647272	1474
176647403	1474
176647521	1474
176647638	1474
177444571	1474
177444703	1474
177444821	1474
177444945	1474
177445169	1474
177445295	1474
177445564	1474
177445743	1474
177445863	1474
177445980	1474
177446096	1474
177446214	1474
177446467	1474
177446606	1474
177446744	1474
177446860	1474
177446979	1474
177447097	1474
178246391	1474
178246556	1474
178246716	1474
178246877	1474
178247052	1474
178247216	1474
178247376	1474
178247539	1474
178247719	1474
178247884	1474
178248063	1474
178248224	1474
178248385	1474
178248593	1474
178248758	1474
178248919	1474
178249097	1474
178249261	1474
179047155	1474
179047332	1474
179047499	1474
179047756	1474
179047975	1474
179048321	1474
179048538	1474
179048713	1474
179048876	1474
179049042	1474
179049206	1474
179049379	1474
179049544	1474
179049728	1474
179049895	1474
179050059	1474
179050222	1474
179050427	1474
179850275	1474
179850445	1474
179850673	1474
179850969	1474
179851172	1474
179851337	1474
179851522	1474
179851697	1474
179851863	1474
179852029	1474
179852193	1474
179852356	1474
179852571	1474
179852759	1474
179852925	1474
179853089	1474
179853255	1474
179853418	1474
180650378	1474
180650543	1474
180650823	1474
180651068	1474
180651264	1474
180651430	1474
180651593	1474
180651757	1474
180651921	1474
180652099	1474
180652262	1474
180652479	1474
180652648	1474
180652810	1474
180652983	1474
180653145	1474
181447532	1474
181447696	1474
181447899	1474
181448136	1474
181448365	1474
181448580	1474
181448789	1474
181448951	1474
181449117	1474
181449277	1474
181449455	1474
181449617	1474
181449781	1474
181449941	1474
181450105	1474
181450266	1474
181450465	1474
182250516	1474
182250696	1474
182250898	1474
182251125	1474
182251494	1474
182251714	1474
182251907	1474
182252077	1474
182252242	1474
182252406	1474
182252637	1474
182252824	1474
182252988	1474
182253150	1474
182253315	1474
182253479	1474
182253819	1474
183051501	1474
183051667	1474
183051834	1474
183052055	1474
183052297	1474
183052539	1474
183052708	1474
183052871	1474
183053043	1474
183053211	1474
183053380	1474
183053544	1474
183053712	1474
183053875	1474
183054047	1474
183054213	1474
183849268	1474
183849447	1474
183849615	1474
183849776	1474
183849944	1474
183850105	1474
183850273	1474
183850451	1474
183850620	1474
183850784	1474
183850952	1474
183851114	1474
183851282	1474
183851463	1474
183851629	1474
183851792	1474
183851953	1474
184648775	1474
184649011	1474
184649177	1474
184649369	1474
184649583	1474
184649765	1474
184649928	1474
184650088	1474
184650248	1474
184650411	1474
184650570	1474
184650730	1474
184650903	1474
184651062	1474
184651223	1474
184651383	1474
184651545	1474
184651708	1474
185448968	1474
185449137	1474
185449301	1474
185449553	1474
185449768	1474
185449999	1474
185450176	1474
185450338	1474
185450500	1474
185450661	1474
185450823	1474
185450985	1474
185451174	1474
185451340	1474
185451501	1474
185451663	1474
185451824	1474
185451984	1474
186250598	1474
186250762	1474
186250949	1474
186251168	1474
186251417	1474
186251596	1474
186251758	1474
186251920	1474
186252081	1474
186252241	1474
186252404	1474
186252636	1474
186252805	1474
186252966	1474
186253128	1474
186253289	1474
186253467	1474
186253654	1474
187049530	1474
187049725	1474
187049931	1474
187050147	1474
187050372	1474
187050533	1474
187050694	1474
187050861	1474
187051021	1474
187051181	1474
187051342	1474
187051506	1474
187051666	1474
187051833	1474
187051995	1474
187052157	1474
187052318	1474
187052531	1474
187850687	1474
187850847	1474
187851034	1474
187851267	1474
187851586	1474
187851751	1474
187851911	1474
187852071	1474
187852249	1474
187852410	1474
187852620	1474
187852788	1474
187852946	1474
187853115	1474
187853277	1474
187853442	1474
187853601	1474
187853761	1474
188650702	1474
188650863	1474
188651026	1474
188651279	1474
188651511	1474
188651681	1474
188651844	1474
188652002	1474
188652165	1474
188652325	1474
188652571	1474
188652786	1474
188653000	1474
188653165	1474
188653325	1474
188653489	1474
188653663	1474
188653849	1474
189451121	1474
189451251	1474
189451375	1474
189451516	1474
189451669	1474
189451963	1474
189452108	1474
189452231	1474
189452401	1474
189452527	1474
189452658	1474
189452804	1474
189452924	1474
189453068	1474
189453189	1474
189453320	1474
189453440	1474
190514942	1474
190515202	1474
190515338	1474
190515465	1474
190515575	1474
190515709	1474
190515818	1474
190515926	1474
190516057	1474
190516171	1474
190516331	1474
190516514	1474
190516631	1474
190516775	1474
190516910	1474
190517048	1474
190517259	1474
190517378	1474
191050200	1474
191050328	1474
191050437	1474
191050641	1474
191050925	1474
191051126	1474
191051254	1474
191051366	1474
191051501	1474
191051611	1474
191051721	1474
191051836	1474
191051945	1474
191052061	1474
191052172	1474
191052289	1474
191052453	1474
192115545	1474
192115738	1474
192116026	1474
192116156	1474
192116296	1474
192116489	1474
192116630	1474
192116762	1474
192116881	1474
192117011	1474
192117176	1474
192117301	1474
192117444	1474
192117566	1474
192117692	1474
192117814	1474
192117935	1474
192118235	1474
192915810	1474
192915967	1474
192916163	1474
192916398	1474
192916585	1474
192916801	1474
192916927	1474
192917047	1474
192917165	1474
192917283	1474
192917408	1474
192917528	1474
192917646	1474
192917762	1474
192917900	1474
192918014	1474
192918127	1474
192918244	1474
193716898	1474
193717105	1474
193717228	1474
193717347	1474
193717464	1474
193717579	1474
193717699	1474
193717824	1474
193717940	1474
193718060	1474
193718178	1474
193718297	1474
193718414	1474
193718530	1474
193718648	1474
193718783	1474
193718899	1474
193719016	1474
194520225	1474
194520388	1474
194520597	1474
194520872	1474
194521096	1474
194521357	1474
194521521	1474
194521681	1474
194521840	1474
194522000	1474
194522177	1474
194522339	1474
194522498	1474
194522657	1474
194522817	1474
194522975	1474
194523150	1474
194523309	1474
195325299	1474
195325434	1474
195325554	1474
195325672	1474
195325793	1474
195325942	1474
195326069	1474
195326226	1474
195326345	1474
195326479	1474
195326596	1474
195326715	1474
195326832	1474
195326950	1474
195327066	1474
195327183	1474
195327302	1474
195327426	1474
196120681	1474
196120850	1474
196121010	1474
196121205	1474
196121433	1474
196121664	1474
196121834	1474
196121995	1474
196122154	1474
196122313	1474
196122472	1474
196122651	1474
196122820	1474
196122983	1474
196123142	1474
196123300	1474
196123461	1474
196123618	1474
196922960	1474
196923127	1474
196923338	1474
196923578	1474
196923813	1474
196923975	1474
196924137	1474
196924365	1474
196924585	1474
196924774	1474
196924939	1474
196925101	1474
196925279	1474
196925441	1474
196925604	1474
196925765	1474
196925928	1474
196926088	1474
197720508	1474
197720637	1474
197720780	1474
197720902	1474
197721031	1474
197721155	1474
197721331	1474
197721465	1474
197721582	1474
197721727	1474
197721849	1474
197721978	1474
197722098	1474
197722237	1474
197722361	1474
197722496	1474
197722622	1474
197722744	1474
198784903	1474
198785191	1474
198785311	1474
198785431	1474
198785554	1474
198785782	1474
198785910	1474
198786045	1474
198786163	1474
198786281	1474
198786401	1474
198786520	1474
198786667	1474
198786788	1474
198787012	1474
198787138	1474
198787408	1474
198787604	1474
199318609	1474
199318896	1474
199319063	1474
199319329	1474
199319542	1474
199319712	1474
199319883	1474
199320042	1474
199320213	1474
199320375	1474
199320582	1474
199320746	1474
199320902	1474
199321060	1474
199321234	1474
199321391	1474
199321550	1474
200385685	1474
200385997	1474
200386117	1474
200386234	1474
200386350	1474
200386469	1474
200386587	1474
200386710	1474
200386827	1474
200386945	1474
200387061	1474
200387178	1474
200387290	1474
200387408	1474
200387638	1474
200387776	1474
200388161	1474
200388428	1474
201186377	1474
201186652	1474
201186772	1474
201186890	1474
201187005	1474
201187134	1474
201187253	1474
201187370	1474
201187488	1474
201187608	1474
201187724	1474
201187954	1474
201188094	1474
201188438	1474
201188559	1474
201188794	1474
201188915	1474
201189033	1474
201986182	1474
201986476	1474
201986601	1474
201986718	1474
201986837	1474
201986954	1474
201987071	1474
201987189	1474
201987306	1474
201987439	1474
201987556	1474
201987680	1474
201987909	1474
201988036	1474
201988387	1474
201988645	1474
201988762	1474
201988880	1474
202786389	1474
202786667	1474
202786798	1474
202786917	1474
202787035	1474
202787152	1474
202787270	1474
202787388	1474
202787506	1474
202787625	1474
202787755	1474
202787876	1474
202787998	1474
202788227	1474
202788353	1474
202788790	1474
202789031	1474
202789153	1474
203586845	1474
203587192	1474
203587311	1474
203587429	1474
203587547	1474
203587667	1474
203587786	1474
203587907	1474
203588027	1474
203588161	1474
203588300	1474
203588468	1474
203588585	1474
203588706	1474
203588824	1474
203588942	1474
204387159	1474
204387628	1474
204387769	1474
204387891	1474
204388025	1474
204388159	1474
204388282	1474
204388553	1474
204388679	1474
204388829	1474
204388962	1474
204389083	1474
204389224	1474
204389347	1474
204389500	1474
204389624	1474
204389750	1474
204389872	1474
205187078	1474
205187318	1474
205187641	1474
205187775	1474
205187920	1474
205188074	1474
205188329	1474
205188507	1474
205188630	1474
205188760	1474
205188893	1474
205189015	1474
205189135	1474
205189270	1474
205189391	1474
205189511	1474
205189631	1474
205189760	1474
205987648	1474
205988133	1474
205988291	1474
205988491	1474
205988620	1474
205988740	1474
205988860	1474
205988981	1474
205989099	1474
205989255	1474
205989373	1474
205989493	1474
205989632	1474
205989752	1474
205989895	1474
205990014	1474
205990209	1474
206790939	1474
206791068	1474
206791190	1474
206791328	1474
206791456	1474
206791578	1474
206791725	1474
206791847	1474
206791989	1474
206792106	1474
206792226	1474
206792379	1474
206792522	1474
206792659	1474
206792783	1474
206792904	1474
206793027	1474
206793149	1474
207588006	1474
207588253	1474
207588527	1474
207588666	1474
207588818	1474
207588944	1474
207589072	1474
207589212	1474
207589334	1474
207589456	1474
207589596	1474
207589719	1474
207589852	1474
207589978	1474
207590132	1474
207590254	1474
207590380	1474
207590504	1474
208388471	1474
208389433	1474
208390201	1474
208390429	1474
208390603	1474
208390769	1474
208390932	1474
208391095	1474
208391264	1474
208391429	1474
208391592	1474
208391756	1474
208391919	1474
208392082	1474
208392252	1474
208392419	1474
208392634	1474
208392802	1474
209188860	1474
209189073	1474
209189297	1474
209189444	1474
209189586	1474
209189716	1474
209189847	1474
209189968	1474
209190090	1474
209190214	1474
209190337	1474
209190459	1474
209190597	1474
209190731	1474
209190851	1474
209190974	1474
209191099	1474
209191222	1474
210255838	1474
210256111	1474
210256533	1474
210256666	1474
210256798	1474
210256938	1474
210257085	1474
210257209	1474
210257346	1474
210257485	1474
210257623	1474
210257750	1474
210257902	1474
210258186	1474
210258613	1474
210258829	1474
210258961	1474
210259101	1474
210790281	1474
210790495	1474
210790778	1474
210790907	1474
210791028	1474
210791170	1474
210791311	1474
210791435	1474
210791565	1474
210791688	1474
210791821	1474
210791946	1474
210792105	1474
210792250	1474
210792425	1474
210792553	1474
210792680	1474
211589570	1474
211589831	1474
211590056	1474
211590182	1474
211590302	1474
211590422	1474
211590557	1474
211590676	1474
211590795	1474
211590913	1474
211591034	1474
211591153	1474
211591272	1474
211591391	1474
211591533	1474
211591650	1474
211591767	1474
212390195	1474
212390405	1474
212390554	1474
212390699	1474
212390817	1474
212390962	1474
212391097	1474
212391218	1474
212391355	1474
212391491	1474
212391614	1474
212391748	1474
212391878	1474
212392011	1474
212392135	1474
212392259	1474
212392591	1474
213190572	1474
213190823	1474
213190950	1474
213191070	1474
213191197	1474
213191373	1474
213191494	1474
213191616	1474
213191737	1474
213191855	1474
213191976	1474
213192097	1474
213192221	1474
213192432	1474
213192555	1474
213192675	1474
213192791	1474
213192911	1474
213990902	1474
213991156	1474
213991279	1474
213991399	1474
213991518	1474
213991654	1474
213991775	1474
213991909	1474
213992029	1474
213992153	1474
213992305	1474
213992486	1474
213992621	1474
213992744	1474
213992866	1474
213992983	1474
213993101	1474
215057747	1474
215057923	1474
215058105	1474
215058250	1474
215058373	1474
215058516	1474
215058640	1474
215058784	1474
215058906	1474
215059042	1474
215059183	1474
215059306	1474
215059429	1474
215059567	1474
215059868	1474
215060007	1474
215060497	1474
215060645	1474
215857973	1474
215858147	1474
215858268	1474
215858385	1474
215858516	1474
215858636	1474
215858755	1474
215858875	1474
215858994	1474
215859114	1474
215859232	1474
215859352	1474
215859486	1474
215859608	1474
215859724	1474
215859846	1474
215859968	1474
216394791	1474
216394912	1474
216395032	1474
216395153	1474
216395276	1474
216395502	1474
216395632	1474
216395766	1474
216396070	1474
216396199	1474
216396511	1474
216396714	1474
216396842	1474
216396966	1474
216397087	1474
216397208	1474
216397328	1474
217192332	1474
217192616	1474
217192728	1474
217192855	1474
217192977	1474
217193224	1474
217193352	1474
217193473	1474
217193594	1474
217193711	1474
217193829	1474
217193948	1474
217194077	1474
217194198	1474
217194319	1474
217194438	1474
217194559	1474
217992061	1474
217992279	1474
217992522	1474
217992644	1474
217992763	1474
217993003	1474
217993132	1474
217993253	1474
217993377	1474
217993587	1474
217993704	1474
217993821	1474
217993938	1474
217994076	1474
217994193	1474
217994308	1474
217996872	1474
218797353	1474
218797467	1474
218797574	1474
218797779	1474
218798000	1474
218798125	1474
218798246	1474
218798364	1474
218798484	1474
218798601	1474
218798726	1474
218798844	1474
218798963	1474
218799081	1474
218799200	1474
218799318	1474
218799436	1474
219593303	1474
219593542	1474
219593652	1474
219593768	1474
219593886	1474
219594004	1474
219594141	1474
219594260	1474
219594384	1474
219594502	1474
219594620	1474
219594737	1474
219594858	1474
219594978	1474
219595104	1474
219595225	1474
219595341	1474
219595460	1474
220661230	1474
220661353	1474
220661471	1474
220661606	1474
220661726	1474
220661963	1474
220662089	1474
220662209	1474
220662332	1474
220662448	1474
220662581	1474
220662698	1474
220662822	1474
220662941	1474
220663059	1474
220663176	1474
220663295	1474
220663411	1474
221194716	1474
221194881	1474
221195334	1474
221195453	1474
221195680	1474
221195820	1474
221195939	1474
221196058	1474
221196294	1474
221196476	1474
221196594	1474
221196713	1474
221196846	1474
221196968	1474
221197085	1474
221197200	1474
221199788	1474
221997278	1474
221997444	1474
221997607	1474
221997806	1474
221998040	1474
221998290	1474
221998484	1474
221998681	1474
221998844	1474
221999006	1474
221999184	1474
221999384	1474
221999546	1474
221999709	1474
221999872	1474
222000034	1474
222000212	1474
223061333	1474
223061651	1474
223061808	1474
223061954	1474
223062100	1474
223062244	1474
223062392	1474
223062545	1474
223062711	1474
223062858	1474
223063004	1474
223063169	1474
223063362	1474
223063517	1474
223063664	1474
223063810	1474
223063953	1474
223064098	1474
223862158	1474
223862321	1474
223862505	1474
223862707	1474
223862930	1474
223863098	1474
223863260	1474
223863419	1474
223863579	1474
223863739	1474
223863898	1474
223864069	1474
223864229	1474
223864389	1474
223864598	1474
223864763	1474
223864931	1474
223865094	1474
224662008	1474
224662464	1474
224662650	1474
224662920	1474
224663136	1474
224663327	1474
224663492	1474
224663656	1474
224663819	1474
224663980	1474
224664155	1474
224664323	1474
224664535	1474
224664700	1474
224664862	1474
224665024	1474
224665184	1474
225462181	1474
225462444	1474
225462652	1474
225462815	1474
225462978	1474
225463138	1474
225463299	1474
225463463	1474
225463631	1474
225463800	1474
225463965	1474
225464126	1474
225464286	1474
225464501	1474
225464678	1474
225464842	1474
225465004	1474
225465168	1474
226262739	1474
226262982	1474
226263211	1474
226263418	1474
226263641	1474
226263847	1474
226264022	1474
226264185	1474
226264348	1474
226264562	1474
226264737	1474
226264897	1474
226265077	1474
226265237	1474
226265400	1474
226265561	1474
226265724	1474
226265881	1474
227063226	1474
227063472	1474
227063669	1474
227063850	1474
227064061	1474
227064278	1474
227064562	1474
227064732	1474
227064897	1474
227065054	1474
227065216	1474
227065388	1474
227065553	1474
227065713	1474
227065876	1474
227066035	1474
227066198	1474
227862489	1474
227862699	1474
227862925	1474
227863114	1474
227863273	1474
227863434	1474
227863598	1474
227863794	1474
227863962	1474
227864127	1474
227864289	1474
227864502	1474
227864681	1474
227864844	1474
227865009	1474
227865171	1474
227865333	1474
227865493	1474
228662994	1474
228663314	1474
228663506	1474
228663700	1474
228663920	1474
228664182	1474
228664349	1474
228664561	1474
228664730	1474
228664895	1474
228665067	1474
228665229	1474
228665390	1474
228665553	1474
228665714	1474
228665875	1474
228666044	1474
228666207	1474
229464602	1474
229464989	1474
229465186	1474
229465421	1474
229465664	1474
229465832	1474
229465993	1474
229466154	1474
229466313	1474
229466489	1474
229466650	1474
229466814	1474
229466969	1474
229467132	1474
229467286	1474
229467464	1474
229467724	1474
230266591	1474
230266893	1474
230267020	1474
230267143	1474
230267277	1474
230267427	1474
230267808	1474
230267944	1474
230268277	1474
230268637	1474
230268796	1474
230268925	1474
230269154	1474
230269282	1474
230269428	1474
230269550	1474
230269690	1474
230269825	1474
231066927	1474
231067054	1474
231067199	1474
231067323	1474
231067450	1474
231067749	1474
231067884	1474
231068033	1474
231068991	1474
231069186	1474
231069322	1474
231069463	1474
231069582	1474
231069714	1474
231069847	1474
231069966	1474
231070134	1474
231864565	1474
231864839	1474
231864963	1474
231865097	1474
231865228	1474
231865465	1474
231865595	1474
231865723	1474
231865846	1474
231865968	1474
231866103	1474
231866222	1474
231866342	1474
231866474	1474
231866593	1474
231866713	1474
231866833	1474
232665603	1474
232665854	1474
232665982	1474
232666105	1474
232666227	1474
232666387	1474
232666513	1474
232666636	1474
232666773	1474
232666897	1474
232667020	1474
232667143	1474
232667279	1474
232667402	1474
232667529	1474
232667652	1474
232667779	1474
232667899	1474
233464784	1474
233464942	1474
233465395	1474
233465524	1474
233465669	1474
233465811	1474
233465933	1474
233466058	1474
233466215	1474
233466338	1474
233466463	1474
233466587	1474
233466716	1474
233466839	1474
233466972	1474
233467130	1474
233467256	1474
233467402	1474
234265326	1474
234265501	1474
234265698	1474
234265825	1474
234265945	1474
234266159	1474
234266281	1474
234266399	1474
234266526	1474
234266649	1474
234266764	1474
234266884	1474
234267000	1474
234267109	1474
234267217	1474
234267327	1474
234267444	1474
234267555	1474
235065639	1474
235065801	1474
235066137	1474
235066282	1474
235066510	1474
235066638	1474
235066756	1474
235066882	1474
235067110	1474
235067232	1474
235067351	1474
235067471	1474
235067589	1474
235067707	1474
235067825	1474
235067957	1474
235068075	1474
235869939	1474
235870065	1474
235870204	1474
235870326	1474
235870445	1474
235870569	1474
235870721	1474
235871009	1474
235871145	1474
235871346	1474
235871493	1474
235871615	1474
235871739	1474
235871862	1474
235871985	1474
235872108	1474
235872246	1474
236665834	1474
236666114	1474
236667093	1474
236667551	1474
236667758	1474
236667885	1474
236668073	1474
236668211	1474
236668768	1474
236668914	1474
236669057	1474
236669182	1474
236669328	1474
236669452	1474
236669573	1474
236669698	1474
236669835	1474
237466508	1474
237466756	1474
237466942	1474
237467207	1474
237467437	1474
237467653	1474
237467817	1474
237467979	1474
237468139	1474
237468309	1474
237468522	1474
237468691	1474
237468851	1474
237469010	1474
237469172	1474
237469346	1474
237469507	1474
237469669	1474
238266375	1474
238266665	1474
238267057	1474
238267289	1474
238267544	1474
238267708	1474
238267872	1474
238268020	1474
238268163	1474
238268321	1474
238268513	1474
238268663	1474
238268808	1474
238268951	1474
238269095	1474
238269246	1474
238269391	1474
239066080	1474
239066309	1474
239066482	1474
239066646	1474
239066808	1474
239066968	1474
239067129	1474
239067303	1474
239067463	1474
239067625	1474
239067787	1474
239067948	1474
239068112	1474
239068291	1474
239068504	1474
239068673	1474
239068833	1474
239068994	1474
240134347	1474
240134495	1474
240134638	1474
240134780	1474
240134923	1474
240135072	1474
240135232	1474
240135379	1474
240135522	1474
240135664	1474
240135806	1474
240135949	1474
240136105	1474
240136328	1474
240136565	1474
240136716	1474
240136888	1474
240137093	1474
240670523	1474
240670664	1474
240670804	1474
240671035	1474
240671224	1474
240671372	1474
240671514	1474
240671655	1474
240671796	1474
240671936	1474
240672090	1474
240672231	1474
240672378	1474
240672587	1474
240672736	1474
240672877	1474
240673025	1474
241734170	1474
241734330	1474
241734489	1474
241734737	1474
241734962	1474
241735163	1474
241735323	1474
241735482	1474
241735658	1474
241735818	1474
241735986	1474
241736173	1474
241736384	1474
241736772	1474
241736980	1474
241737165	1474
241737329	1474
241737488	1474
242534673	1474
242534836	1474
242535005	1474
242535208	1474
242535421	1474
242535601	1474
242535765	1474
242535961	1474
242536175	1474
242536355	1474
242536574	1474
242536755	1474
242536923	1474
242537116	1474
242537278	1474
242537438	1474
242537596	1474
243331972	1474
243332202	1474
243332437	1474
243332697	1474
243332919	1474
243333086	1474
243333248	1474
243333405	1474
243333564	1474
243333725	1474
243333885	1474
243334076	1474
243334239	1474
243334398	1474
243334557	1474
243334715	1474
243334894	1474
243335098	1474
244135117	1474
244135277	1474
244135486	1474
244135713	1474
244135898	1474
244136061	1474
244136218	1474
244136375	1474
244136581	1474
244136747	1474
244136913	1474
244137072	1474
244137229	1474
244137387	1474
244137544	1474
244137700	1474
244137866	1474
244138026	1474
244932028	1474
244932366	1474
244932636	1474
244932895	1474
244933109	1474
244933288	1474
244933448	1474
244933606	1474
244933765	1474
244933939	1474
244934096	1474
244934254	1474
244934411	1474
244934568	1474
244934727	1474
244934897	1474
244935083	1474
244935241	1474
245731766	1474
245731991	1474
245732158	1474
245732495	1474
245732732	1474
245732933	1474
245733094	1474
245733253	1474
245733413	1474
245733575	1474
245733732	1474
245733930	1474
245734131	1474
245734310	1474
245734474	1474
245734632	1474
245734802	1474
245734998	1474
246535254	1474
246535414	1474
246535577	1474
246535850	1474
246536060	1474
246536256	1474
246536461	1474
246536623	1474
246536791	1474
246536948	1474
246537107	1474
246537265	1474
246537426	1474
246537584	1474
246537750	1474
246537909	1474
246538069	1474
246538226	1474
247331782	1474
247332058	1474
247332225	1474
247332458	1474
247332705	1474
247332875	1474
247333035	1474
247333200	1474
247333362	1474
247333521	1474
247333689	1474
247333850	1474
247334010	1474
247334170	1474
247334332	1474
247334491	1474
247334651	1474
248133920	1474
248134065	1474
248134206	1474
248134434	1474
248134654	1474
248134832	1474
248134977	1474
248135118	1474
248135261	1474
248135406	1474
248135560	1474
248135703	1474
248135845	1474
248135988	1474
248136129	1474
248136271	1474
248136473	1474
248136640	1474
248933690	1474
248933852	1474
248934012	1474
248934263	1474
248934492	1474
248934698	1474
248934858	1474
248935017	1474
248935177	1474
248935337	1474
248935497	1474
248935672	1474
248935830	1474
248935991	1474
248936149	1474
248936307	1474
248936516	1474
248936693	1474
249734150	1474
249734311	1474
249734470	1474
249734665	1474
249734828	1474
249734986	1474
249735148	1474
249735308	1474
249735468	1474
249735643	1474
249735814	1474
249735971	1474
249736130	1474
249736305	1474
249736520	1474
249736684	1474
249736843	1474
249737000	1474
250797987	1474
250798442	1474
250798570	1474
250798702	1474
250798849	1474
250799068	1474
250799199	1474
250799340	1474
250799468	1474
250799592	1474
250799714	1474
250799843	1474
250799962	1474
250800084	1474
250800205	1474
250800325	1474
250800506	1474
250800636	1474
251335695	1474
251336125	1474
251336251	1474
251336607	1474
251336764	1474
251337003	1474
251337144	1474
251337265	1474
251337403	1474
251337525	1474
251337665	1474
251337787	1474
251337928	1474
251338050	1474
251338198	1474
251338321	1474
251338525	1474
252397826	1474
252398099	1474
252398211	1474
252398376	1474
252398646	1474
252398762	1474
252398884	1474
252398991	1474
252399100	1474
252399224	1474
252399366	1474
252399476	1474
252399596	1474
252399715	1474
252399850	1474
252399963	1474
252400073	1474
252400185	1474
253198161	1474
253198423	1474
253198696	1474
253198839	1474
253198983	1474
253199203	1474
253199355	1474
253199479	1474
253199602	1474
253199723	1474
253199843	1474
253199964	1474
253200095	1474
253200215	1474
253200362	1474
253200560	1474
253200703	1474
253997864	1474
253998185	1474
253998398	1474
253998549	1474
253998675	1474
253998985	1474
253999113	1474
253999236	1474
253999362	1474
253999515	1474
253999655	1474
253999942	1474
254000073	1474
254000870	1474
254001104	1474
254001234	1474
254001358	1474
254001479	1474
254797204	1474
254797601	1474
254797722	1474
254797840	1474
254797959	1474
254798077	1474
254798200	1474
254798319	1474
254798435	1474
254798551	1474
254798670	1474
254798789	1474
254798907	1474
254799024	1474
254799141	1474
254799275	1474
254799517	1474
254799645	1474
255600298	1474
255600659	1474
255600778	1474
255600896	1474
255601018	1474
255601145	1474
255601266	1474
255601386	1474
255601504	1474
255601624	1474
255601740	1474
255601859	1474
255601978	1474
255602096	1474
255602228	1474
255602347	1474
255602465	1474
256397668	1474
256397944	1474
256398223	1474
256398351	1474
256398480	1474
256398627	1474
256398822	1474
256399080	1474
256399214	1474
256399352	1474
256399476	1474
256399612	1474
256399737	1474
256399859	1474
256399980	1474
256400117	1474
256400256	1474
256400461	1474
257199151	1474
257201493	1474
257202051	1474
257202328	1474
257203913	1474
257204169	1474
257205549	1474
257205716	1474
257206292	1474
257206724	1474
257207166	1474
257207388	1474
257207994	1474
257208257	1474
257208685	1474
257209669	1474
257210219	1474
257210380	1474
257997258	1474
257997678	1474
257997809	1474
257997934	1474
257998083	1474
257998233	1474
257998523	1474
257998661	1474
257998804	1474
257998929	1474
257999067	1474
257999196	1474
257999321	1474
257999464	1474
257999606	1474
257999731	1474
257999852	1474
258796927	1474
258797319	1474
258797441	1474
258797565	1474
258797689	1474
258797815	1474
258797947	1474
258798072	1474
258798199	1474
258798352	1474
258798475	1474
258798619	1474
258798763	1474
258798887	1474
258799040	1474
258799185	1474
258799317	1474
258799441	1474
259597036	1474
259597416	1474
259597537	1474
259597656	1474
259597775	1474
259597909	1474
259598031	1474
259598150	1474
259598270	1474
259598389	1474
259598508	1474
259598629	1474
259598750	1474
259598878	1474
259598998	1474
259599117	1474
259599236	1474
259599358	1474
260396444	1474
260396756	1474
260397027	1474
260397271	1474
260397559	1474
260397729	1474
260397911	1474
260398077	1474
260398240	1474
260398407	1474
260398573	1474
260398739	1474
260398918	1474
260399083	1474
260399246	1474
260399418	1474
260399583	1474
261197315	1474
261197676	1474
261197806	1474
261197927	1474
261198047	1474
261198166	1474
261198285	1474
261198405	1474
261198525	1474
261198646	1474
261198764	1474
261198898	1474
261199017	1474
261199136	1474
261199255	1474
261199375	1474
261199495	1474
261997265	1474
261997613	1474
261997756	1474
261997880	1474
261998002	1474
261998121	1474
261998241	1474
261998359	1474
261998477	1474
261998595	1474
261998714	1474
261998847	1474
261998966	1474
261999084	1474
261999203	1474
261999319	1474
261999436	1474
261999552	1474
262796470	1474
262796974	1474
262797119	1474
262797256	1474
262797380	1474
262797522	1474
262797646	1474
262797801	1474
262797923	1474
262798048	1474
262798171	1474
262798296	1474
262798420	1474
262798543	1474
262798669	1474
262798816	1474
262798950	1474
262799117	1474
263599271	1474
263599671	1474
263599818	1474
263599968	1474
263600091	1474
263600236	1474
263600389	1474
263600592	1474
263600729	1474
263600863	1474
263600999	1474
263601121	1474
263601249	1474
263601391	1474
263601510	1474
263601633	1474
264399889	1474
264400136	1474
264400315	1474
264400553	1474
264400760	1474
264400969	1474
264401133	1474
264401292	1474
264401452	1474
264401611	1474
264401786	1474
264401946	1474
264402107	1474
264402266	1474
264402424	1474
264402582	1474
265196981	1474
265197271	1474
265197416	1474
265197540	1474
265197734	1474
265197876	1474
265198028	1474
265198543	1474
265198705	1474
265198858	1474
265198979	1474
265199123	1474
265199268	1474
265199386	1474
265199509	1474
265199647	1474
265199770	1474
265996237	1474
265996634	1474
265996768	1474
265996910	1474
265997035	1474
265997156	1474
265997279	1474
265997403	1474
265997549	1474
265997675	1474
265997815	1474
265997936	1474
265998069	1474
265998190	1474
265998318	1474
265998441	1474
265998580	1474
265998722	1474
266799431	1474
266799702	1474
266799993	1474
266800147	1474
266800276	1474
266800744	1474
266800961	1474
266801099	1474
266801755	1474
266801896	1474
266802081	1474
266802207	1474
266802326	1474
266802459	1474
266802584	1474
266802716	1474
266802837	1474
266802964	1474
267596703	1474
267597004	1474
267597159	1474
267597286	1474
267597419	1474
267597545	1474
267597667	1474
267597795	1474
267597917	1474
267598048	1474
267598169	1474
267598295	1474
267598540	1474
267598702	1474
267598827	1474
267598951	1474
267599074	1474
267599238	1474
268395979	1474
268396211	1474
268396577	1474
268396725	1474
268396865	1474
268397158	1474
268397290	1474
268397510	1474
268397659	1474
268397782	1474
268397906	1474
268398029	1474
268398213	1474
268398342	1474
268398478	1474
268398621	1474
268398764	1474
268398904	1474
269196085	1474
269196526	1474
269196775	1474
269196992	1474
269197218	1474
269197387	1474
269197547	1474
269197704	1474
269197863	1474
269198022	1474
269198183	1474
269198349	1474
269198508	1474
269198665	1474
269198823	1474
269199003	1474
269199165	1474
269996930	1474
269997206	1474
269997353	1474
269997480	1474
269997614	1474
269997734	1474
269997907	1474
269998030	1474
269998163	1474
269998294	1474
269998413	1474
269998534	1474
269998654	1474
269998774	1474
269998896	1474
269999015	1474
269999136	1474
270795436	1474
270795661	1474
270795971	1474
270796115	1474
270796502	1474
270796638	1474
270796765	1474
270796889	1474
270797011	1474
270797159	1474
270797292	1474
270797413	1474
270797547	1474
270797669	1474
270797796	1474
270797914	1474
270798047	1474
270798169	1474
271595510	1474
271595652	1474
271595790	1474
271595945	1474
271596237	1474
271596365	1474
271596657	1474
271596822	1474
271596945	1474
271597089	1474
271597227	1474
271597373	1474
271597494	1474
271597615	1474
271597737	1474
271597859	1474
271597980	1474
272395546	1474
272395782	1474
272396092	1474
272396224	1474
272396602	1474
272396731	1474
272396857	1474
272397076	1474
272397212	1474
272397336	1474
272397460	1474
272397582	1474
272397706	1474
272397830	1474
272397956	1474
272398078	1474
272398256	1474
273195956	1474
273196475	1474
273196625	1474
273196773	1474
273197041	1474
273197169	1474
273197294	1474
273197563	1474
273197693	1474
273197834	1474
273197958	1474
273198096	1474
273198221	1474
273198343	1474
273198466	1474
273198587	1474
273198709	1474
273996208	1474
273996683	1474
273996814	1474
273996936	1474
273997087	1474
273997239	1474
273997669	1474
273997786	1474
273997929	1474
273998069	1474
273998187	1474
273998359	1474
273998486	1474
273998627	1474
273998772	1474
273998893	1474
273999034	1474
274795821	1474
274796014	1474
274796207	1474
274796385	1474
274796612	1474
274796877	1474
274797169	1474
274797308	1474
274797427	1474
274797549	1474
274797755	1474
274797877	1474
274798014	1474
274798153	1474
274798289	1474
274798420	1474
274798535	1474
275595642	1474
275596277	1474
275596491	1474
275596728	1474
275596866	1474
275596994	1474
275597115	1474
275597421	1474
275597551	1474
275597694	1474
275597812	1474
275597949	1474
275598068	1474
275598190	1474
275598326	1474
275598465	1474
275598584	1474
276395363	1474
276395538	1474
276395723	1474
276395902	1474
276396030	1474
276396382	1474
276396513	1474
276396651	1474
276396973	1474
276397105	1474
276397228	1474
276397347	1474
276397485	1474
276397629	1474
276397748	1474
276397874	1474
276397995	1474
277195184	1474
277195360	1474
277195897	1474
277196141	1474
277196296	1474
277196483	1474
277196788	1474
277196929	1474
277197046	1474
277197164	1474
277197277	1474
277197396	1474
277197515	1474
277197628	1474
277197745	1474
277197871	1474
277198011	1474
277995301	1474
277995485	1474
277995611	1474
277995742	1474
277995865	1474
277995986	1474
277996108	1474
277996229	1474
277996452	1474
277996577	1474
277996746	1474
277996898	1474
277997020	1474
277997141	1474
277997285	1474
277997412	1474
277997534	1474
278795339	1474
278795509	1474
278795628	1474
278795758	1474
278795871	1474
278795988	1474
278796108	1474
278796224	1474
278796431	1474
278796550	1474
278796667	1474
278796801	1474
278796919	1474
278797039	1474
278797157	1474
278797276	1474
278797397	1474
278797515	1474
279594699	1474
279594912	1474
279595037	1474
279595156	1474
279595274	1474
279595390	1474
279595509	1474
279595636	1474
279595754	1474
279595872	1474
279595989	1474
279596106	1474
279596224	1474
279596432	1474
279596550	1474
279596682	1474
279596799	1474
279596915	1474
280395958	1474
280396129	1474
280396248	1474
280396486	1474
280396711	1474
280396838	1474
280396958	1474
280397075	1474
280397193	1474
280397309	1474
280397426	1474
280397543	1474
280397716	1474
280397836	1474
280397955	1474
280398075	1474
280398194	1474
280398313	1474
281195065	1474
281195241	1474
281195359	1474
281195476	1474
281195606	1474
281195842	1474
281195968	1474
281196089	1474
281196206	1474
281196427	1474
281196546	1474
281196681	1474
281196819	1474
281196939	1474
281197055	1474
281197170	1474
281197285	1474
281197401	1474
281994784	1474
281994993	1474
281995114	1474
281995230	1474
281995349	1474
281995466	1474
281995597	1474
281995712	1474
281995825	1474
281995940	1474
281996056	1474
281996171	1474
281996306	1474
281996474	1474
281996607	1474
281996721	1474
281996836	1474
281996951	1474
283061157	1474
283061298	1474
283061437	1474
283061560	1474
283061679	1474
283061802	1474
283061923	1474
283062046	1474
283062170	1474
283062290	1474
283062423	1474
283062544	1474
283062664	1474
283062780	1474
283062903	1474
283063025	1474
283063147	1474
283063266	1474
283596631	1474
283596755	1474
283596876	1474
283596996	1474
283597115	1474
283597239	1474
283597359	1474
283597491	1474
283597612	1474
283597737	1474
283597855	1474
283597978	1474
283598099	1474
283598215	1474
283598337	1474
283598463	1474
283598584	1474
284664257	1474
284664518	1474
284664660	1474
284664805	1474
284664948	1474
284665069	1474
284665196	1474
284665333	1474
284665469	1474
284665606	1474
284665726	1474
284665867	1474
284665990	1474
284666118	1474
284666239	1474
284666364	1474
284666547	1474
284666672	1474
285460404	1474
285460544	1474
285460677	1474
285461070	1474
285461446	1474
285461576	1474
285461716	1474
285461887	1474
285462013	1474
285462188	1474
285462314	1474
285462452	1474
285462574	1474
285462695	1474
285462862	1474
285462987	1474
285463109	1474
285463231	1474
286261792	1474
286262018	1474
286262160	1474
286262372	1474
286262503	1474
286262858	1474
286262988	1474
286263123	1474
286263311	1474
286263437	1474
286263571	1474
286263709	1474
286263833	1474
286263959	1474
286264082	1474
286264205	1474
286264380	1474
286794308	1474
286794495	1474
286794615	1474
286794732	1474
286794851	1474
286794970	1474
286795086	1474
286795287	1474
286795412	1474
286795531	1474
286795647	1474
286795765	1474
286795885	1474
286796007	1474
286796128	1474
286796261	1474
287865829	1474
287866069	1474
287866224	1474
287866360	1474
287866497	1474
287866649	1474
287866876	1474
287867014	1474
287867137	1474
287867301	1474
287867422	1474
287867540	1474
287867658	1474
287867795	1474
287867916	1474
287868040	1474
287868169	1474
287868292	1474
288660288	1474
288660602	1474
288660734	1474
288660855	1474
288660977	1474
288661112	1474
288661237	1474
288661359	1474
288661498	1474
288661616	1474
288661741	1474
288661868	1474
288661986	1474
288662113	1474
288662252	1474
288662374	1474
288662513	1474
288662631	1474
289460443	1474
289460754	1474
289460873	1474
289460995	1474
289461130	1474
289461255	1474
289461377	1474
289461516	1474
289461635	1474
289461773	1474
289461891	1474
289462019	1474
289462143	1474
289462266	1474
289462401	1474
289462521	1474
289462677	1474
289462801	1474
290262254	1474
290262744	1474
290262867	1474
290262992	1474
290263124	1474
290263247	1474
290263364	1474
290263485	1474
290263610	1474
290263729	1474
290263854	1474
290263975	1474
290264107	1474
290264227	1474
290264416	1474
290264544	1474
290264665	1474
290264782	1474
291060400	1474
291060614	1474
291060806	1474
291061042	1474
291061271	1474
291061449	1474
291061613	1474
291061778	1474
291061969	1474
291062141	1474
291062307	1474
291062467	1474
291062630	1474
291062792	1474
291062961	1474
291063125	1474
291063286	1474
291063444	1474
291862040	1474
291862344	1474
291862508	1474
291862671	1474
291862833	1474
291863012	1474
291863178	1474
291863338	1474
291863502	1474
291863665	1474
291863849	1474
291864034	1474
291864199	1474
291864362	1474
291864577	1474
291864753	1474
291864923	1474
291865086	1474
292660279	1474
292660570	1474
292660740	1474
292660912	1474
292661081	1474
292661243	1474
292661408	1474
292661571	1474
292661737	1474
292661908	1474
292662071	1474
292662237	1474
292662401	1474
292662567	1474
292662728	1474
292662902	1474
292663064	1474
292663230	1474
293459987	1474
293460233	1474
293460454	1474
293460625	1474
293460784	1474
293460964	1474
293461130	1474
293461292	1474
293461459	1474
293461626	1474
293461789	1474
293461991	1474
293462218	1474
293462384	1474
293462549	1474
293462713	1474
293462914	1474
294260280	1474
294260630	1474
294260851	1474
294261049	1474
294261278	1474
294261505	1474
294261674	1474
294261852	1474
294262141	1474
294262305	1474
294262470	1474
294262630	1474
294262808	1474
294262969	1474
294263135	1474
294263294	1474
294263460	1474
294263621	1474
295059608	1474
295059856	1474
295060028	1474
295060286	1474
295060574	1474
295060755	1474
295060920	1474
295061101	1474
295061270	1474
295061433	1474
295061600	1474
295061771	1474
295061939	1474
295062102	1474
295062264	1474
295062425	1474
295062588	1474
295062755	1474
296128301	1474
296128495	1474
296128686	1474
296128889	1474
296129151	1474
296129297	1474
296129445	1474
296129596	1474
296129748	1474
296129890	1474
296130036	1474
296130181	1474
296130330	1474
296130505	1474
296130746	1474
296131342	1474
296131561	1474
296131720	1474
296929127	1474
296929291	1474
296929502	1474
296929754	1474
296930003	1474
296930257	1474
296930470	1474
296931394	1474
296931569	1474
296931776	1474
296931938	1474
296932097	1474
296932255	1474
296932462	1474
296932637	1474
296932800	1474
296932958	1474
297725953	1474
297726132	1474
297726296	1474
297726485	1474
297726736	1474
297726910	1474
297727072	1474
297727234	1474
297727396	1474
297727564	1474
297727727	1474
297727888	1474
297728049	1474
297728210	1474
297728373	1474
297728632	1474
297728800	1474
297728962	1474
298526275	1474
298526522	1474
298526696	1474
298526926	1474
298527072	1474
298527217	1474
298527360	1474
298527516	1474
298527660	1474
298527803	1474
298527947	1474
298528107	1474
298528257	1474
298528455	1474
298528632	1474
298528778	1474
298528932	1474
299325773	1474
299325996	1474
299326389	1474
299326577	1474
299326743	1474
299326906	1474
299327071	1474
299327233	1474
299327399	1474
299327582	1474
299327750	1474
299327917	1474
299328086	1474
299328248	1474
299328486	1474
299328680	1474
299328846	1474
299329010	1474
300128331	1474
300128618	1474
300128814	1474
300129057	1474
300129273	1474
300129452	1474
300129615	1474
300129774	1474
300129936	1474
300130195	1474
300130418	1474
300130603	1474
300130834	1474
300131019	1474
300131198	1474
300131381	1474
300131562	1474
300131724	1474
300927194	1474
300927468	1474
300927743	1474
300927942	1474
300928105	1474
300928254	1474
300928479	1474
300928625	1474
300928769	1474
300928910	1474
300929051	1474
300929192	1474
300929339	1474
300929482	1474
300929626	1474
300929839	1474
300930028	1474
301725772	1474
301726075	1474
301726200	1474
301726339	1474
301726467	1474
301726640	1474
301726888	1474
301727032	1474
301727177	1474
301727302	1474
301727435	1474
301727564	1474
301727683	1474
301727814	1474
301727933	1474
301728054	1474
301728175	1474
302527576	1474
302527872	1474
302527992	1474
302528113	1474
302528237	1474
302528405	1474
302528533	1474
302528654	1474
302528786	1474
302528907	1474
302529024	1474
302529148	1474
302529269	1474
302529404	1474
302529526	1474
302529648	1474
302529769	1474
303325556	1474
303325898	1474
303326096	1474
303326285	1474
303326493	1474
303326712	1474
303326964	1474
303327128	1474
303327310	1474
303327473	1474
303327641	1474
303327807	1474
303327970	1474
303328136	1474
303328313	1474
303328537	1474
303328709	1474
303328877	1474
304129215	1474
304129388	1474
304129642	1474
304129869	1474
304130413	1474
304130602	1474
304130767	1474
304130955	1474
304131175	1474
304131342	1474
304131505	1474
304131667	1474
304131831	1474
304131994	1474
304132167	1474
304132331	1474
304132545	1474
304132715	1474
304925435	1474
304925857	1474
304926126	1474
304926377	1474
304926644	1474
304926809	1474
304926973	1474
304927154	1474
304927317	1474
304927480	1474
304927643	1474
304927804	1474
304927988	1474
304928169	1474
304928331	1474
304928543	1474
304928716	1474
304928878	1474
305729519	1474
305729685	1474
305729867	1474
305730132	1474
305730349	1474
305730551	1474
305730714	1474
305730878	1474
305731048	1474
305731233	1474
305731399	1474
305731562	1474
305731723	1474
305731885	1474
305732056	1474
305732219	1474
305732380	1474
305732592	1474
