4984159	58
5000719	54
5190408	1474
5190747	1474
5217927	1474
5218233	1474
5218471	1474
5219181	1474
5244927	1474
5245151	1474
5245425	1474
5245651	306
5368763	1474
5368885	1474
5369005	1474
5369125	1474
5369241	1474
5369373	1474
5369493	1474
5369614	1474
5369734	1474
5370105	1474
5370338	1474
5370519	362
5385227	1474
5385490	1474
5385768	1474
5386008	1474
5386168	1474
5386300	1474
5386769	1474
5386998	1474
5387496	278
6570408	1474
6585226	1474
6585623	1474
6608631	1474
6609374	1474
6609557	1474
6610042	1474
6646031	1474
6646711	1474
6646935	1474
6647285	1474
6647712	1474
6648127	1474
6648619	1474
6649257	1474
6678440	1474
6679093	1474
6679409	1474
6679767	1474
6680203	1474
6680794	1474
6681250	1474
6681445	1474
6681797	1474
6681921	1474
6682039	1474
6682164	1474
6711936	1474
6712730	1474
6712960	1474
6713357	1474
6713777	1474
6713934	1474
6714211	1474
6714478	1474
6714711	1474
6715055	1474
6715237	1474
6715744	1474
6741942	1474
6742282	1474
6742544	1474
6743077	1474
6743566	1474
6744099	1474
6744467	1474
6744912	1474
6745181	1474
6745646	1474
6746472	1474
6746649	1474
6746786	1474
6770659	1474
6770895	1474
6771374	1474
6771600	1474
6771894	1474
6772108	1474
6777542	1474
6778019	1474
6778254	1474
6778436	1474
6778668	1474
6778796	1474
6799956	1474
6800223	1474
6800623	1474
6800774	1474
6801044	1474
6801389	1474
6802808	1474
6802934	1474
6803057	1474
6803187	1474
6803316	1474
6803594	1474
6803906	1474
6817898	1474
6818044	1474
6818209	1474
6818362	1474
6818952	1474
6819185	1474
6819566	1474
6819925	1474
6820201	1474
6820447	1474
6820595	1474
6820734	1474
6821230	1474
6838201	1474
6838326	1474
6838449	1474
6838574	1474
6838745	1474
6839520	1474
6840120	1474
6840361	1474
6840803	1474
6841151	1474
6841290	1474
6841858	1474
6842082	1474
6842412	1474
6856990	1474
6857536	1474
6857735	1474
6858301	1474
6858500	1474
6859059	1474
6859317	1474
6859644	1474
6859824	1474
6860266	1474
6860877	1474
6861217	1474
6861474	1474
6861610	1474
6861753	1474
6875048	1474
6875409	1474
6875700	1474
6875826	1474
6875950	1474
6876106	630
6955535	1474
6955771	82
6955907	1474
6956027	1474
6956144	1474
6956282	1474
6956854	1474
6957038	1474
6957374	1474
6957693	1474
6958015	1474
6958440	1474
6958572	1474
6958695	1474
6958817	1474
6958938	1474
6959058	446
6963657	1474
6963783	1474
6963906	1474
6964031	1474
6964152	1474
6964287	1474
6964478	1474
6964601	1474
6996204	1474
6996483	1474
6996668	1474
6996817	1474
6996941	1474
6997065	1474
6997195	1474
6997317	1474
6997438	1474
6997558	1474
6997679	1474
6997799	1474
6997936	1474
6998056	642
6998187	1474
6998449	1474
7036032	1474
7036286	1474
7036476	166
7168653	1474
7168962	1474
7256969	1474
7257129	1474
9108836	1474
9112108	1474
9112233	1474
9114905	1474
9115140	1474
9115800	1474
9120729	1474
9121004	1474
9121334	1474
9121555	1474
9121891	1474
9122247	1474
9126805	1474
9127000	1474
9127617	1474
9128000	1474
9128383	1474
9128882	1474
9129159	1474
9129537	1474
9129951	1474
9138614	1474
9139072	1474
9139297	1474
9139764	1474
9140347	1474
9140924	1474
9141319	1474
9141734	1474
9142048	1474
9142424	1474
9147720	1474
9148230	1474
9148485	1474
9148919	1474
9149265	1474
9149388	1474
9149509	1474
9149655	1474
9149774	1474
9149913	1474
9150042	1474
9188077	1474
9188524	1474
9188810	1474
9188936	1474
9189479	1474
9189606	1474
9189726	1474
9189860	1474
9189981	1474
9190121	1474
9190242	1474
9229590	1474
9229710	1474
9229839	1474
9229958	1474
9230124	1474
9230246	1474
9230381	1474
9230499	1474
9230639	1474
9251152	1474
9251619	1474
9251760	1474
9251890	1474
9252013	1474
9252149	1474
9252338	1474
9252507	1474
9252648	1474
9252804	1474
9252924	1474
9293501	1474
9293622	1474
9293769	1474
9293890	1474
10049285	1474
10049648	1474
10049783	1474
10049987	1474
10050117	1474
10050455	1474
10050705	1474
10051034	1474
10051162	1474
10051306	1474
10051524	1474
10053332	1474
10095347	1474
10095499	1474
10095950	1474
10096235	1474
10096508	1474
10096729	1474
10096853	1474
10096983	1474
10097106	1474
10850767	1474
10851369	1474
10851666	1474
10851973	1474
10852197	1474
10852326	1474
10852722	1474
10852844	1474
10852977	1474
10853112	1474
10853248	1474
10855759	1474
10897442	1474
10897564	1474
10897683	1474
11664056	1474
11664195	1474
11664317	1474
11664488	1474
11664752	1474
11665070	1474
11665195	1474
11665316	1474
11665435	1474
11665557	1474
11665678	1474
11675399	1474
11675702	1474
11708951	1474
11709074	1474
11709203	1474
11709355	1474
11709732	1474
11709853	1474
11710151	1474
11710274	1474
12450797	1474
12450930	1474
12451139	1474
12451266	1474
12451655	1474
12451843	1474
12451963	1474
12452080	1474
12452195	1474
12452334	1474
12452503	1474
12452625	1474
12495065	1474
12495299	1474
12495423	1474
13249389	1474
13249856	1474
13249981	1474
13250095	1474
13250214	1474
13250333	1474
13250452	1474
13250605	1474
13250920	1474
13251051	1474
13251817	1474
13251944	1474
13294153	1474
13294273	1474
13294408	1474
13294525	1474
13294652	1474
13294785	1474
13294906	1474
13295026	1474
14051752	1474
14051987	1474
14052126	1474
14052247	1474
14052372	1474
14052702	1474
14052827	1474
14052953	1474
14053213	1474
14053339	1474
14053498	1474
14053621	1474
14055498	1474
14095356	1474
14095665	1474
14849122	1474
14849398	1474
14849636	1474
14849893	1474
14850103	1474
14850701	1474
14850885	1474
14851049	1474
14851196	1474
14851340	1474
14851483	1474
14851639	1474
14853698	1474
14895628	1474
14895815	1474
14895980	1474
14896141	1474
14896305	1474
14896518	1474
14896708	1474
14896870	1474
15651689	1474
15651855	1474
15652016	1474
15652216	1474
15652472	1474
15652811	1474
15652978	1474
15653171	1474
15653383	1474
15653547	1474
15653720	1474
15653883	1474
15654047	1474
15656885	1474
15692575	1474
16452376	1474
16452598	1474
16452773	1474
16452979	1474
16453201	1474
16453616	1474
16453814	1474
16454067	1474
16454234	1474
16454468	1474
16454705	1474
16455078	1474
16455251	1474
16457799	1474
16494568	1474
16494793	1474
16495394	1474
17251295	1474
17251484	1474
17251633	1474
17251778	1474
17251919	1474
17252062	1474
17252207	1474
17252351	1474
17252564	1474
17252767	1474
17252918	1474
17253080	1474
17253227	1474
17293084	1474
17293326	1474
17293592	1474
17293788	1474
17293948	1474
17294538	1474
17294753	1474
17294941	1474
18048607	1474
18048901	1474
18049068	1474
18049311	1474
18049531	1474
18049750	1474
18049930	1474
18050121	1474
18050299	1474
18050459	1474
18050628	1474
18050789	1474
18050950	1474
18051110	1474
18848982	1474
18849183	1474
18849344	1474
18849543	1474
18849724	1474
18849883	1474
18850042	1474
18850200	1474
18850358	1474
18850516	1474
18850688	1474
18850847	1474
18851006	1474
18891507	1474
18891726	1474
18891890	1474
19651643	1474
19651805	1474
19651968	1474
19652128	1474
19652290	1474
19652538	1474
19652707	1474
19652869	1474
19653030	1474
19653192	1474
19653371	1474
19653543	1474
19653706	1474
19694089	1474
19694252	1474
19694413	1474
19694588	1474
19694748	1474
19694907	1474
19695067	1474
19695228	1474
19695385	1474
20448272	1474
20448660	1474
20448796	1474
20448920	1474
20449045	1474
20449308	1474
20449444	1474
20449573	1474
20449697	1474
20449827	1474
20449948	1474
20450083	1474
20450208	1474
20450349	1474
21248819	1474
21248999	1474
21249130	1474
21249255	1474
21249394	1474
21249521	1474
21249646	1474
21249780	1474
21249901	1474
21250032	1474
21250155	1474
21250276	1474
21250407	1474
21250532	1474
21291561	1474
21291817	1474
21291952	1474
22048238	1474
22048573	1474
22048699	1474
22048821	1474
22048940	1474
22049156	1474
22049344	1474
22049470	1474
22049595	1474
22050061	1474
22050182	1474
22050311	1474
22050442	1474
22050606	1474
22050733	1474
22090816	1474
22090991	1474
22091125	1474
22848738	1474
22848979	1474
22849097	1474
22849213	1474
22849346	1474
22849463	1474
22849582	1474
22849702	1474
22849820	1474
22849939	1474
22850058	1474
22850175	1474
22850319	1474
22850439	1474
22893357	1474
22893529	1474
22893648	1474
23647903	1474
23648155	1474
23648305	1474
23648478	1474
23648722	1474
23648852	1474
23649079	1474
23649206	1474
23649324	1474
23649446	1474
23649565	1474
23649686	1474
23649805	1474
23649925	1474
23650054	1474
23693516	1474
23693683	1474
23693804	1474
24717281	1474
24717513	1474
24717638	1474
24717755	1474
24717875	1474
24718008	1474
24718245	1474
24718468	1474
24718597	1474
24718820	1474
24719121	1474
24719239	1474
24719358	1474
24719475	1474
24721449	1474
24765029	1474
24765149	1474
24765267	1474
25514615	1474
25514877	1474
25515018	1474
25515149	1474
25515274	1474
25515557	1474
25515693	1474
25515988	1474
25516723	1474
25516954	1474
25517078	1474
25517200	1474
25517332	1474
25517452	1474
25517575	1474
25517697	1474
25556459	1474
25556651	1474
26315026	1474
26315204	1474
26315324	1474
26315450	1474
26315758	1474
26316425	1474
26316558	1474
26316690	1474
26316837	1474
26316972	1474
26317111	1474
26317276	1474
26317404	1474
26317537	1474
26317675	1474
26319881	1474
26356218	1474
26356550	1474
27114922	1474
27115129	1474
27115261	1474
27115363	1474
27115474	1474
27115724	1474
27115938	1474
27116075	1474
27116710	1474
27116870	1474
27116985	1474
27117121	1474
27117241	1474
27117380	1474
27117563	1474
27117670	1474
27154877	1474
27155031	1474
27914917	1474
27915169	1474
27915303	1474
27915435	1474
27915585	1474
27915704	1474
27915835	1474
27916159	1474
27916310	1474
27916817	1474
27916965	1474
27917089	1474
27917230	1474
27917353	1474
27917487	1474
27961497	1474
27961638	1474
27961761	1474
28714452	1474
28714624	1474
28714744	1474
28715091	1474
28715225	1474
28715446	1474
28715572	1474
28715794	1474
28715919	1474
28716114	1474
28716231	1474
28716348	1474
28716514	1474
28716637	1474
28716763	1474
28756340	1474
28756508	1474
28756652	1474
29514498	1474
29514668	1474
29514897	1474
29515020	1474
29515141	1474
29515365	1474
29515531	1474
29515654	1474
29515908	1474
29516116	1474
29516240	1474
29516389	1474
29516625	1474
29516755	1474
29516880	1474
29516999	1474
29554246	1474
30314350	1474
30314525	1474
30314646	1474
30314800	1474
30314931	1474
30315145	1474
30315271	1474
30315499	1474
30315623	1474
30315845	1474
30315969	1474
30316086	1474
30316202	1474
30316339	1474
30316527	1474
30316661	1474
30359303	1474
31113959	1474
31114130	1474
31114258	1474
31114373	1474
31114490	1474
31114627	1474
31114834	1474
31114961	1474
31115180	1474
31115304	1474
31115422	1474
31115547	1474
31115679	1474
31115794	1474
31115909	1474
31116023	1474
31154065	1474
31913721	1474
31913891	1474
31914009	1474
31914178	1474
31914298	1474
31914413	1474
31914528	1474
31914659	1474
31914777	1474
31914895	1474
31915041	1474
31915233	1474
31915508	1474
31915693	1474
31915812	1474
31915928	1474
31953809	1474
32719049	1474
32719314	1474
32719454	1474
32719585	1474
32719701	1474
32719816	1474
32719931	1474
32720046	1474
32720162	1474
32720297	1474
32720475	1474
32720598	1474
32720718	1474
32720946	1474
32721072	1474
32721396	1474
32762314	1474
32762433	1474
33518064	1474
33518212	1474
33518329	1474
33518560	1474
33518687	1474
33519059	1474
33519236	1474
33519355	1474
33519488	1474
33519606	1474
33519721	1474
33519836	1474
33519950	1474
33520067	1474
33520183	1474
33520322	1474
33559632	1474
33559750	1474
34313386	1474
34313735	1474
34313932	1474
34314053	1474
34314177	1474
34314468	1474
34314640	1474
34314940	1474
34315094	1474
34315309	1474
34315750	1474
34316021	1474
34316142	1474
34316266	1474
34316450	1474
34316587	1474
34316712	1474
34356012	1474
35113758	1474
35114084	1474
35114237	1474
35114368	1474
35114494	1474
35114616	1474
35114759	1474
35114976	1474
35115128	1474
35115602	1474
35115729	1474
35115853	1474
35115976	1474
35116100	1474
35116223	1474
35116352	1474
35153122	1474
35153455	1474
35913691	1474
35914082	1474
35914257	1474
35914398	1474
35914522	1474
35914842	1474
35915188	1474
35915364	1474
35915627	1474
35915770	1474
35915891	1474
35916029	1474
35916150	1474
35916272	1474
35916483	1474
35916613	1474
35960054	1474
36980489	1474
36980829	1474
36981012	1474
36981151	1474
36981286	1474
36981432	1474
36981555	1474
36981695	1474
36981817	1474
36981940	1474
36982066	1474
36982187	1474
36982592	1474
36982755	1474
36982879	1474
36983003	1474
36983130	1474
37021482	1474
37513126	1474
37513309	1474
37513477	1474
37513812	1474
37513941	1474
37514080	1474
37514280	1474
37514415	1474
37514700	1474
37514981	1474
37515132	1474
37515371	1474
37515500	1474
37515630	1474
37515752	1474
37515895	1474
37516038	1474
38312838	1474
38313089	1474
38313317	1474
38313471	1474
38313594	1474
38313881	1474
38314008	1474
38314150	1474
38314309	1474
38314431	1474
38314550	1474
38314683	1474
38314803	1474
38314943	1474
38315060	1474
38315190	1474
38315325	1474
39382557	1474
39382814	1474
39383000	1474
39383261	1474
39383476	1474
39383710	1474
39383887	1474
39384046	1474
39384247	1474
39384469	1474
39384632	1474
39384791	1474
39384950	1474
39385107	1474
39385280	1474
39385439	1474
39385597	1474
39385755	1474
40179813	1474
40180215	1474
40180381	1474
40180667	1474
40180887	1474
40181212	1474
40181381	1474
40181544	1474
40181706	1474
40181866	1474
40182027	1474
40182202	1474
40182363	1474
40182522	1474
40182684	1474
40182844	1474
40183005	1474
40979658	1474
40980059	1474
40980247	1474
40980558	1474
40980773	1474
40981173	1474
40981449	1474
40981642	1474
40981828	1474
40982017	1474
40982181	1474
40982342	1474
40982501	1474
40982660	1474
40982823	1474
40982984	1474
40983156	1474
40983319	1474
41779648	1474
41779858	1474
41780228	1474
41780485	1474
41780813	1474
41780978	1474
41781182	1474
41781417	1474
41781583	1474
41781746	1474
41781911	1474
41782088	1474
41782254	1474
41782417	1474
41782586	1474
41782748	1474
41782912	1474
41783089	1474
42579421	1474
42579695	1474
42579859	1474
42580036	1474
42580327	1474
42580600	1474
42580834	1474
42581077	1474
42581279	1474
42581469	1474
42581632	1474
42581794	1474
42581968	1474
42582133	1474
42582295	1474
42582455	1474
42582641	1474
42582970	1474
43379535	1474
43379815	1474
43379981	1474
43380167	1474
43380477	1474
43380701	1474
43380955	1474
43381305	1474
43381526	1474
43381696	1474
43381870	1474
43382034	1474
43382195	1474
43382358	1474
43382520	1474
43382683	1474
43382854	1474
44179056	1474
44179510	1474
44179698	1474
44179911	1474
44180130	1474
44180458	1474
44180678	1474
44181413	1474
44181645	1474
44181821	1474
44181983	1474
44182142	1474
44182303	1474
44182463	1474
44182621	1474
44182781	1474
44182955	1474
44980639	1474
44981019	1474
44981186	1474
44981346	1474
44981504	1474
44981662	1474
44981842	1474
44982002	1474
44982160	1474
44982317	1474
44982495	1474
44982655	1474
44982824	1474
44982984	1474
44983143	1474
44983300	1474
44983459	1474
44983665	1474
45779417	1474
45779731	1474
45779866	1474
45780015	1474
45780156	1474
45780307	1474
45780722	1474
45781471	1474
45781605	1474
45781819	1474
45781948	1474
45782080	1474
45782225	1474
45782348	1474
45782489	1474
45782629	1474
45782759	1474
45782884	1474
46578693	1474
46579039	1474
46579164	1474
46579307	1474
46579429	1474
46579554	1474
46579696	1474
46579821	1474
46579956	1474
46580107	1474
46580469	1474
46580995	1474
46581128	1474
46581350	1474
46581491	1474
46581613	1474
46581776	1474
47383057	1474
47383204	1474
47383329	1474
47383487	1474
47383622	1474
47383782	1474
47383995	1474
47384117	1474
47384242	1474
47384396	1474
47384622	1474
47384756	1474
47384886	1474
47385010	1474
47385137	1474
47385262	1474
47385382	1474
47385520	1474
48178741	1474
48179007	1474
48179173	1474
48179333	1474
48179493	1474
48179676	1474
48179840	1474
48180084	1474
48180303	1474
48180587	1474
48180880	1474
48181053	1474
48181213	1474
48181379	1474
48181539	1474
48181716	1474
48181880	1474
48182041	1474
48978747	1474
48979044	1474
48979188	1474
48979306	1474
48979429	1474
48979548	1474
48979687	1474
48979924	1474
48980052	1474
48980395	1474
48980703	1474
48980824	1474
48980941	1474
48981066	1474
48981187	1474
48981307	1474
48981423	1474
48981541	1474
49778523	1474
49778809	1474
49778985	1474
49779106	1474
49779230	1474
49779468	1474
49779601	1474
49779722	1474
49779843	1474
49779964	1474
49780082	1474
49780202	1474
49780321	1474
49780484	1474
49780636	1474
49780762	1474
49780880	1474
50580301	1474
50580695	1474
50580825	1474
50580983	1474
50581111	1474
50581441	1474
50581586	1474
50581732	1474
50581875	1474
50581996	1474
50582136	1474
50582257	1474
50582380	1474
50582497	1474
50582631	1474
50582754	1474
50582894	1474
50583016	1474
51379453	1474
51379771	1474
51379941	1474
51380066	1474
51380190	1474
51380333	1474
51380509	1474
51380644	1474
51380768	1474
51380891	1474
51381038	1474
51381159	1474
51381293	1474
51381438	1474
51381575	1474
51381710	1474
51381860	1474
51381980	1474
52178757	1474
52179074	1474
52179204	1474
52179344	1474
52179486	1474
52179607	1474
52179729	1474
52179849	1474
52179990	1474
52180109	1474
52180227	1474
52180476	1474
52180616	1474
52180763	1474
52180886	1474
52181024	1474
52181149	1474
53244959	1474
53245188	1474
53245436	1474
53245561	1474
53245686	1474
53245991	1474
53246165	1474
53246315	1474
53246962	1474
53247257	1474
53247391	1474
53247511	1474
53247633	1474
53247775	1474
53247910	1474
53248032	1474
53248164	1474
53248303	1474
54044659	1474
54044856	1474
54045072	1474
54045198	1474
54045332	1474
54045449	1474
54045568	1474
54045686	1474
54045805	1474
54046057	1474
54046184	1474
54046433	1474
54046553	1474
54046778	1474
54046899	1474
54047017	1474
54047134	1474
54844671	1474
54844949	1474
54845153	1474
54845457	1474
54845585	1474
54845810	1474
54845980	1474
54846104	1474
54846517	1474
54846639	1474
54846756	1474
54846876	1474
54846997	1474
54847117	1474
54847424	1474
54847559	1474
54847685	1474
54847807	1474
55644395	1474
55644791	1474
55644914	1474
55645044	1474
55645181	1474
55645302	1474
55645433	1474
55645629	1474
55645782	1474
55646018	1474
55646155	1474
55646858	1474
55647148	1474
55647274	1474
55647413	1474
55647536	1474
55647671	1474
55647809	1474
56444688	1474
56444971	1474
56445187	1474
56445321	1474
56445459	1474
56445710	1474
56445887	1474
56446027	1474
56446449	1474
56446598	1474
56446820	1474
56446960	1474
56447118	1474
56447240	1474
56447366	1474
56447502	1474
56447623	1474
56447747	1474
57244506	1474
57244809	1474
57244930	1474
57245083	1474
57245201	1474
57245459	1474
57245589	1474
57245723	1474
57245865	1474
57245986	1474
57246138	1474
57246257	1474
57246381	1474
57246498	1474
57246618	1474
57246743	1474
57246892	1474
58044495	1474
58044828	1474
58044962	1474
58045110	1474
58045246	1474
58045364	1474
58045498	1474
58045617	1474
58045742	1474
58045886	1474
58046022	1474
58046159	1474
58046297	1474
58046416	1474
58046545	1474
58046672	1474
58046807	1474
58046930	1474
58844319	1474
58844626	1474
58844746	1474
58844874	1474
58844996	1474
58845116	1474
58845259	1474
58845556	1474
58845683	1474
58846230	1474
58846370	1474
58846549	1474
58846670	1474
58846790	1474
58846924	1474
58847046	1474
58847166	1474
59644267	1474
59644645	1474
59644919	1474
59645136	1474
59645365	1474
59645616	1474
59645840	1474
59646008	1474
59646499	1474
59646707	1474
59646877	1474
59647036	1474
59647198	1474
59647357	1474
59647518	1474
59647677	1474
59647849	1474
59648009	1474
60444341	1474
60444622	1474
60444799	1474
60444968	1474
60445166	1474
60445386	1474
60445560	1474
60445811	1474
60446148	1474
60446337	1474
60446501	1474
60446660	1474
60446827	1474
60446990	1474
60447149	1474
60447309	1474
60447488	1474
61244189	1474
61244452	1474
61244618	1474
61244820	1474
61245043	1474
61245225	1474
61245386	1474
61245547	1474
61245707	1474
61245881	1474
61246041	1474
61246201	1474
61246361	1474
61246520	1474
61246679	1474
61246852	1474
61247013	1474
62045644	1474
62045896	1474
62046072	1474
62046266	1474
62046500	1474
62046689	1474
62046854	1474
62047013	1474
62047177	1474
62047337	1474
62047498	1474
62047658	1474
62047835	1474
62047994	1474
62048157	1474
62048315	1474
62048534	1474
62048709	1474
62844510	1474
62844741	1474
62844929	1474
62845131	1474
62845351	1474
62845550	1474
62846007	1474
62846200	1474
62846366	1474
62846525	1474
62846695	1474
62846858	1474
62847018	1474
62847181	1474
62847340	1474
62847500	1474
62847669	1474
63643512	1474
63643890	1474
63644061	1474
63644297	1474
63644605	1474
63644867	1474
63645083	1474
63645254	1474
63645697	1474
63646041	1474
63646210	1474
63646374	1474
63646535	1474
63646717	1474
63646878	1474
63647041	1474
63647201	1474
63647362	1474
64443673	1474
64443893	1474
64444058	1474
64444289	1474
64444570	1474
64444777	1474
64444994	1474
64445272	1474
64445559	1474
64446057	1474
64446221	1474
64446382	1474
64446553	1474
64446714	1474
64446874	1474
64447032	1474
64447192	1474
65243591	1474
65243816	1474
65243980	1474
65244149	1474
65244442	1474
65244762	1474
65244980	1474
65245457	1474
65245667	1474
65245835	1474
65245997	1474
65246158	1474
65246320	1474
65246487	1474
65246649	1474
65246829	1474
65246992	1474
66043598	1474
66043893	1474
66044061	1474
66044302	1474
66044635	1474
66044854	1474
66045029	1474
66045529	1474
66045700	1474
66045862	1474
66046023	1474
66046183	1474
66046344	1474
66046517	1474
66046679	1474
66046838	1474
66046999	1474
66047162	1474
66843465	1474
66843720	1474
66843886	1474
66844101	1474
66844482	1474
66844726	1474
66844892	1474
66845329	1474
66845646	1474
66845811	1474
66845969	1474
66846132	1474
66846291	1474
66846462	1474
66846624	1474
66846785	1474
66846943	1474
66847104	1474
67644112	1474
67644877	1474
67645211	1474
67645461	1474
67646035	1474
67646238	1474
67646416	1474
67646580	1474
67646742	1474
67646904	1474
67647067	1474
67647249	1474
67647429	1474
67647594	1474
67647756	1474
67647918	1474
67648080	1474
68442853	1474
68443190	1474
68443627	1474
68443866	1474
68444128	1474
68444303	1474
68444619	1474
68444833	1474
68445461	1474
68445701	1474
68445953	1474
68446120	1474
68446291	1474
68446455	1474
68446615	1474
68446776	1474
68446935	1474
68447097	1474
69243465	1474
69243717	1474
69243906	1474
69244160	1474
69244424	1474
69244731	1474
69245075	1474
69245272	1474
69245461	1474
69245711	1474
69245873	1474
69246054	1474
69246220	1474
69246398	1474
69246558	1474
69246720	1474
69246883	1474
69247043	1474
70043153	1474
70043450	1474
70046558	1474
70046781	1474
70047046	1474
70047456	1474
70047664	1474
70047952	1474
70048135	1474
70048352	1474
70048575	1474
70048773	1474
70048941	1474
70049101	1474
70049268	1474
70049430	1474
70049589	1474
70843073	1474
70843473	1474
70843663	1474
70843791	1474
70843939	1474
70844064	1474
70844418	1474
70845454	1474
70845585	1474
70845735	1474
70845859	1474
70845980	1474
70846101	1474
70846247	1474
70846369	1474
70846500	1474
70846632	1474
71642649	1474
71643079	1474
71643263	1474
71643392	1474
71643514	1474
71643639	1474
71643780	1474
71643910	1474
71644063	1474
71645181	1474
71645373	1474
71645536	1474
71645676	1474
71645799	1474
71645945	1474
71646128	1474
71646267	1474
72443670	1474
72443980	1474
72444133	1474
72444302	1474
72444487	1474
72444610	1474
72444736	1474
72444957	1474
72445097	1474
72446400	1474
72446530	1474
72446681	1474
72446803	1474
72446924	1474
72447045	1474
72447192	1474
72447315	1474
72447459	1474
73243031	1474
73243354	1474
73243477	1474
73243598	1474
73243741	1474
73243866	1474
73243992	1474
73244164	1474
73244443	1474
73244717	1474
73244852	1474
73245090	1474
73245220	1474
73245356	1474
73245501	1474
73245623	1474
73245768	1474
73245889	1474
74309413	1474
74309650	1474
74309815	1474
74310087	1474
74310259	1474
74310509	1474
74310889	1474
74311622	1474
74311820	1474
74312006	1474
74312167	1474
74312327	1474
74312541	1474
74312710	1474
74312871	1474
74313073	1474
74313312	1474
74313476	1474
75110004	1474
75110341	1474
75110464	1474
75110578	1474
75110697	1474
75110831	1474
75110960	1474
75111084	1474
75111206	1474
75111319	1474
75111441	1474
75111562	1474
75111707	1474
75111829	1474
75111964	1474
75112111	1474
75112234	1474
75112446	1474
75909318	1474
75909639	1474
75909764	1474
75909905	1474
75910058	1474
75910182	1474
75910309	1474
75910607	1474
75910741	1474
75911506	1474
75911658	1474
75911800	1474
75911940	1474
75912076	1474
75912199	1474
75912348	1474
75912548	1474
75912676	1474
76709089	1474
76709410	1474
76709551	1474
76709686	1474
76709832	1474
76709988	1474
76710326	1474
76710627	1474
76710767	1474
76711467	1474
76711599	1474
76711843	1474
76711968	1474
76712107	1474
76712232	1474
76712385	1474
76712593	1474
76712716	1474
77509111	1474
77509468	1474
77509611	1474
77509761	1474
77509886	1474
77510136	1474
77510463	1474
77510596	1474
77511422	1474
77511560	1474
77511701	1474
77511838	1474
77511979	1474
77512101	1474
77512224	1474
77512368	1474
77512552	1474
77512675	1474
78308823	1474
78309010	1474
78309149	1474
78309287	1474
78309410	1474
78309537	1474
78309961	1474
78310186	1474
78310333	1474
78311008	1474
78311151	1474
78311291	1474
78311413	1474
78311537	1474
78311680	1474
78311813	1474
78311941	1474
79109415	1474
79109729	1474
79109850	1474
79109968	1474
79110086	1474
79110207	1474
79110416	1474
79110543	1474
79110782	1474
79110894	1474
79111052	1474
79111170	1474
79111285	1474
79111404	1474
79111523	1474
79111642	1474
79111771	1474
79908566	1474
79908961	1474
79909093	1474
79909228	1474
79909350	1474
79909489	1474
79909629	1474
79909978	1474
79910247	1474
79910363	1474
79910636	1474
79910769	1474
79910902	1474
79911022	1474
79911160	1474
79911281	1474
79911415	1474
80708892	1474
80709078	1474
80709241	1474
80709408	1474
80709685	1474
80709903	1474
80710118	1474
80710348	1474
80710534	1474
80710700	1474
80710862	1474
80711046	1474
80711209	1474
80711371	1474
80711540	1474
80711726	1474
80711891	1474
81508960	1474
81509278	1474
81509460	1474
81509662	1474
81509884	1474
81510480	1474
81510681	1474
81510865	1474
81511027	1474
81511191	1474
81511353	1474
81511524	1474
81511710	1474
81511878	1474
81512059	1474
81512224	1474
81512386	1474
82308579	1474
82308888	1474
82309055	1474
82309253	1474
82309586	1474
82309854	1474
82310419	1474
82310621	1474
82310793	1474
82310957	1474
82311120	1474
82311282	1474
82311455	1474
82311668	1474
82311830	1474
82311993	1474
82312174	1474
83108315	1474
83108535	1474
83108662	1474
83108782	1474
83108917	1474
83109039	1474
83109183	1474
83109308	1474
83109442	1474
83109697	1474
83109829	1474
83110403	1474
83110550	1474
83110677	1474
83110816	1474
83110940	1474
83111066	1474
83111192	1474
83908500	1474
83908665	1474
83908787	1474
83908906	1474
83909030	1474
83909152	1474
83909276	1474
83909572	1474
83909703	1474
83909935	1474
83910060	1474
83910249	1474
83910454	1474
83910577	1474
83910698	1474
83910815	1474
83910936	1474
83911048	1474
84707935	1474
84708160	1474
84708310	1474
84708490	1474
84708613	1474
84708758	1474
84708951	1474
84709073	1474
84709193	1474
84709420	1474
84709547	1474
84709847	1474
84710006	1474
84710126	1474
84710245	1474
84710391	1474
84710509	1474
84710627	1474
85508358	1474
85508561	1474
85508685	1474
85508805	1474
85508936	1474
85509080	1474
85509277	1474
85509427	1474
85509627	1474
85509901	1474
85510049	1474
85510169	1474
85510301	1474
85510420	1474
85510536	1474
85510653	1474
85510768	1474
85510886	1474
86308148	1474
86308521	1474
86308659	1474
86308800	1474
86308939	1474
86309059	1474
86309189	1474
86309316	1474
86309501	1474
86309772	1474
86310296	1474
86310420	1474
86310543	1474
86310682	1474
86310839	1474
86310961	1474
86311081	1474
87108176	1474
87108523	1474
87108640	1474
87108771	1474
87108895	1474
87109028	1474
87109152	1474
87109283	1474
87109550	1474
87109680	1474
87110281	1474
87110420	1474
87110538	1474
87110661	1474
87110785	1474
87110909	1474
87908168	1474
87908396	1474
87908571	1474
87908704	1474
87908824	1474
87908940	1474
87909074	1474
87909221	1474
87909447	1474
87909580	1474
87910196	1474
87910436	1474
87910560	1474
87910693	1474
87910817	1474
87910951	1474
88707352	1474
88707612	1474
88707738	1474
88707861	1474
88707985	1474
88708127	1474
88708248	1474
88708440	1474
88708585	1474
88708705	1474
88708833	1474
88709101	1474
88709268	1474
88709710	1474
88710009	1474
88710152	1474
88710276	1474
88710398	1474
89507562	1474
89507841	1474
89507967	1474
89508098	1474
89508216	1474
89508396	1474
89508552	1474
89508766	1474
89508902	1474
89509030	1474
89509151	1474
89509291	1474
89509410	1474
89509553	1474
89509723	1474
89509846	1474
89509966	1474
89510095	1474
90307825	1474
90308185	1474
90308409	1474
90308536	1474
90308672	1474
90308987	1474
90309117	1474
90309238	1474
90309360	1474
90309481	1474
90309634	1474
90309757	1474
90309892	1474
90310029	1474
90310163	1474
90310285	1474
90310439	1474
90310560	1474
91107525	1474
91107795	1474
91107998	1474
91108129	1474
91108345	1474
91108521	1474
91108657	1474
91108781	1474
91108943	1474
91109089	1474
91109209	1474
91109331	1474
91109452	1474
91109593	1474
91109714	1474
91109850	1474
91109986	1474
91110109	1474
91907577	1474
91907815	1474
91907964	1474
91908087	1474
91908212	1474
91908453	1474
91908741	1474
91908879	1474
91909021	1474
91909165	1474
91909287	1474
91909409	1474
91909551	1474
91909679	1474
91909800	1474
91910052	1474
91910219	1474
91910342	1474
92709240	1474
92709473	1474
92709606	1474
92709754	1474
92709893	1474
92710172	1474
92710423	1474
92710543	1474
92710663	1474
92710800	1474
92710921	1474
92711056	1474
92711175	1474
92711302	1474
92711422	1474
92711559	1474
93507369	1474
93507526	1474
93507826	1474
93507953	1474
93508084	1474
93508420	1474
93508548	1474
93508663	1474
93508793	1474
93508913	1474
93509038	1474
93509177	1474
93509313	1474
93509432	1474
93509574	1474
93509739	1474
93509888	1474
94307238	1474
94307398	1474
94307623	1474
94307757	1474
94307901	1474
94308041	1474
94308307	1474
94308434	1474
94308636	1474
94308775	1474
94308914	1474
94309071	1474
94309191	1474
94309331	1474
94309451	1474
94309596	1474
95107199	1474
95107502	1474
95107693	1474
95107855	1474
95108017	1474
95108173	1474
95108332	1474
95108542	1474
95108721	1474
95108882	1474
95109040	1474
95109203	1474
95109360	1474
95109520	1474
95109691	1474
95109856	1474
95910262	1474
95910428	1474
95910592	1474
95910786	1474
95910954	1474
95911119	1474
95911278	1474
95911443	1474
95911603	1474
95911777	1474
95911936	1474
95912100	1474
95912259	1474
95912471	1474
95912648	1474
95912814	1474
95912975	1474
95913161	1474
96710381	1474
96710547	1474
96710929	1474
96711151	1474
96711422	1474
96711592	1474
96711758	1474
96711919	1474
96712085	1474
96712247	1474
96712413	1474
96712632	1474
96712802	1474
96712965	1474
96713131	1474
96713291	1474
96713454	1474
96713623	1474
97510724	1474
97510893	1474
97511053	1474
97511259	1474
97511476	1474
97511760	1474
97511923	1474
97512106	1474
97512268	1474
97512475	1474
97512656	1474
97512823	1474
97512983	1474
97513148	1474
97513307	1474
97513471	1474
97513650	1474
97513880	1474
98313770	1474
98313988	1474
98314255	1474
98314479	1474
98314680	1474
98314842	1474
98315003	1474
98315163	1474
98315323	1474
98315493	1474
98315653	1474
98315814	1474
98315975	1474
98316134	1474
98316293	1474
98316510	1474
98316680	1474
99106595	1474
99106849	1474
99107017	1474
99107219	1474
99107458	1474
99107721	1474
99107886	1474
99108047	1474
99108207	1474
99108368	1474
99108594	1474
99108764	1474
99108925	1474
99109086	1474
99109247	1474
99109418	1474
99109579	1474
99909499	1474
99909770	1474
99910029	1474
99910263	1474
99910574	1474
99910752	1474
99910913	1474
99911073	1474
99911236	1474
99911397	1474
99911570	1474
99911731	1474
99911891	1474
99912051	1474
99912211	1474
99912372	1474
99912599	1474
99912785	1474
100706897	1474
100708170	1474
100708544	1474
100708714	1474
100708876	1474
100709041	1474
100709205	1474
100709468	1474
100709685	1474
100709857	1474
100710020	1474
100710181	1474
100710350	1474
100710519	1474
100710719	1474
100710905	1474
100711100	1474
100711282	1474
101509927	1474
101510098	1474
101510271	1474
101510533	1474
101510752	1474
101510984	1474
101511154	1474
101511327	1474
101511487	1474
101511654	1474
101511815	1474
101511981	1474
101512142	1474
101512315	1474
101512526	1474
101512703	1474
101512865	1474
102310236	1474
102310405	1474
102310573	1474
102310827	1474
102311046	1474
102311383	1474
102311548	1474
102311734	1474
102311898	1474
102312065	1474
102312237	1474
102312404	1474
102312613	1474
102312860	1474
102313067	1474
102313245	1474
102313500	1474
102313717	1474
103106583	1474
103106883	1474
103107098	1474
103107272	1474
103107436	1474
103107599	1474
103107764	1474
103107925	1474
103108089	1474
103108259	1474
103108474	1474
103108644	1474
103108807	1474
103108975	1474
103109223	1474
103109460	1474
103109682	1474
103909527	1474
103909691	1474
103909851	1474
103910096	1474
103910326	1474
103910532	1474
103910698	1474
103910859	1474
103911020	1474
103911188	1474
103911352	1474
103911511	1474
103911674	1474
103911835	1474
103911995	1474
103912164	1474
103912327	1474
103912535	1474
104706226	1474
104706574	1474
104706745	1474
104706908	1474
104707122	1474
104707340	1474
104707664	1474
104707827	1474
104707990	1474
104708157	1474
104708319	1474
104708529	1474
104708702	1474
104708867	1474
104709026	1474
104709197	1474
104709359	1474
104709523	1474
105506738	1474
105507352	1474
105507491	1474
105507632	1474
105507772	1474
105507911	1474
105508072	1474
105508309	1474
105508518	1474
105508646	1474
105508771	1474
105508892	1474
105509016	1474
105509128	1474
105509247	1474
105509365	1474
105509495	1474
106305715	1474
106306002	1474
106306170	1474
106306368	1474
106306595	1474
106306810	1474
106307045	1474
106307210	1474
106307371	1474
106307532	1474
106307712	1474
106307875	1474
106308052	1474
106308213	1474
106308372	1474
106308582	1474
106308753	1474
106308914	1474
107109605	1474
107109774	1474
107109945	1474
107110199	1474
107110413	1474
107110641	1474
107110802	1474
107110972	1474
107111134	1474
107111295	1474
107111457	1474
107111620	1474
107111782	1474
107111954	1474
107112120	1474
107112282	1474
107112490	1474
107905982	1474
107906303	1474
107906469	1474
107906667	1474
107906920	1474
107907154	1474
107907320	1474
107907482	1474
107907646	1474
107907810	1474
107907989	1474
107908152	1474
107908314	1474
107908528	1474
107908706	1474
107908878	1474
107909042	1474
107909205	1474
108705857	1474
108706138	1474
108706308	1474
108706507	1474
108706741	1474
108707048	1474
108707215	1474
108707377	1474
108707538	1474
108707700	1474
108707872	1474
108708035	1474
108708197	1474
108708360	1474
108708575	1474
108708745	1474
108708922	1474
109505539	1474
109505761	1474
109505932	1474
109506113	1474
109506278	1474
109506424	1474
109506566	1474
109506717	1474
109506863	1474
109507007	1474
109507149	1474
109507293	1474
109507436	1474
109507580	1474
109507731	1474
109507875	1474
110305901	1474
110306139	1474
110306305	1474
110306498	1474
110306746	1474
110306978	1474
110307164	1474
110307329	1474
110307492	1474
110307654	1474
110307828	1474
110307993	1474
110308155	1474
110308317	1474
110308527	1474
110308696	1474
110308877	1474
111105901	1474
111106128	1474
111106292	1474
111106455	1474
111106673	1474
111106892	1474
111107132	1474
111107297	1474
111107461	1474
111107624	1474
111107800	1474
111107963	1474
111108125	1474
111108288	1474
111108527	1474
111108713	1474
111108877	1474
111109039	1474
111909122	1474
111909331	1474
111909494	1474
111909693	1474
111909911	1474
111910150	1474
111910334	1474
111910498	1474
111910667	1474
111910830	1474
111910987	1474
111911146	1474
111911304	1474
111911465	1474
111911644	1474
111911809	1474
111911969	1474
111912128	1474
112705330	1474
112705513	1474
112705664	1474
112705801	1474
112705924	1474
112706067	1474
112706189	1474
112706315	1474
112706457	1474
112706586	1474
112706726	1474
112706883	1474
112707007	1474
112707128	1474
112707274	1474
112707394	1474
112707534	1474
113505809	1474
113506065	1474
113506193	1474
113506322	1474
113506442	1474
113506625	1474
113506758	1474
113506873	1474
113506993	1474
113507133	1474
113507254	1474
113507386	1474
113507512	1474
113507624	1474
113507745	1474
113507866	1474
113507988	1474
114305323	1474
114305484	1474
114305676	1474
114305795	1474
114305914	1474
114306142	1474
114306267	1474
114306384	1474
114306519	1474
114306637	1474
114306754	1474
114306872	1474
114306990	1474
114307108	1474
114307227	1474
114307344	1474
114307477	1474
115105261	1474
115105430	1474
115105617	1474
115105737	1474
115105852	1474
115105972	1474
115106121	1474
115106321	1474
115106452	1474
115106568	1474
115106685	1474
115106800	1474
115106914	1474
115107029	1474
115107144	1474
115107259	1474
115107375	1474
115107505	1474
115905771	1474
115905982	1474
115906103	1474
115906219	1474
115906334	1474
115906464	1474
115906581	1474
115906697	1474
115906812	1474
115906926	1474
115907042	1474
115907157	1474
115907273	1474
115907398	1474
115907516	1474
115907632	1474
115907782	1474
116704754	1474
116705010	1474
116705173	1474
116705369	1474
116705583	1474
116705768	1474
116705930	1474
116706090	1474
116706250	1474
116706427	1474
116706589	1474
116706748	1474
116706906	1474
116707066	1474
116707224	1474
116707391	1474
116707553	1474
116707711	1474
117771441	1474
117771713	1474
117771945	1474
117772110	1474
117772283	1474
117772493	1474
117772662	1474
117772824	1474
117772986	1474
117773147	1474
117773325	1474
117773490	1474
117773654	1474
117773817	1474
117773979	1474
117774163	1474
117774344	1474
117774506	1474
118575884	1474
118576046	1474
118576215	1474
118576378	1474
118576615	1474
118576880	1474
118577044	1474
118577215	1474
118577385	1474
118577545	1474
118577705	1474
118577866	1474
118578025	1474
118578193	1474
118578356	1474
118578519	1474
118578681	1474
118578840	1474
119375126	1474
119375304	1474
119375468	1474
119375723	1474
119375943	1474
119376164	1474
119376328	1474
119376536	1474
119376710	1474
119376870	1474
119377034	1474
119377204	1474
119377373	1474
119377534	1474
119377697	1474
119377856	1474
119378023	1474
119378213	1474
120170740	1474
120171056	1474
120171251	1474
120171469	1474
120171691	1474
120171931	1474
120172095	1474
120172267	1474
120172478	1474
120172688	1474
120172851	1474
120173011	1474
120173181	1474
120173342	1474
120173505	1474
120173665	1474
120173828	1474
120173988	1474
120976061	1474
120976242	1474
120976403	1474
120976743	1474
120976962	1474
120977177	1474
120977343	1474
120977503	1474
120977665	1474
120977846	1474
120978011	1474
120978187	1474
120978353	1474
120978513	1474
120978675	1474
120978836	1474
120978999	1474
120979195	1474
121770987	1474
121771363	1474
121771593	1474
121771787	1474
121772004	1474
121772212	1474
121772377	1474
121772600	1474
121772821	1474
121772990	1474
121773167	1474
121773334	1474
121773495	1474
121773661	1474
121773822	1474
121773986	1474
121774165	1474
122571459	1474
122571680	1474
122571873	1474
122572092	1474
122572258	1474
122572472	1474
122572642	1474
122572805	1474
122572969	1474
122573146	1474
122573305	1474
122573472	1474
122573654	1474
122573822	1474
122573992	1474
122574160	1474
122574321	1474
123373668	1474
123373831	1474
123374005	1474
123374170	1474
123374378	1474
123374596	1474
123374873	1474
123375054	1474
123375219	1474
123375380	1474
123375544	1474
123375705	1474
123375869	1474
123376048	1474
123376212	1474
123376426	1474
123376598	1474
123376759	1474
124170772	1474
124171019	1474
124171194	1474
124171354	1474
124171606	1474
124171831	1474
124172191	1474
124172365	1474
124172575	1474
124172748	1474
124172923	1474
124173083	1474
124173240	1474
124173397	1474
124173555	1474
124173712	1474
124173877	1474
124174035	1474
124976482	1474
124976647	1474
124976817	1474
124977067	1474
124977280	1474
124977452	1474
124977611	1474
124977771	1474
124977944	1474
124978102	1474
124978261	1474
124978419	1474
124978577	1474
124978738	1474
124978913	1474
124979107	1474
124979265	1474
124979423	1474
125770618	1474
125770971	1474
125771092	1474
125771204	1474
125771361	1474
125771484	1474
125771712	1474
125771836	1474
125771968	1474
125772084	1474
125772201	1474
125772335	1474
125772486	1474
125772605	1474
125772720	1474
125772837	1474
125772965	1474
125773081	1474
126840006	1474
126840134	1474
126840254	1474
126840447	1474
126840693	1474
126840828	1474
126840951	1474
126841070	1474
126841200	1474
126841320	1474
126841443	1474
126841566	1474
126841702	1474
126841827	1474
126841951	1474
126842070	1474
126842201	1474
126842319	1474
127637008	1474
127637375	1474
127637493	1474
127637612	1474
127637730	1474
127637861	1474
127637997	1474
127638218	1474
127638349	1474
127638852	1474
127638982	1474
127639126	1474
127639248	1474
127639380	1474
127639500	1474
127639624	1474
127639745	1474
127639874	1474
128436867	1474
128437204	1474
128437335	1474
128437496	1474
128437617	1474
128437742	1474
128437862	1474
128438131	1474
128438259	1474
128439048	1474
128439185	1474
128439327	1474
128439480	1474
128439600	1474
128439720	1474
128439844	1474
128439964	1474
128440086	1474
129241006	1474
129241173	1474
129241336	1474
129241585	1474
129241804	1474
129241995	1474
129242161	1474
129242324	1474
129242486	1474
129242663	1474
129242826	1474
129242988	1474
129243151	1474
129243313	1474
129243474	1474
129243651	1474
129243816	1474
129770175	1474
129770468	1474
129770596	1474
129770732	1474
129770852	1474
129770973	1474
129771093	1474
129771215	1474
129771336	1474
129771457	1474
129771589	1474
129771723	1474
129771843	1474
129771964	1474
129772083	1474
129772204	1474
130569672	1474
130569961	1474
130570086	1474
130570206	1474
130570328	1474
130570485	1474
130570629	1474
130570747	1474
130570871	1474
130570989	1474
130571106	1474
130571240	1474
130571379	1474
130571495	1474
130571646	1474
130571763	1474
130571880	1474
131372787	1474
131373102	1474
131373223	1474
131373347	1474
131373468	1474
131373622	1474
131373743	1474
131373870	1474
131373986	1474
131374101	1474
131374252	1474
131374512	1474
131374649	1474
131374773	1474
131374923	1474
131375042	1474
131375161	1474
132170041	1474
132170227	1474
132170358	1474
132170495	1474
132170619	1474
132170856	1474
132170987	1474
132171110	1474
132171229	1474
132171349	1474
132171466	1474
132171597	1474
132171735	1474
132171855	1474
132171975	1474
132172096	1474
132172217	1474
132172368	1474
133238789	1474
133238911	1474
133239045	1474
133239162	1474
133239283	1474
133239398	1474
133239530	1474
133239649	1474
133239785	1474
133239904	1474
133240017	1474
133240137	1474
133240258	1474
133240521	1474
133240649	1474
133240790	1474
133240932	1474
133241053	1474
134038502	1474
134038624	1474
134038743	1474
134038863	1474
134038984	1474
134039102	1474
134039222	1474
134039341	1474
134039477	1474
134039597	1474
134039718	1474
134039861	1474
134039984	1474
134040104	1474
134040226	1474
134040380	1474
134040559	1474
134040680	1474
134839076	1474
134839213	1474
134839344	1474
134839467	1474
134839588	1474
134839709	1474
134839841	1474
134839964	1474
134840087	1474
134840229	1474
134840398	1474
134840523	1474
134840660	1474
134840782	1474
134840928	1474
134841047	1474
134841216	1474
135635769	1474
135636014	1474
135636248	1474
135636492	1474
135636624	1474
135636897	1474
135637025	1474
135637154	1474
135637298	1474
135637424	1474
135637565	1474
135637684	1474
135637818	1474
135637937	1474
135638057	1474
135638172	1474
135638317	1474
135638439	1474
136436091	1474
136436403	1474
136436529	1474
136436651	1474
136436821	1474
136436944	1474
136437081	1474
136437197	1474
136437327	1474
136437456	1474
136437646	1474
136437771	1474
136438157	1474
136438302	1474
136438424	1474
136438545	1474
136438668	1474
136438787	1474
137235455	1474
137235689	1474
137235918	1474
137236047	1474
137236202	1474
137236939	1474
137237070	1474
137237222	1474
137237365	1474
137237484	1474
137237624	1474
137237791	1474
137237915	1474
137238054	1474
137238182	1474
137238305	1474
137238423	1474
137238542	1474
138038032	1474
138038164	1474
138038276	1474
138038394	1474
138038515	1474
138038866	1474
138038993	1474
138039136	1474
138039264	1474
138039408	1474
138039526	1474
138039651	1474
138039770	1474
138039892	1474
138040010	1474
138040136	1474
138040260	1474
138040416	1474
138838648	1474
138838783	1474
138838903	1474
138839050	1474
138839184	1474
138839316	1474
138839439	1474
138839565	1474
138839679	1474
138839795	1474
138839937	1474
138840059	1474
138840188	1474
138840334	1474
138840501	1474
138840618	1474
139635581	1474
139635851	1474
139635992	1474
139636115	1474
139636234	1474
139636430	1474
139636567	1474
139636689	1474
139636809	1474
139636950	1474
139637074	1474
139637215	1474
139637336	1474
139637473	1474
139637588	1474
139637708	1474
139637842	1474
139638004	1474
140440053	1474
140440178	1474
140440332	1474
140440512	1474
140440663	1474
140440923	1474
140441045	1474
140441168	1474
140441292	1474
140441416	1474
140441564	1474
140441824	1474
140441950	1474
140442087	1474
140442208	1474
140442343	1474
140442463	1474
140442598	1474
141240485	1474
141240645	1474
141240802	1474
141240955	1474
141241175	1474
141241372	1474
141241621	1474
141241785	1474
141241934	1474
141242079	1474
141242228	1474
141242373	1474
141242518	1474
141242664	1474
141242821	1474
141242974	1474
141243121	1474
142038837	1474
142038962	1474
142039099	1474
142039221	1474
142039342	1474
142039465	1474
142039604	1474
142039727	1474
142039862	1474
142039983	1474
142040110	1474
142040234	1474
142040418	1474
142040543	1474
142040660	1474
142040820	1474
142040946	1474
142838693	1474
142838836	1474
142838960	1474
142839096	1474
142839221	1474
142839464	1474
142839595	1474
142839738	1474
142839866	1474
142839999	1474
142840121	1474
142840244	1474
142840393	1474
142840584	1474
142840716	1474
142840878	1474
142840999	1474
142841143	1474
143635125	1474
143635512	1474
143635638	1474
143635761	1474
143635895	1474
143636018	1474
143636142	1474
143636283	1474
143636440	1474
143636569	1474
143636822	1474
143636968	1474
143637105	1474
143637239	1474
143637357	1474
143637483	1474
143637619	1474
144435132	1474
144435487	1474
144435611	1474
144435764	1474
144435889	1474
144436012	1474
144436134	1474
144436257	1474
144436447	1474
144436571	1474
144436701	1474
144436826	1474
144437098	1474
144437227	1474
144437346	1474
144437481	1474
144437602	1474
144437722	1474
145235059	1474
145237635	1474
145238040	1474
145238263	1474
145238392	1474
145238516	1474
145238637	1474
145238800	1474
145238930	1474
145239124	1474
145239421	1474
145239548	1474
145239680	1474
145239875	1474
145240073	1474
145240216	1474
145240393	1474
145240528	1474
146035941	1474
146036292	1474
146036602	1474
146036743	1474
146036898	1474
146037048	1474
146037281	1474
146037406	1474
146037530	1474
146037669	1474
146037795	1474
146037934	1474
146038054	1474
146038194	1474
146038315	1474
146038454	1474
146038577	1474
146038712	1474
147101597	1474
147101951	1474
147102070	1474
147102196	1474
147102318	1474
147102464	1474
147102639	1474
147102792	1474
147103022	1474
147103266	1474
147103553	1474
147103679	1474
147103804	1474
147103946	1474
147104072	1474
147104200	1474
147104342	1474
147104509	1474
147901691	1474
147902043	1474
147902159	1474
147902300	1474
147902420	1474
147902565	1474
147902712	1474
147902835	1474
147902990	1474
147903115	1474
147903235	1474
147903356	1474
147903473	1474
147903609	1474
147903734	1474
147903857	1474
147903981	1474
147904106	1474
148701557	1474
148701907	1474
148702039	1474
148702178	1474
148702300	1474
148702425	1474
148702560	1474
148702689	1474
148702808	1474
148702937	1474
148703056	1474
148703201	1474
148703323	1474
148703469	1474
148703591	1474
148703735	1474
148703858	1474
148703996	1474
149501317	1474
149501583	1474
149501727	1474
149501848	1474
149501988	1474
149502108	1474
149502281	1474
149502410	1474
149502545	1474
149502683	1474
149502804	1474
149502945	1474
149503065	1474
149503209	1474
149503331	1474
149503550	1474
149503677	1474
149503798	1474
150305977	1474
150306196	1474
150306343	1474
150306494	1474
150306723	1474
150306864	1474
150306985	1474
150307125	1474
150307247	1474
150307378	1474
150307498	1474
150307627	1474
150307749	1474
150307870	1474
150307992	1474
150308117	1474
151101868	1474
151102172	1474
151103820	1474
151104683	1474
151105468	1474
151105844	1474
151106144	1474
151106274	1474
151106886	1474
151107013	1474
151107317	1474
151107474	1474
151107614	1474
151107735	1474
151107905	1474
151108034	1474
151108178	1474
151108306	1474
151901061	1474
151901380	1474
151901520	1474
151901640	1474
151901771	1474
151901891	1474
151902031	1474
151902152	1474
151902292	1474
151902418	1474
151902561	1474
151902681	1474
151902806	1474
151902926	1474
151903064	1474
151903185	1474
151903389	1474
152703640	1474
152703948	1474
152704073	1474
152704204	1474
152704345	1474
152704527	1474
152704665	1474
152704947	1474
152705077	1474
152705228	1474
152705353	1474
152705475	1474
152705601	1474
152705728	1474
152705891	1474
152706015	1474
152706135	1474
153501020	1474
153501266	1474
153501432	1474
153501603	1474
153501882	1474
153502109	1474
153502328	1474
153502512	1474
153502704	1474
153502869	1474
153503039	1474
153503205	1474
153503370	1474
153503532	1474
153503698	1474
153503929	1474
153504155	1474
153504329	1474
154300948	1474
154301218	1474
154301385	1474
154301574	1474
154301804	1474
154301989	1474
154302151	1474
154302311	1474
154302470	1474
154302629	1474
154302789	1474
154302949	1474
154303121	1474
154303281	1474
154303439	1474
154303598	1474
154303785	1474
154304018	1474
155100710	1474
155101062	1474
155101184	1474
155101303	1474
155101419	1474
155101538	1474
155101769	1474
155101897	1474
155102012	1474
155102144	1474
155102261	1474
155102380	1474
155102497	1474
155102616	1474
155102738	1474
155102856	1474
155102972	1474
155900594	1474
155900821	1474
155900993	1474
155901179	1474
155901394	1474
155901580	1474
155901761	1474
155901930	1474
155902090	1474
155902246	1474
155902404	1474
155902559	1474
155902716	1474
155902874	1474
155903048	1474
155903204	1474
155903362	1474
155903592	1474
156700411	1474
156700642	1474
156700827	1474
156701033	1474
156701248	1474
156701423	1474
156701584	1474
156701742	1474
156701907	1474
156702065	1474
156702223	1474
156702381	1474
156702539	1474
156702698	1474
156702856	1474
156703026	1474
156703184	1474
156703341	1474
157500936	1474
157501171	1474
157501335	1474
157501497	1474
157501860	1474
157502081	1474
157502306	1474
157502718	1474
157502906	1474
157503097	1474
157503270	1474
157503474	1474
157503695	1474
157503936	1474
157504099	1474
157504262	1474
157504477	1474
157504648	1474
158300899	1474
158301194	1474
158301414	1474
158301933	1474
158302189	1474
158302357	1474
158302550	1474
158302727	1474
158302894	1474
158303057	1474
158303249	1474
158303469	1474
158303662	1474
158303846	1474
158304008	1474
158304170	1474
158304332	1474
158304578	1474
159367190	1474
159367392	1474
159367583	1474
159367948	1474
159368121	1474
159368282	1474
159368533	1474
159368729	1474
159368908	1474
159369070	1474
159369235	1474
159369399	1474
159369561	1474
159369727	1474
159369904	1474
159370065	1474
159370225	1474
159370390	1474
160167457	1474
160167697	1474
160167831	1474
160167947	1474
160168063	1474
160168181	1474
160168319	1474
160168485	1474
160168603	1474
160168715	1474
160168843	1474
160168962	1474
160169078	1474
160169194	1474
160169311	1474
160169428	1474
160169546	1474
160967072	1474
160967258	1474
160967630	1474
160967799	1474
160968076	1474
160968207	1474
160968386	1474
160968518	1474
160968659	1474
160968793	1474
160968923	1474
160969042	1474
160969179	1474
160969298	1474
160969430	1474
160969550	1474
160969661	1474
160969795	1474
161766845	1474
161767027	1474
161767329	1474
161767449	1474
161767711	1474
161767839	1474
161767970	1474
161768112	1474
161768234	1474
161768408	1474
161768536	1474
161768695	1474
161768818	1474
161768940	1474
161769059	1474
161769182	1474
161769303	1474
161769434	1474
162568777	1474
162569003	1474
162569126	1474
162569255	1474
162569379	1474
162569629	1474
162569757	1474
162569890	1474
162570008	1474
162570143	1474
162570260	1474
162570385	1474
162570524	1474
162570660	1474
162570791	1474
162570925	1474
162571046	1474
162571180	1474
163367319	1474
163367551	1474
163367673	1474
163367793	1474
163367912	1474
163368037	1474
163368161	1474
163368452	1474
163368597	1474
163369227	1474
163369454	1474
163369588	1474
163369725	1474
163369865	1474
163369983	1474
163370119	1474
163370269	1474
163370387	1474
164166789	1474
164166965	1474
164167097	1474
164167220	1474
164167350	1474
164167486	1474
164167611	1474
164167882	1474
164168010	1474
164168748	1474
164168964	1474
164169087	1474
164169207	1474
164169327	1474
164169464	1474
164169598	1474
164169716	1474
164169835	1474
164967557	1474
164967738	1474
164967860	1474
164967982	1474
164968103	1474
164968226	1474
164968447	1474
164968605	1474
164968857	1474
164968977	1474
164969238	1474
164969369	1474
164969492	1474
164969612	1474
164969734	1474
164969853	1474
164969971	1474
165766115	1474
165766372	1474
165766685	1474
165766870	1474
165767016	1474
165767318	1474
165767494	1474
165767636	1474
165768225	1474
165768568	1474
165768706	1474
165768826	1474
165768963	1474
165769086	1474
165769222	1474
165769359	1474
165769478	1474
165769599	1474
166566161	1474
166566487	1474
166566604	1474
166566726	1474
166566846	1474
166566996	1474
166567128	1474
166567365	1474
166567495	1474
166568047	1474
166568174	1474
166568552	1474
166568677	1474
166568811	1474
166568930	1474
166569064	1474
166569196	1474
166569402	1474
167366337	1474
167366645	1474
167366820	1474
167366968	1474
167367308	1474
167367687	1474
167367923	1474
167368050	1474
167368166	1474
167368321	1474
167368591	1474
167368716	1474
167368842	1474
167368985	1474
167369107	1474
167369244	1474
167369391	1474
168165560	1474
168165792	1474
168166030	1474
168166155	1474
168166288	1474
168166438	1474
168166678	1474
168166815	1474
168166941	1474
168167119	1474
168167909	1474
168168040	1474
168168344	1474
168168510	1474
168168637	1474
168168757	1474
168168885	1474
168965343	1474
168965564	1474
168965811	1474
168965936	1474
168966066	1474
168966198	1474
168966318	1474
168966438	1474
168966557	1474
168966675	1474
168966797	1474
168966915	1474
168967045	1474
168967186	1474
168967453	1474
168967923	1474
168968171	1474
169765847	1474
169766073	1474
169766216	1474
169766336	1474
169766450	1474
169766562	1474
169766678	1474
169766849	1474
169766985	1474
169767200	1474
169767331	1474
169767585	1474
169767778	1474
169767896	1474
169768011	1474
169768127	1474
169768241	1474
169768393	1474
170566705	1474
170566915	1474
170567032	1474
170567148	1474
170567263	1474
170567378	1474
170567492	1474
170567620	1474
170567848	1474
170567972	1474
170568213	1474
170568336	1474
170568602	1474
170568739	1474
170568853	1474
170568972	1474
170569087	1474
171367132	1474
171367746	1474
171368301	1474
171368996	1474
171370455	1474
171372492	1474
171373923	1474
171375457	1474
171375930	1474
171376215	1474
171376364	1474
171377476	1474
171377627	1474
171379473	1474
171380285	1474
171380466	1474
171381009	1474
171381285	1474
172167057	1474
172167318	1474
172167453	1474
172167571	1474
172167690	1474
172167933	1474
172168060	1474
172168274	1474
172168454	1474
172169321	1474
172169455	1474
172169575	1474
172169691	1474
172169810	1474
172169929	1474
172170047	1474
172170167	1474
172170278	1474
172967163	1474
172967343	1474
172967525	1474
172967641	1474
172967780	1474
172968209	1474
172968497	1474
172969025	1474
172969154	1474
172969296	1474
172969439	1474
172969559	1474
172969678	1474
172969813	1474
172969935	1474
172970055	1474
172970180	1474
174034270	1474
174034546	1474
174034676	1474
174035232	1474
174035472	1474
174035596	1474
174035723	1474
174035842	1474
174035962	1474
174036083	1474
174036220	1474
174036436	1474
174036577	1474
174036696	1474
174036840	1474
174036966	1474
174037107	1474
174037243	1474
174838619	1474
174838737	1474
174838855	1474
174839003	1474
174839123	1474
174839267	1474
174839464	1474
174839596	1474
174839724	1474
174839841	1474
174839955	1474
174840069	1474
174840184	1474
174840320	1474
174840480	1474
174840610	1474
174840724	1474
174840843	1474
175637141	1474
175637261	1474
175637376	1474
175637489	1474
175637607	1474
175637751	1474
175637938	1474
175638053	1474
175638168	1474
175638282	1474
175638397	1474
175638510	1474
175638625	1474
175638739	1474
175638860	1474
175638977	1474
175639091	1474
176435108	1474
176435347	1474
176435537	1474
176435650	1474
176435765	1474
176435879	1474
176435996	1474
176436333	1474
176436675	1474
176436852	1474
176436968	1474
176437085	1474
176437285	1474
176437402	1474
176437517	1474
176437630	1474
176437744	1474
176437866	1474
176969031	1474
176969189	1474
176969310	1474
176969427	1474
176969555	1474
176969672	1474
176969790	1474
176969908	1474
176970024	1474
176970139	1474
176970255	1474
176970370	1474
176970504	1474
176970621	1474
176970736	1474
176970851	1474
177769890	1474
177770046	1474
177770168	1474
177770285	1474
177770400	1474
177770516	1474
177770636	1474
177770752	1474
177770884	1474
177770999	1474
177771114	1474
177771229	1474
177771344	1474
177771459	1474
177771574	1474
177771690	1474
178569296	1474
178569590	1474
178569765	1474
178569961	1474
178570325	1474
178570598	1474
178570771	1474
178570938	1474
178571111	1474
178571278	1474
178571438	1474
178571604	1474
178571766	1474
178571931	1474
178572103	1474
178572268	1474
178572484	1474
178572677	1474
179369874	1474
179370118	1474
179370285	1474
179370461	1474
179370647	1474
179370814	1474
179370982	1474
179371145	1474
179371313	1474
179371483	1474
179371653	1474
179371815	1474
179371980	1474
179372144	1474
179372311	1474
179372533	1474
179372704	1474
179372866	1474
180440815	1474
180441000	1474
180441165	1474
180441427	1474
180441650	1474
180442039	1474
180442224	1474
180442389	1474
180442556	1474
180442751	1474
180442987	1474
180443193	1474
180443357	1474
180443520	1474
180443684	1474
180443846	1474
180444022	1474
180444185	1474
181240829	1474
181240994	1474
181241155	1474
181241418	1474
181241637	1474
181241810	1474
181241996	1474
181242159	1474
181242336	1474
181242498	1474
181242679	1474
181242843	1474
181243003	1474
181243165	1474
181243343	1474
181243506	1474
181243667	1474
181243828	1474
182037761	1474
182038020	1474
182038189	1474
182038359	1474
182038523	1474
182038791	1474
182039011	1474
182039354	1474
182039609	1474
182039781	1474
182039974	1474
182040206	1474
182040375	1474
182040599	1474
182040773	1474
182040938	1474
182041100	1474
182838279	1474
182838525	1474
182838694	1474
182838863	1474
182839129	1474
182839353	1474
182839627	1474
182839837	1474
182840047	1474
182840212	1474
182840377	1474
182840596	1474
182840769	1474
182840944	1474
182841111	1474
182841277	1474
182841439	1474
183638403	1474
183638700	1474
183638871	1474
183639146	1474
183639376	1474
183639684	1474
183639851	1474
183640016	1474
183640183	1474
183640365	1474
183640580	1474
183640758	1474
183640922	1474
183641090	1474
183641260	1474
183641428	1474
183641589	1474
184438123	1474
184438361	1474
184438547	1474
184438868	1474
184439108	1474
184439279	1474
184439440	1474
184439600	1474
184439774	1474
184439932	1474
184440089	1474
184440247	1474
184440457	1474
184440673	1474
184440838	1474
184440997	1474
184441158	1474
185238935	1474
185239163	1474
185239326	1474
185239487	1474
185239648	1474
185239807	1474
185239967	1474
185240138	1474
185240299	1474
185240506	1474
185240671	1474
185240833	1474
185241000	1474
185241161	1474
185241321	1474
185241481	1474
185241639	1474
185241799	1474
185773460	1474
185773690	1474
185773881	1474
185774064	1474
185774236	1474
185774399	1474
185774558	1474
185774720	1474
185774879	1474
185775039	1474
185775199	1474
185775374	1474
185775534	1474
185775698	1474
185775877	1474
185776040	1474
186573396	1474
186573892	1474
186574057	1474
186574249	1474
186574466	1474
186574648	1474
186574811	1474
186574972	1474
186575131	1474
186575290	1474
186575448	1474
186575607	1474
186575778	1474
186575938	1474
186576097	1474
186576257	1474
186576441	1474
187373052	1474
187373344	1474
187373512	1474
187373704	1474
187373921	1474
187374293	1474
187374478	1474
187374642	1474
187374802	1474
187374960	1474
187375134	1474
187375316	1474
187375480	1474
187375693	1474
187375926	1474
187376105	1474
187376266	1474
188173371	1474
188173748	1474
188173980	1474
188174209	1474
188174390	1474
188174625	1474
188174787	1474
188174947	1474
188175106	1474
188175277	1474
188175439	1474
188175598	1474
188175756	1474
188175916	1474
188176075	1474
188176234	1474
188176486	1474
188176706	1474
189240278	1474
189240626	1474
189240871	1474
189241094	1474
189241370	1474
189241534	1474
189241693	1474
189241871	1474
189242033	1474
189242191	1474
189242355	1474
189242514	1474
189242677	1474
189242868	1474
189243035	1474
189243196	1474
189243360	1474
189243519	1474
189773903	1474
189774132	1474
189774247	1474
189774357	1474
189774764	1474
189774974	1474
189775088	1474
189775195	1474
189775324	1474
189775481	1474
189775615	1474
189775730	1474
189775841	1474
189775962	1474
189776087	1474
189776197	1474
189776311	1474
190842768	1474
190843074	1474
190843188	1474
190843289	1474
190843425	1474
190843561	1474
190843781	1474
190843905	1474
190844016	1474
190844145	1474
190844262	1474
190844455	1474
190844561	1474
190844671	1474
190844787	1474
190844917	1474
190845047	1474
190845156	1474
191377696	1474
191377822	1474
191377943	1474
191378082	1474
191378222	1474
191378345	1474
191378481	1474
191378603	1474
191378746	1474
191378868	1474
191379006	1474
191379185	1474
191379313	1474
191379445	1474
191379566	1474
191379703	1474
192175217	1474
192175417	1474
192175558	1474
192175671	1474
192175792	1474
192175926	1474
192176095	1474
192176223	1474
192176368	1474
192176548	1474
192176671	1474
192176800	1474
192176943	1474
192177085	1474
192177226	1474
192177365	1474
192177487	1474
192177626	1474
193241795	1474
193242055	1474
193242222	1474
193242495	1474
193242720	1474
193243005	1474
193243176	1474
193243342	1474
193243515	1474
193243679	1474
193243839	1474
193244004	1474
193244164	1474
193244329	1474
193244549	1474
193244725	1474
193244889	1474
193245048	1474
194042189	1474
194042408	1474
194042598	1474
194042845	1474
194043092	1474
194043268	1474
194043429	1474
194043589	1474
194043753	1474
194043923	1474
194044084	1474
194044243	1474
194044457	1474
194044620	1474
194044783	1474
194044952	1474
194045117	1474
194045277	1474
194842447	1474
194842677	1474
194842926	1474
194843160	1474
194843344	1474
194843531	1474
194843720	1474
194843880	1474
194844039	1474
194844199	1474
194844372	1474
194844584	1474
194844769	1474
194844931	1474
194845088	1474
194845254	1474
194845414	1474
194845572	1474
195642537	1474
195642907	1474
195643076	1474
195643328	1474
195643545	1474
195643804	1474
195643965	1474
195644125	1474
195644377	1474
195644644	1474
195644879	1474
195645040	1474
195645200	1474
195645358	1474
195645518	1474
195645688	1474
195645849	1474
195646028	1474
196442825	1474
196443185	1474
196443345	1474
196443504	1474
196443661	1474
196443821	1474
196443987	1474
196444145	1474
196444305	1474
196444510	1474
196444675	1474
196444833	1474
196445000	1474
196445159	1474
196445317	1474
196445473	1474
196445631	1474
197243505	1474
197243822	1474
197244199	1474
197244464	1474
197244854	1474
197245050	1474
197245223	1474
197245399	1474
197245561	1474
197245724	1474
197245886	1474
197246047	1474
197246211	1474
197246394	1474
197246557	1474
197246719	1474
197246879	1474
198043942	1474
198044211	1474
198044482	1474
198044658	1474
198044820	1474
198044983	1474
198045146	1474
198045327	1474
198045495	1474
198045664	1474
198045829	1474
198045989	1474
198046153	1474
198046315	1474
198046477	1474
198046644	1474
198046811	1474
198843836	1474
198844199	1474
198844320	1474
198844483	1474
198844602	1474
198844723	1474
198844955	1474
198845096	1474
198845217	1474
198845333	1474
198845452	1474
198845574	1474
198845798	1474
198845924	1474
198846060	1474
198846178	1474
198846297	1474
199647007	1474
199647359	1474
199647484	1474
199647600	1474
199647719	1474
199647834	1474
199647949	1474
199648065	1474
199648180	1474
199648318	1474
199648505	1474
199648623	1474
199648740	1474
199648855	1474
199648972	1474
199649089	1474
199649215	1474
200444633	1474
200444959	1474
200445081	1474
200445197	1474
200445314	1474
200445433	1474
200445551	1474
200445719	1474
200445922	1474
200446041	1474
200446164	1474
200446279	1474
200446393	1474
200446508	1474
200446623	1474
200446756	1474
200446873	1474
201244969	1474
201245288	1474
201245404	1474
201245516	1474
201245633	1474
201245753	1474
201245871	1474
201245987	1474
201246117	1474
201246232	1474
201246348	1474
201246463	1474
201246578	1474
201246695	1474
201246808	1474
201246922	1474
201247039	1474
201247165	1474
202045022	1474
202045339	1474
202045477	1474
202045593	1474
202045710	1474
202045827	1474
202045947	1474
202046064	1474
202046182	1474
202046301	1474
202046420	1474
202046546	1474
202046662	1474
202046790	1474
202046907	1474
202047060	1474
202047260	1474
202047380	1474
202846154	1474
202846440	1474
202846562	1474
202846680	1474
202846814	1474
202847047	1474
202847175	1474
202847292	1474
202847520	1474
202847647	1474
202847777	1474
202847896	1474
202848019	1474
202848138	1474
202848258	1474
202848410	1474
202848540	1474
202848663	1474
203645859	1474
203646165	1474
203646285	1474
203646398	1474
203646516	1474
203646637	1474
203646873	1474
203647000	1474
203647229	1474
203647355	1474
203647493	1474
203647941	1474
203648063	1474
203648193	1474
203648309	1474
203648476	1474
203648602	1474
203648718	1474
204447948	1474
204448237	1474
204448391	1474
204448597	1474
204448725	1474
204448879	1474
204449457	1474
204449600	1474
204449744	1474
204449869	1474
204449993	1474
204450117	1474
204450240	1474
204450369	1474
204450504	1474
204450625	1474
204450746	1474
204450874	1474
205250006	1474
205250148	1474
205250268	1474
205250401	1474
205250522	1474
205250643	1474
205251069	1474
205251203	1474
205251328	1474
205251476	1474
205251599	1474
205251734	1474
205251871	1474
205251994	1474
205252120	1474
205252271	1474
205252633	1474
205252762	1474
206046804	1474
206047047	1474
206047380	1474
206047516	1474
206047639	1474
206047870	1474
206048012	1474
206048145	1474
206049201	1474
206049426	1474
206049556	1474
206049707	1474
206049832	1474
206049973	1474
206050094	1474
206050271	1474
206052953	1474
206850685	1474
206850814	1474
206850933	1474
206851058	1474
206851183	1474
206851443	1474
206851584	1474
206851724	1474
206851846	1474
206851968	1474
206852092	1474
206852216	1474
206852361	1474
206852492	1474
206852626	1474
206852746	1474
207650412	1474
207650535	1474
207650665	1474
207650789	1474
207650927	1474
207651190	1474
207651319	1474
207651440	1474
207651562	1474
207651684	1474
207651807	1474
207651944	1474
207652067	1474
207652190	1474
207652343	1474
207652514	1474
207652752	1474
208450795	1474
208451052	1474
208451430	1474
208451573	1474
208451694	1474
208451970	1474
208452105	1474
208452241	1474
208452397	1474
208452544	1474
208452688	1474
208452848	1474
208452972	1474
208453108	1474
208453244	1474
208453395	1474
208453518	1474
208453646	1474
209247800	1474
209248146	1474
209248293	1474
209248464	1474
209248604	1474
209248729	1474
209248851	1474
209248974	1474
209249105	1474
209249251	1474
209249482	1474
209249631	1474
209250102	1474
209250227	1474
209250367	1474
209250488	1474
209250636	1474
210048521	1474
210048848	1474
210048988	1474
210049114	1474
210049238	1474
210049378	1474
210049507	1474
210049794	1474
210049950	1474
210050412	1474
210050580	1474
210050703	1474
210050849	1474
210050973	1474
210051105	1474
210051239	1474
210051360	1474
210051483	1474
210848842	1474
210849011	1474
210849171	1474
210849305	1474
210849428	1474
210849570	1474
210849696	1474
210849850	1474
210850089	1474
210850669	1474
210850799	1474
210850920	1474
210851062	1474
210851193	1474
210851317	1474
210851455	1474
210851576	1474
211648978	1474
211649164	1474
211649284	1474
211649407	1474
211649524	1474
211649658	1474
211649783	1474
211649905	1474
211650082	1474
211650205	1474
211650480	1474
211650862	1474
211651067	1474
211651192	1474
211651313	1474
211651432	1474
212449433	1474
212449626	1474
212449741	1474
212449916	1474
212450043	1474
212450166	1474
212450289	1474
212450574	1474
212450723	1474
212451393	1474
212451611	1474
212451735	1474
212451870	1474
212452006	1474
212452128	1474
212452252	1474
212452452	1474
213249819	1474
213250067	1474
213250186	1474
213250325	1474
213250443	1474
213250561	1474
213250678	1474
213250796	1474
213250912	1474
213251029	1474
213251145	1474
213251270	1474
213251393	1474
213251510	1474
213251631	1474
213251753	1474
213251872	1474
213251991	1474
214050550	1474
214050744	1474
214050869	1474
214050988	1474
214051105	1474
214051225	1474
214051346	1474
214051461	1474
214051579	1474
214051704	1474
214051821	1474
214051943	1474
214052061	1474
214052177	1474
214052297	1474
214052484	1474
214052609	1474
214850830	1474
214851082	1474
214851436	1474
214851556	1474
214851869	1474
214852020	1474
214852143	1474
214852268	1474
214852482	1474
214852609	1474
214852738	1474
214852868	1474
214853002	1474
214853136	1474
214853260	1474
214853399	1474
214853522	1474
215650591	1474
215650776	1474
215650892	1474
215651010	1474
215651132	1474
215651248	1474
215651382	1474
215651502	1474
215651621	1474
215651739	1474
215651855	1474
215651973	1474
215652088	1474
215652207	1474
215652369	1474
215652661	1474
215652790	1474
215653019	1474
216451425	1474
216451760	1474
216451884	1474
216452002	1474
216452123	1474
216452239	1474
216452425	1474
216452548	1474
216452676	1474
216452795	1474
216452915	1474
216453035	1474
216453151	1474
216453269	1474
216453388	1474
216453506	1474
216453624	1474
217251298	1474
217251519	1474
217251644	1474
217251764	1474
217251882	1474
217251997	1474
217252203	1474
217252341	1474
217252502	1474
217252621	1474
217252740	1474
217252858	1474
217252975	1474
217253112	1474
217253230	1474
217253348	1474
217253469	1474
217253588	1474
218051540	1474
218051819	1474
218051941	1474
218052058	1474
218052177	1474
218052312	1474
218052490	1474
218052609	1474
218052725	1474
218052841	1474
218052958	1474
218053075	1474
218053197	1474
218053428	1474
218053555	1474
218053679	1474
218053797	1474
218053917	1474
218853935	1474
218854148	1474
218854268	1474
218854387	1474
218854509	1474
218854628	1474
218854754	1474
218854874	1474
218855013	1474
218855132	1474
218855249	1474
218855365	1474
218855482	1474
218855598	1474
218855714	1474
218855845	1474
218855962	1474
219652932	1474
219653210	1474
219653327	1474
219653446	1474
219653561	1474
219653677	1474
219653796	1474
219654020	1474
219654164	1474
219654279	1474
219654397	1474
219654515	1474
219654634	1474
219654789	1474
219654915	1474
220452933	1474
220453203	1474
220453325	1474
220453453	1474
220453573	1474
220453690	1474
220453890	1474
220454004	1474
220454121	1474
220454243	1474
220454363	1474
220454495	1474
220454613	1474
220454731	1474
220454848	1474
220454965	1474
220455083	1474
221253104	1474
221253468	1474
221253630	1474
221253797	1474
221253958	1474
221254117	1474
221254277	1474
221254435	1474
221254594	1474
221254765	1474
221254927	1474
221255086	1474
221255245	1474
221255405	1474
221255565	1474
221255726	1474
221255905	1474
221256067	1474
222054137	1474
222054416	1474
222054587	1474
222054840	1474
222055057	1474
222055264	1474
222055429	1474
222055615	1474
222055782	1474
222055944	1474
222056111	1474
222056273	1474
222056457	1474
222056661	1474
222056826	1474
222056987	1474
222057165	1474
222057328	1474
222854017	1474
222854259	1474
222854437	1474
222854687	1474
222854904	1474
222855074	1474
222855239	1474
222855399	1474
222855576	1474
222855737	1474
222855900	1474
222856061	1474
222856223	1474
222856436	1474
222856615	1474
222856777	1474
222856938	1474
222857100	1474
223658349	1474
223658714	1474
223658891	1474
223659109	1474
223659300	1474
223659466	1474
223659608	1474
223659749	1474
223659906	1474
223660087	1474
223660273	1474
223660508	1474
223660679	1474
223660879	1474
223661026	1474
223661169	1474
223661312	1474
224454662	1474
224454885	1474
224455084	1474
224455287	1474
224455501	1474
224455759	1474
224455969	1474
224456154	1474
224456332	1474
224456542	1474
224456708	1474
224456867	1474
224457026	1474
224457192	1474
224457355	1474
224457514	1474
224457675	1474
225254794	1474
225255051	1474
225255228	1474
225255389	1474
225255604	1474
225255819	1474
225255995	1474
225256160	1474
225256333	1474
225256550	1474
225256718	1474
225256876	1474
225257034	1474
225257213	1474
225257377	1474
225257546	1474
225257710	1474
225257868	1474
226054516	1474
226054756	1474
226054953	1474
226055138	1474
226055301	1474
226055462	1474
226055623	1474
226055783	1474
226055949	1474
226056114	1474
226056370	1474
226056636	1474
226056807	1474
226056985	1474
226057146	1474
226057311	1474
226057471	1474
226855170	1474
226855411	1474
226855612	1474
226855774	1474
226855936	1474
226856094	1474
226856263	1474
226856514	1474
226856778	1474
226856999	1474
226857288	1474
226857455	1474
226857639	1474
226857818	1474
226857976	1474
226858140	1474
227656879	1474
227657117	1474
227657309	1474
227657470	1474
227657640	1474
227657806	1474
227657964	1474
227658123	1474
227658287	1474
227658452	1474
227658620	1474
227658784	1474
227658943	1474
227659105	1474
227659265	1474
227659430	1474
227659600	1474
228455821	1474
228456102	1474
228456279	1474
228456530	1474
228456752	1474
228457014	1474
228457176	1474
228457337	1474
228457498	1474
228457656	1474
228457817	1474
228457984	1474
228458164	1474
228458329	1474
228458489	1474
228458650	1474
228458810	1474
228458979	1474
229256010	1474
229256289	1474
229256691	1474
229256962	1474
229257319	1474
229257486	1474
229257700	1474
229257932	1474
229258100	1474
229258263	1474
229258436	1474
229258601	1474
229258761	1474
229258921	1474
229259080	1474
229259244	1474
229259418	1474
230056244	1474
230056600	1474
230056815	1474
230057045	1474
230057285	1474
230057471	1474
230057701	1474
230057943	1474
230058159	1474
230058326	1474
230058489	1474
230058657	1474
230058820	1474
230058983	1474
230059145	1474
230059310	1474
230059472	1474
230856653	1474
230856837	1474
230857136	1474
230857263	1474
230857654	1474
230857784	1474
230857906	1474
230858042	1474
230858175	1474
230858295	1474
230858436	1474
230858556	1474
230858681	1474
230858801	1474
230858936	1474
230859070	1474
230859198	1474
231656993	1474
231657169	1474
231657491	1474
231657774	1474
231657903	1474
231658037	1474
231658179	1474
231658328	1474
231658463	1474
231658605	1474
231658752	1474
231658981	1474
231659102	1474
231659220	1474
231659344	1474
231659489	1474
231659607	1474
231659745	1474
232457078	1474
232457257	1474
232457473	1474
232457596	1474
232457786	1474
232458039	1474
232458174	1474
232458475	1474
232458602	1474
232458776	1474
232458899	1474
232459038	1474
232459158	1474
232459281	1474
232459405	1474
232459536	1474
232459657	1474
233257969	1474
233258149	1474
233258305	1474
233258544	1474
233258675	1474
233259013	1474
233259153	1474
233259286	1474
233259427	1474
233259550	1474
233259681	1474
233259802	1474
233259921	1474
233260051	1474
233260175	1474
233260300	1474
233260469	1474
234059650	1474
234059812	1474
234060037	1474
234060180	1474
234060348	1474
234060842	1474
234060980	1474
234061131	1474
234061255	1474
234061394	1474
234061521	1474
234061650	1474
234061789	1474
234061930	1474
234062052	1474
234062177	1474
234062299	1474
234062437	1474
234858103	1474
234858265	1474
234858436	1474
234858557	1474
234858677	1474
234858808	1474
234858929	1474
234859049	1474
234859169	1474
234859288	1474
234859407	1474
234859526	1474
234859645	1474
234859771	1474
234859893	1474
234860009	1474
235658224	1474
235658570	1474
235658714	1474
235658834	1474
235658959	1474
235659098	1474
235659222	1474
235659485	1474
235659609	1474
235659732	1474
235659860	1474
235659984	1474
235660127	1474
235660266	1474
235660388	1474
235660523	1474
235660727	1474
235660865	1474
236458751	1474
236459031	1474
236459263	1474
236459399	1474
236459526	1474
236459841	1474
236459971	1474
236460095	1474
236460218	1474
236460430	1474
236460685	1474
236460966	1474
236461109	1474
236461231	1474
236461373	1474
236461497	1474
236461619	1474
236461740	1474
237258960	1474
237259210	1474
237259393	1474
237259664	1474
237259883	1474
237260148	1474
237260322	1474
237260542	1474
237260713	1474
237260875	1474
237261036	1474
237261198	1474
237261377	1474
237261539	1474
237261701	1474
237261863	1474
237262024	1474
237262184	1474
238058946	1474
238059225	1474
238059636	1474
238059857	1474
238060074	1474
238060245	1474
238060460	1474
238060629	1474
238060808	1474
238060971	1474
238061130	1474
238061302	1474
238061463	1474
238061622	1474
238061785	1474
238061944	1474
238062104	1474
238062270	1474
238858039	1474
238858279	1474
238858577	1474
238858803	1474
238859046	1474
238859220	1474
238859383	1474
238859545	1474
238859704	1474
238859866	1474
238860026	1474
238860194	1474
238860355	1474
238860569	1474
238860736	1474
238860897	1474
238861057	1474
239658445	1474
239658691	1474
239658857	1474
239659021	1474
239659198	1474
239659359	1474
239659516	1474
239659674	1474
239659834	1474
239659993	1474
239660165	1474
239660327	1474
239660528	1474
239660694	1474
239660879	1474
239661044	1474
239661220	1474
239661381	1474
240458717	1474
240458941	1474
240459139	1474
240459284	1474
240459424	1474
240459565	1474
240459706	1474
240459847	1474
240459989	1474
240460144	1474
240460287	1474
240460476	1474
240460632	1474
240460775	1474
240460916	1474
240461063	1474
240461205	1474
241260306	1474
241260573	1474
241260778	1474
241260940	1474
241261114	1474
241261271	1474
241261431	1474
241261587	1474
241261746	1474
241261904	1474
241262076	1474
241262232	1474
241262372	1474
241262512	1474
241262651	1474
241262791	1474
241262930	1474
242058536	1474
242062131	1474
242063805	1474
242064006	1474
242064150	1474
242064479	1474
242064622	1474
242064756	1474
242064891	1474
242065041	1474
242065193	1474
242065325	1474
242065472	1474
242065604	1474
242065740	1474
242065873	1474
242066021	1474
242858268	1474
242858533	1474
242858708	1474
242858871	1474
242859049	1474
242859208	1474
242859365	1474
242859526	1474
242859684	1474
242859844	1474
242860011	1474
242860172	1474
242860331	1474
242860538	1474
242860702	1474
242860865	1474
242861035	1474
243657780	1474
243658018	1474
243658187	1474
243658378	1474
243658594	1474
243658773	1474
243658942	1474
243659122	1474
243659286	1474
243659451	1474
243659650	1474
243659863	1474
243660056	1474
243660219	1474
243660376	1474
243660576	1474
243660741	1474
243660933	1474
244459114	1474
244459419	1474
244459589	1474
244459809	1474
244460054	1474
244460280	1474
244460490	1474
244460681	1474
244460852	1474
244461012	1474
244461168	1474
244461327	1474
244461483	1474
244461640	1474
244461800	1474
244461973	1474
244462132	1474
244462291	1474
245258044	1474
245258279	1474
245258447	1474
245258608	1474
245258766	1474
245258938	1474
245259093	1474
245259255	1474
245259500	1474
245259713	1474
245259891	1474
245260051	1474
245260209	1474
245260368	1474
245260574	1474
245260739	1474
245260915	1474
245261075	1474
246058360	1474
246058592	1474
246058760	1474
246058918	1474
246059076	1474
246059234	1474
246059390	1474
246059569	1474
246059730	1474
246059902	1474
246060062	1474
246060219	1474
246060377	1474
246060581	1474
246060752	1474
246060910	1474
246061068	1474
246061225	1474
247124564	1474
247124741	1474
247124947	1474
247125161	1474
247125333	1474
247125496	1474
247125656	1474
247125827	1474
247125987	1474
247126173	1474
247126336	1474
247126495	1474
247126654	1474
247126827	1474
247126990	1474
247127148	1474
247127307	1474
247127466	1474
247924009	1474
247924272	1474
247924490	1474
247924715	1474
247924934	1474
247925121	1474
247925281	1474
247925440	1474
247925609	1474
247925769	1474
247925928	1474
247926086	1474
247926266	1474
247926429	1474
247926599	1474
247926762	1474
247926923	1474
247927115	1474
248724022	1474
248724226	1474
248724370	1474
248724567	1474
248724714	1474
248724879	1474
248725026	1474
248725166	1474
248725307	1474
248725447	1474
248725604	1474
248725745	1474
248725889	1474
248726030	1474
248726171	1474
248726310	1474
248726450	1474
249523940	1474
249524153	1474
249524315	1474
249524535	1474
249524702	1474
249524861	1474
249525020	1474
249525178	1474
249525335	1474
249525492	1474
249525664	1474
249525805	1474
249525945	1474
249526085	1474
249526224	1474
249526363	1474
249526503	1474
250324851	1474
250325102	1474
250325274	1474
250325506	1474
250325735	1474
250325933	1474
250326097	1474
250326258	1474
250326420	1474
250326581	1474
250326757	1474
250326918	1474
250327081	1474
250327244	1474
250327418	1474
250327579	1474
250327753	1474
251123738	1474
251124178	1474
251124303	1474
251124529	1474
251124686	1474
251124907	1474
251125035	1474
251125157	1474
251125276	1474
251125414	1474
251125539	1474
251125659	1474
251125779	1474
251125899	1474
251126019	1474
251126149	1474
251126268	1474
251126387	1474
251923759	1474
251924041	1474
251924190	1474
251924310	1474
251924467	1474
251924753	1474
251924867	1474
251924995	1474
251925103	1474
251925217	1474
251925329	1474
251925439	1474
251925562	1474
251925687	1474
251925795	1474
251925918	1474
251926027	1474
251926134	1474
252725823	1474
252726375	1474
252726480	1474
252726606	1474
252726737	1474
252726856	1474
252727110	1474
252727225	1474
252727355	1474
252727472	1474
252727599	1474
252727725	1474
252727852	1474
252727962	1474
252728071	1474
252728182	1474
252728321	1474
252728515	1474
253523604	1474
253523922	1474
253524091	1474
253524421	1474
253524992	1474
253525393	1474
253526410	1474
253526544	1474
253526801	1474
253526987	1474
253527989	1474
253528121	1474
253528427	1474
253529719	1474
253529933	1474
253530230	1474
253530487	1474
254323247	1474
254323465	1474
254323778	1474
254323904	1474
254324132	1474
254324289	1474
254324450	1474
254324568	1474
254324684	1474
254324807	1474
254324926	1474
254325042	1474
254325159	1474
254325290	1474
254325408	1474
254325524	1474
254325640	1474
255124334	1474
255124658	1474
255124814	1474
255124934	1474
255125048	1474
255125172	1474
255125291	1474
255125407	1474
255125524	1474
255125642	1474
255125761	1474
255125880	1474
255125999	1474
255126115	1474
255126247	1474
255126471	1474
255126601	1474
255126721	1474
255922941	1474
255923376	1474
255923501	1474
255923626	1474
255923765	1474
255924033	1474
255924179	1474
255924323	1474
255924495	1474
255924611	1474
255924744	1474
255924866	1474
255925023	1474
255925164	1474
255925300	1474
255925423	1474
255925552	1474
255925673	1474
256722890	1474
256723166	1474
256723459	1474
256723591	1474
256723749	1474
256723980	1474
256724142	1474
256724269	1474
256724420	1474
256724585	1474
256724717	1474
256724842	1474
256724971	1474
256725109	1474
256725229	1474
256725367	1474
256725484	1474
256725606	1474
257522947	1474
257523430	1474
257523562	1474
257523689	1474
257523811	1474
257523963	1474
257524229	1474
257524425	1474
257524555	1474
257524693	1474
257524841	1474
257524962	1474
257525093	1474
257525215	1474
257525349	1474
257525469	1474
257525604	1474
258322920	1474
258323306	1474
258323483	1474
258323695	1474
258323918	1474
258324182	1474
258324348	1474
258324561	1474
258324734	1474
258324896	1474
258325074	1474
258325239	1474
258325399	1474
258325562	1474
258325727	1474
258325989	1474
258326208	1474
258326490	1474
259122824	1474
259123188	1474
259123312	1474
259123431	1474
259123548	1474
259123741	1474
259123895	1474
259124142	1474
259124269	1474
259124455	1474
259124587	1474
259124731	1474
259124878	1474
259125014	1474
259125155	1474
259125276	1474
259125426	1474
259125547	1474
259922905	1474
259923208	1474
259923330	1474
259923448	1474
259923571	1474
259923689	1474
259923806	1474
259923940	1474
259924060	1474
259924178	1474
259924322	1474
259924484	1474
259924610	1474
259924727	1474
259924854	1474
259924973	1474
260722451	1474
260722899	1474
260723026	1474
260723179	1474
260723303	1474
260723433	1474
260723555	1474
260723682	1474
260723815	1474
260723944	1474
260724066	1474
260724196	1474
260724324	1474
260724489	1474
260724626	1474
260724756	1474
260724902	1474
260725026	1474
261522979	1474
261523258	1474
261523382	1474
261523501	1474
261523621	1474
261523739	1474
261523878	1474
261523997	1474
261524117	1474
261524236	1474
261524419	1474
261524537	1474
261524653	1474
261524772	1474
261524907	1474
261525026	1474
261525146	1474
261525267	1474
262323894	1474
262324182	1474
262324331	1474
262324503	1474
262324623	1474
262324750	1474
262324872	1474
262324992	1474
262325111	1474
262325232	1474
262325351	1474
262325476	1474
262325704	1474
262325845	1474
262325965	1474
262326083	1474
262326204	1474
263122458	1474
263122736	1474
263122992	1474
263123119	1474
263123240	1474
263123382	1474
263123516	1474
263123652	1474
263123805	1474
263123929	1474
263124050	1474
263124193	1474
263124313	1474
263124516	1474
263124656	1474
263124817	1474
263922541	1474
263922875	1474
263923003	1474
263923148	1474
263923266	1474
263923403	1474
263923529	1474
263923656	1474
263923784	1474
263923904	1474
263924034	1474
263924176	1474
263924296	1474
263924447	1474
263924573	1474
263924724	1474
264722979	1474
264723440	1474
264723598	1474
264723740	1474
264723862	1474
264723994	1474
264724116	1474
264724257	1474
264724445	1474
264724629	1474
264724766	1474
264724889	1474
264725013	1474
264725210	1474
264725337	1474
264725458	1474
264725590	1474
265521691	1474
265522111	1474
265522240	1474
265522381	1474
265522504	1474
265522644	1474
265522764	1474
265522884	1474
265523008	1474
265523131	1474
265523266	1474
265523387	1474
265523627	1474
265523759	1474
265523893	1474
265524019	1474
265524160	1474
266323513	1474
266323780	1474
266324131	1474
266324253	1474
266324516	1474
266324671	1474
266325100	1474
266325260	1474
266325411	1474
266325669	1474
266325807	1474
266325946	1474
266326068	1474
266326198	1474
266326329	1474
266326451	1474
266326588	1474
266326710	1474
267122226	1474
267122671	1474
267122802	1474
267122918	1474
267123047	1474
267123315	1474
267123498	1474
267123638	1474
267124512	1474
267124664	1474
267124786	1474
267124909	1474
267125034	1474
267125326	1474
267125475	1474
267125623	1474
267125764	1474
267125885	1474
267922057	1474
267922488	1474
267922624	1474
267922746	1474
267923076	1474
267923473	1474
267923728	1474
267923850	1474
267923973	1474
267924095	1474
267924218	1474
267924570	1474
267924701	1474
267924843	1474
267924966	1474
267925097	1474
267925270	1474
268721642	1474
268722048	1474
268722176	1474
268722309	1474
268722454	1474
268722579	1474
268722700	1474
268722851	1474
268722996	1474
268723250	1474
268723391	1474
268723993	1474
268724130	1474
268724265	1474
268724454	1474
268724603	1474
268724752	1474
269521644	1474
269521907	1474
269522072	1474
269522362	1474
269522610	1474
269523090	1474
269523317	1474
269523483	1474
269523667	1474
269523979	1474
269524143	1474
269524308	1474
269524518	1474
269524688	1474
269524931	1474
269525146	1474
269525463	1474
270321366	1474
270321621	1474
270321874	1474
270321995	1474
270322120	1474
270322436	1474
270322615	1474
270322741	1474
270323318	1474
270323550	1474
270323671	1474
270323785	1474
270323902	1474
270324022	1474
270324147	1474
270324310	1474
270324482	1474
271121504	1474
271121824	1474
271121956	1474
271122075	1474
271122216	1474
271122342	1474
271122494	1474
271122753	1474
271123280	1474
271123420	1474
271123540	1474
271123681	1474
271123819	1474
271123940	1474
271124062	1474
271124192	1474
271124332	1474
271921229	1474
271921480	1474
271921852	1474
271921980	1474
271922124	1474
271922247	1474
271922380	1474
271922529	1474
271922794	1474
271922931	1474
271923477	1474
271923604	1474
271923741	1474
271923863	1474
271923986	1474
271924107	1474
271924241	1474
271924430	1474
272721665	1474
272721848	1474
272722088	1474
272722225	1474
272722347	1474
272722471	1474
272722675	1474
272723095	1474
272723228	1474
272723485	1474
272723612	1474
272723942	1474
272724105	1474
272724229	1474
272724452	1474
272724590	1474
272724718	1474
272724843	1474
273522581	1474
273522872	1474
273522999	1474
273523345	1474
273523584	1474
273523725	1474
273523847	1474
273523972	1474
273524113	1474
273524237	1474
273524374	1474
273524544	1474
273524701	1474
273524825	1474
273524972	1474
273525105	1474
273525227	1474
273525351	1474
274321176	1474
274321501	1474
274321651	1474
274321801	1474
274321926	1474
274322230	1474
274322410	1474
274322552	1474
274323057	1474
274323288	1474
274323413	1474
274323536	1474
274323659	1474
274323785	1474
274323908	1474
274324048	1474
274324171	1474
274324327	1474
275121329	1474
275121683	1474
275121807	1474
275121935	1474
275122055	1474
275122169	1474
275122304	1474
275122612	1474
275122743	1474
275123023	1474
275123328	1474
275123470	1474
275123626	1474
275123748	1474
275123875	1474
275124028	1474
275124150	1474
275920990	1474
275921130	1474
275921310	1474
275921445	1474
275921567	1474
275921688	1474
275921808	1474
275921948	1474
275922227	1474
275922352	1474
275923124	1474
275923263	1474
275923384	1474
275923503	1474
275923622	1474
275923803	1474
275923938	1474
275924059	1474
276720863	1474
276721113	1474
276721234	1474
276721353	1474
276721468	1474
276721583	1474
276721699	1474
276721828	1474
276722040	1474
276722165	1474
276722709	1474
276722852	1474
276723039	1474
276723159	1474
276723274	1474
276723390	1474
276723516	1474
276723641	1474
277520988	1474
277521170	1474
277521294	1474
277521416	1474
277521536	1474
277521657	1474
277521780	1474
277521904	1474
277522173	1474
277522305	1474
277523007	1474
277523134	1474
277523255	1474
277523376	1474
277523496	1474
277523616	1474
277523772	1474
277523895	1474
278587574	1474
278587759	1474
278587878	1474
278587996	1474
278588111	1474
278588377	1474
278588503	1474
278588622	1474
278588752	1474
278588870	1474
278588992	1474
278589108	1474
278589224	1474
278589344	1474
278589464	1474
278589584	1474
278589712	1474
278589829	1474
279386949	1474
279387227	1474
279387351	1474
279387470	1474
279387591	1474
279387880	1474
279388005	1474
279388124	1474
279388241	1474
279388428	1474
279388553	1474
279388685	1474
279388805	1474
279388922	1474
279389039	1474
279389156	1474
279389273	1474
279389389	1474
280187621	1474
280187865	1474
280187982	1474
280188098	1474
280188215	1474
280188402	1474
280188523	1474
280188650	1474
280188767	1474
280188885	1474
280189000	1474
280189117	1474
280189233	1474
280189349	1474
280189464	1474
280189579	1474
280189709	1474
280189828	1474
280987534	1474
280987718	1474
280987836	1474
280987953	1474
280988069	1474
280988185	1474
280988397	1474
280988621	1474
280988747	1474
280989148	1474
280989352	1474
280989472	1474
280989598	1474
280989718	1474
280989838	1474
280989958	1474
280990076	1474
281787259	1474
281787471	1474
281787608	1474
281787722	1474
281787843	1474
281788062	1474
281788235	1474
281788859	1474
281788983	1474
281789102	1474
281789219	1474
281789335	1474
281789450	1474
281789578	1474
281789704	1474
281789830	1474
281789945	1474
281790060	1474
282587375	1474
282587566	1474
282587686	1474
282587806	1474
282587923	1474
282588040	1474
282588155	1474
282588297	1474
282588572	1474
282588703	1474
282589143	1474
282589267	1474
282589470	1474
282589589	1474
282589706	1474
282589821	1474
282589936	1474
282590052	1474
283387059	1474
283387296	1474
283387417	1474
283387551	1474
283387670	1474
283387786	1474
283387907	1474
283388131	1474
283388299	1474
283389148	1474
283389355	1474
283389489	1474
283389609	1474
283389727	1474
283389847	1474
283389969	1474
283390087	1474
283390206	1474
284186643	1474
284186815	1474
284186934	1474
284187059	1474
284187176	1474
284187295	1474
284187420	1474
284187540	1474
284187661	1474
284187891	1474
284188027	1474
284188315	1474
284188607	1474
284188739	1474
284188859	1474
284188979	1474
284189099	1474
284189217	1474
284987160	1474
284987378	1474
284987509	1474
284987633	1474
284987774	1474
284987916	1474
284988067	1474
284988486	1474
284989239	1474
284989430	1474
284989570	1474
284989714	1474
284989834	1474
284989964	1474
284990137	1474
284990263	1474
284990414	1474
285786873	1474
285787050	1474
285787181	1474
285787313	1474
285787463	1474
285787610	1474
285788032	1474
285788335	1474
285788719	1474
285788840	1474
285789009	1474
285789132	1474
285789254	1474
285789397	1474
285789517	1474
285789638	1474
285789759	1474
285789877	1474
286586825	1474
286587076	1474
286587210	1474
286587335	1474
286587452	1474
286587571	1474
286587693	1474
286587814	1474
286588031	1474
286588159	1474
286589003	1474
286589208	1474
286589332	1474
286589453	1474
286589577	1474
286589697	1474
286589820	1474
286589938	1474
287653334	1474
287653718	1474
287653846	1474
287653981	1474
287654106	1474
287654398	1474
287654525	1474
287654671	1474
287654816	1474
287654936	1474
287655075	1474
287655221	1474
287655343	1474
287655464	1474
287655585	1474
287655724	1474
287655846	1474
287655966	1474
288455180	1474
288455303	1474
288455423	1474
288455561	1474
288455701	1474
288455822	1474
288455962	1474
288456090	1474
288456227	1474
288456452	1474
288456586	1474
288456724	1474
288456850	1474
288456988	1474
288457122	1474
288457259	1474
288457405	1474
288457523	1474
289255671	1474
289255795	1474
289255932	1474
289256056	1474
289256197	1474
289256324	1474
289256450	1474
289256575	1474
289256703	1474
289256832	1474
289256959	1474
289257115	1474
289257287	1474
289257403	1474
289257521	1474
289257660	1474
289257782	1474
290052797	1474
290053159	1474
290053286	1474
290053424	1474
290053573	1474
290053721	1474
290054018	1474
290054175	1474
290054295	1474
290054422	1474
290054541	1474
290054663	1474
290054782	1474
290054900	1474
290055029	1474
290055149	1474
290055288	1474
290855887	1474
290856070	1474
290856230	1474
290856533	1474
290856749	1474
290856927	1474
290857107	1474
290857267	1474
290857428	1474
290857587	1474
290857749	1474
290857908	1474
290858086	1474
290858254	1474
290858498	1474
290858712	1474
290858901	1474
290859081	1474
291656678	1474
291656840	1474
291657046	1474
291657278	1474
291657478	1474
291657642	1474
291657805	1474
291657981	1474
291658148	1474
291658396	1474
291658614	1474
291658787	1474
291658959	1474
291659122	1474
291659285	1474
291659446	1474
291659610	1474
292456016	1474
292456190	1474
292456359	1474
292456570	1474
292456749	1474
292456920	1474
292457086	1474
292457267	1474
292457435	1474
292457602	1474
292457761	1474
292457928	1474
292458089	1474
292458257	1474
292458461	1474
292458695	1474
292459102	1474
292459270	1474
293264187	1474
293264358	1474
293264579	1474
293264749	1474
293264929	1474
293265093	1474
293265260	1474
293265426	1474
293265588	1474
293265753	1474
293265936	1474
293266100	1474
293266266	1474
293266428	1474
293266595	1474
293266756	1474
293266938	1474
293267100	1474
294052370	1474
294052708	1474
294052902	1474
294053111	1474
294053334	1474
294053593	1474
294053769	1474
294053938	1474
294054103	1474
294054264	1474
294054432	1474
294054595	1474
294054769	1474
294054933	1474
294055101	1474
294055262	1474
294055428	1474
294055589	1474
294852968	1474
294853230	1474
294853400	1474
294853602	1474
294853868	1474
294854127	1474
294854349	1474
294854592	1474
294854769	1474
294854935	1474
294855094	1474
294855256	1474
294855417	1474
294855583	1474
294855754	1474
294855919	1474
294856082	1474
294856247	1474
295652604	1474
295652863	1474
295653032	1474
295653281	1474
295653505	1474
295653795	1474
295653962	1474
295654125	1474
295654285	1474
295654450	1474
295654611	1474
295654789	1474
295654950	1474
295655138	1474
295655300	1474
295655464	1474
295655625	1474
295655805	1474
296452097	1474
296452464	1474
296452666	1474
296452924	1474
296453149	1474
296453451	1474
296453677	1474
296454032	1474
296454289	1474
296454484	1474
296454662	1474
296454823	1474
296454986	1474
296455146	1474
296455325	1474
296455488	1474
296455658	1474
296455820	1474
296985549	1474
296985821	1474
296986011	1474
296986242	1474
296986405	1474
296986565	1474
296986737	1474
296986897	1474
296987056	1474
296987216	1474
296987375	1474
296987534	1474
296987711	1474
297785376	1474
297785669	1474
297785843	1474
297786098	1474
297786316	1474
297786493	1474
297786689	1474
297786878	1474
297787049	1474
297787210	1474
297787370	1474
297787556	1474
297787721	1474
297787883	1474
297788045	1474
297788205	1474
297788366	1474
298852251	1474
298852578	1474
298852756	1474
298853018	1474
298853260	1474
298853515	1474
298853803	1474
298853973	1474
298854139	1474
298854301	1474
298854474	1474
298854640	1474
298854807	1474
298854968	1474
298855133	1474
298855294	1474
298855467	1474
299654565	1474
299654796	1474
299654963	1474
299655235	1474
299655453	1474
299655619	1474
299655780	1474
299655940	1474
299656102	1474
299656242	1474
299656397	1474
299656609	1474
299656776	1474
299656934	1474
299657093	1474
299657249	1474
299657417	1474
299657578	1474
300451793	1474
300452020	1474
300452235	1474
300452534	1474
300452710	1474
300452873	1474
300453034	1474
300453195	1474
300453444	1474
300453655	1474
300453838	1474
300453999	1474
300454158	1474
300454316	1474
300454488	1474
300454647	1474
300454806	1474
300454964	1474
301254309	1474
301254678	1474
301254807	1474
301254936	1474
301255155	1474
301255284	1474
301255416	1474
301255536	1474
301255655	1474
301255778	1474
301255897	1474
301256020	1474
301256139	1474
301256258	1474
301256482	1474
301256603	1474
301256725	1474
301256860	1474
302051759	1474
302052067	1474
302052190	1474
302052345	1474
302052566	1474
302052690	1474
302052815	1474
302053121	1474
302053248	1474
302053972	1474
302054251	1474
302054406	1474
302054529	1474
302054667	1474
302054788	1474
302054924	1474
302055046	1474
302055170	1474
302852036	1474
302852465	1474
302852586	1474
302852844	1474
302852980	1474
302853530	1474
302853755	1474
302853883	1474
302854011	1474
302854131	1474
302854273	1474
302854396	1474
302854535	1474
302854657	1474
302854784	1474
302854904	1474
302855031	1474
303656231	1474
303656512	1474
303656682	1474
303656846	1474
303657011	1474
303657187	1474
303657355	1474
303657519	1474
303657687	1474
303657850	1474
303658018	1474
303658228	1474
303658394	1474
303658555	1474
303658723	1474
303658888	1474
303659072	1474
303659253	1474
304451398	1474
304451628	1474
304451795	1474
304452133	1474
304452472	1474
304452695	1474
304453135	1474
304453449	1474
304453681	1474
304453850	1474
304454039	1474
304454259	1474
304454426	1474
304454590	1474
304454754	1474
304454917	1474
304455080	1474
305251456	1474
305251733	1474
305251906	1474
305252115	1474
305252335	1474
305252670	1474
305252869	1474
305253105	1474
305253274	1474
305253438	1474
305253623	1474
305253785	1474
305253947	1474
305254119	1474
305254283	1474
305254446	1474
305254606	1474
306051655	1474
306051934	1474
306052148	1474
306052498	1474
306052760	1474
306052929	1474
306053135	1474
306053349	1474
306053515	1474
306053679	1474
306053841	1474
306054011	1474
306054174	1474
306054336	1474
306054499	1474
306054663	1474
306054825	1474
306055013	1474
