7665371	58
7865650	54
7998392	1474
7998767	1474
8001810	1474
8002082	1474
8002325	1474
8002661	1474
8006957	1474
8007054	1474
8007193	1474
8007440	1474
8007660	334
8121055	1474
8121241	1474
8121343	1474
8121565	1474
8121686	1474
8121808	1474
8122069	1474
8122470	1474
8122902	1474
8123125	1474
8123329	1474
8123500	1474
8123628	1474
8123725	1474
8123987	446
8269456	1474
8269752	1474
8270215	1474
8270595	1474
8270810	166
8271050	1474
8271391	1474
8271685	1474
8271924	1474
8272207	1474
8272464	1474
8272606	1474
8272835	1474
8273069	1474
8273288	1474
8273638	1474
8273870	1474
8274078	390
8274418	1474
8274714	1474
8275006	110
8384600	1474
8384812	1474
8385049	1474
8385220	1474
8385435	1474
8385634	1474
8385824	1474
8386026	1474
8386258	278
8386983	1474
8387215	1474
8387440	1474
8387661	1474
8387899	166
8388090	1474
8388419	1474
8388638	110
8388892	1474
8389092	82
8389358	1474
8389576	1474
8389823	1474
8390042	1474
8390251	1474
8390551	1474
8390842	222
8391031	1474
8391292	1474
8391537	1474
8391855	1474
8392072	1474
8392251	194
8517897	1474
8517993	1474
8518086	110
8518181	1474
8518298	1474
8518395	1474
8518642	1474
8519016	1474
8519234	1474
8519335	222
8519562	1474
8519711	82
8519866	1474
8520112	1474
8520287	110
8520661	1474
8520975	1474
8521102	110
8521321	1474
8521560	1474
8521778	1474
8521878	138
8521972	1474
8522069	1474
8522303	1474
8522566	138
8522891	1474
8523011	82
8523107	1474
8523316	1474
8523544	110
8523736	1474
8523862	82
8531849	1474
8532098	1474
8532294	1474
8532517	1474
8532749	1474
8532927	1474
8533051	1474
8533146	1474
8533267	1474
8533362	1474
8533595	1474
8533699	362
8641386	1474
8641522	1474
8641641	1474
8641735	138
8641832	1474
8642037	82
8642184	1474
8642308	1474
8642575	1474
8642798	1474
8642905	166
8643117	1474
8643221	1474
8643435	1474
8643578	1474
8643675	166
8643772	1474
8643976	1474
8644205	110
8644419	1474
8644757	1474
8645063	110
8645192	1474
8645291	1474
8645570	1474
8645785	1474
8645914	1474
8646033	1474
8646127	1474
8646244	1474
8646339	1474
8646495	1474
8646640	1474
8646902	1474
8647003	1474
8647098	418
8647217	1474
8647313	1474
8647410	1474
8647545	138
8650162	1474
8650289	1474
8650409	110
8650605	1474
8650828	1474
8651043	1474
8651169	1474
8651288	1474
8651383	1474
8651483	1474
8651577	1474
8651671	1474
8651765	1474
8652083	334
8767703	1474
8767964	1474
8768156	1474
8768256	1474
8768352	166
8768471	1474
8768704	1474
8769186	1474
8769312	1474
8769406	1474
8769504	1474
8769624	1474
8769715	250
8769807	1474
8769925	1474
8770042	110
8770157	1474
8770274	1474
8770412	1474
8770571	1474
8770667	1474
8770784	1474
8770880	1474
8770976	250
8771093	1474
8771185	82
8771309	1474
8771403	1474
8771532	1474
8771652	1474
8781730	1474
8781937	1474
8782152	1474
8782366	1474
8782531	1474
8782626	1474
8782718	1474
8782809	1474
8811630	1474
8811794	1474
8811932	1474
8812157	1474
8812490	1474
8812744	1474
8813038	1474
8813371	1474
8813642	1474
8813933	1474
8814191	1474
8814535	1474
8819103	1474
9587060	1474
9587377	1474
9587602	1474
9587795	1474
9588071	1474
9658532	1474
9659268	1474
9659490	1474
9659818	1474
9660169	1474
9684592	1474
9684895	1474
11031860	1474
11046384	1474
11046834	1474
11067135	1474
11067917	1474
11068135	1474
11099251	1474
11099672	1474
11100074	1474
11100639	1474
11139535	1474
11139758	1474
11139864	1474
11140027	1474
11140349	1474
11178145	1474
11178270	1474
11178411	1474
11178702	1474
11178826	1474
11240842	1474
11240957	1474
11241201	1474
11241521	1474
11241800	1474
11300686	1474
11300790	1474
11300890	1474
11301016	1474
11301151	1474
11370159	1474
11370422	1474
11370682	1474
11370959	1474
11371095	1474
11419898	1474
11420204	1474
11420299	1474
11420424	1474
11690236	1474
11690342	1474
11690587	1474
11690707	1474
11690838	1474
11690944	1474
11733955	1474
11734082	1474
11734411	1474
11734678	1474
11735041	1474
11735175	1474
11776545	1474
11776662	1474
11776796	1474
11776918	1474
12222657	1474
12222944	1474
12223035	1474
12223157	1474
12223254	1474
12223385	1474
12267869	1474
12268139	1474
12268329	1474
12268433	1474
12268593	1474
12268691	1474
12320990	1474
12321294	1474
12756067	1474
12756341	1474
12756498	1474
12756599	1474
12756724	1474
12756847	1474
12756972	1474
12815908	1474
12816099	1474
12816199	1474
12816325	1474
12816439	1474
12816584	1474
12816704	1474
12865749	1474
13289741	1474
13290033	1474
13290158	1474
13290256	1474
13290439	1474
13290683	1474
13290811	1474
13372093	1474
13372264	1474
13372361	1474
13372673	1474
13372800	1474
13372900	1474
13373021	1474
13440283	1474
14093237	1474
14093374	1474
14093502	1474
14093966	1474
14094097	1474
14094217	1474
14094317	1474
14160025	1474
14160329	1474
14160460	1474
14160601	1474
14160725	1474
14160837	1474
14160976	1474
14224320	1474
14224456	1474
14889761	1474
14890115	1474
14890254	1474
14890376	1474
14890545	1474
14890682	1474
14890805	1474
14890943	1474
14944786	1474
14944930	1474
14945052	1474
14945198	1474
14945337	1474
14945436	1474
14945548	1474
14945664	1474
14984551	1474
14984830	1474
15692164	1474
15692521	1474
15692625	1474
15692726	1474
15692823	1474
15692970	1474
15693092	1474
15693213	1474
15760369	1474
15760618	1474
15760710	1474
15760832	1474
15760954	1474
15761073	1474
15761196	1474
15761323	1474
16223617	1474
16223974	1474
16224130	1474
16224357	1474
16224462	1474
16224601	1474
16224717	1474
16224812	1474
16269544	1474
16269815	1474
16269944	1474
16270064	1474
16270164	1474
16270263	1474
16270356	1474
16270550	1474
17023205	1474
17023597	1474
17023724	1474
17023846	1474
17023959	1474
17024071	1474
17024192	1474
17024309	1474
17024415	1474
17064735	1474
17065105	1474
17065230	1474
17065337	1474
17065429	1474
17065523	1474
17065659	1474
17065751	1474
17065848	1474
17825291	1474
17825660	1474
17825819	1474
17825989	1474
17826221	1474
17826807	1474
17826996	1474
17827097	1474
17827202	1474
17865035	1474
17865336	1474
17865435	1474
17865588	1474
18623494	1474
18623824	1474
18623920	1474
18624073	1474
18624197	1474
18624335	1474
18624456	1474
18624565	1474
18624662	1474
18665704	1474
18665835	1474
18665933	1474
18666056	1474
18666192	1474
18666291	1474
18666438	1474
18666700	1474
18666832	1474
18705145	1474
19423788	1474
19423946	1474
19424137	1474
19424320	1474
19424504	1474
19424647	1474
19424785	1474
19424922	1474
19425085	1474
19466289	1474
19466455	1474
19466660	1474
19466957	1474
19467251	1474
19467417	1474
19467580	1474
19467741	1474
19467880	1474
20224881	1474
20225024	1474
20225144	1474
20225244	1474
20225347	1474
20225454	1474
20225590	1474
20225727	1474
20225848	1474
20265756	1474
20266015	1474
20266151	1474
20266250	1474
20266377	1474
20266561	1474
20266711	1474
20266914	1474
20267092	1474
21024260	1474
21024615	1474
21024937	1474
21025042	1474
21025139	1474
21025288	1474
21025413	1474
21025572	1474
21025701	1474
21025798	1474
21065307	1474
21065543	1474
21065678	1474
21065775	1474
21065870	1474
21065964	1474
21066082	1474
21066206	1474
21825055	1474
21825163	1474
21825267	1474
21825395	1474
21825539	1474
21825677	1474
21825872	1474
21826450	1474
21826604	1474
21826717	1474
21865416	1474
21865666	1474
21865771	1474
21865895	1474
21865992	1474
21866089	1474
21866210	1474
21866333	1474
22626735	1474
22626949	1474
22627073	1474
22627177	1474
22627270	1474
22627389	1474
22627511	1474
22627634	1474
22627756	1474
22627855	1474
22674162	1474
22674450	1474
22674662	1474
22674784	1474
23424275	1474
23424587	1474
23424736	1474
23424863	1474
23424988	1474
23425136	1474
23425392	1474
23425497	1474
23425596	1474
23425720	1474
23470016	1474
23470258	1474
23470388	1474
23470772	1474
23470871	1474
23470973	1474
23471077	1474
23471175	1474
23471282	1474
23471396	1474
24492007	1474
24492249	1474
24492370	1474
24492460	1474
24492553	1474
24492789	1474
24492904	1474
24493002	1474
24493206	1474
24493336	1474
24539739	1474
24539862	1474
24539959	1474
24540079	1474
24540172	1474
24540291	1474
24540413	1474
24540528	1474
24540631	1474
25025244	1474
25025519	1474
25025644	1474
25025749	1474
25025846	1474
25025965	1474
25026059	1474
25026152	1474
25026271	1474
25026400	1474
25026558	1474
25066112	1474
25066494	1474
26092783	1474
26093111	1474
26093205	1474
26093298	1474
26093385	1474
26093504	1474
26093628	1474
26093813	1474
26093985	1474
26094229	1474
26094361	1474
26138489	1474
26138603	1474
26138752	1474
26138847	1474
26138968	1474
26139107	1474
26139206	1474
26139324	1474
26139444	1474
26624932	1474
26625212	1474
26625334	1474
26625453	1474
26625546	1474
26625662	1474
26625778	1474
26625895	1474
26625987	1474
26626080	1474
26626180	1474
26666509	1474
26666762	1474
26666851	1474
26666941	1474
27692271	1474
27692586	1474
27692712	1474
27692833	1474
27692965	1474
27693058	1474
27693177	1474
27693304	1474
27693395	1474
27693505	1474
27693625	1474
27739558	1474
27739857	1474
27739957	1474
27740055	1474
27740156	1474
27740283	1474
27740400	1474
27740539	1474
27740665	1474
28493346	1474
28493703	1474
28493861	1474
28494056	1474
28494205	1474
28494857	1474
28494967	1474
28495098	1474
28495234	1474
28495330	1474
28495443	1474
28535042	1474
28535169	1474
28535292	1474
28535433	1474
28535554	1474
28535726	1474
28535828	1474
28535955	1474
29291978	1474
29292280	1474
29292398	1474
29292487	1474
29292578	1474
29292700	1474
29292819	1474
29292925	1474
29293040	1474
29293158	1474
29293277	1474
29334739	1474
29335005	1474
29335126	1474
30094057	1474
30094369	1474
30094524	1474
30094746	1474
30094950	1474
30095480	1474
30095689	1474
30095812	1474
30096038	1474
30096198	1474
30096302	1474
30096419	1474
30134656	1474
30134995	1474
30135132	1474
30135228	1474
30135325	1474
30135456	1474
30135570	1474
30135693	1474
30135806	1474
30892422	1474
30892642	1474
30892796	1474
30893078	1474
30893248	1474
30893416	1474
30893566	1474
30893741	1474
30893939	1474
30894622	1474
30894824	1474
30895002	1474
30935539	1474
30935691	1474
30935814	1474
31698009	1474
31698178	1474
31698440	1474
31698720	1474
31699088	1474
31699281	1474
31699469	1474
31699642	1474
31699780	1474
31699922	1474
31700059	1474
31700196	1474
31739021	1474
31739177	1474
31739319	1474
31739471	1474
31739693	1474
31739833	1474
31740000	1474
31740162	1474
32495406	1474
32495772	1474
32495948	1474
32496094	1474
32496314	1474
32496540	1474
32496970	1474
32497245	1474
32497388	1474
32497555	1474
32497705	1474
32497874	1474
32535944	1474
32536152	1474
33293106	1474
33293502	1474
33293600	1474
33293698	1474
33293880	1474
33294022	1474
33294143	1474
33294273	1474
33294595	1474
33295649	1474
33295977	1474
33296107	1474
33335363	1474
33335618	1474
33335796	1474
33335934	1474
33336077	1474
33336239	1474
33336380	1474
33336543	1474
33336709	1474
34095401	1474
34095688	1474
34095818	1474
34095964	1474
34096066	1474
34096208	1474
34096350	1474
34096505	1474
34096744	1474
34097137	1474
34097240	1474
34097341	1474
34135463	1474
34135734	1474
34894431	1474
34894751	1474
34894873	1474
34894969	1474
34895068	1474
34895208	1474
34895306	1474
34895441	1474
34895551	1474
34895679	1474
34895882	1474
34896246	1474
34896352	1474
34936118	1474
34936261	1474
34936399	1474
35693772	1474
35694071	1474
35694214	1474
35694390	1474
35694607	1474
35694888	1474
35695087	1474
35695289	1474
35695676	1474
35695868	1474
35696035	1474
35696172	1474
35696339	1474
35736121	1474
35736264	1474
35736438	1474
35736578	1474
35736742	1474
35736906	1474
35737044	1474
35737184	1474
35737348	1474
36494831	1474
36495301	1474
36495711	1474
36496464	1474
36496604	1474
36496781	1474
36496886	1474
36497008	1474
36497134	1474
36497249	1474
36497374	1474
36497477	1474
36497576	1474
36535502	1474
36535905	1474
37293270	1474
37293557	1474
37293670	1474
37293828	1474
37293955	1474
37294074	1474
37294201	1474
37294325	1474
37294521	1474
37294635	1474
37294745	1474
37294898	1474
37295063	1474
37336614	1474
37336715	1474
37336862	1474
37336987	1474
37337078	1474
37337169	1474
37337294	1474
37337419	1474
38096026	1474
38096401	1474
38096548	1474
38096662	1474
38096775	1474
38096908	1474
38097038	1474
38097154	1474
38097470	1474
38097737	1474
38097846	1474
38098151	1474
38098275	1474
38136407	1474
38136676	1474
38893349	1474
38893636	1474
38893731	1474
38893826	1474
38893947	1474
38894037	1474
38894129	1474
38894249	1474
38894365	1474
38894541	1474
38894662	1474
38894754	1474
38894871	1474
38936526	1474
38936648	1474
38936766	1474
38936884	1474
38937003	1474
38937096	1474
38937212	1474
38937331	1474
39960453	1474
39960655	1474
39961023	1474
39961128	1474
39961268	1474
39961392	1474
39961511	1474
39961634	1474
39961758	1474
39961857	1474
39962049	1474
39962151	1474
39962248	1474
40000646	1474
40000771	1474
40764426	1474
40764587	1474
40764807	1474
40764929	1474
40765015	1474
40765133	1474
40765247	1474
40765364	1474
40765456	1474
40765549	1474
40765667	1474
40765762	1474
40765879	1474
40766000	1474
40804526	1474
40804667	1474
40804868	1474
41561489	1474
41561801	1474
41561901	1474
41562005	1474
41562097	1474
41562189	1474
41562307	1474
41562426	1474
41562569	1474
41562662	1474
41562758	1474
41562849	1474
41562941	1474
41563067	1474
41609289	1474
41609487	1474
41609583	1474
41609762	1474
41609858	1474
41609955	1474
41610065	1474
41610184	1474
42360666	1474
42360983	1474
42361077	1474
42361177	1474
42361274	1474
42361397	1474
42361517	1474
42361638	1474
42361759	1474
42361853	1474
42361970	1474
42362062	1474
42362187	1474
42362287	1474
43160953	1474
43161241	1474
43161368	1474
43161477	1474
43161597	1474
43161722	1474
43161846	1474
43161966	1474
43162056	1474
43162174	1474
43162298	1474
43162492	1474
43162595	1474
43162714	1474
43204990	1474
43205233	1474
43205355	1474
43961080	1474
43961301	1474
43961400	1474
43961524	1474
43961639	1474
43961818	1474
43961943	1474
43962066	1474
43962166	1474
43962264	1474
43962392	1474
43962579	1474
43962708	1474
43962823	1474
44001313	1474
44001450	1474
44001540	1474
44001637	1474
44001788	1474
44001911	1474
44002034	1474
44002154	1474
44762065	1474
44762449	1474
44762649	1474
44762771	1474
44762907	1474
44763018	1474
44763131	1474
44763247	1474
44763368	1474
44763487	1474
44763609	1474
44763729	1474
44763841	1474
44763986	1474
45561847	1474
45562137	1474
45562240	1474
45562357	1474
45562573	1474
45562662	1474
45562759	1474
45562890	1474
45563021	1474
45563138	1474
45563261	1474
45563359	1474
45563458	1474
45563556	1474
45604752	1474
45605039	1474
45605166	1474
46361513	1474
46361864	1474
46361955	1474
46362068	1474
46362193	1474
46362378	1474
46362575	1474
46362668	1474
46362769	1474
46362894	1474
46363003	1474
46363120	1474
46363249	1474
46363369	1474
46405034	1474
46405212	1474
46405421	1474
46405546	1474
46405667	1474
46405765	1474
46405889	1474
46406046	1474
47164588	1474
47164946	1474
47165081	1474
47165245	1474
47165370	1474
47165478	1474
47165606	1474
47165732	1474
47165855	1474
47165962	1474
47166086	1474
47166184	1474
47166324	1474
47962090	1474
47962362	1474
47962593	1474
47962766	1474
47962890	1474
47962981	1474
47963122	1474
47963248	1474
47963528	1474
47963677	1474
47964173	1474
47964282	1474
47964381	1474
47964482	1474
47964618	1474
48003749	1474
48761766	1474
48762022	1474
48762145	1474
48762265	1474
48762403	1474
48762563	1474
48762684	1474
48762773	1474
48762894	1474
48763032	1474
48763156	1474
48763251	1474
48763370	1474
48763462	1474
48763580	1474
48802891	1474
48803004	1474
49561887	1474
49562185	1474
49562281	302
58298794	54
58428425	58
58431176	54
58558256	1474
58558669	1474
58559683	1474
58559889	1474
58559995	1474
58560863	1474
58561147	1474
58561290	1474
58562130	1474
58562353	1474
58562558	334
58686143	1474
58686248	1474
58686413	1474
58686599	1474
58686865	1474
58687119	1474
58687299	1474
58687876	1474
58688081	1474
58688781	1474
58688987	1474
58689288	1474
58689546	1474
58689781	1474
58689887	1474
58690277	1474
58690618	502
58813239	1474
58813572	1474
58813811	1474
58813947	1474
58814058	1474
58814177	1474
58814472	222
58814771	1474
58814895	1474
58815018	1474
58815133	1474
58815379	1474
58815483	1474
58815823	1474
58816051	1474
58816322	1474
58817079	306
58817323	1474
58817501	1474
58817636	1474
58817921	1474
58818170	1474
58818347	1474
58818876	1474
58819200	250
58940540	1474
58941111	1474
58941338	1474
58941437	138
58941540	1474
58941644	1474
58941750	1474
58941902	1474
58942127	1474
58942658	1474
58942817	1474
58943063	250
58943217	1474
58943438	1474
58943573	1474
58943905	1474
58944014	166
58944141	1474
58944379	82
58944631	1474
58944763	1474
58945056	1474
58945192	1474
58945454	1474
58945560	194
58945671	1474
58945776	1474
58945926	1474
58946278	138
58946704	1474
58946961	1474
58947099	1474
58947215	1474
58947317	1474
58947563	1474
58947745	1474
58947862	1474
58948111	1474
58948237	306
59068062	1474
59068459	1474
59068680	1474
59068809	1474
59068909	166
59069006	1474
59069272	82
59069423	1474
59070169	1474
59070415	1474
59070603	1474
59071053	1474
59071190	1474
59071439	1474
59071589	1474
59071847	278
59071946	1474
59072168	1474
59072437	1474
59072611	1474
59072772	1474
59073028	194
59073304	1474
59073454	1474
59073596	110
59073848	1474
59073965	1474
59074099	110
59074247	1474
59074531	1474
59074908	1474
59075059	1474
59075331	1474
59075474	1474
59075785	1474
59076002	1474
59076189	278
59078838	1474
59078971	1474
59079109	1474
59079231	1474
59079376	1474
59079502	1474
59079723	1474
59080014	1474
59080172	1474
59080289	1474
59080391	334
59196091	1474
59196278	1474
59196401	1474
59196527	1474
59196631	1474
59196773	1474
59196895	222
59197017	1474
59197147	1474
59197252	1474
59197373	1474
59197486	1474
59197585	1474
59197737	1474
59197861	1474
59197971	1474
59198093	306
59198190	1474
59198313	1474
59198426	1474
59198610	1474
59198762	166
59198884	1474
59198995	1474
59199128	1474
59199230	1474
59199365	1474
59199460	1474
59199574	1474
59199702	1474
59199833	278
59235918	1474
59236159	1474
59236299	1474
59236439	1474
59236560	1474
59236674	1474
59236769	1474
59236889	1474
59237003	1474
59237114	1474
59237233	1474
59237335	1474
59237458	1474
59237556	1474
59237690	1474
59237789	1474
59237902	1474
59238026	1474
59238162	1474
59238264	1474
59238409	1474
59238567	1474
59238703	1474
59238804	1474
59238927	1474
59239048	754
59323728	1474
59324138	1474
59324305	1474
59324472	1474
59324607	1474
59324757	1474
59324919	222
59325078	1474
59325242	82
59325376	1474
59325540	82
59325676	1474
59453435	1474
59453600	1474
59453772	1474
59453939	1474
59454101	1474
59454241	1474
59454401	1474
59454616	1474
59454771	1474
59454935	1474
59455099	1474
59455263	1474
59455403	1474
59455537	1474
59455705	1474
60254964	1474
60255132	1474
60255293	1474
60255539	1474
60255726	1474
60256002	1474
60256170	1474
60256330	1474
60256492	1474
60256627	1474
60256761	1474
60256922	1474
60257072	1474
60257206	1474
60257365	1474
60257525	1474
60257684	1474
61054602	1474
61054786	1474
61055054	1474
61055258	1474
61055483	1474
61055623	1474
61055786	1474
61055948	1474
61056084	1474
61056237	1474
61056398	1474
61056557	1474
61056719	1474
61056878	1474
61057138	1474
61057303	1474
61057439	1474
61586309	1474
61586549	1474
61586739	1474
61586993	1474
61587187	1474
61587419	1474
61587559	1474
61587722	1474
61587872	1474
61588060	1474
61588223	1474
61588369	1474
61588507	1474
61588644	1474
61588808	1474
61588947	1474
62385884	1474
62386135	1474
62386237	1474
62386362	1474
62386608	1474
62386754	1474
62386878	1474
62386992	1474
62387111	1474
62387234	1474
62387341	1474
62387465	1474
62387578	1474
62387676	1474
62387801	1474
62387912	1474
63187304	1474
63187556	1474
63187691	1474
63187802	1474
63187980	1474
63188114	1474
63188459	1474
63188568	1474
63188788	1474
63188912	1474
63189049	1474
63189174	1474
63189298	1474
63189422	1474
63189544	1474
63189678	1474
63721075	1474
63721415	1474
63721544	1474
63721640	1474
63721744	1474
63721873	1474
63722069	1474
63722168	1474
63722302	1474
63722400	1474
63722597	1474
63722700	1474
63722810	1474
63722933	1474
63723029	1474
63723153	1474
64519859	1474
64520180	1474
64520315	1474
64520432	1474
64520530	1474
64520654	1474
64520754	1474
64520869	1474
64520985	1474
64521125	1474
64521261	1474
64521386	1474
64521522	1474
64521643	1474
64521733	1474
64521856	1474
64521953	1474
65320675	1474
65321044	1474
65321208	1474
65321417	1474
65321599	1474
65321737	1474
65321899	1474
65322059	1474
65322194	1474
65322342	1474
65322529	1474
65322699	1474
65322834	1474
65322995	1474
65323158	1474
65323327	1474
66120757	1474
66120973	1474
66121111	1474
66121273	1474
66121409	1474
66121563	1474
66121725	1474
66121887	1474
66122047	1474
66122209	1474
66122373	1474
66122602	1474
66122759	1474
66122897	1474
66123059	1474
66123220	1474
66123356	1474
66123502	1474
66920557	1474
66920961	1474
66921173	1474
66921419	1474
66921623	1474
66921811	1474
66921998	1474
66922212	1474
66922378	1474
66922588	1474
66922774	1474
66922911	1474
66923046	1474
66923207	1474
66923366	1474
66923500	1474
66923661	1474
66923839	1474
67720136	1474
67720332	1474
67720520	1474
67720684	1474
67720821	1474
67720968	1474
67721108	1474
67721269	1474
67721431	1474
67721567	1474
67721749	1474
67721889	1474
67722068	1474
67722229	1474
67722367	1474
67722575	1474
67722743	1474
68520408	1474
68520696	1474
68520866	1474
68521007	1474
68521221	1474
68521443	1474
68521692	1474
68521858	1474
68522021	1474
68522196	1474
68522361	1474
68522547	1474
68522735	1474
68522872	1474
68523010	1474
68523157	1474
68523296	1474
68523436	1474
69320288	1474
69320542	1474
69320741	1474
69321036	1474
69321226	1474
69321416	1474
69321554	1474
69321694	1474
69321856	1474
69322017	1474
69322179	1474
69322361	1474
69322538	1474
69322776	1474
69322940	1474
69323077	1474
69323241	1474
69323388	1474
70120490	1474
70120789	1474
70120966	1474
70121242	1474
70121437	1474
70121622	1474
70121785	1474
70121923	1474
70122082	1474
70122219	1474
70122354	1474
70122543	1474
70122729	1474
70122893	1474
70123053	1474
70123214	1474
70123351	1474
70123524	1474
70920454	1474
70920666	1474
70921159	1474
70921358	1474
70921594	1474
70921768	1474
70921908	1474
70922069	1474
70922205	1474
70922340	1474
70922554	1474
70922699	1474
70922848	1474
70922985	1474
70923148	1474
70923285	1474
70923449	1474
71720966	1474
71721377	1474
71721548	1474
71721685	1474
71721804	1474
71722107	1474
71722216	1474
71722366	1474
71722508	1474
71722729	1474
71722860	1474
71722960	1474
71723079	1474
71723204	1474
71723347	1474
71723469	1474
71723598	1474
71723694	1474
72520681	1474
72520935	1474
72521165	1474
72521343	1474
72521471	1474
72521605	1474
72521891	1474
72522024	1474
72522151	1474
72522289	1474
72522411	1474
72522572	1474
72522687	1474
72522792	1474
72522894	1474
72523002	1474
72523123	1474
73321100	1474
73321310	1474
73321478	1474
73321607	1474
73321749	1474
73321847	1474
73321969	1474
73322070	1474
73322161	1474
73322258	1474
73322354	1474
73322534	1474
73322681	1474
73322778	1474
73322912	1474
73323009	1474
73323109	1474
73323206	1474
74121637	1474
74121992	1474
74122105	1474
74122207	1474
74122324	1474
74122450	1474
74122567	1474
74122737	1474
74122835	1474
74122949	1474
74123059	1474
74123180	1474
74123317	1474
74123438	1474
74123579	1474
74123702	1474
74123825	1474
74922641	1474
74922748	1474
74922845	1474
74923088	1474
74923200	1474
74923324	1474
74923460	1474
74923585	1474
74923689	1474
74923801	1474
74923925	1474
74924072	1474
74924198	1474
74924326	1474
74924473	1474
74924596	1474
74924723	1474
74924847	1474
75723999	1474
75724140	1474
75724238	1474
75724337	1474
75724456	1474
75724551	1474
75724822	1474
75724954	1474
75725105	1474
75725204	1474
75725464	1474
75725574	1474
75725698	1474
75725814	1474
75725936	1474
75726061	1474
75726176	1474
76524014	1474
76524141	1474
76524253	1474
76524454	1474
76524619	1474
76524746	1474
76524890	1474
76525014	1474
76525113	1474
76525212	1474
76525343	1474
76525516	1474
76525642	1474
76525959	1474
76526067	1474
76526179	1474
76526281	1474
77322902	1474
77323038	1474
77323199	1474
77323329	1474
77323463	1474
77323606	1474
77323824	1474
77323950	1474
77324069	1474
77324193	1474
77324320	1474
77324483	1474
77324628	1474
77324742	1474
77324843	1474
77324973	1474
77325086	1474
77325214	1474
78123575	1474
78123711	1474
78123849	1474
78124010	1474
78124148	1474
78124302	1474
78124598	1474
78124695	1474
78124810	1474
78124936	1474
78125078	1474
78125177	1474
78125278	1474
78125379	1474
78125479	1474
78125610	1474
78125730	1474
78125864	1474
78924030	1474
78924180	1474
78924273	1474
78924370	1474
78924460	1474
78924583	1474
78924726	1474
78924847	1474
78924970	1474
78925097	1474
78925220	1474
78925350	1474
78925443	1474
78925538	1474
78925636	1474
78925734	1474
78925850	1474
79724283	1474
79724410	1474
79724534	1474
79724681	1474
79724831	1474
79725085	1474
79725196	1474
79725318	1474
79725417	1474
79725538	1474
79725677	1474
79725820	1474
79725940	1474
79726070	1474
79726211	1474
79726309	1474
79726409	1474
79726724	1474
80525036	1474
80525166	1474
80525277	1474
80525406	1474
80525528	1474
80525621	1474
80525714	1474
80525835	1474
80525932	1474
80526030	1474
80526129	1474
80526250	1474
80526402	1474
80526558	1474
80526670	1474
80526788	1474
80526909	1474
80527021	1474
81323619	1474
81323730	1474
81323850	1474
81324062	1474
81324304	1474
81324435	1474
81324531	1474
81324628	1474
81324762	1474
81324856	1474
81324952	1474
81325073	1474
81325192	1474
81325313	1474
81325408	1474
81325529	1474
81325656	1474
82123823	1474
82123961	1474
82124081	1474
82124201	1474
82124324	1474
82124449	1474
82124579	1474
82124784	1474
82124918	1474
82125016	1474
82125137	1474
82125256	1474
82125375	1474
82125470	1474
82125589	1474
82125684	1474
82125803	1474
82125938	1474
82924167	1474
82924291	1474
82924385	1474
82924502	1474
82924597	1474
82924694	1474
82924921	1474
82925055	1474
82925156	1474
82925251	1474
82925373	1474
82925469	1474
82925563	1474
82925683	1474
82925803	1474
82925923	1474
82926051	1474
83989565	1474
83989703	1474
83989797	1474
83990006	1474
83990101	1474
83990222	1474
83990315	1474
83990491	1474
83990618	1474
83990712	1474
83990807	1474
83990900	1474
83990994	1474
83991086	1474
83991180	1474
83991298	1474
83991404	1474
83991524	1474
84791932	1474
84792120	1474
84792251	1474
84792394	1474
84792493	1474
84792634	1474
84792736	1474
84792855	1474
84792958	1474
84793057	1474
84793184	1474
84793284	1474
84793417	1474
84793541	1474
84793689	1474
84793788	1474
84793896	1474
84794021	1474
85589701	1474
85589864	1474
85589976	1474
85590099	1474
85590224	1474
85590376	1474
85590539	1474
85590664	1474
85590765	1474
85590879	1474
85591002	1474
85591125	1474
85591224	1474
85591345	1474
85591466	1474
85591638	1474
85591762	1474
85591876	1474
86390236	1474
86390381	1474
86390566	1474
86390686	1474
86390802	1474
86390931	1474
86391246	1474
86391353	1474
86391444	1474
86391573	1474
86391697	1474
86391806	1474
86391903	1474
86392043	1474
86392132	1474
86392253	1474
86392377	1474
87191260	1474
87191588	1474
87191702	1474
87191794	1474
87191921	1474
87192048	1474
87192145	1474
87192295	1474
87192396	1474
87192518	1474
87192613	1474
87192709	1474
87192843	1474
87193031	1474
87193214	1474
87193430	1474
87193560	1474
87193687	1474
87991031	1474
87991175	1474
87991394	1474
87991533	1474
87991633	1474
87991745	1474
87991919	1474
87992195	1474
87992294	1474
87992511	1474
87992611	1474
87992739	1474
87992884	1474
87992985	1474
87993113	1474
87993257	1474
87993358	1474
87993469	1474
88790869	1474
88791107	1474
88791253	1474
88791351	1474
88791455	1474
88791551	1474
88791689	1474
88791809	1474
88791929	1474
88792048	1474
88792168	1474
88792291	1474
88792410	1474
88792535	1474
88792672	1474
88792793	1474
88792888	1474
88793011	1474
89591403	1474
89591710	1474
89591836	1474
89591968	1474
89592061	1474
89592153	1474
89592247	1474
89592365	1474
89592457	1474
89592547	1474
89592662	1474
89592780	1474
89592872	1474
89592999	1474
89593091	1474
89593180	1474
89593297	1474
89593391	1474
90393001	1474
90393095	1474
90393207	1474
90393419	1474
90393652	1474
90393778	1474
90393871	1474
90393967	1474
90394082	1474
90394186	1474
90394279	1474
90394393	1474
90394557	1474
90394650	1474
90394742	1474
90394841	1474
90394957	1474
90395049	1474
91190895	1474
91191010	1474
91191135	1474
91191376	1474
91191471	1474
91191589	1474
91191708	1474
91191804	1474
91191897	1474
91192016	1474
91192137	1474
91192327	1474
91192440	1474
91192561	1474
91192655	1474
91192747	1474
91192841	1474
91994757	1474
91994884	1474
91995009	1474
91995112	1474
91995262	1474
91995489	1474
91995616	1474
91995716	1474
91995822	1474
91996123	1474
91996248	1474
91996368	1474
91996493	1474
91996636	1474
91996736	1474
91996851	1474
91996955	1474
92792876	1474
92792979	1474
92793103	1474
92793202	1474
92793300	1474
92793425	1474
92793529	1474
92793651	1474
92793765	1474
92793899	1474
92794023	1474
92794144	1474
92794242	1474
92794340	1474
92794511	1474
92794652	1474
92794770	1474
93593329	1474
93593434	1474
93593554	1474
93593674	1474
93593770	1474
93593890	1474
93594028	1474
93594164	1474
93594286	1474
93594489	1474
93594645	1474
93594809	1474
93594909	1474
93595038	1474
93595160	1474
93595265	1474
93595358	1474
93595450	1474
94393387	1474
94393478	1474
94393572	1474
94393669	1474
94393793	1474
94393943	1474
94394151	1474
94394290	1474
94394436	1474
94394597	1474
94394695	1474
94394821	1474
94394942	1474
94395063	1474
94395184	1474
94395319	1474
94395441	1474
94395536	1474
95193001	1474
95193120	1474
95193237	1474
95193328	1474
95193419	1474
95193546	1474
95193662	1474
95193754	1474
95193846	1474
95193963	1474
95194078	1474
95194194	1474
95194286	1474
95194396	1474
95194544	1474
95194638	1474
95992915	1474
95993040	1474
95993132	1474
95993251	1474
95993371	1474
95993464	1474
95993584	1474
95993686	1474
95993779	1474
95993896	1474
95994014	1474
95994133	1474
95994224	1474
95994341	1474
95994549	1474
95994676	1474
95994771	1474
95994868	1474
96793088	1474
96793185	1474
96793305	1474
96793398	1474
96793515	1474
96793635	1474
96793728	1474
96793844	1474
96793975	1474
96794096	1474
96794215	1474
96794308	1474
96794459	1474
96794609	1474
96794701	1474
96794794	1474
97593193	1474
97593320	1474
97593428	1474
97593524	1474
97593630	1474
97593730	1474
97593859	1474
97594033	1474
97594169	1474
97594289	1474
97594383	1474
97594562	1474
97594697	1474
97595014	1474
97595149	1474
97595269	1474
97595389	1474
97595485	1474
98393213	1474
98393344	1474
98393466	1474
98393586	1474
98393709	1474
98393939	1474
98394069	1474
98394192	1474
98394319	1474
98394417	1474
98394548	1474
98394648	1474
98394746	1474
98394864	1474
98394959	1474
98395084	1474
98395178	1474
98395298	1474
99192984	1474
99193106	1474
99193228	1474
99193347	1474
99193469	1474
99193573	1474
99193663	1474
99193756	1474
99193853	1474
99193947	1474
99194042	1474
99194162	1474
99194257	1474
99194372	1474
99194545	1474
99194643	1474
99993115	1474
99993212	1474
99993333	1474
99993427	1474
99993547	1474
99993642	1474
99993736	1474
99993867	1474
99993961	1474
99994056	442
110264718	54
110392829	58
110394380	54
110523332	1474
110523635	1474
110527384	1474
110527548	1474
110527751	1474
110527948	1474
110528463	1474
110528855	1474
110529119	1474
110529554	1474
110529903	334
110651048	1474
110651240	1474
110651425	1474
110651595	1474
110651933	1474
110652445	1474
110652728	1474
110653112	1474
110653504	278
110653712	1474
110654117	1474
110654337	1474
110654833	1474
110655241	1474
110655745	1474
110655987	222
110778800	1474
110779055	1474
110779281	1474
110779468	1474
110779731	1474
110779955	1474
110780270	1474
110780462	1474
110780744	1474
110781041	1474
110781302	1474
110781446	1474
110781664	1474
110781953	1474
110782228	1474
110782427	1474
110783011	1474
110783209	1474
110783378	1474
110783725	586
110783939	1474
110784206	82
110907468	1474
110907804	1474
110907917	1474
110908053	1474
110908220	1474
110908354	1474
110908771	1474
110909007	1474
110909390	1474
110909545	306
110909671	1474
110909804	1474
110909897	1474
110910021	1474
110910475	1474
110910894	1474
110911124	1474
110911228	1474
110911353	1474
110911466	1474
110911582	1474
110911877	1474
110912057	1474
110912171	1474
110912295	1474
110912476	1474
110912582	502
110912758	1474
110913038	1474
110913291	1474
110913484	138
111037279	1474
111037776	1474
111038690	1474
111038932	1474
111039068	1474
111039219	1474
111039341	1474
111039688	1474
111039838	1474
111040150	1474
111040888	1474
111041089	362
111041195	1474
111041342	1474
111041491	1474
111041775	1474
111041913	1474
111042287	1474
111042566	1474
111043063	1474
111043380	1474
111043506	1474
111043792	1474
111044016	1474
111044141	1474
111044268	1474
111044395	1474
111044783	1474
111044980	502
111047819	1474
111047948	1474
111048284	1474
111048445	1474
111049012	1474
111049235	1474
111049343	1474
111049441	250
111165349	1474
111165594	1474
111165715	1474
111165872	1474
111166016	1474
111166170	1474
111166514	1474
111166619	1474
111166916	1474
111167046	1474
111167583	1474
111167799	1474
111167955	1474
111168680	1474
111168922	1474
111169056	1474
111169198	1474
111169322	530
111169448	1474
111169612	1474
111169891	1474
111170238	1474
111170346	166
111170490	1474
111170591	1474
111170732	1474
111170848	1474
111170948	166
111171070	1474
111171185	1474
111171350	1474
111171474	1474
111171582	1474
111171696	194
111171848	1474
111171972	1474
111172092	1474
111172214	1474
111172311	1474
111172408	1474
111172531	222
111172652	1474
111172779	1474
111172903	110
111295765	1474
111295931	1474
111296203	1474
111296307	1474
111296402	166
111296541	1474
111296675	1474
111296997	1474
111297297	1474
111297580	1474
111297718	1474
111297823	1474
111297966	1474
111298087	278
111298232	1474
111298331	1474
111298496	1474
111298640	1474
111298758	166
111298867	1474
111299001	1474
111299151	110
111299272	1474
111299394	1474
111299515	1474
111299639	1474
111299780	1474
111299891	1474
111299990	1474
111300112	1474
111300231	1474
111300350	1474
111300446	1474
111300543	1474
111300663	1474
111300792	1474
111300918	1474
111301022	1474
111301125	1474
111301224	1474
111301349	558
111336688	1474
111336945	1474
111337062	1474
111337198	1474
111337319	1474
111337452	1474
111337549	1474
111337686	1474
111337809	1474
111337932	1474
111338046	1474
111338180	1474
111338302	390
111421035	1474
111421300	1474
112081472	1474
112081570	1474
112081751	1474
112081848	1474
112081960	1474
112082097	1474
112082337	1474
112082440	1474
112082670	1474
112082773	1474
112082905	1474
112083021	1474
112083158	1474
112083253	1474
112083389	1474
112083508	1474
112083636	1474
112882972	1474
112883119	1474
112883288	1474
112883536	1474
112883755	1474
112883955	1474
112884094	1474
112884241	1474
112884407	1474
112884545	1474
112884732	1474
112884936	1474
112885130	1474
112885817	1474
112886044	1474
112886188	1474
112886440	1474
113681020	1474
113681147	1474
113681269	1474
113681401	1474
113681516	1474
113681636	1474
113681769	1474
113681874	1474
113681996	1474
113682119	1474
113682240	1474
113682336	1474
113682475	1474
113682633	1474
113682763	1474
113682883	1474
113683005	1474
113683101	1474
114478976	1474
114479216	1474
114479306	1474
114479424	1474
114479512	1474
114479602	1474
114479731	1474
114479824	1474
114479916	1474
114480031	1474
114480152	1474
114480268	1474
114480389	1474
114480480	1474
114480597	1474
114480728	1474
114480845	1474
115281782	1474
115281919	1474
115282041	1474
115282138	1474
115282259	1474
115282490	1474
115282595	1474
115282691	1474
115282787	1474
115282888	1474
115283009	1474
115283134	1474
115283257	1474
115283377	1474
115283473	1474
115283591	1474
115283711	1474
115283842	1474
116079032	1474
116079315	1474
116079416	1474
116079538	1474
116079659	1474
116079780	1474
116079899	1474
116080021	1474
116080161	1474
116080285	1474
116080408	1474
116080531	1474
116080656	1474
116080783	1474
116080906	1474
116081030	1474
116081168	1474
116612331	1474
116612569	1474
116612820	1474
116612988	1474
116613156	1474
116613337	1474
116613476	1474
116613616	1474
116613782	1474
116613921	1474
116614089	1474
116614243	1474
116614410	1474
116614625	1474
116614779	1474
116614942	1474
117412492	1474
117412871	1474
117412996	1474
117413149	1474
117413266	1474
117413392	1474
117413509	1474
117413621	1474
117413724	1474
117413850	1474
117414012	1474
117414113	1474
117414244	1474
117414402	1474
117414549	1474
117414669	1474
117946140	1474
117946554	1474
117946692	1474
117946817	1474
117946944	1474
117947098	1474
117947221	1474
117947353	1474
117947478	1474
117947598	1474
117947715	1474
117947826	1474
117947949	1474
117948068	1474
117948193	1474
117948334	1474
118745679	1474
118745924	1474
118746168	1474
118746276	1474
118746426	1474
118746597	1474
118746725	1474
118746844	1474
118746970	1474
118747094	1474
118747187	1474
118747309	1474
118747457	1474
118747581	1474
118747717	1474
118747812	1474
118747934	1474
118748053	1474
119546308	1474
119546579	1474
119546747	1474
119547004	1474
119547203	1474
119547532	1474
119547721	1474
119547893	1474
119548055	1474
119548203	1474
119548339	1474
119548474	1474
119548609	1474
119548770	1474
119548930	1474
119549090	1474
119549239	1474
120347023	1474
120347326	1474
120347464	1474
120347582	1474
120347700	1474
120347790	1474
120347881	1474
120347976	1474
120348069	1474
120348161	1474
120348290	1474
120348391	1474
120348509	1474
120348601	1474
120348717	1474
120348836	1474
120348953	1474
121146522	1474
121146817	1474
121146933	1474
121147050	1474
121147145	1474
121147237	1474
121147356	1474
121147476	1474
121147600	1474
121147719	1474
121147839	1474
121147933	1474
121148052	1474
121148173	1474
121148266	1474
121148385	1474
121148477	1474
121948027	1474
121948307	1474
121948430	1474
121948524	1474
121948616	1474
121948735	1474
121948838	1474
121948930	1474
121949050	1474
121949138	1474
121949229	1474
121949323	1474
121949417	1474
121949516	1474
121949635	1474
121949728	1474
121949827	1474
121949945	1474
122746606	1474
122746883	1474
122746980	1474
122747115	1474
122747236	1474
122747354	1474
122747449	1474
122747544	1474
122747662	1474
122747778	1474
122747871	1474
122747963	1474
122748069	1474
122748164	1474
122748278	1474
122748372	1474
122748491	1474
122748593	1474
123547002	1474
123547290	1474
123547418	1474
123547512	1474
123547704	1474
123547841	1474
123547983	1474
123548145	1474
123548248	1474
123548344	1474
123548437	1474
123548529	1474
123548620	1474
123548737	1474
123548853	1474
123548969	1474
123549086	1474
124347197	1474
124347448	1474
124347556	1474
124347649	1474
124347767	1474
124347859	1474
124347952	1474
124348069	1474
124348186	1474
124348279	1474
124348395	1474
124348527	1474
124348646	1474
124348763	1474
124348857	1474
124348974	1474
124349066	1474
125152002	1474
125152242	1474
125152367	1474
125152486	1474
125152578	1474
125152685	1474
125152777	1474
125152891	1474
125153009	1474
125153127	1474
125153245	1474
125153363	1474
125153457	1474
125153576	1474
125153676	1474
125153793	1474
125153885	1474
125948565	1474
125948723	1474
125948865	1474
125948962	1474
125949056	1474
125949175	1474
125949295	1474
125949391	1474
125949514	1474
125949635	1474
125949729	1474
125949857	1474
125949956	1474
125950045	1474
125950163	1474
125950256	1474
125950374	1474
126747636	1474
126747996	1474
126748126	1474
126748224	1474
126748342	1474
126748461	1474
126748578	1474
126748671	1474
126748764	1474
126748881	1474
126748974	1474
126749107	1474
126749236	1474
126749342	1474
126749434	1474
126749553	1474
126749672	1474
127547812	1474
127548055	1474
127548178	1474
127548381	1474
127548503	1474
127548598	1474
127548695	1474
127548813	1474
127548932	1474
127549024	1474
127549142	1474
127549259	1474
127549391	1474
127549482	1474
127549600	1474
127549693	1474
127549813	1474
127549904	1474
128348005	1474
128348189	1474
128348361	1474
128348482	1474
128348613	1474
128348731	1474
128348850	1474
128348969	1474
128349087	1474
128349203	1474
128349295	1474
128349388	1474
128349481	1474
128349613	1474
128349739	1474
128349857	1474
129147827	1474
129148124	1474
129148216	1474
129148335	1474
129148428	1474
129148520	1474
129148613	1474
129148731	1474
129148831	1474
129148950	1474
129149067	1474
129149160	1474
129149256	1474
129149349	1474
129149467	1474
129149560	1474
129149679	1474
129948183	1474
129948471	1474
129948566	1474
129948658	1474
129948778	1474
129948867	1474
129949070	1474
129949190	1474
129949309	1474
129949402	1474
129949494	1474
129949588	1474
129949705	1474
129949825	1474
129949944	1474
129950135	1474
129950252	1474
129950370	1474
130748458	1474
130748647	1474
130748828	1474
130748928	1474
130749053	1474
130749185	1474
130749349	1474
130749473	1474
130749576	1474
130749718	1474
130749842	1474
130749985	1474
130750107	1474
130750228	1474
130750388	1474
130750554	1474
130750658	1474
130750758	1474
131548747	1474
131548905	1474
131549192	1474
131549297	1474
131549421	1474
131549567	1474
131549663	1474
131549777	1474
131549913	1474
131550034	1474
131550145	1474
131550268	1474
131550455	1474
131550584	1474
131550684	1474
131550806	1474
131550901	1474
131551082	1474
132348695	1474
132349056	1474
132349194	1474
132349310	1474
132349433	1474
132349536	1474
132349694	1474
132349819	1474
132349956	1474
132350093	1474
132350194	1474
132350293	1474
132350446	1474
132350549	1474
132350665	1474
132350779	1474
132350902	1474
133148755	1474
133148920	1474
133149133	1474
133149240	1474
133149358	1474
133149475	1474
133149610	1474
133149741	1474
133149873	1474
133149977	1474
133150098	1474
133150223	1474
133150323	1474
133150420	1474
133150597	1474
133150685	1474
133948989	1474
133949270	1474
133949401	1474
133949649	1474
133949961	1474
133950111	1474
133950259	1474
133950359	1474
133950554	1474
133950669	1474
133950787	1474
133950914	1474
133951049	1474
133951143	1474
133951266	1474
133951359	1474
133951481	1474
133951604	1474
134749185	1474
134749493	1474
134749595	1474
134749735	1474
134749835	1474
134749950	1474
134750078	1474
134750176	1474
134750317	1474
134750505	1474
134750633	1474
134750722	1474
134750825	1474
134750947	1474
134751085	1474
134751181	1474
134751292	1474
135549204	1474
135549524	1474
135549763	1474
135549872	1474
135550002	1474
135550175	1474
135550488	1474
135550637	1474
135550760	1474
135550885	1474
135550987	1474
135551089	1474
135551208	1474
135551349	1474
135551463	1474
135551603	1474
135551733	1474
136349134	1474
136349541	1474
136349673	1474
136349823	1474
136349947	1474
136350266	1474
136350399	1474
136350565	1474
136350674	1474
136350855	1474
136351002	1474
136351104	1474
136351251	1474
136351350	1474
136351446	1474
136351571	1474
136351679	1474
137149824	1474
137150015	1474
137150246	1474
137150348	1474
137150519	1474
137150627	1474
137150775	1474
137150880	1474
137150985	1474
137151086	1474
137151186	1474
137151284	1474
137151408	1474
137151532	1474
137151631	1474
137151731	1474
137151855	1474
137151985	1474
137949072	1474
137949336	1474
137949558	1474
137949690	1474
137949789	1474
137949917	1474
137950017	1474
137950143	1474
137950285	1474
137950384	1474
137950556	1474
137950702	1474
137950833	1474
137950932	1474
137951056	1474
137951155	1474
137951294	1474
137951419	1474
138749821	1474
138750133	1474
138750263	1474
138750413	1474
138750612	1474
138750948	1474
138751096	1474
138751194	1474
138751431	1474
138751536	1474
138751633	1474
138751757	1474
138751869	1474
138752010	1474
138752108	1474
138752235	1474
138752336	1474
139550461	1474
139550739	1474
139550880	1474
139551005	1474
139551145	1474
139551271	1474
139551578	1474
139551787	1474
139551908	1474
139552026	1474
139552148	1474
139552266	1474
139552367	1474
139552504	1474
139552637	1474
139552784	1474
139552891	1474
139552989	1474
140350573	1474
140350857	1474
140350985	1474
140351078	1474
140351174	1474
140351297	1474
140351412	1474
140351528	1474
140351648	1474
140351763	1474
140351923	1474
140352046	1474
140352140	1474
140352260	1474
140352358	1474
140352483	1474
140352604	1474
140352727	1474
141417188	1474
141417411	1474
141417542	1474
141417701	1474
141417819	1474
141417965	1474
141418221	1474
141418323	1474
141418595	1474
141418703	1474
141418853	1474
141418975	1474
141419071	1474
141419200	1474
141419338	1474
141419459	1474
141419584	1474
141419680	1474
142221186	1474
142221335	1474
142221444	1474
142221543	1474
142221667	1474
142221795	1474
142222074	1474
142222203	1474
142222335	1474
142222471	1474
142222752	1474
142222853	1474
142223082	1474
142223214	1474
142223571	1474
142223969	1474
142224242	1474
142224385	1474
143017248	1474
143017762	1474
143017891	1474
143018045	1474
143018189	1474
143018321	1474
143018662	1474
143018781	1474
143018883	1474
143019004	1474
143019138	1474
143019283	1474
143019380	1474
143019491	1474
143019592	1474
143019694	1474
143019831	1474
143019948	1474
143819814	1474
143819944	1474
143820065	1474
143820177	1474
143820297	1474
143820419	1474
143820541	1474
143820677	1474
143820802	1474
143820896	1474
143820992	1474
143821110	1474
143821209	1474
143821334	1474
143821481	1474
143821604	1474
143821729	1474
143821890	1474
144620540	1474
144620829	1474
144620956	1474
144621141	1474
144621239	1474
144621357	1474
144621485	1474
144621585	1474
144621710	1474
144621806	1474
144621905	1474
144622014	1474
144622116	1474
144622214	1474
144622338	1474
144622453	1474
144622645	1474
145420059	1474
145420153	1474
145420257	1474
145420358	1474
145420480	1474
145420622	1474
145420721	1474
145420842	1474
145420933	1474
145421073	1474
145421173	1474
145421284	1474
145421409	1474
145421533	1474
145421659	1474
145421802	1474
145421937	1474
145422055	1474
146218305	1474
146218703	1474
146218798	1474
146218921	1474
146219043	1474
146219171	1474
146219302	1474
146219400	1474
146219510	1474
146219598	1474
146219698	1474
146219798	1474
146219896	1474
146220009	1474
146220154	1474
146220276	1474
146220412	1474
147017980	1474
147018234	1474
147018359	1474
147018539	1474
147018639	1474
147018782	1474
147018912	1474
147019024	1474
147019136	1474
147019260	1474
147019392	1474
147019504	1474
147019627	1474
147019725	1474
147019849	1474
147019946	1474
147020077	1474
147020183	1474
147818142	1474
147818486	1474
147818656	1474
147818785	1474
147818905	1474
147819234	1474
147819366	1474
147819508	1474
147819645	1474
147819767	1474
147819860	1474
147819966	1474
147820064	1474
147820190	1474
147820332	1474
147820443	1474
147820565	1474
147820708	1474
148618735	1474
148619000	1474
148619130	1474
148619232	1474
148619355	1474
148619465	1474
148619613	1474
148619712	1474
148619841	1474
148619940	1474
148620074	1474
148620216	1474
148620349	1474
148620467	1474
148620586	1474
148620681	1474
148620797	1474
149420854	1474
149420963	1474
149421085	1474
149421210	1474
149421310	1474
149421427	1474
149421552	1474
149421675	1474
149421773	1474
149421870	1474
149421991	1474
149422090	1474
149422212	1474
149422354	1474
149422497	1474
149422684	1474
149422782	1474
150218589	1474
150218862	1474
150218957	1474
150219053	1474
150219174	1474
150219293	1474
150219414	1474
150219508	1474
150219643	1474
150219758	1474
150219853	1474
150219965	1474
150220057	1474
150220177	1474
150220302	1474
150220422	1474
150220518	1474
150220661	1474
151019476	1474
151019780	1474
151019878	1474
151020025	1474
151020154	1474
151020452	1474
151020564	1474
151020715	1474
151020909	1474
151021023	1474
151021144	1474
151021269	1474
151021410	1474
151021510	1474
151021650	1474
151021765	1474
151021891	1474
151022021	1474
151819289	1246
162821344	54
162950252	58
162951897	54
163086929	1474
163087221	1474
163091059	1474
163091233	1474
163091472	1474
163092379	1474
163092626	1474
163092751	1474
163092905	1474
163093508	1474
163093700	334
163217372	1474
163217566	1474
163217664	1474
163217758	1474
163217852	1474
163217951	1474
163218045	1474
163218247	1474
163218407	1474
163218785	1474
163218946	1474
163219205	1474
163219328	390
163348350	1474
163348453	1474
163348577	1474
163348670	1474
163348791	1474
163349055	194
163349237	1474
163349747	1474
163349897	1474
163350574	1474
163350775	1474
163350971	1474
163351105	1474
163351224	1474
163351321	1474
163351565	1474
163351911	1474
163352130	1474
163352234	1474
163352354	1474
163352492	1474
163352615	474
163476787	1474
163477054	1474
163477182	1474
163477406	1474
163477543	1474
163477719	1474
163477841	1474
163478078	1474
163478425	1474
163478677	306
163478815	1474
163479144	82
163479371	1474
163479570	1474
163479699	110
163479797	1474
163479894	1474
163479995	1474
163480334	1474
163480476	166
163480699	1474
163480802	1474
163480952	1474
163481080	1474
163481378	166
163481690	1474
163481885	1474
163481989	1474
163482115	1474
163482212	1474
163482681	1474
163482885	222
163482988	1474
163483085	1474
163483295	110
163606615	1474
163606713	1474
163606808	1474
163606931	1474
163607097	1474
163607236	194
163607550	1474
163607747	1474
163607938	1474
163608383	138
163608541	1474
163608709	1474
163608930	1474
163609087	1474
163609299	166
163609414	1474
163609523	1474
163609738	1474
163609841	1474
163609962	166
163610175	1474
163610348	1474
163610530	110
163610762	1474
163610869	1474
163611097	1474
163611229	1474
163611415	1474
163611526	1474
163611647	1474
163611867	250
163611975	1474
163612171	1474
163612301	1474
163612425	1474
163612711	1474
163612859	1474
163612986	1474
163613153	1474
163613251	1474
163613371	1474
163613575	1474
163613729	362
163735129	1474
163735252	1474
163735349	1474
163735465	1474
163735565	1474
163735687	1474
163735812	222
163736034	1474
163736141	1474
163736354	1474
163736528	1474
163736647	1474
163736852	194
163736993	1474
163737327	82
163737520	1474
163737658	1474
163738168	110
163738316	1474
163738616	1474
163738769	1474
163738897	1474
163739078	1474
163739201	194
163739322	1474
163739416	1474
163739543	1474
163739640	1474
163739735	1474
163739829	1474
163739946	1474
163740064	1474
163740186	1474
163740278	1474
163740395	1474
163740488	1474
163740593	1474
163740687	1474
163740780	446
163740899	1474
163740994	1474
163741086	1474
163741178	1474
163741295	1474
163741412	1474
163741530	1474
163741634	1474
163741754	1474
163741874	1474
163741991	1474
163742111	362
163859955	1474
163860382	1474
163860592	1474
163860698	1474
163860797	1474
163860921	1474
163861018	1474
163861143	1474
163861271	278
163861373	1474
163861470	82
163861602	1474
163861702	82
163861826	1474
163861953	1474
163862080	1474
163862179	1474
163862305	1474
163862487	194
163862597	1474
163862726	1474
163862827	1474
163862923	1474
163863050	1474
163863148	1474
163863273	1474
163863372	1474
163863497	1474
163887666	1474
163888099	1474
163888292	1474
163888478	390
163888638	1474
163888779	1474
163888917	1474
163889083	1474
163889222	1474
163889409	1474
163889617	1474
163889783	1474
163889922	1474
163890089	1474
163890245	1474
163890423	1474
163890609	1474
163890780	1474
163890916	1474
164688520	1474
164688799	1474
164688944	1474
164689114	1474
164689333	1474
164689500	1474
164689689	1474
164689853	1474
164690018	1474
164690185	1474
164690323	1474
164690464	1474
164690709	1474
164690854	1474
164691021	1474
164691160	1474
164691302	1474
164694421	1474
165488166	1474
165488364	1474
165488572	1474
165488701	1474
165488825	1474
165488951	1474
165489189	1474
165489293	1474
165489391	1474
165489482	1474
165489688	1474
165489802	1474
165490006	1474
165490146	1474
165490242	1474
165490335	1474
165492492	1474
166022155	1474
166022495	1474
166022622	1474
166022743	1474
166022840	1474
166022958	1474
166023076	1474
166023171	1474
166023278	1474
166023395	1474
166023486	1474
166023579	1474
166023673	1474
166023790	1474
166023886	1474
166023980	1474
166824243	1474
166824447	1474
166824541	1474
166824636	1474
166824728	1474
166824825	1474
166824946	1474
166825039	1474
166825133	1474
166825252	1474
166825390	1474
166825512	1474
166825631	1474
166825751	1474
167355345	1474
167355621	1474
167355740	1474
167355861	1474
167355955	1474
167356050	1474
167356145	1474
167356266	1474
167356384	1474
167356517	1474
167356615	1474
167356716	1474
167356812	1474
167356908	1474
167357027	1474
167357123	1474
168156208	1474
168156494	1474
168156593	1474
168156709	1474
168156804	1474
168156901	1474
168156995	1474
168157090	1474
168157188	1474
168157307	1474
168157433	1474
168157528	1474
168157645	1474
168157767	1474
168157891	1474
168157982	1474
168957179	1474
168957567	1474
168957667	1474
168957811	1474
168957947	1474
168958068	1474
168958163	1474
168958253	1474
168958372	1474
168958520	1474
168958665	1474
168958782	1474
168958977	1474
168959067	1474
168959171	1474
168959268	1474
169491608	1474
169491733	1474
169491858	1474
169492039	1474
169492190	1474
169492315	1474
169492603	1474
169492707	1474
169492808	1474
169492934	1474
169493075	1474
169493199	1474
169493317	1474
169493428	1474
169493552	1474
169493677	1474
169493802	1474
170289599	1474
170289754	1474
170289953	1474
170290102	1474
170290249	1474
170290567	1474
170290702	1474
170290806	1474
170290928	1474
170291179	1474
170291316	1474
170291426	1474
170291547	1474
170291661	1474
170291761	1474
170291899	1474
170292022	1474
170822835	1474
170823022	1474
170823268	1474
170823373	1474
170823632	1474
170823744	1474
170823867	1474
170824007	1474
170824120	1474
170824239	1474
170824368	1474
170824531	1474
170824630	1474
170824753	1474
171622908	1474
171623095	1474
171623328	1474
171623452	1474
171623596	1474
171623725	1474
171623951	1474
171624046	1474
171624169	1474
171624459	1474
171624597	1474
171624748	1474
171624892	1474
171624991	1474
171625115	1474
171625249	1474
171627766	1474
172423449	1474
172423608	1474
172423893	1474
172424036	1474
172424187	1474
172424458	1474
172424591	1474
172424709	1474
172424841	1474
172424970	1474
172425081	1474
172425205	1474
172425306	1474
172425431	1474
172425567	1474
172425688	1474
173223791	1474
173224256	1474
173224375	1474
173224468	1474
173224581	1474
173224712	1474
173224887	1474
173225026	1474
173225113	1474
173225227	1474
173225360	1474
173225471	1474
173225584	1474
173225706	1474
173225846	1474
173225941	1474
174023281	1474
174023745	1474
174024067	1474
174024292	1474
174024409	1474
174024528	1474
174024622	1474
174024745	1474
174024843	1474
174024968	1474
174025064	1474
174025187	1474
174025303	1474
174025423	1474
174025561	1474
174025662	1474
174025782	1474
174824101	1474
174824283	1474
174824547	1474
174824786	1474
174824914	1474
174825054	1474
174825175	1474
174825296	1474
174825394	1474
174825516	1474
174825651	1474
174825766	1474
174825865	1474
174825963	1474
174826058	1474
174826154	1474
174826275	1474
174826418	1474
175623755	1474
175623924	1474
175624180	1474
175624304	1474
175624551	1474
175624681	1474
175624821	1474
175624942	1474
175625041	1474
175625162	1474
175625260	1474
175625372	1474
175625468	1474
175625592	1474
175625689	1474
175625835	1474
175625972	1474
176424116	1474
176424594	1474
176424943	1474
176425049	1474
176425153	1474
176425251	1474
176425351	1474
176425468	1474
176425565	1474
176425663	1474
176425790	1474
176425898	1474
176426022	1474
176426154	1474
176426254	1474
176426377	1474
176426552	1474
177223891	1474
177224087	1474
177224377	1474
177224477	1474
177224707	1474
177224814	1474
177224919	1474
177225041	1474
177225140	1474
177225257	1474
177225378	1474
177225478	1474
177225602	1474
177225725	1474
177225848	1474
177225973	1474
177226097	1474
177226221	1474
178024059	1474
178024231	1474
178024357	1474
178024466	1474
178024592	1474
178024797	1474
178024898	1474
178025018	1474
178025137	1474
178025257	1474
178025354	1474
178025487	1474
178025605	1474
178025725	1474
178025818	1474
178025911	1474
178026030	1474
178026148	1474
178824457	1474
178824735	1474
178824829	1474
178824924	1474
178825038	1474
178825129	1474
178825248	1474
178825366	1474
178825483	1474
178825600	1474
178825804	1474
178825922	1474
178826015	1474
178826108	1474
178826201	1474
178826294	1474
178826410	1474
178826579	1474
179624247	1474
179624456	1474
179624560	1474
179624657	1474
179624892	1474
179625040	1474
179625165	1474
179625331	1474
179625428	1474
179625522	1474
179625614	1474
179625732	1474
179625825	1474
179625931	1474
179626050	1474
179626170	1474
179626287	1474
179626470	1474
180425043	1474
180425322	1474
180425444	1474
180425562	1474
180425681	1474
180425774	1474
180425892	1474
180425986	1474
180426110	1474
180426229	1474
180426367	1474
180426523	1474
180426618	1474
180426711	1474
180426830	1474
180426947	1474
180427039	1474
181225121	1474
181225437	1474
181226341	1474
181226798	1474
181228667	1474
181228863	1474
181229031	1474
181229317	1474
181229428	1474
181229747	1474
181229993	1474
181230162	1474
181230266	1474
181230835	1474
181230976	1474
181231353	1474
181231515	1474
182025008	1474
182025241	1474
182025363	1474
182025481	1474
182025582	1474
182025701	1474
182025820	1474
182025912	1474
182026003	1474
182026096	1474
182026188	1474
182026306	1474
182026456	1474
182026604	1474
182026699	1474
182026792	1474
182026910	1474
182824872	1474
182825139	1474
182825263	1474
182825388	1474
182825509	1474
182825628	1474
182825808	1474
182825905	1474
182826000	1474
182826095	1474
182826216	1474
182826310	1474
182826442	1474
182826707	1474
182826817	1474
182826919	1474
182827013	1474
182827136	1474
183625230	1474
183625380	1474
183625505	1474
183625627	1474
183625747	1474
183625843	1474
183625937	1474
183626138	1474
183626234	1474
183626401	1474
183626571	1474
183626667	1474
183626786	1474
183626907	1474
183627006	1474
183627114	1474
183627237	1474
183627334	1474
184425779	1474
184425995	1474
184426157	1474
184426289	1474
184426642	1474
184426903	1474
184427051	1474
184427166	1474
184427263	1474
184427377	1474
184427500	1474
184427643	1474
184427763	1474
184427888	1474
184428002	1474
184428126	1474
184428251	1474
185225764	1474
185226081	1474
185226208	1474
185226331	1474
185226574	1474
185226909	1474
185227015	1474
185227112	1474
185227234	1474
185227336	1474
185227442	1474
185227569	1474
185227691	1474
185227790	1474
185227921	1474
185228045	1474
185228180	1474
186025611	1474
186025863	1474
186025986	1474
186026107	1474
186026205	1474
186026367	1474
186026541	1474
186026649	1474
186026773	1474
186026888	1474
186027012	1474
186027112	1474
186027233	1474
186027331	1474
186027437	1474
186027545	1474
186027681	1474
186825748	1474
186826036	1474
186826162	1474
186826262	1474
186826364	1474
186826569	1474
186826697	1474
186826821	1474
186826937	1474
186827063	1474
186827189	1474
186827313	1474
186827436	1474
186827534	1474
186827660	1474
186827760	1474
186827876	1474
187626063	1474
187626241	1474
187626650	1474
187626763	1474
187627039	1474
187627154	1474
187627292	1474
187627428	1474
187627552	1474
187627649	1474
187627766	1474
187627889	1474
187627997	1474
187628097	1474
187628214	1474
187628337	1474
187628454	1474
187628576	1474
188426061	1474
188426387	1474
188426593	1474
188426723	1474
188426846	1474
188426965	1474
188427224	1474
188427363	1474
188427464	1474
188427588	1474
188427683	1474
188427807	1474
188427944	1474
188428068	1474
188428160	1474
188428264	1474
188428403	1474
188428531	1474
189226671	1474
189227109	1474
189227211	1474
189227336	1474
189227461	1474
189227595	1474
189227710	1474
189227803	1474
189227927	1474
189228066	1474
189228205	1474
189228305	1474
189228430	1474
189228534	1474
189228667	1474
189228767	1474
190026845	1474
190027171	1474
190027308	1474
190027414	1474
190027538	1474
190027644	1474
190027793	1474
190027895	1474
190028021	1474
190028118	1474
190028218	1474
190028341	1474
190028473	1474
190028596	1474
190028707	1474
190028816	1474
190028924	1474
190826487	1474
190826756	1474
190826886	1474
190827019	1474
190827138	1474
190827238	1474
190827361	1474
190827457	1474
190827553	1474
190827649	1474
190827771	1474
190827880	1474
190827979	1474
190828083	1474
190828205	1474
190828314	1474
190828428	1474
191626685	1474
191626945	1474
191627067	1474
191627183	1474
191627276	1474
191627409	1474
191627526	1474
191627644	1474
191627762	1474
191627857	1474
191627978	1474
191628073	1474
191628191	1474
191628294	1474
191628390	1474
191628508	1474
191628602	1474
191628695	1474
192427824	1474
192428162	1474
192428305	1474
192428422	1474
192428535	1474
192428669	1474
192428796	1474
192428896	1474
192428999	1474
192429168	1474
192429271	1474
192429408	1474
192429549	1474
192429655	1474
192429780	1474
192429891	1474
192429992	1474
192430128	1474
193227744	1474
193228076	1474
193228190	1474
193228320	1474
193228418	1474
193228532	1474
193228762	1474
193228899	1474
193229047	1474
193229146	1474
193229278	1474
193229384	1474
193229507	1474
193229603	1474
193229712	1474
193229805	1474
193229903	1474
194029375	1474
194029707	1474
194029812	1474
194029932	1474
194030199	1474
194030471	1474
194030604	1474
194030694	1474
194030833	1474
194030963	1474
194031087	1474
194031191	1474
194031314	1474
194031411	1474
194031535	1474
194031659	1474
194031786	1474
194031908	1474
194827433	1474
194827621	1474
194827714	1474
194827823	1474
194827948	1474
194828045	1474
194828262	1474
194828447	1474
194828537	1474
194828656	1474
194828770	1474
194828891	1474
194829011	1474
194829124	1474
194829282	1474
194829387	1474
194829527	1474
194829626	1474
195627572	1474
195627862	1474
195627978	1474
195628236	1474
195628340	1474
195628480	1474
195628610	1474
195628727	1474
195628860	1474
195628957	1474
195629097	1474
195629190	1474
195629284	1474
195629389	1474
195629502	1474
195629628	1474
195629718	1474
195629841	1474
196694386	1474
196694658	1474
196694800	1474
196694907	1474
196695026	1474
196695323	1474
196695454	1474
196695555	1474
196695655	1474
196695756	1474
196695856	1474
196695968	1474
196696093	1474
196696191	1474
196696316	1474
196696454	1474
196696578	1474
196696700	1474
197227375	1474
197227621	1474
197228033	1474
197228412	1474
197228588	1474
197228718	1474
197228888	1474
197228988	1474
197229118	1474
197229243	1474
197229342	1474
197229438	1474
197229561	1474
197229663	1474
197229785	1474
197229897	1474
198028560	1474
198028856	1474
198028961	1474
198029092	1474
198029236	1474
198029339	1474
198029443	1474
198029546	1474
198029655	1474
198029782	1474
198029882	1474
198029989	1474
198030128	1474
198030259	1474
198030428	1474
198030594	1474
198828200	1474
198828529	1474
198828903	1474
198829037	1474
198829360	1474
198829488	1474
198829624	1474
198829886	1474
198830014	1474
198830141	1474
198830244	1474
198830381	1474
198830570	1474
198830687	1474
198830818	1474
198830917	1474
198831040	1474
199630865	1474
199631116	1474
199631240	1474
199631374	1474
199631499	1474
199631744	1474
199631887	1474
199631991	1474
199632114	1474
199632246	1474
199632361	1474
199632620	1474
199632758	1474
199632879	1474
199633000	1474
199633139	1474
200163949	1474
200164080	1474
200164203	1474
200164323	1474
200164482	1474
200164790	1474
200164893	1474
200165025	1474
200165156	1474
200165260	1474
200165363	1474
200165467	1474
200165597	1474
200165757	1474
200165882	1474
200166013	1474
200961660	1474
200961952	1474
200962079	1474
200962203	1474
200962351	1474
200962445	1474
200962800	1474
200962942	1474
200963070	1474
200963168	1474
200963425	1474
200963589	1474
200963693	1474
200963829	1474
200963934	1474
200964078	1474
200966388	1474
201762162	1474
201762494	1474
201762625	1474
201762758	1474
201762887	1474
201763011	1474
201763271	1474
201763404	1474
201763546	1474
201763682	1474
201763804	1474
201763940	1474
201764039	1474
201764153	1474
201764279	1474
201764403	1474
201764525	1474
202564416	1474
202564535	1474
202564631	1474
202564757	1474
202564885	1474
202565129	1474
202565260	1474
202565384	1474
202565520	1474
202565653	1474
202565749	1474
202565846	1474
202565968	1474
202566087	1474
202566209	1474
202566307	1474
203363196	1474
203363832	1474
203364009	1474
203364262	1474
203364488	1474
203364671	1474
203364841	1474
203365146	1474
203365346	1474
203365557	1474
203365713	1474
203365854	1474
203365993	1474
203366158	1474
203366325	1442
215898691	54
216026637	58
216027973	54
216155973	1474
216156223	1474
216157303	1474
216157479	1474
216158587	1474
216158738	1474
216158877	1474
216159016	1474
216159851	1474
216160081	1474
216160339	334
216283784	1474
216283961	1474
216284134	110
216284338	1474
216284661	1474
216284874	110
216285122	1474
216285425	82
216285620	1474
216285861	82
216286114	1474
216286444	82
216286722	1474
216287062	1474
216287300	1474
216287570	1474
216287771	1474
216288065	1474
216288264	1474
216288528	250
216411795	1474
216412210	1474
216412448	1474
216412684	1474
216413472	1474
216413702	1474
216413896	1474
216414155	1474
216414424	1474
216414721	1474
216414981	1474
216415203	362
216415411	1474
216415604	82
216415750	1474
216415980	82
216416171	1474
216416443	1474
216416665	1474
216416898	1474
216417093	166
216417288	1474
216417488	1474
216417739	110
216417984	1474
216418321	1474
216422172	1474
216422340	1474
216422494	166
216422740	1474
216423149	82
216540596	1474
216541110	1474
216541386	1474
216541633	1474
216541887	1474
216541991	1474
216542575	1474
216544097	250
216545131	1474
216546006	82
216546351	1474
216546623	82
216547169	1474
216547368	1474
216547581	1474
216548158	1474
216548490	1474
216549221	1474
216549818	222
216550066	1474
216550210	1474
216550378	1474
216551045	138
216551390	1474
216551613	1474
216551849	1474
216552045	138
216552350	1474
216552693	82
216552806	1474
216553290	1474
216553408	110
216561827	1474
216561977	1474
216562222	1474
216562419	1474
216562868	1474
216564257	1474
216564946	1474
216565242	1474
216565532	278
216579362	1474
216579635	1474
216579735	110
216666980	1474
216667137	1474
216667356	1474
216667470	1474
216667568	166
216667678	1474
216667802	1474
216668047	1474
216668220	1474
216668488	1474
216668641	1474
216668749	1474
216668948	1474
216669078	278
216669204	1474
216669454	1474
216669649	1474
216669778	1474
216669930	1474
216670057	194
216670278	1474
216670450	1474
216670711	1474
216670823	1474
216671056	166
216671158	1474
216671285	1474
216671510	1474
216671616	138
216671819	1474
216671949	1474
216672224	1474
216672590	1474
216672706	1474
216672916	1474
216673049	222
216673254	1474
216673389	1474
216673610	1474
216673737	138
216674006	1474
216674313	1474
216674534	1474
216674665	1474
216674857	1474
216674979	1474
216675204	1474
216675332	250
216707042	1474
216707198	1474
216707369	110
216795060	1474
216795265	1474
216795362	1474
216795464	1474
216795563	1474
216795685	1474
216795777	1474
216795900	1474
216796135	1474
216796310	1474
216796733	1474
216797011	1474
216797400	1474
216797610	1474
216797705	1474
216797822	474
216797942	1474
216798039	1474
216798130	1474
216798245	1474
216798337	1474
216798496	1474
216798621	1474
216798715	1474
216798813	1474
216798908	1474
216798999	1474
216799117	1474
216799214	1474
216799308	1474
216799405	1474
216799538	474
216801607	1474
216801702	1474
216801821	1474
216801941	1474
216802035	1474
216802130	1474
216802247	1474
216802388	1474
216802558	1474
216802680	1474
216802797	1474
216802892	1474
216803014	1474
216803132	1474
216803252	446
216836846	1474
216837091	1474
216837189	1474
216837280	1474
216837367	1474
216837501	1474
216837598	1474
216837691	1474
216837777	1474
216837869	1474
216837986	1474
216838105	1474
216838198	1474
216838317	1474
216838437	446
216922768	1474
216922953	1474
216923245	110
216925354	1474
216925450	1474
216925557	1474
216925677	1474
216925774	1474
216925893	1474
217490164	1474
217490509	1474
217490788	1474
217491030	1474
217491202	1474
217491325	1474
217491446	1474
217491570	1474
217491786	1474
217491982	1474
217492219	1474
217492343	1474
217492485	1474
217492615	1474
217492778	1474
218291182	1474
218291423	1474
218291552	1474
218291663	1474
218291805	1474
218292157	1474
218292307	1474
218292443	1474
218292652	1474
218292751	1474
218292864	1474
218293031	1474
218293166	1474
218293289	1474
218293383	1474
218826417	1474
218826631	1474
218826898	1474
218827169	1474
218827315	1474
218827451	1474
218827615	1474
218827776	1474
218827938	1474
218828080	1474
218828221	1474
218828358	1474
218828519	1474
218828678	1474
219356771	1474
219356955	1474
219357138	1474
219357505	1474
219357696	1474
219357929	1474
219358070	1474
219358242	1474
219358397	1474
219358587	1474
219358756	1474
219358918	1474
219359048	1474
219359215	1474
219890755	1474
219891013	1474
219891155	1474
219891256	1474
219891367	1474
219891591	1474
219891721	1474
219891846	1474
219891988	1474
219892088	1474
219892213	1474
219892479	1474
219892587	1474
219892687	1474
219892812	1474
220691194	1474
220691549	1474
220691722	1474
220691906	1474
220692112	1474
220692371	1474
220692610	1474
220692844	1474
220693023	1474
220693188	1474
220693351	1474
220693513	1474
220693682	1474
220693847	1474
220694028	1474
220694190	1474
221491054	1474
221491276	1474
221491443	1474
221491671	1474
221491887	1474
221492077	1474
221492215	1474
221492376	1474
221492511	1474
221492674	1474
221492934	1474
221493150	1474
221493378	1474
221493522	1474
221493710	1474
221493924	1474
222026911	1474
222027062	1474
222027229	1474
222027400	1474
222027595	1474
222027814	1474
222027980	1474
222028127	1474
222028267	1474
222028431	1474
222028570	1474
222028711	1474
222028879	1474
222029043	1474
222029192	1474
222029378	1474
222824462	1474
222824657	1474
222824952	1474
222825165	1474
222825483	1474
222825621	1474
222825805	1474
222825971	1474
222826110	1474
222826249	1474
222826428	1474
222826638	1474
222826813	1474
222826954	1474
222827118	1474
222827258	1474
222827409	1474
222827547	1474
223624754	1474
223624932	1474
223625071	1474
223625298	1474
223625492	1474
223625713	1474
223625880	1474
223626044	1474
223626183	1474
223626349	1474
223626567	1474
223626717	1474
223626853	1474
223627016	1474
223627172	1474
223627336	1474
223627498	1474
224425214	1474
224425396	1474
224425563	1474
224425778	1474
224425974	1474
224426255	1474
224426600	1474
224426755	1474
224426896	1474
224427060	1474
224427199	1474
224427337	1474
224427476	1474
224427616	1474
224427785	1474
224427951	1474
224428089	1474
224428252	1474
225226541	1474
225226827	1474
225226980	1474
225227178	1474
225227375	1474
225227605	1474
225227774	1474
225227940	1474
225228120	1474
225228285	1474
225228426	1474
225228590	1474
225228729	1474
225228918	1474
225229101	1474
225229266	1474
225229431	1474
226025250	1474
226025501	1474
226026048	1474
226026303	1474
226026745	1474
226026891	1474
226027056	1474
226027229	1474
226027381	1474
226027546	1474
226027681	1474
226027818	1474
226028002	1474
226028170	1474
226028325	1474
226028463	1474
226028602	1474
226028740	1474
226825491	1474
226825788	1474
226825951	1474
226826116	1474
226826322	1474
226826577	1474
226826824	1474
226826968	1474
226827108	1474
226827271	1474
226827410	1474
226827587	1474
226827725	1474
226827862	1474
226827996	1474
226828133	1474
226828273	1474
226828409	1474
227625412	1474
227625565	1474
227625839	1474
227626032	1474
227626346	1474
227626558	1474
227626790	1474
227627035	1474
227627177	1474
227627339	1474
227627476	1474
227627645	1474
227627782	1474
227627943	1474
227628103	1474
227628238	1474
227628398	1474
228425379	1474
228425586	1474
228425815	1474
228426093	1474
228426271	1474
228426386	1474
228426913	1474
228427057	1474
228427182	1474
228427289	1474
228427392	1474
228427493	1474
228427591	1474
228427714	1474
228427814	1474
228427927	1474
228428064	1474
228428173	1474
229226086	1474
229226304	1474
229226410	1474
229226615	1474
229226854	1474
229227187	1474
229227293	1474
229227426	1474
229227551	1474
229227652	1474
229227751	1474
229227849	1474
229227948	1474
229228081	1474
229228181	1474
229228308	1474
229228432	1474
230027242	1474
230027414	1474
230027558	1474
230027745	1474
230027986	1474
230028174	1474
230028408	1474
230028544	1474
230028677	1474
230028784	1474
230028890	1474
230028996	1474
230029103	1474
230029249	1474
230029416	1474
230029515	1474
230029682	1474
230029825	1474
231094113	1474
231094307	1474
231094425	1474
231094613	1474
231094721	1474
231094832	1474
231094954	1474
231095043	1474
231095138	1474
231095240	1474
231095336	1474
231095471	1474
231095567	1474
231095688	1474
231095800	1474
231095927	1474
231096046	1474
231096150	1474
231893638	1474
231893795	1474
231893893	1474
231894055	1474
231894153	1474
231894249	1474
231894369	1474
231894527	1474
231894627	1474
231894724	1474
231894821	1474
231894951	1474
231895081	1474
231895179	1474
231895300	1474
231895395	1474
231895517	1474
231895616	1474
232693148	1474
232693305	1474
232693513	1474
232693610	1474
232693827	1474
232693927	1474
232694022	1474
232694142	1474
232694277	1474
232694452	1474
232694589	1474
232694690	1474
232694785	1474
232694906	1474
232695019	1474
232695137	1474
232695270	1474
233494464	1474
233494613	1474
233494735	1474
233494851	1474
233494971	1474
233495089	1474
233495284	1474
233495377	1474
233495509	1474
233495605	1474
233495724	1474
233495817	1474
233495914	1474
233496030	1474
233496150	1474
233496237	1474
233496329	1474
234027999	1474
234028096	1474
234028217	1474
234028310	1474
234028428	1474
234028620	1474
234028722	1474
234028813	1474
234028909	1474
234029001	1474
234029227	1474
234029349	1474
234029467	1474
234029595	1474
234029690	1474
234029784	1474
234029876	1474
234827105	1474
234827235	1474
234827331	1474
234827543	1474
234827650	1474
234827771	1474
234827864	1474
234827983	1474
234828076	1474
234828168	1474
234828287	1474
234828405	1474
234828498	1474
234828591	1474
234828723	1474
234828816	1474
234828933	1474
235894351	1474
235894514	1474
235894643	1474
235894784	1474
235894887	1474
235895097	1474
235895224	1474
235895318	1474
235895438	1474
235895531	1474
235895649	1474
235895742	1474
235895860	1474
235895963	1474
235896084	1474
235896178	1474
235896271	1474
235896389	1474
236694156	1474
236694352	1474
236694533	1474
236694660	1474
236694805	1474
236694954	1474
236695197	1474
236695293	1474
236695416	1474
236695533	1474
236695650	1474
236695811	1474
236695955	1474
236696188	1474
236696316	1474
236696444	1474
236696568	1474
236696693	1474
237495969	1474
237496160	1474
237496277	1474
237496400	1474
237496513	1474
237496610	1474
237496733	1474
237496831	1474
237496927	1474
237497059	1474
237497200	1474
237497322	1474
237497419	1474
237497530	1474
237497629	1474
237497731	1474
237497853	1474
238294902	1474
238295027	1474
238295152	1474
238295270	1474
238295391	1474
238295517	1474
238295674	1474
238295956	1474
238296111	1474
238296372	1474
238296501	1474
238296623	1474
238296736	1474
238296860	1474
238296956	1474
238297064	1474
238297200	1474
238830230	1474
238830551	1474
238830670	1474
238830764	1474
238830874	1474
238830964	1474
238831103	1474
238831198	1474
238831292	1474
238831431	1474
238831553	1474
238831673	1474
238831768	1474
238831890	1474
238831991	1474
238832210	1474
239628156	1474
239628324	1474
239628450	1474
239628573	1474
239628695	1474
239628805	1474
239628925	1474
239629046	1474
239629145	1474
239629255	1474
239629374	1474
239629489	1474
239629607	1474
239629728	1474
239629869	1474
239629968	1474
239630072	1474
240430062	1474
240430180	1474
240430302	1474
240430410	1474
240430565	1474
240430667	1474
240430764	1474
240430874	1474
240430986	1474
240431118	1474
240431242	1474
240431345	1474
240431439	1474
240431536	1474
240431656	1474
240431755	1474
240431876	1474
240432000	1474
241496580	1474
241496784	1474
241496934	1474
241497097	1474
241497239	1474
241497411	1474
241497647	1474
241497854	1474
241497996	1474
241498161	1474
241498298	1474
241498437	1474
241498625	1474
241498772	1474
241498918	1474
241499059	1474
241499199	1474
241499361	1474
242295809	1474
242296028	1474
242296198	1474
242296458	1474
242296666	1474
242296930	1474
242297120	1474
242297261	1474
242297426	1474
242297591	1474
242297732	1474
242297907	1474
242298073	1474
242298236	1474
242298375	1474
242298588	1474
242298836	1474
242299010	1474
243094447	1474
243094688	1474
243094837	1474
243094977	1474
243095142	1474
243095308	1474
243095558	1474
243095790	1474
243095970	1474
243096111	1474
243096246	1474
243096383	1474
243096532	1474
243096718	1474
243096887	1474
243097048	1474
243097212	1474
243097379	1474
243893761	1474
243893953	1474
243894122	1474
243894340	1474
243894633	1474
243894827	1474
243894975	1474
243895138	1474
243895305	1474
243895460	1474
243895626	1474
243895791	1474
243895955	1474
243896099	1474
243896235	1474
243896379	1474
243896543	1474
243896715	1474
244693620	1474
244693828	1474
244694000	1474
244694196	1474
244694430	1474
244694667	1474
244694810	1474
244694947	1474
244695085	1474
244695256	1474
244695419	1474
244695600	1474
244695765	1474
244695927	1474
244696090	1474
244696262	1474
244696464	1474
244696628	1474
245493908	1474
245494189	1474
245494344	1474
245494652	1474
245494874	1474
245495060	1474
245495226	1474
245495366	1474
245495528	1474
245495692	1474
245495829	1474
245495966	1474
245496136	1474
245496281	1474
245496422	1474
245496585	1474
245496732	1474
245496898	1474
246294772	1474
246295006	1474
246295210	1474
246295431	1474
246295649	1474
246295984	1474
246296134	1474
246296278	1474
246296442	1474
246296583	1474
246296723	1474
246296893	1474
246297035	1474
246297201	1474
246297367	1474
246297506	1474
246297646	1474
246297809	1474
247092688	1474
247093044	1474
247093138	1474
247093265	1474
247093363	1474
247093476	1474
247093591	1474
247093706	1474
247093817	1474
247093942	1474
247094084	1474
247094184	1474
247094314	1474
247094528	1474
247094663	1474
247094934	1474
247095064	1474
247892427	1474
247892673	1474
247892779	1474
247892887	1474
247892992	1474
247893467	1474
247893615	1474
247893756	1474
247893897	1474
247894042	1474
247894173	1474
247894539	1474
247894694	1474
247894787	1474
247894909	1474
247895031	1474
247895172	1474
248692689	1474
248692881	1474
248693103	1474
248693204	1474
248693303	1474
248693425	1474
248693534	1474
248693706	1474
248693909	1474
248694091	1474
248694207	1474
248694315	1474
248694488	1474
248694581	1474
248694668	1474
248694755	1474
248694847	1474
249492169	1474
249492347	1474
249492488	1474
249492627	1474
249492764	1474
249492929	1474
249493090	1474
249493251	1474
249493442	1474
249493645	1474
249493840	1474
249494004	1474
249494145	1474
249494293	1474
249494433	1474
249494668	1474
249494859	1474
249495001	1474
250291719	1474
250291884	1474
250291987	1474
250292086	1474
250292181	1474
250292301	1474
250292421	1474
250292514	1474
250292608	1474
250292727	1474
250292825	1474
250292920	1474
250293022	1474
250293118	1474
250293237	1474
250293332	1474
250293451	1474
250293545	1474
251091238	1474
251091360	1474
251091592	1474
251091722	1474
251091952	1474
251092054	1474
251092150	1474
251092243	1474
251092362	1474
251092455	1474
251092574	1474
251092676	1474
251092770	1474
251092907	1474
251093064	1474
251093177	1474
251093403	1474
251903331	1474
251903619	1474
251903789	1474
251903901	1474
251904695	1474
251904816	1474
251905217	1474
251905635	1474
251906045	1474
251906181	1474
251906707	1474
251907091	1474
251907380	1474
251907522	1474
251907755	1474
251907864	1474
251908224	1474
251908518	1474
252957873	1474
252958194	1474
252958344	1474
252958498	1474
252958630	1474
252958890	1474
252959021	1474
252959119	1474
252959229	1474
252959352	1474
252959498	1474
252959609	1474
252959709	1474
252959848	1474
252959984	1474
252960088	1474
252960228	1474
252960353	1474
253759230	1474
253759524	1474
253759624	1474
253759717	1474
253759842	1474
253759996	1474
253760095	1474
253760219	1474
253760340	1474
253760466	1474
253760567	1474
253760691	1474
253760815	1474
253760914	1474
253761041	1474
253761154	1474
253761254	1474
253761366	1474
254562005	1474
254562364	1474
254562614	1474
254562831	1474
254563084	1474
254563243	1474
254563386	1474
254563550	1474
254563717	1474
254563858	1474
254564025	1474
254564212	1474
254564354	1474
254564520	1474
254564661	1474
254564825	1474
254564971	1474
254565143	1474
255360284	1474
255360639	1474
255360789	1474
255360896	1474
255361163	1474
255361451	1474
255361674	1474
255361815	1474
255361956	1474
255362088	1474
255362209	1474
255362306	1474
255362423	1474
255362594	1474
255362734	1474
255362840	1474
255362943	1474
256156871	1474
256157153	1474
256157294	1474
256157414	1474
256157511	1474
256157610	1474
256157706	1474
256157838	1474
256157938	1474
256158035	1474
256158134	1474
256158229	1474
256158325	1474
256158523	1474
256158625	1474
256158722	1474
256158823	1474
256956558	1078
269690579	54
269818619	58
269819986	54
269948763	1474
269948973	82
269949101	1474
269949954	1474
269950137	1474
269950235	1474
269950362	1474
269950545	1474
269951285	1474
269951562	1474
269951808	1474
269952228	306
270076217	1474
270076353	1474
270076448	1474
270076548	1474
270076674	1474
270076800	1474
270077091	1474
270077198	1474
270077333	1474
270077609	1474
270077962	1474
270078095	1474
270078572	390
270203929	1474
270204152	1474
270204272	1474
270204611	1474
270204722	1474
270204975	1474
270205130	1474
270205437	1474
270205619	278
270205839	1474
270205968	82
270206156	1474
270206405	1474
270206973	110
270207164	1474
270207263	82
270207374	1474
270207484	82
270207692	1474
270207861	1474
270207956	110
270210131	1474
270210216	82
270333195	1474
270333389	1474
270333475	1474
270333559	1474
270333650	1474
270333738	1474
270333839	222
270333925	1474
270334011	1474
270334193	1474
270334312	1474
270334708	1474
270335046	194
270335222	1474
270335394	1474
270335485	1474
270335572	1474
270335658	1474
270335776	1474
270335892	222
270336003	1474
270336179	1474
270336497	1474
270336682	1474
270336784	1474
270336896	1474
270336981	222
270337460	1474
270337581	1474
270337786	1474
270337903	138
270465450	1474
270465653	1474
270465784	1474
270465897	1474
270465983	1474
270466093	1474
270466201	1474
270466310	1474
270466482	1474
270466598	1474
270466806	334
270466900	1474
270467021	1474
270467373	1474
270467576	1474
270467709	166
270467815	1474
270467909	1474
270468088	1474
270468183	1474
270468276	1474
270468663	1474
270468854	222
270468970	1474
270469103	1474
270469296	1474
270469469	1474
270469560	166
270469745	1474
270469863	1474
270469956	1474
270470133	1474
270470252	1474
270470339	1474
270470603	1474
270470697	1474
270470824	1474
270470997	1474
270471126	1474
270471242	362
270471415	1474
270471570	82
270592992	1474
270593184	1474
270593298	1474
270593408	1474
270593496	1474
270593611	1474
270593729	222
270593921	1474
270594059	1474
270594645	1474
270594841	1474
270594976	166
270595067	1474
270595178	1474
270595385	110
270595496	1474
270595695	1474
270595802	110
270595894	1474
270596587	1474
270596781	1474
270596867	1474
270596974	1474
270597061	1474
270597169	1474
270597280	1474
270597476	1474
270597592	1474
270597675	1474
270597855	362
270599834	1474
270599943	1474
270600029	1474
270600136	1474
270600222	1474
270600308	194
270600393	1474
270600477	1474
270600598	1474
270600713	1474
270600800	1474
270600885	1474
270600991	1474
270601097	1474
270601202	1474
270601308	1474
270601392	1474
270601476	1474
270601583	390
270634819	1474
270634959	1474
270635068	110
270721720	1474
270721866	1474
270722137	1474
270722227	1474
270722354	1474
270722509	194
270722598	1474
270722690	1474
270722781	110
270722889	1474
270722996	1474
270723082	1474
270723187	1474
270723293	166
270723398	1474
270723504	1474
270723610	1474
270723701	138
270723809	1474
270723895	1474
270724004	110
270724087	1474
270724174	1474
270724280	110
270724365	1474
270724449	1474
270724534	1474
270724641	1474
270724743	1474
270724829	1474
270724915	222
270760178	1474
270760319	1474
270760509	1474
270760592	1474
270760683	1474
270760789	1474
270760878	1474
270760987	1474
270761067	1474
270761150	1474
270761256	1474
270796491	1474
270796610	1474
270796761	1474
270796871	1474
270796957	1474
270797063	1474
270797147	1474
270797253	1474
270797337	1474
270797443	1474
270797528	1474
270797634	1474
270797755	698
270797860	1474
270797966	82
270853590	1474
271331938	1474
271332120	1474
271332204	1474
271332287	1474
271332391	1474
271332474	1474
271332595	1474
271332703	1474
271332810	1474
271332917	1474
271333024	1474
271333130	1474
271333237	1474
271333345	1474
271333430	1474
272129778	1474
272129990	1474
272130241	1474
272130563	1474
272130788	1474
272131108	1474
272131253	1474
272131416	1474
272131574	1474
272131738	1474
272131901	1474
272132063	1474
272132201	1474
272132365	1474
272132538	1474
272135553	1474
272930080	1474
272930355	1474
272930551	1474
272930778	1474
272930999	1474
272931159	1474
272931349	1474
272931489	1474
272931677	1474
272931898	1474
272932062	1474
272932226	1474
272932376	1474
272932539	1474
272932676	1474
272935820	1474
273462637	1474
273462852	1474
273463034	1474
273463209	1474
273463348	1474
273463513	1474
273463679	1474
273463842	1474
273464007	1474
273464153	1474
273464319	1474
273464482	1474
273464648	1474
273464813	1474
273464975	1474
274262390	1474
274262618	1474
274262824	1474
274263042	1474
274263223	1474
274263363	1474
274263502	1474
274263666	1474
274263829	1474
274263975	1474
274264141	1474
274264280	1474
274264419	1474
274264583	1474
274264748	1474
274797220	1474
274797673	1474
274798146	1474
274798639	1474
274798899	1474
274799046	1474
274799188	1474
274799327	1474
274799468	1474
274799631	1474
274799772	1474
274799966	1474
274800129	1474
274800271	1474
274800411	1474
274800572	1474
274803718	1474
275595419	1474
275595643	1474
275595881	1474
275596103	1474
275596730	1474
275596919	1474
275597085	1474
275597224	1474
275597387	1474
275597551	1474
275597690	1474
275597869	1474
275598008	1474
275598148	1474
275598310	1474
276394617	1474
276394800	1474
276395085	1474
276395394	1474
276395941	1474
276396505	1474
276396721	1474
276396938	1474
276397078	1474
276397215	1474
276397352	1474
276397515	1474
276397668	1474
276397810	1474
276397948	1474
276398085	1474
276398248	1474
276932056	1474
276932304	1474
276932459	1474
276932699	1474
276932913	1474
276933154	1474
276933298	1474
276933472	1474
276933637	1474
276933801	1474
276933964	1474
276934127	1474
276934289	1474
276934427	1474
276934653	1474
277463007	1474
277463149	1474
277463289	1474
277463519	1474
277463744	1474
277463918	1474
277464083	1474
277464247	1474
277464396	1474
277464562	1474
277464726	1474
277464893	1474
277465060	1474
277465269	1474
277465474	1474
278261137	1474
278261352	1474
278261490	1474
278261592	1474
278261721	1474
278261931	1474
278262028	1474
278262376	1474
278262556	1474
278262668	1474
278262793	1474
278262920	1474
278263051	1474
278263188	1474
278263316	1474
278263456	1474
278263601	1474
279060845	1474
279061013	1474
279061121	1474
279061269	1474
279061395	1474
279061495	1474
279061623	1474
279061754	1474
279061897	1474
279062005	1474
279062141	1474
279062258	1474
279062384	1474
279062677	1474
279062787	1474
279861469	1474
279861599	1474
279861698	1474
279861858	1474
279861956	1474
279862108	1474
279862367	1474
279862627	1474
279862764	1474
279862927	1474
279863059	1474
279863159	1474
279863283	1474
279863380	1474
279863494	1474
279863619	1474
279863744	1474
280660469	1474
280660579	1474
280660722	1474
280660850	1474
280660978	1474
280661217	1474
280661335	1474
280661431	1474
280661543	1474
280661642	1474
280661786	1474
280661885	1474
280661985	1474
280662109	1474
280662206	1474
280662330	1474
280662562	1474
281460001	1474
281460132	1474
281460464	1474
281460624	1474
281460904	1474
281461036	1474
281461145	1474
281461268	1474
281461374	1474
281461471	1474
281461585	1474
281461708	1474
281461832	1474
281461930	1474
281462029	1474
281462129	1474
281462226	1474
281462326	1474
282260779	1474
282260913	1474
282261021	1474
282261129	1474
282261546	1474
282261656	1474
282261776	1474
282261885	1474
282262005	1474
282262136	1474
282262289	1474
282262456	1474
282262562	1474
282262695	1474
282262809	1474
282262912	1474
282263024	1474
282263128	1474
283064506	1474
283064678	1474
283064869	1474
283065068	1474
283065319	1474
283065462	1474
283065600	1474
283065738	1474
283065877	1474
283066017	1474
283066189	1474
283066357	1474
283066553	1474
283066735	1474
283066900	1474
283067037	1474
283067181	1474
283067347	1474
283863976	1474
283864144	1474
283864309	1474
283864565	1474
283864783	1474
283864930	1474
283865086	1474
283865224	1474
283865388	1474
283865572	1474
283865740	1474
283865904	1474
283866055	1474
283866198	1474
283866363	1474
283866584	1474
283866752	1474
283866917	1474
284662280	1474
284662444	1474
284662728	1474
284663042	1474
284663305	1474
284663542	1474
284663723	1474
284663873	1474
284664013	1474
284664180	1474
284664341	1474
284664504	1474
284664644	1474
284664790	1474
284664926	1474
284665087	1474
284665224	1474
284665359	1474
285727773	1474
285727941	1474
285728122	1474
285728287	1474
285728423	1474
285728559	1474
285728711	1474
285728872	1474
285729032	1474
285729195	1474
285729355	1474
285729517	1474
285729691	1474
285729851	1474
285730011	1474
285730172	1474
285730336	1474
285730474	1474
286525769	1474
286525938	1474
286526101	1474
286526303	1474
286526534	1474
286526743	1474
286526906	1474
286527068	1474
286527203	1474
286527340	1474
286527510	1474
286527673	1474
286527832	1474
286527992	1474
286528151	1474
286528287	1474
286528421	1474
286528594	1474
287328460	1474
287328604	1474
287328778	1474
287328987	1474
287329236	1474
287329384	1474
287329522	1474
287329660	1474
287329823	1474
287329959	1474
287330094	1474
287330259	1474
287330439	1474
287330621	1474
287330765	1474
287330928	1474
287331090	1474
287331270	1474
288126257	1474
288126403	1474
288126672	1474
288126912	1474
288127186	1474
288127357	1474
288127494	1474
288127636	1474
288127773	1474
288127963	1474
288128103	1474
288128285	1474
288128422	1474
288128587	1474
288128748	1474
288128889	1474
288129025	1474
288129200	1474
288925774	1474
288925918	1474
288926070	1474
288926236	1474
288926374	1474
288926564	1474
288926706	1474
288926846	1474
288926990	1474
288927130	1474
288927292	1474
288927435	1474
288927572	1474
288927761	1474
288927972	1474
288928142	1474
288928277	1474
288928418	1474
289726593	1474
289726773	1474
289726941	1474
289727190	1474
289727389	1474
289727562	1474
289727729	1474
289727907	1474
289728047	1474
289728209	1474
289728350	1474
289728514	1474
289728679	1474
289728857	1474
289729003	1474
289729140	1474
289729281	1474
290526431	1474
290526661	1474
290526925	1474
290527148	1474
290527393	1474
290527535	1474
290527688	1474
290527853	1474
290527992	1474
290528130	1474
290528296	1474
290528458	1474
290528604	1474
290528744	1474
290528908	1474
290529046	1474
290529184	1474
290529322	1474
291325505	1474
291325647	1474
291325785	1474
291325923	1474
291326086	1474
291326251	1474
291326386	1474
291326608	1474
291326796	1474
291326936	1474
291327090	1474
291327254	1474
291327391	1474
291327567	1474
291327731	1474
291327868	1474
291328039	1474
291328202	1474
292123731	1474
292123951	1474
292124382	1474
292124552	1474
292124692	1474
292124832	1474
292124971	1474
292125136	1474
292125286	1474
292125450	1474
292125588	1474
292125755	1474
292125916	1474
292126055	1474
292126215	1474
292126392	1474
292126610	1474
292126799	1474
292923321	1474
292923476	1474
292923584	1474
292923712	1474
292923813	1474
292923955	1474
292924079	1474
292924235	1474
292924359	1474
292924474	1474
292924573	1474
292924694	1474
292924792	1474
292924915	1474
292925057	1474
292925164	1474
292925264	1474
292925364	1474
293989938	1474
293990050	1474
293990139	1474
293990264	1474
293990440	1474
293990639	1474
293990771	1474
293990894	1474
293991007	1474
293991137	1474
293991239	1474
293991366	1474
293991487	1474
293991613	1474
293991731	1474
293991832	1474
293992042	1474
293992157	1474
294788974	1474
294789084	1474
294789446	1474
294789669	1474
294789807	1474
294789950	1474
294790075	1474
294790175	1474
294790270	1474
294790393	1474
294790562	1474
294790681	1474
294790802	1474
294790905	1474
294791044	1474
294791165	1474
294791290	1474
295324121	1474
295324420	1474
295324760	1474
295324888	1474
295325028	1474
295325299	1474
295325406	1474
295325504	1474
295325609	1474
295325733	1474
295325833	1474
295325949	1474
295326077	1474
295326176	1474
295326275	1474
295326426	1474
295326587	1474
296391172	1474
296391298	1474
296391407	1474
296391543	1474
296391697	1474
296391932	1474
296392073	1474
296392170	1474
296392296	1474
296392408	1474
296392507	1474
296392631	1474
296392756	1474
296392857	1474
296392970	1474
296393097	1474
296393221	1474
296393320	1474
297189747	1474
297189874	1474
297189968	1474
297190063	1474
297190158	1474
297190292	1474
297190458	1474
297190561	1474
297190661	1474
297190756	1474
297190876	1474
297190971	1474
297191073	1474
297191170	1474
297191310	1474
297191432	1474
297191528	1474
297989680	1474
297989833	1474
297989999	1474
297990182	1474
297990346	1474
297990587	1474
297990782	1474
297990939	1474
297991222	1474
297991370	1474
297991534	1474
297991678	1474
297991843	1474
297992014	1474
297992167	1474
297992328	1474
297992470	1474
297992638	1474
298788898	1474
298789069	1474
298789237	1474
298789454	1474
298789652	1474
298789864	1474
298790010	1474
298790149	1474
298790290	1474
298790430	1474
298790646	1474
298790821	1474
298790978	1474
298791118	1474
298791260	1474
298791399	1474
298791564	1474
298791729	1474
299590660	1474
299590814	1474
299590922	1474
299591021	1474
299591115	1474
299591259	1474
299591356	1474
299591499	1474
299591622	1474
299591913	1474
299592042	1474
299592178	1474
299592295	1474
299592389	1474
299592483	1474
299592606	1474
299592703	1474
299592900	1474
300387867	1474
300388025	1474
300388125	1474
300388221	1474
300388318	1474
300388439	1474
300388547	1474
300388683	1474
300388777	1474
300388870	1474
300388965	1474
300389060	1474
300389180	1474
300389271	1474
300389388	1474
300389484	1474
300389604	1474
300389739	1474
301188023	1474
301188124	1474
301188243	1474
301188338	1474
301188433	1474
301188540	1474
301188661	1474
301188760	1474
301188848	1474
301188942	1474
301189035	1474
301189154	1474
301189273	1474
301189367	1474
301189463	1474
301189571	1474
301189668	1474
301189762	1474
301987943	1474
301988040	1474
301988162	1474
301988258	1474
301988405	1474
301988605	1474
301988707	1474
301988824	1474
301988917	1474
301989039	1474
301989160	1474
301989259	1474
301989362	1474
301989455	1474
301989573	1474
301989668	1474
301989785	1474
302787198	1474
302787449	1474
302787545	1474
302787665	1474
302787759	1474
302787880	1474
302787974	1474
302788105	1474
302788261	1474
302788359	1474
302788480	1474
302788602	1474
302788724	1474
302788819	1474
302788941	1474
302789036	1474
302789165	1474
302789288	1474
303587103	1474
303587214	1474
303587384	1474
303587483	1474
303587575	1474
303587695	1474
303587814	1474
303587912	1474
303588009	1474
303588132	1474
303588225	1474
303588323	1474
303588444	1474
303588541	1474
303588636	1474
303588729	1474
303588820	1474
304386471	1474
304386645	1474
304386793	1474
304386907	1474
304386999	1474
304387120	1474
304387250	1474
304387373	1474
304387470	1474
304387590	1474
304387686	1474
304387918	1474
304388056	1474
304388180	1474
304388303	1474
304388399	1474
304388521	1474
304388616	1474
305188682	1474
305188803	1474
305188924	1474
305189017	1474
305189137	1474
305189234	1474
305189419	1474
305189521	1474
305189642	1474
305189749	1474
305189858	1474
305189979	1474
305190097	1474
305190216	1474
305190311	1474
305190502	1474
305190623	1474
305190731	1474
305986639	1474
305987271	1474
305987538	1474
305987706	1474
305987869	1474
305988009	1474
305988144	1474
305988307	1474
305988476	1474
305988638	1474
305988777	1474
305988917	1474
305989123	1474
305989320	1474
305989476	1474
305989662	1474
305989825	1474
305990004	1474
307054063	1474
307054160	1474
307054285	1474
307054399	1474
307054553	1474
307054648	1474
307054766	1474
307054859	1474
307054957	1474
307055077	1474
307055196	1474
307055296	1474
307055416	1474
307055510	1474
307055628	1474
307055746	1474
307055839	1474
307055933	1474
307852326	1474
307852468	1474
307852590	1474
307852684	1474
307852776	1474
307852872	1474
307853022	1474
307853218	1474
307853312	1474
307853406	1474
307853525	1474
307853644	1474
307853761	1474
307853879	1474
307853973	1474
307854066	1474
307854172	1474
308653618	1474
308653748	1474
308653845	1474
308653976	1474
308654101	1474
308654227	1474
308654364	1474
308654498	1474
308654626	1474
308654731	1474
308654855	1474
308654988	1474
308655094	1474
308655185	1474
308655279	1474
308655397	1474
308655520	1474
309453929	1474
309454088	1474
309454185	1474
309454282	1474
309454404	1474
309454583	1474
309454920	1474
309455051	1474
309455155	1474
309455254	1474
309455369	1474
309455480	1474
309455604	1474
309455742	1474
309455879	1474
309456000	1474
309456123	1474
309456247	1474
