8411453	58
8418913	54
8580096	1474
8580336	1474
8581039	1474
8581220	1474
8581340	1474
8581931	1474
8582177	1474
8582363	1474
8582683	1474
8582815	571
8760261	1474
8760356	1474
8760447	110
8760555	1474
8760774	1474
8761088	1474
8761358	1474
8761664	166
8762109	1474
8762444	82
8763791	1474
8763972	1474
8764101	1474
8764292	1474
8764422	1474
8765137	1474
8765458	1474
8765597	1474
8766398	1474
8767263	1474
8767473	1474
8767608	362
8922192	1474
8922309	1474
8922424	1474
8922612	1474
8922707	166
8922905	1474
8923120	1474
8923464	1474
8923698	1474
8923823	166
8924155	1474
8924402	1474
8924768	1474
8924895	1474
8924987	1474
8925252	194
8925580	1474
8925706	1474
8925849	1474
8925973	1474
8926093	1474
8926261	194
8926502	1474
8926737	82
8926838	1474
8927117	1474
8927426	1474
8927535	1474
8928016	166
8930672	1474
8930850	1474
8931033	1474
8931161	1474
8931378	1474
8931538	1474
8931743	1474
8931844	1474
8932062	1474
8932161	1474
8932254	1474
8932504	1474
8932757	1474
8932856	1474
8932974	1474
8933068	1474
8933163	502
9080182	1474
9080301	1474
9080393	1474
9080494	1474
9080617	166
9080845	1474
9080973	1474
9081368	1474
9081689	1474
9082241	1474
9082520	194
9082655	1474
9082875	1474
9083000	110
9083118	1474
9083212	1474
9083334	1474
9083547	1474
9083676	166
9083887	1474
9084013	1474
9084107	1474
9084228	1474
9084438	166
9084622	1474
9084723	1474
9084919	1474
9085044	1474
9085269	1474
9085438	194
9085553	1474
9085757	1474
9085860	1474
9086081	1474
9086210	1474
9086599	1474
9086991	1474
9087230	1474
9087334	1474
9087638	1474
9087739	1474
9087975	1474
9088187	1474
9088333	1474
9088467	1474
9088626	474
9246917	1474
9247716	1474
9247991	1474
9248313	1474
9248519	1474
9248752	194
9248876	1474
9248977	1474
9249544	1474
9249771	138
9249866	1474
9250047	82
9250171	1474
9250400	82
9250627	1474
9250764	1474
9251013	1474
9251199	1474
9251296	1474
9251443	194
9251578	1474
9251786	1474
9251914	110
9252011	1474
9252191	1474
9252315	110
9252431	1474
9252557	82
9252651	1474
9252743	1474
9252835	1474
9252951	138
9254573	1474
9254699	1474
9254818	1474
9255045	1474
9255145	1474
9255238	1474
9255330	1474
9255422	1474
9255546	1474
9255642	1474
9255733	1474
9255850	1474
9255969	1474
9256060	1474
9256152	1474
9256269	1474
9256361	1474
9256476	1474
9256608	1474
9256725	1474
9256841	1474
9256958	1474
9257048	1474
9257166	1474
9299397	1474
9299499	1474
9299713	1474
9299839	1474
9299958	1474
9300145	1474
9300262	1474
9300355	1474
9300448	1474
9300548	1474
9300639	1286
9423407	1474
9423501	1474
9423599	1474
9423692	1474
9423783	1474
9423898	1474
9424013	1474
9424103	1474
9424194	1446
9424285	1474
9424401	1474
9424518	1474
9424653	1474
9424747	1474
9424865	194
9424958	1474
9425084	1474
9425203	1474
9425321	1474
9425439	166
9425535	1474
9425641	1474
9425733	1474
9425824	1474
9425915	1474
9426031	194
9463572	1474
9463745	1474
9463863	1474
9464041	1474
9464135	1474
9464250	1474
9464366	1474
9464483	1474
9465049	1474
9465145	1474
9465265	1474
10138025	1474
10138229	1474
10138454	1474
10138624	1474
10138939	1474
10139067	1474
10139184	1474
10139307	1474
10139429	1474
10139525	1474
10139647	1474
10139758	1474
10139927	1474
10140029	1474
10140178	1474
10671675	1474
10672131	1474
10672268	1474
10672390	1474
10672541	1474
10672664	1474
10672809	1474
10672946	1474
10673037	1474
10673158	1474
10673260	1474
10673367	1474
10673490	1474
10673586	1474
10673714	1474
11471922	1474
11472268	1474
11472394	1474
11472511	1474
11472634	1474
11472763	1474
11472881	1474
11473004	1474
11473105	1474
11473204	1474
11473300	1474
11473415	1474
11473513	1474
11473652	1474
11473774	1474
11473896	1474
12271695	1474
12271864	1474
12272040	1474
12272203	1474
12272522	1474
12272680	1474
12272886	1474
12272983	1474
12273181	1474
12273552	1474
12273886	1474
12274005	1474
12274103	1474
12274201	1474
12274299	1474
12274439	1474
12274566	1474
12805223	1474
12805474	1474
12805591	1474
12805719	1474
12805844	1474
12805953	1474
12806218	1474
12806348	1474
12806592	1474
12806721	1474
12806921	1474
12807053	1474
12807146	1474
12807280	1474
12807398	1474
12807677	1474
13605669	1474
13605950	1474
13606075	1474
13606186	1474
13606314	1474
13606522	1474
13606618	1474
13606754	1474
13606853	1474
13606950	1474
13607059	1474
13607195	1474
13607293	1474
13607419	1474
13607560	1474
13607689	1474
13607920	1474
14405789	1474
14406079	1474
14406183	1474
14406314	1474
14406588	1474
14406693	1474
14406822	1474
14406950	1474
14407086	1474
14407232	1474
14407350	1474
14407474	1474
14407574	1474
14407697	1474
14407819	1474
14939591	1474
14939865	1474
14940568	1474
14940800	1474
14941050	1474
14941164	1474
14941712	1474
14941943	1474
14942076	1474
14942215	1474
14942311	1474
14942425	1474
14942566	1474
14942666	1474
14942788	1474
14942892	1474
15739053	1474
15739392	1474
15739520	1474
15739639	1474
15739747	1474
15739866	1474
15739957	1474
15740080	1474
15740175	1474
15740315	1474
15740437	1474
15740553	1474
15740702	1474
15740801	1474
15741040	1474
15741144	1474
15741622	1474
16539455	1474
16539663	1474
16539876	1474
16540026	1474
16540124	1474
16540246	1474
16540402	1474
16540545	1474
16540646	1474
16540769	1474
16540891	1474
16540987	1474
16541123	1474
16541242	1474
16541356	1474
16541467	1474
16541605	1474
16541737	1474
17341813	1474
17342213	1474
17342391	1474
17342568	1474
17342704	1474
17342814	1474
17343040	1474
17343189	1474
17343285	1474
17343628	1474
17343740	1474
17343888	1474
17344015	1474
17344119	1474
17344216	1474
17344335	1474
17344470	1474
18141788	1474
18142096	1474
18142244	1474
18142364	1474
18142520	1474
18142643	1474
18142759	1474
18142881	1474
18143012	1474
18143132	1474
18143253	1474
18143369	1474
18143487	1474
18143606	1474
18143732	1474
18143849	1474
18143958	1474
18940314	1474
18940594	1474
18940729	1474
18940850	1474
18940971	1474
18941083	1474
18941218	1474
18941337	1474
18941458	1474
18941579	1474
18941699	1474
18941819	1474
18941914	1474
18942009	1474
18942130	1474
18942238	1474
18942403	1474
18942551	1474
19740150	1474
19740472	1474
19740600	1474
19740690	1474
19740809	1474
19740936	1474
19741032	1474
19741151	1474
19741294	1474
19741430	1474
19741566	1474
19741699	1474
19741819	1474
19741916	1474
19742011	1474
19742136	1474
19742256	1474
19742401	1474
20539647	1474
20539834	1474
20540024	1474
20540342	1474
20540545	1474
20540760	1474
20540898	1474
20541036	1474
20541200	1474
20541364	1474
20541539	1474
20541702	1474
20541865	1474
20542027	1474
20542191	1474
20542329	1474
20542467	1474
21341312	1474
21341610	1474
21341719	1474
21341843	1474
21341965	1474
21342063	1474
21342185	1474
21342279	1474
21342434	1474
21342601	1474
21342738	1474
21342862	1474
21342953	1474
21343047	1474
21343169	1474
21343288	1474
21343384	1474
21343477	1474
22141980	1474
22142210	1474
22142363	1474
22142922	1474
22143090	1474
22143188	1474
22143312	1474
22143432	1474
22143551	1474
22143647	1474
22143766	1474
22143890	1474
22143987	1474
22144107	1474
22144228	1474
22144349	1474
22144470	1474
23209375	1474
23209671	1474
23209835	1474
23209961	1474
23210086	1474
23210243	1474
23210343	1474
23210602	1474
23210707	1474
23210831	1474
23210935	1474
23211064	1474
23211232	1474
23211381	1474
23211487	1474
23211603	1474
23211704	1474
23211838	1474
24006879	1474
24007154	1474
24007277	1474
24007396	1474
24007502	1474
24007598	1474
24007719	1474
24007841	1474
24007962	1474
24008083	1474
24008178	1474
24008272	1474
24008365	1474
24008492	1474
24008589	1474
24008709	1474
24008833	1474
24008925	1474
24807565	1474
24807849	1474
24807945	1474
24808064	1474
24808163	1474
24808283	1474
24808374	1474
24808493	1474
24808583	1474
24808711	1474
24808835	1474
24808929	1474
24809023	1474
24809116	1474
24809212	1474
24809332	1474
24809427	1474
25607324	1474
25607688	1474
25607807	1474
25607910	1474
25608033	1474
25608155	1474
25608275	1474
25608396	1474
25608515	1474
25608636	1474
25608755	1474
25608876	1474
25608983	1474
25609075	1474
25609169	1474
25609288	1474
25609409	1474
25609503	1474
26408350	1474
26408647	1474
26408767	1474
26408886	1474
26409034	1474
26409171	1474
26409289	1474
26409382	1474
26409473	1474
26409591	1474
26409709	1474
26409804	1474
26409894	1474
26410012	1474
26410137	1474
26410261	1474
26410376	1474
26410514	1474
27207554	1474
27207813	1474
27208028	1474
27208163	1474
27208288	1474
27208537	1474
27208668	1474
27208799	1474
27208919	1474
27209047	1474
27209170	1474
27209289	1474
27209444	1474
27209542	1474
27209659	1474
27209796	1474
27209921	1474
27210047	1474
28007559	1474
28007867	1474
28007999	1474
28008097	1474
28008242	1474
28008340	1474
28008449	1474
28008585	1474
28008717	1474
28008839	1474
28008968	1474
28009079	1474
28009251	1474
28009351	1474
28009495	1474
28009603	1474
28009723	1474
28807637	1474
28807870	1474
28807967	1474
28808161	1474
28808285	1474
28808400	1474
28808493	1474
28808612	1474
28808739	1474
28808862	1474
28808953	1474
28809070	1474
28809192	1474
28809284	1474
28809377	1474
28809470	1474
28809565	1474
28809663	1474
29608168	1474
29608445	1474
29608541	1474
29608635	1474
29608729	1474
29608846	1474
29608947	1474
29609040	1474
29609127	1474
29609219	1474
29609340	1474
29609432	1474
29609548	1474
29609664	1474
29609779	1474
29609894	1474
29610000	1474
30408566	1474
30408925	1474
30409127	1474
30409324	1474
30409543	1474
30409697	1474
30409845	1474
30409999	1474
30410127	1474
30410249	1474
30410369	1474
30410541	1474
30410692	1474
30410814	1474
30410959	1474
30411115	1474
30411261	1474
30411407	1474
31208789	1474
31209011	1474
31209194	1474
31209413	1474
31209550	1474
31209715	1474
31209880	1474
31210017	1474
31210157	1474
31210405	1474
31210594	1474
31210738	1474
31210905	1474
31211070	1474
31211332	1474
31211495	1474
32009173	1474
32009518	1474
32009612	1474
32009781	1474
32009898	1474
32009998	1474
32010087	1474
32010189	1474
32010290	1474
32010456	1474
32010653	1474
32010777	1474
32010880	1474
32010996	1474
32011121	1474
32011235	1474
32011334	1474
32808948	1474
32809356	1474
32809487	1474
32809609	1474
32809728	1474
32809868	1474
32809992	1474
32810094	1474
32810218	1474
32810321	1474
32810492	1474
32810610	1474
32810772	1474
32810875	1474
32810987	1474
32811088	1474
32811212	1474
33608345	1474
33608558	1474
33608755	1474
33609097	1474
33609301	1474
33609531	1474
33609673	1474
33609837	1474
33609986	1474
33610127	1474
33610263	1474
33610400	1474
33610616	1474
33610795	1474
33610945	1474
33611114	1474
33611276	1474
34141850	1474
34142059	1474
34142202	1474
34142505	1474
34142686	1474
34142796	1474
34143202	1474
34143334	1474
34143520	1474
34143640	1474
34143740	1474
34143876	1474
34144013	1474
34144145	1474
34144357	1474
34944122	1474
34944622	1474
34944869	1474
34944977	1474
34945824	1474
34945934	1474
34946147	1474
34946324	1474
34946528	1474
34946733	1474
34946843	1474
34947165	1474
34947293	1474
34947440	1474
34947613	1474
34947743	1474
35742472	1474
35742664	1474
35742826	1474
35743023	1474
35743238	1474
35743552	1474
35743721	1474
35743927	1474
35744147	1474
35744355	1474
35744540	1474
35744709	1474
35744910	1474
35745049	1474
35745214	1474
35745351	1474
35745507	1474
36542144	1474
36542385	1474
36542714	1474
36542808	1474
36542942	1474
36543209	1474
36543340	1474
36543498	1474
36543628	1474
36543730	1474
36543856	1474
36543979	1474
36544101	1474
36544207	1474
36544304	1474
36544439	1474
36544551	1474
37343290	1474
37343568	1474
37343660	1474
37343778	1474
37343936	1474
37344028	1474
37344160	1474
37344274	1474
37344543	1474
37344649	1474
37344755	1474
37344860	1474
37345049	1474
37345164	1474
37345278	1474
37345373	1474
37345478	1474
37345616	1474
38142091	1474
38142287	1474
38142560	1474
38142694	1474
38142808	1474
38143014	1474
38143192	1474
38143341	1474
38143458	1474
38143573	1474
38143696	1474
38143840	1474
38143983	1474
38144147	1474
38144301	1474
38144530	1474
38145025	1474
38145168	1474
38945073	1474
38945366	1474
38945512	1474
38945776	1474
38945871	1474
38945991	1474
38946179	1474
38946301	1474
38946457	1474
38946559	1474
38946680	1474
38946803	1474
38946897	1474
38946992	1474
38947113	1474
38947231	1474
38947323	1474
39743030	1474
39743284	1474
39743743	1474
39743915	1474
39744139	1474
39744647	1474
39744845	1474
39745408	1474
39745728	1474
39745898	1474
39746034	1474
39746172	1474
39746338	1474
39746483	1474
39746672	1474
39746843	1474
39746979	1474
39747142	1474
40543576	1474
40543733	1474
40543918	1474
40544039	1474
40544141	1474
40544237	1474
40544331	1474
40544451	1474
40544542	1474
40544645	1474
40544776	1474
40544990	1474
40545118	1474
40545503	1474
40545650	1474
40545789	1474
40545908	1474
40546005	1474
41343295	1474
41343409	1474
41343503	1474
41343686	1474
41343782	1474
41343876	1474
41344011	1474
41344128	1474
41344245	1474
41344363	1474
41344481	1474
41344597	1474
41344689	1474
41344782	1474
41344878	1474
41345116	1474
41345216	1474
42144196	1474
42144403	1474
42145880	1474
42146037	1474
42146173	1474
42146276	1474
42146400	1474
42146519	1474
42146700	1474
42146801	1474
42146932	1474
42147053	1474
42147171	1474
42147267	1474
42147388	1474
42147478	1474
42147573	1474
42147667	1474
42943903	1474
42944173	1474
42944430	1474
42944533	1474
42944654	1474
42944774	1474
42944865	1474
42944963	1474
42945063	1474
42945160	1474
42945392	1474
42945521	1474
42946043	1474
42946147	1474
42946313	1474
42946468	1474
43746213	1474
43746467	1474
43746755	1474
43746870	1474
43747032	1474
43747202	1474
43747372	1474
43747508	1474
43747694	1474
43747859	1474
43747998	1474
43748136	1474
43748275	1474
43748417	1474
43748556	1474
43748707	1474
43748846	1474
44546095	1474
44546413	1474
44546634	1474
44546803	1474
44546913	1474
44547136	1474
44547240	1474
44547374	1474
44547471	1474
44547582	1474
44547703	1474
44547872	1474
44548011	1474
44548121	1474
44548261	1474
44548495	1474
44548598	1474
44548696	1474
45343918	1474
45344104	1474
45344317	1474
45344442	1474
45344530	1474
45344712	1474
45344845	1474
45345124	1474
45345213	1474
45345327	1474
45345451	1474
45345598	1474
45345720	1474
45345813	1474
45345933	1474
45346046	1474
45346170	1474
45346293	1474
46146188	1474
46146420	1474
46146671	1474
46146762	1474
46146890	1474
46147044	1474
46147209	1474
46147989	1474
46148123	1474
46148252	1474
46148375	1474
46148500	1474
46148597	1474
46148721	1474
46148819	1474
46148943	1474
46944042	1474
46944271	1474
46944519	1474
46944628	1474
46944739	1474
46944963	1474
46945071	1474
46945172	1474
46945295	1474
46945394	1474
46945487	1474
46945590	1474
46945693	1474
46945948	1474
46946083	1474
46946368	1474
46946632	1474
47744454	1474
47744796	1474
47744891	1474
47745012	1474
47745129	1474
47745228	1474
47745340	1474
47745464	1474
47745575	1474
47745704	1474
47745818	1474
47745917	1474
47746023	1474
47746152	1474
47746424	1474
47746938	1474
47747081	1474
47747206	1474
48544734	1474
48545091	1474
48545193	1474
48545287	1474
48545410	1474
48545598	1474
48545698	1474
48545820	1474
48545955	1474
48546050	1474
48546162	1474
48546371	1474
48547129	1474
48547306	1474
48547401	1474
48547497	1474
48547609	1474
48547698	1474
49344642	1474
49344899	1474
49345020	1474
49345121	1474
49345243	1474
49345356	1474
49345464	1474
49345565	1474
49345655	1474
49345738	1474
49345861	1474
49345959	1474
49346076	1474
49346197	1474
49346399	1474
49346559	1474
49346681	1474
50145554	1474
50145830	1474
50145926	1474
50146047	1474
50146144	1474
50146242	1474
50146572	1474
50146707	1474
50146990	1474
50147085	1474
50147269	1474
50147379	1474
50147471	1474
50147591	1474
50147711	1474
50147829	1474
50945542	1474
50945843	1474
50945965	1474
50946059	1474
50946177	1474
50946298	1474
50946415	1474
50946604	1474
50946705	1474
50946936	1474
50947039	1474
50947215	1474
50947741	1474
50947840	1474
50947933	1474
50948077	1474
51744939	1474
51745198	1474
51745322	1474
51745442	1474
51745564	1474
51745824	1474
51745952	1474
51746062	1474
51746148	1474
51746232	1474
51746340	1474
51746424	1474
51746568	1474
51746678	1474
51746804	1474
51746924	1474
51747033	1474
51747118	1474
52547256	1474
52547520	1474
52547767	1474
52547885	1474
52548023	1474
52548245	1474
52548357	1474
52548461	1474
52548578	1474
52548692	1474
52548790	1474
52548899	1474
52549061	1474
52549186	1474
52549285	1474
52549408	1474
52549541	1474
52549692	1474
53345513	1474
53345912	1474
53346038	1474
53346238	1474
53346347	1474
53346484	1474
53346610	1474
53346732	1474
53346829	1474
53346952	1474
53347047	1474
53347196	1474
53347297	1474
53347395	1474
53347505	1474
53347613	1474
53347744	1474
53347875	1474
54145585	1474
54145912	1474
54146016	1474
54146112	1474
54146231	1474
54146359	1474
54146506	1474
54146635	1474
54146729	1474
54146821	1474
54146937	1474
54147035	1474
54147155	1474
54147276	1474
54147382	1474
54147502	1474
54147595	1474
54147715	1474
55212098	1474
55212350	1474
55212488	1474
55212599	1474
55212743	1474
55212951	1474
55213077	1474
55213220	1474
55213341	1474
55213448	1474
55213543	1474
55213765	1474
55213913	1474
55214061	1474
55214268	1474
55214601	1474
55214883	1474
55215006	1474
56012598	1474
56013036	1474
56013259	1474
56013481	1474
56013692	1474
56013927	1474
56014117	1474
56014301	1474
56014506	1474
56014704	1474
56014869	1474
56015047	1474
56015209	1474
56015372	1474
56015535	1474
56015697	1474
56015833	1474
56016003	1474
56813716	1474
56814208	1474
56814345	1474
56814497	1474
56814605	1474
56814897	1474
56815086	1474
56815212	1474
56815880	1474
56816115	1474
56816240	1474
56816347	1474
56816485	1474
56816587	1474
56816712	1474
56816837	1474
56816962	1474
56817099	1474
57612412	1474
57612678	1474
57612914	1474
57613005	1474
57613142	1474
57613378	1474
57613508	1474
57613598	1474
57613729	1474
57613853	1474
57614011	1474
57614171	1474
57614653	1474
57614782	1474
57614906	1474
57615024	1474
57615135	1474
58412409	1474
58412646	1474
58412845	1474
58412961	1474
58413063	1474
58413374	1474
58413514	1474
58413614	1474
58413718	1474
58413812	1474
58413910	1474
58414037	1474
58414306	1474
58414415	1474
58415251	1474
58415548	1474
58415679	1474
59213036	1474
59213345	1474
59213464	1474
59213572	1474
59213703	1474
59213860	1474
59214094	1474
59214196	1474
59214296	1474
59214455	1474
59214559	1474
59214830	1474
59215119	1474
59215251	1474
59216024	1474
59216272	1474
59216374	1474
59216476	1474
60012593	1474
60012815	1474
60013055	1474
60013265	1474
60013485	1474
60013719	1474
60013856	1474
60014005	1474
60014141	1474
60014304	1474
60014442	1474
60014676	1474
60014896	1474
60015553	1474
60015775	1474
60015940	1474
60016078	1474
60016215	1474
60813088	1474
60813341	1474
60813511	1474
60813679	1474
60813900	1474
60814245	1474
60814387	1474
60814578	1474
60814722	1474
60814934	1474
60815136	1474
60815451	1474
60815729	1474
60815874	1474
60816010	1474
60816161	1474
60816297	1474
61613601	1474
61613796	1474
61614047	1474
61614309	1474
61614542	1474
61614859	1474
61615057	1474
61615283	1474
61615799	1474
61615993	1474
61616213	1474
61616387	1474
61616552	1474
61616691	1474
61616825	1474
61616991	1474
61617126	1474
62414597	1474
62414900	1474
62415008	1474
62415117	1474
62415244	1474
62415370	1474
62415606	1474
62416414	1474
62416529	1474
62416770	1474
62416883	1474
62417003	1474
62417123	1474
62417250	1474
62417368	1474
62417493	1474
62417621	1474
63213403	1474
63213747	1474
63213932	1474
63214031	1474
63214167	1474
63214280	1474
63214437	1474
63214728	1474
63214857	1474
63214976	1474
63215076	1474
63215187	1474
63215334	1474
63215575	1474
63215684	1474
63216353	1474
63216460	1474
63216638	1474
64014153	1474
64014563	1474
64014670	1474
64014802	1474
64015026	1474
64015159	1474
64015303	1474
64015463	1474
64015676	1474
64015921	1474
64016079	1474
64016210	1474
64016497	1474
64016610	1474
64016771	1474
64016994	1474
64017125	1474
64017228	1474
64813768	1474
64814063	1474
64814177	1474
64814302	1474
64814414	1474
64814572	1474
64814713	1474
64814839	1474
64814937	1474
64815056	1474
64815162	1474
64815278	1474
64815403	1474
64815512	1474
64815639	1474
64815861	1474
64815968	1474
64816654	1474
65614722	1474
65614981	1474
65615122	1474
65615259	1474
65615406	1474
65615548	1474
65615756	1474
65615977	1474
65616175	1474
65616376	1474
65616623	1474
65616788	1474
65616977	1474
65617143	1474
65617303	1474
65617457	1474
65617593	1474
65617753	1474
66414767	1474
66414997	1474
66415161	1474
66415297	1474
66415431	1474
66415599	1474
66415765	1474
66415911	1474
66416113	1474
66416335	1474
66416517	1474
66417039	1474
66417236	1474
66417491	1474
66417639	1474
66417776	1474
67217500	1474
67217699	1474
67217891	1474
67218058	1474
67218195	1474
67218396	1474
67218661	1474
67218964	1474
67219440	1474
67219666	1474
67220674	1474
67220887	1474
67221058	1474
67221197	1474
67221462	1474
67221649	1474
67222346	1474
67222573	1474
68016372	1474
68016624	1474
68016791	1474
68016928	1474
68017103	1474
68017242	1474
68017403	1474
68017565	1474
68017703	1474
68017864	1474
68018035	1474
68018173	1474
68018309	1474
68018445	1474
68018648	1474
68018814	1474
68814684	1474
68814879	1474
68815088	1474
68815239	1474
68815407	1474
68815571	1474
68815704	1474
68815867	1474
68816034	1474
68816172	1474
68816320	1474
68816481	1474
68816641	1474
68816778	1474
68816914	1474
68817050	1474
68817212	1474
68817388	1474
69615669	1474
69615867	1474
69616039	1474
69616229	1474
69616367	1474
69616512	1474
69616674	1474
69616835	1474
69616970	1474
69617105	1474
69617263	1474
69617423	1474
69617573	1474
69617734	1474
69617872	1474
69618007	1474
69618167	1474
69618327	1474
70417313	1474
70417660	1474
70417772	1474
70417902	1474
70418029	1474
70418130	1474
70418255	1474
70418401	1474
70418567	1474
70418708	1474
70418833	1474
70418963	1474
70419068	1474
70419185	1474
70419283	1474
70419381	1474
70419508	1474
70419631	1474
71216986	1474
71217213	1474
71217616	1474
71217822	1474
71218075	1474
71218212	1474
71218375	1474
71218585	1474
71218743	1474
71218888	1474
71219052	1474
71219215	1474
71219351	1474
71219486	1474
71219623	1474
71219759	1474
71219934	1474
72015449	1474
72015818	1474
72015912	1474
72016038	1474
72016180	1474
72016291	1474
72016414	1474
72016523	1474
72016624	1474
72016738	1474
72016834	1474
72016958	1474
72017057	1474
72017169	1474
72017269	1474
72017394	1474
72017492	1474
72017589	1474
72817592	1474
72817782	1474
72818162	1474
72818262	1474
72818676	1474
72818807	1474
72818924	1474
72819049	1474
72819146	1474
72819268	1474
72819402	1474
72819522	1474
72819643	1474
72819764	1474
72819874	1474
72819981	1474
72820101	1474
72820195	1474
73881879	1474
73882072	1474
73882206	1474
73882321	1474
73882503	1474
73882640	1474
73882847	1474
73882975	1474
73883089	1474
73883210	1474
73883306	1474
73883443	1474
73883537	1474
73883702	1474
73883933	1474
73884395	1474
73884652	1474
73884743	1474
74681914	1474
74682075	1474
74682207	1474
74682353	1474
74682564	1474
74682811	1474
74682942	1474
74683045	1474
74683175	1474
74683293	1474
74683417	1474
74683523	1474
74683645	1474
74683778	1474
74683996	1474
74684660	1474
74684914	1474
74685012	1474
75483042	1474
75483236	1474
75483398	1474
75483525	1474
75483626	1474
75483763	1474
75483887	1474
75484016	1474
75484202	1474
75484712	1474
75484844	1474
75484976	1474
75485118	1474
75485242	1474
75485333	1474
75485455	1474
75485576	1474
75485698	1474
76284622	1474
76284848	1474
76285018	1474
76285126	1474
76285267	1474
76285528	1474
76286328	1474
76286744	1474
76286851	1474
76286981	1474
76287081	1474
76287195	1474
76287313	1474
76287468	1474
76287572	1474
76287688	1474
76287859	1474
76288015	1474
77084086	1474
77084432	1474
77084549	1474
77084644	1474
77084775	1474
77085003	1474
77085111	1474
77085238	1474
77085348	1474
77085479	1474
77085629	1474
77085761	1474
77085980	1474
77086103	1474
77086229	1474
77086409	1474
77086611	1474
77884440	1474
77884575	1474
77884916	1474
77885017	1474
77885156	1474
77885254	1474
77885564	1474
77885670	1474
77885869	1474
77886024	1474
77886364	1474
77886584	1474
77886722	1474
77886825	1474
77886923	1474
77887057	1474
77887173	1474
77887273	1474
78683307	1474
78683423	1474
78683661	1474
78683760	1474
78683905	1474
78684021	1474
78684250	1474
78684358	1474
78684495	1474
78684619	1474
78684743	1474
78684866	1474
78685025	1474
78685124	1474
78685222	1474
78685320	1474
78685444	1474
79484857	1474
79485073	1474
79485269	1474
79485356	1474
79485493	1474
79485732	1474
79485861	1474
79485986	1474
79486119	1474
79486245	1474
79486489	1474
79486752	1474
79486858	1474
79486983	1474
79487087	1474
79487211	1474
79487358	1474
79487479	1474
80284138	1474
80284431	1474
80284559	1474
80284666	1474
80284811	1474
80285001	1474
80285104	1474
80285231	1474
80285366	1474
80285467	1474
80285565	1474
80285691	1474
80285790	1474
80286088	1474
80286534	1474
80286636	1474
80286771	1474
81084307	1474
81084552	1474
81084692	1474
81084786	1474
81084903	1474
81085196	1474
81085425	1474
81085860	1474
81086043	1474
81086168	1474
81086287	1474
81086452	1474
81086546	1474
81086764	1474
81086864	1474
81086959	1474
81087050	1474
81883545	1474
81883784	1474
81883915	1474
81884034	1474
81884126	1474
81884244	1474
81884362	1474
81884455	1474
81884552	1474
81884670	1474
81884789	1474
81884893	1474
81885011	1474
81885104	1474
81885196	1474
81885289	1474
81885408	1474
82683661	1474
82683896	1474
82683997	1474
82684116	1474
82684210	1474
82684328	1474
82684426	1474
82684520	1474
82684614	1474
82684732	1474
82684824	1474
82684918	1474
82685022	1474
82685118	1474
82685214	1474
82685328	1474
82685420	1474
82685538	1474
83485124	1474
83485359	1474
83485484	1474
83485603	1474
83485723	1474
83485816	1474
83485906	1474
83485997	1474
83486091	1474
83486216	1474
83486312	1474
83486405	1474
83486572	1474
83486691	1474
83486786	1474
83486905	1474
83486999	1474
84284170	1474
84284371	1474
84284514	1474
84284638	1474
84284768	1474
84284891	1474
84284988	1474
84285087	1474
84285206	1474
84285345	1474
84285499	1474
84285620	1474
84285743	1474
84285870	1474
84285992	1474
84286121	1474
84286220	1474
84286342	1474
85084156	1474
85084342	1474
85084462	1474
85084576	1474
85084712	1474
85084879	1474
85084993	1474
85085135	1474
85085258	1474
85085373	1474
85085493	1474
85085626	1474
85085762	1474
85085895	1474
85085995	1474
85086112	1474
85086234	1474
85086445	1474
85885175	1474
85885340	1474
85885484	1474
85885581	1474
85885680	1474
85885798	1474
85885941	1474
85886038	1474
85886131	1474
85886228	1474
85886363	1474
85886554	1474
85886648	1474
85886771	1474
85886861	1474
85886995	1474
85887099	1474
86684054	1474
86684293	1474
86684422	1474
86684548	1474
86684706	1474
86684842	1474
86685177	1474
86685282	1474
86685421	1474
86685541	1474
86685637	1474
86685742	1474
86685866	1474
86685988	1474
86686118	1474
86686217	1474
86686315	1474
86686543	1474
87484685	1474
87484891	1474
87485009	1474
87485134	1474
87485258	1474
87485396	1474
87485499	1474
87485598	1474
87485729	1474
87485824	1474
87485946	1474
87486046	1474
87486148	1474
87486271	1474
87486390	1474
87486586	1474
87486697	1474
88286194	1474
88286434	1474
88286624	1474
88286724	1474
88286849	1474
88286967	1474
88287087	1474
88287217	1474
88287454	1474
88287595	1474
88287736	1474
88287853	1474
88287977	1474
88288120	1474
88288274	1474
88288376	1474
88288546	1474
88288677	1474
89087148	1474
89087337	1474
89087431	1474
89087550	1474
89087735	1474
89087881	1474
89088028	1474
89088190	1474
89088312	1474
89088406	1474
89088498	1474
89088591	1474
89088710	1474
89088919	1474
89089011	1474
89089105	1474
89089224	1474
89884971	1474
89885213	1474
89885335	1474
89885428	1474
89885520	1474
89885612	1474
89885703	1474
89885794	1474
89885886	1474
89885998	1474
89886119	1474
89886212	1474
89886366	1474
89886508	1474
89886603	1474
89886719	1474
89886811	1474
89886927	1474
90685349	1474
90685579	1474
90685702	1474
90685818	1474
90685936	1474
90686029	1474
90686122	1474
90686221	1474
90686317	1474
90686508	1474
90686628	1474
90686745	1474
90686863	1474
90686955	1474
90687047	1474
90687163	1474
91485228	1474
91485667	1474
91485765	1474
91485885	1474
91485976	1474
91486093	1474
91486188	1474
91486281	1474
91486557	1474
91486683	1474
91486801	1474
91486897	1474
91486987	1474
91487079	1474
91487172	1474
91487292	1474
91487386	1474
91487518	1474
92289452	1474
92289656	1474
92289897	1474
92290063	1474
92290191	1474
92290415	1474
92290594	1474
92290743	1474
92290869	1474
92290993	1474
92291116	1474
92291238	1474
92291362	1474
92291481	1474
92291605	1474
92291763	1474
92291860	1474
93085229	1474
93085415	1474
93085702	1474
93085794	1474
93085945	1474
93086258	1474
93086364	1474
93086540	1474
93086659	1474
93086783	1474
93086948	1474
93087079	1474
93087206	1474
93087324	1474
93087445	1474
93087573	1474
93087667	1474
93885604	1474
93885836	1474
93885984	1474
93886141	1474
93886241	1474
93886527	1474
93886659	1474
93886785	1474
93886910	1474
93887032	1474
93887175	1474
93887296	1474
93887391	1474
93887511	1474
93887631	1474
93887751	1474
93887895	1474
94686610	1474
94687020	1474
94687124	1474
94687217	1474
94687330	1474
94687530	1474
94687630	1474
94687729	1474
94687847	1474
94687940	1474
94688032	1474
94688122	1474
94688213	1474
94688310	1474
94688428	1474
94688544	1474
94688637	1474
94688752	1474
95486066	1474
95486315	1474
95486439	1474
95486546	1474
95486666	1474
95486757	1474
95486849	1474
95486965	1474
95487081	1474
95487173	1474
95487290	1474
95487381	1474
95487473	1474
95487604	1474
95487719	1474
95487834	1474
95487953	1474
95488070	1474
96286189	1474
96286468	1474
96286592	1474
96286712	1474
96286819	1474
96287053	1474
96287181	1474
96287271	1474
96287387	1474
96287481	1474
96287573	1474
96287665	1474
96287765	1474
96287886	1474
96287980	1474
96288073	1474
96288191	1474
96288308	1474
97086609	1474
97086892	1474
97087032	1474
97087128	1474
97087222	1474
97087340	1474
97087433	1474
97087551	1474
97087645	1474
97087739	1474
97087860	1474
97087956	1474
97088053	1474
97088147	1474
97088246	1474
97088341	1474
97886645	1474
97886887	1474
97887011	1474
97887131	1474
97887242	1474
97887360	1474
97887456	1474
97887575	1474
97887670	1474
97887789	1474
97887908	1474
97888005	1474
97888125	1474
97888262	1474
97888358	1474
97888478	1474
98686711	1474
98687021	1474
98687111	1474
98687230	1474
98687324	1474
98687460	1474
98687553	1474
98687648	1474
98687770	1474
98687888	1474
98688018	1474
98688115	1474
98688207	1474
98688320	1474
98688414	1474
98688533	1474
98688627	1474
98688750	1474
99487174	1474
99487460	1474
99487559	1474
99487698	1474
99487794	1474
99487913	1474
99488041	1474
99488161	1474
99488281	1474
99488375	1474
99488493	1474
99488696	1474
99488794	1474
99488889	1474
99489007	1474
99489102	1474
99489194	1474
99489283	1474
100286444	1474
100286715	1474
100286809	1474
100287012	1474
100287130	1474
100287224	1474
100287339	1474
100287461	1474
100287550	1474
100287666	1474
100287758	1474
100287977	1474
100288071	1474
100288166	1474
100288256	1474
100288373	1474
100288497	1474
100288618	1474
101087634	1474
101087928	1474
101088057	1474
101088235	1474
101088358	1474
101088497	1474
101088618	1474
101088755	1474
101088908	1474
101089008	1474
101089140	1474
101089265	1474
101089366	1474
101089491	1474
101089631	1474
101089765	1474
101089865	1474
101887010	1474
101887190	1474
101887474	1474
101887671	1474
101887830	1474
101888013	1474
101888137	1474
101888249	1474
101888402	1474
101888497	1474
101888617	1474
101888758	1474
101888857	1474
101888980	1474
101889116	1474
101889216	1474
102687255	1474
102687605	1474
102687809	1474
102687928	1474
102688056	1474
102688168	1474
102688413	1474
102688560	1474
102688664	1474
102688804	1474
102688902	1474
102689016	1474
102689164	1474
102689288	1474
102689386	1474
102689515	1474
102689635	1474
103488197	1474
103488508	1474
103488663	1474
103488807	1474
103488959	1474
103489101	1474
103489311	1474
103489451	1474
103489575	1474
103489685	1474
103489803	1474
103489922	1474
103490023	1474
103490123	1474
103490248	1474
103490373	1474
103490553	1474
104287282	1474
104287567	1474
104287692	1474
104287787	1474
104287908	1474
104288042	1474
104288164	1474
104288263	1474
104288384	1474
104288481	1474
104288602	1474
104288726	1474
104288925	1474
104289030	1474
104289451	1474
104289599	1474
104289696	1474
104289793	1474
105088536	1474
105088821	1474
105088940	1474
105089059	1474
105089192	1474
105089290	1474
105089409	1474
105089507	1474
105089599	1474
105089718	1474
105089810	1474
105089902	1474
105089997	1474
105090118	1474
105090249	1474
105090343	1474
105090503	1474
105090625	1474
105887528	1474
105887675	1474
105887772	1474
105887894	1474
105887992	1474
105888087	1474
105888207	1474
105888326	1474
105888463	1474
105888559	1474
105888679	1474
105888775	1474
105888895	1474
105888988	1474
105889106	1474
105889226	1474
105889346	1474
105889453	1474
106688240	1474
106688467	1474
106688635	1474
106688762	1474
106688885	1474
106688982	1474
106689103	1474
106689202	1474
106689322	1474
106689443	1474
106689550	1474
106689651	1474
106689773	1474
106689894	1474
106689990	1474
106690085	1474
106690179	1474
107489067	1474
107489331	1474
107489424	1474
107489516	1474
107489619	1474
107489827	1474
107489951	1474
107490053	1474
107490151	1474
107490271	1474
107490412	1474
107490581	1474
107490675	1474
107490808	1474
107490925	1474
107491047	1474
107491281	1474
108288283	1474
108288573	1474
108288662	1474
108288788	1474
108288905	1474
108289040	1474
108289127	1474
108289245	1474
108289344	1474
108289464	1474
108289556	1474
108289674	1474
108289770	1474
108289864	1474
108289963	1474
108290059	1474
108290177	1474
108290297	1474
109088042	1474
109088443	1474
109088545	1474
109088644	1474
109088743	1474
109088869	1474
109088966	1474
109089062	1474
109089158	1474
109089316	1474
109089413	1474
109089535	1474
109089632	1474
109089754	1474
109089854	1474
109089973	1474
109090068	1474
109090162	1474
109888063	1474
109888292	1474
109888616	1474
109888738	1474
109889044	1474
109889172	1474
109889263	1474
109889356	1474
109889506	1474
109889631	1474
109889768	1474
109889888	1474
109889985	1474
109890106	1474
109890202	1474
109890297	1474
109890462	1474
110955447	1474
110955732	1474
110955956	1474
110956105	1474
110956208	1474
110956491	1474
110956597	1474
110956703	1474
110956851	1474
110956971	1474
110957099	1474
110957930	1474
110958066	1474
110958300	1474
110958445	1474
110958705	1474
110958837	1474
110958962	1474
111757390	1474
111757669	1474
111757767	1474
111757891	1474
111758030	1474
111758128	1474
111758253	1474
111758376	1474
111758592	1474
111758731	1474
111758882	1474
111758997	1474
111759114	1474
111759235	1474
111759341	1474
111759434	1474
111759549	1474
111759656	1474
112555613	1474
112555889	1474
112556006	1474
112556165	1474
112556292	1474
112556416	1474
112556513	1474
112556636	1474
112556770	1474
112557355	1474
112557488	1474
112558591	1474
112558727	1474
112558832	1474
112558949	1474
112559071	1474
112559210	1474
113356049	1474
113356345	1474
113356467	1474
113356564	1474
113356661	1474
113356772	1474
113356893	1474
113357011	1474
113357102	1474
113357267	1474
113357416	1474
113357698	1474
113357802	1474
113358507	1474
113358619	1474
113358905	1474
113359015	1474
114155846	1474
114156007	1474
114156134	1474
114156231	1474
114156323	1474
114156423	1474
114156634	1474
114156762	1474
114156883	1474
114157004	1474
114157123	1474
114157241	1474
114157336	1474
114157454	1474
114157559	1474
114157746	1474
114157872	1474
114955888	1474
114956108	1474
114956197	1474
114956289	1474
114956408	1474
114956526	1474
114956620	1474
114956713	1474
114956822	1474
114956917	1474
114957037	1474
114957158	1474
114957248	1474
114957341	1474
114957462	1474
114957550	1474
114957667	1474
114957801	1474
115755947	1474
115756182	1474
115756387	1474
115756566	1474
115756809	1474
115756980	1474
115757166	1474
115757331	1474
115757472	1474
115757614	1474
115757783	1474
115757946	1474
115758103	1474
115758246	1474
115758386	1474
115758583	1474
115758730	1474
115758898	1474
116557083	1474
116557329	1474
116557474	1474
116557619	1474
116557799	1474
116558020	1474
116558173	1474
116558345	1474
116558561	1474
116558756	1474
116558921	1474
116559084	1474
116559222	1474
116559400	1474
116559562	1474
116559725	1474
116559890	1474
117358202	1474
117358658	1474
117358748	1474
117358869	1474
117358999	1474
117359118	1474
117359230	1474
117359338	1474
117359436	1474
117359568	1474
117359676	1474
117359785	1474
117359893	1474
117360006	1474
117360106	1474
117360267	1474
117360389	1474
117360533	1474
118158590	1474
118158858	1474
118159614	1474
118159828	1474
118159945	1474
118160213	1474
118160354	1474
118160490	1474
118160589	1474
118160681	1474
118160813	1474
118160930	1474
118161055	1474
118161296	1474
118161455	1474
118161562	1474
118165051	1474
118690164	1474
118690521	1474
118690626	1474
118690736	1474
118690833	1474
118690978	1474
118691100	1474
118691199	1474
118691346	1474
118691455	1474
118691552	1474
118691652	1474
118691786	1474
118691910	1474
118692050	1474
118692171	1474
119492293	1474
119492498	1474
119492669	1474
119492840	1474
119493056	1474
119493231	1474
119493394	1474
119493554	1474
119493690	1474
119493825	1474
119493961	1474
119494130	1474
119494267	1474
119494426	1474
119494612	1474
119494772	1474
120290552	1474
120290832	1474
120290927	1474
120291030	1474
120291148	1474
120291239	1474
120291362	1474
120291455	1474
120291571	1474
120291664	1474
120291780	1474
120291874	1474
120291990	1474
120292084	1474
120292176	1474
120292262	1474
120292388	1474
121092903	1474
121093191	1474
121093284	1474
121093377	1474
121093466	1474
121093591	1474
121093711	1474
121093802	1474
121093895	1474
121094012	1474
121094129	1474
121094222	1474
121094315	1474
121094431	1474
121094552	1474
121094685	1474
121094804	1474
121890535	1474
121890885	1474
121890980	1474
121891098	1474
121891216	1474
121891309	1474
121891427	1474
121891544	1474
121891635	1474
121891727	1474
121891862	1474
121891955	1474
121892048	1474
121892166	1474
121892257	1474
121892374	1474
121892468	1474
122690594	1474
122690904	1474
122691035	1474
122691127	1474
122691222	1474
122691344	1474
122691436	1474
122691529	1474
122691647	1474
122691766	1474
122691882	1474
122691999	1474
122692128	1474
122692218	1474
122692335	1474
122692429	1474
122692548	1474
122692640	1474
123490867	1474
123491156	1474
123491257	1474
123491350	1474
123491470	1474
123491591	1474
123491684	1474
123491777	1474
123491870	1474
123491990	1474
123492083	1474
123492355	1474
123492484	1474
123492713	1474
123492841	1474
123493073	1474
123493197	1474
123493423	1474
124557647	1474
124557915	1474
124558012	1474
124558107	1474
124558203	1474
124558300	1474
124558486	1474
124558613	1474
124558731	1474
124558854	1474
124558968	1474
124559062	1474
124559176	1474
124559270	1474
124559490	1474
124559625	1474
124559861	1474
124559984	1474
125362390	1474
125362533	1474
125362626	1474
125362771	1474
125362871	1474
125363107	1474
125363231	1474
125363709	1474
125363812	1474
125363987	1474
125364107	1474
125364199	1474
125364318	1474
125364411	1474
125364504	1474
125364622	1474
125364759	1474
125364852	1474
125891919	1474
125892149	1474
125892244	1474
125892359	1474
125892479	1474
125892575	1474
125892668	1474
125892785	1474
125892885	1474
125892979	1474
125893071	1474
125893162	1474
125893281	1474
125893399	1474
125893517	1474
125893635	1474
126959633	1474
126959905	1474
126960029	1474
126960124	1474
126960230	1474
126960351	1474
126960470	1474
126960588	1474
126960684	1474
126960920	1474
126961023	1474
126961366	1474
126961562	1474
126961661	1474
126961784	1474
126961878	1474
126961996	1474
126962118	1474
127758602	1474
127758855	1474
127758978	1474
127759070	1474
127759164	1474
127759255	1474
127759359	1474
127759480	1474
127759597	1474
127759694	1474
127759808	1474
127759996	1474
127760647	1474
127760801	1474
127760992	1474
127761086	1474
127761178	1474
127761269	1474
128558397	1474
128558745	1474
128558840	1474
128558937	1474
128559030	1474
128559150	1474
128559270	1474
128559362	1474
128559454	1474
128559581	1474
128559678	1474
128559794	1474
128559927	1474
128560025	1474
128560243	1474
128560344	1474
128560462	1474
128561145	1474
129360781	1474
129361164	1474
129361253	1474
129361370	1474
129361463	1474
129361581	1474
129361702	1474
129361825	1474
129361945	1474
129362038	1474
129362156	1474
129362250	1474
129362391	1474
129362558	1474
129362647	1474
129362738	1474
129362907	1474
129892625	1474
129892890	1474
129892999	1474
129893092	1474
129893209	1474
129893329	1474
129893449	1474
129893540	1474
129893630	1474
129893723	1474
129893843	1474
129893969	1474
129894088	1474
129894183	1474
129894303	1474
129894421	1474
130691890	1474
130692059	1474
130692206	1474
130692344	1474
130692467	1474
130692563	1474
130692709	1474
130692827	1474
130692926	1474
130693053	1474
130693198	1474
130693342	1474
130693443	1474
130693558	1474
130693675	1474
130693772	1474
130693888	1474
131759184	1474
131759374	1474
131759603	1474
131759703	1474
131759819	1474
131759946	1474
131760263	1474
131760408	1474
131760524	1474
131760682	1474
131760868	1474
131760999	1474
131761095	1474
131761957	1474
131762212	1474
131762335	1474
131762506	1474
131762654	1474
132559046	1474
132559329	1474
132559475	1474
132559600	1474
132559750	1474
132559854	1474
132559948	1474
132560069	1474
132560166	1474
132560306	1474
132560403	1474
132560517	1474
132560654	1474
132560835	1474
132561119	1474
132561742	1474
132562008	1474
133094654	1474
133094917	1474
133095048	1474
133095173	1474
133095308	1474
133095417	1474
133095542	1474
133095692	1474
133095815	1474
133095932	1474
133096073	1474
133096201	1474
133096298	1474
133096402	1474
133096509	1474
133096629	1474
133893255	1474
133893436	1474
133893554	1474
133893679	1474
133893791	1474
133893908	1474
133894039	1474
133894163	1474
133894281	1474
133894427	1474
133894615	1474
133894726	1474
133894870	1474
133895002	1474
133895123	1474
133895234	1474
133895358	1474
134692696	1474
134692913	1474
134693095	1474
134693245	1474
134693428	1474
134693544	1474
134693885	1474
134694016	1474
134694116	1474
134694241	1474
134694367	1474
134694578	1474
134694720	1474
134694845	1474
134694958	1474
134695070	1474
134695166	1474
134695349	1474
135492951	1474
135493156	1474
135493501	1474
135493644	1474
135493790	1474
135493917	1474
135494157	1474
135494255	1474
135494367	1474
135494599	1474
135494724	1474
135494828	1474
135494953	1474
135495082	1474
135495182	1474
135495297	1474
135495421	1474
135495592	1474
136561607	1474
136561949	1474
136562054	1474
136562727	1474
136562927	1474
136563055	1474
136563144	1474
136563260	1474
136563383	1474
136563487	1474
136563611	1474
136563738	1474
136563874	1474
136563985	1474
136564084	1474
136564186	1474
136564299	1474
136564423	1474
137360233	1474
137360624	1474
137360740	1474
137360836	1474
137360963	1474
137361140	1474
137361250	1474
137361376	1474
137361478	1474
137361639	1474
137361760	1474
137362002	1474
137362155	1474
137362834	1474
137362937	1474
137363103	1474
137363203	1474
138159994	1474
138160194	1474
138160501	1474
138160608	1474
138160698	1474
138160802	1474
138160900	1474
138161000	1474
138161147	1474
138161253	1474
138161353	1474
138161499	1474
138161627	1474
138161759	1474
138161892	1474
138162047	1474
138162308	1474
138163170	1474
138960489	1474
138960672	1474
138960816	1474
138960968	1474
138961092	1474
138961380	1474
138961494	1474
138961624	1474
138961769	1474
138961893	1474
138962039	1474
138962167	1474
138962472	1474
138962594	1474
138963118	1474
138963328	1474
138963461	1474
138963585	1474
139760532	1474
139760794	1474
139760933	1474
139761034	1474
139761134	1474
139761256	1474
139761380	1474
139761503	1474
139761628	1474
139761811	1474
139761932	1474
139762190	1474
139762295	1474
139762782	1474
139762978	1474
139763116	1474
139763238	1474
139763336	1474
140560441	1474
140560738	1474
140560871	1474
140560987	1474
140561095	1474
140561194	1474
140561324	1474
140561440	1474
140561535	1474
140561680	1474
140561817	1474
140561951	1474
140562076	1474
140562181	1474
140562863	1474
140563004	1474
140563304	1474
140563431	1474
141360489	1474
141360645	1474
141360785	1474
141360888	1474
141360986	1474
141361135	1474
141361296	1474
141361448	1474
141361696	1474
141361813	1474
141361965	1474
141362314	1474
141362524	1474
141362694	1474
141362910	1474
141363043	1474
141363835	1474
142162621	1474
142162860	1474
142163515	1474
142163721	1474
142163863	1474
142164144	1474
142164275	1474
142164384	1474
142164488	1474
142164610	1474
142164707	1474
142164830	1474
142164934	1474
142165030	1474
142165168	1474
142165331	1474
142165445	1474
142963744	1474
142963943	1474
142964213	1474
142964355	1474
142964791	1474
142964896	1474
142965026	1474
142965251	1474
142965395	1474
142965518	1474
142965774	1474
142965903	1474
142965995	1474
142966116	1474
142966239	1474
142966434	1474
142966637	1474
142966729	1474
143761098	1474
143761334	1474
143761521	1474
143761654	1474
143761780	1474
143761899	1474
143762013	1474
143762135	1474
143762261	1474
143762391	1474
143762562	1474
143762694	1474
143762836	1474
143763103	1474
143763206	1474
143763683	1474
144561596	1474
144561923	1474
144562079	1474
144562203	1474
144562363	1474
144562700	1474
144562834	1474
144563001	1474
144563320	1474
144563548	1474
144564143	1474
144564275	1474
144564504	1474
144564606	1474
144564735	1474
144564851	1474
144564974	1474
145361926	1474
145362074	1474
145362173	1474
145362416	1474
145362569	1474
145362718	1474
145362817	1474
145362935	1474
145363035	1474
145363135	1474
145363468	1474
145363573	1474
145364023	1474
145364129	1474
145364227	1474
145364348	1474
145364478	1474
146163857	1474
146164271	1474
146164416	1474
146165006	1474
146165313	1474
146165425	1474
146165670	1474
146165761	1474
146165898	1474
146166021	1474
146166163	1474
146166477	1474
146166596	1474
146166694	1474
146166799	1474
146166896	1474
146166994	1474
146167117	1474
146963380	1474
146963834	1474
146963996	1474
146964477	1474
146964735	1474
146964974	1474
146965138	1474
146965278	1474
146965417	1474
146965585	1474
146965730	1474
146965874	1474
146966045	1474
146966267	1474
146966463	1474
146967045	1474
146967220	1474
146967391	1474
147762415	1474
147762711	1474
147762840	1474
147762977	1474
147763100	1474
147763198	1474
147763302	1474
147763393	1474
147763516	1474
147763734	1474
147763863	1474
147764364	1474
147764577	1474
147764675	1474
147764791	1474
147764889	1474
147765028	1474
148562310	1474
148562549	1474
148562664	1474
148562797	1474
148562894	1474
148563009	1474
148563148	1474
148563248	1474
148563360	1474
148563475	1474
148563614	1474
148563891	1474
148564029	1474
148564378	1474
148564473	1474
148564595	1474
148564710	1474
148564854	1474
149362117	1474
149362264	1474
149362523	1474
149362625	1474
149362753	1474
149363089	1474
149363218	1474
149363358	1474
149363480	1474
149363577	1474
149363696	1474
149363814	1474
149363925	1474
149364017	1474
149364141	1474
149364435	1474
149364541	1474
150163296	1474
150163511	1474
150163653	1474
150163778	1474
150164067	1474
150164191	1474
150164348	1474
150164613	1474
150165492	1474
150165639	1474
150165747	1474
150165865	1474
150165990	1474
150166138	1474
150166237	1474
150166362	1474
150166566	1474
150963432	1474
150963638	1474
150963843	1474
150963977	1474
150964124	1474
150964232	1474
150964730	1474
150964967	1474
150965086	1474
150965786	1474
150965893	1474
150966150	1474
150966297	1474
150966417	1474
150966616	1474
150966741	1474
150966877	1474
151762458	1474
151762744	1474
151762878	1474
151763123	1474
151763389	1474
151763498	1474
151763614	1474
151763735	1474
151763835	1474
151763961	1474
151764077	1474
151764174	1474
151764326	1474
151764424	1474
151764550	1474
151764760	1474
151765117	1474
152563476	1474
152563784	1474
152563919	1474
152564059	1474
152564160	1474
152564266	1474
152564430	1474
152564665	1474
152564798	1474
152564906	1474
152565039	1474
152565191	1474
152565397	1474
152565551	1474
152566626	1474
152566760	1474
152566884	1474
153364762	1474
153365050	1474
153365191	1474
153365308	1474
153365434	1474
153365537	1474
153365675	1474
153365802	1474
153366006	1474
153366570	1474
153366779	1474
153366982	1474
153367107	1474
153367216	1474
153367313	1474
153367439	1474
153367617	1474
153367889	1474
154162922	1474
154163211	1474
154163323	1474
154163434	1474
154163543	1474
154163684	1474
154163799	1474
154163904	1474
154163996	1474
154164099	1474
154164183	1474
154164293	1474
154164427	1474
154164565	1474
154164721	1474
154164993	1474
154165112	1474
154165705	1474
154963192	1474
154963425	1474
154963567	1474
154963662	1474
154963783	1474
154963877	1474
154963997	1474
154964129	1474
154964248	1474
154964340	1474
154964458	1474
154964576	1474
154964695	1474
154964815	1474
154964936	1474
154965171	1474
154965273	1474
154965366	1474
155763793	1474
155764039	1474
155764165	1474
155764286	1474
155764414	1474
155764508	1474
155764601	1474
155764719	1474
155764813	1474
155764916	1474
155765013	1474
155765231	1474
155765344	1474
155765442	1474
155765772	1474
155765892	1474
155766076	1474
155766201	1474
156563691	1474
156563971	1474
156564094	1474
156564215	1474
156564333	1474
156564427	1474
156564551	1474
156564647	1474
156564769	1474
156564902	1474
156565145	1474
156565275	1474
156565741	1474
156565870	1474
156565990	1474
156566084	1474
157364086	1474
157364446	1474
157364571	1474
157364698	1474
157364839	1474
157364983	1474
157365126	1474
157365283	1474
157365419	1474
157365756	1474
157366271	1474
157366405	1474
157366555	1474
157366656	1474
157366785	1474
157366905	1474
157367010	1474
158165495	1474
158165833	1474
158165962	1474
158166132	1474
158167288	1474
158167573	1474
158167705	1474
158167821	1474
158167947	1474
158168113	1474
158168256	1474
158168355	1474
158168450	1474
158168570	1474
158168700	1474
158168936	1474
158169090	1474
158169214	1474
158965478	1474
158965758	1474
158965888	1474
158966031	1474
158966130	1474
158966271	1474
158966406	1474
158966562	1474
158966699	1474
158966817	1474
158966915	1474
158967051	1474
158967188	1474
158967297	1474
158967398	1474
158967508	1474
158967624	1474
159763965	1474
159764226	1474
159764325	1474
159764449	1474
159764569	1474
159764687	1474
159764805	1474
159764901	1474
159764994	1474
159765112	1474
159765204	1474
159765322	1474
159765447	1474
159765566	1474
159765662	1474
159765756	1474
160564854	1474
160565080	1474
160565176	1474
160565267	1474
160565383	1474
160565501	1474
160565595	1474
160565701	1474
160565797	1474
160565916	1474
160566032	1474
160566151	1474
160566244	1474
160566384	1474
160566658	1474
160566762	1474
160566858	1474
161364706	1474
161364971	1474
161365069	1474
161365165	1474
161365261	1474
161365384	1474
161365482	1474
161365577	1474
161365698	1474
161365818	1474
161365926	1474
161366048	1474
161366143	1474
161366237	1474
161366397	1474
161366537	1474
161366662	1474
162164686	1474
162164951	1474
162165073	1474
162165210	1474
162165313	1474
162165434	1474
162165556	1474
162165652	1474
162165750	1474
162165843	1474
162165964	1474
162166085	1474
162166219	1474
162166341	1474
162166468	1474
162166572	1474
162166670	1474
162964990	1474
162965282	1474
162965394	1474
162965490	1474
162965583	1474
162965679	1474
162965799	1474
162965897	1474
162966017	1474
162966138	1474
162966258	1474
162966414	1474
162966551	1474
162966647	1474
162966743	1474
162966864	1474
162966986	1474
162967107	1474
163765180	1474
163765480	1474
163765586	1474
163765681	1474
163765773	1474
163765868	1474
163765963	1474
163766082	1474
163766202	1474
163766294	1474
163766442	1474
163766554	1474
163766652	1474
163766747	1474
163766841	1474
163766961	1474
163767057	1474
164565301	1474
164565488	1474
164565653	1474
164565747	1474
164565882	1474
164565974	1474
164566174	1474
164566276	1474
164566399	1474
164566539	1474
164566635	1474
164566735	1474
164566877	1474
164566973	1474
164567093	1474
164567188	1474
164567285	1474
165098290	1474
165098609	1474
165098705	1474
165098801	1474
165098931	1474
165099053	1474
165099149	1474
165099268	1474
165099361	1474
165099459	1474
165099581	1474
165099674	1474
165099768	1474
165099861	1474
165099969	1474
165100065	1474
166165494	1474
166165682	1474
166165772	1474
166165862	1474
166165971	1474
166166093	1474
166166229	1474
166166356	1474
166166492	1474
166166621	1474
166166739	1474
166166860	1474
166166957	1474
166167094	1474
166167189	1474
166167315	1474
166167440	1474
166167577	1474
166698563	1474
166698798	1474
166698968	1474
166699228	1474
166699620	1474
166699782	1474
166699951	1474
166700145	1474
166700318	1474
166700482	1474
166700625	1474
166700790	1474
166700959	1474
166701121	1474
166701321	1474
166701462	1474
166701612	1474
167765851	1474
167766264	1474
167766363	1474
167766503	1474
167766692	1474
167766816	1474
167766916	1474
167767010	1474
167767129	1474
167767252	1474
167767347	1474
167767445	1474
167767554	1474
167767676	1474
167767797	1474
167767892	1474
167767987	1474
167768113	1474
168567976	1474
168568160	1474
168568322	1474
168568442	1474
168568530	1474
168568623	1474
168568719	1474
168568826	1474
168568919	1474
168569013	1474
168569107	1474
168569227	1474
168569325	1474
168569446	1474
168569567	1474
168569664	1474
168569792	1474
168569917	1474
169099011	1474
169099441	1474
169099529	1474
169099655	1474
169099770	1474
169099874	1474
169099966	1474
169100102	1474
169100201	1474
169100310	1474
169100435	1474
169100550	1474
169100673	1474
169100775	1474
169100889	1474
169101012	1474
169900474	1474
169900834	1474
169901003	1474
169901178	1474
169901320	1474
169901483	1474
169901620	1474
169901764	1474
169901903	1474
169902069	1474
169902221	1474
169902386	1474
169902578	1474
169902730	1474
169902868	1474
169903005	1474
170700100	1474
170700260	1474
170700513	1474
170700658	1474
170700758	1474
170700921	1474
170701160	1474
170701314	1474
170701450	1474
170701543	1474
170701656	1474
170701778	1474
170701890	1474
170701997	1474
170702134	1474
170702245	1474
170702375	1474
170702554	1474
171499874	1474
171500032	1474
171500154	1474
171500278	1474
171500399	1474
171500536	1474
171500670	1474
171500768	1474
171500890	1474
171501019	1474
171501143	1474
171501244	1474
171501365	1474
171501476	1474
171501628	1474
171501729	1474
171501833	1474
171501954	1474
172300566	1474
172300753	1474
172300874	1474
172301023	1474
172301147	1474
172301273	1474
172301396	1474
172301538	1474
172301634	1474
172301733	1474
172301839	1474
172301962	1474
172302093	1474
172302207	1474
172302329	1474
173102277	1474
173102586	1474
173102881	1474
173102985	1474
173103891	1474
173104076	1474
173104175	1474
173104324	1474
173104449	1474
173104573	1474
173104671	1474
173104794	1474
173104891	1474
173105014	1474
173105137	1474
173105276	1474
173634863	1474
173635115	1474
173635247	1474
173635377	1474
173635481	1474
173635744	1474
173635873	1474
173635977	1474
173636098	1474
173636230	1474
173636323	1474
173636456	1474
173636591	1474
173636742	1474
173636839	1474
173636945	1474
174702125	1474
174702287	1474
174702426	1474
174702782	1474
174703046	1474
174703196	1474
174703970	1474
174704075	1474
174704195	1474
174704330	1474
174704453	1474
174704570	1474
174704712	1474
174704881	1474
174704977	1474
174705098	1474
174705222	1474
175500218	1474
175500397	1474
175500530	1474
175500648	1474
175500944	1474
175501073	1474
175501226	1474
175501339	1474
175501437	1474
175501534	1474
175501657	1474
175501774	1474
175501902	1474
175502037	1474
175502270	1474
175502399	1474
175503020	1474
176300999	1474
176301240	1474
176301336	1474
176301458	1474
176301565	1474
176301679	1474
176301802	1474
176301926	1474
176302026	1474
176302139	1474
176302426	1474
176303217	1474
176303353	1474
176303488	1474
176303586	1474
176303709	1474
176303809	1474
176303908	1474
177100738	1474
177100931	1474
177101030	1474
177101143	1474
177101265	1474
177101407	1474
177101532	1474
177101628	1474
177101725	1474
177101847	1474
177101945	1474
177102069	1474
177102166	1474
177102290	1474
177102433	1474
177102773	1474
177103078	1474
177103396	1474
177900703	1474
177900881	1474
177901005	1474
177901123	1474
177901207	1474
177901317	1474
177901490	1474
177901610	1474
177901704	1474
177901796	1474
177901914	1474
177902006	1474
177902124	1474
177902241	1474
177902352	1474
177902509	1474
177902630	1474
177902716	1474
178703319	1474
178703508	1474
178703753	1474
178703853	1474
178704119	1474
178704345	1474
178704516	1474
178704670	1474
178704770	1474
178704891	1474
178705009	1474
178705126	1474
178705244	1474
178705361	1474
178705453	1474
178705570	1474
178705702	1474
178705820	1474
179501367	1474
179501536	1474
179501633	1474
179501748	1474
179501855	1474
179502000	1474
179502166	1474
179502285	1474
179502498	1474
179502625	1474
179502744	1474
179502872	1474
179502969	1474
179503085	1474
179503203	1474
179503321	1474
179503439	1474
179503556	1474
180302063	1474
180302314	1474
180302438	1474
180302538	1474
180302659	1474
180302748	1474
180302867	1474
180303102	1474
180303204	1474
180303499	1474
180303617	1474
180303819	1474
180303910	1474
180304028	1474
180304136	1474
180304229	1474
180304322	1474
180304413	1474
181103314	1474
181103593	1474
181103718	1474
181103837	1474
181103933	1474
181104128	1474
181104229	1474
181104365	1474
181104484	1474
181104579	1474
181104671	1474
181104784	1474
181104875	1474
181104968	1474
181105057	1474
181105149	1474
181105267	1474
181105368	1474
181901548	1474
181901880	1474
181901982	1474
181902104	1474
181902222	1474
181902486	1474
181902649	1474
181902769	1474
181902886	1474
181903005	1474
181903129	1474
181903247	1474
181903366	1474
181903484	1474
181903589	1474
181903682	1474
181903776	1474
181903896	1474
182969008	1474
182969296	1474
182969389	1474
182969486	1474
182969606	1474
182969726	1474
182969821	1474
182969955	1474
182970177	1474
182970307	1474
182970600	1474
182970756	1474
182970866	1474
182970987	1474
182971082	1474
182971178	1474
182971298	1474
182971405	1474
183768842	1474
183769156	1474
183769255	1474
183769353	1474
183769585	1474
183769713	1474
183769810	1474
183769906	1474
183770038	1474
183770185	1474
183770282	1474
183770535	1474
183770668	1474
183770954	1474
183771093	1474
183771192	1474
183771309	1474
183771402	1474
184570001	1474
184570303	1474
184570440	1474
184570605	1474
184570745	1474
184570852	1474
184571135	1474
184571310	1474
184571430	1474
184572041	1474
184572172	1474
184572421	1474
184572536	1474
184572636	1474
184572761	1474
184572857	1474
184572980	1474
184573104	1474
185369546	1474
185369831	1474
185369976	1474
185370086	1474
185370234	1474
185370333	1474
185370647	1474
185370764	1474
185370888	1474
185370980	1474
185371073	1474
185371163	1474
185371297	1474
185371421	1474
185371536	1474
185371635	1474
185371756	1474
185371879	1474
186171408	1474
186171701	1474
186171814	1474
186171944	1474
186172069	1474
186172191	1474
186172332	1474
186172429	1474
186172527	1474
186172651	1474
186172768	1474
186172892	1474
186172991	1474
186173087	1474
186173211	1474
186173310	1474
186173434	1474
186173559	1474
186971564	1474
186971779	1474
186971875	1474
186971984	1474
186972085	1474
186972237	1474
186972547	1474
186972677	1474
186972772	1474
186972896	1474
186973009	1474
186973109	1474
186973244	1474
186973368	1474
186973470	1474
186973581	1474
186973705	1474
187770268	1474
187770490	1474
187770621	1474
187770746	1474
187770875	1474
187771088	1474
187771203	1474
187771301	1474
187771447	1474
187771574	1474
187771687	1474
187771805	1474
187771929	1474
187772075	1474
187772183	1474
187772316	1474
187772438	1474
187772562	1474
188569986	1474
188570336	1474
188570563	1474
188570687	1474
188570788	1474
188570951	1474
188571191	1474
188571318	1474
188571460	1474
188571559	1474
188571682	1474
188571793	1474
188571926	1474
188572048	1474
188572160	1474
188572284	1474
188572390	1474
188572515	1474
189370394	1474
189370762	1474
189370901	1474
189371024	1474
189371135	1474
189371258	1474
189371381	1474
189371504	1474
189371603	1474
189371742	1474
189371897	1474
189372025	1474
189372125	1474
189372246	1474
189372345	1474
189372467	1474
189372589	1474
189372728	1474
190439300	1474
190439667	1474
190439756	1474
190439863	1474
190439976	1474
190440098	1474
190440229	1474
190440345	1474
190440443	1474
190440574	1474
190440694	1474
190440832	1474
190440943	1474
190441043	1474
190441181	1474
190441301	1474
190441410	1474
190441547	1474
191239343	1474
191239646	1474
191239744	1474
191239867	1474
191240003	1474
191240130	1474
191240254	1474
191240384	1474
191240518	1474
191240634	1474
191240755	1474
191240850	1474
191240973	1474
191241096	1474
191241218	1474
191241342	1474
191241476	1474
191241599	1474
192037459	1474
192037602	1474
192037722	1474
192037836	1474
192037957	1474
192038049	1474
192038142	1474
192038261	1474
192038424	1474
192038570	1474
192038690	1474
192038810	1474
192038904	1474
192039027	1474
192039116	1474
192039206	1474
192039297	1474
192039387	1474
192837323	1474
192837542	1474
192837656	1474
192837771	1474
192837887	1474
192838014	1474
192838128	1474
192838251	1474
192838402	1474
192838562	1474
192838688	1474
192838794	1474
192838893	1474
192839016	1474
192839137	1474
192839282	1474
192839379	1474
193639042	1474
193639341	1474
193639478	1474
193639579	1474
193639702	1474
193640139	1474
193640268	1474
193640374	1474
193640497	1474
193640635	1474
193640733	1474
193640881	1474
193640998	1474
193641096	1474
193641223	1474
193641337	1474
193641435	1474
193641581	1474
194437420	1474
194437747	1474
194437865	1474
194437961	1474
194438073	1474
194438203	1474
194438316	1474
194438482	1474
194438600	1474
194438724	1474
194438851	1474
194438952	1474
194439082	1474
194439214	1474
194439335	1474
194439455	1474
194439554	1474
195238188	1474
195238495	1474
195238624	1474
195238751	1474
195238870	1474
195238962	1474
195239080	1474
195239200	1474
195239294	1474
195239389	1474
195239530	1474
195239626	1474
195239768	1474
195239900	1474
195239997	1474
195240092	1474
195240189	1474
196040283	1474
196040642	1474
196040793	1474
196040905	1474
196041026	1474
196041161	1474
196041291	1474
196041418	1474
196041537	1474
196041666	1474
196041775	1474
196041897	1474
196042005	1474
196042124	1474
196042242	1474
196042334	1474
196042503	1474
196840213	1474
196840382	1474
196840553	1474
196840677	1474
196840845	1474
196840998	1474
196841218	1474
196841350	1474
196841447	1474
196841557	1474
196841697	1474
196841796	1474
196841927	1474
196842064	1474
196842161	1474
196842257	1474
196842350	1474
196842444	1474
197640391	1474
197640699	1474
197640842	1474
197640937	1474
197641083	1474
197641225	1474
197641336	1474
197641565	1474
197641696	1474
197641819	1474
197641944	1474
197642079	1474
197642202	1474
197642298	1474
197642421	1474
197642568	1474
197642665	1474
198438865	1474
198439145	1474
198439256	1474
198439370	1474
198439493	1474
198439593	1474
198439691	1474
198439819	1474
198439940	1474
198440036	1474
198440132	1474
198440233	1474
198440330	1474
198440452	1474
198440595	1474
198440691	1474
198440823	1474
199241592	1474
199241924	1474
199242016	1474
199242108	1474
199242202	1474
199242321	1474
199242421	1474
199242617	1474
199242740	1474
199242829	1474
199242928	1474
199243045	1474
199243152	1474
199243248	1474
199243351	1474
199243502	1474
199243621	1474
199243720	1474
200039548	1474
200039835	1474
200039943	1474
200040061	1474
200040156	1474
200040252	1474
200040374	1474
200040463	1474
200040558	1474
200040667	1474
200040767	1474
200040939	1474
200041062	1474
200041198	1474
200041331	1474
200041452	1474
200041577	1474
200041680	1474
200838391	1474
200838811	1474
200838936	1474
200839034	1474
200839157	1474
200839268	1474
200839403	1474
200839525	1474
200839622	1474
200839745	1474
200839843	1474
200839945	1474
200840047	1474
200840182	1474
200840304	1474
200840416	1474
200840539	1474
200840655	1474
201638458	1474
201638709	1474
201638985	1474
201639094	1474
201639224	1474
201639509	1474
201639613	1474
201639736	1474
201639875	1474
201639970	1474
201640118	1474
201640244	1474
201640367	1474
201640489	1474
201640612	1474
201640732	1474
201640855	1474
202439081	1474
202439349	1474
202439581	1474
202439694	1474
202439826	1474
202439947	1474
202440228	1474
202440333	1474
202440621	1474
202440754	1474
202440889	1474
202441010	1474
202441144	1474
202441255	1474
202441353	1474
202441461	1474
202441586	1474
203239579	1474
203239914	1474
203240040	1474
203240152	1474
203240276	1474
203240402	1474
203240524	1474
203240654	1474
203240769	1474
203240864	1474
203240984	1474
203241109	1474
203241204	1474
203241306	1474
203241414	1474
203241563	1474
203241676	1474
204039144	1474
204039440	1474
204039584	1474
204039676	1474
204039770	1474
204039901	1474
204040028	1474
204040131	1474
204040227	1474
204040351	1474
204040475	1474
204040600	1474
204040716	1474
204040844	1474
204040935	1474
204041055	1474
204041179	1474
204841818	1474
204842119	1474
204842207	1474
204842301	1474
204842466	1474
204842558	1474
204842679	1474
204842787	1474
204842895	1474
204842992	1474
204843127	1474
204843251	1474
204843390	1474
204843484	1474
204843608	1474
204843730	1474
204843827	1474
205639655	1474
205640010	1474
205640127	1474
205640219	1474
205640354	1474
205640473	1474
205640585	1474
205640679	1474
205640798	1474
205640920	1474
205641033	1474
205641154	1474
205641254	1474
205641379	1474
205641504	1474
205641626	1474
206173742	1474
206174005	1474
206174121	1474
206174222	1474
206174336	1474
206174508	1474
206174856	1474
206175663	1474
206175768	1474
206175982	1474
206176089	1474
206176208	1474
206176329	1474
206176449	1474
206176559	1474
206176685	1474
206176799	1474
206973454	1474
206973604	1474
206973751	1474
206973846	1474
206973940	1474
206974029	1474
206974123	1474
206974217	1474
206974337	1474
206974469	1474
206974573	1474
206974696	1474
206974988	1474
206975090	1474
206975361	1474
206975455	1474
207773050	1474
207773258	1474
207773427	1474
207773590	1474
207773758	1474
207773930	1474
207774097	1474
207774238	1474
207774376	1474
207774589	1474
207774759	1474
207774966	1474
207775157	1474
207775337	1474
207775524	1474
207775743	1474
207775907	1474
208573860	1474
208574057	1474
208574238	1474
208574387	1474
208574598	1474
208574781	1474
208574946	1474
208575082	1474
208575233	1474
208575407	1474
208575615	1474
208575813	1474
208575988	1474
208576260	1474
208576392	1474
208576525	1474
208576668	1474
208576809	1474
209375964	1474
209376242	1474
209376460	1474
209376713	1474
209376914	1474
209377096	1474
209377268	1474
209377424	1474
209377587	1474
209377726	1474
209377867	1474
209378037	1474
209378198	1474
209378387	1474
209378625	1474
209378771	1474
209378937	1474
210174877	1474
210175115	1474
210175283	1474
210175583	1474
210175785	1474
210176052	1474
210176360	1474
210176506	1474
210176706	1474
210176903	1474
210177039	1474
210177204	1474
210177340	1474
210177505	1474
210177658	1474
210177822	1474
210177962	1474
210974188	1474
210974387	1474
210974599	1474
210974819	1474
210975014	1474
210975195	1474
210975336	1474
210975498	1474
210975634	1474
210975804	1474
210975967	1474
210976106	1474
210976243	1474
210976380	1474
210976516	1474
210976655	1474
210976800	1474
210976937	1474
211774176	1474
211774361	1474
211774550	1474
211774811	1474
211775011	1474
211775162	1474
211775306	1474
211775471	1474
211775609	1474
211775746	1474
211775886	1474
211776060	1474
211776201	1474
211776366	1474
211776531	1474
211776695	1474
211776834	1474
211777007	1474
212575397	1474
212575682	1474
212575854	1474
212576024	1474
212576234	1474
212576489	1474
212576685	1474
212576945	1474
212577111	1474
212577285	1474
212577425	1474
212577589	1474
212577731	1474
212577869	1474
212578036	1474
212578200	1474
212578382	1474
213376964	1474
213377260	1474
213377403	1474
213377612	1474
213377835	1474
213378069	1474
213378237	1474
213378403	1474
213378602	1474
213378748	1474
213378888	1474
213379025	1474
213379165	1474
213379331	1474
213379479	1474
213379666	1474
213379810	1474
214174477	1474
214174641	1474
214174827	1474
214175546	1474
214176051	1474
214176924	1474
214177103	1474
214177722	1474
214178202	1474
214178409	1474
214178804	1474
214178950	1474
214179116	1474
214179281	1474
214179441	1474
214179609	1474
214179784	1474
214179982	1474
215241404	1474
215241618	1474
215241790	1474
215242028	1474
215242226	1474
215242384	1474
215242601	1474
215242747	1474
215242914	1474
215243188	1474
215243379	1474
215243557	1474
215243770	1474
215243958	1474
215244148	1474
215244287	1474
215244454	1474
215244618	1474
216041601	1474
216041852	1474
216042024	1474
216042167	1474
216042348	1474
216042559	1474
216042731	1474
216042900	1474
216043066	1474
216043203	1474
216043387	1474
216043525	1474
216043713	1474
216043880	1474
216044048	1474
216044212	1474
216044362	1474
216842254	1474
216842543	1474
216842746	1474
216842848	1474
216843065	1474
216843169	1474
216843267	1474
216843366	1474
216843501	1474
216843599	1474
216843725	1474
216843846	1474
216843942	1474
216844062	1474
216844159	1474
216844280	1474
216844377	1474
217642008	1474
217642310	1474
217642546	1474
217642754	1474
217643001	1474
217643141	1474
217643304	1474
217643466	1474
217643629	1474
217643780	1474
217643942	1474
217644081	1474
217644244	1474
217644380	1474
217644516	1474
217644653	1474
217644824	1474
217644990	1474
218175474	1474
218175627	1474
218175740	1474
218175889	1474
218176007	1474
218176129	1474
218176319	1474
218176424	1474
218176533	1474
218176830	1474
218176948	1474
218177236	1474
218177339	1474
218177950	1474
218178068	1474
218178191	1474
218178290	1474
219242674	1474
219242966	1474
219243290	1474
219243514	1474
219243767	1474
219243907	1474
219244174	1474
219244370	1474
219244516	1474
219244971	1474
219245155	1474
219245318	1474
219245481	1474
219245638	1474
219245777	1474
219245914	1474
219246075	1474
219777502	1474
219777805	1474
219777942	1474
219778042	1474
219778183	1474
219778444	1474
219778620	1474
219778733	1474
219778874	1474
219778979	1474
219779078	1474
219779203	1474
219779338	1474
219779462	1474
219779575	1474
219779697	1474
219779796	1474
220844674	1474
220845027	1474
220845528	1474
220845782	1474
220845957	1474
220846122	1474
220846286	1474
220846466	1474
220846656	1474
220846842	1474
220846980	1474
220847142	1474
220847281	1474
220847445	1474
220847636	1474
220847868	1474
220848230	1474
220848447	1474
221645117	1474
221645452	1474
221645767	1474
221646217	1474
221646549	1474
221646703	1474
221646841	1474
221647012	1474
221647151	1474
221647313	1474
221647477	1474
221647639	1474
221647777	1474
221647914	1474
221648143	1474
221648381	1474
221648845	1474
221649068	1474
222442717	1474
222442997	1474
222443188	1474
222444060	1474
222444299	1474
222444687	1474
222444942	1474
222445383	1474
222445653	1474
222445822	1474
222445986	1474
222446185	1474
222446413	1474
222446761	1474
222446926	1474
222447070	1474
222447255	1474
222447398	1474
223245325	1474
223245650	1474
223245836	1474
223246053	1474
223246258	1474
223246658	1474
223246834	1474
223247001	1474
223247164	1474
223247298	1474
223247441	1474
223247607	1474
223247744	1474
223247880	1474
223248018	1474
223248216	1474
223248433	1474
223248934	1474
224043888	1474
224044129	1474
224044271	1474
224044409	1474
224044675	1474
224044871	1474
224045178	1474
224045416	1474
224045641	1474
224045844	1474
224046054	1474
224046219	1474
224046358	1474
224046546	1474
224046700	1474
224046839	1474
224047003	1474
224842897	1474
224843070	1474
224843211	1474
224843416	1474
224843636	1474
224843917	1474
224844116	1474
224844301	1474
224844439	1474
224844603	1474
224844788	1474
224845010	1474
224845231	1474
224845553	1474
224845728	1474
224845886	1474
224846057	1474
225644144	1474
225644416	1474
225644560	1474
225644752	1474
225644963	1474
225645243	1474
225645438	1474
225645757	1474
225645965	1474
225646137	1474
225646278	1474
225646417	1474
225646632	1474
225646782	1474
225646948	1474
225647082	1474
225647271	1474
226445352	1474
226446735	1474
226446943	1474
226447127	1474
226447317	1474
226447553	1474
226447718	1474
226447852	1474
226447988	1474
226448123	1474
226448284	1474
226448437	1474
226448598	1474
226448732	1474
226448871	1474
226449010	1474
226449216	1474
227244411	1474
227244629	1474
227244802	1474
227244944	1474
227245085	1474
227245251	1474
227245416	1474
227245567	1474
227245730	1474
227245869	1474
227246028	1474
227246196	1474
227246363	1474
227246562	1474
227246738	1474
227246879	1474
227247018	1474
227247155	1474
228044187	1474
228044503	1474
228044598	1474
228044720	1474
228044869	1474
228044993	1474
228045107	1474
228045213	1474
228045335	1474
228045448	1474
228045578	1474
228045683	1474
228045799	1474
228045926	1474
228046033	1474
228046155	1474
228046253	1474
228046383	1474
228844210	1474
228844480	1474
228844655	1474
228844878	1474
228845113	1474
228845331	1474
228845494	1474
228845655	1474
228845838	1474
228845986	1474
228846123	1474
228846285	1474
228846421	1474
228846634	1474
228846808	1474
228846952	1474
228847091	1474
228847229	1474
229646596	1474
229647008	1474
229647227	1474
229647459	1474
229647687	1474
229647913	1474
229648087	1474
229648250	1474
229648389	1474
229648531	1474
229648671	1474
229648840	1474
229648980	1474
229649217	1474
229649456	1474
229649666	1474
229649936	1474
229650086	1474
230444939	1474
230445245	1474
230445375	1474
230445497	1474
230445646	1474
230445743	1474
230445859	1474
230445977	1474
230446100	1474
230446224	1474
230446324	1474
230446472	1474
230446657	1474
230446752	1474
230446848	1474
230446962	1474
230447099	1474
230447225	1474
231247133	1474
231247323	1474
231247430	1474
231247527	1474
231247625	1474
231247772	1474
231247873	1474
231247970	1474
231248068	1474
231248196	1474
231248322	1474
231248461	1474
231248586	1474
231248684	1474
231248823	1474
231248967	1474
231249066	1474
231249192	1474
232311803	1474
232311955	1474
232312121	1474
232312217	1474
232312438	1474
232312539	1474
232312634	1474
232312754	1474
232312851	1474
232312970	1474
232313075	1474
232313195	1474
232313359	1474
232313447	1474
232313704	1474
232313877	1474
232314001	1474
232314104	1474
233113398	1474
233113573	1474
233113699	1474
233113819	1474
233113935	1474
233114133	1474
233114281	1474
233114621	1474
233114843	1474
233114942	1474
233115036	1474
233115150	1474
233115266	1474
233115399	1474
233115493	1474
233115608	1474
233115728	1474
233115848	1474
233912566	1474
233912708	1474
233912810	1474
233912906	1474
233913027	1474
233913254	1474
233913391	1474
233913516	1474
233913723	1474
233913824	1474
233914089	1474
233914185	1474
233914325	1474
233914477	1474
233914696	1474
233914816	1474
233914934	1474
233915052	1474
234713805	1474
234714232	1474
234714367	1474
234714650	1474
234714947	1474
234715158	1474
234715252	1474
234715372	1474
234715491	1474
234715582	1474
234715725	1474
234715816	1474
234715907	1474
234716022	1474
234716113	1474
234716203	1474
234716318	1474
235513509	1474
235513675	1474
235513862	1474
235513991	1474
235514087	1474
235514276	1474
235514395	1474
235514562	1474
235514682	1474
235514798	1474
235514933	1474
235515052	1474
235515143	1474
235515235	1474
235515351	1474
235515442	1474
235515539	1474
236046233	1474
236046517	1474
236046789	1474
236047031	1474
236047205	1474
236047389	1474
236047525	1474
236047685	1474
236047843	1474
236048003	1474
236048172	1474
236048306	1474
236048441	1474
236048575	1474
236048710	1474
236048868	1474
236049033	1474
237112547	1474
237112699	1474
237112799	1474
237112926	1474
237113051	1474
237113147	1474
237113248	1474
237113378	1474
237113504	1474
237113604	1474
237113706	1474
237113829	1474
237113954	1474
237114053	1474
237114167	1474
237114710	1474
237114827	1474
237912821	1474
237913035	1474
237913136	1474
237913260	1474
237913377	1474
237913500	1474
237913614	1474
237913736	1474
237913855	1474
237913985	1474
237914109	1474
237914206	1474
237914357	1474
237914530	1474
237914651	1474
237914777	1474
237914901	1474
237915128	1474
238446712	1474
238446950	1474
238447051	1474
238447188	1474
238447284	1474
238447394	1474
238447483	1474
238447602	1474
238447750	1474
238447847	1474
238447972	1474
238448094	1474
238448206	1474
238448318	1474
238448415	1474
238448536	1474
239247519	1474
239247716	1474
239247860	1474
239247966	1474
239248074	1474
239248196	1474
239248318	1474
239248451	1474
239248550	1474
239248673	1474
239248798	1474
239248914	1474
239249039	1474
239249136	1474
239249259	1474
239249383	1474
239249506	1474
240313198	1474
240313475	1474
240313587	1474
240313710	1474
240313848	1474
240313974	1474
240314180	1474
240314313	1474
240314470	1474
240314630	1474
240314779	1474
240314882	1474
240315011	1474
240315163	1474
240315261	1474
240315391	1474
240315498	1474
240315618	1474
241113173	1474
241113432	1474
241113574	1474
241113709	1474
241113833	1474
241113966	1474
241114090	1474
241114190	1474
241114313	1474
241114516	1474
241114646	1474
241114744	1474
241114856	1474
241114953	1474
241115102	1474
241115201	1474
241115322	1474
241115430	1474
241912487	1474
241912710	1474
241912886	1474
241913091	1474
241913286	1474
241913513	1474
241913680	1474
241913846	1474
241913988	1474
241914153	1474
241914317	1474
241914455	1474
241914648	1474
241914797	1474
241914949	1474
241915090	1474
241915228	1474
241915367	1474
242713309	1474
242713509	1474
242713668	1474
242713811	1474
242713979	1474
242714147	1474
242714311	1474
242714526	1474
242714682	1474
242714824	1474
242714987	1474
242715153	1474
242715319	1474
242715458	1474
242715623	1474
242715789	1474
242715956	1474
242716152	1474
243511630	1474
243511858	1474
243512006	1474
243512173	1474
243512336	1474
243512483	1474
243512624	1474
243512786	1474
243512927	1474
243513070	1474
243513234	1474
243513401	1474
243513556	1474
243513716	1474
243513880	1474
243514041	1474
243514205	1474
244311874	1474
244312090	1474
244312249	1474
244312393	1474
244312553	1474
244312694	1474
244312861	1474
244313003	1474
244313163	1474
244313312	1474
244313480	1474
244313622	1474
244313784	1474
244313953	1474
244314114	1474
244314262	1474
244314407	1474
244314597	1474
245112644	1474
245112915	1474
245113059	1474
245113279	1474
245113496	1474
245113838	1474
245114008	1474
245114182	1474
245114319	1474
245114532	1474
245114675	1474
245114841	1474
245114981	1474
245115152	1474
245115293	1474
245115433	1474
245115697	1474
245913482	1474
245913759	1474
245913928	1474
245914159	1474
245914329	1474
245914530	1474
245914672	1474
245914837	1474
245914987	1474
245915152	1474
245915293	1474
245915435	1474
245915602	1474
245915745	1474
245915908	1474
245916102	1474
246445587	1474
246445780	1474
246445977	1474
246446130	1474
246446279	1474
246446439	1474
246446656	1474
246446825	1474
246446976	1474
246447117	1474
246447282	1474
246447423	1474
246447605	1474
246447773	1474
246447914	1474
246448084	1474
247244871	1474
247245231	1474
247245321	1474
247245450	1474
247245550	1474
247245694	1474
247245818	1474
247245915	1474
247246032	1474
247246166	1474
247246290	1474
247246394	1474
247246593	1474
247246718	1474
247246860	1474
247246968	1474
248044206	1474
248044602	1474
248044707	1474
248044846	1474
248044967	1474
248045186	1474
248045322	1474
248045449	1474
248045573	1474
248045680	1474
248045793	1474
248045918	1474
248046018	1474
248046115	1474
248046232	1474
248046330	1474
248046541	1474
248046669	1474
248844530	1474
248844835	1474
248844933	1474
248845056	1474
248845181	1474
248845276	1474
248845474	1474
248845571	1474
248845689	1474
248845810	1474
248845930	1474
248846026	1474
248846145	1474
248846240	1474
248846360	1474
248846530	1474
248846653	1474
248846749	1474
249911483	1474
249911762	1474
249911856	1474
249911972	1474
249912101	1474
249912194	1474
249912311	1474
249912429	1474
249912521	1474
249912638	1474
249912760	1474
249912877	1474
249912996	1474
249913101	1474
249913195	1474
249913314	1474
249913408	1474
249913502	1474
250710394	1474
250710655	1474
250710779	1474
250710873	1474
250711000	1474
250711118	1474
250711211	1474
250711326	1474
250711447	1474
250711537	1474
250711629	1474
250711749	1474
250711843	1474
250711976	1474
250712070	1474
250712163	1474
250712257	1474
251512282	1474
251512591	1474
251512712	1474
251512844	1474
251512965	1474
251513156	1474
251513302	1474
251513403	1474
251513593	1474
251513689	1474
251513823	1474
251513916	1474
251514008	1474
251514111	1474
251514229	1474
251514321	1474
251514471	1474
251514605	1474
252309609	1474
252309799	1474
252310029	1474
252310193	1474
252310342	1474
252310577	1474
252310835	1474
252310947	1474
252311063	1474
252311186	1474
252311296	1474
252311439	1474
252311559	1474
252311704	1474
252311814	1474
252311922	1474
252312019	1474
252312154	1474
253109791	1474
253110214	1474
253110303	1474
253110438	1474
253110599	1474
253110734	1474
253110863	1474
253111010	1474
253111116	1474
253111242	1474
253111359	1474
253111494	1474
253111594	1474
253111732	1474
253111853	1474
253111976	1474
253112079	1474
253909137	1474
253909470	1474
253909571	1474
253909670	1474
253909801	1474
253909926	1474
253910050	1474
253910175	1474
253910315	1474
253910433	1474
253910581	1474
253910727	1474
253910851	1474
253910985	1474
253911108	1474
253911262	1474
253911362	1474
253911481	1474
254709482	1474
254709685	1474
254709808	1474
254709989	1474
254710086	1474
254710218	1474
254710360	1474
254710496	1474
254710590	1474
254710689	1474
254710807	1474
254710903	1474
254710996	1474
254711122	1474
254711219	1474
254711337	1474
254711455	1474
255241997	1474
255242377	1474
255242549	1474
255242688	1474
255242805	1474
255242902	1474
255243045	1474
255243180	1474
255243309	1474
255243404	1474
255243526	1474
255243666	1474
255243762	1474
255243869	1474
255243998	1474
255244097	1474
256041782	1474
256042169	1474
256042297	1474
256042456	1474
256042619	1474
256042719	1474
256042850	1474
256042974	1474
256043123	1474
256043244	1474
256043365	1474
256043488	1474
256043605	1474
256043728	1474
256043860	1474
256043955	1474
256842880	1474
256843322	1474
256843452	1474
256843543	1474
256843674	1474
256843791	1474
256843910	1474
256844203	1474
256844307	1474
256844404	1474
256844536	1474
256844666	1474
256844794	1474
256844922	1474
256845039	1474
256845138	1474
256845262	1474
257641368	1474
257641696	1474
257641811	1474
257641935	1474
257642047	1474
257642170	1474
257642293	1474
257642448	1474
257642681	1474
257642826	1474
257642950	1474
257643076	1474
257643218	1474
257643316	1474
257643537	1474
257643642	1474
257643781	1474
257643896	1474
258442377	1474
258442661	1474
258442882	1474
258443019	1474
258443209	1474
258443583	1474
258443693	1474
258443812	1474
258443939	1474
258444064	1474
258444208	1474
258444332	1474
258444534	1474
258444658	1474
258444780	1474
258444892	1474
259240567	1474
259240927	1474
259241067	1474
259241211	1474
259241315	1474
259241434	1474
259241562	1474
259241659	1474
259241794	1474
259241922	1474
259242055	1474
259242216	1474
259242373	1474
259242550	1474
259242650	1474
259242774	1474
259242918	1474
260040386	1474
260040648	1474
260040779	1474
260041038	1474
260041150	1474
260041270	1474
260041380	1474
260041503	1474
260041592	1474
260041694	1474
260041790	1474
260041919	1474
260042053	1474
260042180	1474
260042306	1474
260042427	1474
260042603	1474
260042704	1474
260840246	1474
260840527	1474
260840631	1474
260840883	1474
260840977	1474
260841098	1474
260841228	1474
260841359	1474
260841482	1474
260841593	1474
260841692	1474
260841829	1474
260841943	1474
260842064	1474
260842180	1474
260842307	1474
260842465	1474
260842595	1474
261640098	1474
261640375	1474
261640601	1474
261640834	1474
261640974	1474
261641133	1474
261641301	1474
261641461	1474
261641645	1474
261641799	1474
261641938	1474
261642075	1474
261642235	1474
261642400	1474
261642583	1474
261642735	1474
261642872	1474
262441808	1474
262442068	1474
262442304	1474
262442520	1474
262442642	1474
262442882	1474
262443014	1474
262443567	1474
262443672	1474
262443805	1474
262443934	1474
262444031	1474
262444158	1474
262444282	1474
262444397	1474
262444514	1474
262444656	1474
262444781	1474
263239959	1474
263240228	1474
263240401	1474
263240569	1474
263240707	1474
263240845	1474
263240987	1474
263241124	1474
263241351	1474
263241576	1474
263242221	1474
263242529	1474
263242677	1474
263242847	1474
263242987	1474
263243155	1474
263243333	1474
264041526	1474
264041924	1474
264042196	1474
264042442	1474
264043099	1474
264043417	1474
264043585	1474
264043729	1474
264043871	1474
264044012	1474
264044185	1474
264044325	1474
264044463	1474
264044626	1474
264044766	1474
264044906	1474
264045098	1474
264840703	1474
264841004	1474
264841218	1474
264841442	1474
264842112	1474
264842286	1474
264842426	1474
264842667	1474
264842838	1474
264843009	1474
264843149	1474
264843287	1474
264843449	1474
264843608	1474
264843749	1474
264843913	1474
264844069	1474
265638487	1474
265638737	1474
265638964	1474
265639220	1474
265639409	1474
265639644	1474
265639796	1474
265639982	1474
265640123	1474
265640262	1474
265640516	1474
265640736	1474
265641333	1474
265641512	1474
265641656	1474
265641802	1474
265641941	1474
265642134	1474
266439093	1474
266439353	1474
266439488	1474
266439624	1474
266439730	1474
266439855	1474
266439982	1474
266440231	1474
266440473	1474
266440579	1474
266441054	1474
266441330	1474
266441458	1474
266441717	1474
266441818	1474
266441945	1474
266442089	1474
267238619	1474
267238811	1474
267238933	1474
267239059	1474
267239156	1474
267239265	1474
267239386	1474
267239495	1474
267239620	1474
267239738	1474
267239861	1474
267239983	1474
267240146	1474
267240249	1474
267240537	1474
267240642	1474
267241238	1474
267241373	1474
268039109	1474
268039278	1474
268039426	1474
268039651	1474
268039775	1474
268040021	1474
268040219	1474
268040881	1474
268040987	1474
268041233	1474
268041349	1474
268041479	1474
268041602	1474
268041716	1474
268041859	1474
268041959	1474
268042105	1474
268838045	1474
268838223	1474
268838354	1474
268838471	1474
268838559	1474
268838668	1474
268838748	1474
268838852	1474
268838963	1474
268839077	1474
268839162	1474
268839269	1474
268839377	1474
268839460	1474
268839545	1474
268839630	1474
268839737	1474
269637037	1474
269637346	1474
269637437	1474
269637640	1474
269637759	1474
269637874	1474
269638059	1474
269638172	1474
269638282	1474
269638487	1474
269638598	1474
269638692	1474
269638781	1474
269638902	1474
269639117	1474
269639212	1474
269639306	1474
269639402	1474
270437838	1474
270438030	1474
270438140	1474
270438249	1474
270438327	1474
270438433	1474
270438593	1474
270438680	1474
270438803	1474
270438894	1474
270439001	1474
270439111	1474
270439219	1474
270439326	1474
270439410	1474
270439514	1474
270439620	1474
271237089	1474
271237206	1474
271237363	1474
271237474	1474
271237559	1474
271237675	1474
271237760	1474
271237843	1474
271238036	1474
271238130	1474
271238239	1474
271238368	1474
271238506	1474
271238605	1474
271238733	1474
271238842	1474
271238926	1474
272037104	1474
272037441	1474
272037594	1474
272037752	1474
272037891	1474
272038025	1474
272038161	1474
272038323	1474
272038521	1474
272038688	1474
272038849	1474
272038985	1474
272039146	1474
272039309	1474
272039470	1474
272039643	1474
272039804	1474
272839267	1474
272839542	1474
272839712	1474
272839919	1474
272840138	1474
272840342	1474
272840533	1474
272840674	1474
272840841	1474
272841002	1474
272841139	1474
272841300	1474
272841472	1474
272841610	1474
272841747	1474
272841886	1474
272842025	1474
272842163	1474
273903166	1474
273903372	1474
273903516	1474
273903656	1474
273903833	1474
273904065	1474
273904256	1474
273904421	1474
273904588	1474
273904775	1474
273905006	1474
273905239	1474
273905402	1474
273905578	1474
273905752	1474
273905894	1474
273906068	1474
273906230	1474
274703068	1474
274703380	1474
274703592	1474
274703733	1474
274703911	1474
274704083	1474
274704226	1474
274704455	1474
274704654	1474
274704834	1474
274705192	1474
274705389	1474
274705539	1474
274705679	1474
274705818	1474
274706019	1474
274706190	1474
275238045	1474
275238280	1474
275238426	1474
275238630	1474
275238772	1474
275238926	1474
275239065	1474
275239203	1474
275239368	1474
275239506	1474
275239671	1474
275239844	1474
275240007	1474
275240149	1474
275240288	1474
275240453	1474
276040163	1474
276040483	1474
276040626	1474
276040753	1474
276040883	1474
276041024	1474
276041149	1474
276041293	1474
276041415	1474
276041541	1474
276041695	1474
276041821	1474
276041935	1474
276042036	1474
276042160	1474
276042299	1474
276042467	1474
276835538	1474
276835775	1474
276835946	1474
276836086	1474
276836223	1474
276836386	1474
276836533	1474
276836675	1474
276836835	1474
276837002	1474
276837139	1474
276837304	1474
276837444	1474
276837595	1474
276837734	1474
276837871	1474
276838034	1474
277637540	1474
277637973	1474
277638216	1474
277638409	1474
277638658	1474
277638866	1474
277639036	1474
277639176	1474
277639322	1474
277639488	1474
277639654	1474
277639792	1474
277639958	1474
277640097	1474
277640269	1474
277640409	1474
277640573	1474
277640736	1474
278435125	1474
278435373	1474
278435640	1474
278435737	1474
278435862	1474
278435992	1474
278436286	1474
278436393	1474
278436520	1474
278436669	1474
278436768	1474
278436885	1474
278437004	1474
278437133	1474
278437274	1474
278437396	1474
279234575	1474
279235049	1474
279235155	1474
279235246	1474
279235387	1474
279235538	1474
279235743	1474
279235841	1474
279235995	1474
279236133	1474
279236258	1474
279236451	1474
279236580	1474
279236717	1474
279236813	1474
279236911	1474
280037151	1474
280037399	1474
280037585	1474
280037702	1474
280038031	1474
280038300	1474
280038431	1474
280038638	1474
280038761	1474
280038889	1474
280039023	1474
280039136	1474
280039257	1474
280039375	1474
280039491	1474
280039588	1474
280039732	1474
280834680	1474
280835062	1474
280835190	1474
280835337	1474
280835437	1474
280835533	1474
280835674	1474
280835794	1474
280835918	1474
280836052	1474
280836150	1474
280836249	1474
280836349	1474
280836470	1474
280836592	1474
280836759	1474
280836882	1474
280837023	1474
281634930	1474
281635231	1474
281635369	1474
281635524	1474
281635648	1474
281635747	1474
281635848	1474
281635971	1474
281636087	1474
281636202	1474
281636325	1474
281636540	1474
281636663	1474
281636788	1474
281636879	1474
281637002	1474
282436123	1474
282436514	1474
282436632	1474
282436741	1474
282436864	1474
282436954	1474
282437086	1474
282437208	1474
282437419	1474
282437528	1474
282437677	1474
282437773	1474
282437913	1474
282438022	1474
282438139	1474
282438261	1474
282438390	1474
283233634	1474
283233981	1474
283234086	1474
283234228	1474
283234327	1474
283234530	1474
283234628	1474
283234728	1474
283234828	1474
283234953	1474
283235069	1474
283235179	1474
283235303	1474
283235400	1474
283235524	1474
283235647	1474
283235748	1474
283767035	1474
283767276	1474
283767446	1474
283767666	1474
283767867	1474
283768147	1474
283768290	1474
283768459	1474
283768640	1474
283768784	1474
283768931	1474
283769134	1474
283769302	1474
283769468	1474
283769634	1474
283769811	1474
283769951	1474
284567193	1474
284567467	1474
284567606	1474
284567777	1474
284567986	1474
284568213	1474
284568355	1474
284568521	1474
284568708	1474
284568978	1474
284569141	1474
284569320	1474
284569461	1474
284569622	1474
284569788	1474
284569966	1474
284570126	1474
285366510	1474
285366713	1474
285366855	1474
285367019	1474
285367156	1474
285367291	1474
285367426	1474
285367585	1474
285367750	1474
285367892	1474
285368029	1474
285368165	1474
285368301	1474
285368438	1474
285368600	1474
285368778	1474
285368915	1474
286433282	1474
286433577	1474
286433719	1474
286433880	1474
286434014	1474
286434176	1474
286434333	1474
286434554	1474
286434727	1474
286434889	1474
286435025	1474
286435186	1474
286435321	1474
286435490	1474
286435627	1474
286435764	1474
286435898	1474
286436059	1474
287233321	1474
287233563	1474
287233836	1474
287234009	1474
287234171	1474
287234308	1474
287234457	1474
287234701	1474
287234849	1474
287234987	1474
287235150	1474
287235286	1474
287235437	1474
287235600	1474
287235736	1474
287235898	1474
287236033	1474
287236169	1474
288032683	1474
288032941	1474
288033123	1474
288033599	1474
288033827	1474
288034080	1474
288034233	1474
288034401	1474
288034612	1474
288034760	1474
288034923	1474
288035066	1474
288035215	1474
288035381	1474
288035546	1474
288035685	1474
288035823	1474
288035987	1474
288831945	1474
288832414	1474
288832588	1474
288832866	1474
288833100	1474
288833307	1474
288833451	1474
288833616	1474
288833783	1474
288833922	1474
288834104	1474
288834242	1474
288834380	1474
288834595	1474
288834743	1474
288834881	1474
288835056	1474
289631779	1474
289631977	1474
289632482	1474
289632701	1474
289632966	1474
289633106	1474
289633242	1474
289633408	1474
289633548	1474
289633711	1474
289633867	1474
289634051	1474
289634219	1474
289634356	1474
289634569	1474
289634712	1474
289634895	1474
289635031	1474
290431791	1474
290432147	1474
290432321	1474
290432528	1474
290432766	1474
290433101	1474
290433269	1474
290433440	1474
290433616	1474
290433756	1474
290433895	1474
290434058	1474
290434221	1474
290434358	1474
290434571	1474
290434746	1474
290434885	1474
291231671	1474
291232052	1474
291232143	1474
291232255	1474
291232371	1474
291232471	1474
291232683	1474
291232794	1474
291232898	1474
291233021	1474
291233171	1474
291233298	1474
291233398	1474
291233533	1474
291233635	1474
291233724	1474
291233848	1474
292031655	1474
292031853	1474
292032212	1474
292032403	1474
292032542	1474
292032684	1474
292032822	1474
292032985	1474
292033148	1474
292033297	1474
292033440	1474
292033601	1474
292033768	1474
292033904	1474
292034044	1474
292034185	1474
292034331	1474
292034551	1474
292830648	1474
292831001	1474
292831152	1474
292831314	1474
292831414	1474
292831517	1474
292831618	1474
292831742	1474
292831866	1474
292831990	1474
292832108	1474
292832216	1474
292832350	1474
292832450	1474
292832579	1474
292832702	1474
292832825	1474
292832947	1474
293630793	1474
293631099	1474
293631199	1474
293631330	1474
293631466	1474
293631603	1474
293631698	1474
293631819	1474
293631917	1474
293632044	1474
293632157	1474
293632282	1474
293632408	1474
293632525	1474
293632623	1474
293632748	1474
293632841	1474
294430591	1474
294430821	1474
294431523	1474
294431814	1474
294431964	1474
294432064	1474
294432166	1474
294432293	1474
294432427	1474
294432527	1474
294432658	1474
294432776	1474
294432914	1474
294433067	1474
294433190	1474
294433312	1474
294433436	1474
294433559	1474
295231035	1474
295231307	1474
295231642	1474
295231877	1474
295232098	1474
295232433	1474
295232603	1474
295232755	1474
295232895	1474
295233031	1474
295233170	1474
295233332	1474
295233470	1474
295233643	1474
295233809	1474
295233950	1474
295234177	1474
296029957	1474
296030199	1474
296030369	1474
296030609	1474
296030776	1474
296030940	1474
296031081	1474
296031244	1474
296031429	1474
296031582	1474
296031720	1474
296031858	1474
296032021	1474
296032184	1474
296032324	1474
296032471	1474
296032635	1474
296032773	1474
296829831	1474
296830014	1474
296830309	1474
296830413	1474
296830580	1474
296830673	1474
296830790	1474
296830886	1474
296831011	1474
296831134	1474
296831255	1474
296831389	1474
296831512	1474
296831607	1474
296831712	1474
296831859	1474
296831954	1474
296832098	1474
297629545	1474
297629810	1474
297630138	1474
297630303	1474
297630679	1474
297630814	1474
297630951	1474
297631075	1474
297631200	1474
297631320	1474
297631421	1474
297631563	1474
297631686	1474
297631776	1474
297631902	1474
297632025	1474
297632156	1474
297632263	1474
298429366	1474
298429651	1474
298429834	1474
298429958	1474
298430082	1474
298430335	1474
298430496	1474
298430665	1474
298430788	1474
298430912	1474
298431021	1474
298431167	1474
298431278	1474
298431400	1474
298431532	1474
298431670	1474
298431793	1474
298431891	1474
299496347	1474
299496633	1474
299496875	1474
299497032	1474
299497258	1474
299497385	1474
299497511	1474
299497658	1474
299497775	1474
299497880	1474
299498029	1474
299498125	1474
299498248	1474
299498371	1474
299498502	1474
299498650	1474
299498774	1474
299498971	1474
300298355	1474
300298664	1474
300298828	1474
300298967	1474
300299132	1474
300299277	1474
300299441	1474
300299614	1474
300299758	1474
300299905	1474
300300047	1474
300300215	1474
300300383	1474
300300528	1474
300300681	1474
300300849	1474
300300987	1474
300301150	1474
301095454	1474
301095646	1474
301095789	1474
301095913	1474
301096007	1474
301096127	1474
301096220	1474
301096339	1474
301096428	1474
301096524	1474
301096620	1474
301096738	1474
301096859	1474
301096977	1474
301097098	1474
301097220	1474
301097316	1474
301628640	1474
301628948	1474
301629074	1474
301629166	1474
301629276	1474
301629368	1474
301629504	1474
301629622	1474
301629716	1474
301629839	1474
301629959	1474
301630055	1474
301630248	1474
301630462	1474
301631373	1474
301631485	1474
302427837	1474
302428176	1474
302428315	1474
302428412	1474
302428532	1474
302428622	1474
302428740	1474
302428837	1474
302428931	1474
302429023	1474
302429146	1474
302429247	1474
302429349	1474
302962534	1474
302962800	1474
302962925	1474
302963045	1474
302963182	1474
302963277	1474
302963398	1474
302963520	1474
302963615	1474
302963736	1474
302963832	1474
302963931	1474
302964024	1474
302964130	1474
302964253	1474
302964352	1474
303762045	1474
303762313	1474
303762464	1474
303762602	1474
303762726	1474
303762851	1474
303763091	1474
303763226	1474
303763349	1474
303763581	1474
303763682	1474
303763803	1474
303763922	1474
303764057	1474
303764152	1474
303764274	1474
303764369	1474
304828140	1474
304828410	1474
304828533	1474
304828655	1474
304828789	1474
304828912	1474
304829035	1474
304829131	1474
304829226	1474
304829348	1474
304829586	1474
304829691	1474
304829925	1474
304830054	1474
304830151	1474
304830274	1474
304830415	1474
304830553	1474
305627364	1474
305627646	1474
305627746	1474
305627862	1474
305627982	1474
305628074	1474
305628189	1474
305628283	1474
305628376	1474
305628469	1474
305628565	1474
305628693	1474
305628813	1474
305628934	1474
305629056	1474
305629173	1474
305629394	1474
305629521	1474
306429615	1474
306429871	1474
306430129	1474
306430428	1474
306430829	1474
306431002	1474
306431175	1474
306431324	1474
306431464	1474
306431604	1474
306431788	1474
306431959	1474
306432128	1474
306432308	1474
306432475	1474
306432636	1474
306432772	1474
307228214	1474
307228375	1474
307228688	1474
307228819	1474
307228944	1474
307229137	1474
307229314	1474
307229415	1474
307229713	1474
307229813	1474
307229990	1474
307230112	1474
307230229	1474
307230333	1474
307230486	1474
307230611	1474
307230743	1474
307230861	1474
308028281	1474
308028505	1474
308028626	1474
308028720	1474
308028839	1474
308028932	1474
308029053	1474
308029163	1474
308029281	1474
308029468	1474
308029570	1474
308029819	1474
308029921	1474
308030011	1474
308030143	1474
308030263	1474
308030376	1474
308826542	1474
308826895	1474
308827002	1474
308827104	1474
308827225	1474
308827352	1474
308827476	1474
308827597	1474
308827705	1474
308827802	1474
308827929	1474
308828190	1474
308828455	1474
308828588	1474
308829143	1474
308829357	1474
308829460	1474
308829557	1474
