29613889	58
29657457	54
29953243	1514
29955664	1514
30056081	1514
30056456	1514
30126357	1514
31154721	1514
31308688	1514
31489650	1514
31490950	1514
32694281	1514
32841265	1514
32964227	1514
34152633	1514
34231953	1514
34232366	1514
34321356	1514
34322573	1514
34401672	1514
34402548	1514
38663471	1514
38761548	1514
38762615	1514
38797310	1514
38797573	1514
38824371	1514
40114340	1514
40139315	1514
40139527	1514
40168831	1514
40169069	1514
40169292	1514
40197886	1514
40198055	1514
40198241	1514
40218314	1514
40218754	1514
40219005	1514
40219304	1514
40236164	1514
40236416	1514
40236676	1514
40236992	1514
40237276	1514
40265099	1514
40265318	1514
40265613	1514
40265852	1514
40266075	1514
40266314	1514
40293106	1514
40294037	1514
40294353	1514
40294868	1514
40295054	1514
40295732	1514
40337907	1514
40338305	1514
40340078	1514
40340428	1514
40340711	1514
40341350	1514
40341693	1514
40400331	1514
40400554	1514
40400745	1514
40400941	1514
40401172	1514
40401386	1514
40436707	1514
40447735	1514
40448076	1514
40448259	1514
40448593	1514
40449567	1514
40449870	1514
40484927	1514
40485829	1514
40487559	1514
40494187	1514
40494792	1514
40495887	1514
40496806	1514
40535598	1514
40536800	1514
40537508	1514
40538276	1514
40550556	1514
40551087	1514
40551429	1514
40551725	1514
40552499	1514
40592906	1514
40601097	1514
40601359	1514
40601582	1514
40607087	1514
40607595	1514
40608399	1514
40608876	1514
40609826	1514
40610098	1514
40659723	1514
40665895	1514
40667185	1514
40667895	1514
40668374	1514
40669890	1514
40672554	1514
40673432	1514
40674300	1514
40675592	1514
40727833	1514
40736359	1514
40736780	1514
40736965	1514
40737213	1514
40737526	1514
40738572	1514
40744848	1514
40745454	1514
40745986	1514
40746389	1514
40862214	1514
40881578	1514
40883632	1514
40884281	1514
40885011	1514
40885581	1514
40886234	1514
40886672	1514
40896263	1514
40896819	1378
40943901	1514
40945853	1514
41013479	1514
41014303	1514
41015680	1514
41016300	1514
41017206	1514
41017590	1514
41018024	1514
41018382	1514
41018670	1514
41019212	1514
41074795	1514
41076213	1514
41086314	1514
41100872	1514
41101332	1514
41102305	1514
41102522	1514
41103980	1514
41104366	1514
41105060	1514
41105638	1514
41106214	1514
41159093	1514
41160035	1514
41162098	1514
41163269	1514
41164181	1514
41164398	1514
41165001	1514
41165506	1514
41165832	1514
41166351	1514
41167087	1514
41167825	1514
41268705	1514
41269505	1514
41270319	1514
41271553	1514
41271903	1514
41272716	1514
41273713	1514
41273934	1514
41275227	1514
41275419	1514
41275965	1514
41277260	1514
41364864	1514
41390831	1514
41391574	1514
41393109	1514
41393430	1514
41395146	1514
41397815	1514
41399211	1514
41399628	1514
41469888	1514
41470603	1514
41558424	1514
42609360	1514
42677920	1514
42678303	1514
42773613	1514
42806352	1514
44107275	1514
44141527	1514
44141730	1514
44192101	1514
44193027	1514
44194121	1514
44195440	1514
44261064	1514
44261261	1514
44261458	1514
44261783	1514
44327230	1514
44328881	1514
44329971	1514
44331228	1514
44414031	1514
44414825	1514
44415748	1514
44416924	1514
44421213	1514
44493428	1514
44494270	1514
44495496	1514
44498418	1514
44551623	1514
44552547	1514
44609303	1514
44610584	1514
55145619	1514
55220548	1514
55221058	1514
55291749	1514
55292326	1514
55378716	1514
55379497	1514
56656362	1514
56740330	1514
56824011	1514
56824849	1514
58149432	1514
58220642	1514
58221239	1514
58294216	1514
58295619	1514
58296136	1514
58380754	1514
58381726	1514
58383939	1514
58384737	1514
58468004	1514
58480941	1514
58481672	1514
58481977	1514
58482384	1514
58573240	1514
58583137	1514
58583727	1514
58584002	1514
58591169	1514
58644095	1514
58644431	1514
58645476	1514
58645807	1514
58653564	1514
58654220	1514
58711097	1514
58711890	1514
58712387	1514
58713302	1514
58729612	1514
58788333	1514
58788719	1514
58789651	1514
58790316	1514
58791469	1514
58863854	1514
58886203	1514
58886839	1514
59002531	1514
59021433	1514
59021642	1514
59021814	1514
59098777	1514
59115037	1514
59115338	1514
59116442	1514
59194520	1514
59195182	1514
59204667	1514
59205266	1514
59205535	1514
59269484	1514
59270535	1514
59271593	1514
59281082	1514
59281568	1514
59282398	1514
59328543	1514
59329558	1514
59330319	1514
59336248	1514
59336928	1514
59380533	1514
59381287	1514
59388150	1514
59388734	1514
59393991	1514
59395790	1514
59432257	1514
59438534	1514
59439215	1514
59445310	1514
59445624	1514
59449996	1514
59451099	1514
59488480	1514
59488665	1514
59488834	1514
59497005	1514
59497438	1514
59504288	1514
59504808	1514
59539103	1514
59539943	1514
59540525	1514
59544463	1514
59544785	1514
59552853	1514
59553202	1514
59582415	1514
59583465	1514
59641466	1514
59642381	1514
59642614	1514
59643143	1514
59643734	1514
59644207	1514
59693068	1514
59693639	1514
59754337	1514
59755347	1514
59756514	1514
59756743	1514
59757304	1514
59758101	1514
59758326	1514
59771786	1514
59772243	1514
59868282	1514
59869097	1514
59869677	1514
59870097	1514
59871528	1514
59872513	1514
59872907	1514
59873986	1514
59874432	1514
59998271	1514
59999376	1514
60000538	1514
60001388	1514
60002289	1514
60003132	1514
60003869	1514
60004692	1514
60005394	1514
60093146	1514
60094286	1514
60122450	1514
60124247	1514
60125103	1514
60126404	1514
60127076	1514
60128140	1514
60128648	1514
60222619	1514
60223466	1514
60224107	1514
60224565	1514
60225259	1514
60225719	1514
60257345	1514
60258197	1514
60259221	1514
60332954	1514
60333478	1514
60335108	1514
60336008	1514
60336954	1514
60338627	1514
60390507	1514
60391581	1514
60392136	1514
60393681	1514
60452489	1514
60453299	1514
60454416	1514
60454640	1514
60455461	1514
60455965	1514
60581764	1514
60583753	1514
60584047	1514
60585675	1514
60586602	1514
60588268	1514
60679492	1514
60681105	1514
62119774	1514
62165639	1514
62166629	1514
62220003	1514
62220510	1514
62221141	1514
62221532	1514
62222153	1514
62222524	1514
62271003	1514
62271408	1514
62272471	1514
62273882	1514
62324141	1514
62324736	1514
62325690	1514
62326690	1514
62327764	1514
62383238	1514
62383467	1514
62383799	1514
62384203	1514
62385584	1514
62386809	1514
62434026	1514
62434271	1514
62434449	1514
62434734	1514
62435789	1514
62437027	1514
62437414	1514
62475657	1514
62476044	1514
62476769	1514
62477131	1514
62516401	1514
62516663	1514
62516853	1514
62551730	1514
62552013	1514
62552270	1514
62552535	1514
62552871	1514
62589184	1514
62589369	1514
62589589	1514
62638356	1514
62638621	1514
62639075	1514
62639263	1514
62639577	1514
62639764	1514
62742353	1514
62744210	1514
62744714	1514
62745646	1514
62746312	1514
62747492	1514
62809346	1514
62814246	1514
62815804	1514
64607886	1514
64648286	1514
64648848	1514
64699722	1514
64701231	1514
64702476	1514
64761075	1514
64761646	1514
66138485	1514
66201324	1514
66202126	1514
66272886	1514
66273775	1514
67629507	1514
67693438	1514
67693932	1514
67754307	1514
67755795	1514
67756354	1514
67808263	1514
67808515	1514
67811323	1514
67811779	1514
67857444	1514
67857918	1514
67861461	1514
67862165	1514
67862356	1514
67910450	1514
67910868	1514
67911999	1514
67912864	1514
67913313	1514
67958037	1514
67958245	1514
67958689	1514
67959671	1514
67960033	1514
67960780	1514
68006485	1514
68009236	1514
68010025	1514
68010328	1514
68011578	1514
68012078	1514
68052397	1514
68052698	1514
68053140	1514
68053429	1514
68053893	1514
68058083	1514
68058271	1514
68093716	1514
68093930	1514
68094103	1514
68094423	1514
68094629	1514
68095234	1514
68135830	1514
68136183	1514
68181996	1514
68182762	1514
68183669	1514
68184033	1514
68184529	1514
68304422	1514
68305297	1514
74131203	1514
74215032	1514
74216587	1514
74327363	1514
74328161	1514
74329107	1514
74331634	1514
74332892	1514
74443975	1514
74444965	1514
74445748	1514
74446070	1514
74540348	1514
74540820	1514
74541838	1514
74543395	1514
74544087	1514
74617356	1514
74617798	1514
74618049	1514
74619606	1514
74620472	1514
74681410	1514
74682836	1514
74684527	1514
74686351	1514
74687091	1514
74688234	1514
74754249	1514
74755116	1514
74762425	1514
74763073	1514
74763559	1514
74763927	1514
74764392	1514
74826039	1514
74826638	1514
74827320	1514
74828049	1514
74828791	1514
74867642	1514
74889003	1514
74889552	1514
74939276	1514
74939963	1514
74940743	1514
74941549	1514
75001275	1514
75001976	1514
75002941	1514
75003767	1514
75059338	1514
75060082	1514
75061063	1514
75062092	1514
75062794	1514
75132936	1514
75133598	1514
75134637	1514
75137035	1514
75137706	1514
75138973	1514
75229165	1514
75229884	1514
75231584	1514
75232428	1514
75233214	1514
75276291	1514
75277140	1514
75320757	1514
75321871	1514
75323147	1514
75323716	1514
75378937	1514
75382504	1514
75415250	1514
75416055	1514
75417519	1514
75418326	1514
75472793	1514
75473511	1514
75474785	1514
75507858	1514
75560282	1514
75560704	1514
75561443	1514
75596812	1514
75598504	1514
75649461	1514
75650118	1514
75651178	1514
75677113	1514
75677877	1514
75706092	1514
75706491	1514
75707799	1514
75708402	1514
75738292	1514
75739125	1514
75769173	1514
75770362	1514
75773125	1514
75773710	1514
75773984	1514
75807603	1514
75831597	1514
75833109	1514
75835649	1514
75836811	1514
75837285	1514
75838122	1514
75886366	1514
75886595	1514
75888976	1514
75889351	1514
75924647	1514
75925539	1514
75926230	1514
75926580	1514
75983122	1514
75983473	1514
75983978	1514
75984723	1514
75985314	1514
76021954	1514
76023277	1514
76023629	1514
76038219	1514
76038639	1514
76039966	1514
76040443	1514
76081764	1514
76082406	1514
76125521	1514
76126146	1514
76127692	1514
76127956	1514
76128112	1514
76128270	1514
76211228	1514
76211676	1514
76212695	1514
76213492	1514
76214354	1514
76217343	1514
76218595	1514
76328382	1514
76328847	1514
76329396	1514
78143125	1514
78219671	1514
78308607	1514
78309662	1514
79657234	1514
79734637	1514
79735805	1514
79817364	1514
81146628	1514
81291535	1514
81293770	1514
81401783	1514
81403000	1514
81404535	1514
81516159	1514
81516948	1514
81518210	1514
81599241	1514
81600748	1514
81602126	1514
81602680	1514
81674580	1514
81675686	1514
81676645	1514
81677330	1514
81678107	1514
81761112	1514
81763067	1514
81764444	1514
81765356	1514
81766419	1514
81769106	1514
81872810	1514
81873799	1514
81876046	1514
81877259	1514
81877983	1514
81879540	1514
82009281	1514
82009933	1514
82011606	1514
82013716	1514
82014188	1514
82015935	1514
82017038	1514
82185950	1514
82186688	1514
82188271	1514
82189393	1514
82193507	1514
82194533	1514
82235992	1514
82329840	1514
82330458	1514
82330836	1514
82333003	1514
82333850	1514
82334451	1514
82334829	1514
82373691	1514
82429975	1514
82432089	1514
82432316	1514
82432883	1514
82433383	1514
82433682	1514
82483283	1514
82483473	1514
82530041	1514
82530418	1514
82533736	1514
82534422	1514
82535330	1514
82535656	1514
82535874	1514
82583171	1514
82584108	1514
82632573	1514
82634243	1514
82635518	1514
82635765	1514
82636441	1514
82636875	1514
82686395	1514
82697239	1514
82697789	1514
82747486	1514
82748612	1514
82748966	1514
82749224	1514
82749771	1514
82751514	1514
82752602	1514
82816037	1514
82817111	1514
82855977	1514
82862316	1514
82864745	1514
82865454	1514
82866455	1514
82867281	1514
82867970	1514
82916576	1514
82946076	1514
82951674	1514
82988191	1514
82988536	1514
83030038	1514
83030519	1514
83033435	1514
83035211	1514
83035624	1514
83066099	1514
83069606	1514
83104327	1514
83105774	1514
83106158	1514
83172093	1514
83173555	1514
83176368	1514
83178022	1514
83178480	1514
83221305	1514
83223832	1514
83279722	1514
83280829	1514
83282330	1514
83344433	1514
83391262	1514
83484925	1514
83485541	1514
85669433	1514
85749500	1514
85749992	1514
85823546	1514
85824437	1514
85825363	1514
85825891	1514
85887931	1514
85889127	1514
85890303	1514
85892294	1514
85954160	1514
85955583	1514
85956321	1514
85957182	1514
85958070	1514
86032394	1514
86033001	1514
86033913	1514
86034678	1514
86036016	1514
86039830	1514
86097661	1514
86098799	1514
86100118	1514
86102487	1514
86104021	1514
86137300	1514
86138036	1514
86166577	1514
86169608	1514
86170565	1514
86206146	1514
86207010	1514
86238577	1514
86238931	1514
86281995	1514
86310416	1514
86312222	1514
86356355	1514
86357279	1514
86385628	1514
86385822	1514
86428708	1514
86429121	1514
86447515	1514
86447697	1514
86448006	1514
86489845	1514
86490281	1514
86500865	1514
86502360	1514
86503692	1514
86504245	1514
86545235	1514
86546250	1514
86560532	1514
86561059	1514
86561518	1514
86601869	1514
86603276	1514
86603844	1514
86604488	1514
86620907	1514
86621522	1514
86657501	1514
86661206	1514
86661700	1514
86662203	1514
86662536	1514
86685818	1514
86686034	1514
86717863	1514
86718525	1514
86719697	1514
86720310	1514
86721086	1514
86744036	1514
86744571	1514
86785308	1514
86785787	1514
86831596	1514
86831779	1514
86832039	1514
86832361	1514
86832540	1514
86880916	1514
86881658	1514
86926474	1514
86927692	1514
86928134	1514
86928998	1514
86930111	1514
86981917	1514
86982092	1514
86982266	1514
86990441	1514
87036527	1514
87036991	1514
87037416	1514
87037888	1514
87041109	1514
87081115	1514
87081334	1514
87081555	1514
87081801	1514
87082199	1514
87083493	1514
87127946	1514
87128129	1514
87128318	1514
87128488	1514
87128798	1514
87128984	1514
87129228	1514
87211760	1514
87212164	1514
87212399	1514
87212720	1514
87213280	1514
87213579	1514
87213894	1514
87308438	1514
87309135	1514
87309810	1514
87310556	1514
87311576	1514
87311928	1514
87312695	1514
87407917	1514
87408628	1514
87409352	1514
87409929	1514
87410900	1514
87411859	1514
87412232	1514
87463757	1514
87464233	1514
87504199	1514
87505043	1514
87505654	1514
87506275	1514
87506458	1514
87607955	1514
87608369	1514
87608658	1514
87608844	1514
87617604	1514
87617935	1514
87618462	1514
87619191	1514
87708369	1514
87708833	1514
87709198	1514
87756840	1514
87757160	1514
87805797	1514
87849332	1514
89645001	1514
93618531	1514
93736030	1514
93737653	1514
93859971	1514
93860742	1514
93862145	1514
93947038	1514
94019935	1514
94020617	1514
94021746	1514
94089142	1514
94160095	1514
94160755	1514
94161374	1514
94162105	1514
94162642	1514
94220545	1514
94221056	1514
94221890	1514
94222249	1514
94222971	1514
94223655	1514
94278441	1514
94279065	1514
94279598	1514
94279963	1514
94280502	1514
94281079	1514
94281690	1514
94324396	1514
94324804	1514
94325263	1514
94325774	1514
94326283	1514
94326819	1514
94327356	1514
94374991	1514
94375481	1514
94375923	1514
94376464	1514
94377010	1514
94377547	1514
94377863	1514
94422857	1514
94428968	1514
94429383	1514
94429903	1514
94430344	1514
94463830	1514
94464264	1514
94464534	1514
94506115	1514
94506591	1514
94507893	1514
94508205	1514
94508525	1514
94508896	1514
94543803	1514
94544112	1514
94544451	1514
94613935	1514
94614916	1514
94615650	1514
94616488	1514
94616975	1514
94677228	1514
94707575	1514
94708427	1514
94708908	1514
94710096	1514
94710515	1514
94781676	1514
96552132	1514
96569287	1514
96569638	1514
96599360	1514
96599745	1514
96600261	1514
96626274	1514
96626608	1514
96627241	1514
96662539	1514
96663416	1514
96663876	1514
96664357	1514
96697435	1514
96697764	1514
96698125	1514
96698550	1514
96699208	1514
96735552	1514
96736112	1514
96736410	1514
96737019	1514
96737511	1514
96737936	1514
96769757	1514
96770427	1514
96770800	1514
96771151	1514
96771591	1514
96797019	1514
96797348	1514
96820972	1514
96821700	1514
96822112	1514
96822494	1514
96840572	1514
96841012	1514
96841341	1514
96841707	1514
96859773	1514
96860192	1514
96860712	1514
96861053	1514
96861580	1514
96875184	1514
96875679	1514
96876134	1514
96876686	1514
96876908	1514
96877101	1514
96891657	1514
96932914	1514
96933106	1514
96933292	1514
96933473	1514
96933669	1514
96934009	1514
96970906	1514
96971314	1514
96972189	1514
96972514	1514
96973212	1514
96973432	1514
97028217	1514
97028923	1514
97029401	1514
97029987	1514
97030421	1514
97030643	1514
97030875	1514
97089666	1514
97090133	1514
97090593	1514
97091110	1514
97091658	1514
97092089	1514
97092893	1514
97153013	1514
97153617	1514
97154012	1514
97154499	1514
97155001	1514
97155544	1514
97155726	1514
97216089	1514
97216521	1514
97217061	1514
97217941	1514
97218278	1514
97219113	1514
97219478	1514
97241216	1514
97241434	1514
97265428	1514
97265626	1514
97265810	1514
97265992	1514
97266184	1514
97266372	1514
97266554	1514
97304407	1514
97304730	1514
97304926	1514
97305114	1514
97305298	1514
97305481	1514
97305659	1514
97344302	1514
97344581	1514
97344860	1514
97345039	1514
97345234	1514
97345415	1514
97345592	1514
97345769	1514
97384366	1514
97384698	1514
97384882	1514
97385059	1514
97385251	1514
97385431	1514
97385611	1514
97385788	1514
97429806	1514
97429992	1514
97430205	1514
97430399	1514
97430597	1514
97430856	1514
97431053	1514
97431255	1514
97490004	1514
97490233	1514
97490480	1514
97491052	1514
97491261	1514
97492344	1514
97492688	1514
97493534	1514
97515852	1514
97516145	1514
97541650	1514
97542493	1514
97542682	1514
97543058	1514
97543279	1514
97543534	1514
97543780	1514
97543994	1514
97597879	1514
97598065	1514
97598354	1514
97598537	1514
97598834	1514
97599142	1514
97599433	1514
97599765	1514
97671659	1514
97671867	1514
97672077	1514
97672632	1514
97672911	1514
97673152	1514
97673348	1514
97673522	1514
97740828	1514
97741901	1514
97743013	1514
97743870	1514
97744056	1514
97744234	1514
97744558	1514
97744736	1514
97789492	1514
97789694	1514
97789867	1514
97790053	1514
97790420	1514
97790600	1514
97791160	1514
97863319	1514
97863550	1514
97863727	1514
97865006	1514
97884798	1514
99051590	1514
99080482	1514
99080694	1514
99118133	1514
99119290	1514
99119790	1514
99171822	1514
99172069	1514
99173218	1514
99173596	1514
99223096	1514
99223294	1514
99223479	1514
99223822	1514
99225183	1514
99273551	1514
99273943	1514
99274352	1514
99274639	1514
99275868	1514
99312398	1514
99312572	1514
99312755	1514
99312926	1514
99313477	1514
99354406	1514
99355072	1514
99401232	1514
99401422	1514
99401599	1514
99401800	1514
99406142	1514
99406403	1514
99461142	1514
99462958	1514
99463384	1514
99464348	1514
99464797	1514
99465442	1514
99465834	1514
99519994	1514
99520290	1514
99520970	1514
99521594	1514
99521775	1514
99521948	1514
99522176	1514
99579440	1514
99579663	1514
99579917	1514
99580093	1514
99580289	1514
99580479	1514
99580664	1514
99673681	1514
99674589	1514
99676175	1514
99676951	1514
99677498	1514
99678905	1514
99681660	1514
99757862	1514
99758032	1514
99770230	1514
99770631	1514
99771421	1514
99772084	1514
99772469	1514
99843073	1514
99843317	1514
99843558	1514
99843735	1514
99843958	1514
99844219	1514
99844431	1514
99932738	1514
99933121	1514
99933626	1514
99934032	1514
99934620	1514
99935303	1514
99935602	1514
99936361	1514
99980997	1514
99981177	1514
100029066	1514
100029531	1514
100029856	1514
100030201	1514
100030458	1514
100031222	1514
100069276	1514
100069576	1514
100114859	1514
100115168	1514
100115561	1514
100115851	1514
100116112	1514
100116313	1514
100116714	1514
100174409	1514
100218208	1514
100219275	1514
100219660	1514
100220549	1514
100221221	1514
100223201	1514
100223426	1514
100278625	1514
100305093	1514
100305597	1514
100305995	1514
100306613	1514
100308122	1514
100309003	1514
100309196	1514
100365166	1514
100365713	1514
100366329	1514
100366642	1514
100366957	1514
100367210	1514
100367540	1514
100367822	1514
100368136	1514
100465886	1514
100467466	1514
100468456	1514
100469528	1514
100470987	1514
100471554	1514
100472627	1514
100473126	1514
100473758	1514
100531935	1514
100532833	1514
100560660	1514
100561238	1514
100561606	1514
100561967	1514
100562464	1514
100562872	1514
100563250	1514
100625662	1514
100625882	1514
100626024	1514
100626181	1514
100626322	1514
100626465	1514
100626606	1514
100626747	1514
100627006	1514
100749067	1514
100750120	1514
100750807	1514
100751349	1514
100751673	1514
100752976	1514
100753254	1514
100753510	1514
100753812	1514
100829656	1514
100830427	1514
100878315	1514
100879572	1514
100880584	1514
100881386	1514
100882823	1514
100884754	1514
100886165	1514
100939644	1514
100940346	1514
100961239	1514
100961589	1514
100962154	1514
100962339	1514
100962506	1514
100963095	1514
100963469	1514
100964028	1514
101005891	1514
101006489	1514
101023906	1514
101024375	1514
101066625	1514
101070076	1514
101070833	1514
101071755	1514
101072215	1514
101073327	1514
101122460	1514
101123516	1514
101124518	1514
101124979	1514
101190104	1514
101191454	1514
101192094	1514
101192817	1514
101243822	1514
101244164	1514
101244966	1514
101245633	1514
101274729	1514
101275623	1514
101315867	1514
101348163	1514
103055461	1514
103094904	1514
103096815	1514
103145754	1514
103146349	1514
103147916	1514
103207322	1514
103208087	1514
103208782	1514
103209803	1514
103346515	1514
103352104	1514
103352700	1514
103353520	1514
103449512	1514
103450237	1514
103451373	1514
103452937	1514
103454246	1514
103582457	1514
103583226	1514
103583751	1514
103704639	1514
103705226	1514
103709790	1514
103715374	1514
103834031	1514
103834514	1514
103840926	1514
103841608	1514
103863502	1514
103957988	1514
103960157	1514
103961234	1514
103962366	1514
103963572	1514
103976045	1514
104063395	1514
104064291	1514
104065170	1514
104066484	1514
104067393	1514
104104448	1514
104145564	1514
104146289	1514
104147528	1514
104147937	1514
104148787	1514
104175486	1514
104175947	1514
104230073	1514
104231112	1514
104231963	1514
104233304	1514
104264908	1514
104265619	1514
104318258	1514
104331887	1514
104333427	1514
104335691	1514
104336807	1514
104337472	1514
104361855	1514
104363044	1514
104436233	1514
104436832	1514
104437924	1514
104439507	1514
104448296	1514
104448987	1514
104505973	1514
104516347	1514
104563700	1514
105598316	1514
108592674	1514
108667431	1514
108667769	1514
108746103	1514
108748056	1514
108750239	1514
108891859	1514
108893134	1514
108895930	1514
108897186	1514
108960363	1514
108960695	1514
108961254	1514
108961949	1514
108962357	1514
108997442	1514
108997619	1514
108998079	1514
109001328	1514
109001535	1514
109027608	1514
109028024	1514
109028417	1514
109028903	1514
109029309	1514
109029743	1514
109061405	1514
109061716	1514
109062624	1514
109063525	1514
109064397	1514
109065120	1514
109102922	1514
109103919	1514
109104630	1514
109105401	1514
109105692	1514
109106524	1514
109107900	1514
109170451	1514
109171011	1514
109190849	1514
109191424	1514
109191837	1514
109192264	1514
109192629	1514
109267355	1514
109267711	1514
109321293	1514
109321789	1514
110596082	1514
110667546	1514
110668595	1514
110730074	1514
110731267	1514
110732581	1514
110732903	1514
110802591	1514
110803920	1514
110880835	1514
110881174	1514
112067822	1514
112114180	1514
121092274	1514
121147935	1514
121148737	1514
121207724	1514
121208459	1514
121208993	1514
121260728	1514
121261926	1514
121264769	1514
121265599	1514
121331936	1514
121334102	1514
121345414	1514
121346061	1514
121348153	1514
121448992	1514
121449659	1514
121452209	1514
121453984	1514
121455679	1514
121544602	1514
121545036	1514
121545559	1514
121546450	1514
121548804	1514
121550252	1514
121639781	1514
121640514	1514
121641589	1514
121642671	1514
121649040	1514
121738956	1514
121739906	1514
121740233	1514
121740855	1514
121741998	1514
121798593	1514
121842345	1514
121845397	1514
121900568	1514
121953633	1514
121955385	1514
121956697	1514
122020093	1514
122065265	1514
122066611	1514
122068905	1514
122070365	1514
122088445	1514
122138521	1514
122139942	1514
122140817	1514
122141562	1514
122142296	1514
122153675	1514
122217991	1514
122219718	1514
122220407	1514
122221099	1514
122221936	1514
122268047	1514
122297365	1514
122297903	1514
122298642	1514
122299648	1514
122299976	1514
122300249	1514
122419797	1514
122420446	1514
122421722	1514
122422898	1514
122424600	1514
122426532	1514
122462092	1514
122552180	1514
122552516	1514
122553781	1514
122555646	1514
122557263	1514
122557754	1514
122558404	1514
122637568	1514
122673809	1514
122676402	1514
122676898	1514
122677409	1514
122677762	1514
122709836	1514
122785584	1514
122786895	1514
122788909	1514
122820978	1514
122881009	1514
122881435	1514
122881838	1514
122884205	1514
122901620	1514
122980324	1514
122980724	1514
122981295	1514
122983353	1514
123008866	1514
123009802	1514
123061790	1514
123062148	1514
123063530	1514
123064343	1514
123076919	1514
123077336	1514
123077749	1514
123138231	1514
123139396	1514
123139680	1514
123140235	1514
123157196	1514
123158057	1514
123234653	1514
123236298	1514
123236912	1514
123238303	1514
123267176	1514
123267787	1514
123269171	1514
123379315	1514
123417792	1514
123424138	1514
123465067	1514
123465800	1514
123466474	1514
123479419	1514
123480460	1514
123525313	1514
123525985	1514
123526434	1514
123542591	1514
123543757	1514
123544982	1514
123584154	1514
123584682	1514
123585542	1514
123602886	1514
123603421	1514
123603903	1514
123604464	1514
123654112	1514
123655176	1514
123655583	1514
123674773	1514
123676256	1514
123677354	1514
123678233	1514
123719542	1514
123720335	1514
123757493	1514
123759347	1514
123761436	1514
123800881	1514
123802288	1514
123805550	1514
123865935	1514
123868518	1514
123918402	1514
123974282	1514
124016060	1514
125102432	1514
125177897	1514
125178882	1514
125275684	1514
126606829	1514
126687939	1514
126688390	1514
126769872	1514
126770390	1514
126771923	1514
126864980	1514
126866077	1514
128175924	1514
128282127	1514
128377279	1514
128381136	1514
132589605	1514
132660436	1514
132661360	1514
132746630	1514
132747924	1514
132748603	1514
132840600	1514
132840922	1514
132841971	1514
132842466	1514
132908856	1514
132909689	1514
132911696	1514
132912845	1514
132913667	1514
132970282	1514
132970574	1514
132973929	1514
132974431	1514
132974918	1514
133030906	1514
133031477	1514
133031736	1514
133032607	1514
133032972	1514
133033830	1514
133093383	1514
133094136	1514
133095589	1514
133096319	1514
133096673	1514
133097267	1514
133162172	1514
133163991	1514
133164711	1514
133165425	1514
133166389	1514
133167862	1514
133169090	1514
133241497	1514
133242057	1514
133244915	1514
133245448	1514
133278179	1514
133326584	1514
133327665	1514
133355765	1514
133410261	1514
137578555	1514
137667877	1514
137757703	1514
142124992	1514
142239412	1514
142239710	1514
142347808	1514
142445721	1514
143625119	1514
143696782	1514
143697108	1514
143753685	1514
143754493	1514
143755565	1514
143809994	1514
143811226	1514
143813843	1514
143871670	1514
143872469	1514
143873420	1514
143881484	1514
143925434	1514
143925716	1514
143926058	1514
143926696	1514
143934196	1514
143979031	1514
143979247	1514
143979747	1514
143980411	1514
143980909	1514
143988228	1514
144043252	1514
144043956	1514
144048074	1514
144048330	1514
144049140	1514
144049774	1514
144082318	1514
144082624	1514
144083365	1514
144083579	1514
144083819	1514
144084191	1514
144084460	1514
144107588	1514
144107764	1514
144108122	1514
144108468	1514
144108646	1514
144108873	1514
144132756	1514
144132989	1514
144133239	1514
144133483	1514
144173837	1514
144174057	1514
144174495	1514
144174781	1514
144175402	1514
144176101	1514
144176314	1514
144242234	1514
144242535	1514
144242898	1514
144243212	1514
144243428	1514
144243697	1514
144243982	1514
144244269	1514
144305263	1514
144305621	1514
144305892	1514
144306425	1514
144306644	1514
144307062	1514
144307311	1514
144307572	1514
144383965	1514
144384513	1514
144384826	1514
144385106	1514
144385367	1514
144385824	1514
144386069	1514
144386426	1514
144462950	1514
144463521	1514
144463992	1514
144464519	1514
144464979	1514
144465451	1514
144465987	1514
144466444	1514
144533690	1514
144533937	1514
144534266	1514
144534838	1514
144535584	1514
144535763	1514
144536147	1514
144536398	1514
144632067	1514
144632272	1514
144632769	1514
144633206	1514
144633435	1514
144633736	1514
144634208	1514
144634538	1514
144716391	1514
144716649	1514
144717114	1514
144717433	1514
144717906	1514
144719061	1514
144719310	1514
144719562	1514
144793140	1514
144793832	1514
144794129	1514
144794540	1514
144795112	1514
144795308	1514
144795819	1514
144796252	1514
144872050	1514
144872386	1514
144872728	1514
144873135	1514
144873435	1514
144873644	1514
144873841	1514
144874098	1514
144874353	1514
144934366	1514
144934610	1514
144935066	1514
144935526	1514
144935755	1514
144935972	1514
144936259	1514
144936595	1514
144936968	1514
144992245	1514
144992510	1514
144992760	1514
144992988	1514
144993204	1514
144993404	1514
144993612	1514
144993840	1514
144994193	1514
145046107	1514
145047253	1514
145048061	1514
145048411	1514
145048830	1514
145049400	1514
145050148	1514
145050549	1514
145051301	1514
145113000	1514
145113609	1514
145114101	1514
145115284	1514
145115644	1514
145115966	1514
145116874	1514
145117105	1514
145117412	1514
145152616	1514
145152846	1514
145184757	1514
145185372	1514
145185940	1514
145186218	1514
145186623	1514
145187186	1514
145187576	1514
145187845	1514
145214140	1514
145214768	1514
145215087	1514
145215377	1514
145216073	1514
145216530	1514
145216941	1514
145217245	1514
145256720	1514
145256862	1514
145256999	1514
145257135	1514
145257271	1514
145257424	1514
145257560	1514
145257697	1514
145257834	1514
145305764	1514
145306214	1514
145306491	1514
145306781	1514
145307110	1514
145307370	1514
145307639	1514
145307910	1514
145308232	1514
145308519	1514
145344850	1514
145345187	1514
145345399	1514
145345630	1514
145346177	1514
145346383	1514
145346913	1514
145347373	1514
145347619	1514
145347805	1514
145368524	1514
145368780	1514
145369555	1514
145370162	1514
145370451	1514
145370810	1514
145371098	1514
145371349	1514
145371639	1514
145371839	1514
145410552	1514
145410880	1514
145411102	1514
145411298	1514
145411572	1514
145411747	1514
145411966	1514
145412140	1514
145412443	1514
145413104	1514
145458997	1514
145459173	1514
145459378	1514
145459617	1514
145460004	1514
145460188	1514
145460416	1514
145460639	1514
145460831	1514
145461052	1514
145503103	1514
145503371	1514
145503600	1514
145503821	1514
145504110	1514
145504328	1514
145504583	1514
145505267	1514
145505505	1514
145505677	1514
145583048	1514
145583926	1514
145584752	1514
145585499	1514
145586230	1514
145587376	1514
145588022	1514
145588735	1514
145589402	1514
145590065	1514
145693200	1514
145693978	1514
145694790	1514
145695535	1514
145696041	1514
145696889	1514
145697532	1514
145698416	1514
145699163	1514
145745977	1514
145746369	1514
145778556	1514
145779943	1514
145780472	1514
145780769	1514
145781118	1514
145781610	1514
145782100	1514
145818072	1514
145818442	1514
145819197	1514
145819938	1514
145863098	1514
145863960	1514
145865133	1514
145865995	1514
145926039	1514
145927648	1514
145929159	1514
145930234	1514
145976062	1514
145976551	1514
145977135	1514
145978398	1514
146025284	1514
146025482	1514
146031128	1514
146031529	1514
146106175	1514
146115023	1514
146117943	1514
146217114	1514
146217974	1514
146218607	1130
147060403	1514
147106245	1514
147107061	1514
147158895	1514
147159596	1514
148573734	1514
148634969	1514
148636098	1514
148703732	1514
148704541	1514
148705491	1514
148796932	1514
148798203	1514
148798691	1514
148888267	1514
148889249	1514
148889750	1514
148890101	1514
148941027	1514
148941584	1514
148941817	1514
148942619	1514
148943522	1514
148988540	1514
148988818	1514
148989249	1514
148989597	1514
148990176	1514
148990647	1514
149045425	1514
149045977	1514
149046541	1514
149046988	1514
149047530	1514
149096596	1514
149097319	1514
149098423	1514
149098645	1514
149145223	1514
149145409	1514
149196595	1514
149196845	1514
149197022	1514
149197288	1514
149242393	1514
149242628	1514
149243824	1514
149244252	1514
149244999	1514
149297340	1514
149297909	1514
149298375	1514
149300513	1514
149300975	1514
149301866	1514
149378429	1514
149378616	1514
149379789	1514
149380430	1514
149380810	1514
149381366	1514
149438163	1514
149438575	1514
149480284	1514
149481124	1514
149482170	1514
149482396	1514
149482813	1514
149526603	1514
149526934	1514
149553498	1514
149553979	1514
149554343	1514
149555340	1514
149555838	1514
149582087	1514
149582576	1514
149623642	1514
149624246	1514
149661029	1514
149661264	1514
149661766	1514
149661946	1514
149663498	1514
149734223	1514
149734498	1514
149736419	1514
149766401	1514
149767261	1514
149767967	1514
149768670	1514
149769586	1514
149822717	1514
149823647	1514
149846615	1514
149847371	1514
149891646	1514
149892499	1514
149893414	1514
149893741	1514
149950167	1514
149951920	1514
149953528	1514
149955007	1514
150011817	1514
150012932	1514
150014039	1514
150014995	1514
150071902	1514
150072617	1514
150073664	1514
150074661	1514
150121440	1514
150121636	1514
150121852	1514
150122225	1514
150196573	1514
150197726	1514
150238413	1514
150238787	1514
150239282	1514
150240598	1514
150241247	1514
150310148	1514
150310572	1514
150317579	1514
150387926	1514
152041880	1514
152080386	1514
152080837	1514
152122395	1514
152122976	1514
152123773	1514
152158501	1514
152159299	1514
152159642	1514
152160288	1514
152201251	1514
152201832	1514
152202414	1514
152203107	1514
152203736	1514
152243098	1514
152243688	1514
152244267	1514
152244902	1514
152245476	1514
152274604	1514
152275016	1514
152275626	1514
152276353	1514
152276623	1514
152276979	1514
152308507	1514
152309001	1514
152312960	1514
152313258	1514
152313443	1514
152313641	1514
152345839	1514
152346227	1514
152346518	1514
152347596	1514
152347939	1514
152373354	1514
152373815	1514
152374155	1514
152374349	1514
152374799	1514
152374995	1514
152375246	1514
152427535	1514
152427734	1514
152427908	1514
152428093	1514
152428270	1514
152428530	1514
152428719	1514
152482517	1514
152482926	1514
152483105	1514
152483297	1514
152483479	1514
152483650	1514
152483822	1514
152502918	1514
152503115	1514
152503369	1514
152503818	1514
152504076	1514
152504309	1514
152504560	1514
152551485	1514
152552080	1514
152552831	1514
152553398	1514
152553747	1514
152554249	1514
152555315	1514
152619240	1514
152620543	1514
152621596	1514
152621987	1514
152622440	1514
152622650	1514
152623873	1514
152686605	1514
152686898	1514
152687097	1514
152687288	1514
152687497	1514
152687682	1514
152687920	1514
152688145	1514
152748324	1514
152748517	1514
152748689	1514
152748881	1514
152749049	1514
152749226	1514
152749409	1514
152749601	1514
152772002	1514
152772310	1514
152772571	1514
152772875	1514
152773300	1514
152773661	1514
152773922	1514
152774113	1514
152833699	1514
152834038	1514
152834323	1514
152834516	1514
152835075	1514
152835271	1514
152835455	1514
152835624	1514
152892684	1514
152893786	1514
152894100	1514
152894397	1514
152894584	1514
152895102	1514
152895286	1514
152895619	1514
152967766	1514
152968956	1514
152969437	1514
152969820	1514
152970013	1514
152970203	1514
152970373	1514
152970564	1514
153039551	1514
153039733	1514
153040061	1514
153040348	1514
153041585	1514
153042366	1514
153042942	1514
153043321	1514
153078229	1514
153078687	1514
153133113	1514
153133286	1514
153133468	1514
153133705	1514
153133902	1514
153134109	1514
153134313	1514
153134544	1514
154548256	1514
154603653	1514
154604463	1514
154696512	1514
154697007	1514
154697500	1514
154698008	1514
154761647	1514
154762054	1514
154763010	1514
154763606	1514
154764392	1514
154807226	1514
154807710	1514
154808244	1514
154808471	1514
154809177	1514
154809844	1514
154846408	1514
154846813	1514
154847318	1514
154847510	1514
154847705	1514
154847931	1514
154891118	1514
154891874	1514
154892432	1514
154893088	1514
154893593	1514
154894174	1514
154932389	1514
154934522	1514
154935316	1514
154936157	1514
154936439	1514
154936966	1514
154937316	1514
154984711	1514
154985120	1514
154985673	1514
155040719	1514
155041525	1514
155042177	1514
155043198	1514
155043606	1514
155091979	1514
155092545	1514
155093399	1514
155157504	1514
155158370	1514
155162506	1514
155163542	1514
155164076	1514
155227550	1514
155227954	1514
155292519	1514
157086033	1514
157160137	1514
157160919	1514
157246130	1514
157246649	1514
157319838	1514
157320845	1514
161597688	1514
161692849	1514
161693915	1514
161785322	1514
161785516	1514
161785778	1514
161880167	1514
161881545	1514
161882428	1514
161884254	1514
161950565	1514
161951829	1514
161952245	1514
161952699	1514
161952938	1514
162004743	1514
162005371	1514
162006022	1514
162006538	1514
162007532	1514
162064242	1514
162065015	1514
162066025	1514
162066832	1514
162072902	1514
162073513	1514
162131509	1514
162132128	1514
162132570	1514
162133289	1514
162133824	1514
162134621	1514
162206748	1514
162207624	1514
162208511	1514
162210057	1514
162210540	1514
162215216	1514
162215759	1514
162305802	1514
162306775	1514
162309780	1514
162310292	1514
162311131	1514
162313220	1514
162367306	1514
162386788	1514
162386977	1514
162387285	1514
162387709	1514
162388197	1514
162388627	1514
162389481	1514
162424167	1514
162424830	1514
162425146	1514
162425702	1514
162426194	1514
162426668	1514
162426934	1514
162427132	1514
162470878	1514
162471411	1514
162506928	1514
162507908	1514
162508145	1514
162508499	1514
162509155	1514
162509906	1514
162557665	1514
162558094	1514
162558287	1514
162558457	1514
162592866	1514
162593249	1514
162594384	1514
162595687	1514
162596439	1514
162645149	1514
162645810	1514
162646284	1514
162646905	1514
162647390	1514
162654070	1514
162654575	1514
162655301	1514
162655506	1514
162741461	1514
162741794	1514
162742746	1514
162743560	1514
162743801	1514
162744258	1514
162744836	1514
162745030	1514
162745403	1514
162844776	1514
162845292	1514
162845873	1514
162847798	1514
162921777	1514
162922344	1514
162922589	1514
162923535	1514
162961331	1514
173078387	1514
173172329	1514
173172984	1514
173264636	1514
173265518	1514
173360186	1514
173361026	1514
173361670	1514
173448912	1514
173450073	1514
173450916	1514
173452712	1514
173519728	1514
173520501	1514
173521815	1514
173522254	1514
173523674	1514
173597232	1514
173597803	1514
173598253	1514
173598779	1514
173599520	1514
173600300	1514
173762118	1514
173765121	1514
173765928	1514
173766808	1514
173768383	1514
173800287	1514
173913583	1514
173915785	1514
173917021	1514
173919519	1514
173920776	1514
173951450	1514
173951902	1514
174012799	1514
174013281	1514
174014004	1514
174014736	1514
174026860	1514
174027899	1514
174047831	1514
174070061	1514
174070245	1514
174071399	1514
174071819	1514
174072855	1514
174082668	1514
174083991	1514
174124674	1514
174125505	1514
174126026	1514
174126450	1514
174126899	1514
174128002	1514
174154862	1514
174155503	1514
174253367	1514
174254029	1514
174254377	1514
174255055	1514
174256331	1514
174256711	1514
174258026	1514
174270172	1514
174271679	1514
174357408	1514
174358186	1514
174359158	1514
174360169	1514
174384766	1514
174385929	1514
174386428	1514
174386910	1514
174388376	1514
174464333	1514
174464566	1514
174464787	1514
174465018	1514
174480797	1514
174481661	1514
174481976	1514
174483401	1514
174501483	1514
174502526	1514
174571874	1514
174572743	1514
174573325	1514
174574847	1514
174576396	1514
174576847	1514
174577541	1514
174578065	1514
174578342	1514
174650428	1514
174697235	1514
174697744	1514
174698114	1514
174698250	1514
174746402	1514
174747719	1514
174776083	1514
174819545	1514
176578233	1514
176654054	1514
176723748	1514
176724340	1514
176725190	1514
176795247	1514
176795434	1514
176796445	1514
176797736	1514
176872910	1514
176873732	1514
176874056	1514
176875439	1514
176876093	1514
176877154	1514
176938008	1514
176939041	1514
176939586	1514
176940557	1514
176941571	1514
176942823	1514
176944505	1514
176997108	1514
176998216	1514
176998843	1514
176999673	1514
177000173	1514
177002390	1514
177003294	1514
177004094	1514
177066357	1514
177067907	1514
177068634	1514
177069370	1514
177072356	1514
177073351	1514
177073786	1514
177074023	1514
177137075	1514
177137805	1514
177139248	1514
177140010	1514
177143556	1514
177144610	1514
177145159	1514
177146053	1514
177207971	1514
177208485	1514
177209333	1514
177237871	1514
177238522	1514
177240213	1514
177241547	1514
177242060	1514
177242456	1514
177311758	1514
177312307	1514
177312827	1514
177313018	1514
177313216	1514
177313411	1514
177313593	1514
177313777	1514
177313982	1514
177427672	1514
177427965	1514
177428337	1514
177428902	1514
177429560	1514
177429990	1514
177430197	1514
177430625	1514
177431929	1514
177588477	1514
177589669	1514
177590137	1514
177590568	1514
177593274	1514
177595178	1514
177596502	1514
177597482	1514
177598353	1514
177665196	1514
177666241	1514
177701349	1514
177702422	1514
177704700	1514
177705773	1514
177706792	1514
177709170	1514
177710004	1514
177760752	1514
177762712	1514
177764765	1514
177804046	1514
177805908	1514
177807096	1514
177808517	1514
177810594	1514
177811283	1514
177865289	1514
177865695	1514
177866008	1514
177866475	1514
177881570	1514
177881849	1514
177882145	1514
177882325	1514
177882557	1514
177882773	1514
177941019	1514
177941527	1514
177941926	1514
177942100	1514
177942266	1514
177942407	1514
177942567	1514
177942835	1514
177943290	1514
177943569	1514
178012646	1514
178013458	1514
178013773	1514
178014833	1514
178015196	1514
178015510	1514
178015794	1514
178016335	1514
178016635	1514
178016910	1514
178093153	1514
178093432	1514
178093816	1514
178094408	1514
178095527	1514
178096331	1514
178096687	1514
178096953	1514
178097325	1514
178097708	1514
178148736	1514
178149521	1514
178202637	1514
178205221	1514
178207493	1514
178208098	1514
178209196	1514
178210404	1514
178210949	1514
178211661	1514
178280345	1514
178282492	1514
178331818	1514
178332416	1514
178333580	1514
178334646	1514
178336595	1514
178337236	1514
178337762	1514
178337958	1514
178436373	1514
178437521	1514
178468527	1514
178469181	1514
178469966	1514
178470867	1514
178471592	1514
178472242	1514
178473052	1514
178473439	1514
178542490	1514
178543814	1514
178544128	1514
178544685	1514
178568864	1514
178569798	1514
178570354	1514
178571584	1514
178572337	1514
178572653	1514
178573111	1514
178659053	1514
178661271	1514
178661737	1514
178662137	1514
178662475	1514
178663434	1514
178663876	1514
178664526	1514
178664996	1514
178665383	1514
178665686	1514
178740320	1514
178741178	1514
178774176	1514
178775450	1514
178776400	1514
178777083	1514
178777932	1514
178778241	1514
178778526	1514
178779352	1514
178779662	1514
178849030	1514
178850110	1514
178850632	1514
178877173	1514
178877911	1514
178878307	1514
178878740	1514
178880309	1514
178881228	1514
178881601	1514
178881876	1514
178941082	1514
178941588	1514
178941939	1514
178942227	1514
178943336	1514
178944044	1514
178944269	1514
178945331	1514
178945808	1514
178946322	1514
178946674	1514
179001999	1514
179002710	1514
179036676	1514
179037600	1514
179038329	1514
179039306	1514
179040272	1514
179040876	1514
179041549	1514
179042168	1514
179042957	1514
179093250	1514
179093761	1514
179094031	1514
179133826	1514
179134883	1514
179136663	1514
179137477	1514
179137935	1514
179138910	1514
179141117	1514
179141948	1514
179142704	1514
179201007	1514
179201425	1514
179201699	1514
179202510	1514
179216060	1514
179216438	1514
179216825	1514
179217296	1514
179265831	1514
179266234	1514
179303078	1514
179303331	1514
179304185	1514
179304480	1514
179305192	1514
179306020	1514
179365636	1514
179366385	1514
179366834	1514
180577384	1514
180640524	1514
180641188	1514
180716880	1514
180718474	1514
180720674	1514
180722064	1514
180722761	1514
180723446	1514
180794051	1514
180794744	1514
180795878	1514
180796620	1514
180884306	1514
180885142	1514
180885634	1514
180886085	1514
180886585	1514
180949495	1514
180950199	1514
180950421	1514
180951680	1514
180952235	1514
180953185	1514
181015024	1514
181015671	1514
181045079	1514
181045281	1514
181045455	1514
181045682	1514
181085426	1514
181086245	1514
181086982	1514
181105870	1514
181106069	1514
181157745	1514
181157960	1514
181158294	1514
181210315	1514
181211019	1514
181212200	1514
181213000	1514
181290328	1514
181291916	1514
181292947	1514
181336285	1514
181337073	1514
181337589	1514
181338070	1514
181410496	1514
181411022	1514
181411762	1514
181458181	1514
181459590	1514
181460229	1514
181460699	1514
181461665	1514
181540102	1514
181540732	1514
181589892	1514
181590702	1514
181631747	1514
181631994	1514
181702750	1514
184015190	1514
184056977	1514
184058168	1514
184120840	1514
184122142	1514
184123865	1514
184124641	1514
184126253	1514
184219582	1514
184219841	1514
184220153	1514
184220589	1514
184274119	1514
184274598	1514
184275074	1514
184275481	1514
184276441	1514
184341373	1514
184343042	1514
184344784	1514
184347997	1514
184350037	1514
184453807	1514
184454248	1514
184462899	1514
184463704	1514
184464869	1514
184465653	1514
184534764	1514
184535978	1514
184545701	1514
184547221	1514
184548431	1514
184549361	1514
184550666	1514
184621193	1514
184621549	1514
184630717	1514
184631792	1514
184632801	1514
184633756	1514
184673152	1514
184690928	1514
184691432	1514
184712037	1514
184712879	1514
184713754	1514
184715342	1514
184772664	1514
184772921	1514
184773860	1514
184781059	1514
184781276	1514
184781452	1514
184781637	1514
184819249	1514
184840385	1514
184841891	1514
184842508	1514
184847649	1514
184847867	1514
184848075	1514
184848592	1514
184907091	1514
184908000	1514
184909135	1514
184909648	1514
184910454	1514
184911928	1514
184912107	1514
184912444	1514
184944247	1514
184964117	1514
184965144	1514
184989297	1514
184989457	1514
184989638	1514
184989822	1514
184990581	1514
184990867	1514
184991264	1514
185050526	1514
185051313	1514
185051861	1514
185052097	1514
185052297	1514
185052976	1514
185053216	1514
185053420	1514
185053596	1514
185129036	1514
185129810	1514
185130362	1514
185131316	1514
185131576	1514
185132476	1514
185132698	1514
185133430	1514
185221323	1514
185222340	1514
185223091	1514
185224056	1514
185225298	1514
185226376	1514
185226833	1514
185227479	1514
185283544	1514
185283725	1514
185283931	1514
185284746	1514
185338717	1514
185339133	1514
185339345	1514
185340437	1514
185340948	1514
185392003	1514
185392473	1514
185393156	1514
185394257	1514
185394991	1514
185395771	1514
185436341	1514
185437512	1514
185437881	1514
185442822	1514
185443003	1514
185443176	1514
185443363	1514
185477410	1514
185509310	1514
185509491	1514
185509897	1514
185511610	1514
185512230	1514
185512428	1514
185565263	1514
185565518	1514
185565697	1514
185565890	1514
185566074	1514
185611959	1514
185661632	1514
185662250	1514
185662972	1514
185664153	1514
185665012	1514
185722249	1514
185731040	1514
185731554	1514
185794123	1514
185804541	1514
185804860	1514
185852849	1514
185860578	1514
185910813	1514
185962348	1514
185963563	1514
185964704	1514
185965551	1514
185966358	1514
186029399	1514
186030323	1514
186031120	1514
186031438	1514
186031615	1514
186086550	1514
186087489	1514
186087811	1514
186088797	1514
186089575	1514
186137055	1514
186137313	1514
186138538	1514
186178880	1514
186179753	1514
186180254	1514
186181139	1514
186223558	1514
186223962	1514
186224803	1514
186226132	1514
186227661	1514
186265343	1514
186265715	1514
186266212	1514
186266471	1514
186267638	1514
186271358	1514
186310131	1514
186310405	1514
186310637	1514
186338417	1514
186338954	1514
186339613	1514
186375585	1514
186376359	1514
186376689	1514
186377601	1514
186377800	1514
186378524	1514
186434293	1514
186434624	1514
186435325	1514
186435607	1514
186435794	1514
186436762	1514
186436983	1514
186462228	1514
186463581	1514
186496328	1514
186497412	1514
186498236	1514
186498406	1514
186498582	1514
186499273	1514
186499460	1514
186582448	1514
186582770	1514
186583018	1514
186583360	1514
186584486	1514
186584876	1514
186585344	1514
186666107	1514
186666311	1514
186710232	1514
188014559	1514
188034981	1514
188035872	1514
188071784	1514
188072066	1514
188072405	1514
188109337	1514
188109676	1514
188110454	1514
188111151	1514
188112168	1514
188160555	1514
188165896	1514
188166083	1514
188166324	1514
188167171	1514
188209936	1514
188211423	1514
188212507	1514
188213480	1514
188214336	1514
188214858	1514
188260955	1514
188267064	1514
188267328	1514
188267513	1514
188267686	1514
188267863	1514
188268155	1514
188314489	1514
188315170	1514
188315648	1514
188316330	1514
188316911	1514
188317946	1514
188354644	1514
188356872	1514
188357083	1514
188357522	1514
188358624	1514
188360725	1514
188361268	1514
188362555	1514
188399575	1514
188399957	1514
188425722	1514
188425913	1514
188426137	1514
188427013	1514
188427578	1514
188427786	1514
188467922	1514
188468122	1514
188468323	1514
188468500	1514
188468692	1514
188468869	1514
188469049	1514
188469240	1514
188545620	1514
188546086	1514
188546279	1514
188546480	1514
188546978	1514
188547162	1514
188547444	1514
188547693	1514
188654646	1514
188758442	1514
190056939	1514
190120090	1514
193060722	1514
193133921	1514
193135097	1514
193218737	1514
193220137	1514
193221003	1514
193306862	1514
193308363	1514
193309230	1514
193376202	1514
193376748	1514
193377791	1514
193378363	1514
193442573	1514
193444311	1514
193445060	1514
193445613	1514
193446464	1514
193515657	1514
193516612	1514
193517235	1514
193517426	1514
193518100	1514
193518667	1514
193595485	1514
193596014	1514
193596504	1514
193597398	1514
193598035	1514
193598765	1514
193676061	1514
193676558	1514
193677363	1514
193677943	1514
193678434	1514
193679504	1514
193679807	1514
193800519	1514
193801592	1514
193802691	1514
193804514	1514
193806462	1514
193810276	1514
193858061	1514
193958258	1514
193960166	1514
193960911	1514
193962061	1514
193963326	1514
193973428	1514
193973882	1514
194048774	1514
194091816	1514
194093202	1514
194095000	1514
194096304	1514
194101842	1514
194102070	1514
194152404	1514
194198047	1514
194200825	1514
194201681	1514
194202785	1514
194203144	1514
194203939	1514
194205576	1514
194206014	1514
194276846	1514
194286009	1514
194287398	1514
194287887	1514
194289714	1514
194290771	1514
194291645	1514
194292001	1514
194384398	1514
194384885	1514
194385290	1514
194385686	1514
194386083	1514
194386598	1514
194443875	1514
194445151	1514
194445764	1514
194446913	1514
194448136	1514
194449520	1514
194508393	1514
194509226	1514
194510153	1514
194510574	1514
194513225	1514
194513870	1514
194594034	1514
194594505	1514
194596165	1514
194596505	1514
194597906	1514
194598318	1514
194646193	1514
194646648	1514
194647318	1514
194648065	1514
194695826	1514
194696072	1514
194696715	1514
194697212	1514
194697585	1514
194748233	1514
194748418	1514
194748894	1514
194749073	1514
194749284	1514
194804421	1514
194806327	1514
194808538	1514
194809250	1514
194809811	1514
194810394	1514
194905503	1514
194906503	1514
194907479	1514
194908349	1514
194908847	1514
194909082	1514
194925549	1514
195014126	1514
195015590	1514
195017138	1514
195019171	1514
195020297	1514
195020889	1514
195022850	1514
195120746	1514
195120926	1514
195121309	1514
195121741	1514
195122162	1514
195122560	1514
195123410	1514
195221872	1514
195223098	1514
195223601	1514
195224307	1514
195224923	1514
195225362	1514
195225806	1514
195288017	1514
195288705	1514
195289126	1514
195289622	1514
195289861	1514
195290262	1514
195290869	1514
195386121	1514
195386917	1514
195387107	1514
195387447	1514
195387870	1514
195388338	1514
195388555	1514
195388762	1514
195478369	1514
195480136	1514
195480935	1514
195481594	1514
195482071	1514
195482313	1514
195482620	1514
195483528	1514
195561546	1514
195562364	1514
195623335	1514
197526544	1514
197582631	1514
197645063	1514
197645660	1514
201554281	1514
201630352	1514
201632057	1514
201726228	1514
201727515	1514
201728771	1514
201729386	1514
201837727	1514
201839232	1514
201840307	1514
201841240	1514
201927059	1514
201928193	1514
201929031	1514
201930249	1514
201931369	1514
201992858	1514
201993729	1514
201994789	1514
201998015	1514
201999008	1514
202070539	1514
202071224	1514
202072358	1514
202073423	1514
202074486	1514
202075427	1514
202158271	1514
202158669	1514
202159317	1514
202159628	1514
202160527	1514
202160938	1514
202161981	1514
202245902	1514
202246960	1514
202247934	1514
202248664	1514
202249767	1514
202250801	1514
202282073	1514
202324672	1514
202325348	1514
202326349	1514
202327943	1514
202328922	1514
202329952	1514
202383569	1514
202384463	1514
202386854	1514
202387714	1514
202389775	1514
202391372	1514
202394537	1514
202395276	1514
202459262	1514
202459745	1514
202462005	1514
202463671	1514
202468579	1514
202468970	1514
202469661	1514
202470071	1514
202536638	1514
202537312	1514
202538344	1514
202540842	1514
202541155	1514
202594568	1514
202596987	1514
202598189	1514
202598510	1514
202673317	1514
202674509	1514
202676743	1514
202696878	1514
202698056	1514
202698902	1514
202700118	1514
202785911	1514
202787146	1514
202788264	1514
202788861	1514
202887704	1514
216554215	1514
216653983	1514
216772029	1514
216772418	1514
218020471	1514
218075730	1514
218077332	1514
218204587	1514
218206005	1514
218207550	1514
218324964	1514
218326235	1514
218327568	1514
218328502	1514
218387833	1514
218395378	1514
218396031	1514
218397360	1514
218400326	1514
218500174	1514
218510194	1514
218511251	1514
218512016	1514
218513262	1514
218609631	1514
218611708	1514
218614020	1514
218615409	1514
218616200	1514
218617114	1514
218720344	1514
218721721	1514
218725244	1514
218726082	1514
218726834	1514
218727674	1514
218816158	1514
218817105	1514
218818020	1514
218819061	1514
218820040	1514
218821019	1514
218821991	1514
218899802	1514
218900533	1514
218901526	1514
218902506	1514
218904475	1514
218905325	1514
218947736	1514
218982784	1514
218984425	1514
218985212	1514
218986092	1514
218986755	1514
218988422	1514
218989390	1514
219071977	1514
219072815	1514
219073099	1514
219073480	1514
219073861	1514
219074713	1514
219075231	1514
219076209	1514
219160337	1514
219161028	1514
219161611	1514
219162264	1514
219164031	1514
219164878	1514
219165109	1514
219165477	1514
219166540	1514
219236046	1514
219236897	1514
219237268	1514
219239313	1514
219239820	1514
219240750	1514
219241271	1514
219276561	1514
219299374	1514
219299652	1514
219300114	1514
219301637	1514
219373433	1514
219375220	1514
219376213	1514
219377107	1514
219378295	1514
219429975	1514
219431740	1514
219433107	1514
219433967	1514
219434598	1514
219492461	1514
219493136	1514
219498570	1514
219499215	1514
219499834	1514
219500326	1514
219555588	1514
219556153	1514
219556502	1514
219557584	1514
219558152	1514
219616207	1514
219674976	1514
219675474	1514
219676684	1514
219677455	1514
219677864	1514
219737652	1514
219745957	1514
219746693	1514
219820058	1514
219831919	1514
219832565	1514
219834249	1514
219925697	1514
219937703	1514
219938700	1514
219941722	1514
219943807	1514
220044806	1514
220061065	1514
220062563	1514
220064108	1514
220065462	1514
220067044	1514
220168656	1514
220179662	1514
220180050	1514
220180692	1514
220201844	1514
220202278	1514
220243896	1514
220244284	1514
220244487	1514
220245151	1514
220246298	1514
220270006	1514
220270463	1514
220304857	1514
220305489	1514
220306266	1514
220307955	1514
220340308	1514
220341092	1514
220381221	1514
220381521	1514
220412349	1514
220413120	1514
220413880	1514
220414694	1514
220449731	1514
220450107	1514
220450357	1514
220478685	1514
220480855	1514
220481642	1514
220482031	1514
220482806	1514
220521068	1514
220521930	1514
220580124	1514
220580581	1514
220580978	1514
220581348	1514
220632126	1514
220632551	1514
220648063	1514
220696442	1514
220697196	1514
228064047	1514
228146801	1514
228147527	1514
228206343	1514
228207526	1514
228209814	1514
228277874	1514
228278540	1514
228279659	1514
228280700	1514
228382254	1514
228383871	1514
228384631	1514
228384992	1514
228386101	1514
228482870	1514
228483521	1514
228483849	1514
228484152	1514
228566203	1514
228568650	1514
228650750	1514
228651566	1514
228651969	1514
228737238	1514
228738439	1514
228740564	1514
228741019	1514
228831434	1514
228834634	1514
228836364	1514
228836885	1514
228923903	1514
228925428	1514
228927035	1514
228927433	1514
229013800	1514
229014163	1514
229086768	1514
229087886	1514
229088806	1514
229168019	1514
229168981	1514
229169968	1514
229170888	1514
229242209	1514
229243603	1514
229244494	1514
229245379	1514
229246200	1514
229325150	1514
229326358	1514
229327915	1514
229328372	1514
229328919	1514
229407809	1514
229408223	1514
229408476	1514
229409510	1514
229410256	1514
229411581	1514
229480529	1514
229481084	1514
229481644	1514
229481871	1514
229482826	1514
229483933	1514
229553071	1514
229553522	1514
229554385	1514
229554863	1514
229555846	1514
229556925	1514
229558210	1514
229630255	1514
229630785	1514
229631641	1514
229632127	1514
229637670	1514
229637846	1514
229676467	1514
229699986	1514
229701068	1514
229701529	1514
229701829	1514
229702785	1514
229705831	1514
229706121	1514
229765943	1514
229766891	1514
229768029	1514
229768353	1514
229768632	1514
229769556	1514
229770400	1514
229771001	1514
229831755	1514
229832157	1514
229832539	1514
229833326	1514
229871358	1514
229871606	1514
229872512	1514
229942204	1514
229943399	1514
229944795	1514
229946111	1514
229950340	1514
230041958	1514
230043856	1514
230070078	1514
230154254	1514
230155746	1514
231558548	1514
231668464	1514
231669988	1514
231778053	1514
231780184	1514
231780835	1514
231876271	1514
231878470	1514
231879494	1514
231881409	1514
231987412	1514
231989570	1514
231991132	1514
231993628	1514
232075274	1514
232077438	1514
232079442	1514
232079659	1514
232148026	1514
232149181	1514
232265854	1514
232267433	1514
232372808	1514
234025581	1514
234100367	1514
234187761	1514
234188460	1514
235464730	1514
235479836	1514
235480236	1514
235504661	1514
235505145	1514
235505790	1514
235521232	1514
235521466	1514
235521917	1514
235522434	1514
235540905	1514
235541696	1514
235542045	1514
235547657	1514
235547911	1514
235569795	1514
235570230	1514
235570632	1514
235573779	1514
235574054	1514
235595540	1514
235596224	1514
235596738	1514
235597547	1514
235598045	1514
235598370	1514
235622590	1514
235622870	1514
235623094	1514
235623367	1514
235623691	1514
235624209	1514
235682108	1514
235682310	1514
235682488	1514
235682696	1514
235682917	1514
235683144	1514
235683311	1514
235743865	1514
235744506	1514
235744813	1514
235745193	1514
235745450	1514
235745634	1514
235745875	1514
235812410	1514
235812689	1514
235813133	1514
235813712	1514
235814421	1514
235815162	1514
235815366	1514
235881634	1514
235881931	1514
235882119	1514
235882345	1514
235882714	1514
235883017	1514
235883378	1514
235928999	1514
235929370	1514
235929688	1514
235929881	1514
235930049	1514
235930219	1514
235930406	1514
235982947	1514
235983352	1514
235983566	1514
235983787	1514
235984771	1514
235984981	1514
235985156	1514
236061956	1514
236062162	1514
236062349	1514
236062560	1514
236062738	1514
236062967	1514
236063402	1514
236104614	1514
236105898	1514
236106224	1514
236107059	1514
236107354	1514
236107600	1514
236107827	1514
236173270	1514
236173469	1514
236173660	1514
236174020	1514
236174512	1514
236174746	1514
236175077	1514
236175421	1514
236229817	1514
236230021	1514
236230208	1514
236230387	1514
236230579	1514
236230824	1514
236231373	1514
236231615	1514
236289529	1514
236289951	1514
236290712	1514
236292126	1514
236292415	1514
236293650	1514
236294473	1514
236294655	1514
236357628	1514
236357963	1514
236358358	1514
236358763	1514
236358955	1514
236359821	1514
236361006	1514
236361745	1514
236387728	1514
236388167	1514
236426459	1514
236426727	1514
236426923	1514
236427247	1514
236427444	1514
236427709	1514
236427895	1514
236428179	1514
236526121	1514
236526312	1514
236526501	1514
236526843	1514
236527120	1514
236527397	1514
236527724	1514
236528052	1514
236674171	1514
236675129	1514
236676892	1514
236677471	1514
236678300	1514
236682713	1514
236684563	1514
236686225	1514
236798322	1514
236800869	1514
236801605	1514
236820542	1514
236821318	1514
236821844	1514
236823234	1514
236824811	1514
236825377	1514
236894210	1514
236894392	1514
236894899	1514
236895763	1514
236897210	1514
236897616	1514
236898034	1514
236898437	1514
236898606	1514
236933178	1514
236933990	1514
236971195	1514
236971773	1514
236972535	1514
236973255	1514
236974089	1514
236974571	1514
236974963	1514
236975857	1514
237022970	1514
237023413	1514
237059162	1514
237059638	1514
237060494	1514
237061349	1514
237062164	1514
237062554	1514
237063248	1514
237117290	1514
237117630	1514
237118276	1514
237153178	1514
237153774	1514
237154061	1514
237155163	1514
237155596	1514
237156162	1514
237189700	1514
237190258	1514
237190802	1514
237191299	1514
237209981	1514
237210201	1514
237238232	1514
237238813	1514
237240007	1514
237240469	1514
237240945	1514
237290067	1514
237340327	1514
237340714	1514
237341084	1514
237341600	1514
237342287	1514
237395597	1514
237398512	1514
237461951	1514
241540704	1514
241647605	1514
241648955	1514
241773575	1514
241773773	1514
247443169	1514
247461864	1514
247462078	1514
247489562	1514
247489762	1514
247490482	1514
247523199	1514
247523581	1514
247524008	1514
247524407	1514
247555284	1514
247555729	1514
247556388	1514
247556798	1514
247557806	1514
247584425	1514
247584684	1514
247584899	1514
247585102	1514
247585874	1514
247612855	1514
247613032	1514
247613203	1514
247613374	1514
247613549	1514
247613794	1514
247637684	1514
247637925	1514
247638095	1514
247638307	1514
247639983	1514
247640316	1514
247660904	1514
247661245	1514
247661593	1514
247691551	1514
247692224	1514
247692827	1514
247693039	1514
247693331	1514
247693503	1514
247693731	1514
247751829	1514
247752146	1514
247752548	1514
247752773	1514
247752945	1514
247753115	1514
247753289	1514
247810318	1514
247810903	1514
247811726	1514
247812255	1514
247812573	1514
247813063	1514
247813276	1514
247844804	1514
247844981	1514
247845149	1514
247845318	1514
247845492	1514
247845661	1514
247845844	1514
247897809	1514
247898433	1514
247898663	1514
247899964	1514
247900519	1514
247901142	1514
247901321	1514
247953577	1514
247953932	1514
247954278	1514
247954476	1514
247954663	1514
247956061	1514
247956275	1514
248024875	1514
248025046	1514
248025218	1514
248025391	1514
248025558	1514
248025735	1514
248025904	1514
248090458	1514
248090949	1514
248091233	1514
248091561	1514
248092014	1514
248092188	1514
248092420	1514
248092595	1514
248121091	1514
248121261	1514
248121440	1514
248121760	1514
248121958	1514
248122470	1514
248122740	1514
248122923	1514
248172532	1514
248172825	1514
248173136	1514
248173442	1514
248173836	1514
248174009	1514
248174200	1514
248174376	1514
248218796	1514
248219428	1514
248219778	1514
248220250	1514
248220950	1514
248221156	1514
248221325	1514
248221492	1514
248267631	1514
248267818	1514
248267983	1514
248268149	1514
248268316	1514
248268482	1514
248268665	1514
248269000	1514
248307982	1514
248308303	1514
248308502	1514
248308675	1514
248309069	1514
248309251	1514
248309698	1514
248309878	1514
248348238	1514
248348449	1514
248348616	1514
248348795	1514
248348968	1514
248349141	1514
248349312	1514
248349477	1514
248366869	1514
248367141	1514
248368132	1514
248368389	1514
248368560	1514
248368739	1514
248368921	1514
248369103	1514
248414894	1514
248415274	1514
248415688	1514
248416051	1514
248416227	1514
248416533	1514
248416823	1514
248416995	1514
248417166	1514
248477362	1514
248477588	1514
248477765	1514
248477937	1514
248478104	1514
248478273	1514
248478439	1514
248479446	1514
248480231	1514
248553496	1514
248553987	1514
248554289	1514
248554595	1514
248554822	1514
248555069	1514
248555245	1514
248555413	1514
248555645	1514
248618279	1514
248618500	1514
248618873	1514
248619052	1514
248619219	1514
248619387	1514
248619559	1514
248619728	1514
248619916	1514
248645006	1514
248645334	1514
248645714	1514
248646285	1514
248646709	1514
248647034	1514
248647301	1514
248647813	1514
248647984	1514
248699840	1514
248700188	1514
248700664	1514
248701025	1514
248701200	1514
248701365	1514
248701535	1514
248701706	1514
248701889	1514
248743249	1514
248743559	1514
248743814	1514
248743988	1514
248744155	1514
248744331	1514
248744499	1514
248744669	1514
248744855	1514
248793098	1514
248793287	1514
248793465	1514
248793636	1514
248793872	1514
248794047	1514
248794216	1514
248794383	1514
248794549	1514
248835577	1514
248835758	1514
248835928	1514
248836099	1514
248836272	1514
248836441	1514
248836609	1514
248836854	1514
248837026	1514
248877611	1514
248877793	1514
248877960	1514
248878126	1514
248878295	1514
248878464	1514
248878668	1514
248878914	1514
248879107	1514
248879273	1514
248898488	1514
248898689	1514
248898882	1514
248899063	1514
248899231	1514
248899400	1514
248899571	1514
248899736	1514
248899915	1514
248900087	1514
248937683	1514
248937868	1514
248938040	1514
248938209	1514
248938397	1514
248938615	1514
248939090	1514
248939453	1514
248939969	1514
248940258	1514
249013921	1514
249014101	1514
249014333	1514
249014640	1514
249015177	1514
249015741	1514
249016434	1514
249017076	1514
249017289	1514
249017465	1514
249100440	1514
249100744	1514
249184670	1514
249184866	1514
253504228	1514
253569343	1514
253570227	1514
253641034	1514
253642141	1514
253642684	1514
253644222	540
253713817	1514
253714686	492
253716071	1514
253716980	455
253721854	1514
253722565	427
253797169	1514
253797712	1514
253798495	1514
253800050	1514
253803527	1514
253866578	1514
253867791	1514
253869329	1514
253870048	1514
253873210	1514
253873774	1514
253939160	1514
253941093	1514
253941760	1514
253942210	1514
253946135	1514
253946903	1514
253947981	1514
254011289	1514
254011922	1514
254012682	1514
254013601	1514
254029717	1514
254030617	1514
254072862	1514
254101007	1514
254101660	1514
254102086	1514
254102678	1514
254103805	1514
254124563	1514
254188892	1514
254190027	1514
254190571	1514
254192288	1514
254194569	1514
254196051	1514
254254498	1514
254270155	1514
254271639	1514
254272451	1514
254342033	1514
254354257	1514
254354736	1514
254355856	1514
254356110	1514
254386465	1514
254391584	1514
254391817	1514
254392007	1514
254392176	1514
254392346	1514
254405662	1514
254409291	1514
254409462	1514
254409659	1514
254409899	1514
254410187	1514
254421853	1514
254423641	1514
254423896	1514
254424102	1514
254424307	1514
254463415	1514
254463583	1514
254463772	1514
254463951	1514
254464121	1514
254464286	1514
254464451	1514
254520258	1514
254520500	1514
254520680	1514
254520858	1514
254521027	1514
254521195	1514
254521361	1514
254574005	1514
254574212	1514
254574381	1514
254574547	1514
254574790	1514
254574977	1514
254575147	1514
254619640	1514
254619870	1514
254620056	1514
254620238	1514
254620408	1514
254620575	1514
254620741	1514
254660017	1514
254660284	1514
254660472	1514
254660650	1514
254660821	1514
254661005	1514
254661175	1514
254704087	1514
254704259	1514
254704428	1514
254704593	1514
254704788	1514
254704954	1514
254705131	1514
254705297	1514
254747216	1514
254747537	1514
254747855	1514
254748146	1514
254748320	1514
254748486	1514
254748656	1514
254748825	1514
254789535	1514
254789706	1514
254789873	1514
254790060	1514
254790230	1514
254790398	1514
254790568	1514
254790795	1514
254829510	1514
254829682	1514
254829845	1514
254830062	1514
254830230	1514
254830397	1514
254830660	1514
254830886	1514
254869367	1514
254869686	1514
254870170	1514
254870380	1514
254870547	1514
254870780	1514
254870959	1514
254871213	1514
254880788	1514
254880956	1514
254881294	1514
254881464	1514
254881629	1514
254881795	1514
254881960	1514
254882215	1514
254924941	1514
254925200	1514
254925443	1514
254925658	1514
254925906	1514
254926181	1514
254926428	1514
254926755	1514
254978343	1514
254979219	1514
254979550	1514
254980138	1514
254980538	1514
254980747	1514
254980916	1514
254981097	1514
255038412	1514
255038827	1514
255039910	1514
255040104	1514
255040273	1514
255040441	1514
255040606	1514
255040811	1514
255040989	1514
255088387	1514
255089298	1514
255089602	1514
255090035	1514
255090248	1514
255090836	1514
255091118	1514
255091286	1514
255091601	1514
255150696	1514
255150973	1514
255151373	1514
255152074	1514
255152407	1514
255152579	1514
255152748	1514
255153047	1514
255153212	1514
255170505	1514
255170706	1514
255210791	1514
255210958	1514
255211142	1514
255211312	1514
255211717	1514
255212032	1514
255212204	1514
255212370	1514
255212535	1514
255264302	1514
255264472	1514
255264640	1514
255264805	1514
255264970	1514
255265183	1514
255265349	1514
255265523	1514
255265694	1514
255303718	1514
255304068	1514
255304234	1514
255304402	1514
255304575	1514
255304744	1514
255304910	1514
255305095	1514
255305259	1514
255345339	1514
255345508	1514
255345674	1514
255345838	1514
255346020	1514
255346187	1514
255346352	1514
255346522	1514
255346757	1514
255384451	1514
255384620	1514
255384799	1514
255384964	1514
255385270	1514
255385436	1514
255385600	1514
255385768	1514
255385933	1514
255414099	1514
255414280	1514
255414454	1514
255414648	1514
255414851	1514
255415035	1514
255415208	1514
255415377	1514
255415540	1514
255458879	1514
255459509	1514
255460070	1514
255460399	1514
255460832	1514
255461309	1514
255461588	1514
255462352	1514
255462530	1514
255462983	1514
255529071	1514
255529473	1514
255529907	1514
255530254	1514
255530945	1514
255531190	1514
255531363	1514
255531973	1514
255532195	1514
255532362	1514
255606991	1514
255607446	1514
255607736	1514
255607979	1514
255608181	1514
255608854	1514
255609078	1514
255609258	1514
255609424	1514
255609595	1514
255670364	1514
255670946	1514
255671201	1514
255671673	1514
255672106	1514
255672915	1514
255673260	1514
255673470	1514
255673816	1514
255673982	1514
255698368	1514
255698905	1514
255699272	1514
255725977	1514
255726421	1514
255727018	1514
255727350	1514
255727669	1514
255728091	1514
255728708	1514
255729089	1514
255729443	1514
255745087	1514
255745262	1514
255745430	1514
255745597	1514
255745763	1514
255791244	1514
255791429	1514
255791743	1514
255792182	1514
255792384	1514
255792565	1514
255833189	1514
255833631	1514
255833941	1514
255834278	1514
255834456	1514
255834807	1514
255878826	1514
255878997	1514
255879184	1514
255879967	1514
255880195	1514
255880364	1514
255925110	1514
255925291	1514
255925476	1514
255925657	1514
255925839	1514
255926025	1514
255939813	1514
255940100	1514
255940284	1514
255940460	1514
255940652	1514
255940830	1514
255941732	1514
255941954	1514
255991682	1514
255992136	1514
255992872	1514
255993332	1514
255993657	1514
255993972	1514
256044022	1514
256044202	1514
256044416	1514
256044593	1514
256044772	1514
256044949	1514
256045139	1514
256092241	1514
256092564	1514
256092920	1514
256093318	1514
256093494	1514
256093661	1514
256093844	1514
256131507	1514
256131782	1514
256131962	1514
256132135	1514
256132316	1514
256132491	1514
256132657	1514
256171988	1514
256172260	1514
256172429	1514
256172596	1514
256172763	1514
256172962	1514
256173140	1514
256207086	1514
256207315	1514
256207572	1514
256208059	1514
256208544	1514
256209020	1514
256209283	1514
256212633	1514
256212810	1514
256253871	1514
256254059	1514
256254225	1514
256254441	1514
256254650	1514
256254861	1514
256255048	1514
256302361	1514
256302531	1514
256302765	1514
256302949	1514
256303118	1514
256303462	1514
256303952	1514
256304236	1514
256346195	1514
256346368	1514
256346568	1514
256346827	1514
256347008	1514
256347242	1514
256347415	1514
256347730	1514
256391356	1514
256391619	1514
256391888	1514
256486084	1514
256486677	1514
256487046	1514
256487646	1514
256487950	1514
256488121	1514
256488291	1514
256488502	1514
256547011	1514
256547392	1514
256547984	1514
256548649	1514
256549037	1514
256549214	1514
256549383	1514
256549550	1514
256597605	1514
256598119	1514
256759343	1514
256759512	1514
256759677	1514
256759846	1514
256760031	1514
256760195	1514
256760357	1514
256760534	1514
256810207	1514
256810373	1514
256810538	1514
256810801	1514
256811046	1514
256811224	1514
256811512	1514
256811862	1514
256853468	1514
256853685	1514
257042447	1514
257042864	1514
257043165	1514
257043495	1514
257043741	1514
257043908	1514
257044084	1514
257044252	1514
257044418	1514
257122627	1514
257123118	1514
257123579	1514
257123928	1514
257124106	1514
257124272	1514
257124439	1514
257274199	1514
257274371	1514
257274535	1514
257274794	1514
257274972	1514
257275155	1514
257275463	1514
257275780	1514
257276002	1514
257316568	1514
257316737	1514
257316903	1514
257317084	1514
257317248	1514
257317412	1514
257317584	1514
257317786	1514
257317970	1514
257356362	1514
257356533	1514
257572697	1514
257573195	1514
257573818	1514
257574231	1514
257574836	1514
257575839	1514
257576150	1514
257576318	1514
257576485	1514
257640036	1514
257640204	1514
257640375	1514
257640543	1514
257640709	1514
257640878	1514
257641059	1514
257809848	1514
257810047	1514
257810213	1514
257810383	1514
257810547	1514
257810770	1514
257811176	1514
257811529	1514
257811897	1514
257857059	1514
257857230	1514
257857402	1514
257857568	1514
257857772	1514
257857940	1514
257858118	1514
257858284	1514
257858448	1514
257901535	1514
257901707	1514
258104225	1514
258104400	1514
258104568	1514
258104733	1514
258104898	1514
258105079	1514
258105244	1514
258105410	1514
258105576	1514
258105742	1514
258161353	1514
258161520	1514
258161690	1514
258162016	1514
258162799	1514
258163124	1514
258341171	1514
258341340	1514
258341507	1514
258341680	1514
258341864	1514
258342046	1514
258342215	1514
258342383	1514
258342574	1514
258342986	1514
258383771	1514
258383946	1514
258384119	1514
258384289	1514
258384456	1514
258384628	1514
258384798	1514
258384983	1514
258385152	1514
258385317	1514
258873373	1514
258873628	1514
258873795	1514
258873963	1514
258874145	1514
258874460	1514
258874665	1514
258875002	1514
258875173	1514
258875390	1514
258875559	1514
258921953	1514
258922140	1514
258922513	1514
258922717	1514
258923105	1514
259238687	1514
259240009	1514
259297572	1514
259338034	1514
261021272	1514
261068492	1514
261068893	1514
261118915	1514
261120102	1514
261120668	1514
261121452	1514
261168280	1514
261169081	1514
261169699	1514
261170508	1514
261170780	1514
261173779	1514
261224413	1514
261224781	1514
261225163	1514
261226472	1514
261227178	1514
261230804	1514
261282240	1514
261282859	1514
261283514	1514
261284042	1514
261284970	1514
261285621	1514
261286081	1514
261334657	1514
261345202	1514
261345628	1514
261346065	1514
261346495	1514
261346882	1514
261347628	1514
261379122	1514
261428160	1514
261428710	1514
261429163	1514
261429601	1514
261429962	1514
261430357	1514
261430835	1514
261458099	1514
261518461	1514
261519045	1514
261519897	1514
261520705	1514
261521584	1514
261522112	1514
261522478	1514
261523224	1514
261609910	1514
261716210	1514
263004771	1514
263056671	1514
263057705	1514
263118740	1514
263119757	1514
263120652	1514
263121345	1514
263177765	1514
263178695	1514
263179768	1514
263246470	1514
263308452	1514
263308734	1514
263309444	1514
263310218	1514
263311263	1514
263357993	1514
263358448	1514
263359785	1514
263360539	1514
263361887	1514
263362550	1514
263408823	1514
263412807	1514
263413203	1514
263413816	1514
263414449	1514
263414763	1514
263415733	1514
263460916	1514
263467247	1514
263467436	1514
263501559	1514
263502370	1514
263503375	1514
263504086	1514
263545967	1514
263546766	1514
263547704	1514
263548533	1514
263594957	1514
263595262	1514
263595818	1514
263636531	1514
263637378	1514
263637937	1514
263638209	1514
263693674	1514
263694009	1514
263694251	1514
263694431	1514
263694824	1514
263727988	1514
263728691	1514
263730216	1514
263785724	1514
263786362	1514
263786647	1514
263787685	1514
263788379	1514
263789237	1514
263817564	1514
263817842	1514
263866201	1514
263867269	1514
263867809	1514
263868259	1514
263868791	1514
263869329	1514
263869909	1514
263870239	1514
263946253	1514
263946560	1514
263946926	1514
263947430	1514
263947721	1514
263948106	1514
263948288	1514
263948511	1514
263972212	1514
263973735	1514
264019661	1514
264019848	1514
264020028	1514
264020234	1514
264020423	1514
264020617	1514
264020800	1514
264020973	1514
264096427	1514
264096603	1514
264096794	1514
264096972	1514
264097159	1514
264097356	1514
264097541	1514
264097770	1514
264097961	1514
264165060	1514
264165632	1514
264166028	1514
264166990	1514
264167431	1514
264167611	1514
264167808	1514
264167982	1514
264168187	1514
264270160	1514
264270701	1514
264272435	1514
264272799	1514
264273415	1514
264273854	1514
264274167	1514
264274498	1514
264275294	1514
264397790	1514
264398129	1514
264398326	1514
264398560	1514
264398699	1514
264398875	1514
264399008	1514
264399159	1514
264399293	1514
264514411	1514
264515179	1514
264516211	1514
264516844	1514
264517702	1514
264518430	1514
264518790	1514
264520218	1514
264520916	1514
264580015	1514
264580505	1514
264624063	1514
264624314	1514
264624775	1514
264625166	1514
264625388	1514
264625850	1514
264626094	1514
264653945	1514
264654434	1514
264695070	1514
264695300	1514
264695473	1514
264695699	1514
264695904	1514
264696368	1514
264696586	1514
264696797	1514
264697096	1514
264762110	1514
264762332	1514
264762911	1514
264764048	1514
264764600	1514
264765248	1514
264766400	1514
264766649	1514
264767478	1514
264791244	1514
264791427	1514
264791597	1514
264814466	1514
264815065	1514
264815446	1514
264815820	1514
264816551	1514
264816968	1514
264817403	1514
264818046	1514
264818800	1514
264819052	1514
264858554	1514
264858977	1514
264859323	1514
264860315	1514
264860540	1514
264861181	1514
264861368	1514
264861542	1514
264861839	1514
264862013	1514
264905199	1514
264905445	1514
264905668	1514
264905915	1514
264906178	1514
264906512	1514
264906882	1514
264907216	1514
264907518	1514
264907857	1514
264958490	1514
264958906	1514
264959386	1514
264960984	1514
264961612	1514
264961806	1514
264961993	1514
264962188	1514
264962440	1514
264962670	1514
265041546	1514
265041723	1514
265042057	1514
265042234	1514
265043175	1514
265043629	1514
265043966	1514
265044173	1514
265044364	1514
265044535	1514
265087200	1514
265087376	1514
265127264	1514
265128930	1514
265129931	1514
265165847	1514
265166085	1514
265167794	1514
265205808	1514
265207555	1514
265245975	1514
266481927	1514
266532039	1514
266532539	1514
266580956	1514
266582482	1514
266583593	1514
266584646	1514
266640683	1514
266642058	1514
266687524	1514
266688099	1514
266743305	1514
266795349	1514
269542527	1514
269634036	1514
269635763	1514
269733044	1514
269831462	1514
274020276	1514
274090227	1514
274091419	1514
274189118	1514
274190028	1514
274297474	1514
274299027	1514
275494668	1514
275564276	1514
275626824	1514
275627530	1514
276960199	1514
276993400	1514
276993767	1514
277022428	1514
277023292	1514
277023976	1514
277058515	1514
277059381	1514
277059908	1514
277060961	1514
277099033	1514
277099427	1514
277099661	1514
277099892	1514
277100317	1514
277134872	1514
277135290	1514
277136122	1514
277136905	1514
277137395	1514
277171985	1514
277172447	1514
277175958	1514
277176130	1514
277176302	1514
277176536	1514
277204821	1514
277205381	1514
277205863	1514
277206341	1514
277207198	1514
277207568	1514
277241193	1514
277241465	1514
277241638	1514
277243482	1514
277243651	1514
277243839	1514
277244024	1514
277308635	1514
277309023	1514
277309639	1514
277309998	1514
277310185	1514
277310360	1514
277310633	1514
277355321	1514
277355511	1514
277355679	1514
277355849	1514
277356014	1514
277356185	1514
277356343	1514
277401321	1514
277401586	1514
277401790	1514
277401985	1514
277402948	1514
277403767	1514
277404094	1514
277427570	1514
277427773	1514
277427960	1514
277428154	1514
277428340	1514
277428544	1514
277428728	1514
277519769	1514
277627638	1514
277628382	1514
279472896	1514
279517873	1514
279518472	1514
279575879	1514
279576750	1514
279577474	1514
279578145	1514
279644029	1514
279644800	1514
279645395	1514
279646129	1514
279647442	1514
279648242	1514
279731916	1514
279732624	1514
279732968	1514
279733721	1514
279734264	1514
279735905	1514
279879674	1514
279880617	1514
279881754	1514
279884696	1514
279885328	1514
279886039	1514
279888284	1514
279977485	1514
279977974	1514
279979945	1514
279982390	1514
279986137	1514
279986919	1514
280015604	1514
280054195	1514
280054383	1514
280055024	1514
280055595	1514
280056661	1514
280057368	1514
280057597	1514
280112952	1514
280113148	1514
280113343	1514
280113586	1514
280113936	1514
280115745	1514
280116822	1514
280117150	1514
280171850	1514
280172801	1514
280173141	1514
280174044	1514
280174659	1514
280175583	1514
280176068	1514
280176294	1514
280176974	1514
280222868	1514
280223168	1514
280223996	1514
280224681	1514
280249348	1514
280249544	1514
280249723	1514
280250376	1514
280251001	1514
280315368	1514
280315563	1514
280315781	1514
280315962	1514
280316215	1514
280316727	1514
280317131	1514
280317643	1514
280317998	1514
280375799	1514
280376611	1514
280377368	1514
280378282	1514
280378751	1514
280379541	1514
280379787	1514
280379961	1514
280380241	1514
280428360	1514
280428765	1514
280429173	1514
280429658	1514
280430007	1514
280430317	1514
280430499	1514
280430779	1514
280431094	1514
280515744	1514
280515947	1514
280516121	1514
280516312	1514
280516487	1514
280516686	1514
280516860	1514
280517092	1514
280517288	1514
280626594	1514
280626801	1514
280627231	1514
280627534	1514
280628050	1514
280628407	1514
280692115	1514
280692450	1514
280692764	1514
280741332	1514
280741892	1514
280742555	1514
280743855	1514
280880905	1514
280881647	1514
281988063	1514
282040361	1514
282041336	1514
282114392	1514
282186650	1514
283454374	1514
283485655	1514
283486578	1514
283535870	1514
283536480	1514
283538104	1514
283590177	1514
283590327	1514
283590473	1514
283641740	1514
283642518	1514
283644816	1514
283645465	1514
283729521	1514
283730610	1514
283731526	1514
283732355	1514
283733218	1514
283791237	1514
283794978	1514
283795533	1514
283796948	1514
283797873	1514
283798803	1514
283868362	1514
283871683	1514
283872356	1514
283873726	1514
283874482	1514
283900733	1514
283922423	1514
283923245	1514
283923872	1514
283924225	1514
283925471	1514
283972381	1514
283973105	1514
283992757	1514
283993158	1514
283993830	1514
283994203	1514
284040587	1514
284041233	1514
284041930	1514
284048612	1514
284049153	1514
284058954	1514
284059413	1514
284097015	1514
284097364	1514
284097554	1514
284097973	1514
284098217	1514
284104642	1514
284104969	1514
284133555	1514
284133750	1514
284133928	1514
284134190	1514
284167835	1514
284168041	1514
284168225	1514
284168775	1514
284169027	1514
284213882	1514
284214330	1514
284214506	1514
284215151	1514
284215776	1514
284253058	1514
284253553	1514
284253776	1514
284299636	1514
284300080	1514
284300897	1514
284301202	1514
284301498	1514
284302052	1514
284302634	1514
284315813	1514
284316127	1514
284393187	1514
284393375	1514
284393635	1514
284468974	1514
284469200	1514
284469380	1514
284502218	1514
285948981	1514
285993202	1514
285993650	1514
286058880	1514
286060563	1514
286060902	1514
286061941	1514
286130575	1514
286131139	1514
286133083	1514
286195678	1514
286196715	1514
286197407	1514
286197911	1514
286261802	1514
286262378	1514
288984048	1514
289049128	1514
289049988	1514
289117067	1514
289117710	1514
289119327	1514
289173339	1514
289174360	1514
289174966	1514
289206263	1514
289207317	1514
289207964	1514
289237421	1514
289269494	1514
289270169	1514
289270659	1514
289271816	1514
289272122	1514
289297876	1514
289298276	1514
289300333	1514
289300852	1514
289301371	1514
289301698	1514
289328001	1514
289328350	1514
289328613	1514
289328985	1514
289329505	1514
289330079	1514
289330631	1514
289355972	1514
289356441	1514
289356984	1514
289357419	1514
289358227	1514
289358569	1514
289359171	1514
289382179	1514
289382386	1514
289413038	1514
289413750	1514
289414043	1514
289414429	1514
289414609	1514
289415187	1514
289415783	1514
289483324	1514
289483682	1514
289483948	1514
289484190	1514
289484455	1514
289484714	1514
289485128	1514
289485423	1514
291500388	1514
291574003	1514
291645809	1514
295474926	1514
295523217	1514
295524114	1514
295573386	1514
295573828	1514
295574421	1514
295623144	1514
295623811	1514
295624071	1514
295624830	1514
295680919	1514
295681783	1514
295682841	1514
295683550	1514
295684822	1514
295751980	1514
295752965	1514
295761107	1514
295761447	1514
295762468	1514
295817290	1514
295817628	1514
295822027	1514
295822566	1514
295823862	1514
295824318	1514
295860734	1514
295861467	1514
295863072	1514
295863495	1514
295864324	1514
295865228	1514
295904652	1514
295904973	1514
295905208	1514
295911036	1514
295911437	1514
295912163	1514
295912614	1514
295941484	1514
295942033	1514
295950029	1514
295950397	1514
295951149	1514
295952157	1514
295994238	1514
295995069	1514
296000639	1514
296001170	1514
296040538	1514
296040843	1514
296041689	1514
296042082	1514
296100418	1514
296101114	1514
296101425	1514
296102140	1514
296142474	1514
296143599	1514
296144583	1514
296144866	1514
296166079	1514
296166354	1514
296166632	1514
296167552	1514
296234511	1514
296235061	1514
296235648	1514
296236460	1514
296236667	1514
296236988	1514
296237450	1514
296237894	1514
296332416	1514
296332672	1514
296333231	1514
296333573	1514
296334074	1514
296334357	1514
296335070	1514
296335617	1514
296421915	1514
296422408	1514
296422787	1514
296423553	1514
296423904	1514
296424941	1514
296425314	1514
296425778	1514
296476578	1514
296477107	1514
296529675	1514
296530282	1514
296531688	1514
296532149	1514
296532736	1514
296533398	1514
296533609	1514
296587579	1514
296635508	1514
296636265	1514
296636654	1514
296636918	1514
296637674	1514
296638638	1514
296639706	1514
296700998	1514
296705891	1514
296709563	1514
296710229	1514
296780284	1514
296790208	1514
296791200	1514
296797320	1514
296798125	1514
296858240	1514
296875311	1514
296876189	1514
296882481	1514
296883672	1514
296884412	1514
296936862	1514
296948288	1514
296949086	1514
296954454	1514
296955471	1514
296955986	1514
296956514	1514
297004898	1514
297061638	1514
297062396	1514
297064047	1514
297065014	1514
297065682	1514
297066287	1514
297136346	1514
297238189	1514
299026061	1514
299110403	1514
299112420	1514
299209249	1514
299209635	1514
299288142	1514
303009420	1514
303080252	1514
303158844	1514
304486843	1514
304536944	1514
304594092	1514
304594627	1514
307475673	1514
307525013	1514
307525813	1514
307590590	1514
309053601	1514
309185405	1514
309186614	1514
309327627	1514
309328888	1514
309413669	1514
309414550	1514
310497445	1514
310613336	1514
310614398	1514
310734125	1514
310735195	1514
310845968	1514
311990752	1514
312060866	1514
312129455	1514
312130177	1514
313485268	1514
313529879	1514
313530702	1514
313577710	1514
313578712	1514
313580462	1514
313637282	1514
313637864	1514
313638734	1514
313640097	1514
313709827	1514
313710776	1514
313712148	1514
313716130	1514
313775956	1514
313786069	1514
313787967	1514
313788758	1514
313840344	1514
313841132	1514
313897874	1514
313898136	1514
313898335	1514
313953700	1514
313954268	1514
313954727	1514
313955785	1514
314014886	1514
314015536	1514
314017435	1514
314018367	1514
314019517	1514
314078000	1514
314078303	1514
314078866	1514
314080117	1514
314080399	1514
314149248	1514
314149546	1514
314149806	1514
314150069	1514
314150263	1514
314150509	1514
314214231	1514
314214729	1514
314215400	1514
314215822	1514
314216012	1514
314253284	1514
314268066	1514
314268685	1514
314269307	1514
314270346	1514
314271477	1514
314310870	1514
314311946	1514
314321897	1514
314322350	1514
314322781	1514
314323639	1514
314352786	1514
314354182	1514
314354575	1514
314361259	1514
314361574	1514
314362290	1514
314362664	1514
314363031	1514
314384854	1514
314385476	1514
314389918	1514
314390212	1514
314432672	1514
314433133	1514
314433317	1514
314433564	1514
314433821	1514
314434066	1514
314434338	1514
314434520	1514
314504659	1514
314505297	1514
314505924	1514
314506209	1514
314506395	1514
314506995	1514
314507366	1514
314507751	1514
314564229	1514
314564427	1514
314643102	1514
314643278	1514
315964386	1514
315999563	1514
316000242	1514
316032639	1514
316033695	1514
316034268	1514
316035456	1514
316068697	1514
316069503	1514
316070317	1514
316075586	1514
316075812	1514
316076006	1514
316109748	1514
316110340	1514
316112055	1514
316113498	1514
316114459	1514
316115064	1514
316152612	1514
316152801	1514
316156473	1514
316156668	1514
316157164	1514
316157907	1514
316160730	1514
316186599	1514
316186972	1514
316188855	1514
316189628	1514
316193130	1514
316193307	1514
316226610	1514
316226985	1514
316227322	1514
316228485	1514
316228686	1514
316269493	1514
316269671	1514
316269848	1514
316298268	1514
316298955	1514
316299477	1514
316300838	1514
316301062	1514
316301280	1514
316338192	1514
316338387	1514
316338575	1514
316338956	1514
316339139	1514
316339340	1514
316339537	1514
316339737	1514
316381170	1514
316381666	1514
316383067	1514
316383752	1514
316384226	1514
316385744	1514
316385967	1514
316386183	1514
316437928	1514
316438877	1514
316439422	1514
316440410	1514
316440597	1514
316440830	1514
316441010	1514
316441169	1514
316528455	1514
316529511	1514
316529988	1514
316531074	1514
316532064	1514
316532294	1514
316532841	1514
316533138	1514
316629518	1514
316629897	1514
316630661	1514
316631516	1514
316632304	1514
316632525	1514
316632717	1514
316632899	1514
316701657	1514
316702717	1514
316703080	1514
316703457	1514
316704072	1514
316704757	1514
316704940	1514
316735018	1514
316735872	1514
316790336	1514
316791120	1514
316792066	1514
316792819	1514
316793464	1514
316794466	1514
316795170	1514
316795674	1514
316796192	1514
316875538	1514
316876269	1514
316876593	1514
316877182	1514
316877786	1514
316878210	1514
316878744	1514
316879450	1514
316879638	1514
316935748	1514
316936386	1514
316936978	1514
316937786	1514
316938358	1514
316939145	1514
316939633	1514
316939833	1514
316940008	1514
317037102	1514
317037620	1514
317038203	1514
317039970	1514
317040644	1514
317041548	1514
317042471	1514
317043300	1514
317043604	1514
317166137	1514
317166552	1514
317168593	1514
317169297	1514
317247995	1514
317248501	1514
317294441	1514
317296236	1514
317383584	1514
318514937	1514
318605922	1514
318607189	1514
318705098	1514
318706802	1514
318709505	1514
318710537	540
318794034	1514
318794839	1514
318797269	1514
318797926	1514
318898113	1514
318900022	1514
318900534	1514
318901019	1514
318901413	1514
318993996	1514
318994706	1514
318997651	1514
318998799	1514
318999693	1514
319000999	1514
319088731	1514
319089607	1514
319091241	1514
319091529	1514
319093498	1514
319093821	1514
319095318	1514
319177836	1514
319178524	1514
319180750	1514
319182828	1514
319184559	1514
319185478	1514
319225758	1514
319226612	1514
319297966	1514
319298629	1514
319300813	1514
319302758	1514
319304678	1514
319306212	1514
319343345	1514
319344147	1514
319399696	1514
319400288	1514
319403029	1514
319403634	1514
319404727	1514
319405251	1514
319430511	1514
319431135	1514
319431707	1514
319472379	1514
319473090	1514
319474355	1514
319475537	1514
319475817	1514
319476231	1514
319499818	1514
319500355	1514
319535952	1514
319537158	1514
319537558	1514
319539570	1514
319540346	1514
319541025	1514
319541603	1514
319561549	1514
319562214	1514
319590111	1514
319590438	1514
319591025	1514
319591278	1514
319591575	1514
319617427	1514
319617632	1514
319617800	1514
319617967	1514
319618139	1514
319659323	1514
319659754	1514
319660048	1514
319660443	1514
319660615	1514
319660781	1514
319660948	1514
319661126	1514
319661292	1514
319661469	1514
319720506	1514
319721071	1514
319721318	1514
319721582	1514
319721909	1514
319722092	1514
319722263	1514
319722481	1514
319722770	1514
319722978	1514
319779512	1514
319780014	1514
319780962	1514
319782452	1514
319782726	1514
319784119	1514
319784541	1514
319785004	1514
319785327	1514
319785516	1514
319829658	1514
319830301	1514
319830715	1514
319832067	1514
319832306	1514
319832650	1514
319832948	1514
319833123	1514
319833289	1514
319833472	1514
319883331	1514
319884120	1514
319884421	1514
319884723	1514
319885010	1514
319885593	1514
319885854	1514
319886019	1514
319886189	1514
319886359	1514
319945120	1514
319945586	1514
319946083	1514
319946875	1514
319947185	1514
319947664	1514
319947848	1514
319948085	1514
319948681	1514
319948855	1514
320002752	1514
320002938	1514
320003173	1514
320003901	1514
320004657	1514
320004917	1514
320005594	1514
320005960	1514
320006263	1514
320006442	1514
320070309	1514
320070845	1514
320072387	1514
320073449	1514
320074613	1514
320075699	1514
320075903	1514
320076305	1514
320076855	1514
320077650	1514
320077925	1514
320140183	1514
320140356	1514
320140609	1514
320140910	1514
320141288	1514
320141474	1514
320141640	1514
320141807	1514
320141980	1514
320142151	1514
320142320	1514
320194266	1514
320195017	1514
320195554	1514
320195772	1514
320196417	1514
320196802	1514
320197056	1514
320197229	1514
320197395	1514
320197578	1514
320197746	1514
320242421	1514
320243274	1514
320243468	1514
320243923	1514
320244838	1514
320245935	1514
320246341	1514
320246651	1514
320246974	1514
320247295	1514
320247785	1514
320255639	1514
320255872	1514
320283308	1514
320283708	1514
320283856	1514
320283997	1514
320284142	1514
320284282	1514
320284435	1514
320284576	1514
320284731	1514
320284876	1514
320285020	1514
320335598	1514
320335787	1514
320335975	1514
320336162	1514
320336338	1514
320336527	1514
320336702	1514
320336894	1514
320337066	1514
320337315	1514
320337523	1514
320377791	1514
320377973	1514
320378167	1514
320378358	1514
320378646	1514
320378906	1514
320379730	1514
320379953	1514
320380606	1514
320380788	1514
320380982	1514
320422192	1514
320422420	1514
320422605	1514
320422834	1514
320423057	1514
320423976	1514
320424546	1514
320424759	1514
320424941	1514
320425113	1514
320425299	1514
320499477	1514
320499997	1514
320500372	1514
320501278	1514
320501505	1514
320501681	1514
320501853	1514
320502041	1514
320502225	1514
320502404	1514
320502580	1514
320544284	1514
320544473	1514
320544668	1514
320544839	1514
320545025	1514
320545211	1514
320545402	1514
320545578	1514
320545776	1514
320546025	1514
320546217	1514
320617339	1514
320617531	1514
320617715	1514
320617885	1514
320618161	1514
320618354	1514
320618540	1514
320618975	1514
320619180	1514
320619368	1514
320619573	1514
320688561	1514
320688779	1514
320689699	1514
320690254	1514
320690451	1514
320690647	1514
320690897	1514
320691094	1514
320691269	1514
320691502	1514
320691695	1514
320691881	1276
320765274	1514
320766119	1514
320766339	1514
320766537	1514
320766906	1514
320767090	1514
320767802	1514
320768024	1514
320768542	1514
320768786	1514
320768961	1514
320769140	1514
320810819	1514
320811035	1514
320811211	1514
320811997	1514
320812561	1514
320812795	1514
320812973	1514
320813164	1514
320813339	1514
320813525	1514
320813700	1514
320813885	1514
320891643	1514
320891817	1514
320891991	1514
320892164	1514
320892353	1514
320892557	1514
320892743	1514
320892916	1514
320893087	1514
320893347	1514
320893532	1514
320893728	1514
320975485	1514
320976178	1514
320976947	1514
320977199	1514
320977431	1514
320977616	1514
320977814	1514
320977987	1514
320978165	1514
320978342	1514
320978537	1514
320978885	1514
321158242	1514
321159652	1514
321161117	1514
321162252	1514
321163729	1514
321258678	1514
321259740	1514
321287015	1514
321288117	1514
321288707	1514
321362094	1514
322461241	1514
322495161	1514
322495872	1514
322537445	1514
322537707	1514
322538269	1514
322539887	1514
322588979	1514
322589484	419
322590025	1514
322590491	397
322590704	1514
322591140	1514
322591954	1514
322592468	1514
322643414	1514
322644160	1514
322644705	1514
322645543	1514
322697510	1514
322698272	1514
322698481	1514
322699630	1514
322747365	1514
322748484	1514
322749470	1514
322754016	1514
322754262	1514
322788712	1514
322788973	1514
322789150	1514
322789830	1514
322790017	1514
322790286	1514
322819643	1514
322819905	1514
322820108	1514
322827484	1514
322827895	1514
322828276	1514
322897036	1514
322897254	1514
322897486	1514
322897713	1514
322897913	1514
322898080	1514
322950483	1514
322951847	1514
322952970	1514
322953819	1514
322953991	1514
322954418	1514
322955317	1514
323025383	1514
323026002	1514
323105381	1514
323201585	1514
323203572	1514
323266499	1514
323386151	1514
324939689	1514
329452821	1514
337458568	1514
