29632427	58
29670844	54
29923179	1514
29923746	1514
30026139	1514
30027502	1514
30108924	1514
30110476	1514
31158399	1514
31314793	1514
31317145	1514
31500977	1514
31502580	1514
31504536	1514
31631674	1514
31631895	1514
31632294	1514
31632541	1514
31700548	1514
31701545	1514
31702175	1514
31703618	1514
31704558	1514
31786330	1514
31787070	1514
31788299	1514
31788921	1514
31789359	1514
31860229	1514
31860769	1514
31861294	1514
31863741	1514
31864693	1514
31865312	1514
31939244	1514
31939708	1514
31940354	1514
31941401	1514
31941746	1514
31942140	1514
31974512	1514
32006139	1514
32008080	1514
32008900	1514
32009459	1514
32010510	1514
32011509	1514
32080769	1514
32081466	1514
32083536	1514
32084274	1514
32085608	1514
32086469	1514
32088009	1514
32157757	1514
32204924	1514
32206533	1514
32219157	1514
32220200	1514
32220917	1514
32221731	1514
32253452	1514
32320221	1514
32333299	1514
32334754	1514
32336038	1514
32347984	1514
32348941	1514
32350263	1514
32352340	1514
32405560	1514
32440635	1514
32443383	1514
32445966	1514
32448235	1514
32484940	1514
32486478	1514
32490459	1514
32558494	1514
32559850	1514
32578541	1514
32579842	1514
32581087	1514
32582055	1514
32589042	1514
32589635	1514
32658803	1514
32687136	1514
32688550	1514
32709203	1514
32710866	1514
32795778	1514
32796849	1514
32834356	1514
32835469	1514
32854206	1514
32855542	1514
32920456	1514
32921411	1514
32956026	1514
32957758	1514
32958563	1514
32972687	1514
32973791	1514
33022523	1514
33024590	1514
33065335	1514
33066126	1514
33067973	1514
33069257	1514
33072888	1514
33074365	1514
33120924	1514
33122375	1514
33169597	1514
33171175	1514
33172638	1514
33173973	1514
33174998	1514
33180391	1514
33181678	1514
33233421	1514
33235469	1514
33286256	1514
33287315	1514
33287650	1514
33288721	1514
33289148	1514
33290324	1514
33294299	1514
33295523	1514
33338497	1514
33339878	1514
33375914	1514
33376790	1514
33377380	1514
33378220	1514
33379369	1514
33380258	1514
33384909	1514
33385624	1514
33386153	1514
33429181	1514
33429962	1514
33463964	1514
33464544	1514
33465734	1514
33468320	1514
33469268	1514
33470205	1514
33471845	1514
33472406	1514
33473484	1514
33474451	1514
33514180	1514
33515662	1514
33537951	1514
33540157	1514
33540863	1514
33541743	1514
33542642	1514
33544619	1514
33545438	1514
33546297	1514
33547657	1514
33548280	1514
33549331	1514
33585162	1514
33586183	1514
33601870	1514
33602706	1514
33603987	1514
33604939	1514
33606044	1514
33607211	1514
33607665	1514
33608100	1514
33654547	1514
33654792	1514
33656007	1514
33656197	1514
33688784	1514
33689257	1514
33689976	1514
33690495	1514
33691990	1514
33692716	1514
33693475	1514
33693874	1514
33694459	1514
33763852	1514
33765221	1514
33802713	1514
33803951	1514
33804686	1514
33805214	1514
33806502	1514
33808921	1514
33809733	1514
33810471	1514
33892482	1514
33893219	1514
33894776	1514
33966055	1514
35162831	1514
35283750	1514
35284393	1514
35370636	1514
35371519	1514
35372790	1514
35373633	1514
35374795	1514
35378244	1514
35466244	1514
35466430	1514
35466757	1514
35467086	1514
35467429	1514
35511549	1514
35512219	1514
35512430	1514
35513413	1514
35514211	1514
35514472	1514
35563266	1514
35564207	1514
35565090	1514
35565606	1514
35565878	1514
35566578	1514
35567347	1514
35630032	1514
35630518	1514
35631282	1514
35631641	1514
35632349	1514
35632841	1514
35633505	1514
35719711	1514
35720716	1514
35721566	1514
35722052	1514
35760653	1514
35761309	1514
35761886	1514
35762383	1514
35836953	1514
35837555	1514
35837956	1514
35838273	1514
35849419	1514
35850404	1514
35850838	1514
35851902	1514
35908849	1514
35909370	1514
35909911	1514
35910737	1514
35914917	1514
35915690	1514
35963730	1514
35964471	1514
36013997	1514
36014294	1514
36014525	1514
36014753	1514
36014987	1514
36015419	1514
36066065	1514
36067730	1514
36068446	1514
36091722	1514
36092560	1514
36093114	1514
36093377	1514
36093889	1514
36095000	1514
36170301	1514
36171520	1514
36171953	1514
36172399	1514
36173139	1514
36174195	1514
36175242	1514
36175800	1514
36176307	1514
36274872	1514
36276145	1514
36276889	1514
36277416	1514
36277934	1514
36278171	1514
36278360	1514
36278591	1514
36279476	1514
36375491	1514
36376070	1514
36376457	1514
36376790	1514
36377031	1514
36377226	1514
36377455	1514
36377661	1514
36377847	1514
36473355	1514
36473849	1514
36474783	1514
36476141	1514
36477145	1514
36477728	1514
36478309	1514
36478804	1514
36479819	1514
36577419	1514
36578592	1514
36579755	1514
36580531	1514
36580830	1514
36581584	1514
36582007	1514
36582738	1514
36583686	1514
36646312	1514
36648046	1514
36684177	1514
36684715	1514
36685045	1514
36686126	1514
36686640	1514
36770191	1514
36771176	1514
36771622	1514
36834413	1514
38667380	1514
38766523	1514
38768419	1514
38799105	1514
38799655	1514
38827266	1514
38827549	1514
38845743	1514
38866789	1514
38867147	1514
42610268	1514
42679015	1514
42679573	1514
42773816	1514
42774145	1514
42807120	1514
44110059	1514
44144446	1514
44144955	1514
44199677	1514
44200481	1514
44201269	1514
44265413	1514
44266054	1514
44266884	1514
44267996	1514
44335573	1514
44336902	1514
44345981	1514
44346763	1514
44348791	1514
44427600	1514
44428344	1514
44433646	1514
44436122	1514
44436914	1514
44506216	1514
44507275	1514
44508274	1514
44509104	1514
44512623	1514
44513499	1514
44564901	1514
44566218	1514
44566997	1514
44568685	1514
44569096	1514
44569860	1514
44635142	1514
44635368	1514
44635545	1514
44635848	1514
44636169	1514
44636618	1514
44636993	1514
44701283	1514
44701692	1514
44702073	1514
44702564	1514
44703421	1514
44703800	1514
44756392	1514
44772077	1514
44772370	1514
44773135	1514
44773985	1514
44774653	1514
44775659	1514
44776228	1514
44846544	1514
44846890	1514
44848219	1514
44848652	1514
44849076	1514
44849757	1514
44850755	1514
44852047	1514
44926023	1514
44927524	1514
44928019	1514
44928664	1514
44945617	1514
44946088	1514
44947539	1514
44948305	1514
44949736	1514
45021331	1514
45021957	1514
45023595	1514
45024392	1514
45024747	1514
45025725	1514
45026193	1514
45026611	1514
45027058	1514
45110774	1514
45112238	1514
45112671	1514
45113107	1514
45113583	1514
45113764	1514
45114186	1514
45114436	1514
45114811	1514
45216201	1514
45217584	1514
45221697	1514
45222269	1514
45223623	1514
45224264	1514
45224660	1514
45225272	1514
45225823	1514
45359195	1514
45359532	1514
45359781	1514
45360026	1514
45360216	1514
45360400	1514
45360583	1514
45360779	1514
45360964	1514
45484146	1514
45485124	1514
45486425	1514
45487086	1514
45487861	1514
45488425	1514
45489116	1514
45489746	1514
45490959	1514
45549131	1514
45549994	1514
45551446	1514
45552195	1514
45552590	1514
45553057	1514
45553512	1514
45553700	1514
45553884	1514
45617206	1514
45617469	1514
45617754	1514
45618618	1514
45619841	1514
45620080	1514
45620389	1514
45620624	1514
45621314	1514
45713052	1514
45713582	1514
45713842	1514
45715091	1514
45715935	1514
45716551	1514
45717057	1514
45717341	1514
45717551	1514
45803014	1514
45803367	1514
45803784	1514
45804181	1514
45804484	1514
45805144	1514
45805870	1514
45806126	1514
45806405	1514
45807128	1514
45910341	1514
45924485	1514
45924811	1514
45925161	1514
45925357	1514
45925811	1514
45926187	1514
45926495	1514
45926669	1514
45984451	1514
45984899	1514
46043789	1514
46044101	1514
46044385	1514
46045053	1514
46045583	1514
46046696	1514
46104530	1514
46105261	1514
46107022	1514
46108183	1514
46109378	1514
46109673	1514
46202232	1514
46203301	1514
46204192	1514
46206147	1514
46210147	1514
46211092	1514
46211914	1514
46297655	1514
46297922	1514
46298255	1514
46333074	1514
46385900	1514
46387033	1514
46387711	1514
46439226	1514
46448398	1514
47644771	1514
47702334	1514
47702858	1514
47770585	1514
47773516	1514
47774283	1514
47774849	1514
47777594	1514
47904217	1514
47905013	1514
47905991	1514
52164469	1514
52228382	1514
52229155	1514
52293534	1514
52293727	1514
52293948	1514
52365639	1514
52366533	1514
52367927	1514
52368565	1514
52434027	1514
52434896	1514
52439850	1514
52440567	1514
52441389	1514
52502129	1514
52506623	1514
52513081	1514
52513762	1514
52514233	1514
52555735	1514
52556856	1514
52560929	1514
52561549	1514
52562015	1514
52562524	1514
52597223	1514
52597793	1514
52601841	1514
52602305	1514
52602480	1514
52602966	1514
52645018	1514
52645468	1514
52646048	1514
52648016	1514
52648402	1514
52648817	1514
52692193	1514
52700167	1514
52700603	1514
52700775	1514
52701057	1514
52701294	1514
52701782	1514
52751404	1514
52751689	1514
52752158	1514
52753035	1514
52753539	1514
52754005	1514
52754532	1514
52850232	1514
52850475	1514
52850830	1514
52851171	1514
52902276	1514
52962191	1514
52963588	1514
54118058	1514
54155590	1514
54156373	1514
54204282	1514
54204842	1514
54215689	1514
54215866	1514
54216223	1514
54272552	1514
54272731	1514
54272908	1514
54273242	1514
54332117	1514
54332639	1514
54333216	1514
54333871	1514
54395130	1514
54396405	1514
54397484	1514
54398361	1514
54399281	1514
54458059	1514
54458356	1514
54458775	1514
54460508	1514
54461279	1514
54462302	1514
54515785	1514
54516501	1514
54516924	1514
54520547	1514
54520779	1514
54557450	1514
54569100	1514
54569458	1514
54569668	1514
54569995	1514
54570455	1514
54606803	1514
54607815	1514
54613340	1514
54614159	1514
54614792	1514
54616364	1514
54648556	1514
54648737	1514
54657340	1514
54657616	1514
54658104	1514
54659607	1514
54701509	1514
54702792	1514
54704153	1514
54708239	1514
54708417	1514
54708594	1514
54708771	1514
54758180	1514
54806323	1514
54807740	1514
54808755	1514
54809081	1514
54809846	1514
54810612	1514
54811229	1514
54870331	1514
54892022	1514
54892225	1514
54893160	1514
54893587	1514
54894196	1514
54894812	1514
54895794	1514
54961694	1514
54962444	1514
54963434	1514
54963844	1514
54964368	1514
54964813	1514
54965088	1514
54965344	1514
55053870	1514
55054847	1514
55056065	1514
55056987	1514
55057274	1514
55057793	1514
55058301	1514
55058893	1514
55059112	1514
55154309	1514
55156169	1514
55157130	1514
55158001	1514
55158790	1514
55258251	1514
55258656	1514
55259643	1514
55260456	1514
55260998	1514
55326260	1514
57156534	1514
57233136	1514
57332324	1514
57333933	1514
61148793	1514
69159980	1514
69249180	1514
69250047	1514
69323422	1514
69323990	1514
69324331	1514
69400536	1514
69401446	1514
69402089	1514
69403285	1514
69513431	1514
69514231	1514
69515825	1514
69516647	1514
69649988	1514
69652797	1514
69654781	1514
69657521	1514
69758675	1514
69759948	1514
69838555	1514
69839754	1514
69840289	1514
69922078	1514
69922881	1514
69924053	1514
69924865	1514
69999128	1514
69999946	1514
70000993	1514
70001276	1514
70002208	1514
70068390	1514
70068779	1514
70069447	1514
70069943	1514
70071097	1514
70142731	1514
70143430	1514
70143621	1514
70144431	1514
70144858	1514
70145596	1514
70213085	1514
70213523	1514
70213978	1514
70214616	1514
70215049	1514
70215754	1514
70274490	1514
70275692	1514
70276283	1514
70277030	1514
70278119	1514
70281186	1514
70281627	1514
70334278	1514
70335511	1514
70336579	1514
70337547	1514
70339770	1514
70340356	1514
70373941	1514
70389211	1514
70389735	1514
70390501	1514
70391535	1514
70392620	1514
70393809	1514
70394251	1514
70449405	1514
70450298	1514
70451281	1514
70451672	1514
70452183	1514
70452818	1514
70455107	1514
70455994	1514
70504640	1514
70505602	1514
70546113	1514
70546704	1514
70548000	1514
70548636	1514
70549054	1514
70549598	1514
70610382	1514
70611356	1514
70612487	1514
70646317	1514
70647161	1514
70647785	1514
70648791	1514
70649415	1514
70649837	1514
70730467	1514
70731713	1514
70732547	1514
70733317	1514
70774129	1514
70774939	1514
70775682	1514
70776771	1514
70777428	1514
70843267	1514
70844150	1514
70844911	1514
70845504	1514
70869501	1514
70870318	1514
70870759	1514
70871405	1514
70912844	1514
70913246	1514
70913920	1514
70914434	1514
70949092	1514
70949526	1514
70949856	1514
70951034	1514
70953682	1514
70985824	1514
70986198	1514
70988409	1514
70989307	1514
70989784	1514
71025859	1514
71026433	1514
71028210	1514
71028978	1514
71030007	1514
71070633	1514
71070911	1514
71071269	1514
71072813	1514
71073518	1514
71074379	1514
71113941	1514
71114852	1514
71115373	1514
71115659	1514
71127487	1514
71159174	1514
71160261	1514
71195180	1514
71209540	1514
71209734	1514
71264379	1514
73177227	1514
73294570	1514
73296450	1514
73382981	1514
73383341	1514
73383892	1514
73385763	1514
73469621	1514
73472221	1514
73473258	1514
73473753	1514
73476612	1514
73552250	1514
73552630	1514
73553717	1514
73554090	1514
73554391	1514
73629677	1514
73630737	1514
73632133	1514
73632338	1514
73632841	1514
73633623	1514
73698396	1514
73699557	1514
73699807	1514
73700228	1514
73700996	1514
73701457	1514
73702143	1514
73749455	1514
73750094	1514
73750522	1514
73750977	1514
73751378	1514
73752592	1514
73753075	1514
73793549	1514
73802567	1514
73804353	1514
73805244	1514
73805478	1514
73805657	1514
73806122	1514
73845929	1514
73855909	1514
73856609	1514
73857049	1514
73857291	1514
73857802	1514
73858574	1514
73859421	1514
73904130	1514
73909593	1514
73910190	1514
73910370	1514
73911306	1514
73945577	1514
73945863	1514
73946262	1514
73946707	1514
73977182	1514
73977702	1514
73978107	1514
73978476	1514
73979625	1514
74003543	1514
74004511	1514
74004890	1514
74005558	1514
74005797	1514
74092661	1514
74093566	1514
74094164	1514
74094666	1514
74095199	1514
74095486	1514
74095836	1514
74096447	1514
74096885	1514
74217112	1514
74218179	1514
74221259	1514
74225548	1514
74226701	1514
74229710	1514
74230837	1514
74234782	1514
74236962	1514
74357815	1514
74358826	1514
74473889	1514
74474915	1514
74476562	1514
74567300	1514
76120068	1514
76176313	1514
76262183	1514
76263582	1514
79120618	1514
79189355	1514
79189887	1514
79289651	1514
79292587	1514
79293637	1514
79452095	1514
79453528	1514
79454346	1514
79533212	1514
79534102	1514
79537748	1514
79539363	1514
79629458	1514
79630152	1514
79630720	1514
79631570	1514
79632916	1514
79703798	1514
79704138	1514
79704346	1514
79704616	1514
79704884	1514
79705216	1514
79777843	1514
79778274	1514
79778734	1514
79779174	1514
79780707	1514
79781723	1514
79849879	1514
79850616	1514
79851959	1514
79852504	1514
79852720	1514
79853444	1514
79854003	1514
79919693	1514
79920447	1514
79921270	1514
79922477	1514
79922761	1514
79924428	1514
79962553	1514
79982240	1514
79983840	1514
79991285	1514
79991689	1514
79991880	1514
79992315	1514
79992655	1514
80061305	1514
80062115	1514
80063327	1514
80063709	1514
80064346	1514
80065337	1514
80065808	1514
80066622	1514
80122077	1514
80123994	1514
80124827	1514
80125776	1514
80157896	1514
80158543	1514
80159484	1514
80159742	1514
80228478	1514
80228865	1514
80229389	1514
80229796	1514
80271938	1514
80272712	1514
80273484	1514
80360875	1514
80361757	1514
80362553	1514
80367709	1514
80439817	1514
81639134	1514
81721438	1514
81821148	1514
81822254	1514
81824244	1514
81940261	1514
81941875	1514
81943929	1514
82101870	1514
82104261	1514
82105479	1514
82106482	1514
82266050	1514
82267617	1514
82268721	1514
82269995	1514
82368296	1514
82369379	1514
82481821	1514
82482109	1514
82578791	1514
82579477	1514
82581952	1514
82692030	1514
82693014	1514
82695681	1514
82696139	1514
82810089	1514
82810583	1514
82811334	1514
82812630	1514
82814442	1514
82941363	1514
82941821	1514
82942338	1514
82943953	1514
82945014	1514
83060621	1514
83061390	1514
83062220	1514
83063990	1514
83064406	1514
83065729	1514
83211807	1514
83213544	1514
83215977	1514
83217489	1514
83219030	1514
83220205	1514
83345374	1514
83346311	1514
83348015	1514
83350242	1514
83448487	1514
83448959	1514
83539788	1514
85122263	1514
85204458	1514
85274570	1514
85275409	1514
85276017	1514
85352486	1514
85353096	1514
85353856	1514
85418309	1514
85419228	1514
85419813	1514
85420402	1514
85488004	1514
85488970	1514
85490491	1514
85494709	1514
85496600	1514
85618323	1514
85622143	1514
85624736	1514
85625358	1514
85625863	1514
85651051	1514
85716639	1514
85717254	1514
85719821	1514
85720195	1514
85729493	1514
85730055	1514
85792670	1514
85793196	1514
85794100	1514
85794861	1514
85795537	1514
85799623	1514
85800263	1514
85860149	1514
85861001	1514
85861358	1514
85862132	1514
85864257	1514
85864849	1514
85899532	1514
85922573	1514
85923633	1514
85924189	1514
85924858	1514
85926418	1514
85926791	1514
85927668	1514
85990690	1514
85991879	1514
85994110	1514
85996121	1514
85998130	1514
85998694	1514
85999493	1514
86000369	1514
86065925	1514
86066210	1514
86066583	1514
86067899	1514
86068760	1514
86069466	1514
86105894	1514
86106143	1514
86168200	1514
86168516	1514
86193364	1514
86194257	1514
86265186	1514
88627396	1514
88699381	1514
88700328	1514
88777971	1514
88780317	1514
88781360	1514
88861083	1514
88862027	1514
88930245	1514
88931171	1514
88931977	1514
88983464	1514
89043866	1514
89044199	1514
89044827	1514
89045605	1514
89046446	1514
89112158	1514
89113075	1514
89113898	1514
89172776	1514
89257861	1514
90619569	1514
90693181	1514
90693977	1514
90774007	1514
90774679	1514
90849945	1514
90850409	1514
90852799	1514
90933946	1514
91001074	1514
91001630	1514
91002368	1514
91003672	1514
91004166	1514
91055932	1514
91056630	1514
91057626	1514
91058582	1514
91061073	1514
91062001	1514
91126434	1514
91127189	1514
91128468	1514
91128960	1514
91129526	1514
91130605	1514
91132373	1514
91190807	1514
91192100	1514
91193267	1514
91193992	1514
91194967	1514
91197059	1514
91197588	1514
91272049	1514
91272232	1514
91272522	1514
91272709	1514
91272881	1514
91273168	1514
91273788	1514
91308573	1514
91331622	1514
91332748	1514
91333551	1514
91334154	1514
91334774	1514
91335680	1514
91373483	1514
91373788	1514
91394300	1514
91396645	1514
91397512	1514
91398326	1514
91429479	1514
91429652	1514
91429836	1514
91430152	1514
91461721	1514
91462381	1514
91462840	1514
91463800	1514
91464487	1514
91516181	1514
91516790	1514
91517482	1514
91518352	1514
91519942	1514
91533354	1514
91533642	1514
91533884	1514
91534216	1514
91637686	1514
91639846	1514
91641026	1514
91644464	1514
91645820	1514
91647996	1514
91649168	1514
91649706	1514
91650379	1514
91800889	1514
91802106	1514
91802793	1514
91805926	1514
91806770	1514
91807491	1514
91808092	1514
91808742	1514
91809347	1514
91901457	1514
91904666	1514
91921073	1514
91921249	1514
91921428	1514
91921664	1514
91921854	1514
91922111	1514
91922288	1514
91983521	1514
91984412	1514
91985723	1514
91987572	1514
91988414	1514
91989275	1514
91989703	1514
91990082	1514
91990260	1514
92054082	1514
92054271	1514
92054628	1514
92056465	1514
92057403	1514
92057873	1514
92059130	1514
92059293	1514
92059565	1514
92151555	1514
92152322	1514
92153342	1514
92154194	1514
92154959	1514
92156351	1514
92156877	1514
92157284	1514
92157847	1514
92158361	1514
92258593	1514
92259300	1514
92259828	1514
92260399	1514
92261019	1514
92261211	1514
92261673	1514
92262269	1514
92263113	1514
92263311	1514
92372536	1514
92373462	1514
92374228	1514
92375054	1514
92376286	1514
92377200	1514
92377863	1514
92378510	1514
92379332	1514
92380031	1514
92495463	1514
92496205	1514
92497062	1514
92497966	1514
92498468	1514
92498861	1514
92499489	1514
92499672	1514
92499869	1514
92500134	1514
92618202	1514
92618724	1514
92619999	1514
92620511	1514
92621246	1514
92621708	1514
92622230	1514
92622686	1514
92623246	1514
92623563	1514
92704122	1514
92704862	1514
92738214	1514
92739978	1514
92740508	1514
92741322	1514
92741933	1514
92742328	1514
92742813	1514
92743679	1514
92826635	1514
92827813	1514
92828480	1514
92865059	1514
92867561	1514
92868966	1514
92869465	1514
92870111	1514
92870824	1514
92873560	1514
92925249	1514
92925878	1514
92961775	1514
92962267	1514
92963349	1514
93000995	1514
93001709	1514
93002066	1514
93003761	1514
93052107	1514
93052680	1514
93054039	1514
93081446	1514
93082440	1514
93121116	1514
93121936	1514
93122553	1514
93122990	1514
93135566	1514
93193667	1514
93195040	1514
93196736	1514
93259126	1514
93325765	1514
93325940	1514
93326280	1514
93326486	1514
93327419	1514
93328202	1514
93398749	1514
93399833	1514
93400426	1514
93401697	1514
93403491	1514
93404307	1514
93405094	1514
93477276	1514
93477898	1514
93478659	1514
93480079	1514
93480948	1514
93482014	1514
93482350	1514
93482740	1514
93541736	1514
93579862	1514
93580954	1514
93582292	1514
93583663	1514
93585192	1514
93585709	1514
93586096	1514
93649880	1514
93690221	1514
93692321	1514
93693671	1514
93694436	1514
93696878	1514
93698655	1514
93704862	1514
93829020	1514
93852712	1514
93853876	1514
93854910	1514
93855876	1514
93856604	1514
93857130	1514
93857779	1514
93947959	1514
93948480	1514
93949125	1514
93949721	1514
93950377	1514
93951042	1514
93951695	1514
93952256	1514
94022959	1514
94023622	1514
94063658	1514
94064106	1514
94064957	1514
94065403	1514
94065951	1514
94066248	1514
94066592	1514
94134202	1514
94134714	1514
94175203	1514
94175658	1514
94176092	1514
94203621	1514
94204315	1514
94231758	1514
94232371	1514
94260446	1514
94284804	1514
96049385	1514
96052197	1514
96052387	1514
96054500	1514
96055006	1514
96055457	1514
96056089	1514
96056487	1514
96062111	1514
96062293	1514
96062477	1514
96062716	1514
96065091	1514
96065760	1514
96066340	1514
96067138	1514
96067474	1514
96074559	1514
96075473	1514
96076136	1514
96076772	1514
96077703	1514
96083675	1514
96084038	1514
96084432	1514
96085119	1514
96118211	1514
96118616	1514
96119309	1514
96119991	1514
96120283	1514
96120864	1514
96156329	1514
96156605	1514
96156787	1514
96156964	1514
96157172	1514
96157356	1514
96201970	1514
96202170	1514
96202359	1514
96202623	1514
96202866	1514
96203050	1514
96240355	1514
96240685	1514
96240864	1514
96241044	1514
96241253	1514
96241574	1514
96241915	1514
96272779	1514
96273150	1514
96273333	1514
96273513	1514
96273690	1514
96273879	1514
96274071	1514
96312153	1514
96312519	1514
96312703	1514
96312884	1514
96313063	1514
96313253	1514
96313441	1514
96352544	1514
96352822	1514
96353004	1514
96353194	1514
96353377	1514
96353560	1514
96353743	1514
96396751	1514
96397033	1514
96397514	1514
96397695	1514
96397872	1514
96398054	1514
96398262	1514
96438478	1514
96438767	1514
96438993	1514
96439191	1514
96439378	1514
96439554	1514
96439907	1514
96484136	1514
96484318	1514
96484501	1514
96484683	1514
96484865	1514
96485043	1514
96485236	1514
96528190	1514
96528410	1514
96528997	1514
96529192	1514
96529369	1514
96529546	1514
96529723	1514
96539097	1514
96539460	1514
96539641	1514
96539818	1514
96540002	1514
96540198	1514
96540381	1514
96540557	1514
96610324	1514
96610850	1514
96611661	1514
96612005	1514
96612382	1514
96612857	1514
96613434	1514
96613652	1514
96688674	1514
96762040	1514
98090460	1514
98149180	1514
98150236	1514
98208102	1514
98208827	1514
98209455	1514
98210293	1514
98276722	1514
98277333	1514
98278266	1514
98280252	1514
98281206	1514
98282393	1514
98353323	1514
98353764	1514
98354554	1514
98356074	1514
98356638	1514
98422588	1514
98424161	1514
98424792	1514
98432196	1514
98432412	1514
98494710	1514
98499559	1514
98500438	1514
98549837	1514
98550591	1514
98558389	1514
98558667	1514
98601002	1514
98602043	1514
98611337	1514
98611529	1514
98611701	1514
98662076	1514
98662690	1514
98666112	1514
98666836	1514
98668388	1514
98668949	1514
98741682	1514
98742273	1514
98742790	1514
98744436	1514
98744829	1514
98772862	1514
98813395	1514
98814129	1514
98814459	1514
98814924	1514
98816279	1514
98841309	1514
98841573	1514
98885948	1514
98886264	1514
98905324	1514
98905803	1514
98918365	1514
98922293	1514
98922471	1514
98922625	1514
98934149	1514
98937805	1514
100092423	1514
100154681	1514
100156030	1514
100232545	1514
100233108	1514
100234250	1514
100291183	1514
100291606	1514
100292015	1514
100292571	1514
100336993	1514
100337938	1514
100339406	1514
100339884	1514
100340341	1514
100390517	1514
100393647	1514
100394264	1514
100394920	1514
100396233	1514
100446074	1514
100447416	1514
100447906	1514
100449225	1514
100450244	1514
100453109	1514
100511495	1514
100512877	1514
100518354	1514
100518933	1514
100519360	1514
100519781	1514
100563697	1514
100564185	1514
100564549	1514
100569242	1514
100569646	1514
100570081	1514
100570526	1514
100620940	1514
100621307	1514
100621654	1514
100622150	1514
100622596	1514
100624636	1514
100661158	1514
100681057	1514
100682454	1514
100684273	1514
100684617	1514
100684877	1514
100746179	1514
100747261	1514
100748068	1514
100803493	1514
100859806	1514
100860596	1514
100861173	1514
100929379	1514
100937197	1514
102099221	1514
102145061	1514
102145410	1514
102196536	1514
102196912	1514
102197399	1514
102198014	1514
102247910	1514
102248623	1514
103657245	1514
103806848	1514
103808409	1514
103941465	1514
103942531	1514
104052451	1514
105201276	1514
105328483	1514
105329706	1514
105487300	1514
106637050	1514
109548429	1514
109579625	1514
109579911	1514
109636876	1514
109638036	1514
109638673	1514
109702589	1514
109705007	1514
109705615	1514
109706562	1514
109774722	1514
109775045	1514
109775286	1514
109829158	1514
109896106	1514
109897360	1514
109897763	1514
109933957	1514
109970914	1514
109971258	1514
109972279	1514
109973158	1514
110004434	1514
110004710	1514
110033329	1514
110033788	1514
110034633	1514
110067336	1514
110067639	1514
110069144	1514
110069428	1514
110112040	1514
110112537	1514
110113291	1514
110113711	1514
110113948	1514
110183894	1514
110184830	1514
110185293	1514
110186477	1514
110188022	1514
110342928	1514
110343806	1514
110344955	1514
110466421	1514
110467194	1514
110500044	1514
110567521	1514
110635541	1514
112069708	1514
112116542	1514
112117216	1514
112171755	1514
112228209	1514
113548299	1514
113587555	1514
113588313	1514
113635253	1514
113636144	1514
113636476	1514
113689977	1514
113690272	1514
113691506	1514
113749256	1514
113750108	1514
113751363	1514
113752024	1514
113802062	1514
113812951	1514
113813152	1514
113813319	1514
113851573	1514
113861143	1514
113861351	1514
113906398	1514
113907180	1514
113954413	1514
113954642	1514
113981811	1514
118090915	1514
118154279	1514
118156937	1514
118230841	1514
118231429	1514
118299728	1514
118300335	1514
119539372	1514
119552629	1514
119553583	1514
119581492	1514
119583392	1514
119584419	1514
119627626	1514
119628039	1514
119628219	1514
119628603	1514
119661344	1514
119661534	1514
119661756	1514
119661938	1514
119662315	1514
119696695	1514
119696877	1514
119697148	1514
119697489	1514
119698207	1514
119729667	1514
119729860	1514
119730080	1514
119731044	1514
119736638	1514
119737123	1514
119764310	1514
119764708	1514
119765173	1514
119765422	1514
119776193	1514
119776796	1514
119800566	1514
119801021	1514
119801355	1514
119807437	1514
119807679	1514
119809562	1514
119809754	1514
119856065	1514
119857644	1514
119909269	1514
119909965	1514
119910494	1514
119911060	1514
119911598	1514
119959409	1514
119959611	1514
120025537	1514
120025724	1514
120025885	1514
120026103	1514
120026363	1514
120038434	1514
120039089	1514
120123440	1514
120123738	1514
120124423	1514
120125356	1514
120125648	1514
120125979	1514
120126347	1514
120126527	1514
120228233	1514
120228958	1514
120229721	1514
120230252	1514
120230793	1514
120232164	1514
120232750	1514
120233168	1514
120293720	1514
120294543	1514
120295339	1514
120296205	1514
120296820	1514
120297251	1514
120297860	1514
120298311	1514
120387291	1514
120387676	1514
120388103	1514
120388364	1514
120388537	1514
120388810	1514
120388982	1514
120389194	1514
120464612	1514
120465575	1514
120466370	1514
120467350	1514
120467715	1514
120468055	1514
120468626	1514
120468816	1514
120537768	1514
120539181	1514
120539778	1514
120540268	1514
120540560	1514
120541239	1514
120541704	1514
120542115	1514
120621818	1514
120622618	1514
120623048	1514
120624024	1514
120624912	1514
120625328	1514
120625581	1514
120626217	1514
120722093	1514
120722508	1514
120723577	1514
120723977	1514
120724468	1514
120724731	1514
120724918	1514
120725111	1514
120836047	1514
120836705	1514
120837605	1514
120838149	1514
120838616	1514
120839840	1514
120840663	1514
120841013	1514
120841386	1514
120908240	1514
120908679	1514
120938930	1514
120939618	1514
120940064	1514
120940667	1514
120941645	1514
120941966	1514
120942679	1514
120997234	1514
120997826	1514
120998330	1514
121036138	1514
121037018	1514
121037551	1514
121038130	1514
121039687	1514
121040413	1514
121086645	1514
121087725	1514
121088223	1514
121132550	1514
121133178	1514
121133844	1514
121134036	1514
121134222	1514
121134392	1514
121185152	1514
121185980	1514
121186693	1514
121293169	1514
121293678	1514
121293943	1514
121294126	1514
121393002	1514
123105922	1514
123184081	1514
123185146	1514
123329314	1514
123330836	1514
127099414	1514
127181027	1514
127181576	1514
127276687	1514
127277182	1514
127277698	1514
127347439	1514
127348876	1514
127351243	1514
127433360	1514
127433696	1514
127434569	1514
127435273	1514
127491447	1514
127492703	1514
127496676	1514
127497711	1514
127498900	1514
127618219	1514
127621273	1514
127633362	1514
127634195	1514
127635023	1514
127745635	1514
127752454	1514
127761392	1514
127770132	1514
127772202	1514
127830596	1514
127891702	1514
127892356	1514
127898296	1514
127899001	1514
127930111	1514
127931832	1514
127964933	1514
127980721	1514
127981255	1514
127981924	1514
127983596	1514
128030582	1514
128035868	1514
128123421	1514
128124779	1514
128125940	1514
128128514	1514
128166903	1514
128192743	1514
128194612	1514
128195486	1514
128243488	1514
128243913	1514
128245118	1514
128246062	1514
128291462	1514
128292223	1514
128293205	1514
128294178	1514
128351840	1514
128352142	1514
128352564	1514
128352828	1514
128388514	1514
128389243	1514
128392265	1514
128393033	1514
128393296	1514
128416487	1514
128418032	1514
128418631	1514
128419692	1514
128458399	1514
128459279	1514
128460364	1514
128461197	1514
128489382	1514
128490404	1514
128491211	1514
128493502	1514
128533796	1514
128536539	1514
128536788	1514
128537042	1514
128538421	1514
128539239	1514
128569177	1514
128569407	1514
128570214	1514
128571320	1514
128620415	1514
128620766	1514
128621588	1514
128621797	1514
128642021	1514
128642255	1514
128675966	1514
128676602	1514
128677497	1514
128692082	1514
128692837	1514
128748394	1514
128769890	1514
128818519	1514
128818752	1514
128821110	1514
128821587	1514
128822973	1514
128845863	1514
128890259	1514
128891474	1514
128891847	1514
128892670	1514
128893038	1514
128923004	1514
128923877	1514
128964196	1514
128964959	1514
128965618	1514
128965981	1514
128966477	1514
128991415	1514
128993076	1514
128994460	1514
129041888	1514
129042446	1514
129043616	1514
129044621	1514
129044962	1514
129053671	1514
129053922	1514
129093427	1514
129127752	1514
129128385	1514
129128872	1514
129129307	1514
129129969	1514
129130557	1514
129131546	1514
129190831	1514
129191923	1514
129236718	1514
129237595	1514
129238494	1514
129239069	1514
129239880	1514
129240331	1514
129285196	1514
129285778	1514
129292322	1514
129293009	1514
129293735	1514
129294187	1514
129294538	1514
129343985	1514
129344767	1514
129373068	1514
129373636	1514
129374221	1514
129375320	1514
129376077	1514
129376425	1514
129376609	1514
129432103	1514
129432420	1514
129432700	1514
129433174	1514
129433452	1514
129433723	1514
129433923	1514
129434097	1514
129486014	1514
129539620	1514
129540012	1514
129540664	1514
129541044	1514
129541258	1514
129541861	1514
129542168	1514
129542492	1514
129598623	1514
129679664	1514
129679986	1514
129680984	1514
129681359	1514
129682182	1514
129684833	1514
129685690	1514
129686356	1514
129748049	1514
129799446	1514
129800342	1514
129802427	1514
129803200	1514
129803391	1514
129803858	1514
129804104	1514
129804795	1514
129872682	1514
129873813	1514
129925671	1514
129927625	1514
129928337	1514
129928995	1514
129929511	1514
129930254	1514
129930994	1514
129931479	1514
129998169	1514
129999038	1514
130052550	1514
130053609	1514
130054345	1514
130055561	1514
130055946	1514
130056653	1514
130057241	1514
130057522	1514
130112077	1514
130112329	1514
130135352	1514
130135950	1514
130136668	1514
130137614	1514
130138239	1514
130138448	1514
130138628	1514
130139067	1514
130188363	1514
130189381	1514
130190011	1514
130190294	1514
130191235	1514
130191436	1514
130191768	1514
130191957	1514
130192642	1514
130193432	1514
130287993	1514
130288199	1514
130288781	1514
130289080	1514
130289944	1514
130290419	1514
130290834	1514
130291604	1514
130292089	1514
130292552	1514
130381633	1514
130382502	1514
130383209	1514
130383805	1514
130384256	1514
130384695	1514
130385019	1514
130385654	1514
130386467	1514
130473109	1514
130473609	1514
130473834	1514
130474366	1514
130474920	1514
130475748	1514
130476687	1514
130477931	1514
130480127	1514
130525214	1514
130525920	1514
130526475	1514
130527202	1514
130527500	1514
130576228	1514
130577171	1514
130577404	1514
130593446	1514
130594290	1514
130594579	1514
130641844	1514
130642237	1514
130644325	1514
130646399	1514
130680070	1514
130681100	1514
130716614	1514
130717439	1514
130718379	1514
130718653	1514
130719519	1514
130796620	1514
130796852	1514
130797402	1514
130916441	1514
130917076	1514
130919229	1514
130919613	1514
130920976	1514
131062131	1514
131065054	1514
131066529	1514
131069053	1514
131069921	1514
131226355	1514
131227698	1514
131229402	1514
131230533	1514
131231801	1514
131234229	1514
131357510	1514
131357861	1514
131358106	1514
131358473	1514
131359532	1514
131376009	1514
131376968	1514
131454228	1514
131454768	1514
131457341	1514
131457580	1514
131457986	1514
131490878	1514
131492099	1514
131571399	1514
131571936	1514
131573017	1514
131573303	1514
131573609	1514
131574558	1514
131624631	1514
131703262	1514
131703915	1514
131705030	1514
131705368	1514
131706130	1514
131757406	1514
131822012	1514
131822374	1514
131823835	1514
131824376	1514
131825542	1514
131898065	1514
131898400	1514
131899912	1514
133590487	1514
133667788	1514
133669224	1514
133755677	1514
133756262	1514
133837639	1514
133838382	1514
138155980	1514
138302444	1514
138303369	1514
138405287	1514
138406301	1514
138407983	1514
138476543	1514
138476748	1514
138477054	1514
138477334	1514
138526591	1514
138527442	1514
138528234	1514
138528935	1514
138530094	1514
138574164	1514
138575736	1514
138576026	1514
138576326	1514
138577265	1514
138633045	1514
138633484	1514
140564415	1514
140605710	1514
140606606	1514
140653230	1514
140653763	1514
140654657	1514
140655598	1514
140698847	1514
140700465	1514
140701326	1514
140702034	1514
140742606	1514
140751687	1514
140751878	1514
140752053	1514
140752418	1514
140782203	1514
140795176	1514
140798311	1514
140798508	1514
140798782	1514
140799098	1514
140826821	1514
140836478	1514
140837051	1514
140837513	1514
140838182	1514
140869102	1514
140869513	1514
140870283	1514
140883385	1514
140883565	1514
140883750	1514
140884074	1514
140915801	1514
140915995	1514
140919938	1514
140920492	1514
140920868	1514
140921173	1514
140959209	1514
140959414	1514
140968548	1514
140969325	1514
140969659	1514
140970166	1514
140970370	1514
141030164	1514
141030734	1514
141077847	1514
141078956	1514
141080055	1514
141081071	1514
141082550	1514
141084300	1514
141131189	1514
141131625	1514
141147698	1514
141148447	1514
141149453	1514
141150257	1514
141151174	1514
141151723	1514
141230738	1514
141232262	1514
141232825	1514
141233395	1514
141234284	1514
141234901	1514
141236013	1514
141236451	1514
141324745	1514
141325598	1514
141326302	1514
141327161	1514
141327687	1514
141328429	1514
141328645	1514
141329191	1514
141416718	1514
141417346	1514
141417917	1514
141418478	1514
141418716	1514
141419307	1514
141419948	1514
141420822	1514
141456910	1514
141457379	1514
141458285	1514
141500645	1514
141501543	1514
141502206	1514
141503312	1514
141503613	1514
141504085	1514
141538175	1514
141538382	1514
141538885	1514
141584603	1514
141585103	1514
141586065	1514
141586720	1514
141587362	1514
141587973	1514
141588266	1514
141634461	1514
141635655	1514
141687613	1514
141688733	1514
141689440	1514
141691566	1514
141692137	1514
141693158	1514
141693922	1514
141709885	1514
141710927	1514
141796587	1514
141797810	1514
141799520	1514
141799961	1514
141800295	1514
141800833	1514
141801195	1514
141801377	1514
141801567	1514
141906324	1514
141907054	1514
141908441	1514
141909478	1514
141910301	1514
141911854	1514
141912305	1514
141912683	1514
141913209	1514
141964528	1514
141965881	1514
141967929	1514
142045458	1514
142046547	1514
142048075	1514
142049120	1514
142049743	1514
142050193	1514
142050758	1514
142101357	1514
142102791	1514
142105094	1514
142193444	1514
142193980	1514
142194697	1514
142200114	1514
142200728	1514
142202388	1514
142203773	1514
142249992	1514
142251431	1514
142252775	1514
142292507	1514
142292714	1514
142338017	1514
142338789	1514
142341263	1514
142342355	1514
142343883	1514
142384575	1514
142386126	1514
142426655	1514
142427117	1514
142461350	1514
142462706	1514
142463980	1514
142465240	1514
142465882	1514
142557426	1514
142558122	1514
142567312	1514
142664811	1514
142766156	1514
142882057	1514
144073127	1514
144100499	1514
144100828	1514
144128043	1514
144128387	1514
144128743	1514
144155766	1514
144156179	1514
144156676	1514
144156952	1514
144185488	1514
144186120	1514
144186334	1514
144186819	1514
144187026	1514
144217539	1514
144217749	1514
144218001	1514
144218292	1514
144218513	1514
144218878	1514
144245486	1514
144245853	1514
144246252	1514
144246437	1514
144247103	1514
144275881	1514
144276282	1514
144276518	1514
144276841	1514
144277013	1514
144280191	1514
144280403	1514
144303668	1514
144304345	1514
144304600	1514
144304775	1514
144362072	1514
144362313	1514
144362574	1514
144363919	1514
144364098	1514
144364302	1514
144364707	1514
144438647	1514
144439126	1514
144439604	1514
144440160	1514
144440683	1514
144441144	1514
144441509	1514
144499267	1514
144499655	1514
144499943	1514
144500338	1514
144500551	1514
144500765	1514
144501033	1514
144575221	1514
144575782	1514
144575985	1514
144576425	1514
144576750	1514
144577265	1514
144577559	1514
144577762	1514
144684321	1514
144684874	1514
144685166	1514
144767760	1514
144768321	1514
144768759	1514
144806836	1514
146085912	1514
146206594	1514
146293633	1514
149070921	1514
149128029	1514
155077459	1514
155151505	1514
155220010	1514
155220544	1514
156601262	1514
156647576	1514
156647996	1514
156695232	1514
156695424	1514
156695637	1514
156751747	1514
156752669	1514
156753490	1514
156824010	1514
156824540	1514
156825283	1514
156882793	1514
156883025	1514
156883206	1514
156929467	1514
156979825	1514
156980562	1514
156981127	1514
156982020	1514
156982431	1514
157045117	1514
157046380	1514
157048361	1514
157048793	1514
157049413	1514
157050451	1514
157120795	1514
157121098	1514
157121401	1514
157121863	1514
157122906	1514
157123584	1514
157124188	1514
157188691	1514
157189205	1514
157189697	1514
157190143	1514
157191489	1514
157192070	1514
157192481	1514
157264725	1514
157265534	1514
157266538	1514
157267921	1514
157268859	1514
157269509	1514
157269718	1514
157305376	1514
157334167	1514
157334341	1514
157334514	1514
157334779	1514
157335106	1514
157335646	1514
157375848	1514
157376251	1514
157406182	1514
157406851	1514
157407474	1514
157408557	1514
157409112	1514
157448692	1514
157449689	1514
157485786	1514
157486219	1514
157487986	1514
157488780	1514
157528834	1514
157544360	1514
157544879	1514
157559713	1514
157560687	1514
157562141	1514
157562814	1514
157628127	1514
157642425	1514
157704273	1514
159052140	1514
159105723	1514
159106022	1514
159161408	1514
159162016	1514
159219782	1514
160554037	1514
160602229	1514
160604403	1514
160655852	1514
160656397	1514
160712379	1514
160713026	1514
162090467	1514
162165765	1514
162167089	1514
162279848	1514
162280795	1514
162281840	1514
162369419	1514
162370297	1514
162371232	1514
162371784	1514
162412506	1514
162413045	1514
162413450	1514
162414101	1514
162414573	1514
162449452	1514
162449772	1514
162450694	1514
162451401	1514
162451789	1514
162492747	1514
162493860	1514
162494576	1514
162495521	1514
162496221	1514
162496980	1514
162541786	1514
162541964	1514
162542274	1514
162542544	1514
162542736	1514
162543113	1514
162586626	1514
162587683	1514
162588316	1514
162588981	1514
162589363	1514
162590368	1514
162590716	1514
162639540	1514
162639817	1514
162640459	1514
162641160	1514
162683693	1514
162684720	1514
162685048	1514
162736083	1514
162737367	1514
162738117	1514
162739759	1514
162786612	1514
162787719	1514
162788104	1514
162809554	1514
162809762	1514
162811763	1514
162812150	1514
162812432	1514
162879823	1514
162880493	1514
162881235	1514
162881550	1514
162881802	1514
162886158	1514
162886971	1514
162887877	1514
162956555	1514
162957703	1514
162958223	1514
162958419	1514
162959739	1514
162960160	1514
162960378	1514
162960591	1514
163061700	1514
163062122	1514
163062399	1514
163063861	1514
163064438	1514
163065150	1514
163066846	1514
163068505	1514
163129529	1514
163130215	1514
163169895	1514
163171022	1514
163171288	1514
163280242	1514
163282102	1514
163316778	1514
163317240	1514
163318356	1514
163406512	1514
163408247	1514
165109174	1514
165222251	1514
165381298	1514
165381526	1514
165381730	1514
165468273	1514
165469374	1514
165471520	1514
165547967	1514
165548684	1514
165549251	1514
165550165	1514
165674397	1514
165675292	1514
165676561	1514
165677507	1514
165678930	1514
165803166	1514
165805741	1514
165806100	1514
165807246	1514
165808408	1514
165845295	1514
165926107	1514
165927971	1514
165928261	1514
165929321	1514
165962867	1514
165963761	1514
166030945	1514
166032647	1514
166033230	1514
166034051	1514
166034379	1514
166067916	1514
166068979	1514
166144376	1514
166145008	1514
166145330	1514
166145783	1514
166170605	1514
166171334	1514
166195503	1514
166223890	1514
166225077	1514
166226368	1514
166228725	1514
166256976	1514
166259136	1514
166261355	1514
166313909	1514
166315191	1514
166316436	1514
166317666	1514
166350469	1514
166351250	1514
166352327	1514
166353268	1514
166408426	1514
166408920	1514
166409445	1514
166411445	1514
166448907	1514
166449252	1514
166449610	1514
166449860	1514
166450519	1514
166504753	1514
166505643	1514
166506615	1514
166507828	1514
166528485	1514
166529079	1514
166529502	1514
166530146	1514
166572287	1514
166590767	1514
166592237	1514
166593060	1514
166594239	1514
166623632	1514
166624185	1514
166624780	1514
166625376	1514
166626573	1514
166678450	1514
166680535	1514
166681118	1514
166681688	1514
166721235	1514
166721869	1514
166785435	1514
166786510	1514
166788804	1514
166789699	1514
166862531	1514
166865994	1514
166868700	1514
166872434	1514
166892723	1514
166894057	1514
167057646	1514
167104207	1514
167105701	1514
167106232	1514
167108104	1514
167249535	1514
167253065	1514
168600415	1514
168680958	1514
168682312	1514
168756071	1514
168756455	1514
168757012	1514
168834061	1514
168834639	1514
168835427	1514
168836477	1514
168916645	1514
168917359	1514
168918323	1514
168918540	1514
168920044	1514
169009726	1514
169010788	1514
169012958	1514
169013818	1514
169014474	1514
169015303	1514
169099504	1514
169100546	1514
169101327	1514
169102470	1514
169103810	1514
169104873	1514
169161630	1514
169162366	1514
169163611	1514
169164008	1514
169164676	1514
169165251	1514
169165469	1514
169210894	1514
169212215	1514
169212957	1514
169213615	1514
169214061	1514
169214665	1514
169253131	1514
169266907	1514
169268406	1514
169269145	1514
169269741	1514
169270466	1514
169276455	1514
169277153	1514
169332070	1514
169332666	1514
169333629	1514
169334656	1514
169336185	1514
169336826	1514
169339669	1514
169339858	1514
169374395	1514
169374572	1514
169375168	1514
169375515	1514
169397926	1514
169398115	1514
169398284	1514
169398580	1514
169399316	1514
169399724	1514
169399903	1514
169439085	1514
169439345	1514
169439610	1514
169439846	1514
169440030	1514
169440197	1514
169440367	1514
169440533	1514
169440700	1514
169500799	1514
169501058	1514
169501259	1514
169501447	1514
169501615	1514
169501783	1514
169501968	1514
169502137	1514
169502308	1514
169560721	1514
169560920	1514
169561088	1514
169561253	1514
169561459	1514
169561627	1514
169561792	1514
169561970	1514
169562142	1514
169673511	1514
169673998	1514
169675549	1514
169676560	1514
169677291	1514
169678085	1514
169678360	1514
169678629	1514
169679402	1514
169779478	1514
169780622	1514
169781312	1514
169782160	1514
169783403	1514
169783987	1514
169784438	1514
169785094	1514
169785779	1514
169860542	1514
169861260	1514
169880542	1514
169880889	1514
169881064	1514
169881541	1514
169881715	1514
169882015	1514
169882572	1514
169967512	1514
169968248	1514
169969427	1514
169970016	1514
169970651	1514
169971446	1514
169972010	1514
169972279	1514
169972533	1514
170065576	1514
170066547	1514
170067668	1514
170068161	1514
170069082	1514
170069741	1514
170070310	1514
170071222	1514
170071779	1514
170072317	1514
170152290	1514
170153372	1514
170196133	1514
170196600	1514
170196974	1514
170197252	1514
170197500	1514
170198034	1514
170198348	1514
170198898	1514
170270486	1514
170272452	1514
170319401	1514
170320314	1514
170321466	1514
170322381	1514
170323502	1514
170324100	1514
170324707	1514
170325320	1514
170361614	1514
170362405	1514
170432429	1514
170433070	1514
170433492	1514
170434009	1514
170434594	1514
170435768	1514
170436506	1514
170464344	1514
170464782	1514
170522561	1514
170524046	1514
170525027	1514
170525716	1514
170526586	1514
170529367	1514
170529943	1514
170596952	1514
170604777	1514
170605161	1514
170605587	1514
170677235	1514
170677453	1514
170677776	1514
170678307	1514
170770130	1514
170771134	1514
170862511	1514
172065655	1514
172136986	1514
172245639	1514
172246493	1514
173584865	1514
173732600	1514
173737046	1514
173894506	1514
173896652	1514
174007235	1514
174007567	1514
175080721	1514
175181016	1514
175182637	1514
175250565	1514
175250770	1514
175251594	1514
175302091	1514
175306686	1514
175307767	1514
175308317	1514
175357597	1514
175361581	1514
175362217	1514
175362612	1514
175364901	1514
175405896	1514
175410807	1514
175411295	1514
175411748	1514
175412182	1514
175464165	1514
175464911	1514
175466809	1514
175467151	1514
175467556	1514
175468110	1514
175517467	1514
175517976	1514
175518369	1514
175519971	1514
175521266	1514
175521855	1514
175568174	1514
175568449	1514
175568858	1514
175569149	1514
175569620	1514
175569816	1514
175570578	1514
175623888	1514
175624438	1514
175625004	1514
175626305	1514
175626568	1514
175627314	1514
175676474	1514
175691210	1514
175691870	1514
175692734	1514
175716997	1514
175717332	1514
175718376	1514
175718562	1514
175760993	1514
175761864	1514
175762155	1514
175762352	1514
175795933	1514
175796255	1514
175796780	1514
175797288	1514
175813854	1514
175815478	1514
175816305	1514
175817526	1514
175866136	1514
175866325	1514
175866629	1514
175867231	1514
175867464	1514
175868079	1514
175868692	1514
175869260	1514
175955811	1514
175957151	1514
175958520	1514
175958764	1514
175959376	1514
175959691	1514
175960280	1514
175960596	1514
176048741	1514
176049647	1514
176051998	1514
176052309	1514
176053655	1514
176053875	1514
176054321	1514
176055910	1514
176115915	1514
176116618	1514
176153367	1514
176153852	1514
176154615	1514
176157078	1514
176157295	1514
176157752	1514
176158390	1514
176232648	1514
176233791	1514
176234201	1514
176260587	1514
176262482	1514
176262820	1514
176266921	1514
176267272	1514
176268644	1514
176354089	1514
176383687	1514
176385022	1514
176385722	1514
176461988	1514
176533745	1514
178045362	1514
178080128	1514
178081218	1514
178132981	1514
178133326	1514
178134456	1514
178135169	1514
178197499	1514
178198689	1514
178200302	1514
178201446	1514
178212365	1514
178292638	1514
178293838	1514
178304879	1514
178305499	1514
178306234	1514
178404203	1514
178405585	1514
178408562	1514
178413445	1514
178418418	1514
178423228	1514
178509965	1514
178510479	1514
178511393	1514
178512175	1514
178516999	1514
178518166	1514
178519140	1514
178577443	1514
178577907	1514
178578394	1514
178579867	1514
178581740	1514
178588190	1514
178589025	1514
178589446	1514
178654696	1514
178656217	1514
178657460	1514
178657863	1514
178666153	1514
178666626	1514
178667630	1514
178668020	1514
178736433	1514
178736857	1514
178738099	1514
178738735	1514
178741546	1514
178741878	1514
178742479	1514
178743288	1514
178744907	1514
178811089	1514
178811981	1514
178813193	1514
178813607	1514
178814108	1514
178814339	1514
178814836	1514
178815841	1514
178854209	1514
178875549	1514
178876842	1514
178906838	1514
178907390	1514
178908553	1514
178908852	1514
178909486	1514
178909814	1514
178952779	1514
178953444	1514
178953679	1514
179003870	1514
179004110	1514
179004579	1514
179004860	1514
179005238	1514
179005721	1514
179008903	1514
179009213	1514
179009769	1514
179056987	1514
179094450	1514
179094931	1514
179095832	1514
179096403	1514
179097242	1514
179098552	1514
179098762	1514
179099311	1514
179099504	1514
179156911	1514
179157837	1514
179203931	1514
179204407	1514
179204847	1514
179205250	1514
179260213	1514
179260935	1514
179274206	1514
179274494	1514
179274692	1514
179337472	1514
180578278	1514
180650035	1514
180651038	1514
180734410	1514
180734810	1514
180734976	1514
180735331	1514
180735501	1514
180735836	1514
180808034	1514
180809612	1514
180810821	1514
180812485	1514
180896468	1514
180897032	1514
180897848	1514
180899615	1514
180900828	1514
180966050	1514
180966359	1514
180966572	1514
180966872	1514
180968605	1514
180969628	1514
181023889	1514
181024750	1514
181025251	1514
181025495	1514
181025949	1514
181026516	1514
181094250	1514
181095654	1514
181096541	1514
181097069	1514
181097370	1514
181099584	1514
181099998	1514
181164516	1514
181164890	1514
181165222	1514
181166060	1514
181166815	1514
181168112	1514
181218163	1514
181238879	1514
181241383	1514
181242039	1514
181242919	1514
181243574	1514
181244143	1514
181244704	1514
181321447	1514
181321678	1514
181322196	1514
181322735	1514
181324456	1514
181325186	1514
181325923	1514
181327183	1514
181401095	1514
181401662	1514
181401846	1514
181402510	1514
181430665	1514
181431749	1514
181432266	1514
181433353	1514
181434354	1514
181509879	1514
181512002	1514
181513047	1514
181514316	1514
181516249	1514
181536213	1514
181536749	1514
181537199	1514
181537715	1514
181623857	1514
181624512	1514
181625224	1514
181626187	1514
181626925	1514
181627667	1514
181628094	1514
181628411	1514
181628790	1514
181758543	1514
181759874	1514
181760587	1514
181762036	1514
181763841	1514
181765177	1514
181765840	1514
181766495	1514
181767267	1514
181815236	1514
181815677	1514
181839387	1514
181839783	1514
181840121	1514
181840490	1514
181840847	1514
181841434	1514
181841631	1514
181890602	1514
181891243	1514
181891794	1514
181892332	1514
181892788	1514
181893021	1514
181893356	1514
181893531	1514
181893703	1514
181964521	1514
181965058	1514
181965570	1514
181966079	1514
181966487	1514
181966664	1514
181967242	1514
181967421	1514
181967594	1514
182020560	1514
182020731	1514
182020954	1514
182021170	1514
182021420	1514
182021830	1514
182022237	1514
182022413	1514
182022589	1514
182022794	1514
182099792	1514
182100214	1514
182100803	1514
182101763	1514
182101954	1514
182102136	1514
182102311	1514
182102486	1514
182102660	1514
182102898	1514
182188748	1514
182189502	1514
182278250	1514
182278437	1514
183507150	1514
183528247	1514
183528451	1514
183555776	1514
183555970	1514
183556226	1514
183556408	1514
183589840	1514
183590795	1514
183591028	1514
183592257	1514
183592735	1514
183593207	1514
183622049	1514
183622245	1514
183622441	1514
183623448	1514
183624536	1514
183624863	1514
183647034	1514
183647409	1514
183648534	1514
183653908	1514
183654088	1514
183654296	1514
183654473	1514
183680720	1514
183681583	1514
183683069	1514
183683415	1514
183689651	1514
183689830	1514
183690076	1514
183716828	1514
183717027	1514
183737801	1514
183738182	1514
183738842	1514
183739783	1514
183758275	1514
183764073	1514
185059398	1514
185118483	1514
185118705	1514
185172490	1514
185173477	1514
185174428	1514
185233445	1514
185234093	1514
185237930	1514
185238584	1514
185294193	1514
185295737	1514
185296342	1514
185298332	1514
185350277	1514
185354880	1514
185355272	1514
185358496	1514
185403468	1514
185404862	1514
185449683	1514
185450131	1514
185451285	1514
185488784	1514
185489697	1514
185490371	1514
185491526	1514
185530159	1514
185531779	1514
185532419	1514
185533434	1514
185533863	1514
185579651	1514
185579861	1514
185580119	1514
185580351	1514
185581141	1514
185635065	1514
185635271	1514
185635528	1514
185635725	1514
185636802	1514
185637714	1514
185697545	1514
185698839	1514
185699338	1514
185699718	1514
185700398	1514
185701030	1514
185765908	1514
185767127	1514
185767635	1514
185767940	1514
185768756	1514
185769293	1514
185810106	1514
185830799	1514
185831024	1514
185831230	1514
185831529	1514
185831710	1514
185860960	1514
185885824	1514
185886006	1514
185886186	1514
185915117	1514
185915956	1514
185916805	1514
185917457	1514
185976945	1514
185977149	1514
185977819	1514
185978008	1514
185978201	1514
186019574	1514
186020543	1514
186021110	1514
186039458	1514
186039857	1514
186040335	1514
186040530	1514
186040722	1514
186107297	1514
186107646	1514
186107945	1514
186108587	1514
186108863	1514
186109095	1514
186109299	1514
186109486	1514
186190194	1514
186190405	1514
186190586	1514
186190825	1514
186191694	1514
186192400	1514
186192621	1514
186192803	1514
186268165	1514
186268847	1514
186269531	1514
186269722	1514
186269973	1514
186270170	1514
186270745	1514
186271051	1514
186310954	1514
186311155	1514
186342446	1514
186342640	1514
186343041	1514
186343225	1514
186343414	1514
186344286	1514
186370839	1514
186371048	1514
186371274	1514
186371474	1514
186371647	1514
186412104	1514
186412299	1514
186412488	1514
186412679	1514
186412852	1514
186413026	1514
186413234	1514
186413425	1514
186413622	1514
186474636	1514
186475303	1514
186476405	1514
186477200	1514
186477886	1514
186478074	1514
186478267	1514
186478443	1514
186478827	1514
186543506	1514
186543688	1514
186543890	1514
186544108	1514
186544309	1514
186544498	1514
186544680	1514
186544938	1514
186545145	1514
186625462	1514
186626141	1514
186626406	1514
186626606	1514
186626851	1514
186627053	1514
186627240	1514
186627486	1514
186627750	1514
186703915	1514
186704840	1514
186705594	1514
186706676	1514
186706955	1514
186707153	1514
186707356	1514
186707554	1514
186707740	1514
186767771	1514
186767954	1514
186768930	1514
186769160	1514
186769424	1514
186769627	1514
186769799	1514
186770090	1514
186770300	1514
186809359	1514
186809519	1514
186809690	1514
186809860	1514
186810164	1514
186810338	1514
186810498	1514
186810837	1514
186811028	1514
186867768	1514
186868874	1514
186869503	1514
186869718	1514
186869898	1514
186870151	1514
186870442	1514
186870724	1514
186870903	1514
186934594	1514
186934949	1514
186935563	1514
186935908	1514
186936083	1514
186936269	1514
186936506	1514
186936701	1514
186936879	1514
186937070	1514
186997521	1514
186997699	1514
186997896	1514
186998070	1514
186998258	1514
186998436	1514
186998763	1514
186998958	1514
186999135	1514
186999327	1514
187063011	1514
187063263	1514
187064433	1514
187065388	1514
187065614	1514
187066298	1514
187066886	1514
187067065	1514
187067238	1514
187067541	1514
187105402	1514
187105787	1514
187140988	1514
187142787	1514
187143268	1514
187144790	1514
187145271	1514
187146039	1514
187146290	1514
187146524	1514
187197719	1514
187238651	1514
187239035	1514
187240591	1514
187241161	1514
187242099	1514
187242499	1514
187243631	1514
187274324	1514
187280708	1514
187281523	1514
187281825	1514
187304630	1514
187324886	1514
187344097	1514
187344749	1514
187345170	1514
187346318	1514
187347294	1514
187347611	1514
187366125	1514
187366318	1514
187366506	1514
187366680	1514
187366955	1514
187367221	1514
187367408	1514
187379982	1514
187381104	1514
187382031	1514
187382220	1514
187382471	1514
187382848	1514
187383048	1514
187395350	1514
187395541	1514
187395752	1514
187396024	1514
187397101	1514
187397560	1514
187398867	1514
187399394	1514
187409416	1514
187409592	1514
187453299	1514
187454243	1514
187454995	1514
187455227	1514
187455617	1514
187455836	1514
187456092	1514
187456357	1514
187504325	1514
187504679	1514
187506552	1514
187507590	1514
187508623	1514
187509154	1514
187509392	1514
187509622	1514
187592368	1514
187592770	1514
187593095	1514
187593685	1514
187594062	1514
187596146	1514
187596413	1514
187596852	1514
187644444	1514
187644785	1514
187667367	1514
187667750	1514
187668512	1514
187668753	1514
187668998	1514
187669220	1514
187712333	1514
187712685	1514
187714309	1514
187715917	1514
187716857	1514
187717241	1514
187717509	1514
187717746	1514
187776744	1514
187776914	1514
187777089	1514
187777278	1514
187777449	1514
187777607	1514
187777775	1514
187777940	1514
187823559	1514
187823733	1514
187823909	1514
187824156	1514
187824367	1514
187824555	1514
187824749	1514
187824936	1514
187825133	1514
187853992	1514
187854174	1514
187854373	1514
187854580	1514
187854756	1514
187855334	1514
187856261	1514
187857408	1514
187857908	1514
187862069	1514
187862305	1514
187895766	1514
187896141	1514
187896342	1514
187896599	1514
187896869	1514
187897305	1514
187898295	1514
187898581	1514
187898968	1514
187937423	1514
187937601	1514
187937801	1514
187938085	1514
187938322	1514
187938502	1514
187938754	1514
187939009	1514
187939212	1514
187988042	1514
187988237	1514
187988414	1514
187988605	1514
187988793	1514
187988971	1514
187989151	1514
187989355	1514
187989529	1514
188055926	1514
188056131	1514
188056353	1514
188056528	1514
188056713	1514
188056890	1514
188057071	1514
188057273	1514
188057448	1514
188141476	1514
188142418	1514
188143763	1514
188144189	1514
188144762	1514
188145262	1514
188146967	1514
188147697	1514
188149830	1514
188203518	1514
188204581	1514
188226162	1514
188226385	1514
188227322	1514
188227707	1514
188229013	1514
188229241	1514
188229492	1514
188229672	1514
188296328	1514
188296506	1514
188296736	1514
188338178	1514
188339680	1514
189546609	1514
189594634	1514
189595880	1514
189657007	1514
189657593	1514
189658045	1514
189658889	1514
189724817	1514
189725559	1514
189726390	1514
189791408	1514
189792090	1514
189792910	1514
189841293	1514
189842611	1514
189844696	1514
192561491	1514
192634234	1514
192726063	1514
192728147	1514
194131156	1514
194229656	1514
194320110	1514
195557967	1514
195617273	1514
195618077	1514
195677995	1514
195679099	1514
195679820	1514
195743992	1514
195744524	1514
195745380	1514
195746183	1514
195812129	1514
195813105	1514
195813885	1514
195814805	1514
195815853	1514
195878093	1514
195878763	1514
195880062	1514
195881039	1514
195881462	1514
195937654	1514
195938414	1514
195939798	1514
195940184	1514
195940515	1514
195941074	1514
195993050	1514
195994018	1514
195995980	1514
195996229	1514
195997073	1514
195997937	1514
196064787	1514
196064976	1514
196065848	1514
196066224	1514
196126826	1514
198533973	1514
198593959	1514
198595573	1514
198653627	1514
198654240	1514
198654446	1514
198729927	1514
198730976	1514
198731994	1514
198733211	1514
198802576	1514
198804474	1514
198806374	1514
198807050	1514
198808799	1514
198885431	1514
198885646	1514
198885845	1514
198886118	1514
198886808	1514
198887610	1514
198942975	1514
198944144	1514
198944380	1514
198944566	1514
198944958	1514
198989003	1514
199004886	1514
199005225	1514
199006161	1514
199006477	1514
199008278	1514
199050671	1514
199080082	1514
199080602	1514
199081461	1514
199082305	1514
199083623	1514
199154471	1514
199155373	1514
199156144	1514
199156788	1514
199157828	1514
199158474	1514
199158900	1514
199232013	1514
199232437	1514
199232892	1514
199233320	1514
199296786	1514
199297103	1514
199297712	1514
199298256	1514
199299523	1514
199368344	1514
199368766	1514
199369547	1514
199370437	1514
199371402	1514
199372351	1514
199444344	1514
199444591	1514
199445162	1514
199446060	1514
199446558	1514
199447583	1514
199448518	1514
199507485	1514
199508555	1514
199509467	1514
199509967	1514
199512981	1514
199513347	1514
199556855	1514
199621857	1514
199622043	1514
199622669	1514
199623847	1514
199624221	1514
199625122	1514
199669650	1514
199697820	1514
199698033	1514
199698296	1514
199698603	1514
199699080	1514
199700003	1514
199700307	1514
199789713	1514
199790131	1514
199790994	1514
199791337	1514
199791985	1514
199829627	1514
199830362	1514
199831866	1514
199876577	1514
199877452	1514
199878186	1514
199878847	1514
199880437	1514
199929371	1514
199930446	1514
199930961	1514
199988312	1514
199988694	1514
199989372	1514
199990085	1514
199990345	1514
200039307	1514
200039528	1514
200039775	1514
200040295	1514
200107791	1514
200108209	1514
200109036	1514
200144645	1514
200145284	1514
200145802	1514
200146158	1514
200184367	1514
200184959	1514
200185450	1514
200185948	1514
200222683	1514
202055107	1514
202142388	1514
202230993	1514
203569469	1514
203657917	1514
203659289	1514
203753610	1514
203754941	1514
203757194	1514
203843081	1514
203843985	1514
203845073	1514
203846565	1514
203935148	1514
203936401	1514
203937358	1514
203938488	1514
203941423	1514
204005585	1514
204006365	1514
204008612	1514
204009125	1514
204010141	1514
204082265	1514
204082895	1514
204084718	1514
204085345	1514
204085654	1514
204086084	1514
204157622	1514
204158676	1514
204159114	1514
204159870	1514
204160237	1514
204160898	1514
204226964	1514
204228612	1514
204229256	1514
204230325	1514
204231454	1514
204231893	1514
204232305	1514
204367176	1514
204367622	1514
204367968	1514
204368254	1514
204368470	1514
204368769	1514
204389669	1514
204412305	1514
204413346	1514
204413889	1514
204414209	1514
204414634	1514
204414914	1514
204415179	1514
204458211	1514
204458845	1514
204459029	1514
204459237	1514
204459573	1514
204460147	1514
204460456	1514
204460940	1514
204517406	1514
204517840	1514
204518110	1514
204518490	1514
204518763	1514
204519645	1514
204570089	1514
204571532	1514
209057426	1514
209144304	1514
209146054	1514
209236206	1514
209237679	1514
209239474	1514
209314540	1514
209316005	1514
209316638	1514
209398231	1514
209399029	1514
209400432	1514
209401109	1514
209458493	1514
209462211	1514
209463785	1514
209464250	1514
209464702	1514
209528931	1514
209529809	1514
209530238	1514
209530664	1514
209531400	1514
209531868	1514
209596078	1514
209596801	1514
209607845	1514
209608630	1514
209609235	1514
209722181	1514
209723347	1514
209726623	1514
209728686	1514
209729066	1514
209750106	1514
209801289	1514
209801600	1514
209818557	1514
209876974	1514
209877826	1514
209880004	1514
209894558	1514
209948495	1514
209948683	1514
209948919	1514
209949177	1514
209958308	1514
210002413	1514
210003509	1514
210004612	1514
210005542	1514
210023790	1514
210024702	1514
210063442	1514
210064582	1514
210064840	1514
210066083	1514
210082902	1514
210083245	1514
210125469	1514
210125875	1514
210126237	1514
210127062	1514
210128124	1514
210140842	1514
210141895	1514
210194372	1514
210195038	1514
210201140	1514
210201664	1514
210208633	1514
210209056	1514
210250357	1514
210264043	1514
210264918	1514
210269593	1514
210269957	1514
210270402	1514
210276478	1514
210276702	1514
210325572	1514
210326473	1514
210330367	1514
210330861	1514
210331519	1514
210332873	1514
210336863	1514
210338116	1514
210387734	1514
210388126	1514
210426997	1514
210427386	1514
210428075	1514
210428798	1514
210429137	1514
210430167	1514
210476487	1514
210477861	1514
210530070	1514
210530926	1514
210531699	1514
210532227	1514
210532643	1514
210533161	1514
210533592	1514
210577128	1514
210613469	1514
210614142	1514
210614457	1514
210614914	1514
210615477	1514
210616683	1514
210617654	1514
210665832	1514
210666436	1514
210667154	1514
210716939	1514
210720261	1514
210720690	1514
210721364	1514
210751703	1514
210755845	1514
210756749	1514
210813314	1514
210813732	1514
210850231	1514
210850400	1514
210850663	1514
210891587	1514
210891921	1514
210892116	1514
210892425	1514
210936666	1514
210936861	1514
210937366	1514
210937997	1514
210939731	1514
210963606	1514
210964502	1514
210964750	1514
210965852	1514
210967341	1514
210988293	1514
210988890	1514
211056873	1514
211057733	1514
211058637	1514
211111135	1514
211111748	1514
211147179	1514
211198851	1514
211244861	1514
213106395	1514
213191596	1514
213192908	1514
217068683	1514
237004454	1514
237052687	1514
237053095	1514
237111117	1514
237112088	1514
237113288	1514
237170161	1514
237170511	1514
237170999	1514
237171654	1514
237226909	1514
237231499	1514
237232114	1514
237232504	1514
237286413	1514
237291852	1514
237356890	1514
237358492	1514
237359376	1514
237410195	1514
237411264	1514
237411871	1514
237475237	1514
237475619	1514
237477209	1514
237478434	1514
237549994	1514
237550629	1514
237551818	1514
237552583	1514
237553353	1514
237622700	1514
237624136	1514
237624657	1514
237625219	1514
237625593	1514
237662761	1514
237688850	1514
237689303	1514
237690042	1514
237691596	1514
237722253	1514
237753698	1514
237755489	1514
237756007	1514
237756538	1514
237756954	1514
237784859	1514
237785626	1514
237818463	1514
237819322	1514
237820208	1514
237820966	1514
237849002	1514
237849625	1514
237891893	1514
237892287	1514
237892841	1514
237893588	1514
237923328	1514
237923772	1514
237953756	1514
237954843	1514
237959360	1514
237959825	1514
237960774	1514
237961301	1514
238008800	1514
238009821	1514
238056493	1514
238059765	1514
238061319	1514
238062326	1514
238065023	1514
238118595	1514
238119037	1514
238214412	1514
238217149	1514
238221272	1514
238359768	1514
238361100	1514
238365531	1514
238366087	1514
238366518	1514
238500503	1514
238501999	1514
238503716	1514
238505296	1514
238507616	1514
238717473	1514
238718488	1514
238720318	1514
238721410	1514
238722477	1514
238723834	1514
238878877	1514
238880671	1514
238881055	1514
238881971	1514
238883635	1514
238974992	1514
238976427	1514
240509000	1514
240647600	1514
240648990	1514
240748090	1514
240748465	1514
240802525	1514
242019402	1514
242101146	1514
242182649	1514
242183691	1514
243496999	1514
243566049	1514
243567558	1514
243654737	1514
243656472	1514
243742522	1514
243743954	1514
245032206	1514
245112418	1514
245113772	1514
245218740	1514
245219846	1514
245220438	1514
245285958	1514
245286260	1514
245286534	1514
245286841	1514
245320409	1514
245320801	1514
245321274	1514
245322000	1514
245322341	1514
245370095	1514
245371309	1514
245371576	1514
245371854	1514
245372402	1514
245426947	1514
245428044	1514
245428513	1514
245429452	1514
245480439	1514
245480791	1514
245481168	1514
245529465	1514
245574119	1514
245574454	1514
246954887	1514
246979423	1514
246979751	1514
247012249	1514
247012528	1514
247013260	1514
247013519	1514
247038157	1514
247039091	1514
247039388	1514
247039832	1514
247051363	1514
247051596	1514
247051847	1514
247052118	1514
247052477	1514
247058873	1514
247059102	1514
247059271	1514
247059532	1514
247059835	1514
247060507	1514
247076580	1514
247076794	1514
247077019	1514
247077293	1514
247077584	1514
247077920	1514
247091606	1514
247091857	1514
247092060	1514
247092287	1514
247092481	1514
247127575	1514
247127818	1514
247128176	1514
247128382	1514
247128548	1514
247128725	1514
247128905	1514
247171073	1514
247171256	1514
247171511	1514
247172002	1514
247172327	1514
247172498	1514
247172674	1514
247218676	1514
247218896	1514
247219074	1514
247219278	1514
247219987	1514
247220319	1514
247220520	1514
247262215	1514
247262537	1514
247262789	1514
247263140	1514
247263479	1514
247264080	1514
247264395	1514
247275066	1514
247275489	1514
247276038	1514
247277045	1514
247277214	1514
247277384	1514
247277552	1514
247316001	1514
247316588	1514
247316809	1514
247316974	1514
247317146	1514
247317375	1514
247317554	1514
247317728	1514
247357537	1514
247357803	1514
247357971	1514
247358140	1514
247358312	1514
247358482	1514
247358690	1514
247359343	1514
247400879	1514
247401267	1514
247401437	1514
247401610	1514
247401795	1514
247401966	1514
247402134	1514
247402315	1514
247439951	1514
247440284	1514
247440578	1514
247440835	1514
247441007	1514
247441190	1514
247441357	1514
247441526	1514
247510197	1514
247510517	1514
247510973	1514
247512298	1514
247512652	1514
247513130	1514
247513449	1514
247513620	1514
247567371	1514
247567849	1514
247634115	1514
247634285	1514
248955868	1514
248979491	1514
248980217	1514
249020884	1514
249021620	1514
249022809	1514
249023689	1514
249077297	1514
249077469	1514
249078113	1514
249078428	1514
249079194	1514
249079544	1514
249111967	1514
249112430	1514
249113968	1514
249114449	1514
249115629	1514
249115839	1514
249151687	1514
249151891	1514
249152215	1514
249156423	1514
249156802	1514
249156976	1514
249188771	1514
249189165	1514
249189984	1514
249190342	1514
249194397	1514
249194741	1514
249195116	1514
249219127	1514
249219316	1514
249219673	1514
249220075	1514
249221818	1514
249222005	1514
249222194	1514
249247766	1514
249248067	1514
249285535	1514
249285837	1514
249286035	1514
249286228	1514
249286420	1514
249286611	1514
249286967	1514
249287227	1514
249330996	1514
249331398	1514
249331891	1514
249332178	1514
249332482	1514
249332675	1514
249332922	1514
249333097	1514
249383300	1514
249383531	1514
249383838	1514
249384307	1514
249384496	1514
249384678	1514
249384881	1514
249385058	1514
249414829	1514
249415017	1514
249415223	1514
249415539	1514
249416124	1514
249416331	1514
249416724	1514
249416910	1514
249468191	1514
249468561	1514
249468730	1514
249468907	1514
249469074	1514
249469244	1514
249469410	1514
249469577	1514
249549665	1514
249549862	1514
249550030	1514
249550265	1514
249593356	1514
251533661	1514
251633941	1514
251636810	1514
251727265	1514
251811662	1514
255457964	1514
255480134	1514
255480886	1514
275496103	1514
287457413	1514
287513004	1514
287567711	1514
287568348	1514
299527512	1514
299606680	1514
300953671	1514
300994377	1514
300995182	1514
301036222	1514
301036667	1514
301037155	1514
301086515	1514
301087775	1514
301088619	1514
301089245	1514
301154092	1514
301155407	1514
301156249	1514
301157182	1514
301157728	1514
301215552	1514
301216420	1514
301217453	1514
301218002	1514
301219305	1514
301255640	1514
301255929	1514
301256355	1514
301257484	1514
301258048	1514
301259271	1514
301294372	1514
301295009	1514
301295521	1514
301296301	1514
301296921	1514
301297682	1514
301336071	1514
301336923	1514
301337514	1514
301338198	1514
301338387	1514
301338568	1514
301339426	1514
301376816	1514
301377025	1514
301377309	1514
301377534	1514
301377888	1514
301378381	1514
301403561	1514
301403762	1514
301403960	1514
301404143	1514
301438701	1514
301439550	1514
301439886	1514
301440666	1514
301440888	1514
301441187	1514
301441415	1514
301441696	1514
301510168	1514
301510969	1514
301511413	1514
301511984	1514
301512447	1514
301512852	1514
301513310	1514
301513796	1514
301588529	1514
301589413	1514
301589878	1514
301590301	1514
301590862	1514
301591907	1514
301592257	1514
301592716	1514
301678752	1514
301680631	1514
301681530	1514
301682322	1514
301682881	1514
301683459	1514
301758600	1514
301759669	1514
301760094	1514
301761035	1514
301761686	1514
301762958	1514
301801160	1514
301801638	1514
301802239	1514
303012497	1514
303082647	1514
303161092	1514
303161455	1514
304489548	1514
304539011	1514
304599818	1514
304605939	1514
305978262	1514
306034137	1514
306034587	1514
306084582	1514
306085600	1514
306086326	1514
306139399	1514
306139779	1514
306140215	1514
306140375	1514
306176064	1514
306176820	1514
306177243	1514
306177639	1514
306216046	1514
306216802	1514
306217337	1514
306218079	1514
306218468	1514
306262119	1514
306262690	1514
306263621	1514
306264202	1514
306264442	1514
306264615	1514
306306135	1514
306306493	1514
306307929	1514
306308373	1514
306309086	1514
306309553	1514
306346144	1514
306346854	1514
306348228	1514
306349637	1514
306350505	1514
306352375	1514
306353386	1514
306437766	1514
306438341	1514
306439506	1514
306440015	1514
306440447	1514
306440919	1514
306455696	1514
306526298	1514
306527212	1514
306528291	1514
306529028	1514
306529827	1514
306530209	1514
306530498	1514
306589812	1514
306590503	1514
306591178	1514
306591890	1514
306592365	1514
306592780	1514
306593385	1514
306630874	1514
306692727	1514
306693100	1514
306693867	1514
306694720	1514
306694944	1514
306695637	1514
306732906	1514
306786431	1514
306787525	1514
306788673	1514
306789001	1514
306789795	1514
306790457	1514
306848032	1514
306848615	1514
306849286	1514
306850356	1514
306904993	1514
306905427	1514
306906114	1514
306906890	1514
306907789	1514
306973730	1514
306974540	1514
306975382	1514
306975906	1514
306976265	1514
306977665	1514
307027796	1514
307030627	1514
307031526	1514
307032280	1514
307032499	1514
307032761	1514
307033514	1514
307092211	1514
307092592	1514
307124738	1514
307125305	1514
307172722	1514
307173203	1514
307174037	1514
307220532	1514
307229460	1514
308486235	1514
311489076	1514
317478446	1514
317549071	1514
317549465	1514
317625096	1514
317625772	1514
317628321	1514
317771985	1514
317777891	1514
317778469	1514
317779616	1514
317876290	1514
317877431	1514
317877722	1514
317879990	1514
317881718	1514
317967949	1514
317968876	1514
317969423	1514
317971369	1514
317971686	1514
318064870	1514
318065802	1514
318066022	1514
318066467	1514
318067671	1514
318068459	1514
318152299	1514
318154047	1514
318156573	1514
318157523	1514
318157744	1514
318158148	1514
318243802	1514
318244091	1514
318246321	1514
318247272	1514
318248084	1514
318248422	1514
318249676	1514
318323490	1514
318324736	1514
318326369	1514
318327310	1514
318327786	1514
318328137	1514
318358885	1514
318405538	1514
318408449	1514
318408991	1514
318410135	1514
318411547	1514
318412444	1514
318413719	1514
318487627	1514
318493807	1514
318494175	1514
318494830	1514
318495854	1514
318496961	1514
318497801	1514
318545802	1514
318584838	1514
318585293	1514
318586471	1514
318587312	1514
318587938	1514
318589169	1514
318621699	1514
318675835	1514
318677377	1514
318678418	1514
318679470	1514
318681295	1514
318753424	1514
318753943	1514
318755580	1514
318856241	1514
318857368	1514
318857825	1514
318859363	1514
318860449	1514
318954086	1514
318955433	1514
318956109	1514
318956780	1514
318957914	1514
318959408	1514
319054988	1514
319055834	1514
319056098	1514
319057226	1514
319057455	1514
319057837	1514
319058454	1514
319151685	1514
319153005	1514
319153222	1514
319153894	1514
319154514	1514
319156337	1514
319156577	1514
319250545	1514
319252822	1514
319254288	1514
319254800	1514
319258461	1514
319260413	1514
319261337	1514
319316282	1514
319361379	1514
319362300	1514
319363757	1514
319364682	1514
319366658	1514
319367543	1514
319402029	1514
319441575	1514
319444868	1514
319445182	1514
319445545	1514
319445906	1514
319446261	1514
319446828	1514
319447413	1514
319508898	1514
319509267	1514
319511549	1514
319511992	1514
319512715	1514
319512994	1514
319513328	1514
319513640	1514
319549378	1514
319564355	1514
319565116	1514
319597353	1514
319597711	1514
319598434	1514
319599294	1514
319599730	1514
319601212	1514
319601383	1514
319626937	1514
319627443	1514
319627924	1514
319654779	1514
319655451	1514
319655705	1514
319656366	1514
319656661	1514
319657268	1514
319657713	1514
319658096	1514
319681420	1514
319682221	1514
319710280	1514
319710664	1514
319711427	1514
319712614	1514
319713765	1514
319714654	1514
319715367	1514
319715767	1514
319716095	1514
319716408	1514
319769545	1514
319770040	1514
319770468	1514
319770838	1514
319771451	1514
319771990	1514
319772797	1514
319772972	1514
319773180	1514
319773355	1514
319814454	1514
319815568	1514
319815755	1514
319816249	1514
319817369	1514
319817703	1514
319818012	1514
319818298	1514
319818481	1514
319818710	1514
319876387	1514
319876565	1514
319876785	1514
319876962	1514
319877131	1514
319877303	1514
319877483	1514
319877654	1514
319877823	1514
319877992	1514
319935657	1514
319935835	1514
319936273	1514
319936668	1514
319937073	1514
319937340	1514
319937556	1514
319937770	1514
319938256	1514
319938445	1514
319960947	1514
319961246	1514
320006612	1514
320006820	1514
320007002	1514
320007239	1514
320007711	1514
320008046	1514
320008373	1514
320008668	1514
320008841	1514
320009007	1514
320078391	1514
320078874	1514
320079057	1514
320079225	1514
320079392	1514
320079683	1514
320079850	1514
320080016	1514
320080182	1514
320080354	1514
320146354	1514
320146578	1514
320146805	1514
320146981	1514
320147151	1514
320147316	1514
320147494	1514
320147659	1514
320147825	1514
320147992	1514
320148156	1514
320203733	1514
320204280	1514
320204831	1514
320205386	1514
320205644	1514
320205827	1514
320205994	1514
320206160	1514
320206330	1514
320206516	1514
320206682	1514
320252154	1514
320252697	1514
320253816	1514
320254010	1514
320254188	1514
320254553	1514
320254739	1514
320254955	1514
320255123	1514
320255292	1514
320255466	1514
320291354	1514
320291749	1514
320291923	1514
320292100	1514
320292277	1514
320292477	1514
320292671	1514
320292864	1514
320293045	1514
320293247	1514
320293435	1514
320337711	1514
320337896	1514
320338088	1514
320338281	1514
320338496	1514
320338675	1514
320339433	1514
320339663	1514
320340616	1514
320340794	1514
320340997	1514
320375342	1514
320375879	1514
320376093	1514
320376272	1514
320376457	1514
320376648	1514
320376826	1514
320377001	1514
320377193	1514
320377372	1514
320377603	1514
320417126	1514
320417301	1514
320417482	1514
320417656	1514
320417857	1514
320418037	1514
320418212	1514
320418392	1514
320418572	1514
320419334	1514
320419640	1514
320475368	1514
320476149	1514
320476634	1514
320476835	1514
320477187	1514
320477419	1514
320477598	1514
320477791	1514
320477986	1514
320478157	1514
320478331	1514
320551495	1514
320552459	1514
320553251	1514
320553787	1514
320554522	1514
320554933	1514
320555113	1514
320555288	1514
320555490	1514
320555668	1514
320555853	1514
320628012	1514
320628360	1514
320629483	1514
320629828	1514
320630173	1514
320630355	1514
320630515	1514
320630765	1514
320630955	1514
320701772	1514
320702980	1514
320703205	1514
320703473	1514
320703811	1514
320704114	1514
320704793	1514
320705266	1514
320705916	1514
320740516	1514
320740691	1514
320740888	1514
321979589	1514
322051455	1514
322052774	1514
322129522	1514
322186103	1514
322186881	1514
323497793	1514
323575472	1514
323576116	1514
323674503	1514
323770474	1514
324940245	1514
328444116	1514
334453509	1514
