3753233	58
3754712	54
3866093	318
3866187	1474
3867604	1474
3867849	1474
3867945	1474
3868062	1474
3868483	1474
3868764	1474
3869088	1474
3869495	1474
3869730	306
3974800	1474
3974908	1474
3975114	1474
3975318	1474
3975524	1474
3976015	1474
3976220	1474
3976419	1474
3976608	1474
3976782	1474
3976896	1474
3977700	1474
3977900	390
4088182	1474
4088561	1474
4088759	1474
4088984	1474
4089869	1474
4090084	1474
4090261	1474
4090513	250
4090687	1474
4090815	82
4091062	1474
4091233	1474
4091517	1474
4091714	1474
4091827	1474
4091936	1474
4092052	222
4199214	1474
4199434	1474
4199661	1474
4200083	1474
4200280	1474
4200392	1474
4200514	1474
4200633	1474
4200820	1474
4201030	1474
4201245	1474
4201389	362
4201554	1474
4201678	1474
4201896	1474
4202022	1474
4202259	1474
4202397	1474
4202594	1474
4202720	250
4318959	1474
4319180	1474
4319328	110
4319557	1474
4319712	1474
4319939	1474
4320111	1474
4320221	1474
4320411	1474
4320587	1474
4320777	1474
4320889	1474
4320999	1474
4321316	1474
4321538	362
4321713	1474
4419746	1474
4419862	1474
4420036	1474
4420196	1474
4420428	166
4420523	1474
4420765	1474
4420903	1474
4421189	1474
4421403	1474
4421586	1474
4421793	1474
4421959	1474
4422143	1474
4422741	306
4433591	1474
4447489	1474
5500707	1474
5511248	1474
5511388	1474
5525921	1474
5526122	1474
5526341	1370
5526642	1474
5527026	158
5550852	1474
5551172	1474
5551447	1474
5551721	1474
5552047	1370
5552488	1474
5552670	1474
5553192	1474
5553403	158
5580036	1474
5580292	1474
5580604	1474
5580770	1474
5606047	1474
5606326	1474
5629258	1474
8536027	1474
8538514	1474
8538747	1474
8544543	1474
8545035	1474
8545622	1474
8545857	1474
8565814	1474
8566313	409
8566575	1474
8567075	388
8567618	1474
8568053	370
8568310	1474
8581732	1474
8582304	1474
8582798	1474
8583109	1474
8583443	1474
8583553	1474
8583867	1474
8599715	1474
8599887	1474
8600276	1474
8600540	1474
8617230	1474
8617551	1474
8617910	1474
8618268	1474
8618477	1474
8634437	1474
8634715	1474
8635015	1474
8635277	1474
8635768	1474
8649491	1474
8649627	1474
8649909	1474
8650045	1474
8650288	1474
8650607	1474
8666934	1474
8667205	1474
8667439	1474
8667566	1474
8667706	1474
8668207	1474
8684866	1474
8685216	1474
8685590	1474
8686046	1474
8686500	1474
8686809	1474
8687161	1474
8700408	1474
8700659	1474
8700990	1474
8701396	1474
8701692	1474
8702035	1474
8702300	1474
8718134	1474
8718392	1474
8718496	1474
8718917	1474
8719091	1474
8719634	1474
8719956	1474
8737230	1474
8737658	1474
8737792	1474
8737948	1474
8738515	1474
8738847	1474
8739145	1474
8739383	1474
8764273	1474
8764414	1474
8764960	1474
8765337	1474
8765546	1474
8766105	1474
8766312	1474
8785595	1474
8785717	1474
8785843	1474
8786139	1474
8786653	1474
8786860	1474
8801391	1474
8801989	1474
10056907	1474
10060482	1474
10060590	1474
10062336	1474
10062551	1474
10062917	1474
10067638	1474
10068236	1474
10070707	1474
10071019	1474
10076275	1474
10076729	1474
10077722	1474
10078393	1474
10078594	1474
10082838	1474
10083140	1474
10085876	1474
10085968	1474
10086088	1474
10090700	1474
10090906	1474
10091223	1474
10091782	1474
10092262	1474
10095352	1474
10095455	1474
10095565	1474
10095683	1474
10095808	1474
10096027	1474
10098732	1474
10098988	1474
10099413	1474
10099617	1474
10100034	1474
10100731	1474
10101015	1474
10105492	1474
10105604	1474
10105718	1474
10105837	1474
10106362	1474
10106563	1474
10109697	1474
10109897	1474
10110015	1474
10110119	1474
10110368	1474
10110508	1474
10113111	1474
10113356	1474
10113458	1474
10113568	1474
10113694	1474
10113982	1474
10114281	1474
10114575	1474
10115122	1474
10115305	1474
10115713	1474
10115811	1474
10115931	1474
10116126	1474
10117958	1474
10118055	1474
10118168	1474
10118281	1474
10118400	1474
10118511	1474
10118922	1474
10119288	1474
10119405	1474
10119539	1474
10119631	1474
10159537	1474
10159839	1474
10159957	1474
10160057	1474
10160145	1474
10160254	1474
10160361	1474
10160470	1474
10160582	1474
10199265	1474
10199494	1474
10199605	1474
10199715	1474
10199825	1474
10199933	1474
10200056	1474
10200142	1474
10200250	1474
10240285	1474
10240383	1474
10240682	1474
10240777	1474
10240861	1474
10240985	1474
10241169	1474
10241269	1474
10241371	1474
10278931	1474
10279240	1474
10279366	1474
10279462	1474
10279581	1474
10279775	1474
10279887	1474
10280003	1474
10280091	305
10280197	1474
10319053	1474
10319276	1474
10319369	1474
10319510	1474
10319631	1474
10319724	1474
10319835	1474
10319931	1474
10320024	1474
10365991	1474
10366204	1474
10366301	1474
10366419	1474
10366537	446
10389279	1474
10389406	1474
10389504	1474
10389598	1474
10389717	1474
10410722	1474
10410909	1474
10411032	1474
10411253	1474
10411378	1474
10411471	1474
10411588	1474
10411706	1474
10412025	1474
10451472	1474
10451715	1474
10451820	1474
10451917	1474
11165047	1474
11165299	1474
11165422	1474
11165538	1474
11165656	1474
11165751	1474
11165843	1474
11165960	1474
11166091	1474
11166185	1474
11206161	1474
11206350	1474
11206471	1474
11206588	1474
11206705	1474
11206798	1474
11206915	1474
11207016	1474
11207135	1474
11963968	1474
11964191	1474
11964407	1474
11964503	1474
11964628	1474
11964724	1474
11964848	1474
11964944	1474
11965087	1474
11965270	1474
12005521	1474
12005854	1474
12005944	1474
12006053	1474
12006186	1474
12006306	1474
12006419	1474
12006514	1474
12006633	1474
12763488	1474
12763787	1474
12763929	1474
12764040	1474
12764157	1474
12764253	1474
12764400	1474
12764518	1474
12764647	1474
12764785	1474
12804476	1474
12804711	1474
12804851	1474
12804970	1474
13829330	1474
13829476	1474
13829564	1474
13829663	1474
13829775	1474
13829886	1474
13830004	1474
13830115	1474
13830236	1474
13830353	1474
13875351	1474
13875495	1474
13875711	1474
13875835	1474
13875954	1474
13876062	1474
13876222	1474
13876317	1474
13876442	1474
13876560	1474
14361541	1474
14361722	1474
14361846	1474
14361943	1474
14362038	1474
14362133	1474
14362252	1474
14362383	1474
14362469	1474
14362561	1474
14410658	1474
14410764	1474
14410959	1474
14411081	1474
14411168	1474
14411272	1474
14411382	1474
14411524	1474
15427257	1474
15427408	1474
15427614	1474
15427821	1474
15427971	1474
15428135	1474
15428418	1474
15428690	1474
15428818	1474
15428939	1474
15429062	1474
15429196	1474
15473025	1474
15473166	1474
15473310	1474
16226234	1474
16226412	1474
16226540	1474
16226656	1474
16226776	1474
16226918	1474
16227021	1474
16227144	1474
16227270	1474
16227421	1474
16227542	1474
16272867	1474
16272983	1474
16273151	1474
16273335	1474
16273463	1474
16273593	1474
16273709	1474
16273830	1474
16273930	1474
17027006	1474
17027189	1474
17027310	1474
17027405	1474
17027525	1474
17027645	1474
17027739	1474
17027857	1474
17027977	1474
17028119	1474
17028251	1474
17068021	1474
17068176	1474
17068272	1474
17068367	1474
17558097	1474
17558210	1474
17558384	1474
17558503	1474
17558641	1474
17558865	1474
17558991	1474
17559111	1474
17559200	1474
17559316	1474
17559410	1474
17599341	1474
17599455	1474
17599596	1474
17599713	1474
17599832	1474
17599920	1474
17600037	1474
17600156	1474
17600250	1474
18356976	1474
18357149	1474
18357283	1474
18357403	1474
18357524	1474
18357758	1474
18357884	1474
18358099	1474
18358221	1474
18358314	1474
18358406	1474
18358523	1474
18401217	1474
18401496	1474
18401616	1474
19155858	1474
19156086	1474
19156274	1474
19156397	1474
19156515	1474
19156607	1474
19156723	1474
19156814	1474
19156904	1474
19157034	1474
19157261	1474
19157380	1474
19198255	1474
19198502	1474
19198593	1474
19198688	1474
19198804	1474
19198935	1474
19199054	1474
19199170	1474
20222024	1474
20222407	1474
20222526	1474
20222618	1474
20222710	1474
20222800	1474
20222915	1474
20223047	1474
20223163	1474
20223277	1474
20223368	1474
20223459	1474
20261948	1474
20262042	1474
20262158	1474
20754638	1474
20754918	1474
20755037	1474
20755127	1474
20755219	1474
20755334	1474
20755474	1474
20755566	1474
20755656	1474
20755774	1474
20755887	1474
20756001	1474
20796331	1474
20796581	1474
20796677	1474
20796766	1474
20796854	1474
20796943	1474
20797059	1474
20797177	1474
21553748	1474
21553888	1474
21553978	1474
21554092	1474
21554182	1474
21554296	1474
21554412	1474
21554527	1474
21554655	1474
21554771	1474
21554862	1474
21554978	1474
21595109	1474
21595215	1474
22352705	1474
22353190	1474
22353367	1474
22353511	1474
22353641	1474
22354017	1474
22354142	1474
22354282	1474
22354477	1474
22354604	1474
22354747	1474
22354845	1474
22398028	1474
22398327	1474
22398449	1474
22398568	1474
22398686	1474
22398795	1474
22398916	1474
22399035	1474
23151754	1474
23152021	1474
23152148	1474
23152436	1474
23152699	1474
23152826	1474
23152945	1474
23153370	1474
23153474	1474
23153561	1474
23153657	1474
23153783	1474
23153907	1474
23154034	1474
23951367	1474
23951663	1474
23952043	1474
23952470	1474
23952665	1474
23952798	1474
23952918	1474
23953015	1474
23953412	1474
23953501	1474
23953618	1474
23953731	1474
23953851	1474
23955866	1474
23995675	1474
23995819	1474
23995936	1474
24750590	1474
24750947	1474
24751206	1474
24751335	1474
24751665	1474
24751766	1474
24751886	1474
24751990	1474
24752175	1474
24752279	1474
24752415	1474
24752524	1474
24752663	1474
24755144	1474
24792328	1474
24792487	1474
24792577	1474
25549872	1474
25550141	1474
25550264	1474
25550379	1474
25550499	1474
25550595	1474
25550697	1474
25550793	1474
25550913	1474
25551036	1474
25551155	1474
25551242	1474
25551337	1474
25591230	1474
25591345	1474
25591628	1474
25591765	1474
25591872	1474
25591967	1474
25592088	1474
25592184	1474
25592303	1474
26615139	1474
26615500	1474
26615644	1474
26615791	1474
26615888	1474
26616022	1474
26616142	1474
26616264	1474
26616387	1474
26616521	1474
26616637	1474
26616770	1474
26616912	1474
26660880	1474
26661160	1474
27148566	1474
27149085	1474
27150006	1474
27150251	1474
27150425	1474
27150609	1474
27150860	1474
27151006	1474
27151178	1474
27151320	1474
27151456	1474
27151594	1474
27151732	1474
27154501	1474
27192878	1474
27946962	1474
27947141	1474
27947498	1474
27948226	1474
27948384	1474
27948635	1474
27948758	1474
27948878	1474
27948999	1474
27949199	1474
27949324	1474
27949453	1474
27949557	1474
27949654	1474
27992380	1474
27992501	1474
28746225	1474
28746670	1474
28747261	1474
28747490	1474
28747855	1474
28747999	1474
28748192	1474
28748446	1474
28748587	1474
28748760	1474
28748924	1474
28749063	1474
28749250	1474
28749394	1474
28752284	1474
28787559	1474
28787769	1474
29547332	1474
29547682	1474
29547783	1474
29547878	1474
29548096	1474
29548216	1474
29548311	1474
29548431	1474
29548541	1474
29548651	1474
29548795	1474
29548914	1474
29549051	1474
29549241	1474
29587226	1474
29587838	1474
29587985	1474
29588108	1474
29588200	1474
29588295	1474
29588391	1474
29588511	1474
30344986	1474
30345354	1474
30345493	1474
30345631	1474
30345749	1474
30345845	1474
30345981	1474
30346074	1474
30346264	1474
30346361	1474
30346481	1474
30346600	1474
31144598	1474
31144918	1474
31145042	1474
31145339	1474
31145498	1474
31145828	1474
31145954	1474
31146081	1474
31146427	1474
31146541	1474
31146665	1474
31146792	1474
31146910	1474
31147030	1474
31148925	1474
31186699	1474
31943381	1474
31943626	1474
31944011	1474
31944150	1474
31944370	1474
31944474	1474
31944613	1474
31945041	1474
31945235	1474
31945360	1474
31945482	1474
31945607	1474
31945737	1474
31945858	1474
31947672	1474
31987090	1474
31987212	1474
32742826	1474
32743126	1474
32743251	1474
32743375	1474
32743479	1474
32743615	1474
32743710	1474
32743845	1474
32743971	1474
32744091	1474
32744201	1474
32744324	1474
32744429	1474
32744547	1474
32744680	1474
32784940	1474
32785084	1474
33541941	1474
33542469	1474
33542575	1474
33543118	1474
33543232	1474
33543364	1474
33543466	1474
33543583	1474
33543691	1474
33543788	1474
33543954	1474
33544080	1474
33544204	1474
33544304	1474
33544399	1474
33586510	1474
33586643	1474
33586765	1474
34341091	1474
34341431	1474
34341811	1474
34342036	1474
34342185	1474
34342374	1474
34342549	1474
34342715	1474
34342931	1474
34343098	1474
34343262	1474
34343400	1474
34343544	1474
34343708	1474
34343870	1474
34347072	1474
34382360	1474
34382605	1474
35140240	1474
35140631	1474
35140851	1474
35140972	1474
35141156	1474
35141333	1474
35141454	1474
35141571	1474
35141689	1474
35141822	1474
35141915	1474
35142007	1474
35142124	1474
35142241	1474
35142357	1474
35182004	1474
35182126	1474
35182220	1474
35942027	1474
35942259	1474
35942744	1474
35942897	1474
35943064	1474
35943709	1474
35943840	1474
35943966	1474
35944101	1474
35944219	1474
35944336	1474
35944483	1474
35944695	1474
35944907	1474
35945045	1474
35945196	1474
35984549	1474
35984689	1474
36738280	1474
36738669	1474
36738796	1474
36738907	1474
36739043	1474
36739168	1474
36739394	1474
36739651	1474
36739779	1474
36739918	1474
36740050	1474
36740147	1474
36740318	1474
36740419	1474
36740513	1474
36740648	1474
36779564	1474
36779945	1474
37541936	1474
37542060	1474
37542361	1474
37542461	1474
37542575	1474
37542670	1474
37542938	1474
37543059	1474
37543165	1474
37543262	1474
37543380	1474
37543492	1474
37543625	1474
37543756	1474
37543868	1474
37583672	1474
37583805	1474
38337066	1474
38337240	1474
38337518	1474
38337635	1474
38337752	1474
38337989	1474
38338130	1474
38338228	1474
38338319	1474
38338550	1474
38338643	1474
38338760	1474
38338867	1474
38338984	1474
38339104	1474
38339220	1474
38339336	1474
38378151	1474
39136046	1474
39136656	1474
39136753	1474
39136854	1474
39137104	1474
39137357	1474
39137444	1474
39137654	1474
39137774	1474
39137889	1474
39138006	1474
39138121	1474
39138224	1474
39138320	1474
39138419	1474
39138535	1474
39140288	1474
39177391	1474
40202145	1474
40202427	1474
40202522	1474
40202617	1474
40202710	1474
40202803	1474
40202921	1474
40203041	1474
40203155	1474
40203262	1474
40203358	1474
40203448	1474
40203565	1474
40203657	1474
40203750	1474
40203844	1474
40247354	1474
40247494	1474
41001012	1474
41001293	1474
41001503	1474
41001707	1474
41001947	1474
41002296	1474
41002457	1474
41002622	1474
41002785	1474
41002951	1474
41003117	1474
41003283	1474
41003421	1474
41003569	1474
41003735	1474
41003873	1474
41004037	1474
41803298	1474
41803490	1474
41803649	1474
41803806	1474
41803954	1474
41804098	1474
41804218	1474
41804362	1474
41804482	1474
41804624	1474
41804784	1474
41804928	1474
41805075	1474
41805264	1474
41805434	1474
41805579	1474
41847204	1474
41847354	1474
42599594	1474
42599940	1474
42600092	1474
42600320	1474
42600514	1474
42600688	1474
42600873	1474
42601040	1474
42601258	1474
42601426	1474
42601591	1474
42601753	1474
42601916	1474
42602085	1474
42602248	1474
42602414	1474
42602580	1474
42646542	1474
43398600	1474
43398808	1474
43398983	1474
43399151	1474
43399330	1474
43399552	1474
43399742	1474
43399900	1474
43400089	1474
43400315	1474
43400469	1474
43400638	1474
43400775	1474
43400912	1474
43401081	1474
43401314	1474
43401513	1474
43401734	1474
44198651	1474
44198835	1474
44199004	1474
44199200	1474
44199416	1474
44199715	1474
44199887	1474
44200124	1474
44200284	1474
44200430	1474
44200567	1474
44200749	1474
44200886	1474
44201027	1474
44201236	1474
44201432	1474
44201649	1474
44201799	1474
44997218	1474
44997401	1474
44997595	1474
44997761	1474
44997934	1474
44998099	1474
44998266	1474
44998430	1474
44998592	1474
44998755	1474
44998897	1474
44999073	1474
44999214	1474
44999352	1474
44999516	1474
44999679	1474
44999846	1474
45040576	1474
45796389	1474
45796746	1474
45796919	1474
45797317	1474
45797552	1474
45797751	1474
45797934	1474
45798127	1474
45798307	1474
45798446	1474
45798583	1474
45798718	1474
45798881	1474
45799020	1474
45799194	1474
45799372	1474
45799534	1474
45799696	1474
46595630	1474
46595828	1474
46595995	1474
46596162	1474
46596324	1474
46596490	1474
46596667	1474
46596834	1474
46596996	1474
46597158	1474
46597347	1474
46597506	1474
46597658	1474
46597822	1474
46597985	1474
46598145	1474
47395169	1474
47395352	1474
47395517	1474
47395676	1474
47395819	1474
47395956	1474
47396093	1474
47396233	1474
47396367	1474
47396526	1474
47396683	1474
47396854	1474
47397017	1474
47397234	1474
47397408	1474
47397623	1474
47397787	1474
47441471	1474
48194204	1474
48194387	1474
48194528	1474
48194688	1474
48194941	1474
48195141	1474
48195315	1474
48195504	1474
48195673	1474
48195864	1474
48196030	1474
48196174	1474
48196313	1474
48196475	1474
48196609	1474
48196742	1474
48196903	1474
48993591	1474
48993899	1474
48994084	1474
48994251	1474
48994462	1474
48994683	1474
48994831	1474
48994966	1474
48995126	1474
48995265	1474
48995428	1474
48995599	1474
48996000	1474
48996231	1474
48996428	1474
48996626	1474
48996765	1474
49793022	1474
49793921	1474
49794228	1474
49794479	1474
49794631	1474
49794865	1474
49795026	1474
49795186	1474
49795325	1474
49795484	1474
49795618	1474
49795790	1474
49795957	1474
49796117	1474
49796251	1474
49796389	1474
49796549	1474
50592008	1474
50592270	1474
50592455	1474
50592633	1474
50592834	1474
50592999	1474
50593225	1474
50593392	1474
50593559	1474
50593719	1474
50593857	1474
50593994	1474
50594166	1474
50594327	1474
50594465	1474
50594601	1474
50594765	1474
50636924	1474
51391381	1474
51391660	1474
51391967	1474
51392125	1474
51392455	1474
51392641	1474
51392834	1474
51393006	1474
51393146	1474
51393330	1474
51393493	1474
51393679	1474
51393842	1474
51394003	1474
51394169	1474
51394329	1474
51394502	1474
51394670	1474
52191172	1474
52191416	1474
52191560	1474
52191695	1474
52191867	1474
52192028	1474
52192192	1474
52192347	1474
52192515	1474
52192676	1474
52192850	1474
52193010	1474
52193175	1474
52193388	1474
52193533	1474
52193697	1474
52193837	1474
52193977	1474
52990208	1474
52990499	1474
52990670	1474
52991367	1474
52991570	1474
52991861	1474
52992031	1474
52992201	1474
52992364	1474
52992501	1474
52992638	1474
52992777	1474
52992962	1474
52993138	1474
52993330	1474
52993504	1474
52993670	1474
53788719	1474
53789124	1474
53789577	1474
53790079	1474
53790276	1474
53790450	1474
53790589	1474
53790726	1474
53790890	1474
53791027	1474
53791166	1474
53791328	1474
53791500	1474
53791663	1474
53791802	1474
53791966	1474
53792129	1474
53792292	1474
54588372	1474
54588635	1474
54588764	1474
54589676	1474
54589921	1474
54590052	1474
54590270	1474
54590395	1474
54590539	1474
54590660	1474
54590841	1474
54590938	1474
54591037	1474
54591131	1474
54591250	1474
54591348	1474
54591462	1474
55388040	1474
55388224	1474
55388926	1474
55389177	1474
55389291	1474
55389415	1474
55389694	1474
55389820	1474
55389942	1474
55390044	1474
55390318	1474
55390469	1474
55390558	1474
55390675	1474
55390792	1474
55390904	1474
55394012	1474
56187049	1474
56187328	1474
56187470	1474
56188313	1474
56188560	1474
56188684	1474
56188983	1474
56189110	1474
56189278	1474
56189416	1474
56189607	1474
56189748	1474
56189836	1474
56189952	1474
56190082	1474
56190225	1474
56192523	1474
56986421	1474
56986700	1474
56986831	1474
56987629	1474
56987936	1474
56988066	1474
56988210	1474
56988318	1474
56988435	1474
56988555	1474
56988673	1474
56988805	1474
56988900	1474
56989019	1474
56989165	1474
56989397	1474
56989510	1474
57785392	1474
57785653	1474
57785781	1474
57786048	1474
57786174	1474
57786398	1474
57786516	1474
57786608	1474
57786698	1474
57786788	1474
57786880	1474
57786970	1474
57787088	1474
57787219	1474
57787336	1474
57787453	1474
57787571	1474
57787687	1474
58584801	1474
58585184	1474
58585502	1474
58585631	1474
58585929	1474
58586206	1474
58586331	1474
58586425	1474
58586621	1474
58586711	1474
58586802	1474
58586896	1474
58587011	1474
58587097	1474
58587187	1474
58587278	1474
58587395	1474
58587518	1474
59650687	1474
59650896	1474
59651023	1474
59651118	1474
59651241	1474
59651360	1474
59651481	1474
59651604	1474
59651712	1474
59651818	1474
59651936	1474
59652029	1474
59652139	1474
59652236	1474
59652373	1474
59652494	1474
59652624	1474
59652747	1474
60183658	1474
60183871	1474
60184018	1474
60184133	1474
60184290	1474
60184583	1474
60184684	1474
60184817	1474
60184907	1474
60185001	1474
60185121	1474
60185370	1474
60185492	1474
60185619	1474
60185707	1474
60185829	1474
60185950	1474
61248929	1474
61249285	1474
61249497	1474
61249628	1474
61249757	1474
61249856	1474
61250024	1474
61250206	1474
61250336	1474
61250462	1474
61250603	1474
61250724	1474
61250834	1474
61250970	1474
61251091	1474
61251226	1474
61251351	1474
61251487	1474
62048623	1474
62048944	1474
62049068	1474
62049230	1474
62049349	1474
62049472	1474
62049608	1474
62049715	1474
62049838	1474
62049968	1474
62050114	1474
62050212	1474
62050342	1474
62050480	1474
62050579	1474
62050692	1474
62050835	1474
62050957	1474
62847581	1474
62847842	1474
62847965	1474
62848105	1474
62848252	1474
62848388	1474
62848507	1474
62848644	1474
62848739	1474
62848868	1474
62848963	1474
62849121	1474
62849295	1474
62849384	1474
62849510	1474
62849605	1474
62849728	1474
63647134	1474
63647348	1474
63647510	1474
63647749	1474
63647876	1474
63648016	1474
63648114	1474
63648237	1474
63648358	1474
63648477	1474
63648613	1474
63648734	1474
63648854	1474
63648974	1474
63649096	1474
63649259	1474
63649504	1474
64446355	1474
64446751	1474
64446944	1474
64447180	1474
64447400	1474
64447574	1474
64447716	1474
64447868	1474
64448031	1474
64448191	1474
64448350	1474
64448511	1474
64448673	1474
64448817	1474
64448979	1474
64449115	1474
64449332	1474
64449526	1474
65245475	1474
65246373	1474
65246572	1474
65246748	1474
65246909	1474
65247046	1474
65247195	1474
65247334	1474
65247499	1474
65247660	1474
65247802	1474
65247964	1474
65248127	1474
65248274	1474
65248411	1474
65248572	1474
65248736	1474
65248873	1474
65778806	1474
65779209	1474
65779362	1474
65779488	1474
65779612	1474
65779775	1474
65779923	1474
65780047	1474
65780169	1474
65780318	1474
65780463	1474
65780607	1474
65780769	1474
65780893	1474
65781040	1474
66577640	1474
66577953	1474
66578126	1474
66578291	1474
66578453	1474
66578614	1474
66578751	1474
66578913	1474
66579074	1474
66579248	1474
66579385	1474
66579545	1474
66579705	1474
66579864	1474
66579996	1474
66580137	1474
67377101	1474
67377388	1474
67377510	1474
67377640	1474
67377757	1474
67377874	1474
67377970	1474
67378160	1474
67378285	1474
67378566	1474
67378687	1474
67378778	1474
67378871	1474
67378988	1474
67379081	1474
67379170	1474
67379287	1474
67379377	1474
68177405	1474
68177615	1474
68177752	1474
68177871	1474
68177999	1474
68178113	1474
68178213	1474
68178308	1474
68178437	1474
68178555	1474
68178669	1474
68178797	1474
68178897	1474
68179026	1474
68179162	1474
68179280	1474
68179379	1474
68179513	1474
69241954	1474
69242186	1474
69242332	1474
69242804	1474
69243052	1474
69243208	1474
69243348	1474
69243444	1474
69243560	1474
69243678	1474
69243800	1474
69243919	1474
69244015	1474
69244152	1474
69244247	1474
69244342	1474
69244461	1474
69244571	1474
70041443	1474
70041598	1474
70041861	1474
70041964	1474
70042441	1474
70042602	1474
70042724	1474
70042862	1474
70042982	1474
70043102	1474
70043221	1474
70043339	1474
70043433	1474
70043567	1474
70043684	1474
70043821	1474
70043941	1474
70574504	1474
70574698	1474
70574969	1474
70575085	1474
70575211	1474
70575498	1474
70575628	1474
70575750	1474
70575873	1474
70575966	1474
70576067	1474
70576167	1474
70576286	1474
70576381	1474
70576503	1474
70576605	1474
70576737	1474
71373657	1474
71373950	1474
71374100	1474
71374245	1474
71374368	1474
71374480	1474
71374603	1474
71374728	1474
71374859	1474
71374980	1474
71375071	1474
71375187	1474
71375274	1474
71375408	1474
71375533	1474
71375628	1474
72172574	1474
72172778	1474
72172963	1474
72173109	1474
72173276	1474
72173514	1474
72173640	1474
72173756	1474
72173862	1474
72173980	1474
72174096	1474
72174187	1474
72174302	1474
72174394	1474
72174509	1474
72174624	1474
72174741	1474
72174874	1474
72972884	1474
72973157	1474
72973295	1474
72973384	1474
72973475	1474
72973604	1474
72973826	1474
72973950	1474
72974065	1474
72974180	1474
72974307	1474
72974398	1474
72974515	1474
72974606	1474
72974721	1474
72974837	1474
72974953	1474
73771516	1474
73771897	1474
73772119	1474
73772247	1474
73772675	1474
73772803	1474
73772888	1474
73773007	1474
73773114	1474
73773283	1474
73773375	1474
73773466	1474
73773592	1474
73773689	1474
73773785	1474
73773904	1474
73774024	1474
74570912	1474
74571240	1474
74571339	1474
74571436	1474
74571533	1474
74571650	1474
74571784	1474
74571901	1474
74572054	1474
74572174	1474
74572275	1474
74572393	1474
74572490	1474
74572610	1474
74572746	1474
74572886	1474
75370264	1474
75370554	1474
75370677	1474
75370792	1474
75370884	1474
75370974	1474
75371088	1474
75371179	1474
75371269	1474
75371390	1474
75371482	1474
75371596	1474
75371710	1474
75371825	1474
75371918	1474
75372033	1474
75372149	1474
75372267	1474
76169717	1474
76169980	1474
76170073	1474
76170191	1474
76170283	1474
76170401	1474
76170519	1474
76170613	1474
76170730	1474
76170840	1474
76170959	1474
76171063	1474
76171155	1474
76171271	1474
76171363	1474
76171478	1474
76171595	1474
76171714	1474
76968929	1474
76969217	1474
76969324	1474
76969444	1474
76969535	1474
76969648	1474
76969762	1474
76969881	1474
76969972	1474
76970091	1474
76970189	1474
76970307	1474
76970427	1474
76970520	1474
76970635	1474
76970752	1474
76970868	1474
76970984	1474
77769188	1474
77769361	1474
77769454	1474
77769596	1474
77769719	1474
77769844	1474
77770163	1474
77770290	1474
77770404	1474
77770527	1474
77770638	1474
77770763	1474
77770885	1474
77771053	1474
77771174	1474
77771309	1474
77771447	1474
78568048	1474
78568353	1474
78568452	1474
78568592	1474
78568687	1474
78568824	1474
78568944	1474
78569053	1474
78569250	1474
78569387	1474
78569513	1474
78569624	1474
78569752	1474
78569868	1474
78570000	1474
78570145	1474
78570242	1474
78570351	1474
79633564	1474
79633929	1474
79634057	1474
79634154	1474
79634289	1474
79634409	1474
79634524	1474
79634658	1474
79634778	1474
79634906	1474
79635024	1474
79635144	1474
79635277	1474
79635398	1474
79635532	1474
79635629	1474
79635752	1474
79635874	1474
80433082	1474
80433528	1474
80433654	1474
80433747	1474
80433842	1474
80433975	1474
80434096	1474
80434210	1474
80434335	1474
80434439	1474
80434563	1474
80434685	1474
80434830	1474
80434926	1474
80435071	1474
80435164	1474
80435260	1474
80435399	1474
81232427	1474
81232714	1474
81232845	1474
81232969	1474
81233088	1474
81233214	1474
81233308	1474
81233409	1474
81233525	1474
81233618	1474
81233733	1474
81233859	1474
81233979	1474
81234073	1474
81234188	1474
81234279	1474
81234395	1474
81234514	1474
82031946	1474
82032190	1474
82032311	1474
82032463	1474
82032578	1474
82032694	1474
82032811	1474
82032904	1474
82033020	1474
82033166	1474
82033359	1474
82033490	1474
82033607	1474
82033698	1474
82033816	1474
82033908	1474
82033999	1474
82830803	1474
82831001	1474
82831092	1474
82831744	1474
82831936	1474
82832047	1474
82832150	1474
82832237	1474
82832339	1474
82832444	1474
82832550	1474
82832686	1474
82832776	1474
82832867	1474
82832976	1474
82833071	1474
82833235	1474
82833359	1474
83629973	1474
83630268	1474
83630393	1474
83630693	1474
83630820	1474
83630962	1474
83631121	1474
83631333	1474
83631453	1474
83631577	1474
83631721	1474
83631840	1474
83631963	1474
83632086	1474
83632221	1474
83632354	1474
83632615	1474
83632744	1474
84430032	1474
84430344	1474
84430466	1474
84430643	1474
84430764	1474
84430868	1474
84431010	1474
84431131	1474
84431248	1474
84431371	1474
84431489	1474
84431621	1474
84431741	1474
84431862	1474
84431959	1474
84432081	1474
84432222	1474
85228918	1474
85229289	1474
85229413	1474
85229505	1474
85229623	1474
85229739	1474
85229858	1474
85229948	1474
85230062	1474
85230197	1474
85230317	1474
85230436	1474
85230554	1474
85230672	1474
85230789	1474
85230882	1474
85230996	1474
85231089	1474
86028178	1474
86028493	1474
86028633	1474
86028755	1474
86028876	1474
86028972	1474
86029096	1474
86029287	1474
86029411	1474
86029537	1474
86029661	1474
86029783	1474
86029905	1474
86030030	1474
86030196	1474
86030294	1474
86827601	1474
86827859	1474
86827986	1474
86828085	1474
86828183	1474
86828315	1474
86828415	1474
86828540	1474
86828661	1474
86828800	1474
86828900	1474
86829021	1474
86829176	1474
86829340	1474
86829463	1474
86829586	1474
86829710	1474
86829849	1474
87626944	1474
87627176	1474
87627270	1474
87627371	1474
87627463	1474
87627580	1474
87627673	1474
87627789	1474
87627881	1474
87627996	1474
87628115	1474
87628203	1474
87628318	1474
87628449	1474
87628542	1474
87628659	1474
87628788	1474
87628880	1474
88426334	1474
88426544	1474
88426664	1474
88426789	1474
88426883	1474
88426995	1474
88427079	1474
88427314	1474
88427436	1474
88427555	1474
88427669	1474
88427884	1474
88427981	1474
88428097	1474
88428211	1474
88428325	1474
88428416	1474
89225940	1474
89226161	1474
89226296	1474
89226388	1474
89226481	1474
89226573	1474
89226664	1474
89226778	1474
89226871	1474
89226964	1474
89227074	1474
89227168	1474
89227272	1474
89227390	1474
89227506	1474
89227621	1474
90024901	1474
90025160	1474
90025285	1474
90025403	1474
90025493	1474
90025659	1474
90025859	1474
90026077	1474
90026173	1474
90026291	1474
90026405	1474
90026497	1474
90026611	1474
90026717	1474
90026831	1474
90026945	1474
90027038	1474
90824612	1474
90824786	1474
90824881	1474
90825006	1474
90825124	1474
90825282	1474
90825399	1474
90825514	1474
90825632	1474
90825725	1474
90825817	1474
90825921	1474
90826014	1474
90826127	1474
90826219	1474
90826337	1474
91623950	1474
91624126	1474
91624222	1474
91624419	1474
91624540	1474
91624659	1474
91624890	1474
91625017	1474
91625212	1474
91625308	1474
91625502	1474
91625597	1474
91625716	1474
91625834	1474
91625954	1474
91626078	1474
91626197	1474
91626314	1474
92423826	1474
92423974	1474
92424072	1474
92424192	1474
92424316	1474
92424412	1474
92424543	1474
92424710	1474
92424921	1474
92425048	1474
92425199	1474
92425296	1474
92425417	1474
92425544	1474
92425639	1474
92425758	1474
92425889	1474
92426009	1474
93222553	1474
93222724	1474
93222820	1474
93222941	1474
93223038	1474
93223156	1474
93223382	1474
93223509	1474
93223605	1474
93223699	1474
93223793	1474
93223912	1474
93224004	1474
93224101	1474
93224229	1474
93224353	1474
93224470	1474
93224590	1474
94021729	1474
94021964	1474
94022091	1474
94022183	1474
94022359	1474
94022472	1474
94022703	1474
94022806	1474
94022929	1474
94023049	1474
94023144	1474
94023262	1474
94023379	1474
94023497	1474
94023616	1474
94023752	1474
94023844	1474
94822013	1474
94822210	1474
94822304	1474
94822423	1474
94822515	1474
94822607	1474
94822699	1474
94822815	1474
94822932	1474
94823049	1474
94823182	1474
94823300	1474
94823396	1474
94823491	1474
94823582	1474
94823675	1474
95620868	1474
95621022	1474
95621172	1474
95621270	1474
95621388	1474
95621507	1474
95621633	1474
95621750	1474
95621870	1474
95621989	1474
95622077	1474
95622194	1474
95622285	1474
95622376	1474
95622490	1474
95622593	1474
95622713	1474
96153854	1474
96154005	1474
96154100	1474
96154233	1474
96154348	1474
96154467	1474
96154556	1474
96154668	1474
96154784	1474
96154912	1474
96155029	1474
96155154	1474
96155272	1474
96155365	1474
96155480	1474
96155575	1474
96954065	1474
96954222	1474
96954346	1474
96954443	1474
96954618	1474
96954753	1474
96954995	1474
96955123	1474
96955220	1474
96955318	1474
96955413	1474
96955659	1474
96955754	1474
96955871	1474
96955991	1474
96956085	1474
96956203	1474
97752704	1474
97752989	1474
97753226	1474
97753358	1474
97753496	1474
97753689	1474
97753818	1474
97753915	1474
97754044	1474
97754413	1474
97754541	1474
97754664	1474
97754802	1474
97754923	1474
97755024	1474
97755141	1474
97755257	1474
98552324	1474
98552546	1474
98552671	1474
98552765	1474
98552858	1474
98552977	1474
98553255	1474
98553358	1474
98553454	1474
98553586	1474
98553706	1474
98553823	1474
98553919	1474
98554035	1474
98554152	1474
98554268	1474
99351384	1474
99351535	1474
99351645	1474
99351841	1474
99351997	1474
99352112	1474
99352209	1474
99352342	1474
99352465	1474
99352595	1474
99352697	1474
99352816	1474
99352907	1474
99353029	1474
99353194	1474
99353287	1474
100150716	1474
100150899	1474
100150988	1474
100151088	1474
100151183	1474
100151305	1474
100151422	1474
100151545	1474
100151666	1474
100151794	1474
100151915	1474
100152035	1474
100152130	1474
100152252	1474
100152395	1474
100152526	1474
100152623	1474
100152721	1474
100949862	1474
100950025	1474
100950155	1474
100950325	1474
100950451	1474
100950574	1474
100950694	1474
100950827	1474
100950964	1474
100951087	1474
100951182	1474
100951307	1474
100951417	1474
100951537	1474
100951661	1474
100951760	1474
100951866	1474
100951995	1474
101749454	1474
101749726	1474
101749827	1474
101749971	1474
101750069	1474
101750166	1474
101750298	1474
101750423	1474
101750548	1474
101750670	1474
101750773	1474
101750888	1474
101751010	1474
101751108	1474
101751230	1474
101751444	1474
101751566	1474
101752152	1474
102549183	1474
102549620	1474
102549758	1474
102550266	1474
102550566	1474
102550696	1474
102550845	1474
102551130	1474
102551265	1474
102551361	1474
102551482	1474
102551606	1474
102551724	1474
102551860	1474
102551975	1474
102552093	1474
102552217	1474
102552355	1474
103348546	1474
103348758	1474
103348926	1474
103349923	1474
103350119	1474
103350239	1474
103350341	1474
103350475	1474
103350599	1474
103350729	1474
103350851	1474
103350983	1474
103351105	1474
103351232	1474
103351355	1474
103351479	1474
103351604	1474
103351726	1474
104150208	1474
104150333	1474
104150469	1474
104150605	1474
104150735	1474
104151048	1474
104151152	1474
104151288	1474
104151414	1474
104151535	1474
104151659	1474
104151811	1474
104151932	1474
104152052	1474
104152176	1474
104152273	1474
104947664	1474
104947835	1474
104948143	1474
104948303	1474
104948545	1474
104948749	1474
104948877	1474
104949007	1474
104949134	1474
104949388	1474
104949491	1474
104949624	1474
104949742	1474
104949840	1474
104949987	1474
104950151	1474
104952612	1474
105746188	1474
105746404	1474
105746549	1474
105746670	1474
105746822	1474
105747036	1474
105747128	1474
105747248	1474
105747466	1474
105747601	1474
105747754	1474
105747878	1474
105747973	1474
105748105	1474
105748197	1474
105748314	1474
105748399	1474
106279701	1474
106279922	1474
106280012	1474
106280116	1474
106280206	1474
106280344	1474
106280470	1474
106280609	1474
106280731	1474
106280853	1474
106280976	1474
106281110	1474
106281292	1474
106281422	1474
106281528	1474
107078650	1474
107079186	1474
107079474	1474
107079580	1474
107080256	1474
107080390	1474
107080627	1474
107080774	1474
107080914	1474
107081012	1474
107081169	1474
107081315	1474
107081449	1474
107081583	1474
107081706	1474
107081845	1474
107878402	1474
107878742	1474
107878882	1474
107879033	1474
107879127	1474
107879231	1474
107879323	1474
107879445	1474
107879571	1474
107879676	1474
107879817	1474
107879940	1474
107880060	1474
107880189	1474
107880302	1474
107880425	1474
107880545	1474
108944666	1474
108945001	1474
108945151	1474
108945315	1474
108945498	1474
108945636	1474
108945904	1474
108946037	1474
108946164	1474
108946297	1474
108946421	1474
108946564	1474
108946662	1474
108946772	1474
108946895	1474
108947022	1474
108947134	1474
108947254	1474
109476762	1474
109476957	1474
109477275	1474
109477449	1474
109477616	1474
109477756	1474
109477895	1474
109478079	1474
109478264	1474
109478403	1474
109478571	1474
109478709	1474
109478872	1474
109479036	1474
109479206	1474
109479373	1474
109479511	1474
110276617	1474
110276791	1474
110276913	1474
110277256	1474
110277507	1474
110277643	1474
110277782	1474
110277879	1474
110278015	1474
110278150	1474
110278274	1474
110278398	1474
110278520	1474
110278655	1474
110278782	1474
110278921	1474
110279026	1474
111342567	1474
111342853	1474
111342998	1474
111343686	1474
111344069	1474
111344226	1474
111344470	1474
111344596	1474
111344719	1474
111344852	1474
111345010	1474
111345227	1474
111345331	1474
111345476	1474
111345598	1474
111345744	1474
111345879	1474
111346014	1474
112141744	1474
112142071	1474
112142860	1474
112143018	1474
112143172	1474
112143389	1474
112143493	1474
112143633	1474
112143756	1474
112143855	1474
112143959	1474
112144098	1474
112144222	1474
112144334	1474
112144456	1474
112144553	1474
112144676	1474
112144785	1474
112941392	1474
112941627	1474
112941749	1474
112941844	1474
112941973	1474
112942086	1474
112942180	1474
112942367	1474
112942467	1474
112942582	1474
112942674	1474
112942786	1474
112942919	1474
112943035	1474
112943126	1474
112943247	1474
112943338	1474
112943450	1474
113740476	1474
113740829	1474
113740975	1474
113741141	1474
113741410	1474
113741590	1474
113741757	1474
113741921	1474
113742104	1474
113742270	1474
113742420	1474
113742650	1474
113742869	1474
113743027	1474
113743169	1474
113743348	1474
113743503	1474
113743665	1474
114539590	1474
114539943	1474
114540162	1474
114540397	1474
114540651	1474
114540818	1474
114540996	1474
114541138	1474
114541327	1474
114541493	1474
114541678	1474
114541820	1474
114541998	1474
114542133	1474
114542272	1474
114542436	1474
114542595	1474
115340059	1474
115340315	1474
115340412	1474
115340531	1474
115340619	1474
115340711	1474
115340807	1474
115340926	1474
115341018	1474
115341134	1474
115341289	1474
115341418	1474
115341513	1474
115341629	1474
115341746	1474
115341864	1474
115341984	1474
115342100	1474
116138877	1474
116139084	1474
116139335	1474
116139462	1474
116139723	1474
116139972	1474
116140099	1474
116140195	1474
116140369	1474
116140488	1474
116140608	1474
116140725	1474
116140826	1474
116140916	1474
116141036	1474
116141156	1474
116141315	1474
116141415	1474
116938403	1474
116938752	1474
116938934	1474
116939031	1474
116939217	1474
116939492	1474
116939716	1474
116939817	1474
116939938	1474
116940037	1474
116940157	1474
116940292	1474
116940413	1474
116940502	1474
116940620	1474
116940712	1474
116940805	1474
116940924	1474
117737516	1474
117737837	1474
117738041	1474
117738297	1474
117738536	1474
117738705	1474
117738850	1474
117738991	1474
117739125	1474
117739261	1474
117739423	1474
117739560	1474
117739700	1474
117739878	1474
117740016	1474
117740158	1474
117740320	1474
118537523	1474
118537806	1474
118537928	1474
118538018	1474
118538131	1474
118538316	1474
118538553	1474
118538655	1474
118538748	1474
118538865	1474
118538960	1474
118539078	1474
118539200	1474
118539335	1474
118539430	1474
118539548	1474
118539672	1474
118539791	1474
119336529	1474
119336927	1474
119337054	1474
119337248	1474
119337480	1474
119337607	1474
119337702	1474
119337981	1474
119338107	1474
119338203	1474
119338295	1474
119338504	1474
119338631	1474
119338749	1474
119338877	1474
119338998	1474
119341276	1474
120135947	1474
120136264	1474
120136361	1474
120136480	1474
120136595	1474
120136711	1474
120136802	1474
120136919	1474
120137013	1474
120137210	1474
120137351	1474
120137471	1474
120137588	1474
120137683	1474
120137778	1474
120137872	1474
120938372	1474
120938497	1474
120938600	1474
120938701	1474
120938825	1474
120938943	1474
120939165	1474
120939269	1474
120939391	1474
120939519	1474
120939614	1474
120939743	1474
120939835	1474
120939954	1474
120940073	1474
120940216	1474
121734690	1474
121734978	1474
121735329	1474
121735431	1474
121736018	1474
121736374	1474
121736506	1474
121736630	1474
121736776	1474
121736900	1474
121737011	1474
121737110	1474
121737303	1474
121737404	1474
121737530	1474
121737697	1474
121737824	1474
122534750	1474
122535087	1474
122535211	1474
122535331	1474
122535430	1474
122535552	1474
122535922	1474
122536051	1474
122536171	1474
122536266	1474
122536386	1474
122536481	1474
122536601	1474
122536702	1474
122536823	1474
122536921	1474
122537092	1474
123337203	1474
123337348	1474
123337468	1474
123337587	1474
123337709	1474
123337866	1474
123338055	1474
123338151	1474
123338288	1474
123338407	1474
123338527	1474
123338622	1474
123338742	1474
123338837	1474
123338933	1474
123339050	1474
123339145	1474
124133498	1474
124134025	1474
124134156	1474
124134354	1474
124134494	1474
124134738	1474
124134878	1474
124135091	1474
124135229	1474
124135324	1474
124135450	1474
124135546	1474
124135795	1474
124135987	1474
124136109	1474
124136219	1474
124136318	1474
124932477	1474
124932829	1474
124932963	1474
124933968	1474
124934229	1474
124934352	1474
124934473	1474
124934723	1474
124934836	1474
124934972	1474
124935094	1474
124935218	1474
124935353	1474
124935461	1474
124935601	1474
124935723	1474
124935831	1474
124935963	1474
125465616	1474
125466021	1474
125466178	1474
125466288	1474
125466412	1474
125466525	1474
125466748	1474
125466881	1474
125467022	1474
125467158	1474
125467421	1474
125467515	1474
125467625	1474
125467747	1474
125467847	1474
125467962	1474
125468067	1474
126264734	1474
126264973	1474
126265287	1474
126265418	1474
126265558	1474
126265786	1474
126265892	1474
126266110	1474
126266234	1474
126266356	1474
126266476	1474
126266586	1474
126266684	1474
126266806	1474
126266922	1474
126267019	1474
126267140	1474
127064511	1474
127064825	1474
127064963	1474
127065172	1474
127065285	1474
127066142	1474
127066307	1474
127066437	1474
127066563	1474
127066701	1474
127066838	1474
127066946	1474
127067078	1474
127067202	1474
127067324	1474
127067447	1474
127067567	1474
128130308	1474
128130700	1474
128130817	1474
128130908	1474
128131028	1474
128131216	1474
128131316	1474
128131452	1474
128131543	1474
128131659	1474
128131751	1474
128131867	1474
128132030	1474
128132255	1474
128132387	1474
128132508	1474
128132637	1474
128132752	1474
128929716	1474
128930005	1474
128930124	1474
128930239	1474
128930333	1474
128930451	1474
128930683	1474
128930782	1474
128930910	1474
128931030	1474
128931122	1474
128931236	1474
128931351	1474
128931469	1474
128931558	1474
128931672	1474
128931756	1474
128931845	1474
129729535	1474
129729944	1474
129730076	1474
129730183	1474
129730298	1474
129730385	1474
129730490	1474
129730607	1474
129730700	1474
129730814	1474
129730930	1474
129731029	1474
129731130	1474
129731225	1474
129731341	1474
129731468	1474
129731593	1474
130529054	1474
130529481	1474
130529604	1474
130529722	1474
130529816	1474
130529912	1474
130530179	1474
130530311	1474
130530436	1474
130530535	1474
130530659	1474
130530758	1474
130530881	1474
130531010	1474
130531177	1474
130531266	1474
130531380	1474
130531500	1474
131328744	1474
131329063	1474
131329199	1474
131329317	1474
131329410	1474
131329558	1474
131329757	1474
131329875	1474
131329999	1474
131330117	1474
131330209	1474
131330301	1474
131330417	1474
131330533	1474
131330649	1474
131330766	1474
131330859	1474
131330950	1474
132128824	1474
132129147	1474
132129271	1474
132129389	1474
132129504	1474
132129621	1474
132129738	1474
132129854	1474
132129984	1474
132130076	1474
132130193	1474
132130286	1474
132130378	1474
132130470	1474
132130562	1474
132130654	1474
132130746	1474
132928435	1474
132928742	1474
132928840	1474
132928933	1474
132929022	1474
132929176	1474
132929269	1474
132929384	1474
132929479	1474
132929597	1474
132929689	1474
132929804	1474
132929934	1474
132930027	1474
132930143	1474
132930261	1474
132930375	1474
132930492	1474
133729224	1474
133729548	1474
133729654	1474
133729784	1474
133729902	1474
133729995	1474
133730110	1474
133730204	1474
133730318	1474
133730411	1474
133730504	1474
133730622	1474
133730746	1474
133730864	1474
133730957	1474
133731049	1474
133731141	1474
133731234	1474
134528151	1474
134528370	1474
134528531	1474
134528716	1474
134528946	1474
134529140	1474
134529320	1474
134529485	1474
134529642	1474
134529804	1474
134529938	1474
134530098	1474
134530276	1474
134530438	1474
134530579	1474
134530714	1474
134530873	1474
135328170	1474
135328367	1474
135328540	1474
135328708	1474
135328923	1474
135329092	1474
135329297	1474
135329467	1474
135329606	1474
135329740	1474
135329874	1474
135330008	1474
135330143	1474
135330302	1474
135330437	1474
135330618	1474
135330777	1474
135330935	1474
136128426	1474
136128683	1474
136128847	1474
136129032	1474
136129265	1474
136129458	1474
136129621	1474
136129756	1474
136129914	1474
136130072	1474
136130230	1474
136130396	1474
136130555	1474
136130688	1474
136130822	1474
136130955	1474
136131114	1474
136131273	1474
136928169	1474
136928509	1474
136928670	1474
136928806	1474
136928940	1474
136929099	1474
136929281	1474
136929537	1474
136929696	1474
136929855	1474
136929989	1474
136930150	1474
136930338	1474
136930501	1474
136930660	1474
136930816	1474
137728003	1474
137728227	1474
137728390	1474
137728549	1474
137728684	1474
137728843	1474
137729001	1474
137729161	1474
137729388	1474
137729530	1474
137729664	1474
137729823	1474
137729983	1474
137730141	1474
137730282	1474
137730416	1474
137730549	1474
137730684	1474
138527753	1474
138527952	1474
138528135	1474
138528285	1474
138528422	1474
138528582	1474
138528741	1474
138528876	1474
138529037	1474
138529180	1474
138529393	1474
138529559	1474
138529721	1474
138529879	1474
138530015	1474
139327143	1474
139327361	1474
139327522	1474
139327689	1474
139327907	1474
139328077	1474
139328243	1474
139328402	1474
139328536	1474
139328672	1474
139328831	1474
139328990	1474
139329162	1474
139329358	1474
139329526	1474
139329686	1474
139329846	1474
140128342	1474
140128538	1474
140128718	1474
140128949	1474
140129191	1474
140129359	1474
140129494	1474
140129654	1474
140129787	1474
140129946	1474
140130093	1474
140130253	1474
140130386	1474
140130546	1474
140130706	1474
140130867	1474
140131035	1474
140926994	1474
140927197	1474
140927374	1474
140927631	1474
140927860	1474
140928070	1474
140928235	1474
140928396	1474
140928559	1474
140928738	1474
140928920	1474
140929090	1474
140929301	1474
140929464	1474
140929628	1474
140929761	1474
140929940	1474
141727183	1474
141727404	1474
141727548	1474
141727713	1474
141727895	1474
141728059	1474
141728218	1474
141728383	1474
141728519	1474
141728680	1474
141728848	1474
141728985	1474
141729119	1474
141729309	1474
141729475	1474
141729613	1474
141729785	1474
141729925	1474
142526775	1474
142526933	1474
142527051	1474
142527165	1474
142527257	1474
142527372	1474
142527488	1474
142527599	1474
142527713	1474
142527803	1474
142527928	1474
142528019	1474
142528136	1474
142528251	1474
142528345	1474
142528462	1474
142528579	1474
142528671	1474
143326883	1474
143327150	1474
143327271	1474
143327385	1474
143327476	1474
143327566	1474
143327655	1474
143327770	1474
143327914	1474
143328032	1474
143328145	1474
143328235	1474
143328326	1474
143328417	1474
143328507	1474
143328619	1474
143328733	1474
143328860	1474
144127047	1474
144127274	1474
144127392	1474
144127504	1474
144127618	1474
144127733	1474
144127860	1474
144127952	1474
144128066	1474
144128183	1474
144128271	1474
144128361	1474
144128478	1474
144128592	1474
144128707	1474
144128837	1474
144128952	1474
144129063	1474
144926477	1474
144926708	1474
144926807	1474
144926924	1474
144927055	1474
144927170	1474
144927375	1474
144927499	1474
144927612	1474
144927713	1474
144927806	1474
144927895	1474
144927985	1474
144928099	1474
144928218	1474
144928310	1474
144928426	1474
145726890	1474
145727093	1474
145727214	1474
145727343	1474
145727458	1474
145727562	1474
145727696	1474
145727814	1474
145727931	1474
145728024	1474
145728116	1474
145728231	1474
145728321	1474
145728432	1474
145728546	1474
145728682	1474
145728797	1474
145728914	1474
146527201	1474
146527436	1474
146527562	1474
146527682	1474
146527828	1474
146527949	1474
146528155	1474
146528258	1474
146528349	1474
146528446	1474
146528598	1474
146528721	1474
146528847	1474
146528967	1474
146529107	1474
146529245	1474
146529338	1474
146529432	1474
147326082	1474
147326318	1474
147326412	1474
147326541	1474
147326633	1474
147326753	1474
147326867	1474
147326985	1474
147327103	1474
147327198	1474
147327290	1474
147327408	1474
147327541	1474
147327659	1474
147327776	1474
147327894	1474
147328011	1474
147328130	1474
148392641	1474
148393020	1474
148393246	1474
148393348	1474
148393798	1474
148393927	1474
148394158	1474
148394278	1474
148394402	1474
148394497	1474
148394615	1474
148394709	1474
148394800	1474
148394917	1474
148395032	1474
148395150	1474
148395267	1474
148395383	1474
149192557	1474
149192720	1474
149192820	1474
149193485	1474
149193632	1474
149193750	1474
149193865	1474
149193984	1474
149194075	1474
149194194	1474
149194288	1474
149194418	1474
149194534	1474
149194651	1474
149194770	1474
149194887	1474
149194978	1474
149195091	1474
149992371	1474
149992992	1474
149993392	1474
149993636	1474
149993892	1474
149994039	1474
149994223	1474
149994362	1474
149994529	1474
149994692	1474
149994833	1474
149994974	1474
149995151	1474
149995318	1474
149995481	1474
149995648	1474
149995790	1474
150792224	1474
150792479	1474
150792604	1474
150792743	1474
150793188	1474
150793329	1474
150793472	1474
150793570	1474
150793688	1474
150793815	1474
150793906	1474
150794024	1474
150794142	1474
150794276	1474
150794395	1474
150794525	1474
150794618	1474
150794711	1474
151592394	1474
151592715	1474
151592810	1474
151592926	1474
151593063	1474
151593240	1474
151593339	1474
151593456	1474
151593573	1474
151593691	1474
151593783	1474
151593876	1474
151593968	1474
151594086	1474
151594216	1474
151594335	1474
151594452	1474
152392409	1474
152392629	1474
152392722	1474
152392814	1474
152392906	1474
152393024	1474
152393180	1474
152393318	1474
152393412	1474
152393504	1474
152393595	1474
152393712	1474
152393829	1474
152393921	1474
152394010	1474
152394131	1474
152394251	1474
152394367	1474
153192209	1474
153192516	1474
153192636	1474
153192753	1474
153192872	1474
153192989	1474
153193184	1474
153193308	1474
153193426	1474
153193542	1474
153193661	1474
153193754	1474
153193870	1474
153193960	1474
153194059	1474
153194178	1474
153194296	1474
153991697	1474
153991952	1474
153992172	1474
153992298	1474
153992630	1474
153992729	1474
153992953	1474
153993079	1474
153993241	1474
153993335	1474
153993454	1474
153993552	1474
153993645	1474
153993762	1474
153993853	1474
153993970	1474
153994100	1474
154792178	1474
154792494	1474
154792583	1474
154792674	1474
154792764	1474
154792880	1474
154793010	1474
154793155	1474
154793280	1474
154793374	1474
154793464	1474
154793554	1474
154793645	1474
154793761	1474
154793851	1474
154793949	1474
154794067	1474
154794182	1474
155591709	1474
155592077	1474
155592174	1474
155592290	1474
155592381	1474
155592495	1474
155592587	1474
155592702	1474
155592855	1474
155592991	1474
155593139	1474
155593298	1474
155593415	1474
155593539	1474
155593656	1474
155593771	1474
155593867	1474
156391546	1474
156391969	1474
156392094	1474
156392217	1474
156392366	1474
156392504	1474
156392600	1474
156392741	1474
156392875	1474
156392999	1474
156393109	1474
156393293	1474
156393428	1474
156393550	1474
156393696	1474
156393818	1474
156393938	1474
157191464	1474
157191865	1474
157192819	1474
157193048	1474
157193227	1474
157193418	1474
157193511	1474
157193617	1474
157193718	1474
157193820	1474
157193957	1474
157194078	1474
157194208	1474
157194323	1474
157194443	1474
157194584	1474
157194801	1474
157194928	1474
157991683	1474
157991968	1474
157992201	1474
157992400	1474
157992724	1474
157992927	1474
157993153	1474
157993351	1474
157993524	1474
157993708	1474
157993871	1474
157994014	1474
157994151	1474
157994295	1474
157994433	1474
157994607	1474
157998510	1474
158791252	1474
158791465	1474
158791985	1474
158792194	1474
158792341	1474
158792506	1474
158792701	1474
158792864	1474
158793031	1474
158793169	1474
158793380	1474
158793561	1474
158793704	1474
158793844	1474
158794016	1474
158794156	1474
158794315	1474
159591407	1474
159591657	1474
159591801	1474
159592003	1474
159592223	1474
159592431	1474
159592608	1474
159592798	1474
159592963	1474
159593103	1474
159593315	1474
159593495	1474
159593663	1474
159593830	1474
159593996	1474
159594160	1474
159594302	1474
159594443	1474
160391322	1474
160391662	1474
160391887	1474
160392132	1474
160392311	1474
160392477	1474
160392627	1474
160392815	1474
160393073	1474
160393288	1474
160393471	1474
160393617	1474
160393760	1474
160393925	1474
160394088	1474
160394231	1474
160397789	1474
161191006	1474
161191450	1474
161192087	1474
161192360	1474
161192538	1474
161192750	1474
161192935	1474
161193099	1474
161193296	1474
161193450	1474
161193595	1474
161193735	1474
161193898	1474
161194061	1474
161194204	1474
161194341	1474
161197399	1474
161991338	1474
161991715	1474
161991880	1474
161992019	1474
161992182	1474
161992317	1474
161992484	1474
161992621	1474
161992783	1474
161992942	1474
161993104	1474
161993318	1474
161993472	1474
161993634	1474
161993796	1474
161993985	1474
161994219	1474
162790413	1474
162790626	1474
162790803	1474
162791014	1474
162791243	1474
162791416	1474
162791565	1474
162791728	1474
162791863	1474
162792042	1474
162792181	1474
162792343	1474
162792511	1474
162792672	1474
162792808	1474
162792971	1474
162793113	1474
162793298	1474
163323856	1474
163324124	1474
163324272	1474
163324438	1474
163324601	1474
163324738	1474
163324876	1474
163325011	1474
163325147	1474
163325369	1474
163325515	1474
163325653	1474
163325816	1474
163325978	1474
163326115	1474
163326286	1474
164390722	1474
164391439	1474
164391671	1474
164391908	1474
164392073	1474
164392223	1474
164392364	1474
164392527	1474
164392664	1474
164392827	1474
164392989	1474
164393151	1474
164393354	1474
164393509	1474
164393647	1474
164393808	1474
164393969	1474
164923883	1474
164924079	1474
164924288	1474
164924487	1474
164924686	1474
164924903	1474
164925041	1474
164925266	1474
164925411	1474
164925574	1474
164925712	1474
164925873	1474
164926010	1474
164926146	1474
164926300	1474
164926438	1474
164926574	1474
165990570	1474
165990866	1474
165991248	1474
165991485	1474
165991763	1474
165991901	1474
165992063	1474
165992213	1474
165992375	1474
165992510	1474
165992672	1474
165992831	1474
165992994	1474
165993163	1474
165993378	1474
165993546	1474
165993719	1474
165993854	1474
166794109	1474
166794283	1474
166794477	1474
166794711	1474
166795003	1474
166795183	1474
166795348	1474
166795512	1474
166795677	1474
166795840	1474
166796003	1474
166796175	1474
166796340	1474
166796479	1474
166796628	1474
166796774	1474
166797012	1474
166797276	1474
167590405	1474
167590638	1474
167590826	1474
167590967	1474
167591114	1474
167591278	1474
167591462	1474
167591602	1474
167591764	1474
167591926	1474
167592098	1474
167592237	1474
167592400	1474
167592562	1474
167592701	1474
167592863	1474
167593001	1474
168390128	1474
168390294	1474
168390462	1474
168390599	1474
168390762	1474
168390923	1474
168391058	1474
168391195	1474
168391370	1474
168391509	1474
168391673	1474
168391810	1474
168391992	1474
168392128	1474
168392297	1474
168392461	1474
168392598	1474
168392735	1474
169189904	1474
169190175	1474
169190370	1474
169190586	1474
169190804	1474
169191038	1474
169191180	1474
169191317	1474
169191480	1474
169191618	1474
169191778	1474
169191916	1474
169192087	1474
169192227	1474
169192389	1474
169192546	1474
169192687	1474
169989936	1474
169990146	1474
169990300	1474
169990439	1474
169990600	1474
169990764	1474
169990899	1474
169991046	1474
169991213	1474
169991348	1474
169991511	1474
169991672	1474
169991835	1474
169991979	1474
169992121	1474
169992256	1474
169992420	1474
169992554	1474
170789885	1474
170790047	1474
170790231	1474
170790435	1474
170790580	1474
170790715	1474
170790878	1474
170791057	1474
170791224	1474
170791386	1474
170791523	1474
170791683	1474
170791846	1474
170792017	1474
170792181	1474
170792342	1474
170792507	1474
171589750	1474
171590263	1474
171590532	1474
171590726	1474
171590941	1474
171591112	1474
171591281	1474
171591444	1474
171591611	1474
171591748	1474
171591889	1474
171592069	1474
171592232	1474
171592400	1474
171592537	1474
171592677	1474
171592842	1474
172389619	1474
172389871	1474
172390060	1474
172390240	1474
172390456	1474
172390765	1474
172390938	1474
172391101	1474
172391261	1474
172391396	1474
172391557	1474
172391693	1474
172391854	1474
172392003	1474
172392164	1474
172392325	1474
172392486	1474
172392646	1474
173189419	1474
173189615	1474
173189715	1474
173189854	1474
173190056	1474
173190325	1474
173190429	1474
173190570	1474
173190693	1474
173190789	1474
173190917	1474
173191017	1474
173191139	1474
173191236	1474
173191333	1474
173191454	1474
173191577	1474
173191676	1474
173989572	1474
173989756	1474
173989884	1474
173990089	1474
173990316	1474
173990424	1474
173990548	1474
173990639	1474
173990763	1474
173990968	1474
173991100	1474
173991215	1474
173991337	1474
173991454	1474
173991572	1474
173991667	1474
173991786	1474
173991934	1474
174789487	1474
174789630	1474
174789748	1474
174789877	1474
174790001	1474
174790114	1474
174790222	1474
174790345	1474
174790464	1474
174790586	1474
174790708	1474
174790851	1474
174790981	1474
174791081	1474
174791211	1474
174791347	1474
174791446	1474
174791559	1474
175589454	1474
175589650	1474
175589844	1474
175589975	1474
175590116	1474
175590230	1474
175590345	1474
175590443	1474
175590580	1474
175590726	1474
175590825	1474
175590919	1474
175591014	1474
175591161	1474
175591259	1474
175591392	1474
175591511	1474
175591646	1474
176389396	1474
176389545	1474
176389670	1474
176389801	1474
176389922	1474
176390040	1474
176390174	1474
176390312	1474
176390433	1474
176390570	1474
176390692	1474
176390890	1474
176391008	1474
176391105	1474
176391271	1474
176391363	1474
176391456	1474
176391577	1474
177456354	1474
177456507	1474
177456661	1474
177456798	1474
177456907	1474
177457030	1474
177457142	1474
177457308	1474
177457435	1474
177457558	1474
177457646	1474
177457771	1474
177457896	1474
177458030	1474
177458150	1474
177458271	1474
177458363	1474
177458483	1474
178255497	1474
178255670	1474
178255800	1474
178255896	1474
178256071	1474
178256189	1474
178256307	1474
178256426	1474
178256544	1474
178256663	1474
178256803	1474
178256921	1474
178257013	1474
178257162	1474
178257263	1474
178257371	1474
178257466	1474
179055764	1474
179055913	1474
179056119	1474
179056218	1474
179056573	1474
179056818	1474
179057024	1474
179057172	1474
179057295	1474
179057436	1474
179057538	1474
179057636	1474
179057811	1474
179057906	1474
179058001	1474
179058117	1474
179058209	1474
179058302	1474
179855223	1474
179855474	1474
179855723	1474
179856030	1474
179856160	1474
179856248	1474
179856379	1474
179856499	1474
179856622	1474
179856759	1474
179856884	1474
179856982	1474
179857142	1474
179857250	1474
179857386	1474
179857482	1474
179857606	1474
179857748	1474
180658903	1474
180659078	1474
180659237	1474
180659359	1474
180659478	1474
180659600	1474
180659736	1474
180659855	1474
180659973	1474
180660092	1474
180660185	1474
180660303	1474
180660421	1474
180660544	1474
180660632	1474
180660766	1474
180660860	1474
180660978	1474
181455433	1474
181455581	1474
181455719	1474
181455815	1474
181455911	1474
181456029	1474
181456227	1474
181456353	1474
181456473	1474
181456567	1474
181456667	1474
181456789	1474
181456882	1474
181456975	1474
181457118	1474
181457261	1474
181457357	1474
182255288	1474
182255573	1474
182255689	1474
182255810	1474
182255903	1474
182256023	1474
182256116	1474
182256236	1474
182256353	1474
182256472	1474
182256569	1474
182256702	1474
182256798	1474
182256915	1474
182257009	1474
182257192	1474
182257318	1474
182257413	1474
183055507	1474
183055755	1474
183055880	1474
183056024	1474
183056144	1474
183056266	1474
183056384	1474
183056478	1474
183056616	1474
183056737	1474
183056855	1474
183056973	1474
183057112	1474
183057251	1474
183057376	1474
183057469	1474
183057562	1474
183855835	1474
183856193	1474
183856287	1474
183856405	1474
183856496	1474
183856623	1474
183856743	1474
183856861	1474
183856980	1474
183857119	1474
183857260	1474
183857353	1474
183857470	1474
183857591	1474
183857698	1474
183857816	1474
183857935	1474
184654882	1474
184655118	1474
184655233	1474
184655330	1474
184655449	1474
184655563	1474
184655672	1474
184655769	1474
184655884	1474
184655979	1474
184656095	1474
184656189	1474
184656309	1474
184656403	1474
184656520	1474
184656624	1474
184656744	1474
185456789	1474
185457055	1474
185457229	1474
185457354	1474
185457444	1474
185457562	1474
185457801	1474
185457928	1474
185458048	1474
185458167	1474
185458286	1474
185458380	1474
185458472	1474
185458599	1474
185458722	1474
185458839	1474
185458961	1474
185459054	1474
186256711	1474
186256950	1474
186257091	1474
186257231	1474
186257350	1474
186257443	1474
186257538	1474
186257666	1474
186257785	1474
186257898	1474
186258015	1474
186258131	1474
186258249	1474
186258362	1474
186258478	1474
186258566	1474
186258692	1474
186258802	1474
187055056	1474
187055297	1474
187055391	1474
187055484	1474
187055582	1474
187055681	1474
187055803	1474
187055891	1474
187056009	1474
187056131	1474
187056222	1474
187056315	1474
187056434	1474
187056548	1474
187056649	1474
187056766	1474
187056864	1474
187855316	1474
187855558	1474
187855696	1474
187855820	1474
187855931	1474
187856052	1474
187856183	1474
187856282	1474
187856419	1474
187856531	1474
187856629	1474
187856753	1474
187856873	1474
187857014	1474
187857208	1474
187857311	1474
187857425	1474
187857536	1474
188655426	1474
188655641	1474
188655771	1474
188655863	1474
188655985	1474
188656111	1474
188656207	1474
188656303	1474
188656441	1474
188656581	1474
188656681	1474
188656802	1474
188656926	1474
188657033	1474
188657157	1474
188657384	1474
189454833	1474
189455161	1474
189455252	1474
189455352	1474
189455489	1474
189455605	1474
189455701	1474
189455838	1474
189456109	1474
189456271	1474
189456411	1474
189456554	1474
189456681	1474
189456780	1474
189456903	1474
189457025	1474
189457145	1474
189457380	1474
190255263	1474
190255592	1474
190255714	1474
190255833	1474
190255954	1474
190256062	1474
190256177	1474
190256296	1474
190256414	1474
190256555	1474
190256677	1474
190256775	1474
190256871	1474
190256969	1474
190257095	1474
190257262	1474
190257383	1474
190257517	1474
191055878	1474
191056110	1474
191056242	1474
191056367	1474
191056483	1474
191056583	1474
191056727	1474
191056851	1474
191056974	1474
191057125	1474
191057301	1474
191057400	1474
191057536	1474
191057641	1474
191057751	1474
191057869	1474
191057976	1474
191855075	1474
191855390	1474
191855536	1474
191855659	1474
191855800	1474
191855908	1474
191856007	1474
191856127	1474
191856270	1474
191856390	1474
191856513	1474
191856637	1474
191856771	1474
191856916	1474
191857041	1474
191857274	1474
191857380	1474
192654978	1474
192655182	1474
192655310	1474
192655432	1474
192655622	1474
192655751	1474
192655872	1474
192655968	1474
192656089	1474
192656184	1474
192656279	1474
192656376	1474
192656476	1474
192656599	1474
192656695	1474
192656814	1474
192656936	1474
193454575	1474
193454725	1474
193454938	1474
193455035	1474
193455154	1474
193455247	1474
193455461	1474
193455564	1474
193455658	1474
193455775	1474
193455893	1474
193456012	1474
193456106	1474
193456226	1474
193456346	1474
193456477	1474
193456577	1474
194254139	1474
194254421	1474
194254542	1474
194254660	1474
194254777	1474
194254894	1474
194255011	1474
194255129	1474
194255222	1474
194255339	1474
194255470	1474
194255559	1474
194255650	1474
194255768	1474
194255860	1474
194255977	1474
194256070	1474
195056011	1474
195056263	1474
195056353	1474
195056476	1474
195056594	1474
195056710	1474
195056829	1474
195056921	1474
195057060	1474
195057222	1474
195057313	1474
195057405	1474
195057508	1474
195057622	1474
195057740	1474
195057831	1474
195057924	1474
195854052	1474
195854364	1474
195854527	1474
195854732	1474
195854954	1474
195855133	1474
195855293	1474
195855428	1474
195855570	1474
195855731	1474
195855890	1474
195856025	1474
195856186	1474
195856344	1474
195856479	1474
195856674	1474
195856838	1474
196654106	1474
196654397	1474
196654505	1474
196654622	1474
196654715	1474
196654807	1474
196654923	1474
196655039	1474
196655154	1474
196655273	1474
196655389	1474
196655487	1474
196655602	1474
196655719	1474
196655834	1474
196655926	1474
196656042	1474
197453793	1474
197454001	1474
197454166	1474
197454384	1474
197454620	1474
197454797	1474
197454959	1474
197455093	1474
197455227	1474
197455362	1474
197455504	1474
197455665	1474
197455800	1474
197455960	1474
197456119	1474
197456279	1474
197456437	1474
197456582	1474
198253737	1474
198254265	1474
198254535	1474
198254755	1474
198254985	1474
198255175	1474
198255314	1474
198255486	1474
198255626	1474
198255790	1474
198255950	1474
198256085	1474
198256222	1474
198256358	1474
198256533	1474
198256673	1474
198256808	1474
199054092	1474
199054348	1474
199054527	1474
199054667	1474
199054831	1474
199054995	1474
199055133	1474
199055272	1474
199055455	1474
199055617	1474
199055776	1474
199055915	1474
199056057	1474
199056191	1474
199056327	1474
199056499	1474
199853820	1474
199854213	1474
199854407	1474
199854641	1474
199854848	1474
199854990	1474
199855152	1474
199855288	1474
199855463	1474
199855626	1474
199855765	1474
199855923	1474
199856059	1474
199856200	1474
199856337	1474
199856511	1474
199856647	1474
199856810	1474
200653945	1474
200654187	1474
200654356	1474
200654628	1474
200654823	1474
200654995	1474
200655158	1474
200655320	1474
200655462	1474
200655625	1474
200655787	1474
200655949	1474
200656110	1474
200656245	1474
200656384	1474
200656560	1474
200656693	1474
200656830	1474
201458958	1474
201459192	1474
201459360	1474
201459604	1474
201459801	1474
201459972	1474
201460152	1474
201460341	1474
201460623	1474
201460787	1474
201460928	1474
201461095	1474
201461308	1474
201461485	1474
201461647	1474
201461810	1474
201461943	1474
201987173	1474
201987409	1474
201987617	1474
201987861	1474
201988055	1474
201988266	1474
201988465	1474
201988679	1474
201988817	1474
201988957	1474
201989120	1474
201989316	1474
201989467	1474
201989633	1474
201989768	1474
201989933	1474
201992903	1474
202787095	1474
202787361	1474
202788102	1474
202788337	1474
202788492	1474
202788704	1474
202788831	1474
202788942	1474
202789067	1474
202789245	1474
202789374	1474
202789516	1474
202789636	1474
202789733	1474
202789852	1474
202789948	1474
203587036	1474
203587294	1474
203588043	1474
203588205	1474
203588528	1474
203588638	1474
203588775	1474
203588898	1474
203588999	1474
203589129	1474
203589305	1474
203589502	1474
203589601	1474
203589729	1474
203589840	1474
203589935	1474
203590071	1474
204386966	1474
204387217	1474
204387356	1474
204387716	1474
204387949	1474
204388127	1474
204388246	1474
204388357	1474
204388626	1474
204388735	1474
204388869	1474
204388977	1474
204389087	1474
204389280	1474
204389431	1474
204389541	1474
204389627	1474
204389736	1474
205453664	1474
205453886	1474
205454016	1474
205454138	1474
205454271	1474
205454382	1474
205454509	1474
205454621	1474
205454746	1474
205454866	1474
205454976	1474
205455118	1474
205455237	1474
205455370	1474
205455530	1474
205455649	1474
205455768	1474
205455856	1474
206253534	1474
206253869	1474
206254013	1474
206254749	1474
206254851	1474
206254972	1474
206255077	1474
206255189	1474
206255283	1474
206255403	1474
206255533	1474
206255660	1474
206255754	1474
206255859	1474
206255954	1474
206256081	1474
206256190	1474
207053996	1474
207054254	1474
207054663	1474
207054803	1474
207054954	1474
207055179	1474
207055299	1474
207055395	1474
207055507	1474
207055628	1474
207055759	1474
207055880	1474
207055999	1474
207056104	1474
207056201	1474
207056308	1474
207056403	1474
207586653	1474
207586798	1474
207586944	1474
207587078	1474
207587197	1474
207587333	1474
207587452	1474
207587606	1474
207587713	1474
207587832	1474
207587942	1474
207588040	1474
207588134	1474
207588254	1474
207588388	1474
207588515	1474
208386645	1474
208386796	1474
208386935	1474
208387035	1474
208387156	1474
208387271	1474
208387405	1474
208387509	1474
208387639	1474
208387758	1474
208387852	1474
208387974	1474
208388095	1474
208388214	1474
208388304	1474
208388448	1474
208388679	1474
208388809	1474
209453654	1474
209453876	1474
209453995	1474
209455105	1474
209455695	1474
209455810	1474
209455932	1474
209456041	1474
209456143	1474
209456250	1474
209456355	1474
209456480	1474
209456590	1474
209456675	1474
209456783	1474
209456880	1474
209456988	1474
209457111	1474
210253764	1474
210253994	1474
210254119	1474
210254243	1474
210254364	1474
210254628	1474
210254756	1474
210254880	1474
210254996	1474
210255087	1474
210255202	1474
210255296	1474
210255413	1474
210255549	1474
210255646	1474
210255759	1474
210255852	1474
210255971	1474
211054271	1474
211054486	1474
211054707	1474
211054832	1474
211054956	1474
211055183	1474
211055284	1474
211055407	1474
211055502	1474
211055617	1474
211055737	1474
211055855	1474
211055973	1474
211056072	1474
211056192	1474
211056288	1474
211056403	1474
211056535	1474
211852948	1474
211854215	1474
211854369	1474
211854586	1474
211855232	1474
211855362	1474
211855462	1474
211855889	1474
211855991	1474
211856117	1474
211856239	1474
211856336	1474
211856436	1474
211856557	1474
211856669	1474
211856793	1474
211856894	1474
211857016	1474
212653693	1474
212654032	1474
212654168	1474
212654291	1474
212654432	1474
212654560	1474
212654679	1474
212654798	1474
212654896	1474
212655019	1474
212655116	1474
212655217	1474
212655367	1474
212655496	1474
212655675	1474
212655802	1474
212655913	1474
212656027	1474
213453201	1474
213453772	1474
213453944	1474
213454184	1474
213454404	1474
213454802	1474
213454969	1474
213455131	1474
213455292	1474
213455428	1474
213455570	1474
213455734	1474
213455914	1474
213456076	1474
213456235	1474
213456395	1474
213456565	1474
213456727	1474
214253339	1474
214253690	1474
214253826	1474
214253948	1474
214254066	1474
214254159	1474
214254247	1474
214254342	1474
214254477	1474
214254584	1474
214254703	1474
214254801	1474
214254921	1474
214255042	1474
214255164	1474
214255269	1474
214255388	1474
215052990	1474
215053484	1474
215053663	1474
215053872	1474
215054068	1474
215054408	1474
215054550	1474
215054728	1474
215054891	1474
215055028	1474
215055190	1474
215055354	1474
215055490	1474
215055662	1474
215055800	1474
215055962	1474
215056101	1474
215853023	1474
215853378	1474
215853479	1474
215853603	1474
215853798	1474
215853938	1474
215854082	1474
215854181	1474
215854303	1474
215854424	1474
215854545	1474
215854650	1474
215854749	1474
215854869	1474
215854966	1474
215855078	1474
215855199	1474
216653310	1474
216653577	1474
216653790	1474
216653905	1474
216654029	1474
216654314	1474
216654440	1474
216654561	1474
216654721	1474
216654854	1474
216654943	1474
216655038	1474
216655155	1474
216655286	1474
216655381	1474
216655498	1474
216655611	1474
216655717	1474
217452732	1474
217453266	1474
217453375	1474
217453947	1474
217454162	1474
217454283	1474
217454380	1474
217454500	1474
217454629	1474
217454767	1474
217454883	1474
217455004	1474
217455123	1474
217455220	1474
217455338	1474
217455433	1474
217455553	1474
217455664	1474
218252331	1474
218253273	1474
218253560	1474
218253905	1474
218254009	1474
218254238	1474
218254361	1474
218254478	1474
218254598	1474
218254718	1474
218254838	1474
218254968	1474
218255088	1474
218255183	1474
218255277	1474
218255377	1474
218255497	1474
219052660	1474
219053397	1474
219053502	1474
219053625	1474
219053736	1474
219053886	1474
219054008	1474
219054133	1474
219054257	1474
219054379	1474
219054473	1474
219054601	1474
219054722	1474
219054870	1474
219054994	1474
219055119	1474
219055242	1474
219055364	1474
219853180	1474
219853382	1474
219853659	1474
219853809	1474
219854051	1474
219854177	1474
219854274	1474
219854398	1474
219854552	1474
219854664	1474
219854785	1474
219854911	1474
219855013	1474
219855109	1474
219855221	1474
219855314	1474
219855412	1474
219855540	1474
220919570	1474
220920011	1474
220920956	1474
220921148	1474
220921403	1474
220921557	1474
220921770	1474
220921859	1474
220921981	1474
220922075	1474
220922195	1474
220922314	1474
220922420	1474
220922531	1474
220922645	1474
220922760	1474
220922877	1474
220923011	1474
221452524	1474
221452899	1474
221453039	1474
221453187	1474
221453351	1474
221453493	1474
221453715	1474
221453843	1474
221453980	1474
221454076	1474
221454189	1474
221454284	1474
221454430	1474
221454551	1474
221454660	1474
221454781	1474
221454877	1474
222252835	1474
222253099	1474
222253664	1474
222253820	1474
222254062	1474
222254192	1474
222254290	1474
222254412	1474
222254533	1474
222254653	1474
222254775	1474
222254897	1474
222255011	1474
222255108	1474
222255231	1474
222255354	1474
222255475	1474
223319676	1474
223319825	1474
223320397	1474
223320532	1474
223320724	1474
223320846	1474
223320941	1474
223321077	1474
223321260	1474
223321382	1474
223321509	1474
223321628	1474
223321762	1474
223321885	1474
223321997	1474
223322095	1474
223322215	1474
223322347	1474
224119285	1474
224119784	1474
224119909	1474
224120083	1474
224120303	1474
224120405	1474
224120542	1474
224120641	1474
224120735	1474
224120849	1474
224120966	1474
224121113	1474
224121445	1474
224121547	1474
224121662	1474
224121782	1474
224122061	1474
224122158	1474
224923270	1474
224923416	1474
224923557	1474
224923819	1474
224924058	1474
224924270	1474
224924412	1474
224924551	1474
224924690	1474
224924852	1474
224925005	1474
224925172	1474
224925381	1474
224925523	1474
224925665	1474
224925825	1474
224926005	1474
225719205	1474
225719462	1474
225719785	1474
225720037	1474
225720184	1474
225720375	1474
225720541	1474
225720700	1474
225720866	1474
225721049	1474
225721317	1474
225721493	1474
225721632	1474
225721774	1474
225721921	1474
225722083	1474
225722247	1474
225722407	1474
226519096	1474
226519356	1474
226519531	1474
226519699	1474
226519865	1474
226520019	1474
226520182	1474
226520346	1474
226520510	1474
226520666	1474
226520833	1474
226520981	1474
226521120	1474
226521309	1474
226521453	1474
226521617	1474
226521757	1474
226521928	1474
227319028	1474
227319309	1474
227320085	1474
227320299	1474
227320474	1474
227320638	1474
227320778	1474
227320918	1474
227321073	1474
227321294	1474
227321438	1474
227321608	1474
227321769	1474
227321907	1474
227322083	1474
227322222	1474
227322387	1474
227322526	1474
228118924	1474
228119748	1474
228120135	1474
228120360	1474
228120566	1474
228120710	1474
228120874	1474
228121057	1474
228121283	1474
228121431	1474
228121599	1474
228121737	1474
228121879	1474
228122027	1474
228122193	1474
228122333	1474
228122469	1474
228122633	1474
228919379	1474
228919588	1474
228919754	1474
228919925	1474
228920180	1474
228920374	1474
228920573	1474
228920719	1474
228920860	1474
228921040	1474
228921229	1474
228921402	1474
228921541	1474
228921708	1474
228921870	1474
228922074	1474
228922228	1474
228922395	1474
229719697	1474
229719947	1474
229720102	1474
229720268	1474
229720406	1474
229720570	1474
229720732	1474
229720900	1474
229721078	1474
229721318	1474
229721493	1474
229721664	1474
229721823	1474
229721975	1474
229722144	1474
229722281	1474
229722421	1474
230519328	1474
230519500	1474
230519679	1474
230519794	1474
230519940	1474
230520087	1474
230520188	1474
230520326	1474
230520465	1474
230520583	1474
230520704	1474
230520828	1474
230520947	1474
230521090	1474
230521275	1474
230521393	1474
230521516	1474
231319269	1474
231319431	1474
231319613	1474
231319757	1474
231319889	1474
231320178	1474
231320307	1474
231320439	1474
231320545	1474
231320682	1474
231320803	1474
231320940	1474
231321071	1474
231321261	1474
231321361	1474
231321473	1474
231321594	1474
232118780	1474
232119065	1474
232119210	1474
232119350	1474
232119578	1474
232119690	1474
232120214	1474
232120403	1474
232120540	1474
232120673	1474
232120774	1474
232120926	1474
232121166	1474
232121274	1474
232121397	1474
232121504	1474
232121652	1474
232918886	1474
232919458	1474
232919783	1474
232920067	1474
232920292	1474
232920439	1474
232920540	1474
232920662	1474
232920828	1474
232920923	1474
232921063	1474
232921315	1474
232921408	1474
232921532	1474
232921651	1474
232921772	1474
232921891	1474
232922011	1474
233718894	1474
233719456	1474
233719626	1474
233719861	1474
233720078	1474
233720268	1474
233720409	1474
233720547	1474
233720683	1474
233720845	1474
233720983	1474
233721147	1474
233721369	1474
233721538	1474
233721695	1474
233721861	1474
233722024	1474
234518970	1474
234519253	1474
234519357	1474
234519797	1474
234519920	1474
234520043	1474
234520137	1474
234520241	1474
234520363	1474
234520485	1474
234520573	1474
234520694	1474
234520816	1474
234520909	1474
234521027	1474
234521210	1474
234521348	1474
234521467	1474
235318672	1474
235319290	1474
235319536	1474
235319730	1474
235319888	1474
235320052	1474
235320190	1474
235320363	1474
235320525	1474
235320662	1474
235320800	1474
235320936	1474
235321074	1474
235321300	1474
235321446	1474
235321583	1474
235321720	1474
235321857	1474
236118838	1474
236119278	1474
236119474	1474
236119699	1474
236119918	1474
236120090	1474
236120261	1474
236120401	1474
236120589	1474
236120782	1474
236120960	1474
236121146	1474
236121371	1474
236121542	1474
236121705	1474
236121865	1474
236122028	1474
236122187	1474
237185480	1474
237185728	1474
237185905	1474
237186004	1474
237186123	1474
237186240	1474
237186336	1474
237186440	1474
237186557	1474
237186673	1474
237186766	1474
237186883	1474
237187002	1474
237187091	1474
237187204	1474
237187294	1474
237187488	1474
237187605	1474
237723916	1474
237724256	1474
237724416	1474
237724552	1474
237724672	1474
237724783	1474
237724901	1474
237725019	1474
237725124	1474
237725308	1474
237725406	1474
237725514	1474
237725632	1474
237725730	1474
237725850	1474
237725985	1474
237726105	1474
238785168	1474
238785620	1474
238785852	1474
238785978	1474
238786644	1474
238786773	1474
238786869	1474
238786989	1474
238787124	1474
238787220	1474
238787341	1474
238787477	1474
238787591	1474
238787685	1474
238787837	1474
238787930	1474
238788064	1474
238788173	1474
239318996	1474
239319336	1474
239319538	1474
239319663	1474
239319759	1474
239319886	1474
239320003	1474
239320138	1474
239320255	1474
239320371	1474
239320486	1474
239320595	1474
239320713	1474
239320820	1474
239320953	1474
239321072	1474
240119144	1474
240119522	1474
240119685	1474
240119778	1474
240119896	1474
240120026	1474
240120115	1474
240120232	1474
240120324	1474
240120418	1474
240120525	1474
240120655	1474
240120772	1474
240120891	1474
240121011	1474
240121156	1474
240121295	1474
240121413	1474
240918574	1474
240918858	1474
240918956	1474
240919083	1474
240919180	1474
240919298	1474
240919421	1474
240919534	1474
240919650	1474
240919749	1474
240919880	1474
240919998	1474
240920136	1474
240920253	1474
240920371	1474
240920511	1474
240920630	1474
241985386	1474
241985682	1474
241986062	1474
241986163	1474
241986492	1474
241986709	1474
241986843	1474
241986970	1474
241987088	1474
241987223	1474
241987353	1474
241987441	1474
241987587	1474
241987708	1474
241987849	1474
241987971	1474
241988105	1474
241988223	1474
242519891	1474
242520193	1474
242520341	1474
242520441	1474
242520554	1474
242520692	1474
242520814	1474
242520937	1474
242521075	1474
242521239	1474
242521331	1474
242521453	1474
242521571	1474
242521672	1474
242521805	1474
242521924	1474
242522040	1474
243585268	1474
243585555	1474
243585853	1474
243586144	1474
243586336	1474
243586510	1474
243586649	1474
243586846	1474
243587012	1474
243587150	1474
243587312	1474
243587475	1474
243587637	1474
243587813	1474
243587975	1474
243588108	1474
243588244	1474
243588408	1474
244385589	1474
244385871	1474
244385977	1474
244386098	1474
244386222	1474
244386316	1474
244386405	1474
244386521	1474
244386655	1474
244386774	1474
244386866	1474
244386959	1474
244387113	1474
244387208	1474
244387300	1474
244387391	1474
244387481	1474
244918855	1474
244919137	1474
244919244	1474
244919333	1474
244919452	1474
244919570	1474
244919689	1474
244919824	1474
244919921	1474
244920039	1474
244920157	1474
244920274	1474
244920392	1474
244920510	1474
244920623	1474
244920739	1474
245718851	1474
245719209	1474
245719299	1474
245719436	1474
245719557	1474
245719677	1474
245719805	1474
245719945	1474
245720065	1474
245720164	1474
245720302	1474
245720397	1474
245720526	1474
245720912	1474
245721076	1474
245721251	1474
245721386	1474
246520328	1474
246520771	1474
246520893	1474
246521017	1474
246521171	1474
246521369	1474
246521502	1474
246521624	1474
246521739	1474
246522078	1474
246522201	1474
246522344	1474
246522463	1474
246522602	1474
246522722	1474
246522849	1474
246522947	1474
246523068	1474
247584956	1474
247585710	1474
247586009	1474
247586206	1474
247586369	1474
247586505	1474
247586669	1474
247586845	1474
247587028	1474
247587193	1474
247587355	1474
247587518	1474
247587679	1474
247587855	1474
247588019	1474
247588155	1474
247588292	1474
247588454	1474
248385355	1474
248385668	1474
248385856	1474
248386458	1474
248386767	1474
248386881	1474
248387009	1474
248387130	1474
248387272	1474
248387391	1474
248387505	1474
248387644	1474
248387741	1474
248387836	1474
248387933	1474
248388053	1474
248388200	1474
248388325	1474
249185098	1474
249185348	1474
249185457	1474
249185564	1474
249185685	1474
249185789	1474
249185939	1474
249186061	1474
249186200	1474
249186320	1474
249186448	1474
249186584	1474
249186679	1474
249186792	1474
249186921	1474
249187031	1474
249187154	1474
249985288	1474
249985822	1474
249986079	1474
249986308	1474
249986559	1474
249986700	1474
249986848	1474
249987014	1474
249987178	1474
249987317	1474
249987483	1474
249987619	1474
249987760	1474
249987918	1474
249988082	1474
249988223	1474
249988387	1474
249988555	1474
250786050	1474
250786391	1474
250786483	1474
250786621	1474
250786739	1474
250786861	1474
250787018	1474
250787116	1474
250787283	1474
250787403	1474
250787525	1474
250787651	1474
250787794	1474
250787893	1474
250788012	1474
250788110	1474
250788224	1474
250788349	1474
251585382	1474
251585610	1474
251585790	1474
251585960	1474
251586147	1474
251586344	1474
251586587	1474
251586726	1474
251586865	1474
251587019	1474
251587183	1474
251587324	1474
251587461	1474
251587628	1474
251587792	1474
251587965	1474
251588136	1474
252118583	1474
252118971	1474
252119195	1474
252119474	1474
252119677	1474
252119925	1474
252120086	1474
252120252	1474
252120391	1474
252120533	1474
252120701	1474
252120842	1474
252121015	1474
252121230	1474
252121398	1474
252918076	1474
252918407	1474
252918594	1474
252918830	1474
252919041	1474
252919326	1474
252919495	1474
252919657	1474
252919799	1474
252919936	1474
252920121	1474
252920284	1474
252920449	1474
252920613	1474
252920778	1474
252920941	1474
252921120	1474
253718716	1474
253718878	1474
253719026	1474
253719212	1474
253719310	1474
253719430	1474
253719662	1474
253719788	1474
253719886	1474
253720006	1474
253720109	1474
253720203	1474
253720301	1474
253720422	1474
253720542	1474
253720638	1474
253720756	1474
253720875	1474
254518802	1474
254519146	1474
254519521	1474
254519740	1474
254519917	1474
254520086	1474
254520248	1474
254520414	1474
254520557	1474
254520701	1474
254520883	1474
254521028	1474
254521257	1474
254521464	1474
254521660	1474
254521802	1474
254521964	1474
255584840	1474
255585080	1474
255586295	1474
255586549	1474
255586721	1474
255586884	1474
255587045	1474
255587205	1474
255587372	1474
255587536	1474
255587696	1474
255587941	1474
255588203	1474
255588408	1474
255588596	1474
255588758	1474
255588895	1474
255589029	1474
256385344	1474
256385636	1474
256385762	1474
256386138	1474
256386312	1474
256386597	1474
256386735	1474
256386847	1474
256386951	1474
256387053	1474
256387183	1474
256387326	1474
256387431	1474
256387559	1474
256387689	1474
256387821	1474
256387926	1474
256388053	1474
256918757	1474
256918965	1474
256919104	1474
256919318	1474
256919546	1474
256919763	1474
256919928	1474
256920065	1474
256920201	1474
256920338	1474
256920514	1474
256920676	1474
256920837	1474
256920998	1474
256921181	1474
256921371	1474
256921554	1474
257719094	1474
257719347	1474
257719943	1474
257720167	1474
257720274	1474
257720464	1474
257720744	1474
257720882	1474
257721005	1474
257721199	1474
257721331	1474
257721447	1474
257721569	1474
257721687	1474
257721776	1474
257721891	1474
257723884	1474
258518472	1474
258518717	1474
258519664	1474
258519816	1474
258519923	1474
258520049	1474
258520300	1474
258520439	1474
258520576	1474
258520699	1474
258520823	1474
258520919	1474
258521041	1474
258521252	1474
258521391	1474
258521527	1474
259318458	1474
259318705	1474
259318840	1474
259319507	1474
259319658	1474
259319763	1474
259319989	1474
259320120	1474
259320242	1474
259320345	1474
259320575	1474
259320702	1474
259320831	1474
259320921	1474
259321039	1474
259321240	1474
259323801	1474
260121533	1474
260121657	1474
260121772	1474
260121940	1474
260122045	1474
260122264	1474
260122364	1474
260122481	1474
260122611	1474
260122727	1474
260122843	1474
260122960	1474
260123075	1474
260123191	1474
260123306	1474
260123398	1474
260123498	1474
260918343	1474
260918609	1474
260918710	1474
260918997	1474
260919188	1474
260919310	1474
260919429	1474
260919603	1474
260919695	1474
260919812	1474
260919903	1474
260920018	1474
260920102	1474
260920216	1474
260920307	1474
260920398	1474
260920515	1474
260920645	1474
261718498	1474
261718756	1474
261718851	1474
261719625	1474
261719838	1474
261720107	1474
261720231	1474
261720384	1474
261720614	1474
261720814	1474
261721001	1474
261721372	1474
261721569	1474
261721799	1474
261721947	1474
261722052	1474
261722207	1474
261722364	1474
262784916	1474
262785218	1474
262786012	1474
262786161	1474
262786341	1474
262786459	1474
262786578	1474
262786764	1474
262786883	1474
262786969	1474
262787086	1474
262787209	1474
262787326	1474
262787441	1474
262787556	1474
262787645	1474
262787773	1474
262787860	1474
263585133	1474
263585382	1474
263585478	1474
263585596	1474
263585902	1474
263586001	1474
263586096	1474
263586189	1474
263586306	1474
263586400	1474
263586518	1474
263586636	1474
263586878	1474
263586997	1474
263587092	1474
263587210	1474
263587329	1474
263587446	1474
264385133	1474
264385425	1474
264386235	1474
264386442	1474
264386570	1474
264386687	1474
264386818	1474
264386937	1474
264387029	1474
264387146	1474
264387242	1474
264387334	1474
264387452	1474
264387570	1474
264387690	1474
264387822	1474
264387939	1474
265185433	1474
265185662	1474
265185753	1474
265185885	1474
265186005	1474
265186123	1474
265186245	1474
265186363	1474
265186457	1474
265186549	1474
265186643	1474
265186761	1474
265186872	1474
265186993	1474
265187112	1474
265187205	1474
265187298	1474
265187393	1474
265984988	1474
265985306	1474
265985446	1474
265985738	1474
265985927	1474
265986021	1474
265986143	1474
265986262	1474
265986388	1474
265986508	1474
265986628	1474
265986720	1474
265986838	1474
265986973	1474
265987094	1474
265987214	1474
265987308	1474
265987426	1474
266785020	1474
266785309	1474
266785454	1474
266785711	1474
266785854	1474
266785962	1474
266786083	1474
266786203	1474
266786319	1474
266786413	1474
266786530	1474
266786622	1474
266786715	1474
266786812	1474
266787049	1474
266787185	1474
266787310	1474
267589330	1474
267589443	1474
267589579	1474
267589683	1474
267589803	1474
267589926	1474
267590062	1474
267590165	1474
267590260	1474
267590386	1474
267590507	1474
267590647	1474
267590740	1474
267590835	1474
267590931	1474
267591070	1474
267591199	1474
267591350	1474
268384831	1474
268385066	1474
268385531	1474
268385805	1474
268386136	1474
268386265	1474
268386631	1474
268386758	1474
268386849	1474
268387087	1474
268387205	1474
268387364	1474
268387489	1474
268387585	1474
268387707	1474
268387836	1474
268387960	1474
269185207	1474
269185427	1474
269185525	1474
269185622	1474
269185711	1474
269185828	1474
269185947	1474
269186080	1474
269186168	1474
269186285	1474
269186408	1474
269186526	1474
269186652	1474
269186770	1474
269186863	1474
269186981	1474
269187085	1474
269187203	1474
269985077	1474
269985330	1474
269985460	1474
269985755	1474
269985934	1474
269986065	1474
269986183	1474
269986384	1474
269986473	1474
269986587	1474
269986705	1474
269986797	1474
269986887	1474
269987006	1474
269987139	1474
269987255	1474
269987371	1474
269987489	1474
270785460	1474
270785685	1474
270785809	1474
270785902	1474
270786020	1474
270786149	1474
270786268	1474
270786364	1474
270786480	1474
270786570	1474
270786687	1474
270786805	1474
270786925	1474
270787017	1474
270787322	1474
270787459	1474
270787578	1474
271592980	1474
271593279	1474
271593411	1474
271593773	1474
271593875	1474
271594133	1474
271594281	1474
271594421	1474
271594542	1474
271594676	1474
271594817	1474
271594939	1474
271595031	1474
271595232	1474
271595399	1474
271595538	1474
271595634	1474
272385606	1474
272385864	1474
272386019	1474
272386584	1474
272386811	1474
272386915	1474
272387109	1474
272387260	1474
272387396	1474
272387518	1474
272387652	1474
272387776	1474
272387877	1474
272388033	1474
272388185	1474
272388483	1474
272388587	1474
272388689	1474
273185079	1474
273185385	1474
273185521	1474
273185797	1474
273185892	1474
273185987	1474
273186078	1474
273186192	1474
273186321	1474
273186443	1474
273186537	1474
273186631	1474
273186727	1474
273186847	1474
273186939	1474
273187059	1474
273187182	1474
273187315	1474
273985585	1474
273985757	1474
273985921	1474
273986042	1474
273986138	1474
273986255	1474
273986393	1474
273986486	1474
273986580	1474
273986675	1474
273986792	1474
273986911	1474
273987030	1474
273987148	1474
273987265	1474
273987401	1474
273987520	1474
273987609	1474
274785692	1474
274785952	1474
274786046	1474
274786164	1474
274786255	1474
274786346	1474
274786478	1474
274786570	1474
274786685	1474
274786801	1474
274786917	1474
274787034	1474
274787127	1474
274787245	1474
274787363	1474
274787495	1474
274787613	1474
274787705	1474
275852026	1474
275852295	1474
275852516	1474
275852622	1474
275852743	1474
275852965	1474
275853088	1474
275853263	1474
275853386	1474
275853514	1474
275853638	1474
275853755	1474
275853869	1474
275853959	1474
275854047	1474
275854163	1474
275854252	1474
275854367	1474
276651329	1474
276651741	1474
276651893	1474
276652026	1474
276652154	1474
276652274	1474
276652814	1474
276652953	1474
276653072	1474
276653273	1474
276653375	1474
276653510	1474
276653619	1474
276653765	1474
276653864	1474
276653999	1474
276654120	1474
276654218	1474
277451804	1474
277452085	1474
277452201	1474
277452323	1474
277452505	1474
277452608	1474
277452746	1474
277452889	1474
277453023	1474
277453122	1474
277453306	1474
277453423	1474
277453545	1474
277453634	1474
277453765	1474
277453881	1474
277453973	1474
277454093	1474
278251429	1474
278251675	1474
278251872	1474
278251986	1474
278252116	1474
278252447	1474
278252551	1474
278252726	1474
278252842	1474
278252939	1474
278253063	1474
278253191	1474
278253421	1474
278253558	1474
278253669	1474
278253802	1474
278253921	1474
279051728	1474
279052012	1474
279052140	1474
279052261	1474
279052403	1474
279052544	1474
279052740	1474
279052855	1474
279052979	1474
279053103	1474
279053246	1474
279053368	1474
279053494	1474
279053587	1474
279053702	1474
279053836	1474
279053961	1474
279851954	1474
279852395	1474
279852509	1474
279852621	1474
279852719	1474
279852850	1474
279852970	1474
279853093	1474
279853314	1474
279853428	1474
279853570	1474
279853684	1474
279853777	1474
279853907	1474
279854031	1474
279854127	1474
279854238	1474
279854380	1474
280651482	1474
280652207	1474
280652341	1474
280652478	1474
280652576	1474
280652713	1474
280652857	1474
280652955	1474
280653073	1474
280653243	1474
280653383	1474
280653481	1474
280653577	1474
280653716	1474
280653857	1474
280653994	1474
280654106	1474
280654201	1474
281451914	1474
281452341	1474
281452444	1474
281452950	1474
281453291	1474
281453459	1474
281453582	1474
281453704	1474
281453798	1474
281453939	1474
281454059	1474
281454194	1474
281454288	1474
281454384	1474
281454482	1474
281454602	1474
281454726	1474
281454822	1474
282251676	1474
282252029	1474
282252858	1474
282253049	1474
282253245	1474
282253389	1474
282253555	1474
282253718	1474
282253885	1474
282254036	1474
282254180	1474
282254324	1474
282254464	1474
282254605	1474
282254748	1474
282255007	1474
282255153	1474
282255316	1474
283051746	1474
283052550	1474
283052795	1474
283052965	1474
283053120	1474
283053305	1474
283053474	1474
283053614	1474
283053752	1474
283053892	1474
283054067	1474
283054210	1474
283054372	1474
283054537	1474
283054718	1474
283054885	1474
283055061	1474
283055222	1474
283851909	1474
283852367	1474
283852619	1474
283852822	1474
283853061	1474
283853279	1474
283853421	1474
283853588	1474
283853750	1474
283853916	1474
283854086	1474
283854226	1474
283854362	1474
283854502	1474
283854664	1474
283854831	1474
283854992	1474
284652238	1474
284653897	1474
284654108	1474
284654356	1474
284654521	1474
284654658	1474
284654822	1474
284654983	1474
284655156	1474
284655318	1474
284655486	1474
284655626	1474
284655788	1474
284655927	1474
284656062	1474
284656238	1474
284660044	1474
285451997	1474
285452387	1474
285453352	1474
285453675	1474
285453817	1474
285454074	1474
285454313	1474
285454464	1474
285454601	1474
285454763	1474
285454899	1474
285455057	1474
285455217	1474
285455390	1474
285455525	1474
285455682	1474
285459721	1474
286251684	1474
286252218	1474
286252495	1474
286252799	1474
286253015	1474
286253154	1474
286253372	1474
286253613	1474
286253772	1474
286253906	1474
286254040	1474
286254197	1474
286254338	1474
286254497	1474
286254658	1474
286254817	1474
286258500	1474
287051762	1474
287052224	1474
287053008	1474
287053277	1474
287053581	1474
287053762	1474
287053951	1474
287054163	1474
287054302	1474
287054450	1474
287054610	1474
287054744	1474
287054905	1474
287055039	1474
287055199	1474
287055368	1474
287059227	1474
287851763	1474
287851998	1474
287852659	1474
287852882	1474
287853088	1474
287853307	1474
287853488	1474
287853624	1474
287853788	1474
287853968	1474
287854108	1474
287854271	1474
287854421	1474
287854583	1474
287854749	1474
287854884	1474
287859216	1474
288651693	1474
288651967	1474
288652175	1474
288652559	1474
288652755	1474
288653002	1474
288653164	1474
288653378	1474
288653558	1474
288653694	1474
288653856	1474
288653991	1474
288654150	1474
288654287	1474
288654456	1474
288654619	1474
289452081	1474
289452296	1474
289452418	1474
289452518	1474
289452642	1474
289452841	1474
289452941	1474
289453080	1474
289453213	1474
289453332	1474
289453447	1474
289453579	1474
289453697	1474
289453787	1474
289453898	1474
289454011	1474
289454129	1474
290251796	1474
290251989	1474
290252443	1474
290252757	1474
290252888	1474
290253034	1474
290253158	1474
290253323	1474
290253424	1474
290253553	1474
290253700	1474
290253820	1474
290253965	1474
290254098	1474
290254246	1474
290254343	1474
290254467	1474
290254593	1474
291051888	1474
291052270	1474
291052928	1474
291053139	1474
291053272	1474
291053401	1474
291053526	1474
291053648	1474
291053750	1474
291053908	1474
291054012	1474
291054142	1474
291054263	1474
291054379	1474
291054521	1474
291054620	1474
291054732	1474
291852135	1474
291852387	1474
291852524	1474
291852649	1474
291852775	1474
291852908	1474
291853041	1474
291853250	1474
291853364	1474
291853470	1474
291853568	1474
291853789	1474
291853913	1474
291854045	1474
291854179	1474
291854301	1474
291854433	1474
291854571	1474
292652218	1474
292652537	1474
292653209	1474
292653485	1474
292653634	1474
292653888	1474
292653992	1474
292654135	1474
292654228	1474
292654347	1474
292654448	1474
292654569	1474
292654668	1474
292654796	1474
292654903	1474
292655022	1474
292655143	1474
293451918	1474
293452163	1474
293452322	1474
293452901	1474
293453022	1474
293453281	1474
293453380	1474
293453497	1474
293453613	1474
293453728	1474
293453855	1474
293453972	1474
293454084	1474
293454174	1474
293454293	1474
293454407	1474
293454523	1474
294251729	1474
294253323	1474
294253555	1474
294253727	1474
294253952	1474
294254119	1474
294254255	1474
294254431	1474
294254572	1474
294254732	1474
294254904	1474
294255045	1474
294255206	1474
294255344	1474
294255478	1474
294255614	1474
294255774	1474
294255939	1474
295052020	1474
295052492	1474
295052642	1474
295052997	1474
295053114	1474
295053308	1474
295053442	1474
295053552	1474
295053672	1474
295053770	1474
295053871	1474
295053974	1474
295054060	1474
295054165	1474
295054280	1474
295054399	1474
295054520	1474
295054626	1474
295851438	1474
295851788	1474
295852119	1474
295852225	1474
295852794	1474
295852918	1474
295853010	1474
295853145	1474
295853353	1474
295853472	1474
295853583	1474
295853669	1474
295853777	1474
295853885	1474
295853965	1474
295854055	1474
295854203	1474
295854315	1474
296651874	1474
296652456	1474
296652543	1474
296653374	1474
296653471	1474
296653684	1474
296653793	1474
296653871	1474
296653998	1474
296654100	1474
296654206	1474
296654319	1474
296654405	1474
296654526	1474
296654613	1474
296654718	1474
296654826	1474
297452143	1474
297452480	1474
297452874	1474
297452998	1474
297453261	1474
297453356	1474
297453462	1474
297453550	1474
297453658	1474
297453771	1474
297453880	1474
297453994	1474
297454129	1474
297454236	1474
297454340	1474
297454456	1474
297454579	1474
298253287	1474
298253462	1474
298254071	1474
298254281	1474
298254411	1474
298254506	1474
298254623	1474
298254743	1474
298254842	1474
298254962	1474
298255057	1474
298255151	1474
298255257	1474
298255369	1474
298255459	1474
298255556	1474
298255677	1474
298255772	1474
299052206	1474
299052589	1474
299053399	1474
299053608	1474
299053711	1474
299053833	1474
299054003	1474
299054101	1474
299054218	1474
299054322	1474
299054435	1474
299054528	1474
299054616	1474
299054708	1474
299054830	1474
299054948	1474
299055068	1474
299852000	1474
299852329	1474
299852468	1474
299852820	1474
299852945	1474
299853209	1474
299853336	1474
299853519	1474
299853614	1474
299853709	1474
299853804	1474
299853928	1474
299854019	1474
299854113	1474
299854231	1474
299854327	1474
299854433	1474
299854526	1474
300651995	1474
300652419	1474
300652552	1474
300653090	1474
300653339	1474
300653477	1474
300653599	1474
300653699	1474
300653795	1474
300653915	1474
300654009	1474
300654128	1474
300654249	1474
300654343	1474
300654475	1474
300654598	1474
300654720	1474
301451765	1474
301452118	1474
301452270	1474
301452364	1474
301452490	1474
301452661	1474
301452884	1474
301453014	1474
301453158	1474
301453301	1474
301453397	1474
301453532	1474
301453669	1474
301453807	1474
301453917	1474
301454035	1474
301454144	1474
302253230	1474
302253675	1474
302253812	1474
302253978	1474
302254100	1474
302254387	1474
302254516	1474
302254638	1474
302254823	1474
302254950	1474
302255070	1474
302255190	1474
302255307	1474
302255427	1474
302255549	1474
302255671	1474
302255768	1474
302255872	1474
303052509	1474
303052749	1474
303052940	1474
303053104	1474
303053295	1474
303053437	1474
303053611	1474
303053773	1474
303053911	1474
303054071	1474
303054208	1474
303054369	1474
303054533	1474
303054707	1474
303054871	1474
303055009	1474
303055169	1474
303055308	1474
303858182	1474
303858324	1474
303858487	1474
303858755	1474
303858945	1474
303859172	1474
303859342	1474
303859502	1474
303859639	1474
303859784	1474
303859945	1474
303860110	1474
303860270	1474
303860411	1474
303860547	1474
303860685	1474
303860861	1474
304651869	1474
304652677	1474
304652922	1474
304653183	1474
304653373	1474
304653542	1474
304653682	1474
304653829	1474
304653966	1474
304654129	1474
304654291	1474
304654454	1474
304654634	1474
304654808	1474
304654945	1474
304655122	1474
304655282	1474
