13039524	58
13058500	54
13405062	1514
13405304	1514
13429404	1514
13430111	1514
13430375	1514
13456888	1514
13457149	1514
13457343	1514
13457556	1514
13487357	1394
13563764	1514
13564230	1514
13564720	1514
13564971	1514
13593133	1514
13593729	1514
13594617	1514
13594979	1514
13622709	1514
13623280	1514
13644739	1514
13644945	1514
13645181	1514
13664904	1346
13707788	1514
13707975	1514
13708313	1514
13708635	1514
13732016	1514
13732328	1514
13732509	1514
13732730	1514
13732934	1514
13756756	1514
13756938	1514
13757225	1514
13757563	1514
13758762	1514
13758959	1514
13787169	1514
13787402	1514
13787844	1514
13788087	1514
13789169	1514
13789448	1514
13814753	1250
13851038	1502
13851176	1514
13851445	1514
13851723	1514
13852068	1514
13852547	1454
13852789	1514
13867682	1514
13867918	1514
13868188	1514
13868420	1514
13868795	1514
13869045	1514
13886564	1514
13886711	1514
13887079	1514
13887639	1514
13887749	1514
13888258	1514
13905868	1514
13906169	1514
13906407	1514
13906729	1514
13907082	1514
13907310	1514
13907511	1514
13907773	1514
13926414	1514
13926638	1514
13926748	1514
13926916	1514
13927252	1514
13927594	1514
13927947	1178
14008071	1514
14008421	1514
14008755	1514
14009128	1514
14009441	1514
14009913	1514
14010124	1514
14010700	1514
14011084	1514
14011535	1514
14031872	1514
14032072	1514
14032315	1514
14032597	1514
14032766	1514
14032931	1514
14033215	1514
14033456	1514
14033920	1514
14034087	1514
14034500	1514
14060788	1514
14061089	1514
14061429	1514
14061765	1514
14062101	1514
14062402	1514
14062800	1514
14063253	1514
14063671	1514
14064098	1514
14064453	1514
14064814	1514
14090987	1514
14091255	1514
14091734	1514
14092134	1514
14092267	1514
14092466	1514
14092853	1514
14093141	1514
14093323	1514
14093457	1514
14093960	1514
14094249	1514
14094621	962
14160871	1514
14161302	1514
14161585	1514
14162328	1514
14162621	1514
14162976	1442
14163943	1514
14164272	1490
14164606	1514
14164939	1514
14165474	1514
14166182	1514
14166683	1514
14186519	1514
14186947	1514
14187288	1514
14187522	1514
14187698	1514
14188182	1514
14188485	1514
14190374	1514
14190807	1514
14191180	1514
14191447	1514
14191864	1514
14192178	1514
14192569	1514
14212787	1514
14213056	1514
14213600	1514
14214040	1514
14214408	1514
14214688	1514
14215064	1514
14215420	1514
14217231	1514
14217523	1514
14217767	1514
14218313	1514
14218590	1514
14218941	1514
14219309	1514
14238016	1514
14238334	1514
14238767	1514
14239051	1514
14239201	1514
14239453	1514
14239865	1514
14240438	1514
14240650	1514
14244001	1514
14244733	1514
14245702	1514
14247247	1514
14248006	1514
14248818	1514
14249442	1514
14268909	1514
14269133	1514
14269256	1514
14269447	866
14310083	1514
14310285	1514
14310710	1514
14310984	1514
14311099	1514
14311264	1442
14312017	1514
14312187	1514
14312362	1514
14312779	1514
14312982	1514
14313214	1514
14313523	1514
14313900	1418
14314186	1514
14314517	1514
14314944	1514
14337525	1514
14337783	1514
14338041	1514
14338410	1514
14338696	1514
14339074	1514
14339725	1514
14340107	1514
14340418	1514
14340584	1514
14340913	1514
14341137	1514
14341586	1514
14342053	1514
14342347	1514
14342538	1514
14366203	1514
14366576	1514
14366906	1514
14367276	1514
14367891	1514
14368010	1514
14368395	1514
14369425	1514
14369552	1514
14369714	1514
14370213	1514
14370481	1514
14370772	1514
14370907	1514
14371102	1514
14371339	1514
14371682	1514
14389907	1514
14390079	1514
14390332	1514
14390544	1514
14390721	1514
14390836	1514
14390965	1514
14391088	1514
14391796	1514
14392163	1514
14392554	1514
14392829	1514
14393111	1514
14393284	1514
14393414	1514
14393608	1514
14393955	1514
14394141	1514
14408756	1514
14408958	1514
14409308	1514
14409972	1514
14410113	1514
14410348	794
14458465	1514
14458693	1514
14458913	1514
14459322	1514
14459484	1514
14459848	1514
14459963	1514
14460299	1514
14460732	1514
14460990	1514
14461171	1514
14461343	1370
14461523	1514
14462206	1514
14462337	1514
14462745	1514
14463185	1514
14463475	1442
14463645	1514
14483121	1514
14483510	1514
14483948	1514
14484261	1514
14484568	1514
14484750	1514
14484917	1514
14485159	1514
14485562	1514
14487200	1514
14488043	1514
14488721	1514
14488969	1514
14489330	1514
14489437	1514
14490106	1514
14490235	1514
14490661	1514
14511967	1514
14512120	1514
14512708	1514
14513010	1514
14513257	1514
14513837	1514
14514541	1514
14514876	1514
14515259	1514
14515694	1514
14515886	1514
14516206	1514
14516464	1514
14516869	1514
14517240	1514
14517419	1514
14517987	1514
14518261	1514
14518730	1514
14540260	1514
14540458	1514
14540568	1514
14540905	1514
14541026	1514
14541413	1514
14542048	1514
14542286	1514
14542714	1514
14543353	1514
14543739	1514
14544259	1514
14544609	1514
14545034	1514
14545488	1514
14546074	1514
14546540	1514
14546963	1514
14547268	1514
14547561	1514
14548338	1514
14571128	1514
14571461	1514
14571687	1514
14572078	1514
14572239	1514
14572632	1514
14572834	1514
14572984	1514
14573277	1514
14573779	1514
14574043	1514
14574403	1514
14574811	1514
14574956	1514
14575177	1514
14575452	1514
14575592	1514
14575973	1514
14576450	1418
14576752	1514
14577094	1514
14577260	1514
14600656	626
14614875	1514
14615205	1514
14615588	1514
14615970	1514
14616205	1514
14616527	1514
14616990	1514
14617318	1514
14617687	1514
14618116	1514
14618426	1514
14618716	1370
14619844	1514
14620198	1514
14620373	1514
14620951	1514
14629332	1514
14642534	1370
14642745	1514
14642976	1514
14643503	1514
14643878	1514
14644099	1514
14644314	1514
14644598	1514
14644751	1514
14645097	1514
14645223	1514
14645713	1514
14647859	1514
14648294	1514
14648810	1514
14649255	1514
14671999	1514
14674574	1514
14675271	1514
14675451	1514
14675701	1514
14675999	1514
14705390	1514
19034552	1514
19056554	1514
19056683	1514
19083277	1514
19083596	1514
19084014	1514
19103467	1514
19103819	1514
19103986	1514
19121368	1514
19121904	1514
19122044	1514
19122174	1514
19139040	1514
19139298	1514
19139643	1514
19139823	1514
19159281	1514
19159662	1514
19159972	1514
19160152	1514
19160336	1514
19178262	1514
19178610	1514
19178846	1514
19179101	1514
19179225	1514
19179347	1514
19199214	1514
19199395	1514
19199592	1514
19199872	1514
19199984	1514
19220764	1514
19220977	1514
19221164	1514
19221342	1514
19221878	1514
19222139	1514
19222367	1514
19243052	1514
19243291	1514
19243537	1514
19243675	1514
19243867	1514
19244055	1514
19264651	1514
19264877	1514
19265214	1514
19265449	1514
19265790	1514
19266265	1514
19286693	1514
19286859	1514
19287257	1514
19287419	1514
19287721	1514
19287829	1514
19288022	1514
19306789	1514
19307052	1514
19308720	1514
19309044	1514
19309258	1514
19309419	1514
19309537	1514
19309947	1514
19328031	1514
19328229	1514
19331903	1514
19332085	1514
19332398	1514
19332680	1514
19332813	1514
19332987	1514
19333098	1514
19352446	1514
19352814	1514
19355209	1514
19355342	1514
19355455	1514
19355630	1514
19355864	1514
19356144	1514
19372461	1514
19372776	1514
19373707	1514
19374204	1514
19374397	1514
19374571	1514
19374735	1514
19375053	1514
19375188	1514
19389235	1514
19389443	1514
19389598	1514
19389928	1514
19390219	1514
19390346	1514
19390451	1514
19390636	1514
19390857	1514
19391063	1514
19403848	1514
19403961	1514
19404134	1514
19404399	1514
19404607	1514
19404838	1514
19405111	1514
19405308	1514
19405416	1514
19405593	1514
19419345	1514
19419724	1514
19420092	1514
19420226	1514
19420401	1514
19420584	1514
19420697	1514
19421151	1514
19421328	1514
19421458	1514
19421643	1514
19436920	1514
19437277	1514
19437397	1514
19437589	1514
19437866	1514
19438045	1514
19438158	1514
19438562	1514
19438869	1514
19439049	1514
19457303	1514
19457492	1514
19457645	1514
19458026	1514
19458437	1514
19458736	1514
19458895	1514
19459067	1514
19459181	1514
19459579	1514
19459750	1514
19459994	1514
19479072	1514
19479196	1514
19479360	1514
19479482	1514
19479687	1514
19479857	1514
19480006	1514
19480197	1514
19481253	1514
19481610	1514
19482605	1514
19482986	1514
19502195	1514
19502311	1514
19502643	1514
19502947	1514
19503283	1514
19503440	1514
19503561	1514
19503741	1514
19503910	1514
19504381	1514
19504610	1514
19505202	1514
19505401	1514
19524817	1514
19525100	1514
19525359	1514
19525553	1514
19526024	1514
19526192	1514
19526422	1514
19526684	1514
19526855	1514
19526978	1514
19527177	1514
19527384	1514
19527504	1514
19543584	1514
19543755	1514
19543951	1514
19544264	1514
19544371	1514
19544542	1514
19544726	1514
19544926	1514
19545038	1514
19545233	1514
19545433	1514
19545766	1514
19545970	1514
19559799	1514
19559906	1514
19560090	1514
19560350	1514
19560459	1514
19560579	1514
19560740	1514
19560911	1514
19561221	1514
19561328	1514
19561509	1514
19561864	1514
19562053	1514
19577737	1514
19577992	1514
19578247	1514
19578484	1514
19578619	1514
19578880	1514
19578996	1514
19579453	1514
19579666	1514
19579808	1514
19579983	1514
19580150	1514
19580371	1514
19580654	1514
19597458	1514
19597674	1514
19598390	1514
19598565	1514
19599015	1514
19599123	1514
19599292	1514
19599421	1514
19599836	1514
19600000	1514
19600132	1514
19600327	1514
19600553	1514
19600834	1514
19621214	1514
19621331	1514
19621533	1514
19621966	1514
19622100	1514
19622219	1514
19622347	1514
19622522	1514
19622639	1514
19622850	1514
19623058	1514
19623231	1514
19623818	1514
19624038	1514
19645713	1514
19645981	1514
19646202	1514
19646330	1514
19646682	1514
19646856	1514
19647147	1514
19647391	1514
19647555	1514
19647728	1514
19648156	1514
19648321	1514
19648599	1514
19648778	1514
19648904	1514
19665651	1514
19665983	1514
19666192	1514
19666300	1514
19666618	1514
19666816	1514
19666981	1514
19667276	1514
19667446	1514
19667566	1514
19667873	1514
19668068	1514
19668478	1514
19668725	1514
19668857	1514
19668968	1514
19681945	1514
19682144	1514
19682269	1514
19682374	1514
19682474	1514
19682593	1514
19682782	1514
19683311	1514
19683590	1514
19683718	1514
19683837	1514
19683998	1514
19684322	1514
19684719	1514
19684927	1514
19685061	1514
19685408	1514
19697383	1514
19697552	1514
19697946	1514
19698229	1514
19698348	1514
19698885	1514
19699028	1514
19699455	1514
19699592	1514
19699696	1514
19699869	1514
19700043	1514
19700314	1514
19700642	1514
19700795	1514
19700903	1514
19712296	1514
19712616	1514
19712857	1514
19713053	1514
19713259	1514
19713629	1514
19714179	1514
19714373	1514
19714742	1514
19715095	1514
19715361	1514
19715714	1514
19715864	1514
19716083	1514
19716283	1514
19716638	1514
19733135	1514
19733411	1514
19733523	1514
19734032	1514
19734282	1514
19734707	1514
19734979	1514
19735145	1514
19735306	1514
19735511	1514
19735631	1514
19735810	1514
19735934	1514
19736140	1514
19736278	1514
19736485	1514
19736737	1502
19755134	1514
19755263	1514
19755422	1514
19755579	1514
19755828	1514
19756325	1514
19756642	1514
19757082	1418
19757229	1514
19757409	1514
19757542	1514
19757992	1514
19758646	1514
19758956	1514
19759110	1514
19759275	1514
19759648	1406
19759913	1514
19772817	1514
19773236	1514
19773453	1514
19773700	1514
19773967	1514
19774305	1514
19774584	1514
19774743	1514
19774937	1514
19775126	1514
19775587	1514
19776031	1514
19776350	1514
19776476	1514
19776668	1514
19776944	1514
19777071	1514
19777547	1514
19789356	1514
19789561	1514
19789855	1514
19790334	1514
19790558	1514
19790749	1514
19791125	1514
19791277	1514
19791746	1514
19792301	1514
19792524	1514
19792627	1514
19792887	1514
19793049	1514
19793332	1514
19793591	1514
19793906	1514
19794072	1514
19809099	1514
19809247	1514
19809749	1514
19810427	1514
19810797	1514
19811002	1514
19813598	1514
19814193	1514
19814574	1514
19815074	950
19850700	1514
19851129	1514
19851492	1514
19851992	1514
19852374	1514
19852833	1514
19853079	1514
19853715	1514
19853972	1514
19854144	1514
19854501	1514
19854740	1370
19869102	1502
19869384	1514
19869865	1514
19870053	1514
19870255	1514
19870622	1514
19871065	1514
19871449	1514
19878487	1514
19878752	1514
19879444	1514
19879744	1514
19880062	1514
19880176	1514
19880342	1514
19880463	1514
19880598	1514
19880761	1514
19880975	1514
19881083	1286
19908290	1514
19908791	1514
19909008	1514
19909188	1514
19909499	1514
19909954	1514
19910493	1514
19911107	1514
19911355	1514
19911802	1514
19912536	1514
19912712	1370
19913012	1514
19913527	1514
19914083	1514
19914524	1514
19914755	1514
19914879	1514
19915085	1514
19915278	1514
19915527	1514
19930854	1514
19930969	1514
19931133	1514
19931576	1514
19931867	1514
19932087	1514
19933228	1514
19933443	1514
19933579	1514
19939803	1514
19940005	1514
19940180	1514
19940369	1514
19940527	1514
19940716	1514
19941119	1514
19941367	1514
19941582	1514
19942204	1514
19943001	1514
19943187	1514
19959725	1514
19960286	1514
19960439	1514
19960605	1514
19960758	1370
19960919	1514
19962291	1514
19962560	1514
19962732	1514
19965061	1514
19965365	1514
19965733	1514
19965927	1514
19966054	1514
19966255	1514
19966577	1514
19966842	1514
19966970	1514
19967170	1514
19967354	1514
19967975	1514
19968303	1514
19980524	1514
19980942	1514
19981304	1514
19981736	1514
19982185	1514
19982371	1514
19982700	1514
19983117	1514
19983340	1514
19983501	1514
19983666	1514
19984005	1514
19984289	1514
19984543	1514
19984941	1514
19985497	1514
19986496	1514
19992851	1514
19992999	1514
19993110	1514
19993389	1514
19993596	1514
20004881	1514
20005297	1514
20005848	1514
20005999	1514
20006362	1514
20006578	1514
20006878	1514
20007151	1514
20007409	1514
20007535	1514
20007914	1514
20008475	1514
20008687	1514
20008791	1514
20008967	1514
20009317	1514
20009687	1514
20009986	1514
20013759	1514
20013962	1514
20014369	1514
20014735	1514
20022714	1514
20022965	1514
20023107	1514
20023281	1514
20023903	1514
20024107	1514
20024450	1514
20024591	1514
20024933	1514
20025191	1514
20025467	1514
20026002	1514
20026235	1514
20026566	1514
20026721	1514
20026829	1514
20027003	1514
20027336	1514
20034930	1514
20035048	1514
20035374	1514
20035689	1514
20043772	1514
20044287	1514
20044591	1514
20045064	1514
20045519	1514
20046092	1514
20046370	1514
20046488	1514
20046616	1514
20046833	1514
20047073	1514
20047398	1514
20047901	1514
20048311	1514
20048619	1514
20048731	1514
20048895	1514
20049148	1514
20049396	1514
20078077	1514
20078259	1514
20078378	1514
20078503	1514
20093783	1514
20094252	1514
20094414	1514
20095062	1514
20095238	1514
20095422	1514
20095631	1514
20095898	1514
20096081	1514
20096281	1514
20096485	1514
20096631	1514
20096797	1514
20097136	1514
20097714	1514
20098099	1514
20098237	1514
20098453	1514
20098720	1514
20098898	1514
20109437	1514
20109846	1514
20110221	1514
20110422	1514
20122246	1514
20122383	1514
20122672	1514
20122872	1514
20122980	1514
20123128	1514
20123657	1514
20123971	1514
20124115	1514
20124505	1514
20124754	1514
20125056	1514
20125618	1514
20126080	1514
20126230	1514
20126359	1514
20126514	1514
20126907	1514
20127110	1514
20127465	1514
20135598	1514
20135764	1514
20136023	1514
20136159	1514
20137456	1514
20137671	1514
20138165	1514
20138616	1514
20139007	1514
20139378	1514
20139812	1514
20140248	1514
20140384	1514
20140687	1514
20140800	1514
20141130	1514
20141383	1514
20141905	1514
20142235	1514
20142737	1514
20143043	1514
20143569	1514
20143825	1514
20144011	1514
20144445	1514
20151315	1514
20151591	1514
20152073	1514
20152409	1514
20155964	1514
20156256	1514
20156547	1514
20157034	1514
20157162	1514
20157346	1514
20157482	1514
20157920	1514
20158219	1514
20158531	1514
20158876	1514
20159039	1514
20159393	1514
20159684	1514
20159885	1514
20159999	1514
20160161	1514
20160378	1514
20160867	1514
20161123	1514
20161572	1514
20172318	1514
20172781	1514
20173292	1514
20173452	1514
20176034	1514
20176431	1514
20176671	1514
20177310	1514
20177608	1514
20177914	1514
20178193	1514
20178488	1514
20178671	1514
20178978	1514
20179298	1514
20179808	1514
20180117	1514
20180603	1514
20181119	1514
20181594	1514
20181924	1514
20182107	1514
20182288	1514
20182430	1514
20182948	1514
20183068	1514
20192919	1514
20193473	1514
20193858	1514
20194270	1514
20198043	1514
20198458	1514
20198624	1514
20198930	1514
20199051	1514
20199240	1514
20199484	1514
20199887	1514
20200001	1514
20200271	1514
20200458	1514
20200644	1514
20200758	1514
20200928	1514
20201080	1514
20201485	1514
20201844	1514
20202023	1514
20202276	1514
20202673	1514
20202839	1514
20203017	1514
20203265	1514
20214998	1514
20215157	1514
20215514	1514
20215964	1514
20219006	1514
20219189	1514
20219437	1514
20219753	1514
20219918	1514
20220163	1514
20220590	1514
20220840	1514
20220977	1514
20221169	1514
20221311	1514
20222021	1514
20222191	1514
20222564	1514
20222782	1514
20222973	1514
20223346	1514
20223884	1514
20224237	1514
20224642	1514
20224864	1514
20225038	1514
20225324	1514
20234916	1514
20235039	1514
20235195	1514
20235486	1514
20238579	1514
20238737	1514
20238977	1514
20239188	1514
20239311	1514
20239468	1514
20239664	1514
20240070	1514
20240657	1514
20240974	1514
20241280	1514
20241504	1514
20241782	1514
20242210	1514
20242448	1514
20242737	1514
20242957	1514
20243253	1514
20243501	1514
20243737	1514
20243978	1514
20244166	1514
20244406	1514
20244593	1514
20259204	1514
20259427	1514
20259748	1514
20259948	1514
20260137	1514
20260257	1514
20260432	1514
20260753	1514
20261306	1514
20261804	1514
20262044	1514
20262404	1514
20262636	1514
20262775	1514
20262995	1514
20263537	1514
20263903	1514
20264051	1514
20264164	1514
20264344	1514
20264463	1514
20264846	1514
20265042	1514
20283414	1514
20283807	1514
20284174	1514
20284403	1514
20284522	1514
20284750	1514
20284862	1514
20284997	1514
20285374	1514
20286034	1514
20286330	1514
20287156	1514
20287600	1514
20287958	1514
20288892	1514
20289429	1514
20289771	1514
20291377	1514
20292250	1514
20293035	1514
20293445	1514
20293906	1514
20295072	1514
20295647	1514
20312969	1514
20313457	1514
20313611	1514
20314229	1514
20314462	1514
20314731	1514
20314872	1514
20315060	1514
20315213	1514
20315677	1514
20316055	1514
20316234	1514
20316424	1514
20316563	1514
20316955	1514
20317220	1514
20317435	1514
20317829	1514
20318083	1514
20318254	1514
20318454	1514
20318649	1514
20318963	1514
20319252	1514
20319754	1514
20337082	1514
20337485	1514
20337852	1514
20338026	1514
20338228	1514
20338519	1514
20338876	1514
20339132	1514
20339368	1514
20339778	1514
20340040	1514
20340378	1514
20340584	1514
20340923	1514
20341085	1514
20341261	1514
20341672	1514
20341977	1514
20342194	1514
20342782	1514
20343074	1514
20343384	1514
20343579	1514
20343896	1514
20361426	1514
20362172	1514
20362340	1514
20362633	1514
20362749	1514
20363075	1514
20363351	1514
20363842	1514
20364125	1514
20364269	1514
20364440	1514
20364570	1514
20364853	1514
20365030	1514
20365358	1514
20365652	1514
20366132	1514
20366454	1514
20366661	1514
20366787	1514
20367052	1514
20367201	1514
20367399	1514
20386558	1514
20386822	1514
20387212	1514
20387326	1514
20387754	1514
20387935	1514
20388460	1514
20388616	1514
20388946	1514
20389076	1514
20389423	1514
20389913	1514
20390340	1514
20390680	1514
20391059	1514
20391248	1514
20391481	1514
20391888	1514
20392035	1514
20392265	1514
20392498	1514
20392761	1514
20392920	1514
20393158	1514
20410000	1514
20410137	1514
20410439	1514
20410673	1514
20410861	1514
20410995	1514
20411169	1514
20411413	1514
20411964	1514
20412097	1514
20412288	1514
20412610	1514
20413092	1514
20413398	1514
20413532	1514
20413983	1514
20414109	1514
20414277	1514
20414714	1514
20414863	1514
20415196	1514
20415561	1514
20415820	1514
20416017	1514
20435084	1514
20435530	1514
20435816	1514
20435972	1514
20436273	1514
20436491	1514
20436679	1514
20437261	1514
20437459	1514
20437946	1514
20438375	1514
20438683	1514
20438796	1514
20439045	1514
20439326	1514
20439769	1514
20440324	1514
20440444	1514
20440741	1514
20440942	1514
20441198	1514
20441482	1514
20441787	1514
20442097	1514
20462501	1514
20462692	1514
20462850	1514
20463161	1514
20463579	1514
20464043	1514
20464278	1514
20464565	1514
20464909	1514
20465063	1514
20465174	1514
20465351	1514
20465510	1514
20465765	1514
20466280	1514
20466560	1514
20466775	1514
20467010	1514
20467311	1514
20467654	1514
20467887	1514
20468277	1514
20468608	1514
20489114	1514
20489220	1514
20489400	1514
20489630	1514
20489998	1514
20490388	1514
20490707	1514
20490841	1514
20490949	1514
20491132	1514
20491571	1514
20491851	1514
20492054	1514
20492298	1514
20492631	1514
20492921	1514
20493248	1514
20493619	1514
20493922	1514
20514669	1514
20514971	1514
20515247	1514
20515390	1514
20515949	1514
20516339	1514
20516581	1514
20516796	1514
20517184	1514
20517906	1514
20518195	1514
20518679	1514
20519154	1514
20519525	1514
20542858	1514
20542990	1514
20543174	1514
20543465	1514
20543931	1514
20544150	1514
20544689	1514
20545059	1514
20545376	1514
20545639	1514
20569521	1514
22034665	1514
22062100	1514
22062560	1514
22090040	1514
22090422	1514
22091049	1514
22118824	1514
22119195	1514
22119689	1514
22150471	1514
22151143	1514
22151372	1514
22151705	1514
22176485	1514
22176739	1514
22199441	1514
22199911	1514
22200434	1514
22223933	1514
22224360	1514
22224921	1514
22225153	1514
22249301	1514
22249499	1514
22250041	1514
22250326	1514
22250927	1514
22276712	1514
22277071	1514
22277380	1514
22277685	1514
22278238	1514
22310689	1514
22310955	1514
22311058	1514
22311464	1514
22311686	1514
22312091	1514
22338564	1514
22338846	1514
22339238	1514
22339564	1514
22340027	1514
22340272	1514
22367193	1514
22367346	1514
22367611	1514
22368026	1514
22368394	1514
22368735	1514
22368902	1514
22395553	1514
22395749	1514
22396108	1514
22396232	1514
22396393	1514
22396625	1514
22420548	1514
22420747	1514
22420963	1514
22421134	1514
22421412	1514
22421611	1514
22421972	1514
22445528	1514
22445741	1514
22446065	1514
22446312	1514
22446514	1514
22446777	1514
22447132	1514
22447442	1514
22468938	1514
22469067	1514
22469513	1514
22469790	1514
22470423	1514
22470572	1514
22470928	1514
22471192	1514
22471336	1514
22496586	1514
22496860	1514
22497081	1514
22497467	1514
22497719	1514
22497991	1514
22498107	1514
22498233	1514
22522322	1514
22522730	1514
22522954	1514
22523317	1514
22523660	1514
22523943	1514
22524150	1514
22524261	1514
22524416	1514
22550420	1514
22550536	1514
22550875	1514
22550979	1514
22551347	1514
22551453	1514
22574320	1514
22574455	1514
30017259	1514
30045630	1514
30046216	1514
30073430	1514
30073941	1514
30074153	1514
30106682	1514
30109490	1514
30112094	1514
30188662	1514
30188804	1514
30189426	1514
30190042	1514
30217800	1514
30218190	1514
30218385	1514
30218679	1514
30218959	1514
30246661	1514
30246935	1514
30247258	1514
30247602	1514
30247892	1514
30275612	1514
30275896	1514
30276049	1514
30276183	1514
30276306	1514
30276439	1514
30296239	1514
30296482	1514
30296746	1514
30297005	1514
30297333	1514
30297795	1514
30324536	1514
30324828	1514
30324978	1514
30325083	1514
30325198	1514
30325717	1514
30325917	1514
30352751	1514
30353014	1514
30353231	1514
30353553	1514
30354060	1514
30354178	1514
30354399	1514
30380164	1514
30380317	1514
30380941	1514
30381262	1514
30381470	1514
30382287	1514
30382558	1514
30382907	1514
30408321	1514
30408587	1514
30408860	1514
30408978	1514
30409096	1514
30409225	1514
30409716	1514
30434441	1514
30434551	1514
30434755	1514
30435029	1514
30435259	1514
30435639	1514
30457900	1514
30458223	1514
30458611	1514
30479954	1514
30480325	1514
30480710	1514
30481052	1514
30482099	1514
30504052	1514
30504294	1514
30504420	1514
30504558	1514
30504667	1514
30529627	1514
30529891	1514
30530335	1514
30530608	1514
30530886	1514
30531298	1514
30559258	1514
30559611	1514
30559758	1514
30559886	1514
30560180	1514
30560425	1514
30591720	1514
30592283	1514
30592561	1514
30592760	1514
30593153	1514
30593658	1514
30622540	1514
30622765	1514
30622992	1514
30623389	1514
30623714	1514
30623935	1514
30624308	1514
30647422	1514
30647764	1514
30648094	1514
30648449	1514
30648679	1514
30649078	1514
30649273	1514
30649712	1514
30671376	1514
30671660	1514
30672030	1514
30672379	1514
30672778	1514
30672960	1514
30673413	1514
30673790	1514
30673918	1514
30697932	1514
30698272	1514
30698628	1514
30698826	1514
30699224	1514
30699579	1514
30699838	1514
30699972	1514
30724278	1514
30724730	1514
30725011	1514
30725304	1514
30725410	1514
30725535	1514
30725715	1514
30726135	1514
30752404	1514
30752924	1514
30753032	1514
30753201	1514
30753310	1514
30753740	1514
30754022	1514
30754146	1514
30754252	1514
30780863	1514
30781006	1514
30781258	1514
30781550	1514
30782288	1514
30782488	1514
30782739	1514
30782846	1514
30782979	1514
30811237	1514
30811444	1514
30811718	1514
30812288	1514
30812560	1514
30813052	1514
30813313	1514
30813886	1514
30814202	1514
30814369	1514
30843757	1514
30844158	1514
30844685	1514
30844882	1514
30845313	1514
30845546	1514
30846063	1514
30846216	1514
30874564	1514
30875105	1514
30875317	1514
30875635	1514
30875925	1514
30876210	1514
30876627	1514
30905066	1514
30905208	1514
30905484	1514
32011171	1514
32038303	1514
32038836	1514
32067617	1514
32067954	1514
32068180	1514
32068504	1514
32097632	1514
32098140	1514
32098597	1514
32098948	1514
32125055	1514
32125364	1514
32125913	1514
32126115	1514
32126639	1514
32149069	1514
32149187	1514
32149286	1514
32149409	1514
32150074	1514
32150287	1514
32171831	1514
32171953	1514
32172067	1514
32172586	1514
32172809	1514
32173118	1514
32198439	1514
32198543	1514
32198657	1514
32199114	1514
32199598	1514
32199711	1514
32200021	1514
32224097	1514
32224209	1514
32224597	1514
32224791	1514
32225276	1514
32225417	1514
32249446	1514
32249904	1514
32250101	1514
32250551	1514
32250780	1514
32251028	1514
32251667	1514
32251969	1514
32277036	1514
32277477	1514
32278040	1514
32278163	1514
32278310	1514
32278715	1514
32278866	1514
32278973	1514
32305131	1514
32305250	1514
32305618	1514
32306310	1514
32306511	1514
32306963	1514
32307375	1514
32331439	1514
32331580	1514
32331818	1514
32332099	1514
32332223	1514
32332396	1514
32332588	1514
32332815	1514
32333028	1514
32362279	1514
32362454	1514
32362580	1514
32362768	1514
32362977	1514
32363141	1514
32363507	1514
32363621	1514
32387238	1514
32387479	1514
32387811	1514
32388013	1514
32388260	1514
32388448	1514
32388805	1514
32388989	1514
32389298	1514
32415154	1514
32415513	1514
32415909	1514
32416186	1514
32416311	1514
32416624	1514
32416877	1514
32417158	1514
32417355	1514
32417892	1514
32441508	1514
32441771	1514
32441941	1514
32442279	1514
32442458	1514
32442798	1514
32442997	1514
32443283	1514
32443457	1514
32443677	1514
32443780	1514
32466023	1514
32466154	1514
32466307	1514
32466439	1514
32466643	1514
32466811	1514
32466922	1514
32467035	1514
32467319	1514
32467859	1514
32488777	1514
32488899	1514
32489161	1514
32489278	1514
32489499	1514
32489887	1514
32490560	1514
32490672	1514
32490906	1514
32491037	1514
32491212	1514
32491558	1514
32514592	1514
32514697	1514
32514909	1514
32515130	1514
32515326	1514
32515763	1514
32516073	1514
32516376	1514
32516545	1514
32516920	1514
32517037	1514
32517209	1514
32542791	1514
32542925	1514
32543043	1514
32543280	1514
32543450	1514
32543638	1514
32543857	1514
32572763	1514
32572942	1514
34508272	1514
34535722	1514
34536110	1514
34565551	1514
34566396	1514
34586309	1514
36004114	1514
36030661	1514
36056329	1514
36056594	1514
38994694	1514
39018231	1514
39018532	1514
39047039	1514
39047608	1514
39047768	1514
39075279	1514
39075527	1514
39075934	1514
39102264	1514
39102714	1514
39102976	1514
39103304	1514
39130024	1514
39130539	1514
39130867	1514
39131225	1514
39131455	1514
39154739	1514
39154845	1514
39155136	1514
39155257	1514
39155392	1514
39183166	1514
39183337	1514
39183728	1514
39183893	1514
39209813	1514
39210079	1514
39210227	1514
39210591	1514
39228815	1514
39252980	1514
40488633	1514
40509136	1514
40509292	1514
40531758	1514
40532243	1514
40532406	1514
40532631	1514
40555682	1514
40556289	1514
40556466	1514
40556929	1514
40582033	1514
40582280	1514
40582641	1514
40609534	1514
40610143	1514
40638587	1514
40665458	1514
41994667	1514
42017338	1514
42017487	1514
42042356	1514
42042750	1514
42043102	1514
42070525	1514
42070938	1514
42071199	1514
42071307	1514
42098377	1514
42098907	1514
42099036	1514
42099266	1514
42117625	1514
42117939	1514
42118387	1514
42118519	1514
42118802	1514
42135539	1514
42135849	1514
42136083	1514
42136415	1514
42136565	1514
42136916	1514
42158192	1514
42158319	1514
42158523	1514
42158736	1514
42158876	1514
42158985	1514
42179380	1514
42179577	1514
42179679	1514
42179867	1514
42180140	1514
42200888	1514
42201090	1514
42201443	1514
42201803	1514
42202023	1514
42202155	1514
42223203	1514
42223314	1514
42223613	1514
42223717	1514
42223993	1514
42224113	1514
42246091	1514
42246403	1514
42246533	1514
42246717	1514
42247178	1514
42247285	1514
42268433	1514
42268685	1514
42269077	1514
42269312	1514
42269520	1514
42269640	1514
42270289	1514
42290830	1514
42291074	1514
42291214	1514
42291378	1514
42291572	1514
42291693	1514
42291830	1514
42292029	1514
42316217	1514
42316325	1514
42316490	1514
42316768	1514
42316997	1514
42317097	1514
42317256	1514
42317819	1514
42343196	1514
42343366	1514
42343594	1514
42343795	1514
42344064	1514
42344277	1514
42344547	1514
42344691	1514
42345149	1514
42367118	1514
42367224	1514
42367675	1514
42367827	1514
42368389	1514
42368751	1514
42368989	1514
42369096	1514
42369270	1514
42388942	1514
42389154	1514
42389386	1514
42389547	1514
42390118	1514
42390313	1514
42390884	1514
42391356	1514
42391726	1514
42392039	1514
42415121	1514
42415428	1514
42415666	1514
42416196	1514
42416308	1514
42416663	1514
42416787	1514
42417127	1514
42417286	1514
42417704	1514
42436542	1514
42436796	1514
42436962	1514
42437163	1514
42437438	1514
42439060	1514
42439251	1514
42439365	1514
42439649	1514
42439856	1514
42440020	1514
42463363	1514
42463573	1514
42464154	1514
42464465	1514
42464750	1514
42464873	1514
42465072	1514
42465291	1514
42465554	1514
42466100	1514
42487972	1514
42488200	1514
42488332	1514
42488736	1514
42488850	1514
42489059	1514
42489211	1514
42489355	1514
42489499	1514
42489707	1514
42490792	1514
42491148	1514
42513918	1514
42514073	1514
42514386	1514
42514589	1514
42514824	1514
42515105	1514
42515287	1514
42515666	1514
42515774	1514
42516117	1514
42516336	1514
42539724	1514
42540151	1514
42540331	1514
42540481	1514
42540574	1514
42540782	1514
42540937	1514
42541109	1514
42541443	1514
42541590	1514
42541915	1514
42564235	1514
42564500	1514
42564689	1514
42564876	1514
42564991	1514
42565380	1514
42565994	1514
42566332	1514
42566462	1514
42566885	1514
42567096	1514
42567219	1514
42567424	1514
42594291	1514
42594608	1514
42594709	1514
42594897	1514
42595138	1514
42595258	1514
42595422	1514
42595888	1514
42596066	1514
42596188	1514
42596370	1514
42596708	1514
42597075	1514
42620503	1514
42620694	1514
42621059	1514
42621160	1514
42621346	1514
42621493	1514
42622342	1514
42622635	1514
42622809	1514
42623006	1514
42623255	1514
42623463	1514
42623712	1514
42643516	1514
42643675	1514
42643978	1514
42644435	1514
42644711	1514
42644901	1514
42645013	1514
42645569	1514
42646708	1514
42646959	1514
42647234	1514
42647337	1514
42647487	1514
42647642	1514
42670344	1514
42670540	1514
42670788	1514
42671144	1514
42671353	1514
42671731	1514
42671974	1514
42672138	1514
42672283	1514
42672466	1514
42672849	1514
42672968	1514
42673131	1514
42673416	1514
42673793	1514
42695897	1514
42696071	1514
42696306	1514
42696479	1514
42696683	1514
42697025	1514
42697375	1514
42697558	1514
42697731	1514
42697931	1514
42698061	1514
42698693	1514
42698836	1514
42699093	1514
42720751	1514
42720969	1514
42721388	1514
42721618	1514
42722234	1514
42722341	1514
42722684	1514
42722953	1514
42723075	1514
42723252	1514
42723364	1514
42723580	1514
42723713	1514
42723883	1514
42724270	1514
42740170	1514
42740279	1514
42740448	1514
42740776	1514
42740905	1514
42741111	1514
42741285	1514
42741567	1514
42741792	1514
42742182	1514
42742377	1514
42742692	1514
42742951	1514
42743243	1514
42743516	1514
42743814	1514
42763312	1514
42763753	1514
42763916	1514
42764050	1514
42764427	1514
42764654	1514
42764753	1514
42765065	1514
42765479	1514
42766019	1514
42766218	1514
42766429	1514
42766565	1514
42766680	1514
42766893	1514
42767233	1514
42788967	1514
42789393	1514
42789726	1514
42790398	1514
42790496	1514
42790634	1514
42790872	1514
42791004	1514
42791243	1514
42791597	1514
42791757	1514
42792099	1514
42792268	1514
42792570	1514
42792707	1514
42792954	1514
42815788	1514
42815982	1514
42816138	1514
42816480	1514
42816631	1514
42816770	1514
42816996	1514
42817183	1514
42817546	1514
42817791	1514
42818403	1514
42818654	1514
42818930	1514
42819215	1514
42819316	1514
42819498	1514
42819750	1514
42840144	1514
42840279	1514
42840448	1514
42840664	1514
42840895	1514
42841061	1514
42841269	1514
42841554	1514
42841718	1514
42841959	1514
42842244	1514
42842524	1514
42842690	1514
42842876	1514
42842994	1514
42843156	1514
42843426	1514
42843586	1514
42865045	1514
42865207	1514
42865359	1514
42865756	1514
42865952	1514
42866707	1514
42866925	1514
42867343	1514
42867607	1514
42867727	1514
42868034	1514
42868249	1514
42868462	1514
42868559	1514
42868905	1514
42869419	1514
42869578	1514
42869979	1514
42886907	1514
42887167	1514
42887506	1514
42887658	1514
42887941	1514
42888424	1514
42888528	1514
42888735	1514
42888851	1514
42888997	1514
42889308	1514
42889503	1514
42890638	1514
42890982	1514
42891120	1514
42891245	1514
42891484	1514
42891994	1514
42908646	1514
42908792	1514
42909297	1514
42909525	1514
42909929	1514
42910492	1514
42910889	1514
42911015	1514
42911313	1514
42911536	1514
42911812	1514
42911912	1514
42912216	1514
42912452	1514
42912703	1514
42912914	1514
42913078	1514
42913396	1514
42929195	1514
42929429	1514
42929558	1514
42929909	1514
42930311	1514
42930544	1514
42930682	1514
42931176	1514
42931686	1514
42932076	1514
42932198	1514
42932311	1514
42932456	1514
42932652	1514
42932809	1514
42932910	1514
42933130	1514
42933244	1514
42951595	1514
42951874	1514
42951980	1514
42952181	1514
42952351	1514
42952536	1514
42952733	1514
42952927	1514
42953209	1514
42953312	1514
42953634	1514
42954577	1514
42954715	1514
42954862	1514
42955103	1514
42955235	1514
42955335	1514
42955435	1514
42955604	1514
42955714	1514
42976065	1514
42976271	1514
42976892	1514
42977178	1514
42977601	1514
42977908	1514
42978369	1514
42978636	1514
42978764	1514
42978930	1514
42979127	1514
42979298	1514
42979706	1514
42979959	1514
42980167	1514
42980324	1514
42980457	1514
42980653	1514
43001025	1514
43001412	1514
43001570	1514
43002180	1514
43002502	1514
43002722	1514
43002998	1514
43003301	1514
43003600	1514
43003821	1514
43023282	1514
43023393	1514
43023620	1514
43023726	1514
43023903	1514
43024153	1514
43024677	1514
43024993	1514
43025280	1514
43026085	1514
43026460	1514
43045522	1514
43046309	1514
43046463	1514
43046630	1514
43046986	1514
43047257	1514
43047519	1514
43047788	1514
43048212	1514
43048397	1514
43048626	1514
43068825	1514
43068953	1514
43069111	1514
43069433	1514
43070218	1514
43070527	1514
43070913	1514
43071025	1514
43071241	1514
43071376	1514
43071805	1514
43092548	1514
43092722	1514
43092961	1514
43093281	1514
43093388	1514
43093737	1514
43094494	1514
43094606	1514
43094759	1514
43095009	1514
43095178	1514
43095454	1514
43116157	1514
43116327	1514
43116427	1514
43116555	1514
43116830	1514
43116960	1514
43117107	1514
43117899	1514
43118074	1514
43118478	1514
43118772	1514
43119034	1514
43119139	1514
43140826	1514
43141014	1514
43141399	1514
43141587	1514
43141899	1514
43142134	1514
43142396	1514
43142544	1514
43142972	1514
43143129	1514
43143337	1514
43143554	1514
43167277	1514
43167631	1514
43167825	1514
43168062	1514
43168183	1514
43168343	1514
43168790	1514
43168942	1514
43169176	1514
43169303	1514
43169652	1514
43170466	1514
43170738	1514
43194846	1514
43195120	1514
43195543	1514
43195871	1514
43196114	1514
43196311	1514
43196541	1514
43196672	1514
43196786	1514
43197034	1514
43197382	1514
43198125	1514
43198801	1514
43220640	1514
43220757	1514
43220926	1514
43221316	1514
43221441	1514
43221744	1514
43221946	1514
43222153	1514
43238231	1514
43238374	1514
43238588	1514
43238748	1514
43238982	1514
43239273	1514
43239437	1514
43239678	1514
43255514	1514
43255635	1514
43255779	1514
43255934	1514
43256042	1514
43256143	1514
43256247	1514
43256349	1514
43274662	1514
43274949	1514
43275245	1514
43275347	1514
43275531	1514
43275777	1514
43276173	1514
43276484	1514
43296315	1514
43296518	1514
43296639	1514
43296808	1514
43296947	1514
43297128	1514
43297283	1514
43297518	1514
43318612	1514
43318832	1514
43319119	1514
43319359	1514
43319638	1514
43319890	1514
43320030	1514
43320284	1514
43320537	1514
43338934	1514
43339090	1514
43339265	1514
43339364	1514
43339494	1514
43339615	1514
43339800	1514
43340358	1514
43340622	1514
43340885	1514
43359402	1514
43359625	1514
43359786	1514
43359935	1514
43360235	1514
43360714	1514
43361028	1514
43361142	1514
43361309	1514
43361708	1514
43383191	1514
43383387	1514
43383545	1514
43383798	1514
43383976	1514
43384219	1514
43384388	1514
43384599	1514
43384814	1514
43385152	1514
43385546	1514
43407450	1514
43407605	1514
43408823	1514
43408958	1514
43409224	1514
43409491	1514
43409684	1514
43410388	1514
43410534	1514
43410857	1514
43411046	1514
43434859	1514
43434986	1514
43435851	1514
43436129	1514
43436294	1514
43436622	1514
43436851	1514
43437210	1514
43437320	1514
43437505	1514
43459624	1514
43459777	1514
43460686	1514
43461210	1514
43461770	1514
43462749	1514
43462894	1514
43463232	1514
43463408	1514
43486814	1514
43487016	1514
43487198	1514
43487407	1514
43507523	1514
43507946	1514
43508222	1514
43508411	1514
43508580	1514
43508808	1514
43509084	1514
43531587	1514
43531846	1514
43532082	1514
43532223	1514
43532326	1514
43532548	1514
43532706	1514
43532954	1514
43556170	1514
43556464	1514
43556713	1514
43557011	1514
43557121	1514
43557418	1514
43558438	1514
43577551	1514
43577883	1514
43578671	1514
43580326	1514
43580457	1514
43580750	1514
43580859	1514
43581033	1514
43581386	1514
43598915	1514
43599125	1514
43601503	1514
43601603	1514
43602188	1514
43602416	1514
43602626	1514
43602726	1514
43621202	1514
43621564	1514
43621824	1514
43624535	1514
43624653	1514
43624962	1514
43625211	1514
43625447	1514
43625646	1514
43625806	1514
43646319	1514
43646508	1514
43649325	1514
43649454	1514
43650028	1514
43650178	1514
43650312	1514
43650462	1514
43650666	1514
43671301	1514
43671519	1514
43673219	1514
43673350	1514
43673457	1514
43673961	1514
43674147	1514
43674267	1514
43674497	1514
43694701	1514
43695000	1514
43695369	1514
43695493	1514
43695657	1514
43695957	1514
43696187	1514
43696792	1514
43697069	1514
43697299	1514
43716240	1514
43716569	1514
43716720	1514
43716883	1514
43716986	1514
43717287	1514
43717406	1514
43718386	1514
43719257	1514
43719476	1514
43740586	1514
43740770	1514
43740884	1514
43741350	1514
43741452	1514
43741794	1514
43742757	1514
43742925	1514
43743047	1514
43743251	1514
43743407	1514
43764081	1514
43764342	1514
43764611	1514
43764710	1514
43764981	1514
43765122	1514
43765346	1514
43765570	1514
43765760	1514
43766257	1514
43766470	1514
43786351	1514
43786668	1514
43786942	1514
43787348	1514
43787475	1514
43787788	1514
43788001	1514
43788241	1514
43788510	1514
43788766	1514
43788872	1514
43789216	1514
43809345	1514
43810132	1514
43810862	1514
43811101	1514
43811433	1514
43811737	1514
43811930	1514
43812131	1514
43812423	1514
43812692	1514
43813026	1514
43813126	1514
43813297	1514
43833990	1514
43834372	1514
43834626	1514
43834771	1514
43834967	1514
43835172	1514
43835346	1514
43835504	1514
43835633	1514
43835761	1514
43835894	1514
43836090	1514
43836219	1514
43855449	1514
43855743	1514
43856053	1514
43856325	1514
43856684	1514
43856905	1514
43857382	1514
43857496	1514
43857833	1514
43858165	1514
43858450	1514
43858695	1514
43858986	1514
43879334	1514
43879465	1514
43879620	1514
43879797	1514
43880015	1514
43880293	1514
43880581	1514
43881024	1514
43881397	1514
43881576	1514
43882476	1514
43882660	1514
43882837	1514
43883010	1514
43902594	1514
43902748	1514
43903075	1514
43903340	1514
43903543	1514
43903897	1514
43904032	1514
43904276	1514
43904513	1514
43904742	1514
43904850	1514
43905070	1514
43905266	1514
43905424	1514
43905775	1514
43924947	1514
43925054	1514
43925255	1514
43925461	1514
43925944	1514
43926142	1514
43926265	1514
43926626	1514
43926983	1514
43927136	1514
43927389	1514
43927488	1514
43927715	1514
43927997	1514
43949517	1514
43949728	1514
43949972	1514
43950262	1514
43950500	1514
43950812	1514
43951108	1514
43951234	1514
43951452	1514
43951605	1514
43951794	1514
43952107	1514
43952409	1514
43952588	1514
43952819	1514
43972953	1514
43973256	1514
43973516	1514
43974508	1514
43974771	1514
43975121	1514
43975288	1514
43975503	1514
43975646	1514
43975867	1514
43976002	1514
43976383	1514
43976701	1514
43997327	1514
43997630	1514
43997880	1514
43998131	1514
43998451	1514
43998758	1514
43999093	1514
43999421	1514
43999572	1514
43999970	1514
44020304	1514
44020448	1514
44020977	1514
44021337	1514
44021629	1514
44043150	1514
44063309	1514
44063642	1514
44063981	1514
44064355	1514
44064747	1514
44084449	1514
44084590	1514
44084693	1514
44084888	1514
44085014	1514
44106697	1514
44106812	1514
44107030	1514
44107233	1514
44107431	1514
44107795	1514
44130297	1514
44130429	1514
44130805	1514
44131004	1514
44131317	1514
44131722	1514
44132201	1514
44155693	1514
44156046	1514
44156288	1514
44156561	1514
44156768	1514
44157023	1514
44157269	1514
44179129	1514
44179390	1514
44179778	1514
44179955	1514
44180190	1514
44180389	1514
44180559	1514
44199621	1514
44199901	1514
44200181	1514
44200359	1514
44200735	1514
44200941	1514
44201070	1514
44201224	1514
44222172	1514
44222345	1514
44222641	1514
44222843	1514
44223020	1514
44223272	1514
44223698	1514
44223869	1514
44245394	1514
44245530	1514
44245958	1514
44246297	1514
44246413	1514
44246724	1514
44246877	1514
44247194	1514
44247380	1514
44266659	1514
44266858	1514
44266970	1514
44267106	1514
44267266	1514
44267460	1514
44267611	1514
44267835	1514
44268155	1514
44286433	1514
44286638	1514
44286833	1514
44287271	1514
44287421	1514
44287572	1514
44287781	1514
44287945	1514
44288130	1514
44288276	1514
44309338	1514
44309483	1514
44309956	1514
44310279	1514
44310485	1514
44310809	1514
44310922	1514
44311030	1514
44311198	1514
44329982	1514
44330142	1514
44330323	1514
44330456	1514
44330617	1514
44330860	1514
44331130	1514
44331425	1514
44331560	1514
44353481	1514
44353678	1514
44353789	1514
44353959	1514
44354317	1514
44354553	1514
44354882	1514
44354987	1514
44355217	1514
44374385	1514
44374564	1514
44374901	1514
44375029	1514
44375517	1514
44375694	1514
44393339	1514
44393739	1514
44393928	1514
44417346	1514
44417514	1514
44417653	1514
44418210	1514
44418389	1514
44418759	1514
44442198	1514
44442312	1514
44442449	1514
44442767	1514
44443150	1514
44443443	1514
44443693	1514
44464203	1514
44464445	1514
44464868	1514
44465209	1514
44465952	1514
44466166	1514
44466476	1514
44482867	1514
44483043	1514
44483300	1514
44483572	1514
44483710	1514
44483892	1514
44483998	1514
44499636	1514
44499996	1514
44500238	1514
44500463	1514
44500666	1514
44500894	1514
44501217	1514
44501353	1514
44517528	1514
44517788	1514
44518331	1514
44518500	1514
44518868	1514
44519080	1514
44519689	1514
44520173	1514
44535236	1514
44535648	1514
44535922	1514
44536252	1514
44536501	1514
44536638	1514
44536792	1514
44537120	1514
44554118	1514
44554454	1514
44554617	1514
44554990	1514
44555095	1514
44555254	1514
44555457	1514
44555566	1514
44555725	1514
44576491	1514
44576595	1514
44576884	1514
44577079	1514
44577444	1514
44578125	1514
44578386	1514
44578563	1514
44578811	1514
44579046	1514
44596645	1514
44596819	1514
44597119	1514
44597338	1514
44597859	1514
44598036	1514
44598429	1514
44598577	1514
44598673	1514
44598896	1514
44618766	1514
44619017	1514
44619157	1514
44619402	1514
44619643	1514
44619801	1514
44620007	1514
44620347	1514
44620535	1514
44620787	1514
44620946	1514
44636839	1514
44637180	1514
44637511	1514
44638345	1514
44638548	1514
44638737	1514
44638963	1514
44639106	1514
44639235	1514
44639431	1514
44657868	1514
44658507	1514
44658659	1514
44658843	1514
44659043	1514
44659203	1514
44659467	1514
44659737	1514
44660177	1514
44660564	1514
44660792	1514
44679165	1514
44679478	1514
44679807	1514
44680081	1514
44680225	1514
44680389	1514
44680743	1514
44680909	1514
44681016	1514
44681382	1514
44681612	1514
44682233	1514
44703257	1514
44703447	1514
44703639	1514
44703823	1514
44704145	1514
44704281	1514
44704417	1514
44704590	1514
44704701	1514
44704868	1514
44705095	1514
44705566	1514
44706319	1514
44728633	1514
44728774	1514
44728924	1514
44729235	1514
44729888	1514
44730114	1514
44730235	1514
44730453	1514
44730593	1514
44731130	1514
44731256	1514
44731544	1514
44755335	1514
44755667	1514
44755987	1514
44756234	1514
44756449	1514
44756633	1514
44756784	1514
44756983	1514
44757089	1514
44757262	1514
44757595	1514
44758274	1514
44758391	1514
44779249	1514
44779486	1514
44779598	1514
44779774	1514
44779894	1514
44780051	1514
44780386	1514
44780662	1514
44780780	1514
44781146	1514
44781572	1514
44782355	1514
44782534	1514
44782671	1514
44800103	1514
44800277	1514
44800445	1514
44800694	1514
44801176	1514
44801310	1514
44801616	1514
44801750	1514
44801907	1514
44802254	1514
44802451	1514
44802772	1514
44803057	1514
44821067	1514
44821479	1514
44821587	1514
44822094	1514
44822399	1514
44822674	1514
44822994	1514
44823194	1514
44823515	1514
44823617	1514
44823863	1514
44824306	1514
44824492	1514
44824698	1514
44824826	1514
44844431	1514
44844763	1514
44844938	1514
44845153	1514
44845365	1514
44845889	1514
44846471	1514
44846705	1514
44846805	1514
44846924	1514
44847196	1514
44847646	1514
44847772	1514
44848016	1514
44848245	1514
44868096	1514
44868266	1514
44868377	1514
44868799	1514
44868976	1514
44869293	1514
44869593	1514
44869849	1514
44870181	1514
44870486	1514
44870746	1514
44870877	1514
44871130	1514
44871393	1514
44871666	1514
44871932	1514
44892966	1514
44893245	1514
44893644	1514
44894311	1514
44894474	1514
44894723	1514
44894959	1514
44895152	1514
44895630	1514
44895848	1514
44896287	1514
44896401	1514
44896657	1514
44896839	1514
44897122	1514
44917268	1514
44917461	1514
44917684	1514
44918121	1514
44918267	1514
44918584	1514
44918801	1514
44918944	1514
44919465	1514
44919782	1514
44919990	1514
44920117	1514
44920427	1514
44920706	1514
44920960	1514
44921349	1514
44921525	1514
44942602	1514
44942777	1514
44943015	1514
44943278	1514
44943477	1514
44943720	1514
44944097	1514
44944242	1514
44944476	1514
44944643	1514
44945291	1514
44945630	1514
44946293	1514
44946466	1514
44946824	1514
44947157	1514
44970357	1514
44970606	1514
44970721	1514
44970987	1514
44971184	1514
44971596	1514
44971740	1514
44971973	1514
44972234	1514
44972414	1514
44972599	1514
44972713	1514
44972843	1514
44973277	1514
44973443	1514
44973654	1514
44998097	1514
44998769	1514
44999063	1514
44999312	1514
44999451	1514
44999698	1514
44999849	1514
45000037	1514
45000162	1514
45000357	1514
45000771	1514
45000889	1514
45001009	1514
45001164	1514
45001625	1514
45001986	1514
45002183	1514
45023508	1514
45023802	1514
45023975	1514
45024276	1514
45024556	1514
45024733	1514
45025016	1514
45042275	1514
45042391	1514
45042561	1514
45042790	1514
45042997	1514
45043334	1514
45043509	1514
45043781	1514
45044047	1514
45044361	1514
45058314	1514
45058468	1514
45058889	1514
45059058	1514
45059391	1514
45059784	1514
45060053	1514
45060345	1514
45060683	1514
45060962	1514
45075092	1514
45075282	1514
45075413	1514
45075510	1514
45075873	1514
45076184	1514
45076534	1514
45076769	1514
45077094	1514
45077737	1514
45092992	1514
45093489	1514
45094216	1514
45094409	1514
45094650	1514
45094951	1514
45095085	1514
45095272	1514
45095772	1514
45095968	1514
45108736	1514
45108857	1514
45109291	1514
45109543	1514
45109935	1514
45110279	1514
45110378	1514
45110724	1514
45110983	1514
45111384	1514
45111627	1514
45125853	1514
45126455	1514
45126587	1514
45126926	1514
45127145	1514
45127517	1514
45127822	1514
45127942	1514
45128111	1514
45128270	1514
45128468	1514
45128900	1514
45142733	1514
45142931	1514
45143088	1514
45143231	1514
45143345	1514
45143502	1514
45143714	1514
45143849	1514
45144122	1514
45144305	1514
45144610	1514
45144740	1514
45145087	1514
45160740	1514
45160969	1514
45161340	1514
45161541	1514
45162304	1514
45162557	1514
45163015	1514
45163170	1514
45163280	1514
45163449	1514
45163665	1514
45163856	1514
45164081	1514
45178850	1514
45179210	1514
45179453	1514
45179800	1514
45179966	1514
45180206	1514
45180330	1514
45180518	1514
45180623	1514
45180775	1514
45180869	1514
45181068	1514
45181342	1514
45181636	1514
45198877	1514
45199100	1514
45199475	1514
45199718	1514
45200136	1514
45200292	1514
45200603	1514
45200827	1514
45200982	1514
45201178	1514
45201380	1514
45201571	1514
45202164	1514
45218770	1514
45218880	1514
45219024	1514
45219425	1514
45219606	1514
45219894	1514
45220003	1514
45220299	1514
45220588	1514
45220918	1514
45221151	1514
45221428	1514
45221611	1514
45221862	1514
45222355	1514
45240677	1514
45240955	1514
45241104	1514
45241255	1514
45241849	1514
45242369	1514
45242653	1514
45242790	1514
45243106	1514
45243327	1514
45243671	1514
45243827	1514
45244041	1514
45244138	1514
45287805	1514
45288105	1514
45288231	1514
45288584	1514
45288844	1514
45288956	1514
45289229	1514
45289458	1514
45289684	1514
45290021	1514
45290497	1514
45290746	1514
45291016	1514
45291321	1514
45305671	1514
45309607	1514
45310464	1514
45310577	1514
45310882	1514
45311273	1514
45311577	1514
45311741	1514
45311909	1514
45312061	1514
45313138	1514
45313563	1514
45313734	1514
45313938	1514
45314268	1514
45314382	1514
45332028	1514
45332135	1514
45332326	1514
45332726	1514
45332886	1514
45333268	1514
45333401	1514
45333535	1514
45333701	1514
45333829	1514
45335095	1514
45335364	1514
45335512	1514
45335747	1514
45335951	1514
45356878	1514
45357090	1514
45357316	1514
45357575	1514
45357982	1514
45358102	1514
45358220	1514
45358554	1514
45358735	1514
45358983	1514
45359125	1514
45359504	1514
45361023	1514
45361217	1514
45361332	1514
45361521	1514
45361632	1514
45383164	1514
45383427	1514
45383718	1514
45383923	1514
45384179	1514
45384455	1514
45384696	1514
45384963	1514
45385291	1514
45385402	1514
45386037	1514
45386245	1514
45387424	1514
45387648	1514
45387859	1514
45388272	1514
45409194	1514
45409438	1514
45409748	1514
45410331	1514
45410544	1514
45410762	1514
45410958	1514
45411279	1514
45411505	1514
45411871	1514
45412294	1514
45412640	1514
45414096	1514
45414321	1514
45414498	1514
45414795	1514
45435586	1514
45435720	1514
45436031	1514
45436333	1514
45436718	1514
45436883	1514
45437212	1514
45437354	1514
45437914	1514
45438413	1514
45439865	1514
45456374	1514
45456635	1514
45456986	1514
45457308	1514
45473038	1514
45495155	1514
45495489	1514
45495647	1514
45495979	1514
45496313	1514
45496428	1514
45496867	1514
45497196	1514
45519386	1514
45519691	1514
45520060	1514
45520414	1514
45520893	1514
45521044	1514
45521215	1514
45521384	1514
45547899	1514
45548133	1514
45548533	1514
45548769	1514
45549272	1514
45549465	1514
45550053	1514
45550191	1514
45575335	1514
45575924	1514
45576060	1514
45576248	1514
45576700	1514
45576971	1514
45577075	1514
45577218	1514
45577800	1514
45606898	1514
45607047	1514
45607462	1514
45607897	1514
45608196	1514
45608519	1514
45608767	1514
45608922	1514
45609103	1514
45609389	1514
45635645	1514
45635898	1514
45636247	1514
45636436	1514
45636602	1514
45636846	1514
45637206	1514
45637500	1514
45637794	1514
45638054	1514
45638409	1514
45654753	1514
45654952	1514
45655289	1514
45655463	1514
45655613	1514
45656002	1514
45656313	1514
45656467	1514
45656582	1514
45656720	1514
45671410	1514
45671661	1514
45671948	1514
45672066	1514
45672315	1514
45672474	1514
45672595	1514
45672788	1514
45673056	1514
45673293	1514
45690735	1514
45691093	1514
45691249	1514
45691630	1514
45691852	1514
45691998	1514
45692171	1514
45692319	1514
45692522	1514
45692656	1514
45692783	1514
45693006	1514
45711373	1514
45711900	1514
45712161	1514
45712422	1514
45712784	1514
45713066	1514
45713233	1514
45713353	1514
45713538	1514
45713983	1514
45714244	1514
45714351	1514
45731476	1514
45731824	1514
45732067	1514
45732317	1514
45732452	1514
45732636	1514
45732961	1514
45733070	1514
45733318	1514
45733487	1514
45733604	1514
45734343	1514
45734752	1514
45752740	1514
45753118	1514
45753382	1514
45753567	1514
45754105	1514
45754345	1514
45754502	1514
45754741	1514
45755082	1514
45755368	1514
45755514	1514
45755745	1514
45774665	1514
45774841	1514
45774944	1514
45775155	1514
45775322	1514
45775634	1514
45775853	1514
45776054	1514
45776178	1514
45776406	1514
45776524	1514
45776651	1514
45796752	1514
45796856	1514
45797027	1514
45797309	1514
45797431	1514
45797662	1514
45798117	1514
45798376	1514
45798585	1514
45798835	1514
45798938	1514
45799206	1514
45799392	1514
45799691	1514
45820952	1514
45821239	1514
45821442	1514
45821994	1514
45822267	1514
45822451	1514
45822551	1514
45822790	1514
45822966	1514
45823149	1514
45823379	1514
45823622	1514
45823785	1514
45824075	1514
45845531	1514
45845820	1514
45846061	1514
45846178	1514
45846392	1514
45846502	1514
45846687	1514
45847082	1514
45847391	1514
45847548	1514
45847676	1514
45847908	1514
45848039	1514
45848167	1514
45848532	1514
45871793	1514
45871983	1514
45872163	1514
45872447	1514
45872636	1514
45872771	1514
45873043	1514
45873225	1514
45873478	1514
45873939	1514
45874321	1514
45874480	1514
45874828	1514
45875350	1514
45897520	1514
45897680	1514
45897850	1514
45898200	1514
45898345	1514
45898666	1514
45898887	1514
45899034	1514
45899271	1514
45899395	1514
45899579	1514
45899910	1514
45900229	1514
45900473	1514
45921638	1514
45922008	1514
45922128	1514
45922308	1514
45922598	1514
45922796	1514
45923129	1514
45923544	1514
45923690	1514
45923915	1514
45924134	1514
45924304	1514
45924439	1514
45924649	1514
45924910	1514
45925170	1514
45944620	1514
45944768	1514
45944870	1514
45945070	1514
45945230	1514
45945541	1514
45945782	1514
45945995	1514
45946152	1514
45946280	1514
45946764	1514
45947019	1514
45947124	1514
45947298	1514
45947414	1514
45966796	1514
45967035	1514
45967236	1514
45967549	1514
45967755	1514
45967919	1514
45968217	1514
45968330	1514
45968557	1514
45968657	1514
45969089	1514
45969213	1514
45969563	1514
45970792	1514
45971025	1514
45971181	1514
45990214	1514
45990352	1514
45990487	1514
45991220	1514
45991390	1514
45991747	1514
45992000	1514
45992180	1514
45992598	1514
45992696	1514
45992816	1514
45993058	1514
45993338	1514
45993558	1514
45993669	1514
45993870	1514
46016149	1514
46016359	1514
46016563	1514
46016737	1514
46017059	1514
46017224	1514
46017341	1514
46017566	1514
46017881	1514
46018223	1514
46018446	1514
46018659	1514
46018844	1514
46019072	1514
46019264	1514
46019452	1514
46043828	1514
46044016	1514
46044253	1514
46044660	1514
46045032	1514
46045203	1514
46045309	1514
46045671	1514
46046238	1514
46046527	1514
46046794	1514
46047269	1514
46047398	1514
46047688	1514
46047833	1514
46048284	1514
46071068	1514
46071513	1514
46071911	1514
46072128	1514
46072445	1514
46072899	1514
46097436	1514
46097845	1514
46098030	1514
46098534	1514
46098896	1514
46099402	1514
46099806	1514
46099954	1514
46100410	1514
46100607	1514
46124789	1514
46124925	1514
46125155	1514
46125582	1514
46126044	1514
46126498	1514
46126752	1514
46127136	1514
46127659	1514
46127863	1514
46151310	1514
46151639	1514
46151837	1514
46152000	1514
46152325	1514
46152450	1514
46152735	1514
46152966	1514
46153276	1514
46178276	1514
46178417	1514
46178752	1514
46200983	1514
47481056	1514
47506993	1514
47507283	1514
47532063	1514
47532298	1514
47532579	1514
47553553	1514
47554137	1514
47554387	1514
47554651	1514
47567804	1514
47568088	1514
47568480	1514
47569073	1514
47583639	1514
47583879	1514
47584058	1514
47584183	1514
47584622	1514
47599032	1514
47599256	1514
47599476	1514
47599744	1514
47600134	1514
47600378	1514
47612940	1514
47613219	1514
47613382	1514
47614373	1514
47614568	1514
47628445	1514
47628603	1514
47628821	1514
47628984	1514
47629085	1514
47629239	1514
47629557	1514
47643019	1514
47643138	1514
47643288	1514
47643503	1514
47643602	1514
47643909	1514
47644215	1514
47658665	1514
47659121	1514
47659280	1514
47659527	1514
47659913	1514
47660034	1514
47660322	1514
47675280	1514
47675417	1514
47675586	1514
47675784	1514
47675945	1514
47676065	1514
47676334	1514
47676604	1514
47693281	1514
47693382	1514
47693537	1514
47693644	1514
47694196	1514
47694531	1514
47694801	1514
47694949	1514
47695059	1514
47710035	1514
47710306	1514
47710814	1514
47710979	1514
47711257	1514
47711658	1514
47711792	1514
47711911	1514
47727480	1514
47727602	1514
47727832	1514
47727947	1514
47728143	1514
47728242	1514
47728397	1514
47728588	1514
47728781	1514
47745057	1514
47745240	1514
47745347	1514
47745481	1514
47745605	1514
47746155	1514
47746376	1514
47746605	1514
47746762	1514
47746862	1514
47764076	1514
47764343	1514
47764606	1514
47764798	1514
47764892	1514
47765379	1514
47765852	1514
47765969	1514
47766175	1514
47784349	1514
47784668	1514
47784797	1514
47785027	1514
47785214	1514
47785442	1514
47785652	1514
47785803	1514
47786366	1514
47786799	1514
47786979	1514
47804891	1514
47805039	1514
47805156	1514
47805418	1514
47805641	1514
47806302	1514
47806564	1514
47806805	1514
47807080	1514
47807257	1514
47807533	1514
47829546	1514
47829936	1514
47830122	1514
47830365	1514
47830502	1514
47830639	1514
47830949	1514
47831208	1514
47831455	1514
47831560	1514
47831850	1514
47851656	1514
47851795	1514
47852049	1514
47852476	1514
47852594	1514
47852698	1514
47852846	1514
47853007	1514
47853576	1514
47854077	1514
47854290	1514
47874255	1514
47874358	1514
47874499	1514
47874632	1514
47874790	1514
47875144	1514
47875320	1514
47875599	1514
47875729	1514
47876085	1514
47876292	1514
47876538	1514
47897183	1514
47897311	1514
47898885	1514
47899053	1514
47899187	1514
47899491	1514
47899621	1514
47899757	1514
47899888	1514
47900171	1514
47900384	1514
47919521	1514
47919808	1514
47920240	1514
47920489	1514
47921093	1514
47939769	1514
47940094	1514
51966299	1514
51985841	1514
51986014	1514
52007611	1514
52007798	1514
52008150	1514
52025059	1514
52025271	1514
52025429	1514
52044584	1514
52044682	1514
52044826	1514
52060511	1514
52060613	1514
52060763	1514
52060895	1514
52080108	1514
52080408	1514
52080689	1514
52081021	1514
52099018	1514
52099347	1514
52099665	1514
52099859	1514
52125504	1514
52125678	1514
52125827	1514
52126560	1514
52126691	1514
52153497	1514
52153924	1514
52154368	1514
52154587	1514
52154746	1514
52176392	1514
52176572	1514
52176738	1514
52177206	1514
52177386	1514
52178149	1514
52197082	1514
52197420	1514
52197923	1514
52198375	1514
52199058	1514
52199292	1514
52215028	1514
52215182	1514
52215496	1514
52215689	1514
52215893	1514
52216431	1514
52216780	1514
52242426	1514
52242714	1514
52243151	1514
52243546	1514
52243691	1514
52243902	1514
52266552	1514
52266825	1514
52267058	1514
52267276	1514
52267458	1514
52267750	1514
52268024	1514
52268308	1514
52289123	1514
52289315	1514
52289458	1514
52290060	1514
52290160	1514
52290317	1514
52290470	1514
52290617	1514
52313410	1514
52313581	1514
52313692	1514
52313997	1514
52314167	1514
52314392	1514
52314719	1514
52314898	1514
52335871	1514
52336320	1514
52336581	1514
52336806	1514
52337099	1514
52337250	1514
52337473	1514
52337576	1514
52354404	1514
52354666	1514
52354798	1514
52355236	1514
52355481	1514
52355871	1514
52356064	1514
52356170	1514
52356475	1514
52374562	1514
52374811	1514
52374906	1514
52375251	1514
52375479	1514
52375688	1514
52375870	1514
52376005	1514
52376272	1514
52376590	1514
52397245	1514
52397370	1514
52397636	1514
52398479	1514
52398655	1514
52398867	1514
52399099	1514
52399285	1514
52399531	1514
52419197	1514
52419481	1514
52419765	1514
52419920	1514
52420177	1514
52420573	1514
52420684	1514
52420829	1514
52421032	1514
52442723	1514
52442923	1514
52443154	1514
52443291	1514
52443393	1514
52443526	1514
52443702	1514
52443881	1514
52444175	1514
52444575	1514
52444889	1514
52473380	1514
52473845	1514
52474077	1514
52474234	1514
52474337	1514
52474493	1514
52474833	1514
52475265	1514
52475526	1514
52475741	1514
52498132	1514
52498503	1514
52498761	1514
52499179	1514
52499418	1514
52499557	1514
52499833	1514
52499992	1514
52500184	1514
52500442	1514
52500540	1514
52522313	1514
52522499	1514
52522631	1514
52522787	1514
52522985	1514
52523240	1514
52523411	1514
52523698	1514
52524039	1514
52524239	1514
52524462	1514
52524566	1514
52543485	1514
52543675	1514
52543885	1514
52544116	1514
52544261	1514
52544354	1514
52544450	1514
52544596	1514
52544761	1514
52544860	1514
52545044	1514
52545181	1514
52545364	1514
52562853	1514
52563163	1514
52563557	1514
52563859	1514
52564250	1514
52564369	1514
52564567	1514
52564725	1514
52564833	1514
52564956	1514
52565240	1514
52565436	1514
52583255	1514
52583651	1514
52583919	1514
52584333	1514
52584502	1514
52584665	1514
52584852	1514
52584958	1514
52585141	1514
52585421	1514
52585633	1514
52585974	1514
52607505	1514
52607832	1514
52608177	1514
52608573	1514
52608853	1514
52608969	1514
52609155	1514
52609308	1514
52609466	1514
52610009	1514
52610151	1514
52610432	1514
52610599	1514
52610900	1514
52629302	1514
52629470	1514
52629578	1514
52629679	1514
52629785	1514
52629952	1514
52630123	1514
52630300	1514
52630595	1514
52630758	1514
52631040	1514
52631371	1514
52631632	1514
52631777	1514
52646815	1514
52647192	1514
52647369	1514
52647473	1514
52647572	1514
52647742	1514
52647983	1514
52648204	1514
52648376	1514
52648509	1514
52648659	1514
52648834	1514
52648990	1514
52649187	1514
52666226	1514
52666373	1514
52666551	1514
52666715	1514
52666973	1514
52667201	1514
52667361	1514
52667512	1514
52667671	1514
52667801	1514
52667989	1514
52668091	1514
52668335	1514
52668590	1514
52687960	1514
52688137	1514
52688553	1514
52688711	1514
52689026	1514
52689151	1514
52689570	1514
52689944	1514
52690296	1514
52690440	1514
52690581	1514
52690690	1514
52690826	1514
52691208	1514
52710329	1514
52710623	1514
52710779	1514
52710915	1514
52711243	1514
52711429	1514
52711674	1514
52712076	1514
52712269	1514
52712582	1514
52712717	1514
52713095	1514
52713285	1514
52713552	1514
52713991	1514
52732079	1514
52732326	1514
52732478	1514
52732773	1514
52732875	1514
52733241	1514
52733414	1514
52734014	1514
52734289	1514
52734404	1514
52734677	1514
52734800	1514
52734974	1514
52735176	1514
52750131	1514
52750449	1514
52750572	1514
52750716	1514
52751042	1514
52751265	1514
52765567	1514
52767206	1514
52767459	1514
52767659	1514
52767976	1514
52768373	1514
52768813	1514
52769119	1514
52769326	1514
52786040	1514
52786563	1514
52786839	1514
52787196	1514
52787533	1514
52787748	1514
52788028	1514
52788297	1514
52788589	1514
52804628	1514
52804862	1514
52805088	1514
52805327	1514
52805467	1514
52806177	1514
52806312	1514
52806722	1514
52806988	1514
52807263	1514
52823990	1514
52824103	1514
52824299	1514
52824565	1514
52824823	1514
52825079	1514
52825346	1514
52825484	1514
52825603	1514
52825912	1514
52826017	1514
52844354	1514
52844625	1514
52844738	1514
52845020	1514
52845370	1514
52845577	1514
52845987	1514
52846131	1514
52846353	1514
52846455	1514
52846601	1514
52863253	1514
52863552	1514
52863709	1514
52863914	1514
52864378	1514
52864773	1514
52864910	1514
52865042	1514
52865194	1514
52865559	1514
52883889	1514
52884214	1514
52884468	1514
52884680	1514
52884821	1514
52884984	1514
52885190	1514
52885340	1514
52885517	1514
52886254	1514
52886437	1514
52903796	1514
52904017	1514
52904143	1514
52904243	1514
52904354	1514
52904668	1514
52904985	1514
52905240	1514
52905401	1514
52905576	1514
52905803	1514
52924380	1514
52924590	1514
52924784	1514
52924905	1514
52925270	1514
52925405	1514
52925723	1514
52926254	1514
52926409	1514
52926546	1514
52926664	1514
52926801	1514
52944634	1514
52944811	1514
52944957	1514
52945332	1514
52945513	1514
52945913	1514
52946338	1514
52946492	1514
52946627	1514
52946728	1514
52946897	1514
52947175	1514
52947559	1514
52963447	1514
52963738	1514
52963915	1514
52964179	1514
52964345	1514
52964452	1514
52964629	1514
52964734	1514
52964885	1514
52965195	1514
52966085	1514
52966481	1514
52966693	1514
52983050	1514
52983213	1514
52983375	1514
52983563	1514
52983752	1514
52983956	1514
52984136	1514
52984464	1514
52984733	1514
52984880	1514
52985131	1514
52985394	1514
52985505	1514
53004524	1514
53004644	1514
53004801	1514
53005192	1514
53005405	1514
53006053	1514
53006299	1514
53006539	1514
53006638	1514
53006776	1514
53006946	1514
53007189	1514
53007344	1514
53007659	1514
53028388	1514
53028502	1514
53028637	1514
53028798	1514
53028894	1514
53029105	1514
53029209	1514
53029620	1514
53030118	1514
53030328	1514
53030510	1514
53030660	1514
53030800	1514
53030896	1514
53031044	1514
53051400	1514
53051556	1514
53051694	1514
53051837	1514
53051946	1514
53052111	1514
53052256	1514
53052370	1514
53052598	1514
53052859	1514
53052991	1514
53053192	1514
53053630	1514
53053863	1514
53054248	1514
53073070	1514
53073202	1514
53073513	1514
53073794	1514
53074142	1514
53074353	1514
53074447	1514
53074596	1514
53074904	1514
53075008	1514
53075298	1514
53075538	1514
53075771	1514
53076083	1514
53076249	1514
53076507	1514
53095498	1514
53095751	1514
53095907	1514
53096076	1514
53096180	1514
53096446	1514
53096589	1514
53096718	1514
53097029	1514
53097151	1514
53097361	1514
53097481	1514
53097643	1514
53098264	1514
53098451	1514
53098602	1514
53119098	1514
53119360	1514
53119593	1514
53119848	1514
53120069	1514
53120537	1514
53120776	1514
53121045	1514
53121320	1514
53121488	1514
53121714	1514
53122108	1514
53122301	1514
53122460	1514
53122785	1514
53122963	1514
53141104	1514
53141457	1514
53141761	1514
53142227	1514
53142424	1514
53142639	1514
53143075	1514
53143344	1514
53143675	1514
53144063	1514
53144167	1514
53144361	1514
53144555	1514
53144738	1514
53144952	1514
53145043	1514
53156468	1514
53156806	1514
53157095	1514
53157336	1514
53157764	1514
53158205	1514
53158370	1514
53158526	1514
53158705	1514
53158945	1514
53159244	1514
53159579	1514
53159728	1514
53159863	1514
53160099	1514
53160268	1514
53169037	1514
53169200	1514
53169341	1514
53169477	1514
53169726	1514
53170313	1514
53170651	1514
53170792	1514
53170889	1514
53171158	1514
53171308	1514
53171490	1514
53171686	1514
53171884	1514
53172186	1514
53172380	1514
53172510	1514
53181206	1514
53181405	1514
53181645	1514
53181972	1514
53182616	1514
53182777	1514
53182906	1514
53183003	1514
53183098	1514
53183221	1514
53183367	1514
53183531	1514
53183749	1514
53183984	1514
53184164	1514
53184274	1514
53184438	1514
53184761	1514
53194772	1514
53195087	1514
53195256	1514
53195407	1514
53195557	1514
53195815	1514
53195951	1514
53196184	1514
53196313	1514
53196481	1514
53196584	1514
53196668	1514
53196803	1514
53196991	1514
53197225	1514
53197357	1514
53197577	1514
53198139	1514
53207197	1514
53207303	1514
53207405	1514
53207551	1514
53207729	1514
53207949	1514
53208350	1514
53208578	1514
53208824	1514
53209031	1514
53209156	1514
53209310	1514
53209543	1514
53209906	1514
53210317	1514
53210495	1514
53210751	1514
53210908	1514
53219360	1514
53219644	1514
53219849	1514
53219961	1514
53220100	1514
53220239	1514
53220530	1514
53220731	1514
53221025	1514
53221156	1514
53221505	1514
53221938	1514
53222566	1514
53222790	1514
53222932	1514
53223098	1514
53223290	1514
53223629	1514
53231896	1514
53232075	1514
53232272	1514
53232586	1514
53232737	1514
53233015	1514
53233234	1514
53233412	1514
53233500	1514
53233976	1514
53234221	1514
53234325	1514
53234418	1514
53234565	1514
53234856	1514
53235004	1514
53235124	1514
53235545	1514
53235828	1514
53235959	1514
53245439	1514
53245586	1514
53245989	1514
53246266	1514
53246473	1514
53246599	1514
53246715	1514
53247076	1514
53247330	1514
53247460	1514
53247595	1514
53247695	1514
53247812	1514
53248032	1514
53248278	1514
53248583	1514
53248703	1514
53248928	1514
53249105	1514
53249300	1514
53259517	1514
53259735	1514
53259936	1514
53260092	1514
53260339	1514
53260531	1514
53260807	1514
53261022	1514
53261285	1514
53261478	1514
53261801	1514
53262182	1514
53262433	1514
53262805	1514
53263171	1514
53263444	1514
53263560	1514
53263645	1514
53263783	1514
53264043	1514
53264147	1514
53275810	1514
53276055	1514
53277038	1514
53277151	1514
53277442	1514
53277711	1514
53278199	1514
53278324	1514
53278520	1514
53278619	1514
53278758	1514
53279013	1514
53279160	1514
53279401	1514
53279576	1514
53279754	1514
53279896	1514
53280128	1514
53280278	1514
53280428	1514
53280769	1514
53296452	1514
53296550	1514
53296791	1514
53297138	1514
53297333	1514
53297609	1514
53297973	1514
53298147	1514
53298302	1514
53298606	1514
53298842	1514
53299127	1514
53299385	1514
53299628	1514
53300064	1514
53300342	1514
53300476	1514
53300739	1514
53300900	1514
53301050	1514
53301201	1514
53301440	1514
53317317	1514
53317425	1514
53317962	1514
53318196	1514
53318445	1514
53318540	1514
53318687	1514
53318871	1514
53319111	1514
53319290	1514
53319681	1514
53319960	1514
53320067	1514
53320210	1514
53320424	1514
53320725	1514
53320879	1514
53321290	1514
53321496	1514
53324032	1514
53324159	1514
53335343	1514
53335742	1514
53335915	1514
53336352	1514
53336478	1514
53336564	1514
53336723	1514
53336883	1514
53337185	1514
53337303	1514
53337467	1514
53337571	1514
53338118	1514
53338297	1514
53338404	1514
53338641	1514
53338956	1514
53339345	1514
53339572	1514
53339799	1514
53339896	1514
53340043	1514
53352159	1514
53352292	1514
53352437	1514
53352655	1514
53352782	1514
53353028	1514
53353164	1514
53353461	1514
53353642	1514
53354201	1514
53354396	1514
53354523	1514
53354671	1514
53354849	1514
53354997	1514
53355334	1514
53355581	1514
53355677	1514
53355798	1514
53356171	1514
53356317	1514
53356698	1514
53356815	1514
53370761	1514
53371146	1514
53371462	1514
53371650	1514
53371875	1514
53372163	1514
53372337	1514
53372624	1514
53372826	1514
53372985	1514
53373248	1514
53373569	1514
53373980	1514
53374102	1514
53374314	1514
53374449	1514
53374850	1514
53374957	1514
53375184	1514
53375391	1514
53375728	1514
53375856	1514
53390319	1514
53390457	1514
53390606	1514
53390716	1514
53390927	1514
53391059	1514
53391300	1514
53391588	1514
53391690	1514
53391879	1514
53392013	1514
53392329	1514
53392754	1514
53392997	1514
53393093	1514
53393203	1514
53393507	1514
53393607	1514
53394294	1514
53394546	1514
53394911	1514
53395122	1514
53395487	1514
53395696	1514
53408642	1514
53408795	1514
53408940	1514
53409140	1514
53409312	1514
53409505	1514
53409913	1514
53410064	1514
53410245	1514
53410398	1514
53410543	1514
53410661	1514
53410915	1514
53411102	1514
53411431	1514
53411693	1514
53411823	1514
53411960	1514
53412096	1514
53412201	1514
53412404	1514
53412610	1514
53412758	1514
53426041	1514
53426278	1514
53426517	1514
53426629	1514
53426743	1514
53426833	1514
53427011	1514
53427337	1514
53427432	1514
53427769	1514
53428017	1514
53428120	1514
53428276	1514
53428370	1514
53428524	1514
53428747	1514
53428835	1514
53428974	1514
53429100	1514
53429332	1514
53429562	1514
53430103	1514
53430286	1514
53430644	1514
53430992	1514
53443945	1514
53444169	1514
53444393	1514
53444517	1514
53444602	1514
53444740	1514
53445002	1514
53445105	1514
53445364	1514
53445870	1514
53446889	1514
53447029	1514
53447336	1514
53447442	1514
53447668	1514
53447784	1514
53448120	1514
53448365	1514
53448591	1514
53448731	1514
53449066	1514
53449407	1514
53449596	1514
53449717	1514
53459480	1514
53459728	1514
53459907	1514
53460021	1514
53460121	1514
53460257	1514
53460541	1514
53460859	1514
53461024	1514
53461323	1514
53461542	1514
53462031	1514
53462237	1514
53462574	1514
53462708	1514
53463092	1514
53463357	1514
53463565	1514
53463669	1514
53463822	1514
53464121	1514
53464350	1514
53464726	1514
53479166	1514
53479317	1514
53479476	1514
53479712	1514
53479863	1514
53480022	1514
53480376	1514
53480663	1514
53481020	1514
53481260	1514
53481362	1514
53481497	1514
53481739	1514
53482305	1514
53482407	1514
53482644	1514
53482834	1514
53483177	1514
53483510	1514
53483773	1514
53483898	1514
53484217	1514
53484509	1514
53484882	1514
53502939	1514
53503067	1514
53503161	1514
53503287	1514
53503601	1514
53503853	1514
53504030	1514
53504384	1514
53504597	1514
53504762	1514
53504977	1514
53505104	1514
53505320	1514
53505587	1514
53505827	1514
53506435	1514
53506782	1514
53507111	1514
53507235	1514
53507633	1514
53507837	1514
53508230	1514
53508511	1514
53528632	1514
53528894	1514
53528991	1514
53529109	1514
53529501	1514
53530213	1514
53530402	1514
53530891	1514
53531154	1514
53531284	1514
53531397	1514
53531574	1514
53531858	1514
53532085	1514
53532201	1514
53532368	1514
53532584	1514
53532847	1514
53532964	1514
53533375	1514
53533576	1514
53534033	1514
53554048	1514
53554172	1514
53554384	1514
53554651	1514
53555088	1514
53555285	1514
53555693	1514
53556001	1514
53556488	1514
53556835	1514
53558714	1514
53568031	1514
53568203	1514
53568344	1514
53568453	1514
53580054	1514
53592103	1514
53592260	1514
53592411	1514
53592538	1514
53592739	1514
53592936	1514
53593373	1514
53593656	1514
53594482	1514
53594943	1514
53609538	1514
53609836	1514
53610694	1514
53610986	1514
53611192	1514
53611400	1514
53611644	1514
53611862	1514
53612118	1514
53612403	1514
53627060	1514
53627299	1514
53627640	1514
53628021	1514
53628392	1514
53628513	1514
53628866	1514
53629307	1514
53629428	1514
53629727	1514
53643432	1514
53643589	1514
53643790	1514
53644086	1514
53644213	1514
53644692	1514
53644845	1514
53645159	1514
53645340	1514
53645691	1514
53646145	1514
53657387	1514
53657732	1514
53658055	1514
53658353	1514
53658533	1514
53658730	1514
53658911	1514
53659026	1514
53659253	1514
53659426	1514
53659948	1514
53673326	1514
53673528	1514
53673949	1514
53674155	1514
53674391	1514
53674775	1514
53674992	1514
53675175	1514
53675412	1514
53675561	1514
53675677	1514
53675823	1514
53689035	1514
53689346	1514
53689532	1514
53689742	1514
53689836	1514
53690013	1514
53690366	1514
53690562	1514
53690704	1514
53690855	1514
53691128	1514
53691339	1514
53691456	1514
53704937	1514
53705195	1514
53705463	1514
53705897	1514
53706454	1514
53706734	1514
53706984	1514
53707249	1514
53707432	1514
53707583	1514
53707814	1514
53707945	1514
53708095	1514
53721896	1514
53721988	1514
53722126	1514
53722331	1514
53722558	1514
53722732	1514
53722917	1514
53723065	1514
53723462	1514
53723600	1514
53723950	1514
53724165	1514
53724546	1514
53724763	1514
53739890	1514
53740040	1514
53740367	1514
53740467	1514
53740647	1514
53740784	1514
53741155	1514
53741336	1514
53741588	1514
53741691	1514
53742268	1514
53742446	1514
53742714	1514
53743239	1514
53759044	1514
53759419	1514
53759804	1514
53759956	1514
53760213	1514
53760326	1514
53760418	1514
53760590	1514
53760766	1514
53761049	1514
53761160	1514
53761382	1514
53761721	1514
53762131	1514
53778856	1514
53778993	1514
53779266	1514
53779432	1514
53779793	1514
53779981	1514
53780142	1514
53780245	1514
53780528	1514
53780715	1514
53780921	1514
53781104	1514
53781323	1514
53781534	1514
53799252	1514
53799472	1514
53799589	1514
53799850	1514
53800068	1514
53800257	1514
53800557	1514
53800986	1514
53801206	1514
53801352	1514
53801831	1514
53802333	1514
53802772	1514
53802901	1514
53802997	1514
53821008	1514
53821101	1514
53821242	1514
53821611	1514
53821750	1514
53822389	1514
53822715	1514
53822849	1514
53823097	1514
53823188	1514
53823336	1514
53823578	1514
53823778	1514
53823941	1514
53824286	1514
53824506	1514
53841398	1514
53841735	1514
53842561	1514
53842814	1514
53843175	1514
53843369	1514
53843532	1514
53843662	1514
53843876	1514
53843990	1514
53844542	1514
53844676	1514
53844865	1514
53845044	1514
53845148	1514
53864924	1514
53865089	1514
53865192	1514
53865304	1514
53865421	1514
53865537	1514
53865878	1514
53866234	1514
53866476	1514
53866702	1514
53866826	1514
53867097	1514
53867201	1514
53867530	1514
53867932	1514
53868174	1514
53887653	1514
53887844	1514
53887991	1514
53888295	1514
53888529	1514
53888817	1514
53889081	1514
53889173	1514
53889510	1514
53889699	1514
53889847	1514
53890285	1514
53890494	1514
53890669	1514
53890762	1514
53890899	1514
53891109	1514
53911913	1514
53912107	1514
53912272	1514
53912489	1514
53912638	1514
53912733	1514
53912817	1514
53912929	1514
53913256	1514
53913385	1514
53913694	1514
53915097	1514
53915247	1514
53915404	1514
53915534	1514
53915635	1514
53915869	1514
53934459	1514
53934585	1514
53934680	1514
53934830	1514
53935071	1514
53935201	1514
53935334	1514
53935644	1514
53935901	1514
53936185	1514
53936429	1514
53936660	1514
53936785	1514
53936931	1514
53937072	1514
53937332	1514
53937488	1514
53957363	1514
53957554	1514
53957763	1514
53958036	1514
53958256	1514
53958750	1514
53959085	1514
53959228	1514
53959426	1514
53959603	1514
53959748	1514
53960080	1514
53960221	1514
53960358	1514
53960638	1514
53961110	1514
53961618	1514
53982803	1514
53983041	1514
53983244	1514
53983479	1514
53983642	1514
53983731	1514
53983873	1514
53984237	1514
53984454	1514
53984808	1514
53985037	1514
53985376	1514
53985522	1514
53985665	1514
53985814	1514
53986473	1514
53986846	1514
53987003	1514
53987576	1514
54005804	1514
54006205	1514
54006438	1514
54006618	1514
54006814	1514
54007059	1514
54007394	1514
54007699	1514
54008001	1514
54008286	1514
54008560	1514
54008716	1514
54008998	1514
54009385	1514
54009510	1514
54009772	1514
54009947	1514
54010063	1514
54010277	1514
54029289	1514
54029627	1514
54029889	1514
54029998	1514
54030212	1514
54030564	1514
54030775	1514
54030930	1514
54031034	1514
54031170	1514
54031511	1514
54031795	1514
54032152	1514
54032427	1514
54032618	1514
54033019	1514
54033234	1514
54033395	1514
54034087	1514
54052907	1514
54053024	1514
54053141	1514
54053404	1514
54053701	1514
54053844	1514
54054288	1514
54054480	1514
54054616	1514
54054900	1514
54055226	1514
54055445	1514
54055761	1514
54056013	1514
54056134	1514
54056356	1514
54056491	1514
54056666	1514
54056841	1514
54077205	1514
54077437	1514
54077578	1514
54078042	1514
54078423	1514
54078601	1514
54079053	1514
54079208	1514
54079511	1514
54079683	1514
54079908	1514
54080034	1514
54080496	1514
54080675	1514
54080827	1514
54080936	1514
54081027	1514
54081168	1514
54097048	1514
54097377	1514
54097609	1514
54098176	1514
54098383	1514
54098620	1514
54098875	1514
54099080	1514
54099281	1514
54099861	1514
54100004	1514
54100466	1514
54100929	1514
54101053	1514
54101401	1514
54102080	1514
54102271	1514
54102712	1514
54118499	1514
54118851	1514
54119388	1514
54119819	1514
54120000	1514
54120446	1514
54120758	1514
54120900	1514
54134158	1514
54134269	1514
54134567	1514
54134848	1514
54135021	1514
54135317	1514
54135512	1514
54135929	1514
54136179	1514
54136495	1514
54136857	1514
54152585	1514
54152880	1514
54153258	1514
54153507	1514
54153830	1514
54154107	1514
54154295	1514
54154513	1514
54154799	1514
54155028	1514
54155270	1514
54155556	1514
54171584	1514
54171906	1514
54172219	1514
54172421	1514
54172633	1514
54173063	1514
54173226	1514
54173332	1514
54173486	1514
54173851	1514
54174376	1514
54174726	1514
54192407	1514
54192605	1514
54192842	1514
54193064	1514
54193292	1514
54193423	1514
54193596	1514
54193716	1514
54194070	1514
54194232	1514
54194474	1514
54194583	1514
54194811	1514
54210933	1514
54211112	1514
54211380	1514
54211596	1514
54211812	1514
54211963	1514
54212221	1514
54212381	1514
54212524	1514
54212702	1514
54212909	1514
54213203	1514
54227983	1514
54228072	1514
54228158	1514
54228245	1514
54228344	1514
54228458	1514
54229097	1514
54229497	1514
54230109	1514
54230322	1514
54230725	1514
54230943	1514
54231259	1514
54231599	1514
54247061	1514
54247269	1514
54247432	1514
54247664	1514
54247827	1514
54247986	1514
54248100	1514
54248278	1514
54248427	1514
54248746	1514
54248918	1514
54249083	1514
54249414	1514
54249857	1514
54267701	1514
54267923	1514
54268171	1514
54268310	1514
54268633	1514
54268743	1514
54268942	1514
54269069	1514
54269231	1514
54269376	1514
54269552	1514
54269675	1514
54270180	1514
54289528	1514
54289654	1514
54289747	1514
54289844	1514
54290040	1514
54290274	1514
54290521	1514
54290621	1514
54290812	1514
54290998	1514
54291126	1514
54291263	1514
54291523	1514
54291780	1514
54292160	1514
54311606	1514
54311711	1514
54311876	1514
54312001	1514
54312253	1514
54312468	1514
54312632	1514
54312856	1514
54313004	1514
54313191	1514
54313286	1514
54313496	1514
54313641	1514
54314574	1514
54314724	1514
54333097	1514
54333261	1514
54333586	1514
54334273	1514
54334529	1514
54334745	1514
54334914	1514
54335183	1514
54335471	1514
54335681	1514
54335981	1514
54336243	1514
54336440	1514
54336547	1514
54336737	1514
54336863	1514
54357172	1514
54357368	1514
54357545	1514
54357704	1514
54358372	1514
54358585	1514
54358880	1514
54359184	1514
54359683	1514
54359900	1514
54360217	1514
54360430	1514
54360757	1514
54360944	1514
54361390	1514
54381403	1514
54381546	1514
54381759	1514
54381932	1514
54382276	1514
54382633	1514
54382723	1514
54382909	1514
54383050	1514
54383328	1514
54383518	1514
54383658	1514
54383929	1514
54384073	1514
54384232	1514
54384482	1514
54384642	1514
54403528	1514
54403738	1514
54403936	1514
54404219	1514
54404421	1514
54404701	1514
54405037	1514
54405253	1514
54405819	1514
54406110	1514
54406246	1514
54406403	1514
54406559	1514
54406789	1514
54407027	1514
54407213	1514
54418553	1514
54418832	1514
54419036	1514
54419247	1514
54419356	1514
54419510	1514
54419676	1514
54419884	1514
54419984	1514
54420342	1514
54420570	1514
54420813	1514
54420915	1514
54421015	1514
54421213	1514
54421401	1514
54433304	1514
54433508	1514
54433848	1514
54433999	1514
54434090	1514
54434237	1514
54434393	1514
54434663	1514
54434777	1514
54434914	1514
54435153	1514
54435272	1514
54435433	1514
54435554	1514
54435820	1514
54436174	1514
54436351	1514
54436503	1514
54446321	1514
54446666	1514
54446840	1514
54446989	1514
54447155	1514
54447387	1514
54447681	1514
54447798	1514
54448181	1514
54448402	1514
54448930	1514
54449068	1514
54449321	1514
54449479	1514
54449834	1514
54450322	1514
54450626	1514
54460746	1514
54461251	1514
54461436	1514
54462637	1514
54468861	1514
54469233	1514
54470828	1514
54471254	1514
54471445	1514
54471943	1514
54474465	1514
54474627	1514
54474757	1514
54475072	1514
54475176	1514
54475419	1514
54475782	1514
54475987	1514
54476148	1514
54486296	1514
54486599	1514
54487031	1514
54487496	1514
54494703	1514
54494797	1514
54494984	1514
54495266	1514
54495515	1514
54495773	1514
54496641	1514
54496766	1514
54497141	1514
54497278	1514
54497471	1514
54497568	1514
54497718	1514
54498266	1514
54498407	1514
54509135	1514
54509289	1514
54509456	1514
54509834	1514
54518712	1514
54519041	1514
54519300	1514
54519614	1514
54519854	1514
54520112	1514
54520355	1514
54520601	1514
54520854	1514
54521154	1514
54521397	1514
54521597	1514
54521704	1514
54522028	1514
54522193	1514
54522362	1514
54532388	1514
54532507	1514
54532597	1514
54532709	1514
54543849	1514
54544200	1514
54544556	1514
54544806	1514
54544928	1514
54545163	1514
54545315	1514
54545493	1514
54545594	1514
54545756	1514
54545892	1514
54546022	1514
54546453	1514
54546681	1514
54546969	1514
54557433	1514
54557614	1514
54557807	1514
54557960	1514
54558224	1514
54568647	1514
54568923	1514
54569293	1514
54569638	1514
54570291	1514
54570498	1514
54570829	1514
54571043	1514
54571217	1514
54571441	1514
54571626	1514
54571761	1514
54572005	1514
54572285	1514
54572578	1514
54578893	1514
54579218	1514
54579714	1514
54579850	1514
54580225	1514
54580534	1514
54589504	1514
54590027	1514
54590262	1514
54590519	1514
54590733	1514
54590877	1514
54590992	1514
54591114	1514
54591377	1514
54591515	1514
54591717	1514
54591981	1514
54592360	1514
54592552	1514
54599287	1514
54599671	1514
54599945	1514
54600210	1514
54600506	1514
54600849	1514
54609270	1514
54609371	1514
54609531	1514
54609824	1514
54610464	1514
54610691	1514
54610798	1514
54610949	1514
54611108	1514
54611337	1514
54611449	1514
54611572	1514
54612047	1514
54612280	1514
54616990	1514
54617314	1514
54617453	1514
54618179	1514
54618560	1514
54618721	1514
54626560	1514
54626659	1514
54626906	1514
54626998	1514
54627135	1514
54627378	1514
54627520	1514
54627649	1514
54627891	1514
54628175	1514
54628600	1514
54628825	1514
54628973	1514
54629114	1514
54629259	1514
54633398	1514
54634248	1514
54634354	1514
54634525	1514
54634693	1514
54634809	1514
54643365	1514
54643503	1514
54643644	1514
54643740	1514
54643857	1514
54643990	1514
54644153	1514
54644306	1514
54644461	1514
54644556	1514
54644842	1514
54645077	1514
54645219	1514
54646280	1514
54646476	1514
54646615	1514
54649764	1514
54650019	1514
54650414	1514
54650750	1514
54650974	1514
54651247	1514
54660424	1514
54660650	1514
54660821	1514
54660960	1514
54661316	1514
54661499	1514
54661962	1514
54662055	1514
54662167	1514
54662380	1514
54662541	1514
54662693	1514
54662818	1514
54662923	1514
54663217	1514
54663383	1514
54667402	1514
54667690	1514
54667935	1514
54668093	1514
54668260	1514
54668503	1514
54677219	1514
54677361	1514
54677530	1514
54678061	1514
54678462	1514
54678687	1514
54678787	1514
54678911	1514
54679121	1514
54679502	1514
54679679	1514
54679963	1514
54680066	1514
54680274	1514
54680445	1514
54680601	1514
54680809	1514
54684953	1514
54685237	1514
54685480	1514
54685662	1514
54686565	1514
54686717	1514
54696336	1514
54696601	1514
54696726	1514
54696956	1514
54697089	1514
54697237	1514
54697477	1514
54697893	1514
54698135	1514
54698253	1514
54698430	1514
54698574	1514
54698872	1514
54699115	1514
54699288	1514
54699426	1514
54699538	1514
54703715	1514
54703814	1514
54704108	1514
54704312	1514
54704604	1514
54704874	1514
54705158	1514
54716323	1514
54716620	1514
54716747	1514
54717153	1514
54717542	1514
54717833	1514
54718021	1514
54718116	1514
54718299	1514
54718525	1514
54718744	1514
54718849	1514
54718963	1514
54719302	1514
54719460	1514
54719844	1514
54719993	1514
54724347	1514
54724512	1514
54724717	1514
54724822	1514
54724989	1514
54725089	1514
54739124	1514
54739371	1514
54739548	1514
54739906	1514
54740063	1514
54740296	1514
54740534	1514
54740673	1514
54740968	1514
54741116	1514
54741522	1514
54742389	1514
54742487	1514
54742778	1514
54743072	1514
54743564	1514
54743699	1514
54747622	1514
54747963	1514
54748205	1514
54748537	1514
54748680	1514
54748947	1514
54761178	1514
54761280	1514
54761467	1514
54761641	1514
54762210	1514
54762305	1514
54762470	1514
54762571	1514
54762725	1514
54762947	1514
54763168	1514
54763556	1514
54763693	1514
54763949	1514
54764045	1514
54764340	1514
54764672	1514
54764988	1514
54765101	1514
54770767	1514
54770880	1514
54771183	1514
54771472	1514
54771735	1514
54772028	1514
54784269	1514
54784379	1514
54784530	1514
54784635	1514
54784851	1514
54784953	1514
54785086	1514
54785318	1514
54785443	1514
54785630	1514
54786462	1514
54786581	1514
54786731	1514
54786968	1514
54787291	1514
54787473	1514
54787682	1514
54787876	1514
54787971	1514
54794378	1514
54794556	1514
54794684	1514
54795167	1514
54795320	1514
54795640	1514
54808454	1514
54808724	1514
54809091	1514
54809396	1514
54809651	1514
54810538	1514
54810812	1514
54811221	1514
54811469	1514
54811766	1514
54812066	1514
54812256	1514
54812395	1514
54812550	1514
54812673	1514
54812849	1514
54813001	1514
54813110	1514
54813321	1514
54813706	1514
54819373	1514
54819476	1514
54819657	1514
54819771	1514
54820092	1514
54820391	1514
54832154	1514
54832381	1514
54832519	1514
54832611	1514
54832748	1514
54832853	1514
54832983	1514
54833129	1514
54833288	1514
54833526	1514
54833648	1514
54834250	1514
54834611	1514
54834736	1514
54834965	1514
54835084	1514
54835260	1514
54835447	1514
54835650	1514
54835755	1514
54842419	1514
54842729	1514
54842923	1514
54843182	1514
54843437	1514
54843706	1514
54853502	1514
54854229	1514
54854572	1514
54854797	1514
54854896	1514
54855144	1514
54855415	1514
54855654	1514
54855780	1514
54856090	1514
54856219	1514
54856513	1514
54856734	1514
54857045	1514
54857204	1514
54857380	1514
54857603	1514
54858061	1514
54858388	1514
54858585	1514
54858802	1514
54861795	1514
54862217	1514
54862383	1514
54862681	1514
54863116	1514
54863336	1514
54874576	1514
54874995	1514
54875348	1514
54875722	1514
54876096	1514
54876401	1514
54876573	1514
54876735	1514
54876829	1514
54876972	1514
54877255	1514
54877357	1514
54877552	1514
54877681	1514
54877908	1514
54878396	1514
54878520	1514
54878816	1514
54879053	1514
54879156	1514
54882863	1514
54883153	1514
54883278	1514
54883427	1514
54883562	1514
54883773	1514
54897913	1514
54898151	1514
54898337	1514
54898604	1514
54898771	1514
54899026	1514
54899158	1514
54899280	1514
54899546	1514
54899807	1514
54900022	1514
54900227	1514
54900431	1514
54900611	1514
54900824	1514
54901038	1514
54901237	1514
54901613	1514
54902140	1514
54902299	1514
54902444	1514
54902663	1514
54907133	1514
54907475	1514
54920035	1514
54920416	1514
54920812	1514
54920908	1514
54921020	1514
54921201	1514
54921460	1514
54921841	1514
54922257	1514
54922438	1514
54922561	1514
54922648	1514
54922783	1514
54922932	1514
54923139	1514
54923336	1514
54923485	1514
54923581	1514
54923763	1514
54923979	1514
54924099	1514
54924285	1514
54924478	1514
54924640	1514
54924849	1514
54941128	1514
54941505	1514
54942434	1514
54942876	1514
54943030	1514
54943348	1514
54943874	1514
54944169	1514
54944308	1514
54944680	1514
54944973	1514
54945127	1514
54945411	1514
54945548	1514
54946157	1514
54946379	1514
54946647	1514
54946764	1514
54946888	1514
54947076	1514
54947325	1514
54947656	1514
54947919	1514
54965428	1514
54966480	1514
54966598	1514
54966766	1514
54966885	1514
54967035	1514
54967164	1514
54967528	1514
54967716	1514
54968056	1514
54968323	1514
54968447	1514
54968696	1514
54969124	1514
54969364	1514
54969764	1514
54970384	1514
54970521	1514
54970841	1514
54990357	1514
54990701	1514
54990825	1514
54991083	1514
54991173	1514
54991311	1514
54991715	1514
54991965	1514
54992108	1514
54992292	1514
54992575	1514
54992726	1514
55013328	1514
55013590	1514
55014462	1514
55014813	1514
55036505	1514
57459021	1514
57480248	1514
57501493	1514
57521988	1514
57522183	1514
57522308	1514
72440931	1514
84419111	1514
84451058	1514
84487335	1514
108368295	1514
108394308	1514
108419894	1514
108420203	1514
120354026	1514
120381310	1514
120381562	1514
120406136	1514
120406343	1514
120406638	1514
120430981	1514
120431352	1514
120431791	1514
120431943	1514
120459973	1514
120460279	1514
120460497	1514
120460755	1514
120461043	1514
120486773	1514
120487282	1514
120487530	1514
120487764	1514
120487998	1514
120513406	1514
120513582	1514
120513686	1514
120513848	1514
121842891	1514
121869054	1514
121869441	1514
128526498	54
131407108	1514
