2996231	231
7510986	58
7511823	54
7917380	1474
7917585	1474
7932865	110
8127525	1474
8127664	1474
8127982	1474
8128188	138
8339155	1474
8339260	1474
8339361	1474
8339481	1474
8339594	166
8563321	1474
8563456	1474
8563589	1474
8564113	1474
8565144	1474
8565965	194
8804109	1474
8804266	82
8804392	1474
8804655	1474
8804949	110
8805170	1474
8805345	1474
8805683	1474
8805926	1474
8806097	1474
8806302	194
8998501	1474
8998757	1474
8998918	1474
8999043	1474
8999299	1474
8999501	1474
8999673	1474
8999946	1474
9000067	1474
9000497	1474
9000609	1474
9000783	362
9212726	1474
9213024	1474
9213131	1474
9213221	1474
9213345	1474
9213445	194
9213568	1474
9213728	1474
9213830	1474
9214148	1474
9214306	1474
9214402	194
9214507	1474
9214754	1474
9214857	1474
9215212	1474
9215367	1474
9215485	194
9430986	1474
9431129	1474
9431307	1474
9431408	1474
9432275	1474
9432549	1474
9432653	1474
9432756	1474
9432896	1474
9433249	1474
9433359	1474
9433899	1474
9434108	390
9434213	1474
9434313	1474
9434421	1474
9434523	1474
9434634	1474
9434903	1474
9435163	1474
9435299	1474
9435635	278
9435893	1474
9436011	1474
9436115	1474
9436372	138
9661063	1474
9661463	1474
9662001	1474
9662314	1474
9662590	1474
9663308	1474
9663547	1474
9663706	1474
9664063	1474
9664293	306
9664449	1474
9664782	1474
9665057	1474
9665397	1474
9666300	166
9666503	1474
9667005	82
9667225	1474
9667380	1474
9667599	1474
9667720	1474
9667972	166
9668178	1474
9668378	82
9668598	1474
9668813	1474
9668999	1474
9669344	1474
9669583	166
9683488	1474
9683783	1474
9684387	1474
9684982	1474
9685195	1474
9685418	1474
9685721	1474
9685926	250
9882097	1474
9882319	1474
9882738	1474
9883086	1474
9883373	166
9883802	1474
9883968	1474
9884243	1474
9884582	1474
9884739	1474
9885048	1474
9885413	1474
9885739	250
9886006	1474
9886176	1474
9886462	110
9886592	1474
9886983	1474
9887197	1474
9887391	138
9887668	1474
9887901	1474
9888066	1474
9888414	1474
9888614	1474
9888722	1474
9889014	222
9889973	1474
9890185	1474
9890666	110
9907004	1474
9907333	1474
9907468	1474
9908055	1474
9908301	1474
9908546	1474
9908769	1474
9908882	1474
9909163	1474
9909283	1474
9909472	1474
9909791	1474
9909994	390
10113411	1474
10113706	1474
10114213	1474
10114415	138
10114729	1474
10114956	1474
10115831	110
10115993	1474
10116404	1474
10116518	1474
10116800	1474
10116955	1474
10117356	1474
10117603	1474
10117920	1474
10118089	1474
10118218	1474
10118501	1474
10118698	362
10118819	1474
10119081	1474
10139880	1474
10140180	1474
10140423	1474
10140669	1474
10140924	1474
10141201	1474
10141432	1474
10141847	1474
10142060	1474
10142172	1474
10142629	1474
10142831	1474
10143116	1474
10143322	1474
10143453	1474
10143772	1474
10143973	1474
10144245	1474
10144368	1474
10144691	1474
10144886	1474
10159287	1474
11535436	1474
11548912	1474
11549344	1474
11556104	1474
11556216	1474
11556315	1474
11567034	1474
11567274	1474
11567622	1474
11567861	1474
11577416	1474
11577701	1474
11577945	1474
11578103	1474
11578253	1474
11593095	1474
11593246	1474
11593391	1474
11593539	1474
11593787	1474
11594007	1474
11614121	1474
11614271	1474
11614418	1474
11614565	1474
11614712	1474
11614860	1474
11615006	1474
11634040	1474
11634564	1474
11634866	1474
11635334	1474
11635761	1474
11635918	1474
11636115	1474
11636648	1474
11672132	1474
11672579	1474
11672877	1474
11673781	1474
11674143	1474
11674402	1474
11674684	1474
11674903	1474
11675060	1474
11675461	1474
11675691	1474
11676052	1474
11676276	1474
11707172	1474
11707500	1474
11707754	1474
11708115	1474
11708681	1474
11709092	1474
11709437	1474
11710061	1474
11710329	1474
11710630	1474
11711028	1474
11739563	1474
11740598	1474
11741114	1474
11741447	1474
11741990	1474
11766406	1474
11766629	1474
11766832	1474
11766990	1474
11767554	1474
11767761	1474
11768555	1474
11786898	1474
11787191	1474
11787437	1474
11787646	1474
11788138	1474
11788621	1474
11789434	1474
11789895	1474
11817221	1474
11817683	1474
11818007	1474
11819234	1474
11819478	1474
11820019	1474
11820526	1474
11847083	1474
11847397	1474
11847602	1474
11847795	1474
11848008	1474
11848310	1474
11848516	1474
11848877	1474
11849096	1474
11872572	1474
11872804	1474
11873104	1474
11873321	1474
11873776	1474
11873985	1474
11874201	1474
11874445	1474
11897467	1474
11897901	1474
11898197	1474
11898548	1474
11898831	1474
11899037	1474
11899550	1474
11899761	1474
11900117	1474
11924272	1474
11924491	1474
11924730	1474
11924955	1474
11925142	1474
11925372	1474
11925524	1474
11926206	1474
11926411	1474
11926845	1474
11955052	1474
11955624	1474
11955845	1474
11956664	1474
11957082	1474
11957300	1474
11957473	1474
11957674	1474
11958139	1474
11985504	1474
11985823	1474
11986000	1474
11986442	1474
11986658	1474
11987057	1474
11987303	1474
11987703	1474
11988381	1474
11988875	1474
11989021	1474
12017816	1474
12018134	1474
12018471	1474
12018699	1474
12019267	1474
12019836	1474
12020430	1474
12020784	1474
12021451	1474
12022092	1474
12052358	1474
12052924	1474
12053398	1474
12053667	1474
12054063	1474
12054586	1474
12055090	1474
12055241	1474
12055566	1474
12055926	1474
12056220	1474
12056589	1474
12086594	1474
12086794	1474
12087106	1474
12087677	1474
12088252	1474
12088861	1474
12089347	1474
12090026	1474
12090480	1474
12091004	1474
12091439	1474
12091941	1474
12092674	1474
12119280	1474
12119508	1474
12119684	1474
12120411	1474
12120729	1474
12121187	1474
12121636	1474
12122595	1474
12123198	1474
12123943	1474
12124256	1474
12124897	1474
12125453	1474
12126170	1474
12150284	1474
12150433	1474
12150573	1474
12150716	1474
12150949	1474
12151376	1474
12151794	1474
12152626	1474
12152910	1474
12153576	1474
12153953	1474
12154478	1474
12154993	1474
12155449	1474
12156227	1474
12178889	1474
12179208	1474
12179661	1474
12179865	1474
12180275	1474
12180542	1474
12181191	1474
12181462	1474
12181926	1474
12182352	1474
12182703	1474
12183364	1474
12183615	1474
12184283	1474
12184731	1474
12185206	1474
12212565	1474
12212768	1474
12213284	1474
12213486	1474
12214207	1474
12214811	1474
12215458	1474
12216075	1474
12216354	1474
12217120	1474
12217801	1474
12218106	1474
12218656	1474
12219015	1474
12219472	1474
12219868	1474
12246818	1474
12247502	1474
12247783	1474
12248020	1474
12248565	1474
12248870	1474
12249777	1474
12250458	1474
12251022	1474
12251570	1474
12251889	1474
12252782	1474
12253474	1474
12254210	1474
12254807	1474
12255107	1474
12282031	1474
12282395	1474
12282742	1474
12283098	1474
12283540	1474
12283907	1474
12284348	1474
12284731	1474
12285100	1474
12285447	1474
12285855	1474
12286265	1474
12286609	1474
12287389	1474
12287596	1474
12288166	1474
12288607	738
12288924	1474
12289581	82
12315326	1474
12315529	1474
12315833	1474
12316058	1474
12316729	1474
12317462	1474
12317897	1474
12318445	1474
12318902	1474
12319397	1474
12339693	1474
12340048	1474
12340198	1474
12340472	1474
12340893	1474
12341041	1474
12341345	1474
12341636	1474
12341960	1474
12342223	1474
12360218	1474
12360618	1474
12360945	1474
12361172	1474
12361343	1474
12361920	1474
12362090	1474
12362365	1474
12362770	1474
12363005	1474
12363324	1474
12382599	1474
12382947	1474
12383361	1474
12383569	1474
12383735	1474
12384057	1474
12384319	1474
12384632	1474
12384837	1118
12461594	1474
12462183	1474
12462425	110
12463081	1474
12463345	1474
12463598	1474
12463706	1474
12463861	1474
12464011	1474
12464134	1474
12464239	1474
12464332	278
12496870	1474
12497088	1474
12497452	110
12498282	1474
12498763	1474
12499022	1474
12499450	138
12499755	1474
12500073	1474
12500399	1474
12500588	1474
12500924	1474
12501369	194
12502015	1474
12502281	1474
12502514	1474
12514048	1474
12514371	1474
12514605	1474
12514967	1474
12515249	1474
12515742	1474
12516094	1474
12516443	1474
12516953	1474
12517231	1474
12517541	1474
12517965	1474
12518124	1474
12518447	1474
12528286	1474
12528755	1474
12529397	1474
12530246	614
12573717	1474
12574282	82
12574714	1474
12574860	82
12575335	1474
12575715	1474
12576174	1474
12576351	138
12576730	1474
12577082	1474
12577338	1474
12577766	1474
12578103	166
12578541	1474
12578893	1474
12579292	1474
12579512	1474
12579820	1474
12580287	194
12580485	1474
12607933	1474
12608234	1474
12608606	138
12689335	1474
12689709	1474
12690033	1474
12690423	138
12690670	1474
12690927	1474
12691162	1474
12691385	138
12691538	1474
12720895	1474
12721105	1474
12721450	1474
12722113	1474
12722446	166
12722885	1474
12723137	1474
12723568	1474
12723784	1474
12724015	1474
12724372	1474
12724709	1474
12741469	1474
12742045	1474
12754266	1474
14047079	1474
14076615	1474
14076830	1474
14109983	1474
14110178	1474
14110689	1474
14138123	1474
14138384	1474
14169297	1474
14169526	1474
14195658	1474
14196104	1474
14196318	1474
14221510	1474
14221994	1474
14222280	1474
14253668	1474
14253934	1474
14254112	1474
14254348	1474
14272653	1474
14272907	1474
14273130	1474
14273387	1474
14273867	1474
14297248	1474
14297387	1474
14297939	1474
14298319	1474
14298468	1474
14298616	1474
14324720	1474
14325059	1474
14325408	1474
14325819	1474
14326175	1474
14326419	1474
14353075	1474
14353379	1474
14353626	1474
14353988	1474
14354149	1474
14354359	1474
14354709	1474
14382153	1474
14382391	1474
14382541	1474
14382895	1474
14383244	1474
14383450	1474
14402964	1474
14403182	1474
14403314	1474
14403489	1474
14404040	1474
14404301	1474
14420840	1474
14421263	1474
14421463	1474
14422057	1474
14422671	1474
14423077	1474
14423358	1474
14435883	1474
14436152	1474
14436330	1474
14436670	1474
14436936	1474
14437039	1474
14437393	1474
14437794	1474
14456231	1474
14456513	1474
14456934	1474
14457172	1474
14457437	1474
14458112	1474
14458300	1474
14463832	1474
14463991	1474
14481682	1474
14482053	1474
14482210	1474
14482330	1474
14482552	1474
14482782	1474
14490768	1474
14491038	1474
14510637	1474
14510954	1474
14511128	1474
14511328	1474
14511530	1474
14511785	1474
14519139	1474
14519411	1474
14519731	1474
14520132	1474
14538661	1474
14538883	1474
14539450	1474
14539712	1474
14539861	1474
14540058	1474
14548797	1474
14549216	1474
14549542	1474
14550134	1474
14569855	1474
14570090	1474
14570310	1474
14570487	1474
14570664	1474
14570823	1474
14577890	1474
14578037	1474
14578321	1474
14578466	1474
14578758	1474
14599983	1474
14600165	1474
14600303	1474
14600405	1474
14600511	1474
14600995	1474
14601251	1474
14601466	1474
14602047	1474
14602359	1474
14602659	1474
14627941	1474
14628109	1474
14628381	1474
14628887	1474
14629513	1474
14630083	1474
14630208	1474
14630466	1474
14630824	1474
14631036	1474
14658487	1474
14658730	1474
14658893	1474
14659034	1474
14659734	1474
14660184	1474
14660505	1474
14660619	1474
14660751	1474
14661060	1474
14661391	1474
14688687	1474
14688970	1474
14689949	1474
14690095	1474
14690384	1474
14690524	1474
14690644	1474
14690787	1474
14691179	1474
14691697	1474
14691935	1474
14715077	1474
14715270	1474
14715600	1474
14715850	1474
14716011	1474
14716218	1474
14716501	1474
14716879	1474
14717432	1474
14717830	1474
14717964	1474
14718228	1474
14718417	1474
14738042	1474
14738173	1474
14738509	1474
14738650	1474
14738869	1474
14739061	1474
14739277	1474
14739554	1474
14739828	1474
14739948	1474
14740176	1474
14740402	1474
14761208	1474
14761440	1474
14761772	1474
14762070	1474
14762373	1474
14762788	1474
14763026	1474
14763195	1474
14763443	1474
14763589	1474
14763881	1474
14764054	1474
14764299	1474
14785499	1474
14785895	1474
14786160	1474
14786341	1474
14786585	1474
14786859	1474
14787297	1474
14787416	1474
14787635	1474
14787767	1474
14787945	1474
14788393	1474
14788602	1474
14788884	1474
14812088	1474
14812394	1474
14812890	1474
14813034	1474
14813179	1474
14813391	1474
14813557	1474
14814252	1474
14814592	1474
14814734	1474
14814855	1474
14815259	1474
14815582	1474
14815802	1474
14816029	1474
14840638	1474
14840842	1474
14841064	1474
14841258	1474
14841553	1474
14841968	1474
14842435	1474
14842856	1474
14843090	1474
14843265	1474
14843417	1474
14843697	1474
14844012	1474
14844301	1474
14868979	1474
14869310	1474
14869959	1474
14870167	1474
14870645	1474
14870967	1474
14871302	1474
14871638	1474
14871878	1474
14872080	1474
14872232	1474
14872463	1474
14872744	1474
14873199	1474
14898824	1474
14899117	1474
14899393	1474
14899656	1474
14899920	1474
14900096	1474
14900515	1474
14900828	1474
14901153	1474
14901357	1474
14901851	1474
14901980	1474
14902339	1474
14922604	1474
14922904	1474
14923306	1474
14923601	1474
14923843	1474
14924186	1474
14924426	1474
14937847	1474
14938236	1474
14938450	1474
14938735	1474
14939111	1474
14939385	1474
14948893	1474
14959284	1474
14959674	1474
14960073	1474
14960485	1474
14960838	1474
14971550	1474
14971856	1474
14972131	1474
14972420	1474
14972859	1474
14983911	1474
14984162	1474
14984479	1474
14984906	1474
14985268	1474
14985464	1474
14998778	1474
14998929	1474
14999170	1474
14999476	1474
14999762	1474
15000085	1474
15000244	1474
15012769	1474
15013169	1474
15013338	1474
15013447	1474
15013649	1474
15013894	1474
15026754	1474
15027319	1474
15027469	1474
15027589	1474
15027752	1474
15028067	1474
15028204	1474
15058825	1474
15059016	1474
15059342	1474
15059666	1474
15059996	1474
15060200	1474
15060424	1474
15078122	1474
15078428	1474
15078607	1474
15079034	1474
15079549	1474
15079750	1474
15080038	1474
15080294	1474
15080518	1474
15099343	1474
15099664	1474
15099869	1474
15100031	1474
15100539	1474
15100774	1474
15101157	1474
15101539	1474
15112182	1474
15112349	1474
15113144	1474
15113350	1474
15113869	1474
15114379	1474
15114745	1474
15115468	1474
15135773	1474
15135895	1474
15136023	1474
15136294	1474
15136509	1474
15136709	1474
15137296	1474
15137479	1474
15137921	1474
15159642	1474
15159811	1474
15159943	1474
15160285	1474
15160703	1474
15160992	1474
15161101	1474
15161274	1474
15161615	1474
15162102	1474
15183106	1474
15183447	1474
15183620	1474
15183830	1474
15183951	1474
15184053	1474
15184212	1474
15184370	1474
15184668	1474
15184867	1474
15185191	1474
15207592	1474
15207994	1474
15208341	1474
15208595	1474
15208711	1474
15209028	1474
15209222	1474
15209688	1474
15210144	1474
15210326	1474
15210439	1474
15232521	1474
15232655	1474
15232766	1474
15232921	1474
15233247	1474
15233558	1474
15233846	1474
15234242	1474
15234568	1474
15234686	1474
15234943	1474
15256865	1474
15257084	1474
15257260	1474
15257510	1474
15258192	1474
15258376	1474
15258685	1474
15258937	1474
15259135	1474
15259426	1474
15259840	1474
15283920	1474
15284094	1474
15284310	1474
15284496	1474
15284638	1474
15284830	1474
15285046	1474
15285278	1474
15285608	1474
15286088	1474
15286509	1474
15286750	1474
15306018	1474
15306371	1474
15306908	1474
15307086	1474
15307297	1474
15307414	1474
15307652	1474
15307758	1474
15307969	1474
15308331	1474
15308596	1474
15308703	1474
15308872	1474
15328276	1474
15328457	1474
15328642	1474
15328801	1474
15328915	1474
15329028	1474
15329200	1474
15329474	1474
15329882	1474
15330076	1474
15330380	1474
15330631	1474
15330913	1474
15351363	1474
15351475	1474
15351654	1474
15351825	1474
15352210	1474
15352594	1474
15352776	1474
15352893	1474
15352993	1474
15353184	1474
15353300	1474
15353500	1474
15354007	1474
15354392	1474
15373498	1474
15373752	1474
15373889	1474
15374208	1474
15374411	1474
15374765	1474
15375071	1474
15375419	1474
15375622	1474
15375981	1474
15376181	1474
15376529	1474
15376750	1474
15395488	1474
15395598	1474
15395806	1474
15395908	1474
15396020	1474
15396182	1474
15396578	1474
15396992	1474
15397291	1474
15397425	1474
15397825	1474
15398054	1474
15400681	1474
15401059	1474
15420131	1474
15420267	1474
15420583	1474
15420958	1474
15421215	1474
15421527	1474
15422008	1474
15422331	1474
15422847	1474
15423076	1474
15423192	1474
15423433	1474
15423777	1474
15426288	1474
15427187	1474
15445691	1474
15445926	1474
15446124	1474
15446379	1474
15446609	1474
15446719	1474
15446893	1474
15447432	1474
15447691	1474
15447862	1474
15448188	1474
15448680	1474
15449163	1474
15452247	1474
15452586	1474
15470221	1474
15470545	1474
15470677	1474
15470864	1474
15471089	1474
15471226	1474
15471682	1474
15471902	1474
15472117	1474
15472242	1474
15472397	1474
15472959	1474
15473227	1474
15473404	1474
15473660	1474
15495383	1474
15495609	1474
15495791	1474
15495984	1474
15496121	1474
15496255	1474
15496618	1474
15496845	1474
15497085	1474
15497407	1474
15497845	1474
15498196	1474
15498488	1474
15498695	1474
15498858	1474
15499150	1474
15519017	1474
15519211	1474
15519517	1474
15519753	1474
15520175	1474
15520696	1474
15521116	1474
15521233	1474
15521421	1474
15521569	1474
15521953	1474
15522120	1474
15522463	1474
15522703	1474
15522938	1474
15523146	1474
15546479	231
15546728	1474
15546868	1474
15547317	1474
15547420	1474
15547803	1474
15547982	1474
15548127	1474
15548492	1474
15548614	1474
15548801	1474
15549009	1474
15549303	1474
15549495	1474
15550075	1474
15550871	1474
15551186	1474
15576152	1474
15576378	1474
15576786	1474
15577123	1474
15577552	1474
15577700	1474
15578420	1474
15578617	1474
15578924	1474
15579044	1474
15581213	1474
15581491	1474
15609183	1474
15609392	1474
15609968	1474
15610319	1474
15610774	1474
15611111	1474
15611434	1474
15613702	1474
15642479	1474
17038957	1474
17064551	1474
17064998	1474
17095238	1474
17095491	1474
17095810	1474
17127154	1474
17127609	1474
17128031	1474
17158357	1474
17158740	1474
17159148	1474
17159687	1474
17182296	1474
17182403	1474
20030964	1474
20073255	1474
20073592	1474
20107839	1474
20108153	1474
26021127	1474
26048454	1474
26048879	1474
26074701	1474
26095722	1474
27518114	1474
27544596	1474
27544808	1474
27575062	1474
27575271	1474
27575874	1474
27606240	1474
27606457	1474
27606972	1474
27637472	1474
27637966	1474
27638426	1474
27666985	1474
27667201	1474
27667412	1474
27667924	1474
27691399	1474
27691513	1474
27712510	1474
27712715	1474
27712817	1474
27730383	1474
27730710	1474
27730987	1474
27751763	1474
27752355	1474
27752865	1474
27753187	1474
27772352	1474
27772757	1474
27773159	1474
27773491	1474
27773969	1474
27795303	1474
27795419	1474
27795528	1474
27795635	1474
27795742	1474
27795850	1474
27820536	1474
27821168	1474
27821367	1474
27821786	1474
27822417	1474
27822614	1474
27846079	1474
27846481	1474
27846822	1474
27847128	1474
27847274	1474
27847401	1474
27873122	1474
27873326	1474
27873435	1474
27873788	1474
27873897	1474
27874015	1474
27874268	1474
27898320	1474
27898435	1474
27898877	1474
27899150	1474
27899518	1474
27899788	1474
27923113	1474
27923218	1474
27923379	1474
27923999	1474
27924584	1474
27924784	1474
27949950	1474
27950412	1474
27950608	1474
27950769	1474
27950878	1474
27951161	1474
27951999	1474
27976091	1474
27976420	1474
27976620	1474
27976939	1474
27977152	1474
28003792	1474
28004164	1474
28004861	1474
28031812	1474
28031949	1474
28032464	1474
28032835	1474
28033325	1474
28063829	1474
28064242	1474
28064507	1474
28064778	1474
28065159	1474
28065299	1474
28095131	1474
28095653	1474
28095901	1474
28096409	1474
28096611	1474
28096902	1474
28127096	1474
28127684	1474
28127942	1474
28128331	1474
28128723	1474
28149395	1474
28149503	1474
28149603	1474
28168236	1474
28172967	1474
28173372	1474
28173479	1474
28192045	1474
28197167	1474
28197282	1474
28197517	1474
28217739	1474
28221357	1474
28221560	1474
28222086	1474
28222314	1474
28240160	1474
28244119	1474
28244250	1474
28244403	1474
28244871	1474
28245180	1474
28263750	1474
28267702	1474
28267982	1474
28268372	1474
28268582	1474
28289576	1474
28289983	1474
28294835	1474
28295154	1474
28295275	1474
28295384	1474
28295490	1474
28314644	1474
28314940	1474
28319169	1474
28319441	1474
28319567	1474
28319693	1474
28320342	1474
28343128	1474
28343508	1474
28347981	1474
28348663	1474
28348812	1474
28349139	1474
28349367	1474
28372322	1474
28372622	1474
28377352	1474
28377511	1474
28377963	1474
28378068	1474
28378166	1474
28378276	1474
28403197	1474
28403607	1474
28407697	1474
28407950	1474
28408061	1474
28408310	1474
28408670	1474
28408879	1474
28432959	1474
28433285	1474
28436261	1474
28436544	1474
28436745	1474
28437009	1474
28437277	1474
28458449	1474
28458723	1474
28459121	1474
28462918	1474
28463233	1474
28463565	1474
28463926	1474
28464221	1474
28484389	1474
28484684	1474
28485048	1474
28485482	1474
28489253	1474
28489462	1474
28489750	1474
28489994	1474
28512358	1474
28512657	1474
28513009	1474
28513155	1474
28513514	1474
28517899	1474
28518343	1474
28518847	1474
28519164	1474
28519541	1474
28545275	1474
28545521	1474
28546065	1474
28546483	1474
28550131	1474
28550250	1474
28550481	1474
28550604	1474
28551040	1474
28551219	1474
28574775	1474
28575050	1474
28575280	1474
28575507	1474
28579000	1474
28579277	1474
28579559	1474
28580018	1474
28580337	1474
28580709	1474
28580842	1474
28601937	1474
28602230	1474
28602588	1474
28602755	1474
28607761	1474
28607893	1474
28608369	1474
28608606	1474
28608901	1474
28609050	1474
28631664	1474
28631957	1474
28632381	1474
28632748	1474
28636162	1474
28636786	1474
28637108	1474
28637353	1474
28638079	1474
28638281	1474
28661320	1474
28661463	1474
28662029	1474
28662366	1474
28662677	1474
28666207	1474
28666515	1474
28666622	1474
28667226	1474
28667426	1474
28667816	1474
28690816	1474
28691125	1474
28691322	1474
28691567	1474
28691694	1474
28695381	1474
28695748	1474
28696128	1474
28696237	1474
28696491	1474
28696734	1474
28696838	1474
28720485	1474
28720633	1474
28721125	1474
28721235	1474
28721504	1474
28725239	1474
28725521	1474
28726087	1474
28726382	1474
28726840	1474
28727117	1474
28727559	1474
28727838	1474
28748775	1474
28749182	1474
28749476	1474
28749827	1474
28754494	1474
28754604	1474
28754722	1474
28754820	1474
28754921	1474
28755227	1474
28755494	1474
28755698	1474
28756333	1474
28773811	1474
28774096	1474
28774294	1474
28774523	1474
28779078	1474
28779477	1474
28779778	1474
28780167	1474
28780761	1474
28780977	1474
28781359	1474
28781471	1474
28781591	1474
28796188	1474
28796295	1474
28796396	1474
28796660	1474
28797164	1474
28802837	1474
28803046	1474
28803372	1474
28803527	1474
28803637	1474
28803939	1474
28804227	1474
28804368	1474
28822382	1474
28822493	1474
28822940	1474
28823199	1474
28823310	1474
28823753	1474
28829097	1474
28829535	1474
28829644	1474
28830082	1474
28830393	1474
28830722	1474
28831002	1474
28831119	1474
28850237	1474
28850374	1474
28850741	1474
28850982	1474
28851086	1474
28851215	1474
28851615	1474
28856546	1474
28856774	1474
28856879	1474
28857374	1474
28857688	1474
28857981	1474
28858210	1474
28858509	1474
28878211	1474
28879042	1474
28879240	1474
28879561	1474
28879666	1474
28879762	1474
28879862	1474
28884601	1474
28884821	1474
28884926	1474
28885606	1474
28886078	1474
28886730	1474
28886843	1474
28906151	1474
28906495	1474
28906928	1474
28907293	1474
28907523	1474
28907624	1474
28907895	1474
28913049	1474
28913194	1474
28913848	1474
28914316	1474
28914589	1474
28914748	1474
28915160	1474
28915583	1474
28915900	1474
28933784	1474
28934047	1474
28934533	1474
28934736	1474
28934855	1474
28935087	1474
28939628	1474
28939758	1474
28940274	1474
28940664	1474
28940943	1474
28941376	1474
28941726	1474
28941969	1474
28942070	1474
28963074	1474
28963353	1474
28963551	1474
28963761	1474
28963864	1474
28964190	1474
28968990	1474
28969126	1474
28969292	1474
28969750	1474
28970020	1474
28970291	1474
28970555	1474
28970669	1474
28970903	1474
28971321	1474
28990569	1474
28991001	1474
28991108	1474
28991321	1474
28991427	1474
28991652	1474
28997476	1474
28998303	1474
28998500	1474
28998923	1474
28999186	1474
28999709	1474
28999996	1474
29000265	1474
29000513	1474
29000763	1474
29000865	1474
29018736	1474
29019013	1474
29019118	1474
29019729	1474
29019953	1474
29020077	1474
29028304	1474
29028679	1474
29028880	1474
29029001	1474
29029565	1474
29029931	1474
29030168	1474
29030282	1474
29030612	1474
29031003	1474
29050089	1474
29050342	1474
29050522	1474
29050651	1474
29050749	1474
29050852	1474
29051109	1474
29051597	1474
29060280	1474
29060875	1474
29061168	1474
29061277	1474
29061927	1474
29062217	1474
29062330	1474
29062716	1474
29062975	1474
29082325	1474
29082789	1474
29082927	1474
29083352	1474
29083559	1474
29083713	1474
29083994	1474
29084358	1474
29092446	1474
29092832	1474
29093097	1474
29093495	1474
29093672	1474
29094252	1474
29094455	1474
29094573	1474
29094988	1474
29111704	1474
29116501	1474
29116705	1474
29117019	1474
29117260	1474
29117692	1474
29131896	1474
29132106	1474
29132213	1474
29132661	1474
29132860	1474
29134493	1474
29134746	1474
29135099	1474
29135591	1474
29135893	1474
29146310	1474
29146560	1474
29146670	1474
29146891	1474
29147000	1474
29148784	1474
29149178	1474
29149479	1474
29150086	1474
29150290	1474
29150601	1474
29159366	1474
29159470	1474
29159575	1474
29159848	1474
29160081	1474
29162076	1474
29162414	1474
29162936	1474
29163149	1474
29163429	1474
29163759	1474
29173456	1474
29173568	1474
29174355	1474
29174622	1474
29176519	1474
29176825	202
29254180	1474
29254385	1474
29254782	110
29254907	1474
29255030	1474
29255431	1474
29255673	138
29284544	1474
29284798	1474
29285163	1474
29285669	1474
29285938	1474
29286116	194
29342384	1474
29342596	1474
29342876	1474
29343180	1474
29343464	166
29376741	1474
29377171	1474
29377409	1474
29377784	1474
29378056	1474
29378174	1474
29378305	222
29473680	1474
29474071	1474
29474272	1474
29474375	138
29474859	1474
29475095	1474
29475290	1474
29475639	1474
29475775	166
29505421	1474
29505692	1474
29505921	1474
29506182	1474
29506285	1474
29506522	194
29506626	1474
29506727	82
29563630	1474
29564509	1474
29564865	110
29564964	1474
29565075	1474
29565465	1474
29565802	1474
29566000	166
29604769	1474
29605121	1474
29605327	1474
29605433	1474
29690635	1474
29690942	1474
29691202	1474
29691877	1474
29692086	1474
29692366	194
29692491	1474
29692632	1474
29692998	1474
29693274	138
29693476	1474
29693848	82
29713518	1474
29722638	1474
29722754	1474
29723212	1474
29723413	1474
29723536	1474
29743258	1474
34008263	1474
34034748	1474
34035229	1474
34061178	1474
34061491	1474
34088673	1474
34088983	1474
35506192	1474
35533518	1474
35534277	1474
35563388	1474
37005220	1474
39998758	1474
40026725	1474
40027018	1474
40045390	1474
40045667	1474
40046291	1474
40067806	1474
40068067	1474
40068354	1474
40068492	1474
40086822	1474
40087045	1474
40087210	1474
40087630	1474
40110778	1474
40110990	1474
40111333	1474
40111495	1474
40111951	1474
40131017	1474
40131486	1474
40131716	1474
40131875	1474
40132092	1474
40132442	1474
40157740	1474
40157997	1474
40158420	1474
40158674	1474
40158778	1474
40158910	1474
40180684	1474
40181019	1474
40181377	1474
40182043	1474
40182190	1474
40182291	1474
40182468	1474
40201461	1474
40201938	1474
40202321	1474
40202565	1474
40202826	1474
40203099	1474
40240783	1474
40240903	1474
40241190	1474
40241652	1474
40242409	1474
40242643	1474
40264200	1474
40264322	1474
40264451	1474
40264722	1474
40264880	1474
40265470	1474
40266153	1474
40266302	1474
40284500	1474
40284711	1474
40285012	1474
40285264	1474
40285470	1474
40285664	1474
40286035	1474
40286338	1474
40311162	1474
40311277	1474
40311403	1474
40311569	1474
40311847	1474
40312147	1474
40312523	1474
40312749	1474
40312877	1474
40333592	1474
40334095	1474
40334249	1474
40334630	1474
40334915	1474
40335168	1474
40335460	1474
40335692	1474
40355509	1474
40355862	1474
40356163	1474
40356434	1474
40356713	1474
40357132	1474
40357365	1474
40357672	1474
40357898	1474
40380445	1474
40380557	1474
40380760	1474
40381088	1474
40381341	1474
40381710	1474
40382519	1474
40382818	1474
40383221	1474
40407512	1474
40407813	1474
40407948	1474
40408145	1474
40426246	1474
40427146	1474
40427292	1474
40427711	1474
40429126	1474
40429319	1474
40443597	1474
40444314	1474
40444688	1474
40445031	1474
40445442	1474
40445813	1474
40446149	1474
40459546	1474
40459822	1474
40459963	1474
40460306	1474
40460675	1474
40461079	1474
40461267	1474
40475099	1474
40475339	1474
40475736	1474
40476189	1474
40476403	1474
40476815	1474
40477118	1474
40477558	1474
40495191	1474
40495369	1474
40495681	1474
40495858	1474
40496105	1474
40496286	1474
40496560	1474
40496887	1474
40515235	1474
40515446	1474
40515848	1474
40516064	1474
40516256	1474
40516419	1474
40516530	1474
40516820	1474
40516995	1474
40539611	1474
40539829	1474
40540118	1474
40540348	1474
40540639	1474
40540958	1474
40541096	1474
40541349	1474
40563789	1474
40563942	1474
40564465	1474
40564593	1474
40564787	1474
40564910	1474
40565089	1474
40565356	1474
40565847	1474
40566298	1474
40590809	1474
40591084	1474
40591302	1474
40591448	1474
40591649	1474
40592080	1474
40592522	1474
40592747	1474
40592883	1474
40618508	1474
40618715	1474
40618975	1474
40619251	1474
40619362	1474
40619521	1474
40619734	1474
40620026	1474
40620320	1474
40620684	1474
40647223	1474
40647409	1474
40647889	1474
40648260	1474
40648509	1474
40648899	1474
40649087	1474
40649510	1474
40649973	1474
40650368	1474
40673021	1474
40673135	1474
40673349	1474
40673574	1474
40673937	1474
40694555	1474
40694769	1474
40694907	1474
40695123	1474
40695236	1474
40695430	1474
40715263	1474
40715482	1474
40715636	1474
40715848	1474
40716050	1474
40716347	1474
40716686	1474
40738832	1474
40739073	1474
40739406	1474
40739585	1474
40739841	1474
40739960	1474
40740146	1474
40740477	1474
40761503	1474
40762129	1474
40762310	1474
40762418	1474
40762536	1474
40762780	1474
40763049	1474
40763388	1474
40785768	1474
40786220	1474
40786321	1474
40786455	1474
40786717	1474
40786937	1474
40787295	1474
40787488	1474
40811248	1474
40811474	1474
40811830	1474
40811944	1474
40812116	1474
40812245	1474
40812598	1474
40812879	1474
40813018	1474
40834791	1474
40834937	1474
40835255	1474
40835390	1474
40835505	1474
40835699	1474
40835870	1474
40835986	1474
40836110	1474
40860754	1474
40860887	1474
40861340	1474
40861674	1474
40861948	1474
40862283	1474
40862471	1474
40862708	1474
40862930	1474
40863357	1474
40885519	1474
40886008	1474
40886319	1474
40886504	1474
40886671	1474
40886893	1474
40887250	1474
40887474	1474
40887690	1474
40887984	1474
40906609	1474
40906966	1474
40907418	1474
40907799	1474
40908072	1474
40908390	1474
40908602	1474
40909030	1474
40909209	1474
40909367	1474
40909477	1474
40924680	1474
40924963	1474
40925199	1474
40925438	1474
40925910	1474
40926128	1474
40926290	1474
40926756	1474
40926917	1474
40927070	1474
40927251	1474
40942315	1474
40942497	1474
40942618	1474
40942910	1474
40943201	1474
40943388	1474
40943816	1474
40944108	1474
40944270	1474
40944514	1474
40944656	1474
40961631	1474
40962245	1474
40962436	1474
40962659	1474
40962831	1474
40963001	1474
40963315	1474
40963439	1474
40963754	1474
40963964	1474
40964112	1474
40964471	1474
40981435	1474
40981570	1474
40981831	1474
40982074	1474
40982332	1474
40982463	1474
40982838	1474
40983100	1474
40983379	1474
40983773	1474
40983912	1474
41002634	1474
41002919	1474
41003229	1474
41003442	1474
41003693	1474
41003850	1474
41004177	1474
41004357	1474
41004730	1474
41004840	1474
41005005	1474
41005229	1474
41027747	1474
41027885	1474
41028055	1474
41028478	1474
41028588	1474
41028947	1474
41029207	1474
41029385	1474
41029649	1474
41030161	1474
41030456	1474
41030661	1474
41030972	1474
41055971	1474
41056244	1474
41056431	1474
41056593	1474
41056806	1474
41057045	1474
41057244	1474
41057699	1474
41058309	1474
41058482	1474
41058752	1474
41058873	1474
41059143	1474
41059270	1474
41081695	1474
41082120	1474
41082322	1474
41082513	1474
41082617	1474
41082925	1474
41083256	1474
41083480	1474
41083649	1474
41083830	1474
41084253	1474
41084425	1474
41084809	1474
41084952	1474
41104407	1474
41104632	1474
41104809	1474
41105022	1474
41105130	1474
41105292	1474
41105495	1474
41106241	1474
41106561	1474
41106851	1474
41106988	1474
41107259	1474
41107497	1474
41107867	1474
41123650	1474
41124032	1474
41124161	1474
41124263	1474
41124360	1474
41124483	1474
41124609	1474
41125069	1474
41125306	1474
41125572	1474
41125974	1474
41126085	1474
41126217	1474
41126686	1474
41126883	1474
41143715	1474
41143845	1474
41144012	1474
41144141	1474
41144428	1474
41144560	1474
41144724	1474
41144956	1474
41145073	1474
41145254	1474
41145640	1474
41146005	1474
41146323	1474
41146587	1474
41164035	1474
41164222	1474
41164498	1474
41164823	1474
41165052	1474
41165154	1474
41165329	1474
41165483	1474
41165606	1474
41166026	1474
41166232	1474
41166414	1474
41166578	1474
41166690	1474
41166836	1474
41167027	1474
41180808	1474
41180943	1474
41181113	1474
41181437	1474
41181935	1474
41182173	1474
41182330	1474
41182504	1474
41182695	1474
41183100	1474
41183217	1474
41183377	1474
41183634	1474
41183914	1474
41184239	1474
41184500	1474
41201432	1474
41201602	1474
41201750	1474
41202167	1474
41202347	1474
41202605	1474
41202718	1474
41202832	1474
41203006	1474
41203149	1474
41203252	1474
41203440	1474
41203627	1474
41203744	1474
41203904	1474
41204217	1474
41204386	1474
41222663	1474
41222979	1474
41223273	1474
41223508	1474
41223712	1474
41224091	1474
41224351	1474
41224664	1474
41224799	1474
41225121	1474
41225433	1474
41225548	1474
41225806	1474
41226079	1474
41226249	1474
41226394	1474
41243702	1474
41243847	1474
41243970	1474
41244151	1474
41244369	1474
41244533	1474
41244881	1474
41245069	1474
41245347	1474
41245532	1474
41245855	1474
41246013	1474
41246239	1474
41246362	1474
41246572	1474
41246848	1474
41247022	1474
41264059	1474
41264218	1474
41264486	330
41320311	1474
41320473	1474
41320662	1474
41321173	1474
41321347	1474
41321549	1474
41321791	222
41367401	1474
41367701	1474
41368090	1474
41368241	1474
41368385	1474
41368539	194
41548226	1474
41548448	1474
41548962	1474
41583781	1474
41583931	1474
41584374	1474
41584769	1474
41584939	1474
41585197	194
41585757	1474
41586320	82
41601097	1474
45984237	1474
46008425	1474
46008686	1474
46038725	1474
51966050	1474
51985604	1474
51985741	1474
52007338	1474
52007429	1474
52007517	1474
52024388	1474
52024712	1474
52024962	1474
52043659	1474
52043953	1474
52044172	1474
52059564	1474
52059962	1474
52060138	1474
52060406	1474
52076921	1474
52077008	1474
52077099	1474
52079955	1474
52094790	1474
52094932	1474
52095416	1474
52095899	1474
52098622	1474
52121475	1474
52122379	1474
52122553	1474
52122853	1474
52124956	1474
52150387	1474
52150751	1474
52150941	1474
52151258	1474
52151463	1474
52174340	1474
52174728	1474
52174899	1474
52196189	1474
53467524	1474
53490503	1474
53490916	1474
53516781	1474
53517086	1474
53517442	1474
53538210	1474
53560199	1474
53560570	1474
53560762	1474
53561016	1474
53571375	1474
53583503	1474
53583882	1474
53584156	1474
53584262	1474
53584416	1474
53600176	1474
53600474	1474
53600588	1474
53600721	1474
53600817	1474
53616216	1474
53616445	1474
53616762	1474
53617103	1474
53617254	1474
53617589	1474
53633180	1474
53633379	1474
53633512	1474
53634218	1474
53634521	1474
53635001	1474
53635243	1474
53648561	1474
53648746	1474
53648997	1474
53649134	1474
53649414	1474
53649889	1474
53650555	1474
53663695	1474
53663817	1474
53663909	1474
53664076	1474
53664477	1474
53664672	1474
53679268	1474
53679385	1474
53679574	1474
53679836	1474
53679992	1474
53680256	1474
53680569	1474
53694906	1474
53695178	1474
53695336	1474
53695600	1474
53695944	1474
53696107	1474
53696253	1474
53696382	1474
53712432	1474
53712770	1474
53712993	1474
53713249	1474
53713478	1474
53713611	1474
53713752	1474
53713893	1474
53729574	1474
53729792	1474
53729967	1474
53730369	1474
53730466	1474
53730557	1474
53730645	1474
53730786	1474
53747910	1474
53748120	1474
53748551	1474
53748660	1474
53748852	1474
53748954	1474
53749309	1474
53749420	1474
53768107	1474
53768361	1474
53768508	1474
53768856	1474
53768952	1474
53769108	1474
53769198	1474
53769322	1474
53769581	1474
53770366	1474
53786856	1474
53787020	1474
53787358	1474
53787757	1474
53787975	1474
53788276	1474
53788564	1474
53788843	1474
53789064	1474
53789334	1474
53809281	1474
53809498	1474
53809654	1474
53809805	1474
53810886	1474
53811133	1474
53811240	1474
53811526	1474
53811738	1474
53811924	1474
53812137	1474
53829388	1474
53829629	1474
53829887	1474
53830195	1474
53830372	1474
53830520	1474
53830615	1474
53830895	1474
53831043	1474
53831186	1474
53831304	1474
53851170	1474
53851283	1474
53851607	1474
53851900	1474
53852100	1474
53852318	1474
53852761	1474
53852910	1474
53853227	1474
53853488	1474
53874535	1474
53874718	1474
53875035	1474
53875198	1474
53875393	1474
53875894	1474
53876065	1474
53876225	1474
53876380	1474
53876489	1474
53876614	1474
53897226	1474
53897437	1474
53897536	1474
53897878	1474
53898496	1474
53898611	1474
53898717	1474
53899024	1474
53899304	1474
53899508	1474
53899668	1474
53899876	1474
53923394	1474
53923603	1474
53923706	1474
53923861	1474
53924171	1474
53924379	1474
53924536	1474
53924857	1474
53925127	1474
53925366	1474
53925527	1474
53925756	1474
53925975	1474
53944655	1474
53944861	1474
53945134	1474
53945443	1474
53945601	1474
53946214	1474
53946378	1474
53946777	1474
53947064	1474
53947247	1474
53947396	1474
53947532	1474
53969037	1474
53969350	1474
53970149	1474
53970273	1474
53970640	1474
53970881	1474
53971013	1474
53971174	1474
53971484	1474
53971682	1474
53971957	1474
53972404	1474
53972583	1474
53995397	1474
53995690	1474
53995861	1474
53996000	1474
53996092	1474
53996232	1474
53996377	1474
53996500	1474
53996736	1474
53997030	1474
53997427	1474
53997650	1474
53997867	1474
53998343	1474
54016929	1474
54017045	1474
54017178	1474
54017343	1474
54017495	1474
54017672	1474
54018342	1474
54018697	1474
54018860	1474
54019064	1474
54019275	1474
54019384	1474
54019619	1474
54040437	1474
54040633	1474
54040797	1474
54041023	1474
54041194	1474
54041341	1474
54041469	1474
54041778	1474
54042123	1474
54042351	1474
54042561	1474
54042701	1474
54042805	1474
54043104	1474
54043381	1474
54063953	1474
54064256	1474
54064498	1474
54064799	1474
54064905	1474
54065221	1474
54065674	1474
54065891	1474
54066010	1474
54066164	1474
54066292	1474
54066504	1474
54066702	1474
54067004	1474
54067375	1474
54087765	1474
54087921	1474
54088136	1474
54088417	1474
54088641	1474
54088767	1474
54088982	1474
54089094	1474
54089225	1474
54089341	1474
54089629	1474
54090109	1474
54090278	1474
54109514	1474
54110081	1474
54110240	1474
54110527	1474
54110646	1474
54128583	1474
54128679	1474
55469027	1474
55494857	1474
55495072	1474
55518626	1474
55518836	1474
55519197	1474
55519660	1474
55543214	1474
55543417	1474
55543657	1474
55543786	1474
55565482	1474
55566275	1474
55587364	1474
55587704	1474
55608534	1474
55609078	1474
55609226	1474
55632224	1474
55632361	1474
55632490	1474
55632756	1474
55656876	1474
55656977	1474
55657158	1474
55657415	1474
55658016	1474
55681969	1474
55682491	1474
55682642	1474
55683102	1474
55683277	1474
55706423	1474
55706697	1474
55706859	1474
55707010	1474
55707259	1474
55707448	1474
55725176	1474
55725380	1474
55725571	1474
55726106	1474
55726341	1474
55726480	1474
55745049	1474
55745201	1474
55745479	1474
55745623	1474
55745915	1474
55746192	1474
55746396	1474
55768585	1474
55768816	1474
55769138	1474
55769298	1474
55769459	1474
55769573	1474
55770044	1474
55791961	1474
55792161	1474
55792372	1474
55792728	1474
55792831	1474
55793236	1474
55816733	1474
55817055	1474
55817286	1474
55817603	1474
55817816	1474
55817980	1474
55818402	1474
55818721	1474
55842151	1474
55842450	1474
55842562	1474
55842651	1474
55842769	1474
55843200	1474
55843492	1474
55843795	1474
55866291	1474
55866412	1474
55866591	1474
55867003	1474
55867269	1474
55867374	1474
55867709	1474
55867849	1474
55891093	1474
55891231	1474
55891549	1474
55891678	1474
55891832	1474
55892331	1474
55892564	1474
55892888	1474
55916001	1474
55916306	1474
55916595	1474
55916717	1474
55917112	1474
55917459	1474
55917656	1474
55918954	1474
55919115	1474
55942075	1474
55942230	1474
55942390	1474
55942564	1474
55942708	1474
55942798	1474
55942946	1474
55965289	1474
55965462	1474
55965758	1474
55966328	1474
55966632	1474
55993067	1474
57458855	1474
57479937	1474
57480083	1474
57501026	1474
57501356	1474
57521148	1474
57521436	1474
57521813	1474
58969616	1474
58995069	1474
58995261	1474
59026151	1474
59026757	1474
59027082	1474
59058405	1474
59058857	1474
59059261	1474
59059588	1474
59092140	1474
59092428	1474
59092900	1474
59093098	1474
59116327	1474
59116611	1474
59145765	1474
59145880	1474
59146068	1474
59174494	1474
59174639	1474
59174787	1474
59206352	1474
59206578	1474
59206909	1474
59207273	1474
59231932	1474
59232275	1474
59232585	1474
59232816	1474
59233138	1474
59256870	1474
59257178	1474
59257539	1474
59258031	1474
59258426	1474
59258623	1474
59281464	1474
59281835	1474
59282065	1474
59282328	1474
59282661	1474
59282997	1474
59307096	1474
59307393	1474
59307829	1474
59308050	1474
59308601	1474
59308834	1474
59309054	1474
59333328	1474
59334619	1474
59335094	1474
59335423	1474
59335560	1474
59335709	1474
59361629	1474
59362312	1474
59362605	1474
59362785	1474
59363131	1474
59363374	1474
59392971	1474
59393320	1474
59393678	1474
59393801	1474
59394090	1474
59420740	1474
59421280	1474
59421392	1474
59421585	1474
59450071	1474
59450303	1474
59450430	1474
60962662	1474
60991184	1474
60991570	1474
61024443	1474
61024712	1474
61049984	1474
65524597	1474
65624043	1474
65624361	1474
65654277	1474
65654432	1474
65654765	1474
65677456	1474
65677996	1474
65678414	1474
65678718	1474
65700289	1474
65700553	1474
65700761	1474
65701101	1474
65701305	1474
65721010	1474
65721166	1474
65721478	1474
65721741	1474
65721966	1474
65740764	1474
65740942	1474
65741161	1474
65741402	1474
65741504	1474
65764172	1474
65764426	1474
65764838	1474
65765248	1474
65765441	1474
65789764	1474
65789892	1474
65790061	1474
65790352	1474
65790738	1474
65790940	1474
65791069	1474
65818043	1474
65818316	1474
65818518	1474
65818774	1474
65818937	1474
65819253	1474
65847214	1474
65847757	1474
65848007	1474
65848269	1474
65848603	1474
65848819	1474
65878669	1474
65878913	1474
65879048	1474
65879245	1474
65879555	1474
65880093	1474
65880644	1474
65906993	1474
65907529	1474
65907785	1474
65908120	1474
65908325	1474
65908548	1474
65908810	1474
65908937	1474
65931786	1474
65932226	1474
65932534	1474
65932741	1474
65933037	1474
65933322	1474
65933618	1474
65934252	1474
65934469	1474
65966996	1474
65967554	1474
65967984	1474
65968731	1474
65969086	1474
65969601	1474
65971305	1474
65971610	1474
66004363	1474
66004708	1474
66004980	1474
66005185	1474
66005307	1474
66005445	1474
66005703	1474
66034200	1474
66034811	1474
66035338	1474
66035837	1474
66036322	1474
66036582	1474
66062868	1474
66063141	1474
66063363	1474
66063677	1474
66063924	1474
66064196	1474
66089043	1474
66089159	1474
66089583	1474
66090187	1474
66090459	1474
66090741	1474
66117097	1474
66117650	1474
66118119	1474
66118587	1474
66118877	1474
66119048	1474
66146586	1474
66146885	1474
66147232	1474
66147474	1474
66147879	1474
66172833	1474
66172968	1474
66173159	1474
66195155	1474
66195326	1474
66195699	1474
66195809	1474
66196096	1474
66219253	1474
66219441	1474
66219655	1474
66219825	1474
66220197	1474
66220312	1474
66245578	1474
66246715	1474
66247160	1474
66247401	1474
66247665	1474
66248018	1474
66248298	1474
66274789	1474
66275931	1474
66276124	1474
66276339	1474
66276699	1474
66276815	1474
66303703	1474
66303800	1474
66304102	1474
66304201	1474
66304344	1474
66304627	1474
66304743	1474
66332742	1474
66333132	1474
66333446	1474
66333986	1474
66334268	1474
66334555	1474
66334898	1474
66357338	1474
66357596	1474
66357832	1474
66359132	1474
66359556	1474
66360048	1474
66360462	1474
66360748	1474
66388376	1474
66388662	1474
66388911	1474
66389060	1474
66389364	1474
66389463	1474
66390400	1474
66390747	1474
66390925	1474
66417329	1474
66417746	1474
66418328	1474
66418498	1474
66418836	1474
66418993	1474
66419161	1474
66419306	1474
66446282	1474
66446451	1474
66446803	1474
66447078	1474
66447346	1474
66447580	1474
66447699	1474
66447955	1474
66448190	1474
66477037	1474
66477274	1474
66477574	1474
66478301	1474
66478900	1474
66479187	1474
66479353	1474
66479683	1474
66479795	1474
66480166	1474
66507689	1474
66507894	1474
66508099	1474
66508359	1474
66508567	1474
66508775	1474
66509279	1474
66509505	1474
66509620	1474
66509832	1474
66510079	1474
66532568	1474
66532729	1474
66533014	1474
66533317	1474
66534216	1474
66534513	1474
66534814	1474
66534986	1474
66535148	1474
66535277	1474
66572006	1474
66572174	1474
66572336	1474
66572586	1474
66572867	1474
66573027	1474
66573356	1474
66573810	1474
66574433	1474
66574673	1474
66600621	1474
66601203	1474
66601339	1474
66601467	1474
66601656	1474
66602115	1474
66602682	1474
66603146	1474
66603323	1474
66603538	1474
66603660	1474
66628759	1474
66629222	1474
66629489	1474
66629750	1474
66630166	1474
66631064	1474
66631470	1474
66631749	1474
66632053	1474
66632257	1474
66659535	1474
66660000	1474
66660444	1474
66660722	1474
66661021	1474
66661173	1474
66661468	1474
66662025	1474
66662288	1474
66683498	1474
66683601	1474
66683731	1474
66684071	1474
66684378	1474
66684595	1474
66684893	1474
66703671	1474
66704036	1474
66704380	1474
66706342	1474
66706465	1474
66706709	1474
66707068	1474
66727072	1474
66727377	1474
66727622	1474
66727755	1474
66728566	1474
66729089	1474
66729301	1474
66729749	1474
66748523	1474
66748917	1474
66749354	1474
66749645	1474
66750046	1474
66750343	1474
66750823	1474
66750970	1474
66773310	1474
66773522	1474
66774212	1474
66774782	1474
66775484	1474
66775643	1474
66775927	1474
66776099	1474
66800918	1474
66801181	1474
66801431	1474
66801616	1474
66801877	1474
66802050	1474
66802389	1474
66802503	1474
66824395	1474
66824656	1474
66824822	1474
66825071	1474
66825480	1474
66826587	1474
66826750	1474
66827043	1474
66827666	1474
66853234	1474
66853396	1474
66853595	1474
66853808	1474
66853990	1474
66854179	1474
66854498	1474
66854766	1474
66854942	1474
66855092	1474
66876858	1474
66877236	1474
66877597	1474
66877847	1474
66878181	1474
66878368	1474
66878637	1474
66879052	1474
66879658	1474
66879997	1474
66880215	1474
66902694	1474
66902891	1474
66903112	1474
66903253	1474
66903744	1474
66903944	1474
66904428	1474
66904599	1474
66904916	1474
66905208	1474
66931873	1474
66932111	1474
66932284	1474
66932384	1474
66932624	1474
66932812	1474
66933449	1474
66933729	1474
66934175	1474
66934320	1474
66934613	1474
66960702	1474
66960861	1474
66960988	1474
66961120	1474
66961284	1474
66961406	1474
66962749	1474
66962901	1474
66963117	1474
66963356	1474
66988956	1474
66989086	1474
66989460	1474
66989718	1474
66990001	1474
66990430	1474
66990821	1474
66991275	1474
67022373	1474
67022478	1474
67022758	1474
67023194	1474
67023548	1474
67054275	1474
67087546	1474
67087724	1474
67087853	1474
67088275	1474
67116373	1474
67116739	1474
67117022	1474
67117377	1474
67142083	1474
67142245	1474
67142510	1474
67142690	1474
67142936	1474
67172908	1474
67173056	1474
67173261	1474
67173509	1474
67174274	1474
67174423	1474
67201608	1474
67201758	1474
67202744	1474
67203118	1474
67203448	1474
67203678	1474
67234482	1474
67234764	1474
67235178	1474
67235555	1474
67235794	1474
67236034	1474
67236142	1474
67260427	1474
67260655	1474
67260977	1474
67261220	1474
67261524	1474
67262259	1474
67289661	1474
67289967	1474
67290615	1474
67291118	1474
67291505	1474
67291758	1474
67292068	1474
67316194	1474
67316494	1474
67316689	1474
67317053	1474
67317300	1474
67317749	1474
67318643	1474
67318887	1474
67349510	1474
67349793	1474
67350173	1474
67350303	1474
67350436	1474
67350556	1474
67351114	1474
67351303	1474
67351612	1474
67375534	1474
67375726	1474
67375987	1474
67376316	1474
67376520	1474
67376770	1474
67376941	1474
67377360	1474
67378060	1474
67403975	1474
67404193	1474
67404551	1474
67404837	1474
67405030	1474
67405163	1474
67405305	1474
67405822	1474
67431754	1474
67432019	1474
67432422	1474
67432581	1474
67432923	1474
67433323	1474
67434052	1474
67434384	1474
67434799	1474
67462873	1474
67463090	1474
67463255	1474
67463526	1474
67463646	1474
67463939	1474
67464076	1474
67464328	1474
67493382	1474
67493678	1474
67494519	1474
67495269	1474
67495921	1474
67522320	1474
67522633	1474
67522996	1474
67549976	1474
67577996	1474
67578396	1474
67578764	1474
67579027	1474
67579188	1474
67579310	1474
67604639	1474
67605015	1474
67605598	1474
67606220	1474
67606467	1474
67606667	1474
67606909	1474
67633650	1474
67634304	1474
67634662	1474
67634873	1474
67635044	1474
67635233	1474
67635698	1474
67636057	1474
67661125	1474
67661341	1474
67661470	1474
67661945	1474
67662212	1474
67662314	1474
67662475	1474
67688593	1474
67688927	1474
67689130	1474
67689412	1474
67689776	1474
67690359	1474
67690669	1474
67718651	1474
67718936	1474
67719232	1474
67719578	1474
67719729	1474
67720176	1474
67747170	1474
67747575	1474
67747957	1474
67748138	1474
67772796	1474
67773111	1474
68951586	1474
68983818	1474
68984487	1474
69022538	1474
69022823	1474
69023143	1474
69047479	1474
69047970	1474
69048348	1474
69078700	1474
69079091	1474
69079511	1474
69079692	1474
69108357	1474
69108730	1474
69108864	1474
69109072	1474
69109601	1474
69140352	1474
69140647	1474
69140760	1474
69141045	1474
69141488	1474
69141705	1474
69169388	1474
69169715	1474
69169958	1474
69170107	1474
69170389	1474
69170648	1474
69197727	1474
69198268	1474
69198525	1474
69198824	1474
69198972	1474
69199310	1474
69199449	1474
69229432	1474
69229947	1474
69230229	1474
69230639	1474
69230904	1474
69231041	1474
69260875	1474
69261235	1474
69261730	1474
69261885	1474
69262242	1474
69293136	1474
69293350	1474
69293788	1474
69294369	1474
69321423	1474
69322116	1474
69322456	1474
69322836	1474
69323139	1474
69354055	1474
69354563	1474
69354865	1474
69355093	1474
69355265	1474
69383642	1474
69383780	1474
69384143	1474
69384544	1474
69385005	1474
69385289	1474
69416210	1474
69416825	1474
69417146	1474
69417381	1474
69417642	1474
69417832	1474
69443367	1474
69443498	1474
69443842	1474
69444134	1474
69444432	1474
69444613	1474
69469579	1474
69469770	1474
69470562	1474
69470911	1474
69471189	1474
69471398	1474
69471563	1474
69495943	1474
69496063	1474
69496277	1474
69496709	1474
69496919	1474
69497111	1474
69497247	1474
69527810	1474
69528126	1474
69528457	1474
69528861	1474
69529079	1474
69529227	1474
69529482	1474
69558710	1474
69559003	1474
69559363	1474
69559723	1474
69560059	1474
69560399	1474
69560741	1474
69588348	1474
69588517	1474
69588852	1474
69616157	1474
69616486	1474
69616854	1474
69617283	1474
69617528	1474
69644015	1474
69644333	1474
69644902	1474
69645031	1474
69645209	1474
69645658	1474
69669189	1474
69669338	1474
69669633	1474
69670080	1474
69670246	1474
69670551	1474
69694427	1474
69694655	1474
69695208	1474
69695387	1474
69695634	1474
69695792	1474
69720682	1474
69721075	1474
69721265	1474
69721853	1474
69722502	1474
69722644	1474
69747012	1474
69747436	1474
69747660	1474
69747830	1474
69748057	1474
69748185	1474
69748527	1474
69775534	1474
69775741	1474
69776155	1474
69776364	1474
69776502	1474
69776671	1474
69776794	1474
69776921	1474
69804179	1474
69804295	1474
69804460	1474
69804669	1474
69804775	1474
69804938	1474
69805106	1474
69805390	1474
69825490	1474
69826297	1474
69826524	1474
69826936	1474
69827406	1474
69827708	1474
69847466	1474
69847717	1474
69848140	1474
69868626	1474
69868907	1474
69869192	1474
69870495	1474
69871936	1474
69892328	1474
69892771	1474
69893045	1474
69893404	1474
69893555	1474
69894019	1474
69915611	1474
69915837	1474
69916142	1474
69916324	1474
69916668	1474
69917272	1474
69917466	1474
69938967	1474
69939098	1474
69939290	1474
69939536	1474
69939884	1474
69940190	1474
69940339	1474
69965878	1474
69966253	1474
69966369	1474
69966568	1474
69966732	1474
69966961	1474
69967091	1474
70008638	1474
70008882	1474
70009110	1474
70009291	1474
70009404	1474
70009514	1474
70009849	1474
70010751	1474
70040224	1474
70040497	1474
70040693	1474
70041073	1474
70041276	1474
70041496	1474
70041995	1474
70042428	1474
70067793	1474
70068077	1474
70068603	1474
70069072	1474
70069230	1474
70069642	1474
70070162	1474
70070491	1474
70070666	1474
70090676	1474
70091343	1474
70091670	1474
70092104	1474
70092468	1474
70092743	1474
70092996	1474
70093222	1474
70113278	1474
70113986	1474
70114631	1474
70115317	1474
70115641	1474
70115795	1474
70116157	1474
70116320	1474
70116683	1474
70138986	1474
70139288	1474
70139621	1474
70139963	1474
70140399	1474
70140601	1474
70141145	1474
70141328	1474
70141484	1474
70141601	1474
70166731	1474
70166934	1474
70167202	1474
70167495	1474
70167669	1474
70167873	1474
70168315	1474
70168721	1474
70169009	1474
70169126	1474
70190853	1474
70191060	1474
70191451	1474
70191720	1474
70192154	1474
70192304	1474
70192471	1474
70192735	1474
70193102	1474
70193381	1474
70215040	1474
70215173	1474
70215536	1474
70215963	1474
70216278	1474
70216490	1474
70216689	1474
70216864	1474
70217251	1474
70217349	1474
70242094	1474
70242252	1474
70242649	1474
70242857	1474
70242966	1474
70243161	1474
70243275	1474
70243728	1474
70244048	1474
70244358	1474
70244652	1474
70245134	1474
70269610	1474
70270292	1474
70270613	1474
70270889	1474
70271122	1474
70271461	1474
70271655	1474
70271867	1474
70272335	1474
70272477	1474
70272723	1474
70272843	1474
70296832	1474
70297319	1474
70297571	1474
70297966	1474
70298342	1474
70298466	1474
70298609	1474
70298750	1474
70298864	1474
70299137	1474
70299312	1474
70299451	1474
70300114	1474
70319632	1474
70319963	1474
70320153	1474
70320436	1474
70320726	1474
70320917	1474
70321232	1474
70321710	1474
70321946	1474
70322151	1474
70322528	1474
70322958	1474
70323280	1474
70345412	1474
70346281	1474
70346689	1474
70347091	1474
70347486	1474
70347622	1474
70347791	1474
70348254	1474
70348500	1474
70348710	1474
70349024	1474
70349208	1474
70349451	1474
70371283	1474
70371446	1474
70371720	1474
70372033	1474
70372236	1474
70372558	1474
70372809	1474
70373084	1474
70373250	1474
70373402	1474
70373644	1474
70373747	1474
70374398	1474
70374827	1474
70395761	1474
70396082	1474
70396508	1474
70396881	1474
70397153	1474
70397372	1474
70398289	1474
70398593	1474
70398792	1474
70399409	1474
70399523	1474
70399739	1474
70399864	1474
70422474	1474
70422656	1474
70422862	1474
70423062	1474
70423248	1474
70423434	1474
70423777	1474
70424111	1474
70424256	1474
70424617	1474
70425101	1474
70425350	1474
70425526	1474
70425846	1474
70425993	1474
70450280	1474
70450652	1474
70450926	1474
70451089	1474
70451195	1474
70451336	1474
70451940	1474
70452252	1474
70452367	1474
70452465	1474
70452561	1474
70452721	1474
70453173	1474
70453297	1474
70477575	1474
70477937	1474
70478084	1474
70478272	1474
70478406	1474
70478696	1474
70478982	1474
70479164	1474
70479510	1474
70479918	1474
70480159	1474
70480336	1474
70480701	1474
70508643	1474
70508873	1474
70509190	1474
70509749	1474
70510950	1474
70511732	1474
70512345	1474
70537055	1474
70537426	1474
70537661	1474
70538412	1474
70538532	1474
70538708	1474
70558702	1474
70588309	1474
70588494	1474
70588771	1474
70589029	1474
70589228	1474
70611028	1474
70611413	1474
70611895	1474
70612452	1474
70612979	1474
70686020	1474
70687805	1474
70689060	1474
70691187	1474
70692033	1474
70692945	1474
70779080	1474
70780440	1474
70781702	1474
70784554	1474
70784999	1474
70785356	1474
70786157	1474
70868633	1474
70869957	1474
70872297	1474
70872706	1474
70873796	1474
70873963	1474
70883656	1474
70895956	1474
70896095	1474
70896497	1474
70896902	1474
70897373	1474
70897798	1474
70898171	1474
70921496	1474
70921857	1474
70922118	1474
70922312	1474
70922441	1474
70922606	1474
70922769	1474
70923270	1474
70950264	1474
70950375	1474
70950465	1474
70950612	1474
70950768	1474
70950892	1474
70951101	1474
70951362	1474
70951637	1474
70979265	1474
70979744	1474
70979862	1474
70980159	1474
70980502	1474
70980758	1474
70980942	1474
70981109	1474
71009089	1474
71009459	1474
71010128	1474
71010407	1474
71010900	1474
71011248	1474
71011628	1474
71011933	1474
71039046	1474
71039398	1474
71039552	1474
71040072	1474
71040451	1474
71040774	1474
71041157	1474
71041355	1474
71041645	1474
71069362	1474
71069655	1474
71070475	1474
71070892	1474
71071175	1474
71071493	1474
71071787	1474
71072072	1474
71072254	1474
71100808	1474
71101106	1474
71101352	1474
71101698	1474
71102287	1474
71127088	1474
71127551	1474
71128018	1474
71128326	1474
71128755	1474
71129001	1474
71152742	1474
71152978	1474
71153496	1474
71154297	1474
71154869	1474
71154970	1474
71177008	1474
71177326	1474
71177599	1474
71178331	1474
71178592	1474
71179066	1474
71179268	1474
71205352	1474
71205701	1474
71206051	1474
71206258	1474
71206731	1474
71206883	1474
71207080	1474
71231107	1474
71231385	1474
71231529	1474
71231784	1474
71231910	1474
71232057	1474
71232205	1474
71232675	1474
71258910	1474
71259035	1474
71259161	1474
71259321	1474
71259627	1474
71259951	1474
71260326	1474
71260725	1474
71261173	1474
71289968	1474
71290283	1474
71290664	1474
71290926	1474
71291488	1474
71291772	1474
71291915	1474
71292171	1474
71321395	1474
71321694	1474
71322347	1474
71322665	1474
71323016	1474
71323220	1474
71323679	1474
71348045	1474
71348447	1474
71348782	1474
71349192	1474
71349613	1474
71350306	1474
71350623	1474
71350878	1474
71374885	1474
71375137	1474
71375343	1474
71375543	1474
71399093	1474
71421521	1474
71421890	1474
71422554	1474
71422817	1474
71423146	1474
71423415	1474
71448692	1474
71448867	1474
71449305	1474
71449864	1474
71450464	1474
71450784	1474
71451220	1474
71477825	1474
71477997	1474
71478188	1474
71478462	1474
71478736	1474
71478882	1474
71479156	1474
71479449	1474
71507623	1474
71508085	1474
71508392	1474
71508575	1474
71508939	1474
71509089	1474
71509250	1474
71509585	1474
71539802	1474
71540070	1474
71540505	1474
71540943	1474
71541255	1474
71541534	1474
71541845	1474
71542222	1474
71562728	1474
71563099	1474
71563279	1474
71563837	1474
71564243	1474
71564543	1474
71564944	1474
71565286	1474
71565459	1474
71590940	1474
71591425	1474
71591597	1474
71591962	1474
71592290	1474
71592657	1474
71593333	1474
71593588	1474
71621152	1474
71621283	1474
71621646	1474
71622495	1474
71623181	1474
71623482	1474
71623907	1474
71624081	1474
71624491	1474
71653829	1474
71654121	1474
71654641	1474
71655157	1474
71655389	1474
71655655	1474
71655831	1474
71656145	1474
71656303	1474
71656621	1474
71683900	1474
71684237	1474
71684637	1474
71684763	1474
71685210	1474
71685647	1474
71686437	1474
71686775	1474
71687079	1474
71714452	1474
71714757	1474
71715065	1474
71715304	1474
71735394	1474
71760948	1474
71761205	1474
71761455	1474
71761685	1474
71761991	1474
71762499	1474
71790592	1474
71790736	1474
71791058	1474
71791590	1474
71792064	1474
71792288	1474
71792552	1474
71819468	1474
71819747	1474
71820171	1474
71820503	1474
71820776	1474
71820964	1474
71821117	1474
71844467	1474
71844776	1474
71844944	1474
71845204	1474
71845392	1474
71845605	1474
71846354	1474
71870704	1474
71870934	1474
71871316	1474
71871632	1474
71871837	1474
71872150	1474
71872317	1474
71872652	1474
71900339	1474
71900554	1474
71900736	1474
71901153	1474
71901306	1474
71901638	1474
71901783	1474
71902431	1474
71929944	1474
71930149	1474
71930434	1474
71930617	1474
71930816	1474
71931248	1474
71931610	1474
71931753	1474
71931888	1474
71959343	1474
71959466	1474
71959640	1474
71959928	1474
71960293	1474
71960492	1474
71960860	1474
71961264	1474
71982055	1474
71982232	1474
71982675	1474
71982864	1474
71983144	1474
71983349	1474
71983604	1474
71983815	1474
71984123	1474
71984371	1474
72023201	1474
72023742	1474
72023928	1474
72024448	1474
72024663	1474
72024752	1474
72025018	1474
72025257	1474
72025653	1474
72048161	1474
72050903	1474
72051189	1474
72051403	1474
72051808	1474
72052036	1474
72052475	1474
72052795	1474
72053271	1474
72053444	1474
72076858	1474
72077119	1474
72079756	1474
72079869	1474
72080049	1474
72080397	1474
72080852	1474
72081019	1474
72081534	1474
72081940	1474
72102806	1474
72102920	1474
72105309	1474
72105474	1474
72106202	1474
72106417	1474
72106582	1474
72106838	1474
72106987	1474
72107207	1474
72107439	1474
72129975	1474
72130356	1474
72130746	1474
72133175	1474
72133831	1474
72134358	1474
72134615	1474
72134787	1474
72134967	1474
72135210	1474
72135316	1474
72158969	1474
72159236	1474
72159682	1474
72159972	1474
72161646	1474
72162016	1474
72162163	1474
72162686	1474
72162853	1474
72163166	1474
72163483	1474
72188775	1474
72188991	1474
72189101	1474
72189218	1474
72190178	1474
72190461	1474
72190955	1474
72191221	1474
72191547	1474
72191667	1474
72191870	1474
72192062	1474
72192636	1474
72214253	1474
72214525	1474
72214732	1474
72215050	1474
72215519	1474
72215827	1474
72215967	1474
72216138	1474
72216312	1474
72216746	1474
72216936	1474
72217215	1474
72217529	1474
72240979	1474
72241188	1474
72241518	1474
72242109	1474
72242490	1474
72242772	1474
72243024	1474
72243187	1474
72243358	1474
72243573	1474
72243771	1474
72243886	1474
72244137	1474
72244504	1474
72267387	1474
72267688	1474
72267880	1474
72268120	1474
72268644	1474
72268984	1474
72269415	1474
72269737	1474
72270505	1474
72270726	1474
72270850	1474
72271099	1474
72271415	1474
72271779	1474
72297826	1474
72298042	1474
72298291	1474
72298592	1474
72299000	1474
72299237	1474
72299630	1474
72299866	1474
72300271	1474
72300556	1474
72300998	1474
72301382	1474
72301617	1474
72329212	1474
72330242	1474
72330856	1474
72331195	1474
72331597	1474
72331708	1474
72332456	1474
72332820	1474
72333062	1474
72333986	1474
72334128	1474
72334299	1474
72334441	1474
72334767	1474
72334996	1474
72356413	1474
72356913	1474
72357235	1474
72357845	1474
72358352	1474
72358566	1474
72358909	1474
72359022	1474
72359356	1474
72359458	1474
72359784	1474
72359884	1474
72360046	1474
72360415	1474
72383405	1474
72383731	1474
72383945	1474
72384394	1474
72384861	1474
72385173	1474
72385333	1474
72385539	1474
72385801	1474
72386209	1474
72386497	1474
72386768	1474
72387020	1474
72387356	1474
72387663	1474
72411770	1474
72411907	1474
72412337	1474
72412783	1474
72412983	1474
72413325	1474
72413579	1474
72414419	1474
72414618	1474
72414981	1474
72415178	1474
72415351	1474
72415756	1474
72415858	1474
72416168	1474
72416285	1474
72438454	1474
72438819	1474
72439135	1474
72439506	1474
72439694	1474
72440012	1474
72441847	1474
72442209	1474
72442513	1474
72442914	1474
72443298	1474
72443782	1474
72443974	1474
72444107	1474
72444280	1474
72444713	1474
72444987	1474
72469076	1474
72469388	1474
72469959	1474
72470088	1474
72470579	1474
72470677	1474
72473660	1474
72474375	1474
72474960	1474
72475293	1474
72475669	1474
72476094	1474
72476352	1474
72476500	1474
72476796	1474
72499930	1474
72500448	1474
72500707	1474
72500997	1474
72501564	1474
72502257	1474
72506699	1474
72507187	1474
72507593	1474
72508024	1474
72508452	1474
72508806	1474
72509027	1474
72536576	1474
72536992	1474
72537378	1474
72538015	1474
72538336	1474
72538513	1474
72538810	1474
72539207	1474
72539518	1474
72569221	1474
72569655	1474
72570248	1474
72570626	1474
72571100	1474
72571343	1474
72571759	1474
72571877	1474
72572025	1474
72607424	1474
72607528	1474
72607895	1474
72608328	1474
72608463	1474
72608613	1474
72608834	1474
72609204	1474
72632465	1474
72632627	1474
72632875	1474
72633314	1474
72633456	1474
72634130	1474
72634283	1474
72634567	1474
72656356	1474
72656742	1474
72656840	1474
72657329	1474
72678279	1474
72678760	1474
72678877	1474
72679293	1474
72679615	1474
72679831	1474
72700341	1474
72700903	1474
72701215	1474
72701452	1474
72701650	1474
72702344	1474
72702691	1474
72725414	1474
72725514	1474
72725870	1474
72726227	1474
72726371	1474
72726718	1474
72727038	1474
72747725	1474
72748161	1474
72748608	1474
72748759	1474
72749091	1474
72749588	1474
72749716	1474
72772211	1474
72772326	1474
72772517	1474
72772726	1474
72772955	1474
72773239	1474
72773673	1474
72774500	1474
72798408	1474
72798614	1474
72799138	1474
72799250	1474
72799604	1474
72799901	1474
72800246	1474
72800636	1474
72800942	1474
72825323	1474
72825537	1474
72825709	1474
72825981	1474
72826110	1474
72826526	1474
72826834	1474
72827216	1474
72827517	1474
72850759	1474
72851172	1474
72851330	1474
72851535	1474
72851651	1474
72851965	1474
72852149	1474
72852449	1474
72852645	1474
72853042	1474
72876635	1474
72876829	1474
72877028	1474
72877446	1474
72877776	1474
72878702	1474
72878973	1474
72879172	1474
72879435	1474
72879568	1474
72909385	1474
72909539	1474
72910413	1474
72910679	1474
72910794	1474
72910919	1474
72911126	1474
72911456	1474
72911562	1474
72911902	1474
72932292	1474
72932611	1474
72932745	1474
72933206	1474
72933308	1474
72933574	1474
72933669	1474
72933948	1474
72934322	1474
72934728	1474
72934992	1474
72956559	1474
72956876	1474
72957118	1474
72957383	1474
72957620	1474
72957947	1474
72958485	1474
72958661	1474
72959002	1474
72959219	1474
72978890	1474
72979213	1474
72979393	1474
72979537	1474
72980030	1474
72980538	1474
72980712	1474
72980916	1474
72981151	1474
72981295	1474
72982362	1474
73003955	1474
73004193	1474
73004341	1474
73004655	1474
73004759	1474
73005121	1474
73005400	1474
73005679	1474
73005945	1474
73006267	1474
73006690	1474
73006951	1474
73029520	1474
73029705	1474
73030209	1474
73030517	1474
73030641	1474
73030866	1474
73031031	1474
73031415	1474
73031515	1474
73031785	1474
73031895	1474
73032103	1474
73032245	1474
73057465	1474
73057598	1474
73057957	1474
73058306	1474
73058412	1474
73058518	1474
73058696	1474
73058857	1474
73059147	1474
73059264	1474
73059426	1474
73059591	1474
73059838	1474
73085879	1474
73085994	1474
73086158	1474
73086308	1474
73086546	1474
73086729	1474
73086916	1474
73087153	1474
73087406	1474
73087653	1474
73087902	1474
73088094	1474
73088419	1474
73088867	1474
73112069	1474
73112290	1474
73112409	1474
73112670	1474
73113001	1474
73113153	1474
73113313	1474
73113472	1474
73113826	1474
73114141	1474
73114448	1474
73114605	1474
73114743	1474
73114992	1474
73137613	1474
73137813	1474
73138125	1474
73138473	1474
73138721	1474
73138920	1474
73139103	1474
73139508	1474
73139733	1474
73139990	1474
73140226	1474
73140624	1474
73140915	1474
73141172	1474
73159259	1474
73159669	1474
73160074	1474
73160264	1474
73160529	1474
73161066	1474
73161173	1474
73161470	1474
73161980	1474
73162320	1474
73162543	1474
73162799	1474
73163033	1474
73163208	1474
73163336	1474
73180420	1474
73180794	1474
73181549	1474
73181841	1474
73182137	1474
73182354	1474
73182468	1474
73182644	1474
73182972	1474
73183138	1474
73183538	1474
73184018	1474
73184273	1474
73184465	1474
73184614	1474
73206423	1474
73206723	1474
73207117	1474
73207472	1474
73207680	1474
73208060	1474
73208516	1474
73208637	1474
73208846	1474
73208961	1474
73209351	1474
73209509	1474
73209752	1474
73210516	1474
73210904	1474
73233166	1474
73233446	1474
73234109	1474
73234520	1474
73234793	1474
73235008	1474
73235315	1474
73235446	1474
73235751	1474
73235904	1474
73236258	1474
73236397	1474
73236842	1474
73237269	1474
73237396	1474
73260070	1474
73260402	1474
73260601	1474
73260905	1474
73261456	1474
73261686	1474
73261976	1474
73262158	1474
73262394	1474
73262605	1474
73262861	1474
73263106	1474
73263293	1474
73263606	1474
73263925	1474
73264226	1474
73287520	1474
73287715	1474
73288037	1474
73288332	1474
73288454	1474
73288743	1474
73289196	1474
73289510	1474
73289716	1474
73290109	1474
73290223	1474
73290421	1474
73290575	1474
73290845	1474
73290962	1474
73291345	1474
73291599	1474
73315562	1474
73315820	1474
73316005	1474
73316314	1474
73316453	1474
73316733	1474
73317065	1474
73317247	1474
73317457	1474
73317724	1474
73318245	1474
73318378	1474
73318547	1474
73318800	1474
73319140	1474
73342677	1474
73342928	1474
73343138	1474
73343426	1474
73343820	1474
73368671	1474
73368946	1474
73369196	1474
73369471	1474
73370239	1474
73370406	1474
73370836	1474
73371168	1474
73371439	1474
73398789	1474
73399042	1474
73399382	1474
73399657	1474
73400013	1474
73400444	1474
73400685	1474
73400835	1474
73401436	1474
73428013	1474
73428306	1474
73428616	1474
73428771	1474
73429008	1474
73429113	1474
73429462	1474
73430202	1474
73430393	1474
73430721	1474
73454679	1474
73454919	1474
73455022	1474
73455243	1474
73455480	1474
73455980	1474
73456292	1474
73456545	1474
73456726	1474
73456908	1474
73457154	1474
73484767	1474
73484966	1474
73485229	1474
73485497	1474
73485866	1474
73486247	1474
73486595	1474
73486754	1474
73486962	1474
73487155	1474
73513393	1474
73513852	1474
73514129	1474
73514328	1474
73514479	1474
73514830	1474
73514943	1474
73515305	1474
73515418	1474
73515773	1474
73541228	1474
73541401	1474
73541614	1474
73541903	1474
73542293	1474
73542492	1474
73542778	1474
73543252	1474
73543401	1474
73543752	1474
73543925	1474
73571892	1474
73572118	1474
73572222	1474
73572512	1474
73572932	1474
73573021	1474
73573175	1474
73573365	1474
73573526	1474
73574300	1474
73574530	1474
73606551	1474
73606820	1474
73607032	1474
73607171	1474
73607370	1474
73607804	1474
73607907	1474
73608156	1474
73609234	1474
73609621	1474
73610776	1474
73636067	1474
73636239	1474
73636628	1474
73637080	1474
73637425	1474
73638052	1474
73638400	1474
73638560	1474
73639814	1474
73658760	1474
73659007	1474
73659138	1474
73660118	1474
73682237	1474
73682473	1474
73682686	1474
73683018	1474
73683182	1474
73683556	1474
73683935	1474
73708154	1474
73708338	1474
73708648	1474
73708771	1474
73709122	1474
73709401	1474
73709822	1474
73710207	1474
73736412	1474
73736558	1474
73736783	1474
73737180	1474
73737479	1474
73737874	1474
73738055	1474
73738418	1474
73764036	1474
73764486	1474
73764754	1474
73764852	1474
73765146	1474
73765578	1474
73765731	1474
73766515	1474
73766726	1474
73789030	1474
73789427	1474
73789949	1474
73790113	1474
73790366	1474
73790808	1474
73791055	1474
73791384	1474
73816593	1474
73816842	1474
73817150	1474
73817351	1474
73817633	1474
73818081	1474
73818272	1474
73818544	1474
73845157	1474
73845326	1474
73845651	1474
73846104	1474
73846482	1474
73846787	1474
73847007	1474
73847443	1474
73873658	1474
73873929	1474
73874146	1474
73874244	1474
73900401	1474
73900620	1474
73900892	1474
73901026	1474
73901178	1474
73901561	1474
73924978	1474
73925397	1474
73925854	1474
73926719	1474
73927039	1474
73927138	1474
73927485	1474
73953124	1474
73953306	1474
73953487	1474
73953875	1474
73954217	1474
73954474	1474
73954722	1474
73983669	1474
73984057	1474
73984246	1474
73984527	1474
73984680	1474
73984839	1474
73985081	1474
74013309	1474
74014185	1474
74014397	1474
74014757	1474
74014972	1474
74015262	1474
74015720	1474
74041330	1474
74041638	1474
74041994	1474
74042332	1474
74042786	1474
74043102	1474
74043443	1474
74043792	1474
74044038	1474
74069486	1474
74069664	1474
74069996	1474
74070332	1474
74070806	1474
74070974	1474
74071234	1474
74071430	1474
74097798	1474
74098512	1474
74098720	1474
74099017	1474
74099376	1474
74099765	1474
74100012	1474
74100215	1474
74128569	1474
74129004	1474
74129119	1474
74129408	1474
74129554	1474
74129710	1474
74130396	1474
74130652	1474
74156411	1474
74156712	1474
74156827	1474
74157099	1474
74157410	1474
74157563	1474
74179986	1474
74180422	1474
74180617	1474
74180711	1474
74180864	1474
74181137	1474
74206586	1474
74206741	1474
74206979	1474
74207464	1474
74207739	1474
74208036	1474
74233192	1474
74233375	1474
74233513	1474
74233938	1474
74234324	1474
74234651	1474
74234767	1474
74260521	1474
74260638	1474
74260800	1474
74261040	1474
74261329	1474
74261612	1474
74262471	1474
74289540	1474
74289671	1474
74290292	1474
74290563	1474
74290848	1474
74291086	1474
74291243	1474
74318351	1474
74318573	1474
74318796	1474
74318971	1474
74319088	1474
74319301	1474
74319568	1474
74347959	1474
74348198	1474
74348347	1474
74348692	1474
74348878	1474
74349328	1474
74349757	1474
74376820	1474
74377095	1474
74406950	1474
74407352	1474
74407580	1474
74407991	1474
74408405	1474
74438113	1474
74438384	1474
74438581	1474
74439126	1474
74439566	1474
74463184	1474
74463502	1474
74463833	1474
74464188	1474
74464355	1474
74464711	1474
74485625	1474
74485802	1474
74486304	1474
74486604	1474
74486965	1474
74487415	1474
74487732	1474
74507318	1474
74507752	1474
74508224	1474
74508435	1474
74508678	1474
74508959	1474
74536008	1474
74536161	1474
74536429	1474
74536597	1474
74536934	1474
74537316	1474
74537517	1474
74538094	1474
74563954	1474
74564236	1474
74564342	1474
74564646	1474
74564918	1474
74565081	1474
74565470	1474
74566055	1474
74593158	1474
74593614	1474
74593809	1474
74594380	1474
74594660	1474
74594803	1474
74595153	1474
74595449	1474
74632029	1474
74632182	1474
74632297	1474
74632523	1474
74632820	1474
74633072	1474
74633404	1474
74633769	1474
74634121	1474
74659362	1474
74659485	1474
74659826	1474
74659994	1474
74660453	1474
74660724	1474
74660936	1474
74661177	1474
74686370	1474
74686546	1474
74686787	1474
74687022	1474
74687149	1474
74687313	1474
74687939	1474
74688325	1474
74688634	1474
74714443	1474
74714709	1474
74714938	1474
74715207	1474
74715312	1474
74715480	1474
74715815	1474
74716085	1474
74716464	1474
74716703	1474
74741148	1474
74741276	1474
74741460	1474
74741869	1474
74742233	1474
74742637	1474
74742838	1474
74743054	1474
74743314	1474
74743581	1474
74768458	1474
74768568	1474
74768671	1474
74768804	1474
74769291	1474
74769662	1474
74770474	1474
74770862	1474
74771167	1474
74771348	1474
74796668	1474
74796902	1474
74797132	1474
74797350	1474
74797531	1474
74797728	1474
74798311	1474
74798710	1474
74799001	1474
74799242	1474
74822994	1474
74823462	1474
74823666	1474
74823936	1474
74824413	1474
74824656	1474
74824763	1474
74825058	1474
74825187	1474
74825565	1474
74826160	1474
74849684	1474
74850171	1474
74850520	1474
74850688	1474
74850989	1474
74851320	1474
74851647	1474
74851913	1474
74852125	1474
74852307	1474
74852486	1474
74852697	1474
74875164	1474
74875486	1474
74875636	1474
74875837	1474
74876109	1474
74876296	1474
74876493	1474
74876786	1474
74877103	1474
74877543	1474
74877937	1474
74878129	1474
74878460	1474
74903977	1474
74904268	1474
74904533	1474
74904844	1474
74905220	1474
74905483	1474
74905611	1474
74905851	1474
74906054	1474
74906307	1474
74906616	1474
74906832	1474
74933067	1474
74933345	1474
74933548	1474
74934403	1474
74934640	1474
74934893	1474
74935139	1474
74935310	1474
74935535	1474
74935677	1474
74936051	1474
74936275	1474
74936594	1474
74963598	1474
74963826	1474
74964000	1474
74964476	1474
74964714	1474
74965052	1474
74965155	1474
74965539	1474
74965887	1474
74966197	1474
74966463	1474
74966774	1474
74967011	1474
74967354	1474
74992653	1474
74993115	1474
74993465	1474
74994294	1474
74994466	1474
74994706	1474
74994953	1474
74995134	1474
74995464	1474
74995756	1474
74995998	1474
74996268	1474
74996631	1474
74996898	1474
74997065	1474
75022613	1474
75022814	1474
75023033	1474
75023134	1474
75023247	1474
75023461	1474
75023737	1474
75023962	1474
75024145	1474
75024352	1474
75024614	1474
75024770	1474
75025028	1474
75025157	1474
75025471	1474
75052142	1474
75052386	1474
75052903	1474
75053248	1474
75053749	1474
75054503	1474
75054845	1474
75055113	1474
75055229	1474
75055442	1474
75055626	1474
75055862	1474
75056223	1474
75056534	1474
75078354	1474
75078780	1474
75079024	1474
75079291	1474
75079501	1474
75079972	1474
75080101	1474
75080372	1474
75080597	1474
75080871	1474
75080995	1474
75081205	1474
75081507	1474
75081606	1474
75082440	1474
75082559	1474
75105022	1474
75105258	1474
75105470	1474
75105613	1474
75106016	1474
75106150	1474
75106529	1474
75106711	1474
75107131	1474
75107305	1474
75107568	1474
75108027	1474
75108275	1474
75108445	1474
75108677	1474
75128237	1474
75128476	1474
75128740	1474
75129063	1474
75129522	1474
75130319	1474
75130735	1474
75130868	1474
75131024	1474
75131289	1474
75131487	1474
75132018	1474
75132304	1474
75132692	1474
75132932	1474
75133225	1474
75133364	1474
75158896	1474
75159064	1474
75159417	1474
75159605	1474
75159780	1474
75159969	1474
75160380	1474
75160570	1474
75160762	1474
75160884	1474
75161112	1474
75161245	1474
75161438	1474
75162301	1474
75162664	1474
75162872	1474
75162987	1474
75183839	1474
75183969	1474
75184327	1474
75184658	1474
75184999	1474
75185208	1474
75185411	1474
75185729	1474
75186683	1474
75186885	1474
75187117	1474
75187349	1474
75187668	1474
75187830	1474
75188175	1474
75188497	1474
75188764	1474
75211729	1474
75211965	1474
75212104	1474
75212341	1474
75212554	1474
75212835	1474
75213008	1474
75213283	1474
75213521	1474
75214369	1474
75214594	1474
75214861	1474
75215088	1474
75215527	1474
75215901	1474
75216174	1474
75242095	1474
75242452	1474
75242797	1474
75243162	1474
75243471	1474
75243960	1474
75244374	1474
75269773	1474
75270746	1474
75271079	1474
75271284	1474
75293288	1474
75320248	418
75320475	1474
75320790	1474
75321217	1474
75321627	1474
75322231	1474
75348699	1474
75348839	1474
75349294	1474
75349843	1474
75350071	1474
75350273	1474
75378382	1474
75378537	1474
75378780	1474
75379060	1474
75379472	1474
75379714	1474
75379968	1474
75404240	1474
75404402	1474
75404748	1474
75405005	1474
75405203	1474
75406028	1474
75406311	1474
75433403	1474
75433836	1474
75434012	1474
75434328	1474
75434741	1474
75434933	1474
75435084	1474
75435471	1474
75463352	1474
75463707	1474
75463978	1474
75464068	1474
75464446	1474
75464719	1474
75465246	1474
75465409	1474
75465496	1474
75491612	1474
75491913	1474
75492452	1474
75492763	1474
75493127	1474
75493370	1474
75494113	1474
75494440	1474
75521023	1474
75521245	1474
75521485	1474
75522056	1474
75522383	1474
75522966	1474
75523247	1474
75523512	1474
75552609	1474
75553029	1474
75553439	1474
75553722	1474
75554508	1474
75554736	1474
75555457	1474
75583819	1474
75584238	1474
75584759	1474
75585112	1474
75609407	1474
75609724	1474
79933231	1474
79965126	1474
79965383	1474
79998271	1474
79998832	1474
79999188	1474
80037080	1474
80037600	1474
80037996	1474
80071877	1474
80072186	1474
80072680	1474
80095943	1474
80115531	1474
80115774	1474
80116084	1474
80116492	1474
80116760	1474
80134358	1474
80134557	1474
80134978	1474
80135297	1474
80135525	1474
80135786	1474
80158157	1474
80158539	1474
80158850	1474
80158967	1474
80159309	1474
80159517	1474
80159960	1474
80186699	1474
80187143	1474
80187357	1474
80187547	1474
80187648	1474
80187811	1474
80188147	1474
80209649	1474
80209995	1474
80210175	1474
80210414	1474
80210875	1474
80211257	1474
80211534	1474
80233421	1474
80233598	1474
80233992	1474
80234126	1474
80234294	1474
80234646	1474
80234895	1474
80235278	1474
80256173	1474
80256399	1474
80256591	1474
80256895	1474
80257130	1474
80257450	1474
80258172	1474
80258530	1474
80258646	1474
80283718	1474
80284092	1474
80284356	1474
80284699	1474
80285199	1474
80285405	1474
80285748	1474
80286504	1474
80315488	1474
80315648	1474
80315941	1474
80316181	1474
80316481	1474
80316732	1474
80317117	1474
80317516	1474
80347275	1474
80347550	1474
80347796	1474
80348314	1474
80348964	1474
80349433	1474
80349705	1474
80349919	1474
80350314	1474
80372644	1474
80372926	1474
80373193	1474
80373404	1474
80373892	1474
80374055	1474
80374961	1474
80375208	1474
80375438	1474
80397411	1474
80397711	1474
80397852	1474
80398517	1474
80398680	1474
80399138	1474
80399408	1474
80399797	1474
80400153	1474
80400430	1474
80400731	1474
80421718	1474
80422269	1474
80422969	1474
80423338	1474
80423776	1474
80423897	1474
80424232	1474
80424562	1474
80424880	1474
80425273	1474
80450262	1474
80450696	1474
80452016	1474
80452164	1474
80452626	1474
80452890	1474
80453270	1474
80453614	1474
80453975	1474
80454232	1474
80478982	1474
80479231	1474
80479533	1474
80481356	1474
80481644	1474
80482221	1474
80482428	1474
80482865	1474
80483142	1474
80483574	1474
80483831	1474
80507197	1474
80507555	1474
80507748	1474
80508008	1474
80511207	1474
80511580	1474
80511884	1474
80512225	1474
80512728	1474
80512892	1474
80536104	1474
80536484	1474
80536956	1474
80537339	1474
80537927	1474
80540908	1474
80541176	1474
80541555	1474
80562766	1474
80563215	1474
80566397	1474
80567169	1474
80592748	1474
80619641	1474
80620164	1474
80620522	1474
80620700	1474
80651835	1474
80652669	1474
80653698	1474
80654921	1474
80684788	1474
80684907	1474
80685074	1474
80685455	1474
80685967	1474
80713450	1474
80713703	1474
80714324	1474
80714854	1474
80715091	1474
80715277	1474
80740831	1474
80741072	1474
80741336	1474
80741812	1474
80742302	1474
80771277	1474
80771892	1474
80772061	1474
80772403	1474
80772531	1474
80772795	1474
80773230	1474
80800166	1474
80800488	1474
80800792	1474
80801201	1474
80801504	1474
80801686	1474
80826083	1474
80826556	1474
80827024	1474
80827390	1474
80827663	1474
80828058	1474
80828292	1474
80852141	1474
80852257	1474
80852491	1474
80852849	1474
80853396	1474
80853532	1474
80854524	1474
80854882	1474
80877219	1474
80877409	1474
80877625	1474
80877921	1474
80878051	1474
80878190	1474
80878427	1474
80878845	1474
80879238	1474
80903817	1474
80904995	1474
80905550	1474
80906620	1474
80907233	1474
80908375	1474
80909256	1474
80911384	1474
80997955	1474
80999174	1474
81000200	1474
81000659	1474
81000924	1474
81001535	1474
81003069	1474
81003479	1474
81037292	1474
81037515	1474
81051594	1474
81051763	1474
81051911	1474
81052442	1474
81052773	1474
81052892	1474
81053047	1474
81053203	1474
81063654	1474
81064006	1474
81076561	1474
81076838	1474
81077110	1474
81077322	1474
81077411	1474
81077566	1474
81077891	1474
81078206	1474
81089258	1474
81089598	1474
81099116	1474
81099405	1474
81099611	1474
81099788	1474
81099982	1474
81100084	1474
81100219	1474
81100321	1474
81100499	1474
81110805	1474
81110918	1474
81121054	1474
81121170	1474
81121407	1474
81122169	1474
81122328	1474
81122613	1474
81122809	1474
81123124	1474
81123334	1474
81135699	1474
81135833	1474
81148006	1474
81148114	1474
81148264	1474
81148520	1474
81148686	1474
81149004	1474
81149230	1474
81149518	1474
81149750	1474
81149936	1474
81159640	1474
81159776	1474
81171306	1474
81171629	1474
81171903	1474
81172277	1474
81172469	1474
81172619	1474
81172756	1474
81172968	1474
81173089	1474
81173219	1474
81180011	1474
81180292	1474
81190503	1474
81190794	1474
81190900	1474
81191159	1474
81191376	1474
81191643	1474
81191798	1474
81192028	1474
81192279	1474
81192625	1474
81192977	1474
81197171	1474
81197287	1474
81207277	1474
81207607	1474
81207819	1474
81207971	1474
81208258	1474
81208507	1474
81208726	1474
81208985	1474
81209316	1474
81209434	1474
81212514	1474
81212752	1474
81223185	1474
81223611	1474
81223925	1474
81224243	1474
81224487	1474
81224692	1474
81224829	1474
81225117	1474
81225352	1474
81225535	1474
81225942	1474
81230777	1474
81231046	1474
81241106	1474
81241239	1474
81241548	1474
81242323	1474
81242559	1474
81242719	1474
81243073	1474
81243455	1474
81243622	1474
81244000	1474
81244269	1474
81244493	1474
81249402	1474
81249881	1474
81261493	1474
81261721	1474
81262207	1474
81262511	1474
81262642	1474
81263192	1474
81263390	1474
81263677	1474
81263821	1474
81263996	1474
81264198	1474
81264542	1474
81268971	1474
81269086	1474
81269243	1474
81280922	1474
81281094	1474
81281210	1474
81281580	1474
81282844	1474
81283235	1474
81283362	1474
81283479	1474
81283605	1474
81283871	1474
81284128	1474
81284326	1474
81290821	1474
81290970	1474
81303540	1474
81303640	1474
81303767	1474
81303965	1474
81304405	1474
81304702	1474
81304997	1474
81305188	1474
81305466	1474
81305647	1474
81306542	1474
81306988	1474
81311322	1474
81311696	1474
81324114	1474
81324513	1474
81324972	1474
81325131	1474
81325324	1474
81325543	1474
81325862	1474
81326082	1474
81326496	1474
81326848	1474
81327105	1474
81327502	1474
81327666	1474
81332584	1474
81332742	1474
81346168	1474
81346529	1474
81346872	1474
81347074	1474
81347275	1474
81347542	1474
81347657	1474
81348090	1474
81348378	1474
81348606	1474
81348713	1474
81348885	1474
81348993	1474
81349399	1474
81355891	1474
81356148	1474
81373132	1474
81373429	1474
81374065	1474
81374562	1474
81374905	1474
81375088	1474
81375294	1474
81375583	1474
81375845	1474
81375963	1474
81376223	1474
81376451	1474
81376586	1474
81376999	1474
81377270	1474
81384681	1474
81385019	1474
81403293	1474
81403525	1474
81403726	1474
81403832	1474
81404059	1474
81404312	1474
81404660	1474
81404998	1474
81405182	1474
81405347	1474
81405464	1474
81405836	1474
81406379	1474
81406680	1474
81406800	1474
81413295	1474
81413426	1474
81434228	1474
81434348	1474
81434581	1474
81434789	1474
81434938	1474
81435229	1474
81435443	1474
81435876	1474
81436126	1474
81436518	1474
81436967	1474
81437225	1474
81437463	1474
81437626	1474
81437864	1474
81438348	1474
81446304	1474
81446627	1474
81464474	1474
81464771	1474
81465177	1474
81465450	1474
81465652	1474
81465833	1474
81466481	1474
81466728	1474
81466898	1474
81467033	1474
81467316	1474
81467515	1474
81467681	1474
81467915	1474
81468200	1474
81468360	1474
81474506	1474
81474808	1474
81493145	1474
81493641	1474
81494181	1474
81494428	1474
81494921	1474
81495202	1474
81495583	1474
81495812	1474
81495925	1474
81496056	1474
81496401	1474
81496791	1474
81497273	1474
81497509	1474
81497866	1474
81498219	1474
81505310	1474
81505820	1474
81528299	1474
81528595	1474
81528710	1474
81528908	1474
81529338	1474
81529556	1474
81530106	1474
81530247	1474
81530411	1474
81530641	1474
81530985	1474
81531131	1474
81531465	1474
81531588	1474
81531907	1474
81532288	1474
81539208	1474
81539553	1474
81561122	1474
81561404	1474
81561995	1474
81562271	1474
81562811	1474
81563343	1474
81563604	1474
81563731	1474
81563925	1474
81564244	1474
81564534	1474
81564640	1474
81565158	1474
81565314	1474
81565459	1474
81565668	1474
81572946	1474
81573374	1474
81592109	1474
81592341	1474
81592580	1474
81592850	1474
81593123	1474
81593285	1474
81593986	1474
81595035	1474
81595447	1474
81595895	1474
81596187	1474
81596352	1474
81596454	1474
81596614	1474
81596875	1474
81597087	1474
81597241	1474
81604822	1474
81605225	1474
81626856	1474
81627340	1474
81627467	1474
81627622	1474
81627850	1474
81628079	1474
81628391	1474
81628531	1474
81628644	1474
81628995	1474
81629189	1474
81629368	1474
81629545	1474
81629791	1474
81630455	1474
81630789	1474
81631152	1474
81636793	1474
81637198	1474
81656516	1474
81656859	1474
81657106	1474
81657514	1474
81657932	1474
81658256	1474
81658837	1474
81658961	1474
81659077	1474
81659183	1474
81659362	1474
81659700	1474
81659931	1474
81660315	1474
81660530	1474
81660882	1474
81661062	1474
81661502	1474
81662161	1474
81668241	1474
81668657	1474
81686565	1474
81686867	1474
81687250	1474
81687503	1474
81687898	1474
81688166	1474
81688574	1474
81688700	1474
81688846	1474
81689201	1474
81689364	1474
81689563	1474
81690079	1474
81690460	1474
81690771	1474
81691018	1474
81691307	1474
81691506	1474
81698721	1474
81698854	1474
81716926	1474
81717310	1474
81718302	1474
81718647	1474
81718857	1474
81719095	1474
81719266	1474
81719477	1474
81719613	1474
81719929	1474
81720336	1474
81720489	1474
81720936	1474
81721231	1474
81721355	1474
81721567	1474
81722406	1474
81722655	1474
81722842	1474
81729018	1474
81729284	1474
81749264	1474
81749416	1474
81749946	1474
81750249	1474
81750752	1474
81750903	1474
81751080	1474
81751290	1474
81751412	1474
81751579	1474
81751705	1474
81752025	1474
81752210	1474
81752450	1474
81752775	1474
81752900	1474
81753271	1474
81754068	1474
81760519	1474
81760637	1474
81777403	1474
81777938	1474
81778641	1474
81778927	1474
81779213	1474
81779621	1474
81779977	1474
81780125	1474
81780490	1474
81780639	1474
81781095	1474
81781483	1474
81781735	1474
81782616	1474
81782871	1474
81783187	1474
81783509	1474
81808002	1474
81808187	1474
81808507	1474
81808957	1474
81809117	1474
81809524	1474
81810725	1474
81811548	1474
81811850	1474
81812297	1474
81812587	1474
81813053	1474
81838471	1474
81838773	1474
81839131	1474
81839487	1474
81839711	1474
81840256	1474
81840431	1474
81840794	1474
81840930	1474
81841314	1474
81841826	1474
81842298	1474
81870642	1474
81870845	1474
81871124	1474
81871387	1474
81871496	1474
81871629	1474
81871901	1474
81872106	1474
81872436	1474
81872934	1474
81873253	1474
81873496	1474
81874085	1474
81900808	1474
81901065	1474
81901193	1474
81901340	1474
81901846	1474
81902093	1474
81902510	1474
81902639	1474
81903041	1474
81903377	1474
81903567	1474
81903844	1474
81933294	1474
81933582	1474
81934313	1474
81934756	1474
81935284	1474
81935420	1474
81935883	1474
81936067	1474
81936321	1474
81936495	1474
81937008	1474
81937579	1474
81963850	1474
81964013	1474
81964418	1474
81964748	1474
81965011	1474
81965222	1474
81965639	1474
81966449	1474
81966952	1474
81967313	1474
81967519	1474
81967923	1474
81997082	1474
81997468	1474
81998201	1474
81998548	1474
81999043	1474
81999686	1474
82030533	1474
82030840	1474
82031108	1474
82031332	1474
82031656	1474
82032022	1474
82032301	1474
82032890	1474
82056914	1474
82057726	1474
82059057	1474
82059883	1474
82138258	1474
82138385	1474
82138484	1474
83423008	1474
83454641	1474
83489671	1474
86411837	1474
86440867	1474
86441182	1474
86473262	1474
86473682	1474
86505616	1474
87911624	1474
87944543	1474
87944844	1474
87977142	1474
87977739	1474
88002753	1474
88003115	1474
89406747	1474
89432095	1474
89432403	1474
89460207	1474
89460339	1474
89460509	1474
89490551	1474
89491003	1474
89491549	1474
89521010	1474
89521433	1474
89522049	1474
89522387	1474
89553539	1474
89554055	1474
89554395	1474
89554655	1474
89554814	1474
89583934	1474
89584187	1474
89584303	1474
89584466	1474
89584908	1474
89612071	1474
89612430	1474
89612576	1474
89612881	1474
89613085	1474
89613409	1474
89634032	1474
89634264	1474
89634401	1474
89634743	1474
89634943	1474
89635363	1474
89635664	1474
89655815	1474
89656068	1474
89656368	1474
89656872	1474
89657126	1474
89657249	1474
89680037	1474
89680455	1474
89680947	1474
89681462	1474
89682028	1474
89682223	1474
89706026	1474
89706264	1474
89706687	1474
89707033	1474
89707147	1474
89707497	1474
89707890	1474
89731311	1474
89731537	1474
89731894	1474
89732300	1474
89732516	1474
89732652	1474
89732951	1474
89733158	1474
89759971	1474
89760219	1474
89760777	1474
89761046	1474
89761415	1474
89761834	1474
89762124	1474
89762242	1474
89762602	1474
89788140	1474
89788442	1474
89788595	1474
89788787	1474
89789229	1474
89789493	1474
89789799	1474
89790063	1474
89817316	1474
89817497	1474
89817882	1474
89818007	1474
89818190	1474
89818341	1474
89818810	1474
89819063	1474
89846693	1474
89846851	1474
89847099	1474
89847823	1474
89848047	1474
89848384	1474
89848957	1474
89849153	1474
89849284	1474
89877281	1474
89877447	1474
89878000	1474
89878354	1474
89878673	1474
89878809	1474
89879002	1474
89904283	1474
89904464	1474
89904931	1474
89905252	1474
89905588	1474
89935754	1474
89935944	1474
91411352	1474
94393665	1474
94420283	1474
94447905	1474
94448240	1474
112362033	1474
112390077	1474
112423655	1474
112424213	1474
113863274	1474
113897062	1474
113934336	1474
115358883	1474
115390962	1474
115424584	1474
118355901	1474
124347561	1474
124381364	1474
124413513	1474
124413954	1474
