4124407	58
4236113	54
4417787	1474
4417992	1370
4577415	1474
4577605	1474
4577745	1318
4749446	1474
4749826	1474
4750112	1474
4750339	1474
4750515	1214
4908995	1474
4909425	1474
4909686	1474
4909874	1474
4910233	1474
4910444	1474
4910780	1110
5069831	1474
5070002	1474
5070148	1474
5070369	1474
5070641	1214
5071015	1474
5071271	1474
5071436	1474
5071614	1474
5071902	1474
5072215	1162
5240149	1474
5240358	1474
5240499	1318
5240684	1422
5240890	1474
5241073	1474
5241265	1474
5241436	1474
5241627	1474
5241796	1474
5241986	1474
5242146	1058
5404182	1474
5404475	1474
5404683	1318
5404964	1474
5405183	1474
5405346	1474
5405523	1266
5405825	1474
5406049	1474
5406228	1318
5406552	1474
5406822	1474
5407093	1318
5407331	1474
5407518	1474
5407729	1318
5408074	1474
5408221	1474
5408409	1318
5408622	1422
5553628	1474
5553836	1474
5554203	1474
5554352	1266
5557732	1474
5558004	1474
5558194	1474
5558366	1474
5558555	1474
5558724	1162
5559215	1474
5559427	1474
5559593	1474
5559731	1474
5560003	1474
5560463	1474
5560698	1110
5560948	1474
5561156	1474
5561332	1474
5561546	1474
5561747	1474
5561968	1474
5562160	1474
5562375	1058
5568765	1474
5568903	1474
5569176	1474
5569370	1474
5569702	1474
5570240	1474
5570457	1110
5731709	1474
5732055	1474
5732292	1474
5732524	1474
5732716	1214
5732859	1474
5733111	1474
5733421	1318
5733640	1474
5733897	1370
5734257	1474
5734489	1474
5745292	1474
5745574	1474
5745837	1318
5754686	1474
5872204	1474
5872737	1474
5872948	1474
5873179	1474
5873373	1474
5873547	1474
5873896	1474
5874184	1474
5874380	1006
5884081	1474
7010689	1474
7021810	1474
7022135	1474
7043011	1474
7043458	1474
7043846	1474
7044258	1474
7077647	1474
7077947	1474
7078210	1474
7078490	1474
7108832	1474
7109221	231
7109661	1474
7130377	1297
10014928	1474
10019059	1474
10019316	1474
10026126	1474
10026588	1474
10026910	1474
10038341	1474
10038772	1474
10038991	1474
10059024	1474
10059340	1474
10059831	1474
10060078	1474
10075776	1474
10076053	1474
10076297	1474
10076775	1474
10077093	1474
10087252	1474
10087527	1474
10087724	1474
10087985	1474
10088186	1474
10088433	1474
10101668	1474
10101863	1474
10102045	1474
10102191	1474
10102383	1474
10102739	1474
10117234	1474
10117538	1474
10117735	1474
10117990	1474
10118202	1474
10118459	1474
10118657	1474
10130506	1474
10130748	1474
10131028	1474
10131351	1474
10131561	1474
10131783	1474
10141495	1474
10141697	1474
10141972	1474
10142166	1474
10142352	1474
10142498	1474
10151776	1474
10152036	1474
10152236	1474
10152455	1474
10152668	1474
10152914	1474
10153134	1474
10153346	1474
10164671	1474
10164820	1474
10165037	1474
10165236	1474
10165564	1474
10165757	1474
10165977	1474
10166198	1474
10177158	1474
10177805	1474
10178114	1474
10178417	1474
10178719	1474
10178912	1474
10179171	1474
10179404	1474
10191885	1474
10192028	1474
10192240	1474
10192449	1474
10192680	1474
10192931	1474
10193127	1474
10193368	1474
10204694	1474
10204970	1474
10205183	1474
10205424	1474
10205629	1474
10205855	1474
10206051	1474
10206327	1474
10206528	1474
10215685	1474
10215950	1474
10216228	1474
10216437	1474
10216756	1474
10216947	1474
10217152	1474
10217357	1474
10217578	1474
10225593	1474
10225733	1474
10225894	1474
10226036	1474
10226206	1474
10226603	1474
10226902	1474
10227079	1474
10227311	1474
10227535	1474
10233206	1474
10233443	1474
10233662	1474
10233923	1474
10234121	1474
10234396	1474
10234593	1474
10234814	1474
10235010	1474
10235246	1474
10235449	1474
10240862	1474
10241137	1474
10241354	1474
10241524	1474
10241674	1474
10241811	1474
10241977	1474
10242112	1474
10275550	1474
10275728	1474
10275922	1474
10276110	1474
10276314	1474
10276532	1474
10276691	1474
10276853	1474
10276993	1474
10277132	1474
10277344	1474
10283868	1474
10284019	1474
10284184	1474
10284342	1474
10284478	1474
10284642	1474
10284801	1474
10284940	1474
10285083	1474
10285260	1474
10285403	1474
10325982	1474
10326123	1206
10332452	1474
10332625	1474
10332765	1474
10332904	1474
10333043	1474
10333349	522
10333492	1474
10333658	1370
10481246	1474
10481552	1474
10481718	1474
10481862	1474
10482002	1214
10482171	1474
10482311	1474
10482473	1318
10482624	1474
10482763	1370
10634577	1474
10634793	1474
10634933	1474
10635075	1474
10635226	1474
10635360	1474
10635523	1110
10635668	1474
10635878	1474
10816958	1474
10817182	1474
10817327	1474
10817466	1474
10817602	1474
10817740	1474
10817977	1474
10818159	1474
10818328	1474
10818474	1474
10818613	1474
10818751	1474
10856947	1474
10857181	1474
10857321	1474
10857481	1474
11616922	1474
11617143	1474
11617283	1474
11617426	1474
11617564	1474
11617701	1474
11617869	1474
11618013	1474
11618149	1474
11618311	1474
11618450	1474
11618588	1474
11657689	1474
11657852	1474
11657993	1474
11658131	1474
11658291	1474
11658430	1474
11658587	1474
11658729	1474
11658883	1474
12416158	1474
12416491	1474
12416704	1474
12416921	1474
12417200	1474
12417344	1474
12417538	1474
12417750	1474
12417916	1474
12418052	1474
12418188	1474
12418342	1474
12418481	1474
12456020	1474
12456276	1474
13216161	1474
13216379	1474
13216523	1474
13216716	1474
13216909	1474
13217174	1474
13217350	1474
13217575	1474
13217737	1474
13217897	1474
13218033	1474
13218169	1474
13218312	1474
13255621	1474
13255776	1474
13255996	1474
13256233	1474
13256423	1474
13256592	1474
13256733	1474
13256875	1474
14016093	1474
14016422	1474
14016613	1474
14016830	1474
14017093	1474
14017262	1474
14017501	1474
14017638	1474
14017800	1474
14017935	1474
14018076	1474
14018212	1474
14018348	1474
14055876	1474
14056059	1474
14815583	1474
14815811	1474
14816020	1474
14816159	1474
14816341	1474
14816541	1474
14816814	1474
14816956	1474
14817147	1474
14817413	1474
14817581	1474
14817733	1474
14817873	1474
14818011	1474
14855316	1474
14855463	1474
14855598	1474
15615160	1474
15615442	1474
15615586	1474
15615772	1474
15616039	1474
15616185	1474
15616375	1474
15616533	1474
15616728	1474
15616952	1474
15617120	1474
15617256	1474
15617396	1474
15617556	1474
15655140	1474
15655303	1474
15655458	1474
15655600	1474
15655741	1474
15655952	1474
15656139	1474
15656350	1474
16415127	1474
16415367	1474
16415499	1474
16415632	1474
16415886	1474
16416102	1474
16416291	1474
16416588	1474
16416716	1474
16416864	1474
16416990	1474
16417135	1474
16417295	1474
16417418	1474
17215182	1474
17215414	1474
17215547	1474
17215675	1474
17215872	1474
17216108	1474
17216491	1474
17216666	1474
17216817	1474
17217026	1474
17217158	1474
17217283	1474
17217409	1474
17217536	1474
17254931	1474
17255062	1474
17255271	1474
18014199	1474
18014553	1474
18014899	1474
18015081	1474
18015224	1474
18015368	1474
18015532	1474
18015672	1474
18015883	1474
18016052	1474
18016196	1474
18016336	1474
18016501	1474
18053718	1474
18053895	1474
18054276	1474
18054420	1474
18054565	1474
18054765	1474
18054978	1474
18055402	1474
18814585	1474
18814778	1474
18814924	1474
18815066	1474
18815201	1474
18815342	1474
18815493	1474
18815657	1474
18815795	1474
18815989	1474
18816139	1474
18816301	1474
18816448	1474
18855557	1474
18855765	1474
19613675	1474
19613898	1474
19614070	1474
19614232	1474
19614380	1474
19614545	1474
19614706	1474
19614847	1474
19614987	1474
19615142	1474
19615308	1474
19615474	1474
19615611	1474
19615754	1474
19654035	1474
19654240	1474
19654409	1474
20412979	1474
20413239	1474
20413390	1474
20413621	1474
20413822	1474
20414152	1474
20414363	1474
20414503	1474
20414644	1474
20414782	1474
20414928	1474
20415093	1474
20415234	1474
20415371	1474
20415513	1474
20454253	1474
20454414	1474
21482932	1474
21483073	1474
21483228	1474
21483409	1474
21483617	1474
21483923	1474
21484097	1474
21484271	1474
21484440	1474
21484656	1474
21484895	1474
21485071	1474
21485296	1474
21485467	1474
21485621	1474
21530802	1474
21530943	1474
21531083	1474
22281289	1474
22281442	1474
22281580	1474
22281717	1474
22281853	1474
22281991	1474
22282125	1474
22282265	1474
22282439	1474
22282619	1474
22282760	1474
22282898	1474
22283036	1474
22283174	1474
22320741	1474
22320916	1474
22321055	1474
22321214	1474
22321358	1474
22321495	1474
22321632	1474
22321770	1474
23082014	1474
23082162	1474
23082323	1474
23082511	1474
23082704	1474
23082856	1474
23082994	1474
23083171	1474
23083306	1474
23083556	1474
23083742	1474
23083990	1474
23084265	1474
23084454	1474
23084919	1474
23881033	1474
23881171	1474
23881309	1474
23881472	1474
23881659	1474
23881869	1474
23882032	1474
23882170	1474
23882305	1474
23882465	1474
23882600	1474
23882735	1474
23882882	1474
23883018	1474
23885461	1474
23885596	1474
23919968	1474
24682400	1474
24682551	1474
24682711	1474
24682918	1474
24683108	1474
24683717	1474
24683935	1474
24684108	1474
24684246	1474
24684393	1474
24684543	1474
24684678	1474
24684812	1474
24684944	1474
24685077	1474
24685235	1474
24725718	1474
25482345	1474
25482484	1474
25482620	1474
25482871	1474
25483065	1474
25483632	1474
25483801	1474
25484012	1474
25484157	1474
25484310	1474
25484469	1474
25484604	1474
25484740	1474
25484899	1474
25485052	1474
25485362	1474
25526688	1474
26279298	1474
26279435	1474
26279588	1474
26279766	1474
26280040	1474
26280199	1474
26280352	1474
26280488	1474
26280647	1474
26280909	1474
26281081	1474
26281220	1474
26281353	1474
26281488	1474
26281648	1474
26284893	1474
26319034	1474
26319215	1474
27081718	1474
27081978	1474
27082168	1474
27082337	1474
27082541	1474
27082745	1474
27082956	1474
27083144	1474
27083283	1474
27083487	1474
27083629	1474
27083780	1474
27083972	1474
27084112	1474
27084249	1474
27126239	1474
27126627	1474
27126818	1474
27877631	1474
27877770	1474
27877949	1474
27878180	1474
27878371	1474
27878583	1474
27878854	1474
27878995	1474
27879131	1474
27879265	1474
27879401	1474
27879550	1474
27879684	1474
27879820	1474
27880005	1474
27883733	1474
27918608	1474
28678917	1474
28679057	1474
28679200	1474
28679364	1474
28679557	1474
28679867	1474
28680037	1474
28680272	1474
28680433	1474
28680567	1474
28680702	1474
28680838	1474
28680973	1474
28681108	1474
28681314	1474
28681505	1474
28685199	1474
29476795	1474
29477517	1474
29477774	1474
29478096	1474
29478235	1474
29478397	1474
29478632	1474
29478794	1474
29478937	1474
29479073	1474
29479208	1474
29479343	1474
29479478	1474
29479613	1474
29479776	1474
29479983	1474
29487050	1474
30279493	1474
30279632	1474
30279780	1474
30280057	1474
30280276	1474
30280576	1474
30280766	1474
30280929	1474
30281065	1474
30281237	1474
30281450	1474
30281656	1474
30281880	1474
30282022	1474
30282157	1474
30282292	1474
30282566	1474
30326957	1474
31078674	1474
31078836	1474
31079029	1474
31079261	1474
31079448	1474
31079630	1474
31079795	1474
31079981	1474
31080323	1474
31080561	1474
31080753	1474
31081183	1474
31081412	1474
31081983	1474
31082149	1474
31082312	1474
31082483	1474
31117906	1474
31878417	1474
31878576	1474
31878714	1474
31878880	1474
31879073	1474
31879340	1474
31879509	1474
31879752	1474
31879937	1474
31880078	1474
31880256	1474
31880394	1474
31880529	1474
31880665	1474
31880826	1474
31880960	1474
31881384	1474
31917192	1474
32675627	1474
32675971	1474
32676308	1474
32676506	1474
32676968	1474
32677143	1474
32677461	1474
32677601	1474
32677737	1474
32677872	1474
32678019	1474
32678155	1474
32678291	1474
32678427	1474
32678562	1474
32678743	1474
32678881	1474
32716348	1474
33475079	1474
33475240	1474
33475344	1474
33475441	1474
33475565	1474
33475797	1474
33476038	1474
33476146	1474
33476267	1474
33476404	1474
33476501	1474
33476592	1474
33476756	1474
33476854	1474
33476951	1474
33477074	1474
33516771	1474
33517058	1474
34544918	1474
34545040	1474
34545145	1474
34545254	1474
34545393	1474
34545682	1474
34545856	1474
34545971	1474
34546090	1474
34546189	1474
34546329	1474
34546453	1474
34546606	1474
34547424	1474
34547685	1474
34547790	1474
34547961	1474
34548338	1474
35343743	1474
35343912	1474
35344004	1474
35344110	1474
35344202	1474
35344294	1474
35344384	1474
35344474	1474
35344563	1474
35344658	1474
35344748	1474
35344838	1474
35344928	1474
35345018	1474
35345125	1474
35345215	1474
35345306	1474
35385720	1474
36143725	1474
36143860	1474
36143956	1474
36144074	1474
36144188	1474
36144279	1474
36144370	1474
36144460	1474
36144574	1474
36144665	1474
36144755	1474
36144862	1474
36144979	1474
36145071	1474
36145186	1474
36145276	1474
36145366	1474
36944355	1474
36944473	1474
36944566	1474
36944765	1474
36944864	1474
36945063	1474
36945162	1474
36945285	1474
36945384	1474
36945847	1474
36945981	1474
36946425	1474
36946529	1474
36946765	1474
36946863	1474
36946953	1474
36947177	1474
36947416	1474
37742221	1474
37742345	1474
37742438	1474
37742528	1474
37742653	1474
37742855	1474
37742954	1474
37743201	1474
37743297	1474
37743403	1474
37743494	1474
37743584	1474
37743674	1474
37743822	1474
37743918	1474
37744011	1474
37744132	1474
37746488	1474
38540407	1474
38540493	1474
38540581	1474
38540674	1474
38540765	1474
38540997	1474
38541096	1474
38541188	1474
38541302	1474
38541394	1474
38541567	1474
38541689	1474
38541804	1474
38542006	1474
38542105	1474
38542223	1474
38542315	1474
38542407	1474
39342327	1474
39342431	1474
39342550	1474
39342669	1474
39342793	1474
39342892	1474
39342989	1474
39343088	1474
39343208	1474
39343330	1474
39343426	1474
39343521	1474
39343619	1474
39343717	1474
39343887	1474
39343987	1474
39344109	1474
39386188	1474
40140334	1474
40140437	1474
40140575	1474
40140670	1474
40140766	1474
40140862	1474
40140981	1474
40141098	1474
40141220	1474
40141316	1474
40141430	1474
40141541	1474
40141659	1474
40141758	1474
40141882	1474
40141977	1474
40142073	1474
40183885	1474
40939971	1474
40940125	1474
40940233	1474
40940332	1474
40940452	1474
40940672	1474
40940778	1474
40940902	1474
40941002	1474
40941100	1474
40941197	1474
40941319	1474
40941436	1474
40941557	1474
40941646	1474
40941741	1474
40941861	1474
41740260	1474
41740366	1474
41740462	1474
41740587	1474
41740693	1474
41740964	1474
41741083	1474
41741211	1474
41741327	1474
41741447	1474
41741546	1474
41741663	1474
41741757	1474
41741855	1474
41741988	1474
41742125	1474
41742222	1474
42539701	1474
42539893	1474
42540010	1474
42540124	1474
42540243	1474
42540500	1474
42540603	1474
42540695	1474
42540806	1474
42540950	1474
42541070	1474
42541190	1474
42541295	1474
42541418	1474
42541532	1474
42541652	1474
42541790	1474
42541888	1474
43338797	1474
43338913	1474
43339020	1474
43339107	1474
43339212	1474
43339484	1474
43339578	1474
43339681	1474
43339783	1474
43339973	1474
43340072	1474
43340173	1474
43340268	1474
43340355	1474
43340468	1474
43340557	1474
43340666	1474
43340773	1474
44406678	1474
44406775	1474
44406867	1474
44406958	1474
44407051	1474
44407144	1474
44407377	1474
44407478	1474
44407575	1474
44407668	1474
44407958	1474
44408060	1474
44408162	1474
44408260	1474
44408377	1474
44408465	1474
44408579	1474
44408697	1474
45206410	1474
45206509	1474
45206599	1474
45206692	1474
45206785	1474
45207014	1474
45207115	1474
45207234	1474
45207327	1474
45207421	1474
45207514	1474
45207607	1474
45207700	1474
45207832	1474
45207939	1474
45208036	1474
45208136	1474
45208230	1474
45738089	1474
45738184	1474
45738300	1474
45738393	1474
45738485	1474
45738602	1474
45738692	1474
45738798	1474
45738916	1474
45739007	1474
45739098	1474
45739214	1474
45739307	1474
45739398	1474
45739516	1474
45739607	1474
46805878	1474
46806001	1474
46806089	1474
46806180	1474
46806273	1474
46806391	1474
46806570	1474
46806662	1474
46806753	1474
46806872	1474
46806963	1474
46807055	1474
46807149	1474
46807242	1474
46807358	1474
46807489	1474
46807606	1474
46807745	1474
47338052	1474
47338150	1474
47338251	1474
47338377	1474
47338493	1474
47338592	1474
47338690	1474
47338789	1474
47338886	1474
47339078	1474
47339200	1474
47339308	1474
47339435	1474
47339600	1474
47339701	1474
47339827	1474
47339972	1474
48405915	1474
48406096	1474
48406405	1474
48406603	1474
48406831	1474
48406944	1474
48407043	1474
48407135	1474
48407253	1474
48407371	1474
48407490	1474
48407607	1474
48407803	1474
48407909	1474
48408098	1474
48408221	1474
48408315	1474
48408428	1474
49202945	1474
49203107	1474
49203201	1474
49203384	1474
49203480	1474
49203573	1474
49203665	1474
49203841	1474
49203936	1474
49204028	1474
49204149	1474
49204241	1474
49204334	1474
49204451	1474
49204542	1474
49204659	1474
49204763	1474
49204858	1474
50005035	1474
50005132	1474
50005245	1474
50005453	1474
50005724	1474
50005852	1474
50005975	1474
50006121	1474
50006246	1474
50006342	1474
50006464	1474
50006562	1474
50006659	1474
50006762	1474
50006858	1474
50006979	1474
50007075	1474
50007172	1474
50802737	1474
50802986	1474
50803100	1474
50803206	1474
50803356	1474
50803474	1474
50803818	1474
50803922	1474
50804014	1474
50804135	1474
50804335	1474
50804427	1474
50804529	1474
50804634	1474
50804729	1474
50804827	1474
50804922	1474
50805020	1474
51604494	1474
51604592	1474
51604686	1474
51604780	1474
51604879	1474
51604985	1474
51605081	1474
51605177	1474
51605274	1474
51605369	1474
51605489	1474
51605585	1474
51605683	1474
51605777	1474
51605884	1474
51605987	1474
51606082	1474
51606205	1474
52401893	1474
52402144	1474
52402295	1474
52402392	1474
52402492	1474
52402591	1474
52402902	1474
52403004	1474
52403111	1474
52403230	1474
52403326	1474
52403421	1474
52403539	1474
52403661	1474
52403771	1474
52403939	1474
52404059	1474
52404180	1474
53202820	1474
53203081	1474
53203193	1474
53203302	1474
53203420	1474
53203528	1474
53203629	1474
53203768	1474
53203965	1474
53204055	1474
53204156	1474
53204272	1474
53204371	1474
53204465	1474
53204577	1474
53204676	1474
53204784	1474
53204880	1474
54001077	1474
54001426	1474
54001540	1474
54001796	1474
54001942	1474
54002146	1474
54002264	1474
54002378	1474
54002497	1474
54002595	1474
54002684	1474
54002802	1474
54002927	1474
54003025	1474
54003149	1474
54003248	1474
54003356	1474
54805327	1474
54805433	1474
54805527	1474
54805642	1474
54805744	1474
54806014	1474
54806117	1474
54806222	1474
54806318	1474
54806414	1474
54806512	1474
54806630	1474
54806743	1474
54806838	1474
54806928	1474
54807049	1474
54807143	1474
54807255	1474
55867157	1474
55867462	1474
55867559	1474
55867739	1474
55867881	1474
55868189	1474
55868289	1474
55868414	1474
55868513	1474
55868610	1474
55868753	1474
55868850	1474
55868962	1474
55869077	1474
55869188	1474
55869280	1474
55869397	1474
55869508	1474
56667651	1474
56667865	1474
56668096	1474
56668195	1474
56668389	1474
56668535	1474
56668630	1474
56668743	1474
56668848	1474
56668965	1474
56669061	1474
56669190	1474
56669308	1474
56669408	1474
56669531	1474
56669626	1474
56669721	1474
56669836	1474
57466760	1474
57466963	1474
57467062	1474
57467158	1474
57467270	1474
57467358	1474
57467451	1474
57467564	1474
57467660	1474
57467795	1474
57467894	1474
57468007	1474
57468112	1474
57468215	1474
57468352	1474
57468465	1474
57468560	1474
58266560	1474
58266744	1474
58266937	1474
58267034	1474
58267122	1474
58267223	1474
58267315	1474
58267421	1474
58267537	1474
58267643	1474
58267765	1474
58267927	1474
58268023	1474
58268113	1474
58268226	1474
58268325	1474
58268430	1474
58268525	1474
59066770	1474
59066928	1474
59067036	1474
59067156	1474
59067276	1474
59067389	1474
59067501	1474
59067619	1474
59067763	1474
59067905	1474
59068006	1474
59068105	1474
59068224	1474
59068326	1474
59068463	1474
59068556	1474
59068673	1474
59068793	1474
59866010	1474
59866371	1474
59866489	1474
59866609	1474
59866732	1474
59866836	1474
59866939	1474
59867217	1474
59867320	1474
59867451	1474
59867554	1474
59867674	1474
59867791	1474
59867987	1474
59868113	1474
59868238	1474
59868331	1474
59868434	1474
60665834	1474
60666141	1474
60666421	1474
60666523	1474
60666659	1474
60666750	1474
60666843	1474
60666972	1474
60667129	1474
60667259	1474
60667355	1474
60667451	1474
60667545	1474
60667641	1474
60667742	1474
60667883	1474
60668090	1474
60668244	1474
61201333	1474
61201430	1474
61201539	1474
61201659	1474
61201750	1474
61201842	1474
61201943	1474
61202050	1474
61202139	1474
61202257	1474
61202393	1474
61202522	1474
61202618	1474
61202719	1474
61202828	1474
62266319	1474
62266478	1474
62266816	1474
62266950	1474
62267077	1474
62267176	1474
62267270	1474
62267391	1474
62267517	1474
62267652	1474
62267820	1474
62267980	1474
62268073	1474
62268166	1474
62268291	1474
62268407	1474
62268529	1474
63065017	1474
63065309	1474
63065420	1474
63065567	1474
63065688	1474
63065773	1474
63065892	1474
63066013	1474
63066120	1474
63066229	1474
63066338	1474
63066458	1474
63066590	1474
63066704	1474
63066822	1474
63066952	1474
63067037	1474
63067141	1474
63864331	1474
63864649	1474
63864763	1474
63864907	1474
63865142	1474
63865276	1474
63865385	1474
63865524	1474
63865616	1474
63865710	1474
63865800	1474
63865898	1474
63866006	1474
63866126	1474
63866220	1474
63866342	1474
63866461	1474
63866580	1474
64664240	1474
64664523	1474
64664615	1474
64664711	1474
64664803	1474
64664893	1474
64664982	1474
64665122	1474
64665324	1474
64665423	1474
64665518	1474
64665613	1474
64665706	1474
64665823	1474
64665914	1474
64666007	1474
65464270	1474
65464457	1474
65464652	1474
65464781	1474
65464891	1474
65464984	1474
65465230	1474
65465354	1474
65465536	1474
65465631	1474
65465725	1474
65465822	1474
65465916	1474
65466009	1474
65466101	1474
65466192	1474
65466315	1474
65999318	1474
65999439	1474
65999532	1474
65999624	1474
65999728	1474
65999851	1474
65999974	1474
66000066	1474
66000159	1474
66000252	1474
66000369	1474
66000493	1474
66000611	1474
66000743	1474
66000861	1474
66000955	1474
66796912	1474
66797007	1474
66797098	1474
66797278	1474
66797470	1474
66797672	1474
66797773	1474
66797867	1474
66797961	1474
66798057	1474
66798175	1474
66798268	1474
66798362	1474
66798469	1474
66798587	1474
66798682	1474
66798775	1474
67600042	1474
67600226	1474
67600365	1474
67600550	1474
67600744	1474
67600904	1474
67601061	1474
67601219	1474
67601380	1474
67601542	1474
67601682	1474
67601826	1474
67601963	1474
67602112	1474
67602252	1474
67602395	1474
67602533	1474
68398850	1474
68398994	1474
68399090	1474
68399268	1474
68399378	1474
68399635	1474
68399785	1474
68399931	1474
68400170	1474
68400258	1474
68400378	1474
68400472	1474
68400604	1474
68400719	1474
68400813	1474
68401037	1474
68404042	1474
69198437	1474
69198560	1474
69198669	1474
69198783	1474
69198904	1474
69199204	1474
69199306	1474
69199398	1474
69199498	1474
69199603	1474
69199710	1474
69199866	1474
69199992	1474
69200120	1474
69200215	1474
69200347	1474
69200459	1474
69998701	1474
69998799	1474
69998914	1474
69999013	1474
69999112	1474
69999347	1474
69999464	1474
69999624	1474
69999784	1474
70000064	1474
70000170	1474
70000293	1474
70000428	1474
70000553	1474
70000703	1474
70000981	1474
70001564	1474
70799180	1474
70799285	1474
70799386	1474
70799489	1474
70799650	1474
70799944	1474
70800248	1474
70800611	1474
70800714	1474
70801146	1474
70801276	1474
70801376	1474
70801591	1474
70801779	1474
70801901	1474
70802022	1474
70802176	1474
70802277	1474
71598334	1474
71598653	1474
71598786	1474
71598891	1474
71599065	1474
71599290	1474
71599388	1474
71599509	1474
71599638	1474
71599737	1474
71599904	1474
71600034	1474
71600173	1474
71600306	1474
71601143	1474
71601249	1474
71601357	1474
72398795	1474
72398910	1474
72399006	1474
72399107	1474
72399198	1474
72399299	1474
72399557	1474
72399785	1474
72400125	1474
72401759	1474
72401867	1474
72401993	1474
72402103	1474
72402196	1474
72402291	1474
72402402	1474
72402510	1474
73195463	1474
73195564	1474
73195656	1474
73195771	1474
73196003	1474
73196101	1474
73196194	1474
73196291	1474
73196384	1474
73196584	1474
73196676	1474
73196769	1474
73196863	1474
73196954	1474
73197047	1474
73197138	1474
73197230	1474
73998624	1474
73998725	1474
73998820	1474
73998952	1474
73999073	1474
73999208	1474
73999358	1474
73999615	1474
73999719	1474
74000281	1474
74000412	1474
74000507	1474
74000630	1474
74000725	1474
74000820	1474
74000920	1474
74001033	1474
74001163	1474
74798161	1474
74798260	1474
74798356	1474
74798460	1474
74798563	1474
74798795	1474
74798996	1474
74799102	1474
74799442	1474
74799547	1474
74799660	1474
74799934	1474
74800050	1474
74800184	1474
74800321	1474
74800422	1474
74800516	1474
74800635	1474
75596372	1474
75596470	1474
75596557	1474
75596648	1474
75596771	1474
75596973	1474
75597071	1474
75597163	1474
75597258	1474
75597349	1474
75597440	1474
75597530	1474
75597621	1474
75597708	1474
75597811	1474
75597902	1474
75597996	1474
75598086	1474
76660249	1474
76660336	1474
76660426	1474
76660534	1474
76660653	1474
76660847	1474
76660947	1474
76661065	1474
76661181	1474
76661273	1474
76661364	1474
76661495	1474
76661612	1474
76661703	1474
76661793	1474
76661884	1474
76661976	1474
76662091	1474
77460293	1474
77460387	1474
77460485	1474
77460613	1474
77460825	1474
77460951	1474
77461076	1474
77461256	1474
77461349	1474
77461465	1474
77461582	1474
77461674	1474
77461777	1474
77461868	1474
77461960	1474
77462051	1474
77462143	1474
77462240	1474
78260024	1474
78260265	1474
78260360	1474
78260454	1474
78260547	1474
78260637	1474
78260726	1474
78260817	1474
78260907	1474
78261007	1474
78261102	1474
78261193	1474
78261284	1474
78261375	1474
78261465	1474
78261554	1474
78261644	1474
79059773	1474
79060119	1474
79060332	1474
79060454	1474
79060548	1474
79060669	1474
79060868	1474
79060956	1474
79061069	1474
79061186	1474
79061284	1474
79061412	1474
79061535	1474
79061646	1474
79061758	1474
79061862	1474
79062004	1474
79062097	1474
79859406	1474
79859661	1474
79859828	1474
79859930	1474
79860017	1474
79860118	1474
79860216	1474
79860323	1474
79860434	1474
79860543	1474
79860695	1474
79860805	1474
79860942	1474
79861041	1474
79861149	1474
79861250	1474
79861348	1474
79861452	1474
80659181	1474
80659460	1474
80659698	1474
80659849	1474
80660132	1474
80660235	1474
80660371	1474
80660465	1474
80660563	1474
80660694	1474
80660805	1474
80660904	1474
80661023	1474
80661119	1474
80661218	1474
80661333	1474
80661452	1474
80661549	1474
81459732	1474
81459879	1474
81460170	1474
81460278	1474
81460379	1474
81460687	1474
81460789	1474
81460874	1474
81461017	1474
81461153	1474
81461264	1474
81461358	1474
81461454	1474
81461576	1474
81461691	1474
81461786	1474
81461884	1474
81462009	1474
82258356	1474
82258584	1474
82258732	1474
82258888	1474
82258996	1474
82259117	1474
82259223	1474
82259318	1474
82259450	1474
82259571	1474
82259665	1474
82259783	1474
82259937	1474
82260078	1474
82260183	1474
82260290	1474
82260412	1474
82260509	1474
83058517	1474
83058857	1474
83058974	1474
83059099	1474
83059219	1474
83059329	1474
83059422	1474
83059518	1474
83059675	1474
83059901	1474
83060009	1474
83060131	1474
83060252	1474
83060355	1474
83060474	1474
83060642	1474
83060763	1474
83060859	1474
83858383	1474
83858541	1474
83858693	1474
83858797	1474
83858897	1474
83859016	1474
83859122	1474
83859218	1474
83859371	1474
83859496	1474
83859592	1474
83859713	1474
83859844	1474
83859952	1474
83860062	1474
83860190	1474
84657459	1474
84657615	1474
84657733	1474
84657841	1474
84657957	1474
84658055	1474
84658191	1474
84658336	1474
84658460	1474
84658594	1474
84658708	1474
84658802	1474
84658920	1474
84659019	1474
84659127	1474
84659240	1474
84659350	1474
85458123	1474
85458422	1474
85458550	1474
85458662	1474
85458756	1474
85458894	1474
85459011	1474
85459120	1474
85459231	1474
85459346	1474
85459445	1474
85459542	1474
85459639	1474
85459790	1474
85459908	1474
85459999	1474
85460118	1474
85460235	1474
86256841	1474
86257093	1474
86257280	1474
86257436	1474
86257575	1474
86257724	1474
86257885	1474
86258025	1474
86258164	1474
86258329	1474
86258468	1474
86258609	1474
86258767	1474
86258903	1474
86259082	1474
86259243	1474
86259383	1474
87058716	1474
87058843	1474
87058932	1474
87059050	1474
87059144	1474
87059264	1474
87059372	1474
87059470	1474
87059575	1474
87059696	1474
87059901	1474
87060013	1474
87060199	1474
87060298	1474
87060413	1474
87060524	1474
87060661	1474
87858704	1474
87858800	1474
87858912	1474
87859046	1474
87859157	1474
87859303	1474
87859585	1474
87859687	1474
87859838	1474
87859979	1474
87860100	1474
87860204	1474
87860309	1474
87860428	1474
87860524	1474
87860612	1474
87860704	1474
87860819	1474
88658384	1474
88658542	1474
88658641	1474
88658762	1474
88658858	1474
88658983	1474
88659213	1474
88659324	1474
88659440	1474
88659543	1474
88659664	1474
88659804	1474
88659948	1474
88660051	1474
88660173	1474
88660276	1474
88660374	1474
89457533	1474
89457633	1474
89457744	1474
89457839	1474
89457962	1474
89458084	1474
89458185	1474
89458289	1474
89458409	1474
89458536	1474
89458646	1474
89458748	1474
89458845	1474
89458991	1474
89459086	1474
89459187	1474
89459285	1474
89459391	1474
90257018	1474
90257120	1474
90257251	1474
90257345	1474
90257467	1474
90257573	1474
90257728	1474
90257945	1474
90258088	1474
90258213	1474
90258299	1474
90258396	1474
90258513	1474
90258608	1474
90258719	1474
90258830	1474
90258950	1474
91056728	1474
91056832	1474
91056927	1474
91057062	1474
91057153	1474
91057249	1474
91057617	1474
91057761	1474
91057854	1474
91057970	1474
91058068	1474
91058184	1474
91058288	1474
91058383	1474
91058496	1474
91058611	1474
91058719	1474
91058815	1474
91856513	1474
91856612	1474
91856718	1474
91856835	1474
91856927	1474
91857017	1474
91857152	1474
91857262	1474
91857365	1474
91857462	1474
91857559	1474
91857678	1474
91857777	1474
91857874	1474
91858151	1474
92390431	1474
92390529	1474
92390651	1474
92390748	1474
92390844	1474
92390941	1474
92391034	1474
92391146	1474
92391245	1474
92391343	1474
92391440	1474
92391537	1474
92391660	1474
92391900	1474
92392011	1474
92392123	1474
93189752	1474
93189859	1474
93189969	1474
93190097	1474
93190197	1474
93190311	1474
93190429	1474
93190526	1474
93190625	1474
93190746	1474
93190850	1474
93190973	1474
93191072	1474
93191189	1474
93191288	1474
93191387	1474
94255443	1474
94255552	1474
94255653	1474
94255821	1474
94255952	1474
94256096	1474
94256196	1474
94256293	1474
94256393	1474
94256505	1474
94256621	1474
94256792	1474
94256893	1474
94256989	1474
94257088	1474
94257186	1474
94257284	1474
94257379	1474
95055546	1474
95055686	1474
95055827	1474
95056016	1474
95056190	1474
95056335	1474
95056498	1474
95056631	1474
95056789	1474
95056930	1474
95057067	1474
95057214	1474
95057352	1474
95057491	1474
95057630	1474
95057765	1474
95057903	1474
95855614	1474
95855758	1474
95855986	1474
95856135	1474
95856271	1474
95856407	1474
95856548	1474
95856709	1474
95856843	1474
95856991	1474
95857131	1474
95857272	1474
95857405	1474
95857544	1474
95857703	1474
95857843	1474
95857989	1474
95858127	1474
96386735	1474
96387312	1474
96387455	1474
96387593	1474
96387731	1474
96387945	1474
96388094	1474
96388234	1474
96388395	1474
96388534	1474
96388669	1474
96388810	1474
96388958	1474
96389095	1474
96389233	1474
96389373	1474
97186491	1474
97186717	1474
97186896	1474
97187037	1474
97187298	1474
97187520	1474
97187983	1474
97188184	1474
97188361	1474
97188502	1474
97188701	1474
97188839	1474
97189004	1474
97189168	1474
97189309	1474
97189472	1474
97192666	1474
97989338	1474
97989480	1474
97989644	1474
97989787	1474
97989973	1474
97990111	1474
97990250	1474
97990436	1474
97990576	1474
97990735	1474
97990899	1474
97991037	1474
97991178	1474
97991320	1474
97991497	1474
97991727	1474
97991997	1474
98788807	1474
98788951	1474
98789074	1474
98789225	1474
98789345	1474
98789483	1474
98789599	1474
98789716	1474
98789850	1474
98789997	1474
98790130	1474
98790250	1474
98790369	1474
98790490	1474
98790609	1474
98790730	1474
98790855	1474
99585584	1474
99585939	1474
99586089	1474
99586243	1474
99586424	1474
99586620	1474
99586820	1474
99586965	1474
99587137	1474
99587295	1474
99587435	1474
99587571	1474
99587707	1474
99587893	1474
99588038	1474
99588185	1474
99588323	1474
99588459	1474
100385334	1474
100385577	1474
100385747	1474
100386045	1474
100386256	1474
100386443	1474
100386584	1474
100386750	1474
100386898	1474
100387064	1474
100387203	1474
100387343	1474
100387483	1474
100387623	1474
100387760	1474
100387956	1474
100388104	1474
100388242	1474
101453176	1474
101453315	1474
101453477	1474
101453624	1474
101453761	1474
101453899	1474
101454036	1474
101454174	1474
101454310	1474
101454447	1474
101454611	1474
101454754	1474
101454892	1474
101455031	1474
101455168	1474
101455307	1474
101455443	1474
101455607	1474
102254707	1474
102254851	1474
102254988	1474
102255263	1474
102255454	1474
102255646	1474
102255774	1474
102256058	1474
102256256	1474
102256483	1474
102256629	1474
102256755	1474
102256879	1474
102257002	1474
102257127	1474
102257257	1474
102257383	1474
102257507	1474
103056138	1474
103056283	1474
103056452	1474
103056643	1474
103056904	1474
103057054	1474
103057192	1474
103057351	1474
103057487	1474
103057622	1474
103057758	1474
103057894	1474
103058029	1474
103058175	1474
103058332	1474
103058473	1474
103058636	1474
103852405	1474
103852569	1474
103852707	1474
103852893	1474
103853088	1474
103853313	1474
103853475	1474
103853613	1474
103853750	1474
103853926	1474
103854061	1474
103854224	1474
103854388	1474
103854524	1474
103854660	1474
103854848	1474
103854987	1474
104652411	1474
104652550	1474
104652710	1474
104652877	1474
104653072	1474
104653304	1474
104653444	1474
104653579	1474
104653727	1474
104653862	1474
104654000	1474
104654134	1474
104654294	1474
104654429	1474
104654587	1474
104654765	1474
104654925	1474
105455557	1474
105455702	1474
105455912	1474
105456097	1474
105456289	1474
105456505	1474
105456645	1474
105456807	1474
105456944	1474
105457080	1474
105457217	1474
105457354	1474
105457505	1474
105457642	1474
105457781	1474
105457918	1474
105458080	1474
105458216	1474
106255310	1474
106255450	1474
106255586	1474
106255756	1474
106256007	1474
106256164	1474
106256302	1474
106256439	1474
106256600	1474
106256737	1474
106256873	1474
106257010	1474
106257147	1474
106257293	1474
106257430	1474
106257593	1474
106257754	1474
106783899	1474
106784135	1474
106784278	1474
106784443	1474
106784605	1474
106784745	1474
106784884	1474
106785054	1474
106785216	1474
106785352	1474
106785489	1474
106785626	1474
106785762	1474
107319128	1474
107319390	1474
107319606	1474
107319743	1474
107319940	1474
107320085	1474
107320222	1474
107320385	1474
107320522	1474
107320659	1474
107320795	1474
107320938	1474
107321075	1474
107321213	1474
107321374	1474
107321535	1474
108384780	1474
108385043	1474
108385183	1474
108385322	1474
108385459	1474
108385603	1474
108385744	1474
108385905	1474
108386043	1474
108386179	1474
108386343	1474
108386476	1474
108386619	1474
108386757	1474
108386920	1474
108387057	1474
108387194	1474
109182794	1474
109183076	1474
109183263	1474
109183486	1474
109183681	1474
109183910	1474
109184054	1474
109184214	1474
109184382	1474
109184518	1474
109184654	1474
109184808	1474
109184946	1474
109185080	1474
109185215	1474
109185349	1474
109185495	1474
109982805	1474
109982961	1474
109983098	1474
109983279	1474
109983473	1474
109983696	1474
109983907	1474
109984079	1474
109984225	1474
109984387	1474
109984546	1474
109984682	1474
109984820	1474
109984957	1474
109985092	1474
109985240	1474
109985375	1474
109985531	1474
110782042	1474
110782228	1474
110782448	1474
110782636	1474
110782774	1474
110782940	1474
110783077	1474
110783211	1474
110783348	1474
110783484	1474
110783620	1474
110783755	1474
110783954	1474
110784100	1474
110784261	1474
110784396	1474
110784532	1474
110784666	1474
111582035	1474
111582250	1474
111582388	1474
111582558	1474
111582778	1474
111583016	1474
111583156	1474
111583310	1474
111583449	1474
111583585	1474
111583727	1474
111583915	1474
111584059	1474
111584220	1474
111584355	1474
111584490	1474
111584625	1474
111584765	1474
112382043	1474
112382300	1474
112382441	1474
112382660	1474
112382871	1474
112383121	1474
112383262	1474
112383401	1474
112383546	1474
112383685	1474
112383871	1474
112384042	1474
112384179	1474
112384316	1474
112384453	1474
112384603	1474
112384740	1474
112384896	1474
113181851	1474
113182054	1474
113182195	1474
113182339	1474
113182476	1474
113182612	1474
113182774	1474
113182911	1474
113183048	1474
113183209	1474
113183352	1474
113183491	1474
113183628	1474
113183765	1474
113183953	1474
113184096	1474
113184258	1474
113184407	1474
113981286	1474
113981512	1474
113981655	1474
113981940	1474
113982143	1474
113982300	1474
113982438	1474
113982593	1474
113982734	1474
113982872	1474
113983041	1474
113983181	1474
113983317	1474
113983456	1474
113983591	1474
113983729	1474
113983914	1474
113984071	1474
114781159	1474
114781360	1474
114781577	1474
114781742	1474
114781951	1474
114782114	1474
114782270	1474
114782411	1474
114782597	1474
114782742	1474
114782890	1474
114783051	1474
114783212	1474
114783350	1474
114783487	1474
114783623	1474
114783760	1474
115580693	1474
115580917	1474
115581057	1474
115581226	1474
115581432	1474
115581590	1474
115581768	1474
115581905	1474
115582043	1474
115582204	1474
115582365	1474
115582503	1474
115582639	1474
115582789	1474
115582926	1474
115583087	1474
115583224	1474
116380545	1474
116380909	1474
116381066	1474
116381190	1474
116381300	1474
116381586	1474
116381690	1474
116381924	1474
116382067	1474
116382162	1474
116382277	1474
116382404	1474
116382518	1474
116382615	1474
116382732	1474
116382827	1474
116382938	1474
117180469	1474
117180639	1474
117181255	1474
117182512	1474
117182641	1474
117182842	1474
117183125	1474
117183314	1474
117183568	1474
117184492	1474
117184664	1474
117184950	1474
117185123	1474
117187031	1474
117187229	1474
117187350	1474
117981242	1474
117981452	1474
117981554	1474
117981649	1474
117981748	1474
117981847	1474
117982128	1474
117982251	1474
117982405	1474
117982513	1474
117982606	1474
117982735	1474
117982865	1474
117982972	1474
117983066	1474
117983158	1474
117983249	1474
118779621	1474
118779887	1474
118779981	1474
118780068	1474
118780158	1474
118780248	1474
118780341	1474
118780435	1474
118780526	1474
118780617	1474
118780706	1474
118780804	1474
118780896	1474
118780987	1474
118781116	1474
118781208	1474
119579524	1474
119579872	1474
119579960	1474
119580072	1474
119580162	1474
119580254	1474
119580346	1474
119580435	1474
119580524	1474
119580630	1474
119580726	1474
119580818	1474
119580904	1474
119580993	1474
119581085	1474
119581176	1474
119581267	1474
119581382	1474
120379739	1474
120380057	1474
120380198	1474
120380347	1474
120380614	1474
120380803	1474
120380963	1474
120381099	1474
120381233	1474
120381410	1474
120381545	1474
120381681	1474
120381815	1474
120381949	1474
120382083	1474
120382216	1474
120382418	1474
120382556	1474
121178826	1474
121179146	1474
121179317	1474
121179495	1474
121179705	1474
121179892	1474
121180029	1474
121180178	1474
121180338	1474
121180473	1474
121180607	1474
121180745	1474
121180881	1474
121181015	1474
121181155	1474
121181291	1474
121181427	1474
121181563	1474
121978714	1474
121978983	1474
121979124	1474
121979291	1474
121979484	1474
121979647	1474
121979808	1474
121979998	1474
121980139	1474
121980295	1474
121980433	1474
121980568	1474
121980705	1474
121980840	1474
121980989	1474
121981148	1474
121981283	1474
122778597	1474
122778824	1474
122778966	1474
122779271	1474
122779464	1474
122779637	1474
122779866	1474
122780004	1474
122780139	1474
122780275	1474
122780411	1474
122780573	1474
122780718	1474
122780854	1474
122781035	1474
122781174	1474
122781310	1474
122781470	1474
123578057	1474
123578314	1474
123578465	1474
123578797	1474
123579020	1474
123579241	1474
123579383	1474
123579537	1474
123579704	1474
123579893	1474
123580044	1474
123580183	1474
123580322	1474
123580469	1474
123580609	1474
123580746	1474
123580886	1474
123581025	1474
124377827	1474
124378037	1474
124378186	1474
124378364	1474
124378502	1474
124378685	1474
124378826	1474
124378964	1474
124379098	1474
124379244	1474
124379388	1474
124379526	1474
124379660	1474
124379869	1474
124380022	1474
124380186	1474
124380364	1474
124380503	1474
125177914	1474
125178155	1474
125178299	1474
125178455	1474
125178674	1474
125178867	1474
125179161	1474
125179308	1474
125179473	1474
125179635	1474
125179771	1474
125179955	1474
125180145	1474
125180307	1474
125180447	1474
125180585	1474
125180726	1474
125180883	1474
125977431	1474
125977657	1474
125977845	1474
125978012	1474
125978170	1474
125978311	1474
125978450	1474
125978588	1474
125978752	1474
125978907	1474
125979076	1474
125979218	1474
125979383	1474
125979522	1474
125979660	1474
125979902	1474
126777516	1474
126777740	1474
126777884	1474
126778143	1474
126778341	1474
126778592	1474
126778735	1474
126778905	1474
126779044	1474
126779184	1474
126779347	1474
126779486	1474
126779653	1474
126779870	1474
126780016	1474
126780155	1474
127577693	1474
127577932	1474
127578078	1474
127578336	1474
127578558	1474
127578753	1474
127578901	1474
127579068	1474
127579249	1474
127579400	1474
127579540	1474
127579677	1474
127579818	1474
127580039	1474
127580183	1474
127580325	1474
127580480	1474
128113491	1474
128113715	1474
128113865	1474
128114004	1474
128114167	1474
128114331	1474
128114471	1474
128114622	1474
128114791	1474
128114966	1474
128115108	1474
128115258	1474
128115404	1474
128115546	1474
128115686	1474
128115875	1474
129180230	1474
129180369	1474
129180506	1474
129180672	1474
129180866	1474
129181064	1474
129181226	1474
129181397	1474
129181587	1474
129181776	1474
129182015	1474
129182217	1474
129182408	1474
129182548	1474
129182683	1474
129182829	1474
129183001	1474
129979593	1474
129979744	1474
129979979	1474
129980216	1474
129980363	1474
129980504	1474
129980639	1474
129980816	1474
129980953	1474
129981095	1474
129981312	1474
129981526	1474
129981683	1474
129981892	1474
129982094	1474
129982237	1474
129982395	1474
129982537	1474
130776137	1474
130776508	1474
130777048	1474
130777256	1474
130777597	1474
130777759	1474
130777903	1474
130778065	1474
130778203	1474
130778339	1474
130778501	1474
130778651	1474
130778794	1474
130778930	1474
130779068	1474
130779204	1474
130779342	1474
130779479	1474
131579109	1474
131579245	1474
131579389	1474
131579552	1474
131579713	1474
131579898	1474
131580084	1474
131580223	1474
131580370	1474
131580510	1474
131580648	1474
131580784	1474
131580925	1474
131581061	1474
131581202	1474
131581337	1474
131581490	1474
131581628	1474
132379898	1474
132380069	1474
132380220	1474
132380408	1474
132380607	1474
132380799	1474
132380939	1474
132381101	1474
132381255	1474
132381393	1474
132381531	1474
132381669	1474
132381806	1474
132381942	1474
132382080	1474
132382257	1474
132382398	1474
133178422	1474
133178559	1474
133178701	1474
133178867	1474
133179013	1474
133179156	1474
133179294	1474
133179434	1474
133179571	1474
133179736	1474
133179925	1474
133180085	1474
133180223	1474
133180360	1474
133180498	1474
133180635	1474
133180797	1474
133978840	1474
133978978	1474
133979118	1474
133979254	1474
133979394	1474
133979555	1474
133979695	1474
133979914	1474
133980085	1474
133980283	1474
133980426	1474
133980561	1474
133980699	1474
133980846	1474
133980988	1474
133981149	1474
133981313	1474
134776967	1474
134777099	1474
134777223	1474
134777338	1474
134777554	1474
134777682	1474
134777945	1474
134778074	1474
134778168	1474
134778275	1474
134778371	1474
134778470	1474
134778585	1474
134778683	1474
134778787	1474
134778904	1474
134779001	1474
134779101	1474
135577827	1474
135577984	1474
135578096	1474
135578320	1474
135578421	1474
135578519	1474
135578652	1474
135578786	1474
135578907	1474
135579019	1474
135579142	1474
135579236	1474
135579336	1474
135579476	1474
135579614	1474
135579708	1474
135579803	1474
136374241	1474
136374508	1474
136374733	1474
136374832	1474
136374966	1474
136375064	1474
136375233	1474
136375499	1474
136375623	1474
136375767	1474
136375923	1474
136376012	1474
136376128	1474
136376233	1474
136376339	1474
136376453	1474
136376569	1474
136376663	1474
137174153	1474
137174392	1474
137174532	1474
137174672	1474
137174917	1474
137175141	1474
137175299	1474
137175439	1474
137175576	1474
137175711	1474
137175938	1474
137176107	1474
137176248	1474
137176386	1474
137176525	1474
137176662	1474
137176799	1474
137176948	1474
137974120	1474
137974314	1474
137974503	1474
137974677	1474
137974827	1474
137974963	1474
137975123	1474
137975259	1474
137975396	1474
137975531	1474
137975695	1474
137975920	1474
137976060	1474
137976196	1474
137976332	1474
137976469	1474
137976606	1474
137976751	1474
138773624	1474
138773928	1474
138774053	1474
138774236	1474
138774331	1474
138774418	1474
138774525	1474
138774624	1474
138774719	1474
138774824	1474
138774918	1474
138775014	1474
138775134	1474
138775252	1474
138775351	1474
138775447	1474
138775582	1474
138775682	1474
139573307	1474
139573451	1474
139573662	1474
139573752	1474
139573865	1474
139573956	1474
139574051	1474
139574145	1474
139574235	1474
139574347	1474
139574450	1474
139574543	1474
139574659	1474
139574753	1474
139574858	1474
139574980	1474
139575074	1474
140373476	1474
140373744	1474
140373866	1474
140374025	1474
140374147	1474
140374247	1474
140374350	1474
140374497	1474
140374592	1474
140374713	1474
140374800	1474
140374918	1474
140375027	1474
140375137	1474
140375260	1474
140375374	1474
140375470	1474
140375561	1474
141439672	1474
141439969	1474
141440108	1474
141440205	1474
141440300	1474
141440420	1474
141440543	1474
141440752	1474
141440861	1474
141440951	1474
141441082	1474
141441179	1474
141441287	1474
141441377	1474
141441470	1474
141441589	1474
141441700	1474
141441797	1474
141972274	1474
141972476	1474
141972627	1474
141973130	1474
141973221	1474
141973343	1474
141973467	1474
141973564	1474
141973673	1474
141973809	1474
141973943	1474
141974081	1474
141974180	1474
141974292	1474
141974412	1474
141974518	1474
141974616	1474
142773286	1474
142773645	1474
142773769	1474
142773863	1474
142773984	1474
142774096	1474
142774208	1474
142774330	1474
142774441	1474
142774565	1474
142774684	1474
142774781	1474
142774890	1474
142774997	1474
142775094	1474
142775204	1474
143572414	1474
143572562	1474
143573332	1474
143573576	1474
143573679	1474
143573819	1474
143573940	1474
143574035	1474
143574144	1474
143574319	1474
143574417	1474
143574534	1474
143574628	1474
143574731	1474
143574826	1474
143574929	1474
143575048	1474
143575161	1474
144373641	1474
144373898	1474
144374028	1474
144374279	1474
144374405	1474
144374501	1474
144374587	1474
144374683	1474
144374781	1474
144374904	1474
144375027	1474
144375160	1474
144375258	1474
144375374	1474
144375491	1474
144375611	1474
144375710	1474
144375876	1474
145174773	1474
145174875	1474
145174963	1474
145175078	1474
145175198	1474
145175284	1474
145175383	1474
145175478	1474
145175576	1474
145175672	1474
145175808	1474
145175926	1474
145176075	1474
145176190	1474
145176288	1474
145176401	1474
145176516	1474
145970815	1474
145971102	1474
145971443	1474
145971783	1474
145972136	1474
145972240	1474
145972478	1474
145972603	1474
145972774	1474
145972893	1474
145973001	1474
145973098	1474
145973222	1474
145973338	1474
145973432	1474
145973558	1474
145973689	1474
146771384	1474
146771773	1474
146771915	1474
146772110	1474
146772247	1474
146772459	1474
146772569	1474
146772667	1474
146772785	1474
146772907	1474
146773007	1474
146773119	1474
146773215	1474
146773329	1474
146773441	1474
146773587	1474
146773699	1474
147572165	1474
147572542	1474
147572634	1474
147572762	1474
147572877	1474
147572973	1474
147573059	1474
147573175	1474
147573288	1474
147573412	1474
147573526	1474
147573644	1474
147573761	1474
147573881	1474
147573990	1474
147574105	1474
147574213	1474
147574323	1474
148370786	1474
148371034	1474
148371144	1474
148371235	1474
148371327	1474
148371420	1474
148371654	1474
148371789	1474
148371917	1474
148372012	1474
148372124	1474
148372219	1474
148372319	1474
148372439	1474
148372536	1474
148372657	1474
148372779	1474
149437392	1474
149437592	1474
149437739	1474
149437886	1474
149438022	1474
149438196	1474
149438389	1474
149438583	1474
149438724	1474
149438871	1474
149439006	1474
149439167	1474
149439301	1474
149439438	1474
149439576	1474
149439713	1474
149439927	1474
149440069	1474
150236913	1474
150237218	1474
150237309	1474
150237401	1474
150237605	1474
150237733	1474
150237827	1474
150237946	1474
150238040	1474
150238135	1474
150238231	1474
150238350	1474
150238446	1474
150238542	1474
150238658	1474
150238751	1474
150238869	1474
150238963	1474
151036657	1474
151036899	1474
151037019	1474
151037113	1474
151037207	1474
151037323	1474
151037424	1474
151037520	1474
151037737	1474
151037838	1474
151037931	1474
151038025	1474
151038144	1474
151038237	1474
151038331	1474
151038434	1474
151038555	1474
151038655	1474
151836396	1474
151836698	1474
151836799	1474
151836920	1474
151837111	1474
151837288	1474
151837375	1474
151837467	1474
151837566	1474
151837659	1474
151837752	1474
151837846	1474
151837944	1474
151838034	1474
151838127	1474
151838227	1474
151838323	1474
151838416	1474
152636316	1474
152636460	1474
152636554	1474
152636653	1474
152636752	1474
152636871	1474
152637064	1474
152637276	1474
152637377	1474
152637465	1474
152637563	1474
152637683	1474
152637775	1474
152637892	1474
152637982	1474
152638178	1474
152638272	1474
153436180	1474
153436325	1474
153436440	1474
153436557	1474
153436643	1474
153436760	1474
153436892	1474
153437111	1474
153437212	1474
153437305	1474
153437422	1474
153437518	1474
153437614	1474
153437706	1474
153437809	1474
153437908	1474
153438005	1474
154236007	1474
154236242	1474
154236461	1474
154236564	1474
154236671	1474
154236788	1474
154236908	1474
154237027	1474
154237145	1474
154237263	1474
154237358	1474
154237474	1474
154237565	1474
154237694	1474
154237789	1474
154237882	1474
154238109	1474
155035565	1474
155035885	1474
155036123	1474
155036235	1474
155036354	1474
155036462	1474
155036559	1474
155036652	1474
155036751	1474
155036844	1474
155036961	1474
155037079	1474
155037197	1474
155037290	1474
155037383	1474
155037489	1474
155037578	1474
155835265	1474
155835560	1474
155835774	1474
155835946	1474
155836042	1474
155836140	1474
155836249	1474
155836343	1474
155836443	1474
155836534	1474
155836630	1474
155836721	1474
155836816	1474
155836913	1474
155837031	1474
155837126	1474
155837221	1474
155837318	1474
156635325	1474
156635472	1474
156636050	1474
156636191	1474
156636387	1474
156636515	1474
156636612	1474
156636731	1474
156636823	1474
156636916	1474
156637047	1474
156637171	1474
156637288	1474
156637384	1474
156637476	1474
156637569	1474
156637659	1474
157435151	1474
157435574	1474
157435689	1474
157435883	1474
157435975	1474
157436096	1474
157436208	1474
157436406	1474
157436531	1474
157436628	1474
157436728	1474
157436842	1474
157436937	1474
157437053	1474
157437181	1474
157437290	1474
157437412	1474
157437514	1474
158234309	1474
158234740	1474
158234840	1474
158234959	1474
158235078	1474
158235209	1474
158235477	1474
158235581	1474
158235702	1474
158235951	1474
158236084	1474
158236173	1474
158236270	1474
158236372	1474
158236490	1474
158236583	1474
158236685	1474
159034317	1474
159034614	1474
159034702	1474
159034817	1474
159034905	1474
159034995	1474
159035105	1474
159035204	1474
159035291	1474
159035390	1474
159035501	1474
159035589	1474
159035720	1474
159035844	1474
159035960	1474
159036062	1474
159036150	1474
159036263	1474
159833989	1474
159834135	1474
159834877	1474
159835128	1474
159835240	1474
159835426	1474
159835532	1474
159835631	1474
159835742	1474
159835918	1474
159836033	1474
159836147	1474
159836257	1474
159836349	1474
159836439	1474
159836545	1474
159836643	1474
159836754	1474
160633760	1474
160634123	1474
160634249	1474
160634362	1474
160634461	1474
160634666	1474
160634825	1474
160635054	1474
160635163	1474
160635269	1474
160635384	1474
160635497	1474
160635611	1474
160635739	1474
160635889	1474
160635991	1474
160636108	1474
160636243	1474
161434057	1474
161434335	1474
161434480	1474
161434582	1474
161434681	1474
161434833	1474
161434984	1474
161435231	1474
161435335	1474
161435438	1474
161435548	1474
161435649	1474
161435759	1474
161435921	1474
161436032	1474
161436123	1474
161436241	1474
162233478	1474
162233750	1474
162234075	1474
162234219	1474
162234328	1474
162234454	1474
162234758	1474
162234864	1474
162234959	1474
162235183	1474
162235304	1474
162235425	1474
162235548	1474
162235679	1474
162235858	1474
162235959	1474
162236075	1474
162236172	1474
163033467	1474
163033717	1474
163033825	1474
163033924	1474
163034046	1474
163034139	1474
163034239	1474
163034481	1474
163034586	1474
163034675	1474
163034786	1474
163034895	1474
163035024	1474
163035124	1474
163035222	1474
163035332	1474
163035657	1474
163035865	1474
163833440	1474
163833606	1474
163833698	1474
163833790	1474
163833883	1474
163833973	1474
163834063	1474
163834153	1474
163834252	1474
163834369	1474
163834456	1474
163834546	1474
163834637	1474
163834728	1474
163834844	1474
163834936	1474
163835027	1474
164632611	1474
164632754	1474
164632853	1474
164632945	1474
164633075	1474
164633273	1474
164633399	1474
164633484	1474
164633574	1474
164633666	1474
164633756	1474
164633848	1474
164633938	1474
164634035	1474
164634129	1474
164634217	1474
164634308	1474
165432550	1474
165432895	1474
165432991	1474
165433082	1474
165433166	1474
165433254	1474
165433385	1474
165433521	1474
165433704	1474
165433999	1474
165434222	1474
165434477	1474
165434624	1474
165434884	1474
165434992	1474
165435185	1474
165435379	1474
165435594	1474
166232500	1474
166233043	1474
166233258	1474
166233451	1474
166233647	1474
166233799	1474
166233961	1474
166234096	1474
166234234	1474
166234370	1474
166234506	1474
166234664	1474
166234812	1474
166234947	1474
166235083	1474
166235218	1474
166235378	1474
166235536	1474
167031672	1474
167032005	1474
167032378	1474
167032578	1474
167032845	1474
167033010	1474
167033146	1474
167033281	1474
167033416	1474
167033591	1474
167033727	1474
167033864	1474
167034013	1474
167034149	1474
167034283	1474
167034418	1474
167034563	1474
168100842	1474
168101011	1474
168101153	1474
168101380	1474
168101574	1474
168101866	1474
168102005	1474
168102166	1474
168102319	1474
168102481	1474
168102618	1474
168102754	1474
168102890	1474
168103028	1474
168103255	1474
168103475	1474
168104178	1474
168104476	1474
168898623	1474
168898817	1474
168899176	1474
168899371	1474
168900101	1474
168900279	1474
168900470	1474
168900596	1474
168900746	1474
168900870	1474
168901003	1474
168901128	1474
168901252	1474
168901378	1474
168901501	1474
168901670	1474
168901818	1474
168901950	1474
169705398	1474
169705524	1474
169705670	1474
169705912	1474
169706085	1474
169706266	1474
169706415	1474
169706559	1474
169706683	1474
169706815	1474
169706939	1474
169707062	1474
169707182	1474
169707304	1474
169707527	1474
169707776	1474
169708050	1474
169708554	1474
170497949	1474
170498148	1474
170498311	1474
170498515	1474
170498794	1474
170499004	1474
170499143	1474
170499283	1474
170499420	1474
170499567	1474
170499705	1474
170499896	1474
170500043	1474
170500180	1474
170500318	1474
170500456	1474
170500631	1474
170500775	1474
171297670	1474
171297938	1474
171298096	1474
171298280	1474
171298505	1474
171298737	1474
171298882	1474
171299019	1474
171299158	1474
171299298	1474
171299472	1474
171299615	1474
171299754	1474
171299972	1474
171300118	1474
171300282	1474
171300429	1474
172103947	1474
172104090	1474
172104234	1474
172104372	1474
172104509	1474
172104645	1474
172104810	1474
172104958	1474
172105109	1474
172105255	1474
172105391	1474
172105530	1474
172105671	1474
172105808	1474
172105950	1474
172106088	1474
172106257	1474
172900427	1474
172900570	1474
172900705	1474
172900845	1474
172901023	1474
172901167	1474
172901305	1474
172901471	1474
172901614	1474
172901860	1474
172902073	1474
172902370	1474
172902592	1474
172902830	1474
172903118	1474
172903260	1474
172903403	1474
172903541	1474
173697035	1474
173697409	1474
173697558	1474
173697777	1474
173697991	1474
173698244	1474
173698388	1474
173698550	1474
173698708	1474
173698900	1474
173699068	1474
173699206	1474
173699345	1474
173699488	1474
173699629	1474
173699789	1474
173700018	1474
173700190	1474
174499293	1474
174499437	1474
174499604	1474
174499813	1474
174500090	1474
174500239	1474
174500377	1474
174500537	1474
174500690	1474
174500830	1474
174500997	1474
174501135	1474
174501277	1474
174501415	1474
174501557	1474
174501727	1474
174501871	1474
174502031	1474
175296365	1474
175297784	1474
175298164	1474
175298334	1474
175298518	1474
175298661	1474
175298800	1474
175298967	1474
175299105	1474
175299245	1474
175299383	1474
175299534	1474
175299697	1474
175299912	1474
175300055	1474
175300198	1474
175300362	1474
175300511	1474
176095989	1474
176096222	1474
176096885	1474
176097080	1474
176097240	1474
176097392	1474
176097531	1474
176097671	1474
176097811	1474
176097951	1474
176098095	1474
176098232	1474
176098406	1474
176098554	1474
176098719	1474
176098882	1474
176099022	1474
176099160	1474
177165741	1474
177165904	1474
177166052	1474
177166249	1474
177166392	1474
177166555	1474
177166699	1474
177166836	1474
177166974	1474
177167128	1474
177167265	1474
177167484	1474
177167678	1474
177167888	1474
177168241	1474
177168402	1474
177168544	1474
177168710	1474
177696527	1474
177696780	1474
177696933	1474
177697100	1474
177697237	1474
177697374	1474
177697510	1474
177697647	1474
177697781	1474
177697924	1474
177698060	1474
177698197	1474
177698332	1474
177698469	1474
177698628	1474
177698766	1474
177698908	1474
178764777	1474
178764920	1474
178765089	1474
178765295	1474
178765475	1474
178765621	1474
178765780	1474
178765921	1474
178766061	1474
178766220	1474
178766361	1474
178766496	1474
178766644	1474
178766885	1474
178767077	1474
178767238	1474
178767480	1474
178767649	1474
179563657	1474
179563906	1474
179564114	1474
179564294	1474
179564503	1474
179564678	1474
179564845	1474
179564980	1474
179565118	1474
179565281	1474
179565451	1474
179565589	1474
179565728	1474
179565866	1474
179566030	1474
179566189	1474
179566330	1474
179566519	1474
180361690	1474
180361952	1474
180362288	1474
180362482	1474
180362747	1474
180362884	1474
180363024	1474
180363159	1474
180363304	1474
180363443	1474
180363582	1474
180363718	1474
180363905	1474
180364048	1474
180364184	1474
180364338	1474
180364476	1474
180364611	1474
181163896	1474
181164047	1474
181164202	1474
181164370	1474
181164568	1474
181164762	1474
181164905	1474
181165041	1474
181165196	1474
181165333	1474
181165499	1474
181165636	1474
181165774	1474
181166014	1474
181166222	1474
181166814	1474
181166986	1474
181167140	1474
181960844	1474
181961492	1474
181961691	1474
181961932	1474
181962071	1474
181962213	1474
181962354	1474
181962491	1474
181962630	1474
181962792	1474
181963007	1474
181963143	1474
181963283	1474
181963420	1474
181963586	1474
181963722	1474
181963919	1474
181964080	1474
182763494	1474
182763632	1474
182763880	1474
182764081	1474
182764238	1474
182764404	1474
182764539	1474
182764708	1474
182764873	1474
182765013	1474
182765146	1474
182765284	1474
182765423	1474
182765560	1474
182765826	1474
182766022	1474
182766561	1474
183560766	1474
183561249	1474
183561339	1474
183561445	1474
183561561	1474
183561673	1474
183561835	1474
183561940	1474
183562025	1474
183562131	1474
183562238	1474
183562339	1474
183562445	1474
183562545	1474
183562649	1474
183562735	1474
183562837	1474
183562917	1474
184360131	1474
184360531	1474
184360741	1474
184360868	1474
184361015	1474
184361249	1474
184361357	1474
184361476	1474
184361579	1474
184361677	1474
184361915	1474
184362005	1474
184362116	1474
184362209	1474
184362298	1474
184362417	1474
184364653	1474
185160745	1474
185161004	1474
185161160	1474
185161259	1474
185161356	1474
185161480	1474
185161722	1474
185161851	1474
185162002	1474
185162102	1474
185162302	1474
185162391	1474
185162535	1474
185162653	1474
185162754	1474
185162843	1474
185165035	1474
185960011	1474
185960294	1474
185960405	1474
185960511	1474
185960614	1474
185960763	1474
185960971	1474
185961555	1474
185961686	1474
185961778	1474
185961889	1474
185961993	1474
185962092	1474
185962190	1474
185962289	1474
185962377	1474
185962473	1474
186759887	1474
186760214	1474
186760332	1474
186760422	1474
186760519	1474
186760633	1474
186760750	1474
186760855	1474
186760948	1474
186761039	1474
186761152	1474
186761244	1474
186761374	1474
186761488	1474
186761584	1474
186761697	1474
186761830	1474
186761924	1474
187559621	1474
187559936	1474
187560030	1474
187560141	1474
187560259	1474
187560352	1474
187560439	1474
187560537	1474
187560714	1474
187560848	1474
187560955	1474
187561045	1474
187561162	1474
187561248	1474
187561339	1474
187561429	1474
187561520	1474
187561615	1474
188359158	1474
188359396	1474
188359501	1474
188359616	1474
188359709	1474
188360016	1474
188360110	1474
188360196	1474
188360336	1474
188360463	1474
188360545	1474
188360655	1474
188360771	1474
188360859	1474
188360968	1474
188361099	1474
188361211	1474
189158789	1474
189159266	1474
189159382	1474
189159473	1474
189159569	1474
189159669	1474
189159869	1474
189160051	1474
189160147	1474
189160280	1474
189160377	1474
189160468	1474
189160565	1474
189160672	1474
189160763	1474
189160880	1474
189160983	1474
189161069	1474
189960446	1474
189960820	1474
189960939	1474
189961129	1474
189961380	1474
189961510	1474
189961658	1474
189961776	1474
189961876	1474
189961996	1474
189962124	1474
189962245	1474
189962343	1474
189962480	1474
189962572	1474
189962668	1474
189962760	1474
189962884	1474
190761310	1474
190761409	1474
190761517	1474
190761612	1474
190761728	1474
190761843	1474
190761934	1474
190762028	1474
190762116	1474
190762226	1474
190762326	1474
190762440	1474
190762594	1474
190762694	1474
190762810	1474
190762938	1474
190763038	1474
191558549	1474
191558818	1474
191558930	1474
191559021	1474
191559144	1474
191559312	1474
191559425	1474
191559519	1474
191559649	1474
191559762	1474
191559922	1474
191560019	1474
191560129	1474
191560226	1474
191560320	1474
191560423	1474
191560518	1474
191560635	1474
192359128	1474
192359280	1474
192359487	1474
192359614	1474
192359769	1474
192360100	1474
192360233	1474
192360335	1474
192360444	1474
192360637	1474
192360770	1474
192360864	1474
192360958	1474
192361063	1474
192361170	1474
192361289	1474
192361406	1474
193158276	1474
193158574	1474
193158715	1474
193158812	1474
193158920	1474
193159053	1474
193159170	1474
193159278	1474
193159383	1474
193159493	1474
193159606	1474
193159700	1474
193159911	1474
193160012	1474
193160119	1474
193160245	1474
193958806	1474
193958989	1474
193959165	1474
193959258	1474
193959382	1474
193959482	1474
193959673	1474
193959827	1474
193959958	1474
193960066	1474
193960159	1474
193960248	1474
193960343	1474
193960433	1474
193960549	1474
193960640	1474
193960728	1474
193960843	1474
194758251	1474
194758494	1474
194758611	1474
194758703	1474
194758793	1474
194758891	1474
194758981	1474
194759074	1474
194759188	1474
194759273	1474
194759360	1474
194759451	1474
194759565	1474
194759679	1474
194759806	1474
194759909	1474
194760031	1474
194760122	1474
195824294	1474
195825418	1474
195825605	1474
195825832	1474
195826001	1474
195826142	1474
195826278	1474
195826413	1474
195826573	1474
195826721	1474
195826856	1474
195826995	1474
195827156	1474
195827316	1474
195827451	1474
195827593	1474
195827728	1474
195827910	1474
196357705	1474
196358059	1474
196358155	1474
196358293	1474
196358419	1474
196358508	1474
196358615	1474
196358720	1474
196358832	1474
196358946	1474
196359043	1474
196359157	1474
196359272	1474
196359369	1474
196359466	1474
196359562	1474
197156647	1474
197156864	1474
197156962	1474
197157056	1474
197157151	1474
197157242	1474
197157461	1474
197157577	1474
197157671	1474
197157766	1474
197157859	1474
197157952	1474
197158070	1474
197158194	1474
197158289	1474
197158386	1474
197158479	1474
197956449	1474
197956824	1474
197956924	1474
197957042	1474
197957165	1474
197957398	1474
197957525	1474
197957619	1474
197957714	1474
197957807	1474
197957900	1474
197957993	1474
197958086	1474
197958180	1474
197958274	1474
197958409	1474
197958502	1474
197958596	1474
199024322	1474
199024419	1474
199024513	1474
199024611	1474
199024707	1474
199024903	1474
199025032	1474
199025143	1474
199025236	1474
199025330	1474
199025422	1474
199025515	1474
199025612	1474
199025704	1474
199025797	1474
199025890	1474
199025982	1474
199026108	1474
199825148	1474
199825242	1474
199825335	1474
199825429	1474
199825522	1474
199825615	1474
199825732	1474
199825825	1474
199825925	1474
199826021	1474
199826115	1474
199826208	1474
199826301	1474
199826393	1474
199826486	1474
199826580	1474
199826675	1474
199826766	1474
200624689	1474
200624914	1474
200625014	1474
200625108	1474
200625203	1474
200625294	1474
200625387	1474
200625480	1474
200625572	1474
200625666	1474
200625772	1474
200625892	1474
200625987	1474
200626079	1474
200626170	1474
200626263	1474
200626356	1474
201425124	1474
201425293	1474
201425469	1474
201425612	1474
201425754	1474
201425897	1474
201426034	1474
201426175	1474
201426313	1474
201426496	1474
201426654	1474
201426841	1474
201427058	1474
201427220	1474
201427359	1474
201427509	1474
201427667	1474
201427888	1474
202227045	1474
202227138	1474
202227229	1474
202227321	1474
202227452	1474
202227545	1474
202227762	1474
202227922	1474
202228015	1474
202228107	1474
202228198	1474
202228316	1474
202228451	1474
202228543	1474
202228636	1474
202228725	1474
202228817	1474
202228910	1474
203024550	1474
203024655	1474
203024767	1474
203024887	1474
203025007	1474
203025171	1474
203025318	1474
203025433	1474
203025537	1474
203025650	1474
203025749	1474
203025845	1474
203025947	1474
203026097	1474
203026212	1474
203026545	1474
203824359	1474
203824525	1474
203824663	1474
203824811	1474
203824949	1474
203825089	1474
203825250	1474
203825412	1474
203825549	1474
203825691	1474
203825840	1474
203825997	1474
203826141	1474
203826280	1474
203826447	1474
203826583	1474
203826722	1474
204624771	1474
204624885	1474
204624981	1474
204625108	1474
204625223	1474
204625321	1474
204625452	1474
204625566	1474
204625699	1474
204625842	1474
204625939	1474
204626066	1474
204626169	1474
204626274	1474
204626579	1474
204626683	1474
204626797	1474
204626896	1474
205423050	1474
205423141	1474
205423221	1474
205423332	1474
205423438	1474
205423539	1474
205423855	1474
205423973	1474
205424052	1474
205424151	1474
205424259	1474
205424359	1474
205424458	1474
205424539	1474
205424627	1474
205424744	1474
205424856	1474
205424987	1474
206220634	1474
206220845	1474
206221394	1474
206221507	1474
206221859	1474
206221965	1474
206222060	1474
206222175	1474
206222332	1474
206222425	1474
206222523	1474
206222638	1474
206222733	1474
206222855	1474
206222972	1474
206223069	1474
206223193	1474
206223322	1474
207023019	1474
207023133	1474
207023237	1474
207023366	1474
207023470	1474
207023621	1474
207023925	1474
207024041	1474
207024155	1474
207024255	1474
207024352	1474
207024480	1474
207024589	1474
207024699	1474
207024816	1474
207024913	1474
207025020	1474
207025155	1474
207821453	1474
207821648	1474
207821799	1474
207821974	1474
207822116	1474
207822256	1474
207822422	1474
207822583	1474
207822726	1474
207822889	1474
207823049	1474
207823186	1474
207823324	1474
207823485	1474
207823634	1474
207823799	1474
207824004	1474
207824154	1474
208620644	1474
208620898	1474
208621010	1474
208621136	1474
208621231	1474
208621327	1474
208621421	1474
208621515	1474
208621609	1474
208621711	1474
208621809	1474
208621925	1474
208622021	1474
208622131	1474
208622228	1474
208622324	1474
208622424	1474
208622519	1474
209421550	1474
209421749	1474
209422046	1474
209422214	1474
209422408	1474
209422663	1474
209422767	1474
209422855	1474
209422972	1474
209423072	1474
209423196	1474
209423308	1474
209423407	1474
209423505	1474
209423618	1474
209423741	1474
209423896	1474
209424035	1474
210221199	1474
210221513	1474
210221628	1474
210221731	1474
210221828	1474
210221935	1474
210222201	1474
210222303	1474
210222396	1474
210222499	1474
210222610	1474
210222714	1474
210222812	1474
210222949	1474
210223038	1474
210223131	1474
211021244	1474
211021576	1474
211021824	1474
211021961	1474
211022078	1474
211022205	1474
211022416	1474
211022535	1474
211022632	1474
211022808	1474
211022917	1474
211023016	1474
211023127	1474
211023249	1474
211023347	1474
211023446	1474
211023543	1474
211023641	1474
211821035	1474
211821286	1474
211821685	1474
211821939	1474
211822054	1474
211822152	1474
211822263	1474
211822360	1474
211822451	1474
211822546	1474
211822650	1474
211822767	1474
211822865	1474
211822988	1474
211823113	1474
211823204	1474
211823315	1474
212622100	1474
212622410	1474
212622574	1474
212622716	1474
212623008	1474
212623159	1474
212623309	1474
212623498	1474
212623624	1474
212623740	1474
212623887	1474
212624023	1474
212624118	1474
212624233	1474
212624331	1474
212624427	1474
212624571	1474
212624696	1474
213421454	1474
213421715	1474
213421818	1474
213421918	1474
213422017	1474
213422142	1474
213422248	1474
213422407	1474
213422689	1474
213422777	1474
213422898	1474
213423005	1474
213423103	1474
213423201	1474
213423343	1474
213423443	1474
213423541	1474
213423658	1474
214492104	1474
214492298	1474
214492401	1474
214492512	1474
214492617	1474
214492740	1474
214492988	1474
214493092	1474
214493196	1474
214493334	1474
214493451	1474
214493596	1474
214493733	1474
214494482	1474
214494585	1474
214494797	1474
214494935	1474
214495055	1474
215295477	1474
215295598	1474
215295694	1474
215295837	1474
215295976	1474
215296124	1474
215296330	1474
215296428	1474
215296549	1474
215296657	1474
215296770	1474
215296865	1474
215296976	1474
215297073	1474
215297173	1474
215297268	1474
215297365	1474
215297462	1474
216089815	1474
216089941	1474
216090035	1474
216090161	1474
216090257	1474
216090354	1474
216090451	1474
216090548	1474
216090689	1474
216090783	1474
216090923	1474
216091035	1474
216091195	1474
216091323	1474
216091444	1474
216091540	1474
216091644	1474
216091798	1474
216356083	1474
216356376	1474
216356483	1474
216356580	1474
216356698	1474
216356786	1474
216356880	1474
216356980	1474
216357074	1474
216357263	1474
216357367	1474
217157150	1474
217157248	1474
217157345	1474
217157455	1474
217157555	1474
217157680	1474
217157887	1474
217157996	1474
217158114	1474
217158220	1474
217158336	1474
217158464	1474
217158585	1474
217158707	1474
217158828	1474
217158924	1474
217957386	1474
217957529	1474
217957758	1474
217957983	1474
217958240	1474
217958379	1474
217958517	1474
217958690	1474
217958853	1474
217958992	1474
217959132	1474
217959270	1474
217959407	1474
217959545	1474
217959695	1474
217959910	1474
217960080	1474
219023426	1474
219024053	1474
219024257	1474
219024683	1474
219024833	1474
219024987	1474
219025128	1474
219025292	1474
219025430	1474
219025571	1474
219025708	1474
219025850	1474
219026023	1474
219026171	1474
219026310	1474
219026454	1474
219026594	1474
219026736	1474
219823703	1474
219823993	1474
219824432	1474
219824666	1474
219824923	1474
219825066	1474
219825214	1474
219825355	1474
219825519	1474
219825660	1474
219825829	1474
219825968	1474
219826135	1474
219826316	1474
219826482	1474
219826624	1474
219826763	1474
220360849	1474
220360988	1474
220361130	1474
220361268	1474
220361423	1474
220361560	1474
220361725	1474
220361886	1474
220362025	1474
220362185	1474
220362361	1474
220362505	1474
220362642	1474
220362810	1474
220362973	1474
220363115	1474
220363254	1474
221158387	1474
221158542	1474
221158687	1474
221158916	1474
221159114	1474
221159318	1474
221159463	1474
221159614	1474
221159796	1474
221160057	1474
221160201	1474
221160339	1474
221160500	1474
221160641	1474
221160779	1474
221160918	1474
221161084	1474
222224331	1474
222224518	1474
222224663	1474
222224824	1474
222225020	1474
222225221	1474
222225459	1474
222225604	1474
222225745	1474
222225903	1474
222226048	1474
222226186	1474
222226329	1474
222226466	1474
222226610	1474
222226783	1474
222226928	1474
222227068	1474
223023899	1474
223024181	1474
223024295	1474
223024401	1474
223024500	1474
223024598	1474
223024699	1474
223024821	1474
223024945	1474
223025300	1474
223025424	1474
223025544	1474
223025668	1474
223025794	1474
223025917	1474
223026024	1474
223026140	1474
223026264	1474
223824291	1474
223824547	1474
223824645	1474
223824816	1474
223824937	1474
223825031	1474
223825154	1474
223825252	1474
223825368	1474
223825488	1474
223825579	1474
223825671	1474
223825764	1474
223825857	1474
223825949	1474
223826042	1474
223826135	1474
223826239	1474
224624247	1474
224624445	1474
224624659	1474
224625070	1474
224625387	1474
224625489	1474
224625650	1474
224625769	1474
224625864	1474
224625962	1474
224626058	1474
224626157	1474
224626253	1474
224626374	1474
224626471	1474
224626577	1474
224626673	1474
224626793	1474
225424241	1474
225424520	1474
225424612	1474
225424705	1474
225424860	1474
225424957	1474
225425054	1474
225425182	1474
225425276	1474
225425371	1474
225425479	1474
225425574	1474
225425676	1474
225425777	1474
225425874	1474
225425988	1474
225426084	1474
225426193	1474
226224614	1474
226224810	1474
226224968	1474
226225378	1474
226225522	1474
226225619	1474
226225741	1474
226225881	1474
226225988	1474
226226105	1474
226226230	1474
226226327	1474
226226423	1474
226226519	1474
226226617	1474
226226737	1474
226226830	1474
226226928	1474
227024790	1474
227024960	1474
227025074	1474
227025369	1474
227025461	1474
227025564	1474
227025686	1474
227025806	1474
227025930	1474
227026054	1474
227026168	1474
227026397	1474
227026527	1474
227026622	1474
227026760	1474
227026857	1474
227829163	1474
227829412	1474
227829560	1474
227829684	1474
227829797	1474
227830072	1474
227830176	1474
227830268	1474
227830373	1474
227830504	1474
227830603	1474
227830745	1474
227830865	1474
227830961	1474
227831090	1474
227831186	1474
227831279	1474
227831375	1474
228625259	1474
228625606	1474
228625753	1474
228625855	1474
228625976	1474
228626065	1474
228626172	1474
228626270	1474
228626364	1474
228626474	1474
228626569	1474
228626682	1474
228626825	1474
228626919	1474
228627034	1474
228627146	1474
228627262	1474
228627355	1474
229425514	1474
229425660	1474
229425800	1474
229425914	1474
229426037	1474
229426284	1474
229426410	1474
229426498	1474
229426612	1474
229426707	1474
229426801	1474
229426904	1474
229427021	1474
229427136	1474
229427232	1474
229427352	1474
229427449	1474
229427544	1474
230226024	1474
230226308	1474
230226437	1474
230226543	1474
230226640	1474
230226777	1474
230226874	1474
230226988	1474
230227117	1474
230227215	1474
230227312	1474
230227420	1474
230227518	1474
230227614	1474
230227709	1474
230227837	1474
230227938	1474
230228034	1474
231025976	1474
231026246	1474
231026428	1474
231026531	1474
231026746	1474
231026897	1474
231027180	1474
231027283	1474
231027439	1474
231027539	1474
231027636	1474
231027731	1474
231027857	1474
231027952	1474
231028063	1474
231028162	1474
231028259	1474
231825902	1474
231826113	1474
231826345	1474
231826486	1474
231826649	1474
231826936	1474
231827039	1474
231827127	1474
231827264	1474
231827361	1474
231827483	1474
231827586	1474
231827685	1474
231827910	1474
231828055	1474
231828172	1474
231828280	1474
232625914	1474
232626119	1474
232626386	1474
232626487	1474
232626589	1474
232626685	1474
232626791	1474
232626921	1474
232627019	1474
232627116	1474
232627214	1474
232627310	1474
232627406	1474
232627503	1474
232627625	1474
232627763	1474
232627914	1474
233426382	1474
233426530	1474
233426665	1474
233426835	1474
233426970	1474
233427085	1474
233427177	1474
233427274	1474
233427431	1474
233427533	1474
233427658	1474
233427754	1474
233427975	1474
233428209	1474
233428473	1474
233428647	1474
233428745	1474
234226367	1474
234226609	1474
234226706	1474
234226870	1474
234226991	1474
234227083	1474
234227172	1474
234227278	1474
234227396	1474
234227491	1474
234227583	1474
234227732	1474
234227870	1474
234227989	1474
234228123	1474
234228213	1474
235027179	1474
235027475	1474
235027598	1474
235027692	1474
235027875	1474
235027977	1474
235028066	1474
235028157	1474
235028247	1474
235028364	1474
235028461	1474
235028552	1474
235028639	1474
235028729	1474
235028824	1474
235028940	1474
235029030	1474
235029121	1474
235827068	1474
235827329	1474
235827424	1474
235827527	1474
235827643	1474
235827830	1474
235828013	1474
235828133	1474
235828227	1474
235828321	1474
235828413	1474
235828505	1474
235828597	1474
235828697	1474
235828789	1474
235828882	1474
235828975	1474
235829089	1474
236627062	1474
236627234	1474
236627401	1474
236627568	1474
236627748	1474
236628021	1474
236628167	1474
236628330	1474
236628469	1474
236628607	1474
236628746	1474
236628883	1474
236629039	1474
236629201	1474
236629364	1474
236629502	1474
236629638	1474
237428424	1474
237428651	1474
237428820	1474
237428957	1474
237429095	1474
237429244	1474
237429382	1474
237429518	1474
237429655	1474
237429790	1474
237429926	1474
237430063	1474
237430214	1474
237430376	1474
237430513	1474
237430650	1474
237430788	1474
238227572	1474
238227849	1474
238228065	1474
238228340	1474
238228537	1474
238228769	1474
238228912	1474
238229051	1474
238229189	1474
238229335	1474
238229474	1474
238229611	1474
238229749	1474
238229888	1474
238230026	1474
238230190	1474
238230338	1474
239027577	1474
239028101	1474
239028361	1474
239028555	1474
239028689	1474
239028831	1474
239028956	1474
239029080	1474
239029205	1474
239029330	1474
239029457	1474
239029597	1474
239029722	1474
239029845	1474
239029991	1474
239030114	1474
239828395	1474
239828641	1474
239828905	1474
239829072	1474
239829210	1474
239829372	1474
239829529	1474
239829697	1474
239829845	1474
239829983	1474
239830120	1474
239830282	1474
239830421	1474
239830558	1474
239830721	1474
239830872	1474
240628143	1474
240628325	1474
240628495	1474
240628725	1474
240628942	1474
240629118	1474
240629282	1474
240629446	1474
240629583	1474
240629719	1474
240629857	1474
240630002	1474
240630141	1474
240630279	1474
240630441	1474
240630602	1474
240630740	1474
240630877	1474
241428658	1474
241428818	1474
241428957	1474
241429094	1474
241429231	1474
241429378	1474
241429515	1474
241429653	1474
241429791	1474
241429927	1474
241430090	1474
241430226	1474
241430373	1474
241430554	1474
241430695	1474
241430831	1474
241430970	1474
242228258	1474
242228517	1474
242229102	1474
242229380	1474
242229484	1474
242229623	1474
242229744	1474
242229843	1474
242229960	1474
242230051	1474
242230148	1474
242230246	1474
242230386	1474
242230501	1474
242230608	1474
242230707	1474
242230805	1474
242230904	1474
243028466	1474
243028705	1474
243029185	1474
243029328	1474
243029466	1474
243029603	1474
243029753	1474
243029889	1474
243030024	1474
243030160	1474
243030319	1474
243030466	1474
243030600	1474
243030776	1474
243030913	1474
243031049	1474
243031182	1474
243829003	1474
243829239	1474
243829383	1474
243829530	1474
243829671	1474
243829810	1474
243829958	1474
243830101	1474
243830243	1474
243830408	1474
243830549	1474
243830690	1474
243830832	1474
243830980	1474
243831117	1474
243831257	1474
243831419	1474
243831559	1474
244629471	1474
244629763	1474
244629864	1474
244630113	1474
244630232	1474
244630367	1474
244630463	1474
244630571	1474
244630660	1474
244630756	1474
244630866	1474
244630975	1474
244631072	1474
244631195	1474
244631309	1474
244631435	1474
244631534	1474
244631632	1474
245430128	1474
245430364	1474
245430526	1474
245430617	1474
245430740	1474
245430851	1474
245430995	1474
245431244	1474
245431373	1474
245431472	1474
245431624	1474
245431739	1474
245431947	1474
245432044	1474
245432160	1474
245432273	1474
245432368	1474
246229493	1474
246229755	1474
246229978	1474
246230070	1474
246230187	1474
246230287	1474
246230411	1474
246230630	1474
246230754	1474
246230854	1474
246230953	1474
246231050	1474
246231147	1474
246231272	1474
246231374	1474
246231471	1474
246231595	1474
246231684	1474
247033590	1474
247033849	1474
247034061	1474
247034206	1474
247034406	1474
247034608	1474
247034820	1474
247034967	1474
247035109	1474
247035245	1474
247035386	1474
247035523	1474
247035660	1474
247035809	1474
247036001	1474
247036153	1474
247036291	1474
247830148	1474
247830407	1474
247830551	1474
247830689	1474
247830889	1474
247831062	1474
247831204	1474
247831342	1474
247831503	1474
247831642	1474
247831780	1474
247831971	1474
247832134	1474
247832276	1474
247832412	1474
247832553	1474
247832692	1474
248630475	1474
248630715	1474
248630855	1474
248631033	1474
248631279	1474
248631442	1474
248631628	1474
248631768	1474
248631954	1474
248632121	1474
248632270	1474
248632408	1474
248632546	1474
248632707	1474
248632844	1474
248633006	1474
248633144	1474
248633288	1474
249430497	1474
249430802	1474
249430993	1474
249431119	1474
249431247	1474
249431367	1474
249431523	1474
249431648	1474
249431772	1474
249431943	1474
249432096	1474
249432222	1474
249432346	1474
249432481	1474
249432606	1474
249432729	1474
249432854	1474
249433002	1474
250230037	1474
250230290	1474
250230465	1474
250230798	1474
250231013	1474
250231270	1474
250231411	1474
250231550	1474
250231684	1474
250231894	1474
250232080	1474
250232222	1474
250232359	1474
250232499	1474
250232635	1474
250232781	1474
250232942	1474
250233080	1474
251030603	1474
251030862	1474
251031051	1474
251031225	1474
251031367	1474
251031509	1474
251031674	1474
251031860	1474
251032034	1474
251032179	1474
251032316	1474
251032478	1474
251032632	1474
251032794	1474
251032931	1474
251033086	1474
251033224	1474
251033365	1474
252097624	1474
252098063	1474
252098483	1474
252098681	1474
252098829	1474
252098994	1474
252099139	1474
252099284	1474
252099426	1474
252099569	1474
252099711	1474
252099902	1474
252100047	1474
252100209	1474
252100359	1474
252100500	1474
252100638	1474
252100780	1474
252630844	1474
252631072	1474
252631298	1474
252631488	1474
252631653	1474
252631798	1474
252632037	1474
252632234	1474
252632546	1474
252632689	1474
252632829	1474
252632971	1474
252633112	1474
252633249	1474
252633386	1474
252633541	1474
252633679	1474
253700923	1474
253701072	1474
253701212	1474
253701418	1474
253701615	1474
253701766	1474
253701937	1474
253702080	1474
253702219	1474
253702360	1474
253702499	1474
253702639	1474
253702776	1474
253702941	1474
253703085	1474
253703225	1474
253703389	1474
253703530	1474
254232136	1474
254232327	1474
254232491	1474
254232638	1474
254232774	1474
254232907	1474
254233060	1474
254233194	1474
254233328	1474
254233460	1474
254233594	1474
254233751	1474
254233909	1474
254234056	1474
254234191	1474
254234350	1474
255031683	1474
255031937	1474
255032080	1474
255032306	1474
255032514	1474
255032660	1474
255032815	1474
255032970	1474
255033134	1474
255033281	1474
255033417	1474
255033552	1474
255033688	1474
255033847	1474
255033982	1474
255034116	1474
255034259	1474
255831895	1474
255832091	1474
255832254	1474
255832472	1474
255832733	1474
255832920	1474
255833059	1474
255833204	1474
255833367	1474
255833581	1474
255833904	1474
255834071	1474
255834473	1474
255834773	1474
255834933	1474
255835742	1474
255836007	1474
256633444	1474
256633650	1474
256633800	1474
256633975	1474
256634112	1474
256634246	1474
256634406	1474
256634542	1474
256634716	1474
256634852	1474
256634987	1474
256635122	1474
256635257	1474
256635390	1474
256635524	1474
256635665	1474
256635801	1474
256635986	1474
257432754	1474
257433008	1474
257433113	1474
257433206	1474
257433297	1474
257433450	1474
257433570	1474
257433767	1474
257433868	1474
257434001	1474
257434122	1474
257434242	1474
257434334	1474
257434426	1474
257434518	1474
257434612	1474
257434707	1474
258233027	1474
258233259	1474
258233647	1474
258233847	1474
258234046	1474
258234200	1474
258234337	1474
258234472	1474
258234608	1474
258234744	1474
258234880	1474
258235037	1474
258235191	1474
258235353	1474
258235515	1474
258235652	1474
258235788	1474
259032585	1474
259032797	1474
259032942	1474
259033084	1474
259033315	1474
259033530	1474
259033702	1474
259033843	1474
259034005	1474
259034146	1474
259034318	1474
259034462	1474
259034599	1474
259034764	1474
259034947	1474
259035093	1474
259035232	1474
259035392	1474
259833024	1474
259833242	1474
259833399	1474
259833551	1474
259833744	1474
259833970	1474
259834126	1474
259834281	1474
259834444	1474
259834600	1474
259834743	1474
259834886	1474
259835024	1474
259835163	1474
259835305	1474
259835448	1474
259835605	1474
260635034	1474
260635202	1474
260635344	1474
260635574	1474
260635769	1474
260636102	1474
260636246	1474
260636389	1474
260636552	1474
260636721	1474
260636897	1474
260637042	1474
260637191	1474
260637331	1474
260637469	1474
260637608	1474
260637748	1474
260637903	1474
261701941	1474
261702061	1474
261702167	1474
261702256	1474
261702386	1474
261702511	1474
261702853	1474
261702981	1474
261703076	1474
261703246	1474
261703337	1474
261703464	1474
261703566	1474
261703662	1474
261703832	1474
261703938	1474
261704180	1474
261704298	1474
262500505	1474
262501296	1474
262501415	1474
262501522	1474
262501644	1474
262501744	1474
262501841	1474
262501962	1474
262502079	1474
262502224	1474
262502319	1474
262502482	1474
262502577	1474
262502710	1474
262502822	1474
262502916	1474
262503010	1474
262503099	1474
263303645	1474
263303787	1474
263304023	1474
263304234	1474
263304381	1474
263304557	1474
263304699	1474
263304836	1474
263304974	1474
263305111	1474
263305250	1474
263305413	1474
263305560	1474
263305698	1474
263305837	1474
263306000	1474
263306139	1474
264101049	1474
264101318	1474
264101464	1474
264101643	1474
264101864	1474
264102152	1474
264102293	1474
264102456	1474
264102595	1474
264102732	1474
264102878	1474
264103042	1474
264103180	1474
264103318	1474
264103456	1474
264103595	1474
264103732	1474
264103929	1474
264900780	1474
264901273	1474
264901856	1474
264902067	1474
264902318	1474
264902457	1474
264902597	1474
264902735	1474
264902870	1474
264903007	1474
264903157	1474
264903319	1474
264903453	1474
264903591	1474
264903734	1474
264903921	1474
264904076	1474
264904216	1474
265700935	1474
265701207	1474
265702072	1474
265702450	1474
265702596	1474
265702732	1474
265702895	1474
265703167	1474
265703318	1474
265703455	1474
265703594	1474
265703731	1474
265703920	1474
265704064	1474
265704202	1474
265704402	1474
265704549	1474
265704712	1474
266503965	1474
266504111	1474
266504248	1474
266504415	1474
266504619	1474
266504828	1474
266504997	1474
266505136	1474
266505274	1474
266505422	1474
266505570	1474
266505754	1474
266505896	1474
266506034	1474
266506172	1474
266506309	1474
266506470	1474
267304411	1474
267304576	1474
267304714	1474
267304947	1474
267305163	1474
267305337	1474
267305482	1474
267305622	1474
267305768	1474
267305909	1474
267306046	1474
267306203	1474
267306344	1474
267306483	1474
267306622	1474
267306769	1474
267306985	1474
267307174	1474
268105479	1474
268106067	1474
268106214	1474
268106382	1474
268106580	1474
268106801	1474
268106953	1474
268107095	1474
268107232	1474
268107397	1474
268107534	1474
268107673	1474
268107814	1474
268108067	1474
268108212	1474
268108377	1474
268108515	1474
268108680	1474
268904157	1474
268904266	1474
268904378	1474
268904476	1474
268904597	1474
268904730	1474
268904833	1474
268904928	1474
268905039	1474
268905134	1474
268905232	1474
268905364	1474
268905460	1474
268905578	1474
268905671	1474
268905764	1474
268905873	1474
269702331	1474
269702625	1474
269702722	1474
269702813	1474
269702930	1474
269703022	1474
269703136	1474
269703229	1474
269703321	1474
269703409	1474
269703523	1474
269703628	1474
269703742	1474
269703918	1474
269704010	1474
269704099	1474
270501882	1474
270502127	1474
270502220	1474
270502334	1474
270502424	1474
270502519	1474
270502607	1474
270502709	1474
270502810	1474
270502901	1474
270502992	1474
270503083	1474
270503198	1474
270503291	1474
270503383	1474
270503475	1474
270503565	1474
270503657	1474
271302329	1474
271302674	1474
271302770	1474
271302860	1474
271302955	1474
271303051	1474
271303244	1474
271303345	1474
271303462	1474
271303554	1474
271303747	1474
271303907	1474
271304022	1474
271304115	1474
271304234	1474
271304324	1474
271306383	1474
272104720	1474
272104821	1474
272104917	1474
272105011	1474
272105106	1474
272105268	1474
272105365	1474
272105462	1474
272105582	1474
272105676	1474
272105767	1474
272105861	1474
272105949	1474
272106040	1474
272106136	1474
272106245	1474
272106339	1474
272904254	1474
272904412	1474
272904511	1474
272904602	1474
272904694	1474
272904788	1474
272904907	1474
272905002	1474
272905101	1474
272905194	1474
272905315	1474
272905437	1474
272905537	1474
272905658	1474
272905752	1474
272905873	1474
272905966	1474
273702884	1474
273703091	1474
273703191	1474
273703288	1474
273703381	1474
273703498	1474
273703588	1474
273703706	1474
273703913	1474
273704015	1474
273704113	1474
273704208	1474
273704301	1474
273704394	1474
273704513	1474
273704604	1474
273704789	1474
274503413	1474
274503572	1474
274503873	1474
274504099	1474
274504388	1474
274504496	1474
274504586	1474
274504683	1474
274504778	1474
274504906	1474
274505003	1474
274505104	1474
274505200	1474
274505323	1474
274505445	1474
274505542	1474
274505639	1474
274505737	1474
275303502	1474
275303662	1474
275304202	1474
275304387	1474
275304586	1474
275304695	1474
275304785	1474
275305093	1474
275305200	1474
275305304	1474
275305410	1474
275305509	1474
275305612	1474
275305709	1474
275305809	1474
275305926	1474
275308304	1474
276105262	1474
276105365	1474
276105466	1474
276105586	1474
276105683	1474
276105796	1474
276105910	1474
276106003	1474
276106124	1474
276106226	1474
276106565	1474
276106704	1474
276106814	1474
276106929	1474
276107050	1474
276107148	1474
276905774	1474
276905895	1474
276905992	1474
276906093	1474
276906193	1474
276906460	1474
276906564	1474
276906686	1474
276906802	1474
276906899	1474
276907024	1474
276907120	1474
276907217	1474
276907315	1474
276907411	1474
276907508	1474
276907612	1474
277706093	1474
277706199	1474
277706303	1474
277706408	1474
277706515	1474
277706787	1474
277706911	1474
277707018	1474
277707150	1474
277707255	1474
277707357	1474
277707487	1474
277707616	1474
277707842	1474
277707958	1474
277708104	1474
277708214	1474
277708318	1474
278504557	1474
278504812	1474
278504982	1474
278505264	1474
278505457	1474
278505653	1474
278505792	1474
278505953	1474
278506097	1474
278506234	1474
278506371	1474
278506507	1474
278506643	1474
278506779	1474
278506914	1474
278507082	1474
278507219	1474
279304238	1474
279304749	1474
279304942	1474
279305140	1474
279305419	1474
279305547	1474
279305670	1474
279305792	1474
279305913	1474
279306034	1474
279306154	1474
279306283	1474
279306404	1474
279306525	1474
279306668	1474
279306791	1474
279306911	1474
279307055	1474
280106640	1474
280106742	1474
280106840	1474
280106941	1474
280107167	1474
280107273	1474
280107372	1474
280107479	1474
280107779	1474
280107967	1474
280108064	1474
280108176	1474
280108276	1474
280108373	1474
280108482	1474
280108581	1474
280108678	1474
280907119	1474
280907258	1474
280907356	1474
280907453	1474
280907550	1474
280907652	1474
280907983	1474
280908089	1474
280908317	1474
280908421	1474
280908522	1474
280908630	1474
280908769	1474
280908868	1474
280908995	1474
280909094	1474
280909216	1474
281708004	1474
281708156	1474
281708293	1474
281708509	1474
281708724	1474
281708981	1474
281709122	1474
281709283	1474
281709419	1474
281709556	1474
281709693	1474
281709829	1474
281710000	1474
281710138	1474
281710274	1474
281710410	1474
281710546	1474
282508138	1474
282508286	1474
282508453	1474
282508643	1474
282508871	1474
282509011	1474
282509147	1474
282509292	1474
282509431	1474
282509567	1474
282509703	1474
282509838	1474
282510000	1474
282510136	1474
282510309	1474
282510527	1474
282511297	1474
283306121	1474
283306414	1474
283306531	1474
283306635	1474
283306733	1474
283306819	1474
283306933	1474
283307033	1474
283307133	1474
283307227	1474
283307333	1474
283307455	1474
283307580	1474
283307772	1474
283308001	1474
283308091	1474
283308186	1474
283839014	1474
283839313	1474
283839629	1474
283839746	1474
283839888	1474
283839988	1474
283840103	1474
283840226	1474
283840354	1474
283840494	1474
283840593	1474
283840686	1474
283840790	1474
283840897	1474
283840993	1474
283841131	1474
284639542	1474
284639783	1474
284640055	1474
284640199	1474
284640371	1474
284640570	1474
284640754	1474
284640906	1474
284641046	1474
284641215	1474
284641378	1474
284641513	1474
284641654	1474
284641791	1474
284641960	1474
284642130	1474
284642271	1474
284642409	1474
285710634	1474
285710777	1474
285711014	1474
285711217	1474
285711652	1474
285711881	1474
285712083	1474
285712309	1474
285712476	1474
285712675	1474
285712815	1474
285712953	1474
285713094	1474
285713244	1474
285713384	1474
285713521	1474
285713685	1474
285713824	1474
286511286	1474
286511429	1474
286511609	1474
286511840	1474
286512101	1474
286512313	1474
286512517	1474
286512661	1474
286512826	1474
286512990	1474
286513130	1474
286513295	1474
286513437	1474
286513587	1474
286513748	1474
286513890	1474
286514030	1474
286514168	1474
287309409	1474
287309510	1474
287309672	1474
287309778	1474
287310033	1474
287310137	1474
287310414	1474
287310520	1474
287310640	1474
287310751	1474
287310874	1474
287310974	1474
287311089	1474
287311211	1474
287311309	1474
287311433	1474
287311559	1474
287311743	1474
288107289	1474
288107403	1474
288107513	1474
288107639	1474
288107753	1474
288108000	1474
288108105	1474
288108206	1474
288108301	1474
288108420	1474
288108534	1474
288108650	1474
288108746	1474
288108879	1474
288109165	1474
288109279	1474
288109376	1474
288109489	1474
288908523	1474
288908655	1474
288908758	1474
288908901	1474
288909024	1474
288909134	1474
288909260	1474
288909361	1474
288909459	1474
288909582	1474
288909683	1474
288909807	1474
288909946	1474
288910069	1474
288910205	1474
288910353	1474
288910451	1474
288910551	1474
289706956	1474
289707116	1474
289707243	1474
289707416	1474
289707533	1474
289707672	1474
289707796	1474
289707959	1474
289708078	1474
289708200	1474
289708333	1474
289708443	1474
289708590	1474
289708715	1474
289708857	1474
289708968	1474
289709110	1474
289709269	1474
290510319	1474
290510412	1474
290510516	1474
290510628	1474
290510722	1474
290510846	1474
290511174	1474
290511282	1474
290511405	1474
290511508	1474
290511618	1474
290511765	1474
290512150	1474
290512791	1474
290512901	1474
290513047	1474
290513289	1474
290513397	1474
291309036	1474
291309161	1474
291309252	1474
291309357	1474
291309456	1474
291309578	1474
291309706	1474
291309805	1474
291309972	1474
291310091	1474
291310190	1474
291310325	1474
291310442	1474
291310542	1474
291310647	1474
291310766	1474
291310864	1474
292108865	1474
292108966	1474
292109081	1474
292109223	1474
292109314	1474
292109424	1474
292109577	1474
292109823	1474
292109944	1474
292110175	1474
292110292	1474
292110421	1474
292110525	1474
292110651	1474
292110781	1474
292110879	1474
292110999	1474
292909105	1474
292909224	1474
292909321	1474
292909450	1474
292909600	1474
292909728	1474
292909818	1474
292909962	1474
292910064	1474
292910209	1474
292910326	1474
292910439	1474
292910563	1474
292910663	1474
292910763	1474
292910883	1474
293708193	1474
293708294	1474
293708425	1474
293708553	1474
293708695	1474
293708932	1474
293709052	1474
293709152	1474
293709249	1474
293709347	1474
293709468	1474
293709576	1474
293709704	1474
293709799	1474
293709897	1474
293710018	1474
293710117	1474
293710216	1474
294509486	1474
294509611	1474
294509723	1474
294509819	1474
294509997	1474
294510207	1474
294510336	1474
294510427	1474
294510529	1474
294510629	1474
294510765	1474
294510940	1474
294511039	1474
294511199	1474
294511307	1474
294511403	1474
294511527	1474
294511624	1474
295310176	1474
295310287	1474
295310728	1474
295310849	1474
295310978	1474
295311315	1474
295311433	1474
295311532	1474
295311629	1474
295311742	1474
295311874	1474
295312025	1474
295312165	1474
295312268	1474
295312391	1474
295312550	1474
295312651	1474
295312782	1474
296110028	1474
296110151	1474
296110267	1474
296110368	1474
296110488	1474
296110612	1474
296110823	1474
296110947	1474
296111059	1474
296111184	1474
296111282	1474
296111396	1474
296111497	1474
296111619	1474
296111762	1474
296111935	1474
296112034	1474
296112138	1474
296909697	1474
296909802	1474
296909906	1474
296910000	1474
296910123	1474
296910241	1474
296910472	1474
296910584	1474
296910701	1474
296910825	1474
296910916	1474
296911041	1474
296911142	1474
296911242	1474
296911344	1474
296911446	1474
297709941	1474
297710042	1474
297710173	1474
297710272	1474
297710397	1474
297710505	1474
297710630	1474
297710736	1474
297710872	1474
297710985	1474
297711082	1474
297711179	1474
297711301	1474
297711398	1474
297711496	1474
297711602	1474
297711726	1474
298510397	1474
298510493	1474
298510588	1474
298510685	1474
298510783	1474
298510932	1474
298511138	1474
298511231	1474
298511325	1474
298511416	1474
298511510	1474
298511603	1474
298511738	1474
298512202	1474
298512308	1474
298512405	1474
298512495	1474
298512612	1474
299310207	1474
299310312	1474
299310407	1474
299310503	1474
299310599	1474
299310718	1474
299310810	1474
299310905	1474
299310998	1474
299311089	1474
299311278	1474
299311390	1474
299311485	1474
299311580	1474
299311674	1474
299311792	1474
299311996	1474
299312102	1474
300110468	1474
300110604	1474
300110723	1474
300110818	1474
300110915	1474
300111010	1474
300111104	1474
300111198	1474
300111292	1474
300111386	1474
300111479	1474
300111612	1474
300111731	1474
300111853	1474
300111951	1474
300112046	1474
300112139	1474
300911333	1474
300911454	1474
300911556	1474
300911862	1474
300911994	1474
300912122	1474
300912223	1474
300912354	1474
300912505	1474
300912605	1474
300912727	1474
300912856	1474
300912953	1474
300913068	1474
300913181	1474
300913300	1474
300913397	1474
300913516	1474
301976944	1474
301977282	1474
301977555	1474
301977760	1474
301977982	1474
301978142	1474
301978283	1474
301978424	1474
301978565	1474
301978705	1474
301978845	1474
301978987	1474
301979173	1474
301979315	1474
301979454	1474
301979622	1474
301979760	1474
301979962	1474
302776913	1474
302777170	1474
302777413	1474
302777500	1474
302777609	1474
302777715	1474
302777952	1474
302778055	1474
302778170	1474
302778270	1474
302778370	1474
302778489	1474
302778610	1474
302778719	1474
302778815	1474
302778920	1474
302779035	1474
302779155	1474
303577434	1474
303577694	1474
303577814	1474
303577908	1474
303578020	1474
303578111	1474
303578202	1474
303578294	1474
303578409	1474
303578500	1474
303578600	1474
303578695	1474
303578811	1474
303578902	1474
303578993	1474
303579084	1474
303579176	1474
303579267	1474
304377232	1474
304377430	1474
304377568	1474
304377741	1474
304377991	1474
304378158	1474
304378293	1474
304378453	1474
304378589	1474
304378723	1474
304378870	1474
304379003	1474
304379137	1474
304379272	1474
304379431	1474
304379567	1474
304379701	1474
304379923	1474
305177586	1474
305177786	1474
305178012	1474
305178179	1474
305178316	1474
305178454	1474
305178613	1474
305178753	1474
305178891	1474
305179037	1474
305179200	1474
305179349	1474
305179487	1474
305179650	1474
305179787	1474
305179975	1474
305180136	1474
305180299	1474
