4359695	58
4373776	54
4516071	1474
4516766	82
4517092	1474
4524318	1474
4524815	1474
4525186	1474
4526575	1474
4527066	1474
4543993	1474
4544772	1474
4549512	1474
4549702	306
4674126	1474
4674395	1474
4675695	110
4676139	1474
4676511	1474
4677394	1474
4677870	1474
4678260	1474
4678781	194
4679123	1474
4679489	1474
4679864	1474
4680134	1474
4680491	1474
4680778	1474
4715211	1474
4715353	1474
4815933	1474
4816231	1474
4817405	1474
4817607	1474
4818560	1474
4818853	1474
4819238	1474
4819824	1474
4820122	1474
4820490	1474
4820903	334
4821365	1474
4821630	1474
4821886	1474
4822203	1474
4822656	1474
4823059	1474
4823936	1474
4824213	1474
4824558	1474
4824888	1474
4825320	1474
4826596	1474
4827002	1474
4827887	1474
4840208	1474
4843772	1474
4844081	1474
4844395	502
4867772	1474
4963723	1474
4963999	1474
4964177	1474
4964389	1474
4964758	1474
4965036	194
4965583	1474
4966029	1474
4966614	1474
4967182	1474
4967599	1474
4968433	1474
4968830	1474
4969201	1474
4969652	1474
4970114	1474
4973673	1474
4973991	1474
4974147	1474
4974371	1474
4974713	1474
4976477	1474
4977898	1474
4978068	1474
4979227	1474
4979550	1474
4984511	1474
4989774	1474
4992591	1474
5005753	1474
5008760	1474
5010852	1474
5013482	1474
5013706	810
5108909	1474
5109083	1474
5109325	1474
5109692	1474
5109893	166
5110347	1474
5110459	1474
5110734	1474
5111060	1474
5111305	1474
5111419	1474
5111693	1474
5111919	250
5112063	1474
5113276	1474
5113512	1474
5113628	1474
5113769	1474
5113887	1474
5114155	1474
5114941	1474
5115561	1474
5115665	1474
5115891	1474
5116537	1474
5116734	1474
5117103	1474
5117240	1474
5117681	1474
5117804	1474
5118086	1474
5118499	1474
5118648	1474
5119179	1474
5119755	1474
5119954	1474
5120532	1474
5120779	1474
5121101	1474
5121262	1474
5121365	1474
5121721	1474
5121852	1474
5122092	1474
5123154	1474
5124028	1474
5124126	1474
5124224	1474
5124321	1474
5124419	1474
5124516	1474
5124624	1474
5124722	1474
5124819	1474
5124915	1202
5258109	1474
5258357	1474
5258594	110
5258746	1474
5258847	1474
5259001	1474
5259104	1474
5259214	1474
5259313	1474
5259414	1474
5259527	1474
5259624	1474
5259721	1474
5259816	1474
5275104	1474
5275349	1474
5275483	1474
5275620	1474
5275718	1474
5275836	1474
5275933	1474
5276047	1474
5276169	1474
5276293	1474
5276391	1474
5276505	1474
5276640	1474
5318795	1474
5319156	1474
5319274	1474
5319402	1474
5319499	1474
5319613	1474
5319711	1474
5319811	1474
5319930	1474
5320029	1474
5320125	1474
5320239	1474
5320353	1474
5320474	1474
5360168	1474
5360377	1474
5360695	1474
5360795	1474
5360908	1474
5361064	1474
5361164	1474
5361282	1474
5361409	1474
5361524	1474
5361634	1474
5361744	1474
5361860	1474
5361962	1474
5400647	1474
5400891	1474
5401001	1474
5401114	1474
5401233	1474
5401329	1474
5401418	1474
5401510	1474
5401621	1474
5401720	314
5401959	1474
5567694	1474
5568221	1474
5568492	1474
5568776	1474
5568968	1474
5569248	1474
5569460	1474
5569580	1474
6341312	1474
6341638	1474
6341750	1474
6341845	1474
6341935	1474
6342028	1474
6342126	1474
6342279	1474
6342385	1474
6342486	1474
6342580	1474
6342673	1474
6342769	1474
6342862	1474
6384028	1474
7147141	1474
7147375	1474
7147486	1474
7147586	1474
7147683	1474
7147780	1474
7147877	1474
7147973	1474
7148071	1474
7148169	1474
7148266	1474
7148363	1474
7148460	1474
7148569	1474
7188185	1474
7188283	1474
7188384	1474
7943429	1474
7943536	1474
7943656	1474
7943753	1474
7943850	1474
7943944	1474
7944041	1474
7944136	1474
7944234	1474
7944329	1474
7944468	1474
7944588	1474
7944685	1474
7944781	1474
7986609	1474
7986938	1474
7987030	1474
7987134	1474
7987255	1474
7987348	1474
7987445	1474
7987543	1474
8742680	1474
8742802	1474
8742902	1474
8743002	1474
8743111	1474
8743429	1474
8743534	1474
8743636	1474
8743755	1474
8744041	1474
8744131	1474
8744226	1474
8744329	1474
8744441	1474
8744584	1474
9542650	1474
9542766	1474
9542903	1474
9543011	1474
9543305	1474
9543454	1474
9544245	1474
9544363	1474
9544462	1474
9544588	1474
9544685	1474
9544782	1474
9544880	1474
9544978	1474
9545075	1474
9589380	1474
10348431	1474
10348533	1474
10348632	1474
10348732	1474
10348959	1474
10349063	1474
10349165	1474
10349297	1474
10349575	1474
10349675	1474
10349782	1474
10349929	1474
10350028	1474
10350124	1474
10350257	1474
10351260	1474
10387717	1474
10387961	1474
11142064	1474
11142321	1474
11142425	1474
11142522	1474
11142635	1474
11143137	1474
11143350	1474
11143448	1474
11143554	1474
11143650	1474
11143743	1474
11143859	1474
11143954	1474
11144068	1474
11144183	1474
11144408	1474
11183774	1474
11943359	1474
11943461	1474
11943552	1474
11943665	1474
11943764	1474
11943874	1474
11943972	1474
11944070	1474
11944169	1474
11944265	1474
11944394	1474
11944513	1474
11944610	1474
11944719	1474
11944815	1474
11984750	1474
11985088	1474
11985256	1474
12745483	1474
12745582	1474
12745694	1474
12745803	1474
12745906	1474
12746130	1474
12746498	1474
12746604	1474
12746705	1474
12746807	1474
12746922	1474
12747018	1474
12747128	1474
12747260	1474
12747387	1474
12747593	1474
12787162	1474
12787439	1474
13542513	1474
13542666	1474
13543058	1474
13543216	1474
13543326	1474
13543605	1474
13543718	1474
13543816	1474
13543913	1474
13544051	1474
13544156	1474
13544254	1474
13544363	1474
13544477	1474
13544573	1474
13544671	1474
13583354	1474
14343757	1474
14343858	1474
14343998	1474
14344108	1474
14344362	1474
14344463	1474
14344746	1474
14344858	1474
14344970	1474
14345065	1474
14345172	1474
14345267	1474
14345362	1474
14345457	1474
14345552	1474
14345745	1474
14383411	1474
14383709	1474
15141735	1474
15141840	1474
15141937	1474
15142041	1474
15142137	1474
15142821	1474
15142929	1474
15143132	1474
15143240	1474
15143348	1474
15143444	1474
15143552	1474
15143667	1474
15143761	1474
15143855	1474
15143961	1474
15144088	1474
15182767	1474
15944809	1474
15944965	1474
15945104	1474
15945331	1474
15945524	1474
15945866	1474
15946025	1474
15946162	1474
15946346	1474
15946490	1474
15946628	1474
15946766	1474
15946911	1474
15947049	1474
15947186	1474
15947324	1474
15947600	1474
15987088	1474
16742542	1474
16742640	1474
16742734	1474
16742829	1474
16742933	1474
16743032	1474
16743141	1474
16743257	1474
16743354	1474
16743451	1474
16743549	1474
16743669	1474
16743764	1474
16743860	1474
16743963	1474
16744060	1474
16783500	1474
17809123	1474
17809290	1474
17809385	1474
17809476	1474
17809569	1474
17809660	1474
17809752	1474
17809844	1474
17810055	1474
17810962	1474
17811087	1474
17811182	1474
17811276	1474
17811368	1474
17811460	1474
17811552	1474
17913015	1474
17913156	1474
18606900	1474
18607059	1474
18607154	1474
18607244	1474
18607336	1474
18607431	1474
18607523	1474
18607615	1474
18607708	1474
18607798	1474
18607901	1474
18607994	1474
18608087	1474
18608179	1474
18608269	1474
18608361	1474
18656297	1474
18656525	1474
19408449	1474
19408545	1474
19408642	1474
19408736	1474
19408847	1474
19408976	1474
19409080	1474
19409205	1474
19409441	1474
19409725	1474
19409841	1474
19409955	1474
19410050	1474
19410147	1474
19410287	1474
19410390	1474
19410591	1474
19450469	1474
20207179	1474
20207281	1474
20207380	1474
20207500	1474
20207599	1474
20207689	1474
20207897	1474
20207997	1474
20208110	1474
20208223	1474
20208315	1474
20208407	1474
20208496	1474
20208638	1474
20208744	1474
20208844	1474
20208943	1474
20246456	1474
21013281	1474
21013381	1474
21013480	1474
21013576	1474
21013680	1474
21013782	1474
21013909	1474
21014115	1474
21014231	1474
21014329	1474
21014490	1474
21014588	1474
21014695	1474
21014797	1474
21014897	1474
21014993	1474
21015102	1474
21808439	1474
21808546	1474
21808642	1474
21808739	1474
21808850	1474
21808959	1474
21809059	1474
21809157	1474
21809256	1474
21809355	1474
21809459	1474
21809596	1474
21809714	1474
21809942	1474
21810046	1474
21810167	1474
21810327	1474
22610549	1474
22610646	1474
22610756	1474
22610869	1474
22611157	1474
22611261	1474
22611519	1474
22611620	1474
22611719	1474
22611817	1474
22611914	1474
22612010	1474
22612107	1474
22612208	1474
22612304	1474
22612401	1474
22612518	1474
22612746	1474
23409235	1474
23409398	1474
23409529	1474
23409751	1474
23409861	1474
23409971	1474
23410255	1474
23410358	1474
23410466	1474
23410569	1474
23410679	1474
23410786	1474
23410882	1474
23410989	1474
23411097	1474
23411191	1474
23411285	1474
24208757	1474
24208855	1474
24208947	1474
24209039	1474
24209136	1474
24209328	1474
24209438	1474
24209534	1474
24209628	1474
24209819	1474
24209919	1474
24210014	1474
24210107	1474
24210226	1474
24210362	1474
24210463	1474
24210562	1474
24210655	1474
25008709	1474
25008805	1474
25008899	1474
25009037	1474
25009144	1474
25009337	1474
25009454	1474
25009549	1474
25009641	1474
25009733	1474
25009826	1474
25009920	1474
25010012	1474
25010106	1474
25010248	1474
25010349	1474
25010457	1474
25808903	1474
25809002	1474
25809097	1474
25809193	1474
25809288	1474
25809498	1474
25809601	1474
25809697	1474
25809790	1474
25809885	1474
25810093	1474
25810241	1474
25810346	1474
25810443	1474
25810537	1474
25810631	1474
25810733	1474
25810827	1474
26609335	1474
26609431	1474
26609525	1474
26609619	1474
26609711	1474
26609901	1474
26610002	1474
26610097	1474
26610257	1474
26610456	1474
26610552	1474
26610646	1474
26610737	1474
26610831	1474
26610923	1474
26611015	1474
26611107	1474
26611200	1474
27408872	1474
27408966	1474
27409059	1474
27409153	1474
27409255	1474
27409344	1474
27409438	1474
27409631	1474
27409730	1474
27409824	1474
27409917	1474
27410111	1474
27410263	1474
27410364	1474
27410456	1474
27410549	1474
27410640	1474
27410731	1474
28208977	1474
28209074	1474
28209166	1474
28209272	1474
28209393	1474
28209597	1474
28209698	1474
28209793	1474
28209886	1474
28209978	1474
28210070	1474
28210162	1474
28210306	1474
28210403	1474
28210504	1474
28210598	1474
28210690	1474
28210782	1474
29273589	1474
29273956	1474
29274068	1474
29274181	1474
29274351	1474
29274448	1474
29274543	1474
29274644	1474
29274755	1474
29274851	1474
29274949	1474
29275056	1474
29275197	1474
29275299	1474
29275416	1474
29275535	1474
29275635	1474
29275732	1474
30073873	1474
30074182	1474
30074323	1474
30074415	1474
30074520	1474
30074630	1474
30074744	1474
30074972	1474
30075091	1474
30075189	1474
30075300	1474
30075396	1474
30075509	1474
30075624	1474
30075737	1474
30075836	1474
30075947	1474
30076062	1474
30873194	1474
30873301	1474
30873400	1474
30873495	1474
30873596	1474
30873854	1474
30873967	1474
30874069	1474
30874168	1474
30874338	1474
30874436	1474
30874538	1474
30874646	1474
30874743	1474
30874841	1474
30874958	1474
30875058	1474
30875154	1474
31673447	1474
31673549	1474
31673648	1474
31673754	1474
31673872	1474
31674018	1474
31674287	1474
31674390	1474
31674497	1474
31674597	1474
31674697	1474
31674800	1474
31674907	1474
31675019	1474
31675120	1474
31675217	1474
31675317	1474
32474623	1474
32474768	1474
32474920	1474
32475168	1474
32475366	1474
32475572	1474
32475717	1474
32475862	1474
32476003	1474
32476146	1474
32476289	1474
32476515	1474
32476712	1474
32476924	1474
32477068	1474
32477212	1474
32477351	1474
33273951	1474
33274080	1474
33274204	1474
33274416	1474
33274519	1474
33274776	1474
33274895	1474
33275009	1474
33275119	1474
33275214	1474
33275308	1474
33275399	1474
33275516	1474
33275628	1474
33275725	1474
33275838	1474
33275940	1474
34072969	1474
34073087	1474
34073247	1474
34073342	1474
34073439	1474
34073532	1474
34073624	1474
34073718	1474
34073822	1474
34073912	1474
34074004	1474
34074096	1474
34074213	1474
34074377	1474
34074470	1474
34074565	1474
34074659	1474
34074753	1474
34871910	1474
34872071	1474
34872171	1474
34872267	1474
34872362	1474
34872459	1474
34872551	1474
34872652	1474
34872754	1474
34872847	1474
34872943	1474
34873037	1474
34873131	1474
34873226	1474
34873322	1474
34873414	1474
34873508	1474
34873602	1474
35671900	1474
35672120	1474
35672216	1474
35672313	1474
35672406	1474
35672506	1474
35672600	1474
35672704	1474
35672793	1474
35672886	1474
35672983	1474
35673078	1474
35673171	1474
35673337	1474
35673440	1474
35673621	1474
35673811	1474
35674188	1474
36473249	1474
36473566	1474
36473673	1474
36473775	1474
36473868	1474
36473960	1474
36474053	1474
36474193	1474
36474337	1474
36474563	1474
36474674	1474
36475242	1474
36475394	1474
36475492	1474
36475587	1474
36475696	1474
37271469	1474
37271715	1474
37271808	1474
37271903	1474
37271995	1474
37272086	1474
37272179	1474
37272270	1474
37272363	1474
37272455	1474
37272549	1474
37272671	1474
37272903	1474
37273000	1474
37273095	1474
37273191	1474
37273285	1474
38072314	1474
38072506	1474
38072653	1474
38072794	1474
38072928	1474
38073065	1474
38073199	1474
38073338	1474
38073470	1474
38073624	1474
38073759	1474
38073895	1474
38074034	1474
38074170	1474
38074355	1474
38074517	1474
38074655	1474
38074794	1474
38872440	1474
38872718	1474
38872830	1474
38872931	1474
38873027	1474
38873126	1474
38873230	1474
38873320	1474
38873416	1474
38873504	1474
38873601	1474
38873697	1474
38873802	1474
38873911	1474
38874026	1474
38874124	1474
38874257	1474
38874358	1474
39671958	1474
39672074	1474
39672184	1474
39672298	1474
39672421	1474
39672719	1474
39672824	1474
39672914	1474
39673014	1474
39673117	1474
39673232	1474
39673360	1474
39673478	1474
39673605	1474
39673721	1474
39673821	1474
39673920	1474
39674021	1474
40472032	1474
40472142	1474
40472256	1474
40472363	1474
40472469	1474
40472567	1474
40472674	1474
40473091	1474
40473198	1474
40473305	1474
40473419	1474
40473541	1474
40473658	1474
40473757	1474
40473849	1474
40473962	1474
40474061	1474
41272715	1474
41272817	1474
41272942	1474
41273044	1474
41273170	1474
41273295	1474
41273466	1474
41273561	1474
41273662	1474
41273763	1474
41273875	1474
41273990	1474
41274112	1474
41274238	1474
41274461	1474
41274565	1474
41274667	1474
41274766	1474
42074729	1474
42074836	1474
42074936	1474
42075055	1474
42075155	1474
42075262	1474
42075366	1474
42075466	1474
42075568	1474
42075670	1474
42075771	1474
42075876	1474
42075977	1474
42076088	1474
42076189	1474
42076300	1474
42076402	1474
42605759	1474
42605859	1474
42605981	1474
42606084	1474
42606186	1474
42606513	1474
42606619	1474
42606720	1474
42606838	1474
42606957	1474
42607055	1474
42607176	1474
42607454	1474
42607606	1474
42607717	1474
43405366	1474
43405477	1474
43405587	1474
43405743	1474
43405849	1474
43406091	1474
43406204	1474
43406395	1474
43406515	1474
43406634	1474
43406756	1474
43406853	1474
43406968	1474
43407087	1474
43407198	1474
43407328	1474
44203782	1474
44204073	1474
44204167	1474
44204281	1474
44204376	1474
44204466	1474
44204560	1474
44204656	1474
44204754	1474
44204848	1474
44204944	1474
44205041	1474
44205137	1474
44205338	1474
44205434	1474
44205532	1474
45003912	1474
45004325	1474
45004430	1474
45004521	1474
45004616	1474
45004750	1474
45004864	1474
45004997	1474
45005106	1474
45005210	1474
45005324	1474
45005423	1474
45005536	1474
45005654	1474
45005754	1474
45005851	1474
45803786	1474
45804212	1474
45804306	1474
45804429	1474
45804532	1474
45804630	1474
45804746	1474
45804872	1474
45804975	1474
45805087	1474
45805180	1474
45805291	1474
45805388	1474
45805483	1474
45805582	1474
45805698	1474
46605858	1474
46606027	1474
46606240	1474
46606385	1474
46606491	1474
46606640	1474
46606742	1474
46606842	1474
46606990	1474
46607099	1474
46607408	1474
46607512	1474
46607606	1474
46607706	1474
46607807	1474
46607905	1474
46608017	1474
46608131	1474
47403861	1474
47404032	1474
47404144	1474
47404248	1474
47404345	1474
47404460	1474
47404586	1474
47404686	1474
47404784	1474
47404884	1474
47405002	1474
47405097	1474
47405210	1474
47405319	1474
47405410	1474
47405507	1474
47405623	1474
47405746	1474
48205834	1474
48205947	1474
48206048	1474
48206170	1474
48206344	1474
48206478	1474
48206755	1474
48206867	1474
48207112	1474
48207216	1474
48207337	1474
48207435	1474
48207546	1474
48207659	1474
48207775	1474
48207877	1474
48208033	1474
48208136	1474
49003697	1474
49003867	1474
49004248	1474
49004352	1474
49004440	1474
49004552	1474
49004676	1474
49004773	1474
49004891	1474
49005007	1474
49005105	1474
49005223	1474
49005339	1474
49005438	1474
49005552	1474
49005707	1474
49005819	1474
49803557	1474
49803766	1474
49803878	1474
49803976	1474
49804075	1474
49804175	1474
49804272	1474
49804371	1474
49804469	1474
49804567	1474
49804686	1474
49804782	1474
49804890	1474
49804984	1474
49805097	1474
49805219	1474
49805315	1474
49805431	1474
50604467	1474
50604571	1474
50604669	1474
50604807	1474
50604908	1474
50605139	1474
50605243	1474
50605352	1474
50605450	1474
50605552	1474
50605649	1474
50605759	1474
50605887	1474
50606037	1474
50606137	1474
50606234	1474
50606362	1474
50606460	1474
51404218	1474
51404317	1474
51404411	1474
51404520	1474
51404636	1474
51404734	1474
51404843	1474
51404939	1474
51405034	1474
51405132	1474
51405248	1474
51405342	1474
51405445	1474
51405557	1474
51405652	1474
51405753	1474
51405849	1474
52206742	1474
52206841	1474
52206937	1474
52207039	1474
52207136	1474
52207233	1474
52207328	1474
52207422	1474
52207517	1474
52207614	1474
52207715	1474
52207811	1474
52207932	1474
52208028	1474
52208123	1474
52208218	1474
53007477	1474
53007577	1474
53007681	1474
53007781	1474
53007879	1474
53007978	1474
53008074	1474
53008172	1474
53008269	1474
53008367	1474
53008464	1474
53008562	1474
53008664	1474
53008753	1474
53008848	1474
53008945	1474
53009046	1474
53804523	1474
53804700	1474
53804855	1474
53804968	1474
53805288	1474
53805391	1474
53805482	1474
53805578	1474
53805689	1474
53805787	1474
53805884	1474
53806005	1474
53806102	1474
53806247	1474
53806460	1474
53806605	1474
53806733	1474
54604839	1474
54605145	1474
54605260	1474
54605375	1474
54605482	1474
54605597	1474
54605696	1474
54605812	1474
54605918	1474
54606022	1474
54606358	1474
54606476	1474
54606590	1474
54606682	1474
54606778	1474
54606883	1474
54606980	1474
54607094	1474
55404891	1474
55405006	1474
55405108	1474
55405374	1474
55405490	1474
55405586	1474
55405683	1474
55405812	1474
55406052	1474
55406191	1474
55406343	1474
55406462	1474
55406579	1474
55406680	1474
55406798	1474
55406898	1474
55406997	1474
55407111	1474
56204660	1474
56204762	1474
56204889	1474
56204988	1474
56205280	1474
56205707	1474
56205861	1474
56205963	1474
56206077	1474
56206179	1474
56206478	1474
56206577	1474
56206677	1474
56206784	1474
56206878	1474
56206985	1474
56207100	1474
56207197	1474
57007697	1474
57007799	1474
57007915	1474
57008012	1474
57008118	1474
57008221	1474
57008371	1474
57008592	1474
57008692	1474
57008790	1474
57009034	1474
57009139	1474
57009250	1474
57009356	1474
57009458	1474
57009566	1474
57011873	1474
57806483	1474
57806631	1474
57806734	1474
57806910	1474
57807023	1474
57807175	1474
57807412	1474
57807516	1474
57807616	1474
57807906	1474
57808014	1474
57808110	1474
57808207	1474
57808318	1474
57808416	1474
57808525	1474
57810713	1474
58605678	1474
58605776	1474
58605870	1474
58605963	1474
58606058	1474
58606306	1474
58606435	1474
58606879	1474
58606984	1474
58607192	1474
58607303	1474
58607401	1474
58607490	1474
58607583	1474
58607676	1474
58607771	1474
58609590	1474
59406556	1474
59406696	1474
59406796	1474
59406896	1474
59407008	1474
59407364	1474
59407472	1474
59407628	1474
59407821	1474
59407931	1474
59408033	1474
59408131	1474
59408240	1474
59408343	1474
59408441	1474
59408563	1474
59410738	1474
60205220	1474
60205323	1474
60205423	1474
60205521	1474
60205617	1474
60205716	1474
60205812	1474
60205909	1474
60206008	1474
60206107	1474
60206265	1474
60206426	1474
60206527	1474
60206625	1474
60206724	1474
60206826	1474
60206925	1474
61002806	1474
61002910	1474
61003031	1474
61003191	1474
61003296	1474
61003415	1474
61003510	1474
61003607	1474
61003722	1474
61003830	1474
61003929	1474
61004033	1474
61004555	1474
61004671	1474
61005104	1474
61005223	1474
61005323	1474
61807032	1474
61807150	1474
61807248	1474
61807347	1474
61807450	1474
61807678	1474
61807783	1474
61807897	1474
61807997	1474
61808100	1474
61808200	1474
61808299	1474
61808396	1474
61808494	1474
61808590	1474
61808803	1474
61808911	1474
61809010	1474
62608119	1474
62608263	1474
62608447	1474
62608655	1474
62608919	1474
62609067	1474
62609209	1474
62609350	1474
62609490	1474
62609628	1474
62609767	1474
62609905	1474
62610051	1474
62610193	1474
62610382	1474
62610527	1474
62610666	1474
62610804	1474
63405763	1474
63405867	1474
63405974	1474
63406075	1474
63406193	1474
63406468	1474
63406572	1474
63406692	1474
63406804	1474
63406901	1474
63407012	1474
63407125	1474
63407250	1474
63407355	1474
63407452	1474
63407552	1474
63407655	1474
63407754	1474
64207089	1474
64207187	1474
64207303	1474
64207403	1474
64207510	1474
64207628	1474
64207754	1474
64207989	1474
64208088	1474
64208188	1474
64208303	1474
64208405	1474
64208504	1474
64208602	1474
64208697	1474
64208805	1474
64208911	1474
64209013	1474
65005650	1474
65005771	1474
65005868	1474
65005998	1474
65006104	1474
65006367	1474
65006473	1474
65006589	1474
65006686	1474
65006781	1474
65006886	1474
65006986	1474
65007084	1474
65007181	1474
65007276	1474
65007390	1474
65007486	1474
66068526	1474
66068805	1474
66068930	1474
66069025	1474
66069120	1474
66069225	1474
66069343	1474
66069442	1474
66069543	1474
66069653	1474
66069817	1474
66069946	1474
66070081	1474
66070629	1474
66071201	1474
66071305	1474
66071397	1474
66071495	1474
66870319	1474
66870690	1474
66870806	1474
66870938	1474
66871066	1474
66871369	1474
66871675	1474
66872087	1474
66872194	1474
66872283	1474
66872406	1474
66872503	1474
66872602	1474
66872726	1474
66872835	1474
66872953	1474
66873066	1474
66873164	1474
67668020	1474
67668344	1474
67668436	1474
67668539	1474
67668659	1474
67668773	1474
67668888	1474
67668984	1474
67669095	1474
67669189	1474
67669286	1474
67669383	1474
67669527	1474
67669630	1474
67669773	1474
67671208	1474
67671479	1474
68467835	1474
68468037	1474
68468462	1474
68468566	1474
68468661	1474
68468772	1474
68468882	1474
68468979	1474
68469080	1474
68469199	1474
68469322	1474
68469580	1474
68470227	1474
68470497	1474
68470604	1474
68471264	1474
68471421	1474
68471520	1474
69269774	1474
69270317	1474
69270423	1474
69270535	1474
69270648	1474
69270746	1474
69270849	1474
69270946	1474
69271049	1474
69271161	1474
69271272	1474
69271372	1474
69271493	1474
69271600	1474
69271701	1474
69271812	1474
69271910	1474
69272016	1474
70068026	1474
70068204	1474
70070452	1474
70070612	1474
70070754	1474
70071174	1474
70071316	1474
70071785	1474
70072928	1474
70073111	1474
70073202	1474
70073321	1474
70073531	1474
70073639	1474
70073736	1474
70073847	1474
70073937	1474
70869500	1474
70869669	1474
70869921	1474
70870031	1474
70870415	1474
70870527	1474
70870791	1474
70870896	1474
70870998	1474
70871120	1474
70871222	1474
70871319	1474
70871434	1474
70871528	1474
70871622	1474
70871722	1474
70871841	1474
70871938	1474
71668005	1474
71668105	1474
71668224	1474
71668340	1474
71668439	1474
71668726	1474
71668830	1474
71668918	1474
71669019	1474
71669135	1474
71669231	1474
71669331	1474
71669439	1474
71669553	1474
71669757	1474
71669902	1474
71670335	1474
72475415	1474
72475566	1474
72475705	1474
72475840	1474
72475974	1474
72476112	1474
72476246	1474
72476387	1474
72476528	1474
72476668	1474
72476839	1474
72477030	1474
72477235	1474
72477431	1474
72477638	1474
72477788	1474
72477931	1474
73274241	1474
73274348	1474
73274449	1474
73274599	1474
73274704	1474
73275026	1474
73275132	1474
73275241	1474
73275335	1474
73275436	1474
73275555	1474
73275673	1474
73275779	1474
73275879	1474
73275994	1474
73276116	1474
73276233	1474
73276338	1474
73804127	1474
73804228	1474
73804329	1474
73804427	1474
73804541	1474
73804778	1474
73804885	1474
73804990	1474
73805093	1474
73805191	1474
73805288	1474
73805387	1474
73805486	1474
73805600	1474
73805699	1474
73805797	1474
74872401	1474
74872526	1474
74872646	1474
74872743	1474
74872862	1474
74873011	1474
74873114	1474
74873216	1474
74873333	1474
74873433	1474
74873544	1474
74873643	1474
74873762	1474
74873860	1474
74873958	1474
74874070	1474
74874168	1474
75675513	1474
75675665	1474
75675804	1474
75676051	1474
75676254	1474
75676646	1474
75676847	1474
75677306	1474
75677620	1474
75677791	1474
75677969	1474
75678107	1474
75678255	1474
75678445	1474
75678593	1474
75678732	1474
75678871	1474
76472894	1474
76472997	1474
76473107	1474
76473250	1474
76473355	1474
76473615	1474
76473720	1474
76473814	1474
76473930	1474
76474031	1474
76474140	1474
76474443	1474
76474541	1474
76474655	1474
76474752	1474
76474849	1474
76474959	1474
76475065	1474
77271544	1474
77271648	1474
77271732	1474
77271816	1474
77271896	1474
77271980	1474
77272103	1474
77272184	1474
77272271	1474
77272403	1474
77272510	1474
77272612	1474
77272720	1474
77272809	1474
77272896	1474
77273005	1474
77273107	1474
78071394	1474
78071484	1474
78071586	1474
78071698	1474
78071785	1474
78071955	1474
78072077	1474
78072181	1474
78072287	1474
78072374	1474
78072475	1474
78072554	1474
78072639	1474
78072748	1474
78072832	1474
78072941	1474
78073037	1474
78871609	1474
78871707	1474
78871859	1474
78872012	1474
78872137	1474
78872258	1474
78872450	1474
78872546	1474
78872649	1474
78872769	1474
78872871	1474
78872976	1474
78873085	1474
78873181	1474
78873280	1474
78873376	1474
78873471	1474
79401720	1474
79402061	1474
79402238	1474
79402375	1474
79402468	1474
79402578	1474
79402693	1474
79402908	1474
79403015	1474
79403101	1474
79403197	1474
79403304	1474
79403396	1474
79403483	1474
79403579	1474
79403689	1474
79403777	1474
80469921	1474
80470076	1474
80470214	1474
80470476	1474
80470677	1474
80470860	1474
80471010	1474
80471149	1474
80471285	1474
80471421	1474
80471557	1474
80471693	1474
80471830	1474
80471976	1474
80472115	1474
80472253	1474
80472391	1474
80472528	1474
81269378	1474
81269484	1474
81269581	1474
81269682	1474
81269784	1474
81270042	1474
81270146	1474
81270363	1474
81270466	1474
81270579	1474
81270696	1474
81270791	1474
81270904	1474
81271000	1474
81271102	1474
81271197	1474
81271312	1474
81271424	1474
82067880	1474
82068003	1474
82068110	1474
82068379	1474
82068482	1474
82069270	1474
82069366	1474
82069463	1474
82069561	1474
82069658	1474
82069771	1474
82069894	1474
82070004	1474
82070103	1474
82070227	1474
82070376	1474
82070543	1474
82070754	1474
82603683	1474
82603783	1474
82603892	1474
82603983	1474
82604097	1474
82604222	1474
82604385	1474
82604485	1474
82604603	1474
82604716	1474
82604819	1474
82604917	1474
82605018	1474
82605116	1474
82605213	1474
82605315	1474
83402224	1474
83402400	1474
83402505	1474
83402587	1474
83402694	1474
83402816	1474
83403001	1474
83403089	1474
83403334	1474
83403428	1474
83403531	1474
83403635	1474
83403736	1474
83403832	1474
83403929	1474
83404034	1474
83404121	1474
84201404	1474
84201507	1474
84201613	1474
84201725	1474
84201823	1474
84201906	1474
84201994	1474
84202101	1474
84202209	1474
84202350	1474
84202466	1474
84202573	1474
84202671	1474
84202773	1474
84202864	1474
84202974	1474
84203067	1474
85270252	1474
85270366	1474
85270476	1474
85270580	1474
85270842	1474
85270933	1474
85271035	1474
85271123	1474
85271224	1474
85271319	1474
85271421	1474
85271529	1474
85271633	1474
85271739	1474
85271826	1474
85271912	1474
85271999	1474
85272084	1474
86069233	1474
86069333	1474
86069445	1474
86069551	1474
86069650	1474
86069750	1474
86069848	1474
86069947	1474
86070041	1474
86070140	1474
86070335	1474
86070522	1474
86070646	1474
86070830	1474
86070936	1474
86071082	1474
86071180	1474
86071281	1474
86867891	1474
86867981	1474
86868071	1474
86868187	1474
86868287	1474
86868372	1474
86868456	1474
86868566	1474
86868654	1474
86868761	1474
86868869	1474
86868958	1474
86869043	1474
86869132	1474
86869251	1474
86869354	1474
86869441	1474
86869543	1474
87667898	1474
87667986	1474
87668073	1474
87668160	1474
87668243	1474
87668329	1474
87668425	1474
87668513	1474
87668601	1474
87668687	1474
87668774	1474
87668860	1474
87668947	1474
87669035	1474
87669121	1474
87669208	1474
87669295	1474
87669404	1474
88470535	1474
88470627	1474
88470721	1474
88470833	1474
88470935	1474
88471037	1474
88471136	1474
88471223	1474
88471311	1474
88471412	1474
88471518	1474
88471630	1474
88471718	1474
88471804	1474
88471891	1474
88471978	1474
88472115	1474
88472205	1474
89268790	1474
89268880	1474
89268968	1474
89269054	1474
89269144	1474
89269252	1474
89269471	1474
89269566	1474
89269667	1474
89269762	1474
89269859	1474
89269947	1474
89270034	1474
89270144	1474
89270281	1474
89270463	1474
89270566	1474
90069721	1474
90069813	1474
90069911	1474
90069999	1474
90070107	1474
90070197	1474
90070305	1474
90070429	1474
90070521	1474
90070706	1474
90070845	1474
90070949	1474
90071050	1474
90071139	1474
90071244	1474
90071349	1474
90071443	1474
90071531	1474
90867953	1474
90868039	1474
90868124	1474
90868231	1474
90868481	1474
90868573	1474
90868656	1474
90868739	1474
90868840	1474
90868929	1474
90869037	1474
90869122	1474
90869230	1474
90869317	1474
90869404	1474
90869489	1474
90869597	1474
90869684	1474
91665523	1474
91665787	1474
91665872	1474
91665975	1474
91666075	1474
91666268	1474
91666370	1474
91666454	1474
91666540	1474
91666645	1474
91666762	1474
91666850	1474
91666937	1474
91667023	1474
91667128	1474
91667286	1474
91667393	1474
91667477	1474
92735614	1474
92735711	1474
92735816	1474
92735911	1474
92736021	1474
92736233	1474
92736337	1474
92736442	1474
92736535	1474
92736628	1474
92736734	1474
92736832	1474
92736926	1474
92737040	1474
92737138	1474
92737245	1474
92737351	1474
92737450	1474
93534359	1474
93534531	1474
93534629	1474
93534718	1474
93534872	1474
93534971	1474
93535068	1474
93535170	1474
93535257	1474
93535364	1474
93535471	1474
93535567	1474
93535665	1474
93535759	1474
93535873	1474
93535968	1474
93536067	1474
93536178	1474
94333319	1474
94333440	1474
94333741	1474
94333847	1474
94334417	1474
94334645	1474
94334741	1474
94334849	1474
94334962	1474
94335112	1474
94335212	1474
94335319	1474
94335432	1474
94335552	1474
94335649	1474
94335761	1474
94335873	1474
94335983	1474
95132213	1474
95132315	1474
95132412	1474
95132501	1474
95132593	1474
95132728	1474
95132919	1474
95133034	1474
95133139	1474
95133219	1474
95133305	1474
95133411	1474
95133496	1474
95133605	1474
95133691	1474
95133791	1474
95133879	1474
95133984	1474
95932162	1474
95932262	1474
95932356	1474
95932448	1474
95932544	1474
95932728	1474
95932831	1474
95932927	1474
95933028	1474
95933123	1474
95933217	1474
95933311	1474
95933404	1474
95933497	1474
95933591	1474
95933687	1474
95933782	1474
96732751	1474
96732851	1474
96732946	1474
96733096	1474
96733307	1474
96733453	1474
96734046	1474
96734169	1474
96734310	1474
96734408	1474
96734504	1474
96734603	1474
96734698	1474
96734802	1474
96734895	1474
96734996	1474
96735095	1474
97534070	1474
97534205	1474
97534364	1474
97534459	1474
97534562	1474
97534790	1474
97534890	1474
97535000	1474
97535094	1474
97535188	1474
97535390	1474
97535487	1474
97535585	1474
97535677	1474
97535772	1474
97535867	1474
97537749	1474
98332399	1474
98332495	1474
98332589	1474
98332717	1474
98332874	1474
98333076	1474
98333222	1474
98333323	1474
98333911	1474
98334099	1474
98334196	1474
98334326	1474
98334428	1474
98334521	1474
98334618	1474
98334718	1474
98334809	1474
99135775	1474
99135915	1474
99136055	1474
99136266	1474
99136462	1474
99136612	1474
99136763	1474
99136903	1474
99137040	1474
99137181	1474
99137318	1474
99137460	1474
99137598	1474
99137746	1474
99137889	1474
99138050	1474
99138191	1474
99138382	1474
99931686	1474
99931788	1474
99931881	1474
99931970	1474
99932061	1474
99932153	1474
99932244	1474
99932336	1474
99932427	1474
99932518	1474
99932610	1474
99932702	1474
99932804	1474
99932899	1474
99933093	1474
99933193	1474
100742537	1474
100742889	1474
100742990	1474
100743149	1474
100743299	1474
100743471	1474
100743579	1474
100743788	1474
100743963	1474
100744074	1474
100744306	1474
100744543	1474
100744674	1474
100744812	1474
100744969	1474
100745069	1474
100745161	1474
101533678	1474
101533783	1474
101533875	1474
101533968	1474
101534064	1474
101534180	1474
101534320	1474
101534420	1474
101534519	1474
101534698	1474
101534794	1474
101534887	1474
101534979	1474
101535074	1474
101535169	1474
101535263	1474
101535359	1474
101535454	1474
102332426	1474
102332531	1474
102332615	1474
102332737	1474
102332921	1474
102333007	1474
102333815	1474
102333943	1474
102334035	1474
102334143	1474
102334271	1474
102334399	1474
102334504	1474
102334603	1474
102334704	1474
102334816	1474
102334909	1474
102335003	1474
103135559	1474
103135703	1474
103135847	1474
103135985	1474
103136128	1474
103136265	1474
103136407	1474
103136553	1474
103136697	1474
103136835	1474
103136974	1474
103137112	1474
103137256	1474
103137393	1474
103137543	1474
103137687	1474
103137825	1474
103932153	1474
103932522	1474
103932680	1474
103932935	1474
103933530	1474
103933637	1474
103933726	1474
103933845	1474
103933967	1474
103934071	1474
103934193	1474
103934341	1474
103934436	1474
103934576	1474
103934675	1474
103934790	1474
103934912	1474
103935013	1474
104733601	1474
104733704	1474
104733820	1474
104733923	1474
104734038	1474
104734203	1474
104734500	1474
104734635	1474
104734732	1474
104734845	1474
104734939	1474
104735040	1474
104735141	1474
104735240	1474
104735359	1474
104735463	1474
104735563	1474
104735686	1474
105536071	1474
105536172	1474
105536297	1474
105536398	1474
105536516	1474
105536808	1474
105536959	1474
105537086	1474
105537330	1474
105537443	1474
105537551	1474
105537651	1474
105537765	1474
105537865	1474
105537964	1474
105538079	1474
105538175	1474
105538304	1474
106334481	1474
106334610	1474
106334710	1474
106334870	1474
106334998	1474
106335130	1474
106335480	1474
106335589	1474
106335691	1474
106335790	1474
106335910	1474
106336013	1474
106336116	1474
106336221	1474
106336320	1474
106336432	1474
106336533	1474
106336633	1474
107135395	1474
107135496	1474
107135603	1474
107135754	1474
107135859	1474
107136220	1474
107136332	1474
107136451	1474
107136726	1474
107136833	1474
107136944	1474
107137042	1474
107137161	1474
107137259	1474
107137373	1474
107137471	1474
107137596	1474
107137698	1474
107934732	1474
107934859	1474
107934973	1474
107935077	1474
107935186	1474
107935307	1474
107935424	1474
107935525	1474
107935638	1474
107935762	1474
107935862	1474
107935994	1474
107936119	1474
107936219	1474
107936333	1474
107936455	1474
107936563	1474
108733728	1474
108733864	1474
108733959	1474
108734055	1474
108734165	1474
108734381	1474
108734495	1474
108734594	1474
108734722	1474
108734848	1474
108734944	1474
108735069	1474
108735170	1474
108735281	1474
108735408	1474
108735528	1474
108735628	1474
108735728	1474
109530878	1474
109531021	1474
109531258	1474
109531484	1474
109531682	1474
109531845	1474
109531988	1474
109532128	1474
109532360	1474
109532504	1474
109532642	1474
109532781	1474
109532921	1474
109533061	1474
109533207	1474
109533380	1474
110329924	1474
110330037	1474
110330184	1474
110330343	1474
110330444	1474
110330561	1474
110330660	1474
110330768	1474
110330889	1474
110330986	1474
110331091	1474
110331213	1474
110331310	1474
110331418	1474
110331541	1474
110331648	1474
110331745	1474
111130700	1474
111130813	1474
111130938	1474
111131050	1474
111131155	1474
111131280	1474
111131382	1474
111131501	1474
111131601	1474
111131729	1474
111131861	1474
111131965	1474
111132144	1474
111132253	1474
111132379	1474
111132500	1474
111132601	1474
111931022	1474
111931123	1474
111931220	1474
111931313	1474
111931409	1474
111931598	1474
111931699	1474
111931794	1474
111931889	1474
111932004	1474
111932093	1474
111932185	1474
111932283	1474
111932379	1474
111932472	1474
111932566	1474
111932661	1474
111932755	1474
112730694	1474
112730796	1474
112730892	1474
112730998	1474
112731092	1474
112731192	1474
112731289	1474
112731386	1474
112731482	1474
112731578	1474
112731673	1474
112731769	1474
112731865	1474
112731975	1474
112732072	1474
112732167	1474
112732263	1474
112732359	1474
113532148	1474
113532309	1474
113532407	1474
113532517	1474
113532614	1474
113532715	1474
113532921	1474
113533028	1474
113533121	1474
113533216	1474
113533313	1474
113533409	1474
113533506	1474
113533600	1474
113533696	1474
113533791	1474
113533898	1474
113533996	1474
114596694	1474
114596849	1474
114597019	1474
114597118	1474
114597213	1474
114597309	1474
114597406	1474
114597501	1474
114597595	1474
114597692	1474
114597794	1474
114597892	1474
114598037	1474
114598138	1474
114598343	1474
114598507	1474
114598912	1474
114599056	1474
115397614	1474
115397775	1474
115398437	1474
115398616	1474
115398850	1474
115399521	1474
115399629	1474
115399779	1474
115399898	1474
115399997	1474
115400110	1474
115400237	1474
115400336	1474
115400450	1474
115400562	1474
115400662	1474
115400826	1474
115400931	1474
116196709	1474
116196861	1474
116197268	1474
116197370	1474
116197482	1474
116197604	1474
116197751	1474
116197856	1474
116197950	1474
116198068	1474
116198494	1474
116198603	1474
116199122	1474
116199329	1474
116199423	1474
116199518	1474
116199612	1474
116199719	1474
116997122	1474
116997241	1474
116997361	1474
116997462	1474
116997563	1474
116997669	1474
116997765	1474
116997860	1474
116997973	1474
116998239	1474
116998387	1474
116999100	1474
116999208	1474
116999312	1474
116999405	1474
116999521	1474
116999645	1474
116999745	1474
117796164	1474
117796322	1474
117796422	1474
117796524	1474
117796639	1474
117796765	1474
117796979	1474
117797078	1474
117797195	1474
117797320	1474
117797416	1474
117797539	1474
117797648	1474
117797747	1474
117797852	1474
117797987	1474
117798091	1474
117798468	1474
118601015	1474
118601119	1474
118601239	1474
118601335	1474
118601434	1474
118601556	1474
118601653	1474
118601749	1474
118601849	1474
118601950	1474
118602067	1474
118602165	1474
118602380	1474
118602482	1474
118602600	1474
118602701	1474
118602818	1474
119396211	1474
119396361	1474
119396867	1474
119396970	1474
119397097	1474
119397337	1474
119397426	1474
119397561	1474
119397660	1474
119397747	1474
119397842	1474
119397958	1474
119398081	1474
119398209	1474
119399317	1474
119399558	1474
119399654	1474
119399761	1474
120198295	1474
120198653	1474
120198782	1474
120199382	1474
120199609	1474
120199709	1474
120199803	1474
120199896	1474
120199987	1474
120200078	1474
120200169	1474
120200261	1474
120200353	1474
120200444	1474
120200536	1474
120200636	1474
120200729	1474
120995962	1474
120996110	1474
120996544	1474
120996655	1474
120996855	1474
120996956	1474
120997050	1474
120997142	1474
120997234	1474
120997327	1474
120997418	1474
120997512	1474
120997714	1474
120997813	1474
120997913	1474
120998141	1474
120998265	1474
120998457	1474
121795876	1474
121796189	1474
121796287	1474
121796405	1474
121796510	1474
121796604	1474
121796698	1474
121796790	1474
121796883	1474
121796974	1474
121797067	1474
121797160	1474
121797260	1474
121797463	1474
121797578	1474
121797675	1474
121798177	1474
121798317	1474
122595557	1474
122595772	1474
122595868	1474
122595962	1474
122596049	1474
122596140	1474
122596233	1474
122596325	1474
122596419	1474
122596526	1474
122596620	1474
122596714	1474
122596807	1474
122596901	1474
122596995	1474
122597089	1474
122597211	1474
122597310	1474
123395772	1474
123395866	1474
123395956	1474
123396049	1474
123396141	1474
123396233	1474
123396323	1474
123396420	1474
123396513	1474
123396607	1474
123396699	1474
123396790	1474
123396883	1474
123396975	1474
123397068	1474
123397160	1474
123397253	1474
123397354	1474
124462611	1474
124462716	1474
124462837	1474
124462997	1474
124463090	1474
124463185	1474
124463274	1474
124463379	1474
124463476	1474
124463570	1474
124463657	1474
124463748	1474
124463837	1474
124463930	1474
124464019	1474
124464111	1474
124464204	1474
124464297	1474
125263322	1474
125263429	1474
125263574	1474
125263677	1474
125263780	1474
125263995	1474
125264100	1474
125264200	1474
125264308	1474
125264408	1474
125264506	1474
125264604	1474
125264704	1474
125264822	1474
125264921	1474
125265019	1474
125265117	1474
125265216	1474
125795844	1474
125796089	1474
125796202	1474
125796381	1474
125796480	1474
125796595	1474
125796692	1474
125796784	1474
125796883	1474
125796981	1474
125797137	1474
125797243	1474
125797512	1474
125797618	1474
125798160	1474
125798348	1474
126863312	1474
126863444	1474
126863563	1474
126863668	1474
126863830	1474
126864408	1474
126864602	1474
126864702	1474
126864821	1474
126864920	1474
126865014	1474
126865121	1474
126865226	1474
126865338	1474
126865459	1474
126865558	1474
126865660	1474
126865759	1474
127663480	1474
127663580	1474
127663679	1474
127663786	1474
127663913	1474
127664162	1474
127664699	1474
127664797	1474
127664999	1474
127665099	1474
127665213	1474
127665319	1474
127665423	1474
127665520	1474
127665626	1474
127665725	1474
127665847	1474
127665946	1474
128462832	1474
128462944	1474
128463044	1474
128463153	1474
128463250	1474
128463352	1474
128463453	1474
128463553	1474
128463654	1474
128463753	1474
128463854	1474
128463950	1474
128464043	1474
128464152	1474
128464253	1474
128464350	1474
128464449	1474
128464547	1474
129262957	1474
129263064	1474
129263176	1474
129263284	1474
129263382	1474
129263496	1474
129263594	1474
129263695	1474
129263791	1474
129263899	1474
129263996	1474
129264120	1474
129264245	1474
129264345	1474
129264444	1474
129264544	1474
129264650	1474
130062158	1474
130062324	1474
130062444	1474
130062545	1474
130062646	1474
130062858	1474
130062962	1474
130063072	1474
130063167	1474
130063261	1474
130063355	1474
130063449	1474
130063544	1474
130063636	1474
130063729	1474
130063822	1474
130063915	1474
130064014	1474
130861445	1474
130861630	1474
130861726	1474
130861821	1474
130861916	1474
130862022	1474
130862136	1474
130862254	1474
130862401	1474
130862497	1474
130862590	1474
130862685	1474
130862778	1474
130862871	1474
130862971	1474
130863067	1474
130863161	1474
131661413	1474
131661549	1474
131661647	1474
131661735	1474
131661829	1474
131661940	1474
131662037	1474
131662153	1474
131662292	1474
131662390	1474
131662484	1474
131662581	1474
131662674	1474
131662767	1474
131662865	1474
131662976	1474
131663071	1474
132461413	1474
132461546	1474
132461710	1474
132461810	1474
132461917	1474
132462012	1474
132462105	1474
132462223	1474
132462371	1474
132462467	1474
132462560	1474
132462653	1474
132462744	1474
132462839	1474
132462944	1474
132463037	1474
132463132	1474
132463227	1474
133262024	1474
133262295	1474
133262389	1474
133262486	1474
133262581	1474
133262674	1474
133262769	1474
133262885	1474
133262983	1474
133263195	1474
133263298	1474
133263551	1474
133263645	1474
133263806	1474
133263908	1474
133264004	1474
133264098	1474
134062176	1474
134062411	1474
134062555	1474
134062710	1474
134062850	1474
134062988	1474
134063131	1474
134063309	1474
134063502	1474
134063674	1474
134063841	1474
134063973	1474
134064116	1474
134064287	1474
134064427	1474
134064565	1474
134861862	1474
134862061	1474
134862201	1474
134862395	1474
134862589	1474
134862801	1474
134863366	1474
134863572	1474
134864114	1474
134864290	1474
134864434	1474
134864582	1474
134864721	1474
134864860	1474
134864997	1474
134865136	1474
134865273	1474
134865410	1474
135660702	1474
135660935	1474
135661153	1474
135661258	1474
135661371	1474
135661469	1474
135661569	1474
135661674	1474
135661798	1474
135661897	1474
135661993	1474
135662092	1474
135662332	1474
135662604	1474
135662878	1474
135663203	1474
135663299	1474
135663379	1474
136460905	1474
136461179	1474
136461278	1474
136461370	1474
136461469	1474
136461569	1474
136461711	1474
136461810	1474
136461924	1474
136462036	1474
136462133	1474
136462305	1474
136462414	1474
136462538	1474
136462646	1474
136462775	1474
136463002	1474
136463531	1474
137261001	1474
137261283	1474
137261382	1474
137261479	1474
137261583	1474
137261682	1474
137261777	1474
137261878	1474
137261976	1474
137262072	1474
137262204	1474
137262400	1474
137262594	1474
137263131	1474
137263233	1474
137263334	1474
137263666	1474
138060757	1474
138061194	1474
138061292	1474
138061399	1474
138061581	1474
138061687	1474
138061789	1474
138061902	1474
138062016	1474
138062184	1474
138062356	1474
138062609	1474
138062763	1474
138063566	1474
138063765	1474
138063912	1474
138064013	1474
138064122	1474
138860802	1474
138861079	1474
138861232	1474
138861335	1474
138861462	1474
138861561	1474
138861670	1474
138861804	1474
138862115	1474
138862600	1474
138862815	1474
138862939	1474
138863554	1474
138863784	1474
138863890	1474
138863992	1474
138864112	1474
138864203	1474
139660810	1474
139661074	1474
139661169	1474
139661276	1474
139661373	1474
139661505	1474
139661601	1474
139661693	1474
139661784	1474
139661875	1474
139661966	1474
139662057	1474
139662369	1474
139662490	1474
139662710	1474
139662859	1474
139663417	1474
140460471	1474
140460612	1474
140460939	1474
140461059	1474
140461338	1474
140461456	1474
140461550	1474
140461655	1474
140461876	1474
140461986	1474
140462247	1474
140462686	1474
140462887	1474
140462988	1474
140463098	1474
140463195	1474
140463288	1474
141260532	1474
141260683	1474
141260886	1474
141261151	1474
141261265	1474
141261544	1474
141261649	1474
141261766	1474
141261863	1474
141261959	1474
141262100	1474
141262804	1474
141262904	1474
141263010	1474
141263300	1474
141263427	1474
141263521	1474
142060267	1474
142060556	1474
142060667	1474
142060768	1474
142060883	1474
142060981	1474
142061080	1474
142061183	1474
142061298	1474
142061394	1474
142061513	1474
142061625	1474
142061723	1474
142061833	1474
142061945	1474
142062048	1474
142062170	1474
142062580	1474
142859920	1474
142860142	1474
142860250	1474
142860349	1474
142860446	1474
142860544	1474
142860652	1474
142860749	1474
142860863	1474
142860961	1474
142861054	1474
142861146	1474
142861267	1474
142861361	1474
142861454	1474
142861558	1474
142861646	1474
142861737	1474
143660332	1474
143660616	1474
143660733	1474
143660824	1474
143660921	1474
143661009	1474
143661109	1474
143661232	1474
143661329	1474
143661456	1474
143661552	1474
143661646	1474
143661758	1474
143661846	1474
143661938	1474
143662035	1474
143662131	1474
144461230	1474
144461493	1474
144461585	1474
144461673	1474
144461792	1474
144461889	1474
144461985	1474
144462121	1474
144462254	1474
144462552	1474
144462658	1474
144463141	1474
144463298	1474
144463396	1474
144463503	1474
144463601	1474
144463698	1474
145259695	1474
145259844	1474
145259971	1474
145260075	1474
145260170	1474
145260263	1474
145260357	1474
145260452	1474
145260544	1474
145260637	1474
145260729	1474
145260822	1474
145260914	1474
145261007	1474
145261114	1474
145261208	1474
145261302	1474
145261396	1474
146060678	1474
146061003	1474
146061109	1474
146061205	1474
146061316	1474
146061411	1474
146061616	1474
146061764	1474
146061866	1474
146062079	1474
146062411	1474
146062516	1474
146062610	1474
146062704	1474
146062796	1474
146062891	1474
146062984	1474
146860097	1474
146860339	1474
146860442	1474
146860536	1474
146860626	1474
146860717	1474
146860812	1474
146861022	1474
146861132	1474
146861228	1474
146861322	1474
146861417	1474
146861511	1474
146861604	1474
146861698	1474
146861794	1474
146861894	1474
146862102	1474
147659546	1474
147659737	1474
147659905	1474
147660091	1474
147660187	1474
147660283	1474
147660481	1474
147660584	1474
147660678	1474
147660774	1474
147660866	1474
147661104	1474
147661201	1474
147661299	1474
147661497	1474
147661599	1474
147661947	1474
148459554	1474
148459743	1474
148459888	1474
148459994	1474
148460093	1474
148460189	1474
148460389	1474
148460495	1474
148460579	1474
148460664	1474
148460748	1474
148460844	1474
148460952	1474
148461051	1474
148461145	1474
148461238	1474
148461333	1474
149259767	1474
149260064	1474
149260166	1474
149260260	1474
149260353	1474
149260446	1474
149260538	1474
149260631	1474
149260724	1474
149260827	1474
149260923	1474
149261016	1474
149261110	1474
149261204	1474
149261296	1474
149261390	1474
149261485	1474
149261579	1474
150059328	1474
150059613	1474
150059704	1474
150059806	1474
150059898	1474
150059992	1474
150060085	1474
150060181	1474
150060272	1474
150060365	1474
150060455	1474
150060547	1474
150060640	1474
150060729	1474
150060829	1474
150060922	1474
150859956	1474
150860187	1474
150860280	1474
150860377	1474
150860467	1474
150860560	1474
150860651	1474
150860753	1474
150860847	1474
150860939	1474
150861031	1474
150861122	1474
150861214	1474
150861305	1474
150861396	1474
151659535	1474
151659804	1474
151659899	1474
151660003	1474
151660098	1474
151660192	1474
151660283	1474
151660375	1474
151660468	1474
151660560	1474
151660656	1474
151660925	1474
151661026	1474
151661123	1474
151661364	1474
151661532	1474
151661619	1474
152459728	1474
152459860	1474
152459962	1474
152460059	1474
152460155	1474
152460249	1474
152460435	1474
152460535	1474
152460633	1474
152460729	1474
152460820	1474
152460911	1474
152461003	1474
152461094	1474
152461187	1474
152461279	1474
152461372	1474
152461464	1474
153260140	1474
153260237	1474
153260327	1474
153260420	1474
153260511	1474
153260795	1474
153260944	1474
153261044	1474
153261282	1474
153261368	1474
153261539	1474
153261656	1474
153261753	1474
153261848	1474
153261939	1474
153262030	1474
153262124	1474
153262241	1474
154058973	1474
154059217	1474
154059318	1474
154059412	1474
154059512	1474
154059614	1474
154059707	1474
154059798	1474
154059891	1474
154059982	1474
154060074	1474
154060163	1474
154060253	1474
154060345	1474
154060433	1474
154060529	1474
154060636	1474
154060731	1474
154859161	1474
154859333	1474
154859498	1474
154859636	1474
154859773	1474
154859932	1474
154860073	1474
154860214	1474
154860469	1474
154860663	1474
154860825	1474
154860995	1474
154861122	1474
154861282	1474
154861458	1474
154861601	1474
155659086	1474
155659220	1474
155659454	1474
155659549	1474
155659886	1474
155659989	1474
155660082	1474
155660176	1474
155660278	1474
155660563	1474
155660663	1474
155660757	1474
155661037	1474
155661133	1474
155661224	1474
155661421	1474
155661518	1474
156458920	1474
156459075	1474
156459208	1474
156459426	1474
156459554	1474
156459682	1474
156459901	1474
156460002	1474
156460101	1474
156460199	1474
156460578	1474
156460893	1474
156461226	1474
156461343	1474
156461443	1474
156461601	1474
156461700	1474
156994709	1474
156994813	1474
156994913	1474
156995012	1474
156995120	1474
156995393	1474
156995498	1474
156995604	1474
156995705	1474
156995805	1474
156995913	1474
156996013	1474
156996112	1474
156996213	1474
156996328	1474
156996512	1474
157792838	1474
157793191	1474
157793514	1474
157794163	1474
157794514	1474
157794620	1474
157794710	1474
157794815	1474
157794912	1474
157795023	1474
157795119	1474
157795225	1474
157795324	1474
157795425	1474
157795527	1474
157795627	1474
157795742	1474
158859432	1474
158859532	1474
158859630	1474
158859743	1474
158859865	1474
158860130	1474
158860287	1474
158860407	1474
158860966	1474
158861204	1474
158861310	1474
158861409	1474
158861507	1474
158861605	1474
158861703	1474
158861804	1474
158861948	1474
158862051	1474
159658483	1474
159658619	1474
159658941	1474
159659055	1474
159659271	1474
159659371	1474
159659464	1474
159659556	1474
159659686	1474
159659779	1474
159659871	1474
159659964	1474
159660072	1474
159660164	1474
159660258	1474
159660351	1474
159660443	1474
159660534	1474
160460083	1474
160460179	1474
160460288	1474
160460384	1474
160460483	1474
160460596	1474
160460690	1474
160460789	1474
160460889	1474
160460989	1474
160461097	1474
160461220	1474
160461334	1474
160461433	1474
160461539	1474
160461638	1474
160461738	1474
160461885	1474
161258303	1474
161258459	1474
161258566	1474
161258683	1474
161258795	1474
161258914	1474
161259159	1474
161259264	1474
161259354	1474
161259452	1474
161259555	1474
161259653	1474
161259765	1474
161259861	1474
161259969	1474
161260082	1474
161260184	1474
161260282	1474
162058052	1474
162058200	1474
162058523	1474
162058626	1474
162058717	1474
162058809	1474
162058924	1474
162059040	1474
162059135	1474
162059241	1474
162059354	1474
162059458	1474
162059570	1474
162059683	1474
162059779	1474
162059879	1474
162060008	1474
162858072	1474
162858330	1474
162858434	1474
162858529	1474
162858621	1474
162858714	1474
162858815	1474
162858910	1474
162859002	1474
162859098	1474
162859194	1474
162859287	1474
162859381	1474
162859474	1474
162859566	1474
162859659	1474
162859753	1474
162859863	1474
163657791	1474
163658077	1474
163658241	1474
163658348	1474
163658452	1474
163658663	1474
163658764	1474
163658868	1474
163658964	1474
163659056	1474
163659147	1474
163659239	1474
163659336	1474
163659431	1474
163659525	1474
163659616	1474
163659709	1474
163659812	1474
164459204	1474
164459516	1474
164459616	1474
164459712	1474
164459823	1474
164459921	1474
164460023	1474
164460139	1474
164460233	1474
164460328	1474
164460438	1474
164460533	1474
164460629	1474
164460725	1474
164460822	1474
164460919	1474
164461017	1474
165257109	1474
165257427	1474
165257545	1474
165257645	1474
165257767	1474
165257866	1474
165257986	1474
165258083	1474
165258216	1474
165258477	1474
165258592	1474
165258722	1474
165258826	1474
165258953	1474
165259068	1474
165259168	1474
165259277	1474
166057858	1474
166058169	1474
166058426	1474
166058525	1474
166058629	1474
166058917	1474
166059022	1474
166059115	1474
166059212	1474
166059317	1474
166059413	1474
166059514	1474
166059612	1474
166059785	1474
166059898	1474
166060019	1474
166060115	1474
166857961	1474
166858159	1474
166858303	1474
166858406	1474
166858509	1474
166858730	1474
166859025	1474
166859131	1474
166859248	1474
166859357	1474
166859455	1474
166859558	1474
166859671	1474
166859796	1474
166859896	1474
166859995	1474
166860118	1474
166860220	1474
167657823	1474
167658187	1474
167658470	1474
167658587	1474
167658729	1474
167658978	1474
167659071	1474
167659185	1474
167659283	1474
167659419	1474
167659515	1474
167659647	1474
167659764	1474
167659863	1474
167659961	1474
167660059	1474
167660157	1474
167660258	1474
168457825	1474
168457929	1474
168458038	1474
168458161	1474
168458426	1474
168458545	1474
168458646	1474
168458881	1474
168458988	1474
168459089	1474
168459187	1474
168459284	1474
168459404	1474
168459509	1474
168459604	1474
168459702	1474
169257578	1474
169257843	1474
169258092	1474
169258211	1474
169258383	1474
169258643	1474
169258746	1474
169258852	1474
169258982	1474
169259083	1474
169259182	1474
169259278	1474
169259393	1474
169259524	1474
169259624	1474
169259722	1474
169259820	1474
170057184	1474
170057481	1474
170057575	1474
170057673	1474
170057791	1474
170057890	1474
170057995	1474
170058095	1474
170058256	1474
170058360	1474
170058467	1474
170058611	1474
170058736	1474
170058845	1474
170058942	1474
170059041	1474
170059154	1474
170059250	1474
170857157	1474
170857467	1474
170857562	1474
170857656	1474
170857749	1474
170857862	1474
170857959	1474
170858172	1474
170858341	1474
170858457	1474
170858550	1474
170858649	1474
170858737	1474
170858829	1474
170858923	1474
170859017	1474
171657439	1474
171657769	1474
171657980	1474
171658083	1474
171658212	1474
171658360	1474
171658455	1474
171658548	1474
171658644	1474
171658739	1474
171658831	1474
171658925	1474
171659064	1474
171659161	1474
171659257	1474
171659370	1474
171659465	1474
172456750	1474
172456991	1474
172457091	1474
172457182	1474
172457277	1474
172457389	1474
172457592	1474
172457696	1474
172457819	1474
172457917	1474
172458012	1474
172458192	1474
172458330	1474
172458426	1474
172458519	1474
172458613	1474
172458705	1474
172992626	1474
172992722	1474
172992816	1474
172992908	1474
172993003	1474
172993098	1474
172993194	1474
172993401	1474
172993504	1474
172993602	1474
172993696	1474
172993788	1474
172993966	1474
172994065	1474
172994160	1474
172994284	1474
172996179	1474
174056614	1474
174056812	1474
174056912	1474
174057037	1474
174057127	1474
174057225	1474
174057321	1474
174057421	1474
174057513	1474
174057608	1474
174057702	1474
174057796	1474
174057890	1474
174057986	1474
174058081	1474
174058234	1474
174058337	1474
174858478	1474
174858628	1474
174858767	1474
174858865	1474
174858954	1474
174859051	1474
174859531	1474
174859642	1474
174859737	1474
174859830	1474
174859921	1474
174860014	1474
174860108	1474
174860217	1474
174860311	1474
174860406	1474
174860499	1474
174860589	1474
175397638	1474
175397756	1474
175397838	1474
175397926	1474
175398017	1474
175398106	1474
175398214	1474
175398323	1474
175398415	1474
175398533	1474
175398627	1474
175398738	1474
175398829	1474
175398923	1474
175399078	1474
175399189	1474
176191589	1474
176191691	1474
176191874	1474
176191976	1474
176192089	1474
176192555	1474
176192657	1474
176192753	1474
176192847	1474
176192941	1474
176193035	1474
176193145	1474
176193240	1474
176193336	1474
176193430	1474
176193525	1474
176993189	1474
176993295	1474
176993399	1474
176993500	1474
176993620	1474
176993718	1474
176993834	1474
176993935	1474
176994047	1474
176994147	1474
176994308	1474
176994417	1474
176994589	1474
176994809	1474
176994936	1474
176995157	1474
176995261	1474
177792134	1474
177792233	1474
177792330	1474
177792423	1474
177792545	1474
177792753	1474
177792856	1474
177792965	1474
177793063	1474
177793157	1474
177793255	1474
177793350	1474
177793447	1474
177793542	1474
177793638	1474
177793733	1474
177793827	1474
177793928	1474
178592610	1474
178592750	1474
178592898	1474
178593118	1474
178593313	1474
178593476	1474
178593635	1474
178593779	1474
178593955	1474
178594101	1474
178594239	1474
178594427	1474
178594575	1474
178594720	1474
178594865	1474
178595009	1474
178597402	1474
179392401	1474
179392497	1474
179392591	1474
179392714	1474
179392817	1474
179393027	1474
179393129	1474
179393224	1474
179393318	1474
179393413	1474
179393506	1474
179393600	1474
179393694	1474
179393787	1474
179393887	1474
179393984	1474
179394078	1474
180191237	1474
180191337	1474
180192016	1474
180192213	1474
180192316	1474
180192424	1474
180192519	1474
180192613	1474
180192806	1474
180192905	1474
180193022	1474
180193118	1474
180193211	1474
180193306	1474
180193403	1474
180193492	1474
180195381	1474
180991939	1474
180992081	1474
180992220	1474
180992443	1474
180992637	1474
180992808	1474
180992967	1474
180993108	1474
180993267	1474
180993417	1474
180993555	1474
180993705	1474
180993843	1474
180993986	1474
180994121	1474
180994261	1474
180994444	1474
181791047	1474
181791147	1474
181791242	1474
181791339	1474
181791440	1474
181791643	1474
181791821	1474
181791918	1474
181792014	1474
181792113	1474
181792209	1474
181792297	1474
181792392	1474
181792488	1474
181792583	1474
181792677	1474
181792784	1474
182591234	1474
182591335	1474
182591433	1474
182591528	1474
182591625	1474
182591731	1474
182591829	1474
182591926	1474
182592018	1474
182592114	1474
182592211	1474
182592305	1474
182592397	1474
182592492	1474
182592588	1474
182592699	1474
183391825	1474
183391977	1474
183392075	1474
183392171	1474
183392267	1474
183392360	1474
183392453	1474
183392548	1474
183392657	1474
183392753	1474
183392848	1474
183392944	1474
183393039	1474
183393137	1474
183393232	1474
183393327	1474
183393422	1474
184192269	1474
184192743	1474
184192844	1474
184192940	1474
184193033	1474
184193127	1474
184193224	1474
184193320	1474
184193417	1474
184193511	1474
184193620	1474
184193717	1474
184193811	1474
184193907	1474
184194002	1474
184194097	1474
184194290	1474
184194392	1474
184989887	1474
184989985	1474
184990116	1474
184990273	1474
184990485	1474
184990645	1474
184990918	1474
184991151	1474
184991318	1474
184991414	1474
184991505	1474
184991611	1474
184991702	1474
184991793	1474
184991884	1474
184991976	1474
185522297	1474
185522578	1474
185522673	1474
185522766	1474
185522858	1474
185522951	1474
185523043	1474
185523136	1474
185523230	1474
185523325	1474
185523418	1474
185523516	1474
185523611	1474
185523704	1474
185523796	1474
185523888	1474
186590019	1474
186590135	1474
186590266	1474
186590468	1474
186590652	1474
186590963	1474
186591066	1474
186591282	1474
186591383	1474
186591493	1474
186591591	1474
186591686	1474
186591780	1474
186591871	1474
186591966	1474
186592064	1474
186592160	1474
186592253	1474
187390414	1474
187390647	1474
187390765	1474
187391341	1474
187391559	1474
187391817	1474
187392430	1474
187392692	1474
187392807	1474
187392904	1474
187393005	1474
187393106	1474
187393205	1474
187393303	1474
187393408	1474
187393549	1474
187393653	1474
187924489	1474
187924649	1474
187924753	1474
187924857	1474
187924963	1474
187925062	1474
187925178	1474
187925275	1474
187925387	1474
187925501	1474
187925599	1474
187925698	1474
187925797	1474
187925895	1474
187925993	1474
187926092	1474
187926260	1474
188991488	1474
188992009	1474
188992231	1474
188992402	1474
188992614	1474
188992741	1474
188992841	1474
188992941	1474
188993040	1474
188993137	1474
188993235	1474
188993350	1474
188993449	1474
188993549	1474
188993648	1474
188993746	1474
188993846	1474
188993944	1474
189792194	1474
189792309	1474
189792411	1474
189792513	1474
189792623	1474
189792748	1474
189792993	1474
189793148	1474
189793257	1474
189793359	1474
189793458	1474
189793573	1474
189793670	1474
189793769	1474
189793867	1474
189793968	1474
189794068	1474
189794179	1474
190589639	1474
190589737	1474
190589832	1474
190590149	1474
190591068	1474
190591228	1474
190591329	1474
190591564	1474
190591808	1474
190591903	1474
190592088	1474
190592195	1474
190592291	1474
190592384	1474
190592477	1474
190592569	1474
190592661	1474
190592752	1474
191391365	1474
191391461	1474
191391555	1474
191391654	1474
191391852	1474
191391953	1474
191392142	1474
191392242	1474
191392337	1474
191392433	1474
191392527	1474
191392619	1474
191392711	1474
191392803	1474
191392895	1474
191392987	1474
191394936	1474
192190426	1474
192190529	1474
192190624	1474
192191161	1474
192191354	1474
192191458	1474
192191556	1474
192191651	1474
192191744	1474
192191837	1474
192191933	1474
192192036	1474
192192127	1474
192192221	1474
192192314	1474
192192407	1474
192192500	1474
192989552	1474
192989670	1474
192989768	1474
192990021	1474
192990173	1474
192992155	1474
192992256	1474
192992352	1474
192992447	1474
192992558	1474
192992653	1474
192992747	1474
192992839	1474
192992932	1474
192993038	1474
192993131	1474
192993224	1474
192993318	1474
193522035	1474
193522167	1474
193522308	1474
193522398	1474
193522508	1474
193522610	1474
193522709	1474
193522806	1474
193522916	1474
193523024	1474
193523120	1474
193523212	1474
193523325	1474
193523422	1474
193523519	1474
193523621	1474
194591540	1474
194591733	1474
194591831	1474
194591961	1474
194592060	1474
194592376	1474
194592479	1474
194592571	1474
194592671	1474
194592782	1474
194592889	1474
194592991	1474
194593091	1474
194593186	1474
194593295	1474
194593395	1474
194593500	1474
195389102	1474
195389193	1474
195389291	1474
195389551	1474
195389954	1474
195390060	1474
195390647	1474
195390755	1474
195390864	1474
195391078	1474
195391176	1474
195391296	1474
195391392	1474
195391486	1474
195391600	1474
195391696	1474
195391791	1474
195391902	1474
196191610	1474
196191708	1474
196191817	1474
196191938	1474
196192043	1474
196192325	1474
196192429	1474
196192535	1474
196192650	1474
196192748	1474
196192933	1474
196193044	1474
196193155	1474
196193251	1474
196193348	1474
196193445	1474
196193541	1474
196992774	1474
196992893	1474
196992987	1474
196993083	1474
196993181	1474
196993278	1474
196993374	1474
196993471	1474
196993568	1474
196993665	1474
196993780	1474
196993879	1474
196993976	1474
196994073	1474
196994169	1474
196994272	1474
196994573	1474
196994674	1474
197792576	1474
197792687	1474
197792778	1474
197792900	1474
197793005	1474
197793237	1474
197793341	1474
197793458	1474
197793557	1474
197793676	1474
197793775	1474
197793873	1474
197793971	1474
197794068	1474
197794196	1474
197794354	1474
197794465	1474
197794562	1474
198591789	1474
198591940	1474
198592213	1474
198592411	1474
198592579	1474
198592819	1474
198592957	1474
198593099	1474
198593237	1474
198593382	1474
198593519	1474
198593732	1474
198593874	1474
198594014	1474
198594152	1474
198594340	1474
198594497	1474
198594717	1474
199390855	1474
199390995	1474
199391135	1474
199391336	1474
199391554	1474
199391783	1474
199391926	1474
199392064	1474
199392210	1474
199392369	1474
199392519	1474
199392664	1474
199392810	1474
199392946	1474
199393090	1474
199393227	1474
199393369	1474
199393505	1474
200189431	1474
200189617	1474
200189762	1474
200190012	1474
200190212	1474
200190415	1474
200190643	1474
200190813	1474
200190959	1474
200191100	1474
200191237	1474
200191377	1474
200191523	1474
200191670	1474
200191808	1474
200191950	1474
200194988	1474
200990823	1474
200990966	1474
200991108	1474
200991329	1474
200991541	1474
200991783	1474
200991924	1474
200992065	1474
200992205	1474
200992348	1474
200992497	1474
200992640	1474
200992778	1474
200992918	1474
200993058	1474
200993196	1474
201524617	1474
201524746	1474
201524873	1474
201525062	1474
201525243	1474
201525453	1474
201525580	1474
201525707	1474
201525829	1474
201525952	1474
201526077	1474
201526196	1474
201526361	1474
201526524	1474
201526653	1474
201526778	1474
202591121	1474
202591264	1474
202591497	1474
202591697	1474
202591916	1474
202592055	1474
202592199	1474
202592337	1474
202592491	1474
202592628	1474
202592771	1474
202592907	1474
202593069	1474
202593209	1474
202593362	1474
202593505	1474
202593644	1474
203390154	1474
203390384	1474
203390693	1474
203390924	1474
203391136	1474
203391287	1474
203391443	1474
203391580	1474
203391722	1474
203391861	1474
203392001	1474
203392138	1474
203392281	1474
203392435	1474
203392577	1474
203392714	1474
203392856	1474
203392994	1474
204190468	1474
204190588	1474
204190696	1474
204190817	1474
204190931	1474
204191215	1474
204191334	1474
204191446	1474
204191550	1474
204191651	1474
204191751	1474
204191854	1474
204191956	1474
204192058	1474
204192159	1474
204192261	1474
204192373	1474
204990582	1474
204990686	1474
204990782	1474
204990878	1474
204990969	1474
204991169	1474
204991286	1474
204991382	1474
204991477	1474
204991575	1474
204991672	1474
204991767	1474
204991862	1474
204991959	1474
204992056	1474
204992152	1474
204992257	1474
204992356	1474
205787851	1474
205787949	1474
205788048	1474
205788165	1474
205788348	1474
205788570	1474
205788702	1474
205788804	1474
205788933	1474
205789095	1474
205789228	1474
205789532	1474
205789742	1474
205789836	1474
205789933	1474
205790028	1474
205790124	1474
205790252	1474
206591118	1474
206591234	1474
206591329	1474
206591425	1474
206591521	1474
206591724	1474
206591827	1474
206591923	1474
206592020	1474
206592118	1474
206592228	1474
206592324	1474
206592419	1474
206592514	1474
206592609	1474
206592704	1474
206592800	1474
206592896	1474
207388335	1474
207388453	1474
207388557	1474
207388708	1474
207388972	1474
207389078	1474
207389208	1474
207389307	1474
207389416	1474
207389528	1474
207389630	1474
207389746	1474
207389857	1474
207389965	1474
207390067	1474
207390321	1474
207390430	1474
208187894	1474
208187992	1474
208188094	1474
208188190	1474
208188286	1474
208188382	1474
208188477	1474
208188574	1474
208188669	1474
208188765	1474
208188860	1474
208188955	1474
208189054	1474
208189162	1474
208189258	1474
208189353	1474
208189449	1474
208189547	1474
208990317	1474
208990448	1474
208990548	1474
208990682	1474
208991080	1474
208991186	1474
208991281	1474
208991378	1474
208991474	1474
208991569	1474
208991664	1474
208991760	1474
208991857	1474
208991951	1474
208992053	1474
208992156	1474
208992251	1474
208992346	1474
209787718	1474
209787817	1474
209787911	1474
209788016	1474
209788112	1474
209788208	1474
209788303	1474
209788399	1474
209788493	1474
209788590	1474
209788685	1474
209788780	1474
209788877	1474
209788980	1474
209789076	1474
209789172	1474
210587593	1474
210587689	1474
210587781	1474
210587873	1474
210587969	1474
210588060	1474
210588152	1474
210588244	1474
210588337	1474
210588430	1474
210588523	1474
210588617	1474
210588710	1474
210588802	1474
210588895	1474
210588999	1474
210589092	1474
211388174	1474
211388287	1474
211388381	1474
211388494	1474
211388588	1474
211388684	1474
211388781	1474
211388877	1474
211388990	1474
211389107	1474
211389200	1474
211389293	1474
211389390	1474
211389485	1474
211389583	1474
211389680	1474
211389777	1474
211389872	1474
212187620	1474
212187725	1474
212187976	1474
212188096	1474
212188241	1474
212188466	1474
212188555	1474
212188652	1474
212188747	1474
212189069	1474
212189179	1474
212189274	1474
212189370	1474
212189478	1474
212189590	1474
212189704	1474
212189802	1474
212988091	1474
212988201	1474
212988316	1474
212988429	1474
212988642	1474
212988746	1474
212988878	1474
212988972	1474
212989067	1474
212989156	1474
212989251	1474
212989365	1474
212989461	1474
212989574	1474
212989681	1474
212989804	1474
212989904	1474
213787617	1474
213787962	1474
213788078	1474
213788193	1474
213788305	1474
213788401	1474
213788512	1474
213788630	1474
213788775	1474
213788874	1474
213788965	1474
213789065	1474
213789163	1474
213789275	1474
213789384	1474
213789500	1474
213789598	1474
214587672	1474
214587787	1474
214587891	1474
214587990	1474
214588091	1474
214588393	1474
214588499	1474
214588645	1474
214588844	1474
214588944	1474
214589044	1474
214589143	1474
214589243	1474
214589344	1474
214589443	1474
214589560	1474
214589661	1474
215387614	1474
215387728	1474
215387827	1474
215387926	1474
215388028	1474
215388126	1474
215388226	1474
215388322	1474
215388421	1474
215388521	1474
215388621	1474
215388734	1474
215388882	1474
215388987	1474
215389135	1474
215389238	1474
215389340	1474
216187604	1474
216188180	1474
216188425	1474
216188534	1474
216188661	1474
216188807	1474
216188992	1474
216189091	1474
216189191	1474
216189291	1474
216189396	1474
216189495	1474
216189640	1474
216189745	1474
216189850	1474
216189947	1474
216190056	1474
216988779	1474
216988884	1474
216989001	1474
216989098	1474
216989211	1474
216989327	1474
216989429	1474
216989558	1474
216989665	1474
216989810	1474
216989914	1474
216990014	1474
216990115	1474
216990277	1474
216990381	1474
216990481	1474
216990604	1474
216990706	1474
217788641	1474
217788764	1474
217788880	1474
217789017	1474
217789170	1474
217789299	1474
217789582	1474
217789689	1474
217789799	1474
217789901	1474
217790012	1474
217790112	1474
217790264	1474
217790378	1474
217790489	1474
217790608	1474
217790708	1474
217790833	1474
218587904	1474
218588011	1474
218588250	1474
218588369	1474
218588478	1474
218588604	1474
218588833	1474
218588934	1474
218589032	1474
218589133	1474
218589230	1474
218589328	1474
218589485	1474
218589583	1474
218589691	1474
218589789	1474
218589885	1474
218589987	1474
219389590	1474
219389692	1474
219389802	1474
219389971	1474
219390085	1474
219390213	1474
219390738	1474
219390855	1474
219390953	1474
219391067	1474
219391164	1474
219391274	1474
219391393	1474
219391494	1474
219391609	1474
219391723	1474
219391817	1474
220187664	1474
220187771	1474
220187867	1474
220187978	1474
220188086	1474
220188179	1474
220188281	1474
220188377	1474
220188492	1474
220188589	1474
220188700	1474
220188813	1474
220188909	1474
220189014	1474
220189110	1474
220189224	1474
220988415	1474
220988530	1474
220988640	1474
220988738	1474
220988850	1474
220988961	1474
220989059	1474
220989159	1474
220989266	1474
220989366	1474
220989482	1474
220989592	1474
220989690	1474
220989800	1474
220989897	1474
220989995	1474
221519155	1474
221519398	1474
221519495	1474
221519612	1474
221519710	1474
221519808	1474
221519900	1474
221520000	1474
221520109	1474
221520204	1474
221520335	1474
221520443	1474
221520543	1474
221520638	1474
221520740	1474
221520829	1474
221520921	1474
222584693	1474
222584898	1474
222585264	1474
222585369	1474
222585462	1474
222585578	1474
222585691	1474
222585788	1474
222585888	1474
222585987	1474
222586087	1474
222586211	1474
222586472	1474
222586581	1474
222586835	1474
222586939	1474
222587058	1474
222587901	1474
223385619	1474
223385820	1474
223385920	1474
223386037	1474
223386145	1474
223386319	1474
223386428	1474
223386641	1474
223386768	1474
223386973	1474
223387072	1474
223387429	1474
223387774	1474
223387864	1474
223387968	1474
223388069	1474
223388185	1474
224184983	1474
224185311	1474
224185406	1474
224185502	1474
224185597	1474
224185687	1474
224185781	1474
224185874	1474
224185969	1474
224186072	1474
224186231	1474
224186335	1474
224186433	1474
224186530	1474
224186622	1474
224186711	1474
224186804	1474
224186896	1474
224718266	1474
224718426	1474
224718540	1474
224718656	1474
224718758	1474
224719027	1474
224719130	1474
224719222	1474
224719481	1474
224719626	1474
224719752	1474
224719847	1474
224719959	1474
224720096	1474
224720193	1474
224720311	1474
224720427	1474
225784685	1474
225785000	1474
225785094	1474
225785192	1474
225785280	1474
225785372	1474
225785580	1474
225785681	1474
225785775	1474
225785868	1474
225785971	1474
225786061	1474
225786153	1474
225786294	1474
225786450	1474
225786549	1474
225786649	1474
226585380	1474
226585629	1474
226585723	1474
226585819	1474
226585906	1474
226586014	1474
226586108	1474
226586228	1474
226586393	1474
226586488	1474
226586584	1474
226586681	1474
226586778	1474
226586872	1474
226587013	1474
226587112	1474
226587208	1474
226587304	1474
227385040	1474
227385320	1474
227385417	1474
227385513	1474
227385609	1474
227385705	1474
227385800	1474
227385900	1474
227385994	1474
227386090	1474
227386213	1474
227386358	1474
227386451	1474
227386546	1474
227386641	1474
227386733	1474
227386828	1474
228184296	1474
228184578	1474
228184675	1474
228184792	1474
228185011	1474
228185137	1474
228185425	1474
228185528	1474
228185641	1474
228185735	1474
228185834	1474
228185948	1474
228186056	1474
228186154	1474
228186286	1474
228186389	1474
228186494	1474
228987559	1474
228987754	1474
228987983	1474
228988157	1474
228988374	1474
228988587	1474
228988733	1474
228988885	1474
228989028	1474
228989187	1474
228989332	1474
228989473	1474
228989609	1474
228989752	1474
228989905	1474
228990045	1474
228990182	1474
228990375	1474
229785607	1474
229785993	1474
229786091	1474
229786213	1474
229786369	1474
229786491	1474
229786590	1474
229786693	1474
229786822	1474
229786949	1474
229787049	1474
229787149	1474
229787278	1474
229787387	1474
229787486	1474
229787590	1474
229787719	1474
229787842	1474
230587410	1474
230587809	1474
230587982	1474
230588211	1474
230588321	1474
230588463	1474
230588585	1474
230588772	1474
230588880	1474
230588998	1474
230589102	1474
230589226	1474
230589333	1474
230589436	1474
230589565	1474
230589675	1474
230589827	1474
231385494	1474
231385848	1474
231385949	1474
231386046	1474
231386147	1474
231386276	1474
231386379	1474
231386565	1474
231386730	1474
231387032	1474
231387143	1474
231387456	1474
231387556	1474
231387740	1474
231387830	1474
231387933	1474
231388048	1474
231388145	1474
232184168	1474
232184459	1474
232184565	1474
232184667	1474
232184763	1474
232184908	1474
232185006	1474
232185211	1474
232185314	1474
232185412	1474
232185503	1474
232185613	1474
232185709	1474
232185806	1474
232185905	1474
232186000	1474
232186095	1474
232186213	1474
232984205	1474
232984453	1474
232984613	1474
232984753	1474
232984990	1474
232985181	1474
232985427	1474
232985584	1474
232985744	1474
232985887	1474
232986026	1474
232986165	1474
232986351	1474
232986510	1474
232986651	1474
232986790	1474
232986933	1474
233785911	1474
233786158	1474
233786585	1474
233786682	1474
233786762	1474
233786848	1474
233786955	1474
233787045	1474
233787137	1474
233787227	1474
233787332	1474
233787483	1474
233787579	1474
233787672	1474
233787764	1474
233787853	1474
233787947	1474
233788034	1474
234583460	1474
234583652	1474
234583893	1474
234583984	1474
234584072	1474
234584185	1474
234584273	1474
234584378	1474
234584459	1474
234584545	1474
234584638	1474
234584719	1474
234584805	1474
234584915	1474
234585004	1474
234585091	1474
235385701	1474
235385832	1474
235385942	1474
235386040	1474
235386143	1474
235386296	1474
235386405	1474
235386515	1474
235386632	1474
235386732	1474
235386831	1474
235386931	1474
235387034	1474
235387135	1474
235387234	1474
235387338	1474
236183882	1474
236183985	1474
236184101	1474
236184255	1474
236184481	1474
236184599	1474
236184693	1474
236184803	1474
236184901	1474
236184999	1474
236185109	1474
236185214	1474
236185328	1474
236185426	1474
236185526	1474
236185641	1474
236185742	1474
236984536	1474
236984638	1474
236984738	1474
236984848	1474
236984954	1474
236985063	1474
236985153	1474
236985248	1474
236985341	1474
236985464	1474
236985565	1474
236985710	1474
236985812	1474
236985951	1474
236986045	1474
236986140	1474
236986235	1474
237516708	1474
237516888	1474
237516990	1474
237517088	1474
237517238	1474
237517344	1474
237517606	1474
237517712	1474
237517799	1474
237517895	1474
237518001	1474
237518272	1474
237518380	1474
237518959	1474
237519143	1474
237519267	1474
237519364	1474
238585013	1474
238585115	1474
238585211	1474
238585309	1474
238585418	1474
238585508	1474
238585603	1474
238585699	1474
238585793	1474
238585888	1474
238585983	1474
238586077	1474
238586171	1474
238586303	1474
238586494	1474
238586595	1474
238586692	1474
238586790	1474
239384682	1474
239384778	1474
239384872	1474
239384966	1474
239385060	1474
239385154	1474
239385248	1474
239385355	1474
239385451	1474
239385545	1474
239385640	1474
239385735	1474
239385828	1474
239385922	1474
239386017	1474
239386112	1474
239386263	1474
239386452	1474
240183428	1474
240183521	1474
240183618	1474
240183716	1474
240183808	1474
240183905	1474
240184006	1474
240184116	1474
240184212	1474
240184307	1474
240184403	1474
240184498	1474
240184596	1474
240184694	1474
240184790	1474
240184886	1474
240184982	1474
240185087	1474
240984770	1474
240984867	1474
240984958	1474
240985059	1474
240985153	1474
240985249	1474
240985340	1474
240985433	1474
240985525	1474
240985620	1474
240985714	1474
240985808	1474
240985901	1474
240985995	1474
240986103	1474
240986256	1474
240986378	1474
240986474	1474
241792281	1474
241792382	1474
241792477	1474
241792575	1474
241792671	1474
241792884	1474
241792995	1474
241793094	1474
241793192	1474
241793289	1474
241793384	1474
241793480	1474
241793574	1474
241793672	1474
241793768	1474
241793862	1474
241793957	1474
241794065	1474
242585003	1474
242585099	1474
242585191	1474
242585285	1474
242585381	1474
242585473	1474
242585567	1474
242585664	1474
242585758	1474
242585854	1474
242585954	1474
242586048	1474
242586140	1474
242586313	1474
242586413	1474
242586510	1474
242586604	1474
243384312	1474
243384410	1474
243384498	1474
243384582	1474
243384675	1474
243384776	1474
243385058	1474
243385177	1474
243385274	1474
243385400	1474
243385487	1474
243385581	1474
243385686	1474
243385796	1474
243385978	1474
243386087	1474
243386185	1474
243386277	1474
244183721	1474
244183830	1474
244183947	1474
244184064	1474
244184178	1474
244184466	1474
244184569	1474
244184661	1474
244184775	1474
244184884	1474
244185001	1474
244185114	1474
244185221	1474
244185316	1474
244185420	1474
244185519	1474
244185614	1474
244185716	1474
244986017	1474
244986165	1474
244986400	1474
244986623	1474
244986867	1474
244987012	1474
244987156	1474
244987297	1474
244987439	1474
244987581	1474
244987724	1474
244987881	1474
244988044	1474
244988186	1474
244988329	1474
244988475	1474
244988620	1474
244988772	1474
245784767	1474
245784867	1474
245784966	1474
245785077	1474
245785186	1474
245785283	1474
245785375	1474
245785465	1474
245785567	1474
245785662	1474
245785780	1474
245785891	1474
245785982	1474
245786074	1474
245786206	1474
245786403	1474
245786516	1474
245786642	1474
246851364	1474
246851901	1474
246852005	1474
246852102	1474
246852200	1474
246852296	1474
246852459	1474
246852562	1474
246852716	1474
246852892	1474
246852994	1474
246853091	1474
246853185	1474
246853279	1474
246853395	1474
246853490	1474
246853592	1474
246853704	1474
247652491	1474
247652584	1474
247652687	1474
247652779	1474
247652872	1474
247652964	1474
247653055	1474
247653147	1474
247653239	1474
247653332	1474
247653423	1474
247653521	1474
247653620	1474
247653713	1474
247653805	1474
247653895	1474
247653987	1474
248181979	1474
248182323	1474
248182417	1474
248182508	1474
248182613	1474
248182707	1474
248182796	1474
248182886	1474
248182976	1474
248183068	1474
248183163	1474
248183255	1474
248183346	1474
248183437	1474
248183529	1474
248183638	1474
248982294	1474
248982488	1474
248982612	1474
248982737	1474
248982858	1474
248982977	1474
248983097	1474
248983219	1474
248983341	1474
248983471	1474
248983596	1474
248983721	1474
248983860	1474
248983982	1474
248984100	1474
248984219	1474
248984338	1474
249785133	1474
249785327	1474
249785460	1474
249785585	1474
249785709	1474
249785833	1474
249785952	1474
249786072	1474
249786191	1474
249786355	1474
249786510	1474
249786633	1474
249786753	1474
249786875	1474
249786994	1474
249787114	1474
249787235	1474
249787354	1474
250855443	1474
250855549	1474
250855647	1474
250855748	1474
250855850	1474
250855948	1474
250856049	1474
250856168	1474
250856267	1474
250856377	1474
250856502	1474
250856603	1474
250856705	1474
250856803	1474
250856910	1474
250857013	1474
250857205	1474
250857314	1474
251382983	1474
251383140	1474
251383249	1474
251383373	1474
251383491	1474
251383591	1474
251383709	1474
251383844	1474
251383965	1474
251384062	1474
251384191	1474
251384306	1474
251384416	1474
251384507	1474
251384612	1474
251384710	1474
251384817	1474
252453149	1474
252453255	1474
252453369	1474
252453480	1474
252453585	1474
252453684	1474
252453781	1474
252453879	1474
252453999	1474
252454099	1474
252454228	1474
252454332	1474
252454460	1474
252454565	1474
252454664	1474
252454761	1474
252454861	1474
252454960	1474
253250020	1474
253250118	1474
253250275	1474
253250426	1474
253250588	1474
253250868	1474
253250971	1474
253251086	1474
253251188	1474
253251564	1474
253251679	1474
253251778	1474
253251875	1474
253251993	1474
253252097	1474
253252211	1474
253252317	1474
253252427	1474
254049925	1474
254050026	1474
254050173	1474
254050357	1474
254050464	1474
254050593	1474
254050799	1474
254050932	1474
254051035	1474
254051142	1474
254051243	1474
254051351	1474
254051452	1474
254051550	1474
254051649	1474
254051748	1474
254051846	1474
254850717	1474
254850903	1474
254851061	1474
254851178	1474
254851290	1474
254851538	1474
254851755	1474
254851855	1474
254851965	1474
254852072	1474
254852170	1474
254852295	1474
254852395	1474
254852493	1474
254852615	1474
254852717	1474
254852815	1474
255652152	1474
255652256	1474
255652356	1474
255652453	1474
255652549	1474
255652791	1474
255652893	1474
255652982	1474
255653072	1474
255653165	1474
255653268	1474
255653376	1474
255653472	1474
255653565	1474
255653658	1474
255653754	1474
255653863	1474
255653963	1474
256450250	1474
256450369	1474
256450481	1474
256450597	1474
256450705	1474
256450895	1474
256450995	1474
256451087	1474
256451210	1474
256451308	1474
256451418	1474
256451528	1474
256451636	1474
256451733	1474
256451828	1474
256451942	1474
256452039	1474
256452134	1474
257249304	1474
257249404	1474
257249495	1474
257249587	1474
257249679	1474
257249770	1474
257249861	1474
257249953	1474
257250044	1474
257250142	1474
257250344	1474
257250442	1474
257250535	1474
257250627	1474
257250717	1474
257250810	1474
257250901	1474
257250993	1474
258048550	1474
258048643	1474
258048735	1474
258048868	1474
258048967	1474
258049170	1474
258049268	1474
258049361	1474
258049453	1474
258049546	1474
258049639	1474
258049730	1474
258049821	1474
258049914	1474
258050003	1474
258050106	1474
258050227	1474
258848173	1474
258848334	1474
258848428	1474
258848520	1474
258848612	1474
258848707	1474
258848994	1474
258849109	1474
258849208	1474
258849301	1474
258849392	1474
258849484	1474
258849576	1474
258849667	1474
258849759	1474
258849851	1474
258849939	1474
258850039	1474
259648184	1474
259648337	1474
259648433	1474
259648525	1474
259648618	1474
259648710	1474
259648803	1474
259648908	1474
259648995	1474
259649085	1474
259649177	1474
259649269	1474
259649363	1474
259649455	1474
259649548	1474
259649639	1474
259649731	1474
260448378	1474
260448593	1474
260448689	1474
260448781	1474
260448881	1474
260448973	1474
260449064	1474
260449156	1474
260449248	1474
260449340	1474
260449432	1474
260449523	1474
260449615	1474
260449708	1474
260449800	1474
260449902	1474
260449994	1474
260450085	1474
261247304	1474
261247418	1474
261247512	1474
261247606	1474
261247696	1474
261247785	1474
261247889	1474
261247982	1474
261248072	1474
261248159	1474
261248250	1474
261248343	1474
261248436	1474
261248529	1474
261248619	1474
261248713	1474
261248837	1474
261248931	1474
262048725	1474
262048892	1474
262048986	1474
262049079	1474
262049171	1474
262049262	1474
262049354	1474
262049446	1474
262049539	1474
262049630	1474
262049722	1474
262049904	1474
262049998	1474
262050089	1474
262050255	1474
262050352	1474
262050445	1474
262050537	1474
262847675	1474
262847891	1474
262847987	1474
262848080	1474
262848171	1474
262848260	1474
262848353	1474
262848446	1474
262848537	1474
262848629	1474
262848724	1474
262848814	1474
262848906	1474
262848997	1474
262849086	1474
262849170	1474
262849260	1474
262849351	1474
263917210	1474
263917305	1474
263917398	1474
263917492	1474
263917701	1474
263917801	1474
263917896	1474
263917989	1474
263918081	1474
263918195	1474
263918393	1474
263918489	1474
263918587	1474
263918691	1474
263918783	1474
263918875	1474
263918966	1474
263919058	1474
264719456	1474
264719549	1474
264719656	1474
264719748	1474
264719839	1474
264719931	1474
264720023	1474
264720114	1474
264720206	1474
264720300	1474
264720392	1474
264720484	1474
264720576	1474
264720681	1474
264720772	1474
264720864	1474
264720955	1474
264721046	1474
265516448	1474
265516606	1474
265516702	1474
265516799	1474
265516893	1474
265517081	1474
265517181	1474
265517275	1474
265517368	1474
265517461	1474
265517560	1474
265517654	1474
265517747	1474
265517840	1474
265517931	1474
265518024	1474
265518118	1474
266317605	1474
266317701	1474
266317795	1474
266317900	1474
266317994	1474
266318201	1474
266318337	1474
266318433	1474
266318537	1474
266318631	1474
266318723	1474
266318814	1474
266318909	1474
266319004	1474
266319097	1474
266319190	1474
266319282	1474
266319374	1474
267115051	1474
267115151	1474
267115270	1474
267115434	1474
267115543	1474
267115778	1474
267115921	1474
267116016	1474
267116111	1474
267116203	1474
267116295	1474
267116386	1474
267116487	1474
267116582	1474
267116673	1474
267116765	1474
267116856	1474
267915004	1474
267915098	1474
267915191	1474
267915282	1474
267915375	1474
267915481	1474
267915574	1474
267915668	1474
267915788	1474
267915989	1474
267916091	1474
267916185	1474
267916429	1474
267916576	1474
267916672	1474
267916764	1474
267916855	1474
268715098	1474
268715201	1474
268715467	1474
268715567	1474
268715711	1474
268715808	1474
268715904	1474
268715997	1474
268716091	1474
268716182	1474
268716290	1474
268716392	1474
268716482	1474
268716573	1474
268716661	1474
268716753	1474
268716844	1474
269247762	1474
269247854	1474
269247944	1474
269248034	1474
269248124	1474
269248215	1474
269248305	1474
269248406	1474
269248497	1474
269248587	1474
269248677	1474
269248767	1474
269248857	1474
269248947	1474
269249038	1474
269249129	1474
270046834	1474
270046947	1474
270047041	1474
270047133	1474
270047222	1474
270047327	1474
270047415	1474
270047504	1474
270047596	1474
270047689	1474
270047779	1474
270047870	1474
270047960	1474
270048052	1474
270048143	1474
270048237	1474
270846436	1474
270846634	1474
270846729	1474
270846926	1474
270847022	1474
270847119	1474
270847234	1474
270847339	1474
270847441	1474
270847539	1474
270847639	1474
270847736	1474
270847837	1474
270847935	1474
270848035	1474
270848134	1474
271646454	1474
271646738	1474
271646833	1474
271646928	1474
271647015	1474
271647123	1474
271647234	1474
271647436	1474
271647538	1474
271647632	1474
271647725	1474
271647815	1474
271647908	1474
271648000	1474
271648093	1474
271648188	1474
271648282	1474
272447834	1474
272448102	1474
272448210	1474
272448305	1474
272448398	1474
272448493	1474
272448588	1474
272448680	1474
272448774	1474
272448866	1474
272448960	1474
272449053	1474
272449159	1474
272449256	1474
272449351	1474
272449443	1474
272449536	1474
272449629	1474
273247175	1474
273247461	1474
273247618	1474
273247712	1474
273247838	1474
273248084	1474
273248181	1474
273248485	1474
273248587	1474
273248676	1474
273248825	1474
273248929	1474
273249029	1474
273249163	1474
273249263	1474
273249362	1474
273249457	1474
274046313	1474
274046797	1474
274046948	1474
274047099	1474
274047241	1474
274047383	1474
274047527	1474
274047670	1474
274047807	1474
274047946	1474
274048096	1474
274048232	1474
274048374	1474
274048531	1474
274048673	1474
274048813	1474
274048959	1474
274845863	1474
274846080	1474
274846176	1474
274846542	1474
274846632	1474
274846729	1474
274846830	1474
274846930	1474
274847042	1474
274847162	1474
274847277	1474
274847372	1474
274847519	1474
274847640	1474
274847738	1474
274847845	1474
274848116	1474
275645716	1474
275645936	1474
275646034	1474
275646154	1474
275646283	1474
275646386	1474
275646481	1474
275646575	1474
275646670	1474
275646765	1474
275646861	1474
275646969	1474
275647066	1474
275647161	1474
275647255	1474
275647349	1474
275647443	1474
276445503	1474
276445702	1474
276445812	1474
276446110	1474
276446219	1474
276446412	1474
276446509	1474
276446628	1474
276446739	1474
276446881	1474
276446980	1474
276447099	1474
276447206	1474
276447303	1474
276447401	1474
276447500	1474
276447599	1474
277246182	1474
277246397	1474
277246556	1474
277246734	1474
277246950	1474
277247216	1474
277247361	1474
277247499	1474
277247635	1474
277247772	1474
277247918	1474
277248056	1474
277248193	1474
277248329	1474
277248486	1474
277248626	1474
277248764	1474
277779677	1474
277779805	1474
277779921	1474
277780019	1474
277780117	1474
277780230	1474
277780329	1474
277780445	1474
277780543	1474
277780658	1474
277780752	1474
277780853	1474
277780968	1474
277781065	1474
277781160	1474
277781274	1474
278848497	1474
278848642	1474
278848786	1474
278848965	1474
278849161	1474
278849422	1474
278849562	1474
278849702	1474
278849854	1474
278849992	1474
278850129	1474
278850265	1474
278850454	1474
278850597	1474
278850803	1474
278850953	1474
278851091	1474
278851227	1474
279648121	1474
279648260	1474
279648398	1474
279648569	1474
279648796	1474
279648984	1474
279649124	1474
279649266	1474
279649405	1474
279649550	1474
279649704	1474
279649846	1474
279649992	1474
279650130	1474
279650269	1474
279650459	1474
279650612	1474
279650753	1474
280449556	1474
280449703	1474
280449841	1474
280450064	1474
280450255	1474
280450594	1474
280450737	1474
280450875	1474
280451013	1474
280451152	1474
280451289	1474
280451428	1474
280451571	1474
280451711	1474
280451848	1474
280451985	1474
280452123	1474
280452262	1474
281244915	1474
281245178	1474
281245278	1474
281245531	1474
281245632	1474
281245761	1474
281246055	1474
281246307	1474
281246404	1474
281246510	1474
281246627	1474
281246766	1474
281246863	1474
281246966	1474
281247060	1474
281247152	1474
281247241	1474
282048167	1474
282048308	1474
282048447	1474
282048601	1474
282048742	1474
282048878	1474
282049018	1474
282049155	1474
282049293	1474
282049429	1474
282049596	1474
282049738	1474
282049879	1474
282050017	1474
282050155	1474
282050314	1474
282050500	1474
282844899	1474
282845017	1474
282845114	1474
282845204	1474
282845297	1474
282845417	1474
282845580	1474
282845681	1474
282845786	1474
282845883	1474
282845978	1474
282846075	1474
282846210	1474
282846435	1474
282846559	1474
282846682	1474
282846779	1474
283378747	1474
283378858	1474
283378983	1474
283379104	1474
283379360	1474
283379474	1474
283379571	1474
283379672	1474
283379933	1474
283380034	1474
283380375	1474
283380479	1474
283380587	1474
283380683	1474
283380795	1474
283380919	1474
284178063	1474
284178313	1474
284178630	1474
284178739	1474
284179046	1474
284179223	1474
284179323	1474
284179434	1474
284179531	1474
284179636	1474
284179738	1474
284179856	1474
284179962	1474
284180058	1474
284180166	1474
284180255	1474
284180358	1474
284979370	1474
284979754	1474
284979856	1474
284979946	1474
284980056	1474
284980164	1474
284980519	1474
284980717	1474
284980810	1474
284980903	1474
284981492	1474
284981750	1474
284981861	1474
284981950	1474
284982042	1474
284982150	1474
284982342	1474
285778165	1474
285778444	1474
285778660	1474
285778751	1474
285778885	1474
285778985	1474
285779099	1474
285779215	1474
285779327	1474
285779468	1474
285779588	1474
285779687	1474
285779807	1474
285779935	1474
285780035	1474
285780156	1474
285780267	1474
285780371	1474
286844999	1474
286845242	1474
286845381	1474
286845499	1474
286845605	1474
286845727	1474
286845854	1474
286846077	1474
286846182	1474
286846434	1474
286846600	1474
286846718	1474
286846822	1474
286846920	1474
286847016	1474
286847111	1474
286847210	1474
286847340	1474
287644826	1474
287645087	1474
287645209	1474
287645302	1474
287645398	1474
287645502	1474
287645601	1474
287645700	1474
287645798	1474
287645897	1474
287645996	1474
287646095	1474
287646237	1474
287646593	1474
287646700	1474
287646823	1474
287646921	1474
287647022	1474
288444173	1474
288444376	1474
288444491	1474
288444740	1474
288444833	1474
288444954	1474
288445051	1474
288445164	1474
288445264	1474
288445380	1474
288445478	1474
288445576	1474
288445675	1474
288445775	1474
288445875	1474
288445973	1474
288446088	1474
288446283	1474
289244065	1474
289244257	1474
289244386	1474
289244700	1474
289244801	1474
289244897	1474
289245002	1474
289245104	1474
289245206	1474
289245300	1474
289245399	1474
289245498	1474
289245596	1474
289245694	1474
289245793	1474
289245894	1474
289246001	1474
289246100	1474
290044322	1474
290044614	1474
290044719	1474
290044840	1474
290044940	1474
290045053	1474
290045144	1474
290045241	1474
290045338	1474
290045436	1474
290045534	1474
290045632	1474
290045731	1474
290045828	1474
290045924	1474
290046027	1474
290046280	1474
290046397	1474
290844537	1474
290844761	1474
290844861	1474
290844953	1474
290845059	1474
290845153	1474
290845244	1474
290845335	1474
290845427	1474
290845518	1474
290845609	1474
290845702	1474
290845794	1474
290845885	1474
290845985	1474
290846079	1474
290846223	1474
291644394	1474
291644613	1474
291644713	1474
291644808	1474
291644898	1474
291645003	1474
291645096	1474
291645188	1474
291645277	1474
291645367	1474
291645458	1474
291645550	1474
291645641	1474
291645734	1474
291645826	1474
291645918	1474
291646022	1474
291646115	1474
292445328	1474
292445551	1474
292445646	1474
292445740	1474
292445831	1474
292445937	1474
292446032	1474
292446125	1474
292446247	1474
292446347	1474
292446452	1474
292446658	1474
292446752	1474
292446843	1474
292446951	1474
292447044	1474
292447137	1474
292447232	1474
293243935	1474
293244026	1474
293244117	1474
293244206	1474
293244311	1474
293244406	1474
293244613	1474
293244758	1474
293244863	1474
293244958	1474
293245131	1474
293245227	1474
293245321	1474
293245412	1474
293245503	1474
293245597	1474
293245684	1474
294044319	1474
294044534	1474
294044628	1474
294044719	1474
294044817	1474
294044929	1474
294045020	1474
294045111	1474
294045203	1474
294045294	1474
294045386	1474
294045477	1474
294045567	1474
294045656	1474
294045746	1474
294045848	1474
294844136	1474
294844349	1474
294844440	1474
294844532	1474
294844620	1474
294844710	1474
294844815	1474
294844906	1474
294844999	1474
294845090	1474
294845181	1474
294845271	1474
294845361	1474
294845450	1474
294845539	1474
294845629	1474
294845721	1474
294845823	1474
295643953	1474
295644089	1474
295644225	1474
295644429	1474
295644626	1474
295644796	1474
295644936	1474
295645074	1474
295645208	1474
295645344	1474
295645477	1474
295645613	1474
295645774	1474
295645915	1474
295646048	1474
295646182	1474
295646367	1474
295646528	1474
296443059	1474
296443226	1474
296443317	1474
296443502	1474
296443590	1474
296443694	1474
296443787	1474
296443878	1474
296443966	1474
296444058	1474
296444148	1474
296444346	1474
296444445	1474
296444537	1474
296444628	1474
296444731	1474
296444822	1474
297245355	1474
297245587	1474
297245687	1474
297245780	1474
297245871	1474
297245964	1474
297246055	1474
297246166	1474
297246309	1474
297246405	1474
297246500	1474
297246612	1474
297246703	1474
297246795	1474
297246886	1474
297246978	1474
297778230	1474
297778427	1474
297778630	1474
297778863	1474
297779141	1474
297779341	1474
297779551	1474
297779733	1474
297779874	1474
297780009	1474
297780143	1474
297780277	1474
297780410	1474
297780552	1474
297780687	1474
298576555	1474
298576914	1474
298577065	1474
298577220	1474
298577360	1474
298577505	1474
298577642	1474
298577778	1474
298577917	1474
298578054	1474
298578192	1474
298578380	1474
298578549	1474
298578687	1474
298578824	1474
298578962	1474
298579097	1474
299377200	1474
299377690	1474
299377788	1474
299377869	1474
299377956	1474
299378044	1474
299378157	1474
299378276	1474
299378394	1474
299378514	1474
299378647	1474
299379585	1474
299379798	1474
299379909	1474
299380527	1474
299380626	1474
299380797	1474
300443401	1474
300443656	1474
300443760	1474
300443859	1474
300443970	1474
300444060	1474
300444155	1474
300444250	1474
300444386	1474
300444484	1474
300444579	1474
300444683	1474
300444799	1474
300444899	1474
300445009	1474
300445127	1474
300445225	1474
300445323	1474
300979405	1474
300979669	1474
300979790	1474
300979882	1474
300980167	1474
300980977	1474
300981178	1474
300981316	1474
300981415	1474
300981532	1474
300981632	1474
300981730	1474
300981828	1474
300981926	1474
300982026	1474
300982125	1474
300982222	1474
302042946	1474
302043157	1474
302043510	1474
302043607	1474
302043711	1474
302043817	1474
302043905	1474
302044010	1474
302044097	1474
302044209	1474
302044302	1474
302044415	1474
302044526	1474
302044616	1474
302044725	1474
302044813	1474
302044914	1474
302045004	1474
302842861	1474
302843045	1474
302843375	1474
302843584	1474
302843831	1474
302843972	1474
302844109	1474
302844258	1474
302844394	1474
302844529	1474
302844664	1474
302844799	1474
302844936	1474
302845072	1474
302845216	1474
302845352	1474
302845486	1474
302845619	1474
303643517	1474
303643725	1474
303644053	1474
303644276	1474
303644488	1474
303644625	1474
303644761	1474
303644897	1474
303645033	1474
303645177	1474
303645314	1474
303645452	1474
303645587	1474
303645723	1474
303645858	1474
303645995	1474
303646139	1474
303646324	1474
304443394	1474
304443652	1474
304443747	1474
304443831	1474
304443925	1474
304444017	1474
304444114	1474
304444218	1474
304444330	1474
304444417	1474
304444524	1474
304444613	1474
304444719	1474
304444807	1474
304444909	1474
304445010	1474
304445114	1474
304445203	1474
