4058715	58
4070047	54
4268725	1474
4269122	1474
4297615	1474
4297780	1474
4298041	1474
4298654	1474
4328372	1474
4328588	1474
4328860	1474
4329172	1474
4329632	334
4410610	1474
4410804	1474
4410996	110
4411685	1474
4411950	82
4412320	1474
4413104	1474
4413511	1474
4414072	1474
4415701	1474
4416021	1474
4416238	222
4416730	1474
4417025	1474
4417215	1474
4417355	138
4425380	1474
4425725	1474
4426147	1474
4426745	1474
4427119	1474
4427310	1474
4427506	1474
4427695	1474
4427899	278
4577404	1474
4577660	82
4577849	1474
4578127	1474
4578445	1474
4578640	1474
4579242	1474
4579446	1474
4579633	1474
4579851	250
4580043	1474
4580372	1474
4580877	110
4581150	1474
4581293	82
4581436	1474
4581621	1474
4581872	1474
4582131	1474
4582349	166
4582560	1474
4582797	1474
4582987	1474
4583250	1474
4583439	1474
4584138	194
4584669	1474
4584864	82
4585004	1474
4585239	82
4585436	1474
4585622	82
4593775	1474
4594031	1474
4594223	1474
4594938	1474
4595136	1474
4595402	1474
4595805	1474
4596423	1474
4596717	1474
4596891	1474
4597083	1474
4597372	1474
4597577	1474
4597855	1474
4598046	1474
4598303	1474
4598502	1474
4598798	530
4750820	1474
4751013	1474
4751159	110
4751621	1474
4752122	1474
4752431	1474
4753235	1474
4753620	1474
4753766	194
4754042	1474
4754238	82
4754574	1474
4754764	82
4754963	1474
4755153	82
4755411	1474
4755612	82
4755797	1474
4755992	1474
4756140	110
4756280	1474
4756458	1474
4785157	1474
4785349	1474
4785578	1474
4785994	1474
4786743	1474
4787069	1474
4787443	1474
4787779	1474
4788123	1474
4788449	1474
4788826	1474
4804570	1474
6011922	1474
6023919	1474
6024624	1474
6046536	1474
6046824	1474
6047124	138
6047699	1474
6047909	1390
6088208	1474
6088309	1474
6088758	1474
6088972	1474
6089434	1474
6089778	1474
6090022	1390
6116804	1474
6117028	1474
6117230	1474
6117694	1474
6118371	1474
6118589	1474
6118692	1474
6139194	1474
6139395	1474
6139766	1474
6140141	1474
6140619	1474
6140932	1474
6141648	1474
6151730	1474
6152056	1474
6152657	1474
6153120	1474
6153467	1474
6153681	1474
6154209	1474
6161453	1474
6161799	1474
6162115	1474
6162314	1474
6162831	1474
6163684	1474
6163885	1474
6164176	1474
6169151	1474
6169522	1474
6169891	1474
6171134	1474
6171512	1474
6171621	1474
6171721	1474
6171845	1474
6176115	1474
6176573	1474
6176705	1474
6176906	1474
6177222	1474
6177541	1474
6178247	1474
6178532	1474
6178844	1474
6184975	1474
6185173	1474
6185290	1474
6185386	1474
6185492	1474
6185605	1474
6186402	1474
6186617	1474
6191502	1474
6191633	1474
6191964	1474
6192068	1474
6192187	1474
6192284	1474
6192381	1474
6192490	1474
6226085	1474
6226434	1474
6226567	1474
6226675	1474
6226780	1474
6226882	1474
6226987	1474
6227094	1474
6227198	1474
6227459	1474
6268134	1474
6268464	1474
6268580	1474
6268684	1474
6268777	1474
6268870	1474
6268984	1474
6269105	1474
6269202	1474
6269320	1474
6312264	1474
6312529	1474
6312648	1474
6312761	1474
6312857	1474
6312953	1474
6313049	1474
6313147	1474
6313240	1474
6313340	1474
6351789	1474
6351998	1474
6352093	1474
6352187	1474
6352280	1474
6352372	1474
6352464	1474
6352566	1474
6352660	1474
6352752	1474
6396037	1474
6396275	1474
6396415	1474
6396524	1474
6396623	1474
6396713	1474
6396805	1474
6396896	1474
6396990	1474
6397082	1474
6404735	1474
6404895	1474
6404991	1474
6405143	1474
6405239	1474
6405331	1474
6405424	1474
6405524	1474
6405618	1474
6405714	1474
6443986	1474
6444264	1474
6444358	1474
6444446	1474
6444555	1474
6444647	1474
6444739	1474
6444834	1474
7206293	1474
7207045	1474
7207177	1474
7207444	1474
7207564	1474
7207840	1474
7208160	1474
7208369	1474
7208596	1474
7208701	1474
7208806	1474
7208927	1474
7257558	1474
7741636	1474
7741770	1474
7741982	1474
7742555	1474
7742660	1474
7742757	1474
7742854	1474
7742951	1474
7743047	1474
7743307	1474
7743412	1474
7788072	1474
7788310	1474
7788403	1474
7788526	1474
7788623	1474
7788719	1474
7788818	1474
7788924	1474
8271361	1474
8271778	1474
8272027	1474
8272167	1474
8272305	1474
8272458	1474
8272596	1474
8272735	1474
8272872	1474
8273009	1474
8539504	1474
8539611	1474
8539709	1474
8539903	1474
8540098	1474
8540886	1474
8541001	1474
8541098	1474
8541233	1474
8541332	1474
9087586	1474
9088176	1474
9088381	1474
9088591	1474
9089014	1474
9089210	1474
9089708	1474
9089902	1474
9090024	1474
9090120	1474
9090238	1474
9871286	1474
9872535	1474
9872823	1474
9872987	1474
9873127	1474
9873319	1474
9873459	1474
9873595	1474
9873731	1474
9873866	1474
9874004	1474
9875909	1474
9913444	1474
9913566	1474
9913661	1474
10683621	1474
10684011	1474
10684226	1474
10684320	1474
10684799	1474
10684992	1474
10685355	1474
10685460	1474
10685569	1474
10685664	1474
10685760	1474
10700541	1474
10700673	1474
10745022	1474
10745326	1474
10745461	1474
10745685	1474
10746092	1474
10746222	1474
10746363	1474
10746467	1474
11471169	1474
11471483	1474
11471745	1474
11471856	1474
11471950	1474
11472055	1474
11472152	1474
11472267	1474
11472376	1474
11472495	1474
11472616	1474
11472714	1474
11512173	1474
11512276	1474
12272665	1474
12272777	1474
12272875	1474
12272984	1474
12273081	1474
12273445	1474
12273627	1474
12273735	1474
12273831	1474
12273928	1474
12274048	1474
12274246	1474
12274484	1474
12312415	1474
12312529	1474
12312629	1474
12312741	1474
13071353	1474
13071618	1474
13071764	1474
13071858	1474
13071955	1474
13072073	1474
13072171	1474
13072273	1474
13072372	1474
13072486	1474
13072586	1474
13072678	1474
13113380	1474
13113482	1474
13113606	1474
13113704	1474
13113824	1474
13113925	1474
13114055	1474
13114185	1474
13114343	1474
13870839	1474
13871034	1474
13871184	1474
13871666	1474
13871774	1474
13871876	1474
13871974	1474
13872088	1474
13872201	1474
13872319	1474
13872416	1474
13872514	1474
13911922	1474
13912062	1474
13912163	1474
14670899	1474
14671171	1474
14671453	1474
14671632	1474
14671751	1474
14672001	1474
14672116	1474
14672207	1474
14672324	1474
14672574	1474
14672676	1474
14672793	1474
14674319	1474
14674445	1474
14712041	1474
14712163	1474
14712263	1474
15470652	1474
15471027	1474
15471361	1474
15471468	1474
15471572	1474
15471873	1474
15472061	1474
15472189	1474
15472286	1474
15472395	1474
15472492	1474
15472587	1474
15472686	1474
15472782	1474
15512277	1474
15512374	1474
15512471	1474
15512566	1474
15512684	1474
15512780	1474
15512876	1474
15512972	1474
16537087	1474
16537203	1474
16537390	1474
16537489	1474
16537603	1474
16537714	1474
16537809	1474
16537932	1474
16538041	1474
16538168	1474
16538308	1474
16538409	1474
16538522	1474
16579929	1474
16580056	1474
17337007	1474
17337187	1474
17337286	1474
17337384	1474
17337496	1474
17337685	1474
17337788	1474
17337881	1474
17337994	1474
17338456	1474
17338564	1474
17338657	1474
17338759	1474
17338872	1474
17380089	1474
17380188	1474
17380295	1474
18136607	1474
18136828	1474
18136938	1474
18137030	1474
18137122	1474
18137212	1474
18137306	1474
18137396	1474
18137488	1474
18137578	1474
18137669	1474
18137759	1474
18137856	1474
18179038	1474
18179282	1474
18179372	1474
18179465	1474
18179553	1474
18179645	1474
18179737	1474
18179830	1474
18937949	1474
18938171	1474
18938309	1474
18938405	1474
18938497	1474
18938583	1474
18938679	1474
18938765	1474
18938864	1474
18938955	1474
18939047	1474
18939137	1474
18939229	1474
18978613	1474
18978857	1474
19738050	1474
19738165	1474
19738395	1474
19738513	1474
19738610	1474
19738799	1474
19739004	1474
19739096	1474
19739194	1474
19739291	1474
19739555	1474
19739648	1474
19739771	1474
19740034	1474
19740138	1474
19779009	1474
19779125	1474
20537307	1474
20537497	1474
20537623	1474
20537765	1474
20537866	1474
20537980	1474
20538092	1474
20538603	1474
20538717	1474
20538919	1474
20539015	1474
20539130	1474
20539230	1474
20539326	1474
20539442	1474
20578843	1474
20579146	1474
20579250	1474
21337036	1474
21337287	1474
21337394	1474
21337506	1474
21337665	1474
21337949	1474
21338114	1474
21338287	1474
21338477	1474
21338601	1474
21338697	1474
21338808	1474
21338905	1474
21339019	1474
21339130	1474
21378732	1474
21379039	1474
21379157	1474
22136536	1474
22136782	1474
22136897	1474
22137021	1474
22137117	1474
22137222	1474
22137317	1474
22137426	1474
22137543	1474
22137641	1474
22137756	1474
22137870	1474
22137987	1474
22138085	1474
22180870	1474
22180981	1474
22937474	1474
22937590	1474
22937793	1474
22937893	1474
22938022	1474
22938539	1474
22938644	1474
22938846	1474
22938958	1474
22939214	1474
22939672	1474
22939873	1474
22939964	1474
22940066	1474
22940161	1474
22979054	1474
22979202	1474
23469969	1474
23470182	1474
23470328	1474
23470425	1474
23470657	1474
23470782	1474
23471050	1474
23471152	1474
23471753	1474
23471902	1474
23471990	1474
23472101	1474
23472196	1474
23472301	1474
23472406	1474
23511069	1474
24269773	1474
24269998	1474
24270093	1474
24270211	1474
24270449	1474
24270597	1474
24270835	1474
24271020	1474
24271119	1474
24271213	1474
24271309	1474
24271402	1474
24271507	1474
24271601	1474
24271694	1474
24273215	1474
24311397	1474
25335719	1474
25335902	1474
25335991	1474
25336183	1474
25336284	1474
25336382	1474
25336478	1474
25336570	1474
25336659	1474
25336752	1474
25336845	1474
25336938	1474
25337030	1474
25337123	1474
25337215	1474
25377919	1474
25378187	1474
25378321	1474
25870514	1474
25870619	1474
25870709	1474
25870899	1474
25871001	1474
25871260	1474
25871403	1474
25871566	1474
25871662	1474
25871758	1474
25871851	1474
25871945	1474
25872040	1474
25872136	1474
25872229	1474
25910947	1474
26669247	1474
26669457	1474
26669585	1474
26669684	1474
26669778	1474
26670004	1474
26670209	1474
26670362	1474
26670629	1474
26670765	1474
26670860	1474
26670955	1474
26671047	1474
26671141	1474
26671232	1474
26710929	1474
26711023	1474
27469527	1474
27469627	1474
27469712	1474
27469903	1474
27470003	1474
27470097	1474
27470359	1474
27470526	1474
27470615	1474
27470713	1474
27470804	1474
27470894	1474
27470986	1474
27471077	1474
27471167	1474
27511066	1474
28268711	1474
28268862	1474
28268954	1474
28269136	1474
28269246	1474
28269341	1474
28269432	1474
28269524	1474
28269613	1474
28269707	1474
28269799	1474
28269960	1474
28270063	1474
28270334	1474
28270439	1474
28311089	1474
28311189	1474
29069025	1474
29069256	1474
29069355	1474
29069447	1474
29069539	1474
29069630	1474
29069722	1474
29069816	1474
29069910	1474
29070003	1474
29070211	1474
29070340	1474
29070546	1474
29070640	1474
29070788	1474
29110986	1474
29111106	1474
29111218	1474
29868807	1474
29869225	1474
29869600	1474
29869804	1474
29869959	1474
29870374	1474
29870509	1474
29870611	1474
29870890	1474
29870982	1474
29871100	1474
29871195	1474
29871290	1474
29871411	1474
29871506	1474
29871615	1474
29873988	1474
30669760	1474
30670164	1474
30670297	1474
30670420	1474
30670514	1474
30670613	1474
30670730	1474
30670926	1474
30671067	1474
30671287	1474
30671810	1474
30671912	1474
30672099	1474
30672215	1474
30672315	1474
30672412	1474
30709976	1474
31468763	1474
31469051	1474
31469150	1474
31469312	1474
31469436	1474
31469629	1474
31469731	1474
31470078	1474
31470458	1474
31470565	1474
31470670	1474
31470769	1474
31470865	1474
31470979	1474
31471077	1474
31471193	1474
31510187	1474
31510554	1474
32268296	1474
32268536	1474
32268689	1474
32269031	1474
32269142	1474
32269255	1474
32269368	1474
32269495	1474
32269632	1474
32269749	1474
32269981	1474
32270084	1474
32271022	1474
32271130	1474
32271275	1474
32271376	1474
32310098	1474
32310389	1474
33068760	1474
33069106	1474
33069409	1474
33069664	1474
33069986	1474
33070272	1474
33070881	1474
33071031	1474
33071243	1474
33071345	1474
33071435	1474
33071578	1474
33071678	1474
33071766	1474
33071867	1474
33071966	1474
33072072	1474
33869044	1474
33869181	1474
33869445	1474
33869551	1474
33870143	1474
33870283	1474
33870461	1474
33870563	1474
33870660	1474
33870760	1474
33870871	1474
33870965	1474
33871083	1474
33871180	1474
33871281	1474
33871378	1474
33909994	1474
34668822	1474
34669078	1474
34669179	1474
34669280	1474
34669450	1474
34669556	1474
34669802	1474
34669910	1474
34671053	1474
34671165	1474
34671266	1474
34671369	1474
34671474	1474
34671574	1474
34671671	1474
34671776	1474
35468121	1474
35468405	1474
35468504	1474
35468602	1474
35468691	1474
35468800	1474
35468898	1474
35468995	1474
35469184	1474
35469286	1474
35469385	1474
35469829	1474
35470006	1474
35470099	1474
35470194	1474
35470321	1474
35509343	1474
36268176	1474
36268512	1474
36268607	1474
36268881	1474
36268979	1474
36269073	1474
36269167	1474
36269262	1474
36269371	1474
36269568	1474
36269750	1474
36270235	1474
36270363	1474
36270460	1474
36270551	1474
36270655	1474
36309538	1474
37068567	1474
37068742	1474
37068926	1474
37069139	1474
37069285	1474
37069572	1474
37069782	1474
37069880	1474
37069978	1474
37070070	1474
37070187	1474
37070330	1474
37070427	1474
37070526	1474
37070623	1474
37070716	1474
37072650	1474
37867871	1474
37868202	1474
37868295	1474
37868388	1474
37868482	1474
37868580	1474
37868677	1474
37868783	1474
37868873	1474
37868966	1474
37869169	1474
37869270	1474
37869360	1474
37869945	1474
37870044	1474
37870201	1474
37870345	1474
38668256	1474
38668644	1474
38668770	1474
38668964	1474
38669061	1474
38669567	1474
38669783	1474
38669882	1474
38670000	1474
38670102	1474
38670282	1474
38670386	1474
38670492	1474
38670613	1474
38670713	1474
38670815	1474
39202294	1474
39202540	1474
39202651	1474
39202797	1474
39202893	1474
39203001	1474
39203090	1474
39203194	1474
39203285	1474
39203396	1474
39203486	1474
39203590	1474
39203683	1474
39203776	1474
39203866	1474
39203962	1474
39204052	1474
40268956	1474
40269192	1474
40269458	1474
40269571	1474
40269709	1474
40269824	1474
40270150	1474
40270369	1474
40271018	1474
40271131	1474
40271351	1474
40271470	1474
40271572	1474
40271690	1474
40271797	1474
40271902	1474
40272009	1474
40272118	1474
41067835	1474
41068061	1474
41068297	1474
41068532	1474
41068639	1474
41069189	1474
41069297	1474
41069410	1474
41069530	1474
41069629	1474
41069742	1474
41069835	1474
41069936	1474
41070075	1474
41070196	1474
41070356	1474
41070463	1474
41111788	1474
41868780	1474
41869026	1474
41869231	1474
41869367	1474
41870090	1474
41870332	1474
41870448	1474
41870675	1474
41870784	1474
41870884	1474
41870979	1474
41871076	1474
41871201	1474
41871308	1474
41871404	1474
41871506	1474
41871813	1474
42667223	1474
42667432	1474
42667635	1474
42667947	1474
42668104	1474
42668231	1474
42668459	1474
42668562	1474
42668666	1474
42668779	1474
42668892	1474
42669239	1474
42669720	1474
42669821	1474
42669916	1474
42670022	1474
42670121	1474
42670282	1474
43200916	1474
43201296	1474
43201408	1474
43201502	1474
43201599	1474
43201701	1474
43201798	1474
43201904	1474
43202006	1474
43202105	1474
43202293	1474
43202399	1474
43202505	1474
43202604	1474
43202719	1474
43202815	1474
44000765	1474
44000955	1474
44001059	1474
44001319	1474
44001424	1474
44001523	1474
44001628	1474
44001723	1474
44001837	1474
44001949	1474
44002050	1474
44002157	1474
44002315	1474
44002433	1474
44002530	1474
44002629	1474
44802024	1474
44802476	1474
44802568	1474
44802662	1474
44802867	1474
44802967	1474
44803114	1474
44803352	1474
44803451	1474
44803560	1474
44803832	1474
44803934	1474
44804091	1474
44804194	1474
44804290	1474
44804405	1474
44804527	1474
44804627	1474
45600334	1474
45600791	1474
45600895	1474
45600985	1474
45601113	1474
45601211	1474
45601502	1474
45601605	1474
45601697	1474
45601836	1474
45601936	1474
45602045	1474
45602167	1474
45602299	1474
45602427	1474
46400189	1474
46400345	1474
46400563	1474
46400666	1474
46400754	1474
46400863	1474
46400987	1474
46401085	1474
46401205	1474
46401301	1474
46401399	1474
46401495	1474
46401597	1474
46401693	1474
46401790	1474
46401888	1474
47200584	1474
47200746	1474
47200933	1474
47201048	1474
47201175	1474
47201282	1474
47201374	1474
47201466	1474
47201556	1474
47201673	1474
47201767	1474
47201880	1474
47202001	1474
47202096	1474
47202190	1474
47202345	1474
47202441	1474
47202553	1474
48002322	1474
48002547	1474
48002661	1474
48002783	1474
48002882	1474
48002977	1474
48003065	1474
48003210	1474
48003331	1474
48003429	1474
48003544	1474
48003653	1474
48003760	1474
48003858	1474
48003989	1474
48004100	1474
48004197	1474
48801686	1474
48801894	1474
48802115	1474
48802238	1474
48802401	1474
48802522	1474
48802714	1474
48802829	1474
48802932	1474
48803046	1474
48803144	1474
48803242	1474
48803333	1474
48803427	1474
48803535	1474
48803652	1474
48803748	1474
48803855	1474
49601268	1474
49601556	1474
49601666	1474
49601763	1474
49601866	1474
49601963	1474
49602060	1474
49602177	1474
49602346	1474
49602443	1474
49602539	1474
49602719	1474
49602820	1474
49602930	1474
49603025	1474
49603120	1474
49603214	1474
50399782	1474
50400027	1474
50400239	1474
50400342	1474
50400429	1474
50400519	1474
50400612	1474
50400710	1474
50400811	1474
50400906	1474
50401013	1474
50401106	1474
50401202	1474
50401310	1474
50401400	1474
50401494	1474
50401588	1474
51200600	1474
51200875	1474
51200977	1474
51201097	1474
51201276	1474
51201379	1474
51201598	1474
51201701	1474
51201815	1474
51201913	1474
51202012	1474
51202108	1474
51202226	1474
51202382	1474
51202530	1474
51202631	1474
51202721	1474
51999934	1474
52000238	1474
52000329	1474
52000423	1474
52000564	1474
52000660	1474
52000769	1474
52000882	1474
52000979	1474
52001075	1474
52001190	1474
52001300	1474
52001394	1474
52001509	1474
52001631	1474
52001732	1474
52001832	1474
52001928	1474
52799583	1474
52799907	1474
52800013	1474
52800123	1474
52800252	1474
52800365	1474
52800703	1474
52800808	1474
52800905	1474
52801009	1474
52801107	1474
52801213	1474
52801319	1474
52801414	1474
52801521	1474
52801634	1474
53599515	1474
53599841	1474
53599935	1474
53600061	1474
53600158	1474
53600276	1474
53600378	1474
53600474	1474
53600564	1474
53600681	1474
53600801	1474
53600898	1474
53601004	1474
53601128	1474
53601238	1474
53601336	1474
53601436	1474
54400948	1474
54401110	1474
54401259	1474
54401374	1474
54401496	1474
54401596	1474
54401694	1474
54401792	1474
54401895	1474
54401993	1474
54402090	1474
54402206	1474
54402375	1474
54402495	1474
54402609	1474
54402732	1474
54402832	1474
54402947	1474
55199768	1474
55199983	1474
55200272	1474
55200392	1474
55200640	1474
55200745	1474
55200839	1474
55200935	1474
55201035	1474
55201132	1474
55201233	1474
55201329	1474
55201439	1474
55201537	1474
55201638	1474
55201738	1474
55201836	1474
55201932	1474
56000471	1474
56000822	1474
56000971	1474
56001090	1474
56001190	1474
56001288	1474
56001417	1474
56001531	1474
56001632	1474
56001743	1474
56001858	1474
56001958	1474
56002072	1474
56002197	1474
56002419	1474
56002524	1474
56002636	1474
56002734	1474
56799355	1474
56799794	1474
56799899	1474
56799991	1474
56800086	1474
56800173	1474
56800276	1474
56800391	1474
56800487	1474
56800584	1474
56800758	1474
56800873	1474
56800970	1474
56801093	1474
56801209	1474
56801311	1474
56801415	1474
57599977	1474
57600419	1474
57600510	1474
57600619	1474
57600737	1474
57600834	1474
57600931	1474
57601045	1474
57601142	1474
57601238	1474
57601422	1474
57601519	1474
57601634	1474
57601741	1474
57601839	1474
57601939	1474
57602060	1474
57602179	1474
58399368	1474
58399675	1474
58399775	1474
58399871	1474
58399961	1474
58400054	1474
58400149	1474
58400241	1474
58400342	1474
58400435	1474
58400529	1474
58400620	1474
58400714	1474
58400807	1474
58400901	1474
58400994	1474
58401088	1474
58401180	1474
59199173	1474
59199616	1474
59199706	1474
59199798	1474
59199898	1474
59199991	1474
59200087	1474
59200174	1474
59200288	1474
59200388	1474
59200480	1474
59200571	1474
59200665	1474
59200760	1474
59200858	1474
59200950	1474
59201043	1474
59201136	1474
59999290	1474
59999551	1474
59999664	1474
59999777	1474
59999872	1474
59999973	1474
60000070	1474
60000173	1474
60000280	1474
60000394	1474
60000513	1474
60000607	1474
60000705	1474
60000803	1474
60000897	1474
60000995	1474
60001091	1474
60800597	1474
60800940	1474
60801058	1474
60801207	1474
60801306	1474
60801417	1474
60801507	1474
60801603	1474
60801701	1474
60801797	1474
60801895	1474
60801994	1474
60802092	1474
60802303	1474
60802409	1474
60802507	1474
60802605	1474
60802705	1474
61600447	1474
61600767	1474
61600879	1474
61600997	1474
61601095	1474
61601193	1474
61601319	1474
61601423	1474
61601541	1474
61601637	1474
61601755	1474
61601872	1474
61601981	1474
61602085	1474
61602203	1474
61602461	1474
61602550	1474
62133410	1474
62133569	1474
62133685	1474
62133787	1474
62133884	1474
62134005	1474
62134128	1474
62134323	1474
62134421	1474
62134527	1474
62134625	1474
62932093	1474
62932303	1474
62932400	1474
62932495	1474
62932587	1474
62932680	1474
62932777	1474
62932870	1474
62932965	1474
62933075	1474
62933168	1474
62933261	1474
62933352	1474
62933446	1474
62933560	1474
62933654	1474
63733848	1474
63734235	1474
63734373	1474
63734498	1474
63734616	1474
63734714	1474
63734827	1474
63734944	1474
63735046	1474
63735163	1474
63735358	1474
63735476	1474
63735566	1474
63736319	1474
63736556	1474
63736654	1474
63736770	1474
64531881	1474
64532204	1474
64532307	1474
64532411	1474
64532511	1474
64532622	1474
64532716	1474
64532944	1474
64533059	1474
64533155	1474
64533269	1474
64533365	1474
64533478	1474
64533594	1474
64533695	1474
64533792	1474
64533929	1474
64534087	1474
65331883	1474
65332226	1474
65332338	1474
65332435	1474
65332532	1474
65332814	1474
65332936	1474
65333059	1474
65333155	1474
65333406	1474
65333510	1474
65333598	1474
65333701	1474
65333866	1474
65333963	1474
65334057	1474
65334183	1474
66131895	1474
66132147	1474
66132254	1474
66132352	1474
66132464	1474
66132587	1474
66132712	1474
66132961	1474
66133078	1474
66133194	1474
66133292	1474
66133393	1474
66133497	1474
66133594	1474
66133692	1474
66133790	1474
66133901	1474
66133999	1474
66931723	1474
66932019	1474
66932162	1474
66932266	1474
66932364	1474
66932461	1474
66932568	1474
66932665	1474
66932781	1474
66932896	1474
66932995	1474
66933083	1474
66933200	1474
66933298	1474
66933396	1474
66933518	1474
66933616	1474
66933715	1474
67731754	1474
67731923	1474
67732063	1474
67732232	1474
67732426	1474
67732677	1474
67732827	1474
67732966	1474
67733102	1474
67733237	1474
67733372	1474
67733506	1474
67733643	1474
67733808	1474
67733947	1474
67734084	1474
67734222	1474
67734408	1474
68531914	1474
68532168	1474
68532273	1474
68532365	1474
68532463	1474
68532562	1474
68532670	1474
68532770	1474
68532866	1474
68532964	1474
68533062	1474
68533164	1474
68533263	1474
68533360	1474
68533457	1474
68533556	1474
68533661	1474
69331246	1474
69331467	1474
69331783	1474
69331889	1474
69331988	1474
69332116	1474
69332215	1474
69332313	1474
69332410	1474
69332509	1474
69332613	1474
69332718	1474
69332816	1474
69332908	1474
69333002	1474
69333098	1474
69333189	1474
69333282	1474
70131001	1474
70131250	1474
70131366	1474
70131458	1474
70131593	1474
70131693	1474
70131807	1474
70131917	1474
70132014	1474
70132111	1474
70132206	1474
70132305	1474
70132401	1474
70132500	1474
70132595	1474
70132692	1474
70132806	1474
70931842	1474
70932104	1474
70932214	1474
70932306	1474
70932417	1474
70932513	1474
70932608	1474
70932733	1474
70932834	1474
70932946	1474
70933046	1474
70933143	1474
70933238	1474
70933336	1474
70933435	1474
71732710	1474
71732977	1474
71733083	1474
71733200	1474
71733301	1474
71733403	1474
71733714	1474
71733824	1474
71733924	1474
71734022	1474
71734145	1474
71734291	1474
71734388	1474
71734480	1474
71734594	1474
71734877	1474
71734986	1474
72532668	1474
72532945	1474
72533069	1474
72533188	1474
72533285	1474
72533405	1474
72533524	1474
72533721	1474
72533846	1474
72533978	1474
72534192	1474
72535276	1474
72535484	1474
72535596	1474
72535721	1474
72535839	1474
72535936	1474
73333129	1474
73333247	1474
73333344	1474
73333460	1474
73333595	1474
73333697	1474
73333800	1474
73333929	1474
73335046	1474
73335158	1474
73335270	1474
73335370	1474
73335461	1474
73335574	1474
73335675	1474
73335800	1474
73335921	1474
73336019	1474
74131849	1474
74132135	1474
74132248	1474
74132412	1474
74132515	1474
74132627	1474
74132747	1474
74132845	1474
74132959	1474
74133058	1474
74133156	1474
74133250	1474
74133349	1474
74133686	1474
74133814	1474
74133917	1474
74134016	1474
74134115	1474
74930913	1474
74931159	1474
74931293	1474
74931395	1474
74931510	1474
74931627	1474
74931749	1474
74931847	1474
74931970	1474
74932115	1474
74932219	1474
74932309	1474
74932413	1474
74932523	1474
74932620	1474
74932720	1474
74932813	1474
75730533	1474
75730809	1474
75730902	1474
75731008	1474
75731107	1474
75731266	1474
75731369	1474
75731493	1474
75731611	1474
75731712	1474
75731811	1474
75731924	1474
75732049	1474
75732171	1474
75732268	1474
75732398	1474
75732519	1474
75732617	1474
76531685	1474
76531963	1474
76532066	1474
76532178	1474
76532280	1474
76532397	1474
76532518	1474
76532616	1474
76532730	1474
76532825	1474
76532922	1474
76533027	1474
76533152	1474
76533246	1474
76533341	1474
76533439	1474
76533539	1474
76533633	1474
77330618	1474
77330861	1474
77330952	1474
77331066	1474
77331153	1474
77331257	1474
77331342	1474
77331426	1474
77331522	1474
77331626	1474
77331730	1474
77331817	1474
77331913	1474
77331999	1474
77332108	1474
77332189	1474
77332275	1474
77332377	1474
78130507	1474
78130606	1474
78130765	1474
78130878	1474
78130974	1474
78131235	1474
78131328	1474
78131424	1474
78131531	1474
78131690	1474
78131773	1474
78131869	1474
78131974	1474
78132074	1474
78132162	1474
78132269	1474
78132358	1474
78930482	1474
78930744	1474
78930858	1474
78930968	1474
78931082	1474
78931197	1474
78931305	1474
78931403	1474
78931498	1474
78931616	1474
78931723	1474
78931823	1474
78931916	1474
78932018	1474
78932138	1474
78932242	1474
79730607	1474
79730874	1474
79730990	1474
79731107	1474
79731214	1474
79731309	1474
79731422	1474
79731513	1474
79731608	1474
79731723	1474
79731834	1474
79731938	1474
79732044	1474
79732158	1474
79732250	1474
79732343	1474
79732435	1474
80530358	1474
80530659	1474
80530751	1474
80530864	1474
80530968	1474
80531082	1474
80531181	1474
80531288	1474
80531396	1474
80531493	1474
80531589	1474
80531696	1474
80531830	1474
80531945	1474
80532042	1474
80532159	1474
80532268	1474
80532375	1474
81330825	1474
81331072	1474
81331185	1474
81331300	1474
81331396	1474
81331512	1474
81331624	1474
81331718	1474
81331817	1474
81331920	1474
81332017	1474
81332116	1474
81332210	1474
81332309	1474
81332408	1474
81332507	1474
81332604	1474
81332699	1474
82129642	1474
82129851	1474
82130111	1474
82130436	1474
82130688	1474
82130794	1474
82130905	1474
82131018	1474
82131114	1474
82131224	1474
82131335	1474
82131442	1474
82131539	1474
82131653	1474
82131765	1474
82131867	1474
82131962	1474
82931092	1474
82931556	1474
82931666	1474
82931787	1474
82931886	1474
82932006	1474
82932119	1474
82932213	1474
82932306	1474
82932394	1474
82932513	1474
82932610	1474
82932728	1474
82933003	1474
82933129	1474
82933229	1474
82933952	1474
82934143	1474
83730578	1474
83730728	1474
83730813	1474
83730985	1474
83731116	1474
83731226	1474
83731320	1474
83731428	1474
83731523	1474
83731631	1474
83731749	1474
83731838	1474
83731948	1474
83732035	1474
83732122	1474
83732223	1474
83732350	1474
84796143	1474
84796410	1474
84796530	1474
84796658	1474
84796779	1474
84796900	1474
84797169	1474
84797327	1474
84797431	1474
84797980	1474
84798088	1474
84798332	1474
84798423	1474
84798527	1474
84798783	1474
84798900	1474
84799008	1474
84799135	1474
85329496	1474
85329768	1474
85329865	1474
85330033	1474
85330128	1474
85330243	1474
85330333	1474
85330451	1474
85330553	1474
85330672	1474
85330758	1474
85330857	1474
85330943	1474
85331041	1474
85331127	1474
85331230	1474
85331316	1474
86396528	1474
86396733	1474
86396954	1474
86397677	1474
86397967	1474
86398124	1474
86398286	1474
86398588	1474
86398847	1474
86398947	1474
86399038	1474
86399134	1474
86399239	1474
86399483	1474
86399601	1474
86399705	1474
86400226	1474
86400324	1474
87196878	1474
87197149	1474
87197270	1474
87197389	1474
87197507	1474
87197595	1474
87197690	1474
87197776	1474
87197862	1474
87197954	1474
87198062	1474
87198151	1474
87198354	1474
87198452	1474
87198538	1474
87198637	1474
87198730	1474
87198951	1474
87996592	1474
87996808	1474
87996962	1474
87997057	1474
87997270	1474
87997357	1474
87997596	1474
87997692	1474
87997781	1474
87997868	1474
87997955	1474
87998042	1474
87998128	1474
87998252	1474
87998347	1474
87998493	1474
87998589	1474
87998691	1474
88796567	1474
88796703	1474
88797235	1474
88797340	1474
88797547	1474
88797781	1474
88797875	1474
88797977	1474
88798088	1474
88798212	1474
88798367	1474
88798449	1474
88798561	1474
88798671	1474
88798775	1474
88798878	1474
88798983	1474
88799070	1474
89597070	1474
89597251	1474
89597702	1474
89597799	1474
89597911	1474
89598019	1474
89598108	1474
89598212	1474
89598381	1474
89598462	1474
89598559	1474
89598645	1474
89598890	1474
89598984	1474
89599076	1474
89599671	1474
89599863	1474
90396586	1474
90396812	1474
90396932	1474
90397021	1474
90397125	1474
90397225	1474
90397330	1474
90397435	1474
90397543	1474
90397630	1474
90397733	1474
90397826	1474
90397914	1474
90398022	1474
90398110	1474
90398215	1474
90398371	1474
91196703	1474
91196971	1474
91197056	1474
91197182	1474
91197285	1474
91197388	1474
91197473	1474
91197575	1474
91197663	1474
91197767	1474
91197852	1474
91197959	1474
91198045	1474
91198143	1474
91198312	1474
91198420	1474
91198507	1474
91198619	1474
91998294	1474
91998634	1474
91998905	1474
91999028	1474
91999156	1474
91999409	1474
91999879	1474
92000189	1474
92000302	1474
92000419	1474
92000537	1474
92000653	1474
92000747	1474
92000862	1474
92000985	1474
92001083	1474
92001189	1474
92001293	1474
92797706	1474
92797989	1474
92798090	1474
92798249	1474
92798450	1474
92798639	1474
92798886	1474
92798992	1474
92799876	1474
92799978	1474
92800067	1474
92800170	1474
92800288	1474
92800403	1474
92800500	1474
92800597	1474
92800702	1474
92800824	1474
93595476	1474
93595820	1474
93595916	1474
93596007	1474
93596127	1474
93596225	1474
93596324	1474
93596435	1474
93596548	1474
93596669	1474
93596764	1474
93596875	1474
93596971	1474
93597069	1474
93597182	1474
93597280	1474
93597387	1474
93597491	1474
94395143	1474
94395476	1474
94395605	1474
94395721	1474
94395816	1474
94395931	1474
94396041	1474
94396148	1474
94396261	1474
94396376	1474
94396483	1474
94396593	1474
94396689	1474
94396802	1474
94396919	1474
94397019	1474
94397124	1474
94397240	1474
95461959	1474
95462223	1474
95462392	1474
95462499	1474
95462599	1474
95462803	1474
95462907	1474
95463001	1474
95463334	1474
95463515	1474
95463607	1474
95463699	1474
95463795	1474
95463890	1474
95463983	1474
95464086	1474
95464180	1474
95464274	1474
96262744	1474
96263037	1474
96263130	1474
96263222	1474
96263317	1474
96263413	1474
96263501	1474
96263623	1474
96263838	1474
96263956	1474
96264288	1474
96264496	1474
96264594	1474
96264690	1474
96264785	1474
96264877	1474
96264971	1474
96795072	1474
96795343	1474
96795446	1474
96795542	1474
96795630	1474
96795722	1474
96795814	1474
96795907	1474
96796015	1474
96796109	1474
96796198	1474
96796292	1474
96796389	1474
96796479	1474
96796570	1474
96796667	1474
96796760	1474
97595248	1474
97595497	1474
97595594	1474
97595691	1474
97595784	1474
97595879	1474
97595992	1474
97596085	1474
97596179	1474
97596270	1474
97596362	1474
97596458	1474
97596552	1474
97596646	1474
97596742	1474
97596840	1474
98395119	1474
98395405	1474
98395501	1474
98395599	1474
98395691	1474
98395785	1474
98395882	1474
98395977	1474
98396071	1474
98396162	1474
98396253	1474
98396349	1474
98396445	1474
98396539	1474
98396633	1474
98396726	1474
98397144	1474
99194871	1474
99195089	1474
99195272	1474
99195417	1474
99195557	1474
99195691	1474
99195841	1474
99195978	1474
99196114	1474
99196252	1474
99196390	1474
99196526	1474
99196665	1474
99196822	1474
99196960	1474
99197100	1474
99197236	1474
99197375	1474
99996190	1474
99996349	1474
99996655	1474
99996814	1474
99996906	1474
99997105	1474
99997205	1474
99997296	1474
99997390	1474
99997506	1474
99997676	1474
99997777	1474
99998084	1474
99998312	1474
99998409	1474
99998503	1474
99998589	1474
100794412	1474
100794594	1474
100794754	1474
100794896	1474
100795039	1474
100795177	1474
100795401	1474
100795597	1474
100795763	1474
100795992	1474
100796164	1474
100796309	1474
100796469	1474
100796621	1474
100796772	1474
100796913	1474
100797048	1474
101594994	1474
101595107	1474
101595281	1474
101595381	1474
101595476	1474
101595578	1474
101595673	1474
101595770	1474
101595867	1474
101596076	1474
101596180	1474
101596340	1474
101597021	1474
101597122	1474
101597221	1474
101597412	1474
101597510	1474
102395826	1474
102395968	1474
102396230	1474
102396321	1474
102396421	1474
102396699	1474
102396794	1474
102396875	1474
102397002	1474
102397108	1474
102397212	1474
102397327	1474
102397427	1474
102397550	1474
102397659	1474
102397857	1474
102398427	1474
103194799	1474
103195008	1474
103195134	1474
103195365	1474
103195856	1474
103196047	1474
103196127	1474
103196233	1474
103196323	1474
103196430	1474
103196534	1474
103196635	1474
103196722	1474
103196829	1474
103196934	1474
103197022	1474
103994603	1474
103994878	1474
103994988	1474
103995103	1474
103995219	1474
103995316	1474
103995427	1474
103995551	1474
103995679	1474
103995890	1474
103995998	1474
103996648	1474
103996856	1474
103996978	1474
103997079	1474
103997205	1474
103997317	1474
104796115	1474
104796812	1474
104796914	1474
104797151	1474
104797250	1474
104797362	1474
104797479	1474
104797577	1474
104797694	1474
104797789	1474
104797899	1474
104797997	1474
104798094	1474
104798212	1474
104798392	1474
104798510	1474
105594839	1474
105595219	1474
105595307	1474
105595448	1474
105595565	1474
105595662	1474
105595781	1474
105595906	1474
105596024	1474
105596303	1474
105596415	1474
105597155	1474
105597268	1474
105597620	1474
105597709	1474
105597808	1474
105597907	1474
106127577	1474
106127732	1474
106127896	1474
106128123	1474
106128251	1474
106128385	1474
106128614	1474
106128873	1474
106128977	1474
106129065	1474
106129207	1474
106129299	1474
106129410	1474
106129509	1474
106129622	1474
106129721	1474
106129818	1474
106927394	1474
106927546	1474
106927662	1474
106927915	1474
106928015	1474
106928240	1474
106928357	1474
106928459	1474
106928575	1474
106928829	1474
106928931	1474
106929019	1474
106929123	1474
106929235	1474
106929346	1474
106929465	1474
106929585	1474
107727959	1474
107728696	1474
107728810	1474
107729069	1474
107729174	1474
107729295	1474
107729416	1474
107729512	1474
107729622	1474
107729717	1474
107729825	1474
107729945	1474
107730044	1474
107730171	1474
107730347	1474
107730451	1474
107730874	1474
108527949	1474
108528145	1474
108528367	1474
108528629	1474
108528830	1474
108529034	1474
108529188	1474
108529331	1474
108529468	1474
108529606	1474
108529749	1474
108529892	1474
108530122	1474
108530352	1474
108530607	1474
108530781	1474
108530965	1474
109327293	1474
109327991	1474
109328152	1474
109328348	1474
109328612	1474
109328761	1474
109328902	1474
109329040	1474
109329187	1474
109329330	1474
109329471	1474
109329612	1474
109329781	1474
109329992	1474
109330198	1474
109330771	1474
109330938	1474
110128287	1474
110128441	1474
110128553	1474
110128649	1474
110128768	1474
110128871	1474
110128968	1474
110129065	1474
110129175	1474
110129274	1474
110129372	1474
110129482	1474
110129580	1474
110129733	1474
110129840	1474
110130144	1474
110130744	1474
110130903	1474
111193731	1474
111193850	1474
111194043	1474
111194160	1474
111194323	1474
111194457	1474
111194596	1474
111194699	1474
111194801	1474
111194917	1474
111195040	1474
111195155	1474
111195255	1474
111195378	1474
111195498	1474
111195599	1474
111195721	1474
111195838	1474
111727437	1474
111727586	1474
111727681	1474
111727774	1474
111727871	1474
111727968	1474
111728061	1474
111728285	1474
111728386	1474
111728477	1474
111728573	1474
111728667	1474
111728831	1474
111728974	1474
111729103	1474
111729204	1474
111729303	1474
112526786	1474
112526901	1474
112527096	1474
112527196	1474
112527292	1474
112527388	1474
112527586	1474
112527689	1474
112527787	1474
112528008	1474
112528106	1474
112528200	1474
112528290	1474
112528385	1474
112528486	1474
112528580	1474
112528675	1474
113326789	1474
113326949	1474
113327055	1474
113327148	1474
113327237	1474
113327329	1474
113327423	1474
113327515	1474
113327609	1474
113327703	1474
113327798	1474
113327898	1474
113327996	1474
113328090	1474
113328182	1474
113328275	1474
113328368	1474
114128228	1474
114128485	1474
114128585	1474
114128684	1474
114128791	1474
114128904	1474
114129115	1474
114129219	1474
114129317	1474
114129413	1474
114129607	1474
114129709	1474
114130375	1474
114130483	1474
114130579	1474
114130676	1474
114130771	1474
114130883	1474
114926236	1474
114926382	1474
114926548	1474
114926647	1474
114926753	1474
114926853	1474
114926956	1474
114927050	1474
114927147	1474
114927243	1474
114927339	1474
114927438	1474
114927533	1474
114927704	1474
114927942	1474
114928046	1474
114928142	1474
115727098	1474
115727370	1474
115727490	1474
115727590	1474
115727698	1474
115727813	1474
115727939	1474
115728146	1474
115728244	1474
115728354	1474
115728465	1474
115728577	1474
115728674	1474
115728780	1474
115728887	1474
115729017	1474
116532589	1474
116532772	1474
116533159	1474
116533265	1474
116533353	1474
116533451	1474
116533550	1474
116533781	1474
116533915	1474
116534028	1474
116534126	1474
116534302	1474
116534405	1474
116534508	1474
116534608	1474
116534739	1474
116534838	1474
117326575	1474
117326811	1474
117326993	1474
117327328	1474
117327953	1474
117328061	1474
117328270	1474
117328392	1474
117328489	1474
117328610	1474
117328733	1474
117328832	1474
117328942	1474
117329040	1474
117329165	1474
117329368	1474
117329491	1474
118127365	1474
118127637	1474
118127763	1474
118127879	1474
118127997	1474
118128092	1474
118128201	1474
118128321	1474
118128438	1474
118128539	1474
118128642	1474
118128758	1474
118128859	1474
118128982	1474
118129139	1474
118129441	1474
118129548	1474
118130071	1474
118926560	1474
118927015	1474
118927338	1474
118927444	1474
118928116	1474
118928371	1474
118928476	1474
118928593	1474
118928690	1474
118928789	1474
118928903	1474
118929027	1474
118929140	1474
118929236	1474
118929327	1474
118929426	1474
118929532	1474
119727239	1474
119727502	1474
119728196	1474
119728392	1474
119728506	1474
119728603	1474
119728696	1474
119728789	1474
119728884	1474
119728975	1474
119729067	1474
119729158	1474
119729249	1474
119729339	1474
119729431	1474
119729537	1474
120526142	1474
120526289	1474
120526751	1474
120527005	1474
120527147	1474
120527301	1474
120527859	1474
120528004	1474
120528102	1474
120528195	1474
120528339	1474
120528436	1474
120528528	1474
120528624	1474
120528713	1474
120528805	1474
120530612	1474
121059078	1474
121059271	1474
121059406	1474
121059497	1474
121059602	1474
121059712	1474
121059806	1474
121059899	1474
121059991	1474
121060083	1474
121060176	1474
121060270	1474
121060366	1474
121060459	1474
121060560	1474
121060654	1474
122125944	1474
122126141	1474
122126308	1474
122126409	1474
122126517	1474
122126614	1474
122126809	1474
122126923	1474
122127015	1474
122127551	1474
122127759	1474
122127860	1474
122127953	1474
122128099	1474
122128186	1474
122128277	1474
122128371	1474
122926194	1474
122926502	1474
122926634	1474
122926817	1474
122926916	1474
122927439	1474
122927545	1474
122927633	1474
122927724	1474
122927818	1474
122927909	1474
122928002	1474
122928095	1474
122928188	1474
122928282	1474
122928375	1474
122928477	1474
123725816	1474
123726104	1474
123726228	1474
123726347	1474
123726462	1474
123726673	1474
123726776	1474
123726863	1474
123727344	1474
123727557	1474
123727658	1474
123727754	1474
123727850	1474
123727942	1474
123728032	1474
123728126	1474
123728219	1474
123728310	1474
124525616	1474
124525880	1474
124525975	1474
124526069	1474
124526197	1474
124526341	1474
124526440	1474
124526681	1474
124526783	1474
124527334	1474
124527435	1474
124527530	1474
124527624	1474
124527716	1474
124527807	1474
124527900	1474
124527994	1474
125327471	1474
125327734	1474
125327863	1474
125328068	1474
125328182	1474
125328549	1474
125328710	1474
125328790	1474
125328894	1474
125329011	1474
125329125	1474
125329224	1474
125329339	1474
125329438	1474
125329536	1474
125329656	1474
125329757	1474
125329859	1474
125858395	1474
125858721	1474
125859210	1474
125859768	1474
125860819	1474
125862239	1474
125863358	1474
125863704	1474
125864139	1474
125864363	1474
125864601	1474
125864708	1474
125864933	1474
125865149	1474
125865578	1474
126659705	1474
126660087	1474
126660195	1474
126660301	1474
126660690	1474
126660799	1474
126660915	1474
126661010	1474
126661120	1474
126661226	1474
126661327	1474
126661423	1474
126661523	1474
126661634	1474
126661747	1474
126661846	1474
126661943	1474
127458301	1474
127458595	1474
127458712	1474
127458811	1474
127458924	1474
127459046	1474
127459175	1474
127459415	1474
127459521	1474
127459924	1474
127460074	1474
127460173	1474
127460273	1474
127460373	1474
127460473	1474
127460590	1474
127460709	1474
127460810	1474
128525351	1474
128525616	1474
128525824	1474
128525935	1474
128526273	1474
128526381	1474
128526483	1474
128526611	1474
128526716	1474
128526824	1474
128527208	1474
128527359	1474
128527456	1474
128527555	1474
128527660	1474
128527758	1474
128527854	1474
128527953	1474
129058568	1474
129058727	1474
129058869	1474
129059006	1474
129059116	1474
129059240	1474
129059358	1474
129059611	1474
129059715	1474
129059807	1474
129060412	1474
129060500	1474
129060602	1474
129060698	1474
129060800	1474
129060921	1474
129061024	1474
129859352	1474
129859505	1474
129859888	1474
129860197	1474
129860393	1474
129860494	1474
129860582	1474
129860675	1474
129860769	1474
129860864	1474
129860953	1474
129861052	1474
129861144	1474
129861238	1474
129861330	1474
129861420	1474
129861514	1474
130924672	1474
130924862	1474
130924967	1474
130925064	1474
130925158	1474
130925252	1474
130925342	1474
130925436	1474
130925529	1474
130925622	1474
130925715	1474
130925811	1474
130925901	1474
130926010	1474
130926102	1474
130926223	1474
130926324	1474
130926418	1474
131457895	1474
131458010	1474
131458107	1474
131458203	1474
131458369	1474
131458464	1474
131458558	1474
131458663	1474
131458757	1474
131458958	1474
131459062	1474
131459309	1474
131459407	1474
131459536	1474
131459627	1474
131459719	1474
131459813	1474
132257964	1474
132258096	1474
132258223	1474
132258349	1474
132258442	1474
132258532	1474
132258626	1474
132258720	1474
132258813	1474
132258920	1474
132259012	1474
132259111	1474
132259205	1474
132259300	1474
132259391	1474
132259484	1474
133058065	1474
133058351	1474
133058445	1474
133058539	1474
133058628	1474
133058718	1474
133058819	1474
133059025	1474
133059127	1474
133059565	1474
133059666	1474
133059806	1474
133059915	1474
133060012	1474
133060106	1474
133060200	1474
133859045	1474
133859239	1474
133859378	1474
133859514	1474
133859657	1474
133859793	1474
133859926	1474
133860062	1474
133860198	1474
133860334	1474
133860469	1474
133860607	1474
133860756	1474
133860890	1474
133861026	1474
133861179	1474
133861318	1474
133861455	1474
134657234	1474
134657517	1474
134657679	1474
134657880	1474
134658081	1474
134658340	1474
134658484	1474
134658638	1474
134658777	1474
134658914	1474
134659050	1474
134659186	1474
134659329	1474
134659468	1474
134659620	1474
134659760	1474
134659897	1474
134660035	1474
135457745	1474
135458065	1474
135458179	1474
135458311	1474
135458405	1474
135458501	1474
135458605	1474
135458706	1474
135458802	1474
135458900	1474
135458996	1474
135459117	1474
135459230	1474
135459327	1474
135459425	1474
135459521	1474
135459623	1474
136258006	1474
136258333	1474
136258426	1474
136258524	1474
136258653	1474
136258768	1474
136258865	1474
136258973	1474
136259073	1474
136259188	1474
136259301	1474
136259397	1474
136259494	1474
136259605	1474
136259713	1474
136259815	1474
136259914	1474
137057548	1474
137057875	1474
137057982	1474
137058100	1474
137058277	1474
137058386	1474
137058485	1474
137058591	1474
137058707	1474
137058804	1474
137058899	1474
137058995	1474
137059093	1474
137059191	1474
137059288	1474
137059386	1474
137059484	1474
137059588	1474
137857549	1474
137857956	1474
137858089	1474
137858339	1474
137858569	1474
137858673	1474
137858762	1474
137859283	1474
137859475	1474
137859590	1474
137859687	1474
137859785	1474
137859880	1474
137859975	1474
137860073	1474
137860189	1474
137860288	1474
138660075	1474
138660415	1474
138660610	1474
138660712	1474
138660825	1474
138660922	1474
138661036	1474
138661128	1474
138661224	1474
138661324	1474
138661414	1474
138661545	1474
138661643	1474
138661760	1474
138661869	1474
138661982	1474
139457282	1474
139457580	1474
139457684	1474
139457776	1474
139457870	1474
139457966	1474
139458064	1474
139458181	1474
139458351	1474
139458595	1474
139458699	1474
139459178	1474
139459330	1474
139459431	1474
139459534	1474
139459632	1474
140258436	1474
140258584	1474
140258943	1474
140259047	1474
140259146	1474
140259340	1474
140259509	1474
140259623	1474
140260077	1474
140260187	1474
140260297	1474
140260401	1474
140260510	1474
140260615	1474
140260703	1474
140260798	1474
140260914	1474
140790731	1474
140790850	1474
140790945	1474
140791065	1474
140791162	1474
140791259	1474
140791364	1474
140791461	1474
140791560	1474
140791657	1474
140791772	1474
140791866	1474
140791979	1474
140792077	1474
140792425	1474
140792559	1474
141590349	1474
141590458	1474
141590667	1474
141590786	1474
141590897	1474
141591027	1474
141591213	1474
141591318	1474
141591440	1474
141591556	1474
141591647	1474
141591739	1474
141591849	1474
141591937	1474
141592031	1474
141592348	1474
141592471	1474
142390015	1474
142390223	1474
142390386	1474
142390496	1474
142390592	1474
142390698	1474
142390818	1474
142390918	1474
142391032	1474
142391128	1474
142391227	1474
142391337	1474
142391434	1474
142391543	1474
142391639	1474
142391736	1474
142391832	1474
143190347	1474
143190687	1474
143190780	1474
143190901	1474
143191002	1474
143191095	1474
143191193	1474
143191291	1474
143191393	1474
143191487	1474
143191577	1474
143191683	1474
143191795	1474
143191882	1474
143191976	1474
143192063	1474
143192175	1474
143989791	1474
143990134	1474
143990276	1474
143990392	1474
143990542	1474
143990644	1474
143990920	1474
143991026	1474
143991126	1474
143991233	1474
143991368	1474
143991489	1474
143991588	1474
143991689	1474
143991812	1474
143991922	1474
143992017	1474
144789804	1474
144789968	1474
144790066	1474
144790249	1474
144790436	1474
144790531	1474
144790632	1474
144790723	1474
144790815	1474
144790908	1474
144790998	1474
144791100	1474
144791195	1474
144791288	1474
144791380	1474
144791473	1474
144791565	1474
145590184	1474
145590313	1474
145590474	1474
145590575	1474
145590664	1474
145590756	1474
145590848	1474
145590947	1474
145591047	1474
145591143	1474
145591235	1474
145591328	1474
145591420	1474
145591511	1474
145591602	1474
145591697	1474
145591794	1474
145591885	1474
146389570	1474
146389677	1474
146389825	1474
146389922	1474
146390024	1474
146390141	1474
146390279	1474
146390382	1474
146390476	1474
146390572	1474
146390668	1474
146390761	1474
146390856	1474
146390949	1474
146391053	1474
146391145	1474
146391237	1474
147190195	1474
147190456	1474
147190554	1474
147190650	1474
147190741	1474
147190831	1474
147190920	1474
147191027	1474
147191126	1474
147191222	1474
147191310	1474
147191404	1474
147191500	1474
147191593	1474
147191685	1474
147191780	1474
147191874	1474
147191978	1474
147989957	1474
147990126	1474
147990276	1474
147990375	1474
147990473	1474
147990569	1474
147990672	1474
147990767	1474
147990858	1474
147990966	1474
147991059	1474
147991154	1474
147991249	1474
147991343	1474
147991435	1474
147991529	1474
147991625	1474
148790153	1474
148790432	1474
148790526	1474
148790621	1474
148790718	1474
148790816	1474
148790927	1474
148791021	1474
148791115	1474
148791208	1474
148791303	1474
148791397	1474
148791490	1474
148791585	1474
148791680	1474
148791776	1474
148791880	1474
148791974	1474
149590445	1474
149590923	1474
149591069	1474
149591240	1474
149591420	1474
149591563	1474
149591718	1474
149591859	1474
149592090	1474
149592276	1474
149592453	1474
149592625	1474
149592798	1474
149592942	1474
149593081	1474
149593221	1474
149593358	1474
150655903	1474
150656122	1474
150656278	1474
150656381	1474
150656470	1474
150656563	1474
150656661	1474
150656841	1474
150656932	1474
150657024	1474
150657112	1474
150657202	1474
150657293	1474
150657384	1474
150657474	1474
150657565	1474
150657656	1474
150657755	1474
151189161	1474
151189377	1474
151189472	1474
151189564	1474
151189650	1474
151189790	1474
151189888	1474
151190081	1474
151190201	1474
151190624	1474
151190771	1474
151190869	1474
151190962	1474
151191054	1474
151191145	1474
151191238	1474
151191331	1474
151989652	1474
151989822	1474
151989915	1474
151990008	1474
151990099	1474
151990217	1474
151990441	1474
151990539	1474
151990639	1474
151990742	1474
151990836	1474
151990930	1474
151991021	1474
151991112	1474
151991203	1474
151991297	1474
151991390	1474
152789840	1474
152789990	1474
152790128	1474
152790412	1474
152790616	1474
152790816	1474
152790967	1474
152791119	1474
152791268	1474
152791413	1474
152791556	1474
152791691	1474
152791913	1474
152792097	1474
152792270	1474
152792436	1474
152795249	1474
153589590	1474
153589803	1474
153589897	1474
153589990	1474
153590082	1474
153590227	1474
153590331	1474
153590428	1474
153590520	1474
153590625	1474
153590716	1474
153590807	1474
153590899	1474
153590989	1474
153591081	1474
153591173	1474
154388841	1474
154389083	1474
154389191	1474
154389280	1474
154389439	1474
154389556	1474
154389751	1474
154389851	1474
154389941	1474
154390032	1474
154390143	1474
154390278	1474
154390368	1474
154390461	1474
154390567	1474
154390659	1474
154390748	1474
155189790	1474
155189929	1474
155190020	1474
155190155	1474
155190304	1474
155190399	1474
155190489	1474
155190578	1474
155190668	1474
155190759	1474
155190849	1474
155190939	1474
155191027	1474
155191117	1474
155191211	1474
155191312	1474
155988825	1474
155989055	1474
155989256	1474
155989352	1474
155989448	1474
155989634	1474
155989735	1474
155989820	1474
155989912	1474
155990002	1474
155990092	1474
155990214	1474
155990335	1474
155990426	1474
155990523	1474
155990614	1474
155990706	1474
156789356	1474
156789511	1474
156789653	1474
156789797	1474
156789913	1474
156790133	1474
156790236	1474
156790391	1474
156790492	1474
156790596	1474
156790716	1474
156790812	1474
156790916	1474
156791015	1474
156791118	1474
156791218	1474
156791369	1474
156791481	1474
157589058	1474
157589216	1474
157589322	1474
157589430	1474
157589542	1474
157589791	1474
157589897	1474
157590006	1474
157590111	1474
157590348	1474
157590448	1474
157590541	1474
157590638	1474
157590748	1474
157590865	1474
157590963	1474
157591108	1474
158389557	1474
158389706	1474
158389828	1474
158389946	1474
158390062	1474
158390232	1474
158390401	1474
158390598	1474
158390709	1474
158391293	1474
158391397	1474
158391486	1474
158391590	1474
158391789	1474
158391893	1474
158392007	1474
158392106	1474
158392219	1474
159188148	1474
159188472	1474
159188571	1474
159188667	1474
159188774	1474
159188870	1474
159188990	1474
159189105	1474
159189203	1474
159189319	1474
159189432	1474
159189529	1474
159189657	1474
159189773	1474
159189870	1474
159189970	1474
159190073	1474
159989214	1474
159989477	1474
159989710	1474
159989804	1474
159989926	1474
159990210	1474
159990352	1474
159990459	1474
159990572	1474
159990670	1474
159990769	1474
159990885	1474
159990987	1474
159991086	1474
159991208	1474
159991305	1474
159991405	1474
159991520	1474
160790890	1474
160791048	1474
160791541	1474
160791770	1474
160791876	1474
160791978	1474
160792107	1474
160792204	1474
160792303	1474
160792407	1474
160792503	1474
160792623	1474
160792718	1474
160792816	1474
160792916	1474
160793037	1474
160793147	1474
160793242	1474
161589447	1474
161589824	1474
161590120	1474
161590297	1474
161590607	1474
161590715	1474
161590804	1474
161590915	1474
161591013	1474
161591129	1474
161591228	1474
161591329	1474
161591443	1474
161591541	1474
161591639	1474
161591757	1474
161591853	1474
162388605	1474
162388798	1474
162388909	1474
162389005	1474
162389099	1474
162389194	1474
162389287	1474
162389379	1474
162389472	1474
162389563	1474
162389656	1474
162389747	1474
162389848	1474
162389942	1474
162390034	1474
162390144	1474
162390300	1474
162390393	1474
163188603	1474
163188749	1474
163188858	1474
163188950	1474
163189041	1474
163189134	1474
163189223	1474
163189316	1474
163189407	1474
163189498	1474
163189589	1474
163189682	1474
163189781	1474
163189875	1474
163189970	1474
163190063	1474
163190154	1474
163190318	1474
163988394	1474
163988593	1474
163988687	1474
163988790	1474
163988890	1474
163988983	1474
163989076	1474
163989168	1474
163989260	1474
163989353	1474
163989446	1474
163989543	1474
163989637	1474
163989730	1474
163989835	1474
163989929	1474
163990021	1474
163990113	1474
164788990	1474
164789242	1474
164789343	1474
164789442	1474
164789583	1474
164789687	1474
164789941	1474
164790046	1474
164790149	1474
164790337	1474
164790442	1474
164790554	1474
164790662	1474
164790852	1474
164790940	1474
164791038	1474
164791149	1474
165854454	1474
165854813	1474
165854925	1474
165855043	1474
165855141	1474
165855242	1474
165855337	1474
165855454	1474
165855568	1474
165855699	1474
165855815	1474
165855913	1474
165856006	1474
165856106	1474
165856229	1474
165856327	1474
165856441	1474
165856540	1474
166655349	1474
166655562	1474
166655673	1474
166655793	1474
166655890	1474
166655984	1474
166656078	1474
166656178	1474
166656274	1474
166656375	1474
166656474	1474
166656571	1474
166656727	1474
166656826	1474
166656941	1474
166657056	1474
166657152	1474
167454516	1474
167454725	1474
167454828	1474
167454925	1474
167455020	1474
167455120	1474
167455216	1474
167455329	1474
167455446	1474
167455542	1474
167455653	1474
167455767	1474
167455861	1474
167455975	1474
167456070	1474
167456178	1474
167456274	1474
167456364	1474
168254377	1474
168254588	1474
168254681	1474
168254791	1474
168254908	1474
168255020	1474
168255132	1474
168255230	1474
168255343	1474
168255438	1474
168255536	1474
168255651	1474
168255747	1474
168255858	1474
168255966	1474
168256076	1474
168256169	1474
169054166	1474
169054449	1474
169054745	1474
169054944	1474
169055139	1474
169055394	1474
169055546	1474
169055681	1474
169055815	1474
169055949	1474
169056083	1474
169056220	1474
169056354	1474
169056497	1474
169056635	1474
169056773	1474
169056908	1474
169057044	1474
169853973	1474
169854169	1474
169854383	1474
169854688	1474
169854878	1474
169855043	1474
169855184	1474
169855318	1474
169855461	1474
169855596	1474
169855732	1474
169855866	1474
169856000	1474
169856134	1474
169856267	1474
169856401	1474
169856549	1474
170654623	1474
170654869	1474
170654966	1474
170655061	1474
170655151	1474
170655244	1474
170655338	1474
170655440	1474
170655530	1474
170655622	1474
170655716	1474
170655806	1474
170655896	1474
170655988	1474
170656081	1474
170656176	1474
170656266	1474
170656367	1474
171187524	1474
171188150	1474
171188412	1474
171188683	1474
171188986	1474
171191043	1474
171191160	1474
171191256	1474
171191356	1474
171191455	1474
171191551	1474
171191645	1474
171191737	1474
171191830	1474
171988041	1474
171988505	1474
171988649	1474
171988790	1474
171989015	1474
171989201	1474
171989376	1474
171989548	1474
171989683	1474
171989818	1474
171989954	1474
171990090	1474
171990228	1474
171990472	1474
171990616	1474
171990753	1474
171990892	1474
172786881	1474
172787031	1474
172787138	1474
172787407	1474
172787536	1474
172787637	1474
172787839	1474
172787986	1474
172788085	1474
172788610	1474
172788714	1474
172788856	1474
172788953	1474
172789048	1474
172789142	1474
172789237	1474
172789347	1474
173587785	1474
173587934	1474
173588059	1474
173588221	1474
173588356	1474
173588448	1474
173588638	1474
173588741	1474
173588835	1474
173589026	1474
173589128	1474
173589248	1474
173589870	1474
173589967	1474
173590061	1474
173590174	1474
173590313	1474
173590404	1474
174386796	1474
174386945	1474
174387042	1474
174387160	1474
174387282	1474
174387381	1474
174387471	1474
174387589	1474
174387755	1474
174387850	1474
174388297	1474
174388397	1474
174388495	1474
174388589	1474
174388683	1474
174388778	1474
174388871	1474
174388965	1474
175187226	1474
175187375	1474
175187477	1474
175187843	1474
175187949	1474
175188075	1474
175188254	1474
175188353	1474
175188799	1474
175188898	1474
175188994	1474
175189088	1474
175189189	1474
175189282	1474
175189374	1474
175189468	1474
175189562	1474
175987946	1474
175988157	1474
175988297	1474
175988394	1474
175988502	1474
175988598	1474
175988690	1474
175988781	1474
175988869	1474
175988960	1474
175989053	1474
175989161	1474
175989254	1474
175989350	1474
175989444	1474
175989537	1474
176789383	1474
176789539	1474
176790372	1474
176790510	1474
176790777	1474
176791431	1474
176791609	1474
176791745	1474
176791843	1474
176791947	1474
176792088	1474
176792246	1474
176792360	1474
176792463	1474
176792600	1474
176792701	1474
176792819	1474
176792938	1474
177590245	1474
177590506	1474
177590607	1474
177590801	1474
177590900	1474
177591043	1474
177591143	1474
177591310	1474
177591411	1474
177591510	1474
177591610	1474
177591710	1474
177591802	1474
177591898	1474
177592080	1474
177592193	1474
177592296	1474
178386736	1474
178387015	1474
178387113	1474
178387318	1474
178387420	1474
178387513	1474
178388042	1474
178388144	1474
178388238	1474
178388332	1474
178388423	1474
178388521	1474
178388616	1474
178388709	1474
178388804	1474
178388896	1474
178389004	1474
178389099	1474
179186399	1474
179186643	1474
179186807	1474
179187001	1474
179187095	1474
179187188	1474
179187282	1474
179187490	1474
179187593	1474
179187977	1474
179188188	1474
179188329	1474
179188427	1474
179188522	1474
179188616	1474
179188708	1474
179188801	1474
179188903	1474
179988032	1474
179988316	1474
179988417	1474
179988510	1474
179988614	1474
179988709	1474
179988812	1474
179988905	1474
179988997	1474
179989089	1474
179989182	1474
179989275	1474
179989370	1474
179989464	1474
179989562	1474
179989657	1474
179989750	1474
180786161	1474
180786414	1474
180786511	1474
180786612	1474
180786699	1474
180786803	1474
180786896	1474
180786988	1474
180787082	1474
180787174	1474
180787264	1474
180787356	1474
180787447	1474
180787541	1474
180787633	1474
180787725	1474
180787832	1474
181585993	1474
181586298	1474
181586400	1474
181586496	1474
181586594	1474
181586691	1474
181586797	1474
181586892	1474
181586989	1474
181587085	1474
181587180	1474
181587274	1474
181587369	1474
181587470	1474
181587566	1474
181587665	1474
181587847	1474
182387614	1474
182387946	1474
182388045	1474
182388137	1474
182388234	1474
182388334	1474
182388430	1474
182388525	1474
182388616	1474
182388727	1474
182388825	1474
182388918	1474
182389014	1474
182389109	1474
182389199	1474
182389294	1474
183187014	1474
183187258	1474
183187411	1474
183187617	1474
183187720	1474
183187808	1474
183187900	1474
183187997	1474
183188091	1474
183188184	1474
183188279	1474
183188373	1474
183188467	1474
183188563	1474
183188672	1474
183188766	1474
183986024	1474
183986172	1474
183986366	1474
183986467	1474
183986566	1474
183986684	1474
183986778	1474
183986872	1474
183986968	1474
183987063	1474
183987157	1474
183987256	1474
183987348	1474
183987444	1474
183987540	1474
183987644	1474
183987735	1474
184785472	1474
184785766	1474
184785857	1474
184785949	1474
184786044	1474
184786164	1474
184786303	1474
184786398	1474
184786502	1474
184786600	1474
184786693	1474
184786787	1474
184786883	1474
184786979	1474
184787082	1474
184787177	1474
184787269	1474
184787364	1474
185585865	1474
185586145	1474
185586319	1474
185586417	1474
185586633	1474
185586779	1474
185587087	1474
185587273	1474
185587372	1474
185587462	1474
185587567	1474
185587663	1474
185587759	1474
185587847	1474
185587938	1474
185588030	1474
185588123	1474
185588215	1474
186385262	1474
186385520	1474
186385713	1474
186385853	1474
186385991	1474
186386213	1474
186386462	1474
186386627	1474
186386794	1474
186387061	1474
186387204	1474
186387366	1474
186387520	1474
186387658	1474
186387794	1474
186387931	1474
186388086	1474
186388226	1474
187185549	1474
187185802	1474
187185897	1474
187185992	1474
187186087	1474
187186206	1474
187186353	1474
187186461	1474
187186556	1474
187186649	1474
187186743	1474
187186833	1474
187186927	1474
187187024	1474
187187118	1474
187187212	1474
187187307	1474
187187409	1474
187985731	1474
187985896	1474
187986032	1474
187986148	1474
187986331	1474
187986444	1474
187986556	1474
187986657	1474
187986762	1474
187986871	1474
187986969	1474
187987067	1474
187987167	1474
187987294	1474
187987406	1474
187987501	1474
187987601	1474
188785174	1474
188785400	1474
188785501	1474
188785749	1474
188785853	1474
188785965	1474
188786078	1474
188786194	1474
188786387	1474
188786492	1474
188786600	1474
188786711	1474
188786843	1474
188786958	1474
188787071	1474
188787167	1474
188787272	1474
189586347	1474
189586719	1474
189586817	1474
189587464	1474
189587564	1474
189587680	1474
189587794	1474
189587891	1474
189587993	1474
189588091	1474
189588188	1474
189588302	1474
189588406	1474
189588527	1474
189588625	1474
189588723	1474
189588822	1474
190385495	1474
190385805	1474
190385901	1474
190385996	1474
190386084	1474
190386202	1474
190386354	1474
190386452	1474
190386543	1474
190386634	1474
190386726	1474
190386821	1474
190386912	1474
190387004	1474
190387101	1474
190387201	1474
190387293	1474
191188842	1474
191189107	1474
191189217	1474
191189312	1474
191189405	1474
191189496	1474
191189586	1474
191189775	1474
191189875	1474
191189969	1474
191190063	1474
191190177	1474
191190317	1474
191190417	1474
191190511	1474
191190603	1474
191984957	1474
191985235	1474
191985332	1474
191985426	1474
191985516	1474
191985608	1474
191985701	1474
191985794	1474
191985884	1474
191985993	1474
191986102	1474
191986260	1474
191986357	1474
191986449	1474
191986545	1474
191986635	1474
192788178	1474
192788271	1474
192788362	1474
192788452	1474
192788542	1474
192788633	1474
192788722	1474
192788812	1474
192788903	1474
192789001	1474
192789092	1474
192789183	1474
192789272	1474
192789361	1474
192789452	1474
192789543	1474
192789634	1474
192789725	1474
193585924	1474
193586236	1474
193586624	1474
193586972	1474
193587185	1474
193587305	1474
193587404	1474
193587503	1474
193587604	1474
193587703	1474
193587851	1474
193587988	1474
193588091	1474
193588201	1474
193588299	1474
193588397	1474
193588489	1474
193588585	1474
194384664	1474
194385025	1474
194385140	1474
194385256	1474
194385372	1474
194385468	1474
194385577	1474
194385698	1474
194385799	1474
194385978	1474
194386077	1474
194386186	1474
194386344	1474
194386457	1474
194386568	1474
194386686	1474
194386787	1474
195184746	1474
195185027	1474
195185128	1474
195185245	1474
195185357	1474
195185595	1474
195185699	1474
195185804	1474
195185927	1474
195186022	1474
195186118	1474
195186287	1474
195186389	1474
195186485	1474
195186585	1474
195186682	1474
195186779	1474
195985013	1474
195985266	1474
195985533	1474
195985635	1474
195985735	1474
195985875	1474
195986126	1474
195986279	1474
195986396	1474
195986493	1474
195986591	1474
195986684	1474
195986794	1474
195986891	1474
195986987	1474
195987083	1474
195987178	1474
195987272	1474
196783895	1474
196784245	1474
196784347	1474
196784445	1474
196784543	1474
196784643	1474
196784921	1474
196785025	1474
196785135	1474
196785233	1474
196785332	1474
196785428	1474
196785526	1474
196785622	1474
196785719	1474
196785823	1474
196785932	1474
197317820	1474
197318130	1474
197318309	1474
197318570	1474
197319076	1474
197319283	1474
197319377	1474
197319485	1474
197319769	1474
197319881	1474
197319998	1474
197320095	1474
197320192	1474
197320290	1474
197320387	1474
197320484	1474
197322643	1474
198385018	1474
198385228	1474
198385377	1474
198385516	1474
198385698	1474
198385895	1474
198386146	1474
198386343	1474
198386515	1474
198386724	1474
198386865	1474
198387027	1474
198387168	1474
198387306	1474
198387447	1474
198387590	1474
198387754	1474
199187250	1474
199187442	1474
199187662	1474
199187836	1474
199187976	1474
199188116	1474
199188250	1474
199188390	1474
199188532	1474
199188762	1474
199188901	1474
199189040	1474
199189188	1474
199189343	1474
199189491	1474
199189642	1474
199189780	1474
199717690	1474
199717933	1474
199718076	1474
199718221	1474
199718485	1474
199718741	1474
199719047	1474
199719261	1474
199719406	1474
199719555	1474
199719696	1474
199719834	1474
199719974	1474
199720117	1474
199720255	1474
199720397	1474
199720544	1474
200783972	1474
200784282	1474
200784425	1474
200784649	1474
200784786	1474
200784920	1474
200785058	1474
200785195	1474
200785359	1474
200785592	1474
200785730	1474
200785864	1474
200786003	1474
200786140	1474
200786281	1474
200786472	1474
200786646	1474
200786790	1474
201583978	1474
201584174	1474
201584412	1474
201584539	1474
201584662	1474
201584788	1474
201584913	1474
201585037	1474
201585158	1474
201585282	1474
201585410	1474
201585537	1474
201585656	1474
201585781	1474
201585903	1474
201586031	1474
201586155	1474
202117376	1474
202117575	1474
202117882	1474
202118012	1474
202118166	1474
202118396	1474
202118676	1474
202118988	1474
202119156	1474
202119306	1474
202119443	1474
202119567	1474
202119695	1474
202119822	1474
202119944	1474
202120113	1474
202921257	1474
202921355	1474
202921469	1474
202921583	1474
202921699	1474
202921811	1474
202921910	1474
202922008	1474
202922108	1474
202922325	1474
202922437	1474
202922537	1474
202922636	1474
202922744	1474
202922843	1474
202922951	1474
202923053	1474
203717526	1474
203717766	1474
203717923	1474
203718066	1474
203718341	1474
203718537	1474
203718848	1474
203719015	1474
203719234	1474
203719383	1474
203719559	1474
203719757	1474
203720075	1474
203720351	1474
203720548	1474
203720695	1474
203720837	1474
204520221	1474
204520450	1474
204520596	1474
204520734	1474
204520870	1474
204521006	1474
204521182	1474
204521386	1474
204521677	1474
204521827	1474
204522017	1474
204522163	1474
204522387	1474
204522588	1474
204522826	1474
204522963	1474
205318080	1474
205318423	1474
205318526	1474
205318616	1474
205318734	1474
205318905	1474
205318993	1474
205319085	1474
205319174	1474
205319283	1474
205319379	1474
205319472	1474
205319653	1474
205319784	1474
205320067	1474
205320169	1474
205320277	1474
206116732	1474
206116977	1474
206117075	1474
206117166	1474
206117367	1474
206117457	1474
206117552	1474
206117647	1474
206117745	1474
206117838	1474
206117927	1474
206118020	1474
206118114	1474
206118237	1474
206118406	1474
206118499	1474
206118590	1474
206917310	1474
206917560	1474
206917663	1474
206917761	1474
206917862	1474
206917960	1474
206918057	1474
206918186	1474
206918328	1474
206918422	1474
206918536	1474
206918633	1474
206918745	1474
206918890	1474
206919001	1474
206919098	1474
206919214	1474
206919554	1474
207716339	1474
207716546	1474
207716644	1474
207716739	1474
207716835	1474
207716927	1474
207717020	1474
207717128	1474
207717224	1474
207717323	1474
207717416	1474
207717510	1474
207717605	1474
207717703	1474
207717797	1474
207717893	1474
207718116	1474
208518375	1474
208518617	1474
208518716	1474
208518813	1474
208518907	1474
208518999	1474
208519175	1474
208519275	1474
208519371	1474
208519466	1474
208519560	1474
208519655	1474
208519748	1474
208519843	1474
208519941	1474
208520036	1474
208520142	1474
208520239	1474
209317777	1474
209318104	1474
209318240	1474
209318348	1474
209318446	1474
209318544	1474
209318637	1474
209318756	1474
209318855	1474
209318951	1474
209319062	1474
209319156	1474
209319248	1474
209319341	1474
209319437	1474
209319535	1474
209319632	1474
210116597	1474
210116847	1474
210116939	1474
210117047	1474
210117141	1474
210117234	1474
210117326	1474
210117414	1474
210117625	1474
210117727	1474
210117821	1474
210118137	1474
210118264	1474
210118365	1474
210118560	1474
210118655	1474
210118747	1474
210118838	1474
210916427	1474
210916698	1474
210916793	1474
210916885	1474
210916990	1474
210917083	1474
210917178	1474
210917269	1474
210917363	1474
210917485	1474
210917653	1474
210917746	1474
210917972	1474
210918069	1474
210918303	1474
210918405	1474
210918500	1474
211716074	1474
211716373	1474
211716477	1474
211716569	1474
211716663	1474
211716778	1474
211716897	1474
211716996	1474
211717094	1474
211717192	1474
211717289	1474
211717385	1474
211717500	1474
211717608	1474
211717726	1474
211717820	1474
211717925	1474
211718038	1474
212516422	1474
212516581	1474
212516720	1474
212516908	1474
212517007	1474
212517094	1474
212517190	1474
212517425	1474
212517529	1474
212518175	1474
212518327	1474
212518453	1474
212518568	1474
212518660	1474
212518746	1474
212518847	1474
212518961	1474
212519076	1474
213315642	1474
213315862	1474
213316199	1474
213316301	1474
213316411	1474
213316520	1474
213316632	1474
213316728	1474
213316830	1474
213316919	1474
213317029	1474
213317124	1474
213317233	1474
213317344	1474
213317478	1474
213317575	1474
214115624	1474
214115996	1474
214116089	1474
214116193	1474
214116290	1474
214116397	1474
214116493	1474
214116613	1474
214116822	1474
214116920	1474
214117017	1474
214117157	1474
214117256	1474
214117351	1474
214117461	1474
214117581	1474
214117691	1474
214915423	1474
214915735	1474
214915864	1474
214915983	1474
214916082	1474
214916182	1474
214916362	1474
214916474	1474
214916657	1474
214916772	1474
214916872	1474
214916970	1474
214917068	1474
214917199	1474
214917320	1474
214917621	1474
215718584	1474
215718848	1474
215719079	1474
215719169	1474
215719303	1474
215719406	1474
215719715	1474
215719928	1474
215720032	1474
215720142	1474
215720242	1474
215720343	1474
215720444	1474
215720544	1474
215720652	1474
215720749	1474
215720850	1474
216516217	1474
216516526	1474
216516638	1474
216516740	1474
216516839	1474
216516952	1474
216517070	1474
216517165	1474
216517261	1474
216517379	1474
216517479	1474
216517592	1474
216517690	1474
216517803	1474
216517905	1474
216518006	1474
217315113	1474
217315493	1474
217315615	1474
217315711	1474
217315808	1474
217315897	1474
217316009	1474
217316117	1474
217316253	1474
217316368	1474
217316462	1474
217316566	1474
217316669	1474
217316762	1474
217316866	1474
217316968	1474
217317080	1474
217317176	1474
217848657	1474
217848812	1474
217848909	1474
217849007	1474
217849107	1474
217849220	1474
217849332	1474
217849454	1474
217849568	1474
217849792	1474
217849897	1474
217850620	1474
217850728	1474
217850842	1474
217850937	1474
217851034	1474
218649280	1474
218649397	1474
218649504	1474
218649601	1474
218649716	1474
218649817	1474
218649937	1474
218650064	1474
218650862	1474
218650971	1474
218651072	1474
218651165	1474
218651252	1474
218651358	1474
218651465	1474
218651575	1474
219455057	1474
219455171	1474
219455261	1474
219455354	1474
219455460	1474
219455573	1474
219455672	1474
219455768	1474
219455868	1474
219455966	1474
219456064	1474
219456174	1474
219456282	1474
219456385	1474
219456483	1474
219456583	1474
219456693	1474
220248680	1474
220248928	1474
220249052	1474
220249168	1474
220249403	1474
220249507	1474
220250438	1474
220250548	1474
220250661	1474
220250757	1474
220250856	1474
220250970	1474
220251079	1474
220251176	1474
220251309	1474
220251428	1474
220251546	1474
220251645	1474
221054645	1474
221054745	1474
221054835	1474
221054963	1474
221055061	1474
221055158	1474
221055280	1474
221055378	1474
221055480	1474
221055575	1474
221055671	1474
221055783	1474
221055901	1474
221055999	1474
221056116	1474
221056228	1474
221056338	1474
221056455	1474
221848507	1474
221848758	1474
221848858	1474
221848959	1474
221849154	1474
221849276	1474
221849380	1474
221850093	1474
221850396	1474
221850503	1474
221850597	1474
221850713	1474
221850812	1474
221850923	1474
221851037	1474
221851134	1474
221851251	1474
222653242	1474
222653342	1474
222653462	1474
222653579	1474
222653676	1474
222653774	1474
222653876	1474
222653974	1474
222654071	1474
222654176	1474
222654438	1474
222654555	1474
222654653	1474
222654755	1474
222654853	1474
222654952	1474
222655051	1474
222655148	1474
223448160	1474
223448474	1474
223448587	1474
223448688	1474
223448786	1474
223448896	1474
223449004	1474
223449123	1474
223449249	1474
223449451	1474
223449550	1474
223450084	1474
223450244	1474
223450422	1474
223450524	1474
223450622	1474
223450738	1474
224515095	1474
224515387	1474
224515513	1474
224515631	1474
224515727	1474
224515829	1474
224515921	1474
224516028	1474
224516140	1474
224516255	1474
224516377	1474
224516488	1474
224516584	1474
224516701	1474
224516807	1474
224516909	1474
224517014	1474
224517114	1474
225314811	1474
225315054	1474
225315151	1474
225315243	1474
225315334	1474
225315426	1474
225315547	1474
225315709	1474
225315811	1474
225316040	1474
225316142	1474
225316234	1474
225316327	1474
225316419	1474
225316512	1474
225316603	1474
225316695	1474
225316787	1474
226115385	1474
226115662	1474
226115763	1474
226115855	1474
226115980	1474
226116078	1474
226116171	1474
226116265	1474
226116357	1474
226116449	1474
226116541	1474
226116737	1474
226116836	1474
226116928	1474
226117034	1474
226117125	1474
226117334	1474
226117436	1474
226914586	1474
226914788	1474
226914927	1474
226915079	1474
226915214	1474
226915349	1474
226915485	1474
226915622	1474
226915754	1474
226915890	1474
226916105	1474
226916241	1474
226916372	1474
226916507	1474
226916642	1474
226916773	1474
226916928	1474
226917078	1474
227714501	1474
227714765	1474
227714866	1474
227714962	1474
227715054	1474
227715147	1474
227715239	1474
227715332	1474
227715426	1474
227715517	1474
227715609	1474
227715700	1474
227715791	1474
227715892	1474
227715987	1474
227716083	1474
227716177	1474
228514480	1474
228514814	1474
228514927	1474
228515037	1474
228515147	1474
228515246	1474
228515358	1474
228515473	1474
228515567	1474
228515671	1474
228515792	1474
228515907	1474
228516003	1474
228516088	1474
228516180	1474
228516280	1474
229313996	1474
229314479	1474
229314583	1474
229314728	1474
229314863	1474
229315060	1474
229315264	1474
229315395	1474
229315513	1474
229315614	1474
229315739	1474
229315865	1474
229315963	1474
229316092	1474
229316208	1474
229316308	1474
229316408	1474
230114191	1474
230114536	1474
230114685	1474
230114917	1474
230115133	1474
230115381	1474
230115561	1474
230115766	1474
230115985	1474
230116127	1474
230116262	1474
230116401	1474
230116536	1474
230116673	1474
230116824	1474
230117004	1474
230117210	1474
230117598	1474
230647986	1474
230648327	1474
230648416	1474
230648541	1474
230648688	1474
230648783	1474
230648903	1474
230649006	1474
230649182	1474
230649462	1474
230649907	1474
230650027	1474
230650128	1474
230650260	1474
230650367	1474
230650465	1474
231448881	1474
231449104	1474
231449351	1474
231449453	1474
231449540	1474
231449650	1474
231449764	1474
231449859	1474
231449973	1474
231450067	1474
231450191	1474
231450338	1474
231450436	1474
231450535	1474
231450645	1474
231450742	1474
231450840	1474
232513891	1474
232514102	1474
232514566	1474
232514669	1474
232514761	1474
232514857	1474
232514952	1474
232515043	1474
232515151	1474
232515245	1474
232515443	1474
232515638	1474
232515765	1474
232515860	1474
232515955	1474
232516050	1474
232516146	1474
232516240	1474
233315463	1474
233315721	1474
233315819	1474
233315904	1474
233315992	1474
233316115	1474
233316205	1474
233316460	1474
233316552	1474
233316637	1474
233316737	1474
233316985	1474
233317080	1474
233317168	1474
233317603	1474
233317795	1474
233317902	1474
233317992	1474
234115097	1474
234115296	1474
234115472	1474
234115641	1474
234115809	1474
234116006	1474
234116263	1474
234116440	1474
234116634	1474
234117195	1474
234117386	1474
234117548	1474
234117687	1474
234117824	1474
234117960	1474
234118100	1474
234118238	1474
234118433	1474
234914683	1474
234914929	1474
234915031	1474
234915133	1474
234915233	1474
234915322	1474
234915433	1474
234915522	1474
234915607	1474
234915687	1474
234915779	1474
234915865	1474
234915973	1474
234916064	1474
234916154	1474
234916247	1474
234916475	1474
234916569	1474
235714054	1474
235714339	1474
235714430	1474
235714609	1474
235714709	1474
235714797	1474
235714896	1474
235715188	1474
235715295	1474
235715411	1474
235715556	1474
235715680	1474
235715778	1474
235715931	1474
235716055	1474
235716153	1474
235716272	1474
235716368	1474
236516211	1474
236516374	1474
236516480	1474
236516596	1474
236516695	1474
236516809	1474
236516929	1474
236517026	1474
236517139	1474
236517235	1474
236517346	1474
236517443	1474
236517577	1474
236517677	1474
236517787	1474
236517876	1474
236517971	1474
236518066	1474
237314936	1474
237315101	1474
237315326	1474
237315575	1474
237315682	1474
237315809	1474
237315996	1474
237316092	1474
237316193	1474
237316492	1474
237316597	1474
237317190	1474
237317299	1474
237317398	1474
237317519	1474
237317686	1474
237317838	1474
237317950	1474
238115427	1474
238115800	1474
238115899	1474
238115997	1474
238116095	1474
238116283	1474
238116391	1474
238116552	1474
238116757	1474
238116855	1474
238116952	1474
238117045	1474
238117144	1474
238117238	1474
238117332	1474
238117441	1474
238117536	1474
238913355	1474
238913540	1474
238913637	1474
238913731	1474
238913816	1474
238913908	1474
238914003	1474
238914095	1474
238914208	1474
238914361	1474
238914456	1474
238914551	1474
238914642	1474
238914735	1474
238914832	1474
238914926	1474
238915018	1474
239713391	1474
239713643	1474
239713740	1474
239713838	1474
239713930	1474
239714023	1474
239714140	1474
239714284	1474
239714379	1474
239714466	1474
239714560	1474
239714652	1474
239714747	1474
239714839	1474
239714931	1474
239715024	1474
239715118	1474
239715213	1474
240514550	1474
240514767	1474
240514868	1474
240514969	1474
240515090	1474
240515189	1474
240515286	1474
240515381	1474
240515476	1474
240515573	1474
240515674	1474
240515773	1474
240515875	1474
240515970	1474
240516078	1474
240516177	1474
240516273	1474
241313504	1474
241313765	1474
241313869	1474
241313967	1474
241314077	1474
241314195	1474
241314441	1474
241314538	1474
241314636	1474
241314729	1474
241314826	1474
241314919	1474
241315026	1474
241315126	1474
241315221	1474
241315320	1474
241315414	1474
241315507	1474
242112934	1474
242113113	1474
242113212	1474
242113308	1474
242113405	1474
242113501	1474
242113595	1474
242113690	1474
242113786	1474
242113879	1474
242113982	1474
242114079	1474
242114242	1474
242114362	1474
242114459	1474
242114553	1474
242114647	1474
242913000	1474
242913215	1474
242913315	1474
242913410	1474
242913501	1474
242913595	1474
242913689	1474
242913782	1474
242913874	1474
242913982	1474
242914078	1474
242914223	1474
242914325	1474
242914423	1474
242914516	1474
242914611	1474
243712701	1474
243712967	1474
243713084	1474
243713252	1474
243713380	1474
243713668	1474
243713773	1474
243713894	1474
243714003	1474
243714101	1474
243714224	1474
243714398	1474
243714510	1474
243714602	1474
243714699	1474
243714819	1474
243714910	1474
243715004	1474
244512691	1474
244512819	1474
244512911	1474
244513029	1474
244513125	1474
244513241	1474
244513356	1474
244513469	1474
244513564	1474
244513683	1474
244513801	1474
244513916	1474
244514014	1474
244514121	1474
244514300	1474
244514403	1474
244514494	1474
244514587	1474
245312377	1474
245312493	1474
245312586	1474
245312694	1474
245312806	1474
245312926	1474
245313037	1474
245313129	1474
245313222	1474
245313315	1474
245313428	1474
245313525	1474
245313663	1474
245313796	1474
245314069	1474
245314178	1474
245314319	1474
245314427	1474
246378957	1474
246379108	1474
246379240	1474
246379335	1474
246379431	1474
246379541	1474
246379636	1474
246379850	1474
246379961	1474
246380066	1474
246380645	1474
246380866	1474
246380963	1474
246381079	1474
246381200	1474
246381291	1474
246381383	1474
246381478	1474
247179029	1474
247179337	1474
247179439	1474
247179539	1474
247179699	1474
247179901	1474
247180012	1474
247180342	1474
247180448	1474
247181054	1474
247181156	1474
247181253	1474
247181350	1474
247181481	1474
247181582	1474
247181725	1474
247182203	1474
247182359	1474
247979050	1474
247979247	1474
247979345	1474
247979440	1474
247979532	1474
247979644	1474
247979747	1474
247979846	1474
247979965	1474
247980131	1474
247980238	1474
247980710	1474
247980888	1474
247980980	1474
247981072	1474
247981164	1474
247981257	1474
247981351	1474
248779035	1474
248779234	1474
248779373	1474
248779520	1474
248779691	1474
248779829	1474
248779964	1474
248780099	1474
248780234	1474
248780371	1474
248780516	1474
248780653	1474
248780788	1474
248780922	1474
248781057	1474
248781195	1474
248781332	1474
248781560	1474
249579249	1474
249579446	1474
249579570	1474
249579692	1474
249579813	1474
249579933	1474
249580050	1474
249580168	1474
249580287	1474
249580405	1474
249580539	1474
249580657	1474
249580777	1474
249580895	1474
249581013	1474
249581132	1474
249581253	1474
250379663	1474
250379944	1474
250380176	1474
250380415	1474
250380650	1474
250380794	1474
250380936	1474
250381070	1474
250381286	1474
250381489	1474
250382007	1474
250382192	1474
250382336	1474
250382562	1474
250382739	1474
250382906	1474
250383046	1474
251179844	1474
251180003	1474
251180129	1474
251180246	1474
251180362	1474
251180461	1474
251180574	1474
251180688	1474
251180781	1474
251180876	1474
251180970	1474
251181099	1474
251181198	1474
251181372	1474
251181548	1474
251181652	1474
251182157	1474
251182457	1474
251979126	1474
251979291	1474
251979469	1474
251979593	1474
251979715	1474
251979898	1474
251980054	1474
251980330	1474
251980440	1474
251980810	1474
251981050	1474
251981150	1474
251981253	1474
251981377	1474
251981597	1474
251982114	1474
251982395	1474
251982520	1474
252779296	1474
252779488	1474
252779760	1474
252779848	1474
252779951	1474
252780097	1474
252780195	1474
252780523	1474
252780676	1474
252781428	1474
252781630	1474
252781727	1474
252781843	1474
252782497	1474
252782701	1474
252782820	1474
252782919	1474
253579908	1474
253580131	1474
253580235	1474
253580348	1474
253580479	1474
253580583	1474
253580687	1474
253580811	1474
253580936	1474
253581145	1474
253581563	1474
253581669	1474
253581984	1474
253582087	1474
253582260	1474
253582374	1474
253582464	1474
253582566	1474
254379999	1474
254380315	1474
254380418	1474
254380506	1474
254380605	1474
254380732	1474
254380845	1474
254381039	1474
254381188	1474
254381281	1474
254381729	1474
254381828	1474
254381938	1474
254382038	1474
254382137	1474
254382396	1474
254382523	1474
254382632	1474
255178555	1474
255178712	1474
255178831	1474
255178954	1474
255179069	1474
255179180	1474
255179281	1474
255179378	1474
255179471	1474
255179569	1474
255179663	1474
255179761	1474
255179853	1474
255179956	1474
255180049	1474
255180145	1474
255982119	1474
255982324	1474
255982423	1474
255982644	1474
255982740	1474
255982828	1474
255982941	1474
255983047	1474
255983158	1474
255983266	1474
255983369	1474
255983481	1474
255983588	1474
255983683	1474
255983778	1474
255983873	1474
255983970	1474
255984065	1474
256778385	1474
256778604	1474
256778702	1474
256778798	1474
256778893	1474
256778987	1474
256779096	1474
256779214	1474
256779341	1474
256779559	1474
256780059	1474
256780170	1474
256780351	1474
256780461	1474
256780557	1474
256780667	1474
257578285	1474
257578445	1474
257578543	1474
257578646	1474
257578766	1474
257578922	1474
257579017	1474
257579302	1474
257579451	1474
257579544	1474
257579630	1474
257579719	1474
257579810	1474
257579901	1474
257580001	1474
257580091	1474
257580195	1474
258378051	1474
258378302	1474
258378401	1474
258378489	1474
258378583	1474
258378777	1474
258378926	1474
258379190	1474
258379339	1474
258379434	1474
258379528	1474
258379631	1474
258379722	1474
258379822	1474
258379947	1474
258380043	1474
258380148	1474
259177798	1474
259177956	1474
259178064	1474
259178159	1474
259178316	1474
259178519	1474
259178678	1474
259178965	1474
259179131	1474
259179225	1474
259179311	1474
259179402	1474
259179498	1474
259179588	1474
259179676	1474
259179766	1474
259181961	1474
259977869	1474
259978020	1474
259978114	1474
259978233	1474
259978431	1474
259978577	1474
259978809	1474
259978921	1474
259979080	1474
259979167	1474
259979256	1474
259979346	1474
259979438	1474
259979530	1474
259979625	1474
259979717	1474
259979808	1474
260777797	1474
260777968	1474
260778063	1474
260778174	1474
260778311	1474
260778402	1474
260778497	1474
260778699	1474
260778817	1474
260779050	1474
260779148	1474
260779238	1474
260779331	1474
260779418	1474
260779508	1474
260779599	1474
260779691	1474
260779782	1474
261577498	1474
261577651	1474
261577757	1474
261577941	1474
261578033	1474
261578167	1474
261578300	1474
261578497	1474
261578598	1474
261578686	1474
261578924	1474
261579067	1474
261579161	1474
261579252	1474
261579344	1474
261579493	1474
261579586	1474
262377915	1474
262378075	1474
262378206	1474
262378341	1474
262378433	1474
262378526	1474
262378623	1474
262378716	1474
262378842	1474
262378998	1474
262379094	1474
262379342	1474
262379493	1474
262379586	1474
262379676	1474
262379862	1474
262379950	1474
262380044	1474
263178155	1474
263178331	1474
263178429	1474
263178520	1474
263178610	1474
263178706	1474
263178797	1474
263178888	1474
263178980	1474
263179181	1474
263179281	1474
263179370	1474
263179596	1474
263179742	1474
263179840	1474
263179935	1474
263180026	1474
263180119	1474
263977560	1474
263977775	1474
263977871	1474
263977964	1474
263978056	1474
263978195	1474
263978333	1474
263978424	1474
263978514	1474
263978604	1474
263978707	1474
263978798	1474
263978884	1474
263978973	1474
263979063	1474
263979153	1474
263979246	1474
263979337	1474
264777189	1474
264777344	1474
264777440	1474
264777532	1474
264777695	1474
264777781	1474
264777870	1474
264777960	1474
264778188	1474
264778357	1474
264778582	1474
264778688	1474
264778781	1474
264778871	1474
264778963	1474
264779057	1474
264779148	1474
265577028	1474
265577185	1474
265577336	1474
265577431	1474
265577528	1474
265577701	1474
265577791	1474
265577889	1474
265578082	1474
265578184	1474
265578281	1474
265578534	1474
265578635	1474
265578724	1474
265578811	1474
265578901	1474
265578992	1474
266376841	1474
266376999	1474
266377096	1474
266377187	1474
266377277	1474
266377367	1474
266377463	1474
266377638	1474
266377761	1474
266377911	1474
266378016	1474
266378298	1474
266378450	1474
266378559	1474
266378646	1474
266378737	1474
266378829	1474
267176936	1474
267177096	1474
267177268	1474
267177364	1474
267177467	1474
267177561	1474
267177656	1474
267177751	1474
267177944	1474
267178045	1474
267178356	1474
267178521	1474
267178618	1474
267178708	1474
267178799	1474
267178890	1474
267178981	1474
267982408	1474
267982504	1474
267982595	1474
267982703	1474
267982796	1474
267982885	1474
267982974	1474
267983062	1474
267983151	1474
267983240	1474
267983328	1474
267983427	1474
267983518	1474
267983607	1474
267983698	1474
267983787	1474
267983875	1474
267983964	1474
268780278	1474
268780379	1474
268780471	1474
268780563	1474
268780653	1474
268780743	1474
268780832	1474
268780922	1474
268781014	1474
268781106	1474
268781196	1474
268781286	1474
268781387	1474
268781477	1474
268781567	1474
268781657	1474
268781746	1474
269580891	1474
269581046	1474
269581201	1474
269581373	1474
269581465	1474
269581557	1474
269581646	1474
269581736	1474
269581827	1474
269581916	1474
269582006	1474
269582098	1474
269582207	1474
269582416	1474
269582516	1474
269582604	1474
269582694	1474
269582785	1474
270376654	1474
270376810	1474
270376903	1474
270376997	1474
270377090	1474
270377182	1474
270377284	1474
270377387	1474
270377587	1474
270377688	1474
270377969	1474
270378137	1474
270378288	1474
270378387	1474
270378481	1474
270378573	1474
270378667	1474
270378765	1474
271176404	1474
271176563	1474
271176658	1474
271176753	1474
271176841	1474
271176932	1474
271177025	1474
271177228	1474
271177329	1474
271177587	1474
271177688	1474
271177865	1474
271177959	1474
271178050	1474
271178141	1474
271178273	1474
271980453	1474
271980739	1474
271980831	1474
271980928	1474
271981019	1474
271981112	1474
271981212	1474
271981303	1474
271981393	1474
271981491	1474
271981583	1474
271981675	1474
271981768	1474
271981863	1474
271981956	1474
271982049	1474
271982170	1474
272778208	1474
272778475	1474
272778575	1474
272778668	1474
272778759	1474
272778849	1474
272778942	1474
272779033	1474
272779136	1474
272779230	1474
272779325	1474
272779418	1474
272779508	1474
272779599	1474
272779691	1474
272779784	1474
272779877	1474
272779971	1474
273576163	1474
273576462	1474
273576706	1474
273576796	1474
273576903	1474
273577032	1474
273577178	1474
273577450	1474
273578168	1474
273578367	1474
273578461	1474
273578555	1474
273578674	1474
273578764	1474
273578858	1474
273578951	1474
273579117	1474
274377730	1474
274378106	1474
274378336	1474
274378440	1474
274378567	1474
274378697	1474
274378824	1474
274379032	1474
274379143	1474
274379257	1474
274379352	1474
274379463	1474
274379570	1474
274379687	1474
274379782	1474
274379899	1474
274380042	1474
274380166	1474
275175962	1474
275176120	1474
275176217	1474
275176314	1474
275176411	1474
275176595	1474
275176699	1474
275176788	1474
275176882	1474
275177122	1474
275177216	1474
275177308	1474
275177397	1474
275177488	1474
275177581	1474
275177674	1474
275709299	1474
275709569	1474
275709668	1474
275709759	1474
275709854	1474
275709958	1474
275710055	1474
275710360	1474
275710634	1474
275710943	1474
275711109	1474
275711315	1474
275711429	1474
275711573	1474
275711729	1474
276509209	1474
276509406	1474
276509523	1474
276509907	1474
276510153	1474
276510296	1474
276510413	1474
276510675	1474
276510836	1474
276510958	1474
276511253	1474
276511356	1474
276511462	1474
276511558	1474
276511657	1474
276511779	1474
277311168	1474
277311333	1474
277311474	1474
277311612	1474
277311760	1474
277311973	1474
277312168	1474
277312569	1474
277312851	1474
277313026	1474
277313164	1474
277313301	1474
277313438	1474
277313577	1474
277313715	1474
277313866	1474
278112382	1474
278112543	1474
278112708	1474
278112821	1474
278112921	1474
278113020	1474
278113137	1474
278113258	1474
278113356	1474
278113454	1474
278113549	1474
278113647	1474
278113752	1474
278113852	1474
278113950	1474
278114047	1474
278114180	1474
278114324	1474
278909750	1474
278910001	1474
278910107	1474
278910291	1474
278910394	1474
278910506	1474
278910640	1474
278910859	1474
278911452	1474
278911761	1474
278911880	1474
278912505	1474
278912754	1474
278912846	1474
278912965	1474
278913064	1474
278913162	1474
278913261	1474
279709147	1474
279709309	1474
279709452	1474
279709637	1474
279709782	1474
279709949	1474
279710151	1474
279710454	1474
279710678	1474
279710827	1474
279710961	1474
279711102	1474
279711237	1474
279711377	1474
279711561	1474
279711775	1474
280509942	1474
280510363	1474
280511026	1474
280511342	1474
280511597	1474
280511740	1474
280511878	1474
280512015	1474
280512150	1474
280512285	1474
280512421	1474
280512565	1474
280512733	1474
280512872	1474
280513007	1474
280513141	1474
280513275	1474
281311818	1474
281312067	1474
281312359	1474
281312460	1474
281312570	1474
281312803	1474
281312904	1474
281313000	1474
281313103	1474
281313197	1474
281313299	1474
281313402	1474
281313523	1474
281313621	1474
281313720	1474
281313817	1474
281313914	1474
281314012	1474
282108771	1474
282109040	1474
282109140	1474
282109238	1474
282109343	1474
282109444	1474
282109576	1474
282109685	1474
282110086	1474
282110225	1474
282110342	1474
282110460	1474
282110722	1474
282110813	1474
282110924	1474
282111040	1474
282111137	1474
282111299	1474
282908593	1474
282908815	1474
282909091	1474
282909184	1474
282909279	1474
282909654	1474
282909849	1474
282910655	1474
282910759	1474
282910989	1474
282911096	1474
282911213	1474
282911331	1474
282911435	1474
282911533	1474
282911641	1474
282911781	1474
283711021	1474
283711265	1474
283711571	1474
283711691	1474
283711787	1474
283711978	1474
283712099	1474
283712197	1474
283712295	1474
283712566	1474
283712656	1474
283712764	1474
283712873	1474
283712968	1474
283713088	1474
283713199	1474
283715453	1474
284508823	1474
284509024	1474
284509262	1474
284509379	1474
284509480	1474
284509821	1474
284510037	1474
284510779	1474
284510981	1474
284511093	1474
284511220	1474
284511326	1474
284511450	1474
284511563	1474
284511659	1474
284511779	1474
284511919	1474
285308170	1474
285308359	1474
285308454	1474
285308554	1474
285308673	1474
285308772	1474
285308884	1474
285308987	1474
285309198	1474
285309316	1474
285309876	1474
285309983	1474
285310211	1474
285310373	1474
285310503	1474
285310603	1474
285310710	1474
286107798	1474
286108049	1474
286108244	1474
286108354	1474
286108469	1474
286108576	1474
286108691	1474
286108801	1474
286108923	1474
286109133	1474
286109946	1474
286110054	1474
286110167	1474
286110535	1474
286110661	1474
286110807	1474
286110906	1474
286110997	1474
286908239	1474
286908616	1474
286908705	1474
286908796	1474
286908909	1474
286909006	1474
286909119	1474
286909220	1474
286909331	1474
286909430	1474
286909518	1474
286909611	1474
286909699	1474
286909792	1474
286909884	1474
286909978	1474
286910083	1474
286910180	1474
287707665	1474
287707896	1474
287708170	1474
287708274	1474
287708394	1474
287708502	1474
287708601	1474
287708700	1474
287708811	1474
287708911	1474
287709011	1474
287709118	1474
287709218	1474
287709320	1474
287709430	1474
287709528	1474
287709627	1474
287709724	1474
288511316	1474
288511558	1474
288511814	1474
288511937	1474
288512040	1474
288512303	1474
288512409	1474
288512545	1474
288512650	1474
288512790	1474
288512914	1474
288513010	1474
288513128	1474
288513249	1474
288513348	1474
288513448	1474
288513567	1474
288513664	1474
289574511	1474
289574763	1474
289575039	1474
289575204	1474
289575441	1474
289575592	1474
289575685	1474
289576228	1474
289576382	1474
289576475	1474
289576580	1474
289576678	1474
289576776	1474
289576873	1474
289576966	1474
289577074	1474
289577162	1474
289577280	1474
290374161	1474
290374662	1474
290374751	1474
290374843	1474
290374934	1474
290375032	1474
290375125	1474
290375215	1474
290375308	1474
290375402	1474
290375588	1474
290375690	1474
290375791	1474
290376030	1474
290376166	1474
290376261	1474
290376360	1474
290376453	1474
291174173	1474
291174511	1474
291174604	1474
291174698	1474
291174796	1474
291174886	1474
291174986	1474
291175082	1474
291175174	1474
291175264	1474
291175356	1474
291175449	1474
291175543	1474
291175633	1474
291175725	1474
291175816	1474
291175908	1474
291176010	1474
291974569	1474
291974883	1474
291974992	1474
291975089	1474
291975181	1474
291975272	1474
291975362	1474
291975454	1474
291975651	1474
291975752	1474
291975847	1474
291976101	1474
291976239	1474
291976337	1474
291976430	1474
291976517	1474
291976608	1474
292774185	1474
292774508	1474
292774598	1474
292774690	1474
292774784	1474
292774884	1474
292774981	1474
292775174	1474
292775274	1474
292775381	1474
292775592	1474
292775689	1474
292775778	1474
292775897	1474
292775987	1474
292776076	1474
293574135	1474
293574423	1474
293574512	1474
293574602	1474
293574692	1474
293574781	1474
293574958	1474
293575044	1474
293575233	1474
293575349	1474
293575449	1474
293575683	1474
293575832	1474
293575923	1474
293576014	1474
293576105	1474
293576195	1474
293576288	1474
294374478	1474
294374739	1474
294374842	1474
294374933	1474
294375024	1474
294375116	1474
294375208	1474
294375322	1474
294375415	1474
294375508	1474
294375701	1474
294375812	1474
294376042	1474
294376142	1474
294376277	1474
294376367	1474
294376458	1474
294376549	1474
295175225	1474
295175471	1474
295175567	1474
295175657	1474
295175758	1474
295175850	1474
295175936	1474
295176026	1474
295176117	1474
295176206	1474
295176295	1474
295176382	1474
295176472	1474
295176563	1474
295176652	1474
295176750	1474
295176839	1474
295176929	1474
295973547	1474
295973832	1474
295973922	1474
295974014	1474
295974099	1474
295974208	1474
295974446	1474
295974546	1474
295974753	1474
295974853	1474
295975163	1474
295975261	1474
295975420	1474
295975509	1474
295975600	1474
295975712	1474
295975815	1474
295975915	1474
296774071	1474
296774411	1474
296774612	1474
296774836	1474
296775005	1474
296775141	1474
296775297	1474
296775470	1474
296775613	1474
296775766	1474
296775901	1474
296776033	1474
296776167	1474
296776304	1474
296776466	1474
296776659	1474
296776824	1474
297573426	1474
297573647	1474
297573809	1474
297573951	1474
297574085	1474
297574357	1474
297574559	1474
297574736	1474
297574895	1474
297575065	1474
297575229	1474
297575367	1474
297575502	1474
297575692	1474
297575797	1474
297575899	1474
298375613	1474
298376246	1474
298376573	1474
298376715	1474
298376967	1474
298377057	1474
298377154	1474
298377253	1474
298377372	1474
298377484	1474
298377596	1474
298377717	1474
298377816	1474
298377912	1474
298378009	1474
298378106	1474
298378229	1474
298378452	1474
299173612	1474
299173903	1474
299173997	1474
299174100	1474
299174186	1474
299174315	1474
299174425	1474
299174519	1474
299174754	1474
299174849	1474
299174974	1474
299175654	1474
299175735	1474
299175912	1474
299176001	1474
299176110	1474
299176200	1474
299176312	1474
299972925	1474
299973154	1474
299973395	1474
299973510	1474
299973622	1474
299973893	1474
299974009	1474
299974113	1474
299974902	1474
299975013	1474
299975120	1474
299975233	1474
299975682	1474
299975804	1474
299975906	1474
299976026	1474
300772888	1474
300773161	1474
300775844	1474
300776022	1474
300776160	1474
300776272	1474
300776391	1474
300776727	1474
300776853	1474
300777160	1474
300777259	1474
300777360	1474
300777556	1474
300777989	1474
300778095	1474
300778280	1474
300778576	1474
301306597	1474
301306933	1474
301307042	1474
301307160	1474
301307264	1474
301307365	1474
301307463	1474
301307567	1474
301307681	1474
301307968	1474
301308076	1474
301308167	1474
301308279	1474
301308401	1474
301308501	1474
301308620	1474
302106316	1474
302106549	1474
302106656	1474
302106764	1474
302106850	1474
302106955	1474
302107040	1474
302107145	1474
302107251	1474
302107343	1474
302107430	1474
302107537	1474
302107648	1474
302107738	1474
302908411	1474
302908662	1474
302908842	1474
302909071	1474
302909275	1474
302909447	1474
302909587	1474
302909722	1474
302909856	1474
302909989	1474
302910123	1474
302910321	1474
302910468	1474
302910602	1474
302910737	1474
302910874	1474
302911010	1474
303708722	1474
303708995	1474
303709173	1474
303709397	1474
303709598	1474
303709796	1474
303709936	1474
303710072	1474
303710321	1474
303710465	1474
303710601	1474
303710736	1474
303710870	1474
303711004	1474
303711148	1474
303711305	1474
303711444	1474
303711579	1474
304507283	1474
304507548	1474
304507639	1474
304507724	1474
304507814	1474
304507939	1474
304508052	1474
304508139	1474
304508243	1474
304508332	1474
304508440	1474
304508528	1474
304508635	1474
304508745	1474
304508849	1474
304508935	1474
304509050	1474
304509139	1474
