3259446	58
3423489	83
3425122	54
3583983	111
3587290	54
3783604	109
3783891	222
3822604	54
3977224	73
4002406	54
4149883	88
4157628	54
4323790	73
4340327	54
4502942	82
4520573	54
4676280	70
4684745	54
4842233	105
5007603	58
5008811	54
5193405	149
5193693	1474
5193856	1474
5226230	1474
5226627	1474
5226891	1474
5227279	1474
5253189	1474
5253655	1474
5253816	1474
5254190	1474
5254491	334
5346311	1474
5346647	1474
5347329	1474
5347879	1474
5348016	1474
5348661	1474
5348888	1474
5349044	1474
5349165	1474
5349291	1474
5349527	1474
5361386	1474
5362050	1474
5362278	1474
5362412	446
5491200	1474
5491419	1474
5491717	1474
5491881	1474
5492038	1474
5492994	1474
5493379	1474
5493641	1474
5493910	1474
5494073	1474
5494207	1474
5494359	1474
5494764	1474
5495010	1474
5495120	1474
5495250	1474
5495404	1474
5495764	1474
5495903	1474
5496057	1474
5496409	1474
5497077	1474
5497310	1474
5497441	1474
5497644	726
5673406	1474
5673822	1474
5674166	1474
5674302	1474
5674433	1474
5674623	1474
5674780	1474
5675202	1474
5675702	1474
5675925	1474
5676060	1474
5676208	1474
5676597	1474
5676875	1474
5677102	1474
5677324	1474
5677459	1474
5677616	1474
5677749	1474
5678033	1474
5678318	1474
5678551	1474
5678686	1474
5678852	1474
5678987	1474
5679120	1474
5679413	782
5817762	1474
5818088	1474
5818370	1474
5818767	1474
5818903	1474
5819238	1474
5819388	1474
5819540	1474
5819915	1474
5820141	1474
5820330	1474
5820463	1474
5820667	1474
5820922	1474
5821056	1474
5821393	1474
5821666	1474
5821889	1474
5822024	1474
5822153	1474
5822288	1474
5822421	1474
5822529	1474
5823055	1474
5823282	726
5976995	1474
5977340	1474
5977481	1474
5977617	1474
5977762	1474
5977891	1474
5978021	1474
5978158	1474
5978472	1474
5979266	1474
5979566	1474
5979802	362
5979968	1474
5980100	82
5980369	1474
5980505	1474
5980764	1474
5980932	1474
5981155	1474
5981286	1474
5981383	1474
5981529	1474
5981877	1474
5982085	1474
5982311	1474
5982446	1474
5982572	1474
5983215	418
5983446	1474
5983722	1474
5983927	1474
5984061	1474
5984179	1474
5984404	1474
5984538	1474
5984684	1474
5984809	1474
5984934	1474
5985087	1474
5985211	362
6136236	1474
6136373	1474
6136482	1474
6136604	1474
6136815	1474
6136957	1474
6137112	1474
6137381	1474
6137754	1474
6137939	1474
6138062	334
6138356	1474
6138486	1474
6138620	1474
6138752	1474
6138880	1474
6138982	1474
6139083	1474
6139208	1474
6139333	1474
6139461	1474
6139589	1474
6139728	1474
6139883	390
6140007	1474
6140144	1474
6140312	1474
6140441	1474
6140585	1474
6140725	1474
6140875	1474
6141009	1474
6141126	1474
6141271	1474
6141398	1474
6141526	1474
6141668	390
6178848	1474
6178983	1474
6179109	1474
6179240	1474
6179363	1474
6179487	1474
6179614	1474
6179746	1474
6179871	1474
6179998	1474
6180125	1474
6180347	1474
6180479	1474
6180609	1474
6180752	1474
6180880	1474
6181009	1474
6181137	1474
6181240	1474
6181368	1474
6181498	1474
6181635	1474
6181762	1474
6181887	1474
6182013	1474
6182138	1474
6220106	782
6296218	1474
6296546	1474
6296907	1474
6297055	1474
6297194	1474
6297334	1474
6297433	1474
6806034	1474
6806265	1474
6806363	1474
6806480	1474
6806602	1474
6806699	1474
6807023	1474
6807283	1474
6807411	1474
6807535	1474
6807655	1474
6807806	1474
6807930	1474
6808050	1474
6808196	1474
7873315	1474
7873603	1474
7873748	1474
7873873	1474
7874012	1474
7874296	1474
7874426	1474
7874571	1474
7874695	1474
7874822	1474
7875107	1474
7875237	1474
7875364	1474
7875490	1474
7875615	1474
7875738	1474
7875865	1474
8673055	1474
8673321	1474
8673449	1474
8673587	1474
8673701	1474
8673855	1474
8674353	1474
8674485	1474
8674610	1474
8674739	1474
8674870	1474
8674995	1474
8675130	1474
8675256	1474
8675380	1474
8675526	1474
8675652	1474
8675755	1474
9207752	1474
9208092	1474
9208288	1474
9208601	1474
9208734	1474
9208871	1474
9208996	1474
9209119	1474
9209258	1474
9209358	1474
9209488	1474
9209613	1474
9209740	1474
9209864	1474
9209989	1474
9210113	1474
10007864	1474
10008489	1474
10008747	1474
10008900	1474
10009139	1474
10009281	1474
10009425	1474
10009762	1474
10009898	1474
10010021	1474
10010121	1474
10010247	1474
10010382	1474
10010507	1474
10010633	1474
10010759	1474
10010893	1474
10012853	1474
10806747	1474
10806950	1474
10807334	1474
10807479	1474
10807940	1474
10808163	1474
10808656	1474
10808813	1474
10808936	1474
10809231	1474
10809362	1474
10809500	1474
10809647	1474
10809783	1474
10809909	1474
10810051	1474
10810175	1474
11609504	1474
11609648	1474
11609775	1474
11609918	1474
11610197	1474
11610301	1474
11610424	1474
11610549	1474
11610691	1474
11610817	1474
11610945	1474
11611071	1474
11611208	1474
11611349	1474
11611479	1474
11611773	1474
11611905	1474
12407363	1474
12407500	1474
12407625	1474
12407768	1474
12407926	1474
12408216	1474
12408726	1474
12408929	1474
12409073	1474
12409197	1474
12409320	1474
12409444	1474
12409571	1474
12409678	1474
12409820	1474
12409945	1474
12410069	1474
12410216	1474
13209197	1474
13209332	1474
13209462	1474
13209591	1474
13209721	1474
13210012	1474
13210146	1474
13210350	1474
13210483	1474
13210617	1474
13210745	1474
13210874	1474
13211017	1474
13211194	1474
13211324	1474
13211472	1474
13211599	1474
13742966	1474
13743153	1474
13743345	1474
13743577	1474
13743800	1474
13744040	1474
13744212	1474
13744454	1474
13744651	1474
13744820	1474
13744986	1474
13745137	1474
13745304	1474
13745445	1474
13745609	1474
13745774	1474
13745940	1474
14540680	1474
14540871	1474
14541103	1474
14541293	1474
14541436	1474
14541660	1474
14541795	1474
14541923	1474
14542052	1474
14542198	1474
14542327	1474
14542457	1474
14542585	1474
14542714	1474
14542815	1474
14542943	1474
14543079	1474
14543196	1474
15342046	1474
15342178	1474
15342315	1474
15342460	1474
15342616	1474
15342911	1474
15343041	1474
15343174	1474
15343308	1474
15343437	1474
15343566	1474
15343695	1474
15343824	1474
15343953	1474
15344079	1474
15344294	1474
15344427	1474
16407425	1474
16407575	1474
16407760	1474
16407882	1474
16408000	1474
16408116	1474
16408381	1474
16408531	1474
16408651	1474
16408769	1474
16408889	1474
16409003	1474
16409117	1474
16409232	1474
16409347	1474
16409462	1474
16409566	1474
16409682	1474
17207886	1474
17208089	1474
17208294	1474
17208437	1474
17208537	1474
17208686	1474
17208813	1474
17208967	1474
17209095	1474
17209220	1474
17209353	1474
17209493	1474
17209661	1474
17209769	1474
17209899	1474
17210026	1474
17210152	1474
17210294	1474
18009811	1474
18009945	1474
18010073	1474
18010216	1474
18010372	1474
18010657	1474
18010794	1474
18010944	1474
18011074	1474
18011213	1474
18011340	1474
18011470	1474
18011596	1474
18011725	1474
18011838	1474
18011969	1474
18012096	1474
18012198	1474
18809539	1474
18809668	1474
18809796	1474
18810058	1474
18810227	1474
18810410	1474
18810622	1474
18810719	1474
18810849	1474
18810993	1474
18811122	1474
18811255	1474
18811383	1474
18811515	1474
18811641	1474
18811772	1474
18811900	1474
19610051	1474
19610191	1474
19610326	1474
19610458	1474
19610602	1474
19610755	1474
19611002	1474
19611148	1474
19611276	1474
19611407	1474
19611534	1474
19611653	1474
19611771	1474
19611897	1474
19612025	1474
19612189	1474
19612406	1474
19612544	1474
20410891	1474
20411016	1474
20411144	1474
20411287	1474
20411417	1474
20411543	1474
20411670	1474
20411797	1474
20411928	1474
20412056	1474
20412173	1474
20412713	1474
20412845	1474
20412990	1474
20413133	1474
20413275	1474
20413403	1474
20413531	1474
21212116	1474
21212279	1474
21212437	1474
21212566	1474
21212698	1474
21213011	1474
21213140	1474
21213282	1474
21213411	1474
21213545	1474
21213669	1474
21213791	1474
21213915	1474
21214040	1474
21214156	1474
21214288	1474
21214400	1474
21214523	1474
22009913	1474
22010038	1474
22010154	1474
22010255	1474
22010379	1474
22010514	1474
22010644	1474
22010769	1474
22010877	1474
22011022	1474
22011151	1474
22011280	1474
22011406	1474
22011540	1474
22011670	1474
22011797	1474
22808363	1474
22808712	1474
22808863	1474
22809004	1474
22809149	1474
22809425	1474
22809557	1474
22809848	1474
22809972	1474
22810111	1474
22810210	1474
22810331	1474
22810451	1474
22810558	1474
22810962	1474
22811135	1474
22811262	1474
22811385	1474
23611264	1474
23611437	1474
23611603	1474
23611872	1474
23612096	1474
23612423	1474
23612568	1474
23612735	1474
23612915	1474
23613081	1474
23613245	1474
23613422	1474
23613586	1474
23613753	1474
23613932	1474
23614098	1474
23614261	1474
23614425	1474
24411822	1474
24412024	1474
24412190	1474
24412403	1474
24412572	1474
24412735	1474
24412907	1474
24413070	1474
24413232	1474
24413396	1474
24413558	1474
24413720	1474
24413882	1474
24414057	1474
24414219	1474
24414381	1474
24414543	1474
24414705	1474
25211534	1474
25211698	1474
25211888	1474
25212131	1474
25212418	1474
25212587	1474
25212724	1474
25212884	1474
25213044	1474
25213219	1474
25213380	1474
25213539	1474
25213700	1474
25213861	1474
25214041	1474
25214219	1474
25214381	1474
26008601	1474
26008913	1474
26009058	1474
26009338	1474
26009533	1474
26009867	1474
26010037	1474
26010209	1474
26010372	1474
26010532	1474
26010692	1474
26010855	1474
26011014	1474
26011169	1474
26011323	1474
26011486	1474
26011646	1474
26011809	1474
26808999	1474
26809238	1474
26809413	1474
26809628	1474
26809844	1474
26810061	1474
26810226	1474
26810420	1474
26810587	1474
26810748	1474
26810884	1474
26811043	1474
26811203	1474
26811361	1474
26811533	1474
26811694	1474
26811854	1474
26812032	1474
27878341	1474
27878504	1474
27878711	1474
27878906	1474
27879225	1474
27879394	1474
27879556	1474
27879729	1474
27879889	1474
27880049	1474
27880208	1474
27880417	1474
27880596	1474
27880758	1474
27880918	1474
27881077	1474
27881239	1474
27881398	1474
28675992	1474
28676341	1474
28676999	1474
28677352	1474
28677579	1474
28677782	1474
28678005	1474
28678379	1474
28678577	1474
28678758	1474
28678923	1474
28679090	1474
28679253	1474
28679392	1474
28679558	1474
28679732	1474
28679897	1474
28680064	1474
29479566	1474
29479751	1474
29479966	1474
29480186	1474
29480492	1474
29480661	1474
29480836	1474
29481000	1474
29481163	1474
29481325	1474
29481488	1474
29481625	1474
29481789	1474
29481965	1474
29482129	1474
29482292	1474
29482456	1474
29482618	1474
30278571	1474
30278853	1474
30279125	1474
30279345	1474
30279583	1474
30279751	1474
30279916	1474
30280099	1474
30280239	1474
30280599	1474
30280773	1474
30280937	1474
30281117	1474
30281280	1474
30281420	1474
30281582	1474
30281745	1474
30281909	1474
31079156	1474
31079362	1474
31079528	1474
31079693	1474
31079858	1474
31080026	1474
31080201	1474
31080422	1474
31080593	1474
31080760	1474
31080924	1474
31081089	1474
31081275	1474
31081440	1474
31081581	1474
31081748	1474
31081913	1474
31876281	1474
31876570	1474
31876824	1474
31877027	1474
31877266	1474
31877453	1474
31877596	1474
31877761	1474
31877928	1474
31878123	1474
31878352	1474
31878530	1474
31878698	1474
31878865	1474
31879032	1474
31879171	1474
31879349	1474
31879523	1474
32679494	1474
32679672	1474
32679970	1474
32680185	1474
32680405	1474
32680595	1474
32680767	1474
32680931	1474
32681098	1474
32681261	1474
32681429	1474
32681625	1474
32681798	1474
32681963	1474
32682132	1474
32682331	1474
32682571	1474
32682770	1474
33479522	1474
33479708	1474
33479875	1474
33480040	1474
33480205	1474
33480451	1474
33480665	1474
33480810	1474
33480976	1474
33481142	1474
33481307	1474
33481474	1474
33481649	1474
33481816	1474
33481982	1474
33482148	1474
33482315	1474
33482480	1474
34276497	1474
34276640	1474
34276858	1474
34276982	1474
34277103	1474
34277319	1474
34277448	1474
34277574	1474
34277700	1474
34277837	1474
34277963	1474
34278087	1474
34278209	1474
34278332	1474
34278456	1474
34278579	1474
34278702	1474
34278841	1474
35076812	1474
35076998	1474
35077121	1474
35077244	1474
35077365	1474
35077489	1474
35077611	1474
35077734	1474
35077857	1474
35077993	1474
35078115	1474
35078236	1474
35078358	1474
35078481	1474
35078603	1474
35078726	1474
35078824	1474
35078931	1474
36146003	1474
36146139	1474
36146268	1474
36146415	1474
36146658	1474
36146770	1474
36147045	1474
36147194	1474
36147321	1474
36147423	1474
36147550	1474
36147678	1474
36147806	1474
36147931	1474
36148059	1474
36148205	1474
36148380	1474
36148508	1474
36946092	1474
36946216	1474
36946328	1474
36946451	1474
36946576	1474
36946699	1474
36946823	1474
36946948	1474
36947177	1474
36947470	1474
36947601	1474
36947725	1474
36947849	1474
36947973	1474
36948096	1474
36948300	1474
36948429	1474
37746293	1474
37746444	1474
37746587	1474
37746710	1474
37746841	1474
37747149	1474
37747325	1474
37747438	1474
37747738	1474
37747869	1474
37748000	1474
37748147	1474
37748379	1474
37748519	1474
37748644	1474
37748786	1474
37748910	1474
37749034	1474
38545826	1474
38545958	1474
38546084	1474
38546223	1474
38546365	1474
38546506	1474
38546633	1474
38546761	1474
38546890	1474
38547018	1474
38547156	1474
38547310	1474
38547559	1474
38547660	1474
38547937	1474
38548044	1474
38548172	1474
38548353	1474
39344065	1474
39344441	1474
39344572	1474
39344835	1474
39344978	1474
39345125	1474
39345247	1474
39345368	1474
39345501	1474
39345688	1474
39345819	1474
39345947	1474
39346072	1474
39346197	1474
39346322	1474
39346446	1474
39346561	1474
39346715	1474
40143946	1474
40144090	1474
40144374	1474
40144557	1474
40144709	1474
40144937	1474
40145063	1474
40145198	1474
40145320	1474
40145454	1474
40145572	1474
40145696	1474
40145823	1474
40145950	1474
40146079	1474
40146203	1474
40146328	1474
40146462	1474
40944605	1474
40944747	1474
40944875	1474
40944993	1474
40945132	1474
40945270	1474
40945397	1474
40945624	1474
40945750	1474
40945877	1474
40946004	1474
40946126	1474
40946268	1474
40946396	1474
40946518	1474
40946658	1474
40946798	1474
41745177	1474
41745299	1474
41745420	1474
41745546	1474
41745801	1474
41745936	1474
41746060	1474
41746183	1474
41746308	1474
41746404	1474
41746524	1474
41746647	1474
41746767	1474
41746889	1474
41747030	1474
41747154	1474
41747276	1474
41747397	1474
42544860	1474
42544982	1474
42545105	1474
42545225	1474
42545349	1474
42545569	1474
42545708	1474
42545833	1474
42545928	1474
42546043	1474
42546163	1474
42546287	1474
42546407	1474
42546529	1474
42546650	1474
42546786	1474
42546911	1474
43344693	1474
43344825	1474
43344949	1474
43345097	1474
43345227	1474
43345462	1474
43345569	1474
43345697	1474
43345899	1474
43346074	1474
43346205	1474
43346436	1474
43346563	1474
43346686	1474
43346806	1474
43346903	1474
43346998	1474
43347122	1474
44144526	1474
44144625	1474
44144755	1474
44144879	1474
44145002	1474
44145100	1474
44145244	1474
44145370	1474
44145493	1474
44145720	1474
44145851	1474
44145996	1474
44146213	1474
44146342	1474
44146466	1474
44146590	1474
44146714	1474
44146836	1474
44944088	1474
44944245	1474
44944377	1474
44944500	1474
44944624	1474
44944837	1474
44944968	1474
44945132	1474
44945301	1474
44945401	1474
44945627	1474
44945760	1474
44945886	1474
44946010	1474
44946149	1474
44946273	1474
44946397	1474
44946520	1474
45741436	1474
45741671	1474
45741802	1474
45741938	1474
45742062	1474
45742188	1474
45742310	1474
45742433	1474
45742556	1474
45742678	1474
45742802	1474
45742938	1474
45743063	1474
45743185	1474
45743310	1474
45743433	1474
45743556	1474
45743678	1474
46808408	1474
46808667	1474
46808797	1474
46808984	1474
46809114	1474
46809246	1474
46809411	1474
46809538	1474
46809666	1474
46809856	1474
46809992	1474
46810118	1474
46810246	1474
46810529	1474
46810665	1474
46810923	1474
46811056	1474
46811186	1474
47607578	1474
47607811	1474
47607938	1474
47608069	1474
47608222	1474
47608593	1474
47608903	1474
47609044	1474
47609203	1474
47609332	1474
47609455	1474
47609738	1474
47609854	1474
47609988	1474
47610127	1474
47610250	1474
47610370	1474
47610491	1474
48410639	1474
48410767	1474
48410904	1474
48411026	1474
48411148	1474
48411268	1474
48411390	1474
48411512	1474
48411635	1474
48411756	1474
48411893	1474
48412016	1474
48412160	1474
48412330	1474
48412455	1474
48412577	1474
48412699	1474
48412822	1474
49207418	1474
49207650	1474
49207770	1474
49207895	1474
49208013	1474
49208368	1474
49208580	1474
49208720	1474
49208855	1474
49208969	1474
49209086	1474
49209203	1474
49209311	1474
49209429	1474
49209555	1474
49209673	1474
49209788	1474
50009719	1474
50009835	1474
50009958	1474
50010062	1474
50010177	1474
50010311	1474
50010405	1474
50010540	1474
50010658	1474
50010748	1474
50010874	1474
50010987	1474
50011115	1474
50011243	1474
50011370	1474
50011485	1474
50011600	1474
50809028	1474
50809164	1474
50809305	1474
50809524	1474
50809672	1474
50809985	1474
50810103	1474
50810216	1474
50810365	1474
50810493	1474
50810615	1474
50810734	1474
50810870	1474
50811002	1474
50811126	1474
50811217	1474
50811329	1474
50811444	1474
51607074	1474
51607210	1474
51607398	1474
51607516	1474
51607626	1474
51607906	1474
51608025	1474
51608188	1474
51608321	1474
51608451	1474
51608563	1474
51608681	1474
51608809	1474
51608923	1474
51609035	1474
51609147	1474
51609259	1474
51609371	1474
52409477	1474
52409643	1474
52409744	1474
52409858	1474
52409988	1474
52410252	1474
52410383	1474
52410524	1474
52410680	1474
52410808	1474
52410953	1474
52411084	1474
52411212	1474
52411337	1474
52411459	1474
52411604	1474
52411724	1474
52411852	1474
53205198	1474
53205717	1474
53205845	1474
53205988	1474
53206092	1474
53206230	1474
53206372	1474
53206502	1474
53206630	1474
53206757	1474
53206883	1474
53207028	1474
53207152	1474
53207275	1474
53207415	1474
53207552	1474
53207691	1474
53207820	1474
54007192	1474
54007442	1474
54007569	1474
54007695	1474
54007817	1474
54007945	1474
54008073	1474
54008258	1474
54008392	1474
54008514	1474
54008641	1474
54008772	1474
54008895	1474
54009033	1474
54009160	1474
54009285	1474
54009408	1474
54009531	1474
54807704	1474
54807847	1474
54807972	1474
54808097	1474
54808289	1474
54808453	1474
54808653	1474
54808794	1474
54808933	1474
54809060	1474
54809184	1474
54809310	1474
54809434	1474
54809564	1474
54809691	1474
54809827	1474
54809952	1474
54810079	1474
55607054	1474
55607183	1474
55607312	1474
55607437	1474
55607575	1474
55607673	1474
55607797	1474
55607922	1474
55608045	1474
55608168	1474
55608340	1474
55608467	1474
55608608	1474
55608731	1474
55608855	1474
55608980	1474
55609104	1474
56671093	1474
56671370	1474
56671521	1474
56671649	1474
56671796	1474
56671953	1474
56672262	1474
56672442	1474
56672570	1474
56672707	1474
56672842	1474
56672969	1474
56673126	1474
56673383	1474
56673507	1474
56673626	1474
56673757	1474
56673878	1474
57206614	1474
57206752	1474
57206886	1474
57207032	1474
57207140	1474
57207268	1474
57207398	1474
57207510	1474
57207640	1474
57207743	1474
57207872	1474
57208000	1474
57208176	1474
57208351	1474
57208482	1474
57208630	1474
57208764	1474
58270696	1474
58270841	1474
58271093	1474
58271221	1474
58271354	1474
58271457	1474
58271587	1474
58271729	1474
58271861	1474
58271993	1474
58272146	1474
58272347	1474
58272484	1474
58272785	1474
58272895	1474
58273074	1474
58273207	1474
58273327	1474
59070322	1474
59070483	1474
59070634	1474
59070820	1474
59070955	1474
59071082	1474
59071184	1474
59071335	1474
59071472	1474
59071619	1474
59071801	1474
59071936	1474
59072047	1474
59072201	1474
59072489	1474
59072632	1474
59072762	1474
59072888	1474
59874940	1474
59875073	1474
59875253	1474
59875415	1474
59875572	1474
59875728	1474
59875947	1474
59876080	1474
59876248	1474
59876381	1474
59876520	1474
59876649	1474
59876777	1474
59876928	1474
59877056	1474
59877224	1474
59877355	1474
59877487	1474
60672671	1474
60672799	1474
60672935	1474
60673084	1474
60673210	1474
60673337	1474
60673463	1474
60673593	1474
60673724	1474
60673862	1474
60674005	1474
60674132	1474
60674275	1474
60674398	1474
60674525	1474
60674651	1474
60674802	1474
60674935	1474
61471754	1474
61471885	1474
61472013	1474
61472187	1474
61472360	1474
61472508	1474
61472634	1474
61472782	1474
61472927	1474
61473055	1474
61473205	1474
61473333	1474
61473467	1474
61473569	1474
61473705	1474
61473853	1474
61473983	1474
62271683	1474
62271812	1474
62271941	1474
62272066	1474
62272258	1474
62272633	1474
62272745	1474
62272878	1474
62273006	1474
62273132	1474
62273281	1474
62273414	1474
62273592	1474
62273723	1474
62273854	1474
62273984	1474
62274113	1474
62274241	1474
63068764	1474
63068961	1474
63069231	1474
63069537	1474
63069805	1474
63069946	1474
63070074	1474
63070222	1474
63070347	1474
63070482	1474
63070626	1474
63070751	1474
63070867	1474
63070986	1474
63071085	1474
63071229	1474
63071357	1474
63071482	1474
63868079	1474
63868340	1474
63869103	1474
63869376	1474
63869510	1474
63869645	1474
63869757	1474
63869937	1474
63870072	1474
63870213	1474
63870362	1474
63870489	1474
63870630	1474
63870756	1474
63870895	1474
63871001	1474
63871127	1474
63871267	1474
64668519	1474
64668808	1474
64668962	1474
64669110	1474
64669237	1474
64669366	1474
64669490	1474
64669625	1474
64669751	1474
64669852	1474
64669976	1474
64670124	1474
64670264	1474
64670390	1474
64670534	1474
64670678	1474
65467943	1474
65468125	1474
65468373	1474
65468520	1474
65468744	1474
65468909	1474
65469077	1474
65469239	1474
65469511	1474
65469677	1474
65469859	1474
65470025	1474
65470191	1474
65470360	1474
65470524	1474
65470686	1474
65470848	1474
65471011	1474
66267712	1474
66267891	1474
66268033	1474
66268215	1474
66268432	1474
66268602	1474
66268765	1474
66268905	1474
66269076	1474
66269244	1474
66269381	1474
66269546	1474
66269706	1474
66269870	1474
66270006	1474
66270185	1474
66270347	1474
66270511	1474
67067441	1474
67067640	1474
67067809	1474
67068018	1474
67068331	1474
67068504	1474
67068671	1474
67068841	1474
67069009	1474
67069171	1474
67069338	1474
67069497	1474
67069661	1474
67069832	1474
67070001	1474
67070163	1474
67070328	1474
67070488	1474
68134361	1474
68134621	1474
68134792	1474
68135050	1474
68135274	1474
68135559	1474
68135733	1474
68135897	1474
68136059	1474
68136224	1474
68136434	1474
68136628	1474
68136792	1474
68136956	1474
68137118	1474
68137302	1474
68137441	1474
68137623	1474
68933836	1474
68934079	1474
68934233	1474
68934377	1474
68934541	1474
68934678	1474
68934846	1474
68935011	1474
68935259	1474
68935426	1474
68935591	1474
68935754	1474
68935924	1474
68936088	1474
68936322	1474
68936476	1474
68936718	1474
68936945	1474
69733540	1474
69733770	1474
69733942	1474
69734153	1474
69734376	1474
69734608	1474
69734779	1474
69734966	1474
69735144	1474
69735308	1474
69735472	1474
69735637	1474
69735801	1474
69735966	1474
69736120	1474
69736364	1474
69736592	1474
70533281	1474
70533496	1474
70533687	1474
70533900	1474
70534131	1474
70534323	1474
70534491	1474
70534655	1474
70534838	1474
70535002	1474
70535170	1474
70535333	1474
70535500	1474
70535668	1474
70535821	1474
70536080	1474
70536297	1474
70536606	1474
71332548	1474
71332844	1474
71332994	1474
71333137	1474
71333240	1474
71333369	1474
71333494	1474
71333594	1474
71333750	1474
71333876	1474
71334014	1474
71334155	1474
71334255	1474
71334388	1474
71334514	1474
71334675	1474
71334804	1474
71334937	1474
72132023	1474
72132210	1474
72132426	1474
72132593	1474
72132730	1474
72132895	1474
72133057	1474
72133228	1474
72133390	1474
72133556	1474
72133694	1474
72133860	1474
72134022	1474
72134189	1474
72134366	1474
72134529	1474
72134695	1474
72931767	1474
72931970	1474
72932142	1474
72932415	1474
72932606	1474
72932755	1474
72932958	1474
72933128	1474
72933263	1474
72933428	1474
72933593	1474
72933756	1474
72933931	1474
72934094	1474
72934255	1474
72934420	1474
72934581	1474
72934740	1474
73731385	1474
73731547	1474
73731724	1474
73731897	1474
73732109	1474
73732351	1474
73732603	1474
73732795	1474
73732963	1474
73733133	1474
73733301	1474
73733464	1474
73733628	1474
73733801	1474
73733967	1474
73734109	1474
73734275	1474
73734442	1474
74531286	1474
74531482	1474
74531653	1474
74531824	1474
74532033	1474
74532311	1474
74532795	1474
74532967	1474
74533133	1474
74533301	1474
74533477	1474
74533642	1474
74533831	1474
74533998	1474
74534144	1474
74534307	1474
74534483	1474
75331287	1474
75331608	1474
75331777	1474
75332114	1474
75332407	1474
75332609	1474
75332776	1474
75332939	1474
75333104	1474
75333282	1474
75333449	1474
75333632	1474
75333800	1474
75333969	1474
75334225	1474
75334445	1474
75334671	1474
76130874	1474
76131232	1474
76131371	1474
76131515	1474
76131644	1474
76131997	1474
76132133	1474
76132358	1474
76132498	1474
76132623	1474
76132752	1474
76132900	1474
76133029	1474
76133154	1474
76133284	1474
76133402	1474
76133525	1474
76133667	1474
76931959	1474
76932146	1474
76932320	1474
76932443	1474
76932539	1474
76932658	1474
76932796	1474
76933046	1474
76933176	1474
76933296	1474
76933419	1474
76933542	1474
76933666	1474
76933804	1474
76933926	1474
76934049	1474
76934173	1474
77730228	1474
77730492	1474
77730621	1474
77730720	1474
77730817	1474
77730938	1474
77731034	1474
77731154	1474
77731278	1474
77731402	1474
77731551	1474
77731648	1474
77731768	1474
77731889	1474
77732008	1474
77732149	1474
78531519	1474
78531707	1474
78531832	1474
78531957	1474
78532081	1474
78532283	1474
78532412	1474
78532535	1474
78532656	1474
78532781	1474
78532905	1474
78533025	1474
78533148	1474
78533286	1474
78533415	1474
78533540	1474
78533664	1474
78533791	1474
79329718	1474
79329952	1474
79330081	1474
79330209	1474
79330331	1474
79330453	1474
79330578	1474
79330701	1474
79330821	1474
79330951	1474
79331078	1474
79331201	1474
79331333	1474
79331456	1474
79331587	1474
79331712	1474
79331840	1474
79331970	1474
80129514	1474
80129761	1474
80129884	1474
80129982	1474
80130107	1474
80130231	1474
80130351	1474
80130475	1474
80130598	1474
80130724	1474
80130845	1474
80130943	1474
80131067	1474
80131191	1474
80131313	1474
80131437	1474
80131558	1474
80928957	1474
80929212	1474
80929344	1474
80929485	1474
80929580	1474
80929703	1474
80929827	1474
80929953	1474
80930077	1474
80930202	1474
80930326	1474
80930592	1474
80930733	1474
80930864	1474
80930986	1474
80931113	1474
80931234	1474
81728812	1474
81728991	1474
81729113	1474
81729277	1474
81729401	1474
81729527	1474
81729649	1474
81729771	1474
81729893	1474
81730015	1474
81730148	1474
81730246	1474
81730368	1474
81730493	1474
81730614	1474
81730739	1474
81730856	1474
81730978	1474
82528538	1474
82528686	1474
82528808	1474
82528936	1474
82529062	1474
82529184	1474
82529307	1474
82529432	1474
82529559	1474
82529684	1474
82529810	1474
82529938	1474
82530066	1474
82530188	1474
82530315	1474
82530437	1474
82530557	1474
83328511	1474
83328868	1474
83328992	1474
83329107	1474
83329228	1474
83329347	1474
83329447	1474
83329677	1474
83329807	1474
83329928	1474
83330048	1474
83330170	1474
83330295	1474
83330418	1474
83330543	1474
83330671	1474
83330771	1474
84127862	1474
84128046	1474
84128167	1474
84128339	1474
84128474	1474
84128571	1474
84128696	1474
84128816	1474
84128932	1474
84129052	1474
84129147	1474
84129244	1474
84129376	1474
84129497	1474
84129616	1474
84129711	1474
84129833	1474
84129955	1474
84927905	1474
84928054	1474
84928217	1474
84928424	1474
84928545	1474
84929573	1474
84929713	1474
84929836	1474
84929960	1474
84930082	1474
84930220	1474
84930341	1474
84930463	1474
84930587	1474
84930708	1474
84930829	1474
84930949	1474
85727257	1474
85727406	1474
85727535	1474
85727657	1474
85727788	1474
85727945	1474
85728192	1474
85728324	1474
85728530	1474
85728736	1474
85728873	1474
85728970	1474
85729091	1474
85729212	1474
85729335	1474
85729456	1474
85729578	1474
86527052	1474
86527269	1474
86527398	1474
86527521	1474
86527649	1474
86527772	1474
86527896	1474
86527993	1474
86528142	1474
86528323	1474
86528448	1474
86528570	1474
86528705	1474
86528825	1474
86528950	1474
86529074	1474
86529204	1474
87326791	1474
87327076	1474
87327204	1474
87327299	1474
87327431	1474
87327556	1474
87327787	1474
87327919	1474
87328041	1474
87328185	1474
87328362	1474
87328506	1474
87328630	1474
87328758	1474
87328881	1474
87329000	1474
87329121	1474
87329243	1474
88126699	1474
88126943	1474
88127043	1474
88127174	1474
88127297	1474
88127394	1474
88127518	1474
88127641	1474
88127764	1474
88127886	1474
88128010	1474
88128107	1474
88128464	1474
88128594	1474
88128719	1474
88128814	1474
88128936	1474
88129055	1474
88926179	1474
88926374	1474
88926720	1474
88926842	1474
88926983	1474
88927213	1474
88927344	1474
88927472	1474
88927594	1474
88927721	1474
88927844	1474
88927985	1474
88928084	1474
88928267	1474
88928398	1474
88928521	1474
88928649	1474
89725982	1474
89726172	1474
89726295	1474
89726415	1474
89726538	1474
89726669	1474
89726765	1474
89726884	1474
89727008	1474
89727131	1474
89727254	1474
89727380	1474
89727503	1474
89727635	1474
89727758	1474
89727881	1474
90525485	1474
90525802	1474
90525929	1474
90526052	1474
90526177	1474
90526298	1474
90526431	1474
90526555	1474
90526674	1474
90526790	1474
90526910	1474
90527031	1474
90527152	1474
90527274	1474
90527402	1474
90527526	1474
90527654	1474
91061147	1474
91061287	1474
91061386	1474
91061507	1474
91061606	1474
91061831	1474
91061962	1474
91062088	1474
91062217	1474
91062342	1474
91062475	1474
91062600	1474
91062722	1474
91062844	1474
91062964	1474
91860541	1474
91860669	1474
91860809	1474
91860957	1474
91861215	1474
91861346	1474
91861473	1474
91861599	1474
91861726	1474
91861852	1474
91861993	1474
91862116	1474
91862255	1474
91862378	1474
91862513	1474
91862637	1474
91862764	1474
92659815	1474
92659944	1474
92660294	1474
92660530	1474
92660771	1474
92660901	1474
92661024	1474
92661124	1474
92661248	1474
92661374	1474
92661499	1474
92661630	1474
92661774	1474
92661899	1474
92662043	1474
92662166	1474
92662291	1474
93459531	1474
93459753	1474
93459879	1474
93460000	1474
93460119	1474
93460278	1474
93460407	1474
93460546	1474
93460662	1474
93460903	1474
93461030	1474
93461148	1474
93461266	1474
93461383	1474
93461516	1474
93461634	1474
93461754	1474
94257426	1474
94257629	1474
94257795	1474
94258005	1474
94258238	1474
94258414	1474
94258577	1474
94258743	1474
94258881	1474
94259045	1474
94259244	1474
94259410	1474
94259574	1474
94259738	1474
94259901	1474
94260064	1474
94260216	1474
94260461	1474
95057966	1474
95058142	1474
95058332	1474
95058549	1474
95058771	1474
95059107	1474
95059338	1474
95059552	1474
95059718	1474
95059885	1474
95060061	1474
95060369	1474
95060545	1474
95060711	1474
95060876	1474
95061056	1474
95061225	1474
95858016	1474
95858188	1474
95858360	1474
95858624	1474
95858849	1474
95859283	1474
95859607	1474
95859944	1474
95860119	1474
95860286	1474
95860517	1474
95860697	1474
95860867	1474
95861008	1474
95861174	1474
95861340	1474
95861504	1474
96657931	1474
96658110	1474
96658313	1474
96658579	1474
96658804	1474
96659033	1474
96659207	1474
96659410	1474
96659583	1474
96659747	1474
96659915	1474
96660078	1474
96660245	1474
96660486	1474
96660635	1474
96660776	1474
96660943	1474
97457633	1474
97457777	1474
97457945	1474
97458132	1474
97458358	1474
97458602	1474
97458771	1474
97458966	1474
97459147	1474
97459315	1474
97459486	1474
97459672	1474
97459814	1474
97459980	1474
97460152	1474
97460370	1474
97460546	1474
98256301	1474
98256480	1474
98256649	1474
98256815	1474
98257000	1474
98257167	1474
98257334	1474
98257502	1474
98257674	1474
98257918	1474
98258187	1474
98258381	1474
98258550	1474
98258746	1474
98258928	1474
98259093	1474
98259258	1474
98259423	1474
99056560	1474
99056843	1474
99056975	1474
99057159	1474
99057292	1474
99057449	1474
99057694	1474
99057833	1474
99057986	1474
99058112	1474
99058254	1474
99058379	1474
99058507	1474
99058650	1474
99058786	1474
99058908	1474
99059034	1474
99855307	1474
99855522	1474
99855692	1474
99855893	1474
99856116	1474
99856379	1474
99856563	1474
99856735	1474
99856903	1474
99857072	1474
99857324	1474
99857564	1474
99857769	1474
99857939	1474
99858082	1474
99858245	1474
99858420	1474
99858592	1474
100659216	1474
100659383	1474
100659551	1474
100659810	1474
100660029	1474
100660371	1474
100660541	1474
100660706	1474
100660872	1474
100661036	1474
100661212	1474
100661380	1474
100661545	1474
100661710	1474
100661874	1474
100662038	1474
100662232	1474
100662400	1474
101722331	1474
101722496	1474
101722665	1474
101722866	1474
101723085	1474
101723334	1474
101723499	1474
101723665	1474
101723863	1474
101724052	1474
101724228	1474
101724449	1474
101724626	1474
101724795	1474
101724965	1474
101725131	1474
101725296	1474
101725460	1474
102521100	1474
102521278	1474
102521445	1474
102521617	1474
102521785	1474
102521947	1474
102522113	1474
102522275	1474
102522440	1474
102522631	1474
102522799	1474
102522965	1474
102523128	1474
102523295	1474
102523458	1474
102523639	1474
102523803	1474
102523970	1474
103323435	1474
103323568	1474
103323714	1474
103323837	1474
103323962	1474
103324086	1474
103324450	1474
103324584	1474
103324719	1474
103324842	1474
103324960	1474
103325094	1474
103325191	1474
103325331	1474
103325474	1474
103325597	1474
103325762	1474
103325890	1474
104120233	1474
104120529	1474
104120698	1474
104120907	1474
104121105	1474
104121284	1474
104121446	1474
104121614	1474
104121782	1474
104121965	1474
104122151	1474
104122314	1474
104122481	1474
104122645	1474
104122811	1474
104122975	1474
104123152	1474
104123315	1474
104920155	1474
104920425	1474
104920561	1474
104920716	1474
104920820	1474
104920964	1474
104921090	1474
104921215	1474
104921341	1474
104921467	1474
104921593	1474
104921730	1474
104921861	1474
104921990	1474
104922092	1474
104922193	1474
104922321	1474
104922450	1474
105720107	1474
105720278	1474
105720425	1474
105720569	1474
105720671	1474
105720899	1474
105721033	1474
105721163	1474
105721314	1474
105721442	1474
105721592	1474
105721720	1474
105721822	1474
105721951	1474
105722076	1474
105722205	1474
105722331	1474
105722459	1474
106519545	1474
106519794	1474
106519910	1474
106520040	1474
106520490	1474
106520628	1474
106520761	1474
106520885	1474
106521011	1474
106521136	1474
106521275	1474
106521403	1474
106521543	1474
106521667	1474
106521792	1474
106521915	1474
106522041	1474
106522168	1474
107319539	1474
107319749	1474
107319856	1474
107320001	1474
107320195	1474
107320478	1474
107320615	1474
107320746	1474
107320874	1474
107321015	1474
107321153	1474
107321281	1474
107321409	1474
107321537	1474
107321671	1474
107321797	1474
107321943	1474
107322084	1474
108120729	1474
108120870	1474
108120996	1474
108121121	1474
108121247	1474
108121371	1474
108121494	1474
108121617	1474
108121739	1474
108121897	1474
108122023	1474
108122151	1474
108122277	1474
108122402	1474
108122542	1474
108122665	1474
108122800	1474
108122924	1474
109185842	1474
109185954	1474
109186219	1474
109186365	1474
109186514	1474
109186665	1474
109186900	1474
109187027	1474
109187155	1474
109187281	1474
109187421	1474
109187521	1474
109187642	1474
109187767	1474
109187888	1474
109188013	1474
109188138	1474
109188343	1474
109984919	1474
109985061	1474
109985195	1474
109985294	1474
109985415	1474
109985535	1474
109985630	1474
109985726	1474
109985860	1474
109985979	1474
109986095	1474
109986229	1474
109986348	1474
109986467	1474
109986586	1474
109986706	1474
109986826	1474
110784899	1474
110785042	1474
110785164	1474
110785285	1474
110785407	1474
110785528	1474
110785651	1474
110785771	1474
110785897	1474
110786020	1474
110786141	1474
110786261	1474
110786382	1474
110786501	1474
110786621	1474
110786745	1474
110786867	1474
111317497	1474
111317624	1474
111317738	1474
111317918	1474
111318034	1474
111318227	1474
111318340	1474
111318449	1474
111318557	1474
111318667	1474
111318768	1474
111318876	1474
111318961	1474
111319070	1474
111319178	1474
111319285	1474
111319394	1474
112117611	1474
112117746	1474
112117942	1474
112118083	1474
112118206	1474
112118356	1474
112118563	1474
112118661	1474
112118781	1474
112118900	1474
112119020	1474
112119141	1474
112119260	1474
112119383	1474
112119515	1474
112119634	1474
112119754	1474
113183943	1474
113184042	1474
113184402	1474
113184532	1474
113184750	1474
113184878	1474
113185000	1474
113185172	1474
113185297	1474
113185417	1474
113185513	1474
113185633	1474
113185753	1474
113185872	1474
113185993	1474
113186120	1474
113186241	1474
113186361	1474
113983204	1474
113983308	1474
113983431	1474
113983555	1474
113983677	1474
113983807	1474
113983931	1474
113984054	1474
113984264	1474
113984589	1474
113984693	1474
113984818	1474
113984944	1474
113985065	1474
113985187	1474
113985310	1474
113985430	1474
113985552	1474
114783527	1474
114783691	1474
114783820	1474
114783919	1474
114784046	1474
114784226	1474
114784521	1474
114784664	1474
114784789	1474
114784886	1474
114785013	1474
114785137	1474
114785259	1474
114785381	1474
114785504	1474
114785638	1474
114785761	1474
114785885	1474
115583107	1474
115583296	1474
115583465	1474
115583590	1474
115583722	1474
115583873	1474
115584001	1474
115584159	1474
115584369	1474
115584500	1474
115584626	1474
115584770	1474
115584898	1474
115585039	1474
115585164	1474
115585316	1474
115585459	1474
115585589	1474
116385441	1474
116385570	1474
116385696	1474
116385824	1474
116385954	1474
116386115	1474
116386419	1474
116386551	1474
116386678	1474
116386802	1474
116386942	1474
116387100	1474
116387226	1474
116387353	1474
116387476	1474
116387610	1474
116387734	1474
116387861	1474
117185329	1474
117185454	1474
117185574	1474
117185773	1474
117185919	1474
117186147	1474
117186277	1474
117186401	1474
117186535	1474
117186657	1474
117186776	1474
117186911	1474
117187031	1474
117187150	1474
117187270	1474
117187388	1474
117187509	1474
117187628	1474
117982017	1474
117982202	1474
117982293	1474
117982412	1474
117982533	1474
117982679	1474
117982770	1474
117982889	1474
117983012	1474
117983104	1474
117983223	1474
117983340	1474
117983462	1474
117983551	1474
117983678	1474
117983796	1474
117983917	1474
117984038	1474
118781799	1474
118781992	1474
118782138	1474
118782262	1474
118782378	1474
118782518	1474
118782649	1474
118782749	1474
118782873	1474
118782998	1474
118783140	1474
118783289	1474
118783414	1474
118783574	1474
118783675	1474
118783800	1474
118783929	1474
118784077	1474
119581613	1474
119581803	1474
119581934	1474
119582035	1474
119582175	1474
119582314	1474
119582444	1474
119582570	1474
119582706	1474
119582831	1474
119582976	1474
119583103	1474
119583259	1474
119583383	1474
119583520	1474
119583652	1474
119583745	1474
119583866	1474
120648070	1474
120648307	1474
120648480	1474
120648613	1474
120648893	1474
120649027	1474
120649166	1474
120649318	1474
120649446	1474
120649576	1474
120649719	1474
120649846	1474
120649984	1474
120650111	1474
120650239	1474
120650367	1474
120650497	1474
120650625	1474
121447497	1474
121447654	1474
121447821	1474
121447986	1474
121448154	1474
121448369	1474
121448555	1474
121448722	1474
121448887	1474
121449053	1474
121449216	1474
121449380	1474
121449557	1474
121449699	1474
121449861	1474
121450027	1474
121450188	1474
122247693	1474
122247858	1474
122248023	1474
122248334	1474
122248572	1474
122248807	1474
122248974	1474
122249137	1474
122249307	1474
122249470	1474
122249634	1474
122249797	1474
122249960	1474
122250122	1474
122250293	1474
122250457	1474
122250623	1474
122250786	1474
122780219	1474
122780398	1474
122780590	1474
122780805	1474
122781137	1474
122781384	1474
122781603	1474
122781890	1474
122782056	1474
122782230	1474
122782405	1474
122782568	1474
122782729	1474
122782891	1474
122783052	1474
122783225	1474
122783387	1474
123846840	1474
123847123	1474
123847253	1474
123847397	1474
123847523	1474
123847674	1474
123847807	1474
123847946	1474
123848074	1474
123848231	1474
123848567	1474
123848702	1474
123848857	1474
123848991	1474
123849121	1474
123849237	1474
123849366	1474
124380143	1474
124380366	1474
124380578	1474
124380800	1474
124381081	1474
124381250	1474
124381439	1474
124381775	1474
124381943	1474
124382107	1474
124382271	1474
124382434	1474
124382605	1474
124382769	1474
124382932	1474
124383115	1474
124383280	1474
125179473	1474
125179784	1474
125179953	1474
125180089	1474
125180195	1474
125180565	1474
125180866	1474
125181000	1474
125181146	1474
125181274	1474
125181412	1474
125181544	1474
125181694	1474
125181825	1474
125181954	1474
125182081	1474
125979666	1474
125979788	1474
125979918	1474
125980250	1474
125980387	1474
125980512	1474
125980627	1474
125980752	1474
125980881	1474
125981009	1474
125981136	1474
125981275	1474
125981401	1474
125981525	1474
125981655	1474
125981781	1474
125981908	1474
126781274	1474
126781398	1474
126781519	1474
126781640	1474
126781763	1474
126781900	1474
126782021	1474
126782143	1474
126782267	1474
126782388	1474
126782509	1474
126782630	1474
126782751	1474
126782886	1474
126783009	1474
126783131	1474
126783253	1474
126783376	1474
127578701	1474
127578945	1474
127579070	1474
127579194	1474
127579339	1474
127579463	1474
127579710	1474
127579839	1474
127579962	1474
127580083	1474
127580288	1474
127580457	1474
127580602	1474
127580723	1474
127580845	1474
127580968	1474
127581088	1474
127581183	1474
128378682	1474
128378881	1474
128378978	1474
128379139	1474
128379268	1474
128379494	1474
128379622	1474
128379744	1474
128379865	1474
128379986	1474
128380107	1474
128380304	1474
128380428	1474
128380555	1474
128380675	1474
128380794	1474
128380915	1474
129179031	1474
129179159	1474
129179284	1474
129179563	1474
129179744	1474
129179948	1474
129180059	1474
129180268	1474
129180393	1474
129180514	1474
129180642	1474
129180761	1474
129180882	1474
129181003	1474
129181135	1474
129181255	1474
129181388	1474
129977688	1474
129977848	1474
129977986	1474
129978106	1474
129978226	1474
129978345	1474
129978462	1474
129978581	1474
129978699	1474
129978832	1474
129978952	1474
129979071	1474
129979190	1474
129979310	1474
129979403	1474
129979521	1474
129979641	1474
129979760	1474
131044027	1474
131044152	1474
131044460	1474
131044669	1474
131044797	1474
131044919	1474
131045039	1474
131045163	1474
131045282	1474
131045403	1474
131045538	1474
131045659	1474
131045781	1474
131046022	1474
131046239	1474
131046366	1474
131046502	1474
131046622	1474
131845425	1474
131845547	1474
131845778	1474
131845904	1474
131846026	1474
131846140	1474
131846272	1474
131846391	1474
131846512	1474
131846632	1474
131846751	1474
131846869	1474
131846990	1474
131847108	1474
131847242	1474
131847361	1474
131847456	1474
131847621	1474
132644318	1474
132644451	1474
132644581	1474
132644712	1474
132644861	1474
132645100	1474
132645224	1474
132645349	1474
132645491	1474
132645616	1474
132645719	1474
132645844	1474
132645982	1474
132646109	1474
132646235	1474
132646361	1474
132646508	1474
133176825	1474
133176978	1474
133177098	1474
133177243	1474
133177366	1474
133177590	1474
133177718	1474
133177858	1474
133177986	1474
133178196	1474
133178300	1474
133178426	1474
133178538	1474
133178661	1474
133178791	1474
133178923	1474
133179055	1474
134244115	1474
134244270	1474
134244437	1474
134244572	1474
134244834	1474
134245058	1474
134245197	1474
134245336	1474
134245465	1474
134245594	1474
134245707	1474
134245835	1474
134245935	1474
134246057	1474
134246182	1474
134246313	1474
134246441	1474
135042565	1474
135042703	1474
135042826	1474
135043062	1474
135043294	1474
135043423	1474
135043546	1474
135043666	1474
135043787	1474
135043908	1474
135044029	1474
135044184	1474
135044323	1474
135044446	1474
135044574	1474
135044695	1474
135044816	1474
135044938	1474
135841991	1474
135842193	1474
135842319	1474
135842442	1474
135842565	1474
135842719	1474
135842927	1474
135843054	1474
135843174	1474
135843297	1474
135843419	1474
135843539	1474
135843661	1474
135843781	1474
135843915	1474
135844035	1474
135844178	1474
135844355	1474
136642198	1474
136642329	1474
136642449	1474
136642577	1474
136642692	1474
136642783	1474
136642896	1474
136643009	1474
136643099	1474
136643212	1474
136643325	1474
136643457	1474
136643586	1474
136643709	1474
136643824	1474
136644117	1474
137441540	1474
137441783	1474
137441904	1474
137442028	1474
137442181	1474
137442388	1474
137442509	1474
137442630	1474
137442749	1474
137442862	1474
137442973	1474
137443085	1474
137443197	1474
137443386	1474
137443512	1474
137443636	1474
137443759	1474
137443881	1474
138241158	1474
138241334	1474
138241449	1474
138241563	1474
138241675	1474
138241831	1474
138241954	1474
138242074	1474
138242208	1474
138242328	1474
138242449	1474
138242570	1474
138242726	1474
138242855	1474
138242952	1474
138243074	1474
138243310	1474
138243484	1474
139040858	1474
139041046	1474
139041170	1474
139041295	1474
139041416	1474
139041638	1474
139041767	1474
139041904	1474
139042026	1474
139042148	1474
139042270	1474
139042393	1474
139042514	1474
139042634	1474
139042759	1474
139042892	1474
139043119	1474
139043248	1474
139842939	1474
139843113	1474
139843236	1474
139843359	1474
139843482	1474
139843611	1474
139843817	1474
139843946	1474
139844069	1474
139844311	1474
139844439	1474
139844581	1474
139844706	1474
139844829	1474
139844927	1474
139845048	1474
139845169	1474
140640790	1474
140640970	1474
140641137	1474
140641340	1474
140641562	1474
140641737	1474
140641893	1474
140642037	1474
140642207	1474
140642404	1474
140642574	1474
140642737	1474
140642901	1474
140643087	1474
140643263	1474
140643428	1474
140643559	1474
140643716	1474
141440306	1474
141440574	1474
141440699	1474
141440819	1474
141440942	1474
141441062	1474
141441184	1474
141441317	1474
141441439	1474
141441561	1474
141441681	1474
141441803	1474
141441926	1474
141442048	1474
141442278	1474
141442381	1474
141442503	1474
141442626	1474
142239847	1474
142240041	1474
142240185	1474
142240360	1474
142240488	1474
142240641	1474
142240857	1474
142240979	1474
142241074	1474
142241272	1474
142241398	1474
142241529	1474
142241624	1474
142241744	1474
142241879	1474
142241997	1474
142242115	1474
143039766	1474
143039960	1474
143040136	1474
143040444	1474
143040717	1474
143040903	1474
143041036	1474
143041191	1474
143041351	1474
143041511	1474
143041659	1474
143041819	1474
143041979	1474
143042140	1474
143042301	1474
143042461	1474
143042636	1474
143839297	1474
143839551	1474
143839646	1474
143839763	1474
143839882	1474
143840003	1474
143840131	1474
143840347	1474
143840470	1474
143840592	1474
143840688	1474
143840803	1474
143840923	1474
143841044	1474
143841164	1474
143841289	1474
143841410	1474
143841530	1474
144638809	1474
144639046	1474
144639302	1474
144639433	1474
144639560	1474
144639847	1474
144639979	1474
144640140	1474
144640404	1474
144640552	1474
144640680	1474
144640808	1474
144640933	1474
144641092	1474
144641219	1474
144641345	1474
144641469	1474
145438913	1474
145439162	1474
145439283	1474
145439406	1474
145439524	1474
145439645	1474
145439764	1474
145439900	1474
145440020	1474
145440163	1474
145440330	1474
145440450	1474
145440546	1474
145440667	1474
145440787	1474
145440920	1474
145441041	1474
146238733	1474
146238901	1474
146239025	1474
146239146	1474
146239266	1474
146239388	1474
146239628	1474
146239758	1474
146239881	1474
146240002	1474
146240147	1474
146240314	1474
146240442	1474
146240569	1474
146240692	1474
146240813	1474
146240933	1474
147038649	1474
147039000	1474
147039117	1474
147039240	1474
147039381	1474
147039473	1474
147039570	1474
147039695	1474
147039829	1474
147039939	1474
147040065	1474
147040225	1474
147040371	1474
147040520	1474
147040662	1474
147040789	1474
147040916	1474
147041013	1474
147839729	1474
147839962	1474
147840293	1474
147840423	1474
147840546	1474
147840824	1474
147840957	1474
147841126	1474
147841253	1474
147841380	1474
147841505	1474
147841631	1474
147841758	1474
147841884	1474
147842009	1474
147842149	1474
147842276	1474
148637407	1474
148637634	1474
148637770	1474
148638043	1474
148638193	1474
148638336	1474
148638461	1474
148638609	1474
148638732	1474
148638872	1474
148638997	1474
148639093	1474
148639218	1474
148639342	1474
148639467	1474
148639593	1474
148639720	1474
148639863	1474
149437255	1474
149437492	1474
149437695	1474
149437825	1474
149437954	1474
149438079	1474
149438214	1474
149438340	1474
149438450	1474
149438664	1474
149438809	1474
149438955	1474
149439079	1474
149439198	1474
149439298	1474
149439419	1474
150236926	1474
150237156	1474
150237407	1474
150237551	1474
150237686	1474
150237789	1474
150237940	1474
150238154	1474
150238269	1474
150238396	1474
150238522	1474
150238647	1474
150238773	1474
150238898	1474
150239027	1474
150239152	1474
150239295	1474
150239421	1474
151036384	1474
151036754	1474
151036892	1474
151037113	1474
151037238	1474
151037395	1474
151037664	1474
151037803	1474
151037925	1474
151038064	1474
151038192	1474
151038319	1474
151038464	1474
151038588	1474
151038730	1474
151038855	1474
151039061	1474
151039189	1474
151838057	1474
151838318	1474
151838426	1474
151838553	1474
151838690	1474
151838821	1474
151838950	1474
151839077	1474
151839222	1474
151839349	1474
151839480	1474
151839610	1474
151839752	1474
151839879	1474
151839982	1474
151840099	1474
151840230	1474
151840400	1474
152636681	1474
152636969	1474
152637096	1474
152637222	1474
152637349	1474
152637486	1474
152637632	1474
152637774	1474
152637898	1474
152638015	1474
152638114	1474
152638228	1474
152638330	1474
152638532	1474
152638661	1474
152638787	1474
152638937	1474
152639064	1474
153435562	1474
153435874	1474
153436006	1474
153436172	1474
153436366	1474
153436496	1474
153436622	1474
153436750	1474
153436876	1474
153437001	1474
153437125	1474
153437278	1474
153437406	1474
153437532	1474
153437659	1474
153437787	1474
153437915	1474
154236131	1474
154236410	1474
154236535	1474
154236658	1474
154236785	1474
154236882	1474
154237019	1474
154237143	1474
154237265	1474
154237386	1474
154237506	1474
154237630	1474
154237758	1474
154237881	1474
154238041	1474
154238165	1474
154238293	1474
155035557	1474
155035879	1474
155036046	1474
155036212	1474
155036428	1474
155036598	1474
155036795	1474
155036960	1474
155037126	1474
155037265	1474
155037430	1474
155037593	1474
155037773	1474
155037940	1474
155038125	1474
155038292	1474
155038459	1474
155038624	1474
156101776	1474
156101954	1474
156102122	1474
156102304	1474
156102484	1474
156102651	1474
156102818	1474
156102979	1474
156103146	1474
156103308	1474
156103481	1474
156103646	1474
156103818	1474
156103957	1474
156104124	1474
156104363	1474
156104568	1474
156104731	1474
156901530	1474
156901703	1474
156901869	1474
156902144	1474
156902371	1474
156902600	1474
156902765	1474
156902906	1474
156903081	1474
156903246	1474
156903412	1474
156903579	1474
156903744	1474
156903908	1474
156904063	1474
156904227	1474
156904441	1474
156904615	1474
157700587	1474
157700776	1474
157700921	1474
157701051	1474
157701181	1474
157701332	1474
157701564	1474
157701710	1474
157701845	1474
157701987	1474
157702125	1474
157702274	1474
157702398	1474
157702551	1474
157702653	1474
157702791	1474
157702933	1474
158500796	1474
158501031	1474
158501186	1474
158501315	1474
158501440	1474
158501546	1474
158501834	1474
158501969	1474
158502117	1474
158502246	1474
158502382	1474
158502510	1474
158502729	1474
158502870	1474
158503009	1474
158503136	1474
158503267	1474
159302500	1474
159302630	1474
159302759	1474
159302887	1474
159303015	1474
159303142	1474
159303270	1474
159303411	1474
159303553	1474
159303706	1474
159303833	1474
159303978	1474
159304117	1474
159304295	1474
159304517	1474
159304637	1474
159304764	1474
159304895	1474
160100241	1474
160100657	1474
160100825	1474
160100992	1474
160101176	1474
160101345	1474
160101514	1474
160101678	1474
160101843	1474
160102012	1474
160102192	1474
160102357	1474
160102527	1474
160102693	1474
160102864	1474
160103038	1474
160103210	1474
160103376	1474
160901817	1474
160901962	1474
160902107	1474
160902266	1474
160902421	1474
160902697	1474
160902856	1474
160902989	1474
160903117	1474
160903245	1474
160903386	1474
160903514	1474
160903643	1474
160903777	1474
160903921	1474
160904050	1474
160904214	1474
160904435	1474
161699902	1474
161700122	1474
161700342	1474
161700637	1474
161700862	1474
161701169	1474
161701338	1474
161701517	1474
161701683	1474
161701852	1474
161702016	1474
161702159	1474
161702326	1474
161702470	1474
161702650	1474
161702816	1474
161702984	1474
161703151	1474
162499883	1474
162500052	1474
162500344	1474
162500572	1474
162500788	1474
162500952	1474
162501115	1474
162501285	1474
162501450	1474
162501615	1474
162501779	1474
162501941	1474
162502135	1474
162502312	1474
162502476	1474
162502614	1474
162502777	1474
162502938	1474
163299913	1474
163300175	1474
163300415	1474
163300584	1474
163300749	1474
163300890	1474
163301040	1474
163301206	1474
163301372	1474
163301533	1474
163301699	1474
163301871	1474
163302207	1474
163302446	1474
163302684	1474
163302854	1474
163303026	1474
163303193	1474
164098950	1474
164099102	1474
164099270	1474
164099524	1474
164099751	1474
164099964	1474
164100133	1474
164100370	1474
164100555	1474
164100732	1474
164100894	1474
164101063	1474
164101203	1474
164101368	1474
164101538	1474
164101806	1474
164102029	1474
164102208	1474
165168429	1474
165168612	1474
165168784	1474
165168979	1474
165169206	1474
165169407	1474
165169575	1474
165169742	1474
165169927	1474
165170098	1474
165170263	1474
165170434	1474
165170602	1474
165170772	1474
165170936	1474
165171103	1474
165171267	1474
165171439	1474
165964677	1474
165965007	1474
165965436	1474
165965723	1474
165965896	1474
165966091	1474
165966279	1474
165966443	1474
165966612	1474
165966781	1474
165966945	1474
165967112	1474
165967412	1474
165967579	1474
165967745	1474
165967911	1474
165968207	1474
165968433	1474
166767973	1474
166768218	1474
166768499	1474
166768798	1474
166769029	1474
166769205	1474
166769373	1474
166769539	1474
166769710	1474
166769876	1474
166770056	1474
166770222	1474
166770388	1474
166770554	1474
166770723	1474
166770890	1474
166771147	1474
166771369	1474
167566943	1474
167567108	1474
167567272	1474
167567435	1474
167567599	1474
167567762	1474
167567937	1474
167568100	1474
167568264	1474
167568475	1474
167568664	1474
167568847	1474
167569013	1474
167569177	1474
167569339	1474
167569501	1474
167569663	1474
167569832	1474
168366901	1474
168367063	1474
168367225	1474
168367444	1474
168367674	1474
168367903	1474
168368069	1474
168368231	1474
168368460	1474
168368696	1474
168368888	1474
168369096	1474
168369264	1474
168369427	1474
168369596	1474
168369760	1474
168369922	1474
168370058	1474
169163315	1474
169163575	1474
169163731	1474
169163909	1474
169164045	1474
169164489	1474
169164714	1474
169164840	1474
169165021	1474
169165126	1474
169165260	1474
169165387	1474
169165520	1474
169165660	1474
169165785	1474
169165902	1474
169965048	1474
169965321	1474
169965689	1474
169965817	1474
169965968	1474
169966239	1474
169966371	1474
169966502	1474
169966632	1474
169966762	1474
169966865	1474
169967001	1474
169967129	1474
169967256	1474
169967392	1474
169967517	1474
169967643	1474
170762704	1474
170762912	1474
170763172	1474
170763304	1474
170763431	1474
170763556	1474
170763682	1474
170763824	1474
170763951	1474
170764081	1474
170764249	1474
170764355	1474
170764502	1474
170764643	1474
170764784	1474
170764922	1474
170765052	1474
170765182	1474
171562678	1474
171562956	1474
171563091	1474
171563235	1474
171563401	1474
171563535	1474
171563829	1474
171563936	1474
171564062	1474
171564209	1474
171564444	1474
171564579	1474
171564706	1474
171564833	1474
171565113	1474
171565244	1474
172362464	1474
172362718	1474
172362851	1474
172362992	1474
172363134	1474
172363259	1474
172363547	1474
172363728	1474
172363837	1474
172363945	1474
172364215	1474
172364400	1474
172364529	1474
172364654	1474
172364772	1474
172364888	1474
172365011	1474
172365166	1474
173162201	1474
173162482	1474
173162625	1474
173162751	1474
173162927	1474
173163038	1474
173163196	1474
173163419	1474
173163543	1474
173163669	1474
173163794	1474
173163938	1474
173164078	1474
173164331	1474
173164466	1474
173164593	1474
173164717	1474
173164897	1474
173961906	1474
173962189	1474
173962330	1474
173962433	1474
173962681	1474
173962818	1474
173962951	1474
173963079	1474
173963206	1474
173963339	1474
173963479	1474
173963620	1474
173963743	1474
173963866	1474
173963997	1474
173964124	1474
173964386	1474
174761439	1474
174761702	1474
174761814	1474
174761941	1474
174762038	1474
174762161	1474
174762284	1474
174762417	1474
174762540	1474
174762662	1474
174762785	1474
174762909	1474
174763040	1474
174763165	1474
174763289	1474
174763432	1474
174763556	1474
174763655	1474
175561171	1474
175561347	1474
175561448	1474
175561598	1474
175561721	1474
175561964	1474
175562124	1474
175562249	1474
175562423	1474
175562550	1474
175562673	1474
175562793	1474
175562916	1474
175563039	1474
175563176	1474
175563299	1474
175563421	1474
176360928	1474
176361288	1474
176361395	1474
176361521	1474
176361738	1474
176361934	1474
176362066	1474
176362266	1474
176362390	1474
176362513	1474
176362635	1474
176362758	1474
176362895	1474
176363018	1474
176363140	1474
176363238	1474
176363361	1474
176363483	1474
177160861	1474
177161065	1474
177161268	1474
177161506	1474
177161747	1474
177161911	1474
177162073	1474
177162234	1474
177162395	1474
177162566	1474
177162730	1474
177162866	1474
177163002	1474
177163163	1474
177163326	1474
177163489	1474
177163666	1474
177961160	1474
177961468	1474
177961607	1474
177961721	1474
177961859	1474
177962055	1474
177962170	1474
177962293	1474
177962423	1474
177962666	1474
177962797	1474
177962913	1474
177963025	1474
177963153	1474
177963274	1474
177963402	1474
177963515	1474
178759703	1474
178759935	1474
178760218	1474
178760656	1474
178760795	1474
178761068	1474
178761248	1474
178761532	1474
178761711	1474
178761844	1474
178761990	1474
178762137	1474
178762245	1474
178762383	1474
178762484	1474
178762602	1474
178762727	1474
179559628	1474
179560047	1474
179560214	1474
179560455	1474
179560681	1474
179560861	1474
179561034	1474
179561198	1474
179561363	1474
179561531	1474
179561695	1474
179561868	1474
179562033	1474
179562198	1474
179562363	1474
179562528	1474
179562669	1474
179562840	1474
180359622	1474
180359963	1474
180360498	1474
180360651	1474
180360780	1474
180360922	1474
180361064	1474
180361191	1474
180361294	1474
180361419	1474
180361573	1474
180361700	1474
180361826	1474
180361959	1474
180362081	1474
180362208	1474
180362351	1474
180362477	1474
181159490	1474
181159982	1474
181160337	1474
181160478	1474
181160777	1474
181160908	1474
181161037	1474
181161178	1474
181161310	1474
181161432	1474
181161556	1474
181161682	1474
181161807	1474
181161930	1474
181162033	1474
181162157	1474
181162289	1474
181162418	1474
181958781	1474
181959034	1474
181959231	1474
181959499	1474
181959727	1474
181959913	1474
181960096	1474
181960326	1474
181960506	1474
181960650	1474
181960822	1474
181960966	1474
181961157	1474
181961329	1474
181961501	1474
181961646	1474
181961818	1474
181961990	1474
182758604	1474
182759063	1474
182759289	1474
182759567	1474
182759788	1474
182760073	1474
182760294	1474
182760466	1474
182760632	1474
182760782	1474
182760963	1474
182761126	1474
182761289	1474
182761450	1474
182761590	1474
182761751	1474
182761947	1474
182762113	1474
183828599	1474
183828767	1474
183828956	1474
183829178	1474
183829442	1474
183829609	1474
183829772	1474
183829934	1474
183830101	1474
183830265	1474
183830415	1474
183830578	1474
183830743	1474
183830903	1474
183831066	1474
183831227	1474
183831393	1474
183831568	1474
184627572	1474
184627745	1474
184627907	1474
184628071	1474
184628241	1474
184628452	1474
184628629	1474
184628794	1474
184628962	1474
184629130	1474
184629278	1474
184629444	1474
184629610	1474
184629772	1474
184629936	1474
184630099	1474
184630279	1474
184630441	1474
185426014	1474
185426223	1474
185426350	1474
185426686	1474
185426803	1474
185426945	1474
185427089	1474
185427212	1474
185427337	1474
185427471	1474
185427597	1474
185427724	1474
185427872	1474
185428010	1474
185428157	1474
185428337	1474
185428500	1474
185428628	1474
186223859	1474
186224093	1474
186224242	1474
186224400	1474
186224615	1474
186224760	1474
186224904	1474
186225031	1474
186225160	1474
186225295	1474
186225424	1474
186225556	1474
186225693	1474
186225833	1474
186225959	1474
186226106	1474
186226231	1474
187023811	1474
187023998	1474
187024148	1474
187024316	1474
187024499	1474
187024643	1474
187024765	1474
187024888	1474
187025014	1474
187025135	1474
187025258	1474
187025390	1474
187025515	1474
187025639	1474
187025764	1474
187025887	1474
187026010	1474
187026133	1474
187824572	1474
187824720	1474
187824848	1474
187824982	1474
187825128	1474
187825321	1474
187825575	1474
187825750	1474
187825881	1474
187826050	1474
187826192	1474
187826339	1474
187826467	1474
187826599	1474
187826748	1474
187826877	1474
187827028	1474
187827163	1474
188622415	1474
188622714	1474
188622856	1474
188623008	1474
188623137	1474
188623257	1474
188623384	1474
188623518	1474
188623642	1474
188623758	1474
188623883	1474
188624026	1474
188624155	1474
188624367	1474
188624517	1474
188624643	1474
188624781	1474
188624915	1474
189423013	1474
189423279	1474
189423382	1474
189423689	1474
189423835	1474
189423967	1474
189424095	1474
189424320	1474
189424468	1474
189424606	1474
189424714	1474
189424853	1474
189425276	1474
189425423	1474
189425558	1474
189425884	1474
189426097	1474
189426322	1474
190222737	1474
190222888	1474
190223021	1474
190223147	1474
190223291	1474
190223448	1474
190223704	1474
190223838	1474
190223937	1474
190224067	1474
190224226	1474
190224524	1474
190224655	1474
190224786	1474
190224929	1474
190225058	1474
190225159	1474
190225263	1474
191022004	1474
191022232	1474
191022386	1474
191022517	1474
191022658	1474
191022783	1474
191022886	1474
191023015	1474
191023162	1474
191023294	1474
191023422	1474
191023570	1474
191023698	1474
191023825	1474
191023953	1474
191024091	1474
191024221	1474
191821938	1474
191822204	1474
191822347	1474
191822474	1474
191822612	1474
191822762	1474
191822905	1474
191823040	1474
191823168	1474
191823320	1474
191823461	1474
191823606	1474
191823763	1474
191824020	1474
191824126	1474
191824450	1474
191824557	1474
191824694	1474
192891482	1474
192891623	1474
192891745	1474
192891868	1474
192891990	1474
192892115	1474
192892299	1474
192892429	1474
192892533	1474
192892655	1474
192892870	1474
192893010	1474
192893134	1474
192893255	1474
192893382	1474
192893514	1474
192893614	1474
192893738	1474
193422064	1474
193422194	1474
193422318	1474
193422430	1474
193422554	1474
193422782	1474
193422912	1474
193423138	1474
193423313	1474
193423546	1474
193423677	1474
193423777	1474
193423900	1474
193424024	1474
193424121	1474
193424288	1474
193424430	1474
194224377	1474
194224512	1474
194224639	1474
194224835	1474
194224992	1474
194225237	1474
194225364	1474
194225489	1474
194225616	1474
194225742	1474
194225867	1474
194225993	1474
194226134	1474
194226262	1474
194226363	1474
194226488	1474
194226612	1474
195289891	1474
195290025	1474
195290151	1474
195290285	1474
195290437	1474
195290680	1474
195290824	1474
195290951	1474
195291078	1474
195291206	1474
195291356	1474
195291456	1474
195291579	1474
195291706	1474
195291839	1474
195291966	1474
195292098	1474
195292334	1474
196088906	1474
196089030	1474
196089158	1474
196089277	1474
196089401	1474
196089539	1474
196089682	1474
196089824	1474
196089949	1474
196090088	1474
196090224	1474
196090350	1474
196090704	1474
196090861	1474
196090989	1474
196091114	1474
196091243	1474
196091381	1474
196890042	1474
196890212	1474
196890395	1474
196890708	1474
196890934	1474
196891129	1474
196891303	1474
196891472	1474
196891635	1474
196891804	1474
196891968	1474
196892137	1474
196892357	1474
196892532	1474
196892697	1474
196892864	1474
196893032	1474
197691977	1474
197692156	1474
197692408	1474
197692648	1474
197692876	1474
197693052	1474
197693218	1474
197693388	1474
197693552	1474
197693813	1474
197694036	1474
197694191	1474
197694416	1474
197694690	1474
197694862	1474
197695009	1474
197695152	1474
198489515	1474
198489646	1474
198489747	1474
198489894	1474
198490032	1474
198490300	1474
198490433	1474
198490562	1474
198490666	1474
198490802	1474
198490973	1474
198491104	1474
198491208	1474
198491337	1474
198491466	1474
198491599	1474
198491726	1474
199019102	1474
199019249	1474
199019392	1474
199019532	1474
199019660	1474
199019803	1474
199019927	1474
199020053	1474
199020193	1474
199020377	1474
199020503	1474
199020642	1474
199020781	1474
199020971	1474
199021081	1474
199021364	1474
199021543	1474
200090602	1474
200090773	1474
200090940	1474
200091191	1474
200091422	1474
200091640	1474
200091805	1474
200091970	1474
200092138	1474
200092436	1474
200092661	1474
200092988	1474
200093247	1474
200093417	1474
200093557	1474
200093721	1474
200093883	1474
200094046	1474
200889254	1474
200889385	1474
200889510	1474
200889636	1474
200889771	1474
200890018	1474
200890172	1474
200890283	1474
200890412	1474
200890542	1474
200890646	1474
200890776	1474
200890906	1474
200891036	1474
200891178	1474
200891309	1474
200891437	1474
201689079	1474
201689216	1474
201689343	1474
201689455	1474
201689599	1474
201689752	1474
201690014	1474
201690147	1474
201690282	1474
201690424	1474
201690551	1474
201690697	1474
201690830	1474
201690959	1474
201691071	1474
201691202	1474
201691304	1474
201691431	1474
202488743	1474
202489017	1474
202489147	1474
202489290	1474
202489610	1474
202489729	1474
202489833	1474
202489946	1474
202490060	1474
202490176	1474
202490291	1474
202490415	1474
202490531	1474
202490644	1474
202490745	1474
202490879	1474
202490989	1474
202491106	1474
203287928	1474
203288052	1474
203288191	1474
203288307	1474
203288462	1474
203288625	1474
203288732	1474
203288853	1474
203288961	1474
203289086	1474
203289216	1474
203289326	1474
203289444	1474
203289555	1474
203289665	1474
203289775	1474
203289887	1474
203290000	1474
204087727	1474
204087842	1474
204087974	1474
204088066	1474
204088247	1474
204088391	1474
204088657	1474
204088790	1474
204088888	1474
204088981	1474
204089092	1474
204089203	1474
204089319	1474
204089431	1474
204089543	1474
204089658	1474
204089768	1474
204089885	1474
204887873	1474
204887970	1474
204888122	1474
204888249	1474
204888396	1474
204888755	1474
204888868	1474
204888980	1474
204889093	1474
204889205	1474
204889317	1474
204889430	1474
204889543	1474
204889668	1474
204889781	1474
204889894	1474
204890007	1474
205687906	1474
205688019	1474
205688131	1474
205688303	1474
205688527	1474
205688656	1474
205688771	1474
205688859	1474
205688969	1474
205689080	1474
205689191	1474
205689301	1474
205689430	1474
205689544	1474
205689665	1474
205689776	1474
205689888	1474
205690002	1474
206489085	1474
206489264	1474
206489433	1474
206489610	1474
206489826	1474
206489999	1474
206490186	1474
206490376	1474
206490521	1474
206490684	1474
206490844	1474
206491005	1474
206491171	1474
206491309	1474
206491444	1474
206491604	1474
206491764	1474
207286060	1474
207286233	1474
207286433	1474
207286654	1474
207286828	1474
207286980	1474
207287148	1474
207287311	1474
207287475	1474
207287640	1474
207287804	1474
207287983	1474
207288148	1474
207288364	1474
207288533	1474
207288699	1474
207288897	1474
208085324	1474
208085490	1474
208085690	1474
208085906	1474
208086127	1474
208086303	1474
208086469	1474
208086643	1474
208086810	1474
208086975	1474
208087139	1474
208087304	1474
208087471	1474
208087643	1474
208087810	1474
208087975	1474
208088117	1474
208088331	1474
208883806	1474
208883934	1474
208884059	1474
208884215	1474
208884454	1474
208884585	1474
208884709	1474
208884833	1474
208884956	1474
208885078	1474
208885202	1474
208885324	1474
208885456	1474
208885580	1474
208885678	1474
208885802	1474
208885926	1474
208886047	1474
209681808	1474
209682257	1474
209682517	1474
209682737	1474
209682921	1474
209683090	1474
209683292	1474
209683457	1474
209683621	1474
209683764	1474
209683928	1474
209684093	1474
209684328	1474
209684495	1474
209684660	1474
209684825	1474
209684993	1474
210482486	1474
210482728	1474
210482980	1474
210483223	1474
210483448	1474
210483622	1474
210483790	1474
210483962	1474
210484129	1474
210484349	1474
210484519	1474
210484772	1474
210485008	1474
210485184	1474
210485347	1474
210485511	1474
210485651	1474
210485816	1474
211281318	1474
211281590	1474
211281820	1474
211282070	1474
211282288	1474
211282464	1474
211282639	1474
211282804	1474
211282969	1474
211283110	1474
211283272	1474
211283438	1474
211283576	1474
211283753	1474
211283896	1474
211284059	1474
211284225	1474
211284460	1474
212356398	1474
212356575	1474
212356742	1474
212357003	1474
212357234	1474
212357411	1474
212357578	1474
212357740	1474
212357904	1474
212358067	1474
212358223	1474
212358368	1474
212358533	1474
212358697	1474
212358834	1474
212359001	1474
212359164	1474
212359351	1474
213154421	1474
213154604	1474
213155015	1474
213155256	1474
213155426	1474
213155589	1474
213155753	1474
213155920	1474
213156070	1474
213156211	1474
213156413	1474
213156582	1474
213156750	1474
213156888	1474
213157060	1474
213157226	1474
213157389	1474
213157554	1474
213955150	1474
213955339	1474
213955597	1474
213955792	1474
213956038	1474
213956179	1474
213956393	1474
213956554	1474
213956713	1474
213956883	1474
213957039	1474
213957200	1474
213957361	1474
213957521	1474
213957659	1474
213957820	1474
213957997	1474
213958160	1474
214751554	1474
214751734	1474
214751898	1474
214752101	1474
214752368	1474
214752560	1474
214752736	1474
214752901	1474
214753063	1474
214753228	1474
214753390	1474
214753553	1474
214753731	1474
214753982	1474
214754172	1474
214754345	1474
214754770	1474
214754968	1474
215550701	1474
215550845	1474
215550971	1474
215551115	1474
215551361	1474
215551553	1474
215551721	1474
215551868	1474
215552015	1474
215552160	1474
215552368	1474
215552518	1474
215552672	1474
215552794	1474
215552940	1474
215553085	1474
215553242	1474
215553392	1474
216350122	1474
216350287	1474
216350457	1474
216350712	1474
216350929	1474
216351093	1474
216351259	1474
216351424	1474
216351597	1474
216351759	1474
216351899	1474
216352078	1474
216352302	1474
216352469	1474
216352636	1474
216352803	1474
216353072	1474
216353285	1474
217147199	1474
217147310	1474
217147421	1474
217147564	1474
217147700	1474
217147900	1474
217148016	1474
217148170	1474
217148322	1474
217148433	1474
217148539	1474
217148625	1474
217148748	1474
217148855	1474
217148962	1474
217149071	1474
217149178	1474
217948593	1474
217948727	1474
217948865	1474
217948993	1474
217949141	1474
217949267	1474
217949396	1474
217949540	1474
217949667	1474
217949796	1474
217949924	1474
217950042	1474
217950157	1474
217950285	1474
217950388	1474
217950507	1474
217950609	1474
217950734	1474
218748591	1474
218748722	1474
218748845	1474
218748966	1474
218749089	1474
218749221	1474
218749345	1474
218749441	1474
218749564	1474
218749685	1474
218749783	1474
218749904	1474
218750027	1474
218750148	1474
218750284	1474
218750382	1474
218750502	1474
218750622	1474
219547136	1474
219547260	1474
219547381	1474
219547503	1474
219547623	1474
219547746	1474
219547866	1474
219548005	1474
219548147	1474
219548319	1474
219548443	1474
219548563	1474
219548685	1474
219548809	1474
219548907	1474
219549018	1474
219549145	1474
219549269	1474
220612349	1474
220612477	1474
220612605	1474
220612744	1474
220612994	1474
220613124	1474
220613249	1474
220613376	1474
220613502	1474
220613626	1474
220613764	1474
220613889	1474
220614014	1474
220614139	1474
220614263	1474
220614388	1474
220614513	1474
220614636	1474
221411438	1474
221411574	1474
221411698	1474
221411825	1474
221411949	1474
221412207	1474
221412391	1474
221412506	1474
221412631	1474
221412756	1474
221412879	1474
221413003	1474
221413128	1474
221413253	1474
221413352	1474
221413491	1474
221413616	1474
221413739	1474
222211737	1474
222211856	1474
222211969	1474
222212088	1474
222212317	1474
222212442	1474
222212562	1474
222212683	1474
222212804	1474
222212925	1474
222213045	1474
222213159	1474
222213250	1474
222213363	1474
222213474	1474
222213587	1474
222213699	1474
222213787	1474
223013969	1474
223014100	1474
223014230	1474
223014358	1474
223014489	1474
223014589	1474
223014724	1474
223014843	1474
223014970	1474
223015095	1474
223015222	1474
223015364	1474
223015505	1474
223015632	1474
223015759	1474
223015900	1474
223016050	1474
223016178	1474
223813716	1474
223813845	1474
223813969	1474
223814097	1474
223814229	1474
223814384	1474
223814667	1474
223814810	1474
223814935	1474
223815067	1474
223815194	1474
223815323	1474
223815449	1474
223815642	1474
223815768	1474
223815892	1474
223816017	1474
224613720	1474
224613825	1474
224613950	1474
224614041	1474
224614165	1474
224614369	1474
224614499	1474
224614627	1474
224614756	1474
224614883	1474
224615008	1474
224615137	1474
224615264	1474
224615405	1474
224615530	1474
224615644	1474
224615768	1474
224615895	1474
225412530	1474
225412662	1474
225412806	1474
225412914	1474
225413041	1474
225413182	1474
225413311	1474
225413449	1474
225413576	1474
225413703	1474
225413830	1474
225413958	1474
225414106	1474
225414233	1474
225414381	1474
225414508	1474
225414642	1474
225414768	1474
226212044	1474
226212188	1474
226212439	1474
226212746	1474
226212913	1474
226213197	1474
226213306	1474
226213404	1474
226213520	1474
226213632	1474
226213747	1474
226213888	1474
226214016	1474
226214142	1474
226214272	1474
226214401	1474
226214529	1474
226214657	1474
227015566	1474
227015698	1474
227015827	1474
227015952	1474
227016344	1474
227016485	1474
227016773	1474
227016880	1474
227017006	1474
227017135	1474
227017263	1474
227017387	1474
227017511	1474
227017654	1474
227017779	1474
227017903	1474
227018032	1474
227811618	1474
227811788	1474
227811989	1474
227812248	1474
227812534	1474
227812763	1474
227812934	1474
227813099	1474
227813274	1474
227813444	1474
227813609	1474
227813778	1474
227813944	1474
227814113	1474
227814251	1474
227814429	1474
227814595	1474
227814766	1474
228610278	1474
228610406	1474
228610530	1474
228610652	1474
228610776	1474
228610899	1474
228611022	1474
228611158	1474
228611281	1474
228611404	1474
228611528	1474
228611651	1474
228611773	1474
228611897	1474
228611992	1474
228612213	1474
228612346	1474
228612472	1474
229674588	1474
229674841	1474
229674975	1474
229675089	1474
229675245	1474
229675501	1474
229675817	1474
229675954	1474
229676053	1474
229676180	1474
229676464	1474
229676592	1474
229676724	1474
229676866	1474
229677004	1474
229677129	1474
229677267	1474
229677389	1474
230210462	1474
230210680	1474
230210815	1474
230210956	1474
230211086	1474
230211422	1474
230211559	1474
230211689	1474
230211815	1474
230211916	1474
230212042	1474
230212168	1474
230212346	1474
230212481	1474
230212622	1474
230212777	1474
230212881	1474
231273616	1474
231273900	1474
231274220	1474
231274379	1474
231274611	1474
231274750	1474
231274845	1474
231274961	1474
231275083	1474
231275217	1474
231275340	1474
231275465	1474
231275599	1474
231275727	1474
231275867	1474
231275993	1474
231276151	1474
231276382	1474
232073537	1474
232073857	1474
232074011	1474
232074138	1474
232074271	1474
232074555	1474
232074687	1474
232074812	1474
232074948	1474
232075078	1474
232075187	1474
232075311	1474
232075433	1474
232075562	1474
232075713	1474
232075838	1474
232075978	1474
232076106	1474
232873427	1474
232873716	1474
232873860	1474
232873982	1474
232874102	1474
232874227	1474
232874532	1474
232874663	1474
232874840	1474
232874965	1474
232875066	1474
232875194	1474
232875341	1474
232875465	1474
232875590	1474
232875727	1474
232875881	1474
233673064	1474
233673251	1474
233673492	1474
233673639	1474
233673769	1474
233674010	1474
233674143	1474
233674270	1474
233674397	1474
233674539	1474
233674684	1474
233674810	1474
233674945	1474
233675069	1474
233675195	1474
233675321	1474
233675429	1474
234212587	1474
234212758	1474
234212957	1474
234213194	1474
234213441	1474
234213614	1474
234213811	1474
234214069	1474
234214247	1474
234214418	1474
234214585	1474
234214751	1474
234214915	1474
234215078	1474
234215252	1474
234215444	1474
234215610	1474
235011865	1474
235012047	1474
235012218	1474
235012608	1474
235012953	1474
235013248	1474
235013419	1474
235013614	1474
235013785	1474
235013930	1474
235014112	1474
235014282	1474
235014450	1474
235014621	1474
235014788	1474
235014958	1474
235015156	1474
235812266	1474
235812510	1474
235812990	1474
235813218	1474
235813466	1474
235813750	1474
235813921	1474
235814086	1474
235814250	1474
235814414	1474
235814578	1474
235814750	1474
235814943	1474
235815111	1474
235815279	1474
235815454	1474
235815789	1474
236609122	1474
236609253	1474
236609379	1474
236609523	1474
236609748	1474
236609879	1474
236610027	1474
236610154	1474
236610284	1474
236610414	1474
236610535	1474
236610664	1474
236610807	1474
236610934	1474
236611062	1474
236611188	1474
236611321	1474
237675458	1474
237675582	1474
237675701	1474
237675821	1474
237675941	1474
237676060	1474
237676221	1474
237676349	1474
237676470	1474
237676590	1474
237676709	1474
237676829	1474
237676926	1474
237677046	1474
237677149	1474
237677271	1474
237677389	1474
237677508	1474
238474939	1474
238475060	1474
238475176	1474
238475304	1474
238475425	1474
238475572	1474
238475773	1474
238475913	1474
238476033	1474
238476153	1474
238476312	1474
238476435	1474
238476558	1474
238476678	1474
238476797	1474
238476933	1474
238477052	1474
238477171	1474
239273438	1474
239273564	1474
239273702	1474
239273824	1474
239273945	1474
239274067	1474
239274163	1474
239274285	1474
239274407	1474
239274531	1474
239274667	1474
239274789	1474
239274913	1474
239275009	1474
239275132	1474
239275229	1474
239275350	1474
239275471	1474
240073275	1474
240073427	1474
240073556	1474
240073683	1474
240073818	1474
240074068	1474
240074296	1474
240074444	1474
240074570	1474
240074707	1474
240074832	1474
240074936	1474
240075064	1474
240075190	1474
240075316	1474
240075457	1474
240075585	1474
240075713	1474
240873676	1474
240873805	1474
240873936	1474
240874085	1474
240874228	1474
240874516	1474
240874650	1474
240874779	1474
240874906	1474
240875035	1474
240875176	1474
240875303	1474
240875442	1474
240875569	1474
240875696	1474
240875848	1474
240875953	1474
240876084	1474
241670255	1474
241670440	1474
241670646	1474
241670776	1474
241670925	1474
241671224	1474
241671359	1474
241671503	1474
241671641	1474
241671769	1474
241671915	1474
241672045	1474
241672190	1474
241672477	1474
241672605	1474
241672732	1474
241672879	1474
241673009	1474
242471975	1474
242472104	1474
242472308	1474
242472441	1474
242472566	1474
242472706	1474
242472834	1474
242472978	1474
242473102	1474
242473227	1474
242473355	1474
242473495	1474
242473698	1474
242473866	1474
242473990	1474
242474133	1474
242474268	1474
242474369	1474
243272876	1474
243272978	1474
243273102	1474
243273228	1474
243273361	1474
243273515	1474
243273638	1474
243273774	1474
243273916	1474
243274051	1474
243274177	1474
243274298	1474
243274434	1474
243274582	1474
243274707	1474
243274836	1474
243274960	1474
243275103	1474
244072802	1474
244072942	1474
244073066	1474
244073202	1474
244073325	1474
244073448	1474
244073572	1474
244073679	1474
244073792	1474
244073914	1474
244074036	1474
244074174	1474
244074298	1474
244074422	1474
244074547	1474
244074692	1474
244074817	1474
244074941	1474
245135328	1474
245135593	1474
245136217	1474
245136463	1474
245136643	1474
245136830	1474
245136995	1474
245137160	1474
245137325	1474
245137491	1474
245137655	1474
245137809	1474
245137949	1474
245138138	1474
245138307	1474
245138472	1474
245138612	1474
245138792	1474
245936388	1474
245936634	1474
245937201	1474
245937574	1474
245937707	1474
245937837	1474
245937956	1474
245938076	1474
245938199	1474
245938325	1474
245938451	1474
245938589	1474
245938713	1474
245938842	1474
245938966	1474
245939105	1474
245939233	1474
246471766	1474
246471934	1474
246472099	1474
246472319	1474
246472493	1474
246472656	1474
246472819	1474
246472984	1474
246473147	1474
246473317	1474
246473483	1474
246473668	1474
246473835	1474
246473974	1474
246474139	1474
246474310	1474
246474476	1474
247534247	1474
247534543	1474
247534879	1474
247535123	1474
247535397	1474
247535563	1474
247535727	1474
247535891	1474
247536064	1474
247536230	1474
247536445	1474
247536616	1474
247536780	1474
247536944	1474
247537122	1474
247537284	1474
247537448	1474
247537610	1474
248335005	1474
248335435	1474
248335595	1474
248335790	1474
248335937	1474
248336172	1474
248336338	1474
248336521	1474
248336648	1474
248336794	1474
248336928	1474
248337055	1474
248337200	1474
248337325	1474
248337466	1474
248337614	1474
248337746	1474
249137248	1474
249137414	1474
249137590	1474
249137806	1474
249138041	1474
249138307	1474
249138480	1474
249138643	1474
249138804	1474
249138966	1474
249139128	1474
249139290	1474
249139459	1474
249139623	1474
249139786	1474
249139950	1474
249140113	1474
249140339	1474
249936392	1474
249936526	1474
249936653	1474
249936808	1474
249936915	1474
249937042	1474
249937179	1474
249937307	1474
249937432	1474
249937556	1474
249937702	1474
249937827	1474
249937971	1474
249938097	1474
249938242	1474
249938370	1474
249938498	1474
250735877	1474
250736023	1474
250736173	1474
250736353	1474
250736529	1474
250736634	1474
250736736	1474
250736863	1474
250736968	1474
250737096	1474
250737228	1474
250737360	1474
250737490	1474
250737615	1474
250737759	1474
250737886	1474
250738029	1474
251535245	1474
251535412	1474
251535578	1474
251535857	1474
251536081	1474
251536381	1474
251536551	1474
251536725	1474
251536891	1474
251537059	1474
251537221	1474
251537388	1474
251537550	1474
251537719	1474
251537885	1474
251538087	1474
251538255	1474
252066466	1474
252066619	1474
252066777	1474
252066908	1474
252067040	1474
252067300	1474
252067433	1474
252067648	1474
252067781	1474
252067952	1474
252068078	1474
252068204	1474
252068563	1474
252068683	1474
252068809	1474
252068936	1474
252069062	1474
253134666	1474
253134792	1474
253134936	1474
253135078	1474
253135207	1474
253135349	1474
253135476	1474
253135615	1474
253135742	1474
253135870	1474
253135998	1474
253136132	1474
253136320	1474
253136462	1474
253136589	1474
253136717	1474
253136858	1474
253136989	1474
253932646	1474
253933111	1474
253933399	1474
253933534	1474
253933820	1474
253933951	1474
253934067	1474
253934193	1474
253934329	1474
253934475	1474
253934602	1474
253934739	1474
253934868	1474
253935029	1474
253935159	1474
253935283	1474
253935406	1474
253935540	1474
254466019	1474
254466152	1474
254466277	1474
254466486	1474
254466627	1474
254466966	1474
254467098	1474
254467235	1474
254467458	1474
254467596	1474
254467770	1474
254467915	1474
254468043	1474
254468168	1474
254468342	1474
254468483	1474
254468631	1474
255265406	1474
255265547	1474
255265674	1474
255265800	1474
255265927	1474
255266051	1474
255266177	1474
255266321	1474
255266446	1474
255266579	1474
255266721	1474
255266845	1474
255266973	1474
255267099	1474
255267227	1474
255267352	1474
256333709	1474
256333840	1474
256333968	1474
256334097	1474
256334251	1474
256334380	1474
256334504	1474
256334643	1474
256334770	1474
256334895	1474
256335021	1474
256335149	1474
256335290	1474
256335418	1474
256335542	1474
256335666	1474
256335792	1474
256335906	1474
256864737	1474
256864931	1474
256865102	1474
256865333	1474
256865557	1474
256865803	1474
256865992	1474
256866160	1474
256866323	1474
256866491	1474
256866654	1474
256866817	1474
256866967	1474
256867129	1474
256867295	1474
256867462	1474
256867623	1474
257933173	1474
257933294	1474
257933414	1474
257933534	1474
257933654	1474
257933888	1474
257934014	1474
257934135	1474
257934255	1474
257934376	1474
257934494	1474
257934613	1474
257934714	1474
257934810	1474
257934928	1474
257935048	1474
257935166	1474
257935286	1474
258733225	1474
258733402	1474
258733563	1474
258733812	1474
258734025	1474
258734197	1474
258734369	1474
258734531	1474
258734712	1474
258734879	1474
258735041	1474
258735202	1474
258735371	1474
258735533	1474
258735695	1474
258735832	1474
258735991	1474
258736152	1474
259532650	1474
259532778	1474
259532905	1474
259533034	1474
259533165	1474
259533408	1474
259533544	1474
259533673	1474
259533800	1474
259533928	1474
259534028	1474
259534158	1474
259534271	1474
259534375	1474
259534501	1474
259534631	1474
259534759	1474
259534888	1474
260334602	1474
260334736	1474
260334865	1474
260335015	1474
260335173	1474
260335414	1474
260335545	1474
260335672	1474
260335811	1474
260335935	1474
260336079	1474
260336209	1474
260336419	1474
260336548	1474
260336681	1474
260336808	1474
260336948	1474
260337091	1474
261131840	1474
261131966	1474
261132108	1474
261132352	1474
261132587	1474
261132717	1474
261132854	1474
261132978	1474
261133104	1474
261133229	1474
261133328	1474
261133449	1474
261133570	1474
261133693	1474
261133832	1474
261133954	1474
261134077	1474
261134199	1474
261931368	1474
261931501	1474
261931626	1474
261931756	1474
261931883	1474
261932080	1474
261932242	1474
261932374	1474
261932518	1474
261932643	1474
261932775	1474
261932898	1474
261932996	1474
261933119	1474
261933245	1474
261933369	1474
261933501	1474
261933626	1474
262731862	1474
262731988	1474
262732111	1474
262732466	1474
262732598	1474
262732725	1474
262732849	1474
262732983	1474
262733107	1474
262733236	1474
262733362	1474
262733484	1474
262733607	1474
262733729	1474
262733852	1474
262733974	1474
262734095	1474
262734190	1474
263528597	1474
263528756	1474
263529009	1474
263529160	1474
263529287	1474
263529522	1474
263529650	1474
263529777	1474
263529898	1474
263530034	1474
263530156	1474
263530276	1474
263530397	1474
263530516	1474
263530637	1474
263530758	1474
263530880	1474
263531012	1474
264601187	1474
264601314	1474
264601443	1474
264601581	1474
264601711	1474
264601907	1474
264602042	1474
264602248	1474
264602392	1474
264602546	1474
264602676	1474
264602815	1474
264602915	1474
264603042	1474
264603169	1474
264603294	1474
264603414	1474
264603565	1474
265397893	1474
265398043	1474
265398198	1474
265398372	1474
265398570	1474
265398831	1474
265398978	1474
265399125	1474
265399284	1474
265399430	1474
265399575	1474
265399722	1474
265399868	1474
265400015	1474
265400169	1474
265400367	1474
265400519	1474
266197752	1474
266197875	1474
266198015	1474
266198236	1474
266198431	1474
266198687	1474
266198840	1474
266199001	1474
266199149	1474
266199296	1474
266199441	1474
266199587	1474
266199732	1474
266199877	1474
266200035	1474
266200181	1474
266200390	1474
266200654	1474
266994104	1474
266994578	1474
266994845	1474
266995077	1474
266995319	1474
266995489	1474
266995656	1474
266995918	1474
266996114	1474
266996403	1474
266996573	1474
266996744	1474
266996892	1474
266997042	1474
266997185	1474
266997332	1474
266997476	1474
266997624	1474
267797071	1474
267797237	1474
267797379	1474
267797558	1474
267797701	1474
267797865	1474
267798033	1474
267798196	1474
267798366	1474
267798545	1474
267798733	1474
267798875	1474
267799042	1474
267799206	1474
267799374	1474
267799569	1474
268596896	1474
268597061	1474
268597234	1474
268597399	1474
268597567	1474
268597732	1474
268597895	1474
268598060	1474
268598233	1474
268598373	1474
268598537	1474
268598713	1474
268598877	1474
268599064	1474
268599241	1474
268599405	1474
268599570	1474
268599736	1474
269393270	1474
269393471	1474
269393637	1474
269393791	1474
269393950	1474
269394128	1474
269394258	1474
269394407	1474
269394529	1474
269394663	1474
269394814	1474
269395052	1474
269395251	1474
269395494	1474
269395643	1474
269395787	1474
269395941	1474
269396086	1474
270195797	1474
270195967	1474
270196103	1474
270196243	1474
270196458	1474
270196632	1474
270196813	1474
270196977	1474
270197138	1474
270197303	1474
270197465	1474
270197657	1474
270197860	1474
270198031	1474
270198193	1474
270198331	1474
270198494	1474
270198655	1474
270996646	1474
270996819	1474
270996985	1474
270997185	1474
270997434	1474
270997663	1474
270997830	1474
270998020	1474
270998192	1474
270998444	1474
270998665	1474
270998906	1474
270999075	1474
270999242	1474
270999414	1474
270999650	1474
270999870	1474
271795350	1474
271795953	1474
271796194	1474
271796511	1474
271796683	1474
271796857	1474
271797043	1474
271797223	1474
271797394	1474
271797564	1474
271797730	1474
271797900	1474
271798067	1474
271798248	1474
271798416	1474
271798584	1474
271798752	1474
271798924	1474
272595220	1474
272595393	1474
272595557	1474
272595767	1474
272595998	1474
272596246	1474
272596460	1474
272596636	1474
272596800	1474
272596975	1474
272597142	1474
272597309	1474
272597474	1474
272597643	1474
272597806	1474
272597983	1474
272598147	1474
273395095	1474
273395261	1474
273395432	1474
273395650	1474
273395876	1474
273396060	1474
273396204	1474
273396422	1474
273396600	1474
273396782	1474
273396948	1474
273397113	1474
273397267	1474
273397433	1474
273397599	1474
273397784	1474
273397947	1474
273398091	1474
274194385	1474
274194568	1474
274194738	1474
274194904	1474
274195070	1474
274195234	1474
274195399	1474
274195575	1474
274195741	1474
274195905	1474
274196071	1474
274196210	1474
274196425	1474
274196617	1474
274196757	1474
274196922	1474
274197089	1474
274197258	1474
274990938	1474
274991179	1474
274991416	1474
274991661	1474
274991915	1474
274992085	1474
274992314	1474
274992491	1474
274992656	1474
274992824	1474
274993034	1474
274993263	1474
274993496	1474
274993687	1474
274993856	1474
274994022	1474
274994188	1474
274994367	1474
275793256	1474
275793392	1474
275793531	1474
275793657	1474
275793800	1474
275794102	1474
275794213	1474
275794362	1474
275794494	1474
275794625	1474
275794773	1474
275794916	1474
275795069	1474
275795197	1474
275795330	1474
275795456	1474
275795584	1474
275795720	1474
276593845	1474
276594013	1474
276594178	1474
276594384	1474
276594604	1474
276594893	1474
276595061	1474
276595227	1474
276595391	1474
276595557	1474
276595708	1474
276595873	1474
276596038	1474
276596222	1474
276596390	1474
276596605	1474
276596789	1474
276596955	1474
277389869	1474
277390742	1474
277391072	1474
277391207	1474
277391361	1474
277391491	1474
277391622	1474
277391754	1474
277391992	1474
277392129	1474
277392427	1474
277392566	1474
277392680	1474
277392806	1474
277392950	1474
277393076	1474
277393223	1474
278458840	1474
278459124	1474
278459695	1474
278460060	1474
278460196	1474
278460380	1474
278460509	1474
278460637	1474
278460770	1474
278460918	1474
278461059	1474
278461203	1474
278461354	1474
278461480	1474
278461627	1474
278461757	1474
278461902	1474
278462038	1474
279256221	1474
279256498	1474
279256624	1474
279256758	1474
279256888	1474
279257135	1474
279257266	1474
279257367	1474
279257489	1474
279257615	1474
279257711	1474
279257979	1474
279258121	1474
279258251	1474
279258373	1474
279258499	1474
279258628	1474
279258763	1474
280055872	1474
280056191	1474
280056361	1474
280056495	1474
280056624	1474
280056852	1474
280056984	1474
280057113	1474
280057236	1474
280057359	1474
280057481	1474
280057615	1474
280057733	1474
280057854	1474
280057980	1474
280058077	1474
280058199	1474
280058320	1474
280856051	1474
280856245	1474
280856495	1474
280856709	1474
280856868	1474
280857067	1474
280857200	1474
280857339	1474
280857463	1474
280857589	1474
280857713	1474
280857839	1474
280857941	1474
280858065	1474
280858196	1474
280858337	1474
280858464	1474
280858600	1474
281655461	1474
281655698	1474
281655826	1474
281655949	1474
281656087	1474
281656297	1474
281656426	1474
281656547	1474
281656672	1474
281656798	1474
281656923	1474
281657063	1474
281657187	1474
281657312	1474
281657437	1474
281657561	1474
281657658	1474
281657751	1474
282455002	1474
282455153	1474
282455658	1474
282455900	1474
282456031	1474
282456156	1474
282456341	1474
282456469	1474
282456596	1474
282456734	1474
282456869	1474
282456993	1474
282457113	1474
282457237	1474
282457358	1474
282457481	1474
282457605	1474
282457743	1474
283254641	1474
283254814	1474
283255300	1474
283255534	1474
283255664	1474
283255792	1474
283255915	1474
283256040	1474
283256182	1474
283256353	1474
283256489	1474
283256589	1474
283256712	1474
283256833	1474
283256960	1474
283257081	1474
283257204	1474
283257326	1474
284056391	1474
284056513	1474
284056636	1474
284056757	1474
284056877	1474
284056997	1474
284057116	1474
284057219	1474
284057343	1474
284057464	1474
284057587	1474
284057708	1474
284057830	1474
284057952	1474
284058074	1474
284058205	1474
284058329	1474
284058452	1474
285120341	1474
285120456	1474
285120579	1474
285120700	1474
285120824	1474
285120954	1474
285121076	1474
285121198	1474
285121318	1474
285121438	1474
285121561	1474
285121684	1474
285121807	1474
285121949	1474
285122070	1474
285122198	1474
285122319	1474
285122442	1474
285920500	1474
285920709	1474
285920839	1474
285920969	1474
285921070	1474
285921169	1474
285921402	1474
285921534	1474
285921770	1474
285921895	1474
285922018	1474
285922143	1474
285922271	1474
285922395	1474
285922521	1474
285922657	1474
285922782	1474
285922906	1474
286720333	1474
286720470	1474
286720600	1474
286720727	1474
286720855	1474
286721087	1474
286721192	1474
286721291	1474
286721433	1474
286721560	1474
286721686	1474
286721817	1474
286721940	1474
286722067	1474
286722190	1474
286722318	1474
286722459	1474
286722557	1474
287519696	1474
287519836	1474
287519962	1474
287520093	1474
287520283	1474
287520409	1474
287520530	1474
287520626	1474
287520746	1474
287520867	1474
287520989	1474
287521123	1474
287521245	1474
287521367	1474
287521489	1474
287521611	1474
287521734	1474
288055342	1474
288055464	1474
288055585	1474
288055706	1474
288055829	1474
288055966	1474
288056088	1474
288056299	1474
288056426	1474
288056553	1474
288056673	1474
288056795	1474
288056925	1474
288057047	1474
288057171	1474
288057293	1474
289119954	1474
289120096	1474
289120247	1474
289120405	1474
289120526	1474
289120651	1474
289120782	1474
289120907	1474
289121029	1474
289121150	1474
289121270	1474
289121399	1474
289121519	1474
289121640	1474
289121772	1474
289121866	1474
289121984	1474
289122102	1474
289918793	1474
289919045	1474
289919141	1474
289919259	1474
289919376	1474
289919511	1474
289919631	1474
289919753	1474
289919873	1474
289919989	1474
289920128	1474
289920430	1474
289920565	1474
289920687	1474
289920781	1474
289920898	1474
289921019	1474
290454891	1474
290454989	1474
290455108	1474
290455202	1474
290455333	1474
290455452	1474
290455673	1474
290455777	1474
290455899	1474
290456020	1474
290456159	1474
290456344	1474
290456472	1474
290456593	1474
290456711	1474
290456830	1474
290456947	1474
291254679	1474
291254804	1474
291254925	1474
291255062	1474
291255160	1474
291255312	1474
291255508	1474
291255630	1474
291255750	1474
291255869	1474
291255964	1474
291256095	1474
291256283	1474
291256408	1474
291256531	1474
291256653	1474
292054219	1474
292054341	1474
292054462	1474
292054581	1474
292054703	1474
292054949	1474
292055077	1474
292055198	1474
292055321	1474
292055440	1474
292055560	1474
292055678	1474
292055815	1474
292055935	1474
292056056	1474
292853538	1474
292853657	1474
292853778	1474
292853900	1474
292854023	1474
292854142	1474
292854261	1474
292854382	1474
292854509	1474
292854630	1474
292854749	1474
292854867	1474
292854986	1474
292855105	1474
292855224	1474
292855317	1474
292855440	1474
293652578	1474
293652701	1474
293652819	1474
293652938	1474
293653057	1474
293653177	1474
293653311	1474
293653405	1474
293653526	1474
293653647	1474
293653768	1474
293653887	1474
293654008	1474
293654143	1474
293654278	1474
293654398	1474
293654518	1474
294452875	1474
294453009	1474
294453129	1474
294453248	1474
294453376	1474
294453566	1474
294453668	1474
294453763	1474
294453883	1474
294454017	1474
294454141	1474
294454234	1474
294454354	1474
294454474	1474
294454593	1474
294454713	1474
294454833	1474
294454961	1474
295252643	1474
295252783	1474
295252903	1474
295253022	1474
295253141	1474
295253260	1474
295253379	1474
295253497	1474
295253616	1474
295253748	1474
295253868	1474
295253988	1474
295254107	1474
295254225	1474
295254344	1474
295254465	1474
295254559	1474
296052449	1474
296052627	1474
296052794	1474
296053031	1474
296053263	1474
296053458	1474
296053625	1474
296053786	1474
296053945	1474
296054111	1474
296054272	1474
296054448	1474
296054610	1474
296054772	1474
296054936	1474
296055100	1474
296055261	1474
296851455	1474
296851548	1474
296851664	1474
296851782	1474
296851902	1474
296852022	1474
296852140	1474
296852319	1474
296852443	1474
296852567	1474
296852686	1474
296852805	1474
296852900	1474
296853116	1474
296853304	1474
296853517	1474
296853640	1474
296853760	1474
297651991	1474
297652116	1474
297652301	1474
297652402	1474
297652530	1474
297652657	1474
297652779	1474
297652902	1474
297653037	1474
297653161	1474
297653284	1474
297653382	1474
297653505	1474
297653627	1474
297653748	1474
297653870	1474
297654009	1474
297654131	1474
298452065	1474
298452282	1474
298452409	1474
298452511	1474
298452631	1474
298452767	1474
298452887	1474
298453007	1474
298453131	1474
298453251	1474
298453345	1474
298453466	1474
298453585	1474
298453721	1474
298453843	1474
298453967	1474
298454088	1474
298454211	1474
299251180	1474
299251303	1474
299251438	1474
299251561	1474
299251686	1474
299251906	1474
299252036	1474
299252183	1474
299252353	1474
299252495	1474
299252622	1474
299252744	1474
299252866	1474
299252962	1474
299253082	1474
299253204	1474
299253326	1474
299253463	1474
300051539	1474
300051702	1474
300051871	1474
300052033	1474
300052213	1474
300052427	1474
300052596	1474
300052760	1474
300052898	1474
300053060	1474
300053240	1474
300053403	1474
300053567	1474
300053730	1474
300053897	1474
300054059	1474
300054256	1474
300054422	1474
300850477	1474
300850604	1474
300850725	1474
300850846	1474
300850985	1474
300851211	1474
300851342	1474
300851466	1474
300851589	1474
300851712	1474
300851809	1474
300851915	1474
300852040	1474
300852181	1474
300852352	1474
300852477	1474
300852607	1474
300852729	1474
301651284	1474
301651453	1474
301651685	1474
301651906	1474
301652183	1474
301652408	1474
301652578	1474
301652755	1474
301652920	1474
301653085	1474
301653226	1474
301653389	1474
301653552	1474
301653752	1474
301653921	1474
301654088	1474
301654256	1474
302450001	1474
302450156	1474
302450282	1474
302450425	1474
302450587	1474
302450740	1474
302450977	1474
302451104	1474
302451230	1474
302451397	1474
302451526	1474
302451656	1474
302451786	1474
302451924	1474
302452051	1474
302452183	1474
302452311	1474
303513895	1474
303514143	1474
303514314	1474
303514577	1474
303514802	1474
303515099	1474
303515245	1474
303515408	1474
303515573	1474
303515738	1474
303515902	1474
303516082	1474
303516244	1474
303516494	1474
303516669	1474
303516837	1474
303517009	1474
303517197	1474
304316147	1474
304316497	1474
304316689	1474
304316973	1474
304317167	1474
304317389	1474
304317554	1474
304317714	1474
304317890	1474
304318050	1474
304318218	1474
304318382	1474
304318545	1474
304318712	1474
304318885	1474
304319048	1474
304319186	1474
304319351	1474
304852683	1474
304852852	1474
304853047	1474
304853281	1474
304853528	1474
304853733	1474
304853929	1474
304854117	1474
304854260	1474
304854423	1474
304854597	1474
304854758	1474
304854924	1474
304855085	1474
304855251	1474
304855413	1474
304855611	1474
305043429	54
305228903	100
305229095	54
306685988	100
310396425	100
316574139	100
