3531867	58
3533628	54
3691337	1474
3691539	1474
3713197	1474
3713381	1474
3713619	1474
3713943	1474
3727067	1474
3727293	1474
3727731	1474
3728067	1474
3728696	334
3845514	1474
3987378	1474
5017161	1474
5032788	1474
5033334	1474
5070464	1474
5070759	1474
5071362	1474
5100048	1474
5100805	1474
5101171	1474
5101426	1474
5101808	1474
5135804	1474
5135965	1474
5136201	1474
5170826	1474
5171155	1474
5171339	1474
5199859	1474
5200059	1474
5201974	1474
5202532	1474
5234341	1474
5234799	1474
5257328	1474
5257469	1474
5257847	1474
5279681	1474
5279788	1474
5279913	1474
5280036	1474
5307780	1474
5307910	1474
5308032	1474
5308159	1474
5328724	1474
5329077	1474
5329212	1474
5329368	1474
5329805	1474
5350514	1474
5350785	1474
5351011	1474
5351499	1474
5351800	1474
5352518	1474
5364471	1474
5364617	1474
5364742	1474
5364869	1474
5365023	1474
5365175	1474
5374676	1474
5374905	1474
5375263	1474
5375390	1474
5375537	1474
5375677	1474
5375809	1474
5386014	1474
5386252	1474
5386488	1474
5386611	1474
5386755	1474
5387052	1474
5397172	1474
5397521	1474
5397747	1474
5398105	1474
5398232	1474
5398360	1474
5409213	1474
5409350	1474
5409488	1474
5409802	1474
5409929	1474
5412848	1474
5412976	1474
5413124	1474
5423079	1474
5423208	1474
5423333	1474
5423473	1474
5423599	1474
5428623	1474
5428929	1474
5429150	1474
5437240	1474
5437373	1474
5437544	1474
5438121	1474
5443961	1474
5444089	1474
5444284	1474
5444391	1474
5450655	1474
5450884	1474
5451110	1474
5451332	1474
5451521	1474
5452336	1474
5453118	1474
5453556	1474
5453788	1474
5455331	1474
5455480	1474
5455613	1474
5455967	1474
5456192	1474
5456394	1474
5456537	1474
5456678	238
5522766	1474
5522955	1474
5523861	1474
5524299	1474
5524647	166
5587779	1474
5588475	82
5588715	1474
5589079	1474
5589237	1474
5589618	1474
5589744	1474
5589877	1474
5590005	1474
5590909	250
5591202	1474
5591427	1474
5607813	1474
5608633	1474
5609109	1474
5609343	1474
5609734	222
5690383	1474
5690540	1474
5690943	1474
5691171	1474
5691495	1474
5691779	1474
5691913	222
5725428	1474
5725663	1474
5725880	110
5726013	1474
5726163	1474
5726381	1474
5726796	1474
5726974	1474
5727125	1474
5727260	1474
5727408	1474
5727508	1474
5744495	1474
5772858	1474
5773224	1474
5773381	1474
5773669	1474
5773794	446
5809025	1474
5809264	1474
5809391	1474
5809512	1474
5809648	1474
5809773	1474
5809897	1474
5810047	1474
5810170	278
5853728	1474
5854234	1474
5854332	1474
5854438	1474
5854576	1474
5854697	1474
5854819	222
5854953	1474
5855067	1474
5855191	1474
5855310	1474
5855434	1474
5897662	1474
5897940	1474
5898069	1474
5898194	1474
5898297	1474
5898455	1474
5898592	1474
5898885	1474
5899016	1474
5899391	446
5949669	1474
5949811	1474
5949945	1474
5950066	1474
5950169	1474
5950306	1474
5950432	1474
5950567	1474
5950709	1474
5950852	1474
5950978	334
5993356	1474
5993663	1474
5993785	1474
6317766	1474
6318108	1474
6318232	1474
6318373	1474
6318494	1474
6318598	1474
6318846	1474
6318953	1474
6319581	1474
6319732	1474
6319876	1474
6320020	1474
6360094	1474
6360226	1474
6360395	1474
6360523	1474
6360664	1474
6360774	1474
6360900	1474
6361025	1474
6361148	1474
7126522	1474
7126807	1474
7127280	1474
7127500	1474
7127629	1474
7127859	1474
7127980	1474
7128100	1474
7128248	1474
7128386	1474
7128514	1474
7128633	1474
7134041	1474
7169674	1474
7169793	1474
7918462	1474
7918952	1474
7919399	1474
7919774	1474
7920108	1474
7922179	1474
7923381	1474
7925443	1474
7925677	1474
7925888	1474
7926381	1474
7926642	1474
7933047	1474
7963846	1474
7964143	1474
7964369	1474
7964495	1474
7964635	1474
7964734	1474
7964874	1474
7965027	1474
8717727	1474
8717959	1474
8718152	1474
8718584	1474
8718731	1474
8718896	1474
8719161	1474
8719386	1474
8719687	1474
8719974	1474
8720153	1474
8720396	1474
8761186	1474
8761289	1474
8761413	1474
9517903	1474
9518216	1474
9518365	1474
9518489	1474
9518614	1474
9518736	1474
9518877	1474
9519003	1474
9519122	1474
9519257	1474
9519589	1474
9519721	1474
9565266	1474
9565601	1474
9565831	1474
9566209	1474
9566707	1474
9567021	1474
9567475	1474
9568128	1474
9568417	1474
10318082	1474
10318469	1474
10318594	1474
10318717	1474
10318817	1474
10318967	1474
10319325	1474
10319435	1474
10319558	1474
10319680	1474
10319818	1474
10319995	1474
10320123	1474
10851450	1474
10851761	1474
10851900	1474
10852023	1474
10852171	1474
10852341	1474
10852474	1474
10852627	1474
10852751	1474
10852867	1474
10852987	1474
10853116	1474
10853255	1474
10892316	1474
10892450	1474
10892590	1474
11652254	1474
11652592	1474
11652731	1474
11652866	1474
11652999	1474
11653239	1474
11653372	1474
11653495	1474
11653629	1474
11653908	1474
11654027	1474
11654148	1474
11654286	1474
11656384	1474
11695191	1474
11695380	1474
12451628	1474
12451921	1474
12452088	1474
12452240	1474
12452412	1474
12452573	1474
12452803	1474
12452932	1474
12453057	1474
12453367	1474
12453493	1474
12453625	1474
12453758	1474
12455578	1474
12492324	1474
12492611	1474
12492747	1474
13252197	1474
13252439	1474
13252778	1474
13253026	1474
13253218	1474
13253399	1474
13253589	1474
13253783	1474
13253954	1474
13254119	1474
13254281	1474
13254445	1474
13254607	1474
13257759	1474
13292219	1474
13292621	1474
13292754	1474
14052250	1474
14052474	1474
14052612	1474
14052750	1474
14052849	1474
14052976	1474
14053130	1474
14053256	1474
14053397	1474
14053540	1474
14053668	1474
14053816	1474
14053944	1474
14054078	1474
14092600	1474
14092840	1474
14092949	1474
14853433	1474
14853566	1474
14853693	1474
14853841	1474
14853976	1474
14854252	1474
14854360	1474
14854490	1474
14854715	1474
14854844	1474
14854974	1474
14855105	1474
14855246	1474
14855373	1474
14857381	1474
14893241	1474
14893477	1474
14893621	1474
15652891	1474
15653028	1474
15653249	1474
15653395	1474
15653520	1474
15653642	1474
15653766	1474
15653889	1474
15654014	1474
15654136	1474
15654258	1474
15654398	1474
15654523	1474
15654644	1474
15694902	1474
15695015	1474
15695101	1474
15695209	1474
15695318	1474
15695440	1474
15695550	1474
15695659	1474
16454202	1474
16454338	1474
16454463	1474
16454608	1474
16454735	1474
16454932	1474
16455055	1474
16455177	1474
16455300	1474
16455424	1474
16455564	1474
16455686	1474
16455810	1474
16455934	1474
17258968	1474
17259226	1474
17259417	1474
17259706	1474
17260030	1474
17260165	1474
17260448	1474
17260570	1474
17260925	1474
17261110	1474
17261237	1474
17261361	1474
17261504	1474
17261631	1474
17265475	1474
17303293	1474
17303422	1474
18053495	1474
18053637	1474
18053796	1474
18053930	1474
18054056	1474
18054185	1474
18054311	1474
18054446	1474
18054571	1474
18054707	1474
18054865	1474
18054990	1474
18055114	1474
18055240	1474
18093196	1474
18093310	1474
18093437	1474
18093562	1474
18093659	1474
18093800	1474
18093921	1474
18094047	1474
18856330	1474
18856474	1474
18856849	1474
18856994	1474
18857123	1474
18857395	1474
18857527	1474
18857670	1474
18857819	1474
18857952	1474
18858064	1474
18858190	1474
18858322	1474
18858449	1474
18858565	1474
19655037	1474
19655186	1474
19655328	1474
19655474	1474
19655604	1474
19655917	1474
19656153	1474
19656284	1474
19656434	1474
19656684	1474
19656870	1474
19657172	1474
19657401	1474
19657615	1474
19657741	1474
19659875	1474
19700779	1474
20454131	1474
20454383	1474
20454534	1474
20454669	1474
20454879	1474
20455013	1474
20455171	1474
20455442	1474
20455571	1474
20455897	1474
20456029	1474
20456172	1474
20456369	1474
20456495	1474
20456698	1474
20458915	1474
20493541	1474
20493686	1474
21253689	1474
21253793	1474
21253918	1474
21254055	1474
21254190	1474
21254325	1474
21254529	1474
21254793	1474
21254922	1474
21255047	1474
21255174	1474
21255299	1474
21255436	1474
21255580	1474
21255705	1474
21255829	1474
21293309	1474
21293499	1474
22053476	1474
22053633	1474
22053768	1474
22053889	1474
22054031	1474
22054171	1474
22054318	1474
22054578	1474
22054866	1474
22054995	1474
22055121	1474
22055249	1474
22055389	1474
22055521	1474
22055660	1474
22055780	1474
22093460	1474
23119993	1474
23120363	1474
23120615	1474
23120765	1474
23121357	1474
23121630	1474
23121778	1474
23121911	1474
23122035	1474
23122168	1474
23122264	1474
23122386	1474
23122516	1474
23122638	1474
23122777	1474
23166155	1474
23166259	1474
23166385	1474
23919738	1474
23920050	1474
23920507	1474
23921087	1474
23921315	1474
23921489	1474
23921663	1474
23921826	1474
23922002	1474
23922165	1474
23922324	1474
23922487	1474
23922649	1474
23922812	1474
23922986	1474
23925700	1474
23925862	1474
23964561	1474
24720293	1474
24720533	1474
24720702	1474
24720969	1474
24721217	1474
24721761	1474
24721907	1474
24722087	1474
24722249	1474
24722413	1474
24722574	1474
24722737	1474
24722900	1474
24723081	1474
24723242	1474
24723404	1474
24723568	1474
24763927	1474
25520937	1474
25521505	1474
25521694	1474
25521910	1474
25522176	1474
25522340	1474
25522525	1474
25522773	1474
25522935	1474
25523094	1474
25523268	1474
25523403	1474
25523583	1474
25523748	1474
25523884	1474
25524018	1474
25527696	1474
25562192	1474
26320498	1474
26320705	1474
26320904	1474
26321098	1474
26321340	1474
26321732	1474
26321916	1474
26322077	1474
26322214	1474
26322388	1474
26322549	1474
26322711	1474
26322869	1474
26323005	1474
26323165	1474
26323312	1474
26326359	1474
27121065	1474
27121227	1474
27121427	1474
27121647	1474
27121818	1474
27121999	1474
27122188	1474
27122352	1474
27122529	1474
27122689	1474
27122851	1474
27123011	1474
27123171	1474
27123330	1474
27123505	1474
27123667	1474
27126551	1474
27921252	1474
27921416	1474
27921711	1474
27921933	1474
27922209	1474
27922379	1474
27922564	1474
27922780	1474
27922918	1474
27923085	1474
27923219	1474
27923383	1474
27923543	1474
27923722	1474
27923882	1474
27924049	1474
27924210	1474
28721698	1474
28721964	1474
28722187	1474
28722580	1474
28722838	1474
28723007	1474
28723174	1474
28723335	1474
28723475	1474
28723637	1474
28723815	1474
28724001	1474
28724196	1474
28724420	1474
28724590	1474
28724764	1474
28762692	1474
28762892	1474
29522479	1474
29522644	1474
29522808	1474
29523077	1474
29523297	1474
29523759	1474
29523947	1474
29524110	1474
29524322	1474
29524493	1474
29524681	1474
29524949	1474
29525286	1474
29525583	1474
29526075	1474
29526948	1474
29532261	1474
29562740	1474
30322682	1474
30322944	1474
30323286	1474
30323455	1474
30323619	1474
30323786	1474
30323950	1474
30324131	1474
30324269	1474
30324499	1474
30324746	1474
30324923	1474
30325107	1474
30325274	1474
30325436	1474
30325603	1474
30325768	1474
30363218	1474
31124005	1474
31124156	1474
31124406	1474
31124622	1474
31124847	1474
31125137	1474
31125418	1474
31125902	1474
31126073	1474
31126225	1474
31126420	1474
31126642	1474
31126861	1474
31127024	1474
31127196	1474
31127367	1474
31127509	1474
31130659	1474
31921623	1474
31921796	1474
31921962	1474
31922104	1474
31922368	1474
31922591	1474
31922816	1474
31922988	1474
31923178	1474
31923359	1474
31923529	1474
31923693	1474
31923858	1474
31924025	1474
31924200	1474
31924420	1474
31924589	1474
32721525	1474
32721723	1474
32721894	1474
32722080	1474
32722338	1474
32722565	1474
32722753	1474
32722942	1474
32723132	1474
32723306	1474
32723479	1474
32723646	1474
32723810	1474
32723955	1474
32724120	1474
32724338	1474
32724520	1474
32763188	1474
33523657	1474
33523806	1474
33523971	1474
33524176	1474
33524451	1474
33524661	1474
33524830	1474
33525022	1474
33525193	1474
33525361	1474
33525528	1474
33525685	1474
33525850	1474
33526015	1474
33526180	1474
33526346	1474
33526511	1474
33529460	1474
34321590	1474
34321717	1474
34321943	1474
34322075	1474
34322379	1474
34322565	1474
34322692	1474
34322830	1474
34322954	1474
34323081	1474
34323207	1474
34323330	1474
34323428	1474
34323549	1474
34323671	1474
34323775	1474
34323901	1474
35122157	1474
35122282	1474
35122407	1474
35122529	1474
35122655	1474
35122876	1474
35123017	1474
35123117	1474
35123240	1474
35123363	1474
35123486	1474
35123610	1474
35123734	1474
35123854	1474
35123967	1474
35124093	1474
35124249	1474
35163623	1474
35923129	1474
35923385	1474
35923519	1474
35923627	1474
35923758	1474
35923997	1474
35924143	1474
35924343	1474
35924475	1474
35924599	1474
35924724	1474
35924872	1474
35924997	1474
35925159	1474
35925287	1474
35925436	1474
35925562	1474
36723665	1474
36723795	1474
36723919	1474
36724075	1474
36724238	1474
36724464	1474
36724597	1474
36724724	1474
36724857	1474
36724987	1474
36725116	1474
36725246	1474
36725371	1474
36725495	1474
36725620	1474
36725745	1474
36725869	1474
37522873	1474
37522973	1474
37523118	1474
37523237	1474
37523587	1474
37523886	1474
37524020	1474
37524158	1474
37524449	1474
37524579	1474
37524687	1474
37524839	1474
37524967	1474
37525088	1474
37525226	1474
37525349	1474
37525495	1474
37525620	1474
38588686	1474
38588917	1474
38589429	1474
38589692	1474
38589825	1474
38589937	1474
38590057	1474
38590179	1474
38590320	1474
38590440	1474
38590576	1474
38590714	1474
38590836	1474
38590960	1474
38591098	1474
38591221	1474
38591317	1474
38591441	1474
39390882	1474
39390985	1474
39391111	1474
39391237	1474
39391364	1474
39391493	1474
39391629	1474
39391756	1474
39391885	1474
39391985	1474
39392114	1474
39392343	1474
39392485	1474
39392635	1474
39392760	1474
39392888	1474
39393029	1474
39393159	1474
40191859	1474
40191988	1474
40192112	1474
40192294	1474
40192429	1474
40192581	1474
40192706	1474
40192847	1474
40192969	1474
40193068	1474
40193191	1474
40193317	1474
40193520	1474
40193649	1474
40193778	1474
40193927	1474
40194025	1474
40194154	1474
40990114	1474
40990226	1474
40990370	1474
40990494	1474
40990630	1474
40990916	1474
40991096	1474
40991255	1474
40991492	1474
40991619	1474
40991758	1474
40991881	1474
40992004	1474
40992103	1474
40992309	1474
40992448	1474
40992572	1474
40992704	1474
41790424	1474
41790555	1474
41790703	1474
41790916	1474
41791014	1474
41791112	1474
41791236	1474
41791329	1474
41791449	1474
41791573	1474
41791695	1474
41791814	1474
41791944	1474
41792065	1474
41792278	1474
41792402	1474
41792522	1474
41792643	1474
42588254	1474
42588383	1474
42588505	1474
42588632	1474
42588766	1474
42588963	1474
42589090	1474
42589211	1474
42589334	1474
42589456	1474
42589577	1474
42589711	1474
42589832	1474
42589955	1474
42590077	1474
42590173	1474
42590396	1474
42590524	1474
43387553	1474
43387688	1474
43387810	1474
43387934	1474
43388030	1474
43388201	1474
43388460	1474
43388584	1474
43388709	1474
43388833	1474
43388936	1474
43389059	1474
43389182	1474
43389307	1474
43389442	1474
43389567	1474
43389665	1474
43389791	1474
44187123	1474
44187243	1474
44187369	1474
44187492	1474
44187590	1474
44187713	1474
44187837	1474
44187961	1474
44188060	1474
44188285	1474
44188393	1474
44188517	1474
44188650	1474
44188771	1474
44188898	1474
44189021	1474
44189159	1474
44189283	1474
45253726	1474
45253965	1474
45254105	1474
45254232	1474
45254352	1474
45254474	1474
45254594	1474
45254716	1474
45254837	1474
45254934	1474
45255072	1474
45255191	1474
45255312	1474
45255434	1474
45255530	1474
45255651	1474
45255774	1474
45255865	1474
46053011	1474
46053253	1474
46053380	1474
46053502	1474
46053626	1474
46053836	1474
46053931	1474
46054052	1474
46054175	1474
46054296	1474
46054418	1474
46054539	1474
46054661	1474
46054799	1474
46054922	1474
46055045	1474
46055166	1474
46055289	1474
46853272	1474
46853522	1474
46853648	1474
46853772	1474
46853895	1474
46854018	1474
46854142	1474
46854241	1474
46854352	1474
46854472	1474
46854595	1474
46854716	1474
46854840	1474
46854961	1474
46855082	1474
46855204	1474
46855342	1474
46855471	1474
47652151	1474
47652429	1474
47652559	1474
47652678	1474
47652805	1474
47652926	1474
47653124	1474
47653356	1474
47653486	1474
47653749	1474
47653879	1474
47654004	1474
47654139	1474
47654238	1474
47654359	1474
47654485	1474
47654604	1474
48452714	1474
48452976	1474
48453098	1474
48453219	1474
48453339	1474
48453460	1474
48453580	1474
48453702	1474
48453794	1474
48453930	1474
48454055	1474
48454177	1474
48454299	1474
48454421	1474
48454542	1474
48454662	1474
48454782	1474
48454918	1474
49252191	1474
49252382	1474
49252526	1474
49252634	1474
49252774	1474
49253037	1474
49253163	1474
49253246	1474
49253361	1474
49253476	1474
49253607	1474
49253742	1474
49253855	1474
49253972	1474
49254108	1474
49254225	1474
49254387	1474
50051676	1474
50051992	1474
50052112	1474
50052330	1474
50052633	1474
50052753	1474
50052887	1474
50053022	1474
50053348	1474
50053465	1474
50053575	1474
50053689	1474
50053806	1474
50053899	1474
50054013	1474
50054131	1474
50054252	1474
50853301	1474
50853630	1474
50853762	1474
50853906	1474
50854039	1474
50854170	1474
50854307	1474
50854442	1474
50854576	1474
50854720	1474
50854822	1474
50854953	1474
50855100	1474
50855385	1474
50855521	1474
50855655	1474
50855810	1474
51650713	1474
51650885	1474
51651009	1474
51651133	1474
51651249	1474
51651527	1474
51651644	1474
51651792	1474
51651897	1474
51652009	1474
51652120	1474
51652232	1474
51652407	1474
51652521	1474
51652636	1474
51652754	1474
51652870	1474
52450546	1474
52450869	1474
52451012	1474
52451123	1474
52451263	1474
52451417	1474
52451643	1474
52451794	1474
52451896	1474
52452025	1474
52452154	1474
52452320	1474
52452465	1474
52452638	1474
52452739	1474
52452866	1474
52453040	1474
52453167	1474
53251452	1474
53251781	1474
53251934	1474
53252063	1474
53252192	1474
53252381	1474
53252607	1474
53252734	1474
53252884	1474
53253024	1474
53253148	1474
53253288	1474
53253444	1474
53253569	1474
53253671	1474
53253798	1474
53785258	1474
53785386	1474
53785511	1474
53785636	1474
53785758	1474
53785882	1474
53786006	1474
53786138	1474
53786272	1474
53786396	1474
53786519	1474
53786643	1474
53786766	1474
53786891	1474
53787015	1474
53787149	1474
54586819	1474
54587067	1474
54587173	1474
54587404	1474
54587622	1474
54587854	1474
54587985	1474
54588108	1474
54588262	1474
54588406	1474
54588537	1474
54588662	1474
54588785	1474
54588926	1474
54589049	1474
54589147	1474
54589269	1474
54589392	1474
55383620	1474
55383750	1474
55383872	1474
55383993	1474
55384116	1474
55384385	1474
55384580	1474
55384714	1474
55384837	1474
55384963	1474
55385061	1474
55385184	1474
55385311	1474
55385435	1474
55385673	1474
55385805	1474
55385933	1474
56183834	1474
56183958	1474
56184080	1474
56184232	1474
56184535	1474
56184661	1474
56184784	1474
56184910	1474
56185034	1474
56185157	1474
56185279	1474
56185415	1474
56185538	1474
56185635	1474
56185756	1474
56185879	1474
56982615	1474
56982750	1474
56982889	1474
56983013	1474
56983157	1474
56983286	1474
56983413	1474
56983540	1474
56983643	1474
56983771	1474
56983900	1474
56984029	1474
56984167	1474
56984412	1474
56984540	1474
56984671	1474
56984798	1474
57781969	1474
57782203	1474
57782388	1474
57782535	1474
57782682	1474
57782809	1474
57782962	1474
57783086	1474
57783211	1474
57783339	1474
57783465	1474
57783622	1474
57783767	1474
57783929	1474
57784032	1474
57784182	1474
57784406	1474
57784533	1474
58581938	1474
58582171	1474
58582362	1474
58582496	1474
58582728	1474
58582856	1474
58583174	1474
58583309	1474
58583457	1474
58583615	1474
58583745	1474
58583875	1474
58583977	1474
58584106	1474
58584250	1474
58584424	1474
58584726	1474
59381359	1474
59381663	1474
59381804	1474
59381951	1474
59382072	1474
59382218	1474
59382470	1474
59382611	1474
59382728	1474
59382854	1474
59383001	1474
59383146	1474
59383272	1474
59383429	1474
59383555	1474
59383681	1474
59383782	1474
59383912	1474
60182648	1474
60182929	1474
60183028	1474
60183176	1474
60183305	1474
60183438	1474
60183566	1474
60183696	1474
60183825	1474
60183954	1474
60184092	1474
60184300	1474
60184429	1474
60184569	1474
60184705	1474
60184830	1474
60184969	1474
60185079	1474
61248356	1474
61248531	1474
61248751	1474
61249127	1474
61249276	1474
61249468	1474
61249659	1474
61249840	1474
61250012	1474
61250176	1474
61250336	1474
61250501	1474
61250662	1474
61250844	1474
61251006	1474
61251170	1474
61251332	1474
61251496	1474
61780883	1474
61781063	1474
61781156	1474
61781281	1474
61781406	1474
61781495	1474
61781639	1474
61781765	1474
61781905	1474
61782053	1474
61782180	1474
61782329	1474
61782453	1474
61782618	1474
61782762	1474
61782887	1474
61783011	1474
62847609	1474
62847741	1474
62847868	1474
62847998	1474
62848140	1474
62848319	1474
62848452	1474
62848581	1474
62848712	1474
62848840	1474
62848969	1474
62849096	1474
62849238	1474
62849366	1474
62849493	1474
62849626	1474
62849752	1474
62849890	1474
63646661	1474
63647033	1474
63647177	1474
63647325	1474
63647449	1474
63647577	1474
63647703	1474
63647854	1474
63648001	1474
63648131	1474
63648331	1474
63648463	1474
63648602	1474
63648749	1474
63648876	1474
63649035	1474
63649181	1474
63649282	1474
64447789	1474
64447922	1474
64448052	1474
64448179	1474
64448334	1474
64448512	1474
64448653	1474
64448797	1474
64448916	1474
64449045	1474
64449183	1474
64449309	1474
64449434	1474
64449560	1474
64449693	1474
64449821	1474
64449948	1474
65246209	1474
65246613	1474
65246747	1474
65246895	1474
65247023	1474
65247151	1474
65247255	1474
65247382	1474
65247516	1474
65247645	1474
65247764	1474
65247909	1474
65248033	1474
65248161	1474
65248403	1474
65248552	1474
65248692	1474
65248816	1474
66047778	1474
66047943	1474
66048137	1474
66048353	1474
66048524	1474
66048691	1474
66048853	1474
66049019	1474
66049188	1474
66049353	1474
66049516	1474
66049678	1474
66049841	1474
66050009	1474
66050184	1474
66050352	1474
66846279	1474
66846443	1474
66846607	1474
66846769	1474
66846944	1474
66847107	1474
66847274	1474
66847435	1474
66847603	1474
66847763	1474
66847933	1474
66848075	1474
66848237	1474
66848456	1474
66848629	1474
66848796	1474
66848970	1474
66849137	1474
67647582	1474
67647761	1474
67647930	1474
67648093	1474
67648258	1474
67648472	1474
67648641	1474
67648812	1474
67648973	1474
67649113	1474
67649277	1474
67649443	1474
67649607	1474
67649784	1474
67650022	1474
67650252	1474
67650752	1474
68449353	1474
68449598	1474
68449898	1474
68450183	1474
68450418	1474
68450592	1474
68450773	1474
68450938	1474
68451102	1474
68451264	1474
68451412	1474
68451576	1474
68451740	1474
68451905	1474
68452068	1474
68452229	1474
68452460	1474
69245688	1474
69245852	1474
69246014	1474
69246261	1474
69246486	1474
69246751	1474
69246894	1474
69247056	1474
69247238	1474
69247398	1474
69247584	1474
69247747	1474
69247913	1474
69248073	1474
69248253	1474
69248504	1474
69248668	1474
70045470	1474
70045632	1474
70045796	1474
70045971	1474
70046138	1474
70046299	1474
70046467	1474
70046627	1474
70046766	1474
70046936	1474
70047103	1474
70047266	1474
70047406	1474
70047567	1474
70047731	1474
70047904	1474
70048069	1474
70048233	1474
70847562	1474
70847744	1474
70847909	1474
70848070	1474
70848234	1474
70848667	1474
70848981	1474
70849261	1474
70849424	1474
70849629	1474
70849797	1474
70849964	1474
70850125	1474
70850287	1474
70850448	1474
70850610	1474
70850781	1474
70850948	1474
71643952	1474
71644124	1474
71644319	1474
71644569	1474
71644724	1474
71644869	1474
71645017	1474
71645164	1474
71645288	1474
71645441	1474
71645588	1474
71645733	1474
71645880	1474
71646025	1474
71646170	1474
71646315	1474
71646467	1474
71646614	1474
72445316	1474
72445490	1474
72445684	1474
72445906	1474
72446073	1474
72446250	1474
72446410	1474
72446573	1474
72446736	1474
72446899	1474
72447058	1474
72447235	1474
72447395	1474
72447562	1474
72447723	1474
72447887	1474
72448051	1474
72448230	1474
73245772	1474
73245910	1474
73246027	1474
73246145	1474
73246266	1474
73246441	1474
73246570	1474
73246671	1474
73246788	1474
73246928	1474
73247051	1474
73247167	1474
73247287	1474
73247406	1474
73247526	1474
73247646	1474
73247765	1474
73247904	1474
74043826	1474
74043999	1474
74044195	1474
74044441	1474
74044629	1474
74044800	1474
74044964	1474
74045128	1474
74045267	1474
74045434	1474
74045594	1474
74045770	1474
74045932	1474
74046097	1474
74046262	1474
74046428	1474
74046592	1474
74046791	1474
74843393	1474
74843561	1474
74843726	1474
74843919	1474
74844139	1474
74844481	1474
74844651	1474
74844816	1474
74844979	1474
74845145	1474
74845306	1474
74845482	1474
74845644	1474
74845820	1474
74845982	1474
74846146	1474
74846310	1474
75643536	1474
75643704	1474
75643913	1474
75644161	1474
75644506	1474
75644677	1474
75644842	1474
75645003	1474
75645151	1474
75645287	1474
75645451	1474
75645611	1474
75645776	1474
75645939	1474
75646088	1474
75646292	1474
75646456	1474
75646621	1474
76443158	1474
76443349	1474
76443515	1474
76443680	1474
76443843	1474
76444014	1474
76444178	1474
76444403	1474
76444572	1474
76444738	1474
76444903	1474
76445081	1474
76445244	1474
76445410	1474
76445573	1474
76445738	1474
76445904	1474
76446116	1474
77508303	1474
77508546	1474
77508673	1474
77508794	1474
77508922	1474
77509043	1474
77509169	1474
77509290	1474
77509417	1474
77509515	1474
77509651	1474
77509773	1474
77509895	1474
77510015	1474
77510137	1474
77510257	1474
77510380	1474
77510488	1474
78041606	1474
78041722	1474
78041903	1474
78042002	1474
78042125	1474
78042249	1474
78042484	1474
78042613	1474
78042736	1474
78042860	1474
78042983	1474
78043106	1474
78043228	1474
78043359	1474
78043484	1474
78043608	1474
78043730	1474
79110301	1474
79110482	1474
79110605	1474
79110732	1474
79110852	1474
79110976	1474
79111113	1474
79111238	1474
79111334	1474
79111452	1474
79111578	1474
79111701	1474
79111825	1474
79111948	1474
79112089	1474
79112383	1474
79112519	1474
79112831	1474
79908513	1474
79908739	1474
79908849	1474
79908974	1474
79909099	1474
79909223	1474
79909344	1474
79909467	1474
79909590	1474
79909714	1474
79909852	1474
79909976	1474
79910097	1474
79910220	1474
79910342	1474
79910465	1474
79910586	1474
79910710	1474
80707071	1474
80707245	1474
80707368	1474
80707507	1474
80707634	1474
80707758	1474
80707854	1474
80707980	1474
80708104	1474
80708301	1474
80708433	1474
80708571	1474
80708695	1474
80708818	1474
80708942	1474
80709066	1474
80709189	1474
80709313	1474
81507055	1474
81507300	1474
81507425	1474
81507549	1474
81507674	1474
81507798	1474
81507922	1474
81508047	1474
81508194	1474
81508361	1474
81508482	1474
81508604	1474
81508726	1474
81508849	1474
81508970	1474
81509094	1474
81509215	1474
81509353	1474
82306223	1474
82306401	1474
82306526	1474
82306650	1474
82306798	1474
82306927	1474
82307202	1474
82307332	1474
82307454	1474
82307552	1474
82307672	1474
82307796	1474
82307890	1474
82308021	1474
82308157	1474
82308291	1474
82308397	1474
82308527	1474
83107834	1474
83108058	1474
83108283	1474
83108407	1474
83108528	1474
83108651	1474
83108895	1474
83109025	1474
83109149	1474
83109270	1474
83109396	1474
83109517	1474
83109610	1474
83109737	1474
83109861	1474
83109985	1474
83110082	1474
83110204	1474
83906077	1474
83906259	1474
83906384	1474
83906523	1474
83906649	1474
83906772	1474
83907004	1474
83907135	1474
83907256	1474
83907379	1474
83907518	1474
83907640	1474
83907763	1474
83907886	1474
83908010	1474
83908153	1474
83908325	1474
83908461	1474
84706893	1474
84707071	1474
84707204	1474
84707330	1474
84707452	1474
84707573	1474
84707697	1474
84707822	1474
84707920	1474
84708044	1474
84708204	1474
84708362	1474
84708486	1474
84708584	1474
84708713	1474
84708836	1474
84708960	1474
84709083	1474
85505504	1474
85505682	1474
85505813	1474
85505967	1474
85506096	1474
85506306	1474
85506437	1474
85506562	1474
85506684	1474
85506809	1474
85506941	1474
85507067	1474
85507191	1474
85507313	1474
85507434	1474
85507532	1474
85507653	1474
86571385	1474
86571549	1474
86571688	1474
86571811	1474
86571933	1474
86572056	1474
86572250	1474
86572378	1474
86572504	1474
86572634	1474
86572757	1474
86572883	1474
86573008	1474
86573132	1474
86573256	1474
86573379	1474
86573471	1474
86573594	1474
87371410	1474
87371698	1474
87371820	1474
87371943	1474
87372074	1474
87372227	1474
87372423	1474
87372548	1474
87372672	1474
87372765	1474
87372860	1474
87372981	1474
87373103	1474
87373225	1474
87373345	1474
87373484	1474
87373605	1474
87373726	1474
88171668	1474
88171828	1474
88171949	1474
88172067	1474
88172309	1474
88172439	1474
88172562	1474
88172685	1474
88172781	1474
88172903	1474
88173021	1474
88173156	1474
88173282	1474
88173409	1474
88173504	1474
88173626	1474
88173723	1474
88173844	1474
88971492	1474
88971741	1474
88971865	1474
88971999	1474
88972121	1474
88972279	1474
88972411	1474
88972506	1474
88972628	1474
88972749	1474
88972878	1474
88972976	1474
88973100	1474
88973223	1474
88973346	1474
88973469	1474
88973592	1474
88973713	1474
89770346	1474
89770539	1474
89770870	1474
89771094	1474
89771230	1474
89771468	1474
89771598	1474
89771822	1474
89771949	1474
89772105	1474
89772228	1474
89772383	1474
89772506	1474
89772699	1474
89772826	1474
89772949	1474
89773072	1474
89773196	1474
90303514	1474
90303791	1474
90303914	1474
90304038	1474
90304162	1474
90304339	1474
90304575	1474
90304679	1474
90304804	1474
90304929	1474
90305051	1474
90305174	1474
90305297	1474
90305418	1474
90305555	1474
91369709	1474
91370016	1474
91370145	1474
91370266	1474
91370388	1474
91370508	1474
91370628	1474
91370752	1474
91370872	1474
91371003	1474
91371093	1474
91371199	1474
91371320	1474
91371441	1474
91371560	1474
91371680	1474
91371806	1474
92170241	1474
92170703	1474
92170884	1474
92171008	1474
92171154	1474
92171278	1474
92171429	1474
92171864	1474
92171997	1474
92172122	1474
92172366	1474
92172496	1474
92172644	1474
92172908	1474
92173079	1474
92173207	1474
92173352	1474
92173475	1474
92969133	1474
92969354	1474
92969477	1474
92969596	1474
92969728	1474
92969848	1474
92969967	1474
92970085	1474
92970204	1474
92970322	1474
92970446	1474
92970565	1474
92970702	1474
92970823	1474
92970944	1474
92971064	1474
92971183	1474
92971303	1474
93769040	1474
93769265	1474
93769446	1474
93769678	1474
93769900	1474
93770097	1474
93770259	1474
93770411	1474
93770611	1474
93770776	1474
93770938	1474
93771100	1474
93771265	1474
93771466	1474
93771658	1474
93771828	1474
93771992	1474
93772157	1474
94569909	1474
94570145	1474
94570320	1474
94570550	1474
94570795	1474
94571054	1474
94571264	1474
94571462	1474
94571628	1474
94571789	1474
94571953	1474
94572101	1474
94572313	1474
94572485	1474
94572648	1474
94572810	1474
94572976	1474
95368702	1474
95368897	1474
95369069	1474
95369280	1474
95369499	1474
95369810	1474
95369982	1474
95370151	1474
95370316	1474
95370487	1474
95370653	1474
95370830	1474
95371001	1474
95371261	1474
95371485	1474
95371683	1474
95371859	1474
96171307	1474
96171497	1474
96171681	1474
96171947	1474
96172173	1474
96172598	1474
96172841	1474
96173085	1474
96173551	1474
96173751	1474
96173936	1474
96174103	1474
96174246	1474
96174386	1474
96174562	1474
96174729	1474
96175079	1474
96969415	1474
96969585	1474
96969755	1474
96969921	1474
96970088	1474
96970294	1474
96970517	1474
96970742	1474
96970908	1474
96971072	1474
96971238	1474
96971416	1474
96971584	1474
96971746	1474
96971912	1474
96972053	1474
97768708	1474
97768873	1474
97769048	1474
97769247	1474
97769457	1474
97769678	1474
97769961	1474
97770217	1474
97770435	1474
97770675	1474
97770845	1474
97770989	1474
97771169	1474
97771339	1474
97771502	1474
97771646	1474
97771812	1474
97771976	1474
98569187	1474
98569352	1474
98569490	1474
98569655	1474
98569803	1474
98569971	1474
98570137	1474
98570306	1474
98570444	1474
98570589	1474
98570763	1474
98570955	1474
98571122	1474
98571291	1474
98571455	1474
98571626	1474
98571803	1474
99370282	1474
99370458	1474
99370604	1474
99370770	1474
99370945	1474
99371110	1474
99371278	1474
99371417	1474
99371687	1474
99371914	1474
99372133	1474
99372330	1474
99372532	1474
99372788	1474
99372975	1474
99373147	1474
99373315	1474
99373480	1474
100166395	1474
100166719	1474
100166892	1474
100167154	1474
100167384	1474
100167626	1474
100167793	1474
100167957	1474
100168098	1474
100168324	1474
100168519	1474
100168687	1474
100168852	1474
100169017	1474
100169183	1474
100169356	1474
100169521	1474
100966787	1474
100967026	1474
100967206	1474
100967372	1474
100967580	1474
100967802	1474
100968135	1474
100968358	1474
100968532	1474
100968700	1474
100968864	1474
100969041	1474
100969207	1474
100969371	1474
100969561	1474
100969805	1474
100969972	1474
100970151	1474
101765909	1474
101766166	1474
101766334	1474
101766570	1474
101766820	1474
101767015	1474
101767186	1474
101767350	1474
101767491	1474
101767656	1474
101767852	1474
101768020	1474
101768187	1474
101768377	1474
101768553	1474
101768729	1474
101768980	1474
101769161	1474
102567184	1474
102567401	1474
102567580	1474
102567778	1474
102567943	1474
102568130	1474
102568386	1474
102568634	1474
102568811	1474
102568975	1474
102569139	1474
102569307	1474
102569469	1474
102569652	1474
102569818	1474
102569983	1474
102570149	1474
103365241	1474
103365555	1474
103365727	1474
103366027	1474
103366247	1474
103366444	1474
103366606	1474
103366771	1474
103366944	1474
103367110	1474
103367278	1474
103367467	1474
103367631	1474
103367798	1474
103367967	1474
103368174	1474
103368425	1474
103368610	1474
104166458	1474
104166703	1474
104166873	1474
104167044	1474
104167246	1474
104167412	1474
104167620	1474
104167842	1474
104168019	1474
104168188	1474
104168423	1474
104168615	1474
104168781	1474
104168946	1474
104169093	1474
104169268	1474
104169435	1474
104169606	1474
104966294	1474
104966594	1474
104966737	1474
104966885	1474
104967018	1474
104967175	1474
104967428	1474
104967563	1474
104967710	1474
104967839	1474
104967945	1474
104968071	1474
104968178	1474
104968358	1474
104968468	1474
104968619	1474
104968759	1474
104968900	1474
105764415	1474
105764612	1474
105764744	1474
105764871	1474
105764999	1474
105765127	1474
105765251	1474
105765389	1474
105765550	1474
105765674	1474
105765810	1474
105765937	1474
105766063	1474
105766189	1474
105766337	1474
105766469	1474
105766599	1474
105766741	1474
106564273	1474
106564454	1474
106564578	1474
106564708	1474
106564807	1474
106564930	1474
106565047	1474
106565171	1474
106565315	1474
106565442	1474
106565568	1474
106565691	1474
106565822	1474
106565945	1474
106566080	1474
106566227	1474
106566352	1474
106566471	1474
107631124	1474
107631259	1474
107631386	1474
107631510	1474
107631657	1474
107631786	1474
107631936	1474
107632064	1474
107632250	1474
107632386	1474
107632512	1474
107632641	1474
107632764	1474
107632899	1474
107633026	1474
107633152	1474
107633253	1474
107633379	1474
108432244	1474
108432364	1474
108432479	1474
108432603	1474
108432762	1474
108432957	1474
108433113	1474
108433237	1474
108433377	1474
108433510	1474
108433633	1474
108433785	1474
108433908	1474
108434031	1474
108434245	1474
108434375	1474
108434512	1474
108964975	1474
108965282	1474
108965404	1474
108965540	1474
108965659	1474
108965780	1474
108965879	1474
108966026	1474
108966176	1474
108966399	1474
108966538	1474
108966664	1474
108966777	1474
108966902	1474
108967026	1474
108967149	1474
108967273	1474
109763032	1474
109763188	1474
109763326	1474
109763443	1474
109763563	1474
109763759	1474
109763887	1474
109764009	1474
109764104	1474
109764303	1474
109764431	1474
109764551	1474
109764688	1474
109764808	1474
109764926	1474
109765044	1474
109765163	1474
110831298	1474
110831423	1474
110831518	1474
110831640	1474
110831734	1474
110831853	1474
110831984	1474
110832103	1474
110832298	1474
110832420	1474
110832515	1474
110832634	1474
110832753	1474
110832885	1474
110833008	1474
110833099	1474
110833218	1474
110833314	1474
111362463	1474
111362654	1474
111362865	1474
111362984	1474
111363106	1474
111363229	1474
111363455	1474
111363582	1474
111363784	1474
111363904	1474
111364001	1474
111364141	1474
111364307	1474
111364437	1474
111364558	1474
111364680	1474
111364811	1474
112166832	1474
112167010	1474
112167130	1474
112167251	1474
112167369	1474
112167542	1474
112167656	1474
112167749	1474
112167842	1474
112167962	1474
112168056	1474
112168175	1474
112168343	1474
112168472	1474
112168566	1474
112168688	1474
112168807	1474
113229883	1474
113230127	1474
113230239	1474
113230345	1474
113230455	1474
113230562	1474
113230649	1474
113230756	1474
113230864	1474
113230971	1474
113231091	1474
113231199	1474
113231307	1474
113231414	1474
113231522	1474
113231629	1474
113231737	1474
113231848	1474
113761815	1474
113762135	1474
113762260	1474
113762353	1474
113762471	1474
113762592	1474
113762711	1474
113762831	1474
113762968	1474
113763087	1474
113763206	1474
113763327	1474
113763447	1474
113763566	1474
113763686	1474
113763806	1474
113763951	1474
114829496	1474
114829765	1474
114829892	1474
114829990	1474
114830114	1474
114830237	1474
114830362	1474
114830484	1474
114830691	1474
114830819	1474
114830943	1474
114831066	1474
114831191	1474
114831314	1474
114831440	1474
114831570	1474
114831696	1474
114831819	1474
115631541	1474
115631735	1474
115631863	1474
115631989	1474
115632115	1474
115632283	1474
115632430	1474
115632558	1474
115632660	1474
115632785	1474
115632921	1474
115633147	1474
115633283	1474
115633595	1474
115633782	1474
115633918	1474
115634046	1474
116428170	1474
116428498	1474
116428640	1474
116428764	1474
116428889	1474
116429011	1474
116429166	1474
116429289	1474
116429420	1474
116429544	1474
116429666	1474
116429789	1474
116429884	1474
116430007	1474
116430147	1474
116430270	1474
116430391	1474
116430515	1474
117229155	1474
117229356	1474
117229703	1474
117229836	1474
117229959	1474
117230198	1474
117230326	1474
117230457	1474
117230575	1474
117230696	1474
117230822	1474
117230943	1474
117231063	1474
117231182	1474
117231299	1474
117231420	1474
117231543	1474
118029420	1474
118029622	1474
118029741	1474
118029860	1474
118029980	1474
118030096	1474
118030215	1474
118030334	1474
118030452	1474
118030578	1474
118030698	1474
118030815	1474
118030935	1474
118031055	1474
118031174	1474
118031293	1474
118031411	1474
118031531	1474
118826630	1474
118826885	1474
118827016	1474
118827157	1474
118827279	1474
118827403	1474
118827544	1474
118827680	1474
118827812	1474
118827937	1474
118828057	1474
118828182	1474
118828361	1474
118828507	1474
118828670	1474
118828794	1474
118828928	1474
118829059	1474
119626893	1474
119627085	1474
119627239	1474
119627385	1474
119627519	1474
119627646	1474
119627985	1474
119628119	1474
119628382	1474
119628517	1474
119628664	1474
119628789	1474
119628926	1474
119629052	1474
119629166	1474
119629325	1474
119629426	1474
120428431	1474
120428680	1474
120428814	1474
120428982	1474
120429110	1474
120429274	1474
120429401	1474
120429528	1474
120429668	1474
120429793	1474
120429933	1474
120430080	1474
120430206	1474
120430329	1474
120430471	1474
120430593	1474
120430727	1474
120431005	1474
121227194	1474
121227358	1474
121227497	1474
121227624	1474
121227764	1474
121227901	1474
121228308	1474
121228444	1474
121228591	1474
121228734	1474
121228878	1474
121229012	1474
121229154	1474
121229280	1474
121229396	1474
121229521	1474
121229651	1474
121229791	1474
122029105	1474
122029413	1474
122029613	1474
122029981	1474
122030198	1474
122030613	1474
122030861	1474
122031367	1474
122031640	1474
122031810	1474
122031975	1474
122032139	1474
122032359	1474
122032501	1474
122032665	1474
122032828	1474
122032992	1474
122827534	1474
122827762	1474
122827932	1474
122828176	1474
122828449	1474
122828704	1474
122828960	1474
122829277	1474
122829624	1474
122829848	1474
122830335	1474
122830531	1474
122830712	1474
122830875	1474
122831038	1474
122831207	1474
122831376	1474
123625993	1474
123626251	1474
123626445	1474
123626765	1474
123627074	1474
123627321	1474
123627488	1474
123627652	1474
123627842	1474
123628008	1474
123628172	1474
123628387	1474
123628631	1474
123628855	1474
123629132	1474
123629329	1474
123629562	1474
123630039	1474
124426059	1474
124426315	1474
124426487	1474
124426824	1474
124427042	1474
124427258	1474
124427423	1474
124427593	1474
124427756	1474
124427892	1474
124428056	1474
124428356	1474
124428582	1474
124428832	1474
124429004	1474
124429201	1474
124429422	1474
124429758	1474
125223830	1474
125224357	1474
125224504	1474
125224630	1474
125224755	1474
125224883	1474
125224998	1474
125225125	1474
125225252	1474
125225377	1474
125225531	1474
125225657	1474
125225784	1474
125225889	1474
125226012	1474
125226136	1474
125226279	1474
126023446	1474
126023690	1474
126023930	1474
126024072	1474
126024351	1474
126024565	1474
126024712	1474
126024849	1474
126025030	1474
126025166	1474
126025293	1474
126025420	1474
126025544	1474
126025669	1474
126025794	1474
126025916	1474
126026042	1474
126824435	1474
126824741	1474
126824879	1474
126824973	1474
126825094	1474
126825188	1474
126825309	1474
126825405	1474
126825525	1474
126825644	1474
126825765	1474
126825898	1474
126826018	1474
126826136	1474
126826256	1474
126826376	1474
126826496	1474
127626843	1474
127627131	1474
127627257	1474
127627377	1474
127627498	1474
127627641	1474
127627764	1474
127627991	1474
127628142	1474
127628326	1474
127628472	1474
127628672	1474
127628983	1474
127629112	1474
127629333	1474
127629464	1474
127629599	1474
128425637	1474
128425826	1474
128425948	1474
128426070	1474
128426231	1474
128426357	1474
128426586	1474
128426715	1474
128426940	1474
128427183	1474
128427324	1474
128427423	1474
128427544	1474
128427665	1474
128427788	1474
128427983	1474
128428113	1474
129224317	1474
129224505	1474
129224628	1474
129224750	1474
129224889	1474
129225018	1474
129225252	1474
129225382	1474
129225504	1474
129225600	1474
129225784	1474
129225910	1474
129226049	1474
129226171	1474
129226293	1474
129226485	1474
129226613	1474
130022177	1474
130022414	1474
130022548	1474
130022668	1474
130022802	1474
130022922	1474
130023041	1474
130023175	1474
130023293	1474
130023410	1474
130023503	1474
130023621	1474
130023734	1474
130023864	1474
130023983	1474
130024101	1474
130024290	1474
130825681	1474
130825864	1474
130825982	1474
130826103	1474
130826224	1474
130826342	1474
130826461	1474
130826595	1474
130826714	1474
130826832	1474
130826951	1474
130827070	1474
130827190	1474
130827309	1474
130827483	1474
130827727	1474
130827899	1474
130828468	1474
131622670	1474
131622922	1474
131623018	1474
131623111	1474
131623233	1474
131623462	1474
131623591	1474
131623712	1474
131623805	1474
131623899	1474
131624018	1474
131624151	1474
131624404	1474
131624523	1474
131624641	1474
131624763	1474
131624883	1474
131625003	1474
132421286	1474
132421480	1474
132421616	1474
132421707	1474
132421826	1474
132421940	1474
132422217	1474
132422351	1474
132422467	1474
132422609	1474
132422734	1474
132422893	1474
132423028	1474
132423156	1474
132423283	1474
132423418	1474
132423541	1474
133223543	1474
133223743	1474
133223877	1474
133224020	1474
133224148	1474
133224394	1474
133224594	1474
133224874	1474
133225033	1474
133225160	1474
133225298	1474
133225409	1474
133225816	1474
133226117	1474
133226998	1474
133227105	1474
133227814	1474
134021292	1474
134021520	1474
134021652	1474
134021774	1474
134021916	1474
134022136	1474
134022245	1474
134022382	1474
134022511	1474
134022634	1474
134022768	1474
134022892	1474
134023006	1474
134023130	1474
134023233	1474
134023357	1474
134023508	1474
134824480	1474
134824711	1474
134824834	1474
134824955	1474
134825075	1474
134825214	1474
134825335	1474
134825431	1474
134825551	1474
134825670	1474
134825790	1474
134826039	1474
134826223	1474
134826848	1474
134827016	1474
134827149	1474
134827267	1474
134827385	1474
135621061	1474
135621235	1474
135621358	1474
135621500	1474
135621621	1474
135621741	1474
135621862	1474
135621999	1474
135622120	1474
135622240	1474
135622336	1474
135622458	1474
135622580	1474
135622702	1474
135622823	1474
135622960	1474
136422241	1474
136422420	1474
136422548	1474
136422688	1474
136422786	1474
136422906	1474
136423025	1474
136423146	1474
136423270	1474
136423392	1474
136423517	1474
136423649	1474
136423772	1474
136423893	1474
136424040	1474
136424321	1474
136424443	1474
136953559	1474
136953671	1474
136953757	1474
136953864	1474
136953972	1474
136954079	1474
136954189	1474
136954297	1474
136954407	1474
136954524	1474
136954635	1474
136954742	1474
136954850	1474
136954958	1474
136955067	1474
137754341	1474
137754457	1474
137754559	1474
137754673	1474
137754786	1474
137755009	1474
137755139	1474
137755297	1474
137755421	1474
137755541	1474
137755659	1474
137755781	1474
137755899	1474
137756019	1474
137756138	1474
137756273	1474
137756402	1474
138553220	1474
138553346	1474
138553466	1474
138553587	1474
138553707	1474
138553927	1474
138554037	1474
138554159	1474
138554280	1474
138554399	1474
138554518	1474
138554637	1474
138554757	1474
138554876	1474
138555002	1474
138555124	1474
138555245	1474
138555366	1474
139621089	1474
139621415	1474
139621617	1474
139621755	1474
139621878	1474
139622099	1474
139622227	1474
139622349	1474
139622470	1474
139622591	1474
139622726	1474
139622846	1474
139622970	1474
139623089	1474
139623209	1474
139623331	1474
139623452	1474
139623568	1474
140418439	1474
140418736	1474
140418883	1474
140419003	1474
140419156	1474
140419285	1474
140419525	1474
140419657	1474
140419779	1474
140419902	1474
140419997	1474
140420137	1474
140420316	1474
140420457	1474
140420579	1474
140420673	1474
140420796	1474
140420919	1474
141219464	1474
141219733	1474
141219862	1474
141219983	1474
141220173	1474
141220329	1474
141220426	1474
141220547	1474
141220666	1474
141220788	1474
141220909	1474
141221004	1474
141221133	1474
141221254	1474
141221388	1474
141221511	1474
141221607	1474
141221727	1474
142020962	1474
142021318	1474
142021506	1474
142021699	1474
142021927	1474
142022100	1474
142022249	1474
142022392	1474
142022555	1474
142022811	1474
142023042	1474
142023218	1474
142023426	1474
142023615	1474
142023779	1474
142023952	1474
142024124	1474
142024337	1474
142821897	1474
142822138	1474
142822303	1474
142822533	1474
142822784	1474
142822980	1474
142823176	1474
142823390	1474
142823582	1474
142823877	1474
142824059	1474
142824223	1474
142824434	1474
142824613	1474
142824775	1474
142824937	1474
142825099	1474
143618861	1474
143619165	1474
143619307	1474
143619467	1474
143619588	1474
143619716	1474
143619839	1474
143619964	1474
143620089	1474
143620239	1474
143620425	1474
143620553	1474
143620675	1474
143620807	1474
143620948	1474
143621070	1474
143621195	1474
144418158	1474
144418437	1474
144418534	1474
144418655	1474
144418776	1474
144418897	1474
144419021	1474
144419156	1474
144419277	1474
144419398	1474
144419523	1474
144419644	1474
144419767	1474
144419889	1474
144420013	1474
144420146	1474
144420328	1474
145216815	1474
145217122	1474
145217247	1474
145217367	1474
145217488	1474
145217608	1474
145217703	1474
145217822	1474
145217956	1474
145218077	1474
145218196	1474
145218317	1474
145218437	1474
145218557	1474
145218677	1474
145218772	1474
145218870	1474
146016562	1474
146016875	1474
146016997	1474
146017118	1474
146017239	1474
146017360	1474
146017478	1474
146017598	1474
146017732	1474
146017854	1474
146017976	1474
146018099	1474
146018219	1474
146018343	1474
146018464	1474
146018559	1474
146018694	1474
146018815	1474
146816329	1474
146816635	1474
146816755	1474
146816876	1474
146816996	1474
146817116	1474
146817236	1474
146817356	1474
146817488	1474
146817608	1474
146817730	1474
146817852	1474
146817974	1474
146818097	1474
146818218	1474
146818339	1474
146818476	1474
146818596	1474
147618599	1474
147619018	1474
147619172	1474
147619307	1474
147619432	1474
147619559	1474
147619687	1474
147619823	1474
147620098	1474
147620288	1474
147620418	1474
147620563	1474
147620688	1474
147620835	1474
147620935	1474
147621068	1474
147621208	1474
147621349	1474
148417252	1474
148420180	1474
148420427	1474
148420608	1474
148420748	1474
148420917	1474
148421051	1474
148421176	1474
148421322	1474
148421461	1474
148421728	1474
148421939	1474
148422089	1474
148422477	1474
148422616	1474
148422784	1474
148422937	1474
149218177	1474
149218307	1474
149218432	1474
149218557	1474
149218697	1474
149218823	1474
149218963	1474
149219088	1474
149219216	1474
149219542	1474
149219697	1474
149219824	1474
149219951	1474
149220082	1474
149220208	1474
149220377	1474
149220510	1474
149220676	1474
150016164	1474
150016376	1474
150016498	1474
150016639	1474
150016776	1474
150016904	1474
150017026	1474
150017174	1474
150017314	1474
150017439	1474
150017585	1474
150017710	1474
150017843	1474
150017967	1474
150018108	1474
150018232	1474
150018396	1474
150018520	1474
150815386	1474
150815529	1474
150815653	1474
150815796	1474
150815925	1474
150816203	1474
150816368	1474
150816515	1474
150816663	1474
150816786	1474
150816920	1474
150817056	1474
150817185	1474
150817312	1474
150817438	1474
150817564	1474
150817697	1474
150817823	1474
151613980	1474
151614209	1474
151614353	1474
151614670	1474
151614821	1474
151615152	1474
151615285	1474
151615423	1474
151615569	1474
151615695	1474
151615838	1474
151615968	1474
151616093	1474
151616248	1474
151616416	1474
151616547	1474
151616692	1474
152414634	1474
152414752	1474
152414877	1474
152415008	1474
152415133	1474
152415262	1474
152415362	1474
152415487	1474
152415639	1474
152415768	1474
152415872	1474
152415999	1474
152416127	1474
152416281	1474
152416406	1474
152416615	1474
152416737	1474
153214416	1474
153214730	1474
153214861	1474
153215022	1474
153215149	1474
153215292	1474
153215420	1474
153215545	1474
153215688	1474
153215813	1474
153215938	1474
153216065	1474
153216198	1474
153216383	1474
153216499	1474
153216628	1474
153216753	1474
154014761	1474
154014892	1474
154014989	1474
154015117	1474
154015243	1474
154015477	1474
154015581	1474
154015706	1474
154015831	1474
154015953	1474
154016091	1474
154016209	1474
154016380	1474
154016505	1474
154016627	1474
154016725	1474
154016847	1474
154016971	1474
154815768	1474
154815898	1474
154815993	1474
154816116	1474
154816269	1474
154816396	1474
154816518	1474
154816645	1474
154816774	1474
154816872	1474
154817003	1474
154817126	1474
154817247	1474
154817375	1474
154817604	1474
154817733	1474
154817877	1474
154818000	1474
155879973	1474
155880198	1474
155880421	1474
155880596	1474
155880763	1474
155880929	1474
155881094	1474
155881236	1474
155881410	1474
155881550	1474
155881719	1474
155881885	1474
155882052	1474
155882218	1474
155882389	1474
155882558	1474
155882726	1474
155882895	1474
156679321	1474
156679542	1474
156679712	1474
156679918	1474
156680171	1474
156680399	1474
156680570	1474
156680744	1474
156680911	1474
156681074	1474
156681260	1474
156681423	1474
156681590	1474
156681754	1474
156681918	1474
156682082	1474
156682262	1474
156682423	1474
157479392	1474
157479669	1474
157479795	1474
157480036	1474
157480152	1474
157480325	1474
157480453	1474
157480576	1474
157480698	1474
157480839	1474
157480976	1474
157481115	1474
157481240	1474
157481374	1474
157481497	1474
157481650	1474
157481806	1474
157482002	1474
158278883	1474
158279370	1474
158279483	1474
158279615	1474
158279754	1474
158279893	1474
158280017	1474
158280143	1474
158280344	1474
158280499	1474
158280640	1474
158280783	1474
158280896	1474
158281043	1474
158281166	1474
158281291	1474
158281415	1474
158281552	1474
159078500	1474
159078868	1474
159079010	1474
159079159	1474
159079290	1474
159079623	1474
159079755	1474
159079904	1474
159080055	1474
159080182	1474
159080355	1474
159080545	1474
159080677	1474
159080813	1474
159080938	1474
159081054	1474
159081182	1474
159081317	1474
159878771	1474
159879092	1474
159879239	1474
159879378	1474
159879560	1474
159879700	1474
159879846	1474
159880004	1474
159880346	1474
159880474	1474
159880623	1474
159880751	1474
159880883	1474
159881033	1474
159881166	1474
159881290	1474
159881450	1474
160678447	1474
160678766	1474
160678861	1474
160679006	1474
160679150	1474
160679277	1474
160679431	1474
160679680	1474
160679809	1474
160679957	1474
160680087	1474
160680237	1474
160680418	1474
160680546	1474
160680682	1474
160680814	1474
160680954	1474
160681085	1474
161478887	1474
161479056	1474
161479225	1474
161479389	1474
161479558	1474
161479735	1474
161479904	1474
161480069	1474
161480238	1474
161480460	1474
161480645	1474
161480811	1474
161480982	1474
161481145	1474
161481288	1474
161481456	1474
161481638	1474
161481806	1474
162277699	1474
162277847	1474
162277998	1474
162278152	1474
162278355	1474
162278523	1474
162278671	1474
162278816	1474
162278961	1474
162279105	1474
162279267	1474
162279425	1474
162279570	1474
162279715	1474
162279860	1474
162280004	1474
162280148	1474
163077204	1474
163077333	1474
163077490	1474
163077717	1474
163077922	1474
163078232	1474
163078379	1474
163078534	1474
163078678	1474
163078823	1474
163078965	1474
163079122	1474
163079266	1474
163079409	1474
163079560	1474
163079704	1474
163079849	1474
163080006	1474
163879178	1474
163879347	1474
163879513	1474
163879679	1474
163879850	1474
163879995	1474
163880133	1474
163880351	1474
163880524	1474
163880690	1474
163880864	1474
163881032	1474
163881202	1474
163881391	1474
163881634	1474
163881806	1474
163882525	1474
163882732	1474
164676181	1474
164676503	1474
164676668	1474
164676902	1474
164677127	1474
164677344	1474
164677571	1474
164677768	1474
164677941	1474
164678106	1474
164678278	1474
164678444	1474
164678595	1474
164678762	1474
164678931	1474
164679098	1474
164679267	1474
165476461	1474
165476890	1474
165477065	1474
165477296	1474
165477521	1474
165477705	1474
165477868	1474
165478062	1474
165478236	1474
165478420	1474
165478589	1474
165478758	1474
165478925	1474
165479090	1474
165479285	1474
165479455	1474
165479620	1474
166277148	1474
166277313	1474
166277454	1474
166277619	1474
166277785	1474
166277929	1474
166278105	1474
166278271	1474
166278436	1474
166278600	1474
166278769	1474
166278934	1474
166279107	1474
166279272	1474
166279412	1474
166279577	1474
166279744	1474
167077790	1474
167077964	1474
167078128	1474
167078323	1474
167078543	1474
167078777	1474
167078949	1474
167079088	1474
167079250	1474
167079414	1474
167079575	1474
167079712	1474
167079875	1474
167080054	1474
167080216	1474
167080429	1474
167080807	1474
167876710	1474
167876890	1474
167877086	1474
167877321	1474
167877584	1474
167877758	1474
167877922	1474
167878104	1474
167878270	1474
167878435	1474
167878595	1474
167878738	1474
167878901	1474
167879062	1474
167879226	1474
167879389	1474
167879577	1474
168675706	1474
168675839	1474
168675967	1474
168676093	1474
168676304	1474
168676445	1474
168676575	1474
168676720	1474
168676846	1474
168676974	1474
168677101	1474
168677229	1474
168677372	1474
168677495	1474
168677622	1474
168677747	1474
168677898	1474
169475708	1474
169475858	1474
169475959	1474
169476087	1474
169476258	1474
169476390	1474
169476519	1474
169476647	1474
169476783	1474
169476926	1474
169477053	1474
169477205	1474
169477350	1474
169477475	1474
169477625	1474
169477752	1474
169477878	1474
169478004	1474
170277045	1474
170277205	1474
170277334	1474
170277517	1474
170277649	1474
170277922	1474
170278056	1474
170278182	1474
170278321	1474
170278447	1474
170278589	1474
170278717	1474
170278816	1474
170278961	1474
170279117	1474
170279680	1474
170279815	1474
170280049	1474
171075185	1474
171075312	1474
171075436	1474
171075574	1474
171075725	1474
171076021	1474
171076152	1474
171076306	1474
171076450	1474
171076593	1474
171076726	1474
171076850	1474
171076987	1474
171077109	1474
171077283	1474
171077412	1474
171077558	1474
171077685	1474
172140941	1474
172141251	1474
172141380	1474
172141504	1474
172141642	1474
172141928	1474
172142058	1474
172142211	1474
172142338	1474
172142442	1474
172142567	1474
172142694	1474
172142817	1474
172142957	1474
172143082	1474
172143224	1474
172143338	1474
172143435	1474
172942305	1474
172942447	1474
172942551	1474
172942693	1474
172942939	1474
172943070	1474
172943185	1474
172943309	1474
172943448	1474
172943573	1474
172943699	1474
172943828	1474
172943971	1474
172944086	1474
172944235	1474
172944399	1474
172944540	1474
172944683	1474
173740857	1474
173740984	1474
173741125	1474
173741266	1474
173741388	1474
173741515	1474
173741624	1474
173741750	1474
173741874	1474
173741998	1474
173742123	1474
173742251	1474
173742351	1474
173742471	1474
173742628	1474
173742754	1474
173742888	1474
173743014	1474
174541434	1474
174541608	1474
174541778	1474
174541942	1474
174542132	1474
174542300	1474
174542476	1474
174542641	1474
174542809	1474
174542949	1474
174543119	1474
174543287	1474
174543437	1474
174543604	1474
174543773	1474
174543937	1474
174544081	1474
175339094	1474
175339236	1474
175339360	1474
175339456	1474
175339579	1474
175339813	1474
175339945	1474
175340068	1474
175340241	1474
175340373	1474
175340497	1474
175340627	1474
175340751	1474
175340876	1474
175340999	1474
175341099	1474
175341237	1474
176143299	1474
176143425	1474
176143552	1474
176143803	1474
176144244	1474
176144371	1474
176144501	1474
176144597	1474
176144718	1474
176144839	1474
176144955	1474
176145086	1474
176145209	1474
176145339	1474
176145461	1474
176145585	1474
176145707	1474
176145807	1474
176942635	1474
176942812	1474
176943153	1474
176943391	1474
176944052	1474
176944264	1474
176944435	1474
176944608	1474
176944772	1474
176944937	1474
176945075	1474
176945239	1474
176945404	1474
176945567	1474
176945745	1474
176945907	1474
176946044	1474
176946208	1474
177738456	1474
177738633	1474
177738762	1474
177738876	1474
177738990	1474
177739121	1474
177739235	1474
177739356	1474
177739489	1474
177739582	1474
177739695	1474
177739808	1474
177739920	1474
177740034	1474
177740173	1474
177740350	1474
177740468	1474
177740562	1474
178538126	1474
178538236	1474
178538364	1474
178538504	1474
178538618	1474
178538748	1474
178538870	1474
178539002	1474
178539099	1474
178539209	1474
178539342	1474
178539457	1474
178539568	1474
178539681	1474
178539795	1474
178539911	1474
179338166	1474
179338295	1474
179338431	1474
179338521	1474
179338632	1474
179338742	1474
179338856	1474
179339096	1474
179339231	1474
179339353	1474
179339505	1474
179339631	1474
179339760	1474
179339897	1474
179340023	1474
179340149	1474
179340345	1474
179340491	1474
180140089	1474
180140291	1474
180140501	1474
180140637	1474
180140768	1474
180140946	1474
180141205	1474
180141331	1474
180141458	1474
180141560	1474
180141711	1474
180141835	1474
180141950	1474
180142237	1474
180142375	1474
180142864	1474
180143004	1474
180937920	1474
180938042	1474
180938167	1474
180938302	1474
180938418	1474
180938646	1474
180938781	1474
180938914	1474
180939044	1474
180939207	1474
180939346	1474
180939662	1474
180939805	1474
180939947	1474
180940089	1474
180940191	1474
180940472	1474
181737969	1474
181738125	1474
181738295	1474
181738497	1474
181738722	1474
181738992	1474
181739167	1474
181739342	1474
181739507	1474
181739676	1474
181739840	1474
181740008	1474
181740184	1474
181740386	1474
181740531	1474
181740701	1474
181740866	1474
181741036	1474
182537917	1474
182538085	1474
182538249	1474
182538413	1474
182538576	1474
182538742	1474
182538913	1474
182539080	1474
182539218	1474
182539383	1474
182539546	1474
182539710	1474
182539875	1474
182540109	1474
182540323	1474
182540499	1474
182540667	1474
183337464	1474
183337630	1474
183337805	1474
183337973	1474
183338136	1474
183338300	1474
183338465	1474
183338629	1474
183338806	1474
183338969	1474
183339134	1474
183339310	1474
183339475	1474
183339639	1474
183339833	1474
183339999	1474
183340163	1474
183340373	1474
184137048	1474
184137189	1474
184137361	1474
184137616	1474
184137834	1474
184138088	1474
184138252	1474
184138431	1474
184138594	1474
184138756	1474
184138919	1474
184139081	1474
184139245	1474
184139421	1474
184139561	1474
184139722	1474
184139886	1474
184937801	1474
184937938	1474
184938075	1474
184938210	1474
184938519	1474
184938654	1474
184938784	1474
184938913	1474
184939050	1474
184939183	1474
184939311	1474
184939453	1474
184939579	1474
184939718	1474
184939846	1474
184939976	1474
184940118	1474
184940320	1474
185736504	1474
185736673	1474
185736847	1474
185737012	1474
185737181	1474
185737344	1474
185737514	1474
185737681	1474
185737853	1474
185738021	1474
185738160	1474
185738325	1474
185738489	1474
185738657	1474
185738851	1474
185739018	1474
185739187	1474
186537084	1474
186537218	1474
186537346	1474
186537481	1474
186537597	1474
186537750	1474
186538029	1474
186538180	1474
186538306	1474
186538435	1474
186538575	1474
186538704	1474
186538840	1474
186538970	1474
186539103	1474
186539231	1474
186539361	1474
186539468	1474
187335064	1474
187335197	1474
187335334	1474
187335463	1474
187335611	1474
187335766	1474
187336014	1474
187336156	1474
187336366	1474
187336529	1474
187336667	1474
187336772	1474
187336895	1474
187337039	1474
187337143	1474
187337274	1474
187337417	1474
188135587	1474
188135717	1474
188135846	1474
188135993	1474
188136140	1474
188136474	1474
188136610	1474
188136756	1474
188136885	1474
188137015	1474
188137179	1474
188137304	1474
188137450	1474
188137580	1474
188137706	1474
188137850	1474
188137978	1474
188138322	1474
188938530	1474
188938637	1474
188938771	1474
188938903	1474
188939012	1474
188939318	1474
188939454	1474
188940018	1474
188940148	1474
188940396	1474
188940528	1474
188940666	1474
188940811	1474
188940941	1474
188941069	1474
188941195	1474
188941332	1474
189735884	1474
189736024	1474
189736172	1474
189736450	1474
189736780	1474
189736914	1474
189737063	1474
189737190	1474
189737306	1474
189737432	1474
189737570	1474
189737688	1474
189737815	1474
189737939	1474
189738080	1474
189738193	1474
189738318	1474
190534413	1474
190534541	1474
190534678	1474
190534804	1474
190534926	1474
190535052	1474
190535179	1474
190535315	1474
190535465	1474
190535591	1474
190535712	1474
190535840	1474
190535969	1474
190536098	1474
190536446	1474
190536582	1474
190536718	1474
191337193	1474
191337579	1474
191337713	1474
191337836	1474
191337970	1474
191338114	1474
191338385	1474
191339062	1474
191339286	1474
191339413	1474
191339513	1474
191339637	1474
191339785	1474
191339914	1474
191340057	1474
191340190	1474
191340529	1474
191340663	1474
192134899	1474
192135002	1474
192135123	1474
192135218	1474
192135342	1474
192135466	1474
192135589	1474
192135712	1474
192135949	1474
192136080	1474
192136319	1474
192136448	1474
192136569	1474
192136697	1474
192136833	1474
192136956	1474
192137076	1474
192137199	1474
192932427	1474
192932667	1474
192932789	1474
192932911	1474
192933044	1474
192933166	1474
192933288	1474
192933410	1474
192933542	1474
192933665	1474
192933798	1474
192933923	1474
192934045	1474
192934169	1474
192934291	1474
192934411	1474
192934512	1474
192934636	1474
194001282	1474
194001452	1474
194001662	1474
194001892	1474
194002085	1474
194002297	1474
194002465	1474
194002633	1474
194002797	1474
194002960	1474
194003098	1474
194003275	1474
194003439	1474
194003604	1474
194003804	1474
194004041	1474
194004801	1474
194005018	1474
194799422	1474
194799560	1474
194799690	1474
194799817	1474
194799961	1474
194800091	1474
194800257	1474
194800391	1474
194800484	1474
194800618	1474
194800746	1474
194800878	1474
194801036	1474
194801164	1474
194801288	1474
194801430	1474
194801544	1474
194801672	1474
195599014	1474
195599140	1474
195599266	1474
195599406	1474
195599691	1474
195599825	1474
195599966	1474
195600114	1474
195600272	1474
195600471	1474
195600598	1474
195600754	1474
195600895	1474
195601019	1474
195601159	1474
195601307	1474
195601429	1474
195601564	1474
196399422	1474
196399551	1474
196399679	1474
196399805	1474
196399937	1474
196400091	1474
196400406	1474
196400552	1474
196400677	1474
196400804	1474
196400935	1474
196401074	1474
196401217	1474
196401341	1474
196401485	1474
196401612	1474
196401748	1474
196401905	1474
197201448	1474
197201626	1474
197201795	1474
197202045	1474
197202276	1474
197202473	1474
197202638	1474
197202846	1474
197203082	1474
197203651	1474
197203864	1474
197204035	1474
197204207	1474
197204421	1474
197204570	1474
197204800	1474
197205022	1474
197205791	1474
197998942	1474
197999108	1474
197999272	1474
197999520	1474
197999739	1474
198000148	1474
198000414	1474
198000601	1474
198000862	1474
198001042	1474
198001207	1474
198001374	1474
198001541	1474
198001706	1474
198001843	1474
198002026	1474
198002191	1474
198799500	1474
198799642	1474
198799776	1474
198799905	1474
198800049	1474
198800665	1474
198800814	1474
198800954	1474
198801103	1474
198801228	1474
198801324	1474
198801451	1474
198801577	1474
198801719	1474
198801858	1474
198801999	1474
198802228	1474
199599109	1474
199599283	1474
199599488	1474
199599728	1474
199599974	1474
199600146	1474
199600364	1474
199600521	1474
199600686	1474
199600871	1474
199601038	1474
199601204	1474
199601371	1474
199601522	1474
199601686	1474
199601926	1474
199602145	1474
199602767	1474
200399020	1474
200399149	1474
200399300	1474
200399428	1474
200399558	1474
200399685	1474
200399813	1474
200399959	1474
200400089	1474
200400261	1474
200400394	1474
200400545	1474
200400687	1474
200400814	1474
200400924	1474
200401024	1474
200401151	1474
200929998	1474
200930242	1474
200930739	1474
200930887	1474
200931211	1474
200931344	1474
200931474	1474
200931606	1474
200931731	1474
200931905	1474
200932038	1474
200932219	1474
200932463	1474
200932742	1474
201729343	1474
201729747	1474
201729905	1474
201730032	1474
201730160	1474
201730305	1474
201730430	1474
201730552	1474
201730667	1474
201730792	1474
201730929	1474
201731030	1474
201731150	1474
201731275	1474
201731403	1474
201731505	1474
201731631	1474
202528988	1474
202529258	1474
202529391	1474
202529506	1474
202529622	1474
202529731	1474
202529840	1474
202529957	1474
202530087	1474
202530200	1474
202530317	1474
202530449	1474
202530559	1474
202530687	1474
202530797	1474
202530927	1474
203328305	1474
203328654	1474
203328785	1474
203328919	1474
203329032	1474
203329165	1474
203329390	1474
203329509	1474
203329638	1474
203329738	1474
203329849	1474
203329960	1474
203330090	1474
203330242	1474
203330353	1474
203330473	1474
203330583	1474
204129485	1474
204130060	1474
204130180	1474
204130287	1474
204130418	1474
204130551	1474
204130740	1474
204130863	1474
204130981	1474
204131215	1474
204131332	1474
204131445	1474
204131558	1474
204131669	1474
204131781	1474
204131905	1474
204132017	1474
204929970	1474
204930274	1474
204930387	1474
204930497	1474
204930615	1474
204930743	1474
204930856	1474
204930973	1474
204931245	1474
204931362	1474
204931468	1474
204931609	1474
204931725	1474
204931861	1474
204931972	1474
204932085	1474
204932264	1474
204932385	1474
205727708	1474
205727984	1474
205728131	1474
205728279	1474
205728485	1474
205728608	1474
205728704	1474
205728824	1474
205728943	1474
205729063	1474
205729159	1474
205729277	1474
205729406	1474
205729532	1474
205729653	1474
205729771	1474
205729891	1474
205729987	1474
206527304	1474
206527567	1474
206527733	1474
206527923	1474
206528147	1474
206528353	1474
206528517	1474
206528678	1474
206528838	1474
206528999	1474
206529168	1474
206529331	1474
206529491	1474
206529652	1474
206529811	1474
206529972	1474
206530142	1474
207327298	1474
207327540	1474
207327707	1474
207327885	1474
207328053	1474
207328217	1474
207328431	1474
207328600	1474
207328765	1474
207328939	1474
207329107	1474
207329275	1474
207329459	1474
207329629	1474
207329792	1474
207329969	1474
207330136	1474
207330302	1474
208126748	1474
208126979	1474
208127148	1474
208127336	1474
208127516	1474
208127753	1474
208127921	1474
208128085	1474
208128301	1474
208128471	1474
208128643	1474
208128809	1474
208128972	1474
208129137	1474
208129305	1474
208129497	1474
208129724	1474
208129901	1474
209194723	1474
209194962	1474
209195157	1474
209195427	1474
209195650	1474
209195841	1474
209195986	1474
209196151	1474
209196358	1474
209196526	1474
209196694	1474
209196858	1474
209197021	1474
209197187	1474
209197357	1474
209197524	1474
209197665	1474
209197829	1474
210000757	1474
210001049	1474
210001358	1474
210001537	1474
210001757	1474
210001929	1474
210002103	1474
210002268	1474
210002434	1474
210002609	1474
210002773	1474
210002937	1474
210003131	1474
210003301	1474
210003442	1474
210003606	1474
210003769	1474
210003933	1474
210792483	1474
210792916	1474
210793143	1474
210793403	1474
210793619	1474
210793787	1474
210793954	1474
210794119	1474
210794281	1474
210794448	1474
210794587	1474
210794750	1474
210794928	1474
210795091	1474
210795258	1474
210795421	1474
210795560	1474
210795721	1474
211592868	1474
211593144	1474
211593393	1474
211593664	1474
211593882	1474
211594053	1474
211594223	1474
211594409	1474
211594565	1474
211594729	1474
211594898	1474
211595061	1474
211595224	1474
211595388	1474
211595562	1474
211595729	1474
211595915	1474
212392231	1474
212392512	1474
212392685	1474
212392854	1474
212393023	1474
212393186	1474
212393366	1474
212393529	1474
212393697	1474
212393834	1474
212393997	1474
212394163	1474
212394348	1474
212394515	1474
212394653	1474
212394796	1474
212394959	1474
213192489	1474
213192755	1474
213192926	1474
213193262	1474
213193483	1474
213193662	1474
213193826	1474
213193968	1474
213194140	1474
213194306	1474
213194470	1474
213194635	1474
213194803	1474
213194940	1474
213195123	1474
213195291	1474
213195462	1474
213195722	1474
213992618	1474
213992881	1474
213993057	1474
213993330	1474
213993548	1474
213993759	1474
213993939	1474
213994102	1474
213994264	1474
213994426	1474
213994589	1474
213994724	1474
213994890	1474
213995057	1474
213995201	1474
213995433	1474
213995624	1474
213995911	1474
214790977	1474
214791348	1474
214791598	1474
214791825	1474
214792045	1474
214792341	1474
214792513	1474
214792689	1474
214792852	1474
214793014	1474
214793200	1474
214793405	1474
214793568	1474
214793741	1474
214793905	1474
214794041	1474
214794205	1474
214794366	1474
215591313	1474
215591570	1474
215591738	1474
215591915	1474
215592114	1474
215592322	1474
215592474	1474
215592617	1474
215592763	1474
215592908	1474
215593053	1474
215593187	1474
215593334	1474
215593478	1474
215593622	1474
215593745	1474
215593893	1474
215594042	1474
216390515	1474
216390839	1474
216391194	1474
216391392	1474
216391565	1474
216391730	1474
216391896	1474
216392073	1474
216392242	1474
216392458	1474
216392645	1474
216392824	1474
216392994	1474
216393159	1474
216393321	1474
216393486	1474
216393648	1474
216393815	1474
217191734	1474
217191890	1474
217192053	1474
217192159	1474
217192310	1474
217192416	1474
217192522	1474
217192631	1474
217192765	1474
217192873	1474
217192979	1474
217193085	1474
217193193	1474
217193301	1474
217193408	1474
217193515	1474
217193600	1474
217193722	1474
218257674	1474
218257813	1474
218257938	1474
218258079	1474
218258303	1474
218258466	1474
218258604	1474
218258741	1474
218258883	1474
218258989	1474
218259139	1474
218259264	1474
218259409	1474
218259533	1474
218259657	1474
218259785	1474
218259912	1474
218260039	1474
218790567	1474
218790744	1474
218791063	1474
218791192	1474
218791312	1474
218791431	1474
218791552	1474
218791674	1474
218791796	1474
218791917	1474
218792039	1474
218792153	1474
218792338	1474
218792461	1474
218792583	1474
218792704	1474
218792828	1474
219856356	1474
219856487	1474
219856615	1474
219856744	1474
219856866	1474
219857024	1474
219857233	1474
219857408	1474
219857538	1474
219857714	1474
219857839	1474
219857949	1474
219858072	1474
219858196	1474
219858318	1474
219858442	1474
219858563	1474
219858686	1474
220657258	1474
220657384	1474
220657507	1474
220657630	1474
220657768	1474
220657894	1474
220658017	1474
220658141	1474
220658264	1474
220658394	1474
220658517	1474
220658644	1474
220658772	1474
220658894	1474
220659017	1474
220659141	1474
220659264	1474
220659364	1474
221458348	1474
221458579	1474
221458708	1474
221458829	1474
221458950	1474
221459072	1474
221459195	1474
221459319	1474
221459454	1474
221459578	1474
221459676	1474
221459798	1474
221459922	1474
221460044	1474
221460181	1474
221460388	1474
221460638	1474
221460770	1474
222256045	1474
222256339	1474
222256482	1474
222256617	1474
222256744	1474
222256849	1474
222256984	1474
222257124	1474
222257252	1474
222257397	1474
222257497	1474
222257616	1474
222257739	1474
222257838	1474
222257980	1474
222258122	1474
222258249	1474
222258352	1474
223056057	1474
223056259	1474
223056505	1474
223056640	1474
223056764	1474
223056907	1474
223057035	1474
223057166	1474
223057285	1474
223057409	1474
223057533	1474
223057668	1474
223057813	1474
223057961	1474
223058086	1474
223058213	1474
223058335	1474
223058458	1474
223858230	1474
223858402	1474
223858507	1474
223858698	1474
223858835	1474
223858944	1474
223859034	1474
223859167	1474
223859278	1474
223859391	1474
223859496	1474
223859594	1474
223859683	1474
223859820	1474
223859937	1474
223860063	1474
223860229	1474
224654301	1474
224654465	1474
224654582	1474
224654969	1474
224655085	1474
224655229	1474
224655367	1474
224655511	1474
224655657	1474
224655968	1474
224656095	1474
224656234	1474
224656433	1474
224656563	1474
224656693	1474
224656825	1474
224656969	1474
224657090	1474
225455874	1474
225456048	1474
225456478	1474
225456612	1474
225456912	1474
225457044	1474
225457184	1474
225457330	1474
225457456	1474
225457597	1474
225457742	1474
225457867	1474
225458017	1474
225458162	1474
225458262	1474
225458392	1474
225458517	1474
225458650	1474
226254017	1474
226254196	1474
226254371	1474
226254571	1474
226254697	1474
226254838	1474
226254969	1474
226255097	1474
226255225	1474
226255352	1474
226255496	1474
226255621	1474
226255758	1474
226255973	1474
226256096	1474
226256268	1474
226256403	1474
226256550	1474
227320686	1474
227320822	1474
227320949	1474
227321083	1474
227321231	1474
227321467	1474
227321601	1474
227321696	1474
227321825	1474
227321954	1474
227322054	1474
227322181	1474
227322306	1474
227322441	1474
227322696	1474
227322830	1474
227322958	1474
227323066	1474
228121955	1474
228122464	1474
228122576	1474
228122720	1474
228122845	1474
228122956	1474
228123084	1474
228123218	1474
228123319	1474
228123446	1474
228123575	1474
228123703	1474
228123830	1474
228123973	1474
228124098	1474
228124281	1474
228124390	1474
228124485	1474
228919854	1474
228919991	1474
228920116	1474
228920239	1474
228920411	1474
228920538	1474
228920667	1474
228920792	1474
228920919	1474
228921056	1474
228921179	1474
228921304	1474
228921429	1474
228921555	1474
228921677	1474
228921797	1474
228921919	1474
228922032	1474
229720162	1474
229720338	1474
229720486	1474
229720613	1474
229720754	1474
229720882	1474
229721017	1474
229721142	1474
229721273	1474
229721399	1474
229721540	1474
229721662	1474
229721798	1474
229721922	1474
229722073	1474
229722171	1474
229722297	1474
229722397	1474
230522901	1474
230523159	1474
230523309	1474
230523449	1474
230523578	1474
230523854	1474
230523986	1474
230524146	1474
230524443	1474
230524576	1474
230524686	1474
230524826	1474
230525087	1474
230525628	1474
230525761	1474
230526040	1474
230526172	1474
231319870	1474
231319998	1474
231320124	1474
231320409	1474
231320535	1474
231320685	1474
231320988	1474
231321323	1474
231321455	1474
231321590	1474
231321710	1474
231321833	1474
231321959	1474
231322085	1474
231322237	1474
231322363	1474
231322489	1474
232120561	1474
232120856	1474
232121020	1474
232121145	1474
232121270	1474
232121559	1474
232121738	1474
232121843	1474
232122067	1474
232122206	1474
232122308	1474
232122439	1474
232122593	1474
232122717	1474
232122840	1474
232122991	1474
232123119	1474
232917802	1474
232918085	1474
232918204	1474
232918348	1474
232918471	1474
232918615	1474
232918756	1474
232918881	1474
232919007	1474
232919131	1474
232919259	1474
232919384	1474
232919525	1474
232919649	1474
232919807	1474
232919932	1474
232920098	1474
233717717	1474
233717966	1474
233718118	1474
233718249	1474
233718348	1474
233718503	1474
233719611	1474
233719857	1474
233719989	1474
233720116	1474
233720497	1474
233721239	1474
233721374	1474
233721539	1474
233721667	1474
233721793	1474
233721924	1474
234517412	1474
234517653	1474
234517848	1474
234518015	1474
234518191	1474
234518357	1474
234518522	1474
234518687	1474
234518852	1474
234519017	1474
234519165	1474
234519329	1474
234519495	1474
234519660	1474
234519799	1474
234519964	1474
234520140	1474
235318746	1474
235319043	1474
235319270	1474
235319439	1474
235319655	1474
235319889	1474
235320135	1474
235320354	1474
235320532	1474
235320700	1474
235320866	1474
235321019	1474
235321186	1474
235321351	1474
235321523	1474
235321662	1474
235321830	1474
235322032	1474
235849994	1474
235850216	1474
235850488	1474
235850858	1474
235851076	1474
235851263	1474
235851503	1474
235851777	1474
235852101	1474
235852243	1474
235852489	1474
235852731	1474
235852904	1474
235853070	1474
235853234	1474
235853399	1474
235853562	1474
236918554	1474
236918732	1474
236918969	1474
236919105	1474
236919228	1474
236919358	1474
236919593	1474
236919722	1474
236919871	1474
236919995	1474
236920092	1474
236920289	1474
236920429	1474
236920556	1474
236920679	1474
236920803	1474
236920925	1474
237716404	1474
237716626	1474
237716817	1474
237716941	1474
237717074	1474
237717320	1474
237717448	1474
237717574	1474
237717693	1474
237717813	1474
237717933	1474
237718053	1474
237718168	1474
237718291	1474
237718411	1474
237718533	1474
237718628	1474
237718748	1474
238515914	1474
238516088	1474
238516320	1474
238516445	1474
238516566	1474
238516688	1474
238516808	1474
238516944	1474
238517064	1474
238517187	1474
238517307	1474
238517427	1474
238517548	1474
238517669	1474
238517789	1474
238517924	1474
238518045	1474
239315470	1474
239315663	1474
239315791	1474
239315918	1474
239316046	1474
239316198	1474
239316469	1474
239316608	1474
239316734	1474
239316857	1474
239316981	1474
239317103	1474
239317225	1474
239317349	1474
239317472	1474
239317603	1474
239317730	1474
239317852	1474
240115099	1474
240115288	1474
240115400	1474
240115540	1474
240115677	1474
240115802	1474
240116028	1474
240116161	1474
240116360	1474
240116495	1474
240116644	1474
240116802	1474
240116928	1474
240117055	1474
240117206	1474
240117342	1474
240117488	1474
240915004	1474
240915251	1474
240915383	1474
240915504	1474
240915626	1474
240915719	1474
240915845	1474
240915972	1474
240916107	1474
240916326	1474
240916472	1474
240916571	1474
240916696	1474
240916818	1474
240916940	1474
240917054	1474
240917204	1474
240917329	1474
241714524	1474
241714765	1474
241714923	1474
241715066	1474
241715196	1474
241715324	1474
241715449	1474
241715592	1474
241715718	1474
241715852	1474
241715981	1474
241716112	1474
241716278	1474
241716409	1474
241716542	1474
241716650	1474
241716776	1474
242518257	1474
242518434	1474
242518561	1474
242518686	1474
242518821	1474
242518919	1474
242519044	1474
242519166	1474
242519291	1474
242519414	1474
242519538	1474
242519687	1474
242519813	1474
242519938	1474
242520124	1474
242520339	1474
242520466	1474
242520593	1474
243313942	1474
243314180	1474
243314669	1474
243314901	1474
243315034	1474
243315162	1474
243315297	1474
243315436	1474
243315576	1474
243315724	1474
243315846	1474
243315975	1474
243316099	1474
243316243	1474
243316425	1474
243316615	1474
243316739	1474
244113670	1474
244113903	1474
244114037	1474
244114725	1474
244115027	1474
244115173	1474
244115308	1474
244115446	1474
244115570	1474
244115668	1474
244115791	1474
244115890	1474
244116013	1474
244116165	1474
244116370	1474
244116497	1474
244116643	1474
244116770	1474
244913326	1474
244914032	1474
244914276	1474
244914581	1474
244914762	1474
244914929	1474
244915091	1474
244915252	1474
244915416	1474
244915579	1474
244915741	1474
244915920	1474
244916084	1474
244916247	1474
244916435	1474
244916658	1474
244916854	1474
245713186	1474
245713423	1474
245713635	1474
245713971	1474
245714210	1474
245714452	1474
245714639	1474
245714804	1474
245714970	1474
245715136	1474
245715301	1474
245715465	1474
245715646	1474
245715809	1474
245715973	1474
245716113	1474
245716327	1474
246513262	1474
246513574	1474
246513777	1474
246514022	1474
246514188	1474
246514353	1474
246514519	1474
246514685	1474
246514848	1474
246515010	1474
246515174	1474
246515349	1474
246515515	1474
246515678	1474
246515839	1474
246516002	1474
246516165	1474
246516386	1474
247312286	1474
247312516	1474
247312712	1474
247313001	1474
247313237	1474
247313514	1474
247313681	1474
247313844	1474
247314007	1474
247314186	1474
247314347	1474
247314509	1474
247314693	1474
247314859	1474
247315021	1474
247315198	1474
247315360	1474
247315523	1474
248114615	1474
248114816	1474
248115013	1474
248115333	1474
248115541	1474
248115809	1474
248115978	1474
248116142	1474
248116354	1474
248116525	1474
248116691	1474
248116861	1474
248117023	1474
248117184	1474
248117347	1474
248117510	1474
248117671	1474
248117840	1474
248912769	1474
248913078	1474
248913208	1474
248913337	1474
248913481	1474
248913651	1474
248913869	1474
248913960	1474
248914085	1474
248914211	1474
248914366	1474
248914495	1474
248914637	1474
248914782	1474
248914907	1474
248915031	1474
248915157	1474
249711358	1474
249711606	1474
249711756	1474
249712038	1474
249712455	1474
249712591	1474
249712741	1474
249712842	1474
249712983	1474
249713111	1474
249713285	1474
249713439	1474
249713563	1474
249713675	1474
249713803	1474
249713901	1474
249714028	1474
249714155	1474
250511353	1474
250511701	1474
250511796	1474
250511895	1474
250512031	1474
250512176	1474
250512370	1474
250512502	1474
250512634	1474
250512783	1474
250512909	1474
250513084	1474
250513239	1474
250513366	1474
250513512	1474
250513640	1474
250513797	1474
250513926	1474
251313186	1474
251313511	1474
251313639	1474
251313772	1474
251313905	1474
251314130	1474
251314266	1474
251314393	1474
251314521	1474
251314621	1474
251314766	1474
251314918	1474
251315047	1474
251315176	1474
251315306	1474
251315431	1474
251315558	1474
252110421	1474
252110769	1474
252110903	1474
252111029	1474
252111173	1474
252111324	1474
252111660	1474
252111793	1474
252111923	1474
252112049	1474
252112223	1474
252112356	1474
252112497	1474
252112643	1474
252112770	1474
252112895	1474
252113022	1474
252113150	1474
253178826	1474
253178953	1474
253179150	1474
253179299	1474
253179406	1474
253179531	1474
253179664	1474
253179792	1474
253179921	1474
253180073	1474
253180264	1474
253180395	1474
253180511	1474
253180639	1474
253180768	1474
253180909	1474
253181035	1474
253181175	1474
253979343	1474
253979471	1474
253979604	1474
253979745	1474
253979871	1474
253980011	1474
253980142	1474
253980344	1474
253980500	1474
253980677	1474
253980847	1474
253981126	1474
253981271	1474
253981395	1474
253981520	1474
253981649	1474
253981775	1474
253981916	1474
254781315	1474
254781583	1474
254781928	1474
254782157	1474
254782321	1474
254782634	1474
254782786	1474
254783102	1474
254783242	1474
254783368	1474
254783852	1474
254783992	1474
254784414	1474
254784532	1474
254784675	1474
254784813	1474
254784955	1474
254785107	1474
255578042	1474
255578216	1474
255578388	1474
255578642	1474
255578865	1474
255579088	1474
255579253	1474
255579433	1474
255579649	1474
255579811	1474
255580064	1474
255580229	1474
255580455	1474
255580627	1474
255580792	1474
255580958	1474
255581163	1474
256376202	1474
256376362	1474
256376484	1474
256376616	1474
256376745	1474
256377019	1474
256377151	1474
256377312	1474
256377438	1474
256377566	1474
256377743	1474
256377869	1474
256377993	1474
256378137	1474
256378277	1474
256378414	1474
256378567	1474
257175366	1474
257175483	1474
257175674	1474
257175797	1474
257175917	1474
257176203	1474
257176372	1474
257176495	1474
257176614	1474
257176737	1474
257176854	1474
257176954	1474
257177074	1474
257177193	1474
257177311	1474
257177430	1474
257177551	1474
257975180	1474
257975369	1474
257975497	1474
257975615	1474
257975753	1474
257975949	1474
257976077	1474
257976229	1474
257976403	1474
257976526	1474
257976650	1474
257976783	1474
257976901	1474
257976995	1474
257977115	1474
257977234	1474
257977353	1474
257977471	1474
258781519	1474
258781653	1474
258781782	1474
258781947	1474
258782076	1474
258782432	1474
258782722	1474
258782873	1474
258783386	1474
258783640	1474
258783788	1474
258783914	1474
258784047	1474
258784171	1474
258784291	1474
258784557	1474
258786904	1474
259576640	1474
259576763	1474
259576857	1474
259576976	1474
259577098	1474
259577233	1474
259577351	1474
259577472	1474
259577589	1474
259577706	1474
259577825	1474
259577917	1474
259578036	1474
259578156	1474
259578285	1474
259578406	1474
259578527	1474
260375925	1474
260376076	1474
260376231	1474
260376433	1474
260376561	1474
260376689	1474
260376819	1474
260376950	1474
260377068	1474
260377193	1474
260377323	1474
260377447	1474
260377571	1474
260377698	1474
260377826	1474
260377953	1474
260378095	1474
260378222	1474
261176356	1474
261176485	1474
261176607	1474
261176729	1474
261176856	1474
261177085	1474
261177216	1474
261177345	1474
261177468	1474
261177593	1474
261177716	1474
261177851	1474
261178049	1474
261178155	1474
261178279	1474
261178403	1474
261178527	1474
261977181	1474
261977308	1474
261977427	1474
261977563	1474
261977657	1474
261977774	1474
261977868	1474
261977993	1474
261978110	1474
261978218	1474
261978327	1474
261978454	1474
261978585	1474
261978706	1474
261978827	1474
261978950	1474
261979072	1474
261979194	1474
262774434	1474
262774714	1474
262774841	1474
262774965	1474
262775088	1474
262775328	1474
262775432	1474
262775557	1474
262775679	1474
262775801	1474
262775923	1474
262776043	1474
262776166	1474
262776317	1474
262776469	1474
262776608	1474
262776733	1474
262776855	1474
263573288	1474
263573386	1474
263573506	1474
263573626	1474
263573743	1474
263573992	1474
263574120	1474
263574243	1474
263574365	1474
263574459	1474
263574576	1474
263574696	1474
263574815	1474
263574912	1474
263575046	1474
263575167	1474
263575261	1474
263575355	1474
264375030	1474
264375330	1474
264375502	1474
264375598	1474
264375727	1474
264375849	1474
264375969	1474
264376090	1474
264376240	1474
264376367	1474
264376486	1474
264376605	1474
264376730	1474
264376850	1474
264376970	1474
264377092	1474
265173773	1474
265173959	1474
265174107	1474
265174263	1474
265174412	1474
265174554	1474
265174700	1474
265174845	1474
265174993	1474
265175138	1474
265175294	1474
265175445	1474
265175594	1474
265175741	1474
265175889	1474
265176015	1474
265176163	1474
265176363	1474
265972090	1474
265972303	1474
265972521	1474
265972697	1474
265972898	1474
265973168	1474
265973342	1474
265973552	1474
265973698	1474
265973847	1474
265974001	1474
265974170	1474
265974316	1474
265974465	1474
265974609	1474
265974757	1474
265974900	1474
266771836	1474
266772041	1474
266772322	1474
266772494	1474
266772633	1474
266772888	1474
266773055	1474
266773223	1474
266773384	1474
266773532	1474
266773678	1474
266773835	1474
266773985	1474
266774152	1474
266774320	1474
266774487	1474
267571789	1474
267572019	1474
267572175	1474
267572398	1474
267572611	1474
267572762	1474
267572914	1474
267573059	1474
267573186	1474
267573332	1474
267573490	1474
267573636	1474
267573783	1474
267573927	1474
267574074	1474
267574218	1474
267574370	1474
267574512	1474
268371594	1474
268371819	1474
268372040	1474
268372398	1474
268372625	1474
268372864	1474
268373028	1474
268373174	1474
268373353	1474
268373524	1474
268373687	1474
268373852	1474
268374025	1474
268374194	1474
268374375	1474
268374568	1474
268374732	1474
268374896	1474
269173291	1474
269173479	1474
269173662	1474
269173857	1474
269174069	1474
269174327	1474
269174480	1474
269174628	1474
269174771	1474
269174918	1474
269175075	1474
269175222	1474
269175367	1474
269175544	1474
269175691	1474
269175840	1474
269175993	1474
269971131	1474
269971372	1474
269971604	1474
269971865	1474
269972100	1474
269972386	1474
269972553	1474
269972692	1474
269972868	1474
269973005	1474
269973169	1474
269973331	1474
269973498	1474
269973659	1474
269973841	1474
269974033	1474
269974199	1474
270771852	1474
270772171	1474
270772429	1474
270772677	1474
270772942	1474
270773112	1474
270773278	1474
270773466	1474
270773623	1474
270773829	1474
270773996	1474
270774165	1474
270774333	1474
270774487	1474
270774657	1474
270774825	1474
270774993	1474
271570098	1474
271570315	1474
271570501	1474
271570761	1474
271570985	1474
271571247	1474
271571416	1474
271571583	1474
271571749	1474
271571915	1474
271572079	1474
271572250	1474
271572506	1474
271572661	1474
271572903	1474
271573072	1474
271573245	1474
271573411	1474
272372180	1474
272372452	1474
272372627	1474
272372830	1474
272373086	1474
272373392	1474
272373558	1474
272373727	1474
272373892	1474
272374073	1474
272374240	1474
272374409	1474
272374575	1474
272374741	1474
272374905	1474
272375107	1474
272375275	1474
272375447	1474
273171214	1474
273171452	1474
273171623	1474
273171888	1474
273172113	1474
273172377	1474
273172550	1474
273172723	1474
273172913	1474
273173084	1474
273173249	1474
273173417	1474
273173582	1474
273173758	1474
273173927	1474
273174094	1474
273174262	1474
273969676	1474
273969905	1474
273970076	1474
273970270	1474
273970514	1474
273970761	1474
273970927	1474
273971098	1474
273971236	1474
273971403	1474
273971583	1474
273971752	1474
273971916	1474
273972085	1474
273972254	1474
273972477	1474
273972676	1474
274771311	1474
274771874	1474
274772165	1474
274772455	1474
274772724	1474
274772893	1474
274773058	1474
274773198	1474
274773373	1474
274773516	1474
274773682	1474
274773849	1474
274774014	1474
274774178	1474
274774351	1474
274774519	1474
274774687	1474
274774851	1474
275571147	1474
275571570	1474
275571746	1474
275572009	1474
275572309	1474
275572599	1474
275572767	1474
275572934	1474
275573126	1474
275573299	1474
275573465	1474
275573632	1474
275573799	1474
275573964	1474
275574120	1474
275574287	1474
275574454	1474
275574619	1474
276371094	1474
276371541	1474
276371711	1474
276372000	1474
276372224	1474
276372637	1474
276372830	1474
276372972	1474
276373156	1474
276373322	1474
276373487	1474
276373653	1474
276373881	1474
276374046	1474
276374211	1474
276374376	1474
276374542	1474
276374706	1474
277167745	1474
277168322	1474
277168474	1474
277168607	1474
277168916	1474
277169049	1474
277169177	1474
277169508	1474
277169660	1474
277169786	1474
277169912	1474
277170037	1474
277170140	1474
277170267	1474
277170399	1474
277170539	1474
277170670	1474
277968580	1474
277968817	1474
277969371	1474
277969557	1474
277969915	1474
277970058	1474
277970224	1474
277970355	1474
277970487	1474
277970638	1474
277970741	1474
277970877	1474
277971000	1474
277971140	1474
277971284	1474
277971413	1474
277971545	1474
278770534	1474
278770818	1474
278771026	1474
278771178	1474
278771310	1474
278771463	1474
278771658	1474
278771787	1474
278771917	1474
278772038	1474
278772137	1474
278772309	1474
278772416	1474
278772519	1474
278772617	1474
278772743	1474
278772866	1474
279570032	1474
279570212	1474
279570380	1474
279570503	1474
279570625	1474
279570762	1474
279570886	1474
279571009	1474
279571129	1474
279571254	1474
279571375	1474
279571499	1474
279571597	1474
279571734	1474
279571858	1474
279571980	1474
279572101	1474
279572287	1474
280367918	1474
280368095	1474
280368395	1474
280368531	1474
280368657	1474
280368892	1474
280368997	1474
280369096	1474
280369218	1474
280369339	1474
280369478	1474
280369600	1474
280369725	1474
280369820	1474
280369913	1474
280370033	1474
280370157	1474
280370284	1474
281169650	1474
281169832	1474
281170033	1474
281170236	1474
281170363	1474
281170579	1474
281170684	1474
281170810	1474
281170932	1474
281171052	1474
281171189	1474
281171313	1474
281171436	1474
281171536	1474
281171659	1474
281171781	1474
281171904	1474
281172028	1474
282232598	1474
282232786	1474
282233030	1474
282233158	1474
282233281	1474
282233496	1474
282233626	1474
282233779	1474
282233902	1474
282234026	1474
282234151	1474
282234272	1474
282234395	1474
282234517	1474
282234638	1474
282234769	1474
282234895	1474
282235018	1474
283034715	1474
283034935	1474
283035072	1474
283035196	1474
283035315	1474
283035435	1474
283035566	1474
283035689	1474
283035811	1474
283035935	1474
283036057	1474
283036295	1474
283036417	1474
283036546	1474
283036669	1474
283036794	1474
283036917	1474
283037041	1474
283832888	1474
283833201	1474
283833389	1474
283833512	1474
283833633	1474
283833755	1474
283833875	1474
283833997	1474
283834118	1474
283834215	1474
283834327	1474
283834428	1474
283834549	1474
283834670	1474
283834792	1474
283834913	1474
283835035	1474
284632065	1474
284632269	1474
284632602	1474
284632907	1474
284633261	1474
284633583	1474
284634455	1474
284634579	1474
284634789	1474
284634942	1474
284635133	1474
284635345	1474
284635645	1474
284635772	1474
284635970	1474
284636271	1474
284636402	1474
285432020	1474
285432168	1474
285432403	1474
285432534	1474
285432774	1474
285432904	1474
285433026	1474
285433147	1474
285433269	1474
285433367	1474
285433488	1474
285433611	1474
285433709	1474
285433845	1474
285433968	1474
285434066	1474
285434168	1474
285434289	1474
286235047	1474
286235203	1474
286235332	1474
286235458	1474
286235597	1474
286235719	1474
286235844	1474
286235967	1474
286236063	1474
286236260	1474
286236388	1474
286236519	1474
286236646	1474
286236770	1474
286236869	1474
286236991	1474
286237115	1474
287032220	1474
287032380	1474
287032538	1474
287032767	1474
287032899	1474
287033023	1474
287033146	1474
287033281	1474
287033404	1474
287033527	1474
287033652	1474
287033776	1474
287033902	1474
287034025	1474
287034148	1474
287034281	1474
287034406	1474
287034528	1474
287834600	1474
287834776	1474
287834990	1474
287835112	1474
287835236	1474
287835470	1474
287835573	1474
287835698	1474
287835795	1474
287835917	1474
287836052	1474
287836231	1474
287836328	1474
287836424	1474
287836552	1474
287836676	1474
287836798	1474
287836921	1474
288632587	1474
288632817	1474
288632910	1474
288633031	1474
288633156	1474
288633276	1474
288633396	1474
288633518	1474
288633644	1474
288633778	1474
288633894	1474
288633990	1474
288634111	1474
288634231	1474
288634354	1474
288634474	1474
288634595	1474
288634727	1474
289431536	1474
289431874	1474
289431998	1474
289432116	1474
289432325	1474
289432446	1474
289432571	1474
289432667	1474
289432787	1474
289432909	1474
289433028	1474
289433146	1474
289433265	1474
289433388	1474
289433507	1474
289433643	1474
290232267	1474
290232579	1474
290232812	1474
290232908	1474
290233026	1474
290233254	1474
290233396	1474
290233522	1474
290233640	1474
290233765	1474
290233882	1474
290234001	1474
290234119	1474
290234239	1474
290234373	1474
290234491	1474
290234610	1474
290234731	1474
291033041	1474
291033293	1474
291033433	1474
291033551	1474
291033671	1474
291033791	1474
291033911	1474
291034029	1474
291034163	1474
291034253	1474
291034371	1474
291034492	1474
291034610	1474
291034730	1474
291034849	1474
291034968	1474
291831036	1474
291831257	1474
291831476	1474
291831577	1474
291831724	1474
291831945	1474
291832065	1474
291832214	1474
291832376	1474
291832504	1474
291832625	1474
291832745	1474
291832879	1474
291832999	1474
291833119	1474
291833239	1474
291833358	1474
291833480	1474
292629159	1474
292629426	1474
292629555	1474
292629677	1474
292629797	1474
292629893	1474
292630128	1474
292630256	1474
292630385	1474
292630506	1474
292630680	1474
292630802	1474
292630924	1474
292631044	1474
292631164	1474
292631285	1474
292631408	1474
293431226	1474
293431495	1474
293431619	1474
293431737	1474
293431831	1474
293431952	1474
293432070	1474
293432219	1474
293432361	1474
293432479	1474
293432596	1474
293432691	1474
293432810	1474
293432932	1474
293433052	1474
293433174	1474
293433311	1474
294230186	1474
294230398	1474
294230517	1474
294230634	1474
294230751	1474
294230871	1474
294230988	1474
294231120	1474
294231241	1474
294231358	1474
294231478	1474
294231597	1474
294231717	1474
294231836	1474
294231956	1474
294232089	1474
294232238	1474
294232361	1474
295028889	1474
295029158	1474
295029346	1474
295029471	1474
295029591	1474
295029709	1474
295029845	1474
295029964	1474
295030083	1474
295030204	1474
295030294	1474
295030412	1474
295030532	1474
295030626	1474
295030745	1474
295030876	1474
295030995	1474
295827698	1474
295827916	1474
295828353	1474
295828484	1474
295828620	1474
295828739	1474
295828860	1474
295828981	1474
295829101	1474
295829220	1474
295829338	1474
295829601	1474
295829738	1474
295829861	1474
295829981	1474
295830101	1474
295830221	1474
295830340	1474
296629305	1474
296629570	1474
296629813	1474
296629943	1474
296630064	1474
296630195	1474
296630329	1474
296630448	1474
296630566	1474
296630686	1474
296630803	1474
296630921	1474
296631040	1474
296631160	1474
296631287	1474
296631411	1474
296631504	1474
297431443	1474
297431615	1474
297431732	1474
297431847	1474
297431963	1474
297432073	1474
297432223	1474
297432378	1474
297432498	1474
297432617	1474
297432737	1474
297432829	1474
297432950	1474
297433085	1474
297433205	1474
297433324	1474
297433441	1474
297433559	1474
298229170	1474
298229403	1474
298229526	1474
298229644	1474
298229747	1474
298229871	1474
298229990	1474
298230112	1474
298230234	1474
298230354	1474
298230472	1474
298230592	1474
298230712	1474
298230847	1474
298230968	1474
298231090	1474
298231217	1474
298231335	1474
299027415	1474
299027697	1474
299027816	1474
299027935	1474
299028053	1474
299028202	1474
299028377	1474
299028514	1474
299028644	1474
299028774	1474
299028903	1474
299029032	1474
299029160	1474
299029264	1474
299029393	1474
299029538	1474
299029659	1474
299029777	1474
299831132	1474
299831415	1474
299831537	1474
299831633	1474
299831751	1474
299831868	1474
299831990	1474
299832079	1474
299832194	1474
299832370	1474
299832491	1474
299832606	1474
299832724	1474
299832846	1474
299832942	1474
299833068	1474
299833189	1474
299833323	1474
300626287	1474
300626552	1474
300626677	1474
300626797	1474
300626893	1474
300627029	1474
300627152	1474
300627252	1474
300627372	1474
300627497	1474
300627617	1474
300627741	1474
300627862	1474
300628098	1474
300628295	1474
300628434	1474
300628558	1474
300628682	1474
301428023	1474
301428302	1474
301428429	1474
301428547	1474
301428671	1474
301428808	1474
301428926	1474
301429048	1474
301429169	1474
301429291	1474
301429411	1474
301429532	1474
301429653	1474
301429762	1474
301429884	1474
301430004	1474
301430125	1474
302494076	1474
302494208	1474
302494306	1474
302494448	1474
302494576	1474
302494704	1474
302494852	1474
302494979	1474
302495104	1474
302495229	1474
302495362	1474
302495490	1474
302495616	1474
302495746	1474
302495873	1474
302496010	1474
302496135	1474
302496443	1474
303025042	1474
303025345	1474
303025525	1474
303025792	1474
303026010	1474
303026278	1474
303026481	1474
303026679	1474
303026848	1474
303027012	1474
303027242	1474
303027406	1474
303027570	1474
303027734	1474
303027901	1474
303028064	1474
303028243	1474
303824815	1474
303825083	1474
303825235	1474
303825480	1474
303825707	1474
303826238	1474
303826417	1474
303826590	1474
303826726	1474
303826901	1474
303827065	1474
303827235	1474
303827395	1474
303827561	1474
303827724	1474
303827896	1474
303828041	1474
304626733	1474
304627093	1474
304627341	1474
304627568	1474
304627820	1474
304627987	1474
304628148	1474
304628369	1474
304628538	1474
304628717	1474
304628882	1474
304629048	1474
304629210	1474
304629380	1474
304629543	1474
304629726	1474
304629889	1474
