3531681	58
3532963	54
3716411	1474
3716771	82
3887128	1474
3887489	1474
3887901	110
4011648	1474
4012134	1474
4012818	1474
4013357	1474
4013720	166
4170234	1474
4170567	1474
4170692	1474
4170817	1474
4170966	1474
4171279	1007
4341130	1474
4341260	1474
4341394	1474
4341523	1474
4341804	1474
4342123	1474
4343344	1174
4511661	1474
4511763	1474
4511889	1474
4512015	1474
4512142	1474
4512324	1474
4512645	1174
4654647	1474
4654909	1474
4655202	1474
4655334	1474
4655491	1474
4655619	1474
4655777	222
4819605	1474
4819765	1474
4820104	1474
4820266	1474
4820397	1474
4820541	1474
4820906	222
4975185	1474
4975615	1474
4975841	1474
4976644	138
4977164	1474
4977298	1474
4977502	1474
4977636	138
5160996	1474
5161572	1474
5161799	1474
5162300	1474
5162622	166
5162860	1474
5162988	1474
5163147	110
5318453	1474
5318682	1474
5318819	1474
5319070	1474
5319272	1474
5319425	1474
5319642	222
5460684	1474
5460953	1474
5461081	1474
5461208	1474
5461337	1474
5461488	1474
5461773	1342
5645733	1474
5645860	82
5646004	1474
5646106	1474
5646240	1474
5646374	1474
5646619	1474
5646940	194
5790042	1474
5790250	1474
5790379	1474
5790520	1474
5790709	1474
5791390	1474
5791631	1474
5792043	250
5951568	1474
5951778	1474
5951879	1474
5952010	1474
5952153	1474
5952518	1474
5952671	1382
6111646	1474
6111984	1474
6112110	1474
6112335	1474
6112466	1474
6112595	1474
6112858	1474
6112995	250
6274076	1474
6274384	1474
6274530	1474
6274661	1474
6274803	1474
6274951	1474
6275077	1474
6275403	250
6434041	1474
6434174	1474
6434299	1474
6434395	1474
6434516	1474
6434637	1474
6434810	1382
6618932	1474
6619285	1474
6619520	1474
6619917	138
6752454	1474
6752609	1474
6752979	1474
6753223	1474
6753558	1474
6753855	1474
6754096	1474
6754412	1474
6754656	1474
6754914	1474
6755151	1474
6755418	1474
6755669	1474
6755906	1474
6756121	1474
6756466	1474
6756677	1474
6756966	1474
6757094	1474
6757320	1290
6759535	1474
8032318	1474
8037546	1474
8037814	1474
8044796	1474
8045083	1474
8045586	1474
8045905	1474
8057258	1474
8057579	1474
8057922	1474
8058287	1474
8058540	1474
8058820	1474
8059272	1474
8059492	1474
8059816	1474
8060028	1474
8060687	1474
8061025	1474
8061313	1474
8061680	1474
8073251	1474
8073699	1474
8074221	1474
8074602	1474
8075153	1474
8075501	1474
8079025	1474
8089158	1474
8089619	1474
8092690	1474
8092819	1474
8092942	1474
8093084	1474
8093705	1474
8103577	1474
8103713	1474
8104129	1474
8104538	1474
8104883	1474
8105150	1474
8105621	1474
8115502	1474
8115852	1474
8116188	1474
8116561	1474
8116961	1474
8117132	1474
8117365	1474
8129807	1474
8129958	1474
8130117	1474
8130245	1474
8130400	1474
8130861	1474
8131224	1474
8131689	1474
8145467	1474
8145740	1474
8145963	1474
8146239	1474
8146520	1474
8146788	1474
8147135	1474
8147446	1474
8147817	1474
8159095	1474
8159672	1474
8159858	1474
8160170	1474
8160436	1474
8160569	1474
8160697	318
8208914	1474
8209170	1474
8209303	1474
8209489	1474
8209667	166
8210031	1474
8210183	1474
8210362	1474
8210530	1474
8210855	1474
8210991	1474
8220381	1474
8220707	1474
8220907	1474
8221122	1474
8221571	1474
8221922	1474
8222279	1474
8222526	1474
8222687	1474
8222838	474
8231518	1474
8231696	1474
8232661	1474
8232867	802
8354122	1474
8354341	1474
8354445	1474
8354545	1474
8354668	1474
8354795	194
8354916	1474
8355065	1474
8355194	1474
8355319	138
8355441	1474
8355567	1474
8355691	1474
8387310	1474
8387650	1474
8387783	1474
8387908	1474
8388059	1474
8388184	1474
8388345	1474
8388469	1474
8388594	1474
8388693	1474
8388791	1474
8427827	1474
8428096	1474
8428284	214
8514557	1474
8514700	1474
8514826	1474
8514948	1474
8515078	1474
8515202	1474
8515325	1474
8515772	1474
8516462	1474
8516592	1474
8516718	334
8516841	1474
8559586	1474
8559824	1474
8559961	1474
8560322	1474
8560471	1474
8560613	1474
8560736	1474
8560860	1474
8560983	1474
8561127	1474
8561255	1474
8600468	1474
8600730	1474
8600864	1474
8600968	474
8667818	1474
8667942	1474
8668066	1474
8668296	1474
8668439	1474
8668568	1474
8668691	1474
8668812	1474
8668936	1474
8669060	1474
8669200	1474
8707471	1474
8707689	1474
8707999	1474
8708142	1474
8708324	1474
8708462	1474
8708585	1474
8708712	1474
8708868	1474
8708989	1474
8709121	1474
8749840	1474
9191438	1474
9191806	1474
9191932	1474
9192054	1474
9192213	1474
9192432	1474
9192531	1474
9192653	1474
9192777	1474
9192899	1474
9737090	1474
9737349	1474
9737916	1474
9738241	1474
9738439	1474
9738567	1474
9738690	1474
9738788	1474
9738889	1474
9739035	1474
9739280	1474
9739420	1474
9756014	1474
9794321	1474
9794679	1474
10523396	1474
10523601	1474
10523767	1474
10523956	1474
10524116	1474
10524327	1474
10524505	1474
10524667	1474
10524803	1474
10524965	1474
10525100	1474
10525259	1474
10566789	1474
10567105	1474
10567235	1474
10567329	1474
10567436	1474
10567556	1474
10567675	1474
10567770	1474
11587660	1474
11588013	1474
11588156	1474
11588321	1474
11588439	1474
11588563	1474
11588797	1474
11588928	1474
11589051	1474
11589176	1474
11589377	1474
11589505	1474
11589657	1474
11628508	1474
11628784	1474
11628930	1474
12388073	1474
12388473	1474
12388615	1474
12388810	1474
12388942	1474
12389239	1474
12389370	1474
12389518	1474
12389712	1474
12389854	1474
12389976	1474
12390123	1474
12390248	1474
12428187	1474
12428522	1474
12428627	1474
12428769	1474
12428894	1474
12429024	1474
12429146	1474
12429283	1474
13191174	1474
13191613	1474
13191735	1474
13191879	1474
13191994	1474
13192125	1474
13192373	1474
13192701	1474
13193199	1474
13193429	1474
13193561	1474
13193669	1474
13232547	1474
13232973	1474
13722643	1474
13722902	1474
13723078	1474
13723293	1474
13723589	1474
13723839	1474
13724052	1474
13724433	1474
13724637	1474
13724804	1474
13724971	1474
13725154	1474
13725321	1474
13725486	1474
13764417	1474
13764620	1474
13764788	1474
14522771	1474
14522952	1474
14523502	1474
14523731	1474
14523868	1474
14524009	1474
14524198	1474
14524525	1474
14524667	1474
14524808	1474
14524931	1474
14525057	1474
14525199	1474
14525338	1474
14566445	1474
14566623	1474
15322414	1474
15322595	1474
15322718	1474
15322845	1474
15322971	1474
15323107	1474
15323230	1474
15323372	1474
15323499	1474
15323629	1474
15323751	1474
15323880	1474
15324007	1474
15365458	1474
15365636	1474
15365822	1474
15365964	1474
15366089	1474
15366227	1474
15366426	1474
15366558	1474
16122183	1474
16122361	1474
16122490	1474
16122615	1474
16122736	1474
16122859	1474
16122981	1474
16123105	1474
16123228	1474
16123349	1474
16123483	1474
16123607	1474
16123735	1474
16162354	1474
16162545	1474
16923171	1474
16923413	1474
16923569	1474
16923745	1474
16923847	1474
16923980	1474
16924105	1474
16924311	1474
16924444	1474
16924594	1474
16924722	1474
16924846	1474
16924968	1474
16965414	1474
16965601	1474
16965738	1474
16965909	1474
16966032	1474
16966155	1474
16966282	1474
16966406	1474
17723244	1474
17723423	1474
17723555	1474
17723669	1474
17723813	1474
17723946	1474
17724073	1474
17724265	1474
17724399	1474
17724672	1474
17724877	1474
17725018	1474
17725249	1474
17765624	1474
17765819	1474
18523743	1474
18524004	1474
18524127	1474
18524350	1474
18524491	1474
18524673	1474
18524806	1474
18525306	1474
18525448	1474
18525753	1474
18525895	1474
18526031	1474
18526156	1474
18526283	1474
18567200	1474
18567378	1474
18567521	1474
19322570	1474
19322749	1474
19322877	1474
19323054	1474
19323190	1474
19323318	1474
19323444	1474
19323571	1474
19323704	1474
19323851	1474
19323978	1474
19324250	1474
19324412	1474
19324541	1474
19365561	1474
19365745	1474
19365889	1474
19366044	1474
19366167	1474
19366272	1474
19366399	1474
19366531	1474
20390467	1474
20390859	1474
20391003	1474
20391131	1474
20391272	1474
20391403	1474
20391541	1474
20391682	1474
20391808	1474
20391949	1474
20392092	1474
20392421	1474
20392560	1474
20392704	1474
20430241	1474
20923281	1474
20923681	1474
20923813	1474
20923958	1474
20924082	1474
20924312	1474
20924438	1474
20924595	1474
20924726	1474
20924883	1474
20925202	1474
20925349	1474
20925632	1474
20925760	1474
20965999	1474
20966276	1474
21989378	1474
21989698	1474
21989818	1474
21989954	1474
21990076	1474
21990168	1474
21990291	1474
21990431	1474
21990573	1474
21990698	1474
21990822	1474
21990945	1474
21991045	1474
21991171	1474
22031235	1474
22031545	1474
22031676	1474
22031803	1474
22031928	1474
22032055	1474
22032218	1474
22032407	1474
22790118	1474
22790491	1474
22790629	1474
22790788	1474
22790916	1474
22791050	1474
22791174	1474
22791314	1474
22791458	1474
22791557	1474
22791684	1474
22791809	1474
22791935	1474
22792060	1474
23593849	1474
23594163	1474
23594340	1474
23594507	1474
23594672	1474
23594849	1474
23595013	1474
23595179	1474
23595344	1474
23595511	1474
23595677	1474
23595876	1474
23596019	1474
23596195	1474
23633887	1474
23634354	1474
23634525	1474
24389842	1474
24390116	1474
24390531	1474
24390752	1474
24391160	1474
24391331	1474
24391520	1474
24391720	1474
24391898	1474
24392062	1474
24392199	1474
24392433	1474
24392602	1474
24392765	1474
24392935	1474
24393074	1474
24432918	1474
25190666	1474
25190941	1474
25191140	1474
25191408	1474
25191629	1474
25191843	1474
25192035	1474
25192237	1474
25192459	1474
25192629	1474
25192792	1474
25192953	1474
25193123	1474
25193289	1474
25193491	1474
25193729	1474
25232437	1474
25232626	1474
25990379	1474
25990669	1474
25990883	1474
25991116	1474
25991369	1474
25991535	1474
25991725	1474
25991959	1474
25992099	1474
25992319	1474
25992486	1474
25992650	1474
25992813	1474
25992975	1474
25993136	1474
25993315	1474
26030847	1474
26031119	1474
26790639	1474
26790858	1474
26790995	1474
26791155	1474
26791316	1474
26791466	1474
26791627	1474
26791807	1474
26791971	1474
26792132	1474
26792338	1474
26792517	1474
26792679	1474
26792840	1474
26793001	1474
26834026	1474
26834262	1474
26834411	1474
27590098	1474
27590375	1474
27590548	1474
27590899	1474
27591116	1474
27591346	1474
27591533	1474
27591722	1474
27591990	1474
27592155	1474
27592345	1474
27592524	1474
27592708	1474
27592872	1474
27593034	1474
27593195	1474
27630232	1474
28390544	1474
28390872	1474
28391043	1474
28391234	1474
28391458	1474
28391801	1474
28391995	1474
28392333	1474
28392502	1474
28392675	1474
28392838	1474
28392978	1474
28393140	1474
28393305	1474
28393472	1474
28393640	1474
28430893	1474
29193124	1474
29193419	1474
29193590	1474
29193860	1474
29194081	1474
29194420	1474
29194614	1474
29195002	1474
29195169	1474
29195335	1474
29195499	1474
29195665	1474
29195838	1474
29196025	1474
29196193	1474
29196411	1474
29196582	1474
29992956	1474
29993174	1474
29993350	1474
29993529	1474
29993652	1474
29993800	1474
29993955	1474
29994102	1474
29994248	1474
29994395	1474
29994541	1474
29994687	1474
29994835	1474
29994993	1474
29995142	1474
29995287	1474
30035317	1474
30035537	1474
30793647	1474
30793958	1474
30794142	1474
30794409	1474
30794634	1474
30794930	1474
30795110	1474
30795305	1474
30795562	1474
30795743	1474
30795910	1474
30796078	1474
30796250	1474
30796466	1474
30796638	1474
30796804	1474
30796941	1474
31591300	1474
31591532	1474
31591702	1474
31591870	1474
31592032	1474
31592199	1474
31592430	1474
31592599	1474
31592737	1474
31592905	1474
31593070	1474
31593242	1474
31593412	1474
31593578	1474
31593748	1474
31593918	1474
32391653	1474
32391889	1474
32392057	1474
32392305	1474
32392543	1474
32392725	1474
32392913	1474
32393103	1474
32393274	1474
32393456	1474
32393600	1474
32393760	1474
32393900	1474
32394068	1474
32394233	1474
32394449	1474
32394674	1474
33191203	1474
33191468	1474
33193010	1474
33193239	1474
33193474	1474
33193661	1474
33193860	1474
33194072	1474
33194281	1474
33194470	1474
33194748	1474
33194925	1474
33195124	1474
33195296	1474
33195465	1474
33195643	1474
33195811	1474
33235461	1474
33991141	1474
33991359	1474
33991554	1474
33991825	1474
33992017	1474
33992208	1474
33992453	1474
33992682	1474
33992859	1474
33993025	1474
33993191	1474
33993357	1474
33993525	1474
33993674	1474
33993841	1474
33994006	1474
33994173	1474
34034095	1474
34791261	1474
34791487	1474
34791660	1474
34791924	1474
34792142	1474
34792413	1474
34792613	1474
34792813	1474
34792958	1474
34793122	1474
34793286	1474
34793425	1474
34793589	1474
34793728	1474
34793909	1474
34794074	1474
34794239	1474
34794403	1474
35591391	1474
35591597	1474
35591834	1474
35592074	1474
35592297	1474
35592525	1474
35592658	1474
35593054	1474
35593202	1474
35593328	1474
35593457	1474
35593597	1474
35593726	1474
35593855	1474
35593985	1474
35594143	1474
35594273	1474
35594405	1474
36392134	1474
36392375	1474
36392523	1474
36392663	1474
36392791	1474
36392934	1474
36393060	1474
36393200	1474
36393347	1474
36393472	1474
36393630	1474
36393755	1474
36393880	1474
36394035	1474
36394169	1474
36394268	1474
36394419	1474
37191600	1474
37191839	1474
37191970	1474
37192099	1474
37192289	1474
37192430	1474
37192568	1474
37192705	1474
37192829	1474
37192959	1474
37193083	1474
37193206	1474
37193339	1474
37193464	1474
37193587	1474
37193712	1474
37193835	1474
37233118	1474
37991662	1474
37991848	1474
37992083	1474
37992193	1474
37992383	1474
37992532	1474
37992945	1474
37993067	1474
37993204	1474
37993334	1474
37993461	1474
37993585	1474
37993707	1474
37993843	1474
37993972	1474
37994117	1474
37994239	1474
37994350	1474
38791765	1474
38792068	1474
38792202	1474
38792446	1474
38792608	1474
38792750	1474
38792883	1474
38793008	1474
38793135	1474
38793262	1474
38793394	1474
38793527	1474
38793653	1474
38793778	1474
38793908	1474
38794036	1474
38794162	1474
38832133	1474
39591999	1474
39592190	1474
39592386	1474
39592510	1474
39592635	1474
39592782	1474
39593029	1474
39593162	1474
39593351	1474
39593681	1474
39593815	1474
39593940	1474
39594066	1474
39594205	1474
39594329	1474
39594452	1474
39594578	1474
39594735	1474
40658298	1474
40658572	1474
40658709	1474
40658853	1474
40658978	1474
40659108	1474
40659233	1474
40659384	1474
40659510	1474
40659634	1474
40659759	1474
40659897	1474
40660021	1474
40660149	1474
40660401	1474
40660527	1474
40660658	1474
40699782	1474
41459279	1474
41459451	1474
41459551	1474
41459727	1474
41459856	1474
41460088	1474
41460258	1474
41460386	1474
41460593	1474
41460696	1474
41460818	1474
41460940	1474
41461076	1474
41461197	1474
41461318	1474
41461439	1474
41461563	1474
41461687	1474
42257692	1474
42257949	1474
42258122	1474
42258229	1474
42258469	1474
42258600	1474
42258728	1474
42258867	1474
42258991	1474
42259114	1474
42259236	1474
42259359	1474
42259482	1474
42259607	1474
42259702	1474
42259844	1474
42259966	1474
43057346	1474
43057492	1474
43057630	1474
43057755	1474
43057876	1474
43057997	1474
43058119	1474
43058241	1474
43058362	1474
43058484	1474
43058621	1474
43058742	1474
43058863	1474
43058986	1474
43059107	1474
43059229	1474
43059350	1474
43099509	1474
43860352	1474
43860534	1474
43860658	1474
43860781	1474
43860877	1474
43861000	1474
43861119	1474
43861241	1474
43861376	1474
43861499	1474
43861621	1474
43861743	1474
43861861	1474
43861982	1474
43862104	1474
43862225	1474
43862361	1474
44656645	1474
44656823	1474
44656952	1474
44657091	1474
44657216	1474
44657341	1474
44657463	1474
44657681	1474
44657808	1474
44657932	1474
44658067	1474
44658189	1474
44658319	1474
44658442	1474
44658564	1474
44658693	1474
44658815	1474
45456585	1474
45456809	1474
45456958	1474
45457085	1474
45457207	1474
45457332	1474
45457458	1474
45457583	1474
45457706	1474
45457803	1474
45457929	1474
45458051	1474
45458171	1474
45458292	1474
45458415	1474
45458537	1474
45458664	1474
45458786	1474
46256291	1474
46256465	1474
46256564	1474
46256714	1474
46256863	1474
46256987	1474
46257117	1474
46257241	1474
46257365	1474
46257490	1474
46257616	1474
46257762	1474
46257888	1474
46258013	1474
46258139	1474
46258255	1474
46258411	1474
46258537	1474
47056010	1474
47056299	1474
47056402	1474
47056524	1474
47056649	1474
47056767	1474
47056888	1474
47056983	1474
47057105	1474
47057201	1474
47057335	1474
47057457	1474
47057578	1474
47057698	1474
47057817	1474
47057939	1474
47058061	1474
47855725	1474
47855989	1474
47856115	1474
47856309	1474
47856432	1474
47856551	1474
47856671	1474
47856791	1474
47856910	1474
47857044	1474
47857165	1474
47857284	1474
47857405	1474
47857525	1474
47857645	1474
47857765	1474
47857885	1474
48655333	1474
48655670	1474
48655813	1474
48655939	1474
48656063	1474
48656216	1474
48656567	1474
48656702	1474
48656842	1474
48656959	1474
48657087	1474
48657216	1474
48657342	1474
48657529	1474
48657659	1474
48657806	1474
48657935	1474
49457112	1474
49457368	1474
49457515	1474
49457649	1474
49457777	1474
49457892	1474
49458033	1474
49458147	1474
49458255	1474
49458385	1474
49458526	1474
49458640	1474
49458770	1474
49458884	1474
49458998	1474
49459111	1474
49459227	1474
49459363	1474
50254538	1474
50254813	1474
50254944	1474
50255059	1474
50255185	1474
50255331	1474
50255502	1474
50255786	1474
50255928	1474
50256085	1474
50256255	1474
50256350	1474
50256481	1474
50256601	1474
50256714	1474
50256829	1474
50256942	1474
51056167	1474
51056485	1474
51056664	1474
51056794	1474
51056963	1474
51057215	1474
51057354	1474
51057500	1474
51057625	1474
51057731	1474
51057857	1474
51058001	1474
51058130	1474
51058242	1474
51058384	1474
51058508	1474
51058649	1474
51058799	1474
51854227	1474
51854422	1474
51854553	1474
51854736	1474
51854869	1474
51854992	1474
51855116	1474
51855264	1474
51855411	1474
51855535	1474
51855663	1474
51855838	1474
51855940	1474
51856066	1474
51856235	1474
51856383	1474
51856519	1474
51856697	1474
52655312	1474
52655501	1474
52655631	1474
52655745	1474
52655890	1474
52656033	1474
52656184	1474
52656363	1474
52656497	1474
52656597	1474
52656720	1474
52656847	1474
52656969	1474
52657092	1474
52657216	1474
52657339	1474
52657472	1474
53455263	1474
53455573	1474
53455760	1474
53455882	1474
53456020	1474
53456357	1474
53456496	1474
53456644	1474
53456797	1474
53456900	1474
53457033	1474
53457160	1474
53457312	1474
53457438	1474
53457580	1474
53457705	1474
53457825	1474
53457970	1474
54253433	1474
54253711	1474
54253842	1474
54253972	1474
54254102	1474
54254230	1474
54254465	1474
54254598	1474
54254727	1474
54254852	1474
54254987	1474
54255116	1474
54255237	1474
54255364	1474
54255485	1474
54255610	1474
54255735	1474
54255859	1474
55053276	1474
55053554	1474
55053682	1474
55053818	1474
55053946	1474
55054047	1474
55054279	1474
55054410	1474
55054540	1474
55054663	1474
55054807	1474
55054931	1474
55055056	1474
55055153	1474
55055277	1474
55055400	1474
55055522	1474
55852814	1474
55853086	1474
55853217	1474
55853342	1474
55853475	1474
55853710	1474
55853841	1474
55853967	1474
55854091	1474
55854213	1474
55854336	1474
55854531	1474
55854659	1474
55854782	1474
55854912	1474
55855036	1474
55855164	1474
55855287	1474
56652677	1474
56652993	1474
56653140	1474
56653284	1474
56653410	1474
56653540	1474
56653669	1474
56653798	1474
56653945	1474
56654072	1474
56654207	1474
56654347	1474
56654474	1474
56654566	1474
56654684	1474
56654786	1474
56654914	1474
56655062	1474
57718094	1474
57718362	1474
57718578	1474
57718709	1474
57718841	1474
57719081	1474
57719217	1474
57719369	1474
57719498	1474
57719632	1474
57719775	1474
57719987	1474
57720120	1474
57720302	1474
57720448	1474
57720697	1474
57720832	1474
57720974	1474
58518686	1474
58519004	1474
58519135	1474
58519284	1474
58519414	1474
58519535	1474
58519675	1474
58519807	1474
58519911	1474
58520040	1474
58520169	1474
58520356	1474
58520485	1474
58520632	1474
58520779	1474
58520905	1474
58521033	1474
58521184	1474
59318553	1474
59318880	1474
59319008	1474
59319147	1474
59319301	1474
59319512	1474
59319682	1474
59319981	1474
59320130	1474
59320288	1474
59320435	1474
59320572	1474
59320698	1474
59320842	1474
59320968	1474
59321103	1474
59321233	1474
59321366	1474
60117418	1474
60117700	1474
60117830	1474
60118117	1474
60118256	1474
60118359	1474
60118510	1474
60118636	1474
60118763	1474
60118923	1474
60119049	1474
60119227	1474
60119357	1474
60119494	1474
60119664	1474
60119794	1474
60383954	1474
60384255	1474
60384627	1474
60384720	1474
60384873	1474
60385008	1474
60385141	1474
60385267	1474
60385398	1474
60385524	1474
60385672	1474
61188594	1474
61188915	1474
61189062	1474
61189217	1474
61189345	1474
61189488	1474
61189590	1474
61189724	1474
61189869	1474
61190005	1474
61190160	1474
61190286	1474
61190431	1474
61190582	1474
61190709	1474
61190876	1474
61983432	1474
61983565	1474
61983780	1474
61983917	1474
61984047	1474
61984414	1474
61984564	1474
61984707	1474
61984835	1474
61984940	1474
61985068	1474
61985197	1474
61985324	1474
61985481	1474
61985621	1474
61985787	1474
61985912	1474
62785669	1474
62785987	1474
62786114	1474
62786298	1474
62786429	1474
62786564	1474
62786717	1474
62786843	1474
62786982	1474
62787132	1474
62787284	1474
62787401	1474
62787531	1474
62787657	1474
62787782	1474
62787909	1474
62788055	1474
62788199	1474
63583381	1474
63583693	1474
63583840	1474
63583992	1474
63584093	1474
63584253	1474
63584383	1474
63584521	1474
63584649	1474
63584777	1474
63584904	1474
63585046	1474
63585186	1474
63585313	1474
63585447	1474
63585609	1474
63585733	1474
64383103	1474
64383420	1474
64383630	1474
64383775	1474
64383907	1474
64384073	1474
64384561	1474
64384709	1474
64384810	1474
64384938	1474
64385083	1474
64385213	1474
64385328	1474
64385459	1474
64385605	1474
64385743	1474
64385867	1474
64386019	1474
65449534	1474
65449814	1474
65449989	1474
65450218	1474
65450488	1474
65450687	1474
65450885	1474
65451052	1474
65451217	1474
65451396	1474
65451610	1474
65451779	1474
65451941	1474
65452107	1474
65452326	1474
65452512	1474
65452681	1474
65452843	1474
66248409	1474
66248755	1474
66248933	1474
66249172	1474
66249529	1474
66249763	1474
66250149	1474
66250319	1474
66250487	1474
66250649	1474
66250790	1474
66250973	1474
66251167	1474
66251329	1474
66251496	1474
66251656	1474
66251821	1474
66251980	1474
67049589	1474
67049863	1474
67050089	1474
67050380	1474
67050597	1474
67050826	1474
67050977	1474
67051142	1474
67051307	1474
67051470	1474
67051610	1474
67051749	1474
67051927	1474
67052067	1474
67052230	1474
67052424	1474
67052598	1474
67052759	1474
67848164	1474
67848442	1474
67848596	1474
67848855	1474
67849143	1474
67849388	1474
67849571	1474
67849759	1474
67850029	1474
67850192	1474
67850334	1474
67850497	1474
67850749	1474
67850916	1474
67851077	1474
67851243	1474
67851404	1474
67851554	1474
68650102	1474
68650378	1474
68650547	1474
68650812	1474
68651034	1474
68651262	1474
68651442	1474
68651609	1474
68651775	1474
68651940	1474
68652103	1474
68652341	1474
68652491	1474
68652660	1474
68652825	1474
68652991	1474
68653183	1474
69447835	1474
69448071	1474
69448291	1474
69448464	1474
69448601	1474
69448741	1474
69448908	1474
69449082	1474
69449248	1474
69449410	1474
69449577	1474
69449739	1474
69449906	1474
69450078	1474
69450246	1474
69450409	1474
69450575	1474
70247534	1474
70247848	1474
70247997	1474
70248285	1474
70248536	1474
70248723	1474
70248872	1474
70249038	1474
70249206	1474
70249369	1474
70249534	1474
70249697	1474
70249869	1474
70250037	1474
70250206	1474
70250368	1474
70250535	1474
70250698	1474
71048124	1474
71048417	1474
71048627	1474
71048837	1474
71049081	1474
71049415	1474
71049592	1474
71049787	1474
71050239	1474
71050408	1474
71050546	1474
71050727	1474
71050893	1474
71051054	1474
71051217	1474
71051379	1474
71051545	1474
71848050	1474
71848414	1474
71848593	1474
71848856	1474
71849074	1474
71849363	1474
71849505	1474
71849668	1474
71849809	1474
71849950	1474
71850111	1474
71850277	1474
71850452	1474
71850623	1474
71850785	1474
71850925	1474
71851090	1474
72648472	1474
72648699	1474
72648869	1474
72649043	1474
72649212	1474
72649373	1474
72649538	1474
72649699	1474
72649864	1474
72650039	1474
72650200	1474
72650365	1474
72650501	1474
72650640	1474
72650803	1474
72650966	1474
72651142	1474
72651304	1474
73446753	1474
73447142	1474
73447313	1474
73447479	1474
73447640	1474
73447805	1474
73447989	1474
73448154	1474
73448340	1474
73448535	1474
73448701	1474
73448849	1474
73449015	1474
73449188	1474
73449357	1474
73449519	1474
73449685	1474
73449854	1474
74246491	1474
74246776	1474
74246991	1474
74247165	1474
74247344	1474
74247573	1474
74247849	1474
74248015	1474
74248179	1474
74248390	1474
74248540	1474
74248716	1474
74248881	1474
74249018	1474
74249182	1474
74249345	1474
74249508	1474
75045682	1474
75046053	1474
75046205	1474
75046369	1474
75046500	1474
75046789	1474
75046922	1474
75047058	1474
75047207	1474
75047351	1474
75047478	1474
75047607	1474
75047738	1474
75047894	1474
75048028	1474
75048157	1474
75048375	1474
75048509	1474
75845627	1474
75846006	1474
75846339	1474
75846543	1474
75846832	1474
75847001	1474
75847171	1474
75847337	1474
75847502	1474
75847667	1474
75847832	1474
75847995	1474
75848168	1474
75848387	1474
75848545	1474
75848714	1474
75848882	1474
75849022	1474
76645027	1474
76645213	1474
76645337	1474
76645472	1474
76645597	1474
76645719	1474
76645975	1474
76646104	1474
76646227	1474
76646348	1474
76646446	1474
76646568	1474
76646689	1474
76646831	1474
76646954	1474
76647077	1474
76647199	1474
77444877	1474
77445063	1474
77445188	1474
77445311	1474
77445438	1474
77445634	1474
77445765	1474
77445861	1474
77445983	1474
77446102	1474
77446225	1474
77446347	1474
77446470	1474
77446608	1474
77446708	1474
77446830	1474
77446953	1474
77447077	1474
78244561	1474
78244795	1474
78244936	1474
78245062	1474
78245547	1474
78245701	1474
78245823	1474
78245998	1474
78246102	1474
78246225	1474
78246362	1474
78246489	1474
78246612	1474
78246740	1474
78246861	1474
78246979	1474
78247102	1474
79045395	1474
79045636	1474
79045757	1474
79045878	1474
79046003	1474
79046206	1474
79046330	1474
79046454	1474
79046579	1474
79046703	1474
79046833	1474
79046956	1474
79047092	1474
79047190	1474
79047314	1474
79047437	1474
79047560	1474
79047684	1474
79844402	1474
79844578	1474
79844673	1474
79844800	1474
79844924	1474
79845048	1474
79845172	1474
79845297	1474
79845419	1474
79845542	1474
79845667	1474
79845798	1474
79845920	1474
79846047	1474
79846169	1474
79846298	1474
79846419	1474
80644060	1474
80644322	1474
80644446	1474
80644660	1474
80644780	1474
80644900	1474
80645027	1474
80645150	1474
80645283	1474
80645405	1474
80645598	1474
80645720	1474
80645844	1474
80645966	1474
80646090	1474
80646212	1474
81443665	1474
81443841	1474
81443965	1474
81444089	1474
81444297	1474
81444420	1474
81444521	1474
81444647	1474
81444779	1474
81444902	1474
81445028	1474
81445152	1474
81445435	1474
81445575	1474
81445702	1474
81445825	1474
81445950	1474
81446072	1474
82243681	1474
82243906	1474
82244042	1474
82244169	1474
82244338	1474
82244465	1474
82244585	1474
82244708	1474
82244832	1474
82244958	1474
82245065	1474
82245187	1474
82245309	1474
82245430	1474
82245528	1474
82245651	1474
82245773	1474
82245895	1474
83042587	1474
83042857	1474
83042979	1474
83043099	1474
83043194	1474
83043313	1474
83043433	1474
83043555	1474
83043678	1474
83043816	1474
83043937	1474
83044058	1474
83044282	1474
83044407	1474
83044529	1474
83044652	1474
83044782	1474
83843142	1474
83843324	1474
83843458	1474
83843576	1474
83843697	1474
83843815	1474
83844048	1474
83844202	1474
83844362	1474
83844498	1474
83844621	1474
83844726	1474
83844849	1474
83844973	1474
83845097	1474
83845217	1474
83845340	1474
84642808	1474
84642954	1474
84643055	1474
84643178	1474
84643313	1474
84643441	1474
84643676	1474
84643807	1474
84643931	1474
84644055	1474
84644274	1474
84644401	1474
84644532	1474
84644655	1474
84644781	1474
84644903	1474
84645026	1474
85441949	1474
85442179	1474
85442351	1474
85442475	1474
85442597	1474
85442721	1474
85442845	1474
85442959	1474
85443109	1474
85443235	1474
85443357	1474
85443480	1474
85443607	1474
85443733	1474
85443861	1474
85443999	1474
85444125	1474
85444278	1474
86241666	1474
86241927	1474
86242050	1474
86242173	1474
86242269	1474
86242392	1474
86242513	1474
86242636	1474
86242826	1474
86242956	1474
86243078	1474
86243200	1474
86243321	1474
86243445	1474
86243568	1474
86243694	1474
86243866	1474
86243989	1474
87042073	1474
87042265	1474
87042361	1474
87042480	1474
87042611	1474
87042735	1474
87042832	1474
87042956	1474
87043081	1474
87043206	1474
87043331	1474
87043456	1474
87043596	1474
87043720	1474
87043843	1474
87043969	1474
87044090	1474
87841151	1474
87841352	1474
87841483	1474
87841607	1474
87841729	1474
87841853	1474
87841987	1474
87842112	1474
87842243	1474
87842367	1474
87842492	1474
87842614	1474
87842735	1474
87842855	1474
87842979	1474
87843102	1474
87843226	1474
87843357	1474
88641372	1474
88641566	1474
88641694	1474
88641818	1474
88641943	1474
88642078	1474
88642176	1474
88642300	1474
88642424	1474
88642546	1474
88642670	1474
88642794	1474
88642916	1474
88643025	1474
88643149	1474
88643274	1474
88643397	1474
89708425	1474
89708615	1474
89708755	1474
89708851	1474
89708975	1474
89709099	1474
89709219	1474
89709345	1474
89709439	1474
89709560	1474
89709694	1474
89709819	1474
89709936	1474
89710059	1474
89710180	1474
89710302	1474
89710427	1474
89710550	1474
90510828	1474
90511112	1474
90511237	1474
90511363	1474
90511498	1474
90511619	1474
90511742	1474
90511865	1474
90511988	1474
90512133	1474
90512308	1474
90512444	1474
90512567	1474
90512687	1474
90512808	1474
90512929	1474
90513051	1474
90513149	1474
91306491	1474
91306835	1474
91306962	1474
91307084	1474
91307192	1474
91307313	1474
91307433	1474
91307555	1474
91307676	1474
91307798	1474
91307920	1474
91308042	1474
91308176	1474
91308346	1474
91308473	1474
91308594	1474
91308719	1474
92109985	1474
92110364	1474
92110496	1474
92110618	1474
92110709	1474
92110962	1474
92111201	1474
92111491	1474
92111634	1474
92111781	1474
92111915	1474
92112017	1474
92112142	1474
92112339	1474
92112433	1474
92112556	1474
92112679	1474
92905892	1474
92906170	1474
92906294	1474
92906415	1474
92906535	1474
92906664	1474
92906894	1474
92907023	1474
92907141	1474
92907261	1474
92907380	1474
92907499	1474
92907619	1474
92907747	1474
92907839	1474
92907958	1474
92908077	1474
92908259	1474
93705377	1474
93705719	1474
93705892	1474
93706058	1474
93706265	1474
93706499	1474
93706672	1474
93706841	1474
93707022	1474
93707192	1474
93707361	1474
93707530	1474
93707693	1474
93707859	1474
93708020	1474
93708161	1474
93708382	1474
93708551	1474
94239568	1474
94239794	1474
94239963	1474
94240233	1474
94240499	1474
94240672	1474
94240810	1474
94240973	1474
94241113	1474
94241288	1474
94241456	1474
94241620	1474
94241782	1474
94241947	1474
94242108	1474
94242288	1474
95039537	1474
95039785	1474
95039968	1474
95040299	1474
95040528	1474
95040713	1474
95040882	1474
95041064	1474
95041229	1474
95041371	1474
95041536	1474
95041705	1474
95041868	1474
95042052	1474
95042215	1474
95042381	1474
95042548	1474
96105892	1474
96106138	1474
96106310	1474
96106564	1474
96106790	1474
96107040	1474
96107211	1474
96107375	1474
96107543	1474
96107711	1474
96107876	1474
96108040	1474
96108205	1474
96108421	1474
96108613	1474
96108783	1474
96108945	1474
96109110	1474
96904763	1474
96905151	1474
96905360	1474
96905623	1474
96905843	1474
96906081	1474
96906254	1474
96906451	1474
96906618	1474
96906760	1474
96906930	1474
96907094	1474
96907259	1474
96907440	1474
96907610	1474
96907781	1474
96907924	1474
96908089	1474
97704562	1474
97704842	1474
97705095	1474
97705263	1474
97705428	1474
97705594	1474
97705759	1474
97705924	1474
97706125	1474
97706348	1474
97706609	1474
97706779	1474
97706942	1474
97707121	1474
97707261	1474
97707438	1474
98238681	1474
98239011	1474
98239186	1474
98239452	1474
98239676	1474
98239949	1474
98240115	1474
98240332	1474
98240500	1474
98240668	1474
98240830	1474
98241011	1474
98241176	1474
98241345	1474
98241509	1474
98241695	1474
98241873	1474
99037264	1474
99037512	1474
99037690	1474
99037857	1474
99038041	1474
99038209	1474
99038376	1474
99038543	1474
99038719	1474
99038884	1474
99039052	1474
99039220	1474
99039386	1474
99039551	1474
99039725	1474
99039891	1474
99838022	1474
99838268	1474
99838446	1474
99838616	1474
99838759	1474
99838925	1474
99839091	1474
99839257	1474
99839433	1474
99839598	1474
99839768	1474
99839932	1474
99840099	1474
99840316	1474
99840510	1474
99840678	1474
99840847	1474
100636295	1474
100636588	1474
100636756	1474
100636942	1474
100637112	1474
100637289	1474
100637454	1474
100637618	1474
100637784	1474
100637948	1474
100638112	1474
100638292	1474
100638456	1474
100638621	1474
100638763	1474
100638926	1474
100639089	1474
100639241	1474
101436635	1474
101436899	1474
101437073	1474
101437239	1474
101437500	1474
101437722	1474
101438038	1474
101438207	1474
101438346	1474
101438529	1474
101438699	1474
101438862	1474
101439041	1474
101439180	1474
101439345	1474
101439485	1474
101439662	1474
101439825	1474
102502703	1474
102502920	1474
102503085	1474
102503251	1474
102503414	1474
102503590	1474
102503751	1474
102503913	1474
102504079	1474
102504239	1474
102504456	1474
102504637	1474
102504824	1474
102504964	1474
102505131	1474
102505291	1474
102505456	1474
102505631	1474
103035611	1474
103035870	1474
103036041	1474
103036203	1474
103036427	1474
103036594	1474
103036757	1474
103036919	1474
103037085	1474
103037245	1474
103037415	1474
103037586	1474
103037747	1474
103037885	1474
103038047	1474
103038207	1474
103038382	1474
104102203	1474
104102457	1474
104102625	1474
104102788	1474
104102953	1474
104103101	1474
104103268	1474
104103429	1474
104103593	1474
104103729	1474
104103868	1474
104104040	1474
104104207	1474
104104414	1474
104104617	1474
104104782	1474
104104947	1474
104105124	1474
104901724	1474
104901997	1474
104902115	1474
104902245	1474
104902369	1474
104902495	1474
104902623	1474
104902743	1474
104902875	1474
104903002	1474
104903135	1474
104903282	1474
104903408	1474
104903533	1474
104903659	1474
104903795	1474
104903941	1474
104904045	1474
105701339	1474
105701489	1474
105701627	1474
105701869	1474
105702000	1474
105702147	1474
105702288	1474
105702410	1474
105702548	1474
105702673	1474
105702814	1474
105702939	1474
105703084	1474
105703181	1474
105703305	1474
105703577	1474
105703709	1474
105703838	1474
106500612	1474
106500772	1474
106500902	1474
106501026	1474
106501155	1474
106501313	1474
106501437	1474
106501530	1474
106501654	1474
106501790	1474
106501913	1474
106502034	1474
106502167	1474
106502306	1474
106502431	1474
106502552	1474
106502681	1474
107300871	1474
107301197	1474
107301324	1474
107301451	1474
107301579	1474
107301681	1474
107301808	1474
107301946	1474
107302089	1474
107302216	1474
107302343	1474
107302470	1474
107302603	1474
107302730	1474
107302879	1474
107302977	1474
107303120	1474
108100264	1474
108100458	1474
108100587	1474
108100712	1474
108100869	1474
108100994	1474
108101127	1474
108101267	1474
108101411	1474
108101528	1474
108101643	1474
108101777	1474
108101910	1474
108102034	1474
108102159	1474
108102284	1474
108102414	1474
108900018	1474
108900287	1474
108900427	1474
108900577	1474
108900707	1474
108901023	1474
108901153	1474
108901277	1474
108901398	1474
108901524	1474
108901661	1474
108901784	1474
108901908	1474
108902032	1474
108902156	1474
108902280	1474
108902403	1474
109703446	1474
109703599	1474
109703724	1474
109703912	1474
109704038	1474
109704335	1474
109704463	1474
109704584	1474
109704679	1474
109704799	1474
109704916	1474
109705036	1474
109705131	1474
109705259	1474
109705379	1474
109705499	1474
109705620	1474
109705740	1474
110501660	1474
110501830	1474
110502021	1474
110502139	1474
110502253	1474
110502363	1474
110502448	1474
110502559	1474
110502678	1474
110502770	1474
110502896	1474
110503034	1474
110503150	1474
110503261	1474
110503370	1474
110503481	1474
110503568	1474
110503656	1474
111299277	1474
111299451	1474
111299572	1474
111299693	1474
111299912	1474
111300037	1474
111300303	1474
111300431	1474
111300553	1474
111300672	1474
111300807	1474
111300927	1474
111301045	1474
111301160	1474
111301277	1474
111301396	1474
111301515	1474
111301635	1474
112098653	1474
112098884	1474
112099008	1474
112099129	1474
112099288	1474
112099428	1474
112099670	1474
112099772	1474
112099892	1474
112100013	1474
112100135	1474
112100295	1474
112100422	1474
112100556	1474
112100651	1474
112100769	1474
112100886	1474
112898755	1474
112898938	1474
112899059	1474
112899181	1474
112899315	1474
112899435	1474
112899551	1474
112899659	1474
112899765	1474
112899872	1474
112899985	1474
112900096	1474
112900295	1474
112900408	1474
112900523	1474
112900632	1474
112900739	1474
112900847	1474
113701357	1474
113701543	1474
113701641	1474
113701761	1474
113701881	1474
113702011	1474
113702133	1474
113702253	1474
113702374	1474
113702495	1474
113702616	1474
113702737	1474
113702858	1474
113702994	1474
113703115	1474
113703236	1474
113703358	1474
114498800	1474
114498994	1474
114499083	1474
114499206	1474
114499327	1474
114499447	1474
114499541	1474
114499669	1474
114499791	1474
114499917	1474
114500039	1474
114500180	1474
114500317	1474
114500442	1474
114500563	1474
114500700	1474
114500823	1474
114500918	1474
115301194	1474
115301387	1474
115301598	1474
115301757	1474
115301894	1474
115302049	1474
115302359	1474
115302482	1474
115302633	1474
115302760	1474
115302904	1474
115303027	1474
115303152	1474
115303277	1474
115303403	1474
115303540	1474
115303666	1474
116097200	1474
116097397	1474
116097525	1474
116097709	1474
116097851	1474
116098224	1474
116098355	1474
116098482	1474
116098636	1474
116098760	1474
116098890	1474
116099031	1474
116099153	1474
116099310	1474
116099449	1474
116099572	1474
116099707	1474
116897374	1474
116897611	1474
116897733	1474
116897852	1474
116897959	1474
116898081	1474
116898200	1474
116898320	1474
116898439	1474
116898558	1474
116898652	1474
116898771	1474
116898866	1474
116898999	1474
116899096	1474
116899217	1474
116899312	1474
116899432	1474
117696894	1474
117697079	1474
117697201	1474
117697320	1474
117697438	1474
117697534	1474
117697662	1474
117697779	1474
117697897	1474
117698015	1474
117698135	1474
117698254	1474
117698349	1474
117698469	1474
117698589	1474
117698722	1474
117698842	1474
117698963	1474
118499604	1474
118499862	1474
118499989	1474
118500118	1474
118500388	1474
118500532	1474
118500737	1474
118500863	1474
118500993	1474
118501120	1474
118501256	1474
118501382	1474
118501498	1474
118501639	1474
118501767	1474
118501893	1474
118502041	1474
118502169	1474
119296469	1474
119296662	1474
119296759	1474
119296883	1474
119297003	1474
119297127	1474
119297256	1474
119297470	1474
119297608	1474
119297755	1474
119297878	1474
119298007	1474
119298116	1474
119298242	1474
119298400	1474
119298527	1474
119298653	1474
120096145	1474
120096608	1474
120096741	1474
120096877	1474
120097000	1474
120097235	1474
120097375	1474
120097503	1474
120097647	1474
120097788	1474
120097917	1474
120098058	1474
120098186	1474
120098319	1474
120098457	1474
120098582	1474
120098711	1474
120896407	1474
120896646	1474
120896808	1474
120896938	1474
120897096	1474
120897226	1474
120897368	1474
120897492	1474
120897619	1474
120897760	1474
120897901	1474
120898028	1474
120898192	1474
120898317	1474
120898458	1474
120898580	1474
120898700	1474
120898855	1474
121962134	1474
121962373	1474
121962540	1474
121962841	1474
121963061	1474
121963385	1474
121963554	1474
121963717	1474
121963881	1474
121964046	1474
121964217	1474
121964438	1474
121964625	1474
121964767	1474
121964905	1474
121965069	1474
121965234	1474
121965403	1474
122762121	1474
122762343	1474
122762512	1474
122762674	1474
122762838	1474
122763000	1474
122763174	1474
122763336	1474
122763498	1474
122763658	1474
122763819	1474
122763981	1474
122764149	1474
122764359	1474
122764525	1474
122764662	1474
122764800	1474
122764961	1474
123561654	1474
123561910	1474
123562153	1474
123562362	1474
123562581	1474
123562834	1474
123563000	1474
123563163	1474
123563302	1474
123563465	1474
123563601	1474
123563763	1474
123563935	1474
123564098	1474
123564308	1474
123564476	1474
123564637	1474
124363635	1474
124363938	1474
124364134	1474
124364479	1474
124364706	1474
124364917	1474
124365086	1474
124365249	1474
124365413	1474
124365588	1474
124365752	1474
124365915	1474
124366079	1474
124366247	1474
124366411	1474
124366580	1474
124366745	1474
124898502	1474
124898868	1474
124899008	1474
124899131	1474
124899255	1474
124899383	1474
124899510	1474
124899638	1474
124899788	1474
124899890	1474
124900018	1474
124900145	1474
124900358	1474
124900496	1474
124900629	1474
124900775	1474
124900901	1474
125694336	1474
125694677	1474
125694830	1474
125694957	1474
125695082	1474
125695202	1474
125695345	1474
125695475	1474
125695599	1474
125695746	1474
125695849	1474
125695976	1474
125696103	1474
125696306	1474
125696439	1474
125696564	1474
125696684	1474
126760625	1474
126760916	1474
126761042	1474
126761162	1474
126761283	1474
126761405	1474
126761526	1474
126761648	1474
126761768	1474
126761902	1474
126762025	1474
126762147	1474
126762269	1474
126762390	1474
126762511	1474
126762631	1474
126762752	1474
126762887	1474
127296613	1474
127296901	1474
127297024	1474
127297145	1474
127297269	1474
127297390	1474
127297641	1474
127297772	1474
127297896	1474
127298017	1474
127298140	1474
127298263	1474
127298385	1474
127298506	1474
127298735	1474
127298872	1474
127298999	1474
128093578	1474
128093804	1474
128093926	1474
128094048	1474
128094169	1474
128094289	1474
128094421	1474
128094542	1474
128094663	1474
128094787	1474
128094909	1474
128095031	1474
128095153	1474
128095287	1474
128095419	1474
128095552	1474
128095673	1474
128892919	1474
128893165	1474
128893292	1474
128893411	1474
128893530	1474
128893650	1474
128893767	1474
128893887	1474
128894005	1474
128894130	1474
128894250	1474
128894441	1474
128894566	1474
128894685	1474
128894810	1474
128894927	1474
128895046	1474
129958889	1474
129959134	1474
129959257	1474
129959378	1474
129959499	1474
129959620	1474
129959740	1474
129959873	1474
129959993	1474
129960133	1474
129960339	1474
129960462	1474
129960582	1474
129960706	1474
129960842	1474
129960961	1474
129961084	1474
129961207	1474
130759697	1474
130759937	1474
130760034	1474
130760156	1474
130760324	1474
130760447	1474
130760593	1474
130760715	1474
130760814	1474
130760938	1474
130761059	1474
130761181	1474
130761302	1474
130761421	1474
130761547	1474
130761669	1474
130761760	1474
130761878	1474
131558514	1474
131558752	1474
131558876	1474
131559002	1474
131559098	1474
131559223	1474
131559358	1474
131559481	1474
131559601	1474
131559724	1474
131559844	1474
131559963	1474
131560103	1474
131560309	1474
131560412	1474
131560535	1474
131560654	1474
131560776	1474
132359873	1474
132360081	1474
132360280	1474
132360411	1474
132360534	1474
132360795	1474
132360925	1474
132361063	1474
132361212	1474
132361338	1474
132361470	1474
132361595	1474
132361729	1474
132361853	1474
132361985	1474
132362094	1474
132362219	1474
133157738	1474
133158021	1474
133158159	1474
133158299	1474
133158424	1474
133158549	1474
133158673	1474
133158818	1474
133158942	1474
133159069	1474
133159169	1474
133159294	1474
133159427	1474
133159551	1474
133159690	1474
133159832	1474
133159958	1474
133958035	1474
133958231	1474
133958325	1474
133958470	1474
133958595	1474
133958722	1474
133958850	1474
133958949	1474
133959073	1474
133959226	1474
133959370	1474
133959511	1474
133959648	1474
133959789	1474
133959915	1474
133960042	1474
133960196	1474
134758437	1474
134758670	1474
134758792	1474
134758911	1474
134759004	1474
134759121	1474
134759259	1474
134759380	1474
134759503	1474
134759626	1474
134759719	1474
134759812	1474
134759931	1474
134760052	1474
134760149	1474
134760349	1474
134760473	1474
134760592	1474
135557120	1474
135557337	1474
135557457	1474
135557578	1474
135557699	1474
135557819	1474
135557925	1474
135558129	1474
135558265	1474
135558387	1474
135558513	1474
135558635	1474
135558758	1474
135558877	1474
135559014	1474
135559135	1474
135559254	1474
136360675	1474
136360909	1474
136361067	1474
136361191	1474
136361315	1474
136361440	1474
136361561	1474
136361761	1474
136361883	1474
136361977	1474
136362097	1474
136362216	1474
136362335	1474
136362454	1474
136362572	1474
136362704	1474
136362824	1474
136362945	1474
137156627	1474
137156893	1474
137157018	1474
137157139	1474
137157258	1474
137157375	1474
137157509	1474
137157632	1474
137157755	1474
137157876	1474
137157997	1474
137158118	1474
137158238	1474
137158358	1474
137158487	1474
137158606	1474
137158728	1474
137158848	1474
137956946	1474
137957229	1474
137957357	1474
137957481	1474
137957704	1474
137957833	1474
137957954	1474
137958074	1474
137958203	1474
137958321	1474
137958439	1474
137958561	1474
137958680	1474
137958801	1474
137958923	1474
137959043	1474
137959163	1474
137959297	1474
138755749	1474
138756064	1474
138756234	1474
138756421	1474
138756645	1474
138756773	1474
138756893	1474
138757039	1474
138757158	1474
138757279	1474
138757399	1474
138757519	1474
138757641	1474
138757761	1474
138757880	1474
138758014	1474
138758134	1474
139555275	1474
139555546	1474
139555693	1474
139555816	1474
139555936	1474
139556056	1474
139556196	1474
139556361	1474
139556481	1474
139556603	1474
139556735	1474
139556855	1474
139556974	1474
139557095	1474
139557218	1474
139557338	1474
139557432	1474
139557527	1474
140355240	1474
140355528	1474
140355669	1474
140355791	1474
140355912	1474
140356034	1474
140356154	1474
140356323	1474
140356459	1474
140356579	1474
140356702	1474
140356822	1474
140356943	1474
140357063	1474
140357183	1474
140357304	1474
140357406	1474
141158186	1474
141158466	1474
141158580	1474
141158672	1474
141158791	1474
141158911	1474
141159032	1474
141159154	1474
141159293	1474
141159416	1474
141159537	1474
141159657	1474
141159772	1474
141159856	1474
141159976	1474
141160097	1474
141954276	1474
141954577	1474
141954704	1474
141954832	1474
141954965	1474
141955084	1474
141955201	1474
141955296	1474
141955415	1474
141955534	1474
141955655	1474
141955774	1474
141955897	1474
141956018	1474
141956136	1474
141956338	1474
141956459	1474
141956577	1474
142753957	1474
142754306	1474
142754471	1474
142754640	1474
142754848	1474
142755067	1474
142755246	1474
142755405	1474
142755565	1474
142755740	1474
142755900	1474
142756034	1474
142756195	1474
142756416	1474
142756584	1474
142756758	1474
142756919	1474
143554539	1474
143554822	1474
143554925	1474
143555069	1474
143555193	1474
143555317	1474
143555432	1474
143555555	1474
143555709	1474
143555835	1474
143555960	1474
143556093	1474
143556247	1474
143556428	1474
143556558	1474
143556681	1474
143556802	1474
143556933	1474
144354060	1474
144354353	1474
144354467	1474
144354573	1474
144354681	1474
144354793	1474
144354899	1474
144355009	1474
144355131	1474
144355240	1474
144355351	1474
144355460	1474
144355570	1474
144355678	1474
144355789	1474
144355876	1474
144355986	1474
145154717	1474
145155019	1474
145155143	1474
145155263	1474
145155386	1474
145155505	1474
145155626	1474
145155745	1474
145155865	1474
145155999	1474
145156143	1474
145156306	1474
145156429	1474
145156550	1474
145156669	1474
145156790	1474
145156885	1474
145953132	1474
145953353	1474
145953516	1474
145953693	1474
145953886	1474
145954047	1474
145954209	1474
145954369	1474
145954532	1474
145954709	1474
145954873	1474
145955035	1474
145955196	1474
145955356	1474
145955519	1474
145955695	1474
145955859	1474
145955994	1474
146752694	1474
146753037	1474
146753160	1474
146753253	1474
146753368	1474
146753501	1474
146753622	1474
146753741	1474
146753858	1474
146753953	1474
146754077	1474
146754198	1474
146754317	1474
146754451	1474
146754572	1474
146754698	1474
146754817	1474
146754937	1474
147552285	1474
147552514	1474
147552798	1474
147552931	1474
147553054	1474
147553189	1474
147553425	1474
147553558	1474
147553705	1474
147553859	1474
147553985	1474
147554118	1474
147554258	1474
147554396	1474
147554524	1474
147554624	1474
147554750	1474
147554898	1474
148352314	1474
148352542	1474
148352796	1474
148352987	1474
148353127	1474
148353413	1474
148353545	1474
148353665	1474
148353790	1474
148353962	1474
148354104	1474
148354278	1474
148354408	1474
148354536	1474
148354683	1474
148354808	1474
148354962	1474
149152261	1474
149152530	1474
149152694	1474
149152820	1474
149152951	1474
149153214	1474
149153347	1474
149153494	1474
149153641	1474
149153910	1474
149154041	1474
149154179	1474
149154301	1474
149154426	1474
149154559	1474
149154670	1474
149154817	1474
149951502	1474
149951802	1474
149951950	1474
149952077	1474
149952235	1474
149952381	1474
149952516	1474
149952647	1474
149952796	1474
149952923	1474
149953062	1474
149953188	1474
149953309	1474
149953436	1474
149953562	1474
149953685	1474
150751438	1474
150751666	1474
150751804	1474
150752101	1474
150752377	1474
150752510	1474
150752637	1474
150752791	1474
150752918	1474
150753058	1474
150753201	1474
150753337	1474
150753478	1474
150753603	1474
150753728	1474
150753873	1474
150754014	1474
150754155	1474
151552640	1474
151552956	1474
151553109	1474
151553236	1474
151553362	1474
151553500	1474
151553626	1474
151553755	1474
151553966	1474
151554096	1474
151554217	1474
151554343	1474
151554450	1474
151554576	1474
151554701	1474
151554843	1474
151554970	1474
152351334	1474
152351792	1474
152351940	1474
152352081	1474
152352298	1474
152352429	1474
152352597	1474
152352727	1474
152352831	1474
152352955	1474
152353078	1474
152353200	1474
152353324	1474
152353452	1474
152353595	1474
152353724	1474
152353850	1474
152353977	1474
153150510	1474
153150825	1474
153150974	1474
153151130	1474
153151271	1474
153151428	1474
153151675	1474
153151776	1474
153151903	1474
153152029	1474
153152154	1474
153152368	1474
153152501	1474
153152647	1474
153152797	1474
153152925	1474
153153071	1474
153950244	1474
153950497	1474
153950622	1474
153950743	1474
153950875	1474
153950999	1474
153951140	1474
153951263	1474
153951385	1474
153951506	1474
153951628	1474
153951750	1474
153951873	1474
153951994	1474
153952156	1474
153952322	1474
153952420	1474
154751394	1474
154751728	1474
154751874	1474
154751998	1474
154752145	1474
154752317	1474
154752446	1474
154752568	1474
154752662	1474
154752790	1474
154752914	1474
154753048	1474
154753172	1474
154753293	1474
154753412	1474
154753533	1474
154753653	1474
154753754	1474
155550202	1474
155550428	1474
155550618	1474
155550780	1474
155550920	1474
155551086	1474
155551249	1474
155551412	1474
155551589	1474
155551754	1474
155551920	1474
155552084	1474
155552249	1474
155552470	1474
155552653	1474
155552818	1474
155552984	1474
155553151	1474
156349680	1474
156350017	1474
156350143	1474
156350241	1474
156350379	1474
156350503	1474
156350742	1474
156350874	1474
156350999	1474
156351123	1474
156351243	1474
156351380	1474
156351499	1474
156351594	1474
156351715	1474
156351811	1474
156351909	1474
157149686	1474
157149923	1474
157150143	1474
157150421	1474
157150650	1474
157150918	1474
157151106	1474
157151252	1474
157151416	1474
157151583	1474
157151722	1474
157151892	1474
157152071	1474
157152372	1474
157152601	1474
157152852	1474
157153027	1474
157949195	1474
157949551	1474
157949792	1474
157949935	1474
157950062	1474
157950216	1474
157950342	1474
157950479	1474
157950601	1474
157950764	1474
157950959	1474
157951106	1474
157951254	1474
157951377	1474
157951472	1474
157951595	1474
158748617	1474
158748951	1474
158749091	1474
158749191	1474
158749316	1474
158749435	1474
158749591	1474
158749719	1474
158749891	1474
158750018	1474
158750177	1474
158750303	1474
158750436	1474
158750603	1474
158750730	1474
158750857	1474
158750986	1474
159548772	1474
159549140	1474
159549309	1474
159549432	1474
159549558	1474
159549695	1474
159549841	1474
159549967	1474
159550097	1474
159550224	1474
159550383	1474
159550505	1474
159550647	1474
159550802	1474
159550929	1474
159551081	1474
159551209	1474
159551354	1474
160348528	1474
160348888	1474
160349017	1474
160349149	1474
160349276	1474
160349398	1474
160349525	1474
160349644	1474
160349773	1474
160349875	1474
160350016	1474
160350143	1474
160350271	1474
160350400	1474
160350531	1474
160350680	1474
160350783	1474
161148354	1474
161148720	1474
161148890	1474
161149055	1474
161149219	1474
161149387	1474
161149553	1474
161149729	1474
161149897	1474
161150061	1474
161150230	1474
161150369	1474
161150539	1474
161150716	1474
161150885	1474
161151024	1474
161151192	1474
161151356	1474
161946988	1474
161947209	1474
161947386	1474
161947595	1474
161947813	1474
161947982	1474
161948145	1474
161948360	1474
161948515	1474
161948682	1474
161948844	1474
161949008	1474
161949171	1474
161949353	1474
161949529	1474
161949675	1474
161949819	1474
161949964	1474
162748227	1474
162748532	1474
162748698	1474
162748922	1474
162749157	1474
162749446	1474
162749614	1474
162749776	1474
162749938	1474
162750099	1474
162750265	1474
162750409	1474
162750597	1474
162750761	1474
162750924	1474
162751085	1474
162751254	1474
163548362	1474
163548605	1474
163548757	1474
163548934	1474
163549098	1474
163549263	1474
163549429	1474
163549594	1474
163549760	1474
163549933	1474
163550072	1474
163550239	1474
163550408	1474
163550570	1474
163550736	1474
163550913	1474
164079877	1474
164080118	1474
164080319	1474
164080489	1474
164080655	1474
164080901	1474
164081068	1474
164081236	1474
164081399	1474
164081565	1474
164081734	1474
164081984	1474
164082213	1474
164082471	1474
164082637	1474
164082810	1474
165147254	1474
165147610	1474
165147948	1474
165148177	1474
165148458	1474
165148632	1474
165148795	1474
165148962	1474
165149106	1474
165149269	1474
165149443	1474
165149635	1474
165149805	1474
165149974	1474
165150140	1474
165150310	1474
165150486	1474
165946774	1474
165946997	1474
165947191	1474
165947381	1474
165947552	1474
165947717	1474
165947968	1474
165948137	1474
165948368	1474
165948548	1474
165948713	1474
165948884	1474
165949049	1474
165949302	1474
165949472	1474
165949635	1474
165949801	1474
166479213	1474
166479450	1474
166479641	1474
166479919	1474
166480162	1474
166480388	1474
166480561	1474
166480733	1474
166480949	1474
166481185	1474
166481424	1474
166481590	1474
166481754	1474
166481921	1474
166482103	1474
166482270	1474
166482433	1474
167278046	1474
167278291	1474
167278459	1474
167278653	1474
167278863	1474
167279070	1474
167279232	1474
167279393	1474
167279554	1474
167279733	1474
167279906	1474
167280068	1474
167280229	1474
167280456	1474
167280625	1474
167280789	1474
167280961	1474
168079758	1474
168079923	1474
168080085	1474
168080301	1474
168080493	1474
168080664	1474
168080826	1474
168080989	1474
168081150	1474
168081324	1474
168081486	1474
168081655	1474
168081816	1474
168081976	1474
168082137	1474
168082297	1474
168082456	1474
168879693	1474
168879827	1474
168879927	1474
168880053	1474
168880185	1474
168880407	1474
168880635	1474
168880768	1474
168880891	1474
168881017	1474
168881141	1474
168881289	1474
168881412	1474
168881536	1474
168881662	1474
168881786	1474
168881914	1474
169677387	1474
169677771	1474
169677898	1474
169678015	1474
169678193	1474
169678300	1474
169678455	1474
169678688	1474
169678814	1474
169678940	1474
169679075	1474
169679203	1474
169679321	1474
169679448	1474
169679604	1474
169679730	1474
169679876	1474
169680178	1474
170743853	1474
170744088	1474
170744292	1474
170744509	1474
170744647	1474
170744790	1474
170745044	1474
170745173	1474
170745320	1474
170745446	1474
170745580	1474
170745731	1474
170745832	1474
170745958	1474
170746084	1474
170746215	1474
170746343	1474
170746470	1474
171545018	1474
171545371	1474
171545544	1474
171545672	1474
171545803	1474
171546122	1474
171546252	1474
171546470	1474
171546594	1474
171546720	1474
171546850	1474
171546977	1474
171547100	1474
171547223	1474
171547379	1474
171547504	1474
171547631	1474
172344147	1474
172344572	1474
172344701	1474
172344826	1474
172344977	1474
172345212	1474
172345369	1474
172345495	1474
172345667	1474
172345795	1474
172345920	1474
172346045	1474
172346195	1474
172346318	1474
172346453	1474
172346583	1474
172346711	1474
172346843	1474
173143151	1474
173143459	1474
173143584	1474
173143717	1474
173143858	1474
173143984	1474
173144126	1474
173144298	1474
173144433	1474
173144561	1474
173144687	1474
173144834	1474
173144956	1474
173145081	1474
173145216	1474
173145344	1474
173145482	1474
173942634	1474
173942961	1474
173943089	1474
173943212	1474
173943315	1474
173943460	1474
173943595	1474
173943725	1474
173943850	1474
173943975	1474
173944160	1474
173944339	1474
173944466	1474
173944603	1474
173944729	1474
173944863	1474
173944962	1474
174744190	1474
174744366	1474
174744492	1474
174744616	1474
174744751	1474
174744872	1474
174745121	1474
174745252	1474
174745359	1474
174745484	1474
174745608	1474
174745733	1474
174745857	1474
174745979	1474
174746115	1474
174746237	1474
174746369	1474
174746493	1474
175543681	1474
175543805	1474
175543924	1474
175544044	1474
175544212	1474
175544396	1474
175544491	1474
175544610	1474
175544731	1474
175544856	1474
175544976	1474
175545103	1474
175545226	1474
175545348	1474
175545468	1474
175545564	1474
175545685	1474
176345987	1474
176346112	1474
176346234	1474
176346361	1474
176346486	1474
176346715	1474
176346853	1474
176346977	1474
176347101	1474
176347224	1474
176347346	1474
176347468	1474
176347592	1474
176347718	1474
176347845	1474
176347970	1474
176348091	1474
176348275	1474
177144207	1474
177144424	1474
177144688	1474
177144908	1474
177145165	1474
177145329	1474
177145490	1474
177145667	1474
177145827	1474
177145989	1474
177146150	1474
177146334	1474
177146500	1474
177146676	1474
177146839	1474
177147001	1474
177147163	1474
177147324	1474
177942785	1474
177942912	1474
177943028	1474
177943149	1474
177943271	1474
177943388	1474
177943478	1474
177943607	1474
177943722	1474
177943851	1474
177943978	1474
177944094	1474
177944292	1474
177944414	1474
177944530	1474
177944665	1474
177944778	1474
177944919	1474
178745536	1474
178745686	1474
178745810	1474
178745932	1474
178746068	1474
178746223	1474
178746464	1474
178746607	1474
178746763	1474
178746891	1474
178747023	1474
178747164	1474
178747310	1474
178747434	1474
178747588	1474
178747714	1474
178747825	1474
178747951	1474
179543989	1474
179544124	1474
179544358	1474
179544490	1474
179544627	1474
179545152	1474
179545295	1474
179545432	1474
179545582	1474
179545708	1474
179545846	1474
179545991	1474
179546119	1474
179546257	1474
179546383	1474
179546529	1474
179546658	1474
180342501	1474
180342646	1474
180342785	1474
180342926	1474
180343051	1474
180343180	1474
180343304	1474
180343428	1474
180343570	1474
180343698	1474
180343824	1474
180343953	1474
180344082	1474
180344203	1474
180344391	1474
180344518	1474
180344660	1474
180344788	1474
181141644	1474
181141770	1474
181141871	1474
181141995	1474
181142096	1474
181142414	1474
181142548	1474
181142675	1474
181142879	1474
181143008	1474
181143133	1474
181143259	1474
181143424	1474
181143522	1474
181143640	1474
181143774	1474
181143967	1474
181941604	1474
181941771	1474
181942026	1474
181942277	1474
181942464	1474
181942628	1474
181942790	1474
181942954	1474
181943123	1474
181943288	1474
181943450	1474
181943614	1474
181943775	1474
181943914	1474
181944104	1474
181944319	1474
182743352	1474
182743520	1474
182743682	1474
182743923	1474
182744145	1474
182745161	1474
182745375	1474
182745594	1474
182745758	1474
182745905	1474
182746071	1474
182746236	1474
182746400	1474
182746563	1474
182746727	1474
182746899	1474
182747230	1474
183542744	1474
183542875	1474
183543043	1474
183543228	1474
183543428	1474
183543737	1474
183543905	1474
183544055	1474
183544200	1474
183544430	1474
183544616	1474
183544787	1474
183544911	1474
183545059	1474
183545209	1474
183545357	1474
183545513	1474
184341027	1474
184341192	1474
184341373	1474
184341651	1474
184341870	1474
184342146	1474
184342327	1474
184342498	1474
184342658	1474
184342820	1474
184343000	1474
184343172	1474
184343433	1474
184343598	1474
184343765	1474
184343926	1474
184344092	1474
184344260	1474
185141005	1474
185141133	1474
185141257	1474
185141383	1474
185141514	1474
185141640	1474
185141788	1474
185141915	1474
185142062	1474
185142194	1474
185142321	1474
185142451	1474
185142603	1474
185142734	1474
185142879	1474
185143021	1474
185143151	1474
185143279	1474
185940105	1474
185940278	1474
185940410	1474
185940545	1474
185940703	1474
185941021	1474
185941208	1474
185941313	1474
185941441	1474
185941547	1474
185941673	1474
185941822	1474
185941964	1474
185942092	1474
185942214	1474
185942341	1474
185942470	1474
185942601	1474
186740185	1474
186740360	1474
186740574	1474
186740701	1474
186740959	1474
186741097	1474
186741227	1474
186741378	1474
186741607	1474
186741753	1474
186741882	1474
186742009	1474
186742137	1474
186742268	1474
186742394	1474
186742537	1474
186742666	1474
186742793	1474
187540714	1474
187540850	1474
187540998	1474
187541133	1474
187541516	1474
187541679	1474
187541952	1474
187542081	1474
187542282	1474
187542416	1474
187542550	1474
187542678	1474
187542807	1474
187542933	1474
187543095	1474
187543232	1474
187543383	1474
187543509	1474
188339033	1474
188339163	1474
188339300	1474
188339450	1474
188339672	1474
188339809	1474
188339940	1474
188340083	1474
188340271	1474
188340404	1474
188340561	1474
188340689	1474
188340834	1474
188340960	1474
188341115	1474
188341218	1474
188341359	1474
189137300	1474
189137492	1474
189137627	1474
189137771	1474
189137900	1474
189138053	1474
189138205	1474
189138450	1474
189138595	1474
189138731	1474
189138872	1474
189138996	1474
189139123	1474
189139248	1474
189139394	1474
189139518	1474
189139665	1474
189139811	1474
190205942	1474
190206089	1474
190206272	1474
190206407	1474
190206539	1474
190206691	1474
190206972	1474
190207104	1474
190207252	1474
190207390	1474
190207535	1474
190207663	1474
190207791	1474
190207937	1474
190208065	1474
190208194	1474
190208346	1474
190208544	1474
191004892	1474
191005019	1474
191005545	1474
191005894	1474
191006029	1474
191006177	1474
191006305	1474
191006445	1474
191006573	1474
191006718	1474
191006870	1474
191006998	1474
191007130	1474
191007273	1474
191007400	1474
191007558	1474
191007689	1474
191007817	1474
191805512	1474
191805641	1474
191805768	1474
191805880	1474
191805982	1474
191806112	1474
191806249	1474
191806401	1474
191806527	1474
191806662	1474
191806789	1474
191806922	1474
191807051	1474
191807244	1474
191807375	1474
191807489	1474
191807612	1474
191807741	1474
192602686	1474
192603041	1474
192603147	1474
192603269	1474
192603392	1474
192603514	1474
192603646	1474
192603773	1474
192603897	1474
192604019	1474
192604163	1474
192604357	1474
192604587	1474
192604727	1474
192604851	1474
192604976	1474
192605099	1474
192605224	1474
193404176	1474
193404353	1474
193404492	1474
193404620	1474
193404754	1474
193404909	1474
193405105	1474
193405205	1474
193405326	1474
193405464	1474
193405587	1474
193405710	1474
193405808	1474
193405933	1474
193406056	1474
193406179	1474
193406303	1474
193406439	1474
194204132	1474
194204337	1474
194204465	1474
194204560	1474
194204672	1474
194204796	1474
194204940	1474
194205046	1474
194205185	1474
194205308	1474
194205410	1474
194205535	1474
194205659	1474
194205785	1474
194205911	1474
194206047	1474
194206188	1474
195003877	1474
195003986	1474
195004113	1474
195004306	1474
195004438	1474
195004578	1474
195004703	1474
195004846	1474
195004979	1474
195005116	1474
195005249	1474
195005375	1474
195005502	1474
195005629	1474
195005756	1474
195005903	1474
195006050	1474
195006178	1474
195803660	1474
195803787	1474
195803928	1474
195804054	1474
195804230	1474
195804362	1474
195804504	1474
195804629	1474
195804759	1474
195804886	1474
195805014	1474
195805148	1474
195805278	1474
195805419	1474
195805546	1474
195805685	1474
195805814	1474
196604551	1474
196604680	1474
196604820	1474
196604956	1474
196605091	1474
196605228	1474
196605368	1474
196605498	1474
196605621	1474
196605761	1474
196605884	1474
196606013	1474
196606142	1474
196606280	1474
196606422	1474
196606551	1474
196606680	1474
196606808	1474
197403557	1474
197403730	1474
197403893	1474
197404060	1474
197404238	1474
197404452	1474
197404625	1474
197404792	1474
197404955	1474
197405126	1474
197405294	1474
197405458	1474
197405624	1474
197405808	1474
197405978	1474
197406148	1474
197406317	1474
197406481	1474
198202605	1474
198202740	1474
198202869	1474
198203029	1474
198203333	1474
198203466	1474
198203558	1474
198203684	1474
198203817	1474
198203951	1474
198204080	1474
198204236	1474
198204368	1474
198204495	1474
198204624	1474
198204751	1474
198204880	1474
199002434	1474
199002564	1474
199002699	1474
199002828	1474
199002960	1474
199003093	1474
199003221	1474
199003363	1474
199003494	1474
199003621	1474
199003764	1474
199003876	1474
199004003	1474
199004129	1474
199004298	1474
199004443	1474
199004589	1474
199801981	1474
199802151	1474
199802348	1474
199802573	1474
199802892	1474
199803061	1474
199803255	1474
199803481	1474
199803624	1474
199803765	1474
199803970	1474
199804162	1474
199804360	1474
199804533	1474
199804675	1474
199804838	1474
199805002	1474
200601716	1474
200601846	1474
200601988	1474
200602133	1474
200602275	1474
200602447	1474
200602578	1474
200602722	1474
200602825	1474
200602952	1474
200603116	1474
200603261	1474
200603397	1474
200603525	1474
200603657	1474
200603787	1474
201401402	1474
201401530	1474
201401683	1474
201401826	1474
201401933	1474
201402066	1474
201402194	1474
201402321	1474
201402460	1474
201402585	1474
201402726	1474
201402863	1474
201403005	1474
201403108	1474
201403235	1474
201403360	1474
201403460	1474
202200877	1474
202200989	1474
202201102	1474
202201213	1474
202201330	1474
202201453	1474
202201599	1474
202201712	1474
202201837	1474
202202070	1474
202202190	1474
202202305	1474
202202418	1474
202202546	1474
202202661	1474
202202773	1474
202202888	1474
203000924	1474
203001036	1474
203001157	1474
203001296	1474
203001426	1474
203001560	1474
203001742	1474
203001853	1474
203001976	1474
203002088	1474
203002233	1474
203002348	1474
203002459	1474
203002568	1474
203002685	1474
203002799	1474
203002913	1474
203003027	1474
203800720	1474
203800840	1474
203800965	1474
203801137	1474
203801275	1474
203801474	1474
203801592	1474
203801713	1474
203801800	1474
203802065	1474
203802174	1474
203802283	1474
203802395	1474
203802506	1474
203802618	1474
203802730	1474
203802841	1474
204601615	1474
204601897	1474
204602088	1474
204602628	1474
204603156	1474
204604524	1474
204604717	1474
204605216	1474
204605407	1474
204605590	1474
204605748	1474
204605995	1474
204606286	1474
204606860	1474
204607240	1474
204607594	1474
204608607	1474
205397996	1474
205398266	1474
205398397	1474
205398496	1474
205398623	1474
205398896	1474
205399025	1474
205399107	1474
205399219	1474
205399416	1474
205399521	1474
205399632	1474
205399752	1474
205399880	1474
205399993	1474
205400109	1474
205400249	1474
206200526	1474
206200748	1474
206200952	1474
206201187	1474
206201380	1474
206201517	1474
206201677	1474
206201837	1474
206201999	1474
206202165	1474
206202342	1474
206202478	1474
206202639	1474
206202801	1474
206202962	1474
206203124	1474
206203291	1474
206996964	1474
206997313	1474
206997525	1474
206997751	1474
206997934	1474
206998084	1474
206998249	1474
206998415	1474
206998580	1474
206998745	1474
206998908	1474
206999090	1474
206999254	1474
206999415	1474
206999585	1474
206999751	1474
206999890	1474
207797000	1474
207797209	1474
207797387	1474
207797556	1474
207797839	1474
207798063	1474
207798222	1474
207798367	1474
207798532	1474
207798699	1474
207798878	1474
207799059	1474
207799225	1474
207799391	1474
207799555	1474
207799725	1474
207799887	1474
208596599	1474
208596818	1474
208596959	1474
208597123	1474
208597289	1474
208597469	1474
208597640	1474
208597801	1474
208597987	1474
208598153	1474
208598289	1474
208598456	1474
208598633	1474
208598795	1474
208598937	1474
208599101	1474
208599268	1474
208599434	1474
209398512	1474
209398750	1474
209398923	1474
209399090	1474
209399364	1474
209399585	1474
209399747	1474
209399914	1474
209400079	1474
209400253	1474
209400470	1474
209400638	1474
209400800	1474
209400967	1474
209401126	1474
209401272	1474
209401439	1474
209401602	1474
210196082	1474
210196677	1474
210196917	1474
210197089	1474
210197259	1474
210197427	1474
210197590	1474
210197758	1474
210197920	1474
210198077	1474
210198243	1474
210198407	1474
210198574	1474
210198737	1474
210198920	1474
210199105	1474
210199270	1474
210996337	1474
210998151	1474
210998377	1474
210998550	1474
210998748	1474
210998923	1474
210999092	1474
210999257	1474
210999425	1474
210999589	1474
210999794	1474
210999961	1474
211000126	1474
211000353	1474
211000524	1474
211000703	1474
211000869	1474
211796060	1474
211797392	1474
211797675	1474
211797849	1474
211798013	1474
211798178	1474
211798347	1474
211798498	1474
211798663	1474
211798831	1474
211798994	1474
211799160	1474
211799298	1474
211799475	1474
211799639	1474
211799807	1474
211799975	1474
211800144	1474
212595203	1474
212595439	1474
212595609	1474
212595787	1474
212596012	1474
212596300	1474
212596700	1474
212596872	1474
212597045	1474
212597198	1474
212597366	1474
212597532	1474
212597698	1474
212597864	1474
212598003	1474
212598175	1474
212598359	1474
212598533	1474
213395485	1474
213395759	1474
213396057	1474
213396329	1474
213396506	1474
213396671	1474
213396815	1474
213396988	1474
213397159	1474
213397323	1474
213397493	1474
213397656	1474
213397826	1474
213398003	1474
213398172	1474
213398337	1474
213398504	1474
213398667	1474
214194790	1474
214195074	1474
214195247	1474
214195441	1474
214195661	1474
214195908	1474
214196048	1474
214196211	1474
214196421	1474
214196563	1474
214196745	1474
214196923	1474
214197084	1474
214197245	1474
214197407	1474
214197583	1474
214197744	1474
214197919	1474
214994772	1474
214995027	1474
214995232	1474
214995520	1474
214995743	1474
214995941	1474
214996104	1474
214996315	1474
214996492	1474
214996670	1474
214996834	1474
214997022	1474
214997310	1474
214997478	1474
214997655	1474
214997819	1474
214997984	1474
214998145	1474
215794906	1474
215795152	1474
215795344	1474
215795513	1474
215795675	1474
215795841	1474
215796002	1474
215796171	1474
215796381	1474
215796554	1474
215796717	1474
215796882	1474
215797018	1474
215797164	1474
215797329	1474
215797491	1474
215797657	1474
216594220	1474
216594474	1474
216594572	1474
216594693	1474
216594815	1474
216594935	1474
216595071	1474
216595169	1474
216595289	1474
216595408	1474
216595529	1474
216595650	1474
216595779	1474
216595900	1474
216596026	1474
216596165	1474
216596298	1474
216596421	1474
217660690	1474
217660846	1474
217661002	1474
217661145	1474
217661256	1474
217661398	1474
217661531	1474
217661658	1474
217661783	1474
217661911	1474
217662037	1474
217662141	1474
217662286	1474
217662411	1474
217662570	1474
217662706	1474
217662834	1474
217662982	1474
218460027	1474
218460208	1474
218460564	1474
218460672	1474
218460812	1474
218461114	1474
218461221	1474
218461359	1474
218461486	1474
218461630	1474
218461756	1474
218461881	1474
218462009	1474
218462150	1474
218462364	1474
218462469	1474
218462596	1474
218462736	1474
219259724	1474
219259919	1474
219260103	1474
219260255	1474
219260379	1474
219260478	1474
219260599	1474
219260696	1474
219260819	1474
219260941	1474
219261080	1474
219261203	1474
219261325	1474
219261448	1474
219261572	1474
219261695	1474
219261816	1474
219261939	1474
220059415	1474
220059648	1474
220059772	1474
220059980	1474
220060101	1474
220060300	1474
220060424	1474
220060545	1474
220060670	1474
220060797	1474
220060931	1474
220061055	1474
220061177	1474
220061273	1474
220061395	1474
220061516	1474
220061639	1474
220061762	1474
220859517	1474
220859702	1474
220859937	1474
220860063	1474
220860284	1474
220860383	1474
220860507	1474
220860649	1474
220860773	1474
220860896	1474
220861018	1474
220861143	1474
220861268	1474
220861393	1474
220861516	1474
220861652	1474
220861776	1474
221659141	1474
221659347	1474
221659555	1474
221659680	1474
221659809	1474
221659929	1474
221660193	1474
221660361	1474
221660486	1474
221660614	1474
221660742	1474
221660872	1474
221660994	1474
221661122	1474
221661245	1474
221661384	1474
221661508	1474
222459719	1474
222459897	1474
222460024	1474
222460210	1474
222460426	1474
222460556	1474
222460693	1474
222460792	1474
222460930	1474
222461062	1474
222461186	1474
222461311	1474
222461432	1474
222461554	1474
222461676	1474
222461801	1474
222461922	1474
223258133	1474
223258301	1474
223258441	1474
223258584	1474
223258710	1474
223258924	1474
223259069	1474
223259223	1474
223259463	1474
223259703	1474
223259853	1474
223260149	1474
223260348	1474
223260474	1474
223260598	1474
223260698	1474
223260843	1474
224058857	1474
224059083	1474
224059231	1474
224059382	1474
224059513	1474
224059635	1474
224059757	1474
224059893	1474
224060018	1474
224060183	1474
224060354	1474
224060489	1474
224060635	1474
224060758	1474
224060931	1474
224061054	1474
224061178	1474
224858406	1474
224858681	1474
224859407	1474
224859543	1474
224859689	1474
224859833	1474
224859958	1474
224860086	1474
224860249	1474
224860430	1474
224860560	1474
224860653	1474
224860777	1474
224860911	1474
224861036	1474
224861175	1474
224861316	1474
224861447	1474
225659982	1474
225660121	1474
225660266	1474
225660397	1474
225660536	1474
225660684	1474
225660957	1474
225661108	1474
225661247	1474
225661400	1474
225661526	1474
225661653	1474
225661796	1474
225661923	1474
225662069	1474
225662217	1474
225662319	1474
226459325	1474
226459471	1474
226459597	1474
226459718	1474
226459881	1474
226460008	1474
226460146	1474
226460320	1474
226460455	1474
226460593	1474
226460697	1474
226460872	1474
226460997	1474
226461136	1474
226461277	1474
226461400	1474
226461536	1474
226461683	1474
227259256	1474
227259385	1474
227259518	1474
227259647	1474
227259781	1474
227259884	1474
227260002	1474
227260129	1474
227260272	1474
227260489	1474
227260622	1474
227260748	1474
227260863	1474
227260989	1474
227261112	1474
227261238	1474
227261367	1474
228059016	1474
228059145	1474
228059342	1474
228059472	1474
228059608	1474
228059752	1474
228059890	1474
228060036	1474
228060164	1474
228060334	1474
228060461	1474
228060593	1474
228060716	1474
228060842	1474
228060966	1474
228061091	1474
228061228	1474
228061379	1474
228858948	1474
228859066	1474
228859188	1474
228859310	1474
228859428	1474
228859536	1474
228859647	1474
228859756	1474
228859866	1474
228859980	1474
228860090	1474
228860262	1474
228860379	1474
228860489	1474
228860597	1474
228860708	1474
228860818	1474
228860928	1474
229659247	1474
229659611	1474
229659741	1474
229659865	1474
229660022	1474
229660145	1474
229660328	1474
229660463	1474
229660602	1474
229660730	1474
229660855	1474
229660973	1474
229661084	1474
229661205	1474
229661328	1474
229661448	1474
229661586	1474
230455987	1474
230456394	1474
230456544	1474
230456690	1474
230456818	1474
230456989	1474
230457310	1474
230457447	1474
230457646	1474
230457778	1474
230457919	1474
230458043	1474
230458172	1474
230458293	1474
230458413	1474
230458563	1474
230458690	1474
230458818	1474
231255021	1474
231255345	1474
231255492	1474
231255630	1474
231255784	1474
231256386	1474
231256672	1474
231256816	1474
231256964	1474
231257089	1474
231257221	1474
231257352	1474
231257477	1474
231257606	1474
231257750	1474
231257847	1474
231257978	1474
231258100	1474
232059917	1474
232060067	1474
232060198	1474
232060330	1474
232060462	1474
232060594	1474
232060725	1474
232060856	1474
232061089	1474
232061217	1474
232061384	1474
232061551	1474
232061718	1474
232061861	1474
232062050	1474
232062219	1474
232062384	1474
232062547	1474
232860127	1474
232860274	1474
232860415	1474
232860547	1474
232860708	1474
232860993	1474
232861129	1474
232861254	1474
232861357	1474
232861459	1474
232861585	1474
232861721	1474
232861865	1474
232861990	1474
232862117	1474
232862245	1474
232862442	1474
232862576	1474
233924101	1474
233924268	1474
233924465	1474
233924591	1474
233924733	1474
233924883	1474
233925040	1474
233925283	1474
233925409	1474
233925536	1474
233925671	1474
233925793	1474
233925917	1474
233926047	1474
233926173	1474
233926318	1474
233926457	1474
233926591	1474
234453896	1474
234454303	1474
234454451	1474
234454731	1474
234454955	1474
234455206	1474
234455635	1474
234455805	1474
234455975	1474
234456169	1474
234456388	1474
234456560	1474
234456726	1474
234456889	1474
234457053	1474
234457231	1474
234457396	1474
235254100	1474
235254914	1474
235255137	1474
235255363	1474
235255667	1474
235255836	1474
235256039	1474
235256206	1474
235256428	1474
235256603	1474
235256768	1474
235256944	1474
235257110	1474
235257277	1474
235257442	1474
235257609	1474
235257775	1474
236323892	1474
236324032	1474
236324197	1474
236324435	1474
236324649	1474
236324858	1474
236325025	1474
236325187	1474
236325357	1474
236325519	1474
236325704	1474
236325887	1474
236326059	1474
236326222	1474
236326389	1474
236326559	1474
236326704	1474
236326841	1474
236853131	1474
236853379	1474
236853499	1474
236853615	1474
236853730	1474
236853847	1474
236853963	1474
236854080	1474
236854197	1474
236854317	1474
236854451	1474
236854568	1474
236854688	1474
236854782	1474
236854902	1474
236855005	1474
236855124	1474
237652727	1474
237652909	1474
237653040	1474
237653252	1474
237653406	1474
237653603	1474
237653699	1474
237653898	1474
237654025	1474
237654146	1474
237654285	1474
237654406	1474
237654529	1474
237654649	1474
237654770	1474
237654892	1474
237655014	1474
238453523	1474
238453670	1474
238453885	1474
238453978	1474
238454099	1474
238454327	1474
238454430	1474
238454556	1474
238454676	1474
238454798	1474
238454936	1474
238455055	1474
238455176	1474
238455300	1474
238455422	1474
238455544	1474
238455667	1474
239253324	1474
239253503	1474
239253718	1474
239253838	1474
239253959	1474
239254198	1474
239254330	1474
239254460	1474
239254581	1474
239254726	1474
239254850	1474
239254977	1474
239255100	1474
239255223	1474
239255319	1474
239255442	1474
239255566	1474
239255707	1474
240320891	1474
240321039	1474
240321162	1474
240321321	1474
240321478	1474
240321610	1474
240321766	1474
240322017	1474
240322165	1474
240322297	1474
240322437	1474
240322563	1474
240322709	1474
240322836	1474
240322939	1474
240323066	1474
240323193	1474
240323347	1474
241120890	1474
241121033	1474
241121175	1474
241121300	1474
241121439	1474
241121589	1474
241121716	1474
241121843	1474
241121971	1474
241122157	1474
241122289	1474
241122415	1474
241122540	1474
241122668	1474
241122795	1474
241122922	1474
241123032	1474
241123158	1474
241920905	1474
241921031	1474
241921154	1474
241921321	1474
241921449	1474
241921583	1474
241921733	1474
241921846	1474
241921972	1474
241922099	1474
241922232	1474
241922356	1474
241922482	1474
241922613	1474
241922761	1474
241922884	1474
241923010	1474
241923158	1474
242719677	1474
242719805	1474
242719928	1474
242720062	1474
242720204	1474
242720623	1474
242720755	1474
242720848	1474
242721044	1474
242721173	1474
242721297	1474
242721424	1474
242721555	1474
242721679	1474
242721806	1474
242721930	1474
242722063	1474
242722187	1474
243519985	1474
243520128	1474
243520310	1474
243520471	1474
243520603	1474
243520901	1474
243521029	1474
243521172	1474
243521378	1474
243521506	1474
243521650	1474
243521773	1474
243521875	1474
243521999	1474
243522129	1474
243522250	1474
243522407	1474
243522529	1474
244319390	1474
244319514	1474
244319637	1474
244319787	1474
244319917	1474
244320186	1474
244320357	1474
244320476	1474
244320604	1474
244320728	1474
244320864	1474
244320985	1474
244321124	1474
244321248	1474
244321371	1474
244321496	1474
244321620	1474
245119584	1474
245119783	1474
245119997	1474
245120207	1474
245120539	1474
245120720	1474
245120883	1474
245121045	1474
245121211	1474
245121374	1474
245121538	1474
245121714	1474
245121879	1474
245122044	1474
245122208	1474
245122372	1474
245122537	1474
245122709	1474
245919536	1474
245919668	1474
245919794	1474
245919934	1474
245920059	1474
245920184	1474
245920357	1474
245920519	1474
245920646	1474
245920794	1474
245920918	1474
245921046	1474
245921173	1474
245921309	1474
245921434	1474
245921651	1474
245921776	1474
246718380	1474
246718549	1474
246718775	1474
246718994	1474
246719211	1474
246719389	1474
246719553	1474
246719715	1474
246719877	1474
246720039	1474
246720201	1474
246720425	1474
246720596	1474
246720761	1474
246720923	1474
246721087	1474
246721258	1474
246721423	1474
247518069	1474
247518234	1474
247518396	1474
247518631	1474
247518854	1474
247519291	1474
247519518	1474
247519749	1474
247519912	1474
247520086	1474
247520247	1474
247520455	1474
247520625	1474
247520787	1474
247520920	1474
247521064	1474
247521225	1474
247521386	1474
248317788	1474
248318279	1474
248318398	1474
248318522	1474
248318649	1474
248318788	1474
248318933	1474
248319063	1474
248319189	1474
248319315	1474
248319436	1474
248319560	1474
248319694	1474
248319835	1474
248319964	1474
248320089	1474
248320278	1474
249116155	1474
249116525	1474
249116691	1474
249116902	1474
249117121	1474
249117349	1474
249117544	1474
249117712	1474
249117874	1474
249118036	1474
249118198	1474
249118360	1474
249118528	1474
249118691	1474
249118852	1474
249119014	1474
249119175	1474
249119337	1474
249914511	1474
249914812	1474
249914955	1474
249915095	1474
249915255	1474
249915520	1474
249915700	1474
249915835	1474
249916389	1474
249916542	1474
249916684	1474
249916811	1474
249916937	1474
249917063	1474
249917194	1474
249917308	1474
249917430	1474
250719593	1474
250719702	1474
250719845	1474
250719974	1474
250720126	1474
250720537	1474
250720673	1474
250720819	1474
250720957	1474
250721088	1474
250721250	1474
250721378	1474
250721640	1474
250721748	1474
250721881	1474
250722055	1474
250722180	1474
251515299	1474
251515657	1474
251515805	1474
251515923	1474
251516047	1474
251516356	1474
251516463	1474
251516581	1474
251516712	1474
251516840	1474
251516967	1474
251517078	1474
251517222	1474
251517349	1474
251517475	1474
251517604	1474
251517740	1474
252314391	1474
252314674	1474
252314860	1474
252314963	1474
252315090	1474
252315215	1474
252315364	1474
252315498	1474
252315628	1474
252315753	1474
252315908	1474
252316033	1474
252316176	1474
252316348	1474
252316509	1474
252316637	1474
252316771	1474
252316897	1474
253113986	1474
253114164	1474
253114316	1474
253114444	1474
253114586	1474
253114737	1474
253114890	1474
253115170	1474
253115313	1474
253115438	1474
253115569	1474
253115676	1474
253115799	1474
253115969	1474
253116096	1474
253116241	1474
253116424	1474
253913908	1474
253914315	1474
253914464	1474
253914609	1474
253914733	1474
253914860	1474
253914988	1474
253915112	1474
253915232	1474
253915377	1474
253915513	1474
253915635	1474
253915758	1474
253915883	1474
253916017	1474
253916164	1474
253916337	1474
254713102	1474
254713388	1474
254713534	1474
254713666	1474
254713825	1474
254713959	1474
254714081	1474
254714233	1474
254714365	1474
254714513	1474
254714662	1474
254714809	1474
254714948	1474
254715094	1474
254715225	1474
254715360	1474
254715465	1474
254715593	1474
255779058	1474
255779346	1474
255779564	1474
255779763	1474
255779983	1474
255780233	1474
255780482	1474
255780649	1474
255780811	1474
255780973	1474
255781111	1474
255781287	1474
255781449	1474
255781613	1474
255781778	1474
255781917	1474
255782078	1474
255782242	1474
256312713	1474
256313051	1474
256313195	1474
256313350	1474
256313478	1474
256313614	1474
256313757	1474
256313885	1474
256314016	1474
256314168	1474
256314315	1474
256314460	1474
256314603	1474
256314707	1474
256314843	1474
256314981	1474
256315108	1474
257111988	1474
257112332	1474
257112545	1474
257112779	1474
257112967	1474
257113131	1474
257113293	1474
257113454	1474
257113616	1474
257113777	1474
257113951	1474
257114112	1474
257114274	1474
257114434	1474
257114596	1474
257114756	1474
257114927	1474
257911669	1474
257911959	1474
257912083	1474
257912223	1474
257912402	1474
257912651	1474
257912768	1474
257912892	1474
257913011	1474
257913130	1474
257913249	1474
257913370	1474
257913491	1474
257913613	1474
257913744	1474
257913867	1474
257913989	1474
258714359	1474
258714699	1474
258714822	1474
258714943	1474
258715063	1474
258715184	1474
258715303	1474
258715424	1474
258715531	1474
258715651	1474
258715771	1474
258715891	1474
258716013	1474
258716107	1474
258716295	1474
258716423	1474
258716557	1474
259511162	1474
259511509	1474
259511643	1474
259511772	1474
259511903	1474
259512174	1474
259512368	1474
259512503	1474
259512602	1474
259512730	1474
259512865	1474
259512992	1474
259513116	1474
259513261	1474
259513387	1474
259513515	1474
259513648	1474
260325163	1474
260325449	1474
260325578	1474
260325751	1474
260325909	1474
260326162	1474
260326291	1474
260326419	1474
260326548	1474
260326675	1474
260326806	1474
260326949	1474
260327143	1474
260327271	1474
260327399	1474
260327539	1474
260327678	1474
260327804	1474
261110971	1474
261111278	1474
261111408	1474
261111530	1474
261111656	1474
261111758	1474
261111881	1474
261111976	1474
261112073	1474
261112229	1474
261112406	1474
261112525	1474
261112647	1474
261112783	1474
261112904	1474
261113024	1474
261113146	1474
261113270	1474
261910449	1474
261910722	1474
261910851	1474
261910973	1474
261911106	1474
261911230	1474
261911424	1474
261911562	1474
261911682	1474
261911805	1474
261911926	1474
261912049	1474
261912192	1474
261912371	1474
261912504	1474
261912631	1474
261912755	1474
262976747	1474
262977046	1474
262977426	1474
262977660	1474
262977789	1474
262977912	1474
262978031	1474
262978156	1474
262978280	1474
262978403	1474
262978525	1474
262978647	1474
262978770	1474
262978894	1474
262979017	1474
262979149	1474
262979249	1474
262979373	1474
263776770	1474
263779609	1474
263779782	1474
263779912	1474
263780039	1474
263780189	1474
263780373	1474
263780523	1474
263780647	1474
263780847	1474
263781116	1474
263781380	1474
263781722	1474
263781870	1474
263782001	1474
263782127	1474
263782251	1474
263782376	1474
264313061	1474
264313339	1474
264313495	1474
264313616	1474
264313749	1474
264313999	1474
264314104	1474
264314204	1474
264314325	1474
264314448	1474
264314568	1474
264314689	1474
264314824	1474
264314945	1474
264315063	1474
264315182	1474
265376993	1474
265377281	1474
265377465	1474
265377698	1474
265377900	1474
265378131	1474
265378296	1474
265378442	1474
265378587	1474
265378732	1474
265378878	1474
265379004	1474
265379148	1474
265379311	1474
265379458	1474
265379604	1474
265379725	1474
265379872	1474
266176206	1474
266176517	1474
266176732	1474
266176940	1474
266177201	1474
266177354	1474
266177499	1474
266177649	1474
266177794	1474
266177951	1474
266178101	1474
266178246	1474
266178395	1474
266178539	1474
266178686	1474
266178833	1474
266178990	1474
266179139	1474
266708441	1474
266708695	1474
266709111	1474
266709335	1474
266709601	1474
266709760	1474
266709930	1474
266710183	1474
266710332	1474
266710481	1474
266710604	1474
266710762	1474
266710889	1474
266711036	1474
266711182	1474
266711330	1474
266711476	1474
267778103	1474
267778299	1474
267778506	1474
267778689	1474
267778832	1474
267778994	1474
267779159	1474
267779321	1474
267779495	1474
267779656	1474
267779822	1474
267779984	1474
267780152	1474
267780341	1474
267780526	1474
267780690	1474
267780852	1474
268574504	1474
268574708	1474
268574902	1474
268575068	1474
268575243	1474
268575406	1474
268575572	1474
268575734	1474
268575898	1474
268576059	1474
268576344	1474
268576513	1474
268576676	1474
268576838	1474
268577003	1474
268577171	1474
268577339	1474
268577500	1474
269107463	1474
269107672	1474
269107882	1474
269108207	1474
269108454	1474
269108638	1474
269108818	1474
269108983	1474
269109170	1474
269109350	1474
269109545	1474
269109696	1474
269109850	1474
269110009	1474
269110168	1474
269110319	1474
269907345	1474
269907531	1474
269907700	1474
269907980	1474
269908202	1474
269908496	1474
269908673	1474
269908867	1474
269909034	1474
269909197	1474
269909335	1474
269909496	1474
269909662	1474
269909833	1474
269909999	1474
269910137	1474
269910304	1474
270707114	1474
270707537	1474
270707789	1474
270708017	1474
270708286	1474
270708510	1474
270708682	1474
270708851	1474
270709017	1474
270709184	1474
270709350	1474
270709522	1474
270709689	1474
270709856	1474
270710022	1474
270710190	1474
270710357	1474
271506982	1474
271507994	1474
271508201	1474
271508523	1474
271508694	1474
271508861	1474
271509026	1474
271509192	1474
271509375	1474
271509541	1474
271509707	1474
271509875	1474
271510038	1474
271510203	1474
271510383	1474
271510550	1474
271510716	1474
271510882	1474
272573827	1474
272574077	1474
272574249	1474
272574487	1474
272574713	1474
272574943	1474
272575110	1474
272575252	1474
272575416	1474
272575587	1474
272575751	1474
272575927	1474
272576093	1474
272576311	1474
272576480	1474
272576649	1474
272576813	1474
272576992	1474
273372915	1474
273373147	1474
273373321	1474
273373487	1474
273373666	1474
273373809	1474
273373981	1474
273374145	1474
273374314	1474
273374481	1474
273374658	1474
273374825	1474
273374996	1474
273375161	1474
273375322	1474
273375491	1474
273375668	1474
273375811	1474
274176488	1474
274176804	1474
274177216	1474
274177444	1474
274177690	1474
274177859	1474
274178025	1474
274178193	1474
274178383	1474
274178555	1474
274178722	1474
274178887	1474
274179052	1474
274179217	1474
274179380	1474
274179552	1474
274179720	1474
274179886	1474
274972945	1474
274973243	1474
274973691	1474
274973922	1474
274974112	1474
274974286	1474
274974451	1474
274974618	1474
274974757	1474
274974924	1474
274975087	1474
274975261	1474
274975428	1474
274975592	1474
274975757	1474
274975923	1474
274976064	1474
274976305	1474
275772274	1474
275772594	1474
275772721	1474
275772846	1474
275772988	1474
275773143	1474
275773276	1474
275773524	1474
275773672	1474
275773820	1474
275773964	1474
275774120	1474
275774246	1474
275774394	1474
275774523	1474
275774653	1474
275774807	1474
276571836	1474
276572114	1474
276572373	1474
276572618	1474
276572852	1474
276573120	1474
276573287	1474
276573452	1474
276573618	1474
276573794	1474
276573960	1474
276574125	1474
276574289	1474
276574455	1474
276574620	1474
276574797	1474
276574964	1474
277375202	1474
277375517	1474
277375706	1474
277375834	1474
277375987	1474
277376601	1474
277376739	1474
277376884	1474
277377010	1474
277377138	1474
277377279	1474
277377421	1474
277377560	1474
277377702	1474
277377828	1474
277377957	1474
277378101	1474
278171588	1474
278171851	1474
278172451	1474
278172777	1474
278172912	1474
278173040	1474
278173553	1474
278173701	1474
278173850	1474
278173976	1474
278174115	1474
278174267	1474
278174366	1474
278174512	1474
278174642	1474
278174772	1474
278174902	1474
278971274	1474
278971573	1474
278971700	1474
278971822	1474
278971963	1474
278972085	1474
278972249	1474
278972376	1474
278972500	1474
278972601	1474
278972724	1474
278972856	1474
278972984	1474
278973081	1474
278973204	1474
278973327	1474
278973450	1474
279771054	1474
279771232	1474
279771359	1474
279771485	1474
279771619	1474
279771742	1474
279771866	1474
279771989	1474
279772135	1474
279772308	1474
279772434	1474
279772557	1474
279772669	1474
279772803	1474
279772928	1474
279773051	1474
279773172	1474
279773298	1474
280570461	1474
280570643	1474
280570788	1474
280570913	1474
280571039	1474
280571164	1474
280571297	1474
280571437	1474
280571562	1474
280571684	1474
280571824	1474
280571946	1474
280572068	1474
280572192	1474
280572378	1474
280572503	1474
280572625	1474
280572748	1474
281371565	1474
281371743	1474
281371934	1474
281372126	1474
281372301	1474
281372524	1474
281372655	1474
281372779	1474
281372901	1474
281373027	1474
281373168	1474
281373290	1474
281373414	1474
281373540	1474
281373664	1474
281373791	1474
281373915	1474
281374040	1474
282169508	1474
282169699	1474
282169858	1474
282170015	1474
282170193	1474
282170393	1474
282170776	1474
282170947	1474
282171071	1474
282171198	1474
282171324	1474
282171450	1474
282171574	1474
282171718	1474
282171852	1474
282171997	1474
282172098	1474
282969459	1474
282969647	1474
282969768	1474
282969896	1474
282970018	1474
282970143	1474
282970265	1474
282970389	1474
282970511	1474
282970649	1474
282970771	1474
282970894	1474
282970992	1474
282971114	1474
282971234	1474
282971357	1474
282971480	1474
283768921	1474
283769069	1474
283769211	1474
283769346	1474
283769471	1474
283769590	1474
283769829	1474
283770006	1474
283770136	1474
283770331	1474
283770433	1474
283770533	1474
283770655	1474
283770756	1474
283770885	1474
283771007	1474
283771131	1474
283771254	1474
284568619	1474
284568794	1474
284568985	1474
284569160	1474
284569264	1474
284569388	1474
284569630	1474
284569760	1474
284569884	1474
284570005	1474
284570145	1474
284570245	1474
284570367	1474
284570489	1474
284570613	1474
284570738	1474
285368357	1474
285368530	1474
285368752	1474
285368891	1474
285369129	1474
285369304	1474
285369435	1474
285369601	1474
285369730	1474
285369867	1474
285369965	1474
285370088	1474
285370212	1474
285370335	1474
285370458	1474
285370582	1474
285370705	1474
286168467	1474
286168655	1474
286169194	1474
286169426	1474
286169614	1474
286169749	1474
286169923	1474
286170054	1474
286170152	1474
286170276	1474
286170373	1474
286170497	1474
286170636	1474
286170760	1474
286170882	1474
286171006	1474
286171130	1474
286967750	1474
286967927	1474
286968553	1474
286968778	1474
286968912	1474
286969010	1474
286969133	1474
286969424	1474
286969550	1474
286969671	1474
286969793	1474
286969919	1474
286970043	1474
286970168	1474
286970309	1474
286970437	1474
286970566	1474
287767812	1474
287768005	1474
287768257	1474
287768390	1474
287768622	1474
287768797	1474
287768924	1474
287769106	1474
287769229	1474
287769350	1474
287769471	1474
287769566	1474
287769686	1474
287769804	1474
287769921	1474
287770055	1474
287770176	1474
288300546	1474
288300721	1474
288300868	1474
288300990	1474
288301112	1474
288301233	1474
288301353	1474
288301472	1474
288301594	1474
288301714	1474
288301850	1474
288301971	1474
288302092	1474
288302210	1474
288302329	1474
288302448	1474
289366809	1474
289367191	1474
289367317	1474
289367436	1474
289367556	1474
289367794	1474
289367922	1474
289368045	1474
289368176	1474
289368353	1474
289368480	1474
289368604	1474
289368724	1474
289368818	1474
289368937	1474
289369056	1474
289369176	1474
289369296	1474
290166916	1474
290167228	1474
290167470	1474
290167598	1474
290167816	1474
290167988	1474
290168140	1474
290168378	1474
290168500	1474
290168621	1474
290168746	1474
290168868	1474
290168989	1474
290169109	1474
290169228	1474
290169373	1474
290169497	1474
290169618	1474
290966420	1474
290966701	1474
290966823	1474
290966943	1474
290967062	1474
290967387	1474
290967561	1474
290967691	1474
290967857	1474
290967955	1474
290968083	1474
290968279	1474
290968384	1474
290968505	1474
290968598	1474
290968718	1474
290968838	1474
290968958	1474
291766344	1474
291766611	1474
291766733	1474
291766839	1474
291766965	1474
291767181	1474
291767283	1474
291767404	1474
291767523	1474
291767643	1474
291767766	1474
291767901	1474
291768022	1474
291768144	1474
291768310	1474
291768434	1474
291768558	1474
292565925	1474
292566216	1474
292566353	1474
292566475	1474
292566718	1474
292566893	1474
292567021	1474
292567196	1474
292567294	1474
292567411	1474
292567514	1474
292567650	1474
292567771	1474
292567888	1474
292568008	1474
292568150	1474
292568312	1474
292568432	1474
293365522	1474
293365815	1474
293365938	1474
293366034	1474
293366155	1474
293366276	1474
293366580	1474
293366708	1474
293366828	1474
293366943	1474
293367061	1474
293367179	1474
293367305	1474
293367426	1474
293367546	1474
293367664	1474
293367784	1474
293367903	1474
294165574	1474
294165842	1474
294165984	1474
294166084	1474
294166205	1474
294166431	1474
294166603	1474
294166728	1474
294166905	1474
294167026	1474
294167161	1474
294167279	1474
294167398	1474
294167492	1474
294167611	1474
294167730	1474
294167849	1474
294167969	1474
294965111	1474
294965404	1474
294965511	1474
294965626	1474
294965748	1474
294965986	1474
294966112	1474
294966232	1474
294966350	1474
294966469	1474
294966587	1474
294966707	1474
294966839	1474
294966958	1474
294967076	1474
294967195	1474
294967313	1474
295764915	1474
295765181	1474
295765344	1474
295765463	1474
295765600	1474
295765724	1474
295765923	1474
295766052	1474
295766178	1474
295766299	1474
295766420	1474
295766546	1474
295766668	1474
295766790	1474
295766910	1474
295767031	1474
295767153	1474
295767274	1474
296564016	1474
296564343	1474
296564467	1474
296564587	1474
296564706	1474
296564826	1474
296564945	1474
296565063	1474
296565182	1474
296565310	1474
296565435	1474
296565555	1474
296565676	1474
296565794	1474
296565916	1474
296566036	1474
296566156	1474
296566283	1474
297364438	1474
297364705	1474
297364846	1474
297364974	1474
297365109	1474
297365264	1474
297365420	1474
297365606	1474
297365729	1474
297365845	1474
297365966	1474
297366101	1474
297366195	1474
297366315	1474
297366438	1474
297366558	1474
297366680	1474
297366774	1474
298163705	1474
298163935	1474
298164060	1474
298164180	1474
298164345	1474
298164436	1474
298164557	1474
298164794	1474
298164925	1474
298165052	1474
298165148	1474
298165270	1474
298165393	1474
298165514	1474
298165610	1474
298165706	1474
298165844	1474
298165970	1474
299230168	1474
299230343	1474
299230482	1474
299230605	1474
299230728	1474
299230851	1474
299230970	1474
299231093	1474
299231217	1474
299231340	1474
299231475	1474
299231569	1474
299231691	1474
299231815	1474
299231910	1474
299232032	1474
299232177	1474
299232342	1474
300030590	1474
300030852	1474
300030974	1474
300031091	1474
300031289	1474
300031408	1474
300031527	1474
300031648	1474
300031769	1474
300031889	1474
300032010	1474
300032130	1474
300032333	1474
300032456	1474
300032552	1474
300032673	1474
300032794	1474
300829500	1474
300829703	1474
300830119	1474
300830253	1474
300830511	1474
300830616	1474
300830753	1474
300830850	1474
300830987	1474
300831110	1474
300831232	1474
300831354	1474
300831476	1474
300831598	1474
300831721	1474
300831842	1474
300831977	1474
300832100	1474
301629204	1474
301629434	1474
301629609	1474
301629752	1474
301629892	1474
301630033	1474
301630197	1474
301630364	1474
301630527	1474
301630708	1474
301630872	1474
301631037	1474
301631199	1474
301631366	1474
301631527	1474
301631713	1474
301631858	1474
301632021	1474
302430703	1474
302431164	1474
302431296	1474
302431445	1474
302431604	1474
302431832	1474
302431959	1474
302432092	1474
302432268	1474
302432422	1474
302432563	1474
302432682	1474
302432805	1474
302432944	1474
302433089	1474
302433211	1474
302433341	1474
303227936	1474
303228170	1474
303228511	1474
303228720	1474
303228945	1474
303229171	1474
303229346	1474
303229514	1474
303229683	1474
303229820	1474
303229959	1474
303230135	1474
303230304	1474
303230466	1474
303230631	1474
303230794	1474
303230962	1474
303231133	1474
304027876	1474
304028159	1474
304028495	1474
304028733	1474
304029019	1474
304029188	1474
304029354	1474
304029516	1474
304029681	1474
304029851	1474
304030017	1474
304030153	1474
304030319	1474
304030481	1474
304030646	1474
304030783	1474
304030961	1474
304031122	1474
304830015	1474
304830307	1474
304830540	1474
304830796	1474
304831002	1474
304831167	1474
304831331	1474
304831492	1474
304831737	1474
304831899	1474
304832065	1474
304832230	1474
304832442	1474
304832625	1474
304832819	1474
304832984	1474
304833157	1474
304833323	1474
