4153142	58
4175876	54
4338940	1474
4339311	371
4358218	1474
4358757	1241
4485577	1474
4485892	1474
4486280	1474
4486985	427
4487336	1474
4487538	1474
4495315	1269
4639561	1474
4640116	1474
4640395	1474
4640828	1474
4641195	1474
4641690	1474
4641964	1474
4642476	539
4642710	1474
4642969	1241
4797921	1474
4798539	1474
4799050	110
4799654	1474
4800040	1474
4800381	399
4800751	1474
4800896	82
4801086	1474
4801353	82
4801543	1474
4801795	1474
4801986	1474
4802183	1474
4802732	1474
4802883	194
4803073	1474
4803679	1474
4803884	110
4804068	1474
4804261	82
4804446	1213
4951908	1474
4952243	1474
4952511	110
4952876	1474
4953154	1474
4953378	1474
4953584	1474
4953991	455
4954184	1474
4954687	1474
4954886	1474
4955247	1474
4955445	166
4955718	1474
4955922	1474
4956103	110
4956309	1474
4956608	82
4956801	1474
4957255	82
4957785	1474
4957930	1474
4958392	1474
4958758	1474
4959099	166
4959254	1474
4959446	1474
4959954	110
4960146	1474
4960453	1474
4960665	1474
4960919	1474
4961129	1474
4961328	1474
4961521	222
4963231	1474
4963433	1241
5092678	1474
5092807	1474
5092921	1474
5093028	1474
5093347	1474
5093488	1474
5093600	1474
5093876	1474
5093983	1474
5094088	1474
5094194	1474
5094317	1474
5094419	1474
5094521	1474
5094641	1474
5095221	763
5095654	1474
5095857	82
5095959	1474
5096109	1474
5096228	1474
5096567	138
5096781	1474
5096947	1474
5097173	1474
5097277	138
5097561	1474
5097823	1474
5097927	1474
5098062	138
5098166	1474
5098467	1474
5098602	1474
5098718	1474
5098924	1474
5099055	1474
5099963	1474
5100116	1474
5100325	1474
5100418	1474
5100637	1474
5100740	1474
5101059	390
5112395	1474
5112696	1474
5113237	1269
5248596	1474
5248890	1474
5248995	1474
5249285	1474
5249384	1474
5249495	1474
5249785	222
5249980	1474
5250093	1474
5250482	1474
5251092	1474
5251189	166
5251312	1474
5251408	1474
5251535	1474
5251697	138
5254175	1474
5254333	1474
5254469	1474
5254605	1474
5254708	1474
5254867	1474
5255034	1474
5255307	1474
5255472	567
5255601	1474
5255973	1474
5256171	1474
5256270	1474
5256394	1474
5256496	1474
5256781	1474
5256940	250
5257042	1474
5257351	1474
5257545	1474
5257664	1474
5257763	1474
5257907	1442
5264666	1474
5264767	1474
5265066	1474
5265166	1474
5265256	1474
5265356	1474
5265481	222
5265691	1474
5265789	1474
5265898	1474
5265995	121
5402992	1474
5403151	1474
5403241	1474
5403359	1474
5403456	1474
5403584	194
5403682	1474
5403779	1474
5403888	1474
5404000	1474
5404097	1474
5404197	1474
5404299	1474
5404396	1474
5404514	1474
5404640	1474
5404732	726
5404827	1474
5404943	1474
5405059	1474
5405158	1474
5405268	1474
5406003	115
5406210	1474
5406337	1474
5406577	110
5406686	1406
5445620	1474
5445743	1474
5445858	1474
5445949	1474
5446047	1474
5446142	1474
5446307	1474
5446409	1474
5446506	1474
5446618	1474
5446714	1474
5446829	1474
5446940	1474
5447058	1474
5447155	1474
5447245	1474
5447360	1474
5447459	1474
5447559	1474
5447852	1474
5447953	1474
5448044	1474
5448173	1474
5448271	1474
5448383	1474
5782736	1474
5782849	1474
5782963	1474
5783061	1474
5783157	1474
5783272	1474
5783402	1474
5783499	1474
5783690	1474
5783792	1474
5783941	1474
5784038	1474
5784154	1474
5784268	1474
5784378	1474
5784474	1474
5784646	1474
6596014	1474
6596351	1474
6596538	1474
6596894	1474
6596999	1474
6597092	1474
6597184	1474
6597277	1474
6597370	1474
6597476	1474
6597573	1474
6597665	1474
6597756	1474
6597848	1474
6597941	1474
6598034	1474
7123219	1474
7123468	1474
7123938	1474
7124134	1474
7124238	1474
7124335	1474
7124433	1474
7124539	1474
7124638	1474
7124734	1474
7124830	1474
7124926	1474
7125022	1474
7125118	1474
7125214	1474
7915799	1474
7915909	1474
7916052	1474
7916141	1474
7916245	1474
7916530	1474
7916629	1474
7916724	1474
7916840	1474
7916935	1474
7917059	1474
7917177	1474
7917272	1474
7917369	1474
7917475	1474
7917573	1474
8450020	1474
8450154	1474
8450726	1474
8450947	1474
8451046	1474
8451148	1474
8451245	1474
8451359	1474
8451526	1474
8451627	1474
8451723	1474
8451819	1474
8451915	1474
8452010	1474
8452108	1474
8452207	1474
9270302	1474
9270540	1474
9270801	1474
9270920	1474
9291261	1474
10562365	1474
10569422	1474
10569620	1474
10584104	1474
10584319	1474
10584734	1474
10585193	1474
10605261	1474
10605563	1474
10606169	1474
10606746	1474
10606950	1474
10607359	1474
10607612	1474
10629052	1474
10629271	1474
10629688	1474
10629886	1474
10666787	1474
10667079	1474
10667189	1474
10667490	1474
10667907	1474
10668008	1474
10668123	1474
10725976	1474
10726072	1474
10726168	1474
10726274	1474
10726604	1474
10726706	1474
10726805	1474
10783813	1474
10859167	1474
10859464	1474
10859563	1474
10859659	1474
10859921	1474
10860018	1474
10860166	1474
10860354	1474
10901318	1474
10901412	1474
10901505	1474
10901598	1474
10901692	1474
10901788	1474
10901878	1474
10901973	1474
11383599	1474
11383696	1474
11383786	1474
11383881	1474
11383973	1474
11384065	1474
11384159	1474
11384253	1474
11424516	1474
11424631	1474
11424734	1474
11424837	1474
11424929	1474
12183903	1474
12184067	1474
12184214	1474
12184421	1474
12184636	1474
12184787	1474
12184943	1474
12185080	1474
12186500	1474
12225735	1474
12225850	1474
12225987	1474
12226090	1474
12226189	1474
12226413	1474
12226530	1474
12226626	1474
12274441	1474
12715036	1474
12715147	1474
12715334	1474
12715432	1474
12715517	1474
12715615	1474
12715726	1474
12715825	1474
12715933	1474
12771679	1474
12771794	1474
12771897	1474
12772029	1474
13516630	1474
13516750	1474
13516849	1474
13516968	1474
13517075	1474
13517175	1474
13517272	1474
13517368	1474
13517473	1474
13568616	1474
13569006	1474
13569213	1474
13569320	1474
13569418	1474
13569517	1474
13569614	1474
13569709	1474
13569814	1474
14315707	1474
14315818	1474
14315934	1474
14316022	1474
14316127	1474
14316226	1474
14316336	1474
14316424	1474
14316515	1474
14367219	1474
14367332	1474
14367445	1474
14367599	1474
14367690	1474
14367785	1474
14367892	1474
14367998	1474
14368094	1474
15117726	1474
15117903	1474
15118023	1474
15118395	1474
15118504	1474
15118604	1474
15118704	1474
15118799	1474
15118896	1474
15159706	1474
15159833	1474
15159921	1474
15160082	1474
15160187	1474
15160305	1474
15160399	1474
15160524	1474
15160621	1474
16181750	1474
16181989	1474
16182327	1474
16183475	1474
16183671	1474
16184278	1474
16184543	1474
16184642	1474
16184738	1474
16189061	1474
16189292	1474
16223847	1474
16223944	1474
16224049	1474
16224146	1474
16224242	1474
16224356	1474
16224452	1474
16224552	1474
16981370	1474
16981496	1474
16981763	1474
16981860	1474
16982661	1474
16982865	1474
16983545	1474
16983737	1474
16983835	1474
16983931	1474
17027122	1474
17027978	1474
17028080	1474
17028179	1474
17028270	1474
17028389	1474
17028611	1474
17028709	1474
17782693	1474
17782801	1474
17782895	1474
17783005	1474
17783119	1474
17783253	1474
17783348	1474
17783442	1474
17783538	1474
17783631	1474
17870993	1474
17871105	1474
17871191	1474
17871281	1474
17871467	1474
17871562	1474
17871944	1474
17872041	1474
18581674	1474
18582087	1474
18582291	1474
18582479	1474
18582733	1474
18582899	1474
18583063	1474
18583203	1474
18583339	1474
18583476	1474
18625038	1474
18625149	1474
18625246	1474
18625340	1474
18625432	1474
18625519	1474
18625611	1474
18625722	1474
19382651	1474
19382763	1474
19382867	1474
19382977	1474
19383101	1474
19383197	1474
19383299	1474
19383394	1474
19383494	1474
19383590	1474
19424462	1474
19424586	1474
19424684	1474
19424810	1474
19424910	1474
19425008	1474
19425099	1474
19425202	1474
20182183	1474
20182352	1474
20182451	1474
20182560	1474
20182657	1474
20182937	1474
20183036	1474
20183141	1474
20183264	1474
20183523	1474
20183635	1474
20185631	1474
20223021	1474
20223147	1474
20223259	1474
20981674	1474
20981937	1474
20982037	1474
20982140	1474
20982314	1474
20982551	1474
20982653	1474
20982757	1474
20982853	1474
20983088	1474
20983190	1474
20985120	1474
21022565	1474
21022679	1474
21022793	1474
21022892	1474
21022991	1474
21023105	1474
21023204	1474
21023301	1474
21780879	1474
21781007	1474
21781234	1474
21781335	1474
21781426	1474
21781537	1474
21782140	1474
21782263	1474
21782456	1474
21782547	1474
21782671	1474
21822570	1474
21822699	1474
21822797	1474
21822973	1474
22581879	1474
22581994	1474
22582092	1474
22582222	1474
22582365	1474
22582455	1474
22582574	1474
22582679	1474
22582785	1474
22582891	1474
22582985	1474
22630857	1474
22630998	1474
22631134	1474
22631294	1474
22631432	1474
22631567	1474
22631711	1474
22631848	1474
22631984	1474
23381932	1474
23382049	1474
23382162	1474
23382502	1474
23382615	1474
23382713	1474
23382810	1474
23382925	1474
23383145	1474
23383244	1474
23383333	1474
23422704	1474
23422832	1474
23422926	1474
23423036	1474
23423138	1474
23423318	1474
23423434	1474
23423536	1474
24447537	1474
24447649	1474
24447743	1474
24447837	1474
24448030	1474
24448128	1474
24448225	1474
24448320	1474
24448495	1474
24448592	1474
24448688	1474
24448780	1474
24486441	1474
24486559	1474
24486653	1474
24981315	1474
24981405	1474
24981494	1474
24981696	1474
24981784	1474
24981877	1474
24981971	1474
24982060	1474
24982153	1474
24982310	1474
24983189	1474
24983312	1474
25022507	1474
25022622	1474
25022713	1474
25022806	1474
25022897	1474
25022989	1474
25023080	1474
25023172	1474
25513866	1474
25513975	1474
25514167	1474
25514299	1474
25514508	1474
25514606	1474
25514780	1474
25514875	1474
25514969	1474
25515064	1474
26580247	1474
26580352	1474
26580516	1474
26580612	1474
26580698	1474
26580790	1474
26580874	1474
26580968	1474
26581063	1474
26581157	1474
26581362	1474
26581459	1474
26627671	1474
26627764	1474
26627856	1474
26627948	1474
27380278	1474
27380374	1474
27380464	1474
27380558	1474
27380650	1474
27380748	1474
27380950	1474
27381045	1474
27381251	1474
27381359	1474
27381509	1474
27381602	1474
27422082	1474
27422200	1474
27422354	1474
27422447	1474
27422536	1474
27422629	1474
27422718	1474
27422812	1474
27422899	1474
28180049	1474
28180141	1474
28180248	1474
28180343	1474
28180434	1474
28180526	1474
28180616	1474
28180706	1474
28180797	1474
28180887	1474
28180980	1474
28181149	1474
28223279	1474
28223395	1474
28223490	1474
28980489	1474
28980590	1474
28980696	1474
28980785	1474
28980972	1474
28981115	1474
28981362	1474
28981456	1474
28981736	1474
28981829	1474
28981923	1474
28982012	1474
28983656	1474
28983748	1474
29022656	1474
29022749	1474
29022842	1474
29781094	1474
29781297	1474
29781408	1474
29782034	1474
29782185	1474
29782401	1474
29782612	1474
29782724	1474
29782819	1474
29782938	1474
29783047	1474
29783166	1474
29783283	1474
29785526	1474
29821759	1474
29821869	1474
29821988	1474
30579882	1474
30579997	1474
30580205	1474
30580311	1474
30580421	1474
30580689	1474
30580790	1474
30581158	1474
30581436	1474
30581535	1474
30582227	1474
30582450	1474
30582550	1474
30582650	1474
30621816	1474
30621935	1474
30622046	1474
30622150	1474
30622304	1474
30622406	1474
30622515	1474
30622614	1474
31380798	1474
31381118	1474
31381579	1474
31381792	1474
31381894	1474
31382002	1474
31382099	1474
31382456	1474
31382567	1474
31382677	1474
31382776	1474
31382874	1474
31382983	1474
31384490	1474
32179727	1474
32179888	1474
32179997	1474
32180095	1474
32180211	1474
32180321	1474
32180415	1474
32180511	1474
32180622	1474
32180732	1474
32180831	1474
32180961	1474
32181193	1474
32223396	1474
32223487	1474
32223596	1474
32223694	1474
32224166	1474
32224279	1474
32224388	1474
32224502	1474
32980948	1474
32981180	1474
32981987	1474
32982453	1474
32982564	1474
32982668	1474
32982775	1474
32982901	1474
32983001	1474
32983113	1474
32983230	1474
32983349	1474
32983557	1474
32988212	1474
33780614	1474
33780851	1474
33780971	1474
33781538	1474
33781639	1474
33781860	1474
33781961	1474
33782068	1474
33782166	1474
33782390	1474
33782493	1474
33782607	1474
33782708	1474
33821630	1474
33821749	1474
33821869	1474
34580734	1474
34580969	1474
34581220	1474
34581374	1474
34581571	1474
34581766	1474
34581915	1474
34582052	1474
34582211	1474
34582398	1474
34582541	1474
34582677	1474
34582826	1474
34582966	1474
34589376	1474
34621109	1474
34621221	1474
35380000	1474
35380110	1474
35380209	1474
35380413	1474
35380512	1474
35380938	1474
35381044	1474
35381190	1474
35381285	1474
35381382	1474
35381478	1474
35381575	1474
35381668	1474
35381773	1474
35421415	1474
35421530	1474
35421625	1474
36179341	1474
36179445	1474
36179538	1474
36179632	1474
36179787	1474
36179883	1474
36179980	1474
36180078	1474
36180302	1474
36180410	1474
36180517	1474
36180925	1474
36181094	1474
36181189	1474
36221132	1474
36221228	1474
36221317	1474
36979288	1474
36979402	1474
36979491	1474
36979584	1474
36979691	1474
36979785	1474
36979879	1474
36979971	1474
36980057	1474
36980259	1474
36980356	1474
36980458	1474
36980822	1474
36981014	1474
37021347	1474
37021458	1474
37780436	1474
37780556	1474
37780774	1474
37780872	1474
37780966	1474
37781438	1474
37781535	1474
37781756	1474
37781849	1474
37781940	1474
37782033	1474
37782124	1474
37782241	1474
37782384	1474
37820946	1474
37821106	1474
37821197	1474
37821290	1474
37821382	1474
37821474	1474
37821567	1474
37821672	1474
38579156	1474
38579276	1474
38579367	1474
38579480	1474
38579574	1474
38579688	1474
38579794	1474
38579888	1474
38580014	1474
38580128	1474
38580222	1474
38580480	1474
38580764	1474
38580865	1474
38621278	1474
39379151	1474
39379264	1474
39379388	1474
39379502	1474
39379751	1474
39379850	1474
39380262	1474
39380363	1474
39380533	1474
39380638	1474
39380740	1474
39380850	1474
39380947	1474
39381046	1474
39381146	1474
39423095	1474
39423193	1474
39912737	1474
39913037	1474
39913261	1474
39913434	1474
39913596	1474
39913852	1474
39913995	1474
39914132	1474
39914270	1474
39914475	1474
39914627	1474
39914765	1474
39914905	1474
39915042	1474
39915182	1474
39953856	1474
40713762	1474
40713863	1474
40713976	1474
40714124	1474
40714575	1474
40714685	1474
40714781	1474
40714902	1474
40715002	1474
40715129	1474
40715243	1474
40715343	1474
40715454	1474
40715576	1474
40715676	1474
40718412	1474
40756673	1474
41779485	1474
41779605	1474
41779865	1474
41779967	1474
41780359	1474
41780466	1474
41780576	1474
41780687	1474
41780787	1474
41780885	1474
41780998	1474
41781110	1474
41781210	1474
41781347	1474
41781467	1474
41822358	1474
41822477	1474
42578747	1474
42578867	1474
42578960	1474
42579087	1474
42579187	1474
42579311	1474
42579413	1474
42579513	1474
42579621	1474
42579881	1474
42579983	1474
42580577	1474
42580770	1474
42580892	1474
42580991	1474
42620745	1474
42620864	1474
42620989	1474
43378893	1474
43379008	1474
43379162	1474
43379286	1474
43379380	1474
43379502	1474
43379615	1474
43379716	1474
43379922	1474
43380027	1474
43380528	1474
43380773	1474
43380877	1474
43380972	1474
43381083	1474
43420613	1474
43420734	1474
43420831	1474
44178367	1474
44178542	1474
44178643	1474
44178744	1474
44178843	1474
44178943	1474
44179044	1474
44179172	1474
44179281	1474
44179382	1474
44179482	1474
44179579	1474
44179675	1474
44179780	1474
44180022	1474
44239898	1474
44240028	1474
44240127	1474
44979376	1474
44979489	1474
44979783	1474
44979883	1474
44980573	1474
44980672	1474
44980811	1474
44980909	1474
44981006	1474
44981121	1474
44981222	1474
44981318	1474
44981430	1474
44981586	1474
44981685	1474
45020412	1474
45020523	1474
45778715	1474
45778870	1474
45779222	1474
45779945	1474
45780065	1474
45780170	1474
45780260	1474
45780357	1474
45780473	1474
45780585	1474
45780699	1474
45780797	1474
45780906	1474
45781018	1474
45781134	1474
45781249	1474
46312301	1474
46312420	1474
46312620	1474
46312741	1474
46313374	1474
46313602	1474
46313702	1474
46313807	1474
46313900	1474
46313995	1474
46314132	1474
46314267	1474
46314402	1474
46314519	1474
46314615	1474
46314734	1474
47378641	1474
47378757	1474
47379062	1474
47379162	1474
47379930	1474
47380049	1474
47380257	1474
47380366	1474
47380461	1474
47380574	1474
47380690	1474
47380785	1474
47380879	1474
47380982	1474
47381099	1474
47381198	1474
47422292	1474
47422405	1474
47914117	1474
47914541	1474
47914658	1474
47914759	1474
47914901	1474
47915008	1474
47915131	1474
47915229	1474
47915344	1474
47915437	1474
47915533	1474
47915691	1474
47915793	1474
47915906	1474
47916073	1474
47916319	1474
47955794	1474
48978202	1474
48978750	1474
48979029	1474
48979457	1474
48979744	1474
48980077	1474
48980180	1474
48980297	1474
48980408	1474
48980506	1474
48980621	1474
48980720	1474
48980855	1474
48980959	1474
48981074	1474
48981172	1474
48983267	1474
49019936	1474
49778452	1474
49778559	1474
49778645	1474
49778758	1474
49778864	1474
49779063	1474
49779322	1474
49779421	1474
49780057	1474
49780165	1474
49780394	1474
49780493	1474
49780611	1474
49780706	1474
49780801	1474
49780919	1474
49819656	1474
49819766	1474
50578890	1474
50579061	1474
50579154	1474
50579899	1474
50580000	1474
50580102	1474
50580225	1474
50580322	1474
50580416	1474
50580534	1474
50580650	1474
50580742	1474
50580846	1474
50580937	1474
50581034	1474
50581143	1474
50619967	1474
50620083	1474
51378704	1474
51378833	1474
51378946	1474
51379060	1474
51379300	1474
51379452	1474
51379745	1474
51380286	1474
51380392	1474
51380585	1474
51380703	1474
51380810	1474
51380926	1474
51381033	1474
51381126	1474
51381220	1474
51384207	1474
51912018	1474
51912131	1474
51912252	1474
51912345	1474
51912442	1474
51912539	1474
51912634	1474
51912730	1474
51912841	1474
51912960	1474
51913076	1474
51913171	1474
51913287	1474
51913402	1474
51913494	1474
52711875	1474
52711996	1474
52712090	1474
52712212	1474
52712311	1474
52712478	1474
52712579	1474
52712670	1474
52712777	1474
52712878	1474
52713226	1474
52713326	1474
52713443	1474
52713538	1474
52713634	1474
52713772	1474
52713861	1474
53511087	1474
53511208	1474
53511326	1474
53511443	1474
53511542	1474
53511707	1474
53511815	1474
53511927	1474
53512049	1474
53512293	1474
53512393	1474
53513207	1474
53513309	1474
53513404	1474
53513501	1474
53513599	1474
53513761	1474
53551857	1474
54578162	1474
54578324	1474
54578438	1474
54578698	1474
54578962	1474
54579064	1474
54579276	1474
54579374	1474
54579472	1474
54579580	1474
54579699	1474
54579796	1474
54579892	1474
54580005	1474
54580113	1474
54580213	1474
54580314	1474
54583325	1474
55378764	1474
55378991	1474
55379092	1474
55379341	1474
55379441	1474
55379568	1474
55379665	1474
55379844	1474
55379942	1474
55380061	1474
55380161	1474
55380278	1474
55380375	1474
55380492	1474
55380591	1474
55380693	1474
55380790	1474
55384143	1474
55912395	1474
55912543	1474
55912659	1474
55912777	1474
55912884	1474
55912981	1474
55913082	1474
55913178	1474
55913290	1474
55913403	1474
55913577	1474
55913702	1474
55913815	1474
55913911	1474
55914031	1474
55914140	1474
56710998	1474
56711114	1474
56711277	1474
56711387	1474
56711512	1474
56711626	1474
56711738	1474
56712081	1474
56712639	1474
56712751	1474
56712987	1474
56713085	1474
56713212	1474
56713327	1474
56713435	1474
56713540	1474
56713634	1474
57777795	1474
57777898	1474
57778656	1474
57778844	1474
57778959	1474
57779185	1474
57779287	1474
57779397	1474
57779496	1474
57779755	1474
57779855	1474
57779945	1474
57780060	1474
57780174	1474
57780271	1474
57780378	1474
57780479	1474
57783352	1474
58310737	1474
58310946	1474
58311049	1474
58311593	1474
58311746	1474
58311846	1474
58312342	1474
58312527	1474
58312624	1474
58312721	1474
58312818	1474
58312932	1474
58313028	1474
58313120	1474
58313214	1474
58313308	1474
58313407	1474
59377519	1474
59377637	1474
59377758	1474
59377908	1474
59378006	1474
59378104	1474
59378232	1474
59378378	1474
59378524	1474
59378627	1474
59378735	1474
59378839	1474
59378940	1474
59379038	1474
59379138	1474
59379385	1474
59379487	1474
59420446	1474
59911697	1474
59911812	1474
59911912	1474
59912010	1474
59912109	1474
59912207	1474
59912321	1474
59912420	1474
59912519	1474
59912618	1474
59912717	1474
59912815	1474
59912913	1474
59913011	1474
59913110	1474
59913209	1474
60710607	1474
60710738	1474
60710861	1474
60711119	1474
60711262	1474
60711809	1474
60712042	1474
60712330	1474
60712571	1474
60712671	1474
60712786	1474
60712885	1474
60712980	1474
60713082	1474
60713191	1474
60713285	1474
60713403	1474
60715964	1474
61776771	1474
61776934	1474
61777022	1474
61777137	1474
61777234	1474
61777331	1474
61777429	1474
61777527	1474
61777624	1474
61777724	1474
61777821	1474
61777918	1474
61778016	1474
61778136	1474
61778265	1474
61778678	1474
61778788	1474
61778887	1474
62577022	1474
62577149	1474
62577258	1474
62577396	1474
62577494	1474
62577605	1474
62577707	1474
62577804	1474
62577905	1474
62578014	1474
62578119	1474
62578272	1474
62578520	1474
62578622	1474
62578741	1474
62578868	1474
62578965	1474
62579094	1474
63376929	1474
63377054	1474
63377144	1474
63377247	1474
63377347	1474
63377444	1474
63377553	1474
63377665	1474
63377760	1474
63377858	1474
63377956	1474
63378068	1474
63378165	1474
63378379	1474
63378555	1474
63378653	1474
63378770	1474
63378889	1474
64176924	1474
64177044	1474
64177168	1474
64177312	1474
64177408	1474
64177517	1474
64177695	1474
64177793	1474
64177900	1474
64178013	1474
64178111	1474
64178210	1474
64178371	1474
64178474	1474
64178590	1474
64178699	1474
64178796	1474
64977570	1474
64977846	1474
64977963	1474
64978065	1474
64978162	1474
64978279	1474
64978430	1474
64978532	1474
64978625	1474
64978722	1474
64978828	1474
64978939	1474
64979039	1474
64979141	1474
64979251	1474
64979369	1474
64979466	1474
64979577	1474
65776989	1474
65777108	1474
65777201	1474
65777306	1474
65777419	1474
65777526	1474
65777650	1474
65777749	1474
65777855	1474
65777984	1474
65778083	1474
65778182	1474
65778303	1474
65778586	1474
65778687	1474
65778786	1474
65778913	1474
65779012	1474
66576599	1474
66576719	1474
66576853	1474
66576979	1474
66577080	1474
66577166	1474
66577268	1474
66577370	1474
66577468	1474
66577565	1474
66577662	1474
66577761	1474
66577871	1474
66577969	1474
66578068	1474
66578169	1474
66578317	1474
67376470	1474
67376606	1474
67376757	1474
67376911	1474
67377005	1474
67377101	1474
67377198	1474
67377293	1474
67377389	1474
67377512	1474
67377629	1474
67377726	1474
67377863	1474
67377958	1474
67378055	1474
67378150	1474
67378310	1474
67378426	1474
68177054	1474
68177176	1474
68177277	1474
68177372	1474
68177478	1474
68177576	1474
68177715	1474
68177819	1474
68177930	1474
68178027	1474
68178124	1474
68178222	1474
68178352	1474
68178460	1474
68178569	1474
68178668	1474
68178780	1474
68178878	1474
68976093	1474
68976213	1474
68976328	1474
68976419	1474
68976515	1474
68976635	1474
68976750	1474
68977057	1474
68977163	1474
68977277	1474
68977370	1474
68977469	1474
68977568	1474
68977675	1474
68977775	1474
68977874	1474
68977972	1474
69776198	1474
69776311	1474
69776472	1474
69776599	1474
69776715	1474
69776826	1474
69776928	1474
69777046	1474
69777145	1474
69777243	1474
69777345	1474
69777440	1474
69777535	1474
69777633	1474
69777718	1474
69777834	1474
69777932	1474
70576495	1474
70576622	1474
70576864	1474
70576980	1474
70577089	1474
70577184	1474
70577308	1474
70577454	1474
70577552	1474
70577660	1474
70577763	1474
70577863	1474
70577969	1474
70578063	1474
70578159	1474
70578324	1474
70578425	1474
71376682	1474
71376827	1474
71376940	1474
71377027	1474
71377125	1474
71377226	1474
71377494	1474
71377594	1474
71377705	1474
71377816	1474
71377914	1474
71378013	1474
71378114	1474
71378239	1474
71378385	1474
71378485	1474
71378582	1474
71378684	1474
72175946	1474
72176064	1474
72176152	1474
72176255	1474
72176398	1474
72176496	1474
72176710	1474
72176812	1474
72176902	1474
72176998	1474
72177106	1474
72177204	1474
72177299	1474
72177397	1474
72177496	1474
72177676	1474
72177780	1474
72975636	1474
72975767	1474
72975886	1474
72975987	1474
72976084	1474
72976194	1474
72976306	1474
72976421	1474
72976519	1474
72976645	1474
72976765	1474
72976864	1474
72976970	1474
72977088	1474
72977190	1474
72977290	1474
72977389	1474
72977511	1474
73775976	1474
73776110	1474
73776314	1474
73776420	1474
73777016	1474
73777120	1474
73777323	1474
73777437	1474
73777537	1474
73777660	1474
73777755	1474
73777851	1474
73777965	1474
73778094	1474
73778191	1474
73778288	1474
73778484	1474
74575888	1474
74576076	1474
74576191	1474
74576289	1474
74576976	1474
74577081	1474
74577184	1474
74577310	1474
74577409	1474
74577533	1474
74577632	1474
74577729	1474
74577827	1474
74577925	1474
74578024	1474
74578122	1474
74578243	1474
74578395	1474
75376223	1474
75376473	1474
75376751	1474
75377136	1474
75377358	1474
75377536	1474
75377684	1474
75377830	1474
75377977	1474
75378122	1474
75378279	1474
75378484	1474
75378636	1474
75378780	1474
75378925	1474
75379069	1474
75379214	1474
76175390	1474
76175523	1474
76175632	1474
76175724	1474
76175820	1474
76175920	1474
76176035	1474
76176311	1474
76176721	1474
76176992	1474
76177086	1474
76177183	1474
76177302	1474
76177410	1474
76177519	1474
76177613	1474
76177709	1474
76975268	1474
76975376	1474
76975487	1474
76975722	1474
76975811	1474
76975888	1474
76976655	1474
76976793	1474
76976868	1474
76976963	1474
76977071	1474
76977193	1474
76977361	1474
76977466	1474
76977552	1474
76977653	1474
76977732	1474
76977818	1474
77775834	1474
77775942	1474
77776579	1474
77776669	1474
77776840	1474
77776926	1474
77777023	1474
77777127	1474
77777223	1474
77777322	1474
77777418	1474
77777517	1474
77777599	1474
77777686	1474
77777788	1474
77777874	1474
77777961	1474
77778041	1474
78841988	1474
78842114	1474
78842358	1474
78842466	1474
78842565	1474
78842723	1474
78842948	1474
78843061	1474
78843187	1474
78843302	1474
78843397	1474
78843510	1474
78843692	1474
78843813	1474
78843912	1474
78844008	1474
78844120	1474
78844226	1474
79642052	1474
79642168	1474
79642450	1474
79642556	1474
79642674	1474
79642916	1474
79643081	1474
79643172	1474
79643265	1474
79643352	1474
79643439	1474
79643539	1474
79643627	1474
79643734	1474
79643820	1474
79643922	1474
79644090	1474
79644175	1474
80441446	1474
80441559	1474
80441647	1474
80441761	1474
80441856	1474
80441956	1474
80442098	1474
80442287	1474
80442396	1474
80442507	1474
80442625	1474
80442718	1474
80442815	1474
80442931	1474
80443031	1474
80443167	1474
80443266	1474
80443381	1474
81241637	1474
81241766	1474
81241890	1474
81241989	1474
81242127	1474
81242304	1474
81242529	1474
81242633	1474
81242729	1474
81242844	1474
81242951	1474
81243048	1474
81243160	1474
81243256	1474
81243356	1474
81243454	1474
81243579	1474
81243674	1474
82041884	1474
82042005	1474
82042096	1474
82042248	1474
82042459	1474
82042557	1474
82042653	1474
82042756	1474
82042866	1474
82042973	1474
82043066	1474
82043158	1474
82043262	1474
82043359	1474
82043474	1474
82043581	1474
82043676	1474
82841646	1474
82841757	1474
82841932	1474
82842031	1474
82842152	1474
82842501	1474
82842599	1474
82842704	1474
82842814	1474
82842926	1474
82843035	1474
82843132	1474
82843245	1474
82843365	1474
82843476	1474
82843570	1474
82843685	1474
82843802	1474
83641277	1474
83641377	1474
83642085	1474
83642177	1474
83642344	1474
83642458	1474
83642616	1474
83642714	1474
83642804	1474
83642885	1474
83642970	1474
83643077	1474
83643167	1474
83643253	1474
83643353	1474
83643439	1474
83643526	1474
84440982	1474
84441085	1474
84441177	1474
84441306	1474
84441397	1474
84441644	1474
84441743	1474
84441840	1474
84441921	1474
84442035	1474
84442128	1474
84442221	1474
84442461	1474
84442569	1474
84442662	1474
84442785	1474
84442899	1474
84443005	1474
85240976	1474
85241081	1474
85241173	1474
85241325	1474
85241431	1474
85241530	1474
85241630	1474
85241728	1474
85241863	1474
85241951	1474
85242037	1474
85242123	1474
85242230	1474
85242434	1474
85242530	1474
85242629	1474
85242719	1474
86041212	1474
86041351	1474
86041443	1474
86041600	1474
86041700	1474
86041796	1474
86041891	1474
86041987	1474
86042082	1474
86042178	1474
86042294	1474
86042482	1474
86042593	1474
86042693	1474
86042801	1474
86042906	1474
86043025	1474
86840424	1474
86840540	1474
86840649	1474
86840758	1474
86840843	1474
86840927	1474
86841037	1474
86841144	1474
86841230	1474
86841315	1474
86841420	1474
86841522	1474
86841614	1474
86841701	1474
86841804	1474
86841893	1474
86841980	1474
86842068	1474
87640795	1474
87640900	1474
87641392	1474
87641493	1474
87641570	1474
87641655	1474
87641757	1474
87641857	1474
87641944	1474
87642072	1474
87642218	1474
87642391	1474
87642492	1474
87642581	1474
87642669	1474
87642755	1474
88441430	1474
88441569	1474
88441731	1474
88441833	1474
88441936	1474
88442191	1474
88442283	1474
88442467	1474
88442569	1474
88442674	1474
88442771	1474
88442891	1474
88442985	1474
88443073	1474
88443173	1474
88443279	1474
88443365	1474
88443475	1474
89240614	1474
89240717	1474
89240808	1474
89240894	1474
89240980	1474
89241082	1474
89241170	1474
89241260	1474
89241347	1474
89241449	1474
89241537	1474
89241623	1474
89241742	1474
89241830	1474
89241917	1474
89242005	1474
89242114	1474
90040195	1474
90040300	1474
90040399	1474
90040941	1474
90041130	1474
90041240	1474
90041339	1474
90041511	1474
90041601	1474
90041705	1474
90041787	1474
90041874	1474
90041969	1474
90042066	1474
90042163	1474
90042268	1474
90042454	1474
90840149	1474
90840267	1474
90840796	1474
90840900	1474
90840981	1474
90841105	1474
90841200	1474
90841323	1474
90841409	1474
90841515	1474
90841601	1474
90841702	1474
90841789	1474
90841894	1474
90841984	1474
90842090	1474
90842178	1474
91643476	1474
91643594	1474
91643749	1474
91643830	1474
91643915	1474
91644001	1474
91644098	1474
91644184	1474
91644301	1474
91644395	1474
91644482	1474
91644587	1474
91644682	1474
91644771	1474
91644872	1474
91644958	1474
91645044	1474
91645146	1474
92440466	1474
92440599	1474
92440717	1474
92440817	1474
92440914	1474
92441014	1474
92441107	1474
92441202	1474
92441332	1474
92441444	1474
92441540	1474
92441652	1474
92441749	1474
92441843	1474
92441954	1474
92442059	1474
92442175	1474
92442342	1474
93240632	1474
93240794	1474
93240898	1474
93241013	1474
93241111	1474
93241222	1474
93241342	1474
93241451	1474
93241545	1474
93241632	1474
93241743	1474
93241861	1474
93241959	1474
93242066	1474
93242174	1474
93242323	1474
94040156	1474
94040287	1474
94040395	1474
94040514	1474
94040609	1474
94040718	1474
94040831	1474
94040928	1474
94041024	1474
94041146	1474
94041258	1474
94041370	1474
94041466	1474
94041575	1474
94041690	1474
94041790	1474
94041901	1474
94041996	1474
94842326	1474
94842432	1474
94842512	1474
94842602	1474
94842695	1474
94842786	1474
94842872	1474
94842973	1474
94843067	1474
94843174	1474
94843262	1474
94843371	1474
94843456	1474
94843558	1474
94843643	1474
94843751	1474
94843837	1474
94843944	1474
95639863	1474
95639980	1474
95640226	1474
95640323	1474
95640413	1474
95640506	1474
95640601	1474
95640696	1474
95640790	1474
95640884	1474
95640977	1474
95641081	1474
95641179	1474
95641272	1474
95641365	1474
95641460	1474
95641553	1474
95641647	1474
96439774	1474
96439886	1474
96439982	1474
96440142	1474
96440236	1474
96440335	1474
96440431	1474
96440523	1474
96440619	1474
96440714	1474
96440812	1474
96440906	1474
96440996	1474
96441103	1474
96441190	1474
96441283	1474
96441377	1474
96441471	1474
97240273	1474
97240383	1474
97240479	1474
97240573	1474
97240673	1474
97240767	1474
97240861	1474
97240955	1474
97241062	1474
97241153	1474
97241247	1474
97241339	1474
97241433	1474
97241525	1474
97241619	1474
97241714	1474
97241809	1474
97241902	1474
98039782	1474
98039889	1474
98039993	1474
98040089	1474
98040179	1474
98040271	1474
98040365	1474
98040455	1474
98040543	1474
98040639	1474
98040733	1474
98040828	1474
98040931	1474
98041030	1474
98041123	1474
98041217	1474
98041311	1474
98839380	1474
98839488	1474
98839582	1474
98839673	1474
98839763	1474
98839856	1474
98840101	1474
98840207	1474
98840301	1474
98840395	1474
98840491	1474
98840585	1474
98840679	1474
98840772	1474
98840876	1474
98840976	1474
98841070	1474
99639136	1474
99639301	1474
99639399	1474
99639491	1474
99639585	1474
99639676	1474
99639769	1474
99639977	1474
99640073	1474
99640169	1474
99640260	1474
99640351	1474
99640443	1474
99640536	1474
99640627	1474
99640721	1474
99640812	1474
99640919	1474
100440220	1474
100440354	1474
100440449	1474
100440544	1474
100440636	1474
100440730	1474
100440831	1474
100440926	1474
100441019	1474
100441113	1474
100441206	1474
100441298	1474
100441391	1474
100441484	1474
100441578	1474
101240381	1474
101240477	1474
101240570	1474
101240663	1474
101240765	1474
101240860	1474
101240953	1474
101241046	1474
101241140	1474
101241233	1474
101241326	1474
101241420	1474
101241513	1474
101241605	1474
101241697	1474
101241801	1474
101241894	1474
102039137	1474
102039307	1474
102039469	1474
102040146	1474
102040235	1474
102040317	1474
102040412	1474
102040498	1474
102040609	1474
102040694	1474
102040784	1474
102040886	1474
102040987	1474
102041077	1474
102041169	1474
102041275	1474
102041363	1474
102041457	1474
102840377	1474
102840468	1474
102840559	1474
102840646	1474
102840756	1474
102840863	1474
102840952	1474
102841050	1474
102841136	1474
102841247	1474
102841357	1474
102841460	1474
102841558	1474
102841642	1474
102841736	1474
102841840	1474
102841933	1474
102842035	1474
103643723	1474
103643848	1474
103643946	1474
103644070	1474
103644176	1474
103644450	1474
103644576	1474
103644696	1474
103644795	1474
103644914	1474
103645034	1474
103645159	1474
103645258	1474
103645357	1474
103645476	1474
103645588	1474
103645742	1474
103645845	1474
104439200	1474
104439413	1474
104439565	1474
104440493	1474
104440597	1474
104440703	1474
104440801	1474
104440910	1474
104441023	1474
104441149	1474
104441272	1474
104441369	1474
104441493	1474
104441587	1474
104441714	1474
104441811	1474
104441930	1474
104442035	1474
105238935	1474
105239143	1474
105239254	1474
105239547	1474
105239647	1474
105240555	1474
105240783	1474
105240885	1474
105240992	1474
105241112	1474
105241208	1474
105241316	1474
105241412	1474
105241537	1474
105241687	1474
105241785	1474
105241884	1474
106039101	1474
106039351	1474
106039473	1474
106040327	1474
106040524	1474
106040625	1474
106040724	1474
106040984	1474
106041100	1474
106041198	1474
106041312	1474
106041422	1474
106041541	1474
106041640	1474
106041766	1474
106041863	1474
106041982	1474
106839350	1474
106839596	1474
106840248	1474
106840459	1474
106840616	1474
106840777	1474
106840894	1474
106840994	1474
106841160	1474
106841271	1474
106841380	1474
106841505	1474
106841622	1474
106841721	1474
106841823	1474
106841922	1474
106842036	1474
107638662	1474
107638774	1474
107638974	1474
107639079	1474
107639332	1474
107639488	1474
107639960	1474
107640205	1474
107640317	1474
107640431	1474
107640547	1474
107640647	1474
107640746	1474
107640845	1474
108438707	1474
108439130	1474
108439726	1474
108439920	1474
108440065	1474
108440396	1474
108440559	1474
108440700	1474
108440839	1474
108440980	1474
108441118	1474
108441338	1474
108441481	1474
108441620	1474
108441762	1474
108441900	1474
108445389	1474
109239011	1474
109239174	1474
109239319	1474
109239499	1474
109239697	1474
109239930	1474
109240071	1474
109240225	1474
109240367	1474
109240507	1474
109240648	1474
109240789	1474
109240926	1474
109241066	1474
109241216	1474
109241354	1474
109241493	1474
110038361	1474
110038480	1474
110038785	1474
110039669	1474
110039828	1474
110039940	1474
110040197	1474
110040312	1474
110040412	1474
110040511	1474
110040621	1474
110040724	1474
110040827	1474
110040924	1474
110041036	1474
110041146	1474
110041247	1474
110838008	1474
110838464	1474
110838942	1474
110839277	1474
110839546	1474
110839645	1474
110839731	1474
110839833	1474
110839932	1474
110840033	1474
110840221	1474
110840347	1474
110840447	1474
110840562	1474
110840713	1474
110840814	1474
110840915	1474
111371213	1474
111371408	1474
111371510	1474
111371608	1474
111371705	1474
111371910	1474
111372020	1474
111372180	1474
111372282	1474
111372380	1474
111372467	1474
111372563	1474
111372659	1474
111372751	1474
111372846	1474
111372937	1474
111373041	1474
112171706	1474
112171872	1474
112171980	1474
112172179	1474
112172336	1474
112172621	1474
112172873	1474
112172982	1474
112173078	1474
112173226	1474
112173320	1474
112173415	1474
112173509	1474
112173603	1474
112173699	1474
112173795	1474
112173889	1474
113238504	1474
113238661	1474
113238760	1474
113239285	1474
113239384	1474
113239554	1474
113239650	1474
113239752	1474
113239848	1474
113239952	1474
113240047	1474
113240139	1474
113240233	1474
113240331	1474
113240426	1474
113240522	1474
113240618	1474
113240714	1474
114041445	1474
114041556	1474
114041742	1474
114041838	1474
114041951	1474
114042171	1474
114042307	1474
114042405	1474
114042500	1474
114042598	1474
114042694	1474
114042796	1474
114043008	1474
114043415	1474
114043631	1474
114043733	1474
114043831	1474
114043944	1474
114840365	1474
114840460	1474
114840555	1474
114840649	1474
114840744	1474
114840847	1474
114840943	1474
114841037	1474
114841131	1474
114841226	1474
114841320	1474
114841414	1474
114841508	1474
114841603	1474
114841697	1474
114841808	1474
114841905	1474
114842000	1474
115638065	1474
115638383	1474
115638987	1474
115639277	1474
115639380	1474
115639490	1474
115639644	1474
115639745	1474
115639919	1474
115640048	1474
115640150	1474
115640252	1474
115640355	1474
115640470	1474
115640569	1474
115640690	1474
115640870	1474
116437522	1474
116437640	1474
116438085	1474
116438976	1474
116439087	1474
116439208	1474
116439302	1474
116439420	1474
116439539	1474
116439636	1474
116439760	1474
116439863	1474
116439961	1474
116440079	1474
116440239	1474
116440340	1474
116440444	1474
117237801	1474
117237912	1474
117238122	1474
117238220	1474
117238378	1474
117238542	1474
117238749	1474
117238849	1474
117238938	1474
117239062	1474
117239162	1474
117239261	1474
117239359	1474
117239476	1474
117239599	1474
117239708	1474
117239823	1474
117239936	1474
118038260	1474
118038915	1474
118039023	1474
118039368	1474
118039467	1474
118039554	1474
118039688	1474
118039805	1474
118039904	1474
118040018	1474
118040136	1474
118040228	1474
118040323	1474
118040412	1474
118040507	1474
118040634	1474
118040738	1474
118040853	1474
118838185	1474
118838336	1474
118838489	1474
118838654	1474
118838811	1474
118839069	1474
118839169	1474
118839260	1474
118839376	1474
118839638	1474
118839740	1474
118839829	1474
118839935	1474
118840057	1474
118840156	1474
118840257	1474
118840364	1474
119637664	1474
119637775	1474
119637873	1474
119637983	1474
119638085	1474
119638195	1474
119638383	1474
119638483	1474
119638585	1474
119638683	1474
119638781	1474
119638876	1474
119638972	1474
119639067	1474
119639165	1474
119639277	1474
120437278	1474
120437387	1474
120437946	1474
120438042	1474
120438135	1474
120438300	1474
120438402	1474
120438494	1474
120438591	1474
120438690	1474
120438783	1474
120438878	1474
120438971	1474
120439064	1474
120439157	1474
120439248	1474
120439340	1474
120439432	1474
121237395	1474
121237506	1474
121237624	1474
121237752	1474
121237846	1474
121237942	1474
121238034	1474
121238125	1474
121238237	1474
121238377	1474
121238472	1474
121238565	1474
121238665	1474
121238758	1474
121238850	1474
121238940	1474
121239035	1474
121239126	1474
122037421	1474
122037541	1474
122037642	1474
122037738	1474
122037829	1474
122037920	1474
122038011	1474
122038104	1474
122038215	1474
122038362	1474
122038451	1474
122038549	1474
122038643	1474
122038735	1474
122038827	1474
122038917	1474
122039008	1474
122039095	1474
122838525	1474
122838638	1474
122838728	1474
122838823	1474
122838906	1474
122838996	1474
122839087	1474
122839177	1474
122839270	1474
122839362	1474
122839458	1474
122839562	1474
122839654	1474
122839745	1474
122839837	1474
122839928	1474
122840020	1474
122840111	1474
123636754	1474
123636918	1474
123637019	1474
123637111	1474
123637198	1474
123637290	1474
123637379	1474
123637476	1474
123637568	1474
123637656	1474
123637747	1474
123637836	1474
123637928	1474
123638017	1474
123638108	1474
123638220	1474
123638359	1474
123638474	1474
124436872	1474
124436985	1474
124437079	1474
124437170	1474
124437262	1474
124437371	1474
124437590	1474
124437688	1474
124437775	1474
124437866	1474
124437958	1474
124438049	1474
124438141	1474
124438258	1474
124438530	1474
124438625	1474
124438718	1474
125237250	1474
125237379	1474
125237499	1474
125237597	1474
125237696	1474
125237795	1474
125237896	1474
125237994	1474
125238089	1474
125238199	1474
125238384	1474
125238514	1474
125238613	1474
125238721	1474
125238834	1474
125238947	1474
125239042	1474
126036534	1474
126036787	1474
126036889	1474
126036996	1474
126037093	1474
126037359	1474
126037465	1474
126037563	1474
126037661	1474
126037760	1474
126037856	1474
126037952	1474
126038050	1474
126038147	1474
126038317	1474
126038435	1474
126038533	1474
126836991	1474
126837107	1474
126837219	1474
126837333	1474
126837455	1474
126837560	1474
126837681	1474
126837781	1474
126837890	1474
126837999	1474
126838100	1474
126838287	1474
126838397	1474
126838508	1474
126838602	1474
126838698	1474
126838810	1474
126838924	1474
127636867	1474
127636985	1474
127637078	1474
127637207	1474
127637307	1474
127637424	1474
127637540	1474
127637635	1474
127637732	1474
127637831	1474
127637925	1474
127638028	1474
127638143	1474
127638344	1474
127638448	1474
127638570	1474
127638684	1474
128436975	1474
128437074	1474
128437296	1474
128437394	1474
128437505	1474
128437596	1474
128437862	1474
128437963	1474
128438068	1474
128438228	1474
128438376	1474
128438480	1474
128438602	1474
128438723	1474
128438812	1474
128438917	1474
128439015	1474
128439110	1474
129236739	1474
129236837	1474
129237033	1474
129237139	1474
129237258	1474
129237343	1474
129237437	1474
129237535	1474
129237633	1474
129237742	1474
129237838	1474
129237962	1474
129238061	1474
129238170	1474
129238324	1474
129238424	1474
129238532	1474
130035894	1474
130035985	1474
130036209	1474
130036304	1474
130036399	1474
130036494	1474
130036690	1474
130036788	1474
130036881	1474
130036973	1474
130037075	1474
130037171	1474
130037266	1474
130037359	1474
130037451	1474
130037548	1474
130037641	1474
130836492	1474
130836662	1474
130836765	1474
130836859	1474
130836955	1474
130837070	1474
130837168	1474
130837367	1474
130837465	1474
130837556	1474
130837650	1474
130837737	1474
130837829	1474
130837923	1474
130838026	1474
130838120	1474
130838232	1474
131635556	1474
131635652	1474
131635749	1474
131635844	1474
131635950	1474
131636049	1474
131636143	1474
131636237	1474
131636331	1474
131636423	1474
131636518	1474
131636613	1474
131636706	1474
131636800	1474
131636892	1474
131636995	1474
132169550	1474
132169690	1474
132169943	1474
132170184	1474
132170444	1474
132170606	1474
132170708	1474
132170802	1474
132170898	1474
132171007	1474
132171102	1474
132171196	1474
132171290	1474
132171385	1474
132171480	1474
132171575	1474
133236969	1474
133237082	1474
133237173	1474
133237268	1474
133237362	1474
133237454	1474
133237548	1474
133237643	1474
133237734	1474
133237826	1474
133237932	1474
133238024	1474
133238117	1474
133238232	1474
133238370	1474
133238463	1474
133238557	1474
133769028	1474
133769151	1474
133769253	1474
133769469	1474
133769569	1474
133769779	1474
133769888	1474
133770073	1474
133770171	1474
133770531	1474
133770669	1474
133770769	1474
133770950	1474
133771044	1474
133771138	1474
133771230	1474
134568974	1474
134569573	1474
134569847	1474
134570116	1474
134570324	1474
134570474	1474
134570647	1474
134570787	1474
134570924	1474
134571081	1474
134571220	1474
134571357	1474
134571494	1474
134571639	1474
134571777	1474
134571913	1474
134572051	1474
134572187	1474
135636555	1474
135636669	1474
135636770	1474
135636870	1474
135636972	1474
135637068	1474
135637174	1474
135637284	1474
135637380	1474
135637487	1474
135637585	1474
135637687	1474
135637796	1474
135637890	1474
135637984	1474
135638116	1474
135638248	1474
135638389	1474
136436187	1474
136436305	1474
136436411	1474
136436579	1474
136436688	1474
136436803	1474
136436895	1474
136436991	1474
136437095	1474
136437211	1474
136437305	1474
136437401	1474
136437491	1474
136437601	1474
136437705	1474
136437812	1474
136437943	1474
136438044	1474
137235676	1474
137235783	1474
137236009	1474
137236110	1474
137236203	1474
137236300	1474
137236397	1474
137236494	1474
137236602	1474
137236705	1474
137236812	1474
137236940	1474
137237037	1474
137237134	1474
137237242	1474
137237336	1474
137237692	1474
137237798	1474
137768921	1474
137769040	1474
137769280	1474
137769381	1474
137770054	1474
137770332	1474
137770445	1474
137770770	1474
137770900	1474
137771040	1474
137771168	1474
137771268	1474
137771365	1474
137771459	1474
137771568	1474
137771691	1474
138568524	1474
138568642	1474
138568739	1474
138568838	1474
138568937	1474
138569030	1474
138569126	1474
138569247	1474
138569522	1474
138569782	1474
138569888	1474
138570019	1474
138570118	1474
138570251	1474
138570392	1474
138570493	1474
139634655	1474
139634769	1474
139635026	1474
139635122	1474
139635225	1474
139635335	1474
139635451	1474
139635544	1474
139635634	1474
139635721	1474
139635810	1474
139635899	1474
139635987	1474
139636081	1474
139636175	1474
139636273	1474
139636374	1474
139636474	1474
140436413	1474
140436518	1474
140436967	1474
140437069	1474
140437374	1474
140437487	1474
140437601	1474
140437715	1474
140437811	1474
140437926	1474
140438023	1474
140438120	1474
140438217	1474
140438352	1474
140438459	1474
140438586	1474
140438704	1474
140438799	1474
141235654	1474
141235851	1474
141236122	1474
141236229	1474
141236708	1474
141236809	1474
141236920	1474
141237036	1474
141237133	1474
141237229	1474
141237323	1474
141237430	1474
141237526	1474
141237655	1474
141237760	1474
141237863	1474
141238009	1474
142035580	1474
142035697	1474
142035806	1474
142035896	1474
142036002	1474
142036096	1474
142036205	1474
142036322	1474
142036422	1474
142036538	1474
142036632	1474
142036730	1474
142036838	1474
142036930	1474
142037025	1474
142037131	1474
142037217	1474
142568998	1474
142569108	1474
142569216	1474
142569344	1474
142569445	1474
142569700	1474
142569799	1474
142569900	1474
142570021	1474
142570246	1474
142570471	1474
142570576	1474
142570673	1474
142570769	1474
142570866	1474
142570964	1474
142571078	1474
143367910	1474
143368016	1474
143368125	1474
143368392	1474
143368485	1474
143368594	1474
143368690	1474
143368785	1474
143368889	1474
143369009	1474
143369105	1474
143369199	1474
143369308	1474
143369405	1474
143369517	1474
143369637	1474
144168077	1474
144168187	1474
144168308	1474
144168405	1474
144168512	1474
144168822	1474
144168986	1474
144169228	1474
144169330	1474
144169443	1474
144169538	1474
144169650	1474
144169762	1474
144169859	1474
144169956	1474
144170053	1474
144170150	1474
144968263	1474
144968371	1474
144968466	1474
144968560	1474
144968653	1474
144968747	1474
144968840	1474
144968932	1474
144969025	1474
144969137	1474
144969240	1474
144969333	1474
144969424	1474
144969517	1474
144969609	1474
144969702	1474
144969795	1474
145767301	1474
145767517	1474
145767614	1474
145767709	1474
145767801	1474
145767999	1474
145768107	1474
145768209	1474
145768409	1474
145768499	1474
145768593	1474
145768686	1474
145768779	1474
145768872	1474
145768966	1474
145769059	1474
145769168	1474
145769262	1474
146567457	1474
146567554	1474
146567647	1474
146567742	1474
146567836	1474
146567930	1474
146568036	1474
146568137	1474
146568232	1474
146568327	1474
146568420	1474
146568514	1474
146568610	1474
146568705	1474
146568800	1474
146568894	1474
146568989	1474
147368139	1474
147368314	1474
147368426	1474
147368521	1474
147368713	1474
147368811	1474
147368906	1474
147369012	1474
147369109	1474
147369203	1474
147369299	1474
147369394	1474
147369490	1474
147369586	1474
147369681	1474
147369776	1474
148167833	1474
148167954	1474
148168051	1474
148168147	1474
148168242	1474
148168338	1474
148168434	1474
148168532	1474
148168628	1474
148168832	1474
148168942	1474
148169259	1474
148169351	1474
148169500	1474
148169595	1474
148169691	1474
148967892	1474
148968022	1474
148968366	1474
148968464	1474
148968711	1474
148968800	1474
148968939	1474
148969032	1474
148969126	1474
148969220	1474
148969315	1474
148969411	1474
148969506	1474
148969600	1474
148969694	1474
148969789	1474
148969893	1474
149767564	1474
149767676	1474
149767878	1474
149767981	1474
149768248	1474
149768346	1474
149768488	1474
149768581	1474
149768667	1474
149768752	1474
149768854	1474
149768944	1474
149769036	1474
149769121	1474
149769213	1474
149769304	1474
149769396	1474
150567339	1474
150567438	1474
150567523	1474
150567607	1474
150567690	1474
150567786	1474
150567876	1474
150568054	1474
150568147	1474
150568237	1474
150568329	1474
150568537	1474
150568625	1474
150568707	1474
150568803	1474
150568888	1474
150568973	1474
150569054	1474
151368600	1474
151368746	1474
151368881	1474
151369014	1474
151369147	1474
151369279	1474
151369412	1474
151369545	1474
151369685	1474
151369819	1474
151369950	1474
151370086	1474
151370219	1474
151370406	1474
151370548	1474
151370691	1474
151370825	1474
151370959	1474
152167444	1474
152167550	1474
152167643	1474
152167745	1474
152167842	1474
152168055	1474
152168200	1474
152168422	1474
152168506	1474
152168651	1474
152168758	1474
152168852	1474
152168940	1474
152169032	1474
152169126	1474
152169215	1474
152169307	1474
152169399	1474
152967419	1474
152967529	1474
152967728	1474
152967829	1474
152968079	1474
152968167	1474
152968262	1474
152968353	1474
152968445	1474
152968539	1474
152968643	1474
152968740	1474
152968827	1474
152968919	1474
152969011	1474
152969103	1474
153767376	1474
153767675	1474
153767929	1474
153768132	1474
153768307	1474
153768466	1474
153768608	1474
153768743	1474
153768880	1474
153769014	1474
153769148	1474
153769285	1474
153769420	1474
153769562	1474
153769697	1474
153769843	1474
153769987	1474
154300847	1474
154300984	1474
154301117	1474
154301202	1474
154301286	1474
154301383	1474
154301477	1474
154301577	1474
154301670	1474
154301762	1474
154301853	1474
154301944	1474
154302034	1474
154302126	1474
154302239	1474
154302392	1474
155100874	1474
155100979	1474
155101181	1474
155101277	1474
155101388	1474
155101483	1474
155101681	1474
155101776	1474
155101868	1474
155101961	1474
155102052	1474
155102247	1474
155102390	1474
155102485	1474
155102576	1474
155102667	1474
155104364	1474
155901597	1474
155901706	1474
155901803	1474
155902010	1474
155902146	1474
155902421	1474
155902524	1474
155902616	1474
155902708	1474
155902800	1474
155902892	1474
155902983	1474
155903073	1474
155903164	1474
155903255	1474
155903363	1474
156700276	1474
156700402	1474
156700508	1474
156700621	1474
156700719	1474
156700835	1474
156701099	1474
156701205	1474
156701331	1474
156701430	1474
156701546	1474
156701652	1474
156701750	1474
156701849	1474
156701947	1474
156702043	1474
156702139	1474
157501871	1474
157501990	1474
157502132	1474
157502402	1474
157502506	1474
157502604	1474
157502722	1474
157502823	1474
157502931	1474
157503028	1474
157503122	1474
157503314	1474
157503417	1474
157503504	1474
157503600	1474
157503711	1474
157503813	1474
158300127	1474
158300302	1474
158300417	1474
158300534	1474
158300649	1474
158300903	1474
158301002	1474
158301101	1474
158301226	1474
158301341	1474
158301459	1474
158301556	1474
158301653	1474
158301750	1474
158301848	1474
158301946	1474
158302045	1474
158302144	1474
159099296	1474
159099412	1474
159099601	1474
159099922	1474
159100029	1474
159100135	1474
159100234	1474
159100335	1474
159100435	1474
159100539	1474
159100635	1474
159100728	1474
159100818	1474
159100926	1474
159101041	1474
159101146	1474
159101245	1474
159101340	1474
159899883	1474
159899999	1474
159900102	1474
159900217	1474
159900322	1474
159900449	1474
159900546	1474
159900646	1474
159900742	1474
159900841	1474
159900938	1474
159901037	1474
159901259	1474
159901359	1474
159901460	1474
159901556	1474
160699829	1474
160699945	1474
160700045	1474
160700156	1474
160700264	1474
160700381	1474
160700480	1474
160700584	1474
160700682	1474
160700804	1474
160700900	1474
160701002	1474
160701108	1474
160701207	1474
160701306	1474
160701405	1474
160701501	1474
161499640	1474
161500387	1474
161500598	1474
161500722	1474
161500819	1474
161500946	1474
161501063	1474
161501162	1474
161501278	1474
161501393	1474
161501512	1474
161501607	1474
161501697	1474
161501803	1474
161501930	1474
161502032	1474
161502139	1474
161502235	1474
162299593	1474
162299765	1474
162299859	1474
162299969	1474
162300066	1474
162300158	1474
162300250	1474
162300342	1474
162300433	1474
162300528	1474
162300619	1474
162300710	1474
162300803	1474
162300904	1474
162300995	1474
162301084	1474
162301176	1474
163099421	1474
163099529	1474
163099711	1474
163099804	1474
163099911	1474
163099998	1474
163100091	1474
163100184	1474
163100277	1474
163100371	1474
163100465	1474
163100556	1474
163100649	1474
163100741	1474
163100846	1474
163100940	1474
163101032	1474
163899784	1474
163899919	1474
163900014	1474
163900108	1474
163900199	1474
163900292	1474
163900386	1474
163900479	1474
163900572	1474
163900666	1474
163900758	1474
163900859	1474
163900951	1474
163901046	1474
163901140	1474
163901234	1474
163901327	1474
163901420	1474
164699352	1474
164699464	1474
164699610	1474
164699708	1474
164699833	1474
164699928	1474
164700025	1474
164700121	1474
164700222	1474
164700318	1474
164700432	1474
164700549	1474
164700646	1474
164700817	1474
164700917	1474
164701013	1474
164701111	1474
165499356	1474
165499481	1474
165499627	1474
165499809	1474
165499911	1474
165500010	1474
165500129	1474
165500227	1474
165500325	1474
165500434	1474
165500530	1474
165500648	1474
165500755	1474
165500856	1474
165500953	1474
165501052	1474
165501152	1474
166299622	1474
166299754	1474
166299867	1474
166299977	1474
166300075	1474
166300168	1474
166300291	1474
166300389	1474
166300504	1474
166300596	1474
166300702	1474
166300809	1474
166300905	1474
166301017	1474
166301116	1474
166301220	1474
166301346	1474
167098996	1474
167099106	1474
167099196	1474
167099313	1474
167099401	1474
167099500	1474
167099694	1474
167099796	1474
167099898	1474
167100023	1474
167100119	1474
167100220	1474
167100311	1474
167100408	1474
167100519	1474
167100631	1474
167100745	1474
167100842	1474
167898510	1474
167898841	1474
167898944	1474
167899046	1474
167899299	1474
167899400	1474
167899506	1474
167899656	1474
167899757	1474
167899866	1474
167899964	1474
167900064	1474
167900161	1474
167900259	1474
167900356	1474
167900473	1474
167900582	1474
167900703	1474
168698567	1474
168698679	1474
168698788	1474
168698907	1474
168699034	1474
168699132	1474
168699248	1474
168699344	1474
168699460	1474
168699578	1474
168699675	1474
168699771	1474
168699868	1474
168699975	1474
168700072	1474
168700194	1474
168700290	1474
169498222	1474
169498474	1474
169498620	1474
169498756	1474
169498894	1474
169499031	1474
169499166	1474
169499302	1474
169499439	1474
169499586	1474
169499721	1474
169499855	1474
169499992	1474
169500129	1474
169500264	1474
169500398	1474
169500543	1474
169500678	1474
170298352	1474
170298681	1474
170298786	1474
170298875	1474
170298997	1474
170299095	1474
170299292	1474
170299401	1474
170299520	1474
170299618	1474
170299718	1474
170299814	1474
170299910	1474
170300006	1474
170300112	1474
170300207	1474
170300294	1474
171098731	1474
171098852	1474
171098947	1474
171099041	1474
171099136	1474
171099228	1474
171099318	1474
171099417	1474
171099508	1474
171099597	1474
171099684	1474
171099778	1474
171099871	1474
171099964	1474
171100056	1474
171100148	1474
171899034	1474
171899154	1474
171899246	1474
171899340	1474
171899530	1474
171899622	1474
171899715	1474
171899810	1474
171899905	1474
171899998	1474
171900090	1474
171900183	1474
171900278	1474
171900382	1474
171900478	1474
172431781	1474
172431891	1474
172432082	1474
172432179	1474
172432271	1474
172432816	1474
172432913	1474
172433006	1474
172433102	1474
172433195	1474
172433292	1474
172433392	1474
172433487	1474
172433583	1474
172433676	1474
172433771	1474
173231559	1474
173231664	1474
173231760	1474
173231972	1474
173232077	1474
173232313	1474
173232416	1474
173233042	1474
173233141	1474
173233236	1474
173233343	1474
173233437	1474
173233531	1474
173233625	1474
173233717	1474
173233815	1474
174031613	1474
174031759	1474
174031855	1474
174032083	1474
174032183	1474
174032764	1474
174032864	1474
174032961	1474
174033057	1474
174033148	1474
174033252	1474
174033350	1474
174033444	1474
174033539	1474
174033632	1474
174033728	1474
174033821	1474
174831630	1474
174831815	1474
174831965	1474
174832069	1474
174832450	1474
174832549	1474
174832643	1474
174832829	1474
174832926	1474
174833018	1474
174833112	1474
174833219	1474
174833316	1474
174833408	1474
174833500	1474
174833587	1474
174833681	1474
175631978	1474
175632185	1474
175632568	1474
175632732	1474
175632828	1474
175632918	1474
175633009	1474
175633113	1474
175633229	1474
175633321	1474
175633415	1474
175633509	1474
175633598	1474
175633690	1474
175633775	1474
175633868	1474
175633961	1474
175634055	1474
176431559	1474
176431672	1474
176431770	1474
176431867	1474
176431960	1474
176432053	1474
176432156	1474
176432254	1474
176432350	1474
176432545	1474
176432642	1474
176433081	1474
176433203	1474
176433298	1474
176433453	1474
176433551	1474
176433641	1474
176433735	1474
177232177	1474
177232293	1474
177232393	1474
177232490	1474
177232602	1474
177232703	1474
177232813	1474
177232917	1474
177233025	1474
177233125	1474
177233276	1474
177233374	1474
177233488	1474
177233596	1474
177233696	1474
177233812	1474
177233913	1474
178031039	1474
178031237	1474
178031660	1474
178031760	1474
178031971	1474
178032118	1474
178032561	1474
178032663	1474
178032758	1474
178032914	1474
178033023	1474
178033118	1474
178033212	1474
178033303	1474
178033394	1474
178033488	1474
178033586	1474
178033680	1474
178831333	1474
178831511	1474
178831661	1474
178831761	1474
178831849	1474
178832231	1474
178832434	1474
178832532	1474
178832625	1474
178832719	1474
178832808	1474
178832901	1474
178833003	1474
178833098	1474
178833192	1474
178833296	1474
178833401	1474
179631391	1474
179631596	1474
179631736	1474
179631908	1474
179632099	1474
179632259	1474
179632422	1474
179632559	1474
179632720	1474
179632878	1474
179632984	1474
179633088	1474
179633192	1474
179633293	1474
179633396	1474
179633501	1474
179636354	1474
180431075	1474
180431185	1474
180431405	1474
180431501	1474
180431994	1474
180432097	1474
180432250	1474
180432345	1474
180432440	1474
180432535	1474
180432630	1474
180432721	1474
180432826	1474
180432924	1474
180433019	1474
180433113	1474
181230812	1474
181230926	1474
181231015	1474
181231108	1474
181231202	1474
181231295	1474
181231389	1474
181231484	1474
181231582	1474
181231780	1474
181231883	1474
181232255	1474
181232394	1474
181232490	1474
181232586	1474
181232679	1474
182031746	1474
182031952	1474
182032052	1474
182032550	1474
182032702	1474
182032812	1474
182032908	1474
182033004	1474
182033102	1474
182033196	1474
182033292	1474
182033386	1474
182033483	1474
182033578	1474
182033674	1474
182033774	1474
182033943	1474
182830992	1474
182831102	1474
182831195	1474
182831294	1474
182831389	1474
182831483	1474
182831688	1474
182831790	1474
182832208	1474
182832359	1474
182832456	1474
182832555	1474
182832650	1474
182832757	1474
182832852	1474
182832948	1474
182833046	1474
182833141	1474
183630300	1474
183630417	1474
183630518	1474
183630731	1474
183630979	1474
183631075	1474
183631293	1474
183631391	1474
183631964	1474
183632078	1474
183632180	1474
183632277	1474
183632366	1474
183632461	1474
183632555	1474
183632658	1474
183632754	1474
184430460	1474
184430586	1474
184430688	1474
184430786	1474
184430879	1474
184430972	1474
184431074	1474
184431168	1474
184431390	1474
184431494	1474
184431966	1474
184432066	1474
184432161	1474
184432259	1474
184432357	1474
184432453	1474
184432542	1474
184432648	1474
185230233	1474
185230380	1474
185230489	1474
185230589	1474
185230684	1474
185230878	1474
185231023	1474
185231484	1474
185231582	1474
185231675	1474
185231768	1474
185231860	1474
185231952	1474
185232043	1474
185232136	1474
185232228	1474
185233910	1474
186030242	1474
186030402	1474
186030582	1474
186030787	1474
186030884	1474
186030986	1474
186031192	1474
186031290	1474
186031799	1474
186031903	1474
186031998	1474
186032096	1474
186032192	1474
186032311	1474
186032407	1474
186032511	1474
186830768	1474
186830881	1474
186831117	1474
186831222	1474
186831309	1474
186831405	1474
186831510	1474
186831605	1474
186831701	1474
186831796	1474
186831890	1474
186831984	1474
186832079	1474
186832174	1474
186832269	1474
186832362	1474
186832464	1474
187630383	1474
187630648	1474
187630759	1474
187630863	1474
187630963	1474
187631065	1474
187631294	1474
187631404	1474
187632072	1474
187632173	1474
187632268	1474
187632366	1474
187632474	1474
187632574	1474
187632674	1474
187632772	1474
187632869	1474
187632966	1474
188431272	1474
188431451	1474
188431551	1474
188431980	1474
188432421	1474
188432524	1474
188432706	1474
188432800	1474
188432894	1474
188432987	1474
188433080	1474
188433175	1474
188433280	1474
188433378	1474
188433472	1474
188433566	1474
188433660	1474
189229743	1474
189229858	1474
189230080	1474
189230221	1474
189230729	1474
189230914	1474
189231015	1474
189231551	1474
189231653	1474
189231845	1474
189231944	1474
189232061	1474
189232182	1474
189232279	1474
189232409	1474
189232507	1474
189232618	1474
189763287	1474
189763413	1474
189763759	1474
189763959	1474
189764389	1474
189764586	1474
189764687	1474
189764786	1474
189764886	1474
189764985	1474
189765097	1474
189765191	1474
189765298	1474
189765398	1474
189765494	1474
189765594	1474
189767801	1474
190562940	1474
190563053	1474
190563240	1474
190563338	1474
190563424	1474
190563691	1474
190563785	1474
190563987	1474
190564090	1474
190564182	1474
190564282	1474
190564373	1474
190564465	1474
190564555	1474
190564646	1474
190564737	1474
191630464	1474
191630669	1474
191630825	1474
191631192	1474
191631331	1474
191631424	1474
191631513	1474
191631604	1474
191631695	1474
191631788	1474
191631877	1474
191631968	1474
191632059	1474
191632157	1474
191632247	1474
191632337	1474
191632432	1474
191632536	1474
192163458	1474
192163670	1474
192163903	1474
192164076	1474
192164229	1474
192164389	1474
192164527	1474
192164661	1474
192164798	1474
192164932	1474
192165065	1474
192165209	1474
192165341	1474
192165477	1474
192165613	1474
192165745	1474
192165881	1474
193230101	1474
193230246	1474
193230627	1474
193230731	1474
193231483	1474
193231569	1474
193231686	1474
193231783	1474
193231885	1474
193231979	1474
193232088	1474
193232195	1474
193232295	1474
193232391	1474
193232488	1474
193232585	1474
193232687	1474
193232783	1474
193763919	1474
193764044	1474
193764130	1474
193764229	1474
193764331	1474
193764431	1474
193764546	1474
193764650	1474
193764746	1474
193764843	1474
193764938	1474
193765050	1474
193765145	1474
193765243	1474
193765348	1474
193765444	1474
194562469	1474
194562650	1474
194562758	1474
194562873	1474
194563104	1474
194563214	1474
194563779	1474
194563968	1474
194564072	1474
194564170	1474
194564269	1474
194564383	1474
194564480	1474
194564593	1474
194564703	1474
194564805	1474
195363290	1474
195363511	1474
195363753	1474
195364167	1474
195364361	1474
195364618	1474
195364759	1474
195364909	1474
195365048	1474
195365186	1474
195365323	1474
195365461	1474
195365598	1474
195365735	1474
195365871	1474
195366021	1474
195366179	1474
196162069	1474
196162210	1474
196162437	1474
196162581	1474
196162708	1474
196163001	1474
196163148	1474
196163239	1474
196163947	1474
196164196	1474
196164297	1474
196164453	1474
196164553	1474
196164720	1474
196164841	1474
196165053	1474
196165151	1474
196165245	1474
196962200	1474
196962447	1474
196962776	1474
196962883	1474
196963689	1474
196963883	1474
196963983	1474
196964081	1474
196964191	1474
196964289	1474
196964388	1474
196964483	1474
196964578	1474
196964673	1474
196964783	1474
196964882	1474
196964977	1474
196965074	1474
197764248	1474
197764346	1474
197764443	1474
197764569	1474
197764672	1474
197764927	1474
197765027	1474
197765137	1474
197765252	1474
197765349	1474
197765448	1474
197765559	1474
197765659	1474
197765834	1474
197765933	1474
197766034	1474
197766132	1474
197766316	1474
198562697	1474
198562865	1474
198563008	1474
198563187	1474
198563386	1474
198563602	1474
198563751	1474
198563891	1474
198564031	1474
198564168	1474
198564329	1474
198564469	1474
198564609	1474
198564760	1474
198564899	1474
198565039	1474
198565178	1474
199628512	1474
199628678	1474
199628820	1474
199629007	1474
199629207	1474
199629427	1474
199629683	1474
199629828	1474
199629998	1474
199630223	1474
199630423	1474
199630588	1474
199630732	1474
199630868	1474
199631031	1474
199631169	1474
199631309	1474
199631446	1474
200428881	1474
200429042	1474
200429182	1474
200429435	1474
200429619	1474
200429831	1474
200430042	1474
200430236	1474
200430781	1474
200430948	1474
200431094	1474
200431234	1474
200431394	1474
200431548	1474
200431689	1474
200431831	1474
200431967	1474
200432108	1474
201229010	1474
201229167	1474
201229357	1474
201229618	1474
201229827	1474
201230061	1474
201230575	1474
201230771	1474
201230916	1474
201231052	1474
201231190	1474
201231330	1474
201231467	1474
201231617	1474
201231757	1474
201231892	1474
201232031	1474
201232170	1474
201762050	1474
201762188	1474
201762400	1474
201762873	1474
201763029	1474
201763185	1474
201763353	1474
201763489	1474
201763615	1474
201763737	1474
201763860	1474
201763987	1474
201764113	1474
201764240	1474
201764366	1474
201764517	1474
202562069	1474
202562645	1474
202562862	1474
202563137	1474
202563280	1474
202563435	1474
202563573	1474
202563713	1474
202563856	1474
202563994	1474
202564162	1474
202564405	1474
202564554	1474
202564696	1474
202564832	1474
202564972	1474
202565108	1474
203628855	1474
203629060	1474
203629408	1474
203629732	1474
203629908	1474
203630079	1474
203630215	1474
203630419	1474
203630558	1474
203630697	1474
203630836	1474
203630976	1474
203631111	1474
203631250	1474
203631399	1474
203631539	1474
203631674	1474
203631812	1474
204428098	1474
204428249	1474
204428409	1474
204428549	1474
204428720	1474
204428916	1474
204429198	1474
204429431	1474
204429639	1474
204429776	1474
204429935	1474
204430072	1474
204430219	1474
204430431	1474
204430586	1474
204430719	1474
204430853	1474
204430988	1474
205229067	1474
205229180	1474
205229279	1474
205229376	1474
205229466	1474
205229563	1474
205229653	1474
205229747	1474
205229840	1474
205229934	1474
205230026	1474
205230119	1474
205230237	1474
205230385	1474
205230472	1474
205230564	1474
205230654	1474
205230747	1474
206027853	1474
206027964	1474
206028063	1474
206028156	1474
206028264	1474
206028359	1474
206028456	1474
206028548	1474
206028640	1474
206028733	1474
206028824	1474
206028919	1474
206029006	1474
206029098	1474
206029194	1474
206029299	1474
206029393	1474
206827706	1474
206827817	1474
206827909	1474
206828002	1474
206828095	1474
206828198	1474
206828294	1474
206828389	1474
206828481	1474
206828573	1474
206828666	1474
206828759	1474
206828852	1474
206828946	1474
206829038	1474
206829136	1474
206829241	1474
207627505	1474
207627614	1474
207627711	1474
207627807	1474
207627904	1474
207628107	1474
207628222	1474
207628318	1474
207628414	1474
207628509	1474
207628604	1474
207628699	1474
207628794	1474
207628889	1474
207628984	1474
207629078	1474
207629178	1474
207629274	1474
208427771	1474
208427881	1474
208427978	1474
208428077	1474
208428183	1474
208428278	1474
208428377	1474
208428473	1474
208428567	1474
208428667	1474
208428763	1474
208428858	1474
208428952	1474
208429046	1474
208429149	1474
208429244	1474
208429341	1474
209228023	1474
209228144	1474
209228242	1474
209228335	1474
209228429	1474
209228523	1474
209228616	1474
209228710	1474
209228804	1474
209228900	1474
209228992	1474
209229093	1474
209229188	1474
209229283	1474
209229377	1474
209229474	1474
209229569	1474
209229663	1474
210028478	1474
210028597	1474
210028692	1474
210028785	1474
210028876	1474
210028968	1474
210029066	1474
210029159	1474
210029252	1474
210029344	1474
210029438	1474
210029532	1474
210029624	1474
210029717	1474
210029809	1474
210029902	1474
210029994	1474
210030097	1474
210827534	1474
210827648	1474
210827736	1474
210827829	1474
210827921	1474
210828033	1474
210828126	1474
210828219	1474
210828311	1474
210828403	1474
210828497	1474
210828589	1474
210828682	1474
210828774	1474
210828867	1474
210828958	1474
210829140	1474
210829232	1474
211627364	1474
211627480	1474
211627584	1474
211627675	1474
211627769	1474
211627874	1474
211627990	1474
211628086	1474
211628194	1474
211628312	1474
211628434	1474
211628530	1474
211628623	1474
211628734	1474
211628834	1474
211628942	1474
211629041	1474
211629155	1474
212428502	1474
212428617	1474
212428731	1474
212428895	1474
212428996	1474
212429104	1474
212429211	1474
212429323	1474
212429420	1474
212429522	1474
212429636	1474
212429749	1474
212429848	1474
212429958	1474
212430055	1474
212430192	1474
212430360	1474
212430480	1474
213227339	1474
213227457	1474
213227555	1474
213227651	1474
213227747	1474
213227853	1474
213227965	1474
213228063	1474
213228161	1474
213228258	1474
213228371	1474
213228488	1474
213228586	1474
213228687	1474
213228903	1474
213229007	1474
214029023	1474
214029309	1474
214029410	1474
214029523	1474
214029620	1474
214029733	1474
214029837	1474
214029935	1474
214030032	1474
214030174	1474
214030275	1474
214030402	1474
214030514	1474
214030612	1474
214030709	1474
214030839	1474
214030938	1474
214826768	1474
214827002	1474
214827106	1474
214827197	1474
214827306	1474
214827503	1474
214827650	1474
214828341	1474
214828442	1474
214828536	1474
214828638	1474
214828829	1474
214828928	1474
214829064	1474
214829167	1474
214829267	1474
214829367	1474
215628306	1474
215628946	1474
215629048	1474
215629165	1474
215629276	1474
215629547	1474
215629725	1474
215629829	1474
215630138	1474
215630266	1474
215630640	1474
215630774	1474
215630872	1474
215630970	1474
215631072	1474
215631170	1474
215633356	1474
216426845	1474
216426960	1474
216427093	1474
216427203	1474
216427308	1474
216427557	1474
216427665	1474
216427781	1474
216427880	1474
216427991	1474
216428097	1474
216428196	1474
216428296	1474
216428400	1474
216428502	1474
216428610	1474
216428717	1474
217227405	1474
217227528	1474
217227656	1474
217227752	1474
217227854	1474
217227958	1474
217228213	1474
217228328	1474
217228606	1474
217228706	1474
217228793	1474
217228888	1474
217229005	1474
217229104	1474
217229213	1474
217229328	1474
217759648	1474
217759766	1474
217760096	1474
217760425	1474
217760795	1474
217760916	1474
217761013	1474
217761258	1474
217761355	1474
217761474	1474
217761649	1474
217761740	1474
217761855	1474
217761953	1474
217762066	1474
217762165	1474
217764315	1474
218826692	1474
218826797	1474
218827063	1474
218827174	1474
218827290	1474
218827400	1474
218827779	1474
218828516	1474
218828624	1474
218828730	1474
218828823	1474
218828921	1474
218829036	1474
218829154	1474
218829251	1474
218829359	1474
218829477	1474
219626789	1474
219626896	1474
219627200	1474
219627486	1474
219628011	1474
219628120	1474
219628261	1474
219628359	1474
219628530	1474
219628643	1474
219628742	1474
219628857	1474
219628970	1474
219629068	1474
219629178	1474
219629293	1474
219629461	1474
220426586	1474
220426700	1474
220426819	1474
220426954	1474
220427215	1474
220427972	1474
220428075	1474
220428255	1474
220428392	1474
220428496	1474
220428747	1474
220428897	1474
220429015	1474
220429213	1474
220429312	1474
220429431	1474
220429529	1474
220429640	1474
220959979	1474
220960125	1474
220960539	1474
220960852	1474
220960972	1474
220961061	1474
220961320	1474
220961420	1474
220961510	1474
220961660	1474
220961757	1474
220961862	1474
220961954	1474
220962049	1474
220962145	1474
220962318	1474
221760921	1474
221761036	1474
221761127	1474
221761226	1474
221761338	1474
221761433	1474
221761531	1474
221761630	1474
221761721	1474
221761824	1474
221761925	1474
221762022	1474
221762133	1474
221762371	1474
221762474	1474
221762574	1474
222559774	1474
222560114	1474
222560258	1474
222560386	1474
222560541	1474
222560721	1474
222560876	1474
222561002	1474
222561135	1474
222561262	1474
222561387	1474
222561511	1474
222561633	1474
222561758	1474
222561879	1474
222562003	1474
222562134	1474
222562264	1474
223359254	1474
223359437	1474
223359568	1474
223359669	1474
223359951	1474
223360107	1474
223360498	1474
223360666	1474
223360768	1474
223360865	1474
223360966	1474
223361066	1474
223361195	1474
223361295	1474
223361393	1474
223361503	1474
223361615	1474
224159387	1474
224159551	1474
224159894	1474
224160066	1474
224160173	1474
224160270	1474
224160367	1474
224160462	1474
224160556	1474
224160652	1474
224160744	1474
224160836	1474
224160930	1474
224161025	1474
224161136	1474
224161234	1474
224161325	1474
224959640	1474
224959843	1474
224960217	1474
224960390	1474
224960488	1474
224960584	1474
224960679	1474
224960771	1474
224960864	1474
224960956	1474
224961058	1474
224961151	1474
224961243	1474
224961335	1474
224961429	1474
224961521	1474
224961613	1474
224961705	1474
225759567	1474
225759773	1474
225759868	1474
225760435	1474
225760632	1474
225760729	1474
225760824	1474
225760918	1474
225761017	1474
225761112	1474
225761243	1474
225761336	1474
225761429	1474
225761521	1474
225761613	1474
225761705	1474
225761797	1474
226559223	1474
226559341	1474
226559528	1474
226559626	1474
226559719	1474
226560227	1474
226560328	1474
226560421	1474
226560519	1474
226560615	1474
226560705	1474
226560801	1474
226560897	1474
226561001	1474
226561097	1474
226561192	1474
227361846	1474
227362019	1474
227362149	1474
227362302	1474
227362532	1474
227362631	1474
227362728	1474
227362823	1474
227362931	1474
227363033	1474
227363125	1474
227363216	1474
227363310	1474
227363405	1474
227363498	1474
227363594	1474
227363688	1474
227363785	1474
228158906	1474
228159021	1474
228159122	1474
228159247	1474
228159348	1474
228160317	1474
228160425	1474
228160673	1474
228160773	1474
228160863	1474
228160980	1474
228161078	1474
228161174	1474
228161291	1474
228161387	1474
228161475	1474
228161569	1474
228161689	1474
228959126	1474
228960068	1474
228960271	1474
228960516	1474
228960753	1474
228960903	1474
228961040	1474
228961178	1474
228961314	1474
228961456	1474
228961597	1474
228961739	1474
228961884	1474
228962027	1474
228962166	1474
228962303	1474
228962494	1474
229758962	1474
229759088	1474
229759748	1474
229759855	1474
229760121	1474
229760243	1474
229760382	1474
229760489	1474
229760601	1474
229760724	1474
229760856	1474
229760975	1474
229761104	1474
229761200	1474
229761308	1474
229761424	1474
230558875	1474
230559085	1474
230559188	1474
230559648	1474
230559756	1474
230559847	1474
230559951	1474
230560048	1474
230560160	1474
230560255	1474
230560367	1474
230560479	1474
230560605	1474
230560713	1474
230560807	1474
230560897	1474
231358197	1474
231358349	1474
231358668	1474
231358951	1474
231359329	1474
231359497	1474
231359728	1474
231359834	1474
231359933	1474
231360166	1474
231360263	1474
231360347	1474
231360451	1474
231360568	1474
231360673	1474
231360770	1474
231360868	1474
231360966	1474
232158446	1474
232158618	1474
232158720	1474
232158822	1474
232159040	1474
232159139	1474
232159494	1474
232159606	1474
232159703	1474
232159910	1474
232160008	1474
232160103	1474
232160200	1474
232160294	1474
232160387	1474
232160481	1474
232160589	1474
232160685	1474
232960038	1474
232960180	1474
232960322	1474
232960562	1474
232960759	1474
232960963	1474
232961108	1474
232961248	1474
232961383	1474
232961539	1474
232961680	1474
232961820	1474
232961960	1474
232962102	1474
232962238	1474
232962434	1474
232962586	1474
233758126	1474
233758249	1474
233758493	1474
233758575	1474
233758662	1474
233758776	1474
233758863	1474
233759081	1474
233759172	1474
233759653	1474
233759754	1474
233759854	1474
233759955	1474
233760064	1474
233760150	1474
233760255	1474
233760347	1474
233760465	1474
234558075	1474
234558213	1474
234558435	1474
234558630	1474
234558724	1474
234558813	1474
234559014	1474
234559172	1474
234559276	1474
234559797	1474
234559888	1474
234560069	1474
234560175	1474
234560258	1474
234560343	1474
234560432	1474
234560528	1474
234560640	1474
235358240	1474
235358430	1474
235358712	1474
235358812	1474
235359367	1474
235359469	1474
235359557	1474
235359685	1474
235359784	1474
235360007	1474
235360147	1474
235360250	1474
235360372	1474
235360604	1474
235360713	1474
235360825	1474
235360939	1474
235361094	1474
236158013	1474
236158124	1474
236158481	1474
236158927	1474
236159027	1474
236159204	1474
236159308	1474
236159406	1474
236159520	1474
236159631	1474
236159716	1474
236159815	1474
236159930	1474
236160027	1474
236160127	1474
236160224	1474
236160320	1474
236160411	1474
237224387	1474
237224506	1474
237224613	1474
237224709	1474
237224831	1474
237224926	1474
237225039	1474
237225137	1474
237225235	1474
237225351	1474
237225449	1474
237225582	1474
237225693	1474
237225789	1474
237225887	1474
237226002	1474
237226099	1474
237226244	1474
238024848	1474
238024959	1474
238025053	1474
238025149	1474
238025243	1474
238025335	1474
238025440	1474
238025537	1474
238025632	1474
238025748	1474
238025844	1474
238025938	1474
238026033	1474
238026127	1474
238026244	1474
238026385	1474
238026493	1474
238824833	1474
238824934	1474
238825030	1474
238825125	1474
238825219	1474
238825423	1474
238825521	1474
238825615	1474
238825712	1474
238825805	1474
238825904	1474
238825998	1474
238826092	1474
238826190	1474
238826310	1474
238826451	1474
238826546	1474
238826735	1474
239357736	1474
239357851	1474
239358060	1474
239358568	1474
239358685	1474
239359009	1474
239359107	1474
239359196	1474
239359428	1474
239359525	1474
239359623	1474
239359715	1474
239359809	1474
239359904	1474
239359999	1474
239360093	1474
239362032	1474
240424772	1474
240424930	1474
240425025	1474
240425148	1474
240425253	1474
240425348	1474
240425445	1474
240425542	1474
240425637	1474
240425734	1474
240425834	1474
240425929	1474
240426024	1474
240426129	1474
240426249	1474
240426396	1474
240426492	1474
241224372	1474
241224482	1474
241224579	1474
241224673	1474
241224761	1474
241224855	1474
241224950	1474
241225123	1474
241225223	1474
241225317	1474
241225411	1474
241225508	1474
241225601	1474
241225694	1474
241225787	1474
241225882	1474
241225975	1474
241226079	1474
242024440	1474
242024598	1474
242024695	1474
242024792	1474
242024889	1474
242024984	1474
242025093	1474
242025189	1474
242025285	1474
242025379	1474
242025476	1474
242025569	1474
242025664	1474
242025759	1474
242025859	1474
242025968	1474
242026182	1474
242824463	1474
242824640	1474
242825114	1474
242825220	1474
242826068	1474
242826167	1474
242826295	1474
242826391	1474
242826512	1474
242826603	1474
242826701	1474
242826792	1474
242826885	1474
242826985	1474
242827084	1474
242827177	1474
242827271	1474
243624134	1474
243624246	1474
243624341	1474
243624491	1474
243624616	1474
243624972	1474
243625072	1474
243625170	1474
243625262	1474
243625357	1474
243625457	1474
243625555	1474
243625650	1474
243625746	1474
243625841	1474
243626297	1474
243626453	1474
243626606	1474
244423825	1474
244424002	1474
244424102	1474
244424216	1474
244424316	1474
244424604	1474
244424702	1474
244424791	1474
244424913	1474
244425020	1474
244425116	1474
244425213	1474
244425310	1474
244425406	1474
244425509	1474
244425607	1474
244425737	1474
245223890	1474
245224061	1474
245224236	1474
245224434	1474
245224593	1474
245224728	1474
245224864	1474
245225033	1474
245225172	1474
245225310	1474
245225445	1474
245225582	1474
245225717	1474
245225854	1474
245226019	1474
245226158	1474
245226296	1474
245226497	1474
246024244	1474
246024353	1474
246024466	1474
246024582	1474
246024679	1474
246024911	1474
246025010	1474
246025125	1474
246025236	1474
246025328	1474
246025422	1474
246025533	1474
246025628	1474
246025753	1474
246025855	1474
246025949	1474
246026063	1474
246823974	1474
246824082	1474
246824179	1474
246824290	1474
246824402	1474
246824651	1474
246824761	1474
246824868	1474
246824964	1474
246825077	1474
246825192	1474
246825290	1474
246825407	1474
246825503	1474
246825600	1474
246825716	1474
246825816	1474
246825922	1474
247623585	1474
247623700	1474
247623888	1474
247623984	1474
247624078	1474
247624172	1474
247624259	1474
247624350	1474
247624443	1474
247624536	1474
247624638	1474
247624735	1474
247624829	1474
247624920	1474
247625013	1474
247625105	1474
247625198	1474
247625289	1474
248423497	1474
248423631	1474
248423798	1474
248423934	1474
248424071	1474
248424206	1474
248424341	1474
248424495	1474
248424639	1474
248424775	1474
248424910	1474
248425044	1474
248425178	1474
248425314	1474
248425448	1474
248425607	1474
248425745	1474
248425882	1474
249223265	1474
249223402	1474
249223533	1474
249223654	1474
249223777	1474
249223896	1474
249224015	1474
249224133	1474
249224252	1474
249224370	1474
249224501	1474
249224643	1474
249224764	1474
249224883	1474
249225003	1474
249225122	1474
250023636	1474
250023882	1474
250024022	1474
250024215	1474
250024420	1474
250024656	1474
250024789	1474
250024918	1474
250025046	1474
250025191	1474
250025327	1474
250025465	1474
250025598	1474
250025732	1474
250025857	1474
250025985	1474
250026115	1474
250026241	1474
250823801	1474
250823908	1474
250824001	1474
250824111	1474
250824233	1474
250824331	1474
250824481	1474
250824601	1474
250824697	1474
250824818	1474
250824935	1474
250825034	1474
250825141	1474
250825256	1474
250825357	1474
250825466	1474
251624133	1474
251624239	1474
251624331	1474
251624446	1474
251624550	1474
251624649	1474
251624745	1474
251624859	1474
251624986	1474
251625088	1474
251625200	1474
251625316	1474
251625431	1474
251625521	1474
251625620	1474
251625731	1474
251625892	1474
252423789	1474
252423890	1474
252423980	1474
252424079	1474
252424178	1474
252424286	1474
252424387	1474
252424510	1474
252424613	1474
252424712	1474
252424827	1474
252424925	1474
252425022	1474
252425143	1474
252425241	1474
252425339	1474
252425434	1474
252425543	1474
253222691	1474
253222798	1474
253222897	1474
253223008	1474
253223107	1474
253223313	1474
253223526	1474
253223626	1474
253223729	1474
253223823	1474
253223919	1474
253224036	1474
253224156	1474
253224254	1474
253224351	1474
253224458	1474
253224563	1474
254023050	1474
254023160	1474
254023259	1474
254023356	1474
254023481	1474
254023760	1474
254023859	1474
254023949	1474
254024062	1474
254024163	1474
254024260	1474
254024392	1474
254024494	1474
254024591	1474
254024709	1474
254024807	1474
254024906	1474
254025023	1474
254556298	1474
254556559	1474
254556674	1474
254557088	1474
254557319	1474
254557483	1474
254557579	1474
254557688	1474
254557789	1474
254557887	1474
254558002	1474
254558102	1474
254558236	1474
254558451	1474
254558551	1474
254558665	1474
255622703	1474
255622808	1474
255622917	1474
255623011	1474
255623094	1474
255623198	1474
255623379	1474
255623473	1474
255623579	1474
255623675	1474
255623782	1474
255623875	1474
255623978	1474
255624068	1474
255624159	1474
255624244	1474
255624359	1474
256422186	1474
256422358	1474
256422513	1474
256422616	1474
256422884	1474
256422986	1474
256423076	1474
256423168	1474
256423324	1474
256423701	1474
256424184	1474
256424386	1474
256424485	1474
256424581	1474
256424673	1474
256424766	1474
256424873	1474
256424967	1474
257222675	1474
257222780	1474
257222872	1474
257222964	1474
257223053	1474
257223144	1474
257223247	1474
257223338	1474
257223428	1474
257223521	1474
257223612	1474
257223704	1474
257223795	1474
257223885	1474
257223977	1474
257224069	1474
257224159	1474
257224266	1474
258022686	1474
258022789	1474
258022881	1474
258022973	1474
258023070	1474
258023423	1474
258023523	1474
258023612	1474
258023704	1474
258023795	1474
258023887	1474
258023978	1474
258024070	1474
258024169	1474
258024262	1474
258024353	1474
258024446	1474
258822465	1474
258822574	1474
258822668	1474
258822760	1474
258822853	1474
258822945	1474
258823038	1474
258823208	1474
258823306	1474
258823500	1474
258823596	1474
258823814	1474
258823917	1474
258824086	1474
258824182	1474
258824279	1474
258824370	1474
258824461	1474
259621950	1474
259622050	1474
259622144	1474
259622337	1474
259622438	1474
259622531	1474
259622626	1474
259622718	1474
259622810	1474
259622912	1474
259623007	1474
259623099	1474
259623191	1474
259623284	1474
259623376	1474
259623467	1474
259623559	1474
260422537	1474
260422637	1474
260422728	1474
260422819	1474
260422927	1474
260423021	1474
260423106	1474
260423197	1474
260423284	1474
260423375	1474
260423467	1474
260423560	1474
260423651	1474
260423744	1474
260423835	1474
260423936	1474
260424029	1474
260424120	1474
261222081	1474
261222203	1474
261222410	1474
261222510	1474
261222713	1474
261222870	1474
261222969	1474
261223156	1474
261223247	1474
261223340	1474
261223432	1474
261223526	1474
261223616	1474
261223706	1474
261223798	1474
261223901	1474
261223994	1474
262022121	1474
262022328	1474
262022562	1474
262022723	1474
262022829	1474
262023046	1474
262023138	1474
262023233	1474
262023323	1474
262023416	1474
262023509	1474
262023602	1474
262023694	1474
262023785	1474
262023891	1474
262023985	1474
262024073	1474
262821811	1474
262821914	1474
262822007	1474
262822101	1474
262822209	1474
262822370	1474
262822461	1474
262822557	1474
262822646	1474
262822739	1474
262822838	1474
262822931	1474
262823019	1474
262823110	1474
262823201	1474
262823293	1474
263621880	1474
263621984	1474
263622079	1474
263622197	1474
263622333	1474
263622425	1474
263622519	1474
263622610	1474
263622712	1474
263622801	1474
263622894	1474
263622984	1474
263623075	1474
263623164	1474
263623256	1474
263623347	1474
263623439	1474
263623531	1474
264421575	1474
264421687	1474
264421778	1474
264421869	1474
264421962	1474
264422054	1474
264422145	1474
264422237	1474
264422394	1474
264422490	1474
264422586	1474
264422686	1474
264422780	1474
264422872	1474
264422963	1474
264423056	1474
264423148	1474
264423238	1474
265221994	1474
265222097	1474
265222250	1474
265222393	1474
265222487	1474
265222582	1474
265222765	1474
265222856	1474
265222950	1474
265223039	1474
265223131	1474
265223222	1474
265223314	1474
265223405	1474
265223495	1474
265223587	1474
265223764	1474
266022878	1474
266022988	1474
266023238	1474
266023492	1474
266023704	1474
266023802	1474
266023893	1474
266023986	1474
266024073	1474
266024164	1474
266024256	1474
266024347	1474
266024437	1474
266024528	1474
266024707	1474
266024796	1474
266024887	1474
266821180	1474
266821284	1474
266821378	1474
266821470	1474
266821572	1474
266821665	1474
266821757	1474
266821847	1474
266821936	1474
266822028	1474
266822119	1474
266822210	1474
266822332	1474
266822426	1474
266822543	1474
266822636	1474
266822730	1474
266822821	1474
267621370	1474
267621485	1474
267621579	1474
267621675	1474
267621763	1474
267621855	1474
267621946	1474
267622037	1474
267622130	1474
267622281	1474
267622409	1474
267622503	1474
267622594	1474
267622690	1474
267622781	1474
267622872	1474
267622963	1474
268421250	1474
268421354	1474
268421461	1474
268421552	1474
268421643	1474
268421734	1474
268421825	1474
268421916	1474
268422007	1474
268422097	1474
268422210	1474
268422360	1474
268422546	1474
268422642	1474
268422743	1474
268422836	1474
268422929	1474
268423020	1474
269221786	1474
269221888	1474
269221978	1474
269222069	1474
269222184	1474
269222310	1474
269222456	1474
269222554	1474
269222646	1474
269222732	1474
269222822	1474
269222908	1474
269222997	1474
269223087	1474
269223176	1474
269223265	1474
269223366	1474
269223461	1474
270021252	1474
270021362	1474
270021455	1474
270021548	1474
270021639	1474
270021735	1474
270021826	1474
270021916	1474
270022009	1474
270022101	1474
270022215	1474
270022353	1474
270022441	1474
270022532	1474
270022624	1474
270022720	1474
270022810	1474
270821360	1474
270821471	1474
270821564	1474
270821657	1474
270821748	1474
270821843	1474
270822046	1474
270822142	1474
270822270	1474
270822504	1474
270822596	1474
270822687	1474
270822774	1474
270822866	1474
270822958	1474
270823052	1474
270823144	1474
271621141	1474
271621259	1474
271621357	1474
271621447	1474
271621638	1474
271621733	1474
271621970	1474
271622066	1474
271622301	1474
271622406	1474
271622501	1474
271622594	1474
271622682	1474
271622773	1474
271622871	1474
271622964	1474
272154753	1474
272154869	1474
272154962	1474
272155053	1474
272155147	1474
272155256	1474
272155352	1474
272155445	1474
272155539	1474
272155635	1474
272155727	1474
272155816	1474
272155909	1474
272156004	1474
272156097	1474
272156196	1474
272954463	1474
272954579	1474
272954669	1474
272954760	1474
272954857	1474
272954957	1474
272955165	1474
272955264	1474
272955359	1474
272955451	1474
272955655	1474
272955747	1474
272955841	1474
272955933	1474
272956025	1474
272956117	1474
272956222	1474
273754005	1474
273754134	1474
273754632	1474
273754733	1474
273754836	1474
273754940	1474
273755037	1474
273755264	1474
273755367	1474
273755487	1474
273755586	1474
273755687	1474
273755801	1474
273755918	1474
273756016	1474
273756130	1474
273756251	1474
274821282	1474
274821408	1474
274821697	1474
274821800	1474
274822140	1474
274822447	1474
274822547	1474
274822637	1474
274822740	1474
274822836	1474
274822951	1474
274823050	1474
274823149	1474
274823246	1474
274823343	1474
274823460	1474
274823559	1474
274823720	1474
275621440	1474
275621551	1474
275621740	1474
275621837	1474
275622108	1474
275622339	1474
275622437	1474
275622532	1474
275622626	1474
275622715	1474
275622812	1474
275622906	1474
275623007	1474
275623101	1474
275623193	1474
275623287	1474
275623379	1474
275623473	1474
276420128	1474
276420242	1474
276420609	1474
276420708	1474
276420805	1474
276421027	1474
276421161	1474
276421252	1474
276421375	1474
276421515	1474
276421795	1474
276421914	1474
276422362	1474
276422463	1474
276422621	1474
276422738	1474
276422849	1474
276422947	1474
277220456	1474
277220609	1474
277220822	1474
277221058	1474
277221669	1474
277221883	1474
277222028	1474
277222168	1474
277222303	1474
277222515	1474
277222657	1474
277222795	1474
277222939	1474
277223076	1474
277223231	1474
277223367	1474
277223502	1474
277223641	1474
278020699	1474
278020915	1474
278021217	1474
278021601	1474
278021710	1474
278021930	1474
278022028	1474
278022129	1474
278022228	1474
278022576	1474
278022685	1474
278022797	1474
278022899	1474
278023017	1474
278023116	1474
278023227	1474
278820198	1474
278820353	1474
278820605	1474
278820817	1474
278821339	1474
278821510	1474
278821721	1474
278821868	1474
278822006	1474
278822142	1474
278822280	1474
278822491	1474
278822634	1474
278822782	1474
278822925	1474
278823062	1474
278823198	1474
279620712	1474
279620858	1474
279620999	1474
279621137	1474
279621275	1474
279621413	1474
279621555	1474
279621706	1474
279621847	1474
279621982	1474
279622120	1474
279622260	1474
279622457	1474
279622683	1474
279622827	1474
279622964	1474
279623106	1474
280419895	1474
280420087	1474
280420303	1474
280420452	1474
280420790	1474
280421022	1474
280421179	1474
280421402	1474
280421556	1474
280421710	1474
280421845	1474
280421982	1474
280422117	1474
280422254	1474
280422446	1474
280422629	1474
280422768	1474
280953102	1474
280953367	1474
280953466	1474
280953610	1474
280953707	1474
280953934	1474
280954093	1474
280954565	1474
280954724	1474
280954821	1474
280954936	1474
280955030	1474
280955123	1474
280955241	1474
280955356	1474
280955451	1474
281753202	1474
281753312	1474
281753429	1474
281753587	1474
281753706	1474
281753965	1474
281754120	1474
281754614	1474
281754721	1474
281754817	1474
281754926	1474
281755036	1474
281755133	1474
281755228	1474
281755340	1474
281755454	1474
281755557	1474
282553251	1474
282553368	1474
282553587	1474
282553721	1474
282553819	1474
282553934	1474
282554030	1474
282554128	1474
282554265	1474
282554406	1474
282554505	1474
282554625	1474
282554722	1474
282554811	1474
282554950	1474
282555049	1474
282555145	1474
282555241	1474
283352875	1474
283352981	1474
283353083	1474
283353180	1474
283353276	1474
283353377	1474
283353495	1474
283353587	1474
283353687	1474
283353912	1474
283354016	1474
283354832	1474
283355127	1474
283355235	1474
283355383	1474
283355495	1474
283355585	1474
283355737	1474
284420590	1474
284420708	1474
284420978	1474
284421082	1474
284421649	1474
284421749	1474
284421839	1474
284422129	1474
284422254	1474
284422406	1474
284422495	1474
284422654	1474
284422753	1474
284422852	1474
284422946	1474
284423057	1474
284423170	1474
284423273	1474
285219934	1474
285220048	1474
285220355	1474
285220455	1474
285220824	1474
285220919	1474
285221039	1474
285221135	1474
285221247	1474
285221456	1474
285221543	1474
285221635	1474
285221731	1474
285221827	1474
285221922	1474
285222038	1474
285222136	1474
285222255	1474
286020064	1474
286020180	1474
286020481	1474
286020722	1474
286021032	1474
286021131	1474
286021227	1474
286021325	1474
286021436	1474
286021554	1474
286021673	1474
286021766	1474
286021859	1474
286021947	1474
286022047	1474
286022166	1474
286022324	1474
286820741	1474
286820906	1474
286821426	1474
286821525	1474
286821714	1474
286821834	1474
286821930	1474
286822026	1474
286822123	1474
286822244	1474
286822408	1474
286822499	1474
286822599	1474
286822698	1474
286822791	1474
286822909	1474
286823022	1474
287620015	1474
287620130	1474
287620258	1474
287620352	1474
287620476	1474
287620575	1474
287620683	1474
287620774	1474
287620869	1474
287620968	1474
287621081	1474
287621187	1474
287621479	1474
287621592	1474
287621698	1474
287621798	1474
287621924	1474
287622018	1474
288420004	1474
288420133	1474
288420317	1474
288420420	1474
288420514	1474
288421220	1474
288421323	1474
288421439	1474
288421685	1474
288421791	1474
288421905	1474
288421998	1474
288422097	1474
288422210	1474
288422392	1474
288422521	1474
288422623	1474
288422722	1474
289219135	1474
289219256	1474
289219346	1474
289219463	1474
289219562	1474
289219753	1474
289219873	1474
289220161	1474
289220750	1474
289220852	1474
289220967	1474
289221075	1474
289221168	1474
289221265	1474
289221362	1474
289221461	1474
289221567	1474
290019071	1474
290019187	1474
290019292	1474
290019394	1474
290019526	1474
290019615	1474
290019737	1474
290019841	1474
290020112	1474
290020227	1474
290020324	1474
290020583	1474
290020682	1474
290020791	1474
290020887	1474
290020984	1474
290021098	1474
290021215	1474
290819358	1474
290819563	1474
290819720	1474
290820078	1474
290820270	1474
290820415	1474
290820549	1474
290820684	1474
290820818	1474
290820951	1474
290821094	1474
290821228	1474
290821363	1474
290821497	1474
290821632	1474
290821765	1474
290821901	1474
290822034	1474
291620348	1474
291620456	1474
291620549	1474
291620729	1474
291620823	1474
291620915	1474
291621015	1474
291621107	1474
291621200	1474
291621293	1474
291621383	1474
291621474	1474
291621565	1474
291621654	1474
291621745	1474
291621837	1474
291621927	1474
291622026	1474
292418944	1474
292419059	1474
292419148	1474
292419242	1474
292419338	1474
292419523	1474
292419619	1474
292419886	1474
292420000	1474
292420177	1474
292420336	1474
292420428	1474
292420523	1474
292420616	1474
292420707	1474
292420801	1474
292420893	1474
292421004	1474
293219102	1474
293219207	1474
293219299	1474
293219389	1474
293219480	1474
293219574	1474
293219664	1474
293219755	1474
293219844	1474
293219947	1474
293220036	1474
293220128	1474
293220220	1474
293220311	1474
293751970	1474
293752086	1474
293752176	1474
293752266	1474
293752357	1474
293752553	1474
293752647	1474
293752849	1474
293752958	1474
293753149	1474
293753244	1474
293753332	1474
293753422	1474
293753506	1474
293753595	1474
293753687	1474
294552089	1474
294552609	1474
294552798	1474
294552995	1474
294553134	1474
294553268	1474
294553400	1474
294553531	1474
294553663	1474
294553795	1474
294553939	1474
294554070	1474
294554202	1474
294554334	1474
294554539	1474
294554704	1474
294554847	1474
295351926	1474
295352043	1474
295352211	1474
295352308	1474
295352402	1474
295352490	1474
295352693	1474
295352789	1474
295352881	1474
295352967	1474
295353059	1474
295353150	1474
295353241	1474
295353331	1474
295353421	1474
295353511	1474
296151566	1474
296151679	1474
296152131	1474
296152330	1474
296152431	1474
296152730	1474
296152883	1474
296152977	1474
296153069	1474
296153160	1474
296153249	1474
296153339	1474
296153427	1474
296153517	1474
296153606	1474
296153708	1474
296153803	1474
296952565	1474
296952694	1474
296952877	1474
296953022	1474
296953117	1474
296953347	1474
296953441	1474
296953621	1474
296953727	1474
296953816	1474
296953907	1474
296953997	1474
296954087	1474
296954177	1474
296954327	1474
296954501	1474
296954595	1474
296954700	1474
297751133	1474
297751300	1474
297751718	1474
297751868	1474
297752055	1474
297752224	1474
297752385	1474
297752556	1474
297752732	1474
297752866	1474
297752999	1474
297753133	1474
297753268	1474
297753400	1474
297753533	1474
297753676	1474
297753809	1474
297753942	1474
298551681	1474
298551920	1474
298552059	1474
298552292	1474
298552499	1474
298552703	1474
298552843	1474
298552978	1474
298553114	1474
298553249	1474
298553384	1474
298553530	1474
298553668	1474
298553803	1474
298553937	1474
298554072	1474
298554208	1474
298554396	1474
299351270	1474
299351379	1474
299351690	1474
299351807	1474
299352045	1474
299352409	1474
299352508	1474
299352741	1474
299352827	1474
299352929	1474
299353015	1474
299353112	1474
299353201	1474
299353302	1474
299353403	1474
299353495	1474
299353603	1474
300150955	1474
300151076	1474
300151623	1474
300151738	1474
300151837	1474
300152091	1474
300152192	1474
300152293	1474
300152402	1474
300152503	1474
300152603	1474
300152734	1474
300152846	1474
300152946	1474
300153046	1474
300153158	1474
300951710	1474
300951828	1474
300951933	1474
300952036	1474
300952134	1474
300952267	1474
300952376	1474
300952463	1474
300952575	1474
300952674	1474
300952774	1474
300952907	1474
300953025	1474
300953121	1474
300953253	1474
300953356	1474
300953451	1474
300953554	1474
301750973	1474
301751108	1474
301751271	1474
301751437	1474
301751538	1474
301752093	1474
301752192	1474
301752395	1474
301752501	1474
301752597	1474
301752694	1474
301752791	1474
301752887	1474
301752994	1474
301753112	1474
301753214	1474
302551822	1474
302551928	1474
302552014	1474
302552108	1474
302552222	1474
302552308	1474
302552405	1474
302552499	1474
302552615	1474
302552714	1474
302552805	1474
302552893	1474
302552980	1474
302553098	1474
302553215	1474
302553307	1474
302553393	1474
303351087	1474
303351221	1474
303351426	1474
303351583	1474
303351681	1474
303352363	1474
303352457	1474
303352613	1474
303352704	1474
303352809	1474
303352897	1474
303353004	1474
303353094	1474
303353241	1474
303353333	1474
303353424	1474
304150945	1474
304151065	1474
304151362	1474
304151462	1474
304151701	1474
304151843	1474
304152066	1474
304152185	1474
304152276	1474
304152506	1474
304152597	1474
304152695	1474
304152802	1474
304152892	1474
304152981	1474
304153067	1474
304153167	1474
304951130	1474
304951373	1474
304952008	1474
304952214	1474
304952428	1474
304952567	1474
304952702	1474
304952837	1474
304952970	1474
304953115	1474
304953251	1474
304953407	1474
304953544	1474
304953679	1474
304953813	1474
304953947	1474
304954091	1474
304954227	1474
