3268880	58
3360481	54
3479497	1474
3479717	1370
3593254	1422
3593423	1422
3593565	1422
3691447	1422
3706889	1474
3747436	1474
3747653	1474
3748889	1474
3749039	1474
3786423	1474
3786654	1390
3823268	1422
3823583	1422
3824028	1474
3824234	1370
3824375	1422
3824513	1422
3824649	1422
3824860	1422
3824998	1422
3825410	1422
3844537	1474
3845011	1474
3845263	1474
3845537	1474
3845829	1214
3938471	1422
3938803	1422
3939201	1422
3939340	1422
3939582	1422
3939736	1474
3940106	1370
3940362	1422
3940740	1422
3941072	1422
3941218	1474
3941356	1370
3941811	1422
3941952	1422
3942086	1474
3942223	1370
3942416	1474
3942558	1370
3942709	1422
3942847	1422
3976107	1474
3976431	1474
3976722	1474
3977056	1474
3977288	1214
3977506	1422
4061151	1422
4061509	1474
4061751	1370
4061977	1422
4062169	1422
4063439	1422
4063786	1422
4064517	1422
4064680	1422
4064861	1422
4065923	1422
4066824	1422
4067123	1422
4067387	1422
4067749	1422
4067889	1422
4068060	1422
4068232	1422
4068611	1422
4068777	1422
4068970	1422
4069189	1422
4069395	1422
4069671	1474
4069872	1370
4073477	1474
4073612	1474
4073799	1474
4074010	1474
4074247	1474
4074460	1474
4074942	1474
4075140	1474
4075383	1474
4075579	1474
4075820	1474
4076014	1474
4076254	798
4191866	1422
4192006	1422
4192142	1422
4192363	1422
4192755	1474
4193272	1370
4193717	1474
4194799	1370
4195166	1422
4195366	1422
4195525	1422
4195710	1422
4195923	1422
4196498	1474
4196788	1370
4200551	1422
4200938	1422
4202986	1422
4204390	1422
4204792	1422
4205936	1422
4206190	1422
4206652	1422
4206964	1422
4207106	1422
4224597	1474
4224750	1474
4224912	1474
4225110	1474
4225354	1474
4225981	1474
4226260	1474
4265867	1474
4266185	1474
4266834	1474
4267301	1474
4267649	1474
4268003	1474
4268314	1474
4297232	1474
5512987	1474
5522413	1474
5522963	1474
5539520	1474
5539796	1474
5540464	1474
5540679	1474
5566573	1474
5566693	1474
5566987	1474
5567547	1474
5569751	1474
5569850	1474
5569947	1474
5570045	1474
5608537	1474
5608861	1474
5609068	1474
5609424	1474
5609706	1474
5610113	1474
5610364	1474
5611440	1474
5611652	1474
5612155	1474
5612486	1474
5612698	1474
5640419	1474
5640646	1474
5640853	1474
5641377	1474
5641588	1474
5642111	1474
5642316	1474
5642971	1474
5665140	1474
5665351	1474
5665664	1474
5666072	1474
5666276	1474
5666541	1474
5677972	1474
5678075	1474
5678610	1474
5678965	1474
5689162	1474
5704239	1474
5704471	1474
5704814	1474
5705015	1474
5705517	1474
5716636	1474
5716765	1474
5717377	1474
5717640	1474
5717906	1474
5718627	1474
5732272	1474
5732721	1474
5733041	1474
5733831	1474
5734511	1474
5735166	1474
5745502	1474
5746059	1474
5746841	1474
5746948	1474
5747047	1474
5776419	1474
5776534	1474
5776663	1474
5776763	1474
5776860	1474
5776972	1474
5777073	1474
5811532	1474
5811790	1474
5812382	1474
5812596	1474
5812695	1474
5812796	1474
5812898	1474
5856511	1474
5856681	1474
5856827	1474
5857002	1474
5857157	1474
5857308	1474
5857574	1474
5896931	1474
5897046	1474
5897278	1474
5897377	1474
5897467	1474
5897578	1474
5897676	1474
5944246	1474
5944359	1474
5944459	1474
5944580	1474
5944677	1474
5944835	1474
5944933	1474
5945037	1474
5989475	1474
6109167	1474
6109280	1474
6228219	1474
6228323	1474
8032718	1474
8034256	1474
8034636	1474
8037465	1474
8037582	1474
8037936	1474
8038478	1474
8040280	1474
8040395	1474
8040500	1474
8040633	1474
8040734	1474
8041059	1474
8041785	1474
8041983	1474
8042488	1474
8043028	1474
8043265	1474
8043738	1474
8043937	1474
8044465	1474
8044671	1474
8045387	1474
8045596	1474
8046160	1474
8046401	1474
8046810	1474
8047060	1474
8047156	1474
8047387	1474
8048121	1474
8083914	1474
8084026	1474
8084148	1474
8084244	1474
8084341	1474
8084436	1474
8084547	1474
8126202	1474
8126372	1474
8126485	1474
8126590	1474
8126688	1474
8126785	1474
8126894	1474
8168490	1474
8168605	1474
8168705	1474
8168802	1474
8168897	1474
8168994	1474
8169106	1474
8210512	1474
8478205	1474
8478349	1474
8478452	1474
8478562	1474
8478659	1474
8478915	1474
8479012	1474
8479127	1474
8529956	1474
8530092	1474
8530207	1474
8530403	1474
8530582	1474
8530673	1474
8530776	1474
8530873	1474
8578796	1474
9297224	1474
9297474	1474
9297841	1474
9297957	1474
9298206	1474
9298466	1474
9298590	1474
9298691	1474
9316516	1474
9357675	1474
9358091	1474
9358192	1474
9358413	1474
9358525	1474
9358621	1474
9358716	1474
9358811	1474
9413250	1474
10081868	1474
10081967	1474
10082062	1474
10083133	1474
10083565	1474
10083909	1474
10084022	1474
10084120	1474
10084492	1474
10123356	1474
10123469	1474
10123756	1474
10123856	1474
10123953	1474
10124062	1474
10124172	1474
10124301	1474
10124399	1474
10876318	1474
10876625	1474
10876897	1474
10877432	1474
10877588	1474
10877691	1474
10877898	1474
10877995	1474
10878091	1474
10879580	1474
10917308	1474
10917402	1474
11677112	1474
11677228	1474
11677360	1474
11677477	1474
11677567	1474
11677663	1474
11677752	1474
11677868	1474
11677966	1474
11729019	1474
11729135	1474
11729240	1474
11729365	1474
11729465	1474
11729563	1474
11729661	1474
11729757	1474
11729867	1474
12476872	1474
12476987	1474
12477097	1474
12477209	1474
12477307	1474
12477409	1474
12477507	1474
12477605	1474
12477703	1474
12516062	1474
12516185	1474
12516278	1474
12516404	1474
12516504	1474
12516609	1474
12516708	1474
12516805	1474
12516918	1474
13276884	1474
13276999	1474
13277114	1474
13277212	1474
13277309	1474
13277406	1474
13277503	1474
13277603	1474
13277700	1474
13319333	1474
13319449	1474
13319760	1474
13319860	1474
13319964	1474
13320073	1474
13320176	1474
13320291	1474
14076352	1474
14076466	1474
14076572	1474
14076666	1474
14076776	1474
14076887	1474
14077037	1474
14077245	1474
14077343	1474
14077432	1474
14077852	1474
14115751	1474
14115862	1474
14115980	1474
14116084	1474
14876442	1474
14876554	1474
14876665	1474
14876755	1474
14876851	1474
14876943	1474
14877038	1474
14877156	1474
14877253	1474
14877347	1474
14924429	1474
14924539	1474
14924638	1474
14924727	1474
14924825	1474
14924955	1474
14925085	1474
14925185	1474
14925275	1474
14925378	1474
15676234	1474
15676347	1474
15676441	1474
15676543	1474
15676638	1474
15676746	1474
15676904	1474
15677024	1474
15677202	1474
15677315	1474
15716612	1474
15716782	1474
15716891	1474
15717087	1474
15717182	1474
15717275	1474
15717390	1474
15717487	1474
15717601	1474
16475502	1474
16475606	1474
16475704	1474
16475849	1474
16475947	1474
16476051	1474
16476153	1474
16476247	1474
16476346	1474
16476468	1474
16515559	1474
16515679	1474
16515769	1474
16515896	1474
17275944	1474
17276060	1474
17276178	1474
17276299	1474
17276391	1474
17276484	1474
17276571	1474
17276660	1474
17276774	1474
17276870	1474
17276976	1474
17319068	1474
17319306	1474
17319408	1474
17319494	1474
17319585	1474
17319678	1474
17319768	1474
17319861	1474
17319984	1474
18075601	1474
18075706	1474
18075795	1474
18075897	1474
18075993	1474
18076085	1474
18076176	1474
18076268	1474
18076358	1474
18076449	1474
18076539	1474
18115856	1474
18115961	1474
18116049	1474
18116139	1474
18875395	1474
18875505	1474
18875593	1474
18875685	1474
18875775	1474
18875877	1474
18875970	1474
18876064	1474
18876156	1474
18876249	1474
18876341	1474
18919198	1474
18919307	1474
18919400	1474
18919496	1474
18919588	1474
18919679	1474
18919769	1474
18919871	1474
18919964	1474
19675696	1474
19675911	1474
19676024	1474
19676573	1474
19676727	1474
19676826	1474
19676943	1474
19677041	1474
19677152	1474
19677266	1474
19677360	1474
19714910	1474
19715018	1474
19715111	1474
19715220	1474
19715396	1474
19715507	1474
19715627	1474
19715722	1474
20475598	1474
20475818	1474
20475931	1474
20476530	1474
20476628	1474
20476717	1474
20476846	1474
20476942	1474
20477047	1474
20477141	1474
20477289	1474
20515168	1474
20515292	1474
20515414	1474
21275429	1474
21275530	1474
21275641	1474
21275784	1474
21276042	1474
21276141	1474
21276634	1474
21276751	1474
21276946	1474
21277041	1474
21277149	1474
21315555	1474
21315674	1474
21315913	1474
21316014	1474
21316112	1474
21316206	1474
21316296	1474
21316394	1474
21316491	1474
22075445	1474
22075584	1474
22075956	1474
22076293	1474
22076400	1474
22076556	1474
22076660	1474
22076772	1474
22076882	1474
22076993	1474
22077086	1474
22077178	1474
22116134	1474
22116246	1474
22875462	1474
22875590	1474
22875911	1474
22876011	1474
22876734	1474
22876851	1474
22876959	1474
22877095	1474
22877205	1474
22877313	1474
22877406	1474
22877513	1474
22919859	1474
22919955	1474
22920059	1474
22920160	1474
22920269	1474
22920382	1474
22920475	1474
22920585	1474
22920682	1474
23675181	1474
23675340	1474
23675436	1474
23676060	1474
23676429	1474
23676532	1474
23676617	1474
23676728	1474
23676960	1474
23677057	1474
23677151	1474
23677250	1474
23679196	1474
23718978	1474
24476532	1474
24476625	1474
24476713	1474
24476807	1474
24476900	1474
24476995	1474
24477086	1474
24477176	1474
24477266	1474
24477358	1474
24477555	1474
24477652	1474
24519578	1474
24519683	1474
24519775	1474
24519919	1474
24520013	1474
24520108	1474
24520204	1474
24520293	1474
24520385	1474
25275364	1474
25275484	1474
25275579	1474
25275675	1474
25275766	1474
25275859	1474
25275951	1474
25276044	1474
25276130	1474
25276222	1474
25276313	1474
25276418	1474
25322685	1474
25322801	1474
25322898	1474
26074946	1474
26075053	1474
26075148	1474
26075250	1474
26075345	1474
26075450	1474
26075542	1474
26075632	1474
26075725	1474
26075818	1474
26075912	1474
26076009	1474
26116053	1474
26116167	1474
26116260	1474
26116371	1474
26116472	1474
26116564	1474
26116658	1474
26116752	1474
26116843	1474
27141375	1474
27141578	1474
27141727	1474
27141918	1474
27142012	1474
27142271	1474
27142453	1474
27142548	1474
27142642	1474
27142735	1474
27142827	1474
27142919	1474
27143011	1474
27182516	1474
27182611	1474
27941329	1474
27941424	1474
27941595	1474
27941681	1474
27941775	1474
27941865	1474
27941958	1474
27942043	1474
27942134	1474
27942309	1474
27942406	1474
27942506	1474
27942604	1474
27987846	1474
27987937	1474
27988028	1474
27988118	1474
27988208	1474
27988311	1474
27988402	1474
27988493	1474
28741522	1474
28741627	1474
28741717	1474
28741816	1474
28741908	1474
28742000	1474
28742092	1474
28742183	1474
28742346	1474
28742441	1474
28742539	1474
28742632	1474
28742724	1474
28784830	1474
28784924	1474
29541837	1474
29542129	1474
29542257	1474
29542438	1474
29542635	1474
29542733	1474
29543150	1474
29543249	1474
29543338	1474
29543436	1474
29543534	1474
29543632	1474
29543746	1474
29545468	1474
29581609	1474
29581740	1474
29581843	1474
30341356	1474
30341589	1474
30341724	1474
30341953	1474
30342156	1474
30342447	1474
30342618	1474
30342875	1474
30343015	1474
30343162	1474
30343304	1474
30343446	1474
30343585	1474
30346173	1474
30381563	1474
30381678	1474
30381777	1474
30381921	1474
30382060	1474
30382153	1474
30382366	1474
30382467	1474
31141050	1474
31141302	1474
31141405	1474
31141518	1474
31141785	1474
31142100	1474
31142285	1474
31142393	1474
31142491	1474
31142631	1474
31142731	1474
31142832	1474
31142944	1474
31145125	1474
31145225	1474
31942983	1474
31943113	1474
31943211	1474
31943309	1474
31943403	1474
31943495	1474
31943589	1474
31943683	1474
31943777	1474
31943870	1474
31943963	1474
31944067	1474
31944164	1474
31944260	1474
31981984	1474
31982099	1474
32741009	1474
32741126	1474
32741321	1474
32741422	1474
32741537	1474
32741646	1474
32741742	1474
32742040	1474
32742140	1474
32742255	1474
32742510	1474
32742610	1474
32742726	1474
32742836	1474
32744608	1474
32781483	1474
32781595	1474
33542395	1474
33542517	1474
33542617	1474
33542728	1474
33542825	1474
33542923	1474
33543032	1474
33543142	1474
33543238	1474
33543345	1474
33543462	1474
33543559	1474
33543667	1474
33543788	1474
33583534	1474
33583649	1474
33583753	1474
34340735	1474
34340980	1474
34341124	1474
34341581	1474
34341794	1474
34341969	1474
34342111	1474
34342340	1474
34342478	1474
34342621	1474
34342758	1474
34342907	1474
34343044	1474
34343181	1474
34345783	1474
34381432	1474
34381546	1474
35140829	1474
35140953	1474
35141056	1474
35141155	1474
35141253	1474
35141354	1474
35141455	1474
35141554	1474
35141655	1474
35141752	1474
35141866	1474
35141968	1474
35142066	1474
35142190	1474
35181309	1474
35181423	1474
35940585	1474
35940692	1474
35940800	1474
35940895	1474
35940989	1474
35941084	1474
35941179	1474
35941272	1474
35941367	1474
35941462	1474
35941556	1474
35941650	1474
35941755	1474
35941851	1474
35980956	1474
35981057	1474
35981152	1474
36740481	1474
36740639	1474
36740747	1474
36740841	1474
36740933	1474
36741025	1474
36741121	1474
36741210	1474
36741304	1474
36741397	1474
36741491	1474
36741585	1474
36741688	1474
36741781	1474
36741873	1474
36783362	1474
36783468	1474
36783556	1474
37540588	1474
37540710	1474
37540804	1474
37540900	1474
37540994	1474
37541088	1474
37541183	1474
37541277	1474
37541370	1474
37541465	1474
37541557	1474
37541655	1474
37541752	1474
37541845	1474
37541939	1474
37582406	1474
37582494	1474
37582588	1474
38343606	1474
38343716	1474
38343827	1474
38344071	1474
38344169	1474
38344379	1474
38344489	1474
38344586	1474
38344692	1474
38344790	1474
38344885	1474
38344998	1474
38345096	1474
38345193	1474
38345306	1474
38385018	1474
38385131	1474
38385241	1474
39140140	1474
39140355	1474
39140469	1474
39140794	1474
39140975	1474
39141066	1474
39141222	1474
39141321	1474
39141418	1474
39141514	1474
39141682	1474
39141781	1474
39141880	1474
39141995	1474
39142094	1474
39180859	1474
39180968	1474
39181052	1474
39940309	1474
39940508	1474
39940673	1474
39940904	1474
39941104	1474
39941409	1474
39941682	1474
39941822	1474
39941960	1474
39942102	1474
39942241	1474
39942449	1474
39942599	1474
39942740	1474
39942880	1474
39945274	1474
40740130	1474
40740364	1474
40740557	1474
40740762	1474
40740965	1474
40741191	1474
40741352	1474
40741503	1474
40741672	1474
40741955	1474
40742095	1474
40742238	1474
40742504	1474
40742702	1474
40742888	1474
40745905	1474
40782456	1474
41540066	1474
41540230	1474
41540408	1474
41540511	1474
41540602	1474
41540755	1474
41540860	1474
41540981	1474
41541094	1474
41541193	1474
41541304	1474
41541413	1474
41541530	1474
41541641	1474
41541741	1474
41580612	1474
41580727	1474
41580839	1474
42340055	1474
42340261	1474
42340379	1474
42340974	1474
42341075	1474
42341167	1474
42341268	1474
42341374	1474
42341532	1474
42341633	1474
42341734	1474
42341836	1474
42341936	1474
42342036	1474
42342134	1474
42342303	1474
43139925	1474
43140247	1474
43140480	1474
43140635	1474
43140832	1474
43141115	1474
43141300	1474
43141494	1474
43141633	1474
43141774	1474
43141914	1474
43142050	1474
43142190	1474
43142338	1474
43142532	1474
43142684	1474
43145395	1474
43940359	1474
43940529	1474
43940638	1474
43940901	1474
43941001	1474
43941093	1474
43941206	1474
43941308	1474
43941422	1474
43941540	1474
43941644	1474
43941747	1474
43941849	1474
43941959	1474
43942070	1474
43942183	1474
43980496	1474
44741339	1474
44741459	1474
44741566	1474
44741661	1474
44741802	1474
44741932	1474
44742263	1474
44742414	1474
44742531	1474
44742718	1474
44742823	1474
44742915	1474
44743009	1474
44743142	1474
44743378	1474
44743498	1474
44745552	1474
45543794	1474
45543913	1474
45544010	1474
45544119	1474
45544221	1474
45544317	1474
45544414	1474
45544509	1474
45544620	1474
45544737	1474
45544852	1474
45544960	1474
45545067	1474
45545169	1474
45545272	1474
45545369	1474
45584388	1474
45584542	1474
46340248	1474
46340471	1474
46340568	1474
46340665	1474
46340756	1474
46340853	1474
46340951	1474
46341129	1474
46341229	1474
46341342	1474
46341463	1474
46341581	1474
46341679	1474
46341775	1474
46341890	1474
46341987	1474
46380311	1474
47142812	1474
47142929	1474
47143042	1474
47143140	1474
47143254	1474
47143352	1474
47143452	1474
47143572	1474
47143672	1474
47143771	1474
47143888	1474
47143984	1474
47144090	1474
47144189	1474
47144287	1474
47144387	1474
47185257	1474
47941240	1474
47941500	1474
47941609	1474
47941711	1474
47941821	1474
47942098	1474
47942221	1474
47942585	1474
47942675	1474
47942793	1474
47942893	1474
47943013	1474
47943106	1474
47943204	1474
47943447	1474
47943547	1474
47945635	1474
48740336	1474
48741244	1474
48741349	1474
48741716	1474
48741921	1474
48742026	1474
48742124	1474
48742221	1474
48742357	1474
48742459	1474
48742566	1474
48742678	1474
48742781	1474
48742886	1474
48743003	1474
48743115	1474
48745331	1474
48745427	1474
49543258	1474
49543376	1474
49543473	1474
49543593	1474
49543716	1474
49543990	1474
49544089	1474
49544184	1474
49544303	1474
49544398	1474
49544514	1474
49544612	1474
49544727	1474
49544823	1474
49544931	1474
49545028	1474
49545152	1474
50340043	1474
50340164	1474
50340275	1474
50340404	1474
50340501	1474
50340613	1474
50340732	1474
50340822	1474
50340927	1474
50341016	1474
50341138	1474
50341233	1474
50341346	1474
50341460	1474
50341557	1474
50341653	1474
50341777	1474
50379790	1474
51139835	1474
51139955	1474
51140045	1474
51140163	1474
51140258	1474
51140355	1474
51140450	1474
51140546	1474
51140645	1474
51140758	1474
51140862	1474
51140958	1474
51141055	1474
51141153	1474
51141249	1474
51141345	1474
51141441	1474
51939255	1474
51939373	1474
51939461	1474
51939573	1474
51939704	1474
51939811	1474
51939920	1474
51940016	1474
51940134	1474
51940245	1474
51940341	1474
51940440	1474
51940553	1474
51940647	1474
51940753	1474
51940870	1474
51940967	1474
52739134	1474
52739252	1474
52739366	1474
52739463	1474
52739565	1474
52739663	1474
52739767	1474
52739858	1474
52740011	1474
52740110	1474
52740226	1474
52740323	1474
52740420	1474
52740518	1474
52740637	1474
52740741	1474
52740857	1474
52779667	1474
53539057	1474
53539173	1474
53539279	1474
53539396	1474
53539499	1474
53539600	1474
53539702	1474
53539800	1474
53539917	1474
53540032	1474
53540131	1474
53540236	1474
53540364	1474
53540463	1474
53540577	1474
53540683	1474
53540785	1474
53581829	1474
54339719	1474
54339834	1474
54340030	1474
54340131	1474
54340224	1474
54340321	1474
54340443	1474
54340652	1474
54340769	1474
54340869	1474
54340978	1474
54341078	1474
54341188	1474
54341311	1474
54341415	1474
54341547	1474
54341663	1474
55138182	1474
55138352	1474
55138460	1474
55138582	1474
55138677	1474
55138948	1474
55139050	1474
55139150	1474
55139247	1474
55139424	1474
55139555	1474
55139672	1474
55139773	1474
55139883	1474
55139994	1474
55140093	1474
55140196	1474
55140293	1474
55938150	1474
55938415	1474
55938554	1474
55938647	1474
55938755	1474
55939033	1474
55939133	1474
55939221	1474
55939321	1474
55939617	1474
55939720	1474
55939809	1474
55939921	1474
55940017	1474
55940130	1474
55940243	1474
55940338	1474
56738102	1474
56738204	1474
56738363	1474
56738479	1474
56738600	1474
56738719	1474
56738990	1474
56739091	1474
56739189	1474
56739287	1474
56739643	1474
56739744	1474
56739832	1474
56740002	1474
56740104	1474
56740207	1474
56740302	1474
57538253	1474
57538438	1474
57538729	1474
57538845	1474
57539101	1474
57539201	1474
57539651	1474
57539756	1474
57539845	1474
57539949	1474
57540046	1474
57540165	1474
57540285	1474
57540394	1474
57540487	1474
57540584	1474
57540683	1474
58072531	1474
58072652	1474
58072750	1474
58072847	1474
58072938	1474
58073030	1474
58073125	1474
58073222	1474
58073320	1474
58073421	1474
58073515	1474
58073610	1474
58073703	1474
58073796	1474
58073896	1474
58073990	1474
58871563	1474
58871671	1474
58871770	1474
58871981	1474
58872080	1474
58872176	1474
58872274	1474
58872383	1474
58872478	1474
58872569	1474
58872662	1474
58872757	1474
58872850	1474
58872939	1474
58873034	1474
58873129	1474
59672001	1474
59672119	1474
59672209	1474
59672315	1474
59672421	1474
59672537	1474
59672657	1474
59672753	1474
59672870	1474
59672989	1474
59673087	1474
59673204	1474
59673342	1474
59673440	1474
59673537	1474
59673635	1474
59673733	1474
60470980	1474
60471243	1474
60471345	1474
60471454	1474
60471554	1474
60471868	1474
60471967	1474
60472075	1474
60472173	1474
60472283	1474
60472388	1474
60472492	1474
60472612	1474
60472709	1474
60472805	1474
60472919	1474
60473042	1474
61272168	1474
61272287	1474
61272401	1474
61272521	1474
61272623	1474
61272719	1474
61272819	1474
61272915	1474
61273023	1474
61273122	1474
61273504	1474
61273608	1474
61273727	1474
61273824	1474
61273939	1474
61274052	1474
61274181	1474
62071223	1474
62071392	1474
62071500	1474
62071612	1474
62071707	1474
62071805	1474
62071894	1474
62071992	1474
62072112	1474
62072209	1474
62072304	1474
62072393	1474
62072504	1474
62072600	1474
62072694	1474
62072780	1474
62072896	1474
62073037	1474
62870856	1474
62870979	1474
62871196	1474
62871309	1474
62871408	1474
62871507	1474
62871605	1474
62871716	1474
62871815	1474
62871940	1474
62872100	1474
62872201	1474
62872311	1474
62872400	1474
62872496	1474
62872613	1474
62872742	1474
62872849	1474
63939096	1474
63939194	1474
63939292	1474
63939415	1474
63939518	1474
63939758	1474
63939859	1474
63939971	1474
63940083	1474
63940179	1474
63940287	1474
63940439	1474
63940537	1474
63940651	1474
63940758	1474
63940862	1474
63940968	1474
63941068	1474
64737317	1474
64737429	1474
64737542	1474
64737694	1474
64737824	1474
64738094	1474
64738196	1474
64738335	1474
64738565	1474
64738675	1474
64738774	1474
64738876	1474
64738981	1474
64739079	1474
64739176	1474
64739273	1474
64739370	1474
64739466	1474
65275424	1474
65275541	1474
65275640	1474
65275737	1474
65275834	1474
65275934	1474
65276039	1474
65276129	1474
65276225	1474
65276371	1474
65276485	1474
65276577	1474
65276702	1474
65276798	1474
65276924	1474
65277022	1474
66071670	1474
66071776	1474
66071884	1474
66072007	1474
66072110	1474
66072350	1474
66072451	1474
66072772	1474
66072883	1474
66072975	1474
66073097	1474
66073195	1474
66073293	1474
66073391	1474
66073488	1474
66073584	1474
66076050	1474
66873329	1474
66873431	1474
66873529	1474
66873629	1474
66873727	1474
66873895	1474
66873992	1474
66874091	1474
66874189	1474
66874289	1474
66874430	1474
66874529	1474
66874628	1474
66874727	1474
66874831	1474
66874931	1474
66875029	1474
67671659	1474
67672428	1474
67672702	1474
67672820	1474
67672920	1474
67673018	1474
67673116	1474
67673238	1474
67673355	1474
67673452	1474
67673550	1474
67673669	1474
67673776	1474
67673875	1474
67673973	1474
67674071	1474
67674169	1474
68471724	1474
68471824	1474
68471935	1474
68472029	1474
68472154	1474
68472256	1474
68472477	1474
68472579	1474
68472702	1474
68472809	1474
68472906	1474
68473024	1474
68473122	1474
68473222	1474
68473338	1474
68473434	1474
68473532	1474
69272219	1474
69272317	1474
69272416	1474
69272533	1474
69272643	1474
69272745	1474
69273038	1474
69273143	1474
69273240	1474
69273338	1474
69273433	1474
69273531	1474
69273641	1474
69273742	1474
69273840	1474
69273938	1474
69274036	1474
70074100	1474
70074191	1474
70074470	1474
70074579	1474
70074733	1474
70074834	1474
70075003	1474
70075117	1474
70075208	1474
70075299	1474
70075463	1474
70075592	1474
70075716	1474
70075823	1474
70075914	1474
70076006	1474
70079434	1474
70872110	1474
70872212	1474
70872309	1474
70872455	1474
70872554	1474
70872860	1474
70872978	1474
70873076	1474
70873173	1474
70873271	1474
70873368	1474
70873465	1474
70873577	1474
70873675	1474
70873780	1474
70873879	1474
71671063	1474
71671167	1474
71671261	1474
71671403	1474
71671505	1474
71671603	1474
71671712	1474
71671812	1474
71671910	1474
71672022	1474
71672121	1474
71672219	1474
71672317	1474
71672418	1474
71672514	1474
71672610	1474
71672728	1474
72478146	1474
72478310	1474
72478550	1474
72478759	1474
72479003	1474
72479147	1474
72479285	1474
72479424	1474
72479571	1474
72479710	1474
72479853	1474
72479996	1474
72480217	1474
72480416	1474
72480642	1474
72480786	1474
72480927	1474
72481065	1474
73276511	1474
73276643	1474
73276746	1474
73276866	1474
73277390	1474
73277828	1474
73277931	1474
73278076	1474
73278178	1474
73278334	1474
73278439	1474
73278543	1474
73278648	1474
73278771	1474
73278881	1474
73278976	1474
73283031	1474
74070879	1474
74070999	1474
74071096	1474
74071189	1474
74071285	1474
74071391	1474
74071482	1474
74071644	1474
74071738	1474
74071833	1474
74071938	1474
74072037	1474
74072156	1474
74072258	1474
74072357	1474
74072455	1474
74603534	1474
74603652	1474
74603744	1474
74603839	1474
74603938	1474
74604049	1474
74604170	1474
74604269	1474
74604432	1474
74604561	1474
74604669	1474
74604767	1474
74604866	1474
74604983	1474
74605080	1474
74605178	1474
75679091	1474
75679245	1474
75679396	1474
75679579	1474
75679780	1474
75680000	1474
75680195	1474
75680398	1474
75680541	1474
75680680	1474
75680818	1474
75680957	1474
75681096	1474
75681269	1474
75681410	1474
75681551	1474
75681690	1474
75681830	1474
76203096	1474
76203214	1474
76203433	1474
76203579	1474
76203907	1474
76204009	1474
76204120	1474
76204219	1474
76204317	1474
76204421	1474
76204523	1474
76204633	1474
76204752	1474
76204858	1474
76204967	1474
76205082	1474
76205180	1474
77273268	1474
77273356	1474
77273464	1474
77273674	1474
77273777	1474
77273999	1474
77274101	1474
77274239	1474
77274385	1474
77274591	1474
77274807	1474
77274976	1474
77275064	1474
77275174	1474
77275260	1474
77275360	1474
77275447	1474
77275537	1474
78073210	1474
78073299	1474
78073402	1474
78073543	1474
78073641	1474
78073733	1474
78074012	1474
78074109	1474
78074212	1474
78074319	1474
78074438	1474
78074545	1474
78074625	1474
78074713	1474
78074801	1474
78074882	1474
78074969	1474
78075088	1474
78873642	1474
78873743	1474
78873844	1474
78873940	1474
78874063	1474
78874356	1474
78874455	1474
78874566	1474
78874662	1474
78874774	1474
78874861	1474
78874969	1474
78875108	1474
78875241	1474
78875336	1474
78875555	1474
78875677	1474
78875948	1474
79671721	1474
79671828	1474
79671929	1474
79672066	1474
79672193	1474
79672290	1474
79672385	1474
79672479	1474
79672575	1474
79672671	1474
79672769	1474
79672865	1474
79672960	1474
79673068	1474
79673172	1474
79673268	1474
79673377	1474
79673470	1474
80472745	1474
80472884	1474
80473105	1474
80473254	1474
80473448	1474
80473631	1474
80473791	1474
80473932	1474
80474081	1474
80474218	1474
80474406	1474
80474548	1474
80474687	1474
80474828	1474
80474973	1474
80475117	1474
80475253	1474
81271594	1474
81271694	1474
81271800	1474
81271909	1474
81272148	1474
81272250	1474
81272349	1474
81272446	1474
81272546	1474
81272657	1474
81272756	1474
81272852	1474
81272964	1474
81273063	1474
81273163	1474
81273260	1474
81273356	1474
81273455	1474
82071139	1474
82071253	1474
82071351	1474
82071574	1474
82071696	1474
82071887	1474
82072031	1474
82072129	1474
82072223	1474
82072336	1474
82072432	1474
82072546	1474
82072642	1474
82072739	1474
82072846	1474
82072962	1474
82073059	1474
82868626	1474
82868865	1474
82868965	1474
82869057	1474
82869170	1474
82869285	1474
82869518	1474
82869623	1474
82869723	1474
82869831	1474
82869934	1474
82870032	1474
82870131	1474
82870242	1474
82870809	1474
82870928	1474
82871035	1474
82871284	1474
83668685	1474
83668795	1474
83668876	1474
83669038	1474
83669131	1474
83669239	1474
83669352	1474
83669441	1474
83669533	1474
83669624	1474
83669722	1474
83669814	1474
83669927	1474
83670017	1474
83670105	1474
83670216	1474
83670577	1474
83670670	1474
84468531	1474
84468635	1474
84469123	1474
84469346	1474
84469457	1474
84469556	1474
84469654	1474
84469762	1474
84469864	1474
84469966	1474
84470054	1474
84470145	1474
84470371	1474
84470557	1474
84470716	1474
84470869	1474
84470972	1474
84471088	1474
85272240	1474
85272329	1474
85272416	1474
85272535	1474
85272659	1474
85272889	1474
85272979	1474
85273077	1474
85273166	1474
85273245	1474
85273332	1474
85273437	1474
85273525	1474
85273623	1474
85273714	1474
85273800	1474
85273886	1474
85273972	1474
86335338	1474
86335458	1474
86335586	1474
86335687	1474
86335845	1474
86336132	1474
86336234	1474
86336348	1474
86336465	1474
86336574	1474
86336674	1474
86336775	1474
86336871	1474
86336980	1474
86337089	1474
86337185	1474
86337283	1474
86337380	1474
87135198	1474
87135301	1474
87135383	1474
87135477	1474
87135627	1474
87135716	1474
87135814	1474
87135901	1474
87135987	1474
87136075	1474
87136162	1474
87136250	1474
87136338	1474
87136424	1474
87136523	1474
87136611	1474
87136707	1474
87136791	1474
87935654	1474
87935743	1474
87935829	1474
87935919	1474
87936000	1474
87936085	1474
87936189	1474
87936276	1474
87936363	1474
87936464	1474
87936634	1474
87936739	1474
87936826	1474
87936913	1474
87937000	1474
87937087	1474
87937174	1474
87937260	1474
88735028	1474
88735126	1474
88735207	1474
88735312	1474
88735411	1474
88735501	1474
88735597	1474
88735684	1474
88735780	1474
88735881	1474
88735967	1474
88736064	1474
88736150	1474
88736236	1474
88736322	1474
88736422	1474
88736510	1474
88736597	1474
89534980	1474
89535089	1474
89535183	1474
89535275	1474
89535374	1474
89535636	1474
89535769	1474
89535880	1474
89535985	1474
89536072	1474
89536174	1474
89536261	1474
89536440	1474
89536523	1474
89536610	1474
89536712	1474
89536799	1474
89536888	1474
90335173	1474
90335275	1474
90335457	1474
90335672	1474
90335760	1474
90335848	1474
90335965	1474
90336053	1474
90336156	1474
90336249	1474
90336367	1474
90336473	1474
90336559	1474
90336660	1474
90336749	1474
90336848	1474
90336934	1474
90337037	1474
91134252	1474
91134472	1474
91134577	1474
91134680	1474
91134777	1474
91134887	1474
91135100	1474
91135191	1474
91135290	1474
91135391	1474
91135492	1474
91135581	1474
91135662	1474
91135749	1474
91135837	1474
91135921	1474
91136010	1474
91136112	1474
91934771	1474
91934871	1474
91934981	1474
91935118	1474
91935307	1474
91935428	1474
91935543	1474
91935639	1474
91935751	1474
91935859	1474
91935956	1474
91936064	1474
91936177	1474
91936286	1474
91936397	1474
91936506	1474
91936600	1474
92737619	1474
92737718	1474
92737817	1474
92737968	1474
92738218	1474
92738381	1474
92738503	1474
92738613	1474
92738712	1474
92738909	1474
92739067	1474
92739178	1474
92739288	1474
92739401	1474
92739499	1474
92739596	1474
92739707	1474
92739805	1474
93536357	1474
93536457	1474
93536571	1474
93536672	1474
93536773	1474
93536871	1474
93536966	1474
93537064	1474
93537182	1474
93537373	1474
93537474	1474
93537580	1474
93537679	1474
93537793	1474
93537891	1474
93537988	1474
93538106	1474
93538237	1474
94336162	1474
94336306	1474
94336406	1474
94336511	1474
94336609	1474
94336720	1474
94336828	1474
94336925	1474
94337036	1474
94337139	1474
94337254	1474
94337369	1474
94337471	1474
94337574	1474
94337676	1474
94337772	1474
94337870	1474
95400681	1474
95400792	1474
95400889	1474
95401093	1474
95401193	1474
95401287	1474
95401382	1474
95401476	1474
95401570	1474
95401664	1474
95401758	1474
95401853	1474
95401948	1474
95402041	1474
95402142	1474
95402338	1474
95402456	1474
95402569	1474
96201096	1474
96201210	1474
96201306	1474
96201402	1474
96201498	1474
96201594	1474
96201690	1474
96201784	1474
96201878	1474
96201972	1474
96202075	1474
96202171	1474
96202292	1474
96202424	1474
96202516	1474
96202645	1474
96202738	1474
96202832	1474
96735260	1474
96735355	1474
96735450	1474
96735545	1474
96735634	1474
96735837	1474
96735936	1474
96736043	1474
96736139	1474
96736234	1474
96736419	1474
96736515	1474
96736610	1474
96736703	1474
96736798	1474
96736892	1474
96736987	1474
97536042	1474
97536137	1474
97536232	1474
97536350	1474
97536447	1474
97536649	1474
97536855	1474
97536974	1474
97537072	1474
97537165	1474
97537261	1474
97537354	1474
97537448	1474
97537541	1474
97537636	1474
97537727	1474
97537915	1474
98334993	1474
98335089	1474
98335183	1474
98335275	1474
98335369	1474
98335462	1474
98335556	1474
98335650	1474
98335744	1474
98335838	1474
98335942	1474
98336036	1474
98336128	1474
98336222	1474
98336315	1474
98336408	1474
99138604	1474
99138741	1474
99138898	1474
99139079	1474
99139277	1474
99139446	1474
99139586	1474
99139726	1474
99139875	1474
99140016	1474
99140155	1474
99140294	1474
99140434	1474
99140573	1474
99140711	1474
99140882	1474
99141065	1474
99933741	1474
99933861	1474
99933955	1474
99934049	1474
99934141	1474
99934292	1474
99934397	1474
99934571	1474
99934667	1474
99934758	1474
99934930	1474
99935027	1474
99935118	1474
99935209	1474
99935300	1474
99935393	1474
100745335	1474
100745500	1474
100745607	1474
100745701	1474
100745800	1474
100745891	1474
100745985	1474
100746080	1474
100746174	1474
100746325	1474
100746429	1474
100746523	1474
100746617	1474
100746711	1474
100746811	1474
100746908	1474
100746997	1474
100747095	1474
101535732	1474
101535828	1474
101535923	1474
101536018	1474
101536182	1474
101536284	1474
101536489	1474
101536587	1474
101537041	1474
101537141	1474
101537237	1474
101537333	1474
101537427	1474
101537523	1474
101537633	1474
101537730	1474
101537825	1474
102335160	1474
102335269	1474
102335353	1474
102335433	1474
102335532	1474
102335637	1474
102335741	1474
102335822	1474
102335908	1474
102336013	1474
102336102	1474
102336213	1474
102336301	1474
102336407	1474
102336496	1474
102336608	1474
102336690	1474
103138047	1474
103138189	1474
103138329	1474
103138562	1474
103138771	1474
103139016	1474
103139160	1474
103139302	1474
103139441	1474
103139594	1474
103139733	1474
103139876	1474
103140016	1474
103140155	1474
103140293	1474
103140431	1474
103140581	1474
103140724	1474
103935215	1474
103935350	1474
103935458	1474
103935566	1474
103935668	1474
103935766	1474
103935865	1474
103935985	1474
103936105	1474
103936201	1474
103936291	1474
103936392	1474
103936499	1474
103936627	1474
103936746	1474
103936847	1474
103936945	1474
103937064	1474
104735858	1474
104735957	1474
104736075	1474
104736186	1474
104736317	1474
104736450	1474
104736694	1474
104736795	1474
104736976	1474
104737076	1474
104737175	1474
104737273	1474
104737389	1474
104737496	1474
104737596	1474
104737715	1474
105538490	1474
105538597	1474
105538708	1474
105538807	1474
105538904	1474
105539026	1474
105539132	1474
105539237	1474
105539336	1474
105539450	1474
105539551	1474
105539650	1474
105539762	1474
105539859	1474
105539958	1474
105540071	1474
106336808	1474
106336910	1474
106337008	1474
106337136	1474
106337240	1474
106337502	1474
106337605	1474
106337904	1474
106338005	1474
106338112	1474
106338213	1474
106338429	1474
106338555	1474
106338662	1474
106338927	1474
106339040	1474
106339153	1474
107137872	1474
107137993	1474
107138093	1474
107138193	1474
107138381	1474
107138620	1474
107138724	1474
107138980	1474
107139085	1474
107139203	1474
107139303	1474
107139418	1474
107139530	1474
107139630	1474
107139733	1474
107139833	1474
107139934	1474
107666780	1474
107667051	1474
107667152	1474
107667244	1474
107667439	1474
107667540	1474
107667636	1474
107667747	1474
107667875	1474
107667981	1474
107668082	1474
107668193	1474
107668350	1474
107668450	1474
107668569	1474
107668686	1474
108466189	1474
108466401	1474
108466570	1474
108466749	1474
108466947	1474
108467225	1474
108467369	1474
108467513	1474
108467650	1474
108467791	1474
108467929	1474
108468072	1474
108468224	1474
108468364	1474
108468503	1474
108468643	1474
108468782	1474
109268037	1474
109268328	1474
109268480	1474
109268681	1474
109268847	1474
109268987	1474
109269124	1474
109269274	1474
109269412	1474
109269549	1474
109269686	1474
109269825	1474
109269963	1474
109270100	1474
109270252	1474
109270484	1474
109270670	1474
110068092	1474
110068208	1474
110068303	1474
110068414	1474
110068521	1474
110068827	1474
110068929	1474
110069251	1474
110069363	1474
110069482	1474
110069580	1474
110069686	1474
110069787	1474
110069887	1474
110070003	1474
110070101	1474
110070248	1474
110867263	1474
110867386	1474
110867486	1474
110867608	1474
110867712	1474
110868022	1474
110868135	1474
110868251	1474
110868352	1474
110868455	1474
110868555	1474
110868654	1474
110868753	1474
110868852	1474
110868952	1474
110869081	1474
110869185	1474
111666650	1474
111666747	1474
111666842	1474
111666944	1474
111667055	1474
111667254	1474
111667354	1474
111667448	1474
111667541	1474
111667660	1474
111667761	1474
111667857	1474
111667953	1474
111668062	1474
111668157	1474
111668253	1474
111668348	1474
112467016	1474
112467113	1474
112467209	1474
112467304	1474
112467398	1474
112467492	1474
112467587	1474
112467681	1474
112467776	1474
112467872	1474
112467978	1474
112468076	1474
112468173	1474
112468267	1474
112468363	1474
112468459	1474
112468556	1474
112468651	1474
113266334	1474
113266435	1474
113266530	1474
113266628	1474
113266722	1474
113266817	1474
113266924	1474
113267023	1474
113267119	1474
113267214	1474
113267311	1474
113267407	1474
113267503	1474
113267600	1474
113267696	1474
113267792	1474
114066402	1474
114066502	1474
114066597	1474
114066697	1474
114066792	1474
114066896	1474
114066991	1474
114067085	1474
114067179	1474
114067273	1474
114067367	1474
114067461	1474
114067555	1474
114067650	1474
114067746	1474
114067841	1474
114067950	1474
114866490	1474
114866590	1474
114866688	1474
114866805	1474
114866902	1474
114867123	1474
114867221	1474
114867319	1474
114867416	1474
114867511	1474
114867609	1474
114867703	1474
114867810	1474
114867907	1474
114868004	1474
114868103	1474
114868199	1474
114868292	1474
115667068	1474
115667187	1474
115667288	1474
115667496	1474
115667620	1474
115667959	1474
115668060	1474
115668170	1474
115668271	1474
115668371	1474
115668491	1474
115668589	1474
115668690	1474
115668811	1474
115668914	1474
115669030	1474
115669130	1474
115669233	1474
116467798	1474
116467899	1474
116468010	1474
116468119	1474
116468217	1474
116468322	1474
116468418	1474
116468517	1474
116468618	1474
116468726	1474
116468819	1474
116468917	1474
116469045	1474
116469143	1474
116469241	1474
116469351	1474
116469452	1474
116469557	1474
117531866	1474
117531978	1474
117532595	1474
117532737	1474
117533077	1474
117533177	1474
117533273	1474
117533390	1474
117533489	1474
117533601	1474
117533739	1474
117533839	1474
117533939	1474
117534037	1474
117534147	1474
117534353	1474
117534457	1474
117534555	1474
118333554	1474
118333703	1474
118333795	1474
118333906	1474
118334016	1474
118334106	1474
118334227	1474
118334463	1474
118334564	1474
118334665	1474
118334781	1474
118334877	1474
118334991	1474
118335099	1474
118335220	1474
118335317	1474
118335434	1474
118335550	1474
118867960	1474
118868081	1474
118868171	1474
118868266	1474
118868351	1474
118868462	1474
118868592	1474
118868692	1474
118868789	1474
118868907	1474
118869006	1474
118869103	1474
118869199	1474
118869299	1474
118869415	1474
118869512	1474
119932183	1474
119932356	1474
119932452	1474
119932553	1474
119932643	1474
119932861	1474
119932955	1474
119933043	1474
119933134	1474
119933224	1474
119933314	1474
119933404	1474
119933495	1474
119933584	1474
119933681	1474
119933774	1474
119933865	1474
119933955	1474
120731540	1474
120731703	1474
120731790	1474
120731881	1474
120731973	1474
120732065	1474
120732253	1474
120732348	1474
120732436	1474
120732527	1474
120732629	1474
120732723	1474
120732815	1474
120732905	1474
120732997	1474
120733088	1474
120733179	1474
120733270	1474
121531036	1474
121531202	1474
121531302	1474
121531397	1474
121531491	1474
121531709	1474
121531805	1474
121531898	1474
121531989	1474
121532082	1474
121532173	1474
121532265	1474
121532357	1474
121532447	1474
121532540	1474
121532645	1474
121532737	1474
121532829	1474
122332456	1474
122332616	1474
122332711	1474
122332807	1474
122332893	1474
122332983	1474
122333190	1474
122333286	1474
122333377	1474
122333468	1474
122333567	1474
122333660	1474
122333752	1474
122333843	1474
122333935	1474
122334026	1474
122334117	1474
122334231	1474
123132612	1474
123132705	1474
123132797	1474
123132890	1474
123132988	1474
123133180	1474
123133275	1474
123133368	1474
123133470	1474
123133567	1474
123133660	1474
123133752	1474
123133843	1474
123133935	1474
123134027	1474
123134118	1474
123134209	1474
123931665	1474
123931760	1474
123931850	1474
123931942	1474
123932034	1474
123932125	1474
123932216	1474
123932309	1474
123932400	1474
123932506	1474
123932599	1474
123932691	1474
123932781	1474
123932873	1474
123932965	1474
123933147	1474
123933238	1474
123933331	1474
124731432	1474
124731548	1474
124731660	1474
124731780	1474
124731915	1474
124732018	1474
124732323	1474
124732433	1474
124732535	1474
124732653	1474
124732752	1474
124732861	1474
124732960	1474
124733060	1474
124733161	1474
124733260	1474
124733357	1474
124733468	1474
125530708	1474
125530805	1474
125531087	1474
125531267	1474
125531404	1474
125531699	1474
125531803	1474
125531923	1474
125532021	1474
125532118	1474
125532217	1474
125532348	1474
125532447	1474
125532550	1474
125532676	1474
125532773	1474
125532880	1474
125532989	1474
126335610	1474
126335713	1474
126335836	1474
126335939	1474
126336205	1474
126336316	1474
126336437	1474
126336534	1474
126336650	1474
126336759	1474
126336857	1474
126336969	1474
126337071	1474
126337339	1474
126337442	1474
126337582	1474
126337680	1474
127130650	1474
127130890	1474
127130993	1474
127131091	1474
127131197	1474
127131459	1474
127131561	1474
127131681	1474
127131779	1474
127131893	1474
127131998	1474
127132098	1474
127132313	1474
127132416	1474
127132531	1474
127132634	1474
127132754	1474
127930781	1474
127930925	1474
127931028	1474
127931141	1474
127931390	1474
127931678	1474
127931778	1474
127931886	1474
127932005	1474
127932128	1474
127932305	1474
127932392	1474
127932493	1474
127932608	1474
127932722	1474
127932821	1474
127932940	1474
128730432	1474
128730529	1474
128730632	1474
128730742	1474
128730841	1474
128730938	1474
128731053	1474
128731175	1474
128731288	1474
128731385	1474
128731498	1474
128731623	1474
128731730	1474
128731815	1474
128731911	1474
128732007	1474
128732104	1474
128732240	1474
129530539	1474
129530655	1474
129530749	1474
129530842	1474
129530938	1474
129531018	1474
129531119	1474
129531212	1474
129531297	1474
129531380	1474
129531466	1474
129531549	1474
129531632	1474
129531716	1474
129531800	1474
129531883	1474
129531965	1474
129532048	1474
130330135	1474
130330341	1474
130330442	1474
130330536	1474
130330627	1474
130330824	1474
130330922	1474
130331025	1474
130331124	1474
130331218	1474
130331310	1474
130331404	1474
130331497	1474
130331590	1474
130331684	1474
130331777	1474
131131225	1474
131131322	1474
131131416	1474
131131508	1474
131131611	1474
131131707	1474
131131905	1474
131132014	1474
131132110	1474
131132206	1474
131132394	1474
131132497	1474
131132592	1474
131132687	1474
131132782	1474
131132877	1474
131132983	1474
131930541	1474
131930638	1474
131930733	1474
131930830	1474
131930933	1474
131931032	1474
131931127	1474
131931222	1474
131931317	1474
131931410	1474
131931504	1474
131931598	1474
131931734	1474
131931826	1474
131931933	1474
131932032	1474
132730825	1474
132730928	1474
132731023	1474
132731118	1474
132731213	1474
132731306	1474
132731401	1474
132731495	1474
132731589	1474
132731682	1474
132731776	1474
132731880	1474
132731980	1474
132732074	1474
132732168	1474
132732261	1474
132732355	1474
133530615	1474
133530707	1474
133530855	1474
133530974	1474
133531071	1474
133531269	1474
133531368	1474
133531463	1474
133531559	1474
133531653	1474
133532082	1474
133532185	1474
133532280	1474
133532374	1474
133532466	1474
133532560	1474
133532653	1474
134332720	1474
134332860	1474
134333001	1474
134333179	1474
134333373	1474
134333552	1474
134333717	1474
134333856	1474
134334019	1474
134334164	1474
134334303	1474
134334488	1474
134334639	1474
134334778	1474
134334915	1474
134335053	1474
134335188	1474
134865633	1474
134865771	1474
134865904	1474
134866038	1474
134866176	1474
134866312	1474
134866503	1474
134866655	1474
134866794	1474
134866930	1474
134867068	1474
134867203	1474
134867346	1474
134867482	1474
134867629	1474
134867766	1474
135663544	1474
135663667	1474
135663776	1474
135663875	1474
135663980	1474
135664106	1474
135664318	1474
135664419	1474
135664531	1474
135664649	1474
135664753	1474
135664851	1474
135664949	1474
135665047	1474
135665146	1474
135665246	1474
135665344	1474
136731668	1474
136731769	1474
136731869	1474
136731966	1474
136732063	1474
136732161	1474
136732260	1474
136732356	1474
136732453	1474
136732550	1474
136732658	1474
136732760	1474
136732856	1474
136732952	1474
136733049	1474
136733146	1474
136733243	1474
136733340	1474
137263847	1474
137263945	1474
137264044	1474
137264142	1474
137264260	1474
137264540	1474
137264648	1474
137264766	1474
137265012	1474
137265117	1474
137265211	1474
137265308	1474
137265406	1474
137265505	1474
137265618	1474
137265717	1474
137267649	1474
138066374	1474
138066474	1474
138066603	1474
138066702	1474
138066798	1474
138066902	1474
138067001	1474
138067098	1474
138067195	1474
138067292	1474
138067389	1474
138067486	1474
138067592	1474
138067691	1474
138067788	1474
138067886	1474
138067984	1474
138864372	1474
138864463	1474
138864573	1474
138864669	1474
138864769	1474
138864867	1474
138864963	1474
138865051	1474
138865175	1474
138865274	1474
138865385	1474
138865479	1474
138865590	1474
138865689	1474
138865797	1474
138865917	1474
138866016	1474
139663717	1474
139663819	1474
139663909	1474
139664023	1474
139664169	1474
139664386	1474
139664489	1474
139664570	1474
139664662	1474
139664771	1474
139664862	1474
139664971	1474
139665062	1474
139665166	1474
139665259	1474
139665372	1474
139665471	1474
139665565	1474
140731172	1474
140731271	1474
140731366	1474
140731478	1474
140731576	1474
140731673	1474
140731771	1474
140731869	1474
140731967	1474
140732065	1474
140732163	1474
140732309	1474
140732418	1474
140732517	1474
140732615	1474
140732712	1474
140732810	1474
140732909	1474
141530553	1474
141530651	1474
141530737	1474
141530839	1474
141530936	1474
141531034	1474
141531126	1474
141531248	1474
141531351	1474
141531449	1474
141531576	1474
141531705	1474
141531803	1474
141531943	1474
141532044	1474
141532158	1474
141532255	1474
141532363	1474
142331941	1474
142332081	1474
142332267	1474
142332475	1474
142332686	1474
142332825	1474
142332961	1474
142333110	1474
142333250	1474
142333386	1474
142333524	1474
142333661	1474
142333799	1474
142333936	1474
142334072	1474
142334224	1474
142334361	1474
142334549	1474
143132105	1474
143132204	1474
143132324	1474
143132455	1474
143132567	1474
143132789	1474
143132888	1474
143132998	1474
143133108	1474
143133205	1474
143133312	1474
143133409	1474
143133507	1474
143133603	1474
143133698	1474
143133794	1474
143133889	1474
143930361	1474
143930463	1474
143930560	1474
143930656	1474
143930765	1474
143931023	1474
143931128	1474
143931231	1474
143931327	1474
143931424	1474
143931519	1474
143931618	1474
143931714	1474
143931810	1474
143931905	1474
143932002	1474
143932099	1474
144729564	1474
144729651	1474
144729738	1474
144729825	1474
144729911	1474
144729997	1474
144730084	1474
144730177	1474
144730366	1474
144730456	1474
144730543	1474
144730630	1474
144730717	1474
144730803	1474
144730894	1474
144730982	1474
144731069	1474
144731167	1474
145529631	1474
145529725	1474
145529817	1474
145529910	1474
145530004	1474
145530108	1474
145530221	1474
145530467	1474
145530565	1474
145530658	1474
145530752	1474
145530845	1474
145530938	1474
145531026	1474
145531127	1474
145531219	1474
145531312	1474
145531404	1474
146329087	1474
146329184	1474
146329280	1474
146329375	1474
146329470	1474
146329567	1474
146329775	1474
146329876	1474
146329971	1474
146330074	1474
146330170	1474
146330347	1474
146330445	1474
146330539	1474
146330633	1474
146330728	1474
146330822	1474
146330917	1474
147130304	1474
147130495	1474
147130672	1474
147130879	1474
147131031	1474
147131167	1474
147131308	1474
147131446	1474
147131588	1474
147131723	1474
147131869	1474
147132011	1474
147132154	1474
147132289	1474
147132424	1474
147132562	1474
147132696	1474
147132832	1474
147929000	1474
147929096	1474
147929191	1474
147929286	1474
147929380	1474
147929475	1474
147929572	1474
147929668	1474
147929763	1474
147929858	1474
147929965	1474
147930062	1474
147930157	1474
147930251	1474
147930386	1474
147930482	1474
147930577	1474
148730970	1474
148731106	1474
148731247	1474
148731382	1474
148731522	1474
148731660	1474
148731806	1474
148731942	1474
148732081	1474
148732218	1474
148732362	1474
148732496	1474
148732637	1474
148732785	1474
148732928	1474
148733063	1474
148733204	1474
148733340	1474
149529360	1474
149529456	1474
149529551	1474
149529647	1474
149529740	1474
149529840	1474
149529940	1474
149530031	1474
149530125	1474
149530306	1474
149530410	1474
149530506	1474
149530600	1474
149530691	1474
149530783	1474
149530891	1474
149530986	1474
149531080	1474
150595165	1474
150595268	1474
150595366	1474
150595458	1474
150595550	1474
150595642	1474
150595735	1474
150595826	1474
150595910	1474
150595997	1474
150596080	1474
150596163	1474
150596247	1474
150596329	1474
150596410	1474
150596492	1474
150596573	1474
150596655	1474
151395102	1474
151395573	1474
151395739	1474
151395874	1474
151396011	1474
151396146	1474
151396279	1474
151396414	1474
151396549	1474
151396693	1474
151396830	1474
151396965	1474
151397098	1474
151397233	1474
151397366	1474
151397501	1474
151397644	1474
151397781	1474
152194837	1474
152194950	1474
152195044	1474
152195138	1474
152195232	1474
152195325	1474
152195417	1474
152195510	1474
152195602	1474
152195708	1474
152195804	1474
152196003	1474
152196101	1474
152196193	1474
152196287	1474
152196380	1474
152196474	1474
152196568	1474
152994795	1474
152994909	1474
152994998	1474
152995090	1474
152995182	1474
152995275	1474
152995367	1474
152995463	1474
152995554	1474
152995658	1474
152995750	1474
152995848	1474
152995940	1474
152996030	1474
152996123	1474
152996215	1474
152996306	1474
152996399	1474
153795443	1474
153795634	1474
153795842	1474
153795997	1474
153796131	1474
153796267	1474
153796402	1474
153796545	1474
153796680	1474
153796816	1474
153796950	1474
153797085	1474
153797219	1474
153797353	1474
153797499	1474
153797637	1474
153797778	1474
154594543	1474
154594646	1474
154594896	1474
154594998	1474
154595140	1474
154595232	1474
154595443	1474
154595567	1474
154595662	1474
154595756	1474
154595939	1474
154596033	1474
154596121	1474
154596212	1474
154596304	1474
154596407	1474
154596502	1474
155394521	1474
155394676	1474
155394873	1474
155395021	1474
155395154	1474
155395287	1474
155395432	1474
155395584	1474
155395722	1474
155395855	1474
155395992	1474
155396124	1474
155396260	1474
155396408	1474
155396547	1474
155396680	1474
155396818	1474
155396956	1474
156194308	1474
156194430	1474
156194607	1474
156194710	1474
156194814	1474
156195072	1474
156195173	1474
156195281	1474
156195387	1474
156195503	1474
156195602	1474
156195702	1474
156195801	1474
156195899	1474
156195999	1474
156196099	1474
156196197	1474
156996690	1474
156996812	1474
156996911	1474
156997011	1474
156997114	1474
156997403	1474
156997504	1474
156997661	1474
156997762	1474
156997861	1474
156997961	1474
156998061	1474
156998159	1474
156998292	1474
156998524	1474
156998628	1474
156998809	1474
157795917	1474
157796036	1474
157796136	1474
157796252	1474
157796434	1474
157796539	1474
157796771	1474
157796873	1474
157796990	1474
157797090	1474
157797188	1474
157797508	1474
157797622	1474
157797781	1474
157797884	1474
157797997	1474
157798096	1474
157798398	1474
158594122	1474
158595190	1474
158595490	1474
158595590	1474
158595697	1474
158595800	1474
158595915	1474
158596013	1474
158596112	1474
158596220	1474
158596317	1474
158596415	1474
158596514	1474
158596610	1474
158596708	1474
158596806	1474
159394033	1474
159394145	1474
159394376	1474
159394473	1474
159394567	1474
159394662	1474
159394762	1474
159394856	1474
159394949	1474
159395041	1474
159395150	1474
159395242	1474
159395334	1474
159395427	1474
159395519	1474
159395612	1474
159395703	1474
160194385	1474
160194506	1474
160194614	1474
160194725	1474
160194821	1474
160194927	1474
160195043	1474
160195146	1474
160195257	1474
160195356	1474
160195456	1474
160195553	1474
160195666	1474
160195764	1474
160195862	1474
160195961	1474
160196057	1474
160196162	1474
160993476	1474
160993586	1474
160993690	1474
160993788	1474
160993988	1474
160994127	1474
160994226	1474
160994357	1474
160994454	1474
160994571	1474
160994674	1474
160994768	1474
160994873	1474
160994972	1474
160995082	1474
160995198	1474
160995293	1474
160995408	1474
161793431	1474
161794002	1474
161794158	1474
161794624	1474
161794723	1474
161794816	1474
161794942	1474
161795039	1474
161795140	1474
161795239	1474
161795337	1474
161795582	1474
161795682	1474
161795779	1474
161795893	1474
161796004	1474
161796101	1474
162593555	1474
162593713	1474
162593814	1474
162593919	1474
162594031	1474
162594128	1474
162594416	1474
162594515	1474
162594603	1474
162594696	1474
162594793	1474
162594893	1474
162594991	1474
162595085	1474
162595179	1474
162595271	1474
162595363	1474
162595460	1474
163394578	1474
163394689	1474
163394875	1474
163394975	1474
163395077	1474
163395175	1474
163395382	1474
163395481	1474
163395574	1474
163395669	1474
163395763	1474
163395972	1474
163396070	1474
163396165	1474
163396258	1474
163396352	1474
163396447	1474
164193412	1474
164193575	1474
164193674	1474
164193769	1474
164193882	1474
164194085	1474
164194182	1474
164194302	1474
164194464	1474
164194558	1474
164194656	1474
164194753	1474
164194854	1474
164194949	1474
164195042	1474
164195135	1474
164195229	1474
164993857	1474
164993998	1474
164994169	1474
164994403	1474
164994649	1474
164994819	1474
164994962	1474
164995100	1474
164995238	1474
164995375	1474
164995515	1474
164995651	1474
164995796	1474
164995934	1474
164996071	1474
164996210	1474
164996346	1474
164996497	1474
165793888	1474
165794003	1474
165794114	1474
165794351	1474
165794466	1474
165794619	1474
165794746	1474
165794844	1474
165794965	1474
165795089	1474
165795188	1474
165795303	1474
165795402	1474
165795500	1474
165795598	1474
165795707	1474
166593138	1474
166593248	1474
166593340	1474
166593444	1474
166593542	1474
166593657	1474
166593772	1474
166593873	1474
166593987	1474
166594086	1474
166594224	1474
166594367	1474
166594467	1474
166594575	1474
166594763	1474
166594863	1474
166594958	1474
166595057	1474
167392963	1474
167393204	1474
167393302	1474
167393546	1474
167393660	1474
167393890	1474
167393992	1474
167394103	1474
167394227	1474
167394353	1474
167394454	1474
167394563	1474
167394757	1474
167394897	1474
167394994	1474
167395104	1474
167395221	1474
167395318	1474
168193284	1474
168193466	1474
168193588	1474
168193692	1474
168193882	1474
168194000	1474
168194229	1474
168194361	1474
168194520	1474
168194628	1474
168194740	1474
168194837	1474
168194937	1474
168195051	1474
168195149	1474
168195246	1474
168195341	1474
168993567	1474
168993706	1474
168993841	1474
168993979	1474
168994159	1474
168994389	1474
168994756	1474
168994893	1474
168995028	1474
168995163	1474
168995299	1474
168995434	1474
168995578	1474
168995714	1474
168995850	1474
168995986	1474
168996122	1474
169792945	1474
169793081	1474
169793216	1474
169793393	1474
169793594	1474
169793871	1474
169794009	1474
169794142	1474
169794277	1474
169794459	1474
169794615	1474
169794750	1474
169794886	1474
169795019	1474
169795154	1474
169795286	1474
169795420	1474
169795630	1474
170592835	1474
170592946	1474
170593043	1474
170593139	1474
170593232	1474
170593326	1474
170593431	1474
170593528	1474
170593624	1474
170593717	1474
170593810	1474
170593902	1474
170593994	1474
170594087	1474
170594179	1474
170594329	1474
170594439	1474
171392649	1474
171392764	1474
171392860	1474
171392954	1474
171393045	1474
171393138	1474
171393231	1474
171393323	1474
171393427	1474
171393523	1474
171393617	1474
171393713	1474
171393802	1474
171393895	1474
171393989	1474
171394083	1474
171394177	1474
172192416	1474
172192574	1474
172192669	1474
172192765	1474
172192858	1474
172192951	1474
172193042	1474
172193136	1474
172193230	1474
172193322	1474
172193564	1474
172193665	1474
172193759	1474
172193852	1474
172193945	1474
172194039	1474
172994533	1474
172994629	1474
172994725	1474
172994819	1474
172994914	1474
172995009	1474
172995104	1474
172995197	1474
172995292	1474
172995400	1474
172995495	1474
172995589	1474
172995684	1474
172995779	1474
172995872	1474
172995964	1474
172996060	1474
172996155	1474
173793086	1474
173793180	1474
173793289	1474
173793385	1474
173793477	1474
173793567	1474
173793660	1474
173793755	1474
173793849	1474
173793944	1474
173794039	1474
173794131	1474
173794249	1474
173794444	1474
173794539	1474
173794706	1474
173794801	1474
174592534	1474
174592686	1474
174592777	1474
174592874	1474
174592967	1474
174593060	1474
174593152	1474
174593273	1474
174593370	1474
174593464	1474
174593560	1474
174593653	1474
174593747	1474
174593845	1474
174593941	1474
174594036	1474
174594130	1474
175399369	1474
175399462	1474
175399552	1474
175399660	1474
175399825	1474
175399983	1474
175400116	1474
175400236	1474
175400353	1474
175400452	1474
175400543	1474
175400642	1474
175400738	1474
175400824	1474
175400920	1474
175401020	1474
175401120	1474
175401232	1474
176193692	1474
176193788	1474
176193881	1474
176193975	1474
176194069	1474
176194291	1474
176194698	1474
176194803	1474
176194903	1474
176195237	1474
176195393	1474
176195717	1474
176195930	1474
176196079	1474
176196189	1474
176196560	1474
176197089	1474
176995459	1474
176995565	1474
176995665	1474
176995785	1474
176995887	1474
176996391	1474
176996496	1474
176996605	1474
176996704	1474
176996802	1474
176996902	1474
176997014	1474
176997119	1474
176997217	1474
176997316	1474
176997415	1474
176997516	1474
177794097	1474
177794195	1474
177794324	1474
177794417	1474
177794514	1474
177794721	1474
177794819	1474
177794914	1474
177795017	1474
177795112	1474
177795206	1474
177795302	1474
177795392	1474
177795485	1474
177795580	1474
177795674	1474
177795769	1474
177795863	1474
178595221	1474
178595363	1474
178595499	1474
178595639	1474
178595778	1474
178595928	1474
178596066	1474
178596206	1474
178596344	1474
178596484	1474
178596621	1474
178596763	1474
178596915	1474
178597057	1474
178597197	1474
178597333	1474
179394266	1474
179394574	1474
179394750	1474
179394853	1474
179394956	1474
179395171	1474
179395268	1474
179395358	1474
179395452	1474
179395545	1474
179395647	1474
179395749	1474
179395840	1474
179395941	1474
179396034	1474
179396126	1474
179396215	1474
179396310	1474
180193659	1474
180193749	1474
180193853	1474
180193950	1474
180194042	1474
180194137	1474
180194405	1474
180194503	1474
180194598	1474
180194691	1474
180194786	1474
180194887	1474
180194982	1474
180195076	1474
180195172	1474
180195265	1474
180195359	1474
180727198	1474
180727295	1474
180727388	1474
180727496	1474
180727594	1474
180727811	1474
180727910	1474
180728003	1474
180728098	1474
180728192	1474
180728285	1474
180728379	1474
180728472	1474
180728565	1474
180728658	1474
180728750	1474
181525180	1474
181525293	1474
181525391	1474
181525489	1474
181525587	1474
181525682	1474
181525781	1474
181525871	1474
181525964	1474
181526059	1474
181526156	1474
181526319	1474
181526423	1474
181526517	1474
181526613	1474
181526706	1474
181526866	1474
182325347	1474
182325479	1474
182325574	1474
182325827	1474
182325924	1474
182326020	1474
182326113	1474
182326231	1474
182326367	1474
182326514	1474
182326607	1474
182326710	1474
182326806	1474
182326895	1474
182326990	1474
182327081	1474
182327175	1474
182327265	1474
183125161	1474
183125295	1474
183125392	1474
183125535	1474
183125626	1474
183125827	1474
183125917	1474
183126014	1474
183126104	1474
183126218	1474
183126370	1474
183126464	1474
183126558	1474
183126655	1474
183126753	1474
183126846	1474
183126941	1474
184194561	1474
184194668	1474
184194763	1474
184194859	1474
184194960	1474
184195056	1474
184195262	1474
184195361	1474
184195456	1474
184195552	1474
184195659	1474
184195750	1474
184195848	1474
184195942	1474
184196038	1474
184196133	1474
184196228	1474
184196323	1474
184992142	1474
184992235	1474
184992327	1474
184992469	1474
184992572	1474
184992770	1474
184992866	1474
184992960	1474
184993053	1474
184993145	1474
184993237	1474
184993329	1474
184993421	1474
184993513	1474
184993617	1474
184993710	1474
184993802	1474
184993894	1474
185791315	1474
185791425	1474
185791625	1474
185791724	1474
185791967	1474
185792071	1474
185792213	1474
185792309	1474
185792402	1474
185792497	1474
185792604	1474
185792699	1474
185792792	1474
185792886	1474
185792980	1474
185793075	1474
185793168	1474
185793260	1474
186592424	1474
186592533	1474
186592628	1474
186592724	1474
186592821	1474
186593020	1474
186593119	1474
186593216	1474
186593311	1474
186593405	1474
186593508	1474
186593606	1474
186593701	1474
186593797	1474
186593893	1474
186593988	1474
186594082	1474
186594177	1474
187393827	1474
187393927	1474
187394025	1474
187394155	1474
187394328	1474
187394614	1474
187394720	1474
187394819	1474
187394919	1474
187395017	1474
187395115	1474
187395213	1474
187395313	1474
187395423	1474
187395525	1474
187395624	1474
187395724	1474
188191277	1474
188191458	1474
188191559	1474
188191651	1474
188191769	1474
188191868	1474
188191974	1474
188192083	1474
188192196	1474
188192290	1474
188192397	1474
188192497	1474
188192596	1474
188192693	1474
188192791	1474
188192890	1474
188192988	1474
188193086	1474
188994116	1474
188994242	1474
188994391	1474
188994493	1474
188994715	1474
188994816	1474
188994964	1474
188995065	1474
188995165	1474
188995262	1474
188995425	1474
188995525	1474
188995623	1474
188995721	1474
188995818	1474
188995916	1474
188996015	1474
189794419	1474
189794521	1474
189794641	1474
189794742	1474
189794854	1474
189795101	1474
189795202	1474
189795310	1474
189795408	1474
189795547	1474
189795649	1474
189795748	1474
189795846	1474
189795944	1474
189796041	1474
189796136	1474
189796233	1474
190592919	1474
190593013	1474
190593108	1474
190593199	1474
190593304	1474
190593397	1474
190593490	1474
190593582	1474
190593673	1474
190593764	1474
190593856	1474
190593948	1474
190594039	1474
190594131	1474
190594234	1474
190594375	1474
190594468	1474
191393153	1474
191393260	1474
191393351	1474
191393445	1474
191393537	1474
191393743	1474
191393840	1474
191393933	1474
191394026	1474
191394118	1474
191394216	1474
191394341	1474
191394439	1474
191394535	1474
191394633	1474
191394731	1474
191394823	1474
191394915	1474
192192668	1474
192192761	1474
192192853	1474
192192945	1474
192193046	1474
192193159	1474
192193251	1474
192193343	1474
192193434	1474
192193524	1474
192193614	1474
192193705	1474
192193795	1474
192193886	1474
192193976	1474
192194078	1474
192194172	1474
192993484	1474
192993578	1474
192993672	1474
192993795	1474
192994003	1474
192994114	1474
192994208	1474
192994301	1474
192994440	1474
192994534	1474
192994630	1474
192994723	1474
192994816	1474
192994908	1474
192995001	1474
192995106	1474
192995199	1474
192995291	1474
193790173	1474
193790501	1474
193790605	1474
193790844	1474
193790943	1474
193791045	1474
193791147	1474
193791240	1474
193791337	1474
193791425	1474
193791525	1474
193791620	1474
193791709	1474
193791819	1474
193791916	1474
193792012	1474
193792123	1474
193792219	1474
194593673	1474
194593770	1474
194593863	1474
194593967	1474
194594065	1474
194594160	1474
194594346	1474
194594511	1474
194594610	1474
194594706	1474
194594805	1474
194594925	1474
194595028	1474
194595127	1474
194595231	1474
194595518	1474
194595618	1474
195392074	1474
195392172	1474
195392268	1474
195392364	1474
195392483	1474
195392736	1474
195392833	1474
195392960	1474
195393057	1474
195393154	1474
195393257	1474
195393353	1474
195393468	1474
195393563	1474
195393658	1474
195393753	1474
195393864	1474
195393963	1474
196193711	1474
196193819	1474
196193919	1474
196194015	1474
196194115	1474
196194407	1474
196194509	1474
196194611	1474
196194709	1474
196194838	1474
196194937	1474
196195076	1474
196195176	1474
196195275	1474
196195370	1474
196195466	1474
196195563	1474
196994864	1474
196994972	1474
196995069	1474
196995170	1474
196995270	1474
196995544	1474
196995642	1474
196995773	1474
196995873	1474
196995971	1474
196996072	1474
196996169	1474
196996279	1474
196996376	1474
196996475	1474
196996574	1474
196996671	1474
196996781	1474
197794742	1474
197794839	1474
197794960	1474
197795051	1474
197795151	1474
197795379	1474
197795479	1474
197795592	1474
197795690	1474
197795815	1474
197795927	1474
197796025	1474
197796123	1474
197796222	1474
197796318	1474
197796417	1474
197796515	1474
197796616	1474
198594959	1474
198595099	1474
198595240	1474
198595460	1474
198595653	1474
198595981	1474
198596124	1474
198596261	1474
198596402	1474
198596541	1474
198596687	1474
198596828	1474
198596994	1474
198597133	1474
198597278	1474
198597416	1474
198597557	1474
198597705	1474
199656252	1474
199656413	1474
199656555	1474
199656715	1474
199656855	1474
199656996	1474
199657139	1474
199657279	1474
199657419	1474
199657555	1474
199657707	1474
199657850	1474
199657987	1474
199658128	1474
199658269	1474
199658468	1474
199658625	1474
199658766	1474
200456273	1474
200459460	1474
200459613	1474
200459810	1474
200459924	1474
200460042	1474
200460160	1474
200460259	1474
200460362	1474
200460461	1474
200460578	1474
200460694	1474
200460793	1474
200460911	1474
200461105	1474
200461284	1474
200461654	1474
200461769	1474
201256603	1474
201256801	1474
201256953	1474
201257093	1474
201257231	1474
201257369	1474
201257519	1474
201257659	1474
201257795	1474
201257933	1474
201258071	1474
201258208	1474
201258403	1474
201258553	1474
201258712	1474
201258854	1474
201258991	1474
201259132	1474
202056120	1474
202056347	1474
202056495	1474
202056691	1474
202056831	1474
202057039	1474
202057254	1474
202057382	1474
202057519	1474
202057641	1474
202057766	1474
202057891	1474
202058015	1474
202058139	1474
202058263	1474
202058456	1474
202058582	1474
202058708	1474
202856155	1474
202856285	1474
202856376	1474
202856481	1474
202856577	1474
202856674	1474
202856788	1474
202856899	1474
202856998	1474
202857098	1474
202857196	1474
202857301	1474
202857400	1474
202857508	1474
202857599	1474
202857699	1474
203658695	1474
203658897	1474
203659048	1474
203659209	1474
203659358	1474
203659498	1474
203659642	1474
203659774	1474
203659916	1474
203660057	1474
203660196	1474
203660330	1474
203660489	1474
203660630	1474
203660767	1474
203660905	1474
203661047	1474
203661187	1474
204456137	1474
204456322	1474
204456468	1474
204456604	1474
204456741	1474
204456883	1474
204457020	1474
204457161	1474
204457306	1474
204457475	1474
204457611	1474
204457751	1474
204457887	1474
204458031	1474
204458181	1474
204458331	1474
204458520	1474
204458677	1474
205256730	1474
205256894	1474
205256989	1474
205257086	1474
205257180	1474
205257284	1474
205257380	1474
205257472	1474
205257566	1474
205257654	1474
205257745	1474
205257836	1474
205257928	1474
205258021	1474
205258115	1474
205258233	1474
205258397	1474
205258490	1474
206055742	1474
206055853	1474
206055946	1474
206056043	1474
206056139	1474
206056242	1474
206056337	1474
206056432	1474
206056525	1474
206056618	1474
206056710	1474
206056808	1474
206056901	1474
206056990	1474
206057084	1474
206057181	1474
206057286	1474
206057372	1474
206855381	1474
206855498	1474
206855588	1474
206855681	1474
206855768	1474
206855861	1474
206855954	1474
206856050	1474
206856145	1474
206856248	1474
206856340	1474
206856430	1474
206856519	1474
206856616	1474
206856708	1474
206856800	1474
206856892	1474
206856986	1474
207655590	1474
207655708	1474
207655915	1474
207656015	1474
207656477	1474
207656681	1474
207656778	1474
207656877	1474
207656969	1474
207657064	1474
207657168	1474
207657261	1474
207657355	1474
207657452	1474
207657546	1474
207657644	1474
207657736	1474
208456345	1474
208456461	1474
208456557	1474
208456652	1474
208456748	1474
208456843	1474
208456937	1474
208457032	1474
208457140	1474
208457236	1474
208457325	1474
208457424	1474
208457519	1474
208457616	1474
208457707	1474
208457804	1474
208457900	1474
208457996	1474
209255650	1474
209255780	1474
209255878	1474
209255971	1474
209256072	1474
209256168	1474
209256265	1474
209256363	1474
209256455	1474
209256549	1474
209256643	1474
209256740	1474
209256835	1474
209256928	1474
209257023	1474
209257126	1474
209257224	1474
210055217	1474
210055380	1474
210055478	1474
210056144	1474
210056244	1474
210056335	1474
210056426	1474
210056516	1474
210056608	1474
210056700	1474
210056794	1474
210056886	1474
210056981	1474
210057080	1474
210057173	1474
210057266	1474
210057359	1474
210057451	1474
210856201	1474
210856321	1474
210856414	1474
210856508	1474
210856596	1474
210856687	1474
210856780	1474
210856873	1474
210856962	1474
210857070	1474
210857162	1474
210857254	1474
210857346	1474
210857439	1474
210857532	1474
210857627	1474
210857722	1474
211654403	1474
211654664	1474
211654774	1474
211654887	1474
211654998	1474
211655305	1474
211655589	1474
211655845	1474
211655954	1474
211656071	1474
211656166	1474
211656262	1474
211656364	1474
211656460	1474
211656556	1474
211656652	1474
211656748	1474
212455701	1474
212455914	1474
212456018	1474
212456623	1474
212456815	1474
212456920	1474
212457019	1474
212457117	1474
212457211	1474
212457320	1474
212457427	1474
212457516	1474
212457612	1474
212457721	1474
212457817	1474
212457915	1474
212458013	1474
212458109	1474
213254931	1474
213255051	1474
213255189	1474
213255302	1474
213255404	1474
213255520	1474
213255629	1474
213255730	1474
213255854	1474
213255976	1474
213256083	1474
213256186	1474
213256302	1474
213256399	1474
213256499	1474
213256603	1474
214058116	1474
214058216	1474
214058446	1474
214058552	1474
214058831	1474
214058930	1474
214059038	1474
214059135	1474
214059232	1474
214059329	1474
214059445	1474
214059542	1474
214059638	1474
214059738	1474
214059847	1474
214059986	1474
214060086	1474
214060186	1474
215122887	1474
215123004	1474
215123104	1474
215123201	1474
215123298	1474
215123396	1474
215123494	1474
215123593	1474
215123791	1474
215123891	1474
215123998	1474
215124112	1474
215124213	1474
215124311	1474
215124430	1474
215124531	1474
215124628	1474
215124781	1474
215922385	1474
215922506	1474
215922605	1474
215922706	1474
215922812	1474
215922929	1474
215923024	1474
215923114	1474
215923218	1474
215923331	1474
215923430	1474
215923520	1474
215923642	1474
215923755	1474
215923856	1474
215923961	1474
215924059	1474
215924164	1474
216721279	1474
216721446	1474
216721556	1474
216721669	1474
216721817	1474
216721940	1474
216722042	1474
216722158	1474
216722257	1474
216722432	1474
216722536	1474
216722659	1474
216722757	1474
216722849	1474
216722970	1474
216723067	1474
216723182	1474
217521858	1474
217521965	1474
217522064	1474
217522166	1474
217522325	1474
217522447	1474
217522594	1474
217522693	1474
217522806	1474
217522916	1474
217523017	1474
217523113	1474
217523209	1474
217523303	1474
217523394	1474
217523505	1474
217523612	1474
217523705	1474
218054884	1474
218055082	1474
218055185	1474
218055717	1474
218055818	1474
218055904	1474
218055998	1474
218056097	1474
218056198	1474
218056298	1474
218056416	1474
218056541	1474
218056641	1474
218056750	1474
218056868	1474
218056980	1474
218855102	1474
218855217	1474
218855318	1474
218855457	1474
218855561	1474
218855651	1474
218855749	1474
218855848	1474
218855965	1474
218856063	1474
218856175	1474
218856288	1474
218856386	1474
218856513	1474
218856611	1474
218856718	1474
219654361	1474
219654476	1474
219654599	1474
219654718	1474
219654818	1474
219654918	1474
219655047	1474
219655249	1474
219655358	1474
219655463	1474
219655579	1474
219655701	1474
219655798	1474
219655916	1474
219656013	1474
219656111	1474
219656224	1474
220456865	1474
220456966	1474
220457064	1474
220457180	1474
220457281	1474
220457603	1474
220457703	1474
220457814	1474
220457911	1474
220458026	1474
220458126	1474
220458248	1474
220458526	1474
220458638	1474
220458737	1474
220458836	1474
220458941	1474
220459054	1474
221253971	1474
221254082	1474
221254224	1474
221254374	1474
221254672	1474
221254771	1474
221254861	1474
221254968	1474
221255065	1474
221255180	1474
221255313	1474
221255410	1474
221255500	1474
221255616	1474
221255711	1474
221255799	1474
221255899	1474
222055510	1474
222055611	1474
222055706	1474
222055806	1474
222055916	1474
222056116	1474
222056216	1474
222056345	1474
222056440	1474
222056552	1474
222056649	1474
222056742	1474
222056858	1474
222056959	1474
222057057	1474
222057177	1474
222057285	1474
222057399	1474
223120650	1474
223120807	1474
223120901	1474
223121003	1474
223121119	1474
223121226	1474
223121324	1474
223121424	1474
223121524	1474
223121634	1474
223121746	1474
223121841	1474
223121937	1474
223122026	1474
223122116	1474
223122230	1474
223122365	1474
223122471	1474
223657648	1474
223657755	1474
223657853	1474
223657959	1474
223658064	1474
223658380	1474
223658486	1474
223658584	1474
223658851	1474
223658954	1474
223659044	1474
223659158	1474
223659259	1474
223659428	1474
223659541	1474
223659657	1474
223659757	1474
224456374	1474
224456474	1474
224456615	1474
224456849	1474
224456958	1474
224457260	1474
224457359	1474
224457471	1474
224457566	1474
224457810	1474
224457910	1474
224458042	1474
224458143	1474
224458258	1474
224458385	1474
224458538	1474
224461815	1474
225254119	1474
225254212	1474
225254343	1474
225254467	1474
225254563	1474
225254763	1474
225254858	1474
225254950	1474
225255049	1474
225255143	1474
225255317	1474
225255411	1474
225255504	1474
225255596	1474
225255688	1474
225255779	1474
225257678	1474
226055501	1474
226055594	1474
226055686	1474
226055806	1474
226055903	1474
226056103	1474
226056200	1474
226056293	1474
226056385	1474
226056477	1474
226056570	1474
226056662	1474
226056754	1474
226056846	1474
226056938	1474
226057040	1474
226057133	1474
226855500	1474
226855638	1474
226855776	1474
226855951	1474
226856172	1474
226856334	1474
226856469	1474
226856606	1474
226856742	1474
226856878	1474
226857022	1474
226857162	1474
226857298	1474
226857437	1474
226857572	1474
226857709	1474
226857844	1474
226857994	1474
227919728	1474
227919881	1474
227920045	1474
227920189	1474
227920325	1474
227920459	1474
227920597	1474
227920732	1474
227920880	1474
227921016	1474
227921156	1474
227921290	1474
227921426	1474
227921560	1474
227921696	1474
227921840	1474
227921985	1474
227922120	1474
228720141	1474
228720253	1474
228720353	1474
228720463	1474
228720582	1474
228720676	1474
228720769	1474
228720893	1474
228721014	1474
228721111	1474
228721224	1474
228721336	1474
228721451	1474
228721550	1474
228721661	1474
228721764	1474
228721877	1474
228721989	1474
229257240	1474
229257381	1474
229257524	1474
229257691	1474
229257914	1474
229258122	1474
229258264	1474
229258451	1474
229258608	1474
229258745	1474
229258892	1474
229259034	1474
229259170	1474
229259307	1474
229259446	1474
229259583	1474
229262491	1474
230319136	1474
230319263	1474
230319473	1474
230319574	1474
230319683	1474
230319964	1474
230320063	1474
230320171	1474
230320304	1474
230320405	1474
230320497	1474
230320628	1474
230320735	1474
230320826	1474
230320948	1474
230321046	1474
230321151	1474
230853478	1474
230853578	1474
230853703	1474
230853801	1474
230853899	1474
230853996	1474
230854094	1474
230854191	1474
230854505	1474
230854623	1474
230854732	1474
230854831	1474
230854948	1474
230855047	1474
231654396	1474
231654795	1474
231654912	1474
231655013	1474
231655263	1474
231655391	1474
231655508	1474
231655992	1474
231656098	1474
231656209	1474
231656327	1474
231656424	1474
231656520	1474
231656615	1474
231656727	1474
231656824	1474
231656920	1474
232453883	1474
232453979	1474
232454074	1474
232454171	1474
232454310	1474
232454509	1474
232454624	1474
232454724	1474
232454819	1474
232454915	1474
232455010	1474
232455106	1474
232455201	1474
232455298	1474
232455393	1474
232455489	1474
232455593	1474
233255445	1474
233255601	1474
233255749	1474
233255930	1474
233256127	1474
233256340	1474
233256482	1474
233256636	1474
233256773	1474
233256912	1474
233257049	1474
233257187	1474
233257324	1474
233257461	1474
233257606	1474
233257770	1474
233257910	1474
233258052	1474
234057843	1474
234057990	1474
234058191	1474
234058422	1474
234058642	1474
234058784	1474
234058926	1474
234059068	1474
234059209	1474
234059350	1474
234059496	1474
234059634	1474
234059771	1474
234059907	1474
234060045	1474
234060181	1474
234060320	1474
234060471	1474
234854088	1474
234854179	1474
234854312	1474
234854418	1474
234854555	1474
234854640	1474
234854725	1474
234854831	1474
234854919	1474
234855023	1474
234855137	1474
234855227	1474
234855319	1474
234855423	1474
234855511	1474
234855609	1474
234855697	1474
234855802	1474
235653788	1474
235653891	1474
235654003	1474
235654171	1474
235654437	1474
235654725	1474
235654825	1474
235654942	1474
235655170	1474
235655274	1474
235655391	1474
235655482	1474
235655590	1474
235655706	1474
235655821	1474
235655919	1474
235656037	1474
235656148	1474
236455985	1474
236456101	1474
236456200	1474
236456312	1474
236456467	1474
236456577	1474
236456698	1474
236456811	1474
236456909	1474
236457020	1474
236457134	1474
236457247	1474
236457346	1474
236457443	1474
236457562	1474
236457676	1474
236457777	1474
236457876	1474
237519567	1474
237519668	1474
237519759	1474
237519869	1474
237519964	1474
237520074	1474
237520171	1474
237520263	1474
237520366	1474
237520478	1474
237520584	1474
237520683	1474
237520793	1474
237520891	1474
237520989	1474
237521087	1474
237521187	1474
237521296	1474
238319272	1474
238319439	1474
238319536	1474
238319629	1474
238319724	1474
238319910	1474
238320008	1474
238320099	1474
238320194	1474
238320288	1474
238320386	1474
238320495	1474
238320592	1474
238320686	1474
238320777	1474
238320870	1474
238320964	1474
238852900	1474
238853009	1474
238853106	1474
238853201	1474
238853409	1474
238853507	1474
238853597	1474
238853692	1474
238853787	1474
238853882	1474
238853976	1474
238854070	1474
238854165	1474
238854311	1474
238854419	1474
238854516	1474
239652743	1474
239652841	1474
239652938	1474
239653032	1474
239653126	1474
239653221	1474
239653421	1474
239653518	1474
239653614	1474
239653707	1474
239653803	1474
239653896	1474
239653989	1474
239654081	1474
239654174	1474
239654341	1474
239654443	1474
240452320	1474
240452611	1474
240452716	1474
240452814	1474
240453029	1474
240453136	1474
240453240	1474
240453336	1474
240453431	1474
240453526	1474
240453622	1474
240453719	1474
240453815	1474
240453910	1474
240454007	1474
240454112	1474
240454237	1474
240454393	1474
241252459	1474
241252573	1474
241252667	1474
241252764	1474
241252860	1474
241252956	1474
241253056	1474
241253157	1474
241253252	1474
241253346	1474
241253440	1474
241253538	1474
241253633	1474
241253727	1474
241253821	1474
241253916	1474
241254012	1474
241254118	1474
242318830	1474
242318942	1474
242319045	1474
242319144	1474
242319240	1474
242319337	1474
242319432	1474
242319528	1474
242319629	1474
242319725	1474
242319817	1474
242319912	1474
242320015	1474
242320108	1474
242320202	1474
242320305	1474
242320416	1474
242320506	1474
243118132	1474
243118355	1474
243118469	1474
243118580	1474
243118677	1474
243118786	1474
243118999	1474
243119107	1474
243119203	1474
243119309	1474
243119421	1474
243119537	1474
243119638	1474
243119736	1474
243119835	1474
243119940	1474
243120028	1474
243120114	1474
243918267	1474
243918382	1474
243918473	1474
243918588	1474
243918696	1474
243919023	1474
243919123	1474
243919234	1474
243919355	1474
243919452	1474
243919554	1474
243919667	1474
243919763	1474
243919873	1474
243919971	1474
243920085	1474
243920202	1474
244452149	1474
244452244	1474
244452331	1474
244452423	1474
244452525	1474
244452837	1474
244452935	1474
244453035	1474
244453133	1474
244453321	1474
244453432	1474
244453523	1474
244453617	1474
244453716	1474
244453840	1474
244453953	1474
244456287	1474
245518004	1474
245518203	1474
245518354	1474
245518474	1474
245518573	1474
245518859	1474
245518960	1474
245519149	1474
245519260	1474
245519362	1474
245519451	1474
245519568	1474
245519663	1474
245519782	1474
245519894	1474
245519985	1474
245520078	1474
246318543	1474
246318648	1474
246318754	1474
246318850	1474
246318945	1474
246319055	1474
246319164	1474
246319260	1474
246319356	1474
246319469	1474
246319587	1474
246319701	1474
246319809	1474
246319895	1474
246319990	1474
246320099	1474
246320193	1474
247118002	1474
247118117	1474
247118254	1474
247118420	1474
247118607	1474
247118785	1474
247118928	1474
247119025	1474
247119113	1474
247119229	1474
247119326	1474
247119440	1474
247119557	1474
247119654	1474
247119792	1474
247119922	1474
247120020	1474
247120138	1474
247917945	1474
247918048	1474
247918142	1474
247918234	1474
247918364	1474
247918457	1474
247918554	1474
247918794	1474
247918893	1474
247918983	1474
247919076	1474
247919171	1474
247919265	1474
247919357	1474
247919449	1474
247919541	1474
247919641	1474
247919735	1474
248718125	1474
248718279	1474
248718468	1474
248718617	1474
248718753	1474
248718889	1474
248719023	1474
248719157	1474
248719301	1474
248719453	1474
248719597	1474
248719732	1474
248719867	1474
248720001	1474
248720136	1474
248720271	1474
248720405	1474
248720548	1474
249518129	1474
249518349	1474
249518484	1474
249518608	1474
249518727	1474
249518847	1474
249518966	1474
249519085	1474
249519204	1474
249519322	1474
249519439	1474
249519567	1474
249519685	1474
249519804	1474
249519924	1474
249520043	1474
249520161	1474
249520279	1474
250317904	1474
250318134	1474
250318474	1474
250318769	1474
250318988	1474
250319313	1474
250319494	1474
250319750	1474
250319888	1474
250320027	1474
250320165	1474
250320308	1474
250320446	1474
250320595	1474
250320733	1474
250320875	1474
250324067	1474
251119300	1474
251119424	1474
251119526	1474
251119623	1474
251119738	1474
251119835	1474
251119943	1474
251120052	1474
251120148	1474
251120240	1474
251120337	1474
251120456	1474
251120591	1474
251120747	1474
251120846	1474
251120972	1474
251121078	1474
251917546	1474
251917890	1474
251918449	1474
251918755	1474
251919039	1474
251919179	1474
251919317	1474
251919468	1474
251919611	1474
251919751	1474
251919891	1474
251920029	1474
251920165	1474
251920305	1474
251920474	1474
251920617	1474
251920757	1474
251920898	1474
252717420	1474
252717570	1474
252717686	1474
252718462	1474
252718575	1474
252718778	1474
252718892	1474
252718991	1474
252719103	1474
252719215	1474
252719328	1474
252719427	1474
252719541	1474
252719657	1474
252719755	1474
252719869	1474
252719980	1474
252720099	1474
253517287	1474
253517494	1474
253517589	1474
253517695	1474
253517814	1474
253518061	1474
253518162	1474
253518275	1474
253518372	1474
253518690	1474
253518789	1474
253518910	1474
253519027	1474
253519125	1474
253519239	1474
253519375	1474
253519486	1474
253519598	1474
254317157	1474
254318503	1474
254318713	1474
254318871	1474
254318973	1474
254319271	1474
254319389	1474
254319481	1474
254319594	1474
254319692	1474
254319789	1474
254319900	1474
254320011	1474
254320125	1474
254320225	1474
254320323	1474
254320432	1474
254320557	1474
255116992	1474
255117194	1474
255117839	1474
255118141	1474
255118353	1474
255118454	1474
255118561	1474
255118671	1474
255118783	1474
255118884	1474
255118983	1474
255119080	1474
255119180	1474
255119276	1474
255119384	1474
255119482	1474
255119580	1474
255916903	1474
255917005	1474
255917101	1474
255917195	1474
255917310	1474
255917408	1474
255917582	1474
255917695	1474
255918181	1474
255918354	1474
255918452	1474
255918664	1474
255918773	1474
255918881	1474
255918990	1474
255919088	1474
255919182	1474
255919299	1474
256716661	1474
256716814	1474
256717612	1474
256717761	1474
256717861	1474
256717960	1474
256718166	1474
256718353	1474
256718497	1474
256718597	1474
256718696	1474
256718784	1474
256718879	1474
256718985	1474
256719092	1474
256719215	1474
256719315	1474
257516557	1474
257516712	1474
257516806	1474
257516898	1474
257516991	1474
257517085	1474
257517186	1474
257517281	1474
257517372	1474
257517465	1474
257517557	1474
257517648	1474
257517738	1474
257517829	1474
257517920	1474
257518011	1474
258316525	1474
258316718	1474
258316809	1474
258317038	1474
258317156	1474
258317433	1474
258317530	1474
258317618	1474
258317709	1474
258317801	1474
258317893	1474
258317985	1474
258318077	1474
258318179	1474
258318271	1474
258318447	1474
258318544	1474
258318640	1474
259117786	1474
259117882	1474
259117974	1474
259118078	1474
259118346	1474
259118443	1474
259118537	1474
259118629	1474
259118722	1474
259118815	1474
259118907	1474
259118999	1474
259119101	1474
259119193	1474
259119285	1474
259119376	1474
259119468	1474
259918160	1474
259918300	1474
259918396	1474
259918489	1474
259918686	1474
259918783	1474
259918885	1474
259918982	1474
259919074	1474
259919166	1474
259919258	1474
259919350	1474
259919442	1474
259919533	1474
259919624	1474
259919716	1474
259919808	1474
259919910	1474
260719181	1474
260719276	1474
260719367	1474
260719456	1474
260719549	1474
260719746	1474
260719842	1474
260719939	1474
260720033	1474
260720123	1474
260720215	1474
260720306	1474
260720398	1474
260720489	1474
260720580	1474
260720671	1474
260720763	1474
261516156	1474
261516258	1474
261516351	1474
261516559	1474
261516662	1474
261516749	1474
261516852	1474
261516947	1474
261517038	1474
261517129	1474
261517221	1474
261517312	1474
261517402	1474
261517493	1474
261517585	1474
261517674	1474
262315715	1474
262315822	1474
262315916	1474
262316008	1474
262316100	1474
262316192	1474
262316283	1474
262316374	1474
262316466	1474
262316558	1474
262316650	1474
262316744	1474
262316843	1474
262316936	1474
262317029	1474
262317122	1474
262317215	1474
262317308	1474
263116257	1474
263116359	1474
263116452	1474
263116543	1474
263116634	1474
263116726	1474
263116910	1474
263117001	1474
263117093	1474
263117185	1474
263117276	1474
263117368	1474
263117459	1474
263117550	1474
263117641	1474
263117811	1474
263117908	1474
263118000	1474
263920711	1474
263920807	1474
263920898	1474
263920991	1474
263921150	1474
263921248	1474
263921482	1474
263921608	1474
263921711	1474
263921897	1474
263922004	1474
263922096	1474
263922188	1474
263922337	1474
263922431	1474
263922523	1474
263922618	1474
264721209	1474
264721301	1474
264721394	1474
264721489	1474
264721583	1474
264721784	1474
264721879	1474
264721973	1474
264722067	1474
264722158	1474
264722250	1474
264722423	1474
264722522	1474
264722616	1474
264722724	1474
264722816	1474
264722909	1474
265518440	1474
265518537	1474
265518637	1474
265518729	1474
265518821	1474
265518913	1474
265519005	1474
265519097	1474
265519189	1474
265519280	1474
265519372	1474
265519464	1474
265519556	1474
265519659	1474
265519750	1474
265519842	1474
265519934	1474
265520025	1474
266319550	1474
266319646	1474
266319739	1474
266319864	1474
266319960	1474
266320156	1474
266320251	1474
266320343	1474
266320436	1474
266320527	1474
266320711	1474
266320802	1474
266320893	1474
266320985	1474
266321077	1474
266321168	1474
266321260	1474
266321352	1474
267382598	1474
267382695	1474
267382784	1474
267382875	1474
267382966	1474
267383057	1474
267383149	1474
267383240	1474
267383331	1474
267383422	1474
267383522	1474
267383614	1474
267383704	1474
267383796	1474
267383887	1474
267383979	1474
267384069	1474
267384162	1474
268182285	1474
268182672	1474
268182790	1474
268182991	1474
268183087	1474
268183172	1474
268183261	1474
268183349	1474
268183449	1474
268183541	1474
268183633	1474
268183723	1474
268183813	1474
268183902	1474
268183991	1474
268184081	1474
268184172	1474
268184263	1474
268982377	1474
268982547	1474
268982640	1474
268982732	1474
268982821	1474
268983009	1474
268983104	1474
268983196	1474
268983285	1474
268983385	1474
268983479	1474
268983568	1474
268983659	1474
268983749	1474
268983839	1474
268983926	1474
268984017	1474
269515158	1474
269515259	1474
269515361	1474
269515459	1474
269515548	1474
269515639	1474
269515729	1474
269515815	1474
269515908	1474
269516103	1474
269516204	1474
269516297	1474
269516508	1474
269516612	1474
269516702	1474
269516792	1474
270315126	1474
270315277	1474
270315486	1474
270315578	1474
270315790	1474
270315935	1474
270316032	1474
270316125	1474
270316269	1474
270316375	1474
270316465	1474
270316558	1474
270316651	1474
270316744	1474
270316835	1474
270316928	1474
270317019	1474
271115264	1474
271115466	1474
271115569	1474
271115664	1474
271115877	1474
271116023	1474
271116121	1474
271116215	1474
271116373	1474
271116467	1474
271116562	1474
271116655	1474
271116747	1474
271116839	1474
271116931	1474
271117024	1474
271117116	1474
271914700	1474
271914808	1474
271914902	1474
271914994	1474
271915087	1474
271915178	1474
271915399	1474
271915503	1474
271915600	1474
271915801	1474
271915897	1474
271915992	1474
271916083	1474
271916176	1474
271916280	1474
271916375	1474
271916468	1474
271916561	1474
272981901	1474
272981997	1474
272982090	1474
272982190	1474
272982387	1474
272982484	1474
272982581	1474
272982675	1474
272982769	1474
272982863	1474
272982956	1474
272983049	1474
272983152	1474
272983247	1474
272983341	1474
272983436	1474
272983531	1474
272983624	1474
273515506	1474
273515605	1474
273515716	1474
273515813	1474
273515929	1474
273516029	1474
273516136	1474
273516233	1474
273516357	1474
273516456	1474
273516570	1474
273516683	1474
273516792	1474
273516889	1474
273516986	1474
273517082	1474
273517193	1474
274582096	1474
274582240	1474
274582532	1474
274582735	1474
274583029	1474
274583171	1474
274583313	1474
274583451	1474
274583593	1474
274583730	1474
274583873	1474
274584021	1474
274584164	1474
274584396	1474
274584534	1474
274584673	1474
274584814	1474
274584953	1474
275382042	1474
275382155	1474
275382303	1474
275382459	1474
275382580	1474
275382679	1474
275382872	1474
275382979	1474
275383080	1474
275383177	1474
275383270	1474
275383362	1474
275383455	1474
275383548	1474
275383641	1474
275383735	1474
275383828	1474
275916627	1474
275916721	1474
275916814	1474
275916908	1474
275917022	1474
275917227	1474
275917324	1474
275917418	1474
275917512	1474
275917607	1474
275917701	1474
275917794	1474
275917889	1474
275917991	1474
275918085	1474
275918178	1474
276715577	1474
276715781	1474
276715891	1474
276716003	1474
276716292	1474
276716394	1474
276716485	1474
276716590	1474
276716687	1474
276716786	1474
276716896	1474
276716991	1474
276717089	1474
276717186	1474
276717303	1474
276717399	1474
276717508	1474
277515286	1474
277515557	1474
277515720	1474
277515946	1474
277516047	1474
277516165	1474
277516268	1474
277516390	1474
277516504	1474
277516602	1474
277516702	1474
277516820	1474
277516921	1474
277517035	1474
277517134	1474
277517229	1474
277517325	1474
277517427	1474
278581579	1474
278581826	1474
278581929	1474
278582040	1474
278582157	1474
278582455	1474
278582554	1474
278582661	1474
278582791	1474
278582893	1474
278583004	1474
278583098	1474
278583196	1474
278583292	1474
278583407	1474
278583507	1474
278583606	1474
278583819	1474
279382873	1474
279383014	1474
279383154	1474
279383331	1474
279383529	1474
279383779	1474
279383924	1474
279384065	1474
279384202	1474
279384343	1474
279384480	1474
279384622	1474
279384774	1474
279384916	1474
279385077	1474
279385219	1474
279385357	1474
279385501	1474
280180908	1474
280181055	1474
280181197	1474
280181339	1474
280181477	1474
280181630	1474
280181791	1474
280181972	1474
280182174	1474
280182324	1474
280182537	1474
280182761	1474
280182907	1474
280183070	1474
280183221	1474
280183374	1474
280183514	1474
280980961	1474
280981075	1474
280981171	1474
280981265	1474
280981376	1474
280981470	1474
280981594	1474
280981705	1474
280981819	1474
280981916	1474
280982011	1474
280982123	1474
280982244	1474
280982373	1474
280982474	1474
280982578	1474
280982675	1474
280982772	1474
281781952	1474
281782050	1474
281782148	1474
281782244	1474
281782424	1474
281782531	1474
281782648	1474
281782858	1474
281782957	1474
281783056	1474
281783167	1474
281783263	1474
281783375	1474
281783471	1474
281783599	1474
281783717	1474
281783832	1474
281783927	1474
282580359	1474
282580467	1474
282580624	1474
282580734	1474
282580846	1474
282581054	1474
282581155	1474
282581253	1474
282581348	1474
282581446	1474
282581548	1474
282581669	1474
282581775	1474
282581871	1474
282581967	1474
282582079	1474
282582175	1474
283381102	1474
283381206	1474
283381302	1474
283381409	1474
283381505	1474
283381623	1474
283381881	1474
283382055	1474
283382175	1474
283382366	1474
283382632	1474
283382732	1474
283382842	1474
283382961	1474
283383087	1474
283383185	1474
283383301	1474
283915876	1474
283915997	1474
283916093	1474
283916184	1474
283916282	1474
283916528	1474
283916625	1474
283916720	1474
283916837	1474
283916932	1474
283917028	1474
283917142	1474
283917238	1474
283917350	1474
283917457	1474
283917555	1474
284715764	1474
284715861	1474
284715976	1474
284716072	1474
284716194	1474
284716498	1474
284716597	1474
284716706	1474
284716803	1474
284716899	1474
284716997	1474
284717116	1474
284717212	1474
284717309	1474
284717412	1474
285516073	1474
285516168	1474
285516309	1474
285516411	1474
285516524	1474
285516768	1474
285516868	1474
285516988	1474
285517102	1474
285517291	1474
285517392	1474
285517507	1474
285517608	1474
285517709	1474
285517828	1474
285517927	1474
285520207	1474
286319684	1474
286319781	1474
286319895	1474
286319992	1474
286320105	1474
286320411	1474
286320510	1474
286320604	1474
286320695	1474
286320790	1474
286320892	1474
286320990	1474
286321103	1474
286321202	1474
286321340	1474
286321609	1474
286321709	1474
287128063	1474
287128254	1474
287128519	1474
287128760	1474
287129865	1474
287130001	1474
287131030	1474
287131287	1474
287131517	1474
287131679	1474
287131941	1474
287132165	1474
287132469	1474
287132690	1474
287132898	1474
287133019	1474
287133299	1474
287133431	1474
287913670	1474
287913942	1474
287914567	1474
287914781	1474
287914943	1474
287915092	1474
287915236	1474
287915376	1474
287915510	1474
287915645	1474
287915781	1474
287915916	1474
287916050	1474
287916186	1474
287916328	1474
287916463	1474
287916598	1474
287916734	1474
288712956	1474
288713090	1474
288713403	1474
288713711	1474
288713818	1474
288713932	1474
288714036	1474
288714148	1474
288714385	1474
288714589	1474
288714701	1474
288714801	1474
288714899	1474
288714997	1474
288715106	1474
288715205	1474
288715303	1474
288715401	1474
289513610	1474
289513877	1474
289514041	1474
289514229	1474
289514441	1474
289514869	1474
289515178	1474
289515361	1474
289515497	1474
289515631	1474
289515766	1474
289515899	1474
289516035	1474
289516177	1474
289516313	1474
289516447	1474
289516581	1474
290312816	1474
290313023	1474
290313272	1474
290313368	1474
290313461	1474
290313553	1474
290313646	1474
290313738	1474
290313830	1474
290313922	1474
290314014	1474
290314115	1474
290314231	1474
290314366	1474
290314461	1474
290314555	1474
290314645	1474
290314738	1474
291113836	1474
291113944	1474
291114046	1474
291114139	1474
291114303	1474
291114410	1474
291114606	1474
291114712	1474
291114801	1474
291114893	1474
291114987	1474
291115095	1474
291115187	1474
291115278	1474
291115369	1474
291115462	1474
291913513	1474
291913670	1474
291913761	1474
291913855	1474
291913944	1474
291914047	1474
291914138	1474
291914255	1474
291914426	1474
291914613	1474
291914713	1474
291914807	1474
291914897	1474
291914998	1474
291915089	1474
291915177	1474
291915270	1474
291915364	1474
292713185	1474
292713418	1474
292713553	1474
292713648	1474
292713842	1474
292713945	1474
292714040	1474
292714132	1474
292714223	1474
292714351	1474
292714476	1474
292714572	1474
292714668	1474
292714769	1474
292714862	1474
292714962	1474
292715050	1474
292715141	1474
293780105	1474
293780214	1474
293780307	1474
293780400	1474
293780491	1474
293780584	1474
293780677	1474
293780772	1474
293780971	1474
293781064	1474
293781154	1474
293781246	1474
293781338	1474
293781428	1474
293781519	1474
293781610	1474
293781702	1474
293781792	1474
294579244	1474
294579388	1474
294579481	1474
294579574	1474
294579666	1474
294579893	1474
294579988	1474
294580080	1474
294580173	1474
294580264	1474
294580354	1474
294580443	1474
294580533	1474
294580624	1474
294580715	1474
294580815	1474
294580904	1474
294580995	1474
295379798	1474
295379894	1474
295379986	1474
295380074	1474
295380169	1474
295380261	1474
295380467	1474
295380563	1474
295380647	1474
295380749	1474
295380846	1474
295380937	1474
295381028	1474
295381121	1474
295381211	1474
295381302	1474
295381392	1474
295381482	1474
296179386	1474
296179493	1474
296179587	1474
296179679	1474
296179781	1474
296179877	1474
296180070	1474
296180164	1474
296180257	1474
296180348	1474
296180434	1474
296180523	1474
296180615	1474
296180715	1474
296180808	1474
296180898	1474
296180988	1474
296181079	1474
296979327	1474
296979440	1474
296979532	1474
296979624	1474
296979728	1474
296979819	1474
296979908	1474
296979999	1474
296980088	1474
296980178	1474
296980267	1474
296980357	1474
296980446	1474
296980537	1474
296980627	1474
296980730	1474
296980821	1474
296980912	1474
297780899	1474
297781035	1474
297781169	1474
297781302	1474
297781438	1474
297781581	1474
297781741	1474
297781877	1474
297782012	1474
297782145	1474
297782278	1474
297782463	1474
297782616	1474
297782773	1474
297782932	1474
297783113	1474
297783252	1474
298580763	1474
298580919	1474
298581055	1474
298581189	1474
298581323	1474
298581460	1474
298581630	1474
298581767	1474
298581990	1474
298582145	1474
298582414	1474
298582829	1474
298583120	1474
298583260	1474
298583393	1474
298583542	1474
298583682	1474
298583816	1474
299380960	1474
299381053	1474
299381141	1474
299381229	1474
299381408	1474
299381505	1474
299381720	1474
299381811	1474
299381920	1474
299382022	1474
299382111	1474
299382200	1474
299382314	1474
299382585	1474
299382694	1474
299382783	1474
299382884	1474
299382972	1474
300178501	1474
300178619	1474
300178885	1474
300178986	1474
300179097	1474
300179202	1474
300179774	1474
300179886	1474
300179999	1474
300180239	1474
300180341	1474
300180465	1474
300180578	1474
300180678	1474
300180776	1474
300180878	1474
300180978	1474
300984352	1474
300984454	1474
300984556	1474
300984659	1474
300984769	1474
300985000	1474
300985104	1474
300985217	1474
300985330	1474
300985505	1474
300985608	1474
300985823	1474
300985925	1474
300986571	1474
300986747	1474
300986850	1474
300986949	1474
301779010	1474
301779126	1474
301779216	1474
301779348	1474
301779467	1474
301779554	1474
301779653	1474
301779742	1474
301779839	1474
301779943	1474
301780074	1474
301780174	1474
301780291	1474
301780418	1474
301780517	1474
301780619	1474
302579898	1474
302580077	1474
302580168	1474
302580269	1474
302580356	1474
302580444	1474
302580553	1474
302580642	1474
302580733	1474
302580842	1474
302580931	1474
302581039	1474
302581133	1474
302581234	1474
302581355	1474
302581446	1474
302581551	1474
303378465	1474
303378618	1474
303378706	1474
303378815	1474
303378905	1474
303378996	1474
303379074	1474
303379183	1474
303379408	1474
303379502	1474
303379581	1474
303379669	1474
303379769	1474
303379860	1474
303379949	1474
303380064	1474
303380179	1474
304178803	1474
304178976	1474
304179068	1474
304179176	1474
304179280	1474
304179368	1474
304179468	1474
304179553	1474
304179640	1474
304179723	1474
304179816	1474
304179920	1474
304180010	1474
304180111	1474
304180328	1474
304180420	1474
304180509	1474
304180599	1474
304978270	1474
304978590	1474
304978765	1474
304978972	1474
304979181	1474
304979381	1474
304979520	1474
304979655	1474
304979790	1474
304979928	1474
304980062	1474
304980212	1474
304980346	1474
304980481	1474
304980616	1474
304980750	1474
304980884	1474
304981018	1474
