6919591	58
6920917	54
7158565	1474
7158890	1474
7162179	1474
7162289	1474
7162449	1474
7164129	1474
7164322	1474
7164431	1474
7164541	1474
7164639	1474
7165191	334
7335386	1474
7335510	1474
7335606	1474
7335731	1474
7335821	1474
7335919	194
7336284	1474
7336904	1474
7337104	1474
7337757	1474
7337968	1474
7338556	1474
7338688	1474
7338991	1474
7339207	1474
7339561	1474
7339661	1474
7340020	1474
7340214	1474
7340312	1474
7340413	1474
7340521	474
7519921	1474
7520319	1474
7520544	1474
7521210	1474
7521454	1474
7521707	1474
7522230	1474
7522632	1474
7522827	1474
7523327	1474
7523437	1474
7523726	1474
7524179	1474
7524377	1474
7524709	446
7524889	1474
7525286	1474
7525640	1474
7526082	1474
7526185	1474
7526648	1474
7526752	1474
7542897	1474
7543102	1474
7543577	1474
7543776	1474
7544210	1474
7544619	390
7544824	1474
7545062	1474
7545262	1474
7545360	1474
7545461	1474
7545573	1474
7545797	1474
7545907	1474
7546189	1474
7546413	1474
7547854	1474
7548057	1474
7548220	1474
7548319	1474
7548638	446
7702903	1474
7704597	1474
7704804	1474
7705129	1474
7705421	166
7705622	1474
7705721	1474
7705818	110
7705915	1474
7706015	1474
7706124	110
7706221	1474
7706387	1474
7706496	1474
7706604	1474
7706701	166
7706796	1474
7706895	82
7707119	1474
7707218	1474
7707315	110
7707415	1474
7707672	1474
7707771	110
7709251	1474
7709534	1474
7709688	1474
7709884	138
7710033	1474
7710229	1474
7710373	1474
7710595	1474
7710693	1474
7710789	1474
7710884	1474
7710981	250
7712563	1474
7712661	1474
7712755	1474
7712849	1474
7712942	1474
7713035	1474
7713129	1474
7713223	1474
7713315	1474
7713410	1474
7713539	1474
7713782	1474
7713884	1474
7714121	1474
7714248	1474
7714560	1474
7714664	1474
7714778	530
7878987	1474
7879637	1474
7879736	1474
7879828	1474
7879934	1474
7880028	1474
7880169	1474
7880269	250
7880629	1474
7880782	1474
7881110	1474
7881208	138
7881321	1474
7881415	82
7881522	1474
7881634	1474
7881727	1474
7881837	1474
7881935	166
7882033	1474
7882129	1474
7882225	110
8064175	1474
8064295	1474
8064386	1474
8064492	1474
8064588	1474
8064707	1474
8064803	1474
8065126	1474
8065224	1474
8065310	1474
8065407	1474
8065508	1474
8065604	1474
8065714	1474
8065831	1474
8065927	1474
8066023	1474
8066118	1474
8066251	1474
8066394	1474
8066501	1474
8066630	1474
8066725	1474
8066821	1474
8066924	1474
8067021	1474
8067115	1474
8067211	1474
8067307	1474
8067401	1474
8067499	1474
8067613	1474
8067751	1474
8067862	978
8106867	1474
8106978	1474
8107739	1474
8108017	1474
8108117	1474
8108659	1474
8108773	1474
8108867	1474
8108964	1474
8109058	1474
8109192	1474
8109288	1474
8109393	1474
8109508	1474
8109603	1474
8109698	1474
8109798	1474
8109893	1474
8110004	1474
8110099	1474
8110221	1474
8110361	1474
8110538	1474
8110635	1474
8110731	1474
8110832	1474
8148922	1474
8149038	1474
8149157	1474
8149322	1474
8149418	1474
8149527	1474
8149622	1474
8149721	1474
8149814	1474
8717404	1474
8717518	1474
8717636	1474
8717726	1474
8717846	1474
8718067	1474
8718164	1474
8718267	1474
8718438	1474
8719024	1474
8719272	1474
8719370	1474
8719464	1474
8719578	1474
8719673	1474
9517437	1474
9517533	1474
9517628	1474
9517744	1474
9518008	1474
9518106	1474
9518228	1474
9518377	1474
9518462	1474
9518558	1474
9518658	1474
9518754	1474
9518848	1474
9518943	1474
9519043	1474
9519291	1474
9519405	1474
10316515	1474
10316634	1474
10316725	1474
10316825	1474
10316924	1474
10317019	1474
10317132	1474
10317238	1474
10317357	1474
10317454	1474
10317570	1474
10317667	1474
10317781	1474
10317875	1474
10317974	1474
10318084	1474
10318182	1474
10860456	1474
10860556	1474
10860654	1474
10860751	1474
10860845	1474
10860941	1474
10861037	1474
10861132	1474
10861229	1474
10861401	1474
10861497	1474
10861592	1474
10861687	1474
10861782	1474
10861876	1474
10861970	1474
11650070	1474
11650209	1474
11650370	1474
11650478	1474
11650593	1474
11650746	1474
11651010	1474
11651157	1474
11651514	1474
11651615	1474
11651707	1474
11651803	1474
11651916	1474
11652015	1474
11652159	1474
11652262	1474
12449830	1474
12449933	1474
12450027	1474
12450128	1474
12450240	1474
12450382	1474
12450483	1474
12450571	1474
12450674	1474
12450772	1474
12450861	1474
12450948	1474
12451034	1474
12451133	1474
12451222	1474
12451310	1474
12451396	1474
12983734	1474
12983954	1474
12984156	1474
12984305	1474
12984440	1474
12984574	1474
12984710	1474
12984845	1474
12984978	1474
12985122	1474
12985262	1474
12985399	1474
12985533	1474
12985667	1474
13784468	1474
13784566	1474
13784671	1474
13784807	1474
13784910	1474
13785154	1474
13785252	1474
13785354	1474
13785597	1474
13785697	1474
13785817	1474
13785914	1474
13786011	1474
13786119	1474
13786215	1474
13786347	1474
13788125	1474
14582477	1474
14582680	1474
14582779	1474
14582890	1474
14583085	1474
14583218	1474
14583314	1474
14583431	1474
14583526	1474
14583637	1474
14583757	1474
14583852	1474
14583959	1474
14584075	1474
14584180	1474
14584274	1474
15382466	1474
15382742	1474
15382978	1474
15383134	1474
15384125	1474
15384233	1474
15384347	1474
15384444	1474
15384540	1474
15384635	1474
15384732	1474
15384827	1474
15384925	1474
15385022	1474
15385127	1474
15385281	1474
15385380	1474
15385491	1474
16186599	1474
16187312	1474
16187566	1474
16187668	1474
16187766	1474
16187862	1474
16187960	1474
16188065	1474
16188161	1474
16188257	1474
16188354	1474
16188450	1474
16188547	1474
16188642	1474
16188736	1474
16188832	1474
16188938	1474
16984038	1474
16984150	1474
16984259	1474
16984354	1474
16984521	1474
16984761	1474
16984860	1474
16984959	1474
16985060	1474
16985158	1474
16985254	1474
16985368	1474
16985461	1474
16985562	1474
16985656	1474
16985751	1474
16985847	1474
16985992	1474
17786671	1474
17786780	1474
17786868	1474
17786968	1474
17787058	1474
17787273	1474
17787367	1474
17787454	1474
17787544	1474
17787631	1474
17787721	1474
17787813	1474
17787916	1474
17788011	1474
17788101	1474
17788192	1474
17788281	1474
17788372	1474
18583611	1474
18583751	1474
18583972	1474
18584115	1474
18584309	1474
18584464	1474
18584600	1474
18584734	1474
18584879	1474
18585018	1474
18585152	1474
18585291	1474
18585424	1474
18585560	1474
18585696	1474
18585841	1474
18586010	1474
18586200	1474
19383693	1474
19383788	1474
19383899	1474
19384009	1474
19384259	1474
19384357	1474
19384472	1474
19384568	1474
19384678	1474
19384777	1474
19384885	1474
19384983	1474
19385093	1474
19385190	1474
19385285	1474
19385402	1474
19385497	1474
20183727	1474
20183907	1474
20184006	1474
20184102	1474
20184209	1474
20184303	1474
20184418	1474
20184527	1474
20184625	1474
20184715	1474
20184923	1474
20185017	1474
20185113	1474
20185207	1474
20185312	1474
20185423	1474
20185535	1474
20983286	1474
20983397	1474
20983493	1474
20983606	1474
20983729	1474
20983828	1474
20983934	1474
20984029	1474
20984146	1474
20984253	1474
20984350	1474
20984459	1474
20984569	1474
20984728	1474
20984843	1474
20984938	1474
20985025	1474
21782783	1474
21782985	1474
21783086	1474
21783199	1474
21783299	1474
21783395	1474
21783513	1474
21783663	1474
21783782	1474
21783880	1474
21783989	1474
21784105	1474
21784198	1474
21784295	1474
21784384	1474
21784481	1474
21784589	1474
21784690	1474
22583099	1474
22583207	1474
22583307	1474
22583428	1474
22583546	1474
22583750	1474
22583869	1474
22583984	1474
22584080	1474
22584168	1474
22584262	1474
22584357	1474
22584461	1474
22584574	1474
22584675	1474
22584772	1474
23383430	1474
23383539	1474
23383635	1474
23383723	1474
23383821	1474
23383935	1474
23384039	1474
23384135	1474
23384247	1474
23384357	1474
23384453	1474
23384619	1474
23384717	1474
23384829	1474
23384924	1474
23385014	1474
23385107	1474
23385202	1474
24181396	1474
24181512	1474
24181606	1474
24181701	1474
24181795	1474
24181890	1474
24181985	1474
24182080	1474
24182173	1474
24182363	1474
24182460	1474
24182568	1474
24182662	1474
24182759	1474
24182856	1474
24182953	1474
24183048	1474
24183139	1474
24983412	1474
24983518	1474
24983616	1474
24983709	1474
24983805	1474
24983899	1474
24983994	1474
24984090	1474
24984184	1474
24984278	1474
24984376	1474
24984479	1474
24984583	1474
24984676	1474
24984769	1474
24984863	1474
24984956	1474
24985051	1474
25515352	1474
25515454	1474
25515544	1474
25515638	1474
25515733	1474
25515827	1474
25515917	1474
25516011	1474
25516105	1474
25516207	1474
25516310	1474
25516413	1474
26315109	1474
26315206	1474
26315299	1474
26315400	1474
26315492	1474
26315583	1474
26315676	1474
26315768	1474
26315860	1474
26315950	1474
26316042	1474
26316134	1474
26316226	1474
26316318	1474
26316422	1474
26316513	1474
27114662	1474
27114834	1474
27114931	1474
27115023	1474
27115112	1474
27115203	1474
27115303	1474
27115394	1474
27115483	1474
27115574	1474
27115665	1474
27115755	1474
27115846	1474
27115935	1474
27116027	1474
27116116	1474
27116206	1474
27116305	1474
27915085	1474
27915267	1474
27915363	1474
27915445	1474
27915539	1474
27915628	1474
27915719	1474
27915810	1474
27915900	1474
27915991	1474
27916081	1474
27916171	1474
27916271	1474
27916364	1474
27916455	1474
27916544	1474
27916634	1474
28714501	1474
28714609	1474
28714703	1474
28714796	1474
28714897	1474
28714986	1474
28715186	1474
28715295	1474
28715386	1474
28715476	1474
28715566	1474
28715658	1474
28715749	1474
28715839	1474
28715931	1474
28716025	1474
28716114	1474
29513964	1474
29514098	1474
29514423	1474
29514522	1474
29514606	1474
29514703	1474
29514812	1474
29514903	1474
29514994	1474
29515159	1474
29515256	1474
29515364	1474
29515475	1474
29515571	1474
29515676	1474
29515765	1474
29515858	1474
30315706	1474
30315823	1474
30315923	1474
30316075	1474
30316166	1474
30316286	1474
30316382	1474
30316490	1474
30316579	1474
30316675	1474
30316767	1474
30316912	1474
30317011	1474
30317123	1474
30317220	1474
30317318	1474
30317417	1474
30317513	1474
31114527	1474
31114633	1474
31114884	1474
31115124	1474
31115238	1474
31115505	1474
31115603	1474
31115715	1474
31115811	1474
31115904	1474
31116009	1474
31116119	1474
31116216	1474
31116305	1474
31116412	1474
31116510	1474
31116619	1474
31116717	1474
31917723	1474
31917832	1474
31917928	1474
31918114	1474
31918244	1474
31918392	1474
31918482	1474
31918577	1474
31918669	1474
31918764	1474
31918861	1474
31918968	1474
31919067	1474
31919162	1474
31919257	1474
31919352	1474
31919448	1474
31919542	1474
32983663	1474
32983780	1474
32983891	1474
32983993	1474
32984160	1474
32984269	1474
32984550	1474
32984750	1474
32985211	1474
32985325	1474
32985428	1474
32985526	1474
32985668	1474
32985766	1474
32985863	1474
32985975	1474
32986075	1474
32986190	1474
33782841	1474
33782949	1474
33783065	1474
33783167	1474
33783283	1474
33783383	1474
33783487	1474
33783585	1474
33783696	1474
33783792	1474
33783898	1474
33784015	1474
33784115	1474
33784214	1474
33784310	1474
33784551	1474
33784652	1474
33785169	1474
34583110	1474
34583247	1474
34583387	1474
34583523	1474
34583661	1474
34583795	1474
34583946	1474
34584088	1474
34584266	1474
34584462	1474
34584915	1474
34585106	1474
34585299	1474
34585441	1474
34585605	1474
34585748	1474
34585895	1474
35114720	1474
35114839	1474
35114938	1474
35115031	1474
35115124	1474
35115220	1474
35115315	1474
35115407	1474
35115503	1474
35115598	1474
35115692	1474
35115792	1474
35115882	1474
35115977	1474
35116070	1474
35116166	1474
35913521	1474
35913627	1474
35913806	1474
35913906	1474
35913999	1474
35914094	1474
35914210	1474
35914373	1474
35914468	1474
35914562	1474
35914656	1474
35914759	1474
35914854	1474
35914952	1474
35915048	1474
35915142	1474
36714177	1474
36714351	1474
36714448	1474
36714544	1474
36714639	1474
36714748	1474
36714843	1474
36714939	1474
36715035	1474
36715129	1474
36715221	1474
36715318	1474
36715413	1474
36715508	1474
36715603	1474
36715705	1474
36715801	1474
36715896	1474
37513556	1474
37513726	1474
37513817	1474
37513912	1474
37514007	1474
37514102	1474
37514221	1474
37514350	1474
37514464	1474
37514558	1474
37514731	1474
37514826	1474
37514925	1474
37515020	1474
37515117	1474
37515211	1474
37515307	1474
38313343	1474
38313447	1474
38313552	1474
38313789	1474
38313890	1474
38313997	1474
38314097	1474
38314204	1474
38314395	1474
38314548	1474
38314642	1474
38314752	1474
38314849	1474
38314968	1474
38315079	1474
38315169	1474
38315266	1474
38315364	1474
39113801	1474
39113976	1474
39114207	1474
39114399	1474
39114563	1474
39114701	1474
39114839	1474
39114977	1474
39115118	1474
39115255	1474
39115395	1474
39115544	1474
39115693	1474
39115844	1474
39115981	1474
39116120	1474
39116258	1474
39116395	1474
39915322	1474
39915542	1474
39915682	1474
39915908	1474
39916107	1474
39916297	1474
39916450	1474
39916595	1474
39916732	1474
39916940	1474
39917141	1474
39917576	1474
39917766	1474
39917928	1474
39918066	1474
39918207	1474
39918345	1474
40715800	1474
40715916	1474
40716017	1474
40716118	1474
40716234	1474
40716543	1474
40716646	1474
40716753	1474
40716858	1474
40717113	1474
40717600	1474
40717704	1474
40717821	1474
40717924	1474
40718043	1474
40718142	1474
40718243	1474
41513127	1474
41513245	1474
41513370	1474
41513492	1474
41513597	1474
41513695	1474
41513815	1474
41513913	1474
41514032	1474
41514129	1474
41514252	1474
41514539	1474
41514657	1474
41514772	1474
41514869	1474
41514988	1474
41515109	1474
42313045	1474
42313191	1474
42313281	1474
42313395	1474
42313505	1474
42313604	1474
42313692	1474
42313794	1474
42313896	1474
42313995	1474
42314094	1474
42314394	1474
42314507	1474
42314620	1474
42314744	1474
42314847	1474
42314960	1474
43113303	1474
43113553	1474
43113664	1474
43113764	1474
43113874	1474
43114114	1474
43114250	1474
43114478	1474
43114570	1474
43114674	1474
43114773	1474
43114883	1474
43114996	1474
43115096	1474
43115195	1474
43115302	1474
43115401	1474
43115503	1474
43913153	1474
43913284	1474
43913399	1474
43913515	1474
43913619	1474
43913717	1474
43913819	1474
43913920	1474
43914037	1474
43914136	1474
43914308	1474
43914442	1474
43914543	1474
43914654	1474
43914752	1474
43914851	1474
44712834	1474
44712952	1474
44713046	1474
44713182	1474
44713279	1474
44713391	1474
44713503	1474
44713627	1474
44713726	1474
44713822	1474
44713937	1474
44714036	1474
44714148	1474
44714323	1474
44714428	1474
44714537	1474
44714656	1474
44714752	1474
45513320	1474
45513440	1474
45513543	1474
45513639	1474
45513735	1474
45513848	1474
45513938	1474
45514031	1474
45514152	1474
45514251	1474
45514388	1474
45514485	1474
45514595	1474
45514694	1474
45514797	1474
45514905	1474
45515028	1474
45515136	1474
46314846	1474
46314943	1474
46315070	1474
46315183	1474
46315301	1474
46315545	1474
46315647	1474
46315982	1474
46316099	1474
46316188	1474
46316287	1474
46316385	1474
46316698	1474
46317082	1474
46317179	1474
46317415	1474
46317514	1474
47112788	1474
47112900	1474
47113222	1474
47113328	1474
47113429	1474
47113525	1474
47113761	1474
47113864	1474
47113955	1474
47114154	1474
47114418	1474
47114507	1474
47114608	1474
47114724	1474
47114818	1474
47114925	1474
47115031	1474
47916425	1474
47917252	1474
47917366	1474
47917668	1474
47917766	1474
47917861	1474
47917977	1474
47918075	1474
47918175	1474
47918322	1474
47918471	1474
47918753	1474
47918852	1474
47918963	1474
47919078	1474
47919174	1474
47919270	1474
48713276	1474
48713389	1474
48713653	1474
48713753	1474
48713886	1474
48714015	1474
48714312	1474
48714417	1474
48714507	1474
48714633	1474
48714749	1474
48714847	1474
48714956	1474
48715072	1474
48715164	1474
48715258	1474
48715371	1474
48715464	1474
49512158	1474
49512274	1474
49512390	1474
49512503	1474
49512639	1474
49512754	1474
49512848	1474
49512950	1474
49513068	1474
49513163	1474
49513259	1474
49513420	1474
49513516	1474
49513615	1474
49513722	1474
49513844	1474
49513948	1474
49514068	1474
50312290	1474
50312405	1474
50312504	1474
50312597	1474
50312693	1474
50312782	1474
50312888	1474
50312985	1474
50313093	1474
50313207	1474
50313304	1474
50313418	1474
50313529	1474
50313682	1474
50313797	1474
50313902	1474
50314018	1474
51112324	1474
51112438	1474
51112537	1474
51112634	1474
51112765	1474
51112872	1474
51112970	1474
51113084	1474
51113180	1474
51113277	1474
51113371	1474
51113471	1474
51113585	1474
51113697	1474
51113820	1474
51113919	1474
51114031	1474
52179641	1474
52179846	1474
52179957	1474
52180092	1474
52180218	1474
52180315	1474
52180432	1474
52180541	1474
52180633	1474
52180744	1474
52180860	1474
52180954	1474
52181070	1474
52181169	1474
52181272	1474
52181368	1474
52181487	1474
52181609	1474
52979600	1474
52979733	1474
52979846	1474
52980000	1474
52980112	1474
52980892	1474
52981001	1474
52981110	1474
52981227	1474
52981326	1474
52981446	1474
52981556	1474
52981657	1474
52981768	1474
52981864	1474
52981966	1474
52982063	1474
52982160	1474
53779215	1474
53779328	1474
53779414	1474
53779512	1474
53779641	1474
53779740	1474
53779863	1474
53779978	1474
53780077	1474
53780184	1474
53780298	1474
53780402	1474
53780498	1474
53780596	1474
53780733	1474
53780866	1474
53780964	1474
54580416	1474
54580531	1474
54580633	1474
54580737	1474
54580989	1474
54581089	1474
54581201	1474
54581301	1474
54581399	1474
54581519	1474
54581622	1474
54581718	1474
54581819	1474
54581919	1474
54582016	1474
54582184	1474
54582287	1474
54582621	1474
55380908	1474
55381012	1474
55381111	1474
55381236	1474
55381341	1474
55381615	1474
55381718	1474
55381818	1474
55381918	1474
55382023	1474
55382298	1474
55382999	1474
55383546	1474
55383644	1474
55383742	1474
55383842	1474
55383941	1474
55384041	1474
56177915	1474
56178029	1474
56178245	1474
56178376	1474
56178495	1474
56178669	1474
56178773	1474
56179011	1474
56179132	1474
56179242	1474
56179341	1474
56179455	1474
56179550	1474
56179661	1474
56179778	1474
56179878	1474
56979186	1474
56979300	1474
56979479	1474
56979584	1474
56979694	1474
56979804	1474
56979904	1474
56980012	1474
56980099	1474
56980194	1474
56980309	1474
56980439	1474
56980538	1474
56980637	1474
56980738	1474
56980856	1474
56980957	1474
56981054	1474
57780578	1474
57780678	1474
57780774	1474
57780885	1474
57781149	1474
57781253	1474
57781443	1474
57781543	1474
57781650	1474
57781768	1474
57782229	1474
57782697	1474
57782828	1474
57782931	1474
57783031	1474
57783128	1474
57783240	1474
58313502	1474
58313600	1474
58313696	1474
58313789	1474
58313882	1474
58313976	1474
58314069	1474
58314162	1474
58314316	1474
58314420	1474
58314525	1474
58314618	1474
58314712	1474
58314810	1474
58314904	1474
58314998	1474
59379610	1474
59379734	1474
59379880	1474
59379982	1474
59380082	1474
59380185	1474
59380420	1474
59380523	1474
59380641	1474
59380765	1474
59380863	1474
59380963	1474
59381072	1474
59381170	1474
59381284	1474
59381385	1474
59381484	1474
59381601	1474
59913388	1474
59913491	1474
59913588	1474
59913677	1474
59913789	1474
59913888	1474
59914003	1474
59914100	1474
59914230	1474
59914378	1474
59914520	1474
59914621	1474
59914719	1474
59914817	1474
59914913	1474
59915011	1474
59915109	1474
60713506	1474
60713614	1474
60713711	1474
60713815	1474
60713932	1474
60714162	1474
60714330	1474
60714569	1474
60714768	1474
60714878	1474
60715002	1474
60715286	1474
60715749	1474
60717736	1474
61511301	1474
61511500	1474
61511599	1474
61512432	1474
61512537	1474
61512626	1474
61512745	1474
61512840	1474
61512939	1474
61513034	1474
61513164	1474
61513280	1474
61513377	1474
61513490	1474
61513587	1474
61513678	1474
62313475	1474
62313600	1474
62313701	1474
62313798	1474
62313913	1474
62314011	1474
62314119	1474
62314308	1474
62314523	1474
62314686	1474
62314988	1474
62315101	1474
62315739	1474
62315839	1474
62316052	1474
62316166	1474
62316274	1474
62316395	1474
63110699	1474
63110819	1474
63111088	1474
63111189	1474
63111739	1474
63111838	1474
63111934	1474
63112053	1474
63112153	1474
63112252	1474
63112353	1474
63112460	1474
63112561	1474
63112714	1474
63112816	1474
63112937	1474
63113070	1474
63113188	1474
63911191	1474
63911402	1474
63911515	1474
63912251	1474
63912355	1474
63912444	1474
63912544	1474
63912642	1474
63912739	1474
63912836	1474
63912963	1474
63913063	1474
63913183	1474
63913300	1474
63913389	1474
63913485	1474
63913576	1474
64710960	1474
64711989	1474
64712220	1474
64712360	1474
64712553	1474
64712695	1474
64712831	1474
64712966	1474
64713108	1474
64713244	1474
64713378	1474
64713513	1474
64713649	1474
64713785	1474
64713921	1474
64714064	1474
64714225	1474
64714444	1474
65511585	1474
65511752	1474
65511841	1474
65512553	1474
65512819	1474
65513000	1474
65513098	1474
65513185	1474
65513292	1474
65513412	1474
65513510	1474
65513608	1474
65513705	1474
65513820	1474
65513945	1474
65514044	1474
65514166	1474
65514329	1474
66310755	1474
66310973	1474
66311080	1474
66311818	1474
66311939	1474
66312233	1474
66312333	1474
66312419	1474
66312521	1474
66312627	1474
66312739	1474
66312878	1474
66312986	1474
66313091	1474
66313196	1474
66313307	1474
66313428	1474
67109836	1474
67109952	1474
67110272	1474
67111206	1474
67111311	1474
67111512	1474
67111628	1474
67111725	1474
67111831	1474
67111926	1474
67112022	1474
67112120	1474
67112228	1474
67112323	1474
67112419	1474
67112515	1474
67112612	1474
67112708	1474
67910446	1474
67910562	1474
67910659	1474
67910764	1474
67910861	1474
67910958	1474
67911060	1474
67911174	1474
67911270	1474
67911367	1474
67911484	1474
67911581	1474
67911761	1474
67911869	1474
67911967	1474
67912064	1474
67912182	1474
67912279	1474
68710000	1474
68710164	1474
68711307	1474
68711564	1474
68711680	1474
68711784	1474
68711896	1474
68711992	1474
68712088	1474
68712183	1474
68712284	1474
68712381	1474
68712494	1474
68712590	1474
68712694	1474
68712792	1474
68712888	1474
69510387	1474
69510506	1474
69510715	1474
69510814	1474
69511087	1474
69511186	1474
69511331	1474
69511429	1474
69511519	1474
69511625	1474
69511726	1474
69511822	1474
69511921	1474
69512016	1474
69512109	1474
69512199	1474
69512292	1474
70310323	1474
70310442	1474
70310538	1474
70310637	1474
70310744	1474
70310855	1474
70311029	1474
70311130	1474
70311232	1474
70311326	1474
70311431	1474
70311550	1474
70311648	1474
70311774	1474
70311874	1474
70311988	1474
70312113	1474
70312211	1474
71110080	1474
71110205	1474
71111283	1474
71111438	1474
71111594	1474
71111694	1474
71111806	1474
71111904	1474
71112002	1474
71112101	1474
71112206	1474
71112304	1474
71112402	1474
71112499	1474
71112594	1474
71112692	1474
71910192	1474
71910363	1474
71910492	1474
71910630	1474
71910739	1474
71910841	1474
71910937	1474
71911034	1474
71911124	1474
71911220	1474
71911318	1474
71911427	1474
71911524	1474
71911636	1474
71911799	1474
71911923	1474
71912034	1474
72710156	1474
72710326	1474
72710432	1474
72710530	1474
72710653	1474
72710756	1474
72710854	1474
72711005	1474
72711110	1474
72711211	1474
72711328	1474
72711426	1474
72711516	1474
72711635	1474
72711736	1474
72711847	1474
73509421	1474
73509528	1474
73509726	1474
73509826	1474
73509938	1474
73510065	1474
73510162	1474
73510267	1474
73510406	1474
73510506	1474
73510619	1474
73510831	1474
73510933	1474
73511031	1474
73511168	1474
73511267	1474
73511385	1474
73511498	1474
74309496	1474
74309824	1474
74309935	1474
74310044	1474
74310145	1474
74310449	1474
74310562	1474
74310660	1474
74310777	1474
74310875	1474
74310991	1474
74311115	1474
74311214	1474
74311313	1474
74311454	1474
74311564	1474
74311679	1474
74311799	1474
75110059	1474
75110174	1474
75110276	1474
75110536	1474
75110666	1474
75110765	1474
75110882	1474
75111012	1474
75111132	1474
75111230	1474
75111329	1474
75111443	1474
75111573	1474
75111680	1474
75111796	1474
75111895	1474
75112011	1474
75112129	1474
75910013	1474
75910129	1474
75910246	1474
75910383	1474
75910498	1474
75910619	1474
75910744	1474
75910843	1474
75910955	1474
75911059	1474
75911153	1474
75911248	1474
75911339	1474
75911457	1474
75911557	1474
75911656	1474
75911777	1474
75911883	1474
76709207	1474
76709375	1474
76709482	1474
76709576	1474
76709674	1474
76709792	1474
76709904	1474
76710005	1474
76710106	1474
76710273	1474
76710446	1474
76710542	1474
76710660	1474
76710760	1474
76710874	1474
76710994	1474
76711097	1474
76711212	1474
77778138	1474
77778286	1474
77778392	1474
77778564	1474
77778677	1474
77778885	1474
77778976	1474
77779078	1474
77779191	1474
77779282	1474
77779383	1474
77779467	1474
77779552	1474
77779647	1474
77779728	1474
77779815	1474
77779909	1474
77779990	1474
78309378	1474
78309498	1474
78309736	1474
78309837	1474
78309955	1474
78310081	1474
78310183	1474
78310332	1474
78310435	1474
78310545	1474
78310653	1474
78310747	1474
78310857	1474
78310970	1474
78311096	1474
78311192	1474
78311280	1474
79375507	1474
79375614	1474
79375803	1474
79375894	1474
79376015	1474
79376127	1474
79376217	1474
79376323	1474
79376414	1474
79376523	1474
79376612	1474
79376720	1474
79376812	1474
79376918	1474
79377018	1474
79377109	1474
79377199	1474
79377290	1474
80175809	1474
80175994	1474
80176095	1474
80176407	1474
80176503	1474
80176583	1474
80176692	1474
80176798	1474
80176908	1474
80177031	1474
80177124	1474
80177218	1474
80177306	1474
80177432	1474
80177526	1474
80177619	1474
80177720	1474
80177811	1474
80709475	1474
80709591	1474
80709691	1474
80709786	1474
80709894	1474
80710007	1474
80710131	1474
80710230	1474
80710362	1474
80710461	1474
80710575	1474
80710671	1474
80710766	1474
80710879	1474
80710985	1474
80711073	1474
81508880	1474
81508997	1474
81509277	1474
81509383	1474
81509482	1474
81509573	1474
81509671	1474
81509767	1474
81509877	1474
81509980	1474
81510097	1474
81510277	1474
81510603	1474
81510719	1474
81510818	1474
81510926	1474
81511025	1474
82577896	1474
82578053	1474
82578144	1474
82578291	1474
82578394	1474
82578548	1474
82578653	1474
82578749	1474
82578873	1474
82578993	1474
82579086	1474
82579180	1474
82579272	1474
82579386	1474
82579484	1474
82579595	1474
82579722	1474
82579835	1474
83375640	1474
83375811	1474
83375904	1474
83376003	1474
83376108	1474
83376332	1474
83376425	1474
83376569	1474
83376682	1474
83376779	1474
83376884	1474
83376969	1474
83377055	1474
83377132	1474
83377236	1474
83377320	1474
83377407	1474
84175874	1474
84175977	1474
84176085	1474
84176173	1474
84176305	1474
84176408	1474
84176499	1474
84176607	1474
84176701	1474
84176789	1474
84176877	1474
84176960	1474
84177048	1474
84177153	1474
84177243	1474
84177351	1474
84177437	1474
84177539	1474
84975704	1474
84975810	1474
84975909	1474
84976016	1474
84976165	1474
84976272	1474
84976362	1474
84976675	1474
84976764	1474
84976844	1474
84976942	1474
84977046	1474
84977136	1474
84977223	1474
84977311	1474
84977393	1474
84977479	1474
84977568	1474
85775350	1474
85775465	1474
85775569	1474
85775682	1474
85775793	1474
85775886	1474
85775979	1474
85776067	1474
85776154	1474
85776276	1474
85776371	1474
85776481	1474
85776575	1474
85776698	1474
85776795	1474
85776891	1474
85776997	1474
86575237	1474
86575370	1474
86575506	1474
86575618	1474
86575737	1474
86575834	1474
86575931	1474
86576105	1474
86576201	1474
86576294	1474
86576410	1474
86576523	1474
86576631	1474
86576729	1474
86576825	1474
86576952	1474
86577072	1474
86577169	1474
87374942	1474
87375043	1474
87375143	1474
87375233	1474
87375320	1474
87375413	1474
87375515	1474
87375725	1474
87375813	1474
87375894	1474
87375980	1474
87376093	1474
87376181	1474
87376290	1474
87376377	1474
87376495	1474
87376585	1474
88175214	1474
88175310	1474
88175392	1474
88175492	1474
88175598	1474
88175683	1474
88175781	1474
88175865	1474
88175951	1474
88176059	1474
88176145	1474
88176248	1474
88176334	1474
88176449	1474
88176537	1474
88176635	1474
88176744	1474
88176830	1474
88975284	1474
88975400	1474
88975554	1474
88975664	1474
88975751	1474
88975844	1474
88975937	1474
88976046	1474
88976130	1474
88976234	1474
88976350	1474
88976449	1474
88976530	1474
88976626	1474
88976713	1474
88976809	1474
88976896	1474
88976983	1474
89775040	1474
89775147	1474
89775242	1474
89775353	1474
89775445	1474
89775536	1474
89775651	1474
89775740	1474
89775827	1474
89775913	1474
89776015	1474
89776104	1474
89776190	1474
89776293	1474
89776391	1474
89776478	1474
89776580	1474
89776668	1474
90574411	1474
90574513	1474
90574636	1474
90574812	1474
90574999	1474
90575111	1474
90575216	1474
90575318	1474
90575474	1474
90575573	1474
90575665	1474
90575766	1474
90575854	1474
90575956	1474
90576050	1474
90576136	1474
90576219	1474
91376083	1474
91376210	1474
91376428	1474
91376529	1474
91376643	1474
91376742	1474
91376943	1474
91377046	1474
91377143	1474
91377242	1474
91377410	1474
91377510	1474
91377706	1474
91377806	1474
91377907	1474
91378022	1474
91378135	1474
91378271	1474
92174635	1474
92174762	1474
92174861	1474
92174983	1474
92175094	1474
92175385	1474
92175489	1474
92175923	1474
92176024	1474
92176134	1474
92176244	1474
92176354	1474
92176449	1474
92176552	1474
92176664	1474
92176769	1474
92176866	1474
92974300	1474
92974419	1474
92974627	1474
92974794	1474
92975409	1474
92975508	1474
92975625	1474
92975882	1474
92975980	1474
92976072	1474
92976193	1474
92976366	1474
92976464	1474
92976574	1474
92976690	1474
92976790	1474
92976886	1474
93774848	1474
93774967	1474
93775083	1474
93775196	1474
93775307	1474
93775415	1474
93775524	1474
93775617	1474
93775728	1474
93775837	1474
93775946	1474
93776039	1474
93776157	1474
93776246	1474
93776348	1474
94574820	1474
94574923	1474
94575002	1474
94575096	1474
94575190	1474
94575292	1474
94575378	1474
94575460	1474
94575546	1474
94575645	1474
94575758	1474
94575846	1474
94575950	1474
94576051	1474
94576137	1474
94576245	1474
94576333	1474
95374057	1474
95374181	1474
95377284	1474
95377479	1474
95377573	1474
95377666	1474
95377758	1474
95377876	1474
95377972	1474
95378171	1474
95378279	1474
95378436	1474
95378653	1474
95378745	1474
95378840	1474
95378927	1474
95379018	1474
95379189	1474
96174232	1474
96174375	1474
96174468	1474
96174564	1474
96174657	1474
96174750	1474
96174847	1474
96174940	1474
96175044	1474
96175137	1474
96175227	1474
96175322	1474
96175415	1474
96175508	1474
96175600	1474
96175696	1474
96175788	1474
96175881	1474
96976021	1474
96976116	1474
96976212	1474
96976305	1474
96976398	1474
96976490	1474
96976582	1474
96976674	1474
96976768	1474
96976860	1474
96976953	1474
96977057	1474
96977151	1474
96977244	1474
96977340	1474
96977434	1474
96977528	1474
96977622	1474
97774138	1474
97774251	1474
97774395	1474
97774503	1474
97774597	1474
97774693	1474
97774787	1474
97774884	1474
97774983	1474
97775076	1474
97775173	1474
97775264	1474
97775355	1474
97775450	1474
97775543	1474
97775637	1474
97775730	1474
98573595	1474
98573825	1474
98574196	1474
98574391	1474
98574538	1474
98574675	1474
98574823	1474
98574968	1474
98575106	1474
98575242	1474
98575380	1474
98575515	1474
98575651	1474
98575793	1474
98575944	1474
98576104	1474
98576241	1474
98576381	1474
99376166	1474
99376259	1474
99376374	1474
99376489	1474
99376585	1474
99376796	1474
99376901	1474
99376996	1474
99377089	1474
99377183	1474
99377276	1474
99377374	1474
99377468	1474
99377564	1474
99377758	1474
99377866	1474
99378283	1474
99378415	1474
100175745	1474
100175886	1474
100176068	1474
100176280	1474
100176420	1474
100176556	1474
100176692	1474
100176826	1474
100176971	1474
100177109	1474
100177333	1474
100177521	1474
100177750	1474
100178049	1474
100178189	1474
100178324	1474
100178460	1474
100178641	1474
100973478	1474
100973697	1474
100973799	1474
100974512	1474
100974613	1474
100974699	1474
100974801	1474
100974896	1474
100974989	1474
100975080	1474
100975172	1474
100975268	1474
100975360	1474
100975453	1474
100975546	1474
100975637	1474
100975731	1474
100975839	1474
102041547	1474
102041648	1474
102041749	1474
102041862	1474
102041953	1474
102042056	1474
102042162	1474
102042272	1474
102042424	1474
102042749	1474
102042852	1474
102042943	1474
102043039	1474
102043125	1474
102043228	1474
102043308	1474
102043395	1474
102043504	1474
102573834	1474
102573963	1474
102574044	1474
102574130	1474
102574765	1474
102574856	1474
102574947	1474
102575033	1474
102575119	1474
102575220	1474
102575299	1474
102575384	1474
102575492	1474
102575589	1474
102575693	1474
102575796	1474
102575887	1474
103641289	1474
103641390	1474
103641502	1474
103641855	1474
103642111	1474
103642236	1474
103642384	1474
103642537	1474
103642639	1474
103642732	1474
103642856	1474
103642952	1474
103643044	1474
103643144	1474
103643243	1474
103643355	1474
103643491	1474
103643602	1474
104442135	1474
104442422	1474
104442536	1474
104442792	1474
104442895	1474
104443003	1474
104443097	1474
104443195	1474
104443312	1474
104443432	1474
104443543	1474
104443644	1474
104443748	1474
104443849	1474
104443949	1474
104444072	1474
104444171	1474
104444272	1474
105241987	1474
105242089	1474
105242187	1474
105242345	1474
105242460	1474
105242571	1474
105242673	1474
105242772	1474
105242893	1474
105242992	1474
105243095	1474
105243210	1474
105243312	1474
105243413	1474
105243518	1474
105243616	1474
105243740	1474
105243860	1474
106042082	1474
106042183	1474
106042537	1474
106042649	1474
106042977	1474
106043108	1474
106043225	1474
106043627	1474
106043728	1474
106044493	1474
106044716	1474
106044816	1474
106044915	1474
106045015	1474
106045126	1474
106045226	1474
106045325	1474
106842138	1474
106842243	1474
106842383	1474
106842510	1474
106842800	1474
106842900	1474
106843013	1474
106843110	1474
106843409	1474
106843513	1474
106843610	1474
106843740	1474
106843834	1474
106843933	1474
106844028	1474
106844150	1474
106844247	1474
107640944	1474
107641043	1474
107641140	1474
107641238	1474
107641613	1474
107641719	1474
107641817	1474
107641932	1474
107642028	1474
107642124	1474
107642370	1474
107642482	1474
107642836	1474
107642938	1474
107643054	1474
107643185	1474
107643310	1474
108442044	1474
108442185	1474
108442341	1474
108442568	1474
108442864	1474
108443188	1474
108443589	1474
108443795	1474
108443938	1474
108444076	1474
108444224	1474
108444413	1474
108444549	1474
108444688	1474
108444824	1474
108444961	1474
108445100	1474
108445249	1474
108973092	1474
108973259	1474
108973460	1474
108973693	1474
108973831	1474
108973973	1474
108974111	1474
108974264	1474
108974479	1474
108974637	1474
108974840	1474
108974982	1474
108975117	1474
108975264	1474
108975399	1474
108975539	1474
110041352	1474
110041452	1474
110041556	1474
110041669	1474
110041935	1474
110042036	1474
110042164	1474
110042322	1474
110042427	1474
110042522	1474
110042643	1474
110042740	1474
110042845	1474
110042962	1474
110043077	1474
110043183	1474
110043288	1474
110841016	1474
110841142	1474
110841262	1474
110841420	1474
110841544	1474
110841769	1474
110841878	1474
110841980	1474
110842113	1474
110842244	1474
110842423	1474
110842547	1474
110842650	1474
110842750	1474
110842854	1474
110842952	1474
110843051	1474
110843165	1474
111638941	1474
111639058	1474
111639156	1474
111639252	1474
111639345	1474
111639441	1474
111639657	1474
111639757	1474
111639848	1474
111639944	1474
111640048	1474
111640151	1474
111640361	1474
111640486	1474
111640679	1474
111640778	1474
111640877	1474
111640972	1474
112439279	1474
112439388	1474
112439484	1474
112439574	1474
112439668	1474
112439763	1474
112439858	1474
112439966	1474
112440066	1474
112440162	1474
112440261	1474
112440354	1474
112440451	1474
112440547	1474
112440642	1474
112440738	1474
112440833	1474
112440930	1474
113240811	1474
113240919	1474
113241019	1474
113241174	1474
113241383	1474
113241482	1474
113241578	1474
113241673	1474
113241770	1474
113241866	1474
113241970	1474
113242066	1474
113242162	1474
113242343	1474
113242454	1474
113242670	1474
113242767	1474
113243149	1474
114044041	1474
114044137	1474
114044233	1474
114044329	1474
114044424	1474
114044518	1474
114044613	1474
114044710	1474
114044807	1474
114044917	1474
114045012	1474
114045108	1474
114045204	1474
114045300	1474
114045394	1474
114045490	1474
114045585	1474
114045680	1474
114838474	1474
114838585	1474
114838801	1474
114838902	1474
114838999	1474
114839098	1474
114839190	1474
114839283	1474
114839387	1474
114839483	1474
114839578	1474
114839674	1474
114839770	1474
114839880	1474
114839978	1474
114840074	1474
114840170	1474
114840266	1474
115640973	1474
115641084	1474
115641181	1474
115641279	1474
115641383	1474
115641777	1474
115641884	1474
115641979	1474
115642095	1474
115642195	1474
115642358	1474
115642463	1474
115642833	1474
115643192	1474
115643303	1474
115643402	1474
115643502	1474
115643613	1474
116440551	1474
116440676	1474
116440800	1474
116440903	1474
116441058	1474
116441159	1474
116441260	1474
116441358	1474
116441477	1474
116441596	1474
116441696	1474
116441798	1474
116441923	1474
116442041	1474
116442322	1474
116442427	1474
116443129	1474
116443231	1474
117505219	1474
117505371	1474
117505475	1474
117505611	1474
117505729	1474
117505833	1474
117505949	1474
117506206	1474
117506347	1474
117506769	1474
117506896	1474
117507047	1474
117507444	1474
117507549	1474
117507660	1474
117507776	1474
117507868	1474
117507965	1474
118305352	1474
118305464	1474
118305572	1474
118305685	1474
118305785	1474
118305897	1474
118306015	1474
118306109	1474
118306231	1474
118306362	1474
118306462	1474
118306606	1474
118306715	1474
118306813	1474
118306932	1474
118307049	1474
118307173	1474
118307306	1474
119107617	1474
119107721	1474
119107814	1474
119107911	1474
119108026	1474
119108140	1474
119108240	1474
119108366	1474
119108464	1474
119108599	1474
119108726	1474
119108834	1474
119108942	1474
119109048	1474
119109148	1474
119109258	1474
119109353	1474
119109477	1474
119905556	1474
119906180	1474
119906374	1474
119906474	1474
119906685	1474
119906781	1474
119906867	1474
119906957	1474
119907048	1474
119907139	1474
119907230	1474
119907321	1474
119907412	1474
119907503	1474
119907594	1474
119907694	1474
119907785	1474
120705392	1474
120705481	1474
120705574	1474
120705675	1474
120705769	1474
120705971	1474
120706065	1474
120706156	1474
120706247	1474
120706375	1474
120706503	1474
120706598	1474
120706698	1474
120706788	1474
120706878	1474
120706967	1474
120707060	1474
120707149	1474
121506694	1474
121506789	1474
121506887	1474
121506981	1474
121507097	1474
121507306	1474
121507402	1474
121507497	1474
121507597	1474
121507685	1474
121507777	1474
121507869	1474
121507962	1474
121508052	1474
121508143	1474
121508236	1474
121508330	1474
121508422	1474
122304936	1474
122305041	1474
122305137	1474
122305227	1474
122305319	1474
122305412	1474
122305597	1474
122305691	1474
122305780	1474
122305874	1474
122305961	1474
122306052	1474
122306143	1474
122306308	1474
122306416	1474
122306532	1474
122306629	1474
123104194	1474
123104296	1474
123104452	1474
123104561	1474
123104761	1474
123104856	1474
123104948	1474
123105039	1474
123105132	1474
123105224	1474
123105315	1474
123105406	1474
123105507	1474
123105602	1474
123105694	1474
123105785	1474
123105875	1474
123105965	1474
123904924	1474
123905040	1474
123905130	1474
123905221	1474
123905312	1474
123905403	1474
123905509	1474
123905600	1474
123905691	1474
123905781	1474
123905873	1474
123905964	1474
123906055	1474
123906145	1474
123906299	1474
123906427	1474
123906522	1474
123906615	1474
124704236	1474
124704348	1474
124704460	1474
124704558	1474
124704672	1474
124704769	1474
124704869	1474
124704972	1474
124705073	1474
124705171	1474
124705283	1474
124705395	1474
124705499	1474
124705599	1474
124705698	1474
124705798	1474
124705898	1474
124705997	1474
125504174	1474
125504302	1474
125504432	1474
125504529	1474
125504648	1474
125504745	1474
125504859	1474
125504972	1474
125505067	1474
125505167	1474
125505413	1474
125505515	1474
125505606	1474
125505718	1474
125505815	1474
125505922	1474
125506044	1474
125506141	1474
126570920	1474
126571151	1474
126571773	1474
126571944	1474
126572116	1474
126572281	1474
126572420	1474
126572560	1474
126572699	1474
126572839	1474
126572978	1474
126573125	1474
126573268	1474
126573405	1474
126573545	1474
126573689	1474
126573829	1474
126573966	1474
127371159	1474
127371337	1474
127371483	1474
127371717	1474
127371904	1474
127372122	1474
127372253	1474
127372353	1474
127372461	1474
127372579	1474
127372683	1474
127372789	1474
127372888	1474
127373009	1474
127373121	1474
127373239	1474
127373355	1474
127373473	1474
128170733	1474
128170963	1474
128171057	1474
128171526	1474
128171627	1474
128171842	1474
128171942	1474
128172043	1474
128172140	1474
128172271	1474
128172387	1474
128172487	1474
128172594	1474
128172694	1474
128172802	1474
128172901	1474
128173000	1474
128173117	1474
128970685	1474
128970870	1474
128971628	1474
128971848	1474
128971952	1474
128972064	1474
128972163	1474
128972263	1474
128972372	1474
128972484	1474
128972584	1474
128972700	1474
128972802	1474
128972902	1474
128973002	1474
128973110	1474
128973213	1474
128973311	1474
129770452	1474
129770664	1474
129770752	1474
129770837	1474
129771016	1474
129771121	1474
129771217	1474
129771311	1474
129771407	1474
129771500	1474
129771594	1474
129771688	1474
129771782	1474
129771874	1474
129771966	1474
129772074	1474
129772172	1474
130570376	1474
130570713	1474
130570807	1474
130570888	1474
130571118	1474
130571216	1474
130571309	1474
130571403	1474
130571496	1474
130571590	1474
130571683	1474
130571777	1474
130571871	1474
130571963	1474
130572069	1474
130572164	1474
130572259	1474
130572352	1474
131370054	1474
131370156	1474
131370350	1474
131370454	1474
131370650	1474
131370750	1474
131370973	1474
131371067	1474
131371227	1474
131371323	1474
131371415	1474
131371510	1474
131371606	1474
131371701	1474
131371797	1474
131371891	1474
131371994	1474
131372097	1474
132171671	1474
132171765	1474
132171859	1474
132171959	1474
132172053	1474
132172146	1474
132172239	1474
132172331	1474
132172423	1474
132172515	1474
132172607	1474
132172700	1474
132172793	1474
132172886	1474
132172992	1474
132173085	1474
132173234	1474
132970208	1474
132970401	1474
132970489	1474
132970571	1474
132970662	1474
132970754	1474
132970956	1474
132971054	1474
132971145	1474
132971240	1474
132971328	1474
132971421	1474
132971516	1474
132971607	1474
132971697	1474
132971790	1474
132971895	1474
133771324	1474
133771418	1474
133771511	1474
133771605	1474
133771730	1474
133771951	1474
133772048	1474
133772147	1474
133772239	1474
133772414	1474
133772509	1474
133772605	1474
133772696	1474
133772790	1474
133772894	1474
133772983	1474
133774738	1474
134572325	1474
134572461	1474
134572611	1474
134572830	1474
134573021	1474
134573245	1474
134573387	1474
134573575	1474
134573733	1474
134573899	1474
134574049	1474
134574175	1474
134574312	1474
134574492	1474
134574642	1474
134574777	1474
135370078	1474
135370403	1474
135370573	1474
135370756	1474
135370954	1474
135371145	1474
135371283	1474
135371441	1474
135371591	1474
135371728	1474
135371865	1474
135372001	1474
135372136	1474
135372274	1474
135372408	1474
135372550	1474
135372687	1474
136170315	1474
136170435	1474
136170543	1474
136170667	1474
136170779	1474
136170897	1474
136171002	1474
136171098	1474
136171196	1474
136171312	1474
136171429	1474
136171535	1474
136171646	1474
136171759	1474
136171858	1474
136171965	1474
136172085	1474
136172184	1474
136969560	1474
136969683	1474
136969783	1474
136969882	1474
136969980	1474
136970077	1474
136970176	1474
136970370	1474
136970476	1474
136970574	1474
136970680	1474
136970781	1474
136970879	1474
136970977	1474
136971073	1474
136971171	1474
136971268	1474
137503301	1474
137503415	1474
137503530	1474
137503674	1474
137503775	1474
137503890	1474
137504018	1474
137504116	1474
137504208	1474
137504323	1474
137504421	1474
137504513	1474
137504627	1474
137504724	1474
137504840	1474
137504951	1474
138302947	1474
138303065	1474
138303256	1474
138303374	1474
138303472	1474
138303596	1474
138303724	1474
138303821	1474
138303912	1474
138304009	1474
138304110	1474
138304226	1474
138304322	1474
138304422	1474
138304541	1474
138304645	1474
139103019	1474
139103135	1474
139103244	1474
139103356	1474
139103463	1474
139103577	1474
139103682	1474
139103780	1474
139103889	1474
139103986	1474
139104119	1474
139104215	1474
139104308	1474
139104402	1474
139104510	1474
139104620	1474
139903246	1474
139903363	1474
139903484	1474
139903579	1474
139903673	1474
139903779	1474
139903892	1474
139903987	1474
139904078	1474
139904164	1474
139904268	1474
139904360	1474
139904483	1474
139904581	1474
139904675	1474
139904806	1474
139904902	1474
139904997	1474
140702490	1474
140702588	1474
140702811	1474
140702911	1474
140703019	1474
140703313	1474
140703423	1474
140703531	1474
140703627	1474
140703727	1474
140703836	1474
140703934	1474
140704050	1474
140704166	1474
140704479	1474
140704584	1474
140704683	1474
140704796	1474
141502891	1474
141502997	1474
141503174	1474
141503290	1474
141503427	1474
141503681	1474
141503782	1474
141503873	1474
141503985	1474
141504083	1474
141504233	1474
141504352	1474
141504470	1474
141504569	1474
141504683	1474
141504782	1474
141504886	1474
142302450	1474
142302605	1474
142302694	1474
142302788	1474
142302893	1474
142302990	1474
142303119	1474
142303237	1474
142303341	1474
142303437	1474
142303529	1474
142303624	1474
142303723	1474
142303832	1474
142303929	1474
142304025	1474
142304385	1474
143102147	1474
143102325	1474
143102484	1474
143102581	1474
143102683	1474
143102782	1474
143103066	1474
143103167	1474
143103275	1474
143103371	1474
143103466	1474
143103565	1474
143103661	1474
143103793	1474
143103889	1474
143103985	1474
143104075	1474
143104217	1474
143902994	1474
143903112	1474
143903229	1474
143903342	1474
143903442	1474
143903539	1474
143903653	1474
143903760	1474
143903859	1474
143903967	1474
143904085	1474
143904192	1474
143904295	1474
143904430	1474
143904541	1474
143904659	1474
143904767	1474
143904874	1474
144701734	1474
144701837	1474
144701923	1474
144702011	1474
144702097	1474
144702214	1474
144702350	1474
144702440	1474
144702527	1474
144702615	1474
144702701	1474
144702789	1474
144702875	1474
144702960	1474
144703047	1474
144703141	1474
144703233	1474
145769358	1474
145769453	1474
145769546	1474
145769638	1474
145769730	1474
145769822	1474
145769915	1474
145770007	1474
145770108	1474
145770311	1474
145770415	1474
145770509	1474
145770602	1474
145770696	1474
145770789	1474
145770882	1474
145770975	1474
145771078	1474
146301962	1474
146302071	1474
146302274	1474
146302449	1474
146302547	1474
146302643	1474
146302737	1474
146302832	1474
146302931	1474
146303026	1474
146303135	1474
146303228	1474
146303323	1474
146303420	1474
146303515	1474
146303612	1474
146303707	1474
147102095	1474
147102230	1474
147102370	1474
147102466	1474
147102561	1474
147102653	1474
147102753	1474
147102846	1474
147102941	1474
147103042	1474
147103136	1474
147103230	1474
147103324	1474
147103418	1474
147103512	1474
147103606	1474
147103701	1474
147902071	1474
147902290	1474
147902642	1474
147902739	1474
147902948	1474
147903051	1474
147903148	1474
147903243	1474
147903444	1474
147903542	1474
147903758	1474
147903853	1474
147903958	1474
147904057	1474
147904154	1474
147904248	1474
147904344	1474
148701866	1474
148702015	1474
148702116	1474
148702291	1474
148702402	1474
148702496	1474
148702591	1474
148702688	1474
148702782	1474
148702881	1474
148702990	1474
148703083	1474
148703178	1474
148703272	1474
148703367	1474
148703461	1474
149501871	1474
149501989	1474
149502092	1474
149502209	1474
149502358	1474
149502460	1474
149502554	1474
149502649	1474
149502741	1474
149502845	1474
149502948	1474
149503042	1474
149503136	1474
149503231	1474
149503324	1474
149503418	1474
149503511	1474
150301392	1474
150301507	1474
150301627	1474
150301754	1474
150301867	1474
150301960	1474
150302052	1474
150302258	1474
150302398	1474
150302494	1474
150302588	1474
150302683	1474
150302774	1474
150302880	1474
150302972	1474
150303064	1474
150303156	1474
150303247	1474
151101245	1474
151101361	1474
151101452	1474
151101545	1474
151101639	1474
151101730	1474
151101837	1474
151101929	1474
151102020	1474
151102112	1474
151102223	1474
151102367	1474
151102463	1474
151102555	1474
151102647	1474
151102748	1474
151102845	1474
151102936	1474
151901897	1474
151902010	1474
151902107	1474
151902321	1474
151902419	1474
151902510	1474
151902602	1474
151902708	1474
151902802	1474
151902898	1474
151902989	1474
151903076	1474
151903166	1474
151903258	1474
151903351	1474
151903443	1474
151903534	1474
152701241	1474
152701407	1474
152701506	1474
152701630	1474
152701758	1474
152701956	1474
152702053	1474
152702146	1474
152702312	1474
152702415	1474
152702502	1474
152702596	1474
152702696	1474
152702788	1474
152702880	1474
152702971	1474
152703061	1474
152703152	1474
153770124	1474
153770260	1474
153770449	1474
153770623	1474
153770758	1474
153770892	1474
153771026	1474
153771161	1474
153771294	1474
153771428	1474
153771570	1474
153771706	1474
153771840	1474
153771974	1474
153772108	1474
153772241	1474
153772375	1474
153772518	1474
154302485	1474
154302586	1474
154302678	1474
154302774	1474
154302866	1474
154302958	1474
154303051	1474
154303145	1474
154303239	1474
154303333	1474
154303425	1474
154303517	1474
154303619	1474
154303710	1474
154303802	1474
154303894	1474
154303985	1474
155102759	1474
155102858	1474
155102952	1474
155103045	1474
155103138	1474
155103231	1474
155103335	1474
155103431	1474
155103524	1474
155103615	1474
155103708	1474
155103801	1474
155103894	1474
155103986	1474
155104080	1474
155104172	1474
155104265	1474
156167489	1474
156167650	1474
156167769	1474
156168502	1474
156168604	1474
156168717	1474
156168826	1474
156168943	1474
156169046	1474
156169146	1474
156169247	1474
156169357	1474
156169459	1474
156169559	1474
156169659	1474
156169759	1474
156169858	1474
156169957	1474
156967706	1474
156967921	1474
156968471	1474
156968637	1474
156968865	1474
156969004	1474
156969140	1474
156969310	1474
156969448	1474
156969584	1474
156969722	1474
156969857	1474
156970000	1474
156970148	1474
156970291	1474
156970483	1474
156970624	1474
156970763	1474
157767474	1474
157767823	1474
157767944	1474
157768213	1474
157768328	1474
157768437	1474
157768575	1474
157768675	1474
157768771	1474
157768889	1474
157768986	1474
157769098	1474
157769196	1474
157769384	1474
157769488	1474
157769601	1474
157769697	1474
157769812	1474
158567149	1474
158567426	1474
158567651	1474
158567753	1474
158568407	1474
158568511	1474
158568614	1474
158568756	1474
158568856	1474
158568954	1474
158569053	1474
158569161	1474
158569274	1474
158569371	1474
158569467	1474
158569564	1474
158569661	1474
158569758	1474
159369246	1474
159369332	1474
159369415	1474
159369499	1474
159369612	1474
159369794	1474
159369887	1474
159369976	1474
159370072	1474
159370163	1474
159370251	1474
159370380	1474
159370473	1474
159370569	1474
159370660	1474
159370752	1474
159370844	1474
159370934	1474
160167627	1474
160167740	1474
160167827	1474
160167923	1474
160168020	1474
160168127	1474
160168226	1474
160168333	1474
160168428	1474
160168527	1474
160168624	1474
160168721	1474
160168821	1474
160168917	1474
160169012	1474
160169119	1474
160169219	1474
160967660	1474
160967863	1474
160968360	1474
160968520	1474
160968681	1474
160968782	1474
160968882	1474
160969115	1474
160969271	1474
160969371	1474
160969464	1474
160969559	1474
160969670	1474
160969787	1474
160969876	1474
160969970	1474
160970131	1474
160970258	1474
161767310	1474
161767562	1474
161767767	1474
161767866	1474
161767971	1474
161768071	1474
161768170	1474
161768265	1474
161768364	1474
161768460	1474
161768568	1474
161768664	1474
161768770	1474
161768877	1474
161768995	1474
161769124	1474
161769221	1474
161769321	1474
162570779	1474
162570883	1474
162570978	1474
162571071	1474
162571165	1474
162571256	1474
162571349	1474
162571442	1474
162571533	1474
162571625	1474
162571716	1474
162571807	1474
162571908	1474
162572002	1474
162572094	1474
162572186	1474
163367011	1474
163367215	1474
163367322	1474
163367707	1474
163367866	1474
163367963	1474
163368059	1474
163368150	1474
163368244	1474
163368337	1474
163368430	1474
163368524	1474
163368619	1474
163368716	1474
163368809	1474
163368913	1474
163369007	1474
163369102	1474
164166621	1474
164166833	1474
164166930	1474
164167333	1474
164167437	1474
164167530	1474
164167719	1474
164167826	1474
164167922	1474
164168016	1474
164168110	1474
164168202	1474
164168294	1474
164168387	1474
164168481	1474
164168572	1474
164168665	1474
164168757	1474
164967077	1474
164967333	1474
164967505	1474
164967829	1474
164968029	1474
164968273	1474
164968414	1474
164968549	1474
164968685	1474
164968834	1474
164968971	1474
164969101	1474
164969237	1474
164969392	1474
164969530	1474
164969663	1474
164969812	1474
165766587	1474
165766713	1474
165766814	1474
165766917	1474
165767037	1474
165767136	1474
165767249	1474
165767354	1474
165767595	1474
165767696	1474
165768285	1474
165768438	1474
165768534	1474
165768637	1474
165768744	1474
165768843	1474
165769031	1474
166566280	1474
166566556	1474
166567630	1474
166567779	1474
166567876	1474
166567993	1474
166568148	1474
166568248	1474
166568394	1474
166568491	1474
166568592	1474
166568786	1474
166568885	1474
166569000	1474
166569094	1474
166569194	1474
166569293	1474
167366435	1474
167366610	1474
167366937	1474
167367242	1474
167367353	1474
167367451	1474
167367550	1474
167367657	1474
167367776	1474
167367905	1474
167368022	1474
167368119	1474
167368218	1474
167368319	1474
167368416	1474
167368538	1474
167368646	1474
167368769	1474
168166869	1474
168166977	1474
168167093	1474
168167216	1474
168167312	1474
168167432	1474
168167669	1474
168167769	1474
168167880	1474
168167976	1474
168168074	1474
168168174	1474
168168284	1474
168168398	1474
168168495	1474
168168610	1474
168168705	1474
168966064	1474
168966519	1474
168966822	1474
168967018	1474
168967400	1474
168967747	1474
168967914	1474
168968165	1474
168968306	1474
168968443	1474
168968588	1474
168968725	1474
168968862	1474
168968999	1474
168969137	1474
168969274	1474
168969414	1474
169766143	1474
169766409	1474
169766648	1474
169766843	1474
169767097	1474
169767269	1474
169767418	1474
169767562	1474
169767698	1474
169767834	1474
169767969	1474
169768103	1474
169768238	1474
169768372	1474
169768515	1474
169768648	1474
169768781	1474
170565850	1474
170566008	1474
170566103	1474
170566197	1474
170566345	1474
170566539	1474
170566635	1474
170566728	1474
170566820	1474
170566913	1474
170567005	1474
170567096	1474
170567189	1474
170567283	1474
170567373	1474
170567536	1474
170567630	1474
170567723	1474
171366330	1474
171366542	1474
171366640	1474
171366734	1474
171366827	1474
171366921	1474
171367018	1474
171367113	1474
171367207	1474
171367298	1474
171367402	1474
171367495	1474
171367588	1474
171367684	1474
171367776	1474
171367870	1474
172166860	1474
172166970	1474
172167065	1474
172167161	1474
172167253	1474
172167344	1474
172167452	1474
172167548	1474
172167640	1474
172167732	1474
172167824	1474
172167916	1474
172168012	1474
172168106	1474
172168201	1474
172168293	1474
172168394	1474
172168490	1474
172965703	1474
172965808	1474
172965904	1474
172966000	1474
172966092	1474
172966209	1474
172966352	1474
172966522	1474
172966623	1474
172966769	1474
172966862	1474
172966966	1474
172967060	1474
172967152	1474
172967245	1474
172967421	1474
172967516	1474
172967609	1474
173765584	1474
173765691	1474
173765785	1474
173765909	1474
173766007	1474
173766118	1474
173766397	1474
173766505	1474
173766653	1474
173766769	1474
173766871	1474
173766993	1474
173767099	1474
173767199	1474
173767305	1474
173767420	1474
173767518	1474
173767608	1474
174565485	1474
174565591	1474
174565686	1474
174565781	1474
174565867	1474
174565961	1474
174566055	1474
174566153	1474
174566309	1474
174566407	1474
174566627	1474
174566726	1474
174566882	1474
174567008	1474
174567221	1474
174567320	1474
174567413	1474
175365691	1474
175365784	1474
175365879	1474
175365974	1474
175366065	1474
175366168	1474
175366304	1474
175366399	1474
175366496	1474
175366595	1474
175366689	1474
175366782	1474
175366874	1474
175366970	1474
175367066	1474
175367169	1474
175367266	1474
175367361	1474
176165562	1474
176165673	1474
176165768	1474
176165864	1474
176165955	1474
176166048	1474
176166151	1474
176166245	1474
176166396	1474
176166522	1474
176166696	1474
176166863	1474
176166958	1474
176167069	1474
176167170	1474
176167265	1474
176167358	1474
176965552	1474
176965705	1474
176965821	1474
176965942	1474
176966051	1474
176966177	1474
176966387	1474
176966489	1474
176966618	1474
176966718	1474
176966825	1474
176966952	1474
176967074	1474
176967192	1474
176967288	1474
176967384	1474
176967607	1474
176967706	1474
178033776	1474
178033872	1474
178033975	1474
178034071	1474
178034164	1474
178034425	1474
178034523	1474
178034618	1474
178034712	1474
178034805	1474
178034900	1474
178035006	1474
178035101	1474
178035195	1474
178035290	1474
178035416	1474
178035627	1474
178035725	1474
178565241	1474
178565352	1474
178565492	1474
178565652	1474
178565746	1474
178565841	1474
178565931	1474
178566040	1474
178566131	1474
178566243	1474
178566392	1474
178566483	1474
178566581	1474
178566675	1474
178566768	1474
178566862	1474
178566969	1474
179365025	1474
179365136	1474
179365228	1474
179365323	1474
179365419	1474
179365511	1474
179365603	1474
179365696	1474
179365789	1474
179365879	1474
179365983	1474
179366074	1474
179366167	1474
179366313	1474
179366411	1474
179366505	1474
179366599	1474
180165427	1474
180165537	1474
180165632	1474
180165730	1474
180165856	1474
180165958	1474
180166050	1474
180166143	1474
180166310	1474
180166411	1474
180166503	1474
180166600	1474
180166696	1474
180166790	1474
180166891	1474
180166984	1474
180965451	1474
180965562	1474
180965658	1474
180965753	1474
180965860	1474
180965956	1474
180966050	1474
180966159	1474
180966335	1474
180966434	1474
180966528	1474
180966622	1474
180966721	1474
180966822	1474
180966917	1474
180967016	1474
180967110	1474
181764809	1474
181764965	1474
181765062	1474
181765159	1474
181765248	1474
181765346	1474
181765442	1474
181765543	1474
181765638	1474
181765755	1474
181765851	1474
181765944	1474
181766040	1474
181766130	1474
181766241	1474
181766378	1474
181766540	1474
181766721	1474
182564517	1474
182564692	1474
182564792	1474
182564884	1474
182564978	1474
182565073	1474
182565165	1474
182565258	1474
182565349	1474
182565440	1474
182565535	1474
182565626	1474
182565724	1474
182565822	1474
182565916	1474
182566009	1474
182566102	1474
183365534	1474
183365653	1474
183365751	1474
183365900	1474
183365995	1474
183366089	1474
183366208	1474
183366378	1474
183366473	1474
183366570	1474
183366675	1474
183366763	1474
183366856	1474
183366949	1474
183367041	1474
183367135	1474
183367228	1474
183367326	1474
184164499	1474
184164664	1474
184164762	1474
184164859	1474
184164951	1474
184165045	1474
184165139	1474
184165232	1474
184165332	1474
184165426	1474
184165522	1474
184165627	1474
184165720	1474
184165813	1474
184165907	1474
184165999	1474
184166092	1474
184166185	1474
184965052	1474
184965211	1474
184965305	1474
184965395	1474
184965486	1474
184965587	1474
184965679	1474
184965769	1474
184965860	1474
184965949	1474
184966039	1474
184966128	1474
184966238	1474
184966382	1474
184966474	1474
184966575	1474
184966671	1474
185764295	1474
185764404	1474
185764497	1474
185764602	1474
185764693	1474
185764788	1474
185764879	1474
185764972	1474
185765065	1474
185765159	1474
185765248	1474
185765340	1474
185765433	1474
185765534	1474
185765628	1474
185765722	1474
185765813	1474
186564197	1474
186564311	1474
186564407	1474
186564511	1474
186564606	1474
186564701	1474
186564799	1474
186564895	1474
186564987	1474
186565081	1474
186565178	1474
186565272	1474
186565363	1474
186565457	1474
186565566	1474
186565663	1474
186565758	1474
187364302	1474
187364429	1474
187364578	1474
187364677	1474
187364869	1474
187364986	1474
187365224	1474
187365326	1474
187365433	1474
187365599	1474
187365700	1474
187365797	1474
187365904	1474
187366003	1474
187366102	1474
187366222	1474
187366391	1474
188164584	1474
188164687	1474
188164777	1474
188164894	1474
188164991	1474
188165103	1474
188165216	1474
188165314	1474
188165500	1474
188165586	1474
188165685	1474
188165800	1474
188165898	1474
188165996	1474
188166095	1474
188166301	1474
188166421	1474
188964549	1474
188964777	1474
188964878	1474
188964981	1474
188965437	1474
188965540	1474
188965641	1474
188965733	1474
188965830	1474
188965930	1474
188966043	1474
188966152	1474
188966320	1474
188966452	1474
188966550	1474
188966647	1474
188966748	1474
189765693	1474
189765792	1474
189765891	1474
189765996	1474
189766338	1474
189766452	1474
189766544	1474
189766657	1474
189766757	1474
189766856	1474
189766974	1474
189767074	1474
189767172	1474
189767281	1474
189767383	1474
189767482	1474
189767598	1474
189767696	1474
190564832	1474
190564924	1474
190565015	1474
190565106	1474
190565196	1474
190565298	1474
190565389	1474
190565481	1474
190565572	1474
190565664	1474
190565754	1474
190565844	1474
190565935	1474
190566026	1474
190566116	1474
190566271	1474
190566398	1474
190566495	1474
191378086	1474
191378259	1474
191378954	1474
191379071	1474
191379175	1474
191379471	1474
191379946	1474
191380340	1474
191380538	1474
191380768	1474
191380859	1474
191380953	1474
191381046	1474
191381350	1474
191381567	1474
191381671	1474
191382211	1474
192166017	1474
192166160	1474
192166297	1474
192166567	1474
192166769	1474
192166939	1474
192167075	1474
192167224	1474
192167363	1474
192167497	1474
192167636	1474
192167772	1474
192167911	1474
192168044	1474
192168214	1474
192168352	1474
192168491	1474
192168626	1474
192963851	1474
192963972	1474
192964069	1474
192964164	1474
192964263	1474
192964355	1474
192964446	1474
192964537	1474
192964629	1474
192964722	1474
192964813	1474
192964904	1474
192964997	1474
192965102	1474
192965194	1474
192965287	1474
192965380	1474
193765540	1474
193765656	1474
193765754	1474
193765851	1474
193765960	1474
193766074	1474
193766173	1474
193766315	1474
193766416	1474
193766514	1474
193766610	1474
193766711	1474
193766809	1474
193766923	1474
193767033	1474
193767134	1474
193767233	1474
193767339	1474
194564972	1474
194565075	1474
194565175	1474
194565275	1474
194565390	1474
194565665	1474
194565767	1474
194565934	1474
194566035	1474
194566134	1474
194566346	1474
194566451	1474
194566565	1474
194566692	1474
194566791	1474
194566904	1474
194567027	1474
195366322	1474
195366516	1474
195366660	1474
195366899	1474
195367098	1474
195367349	1474
195367485	1474
195367622	1474
195367759	1474
195367907	1474
195368068	1474
195368207	1474
195368345	1474
195368481	1474
195368619	1474
195368757	1474
195368905	1474
196165342	1474
196165440	1474
196165537	1474
196165632	1474
196165735	1474
196166061	1474
196166159	1474
196166452	1474
196166554	1474
196166648	1474
196166745	1474
196166848	1474
196166945	1474
196167042	1474
196167151	1474
196167246	1474
196167385	1474
196965192	1474
196965290	1474
196965390	1474
196965492	1474
196965605	1474
196965721	1474
196965970	1474
196966070	1474
196966181	1474
196966337	1474
196966437	1474
196966534	1474
196966636	1474
196966734	1474
196966846	1474
196966945	1474
196967042	1474
197766431	1474
197766536	1474
197766636	1474
197766821	1474
197766922	1474
197767033	1474
197767148	1474
197767246	1474
197767347	1474
197767447	1474
197767544	1474
197767645	1474
197767751	1474
197767842	1474
197767953	1474
197768051	1474
197768147	1474
197768246	1474
198565321	1474
198565462	1474
198565601	1474
198565756	1474
198565897	1474
198566035	1474
198566177	1474
198566313	1474
198566525	1474
198566669	1474
198566823	1474
198566965	1474
198567101	1474
198567241	1474
198567376	1474
198567519	1474
198567658	1474
199362911	1474
199363067	1474
199363218	1474
199363354	1474
199363495	1474
199363644	1474
199363788	1474
199363930	1474
199364070	1474
199364206	1474
199364344	1474
199364484	1474
199364624	1474
199364839	1474
199364981	1474
199365118	1474
199365258	1474
199365394	1474
200432246	1474
200432386	1474
200432535	1474
200432681	1474
200432820	1474
200432961	1474
200433098	1474
200433240	1474
200433376	1474
200433528	1474
200433668	1474
200433808	1474
200433946	1474
200434084	1474
200434226	1474
200434366	1474
200434609	1474
200434750	1474
200963197	1474
200963373	1474
200963554	1474
200963698	1474
200963890	1474
200964031	1474
200964170	1474
200964307	1474
200964467	1474
200964614	1474
200964754	1474
200964893	1474
200965031	1474
200965168	1474
200965306	1474
200965443	1474
201764651	1474
201764776	1474
201764901	1474
201765029	1474
201765235	1474
201765432	1474
201765660	1474
201765791	1474
201765913	1474
201766039	1474
201766166	1474
201766403	1474
201766554	1474
201766734	1474
201766978	1474
202565415	1474
202565559	1474
202565701	1474
202565839	1474
202565978	1474
202566118	1474
202566255	1474
202566460	1474
202566606	1474
202566806	1474
202566965	1474
202567105	1474
202567244	1474
202567400	1474
202567566	1474
202567729	1474
203362577	1474
203362804	1474
203363003	1474
203363142	1474
203363281	1474
203363432	1474
203363572	1474
203363708	1474
203363847	1474
203363987	1474
203364130	1474
203364266	1474
203364412	1474
203364552	1474
203364690	1474
203364832	1474
203364993	1474
203365135	1474
204163147	1474
204163263	1474
204163412	1474
204163528	1474
204163629	1474
204163752	1474
204163860	1474
204163959	1474
204164067	1474
204164170	1474
204164288	1474
204164402	1474
204164517	1474
204164625	1474
204164728	1474
204164829	1474
204164942	1474
204165042	1474
204962621	1474
204962733	1474
204962832	1474
204962974	1474
204963071	1474
204963166	1474
204963272	1474
204963374	1474
204963468	1474
204963564	1474
204963658	1474
204963752	1474
204963851	1474
204963943	1474
204964039	1474
204964134	1474
204964229	1474
205762094	1474
205762226	1474
205762435	1474
205762530	1474
205762629	1474
205762829	1474
205762928	1474
205763026	1474
205763121	1474
205763326	1474
205763434	1474
205763530	1474
205763626	1474
205763719	1474
205763812	1474
205763906	1474
205764004	1474
206562404	1474
206562532	1474
206562735	1474
206562835	1474
206562929	1474
206563130	1474
206563236	1474
206563333	1474
206563432	1474
206563526	1474
206563623	1474
206563719	1474
206563816	1474
206563911	1474
206564005	1474
206564100	1474
206564204	1474
207362015	1474
207362678	1474
207362789	1474
207363104	1474
207363260	1474
207363375	1474
207363585	1474
207363683	1474
207363779	1474
207363904	1474
207364003	1474
207364111	1474
207364251	1474
207364359	1474
207364449	1474
207364544	1474
207364648	1474
208162026	1474
208162360	1474
208162587	1474
208162736	1474
208162927	1474
208163100	1474
208163261	1474
208163400	1474
208163563	1474
208163711	1474
208163850	1474
208163982	1474
208164128	1474
208164267	1474
208164405	1474
208164539	1474
208164674	1474
208961620	1474
208961734	1474
208961826	1474
208961915	1474
208962003	1474
208962097	1474
208962214	1474
208962496	1474
208962592	1474
208962682	1474
208962777	1474
208962866	1474
208962959	1474
208963049	1474
208963156	1474
208963242	1474
208963336	1474
209761586	1474
209761697	1474
209761792	1474
209761889	1474
209761981	1474
209762083	1474
209762177	1474
209762328	1474
209762430	1474
209762523	1474
209762616	1474
209762705	1474
209762799	1474
209762895	1474
209762985	1474
209763086	1474
209763180	1474
210561697	1474
210561805	1474
210561902	1474
210562004	1474
210562100	1474
210562216	1474
210562350	1474
210562441	1474
210562536	1474
210562630	1474
210562722	1474
210562812	1474
210562903	1474
210563003	1474
210563097	1474
210563187	1474
210563276	1474
210563364	1474
211361329	1474
211361440	1474
211361535	1474
211361677	1474
211361772	1474
211361898	1474
211362001	1474
211362097	1474
211362229	1474
211362371	1474
211362457	1474
211362549	1474
211362652	1474
211362751	1474
211362864	1474
211362991	1474
211363114	1474
212161709	1474
212161825	1474
212162115	1474
212162248	1474
212162403	1474
212162512	1474
212162608	1474
212162714	1474
212162828	1474
212162941	1474
212163048	1474
212163160	1474
212163271	1474
212163365	1474
212163451	1474
212163545	1474
212163657	1474
212163753	1474
212961810	1474
212961982	1474
212962077	1474
212962195	1474
212962326	1474
212962459	1474
212962555	1474
212962656	1474
212962763	1474
212962873	1474
212962970	1474
212963083	1474
212963200	1474
212963294	1474
212963389	1474
212963479	1474
213761494	1474
213761607	1474
213761715	1474
213761908	1474
213762008	1474
213762156	1474
213762310	1474
213762506	1474
213762620	1474
213762717	1474
213762839	1474
213762950	1474
213763045	1474
213763157	1474
213763255	1474
213763372	1474
213763465	1474
213763558	1474
214561629	1474
214561794	1474
214561901	1474
214562130	1474
214562261	1474
214562402	1474
214562493	1474
214562611	1474
214562715	1474
214562837	1474
214562954	1474
214563054	1474
214563173	1474
214563289	1474
214563387	1474
214563500	1474
214563609	1474
214563709	1474
215361491	1474
215361607	1474
215361804	1474
215361904	1474
215362017	1474
215362116	1474
215362233	1474
215362460	1474
215362562	1474
215362672	1474
215362777	1474
215362880	1474
215362981	1474
215363080	1474
215363180	1474
215363281	1474
215363379	1474
216161593	1474
216161720	1474
216161969	1474
216162167	1474
216162327	1474
216162583	1474
216162694	1474
216162788	1474
216162906	1474
216163006	1474
216163120	1474
216163236	1474
216163337	1474
216163459	1474
216163578	1474
216163688	1474
216163788	1474
216163886	1474
216961294	1474
216961415	1474
216961517	1474
216961631	1474
216961732	1474
216961833	1474
216961931	1474
216962034	1474
216962134	1474
216962333	1474
216962447	1474
216962548	1474
216962662	1474
216962761	1474
216962866	1474
216962966	1474
216963065	1474
216963166	1474
217762395	1474
217762501	1474
217762634	1474
217762752	1474
217762853	1474
217762976	1474
217763098	1474
217763198	1474
217763306	1474
217763419	1474
217763550	1474
217763652	1474
217763767	1474
217763883	1474
217763979	1474
217764087	1474
217764203	1474
218560743	1474
218560848	1474
218560940	1474
218561041	1474
218561138	1474
218561251	1474
218561373	1474
218561497	1474
218561598	1474
218561690	1474
218561804	1474
218561905	1474
218562001	1474
218562103	1474
218562228	1474
218562370	1474
218562487	1474
219360949	1474
219361065	1474
219361177	1474
219361291	1474
219361390	1474
219361509	1474
219361630	1474
219361732	1474
219361831	1474
219361946	1474
219362058	1474
219362159	1474
219362261	1474
219362444	1474
219362547	1474
219362649	1474
219362758	1474
219362871	1474
220161054	1474
220161214	1474
220161311	1474
220161425	1474
220161531	1474
220161631	1474
220161803	1474
220161905	1474
220162012	1474
220162119	1474
220162236	1474
220162400	1474
220162501	1474
220162615	1474
220162711	1474
220162824	1474
220962435	1474
220962551	1474
220962647	1474
220962744	1474
220962833	1474
220962944	1474
220963257	1474
220963366	1474
220963462	1474
220963562	1474
220963682	1474
220963779	1474
220963889	1474
220964007	1474
220964105	1474
220964202	1474
220964330	1474
220964428	1474
221762689	1474
221762805	1474
221762917	1474
221763018	1474
221763123	1474
221763238	1474
221763354	1474
221763454	1474
221763553	1474
221763651	1474
221763757	1474
221763855	1474
221763953	1474
221764065	1474
221764163	1474
221764274	1474
221764378	1474
222562438	1474
222562566	1474
222562689	1474
222562812	1474
222562934	1474
222563056	1474
222563190	1474
222563314	1474
222563437	1474
222563563	1474
222563688	1474
222563810	1474
222563931	1474
222564055	1474
222564205	1474
222564330	1474
222564453	1474
222564577	1474
223361713	1474
223361810	1474
223361901	1474
223362018	1474
223362120	1474
223362608	1474
223362718	1474
223362819	1474
223362917	1474
223363032	1474
223363130	1474
223363238	1474
223363343	1474
223363441	1474
223363544	1474
223363642	1474
223363739	1474
224161420	1474
224161514	1474
224161602	1474
224161694	1474
224161788	1474
224161881	1474
224161973	1474
224162065	1474
224162256	1474
224162392	1474
224162491	1474
224162585	1474
224162680	1474
224162773	1474
224162871	1474
224162966	1474
224961799	1474
224961893	1474
224961984	1474
224962090	1474
224962182	1474
224962369	1474
224962468	1474
224962560	1474
224962652	1474
224962745	1474
224962837	1474
224962929	1474
224963035	1474
224963130	1474
224963222	1474
224963313	1474
224963404	1474
224963495	1474
225761894	1474
225761998	1474
225762092	1474
225762242	1474
225762393	1474
225762596	1474
225762692	1474
225762876	1474
225762981	1474
225763075	1474
225763169	1474
225763265	1474
225763359	1474
225763453	1474
225763544	1474
225763636	1474
225763727	1474
226561289	1474
226561385	1474
226561481	1474
226561575	1474
226561670	1474
226561766	1474
226561980	1474
226562081	1474
226562176	1474
226562312	1474
226562409	1474
226562505	1474
226562610	1474
226562702	1474
226562796	1474
226562890	1474
226562993	1474
227360104	1474
227360218	1474
227360314	1474
227360412	1474
227360507	1474
227360605	1474
227360698	1474
227360791	1474
227360884	1474
227360991	1474
227361085	1474
227361179	1474
227361275	1474
227361368	1474
227361463	1474
227361557	1474
227361655	1474
227361750	1474
228161785	1474
228161875	1474
228161987	1474
228162086	1474
228162183	1474
228162356	1474
228162456	1474
228162553	1474
228162649	1474
228162766	1474
228162865	1474
228162971	1474
228163091	1474
228163191	1474
228163287	1474
228163385	1474
228163502	1474
228962639	1474
228962779	1474
228962958	1474
228963172	1474
228963449	1474
228963642	1474
228963922	1474
228964116	1474
228964259	1474
228964395	1474
228964538	1474
228964675	1474
228964815	1474
228964966	1474
228965107	1474
228965244	1474
228965386	1474
229761550	1474
229761650	1474
229761789	1474
229761908	1474
229762065	1474
229762452	1474
229762554	1474
229762651	1474
229762776	1474
229762876	1474
229762992	1474
229763116	1474
229763270	1474
229763372	1474
229763656	1474
229763765	1474
229763863	1474
229763990	1474
230560996	1474
230561107	1474
230561229	1474
230561330	1474
230561482	1474
230561741	1474
230561842	1474
230561937	1474
230562058	1474
230562158	1474
230562311	1474
230562420	1474
230562516	1474
230562640	1474
230562747	1474
230562851	1474
230562978	1474
230563093	1474
231361065	1474
231361164	1474
231361261	1474
231361395	1474
231361497	1474
231361814	1474
231361915	1474
231362027	1474
231362177	1474
231362434	1474
231362598	1474
231362705	1474
231362803	1474
231362901	1474
231363001	1474
231363098	1474
231363195	1474
231363293	1474
232160782	1474
232160879	1474
232160975	1474
232161072	1474
232161163	1474
232161256	1474
232161352	1474
232161449	1474
232161544	1474
232161652	1474
232161751	1474
232161845	1474
232161941	1474
232162036	1474
232162131	1474
232162226	1474
232162354	1474
232162456	1474
232962731	1474
232962874	1474
232963049	1474
232963269	1474
232963921	1474
232964089	1474
232964234	1474
232964377	1474
232964525	1474
232964670	1474
232964808	1474
232964946	1474
232965085	1474
232965222	1474
232965368	1474
232965504	1474
232965655	1474
232965817	1474
233760560	1474
233760665	1474
233760752	1474
233760856	1474
233760933	1474
233761020	1474
233761126	1474
233761213	1474
233761327	1474
233761423	1474
233761525	1474
233761616	1474
233761706	1474
233761809	1474
233761893	1474
233761981	1474
233762083	1474
233762194	1474
234560732	1474
234560834	1474
234560921	1474
234561021	1474
234561109	1474
234561211	1474
234561313	1474
234561412	1474
234561503	1474
234561591	1474
234561686	1474
234561765	1474
234561852	1474
234561960	1474
234562045	1474
234562141	1474
235361199	1474
235361318	1474
235361427	1474
235361523	1474
235361632	1474
235361930	1474
235362032	1474
235362152	1474
235362297	1474
235362399	1474
235362544	1474
235362824	1474
235362923	1474
235363462	1474
235363569	1474
235363776	1474
235363876	1474
236160513	1474
236160626	1474
236160723	1474
236160825	1474
236160928	1474
236161176	1474
236161279	1474
236161375	1474
236161473	1474
236161582	1474
236161682	1474
236161779	1474
236161885	1474
236161981	1474
236162079	1474
236162197	1474
236162329	1474
236162487	1474
236959371	1474
236959498	1474
236959604	1474
236959714	1474
236959807	1474
236959905	1474
236960015	1474
236960114	1474
236960232	1474
236960326	1474
236960444	1474
236960550	1474
236960650	1474
236960745	1474
236960843	1474
236960947	1474
237758827	1474
237758940	1474
237759106	1474
237759217	1474
237759313	1474
237759425	1474
237759548	1474
237759644	1474
237759737	1474
237759846	1474
237759945	1474
237760045	1474
237760153	1474
237760240	1474
237760338	1474
237760456	1474
237760574	1474
238559474	1474
238559637	1474
238559728	1474
238559821	1474
238559915	1474
238560012	1474
238560109	1474
238560307	1474
238560416	1474
238560510	1474
238560605	1474
238560694	1474
238560787	1474
238560881	1474
238560975	1474
238561069	1474
238561162	1474
238561257	1474
239360189	1474
239360284	1474
239360384	1474
239360478	1474
239360578	1474
239360784	1474
239360881	1474
239360976	1474
239361071	1474
239361169	1474
239361263	1474
239361367	1474
239361464	1474
239361559	1474
239361654	1474
239361747	1474
239361842	1474
239361936	1474
240158984	1474
240159111	1474
240159208	1474
240159305	1474
240159400	1474
240159494	1474
240159584	1474
240159682	1474
240159774	1474
240159870	1474
240159963	1474
240160058	1474
240160165	1474
240160259	1474
240160351	1474
240160445	1474
240160542	1474
240160637	1474
240958882	1474
240958996	1474
240959117	1474
240959213	1474
240959302	1474
240959400	1474
240959488	1474
240959582	1474
240959675	1474
240959769	1474
240959862	1474
240959956	1474
240960051	1474
240960158	1474
240960250	1474
240960345	1474
240960444	1474
241758570	1474
241758683	1474
241758771	1474
241758865	1474
241758954	1474
241759057	1474
241759150	1474
241759245	1474
241759339	1474
241759434	1474
241759521	1474
241759613	1474
241759705	1474
241759806	1474
241759900	1474
241759993	1474
241760099	1474
242558956	1474
242559083	1474
242559183	1474
242559280	1474
242559367	1474
242559462	1474
242559555	1474
242559649	1474
242559742	1474
242559838	1474
242559931	1474
242560106	1474
242560199	1474
242560297	1474
242560388	1474
242560482	1474
242560575	1474
243360817	1474
243360944	1474
243361064	1474
243361231	1474
243361478	1474
243361576	1474
243361668	1474
243361774	1474
243361889	1474
243361995	1474
243362096	1474
243362216	1474
243362371	1474
243362543	1474
243362640	1474
243362761	1474
243362875	1474
244158815	1474
244158945	1474
244159035	1474
244159132	1474
244159248	1474
244159478	1474
244159577	1474
244159666	1474
244159778	1474
244159880	1474
244159995	1474
244160101	1474
244160199	1474
244160301	1474
244160406	1474
244160523	1474
244160622	1474
244160737	1474
244958037	1474
244958566	1474
244958698	1474
244959005	1474
244959105	1474
244959210	1474
244959420	1474
244959528	1474
244959621	1474
244959725	1474
244959831	1474
244959947	1474
244960059	1474
244960157	1474
244960272	1474
244960380	1474
244960485	1474
245759027	1474
245759137	1474
245759318	1474
245759421	1474
245759536	1474
245759654	1474
245759761	1474
245759846	1474
245759938	1474
245760083	1474
245760184	1474
245760273	1474
245760374	1474
245760483	1474
245760578	1474
245760671	1474
246558872	1474
246558979	1474
246559072	1474
246559170	1474
246559264	1474
246559358	1474
246559461	1474
246559557	1474
246559669	1474
246559798	1474
246559893	1474
246559980	1474
246560082	1474
246560192	1474
246560287	1474
246560387	1474
246560478	1474
246560575	1474
247357899	1474
247358019	1474
247358117	1474
247358241	1474
247358371	1474
247358471	1474
247358589	1474
247358728	1474
247358823	1474
247358927	1474
247359024	1474
247359133	1474
247359229	1474
247359341	1474
247359462	1474
247359554	1474
247359659	1474
248159551	1474
248159696	1474
248159792	1474
248159885	1474
248159977	1474
248160069	1474
248160162	1474
248160253	1474
248160344	1474
248160435	1474
248160525	1474
248160626	1474
248160721	1474
248160812	1474
248160903	1474
248160995	1474
248161088	1474
248957373	1474
248957533	1474
248957655	1474
248957799	1474
248957921	1474
248958044	1474
248958164	1474
248958283	1474
248958448	1474
248958579	1474
248958701	1474
248958820	1474
248958940	1474
248959060	1474
248959178	1474
248959296	1474
249758120	1474
249758267	1474
249758435	1474
249758573	1474
249758693	1474
249758812	1474
249758930	1474
249759049	1474
249759167	1474
249759286	1474
249759404	1474
249759531	1474
249759650	1474
249759769	1474
249759888	1474
249760007	1474
249760125	1474
249760244	1474
250557681	1474
250557829	1474
250557983	1474
250558123	1474
250558257	1474
250558487	1474
250558697	1474
250558843	1474
250558984	1474
250559119	1474
250559259	1474
250559398	1474
250559547	1474
250559687	1474
250559826	1474
250559964	1474
251357653	1474
251357759	1474
251357878	1474
251358000	1474
251358328	1474
251358510	1474
251358605	1474
251358774	1474
251358901	1474
251359019	1474
251359129	1474
251359228	1474
251359325	1474
251359439	1474
251359560	1474
251359661	1474
251359793	1474
251359912	1474
252158913	1474
252159026	1474
252159132	1474
252159226	1474
252159320	1474
252159410	1474
252159521	1474
252159612	1474
252159707	1474
252159792	1474
252159899	1474
252159993	1474
252160087	1474
252160180	1474
252160291	1474
252160389	1474
252160579	1474
252957562	1474
252957854	1474
252957956	1474
252958091	1474
252958218	1474
252958350	1474
252958656	1474
252958757	1474
252958870	1474
252958979	1474
252959076	1474
252959171	1474
252959286	1474
252959385	1474
252959546	1474
252959642	1474
252959738	1474
252959828	1474
253756877	1474
253757148	1474
253757247	1474
253757343	1474
253757492	1474
253757592	1474
253757940	1474
253758040	1474
253758130	1474
253758244	1474
253758407	1474
253758510	1474
253758628	1474
253758750	1474
253758848	1474
253758946	1474
253759054	1474
253759165	1474
254558763	1474
254558875	1474
254558976	1474
254559075	1474
254559186	1474
254559284	1474
254559393	1474
254559516	1474
254559612	1474
254559710	1474
254559832	1474
254559950	1474
254560048	1474
254560145	1474
254560271	1474
254560380	1474
254560491	1474
255356822	1474
255356935	1474
255357039	1474
255357163	1474
255357278	1474
255357387	1474
255357501	1474
255357596	1474
255357701	1474
255357796	1474
255357893	1474
255357989	1474
255358085	1474
255358218	1474
255358372	1474
255358472	1474
255358581	1474
255358677	1474
256158220	1474
256158505	1474
256158604	1474
256158704	1474
256158814	1474
256159064	1474
256159162	1474
256159266	1474
256159366	1474
256159464	1474
256159574	1474
256159681	1474
256159798	1474
256159893	1474
256160005	1474
256160108	1474
256160215	1474
256956893	1474
256957056	1474
256957150	1474
256957249	1474
256957341	1474
256957433	1474
256957525	1474
256957617	1474
256957709	1474
256957800	1474
256957891	1474
256957982	1474
256958074	1474
256958166	1474
256958338	1474
256958431	1474
256958524	1474
256958616	1474
257756836	1474
257756945	1474
257757036	1474
257757131	1474
257757240	1474
257757331	1474
257757425	1474
257757517	1474
257757611	1474
257757702	1474
257757793	1474
257757884	1474
257757976	1474
257758077	1474
257758202	1474
257758362	1474
257758458	1474
258557316	1474
258557502	1474
258557595	1474
258557687	1474
258557778	1474
258557868	1474
258558054	1474
258558160	1474
258558284	1474
258558402	1474
258558494	1474
258558585	1474
258558681	1474
258558773	1474
258558868	1474
258558959	1474
258559050	1474
259356825	1474
259356944	1474
259357040	1474
259357129	1474
259357220	1474
259357412	1474
259357506	1474
259357591	1474
259357681	1474
259357772	1474
259357861	1474
259357975	1474
259358078	1474
259358170	1474
259358261	1474
259358395	1474
259358488	1474
259358579	1474
259889873	1474
259890113	1474
259890230	1474
259890363	1474
259890455	1474
259890546	1474
259890639	1474
259890733	1474
259890824	1474
259890928	1474
259891018	1474
259891108	1474
259891199	1474
259891290	1474
260689395	1474
260689597	1474
260689686	1474
260689974	1474
260690129	1474
260690278	1474
260690376	1474
260690466	1474
260690555	1474
260690647	1474
260690745	1474
260690828	1474
260690927	1474
260691018	1474
260691111	1474
261489462	1474
261489568	1474
261489658	1474
261489749	1474
261489887	1474
261489987	1474
261490077	1474
261490168	1474
261490296	1474
261490390	1474
261490481	1474
261490574	1474
261490664	1474
261490754	1474
261490858	1474
261490950	1474
261491041	1474
262289711	1474
262289944	1474
262290040	1474
262290131	1474
262290312	1474
262290408	1474
262290499	1474
262290591	1474
262290684	1474
262290775	1474
262290877	1474
262290968	1474
262291055	1474
262291145	1474
262291233	1474
262291324	1474
262291412	1474
263093227	1474
263093319	1474
263093413	1474
263093502	1474
263093617	1474
263093714	1474
263093927	1474
263094030	1474
263094123	1474
263094368	1474
263094464	1474
263094558	1474
263094650	1474
263094748	1474
263094844	1474
263094931	1474
263095023	1474
263889313	1474
263889514	1474
263889602	1474
263889872	1474
263889969	1474
263890109	1474
263890196	1474
263890350	1474
263890443	1474
263890539	1474
263890630	1474
263890962	1474
263891060	1474
263891153	1474
263891245	1474
263891336	1474
263891427	1474
263891519	1474
264689386	1474
264689593	1474
264689696	1474
264689783	1474
264689875	1474
264689960	1474
264690052	1474
264690143	1474
264690310	1474
264690403	1474
264690495	1474
264690594	1474
264690692	1474
264690784	1474
264690876	1474
264690968	1474
264691058	1474
265489479	1474
265489676	1474
265490002	1474
265490155	1474
265490321	1474
265490482	1474
265490655	1474
265490748	1474
265490836	1474
265490931	1474
265491015	1474
265491106	1474
265491198	1474
265491290	1474
265491383	1474
265491475	1474
265491568	1474
265491669	1474
266289462	1474
266289582	1474
266289908	1474
266289997	1474
266290090	1474
266290321	1474
266290435	1474
266290526	1474
266290628	1474
266290716	1474
266290807	1474
266290900	1474
266290992	1474
266291083	1474
266291174	1474
266291264	1474
266291355	1474
266291447	1474
267089096	1474
267089336	1474
267089432	1474
267089633	1474
267089726	1474
267089912	1474
267090005	1474
267090097	1474
267090184	1474
267090300	1474
267090532	1474
267090628	1474
267090720	1474
267090816	1474
267090906	1474
267090995	1474
267091083	1474
267889305	1474
267889562	1474
267889779	1474
267889883	1474
267890074	1474
267890170	1474
267890324	1474
267890425	1474
267890530	1474
267890622	1474
267890716	1474
267890808	1474
267890899	1474
267890993	1474
267891085	1474
267891176	1474
267891267	1474
267891358	1474
268693373	1474
268693544	1474
268693638	1474
268693732	1474
268693824	1474
268693915	1474
268694005	1474
268694097	1474
268694212	1474
268694336	1474
268694587	1474
268694686	1474
268694778	1474
268694875	1474
268694968	1474
268695062	1474
268695155	1474
268695247	1474
269755657	1474
269755759	1474
269755851	1474
269755942	1474
269756031	1474
269756123	1474
269756213	1474
269756307	1474
269756408	1474
269756499	1474
269756591	1474
269756686	1474
269756776	1474
269756867	1474
269756959	1474
269757051	1474
269757143	1474
269757235	1474
270555326	1474
270555438	1474
270555538	1474
270555631	1474
270555722	1474
270555815	1474
270555909	1474
270556001	1474
270556095	1474
270556187	1474
270556291	1474
270556387	1474
270556483	1474
270556585	1474
270556673	1474
270556763	1474
270556855	1474
271088751	1474
271088853	1474
271088945	1474
271089037	1474
271089130	1474
271089221	1474
271089326	1474
271089417	1474
271089511	1474
271089603	1474
271089696	1474
271089787	1474
271089877	1474
271089969	1474
271090060	1474
271090154	1474
271090251	1474
272156294	1474
272156389	1474
272156478	1474
272156572	1474
272156663	1474
272156879	1474
272156978	1474
272157072	1474
272157165	1474
272157273	1474
272157366	1474
272157460	1474
272157553	1474
272157648	1474
272157740	1474
272157833	1474
272157926	1474
272158020	1474
272689500	1474
272689610	1474
272689707	1474
272689802	1474
272689892	1474
272689986	1474
272690076	1474
272690180	1474
272690302	1474
272690508	1474
272690602	1474
272690701	1474
272690791	1474
272690885	1474
272690979	1474
272691072	1474
273488571	1474
273488720	1474
273488860	1474
273489095	1474
273489256	1474
273489450	1474
273489693	1474
273489834	1474
273489977	1474
273490128	1474
273490265	1474
273490480	1474
273490636	1474
273490857	1474
273491090	1474
273491284	1474
273491428	1474
273491565	1474
274287944	1474
274288173	1474
274288903	1474
274289094	1474
274289242	1474
274289380	1474
274289519	1474
274289657	1474
274289797	1474
274289934	1474
274290082	1474
274290222	1474
274290431	1474
274290572	1474
274290712	1474
274290849	1474
274291002	1474
275354983	1474
275355152	1474
275355296	1474
275355467	1474
275355663	1474
275355812	1474
275355963	1474
275356099	1474
275356239	1474
275356381	1474
275356517	1474
275356658	1474
275356794	1474
275356947	1474
275357084	1474
275357223	1474
275357359	1474
275357501	1474
276154739	1474
276154851	1474
276154973	1474
276155068	1474
276155165	1474
276155270	1474
276155393	1474
276155494	1474
276155594	1474
276155713	1474
276155807	1474
276155902	1474
276156002	1474
276156106	1474
276156247	1474
276156380	1474
276156477	1474
276687598	1474
276687714	1474
276687942	1474
276688040	1474
276688124	1474
276688233	1474
276688351	1474
276688449	1474
276688550	1474
276688639	1474
276688736	1474
276688865	1474
276688964	1474
276689081	1474
276689174	1474
276689272	1474
277487804	1474
277487922	1474
277488379	1474
277488598	1474
277488718	1474
277488826	1474
277488927	1474
277489045	1474
277489142	1474
277489243	1474
277489348	1474
277489447	1474
277489545	1474
277489643	1474
277489740	1474
277489850	1474
277489949	1474
278287658	1474
278287775	1474
278287872	1474
278287985	1474
278288081	1474
278288177	1474
278288290	1474
278288389	1474
278288498	1474
278288595	1474
278288692	1474
278288800	1474
278288905	1474
278289029	1474
278289127	1474
278289246	1474
278289345	1474
278289463	1474
279087305	1474
279087422	1474
279087922	1474
279088031	1474
279088119	1474
279088237	1474
279088334	1474
279088446	1474
279088540	1474
279088636	1474
279089005	1474
279089108	1474
279089204	1474
279089433	1474
279089533	1474
279089651	1474
279089779	1474
279089880	1474
280154046	1474
280154267	1474
280154603	1474
280154769	1474
280154968	1474
280155173	1474
280155317	1474
280155474	1474
280155626	1474
280155768	1474
280155907	1474
280156044	1474
280156182	1474
280156322	1474
280156463	1474
280156599	1474
280156751	1474
280156887	1474
280687260	1474
280687374	1474
280687493	1474
280687602	1474
280687716	1474
280687811	1474
280687916	1474
280688014	1474
280688128	1474
280688219	1474
280688314	1474
280688436	1474
280688555	1474
280688665	1474
280688778	1474
280688888	1474
281487603	1474
281487718	1474
281487829	1474
281487981	1474
281488085	1474
281488386	1474
281488486	1474
281488587	1474
281488700	1474
281488795	1474
281488910	1474
281489029	1474
281489127	1474
281489229	1474
281489321	1474
281489418	1474
281489544	1474
282287238	1474
282287344	1474
282287439	1474
282287575	1474
282287669	1474
282287811	1474
282287935	1474
282288033	1474
282288140	1474
282288238	1474
282288360	1474
282288455	1474
282288558	1474
282288677	1474
282288810	1474
282288908	1474
282289016	1474
282289135	1474
283355837	1474
283355951	1474
283356067	1474
283356159	1474
283356249	1474
283356346	1474
283356761	1474
283356858	1474
283356971	1474
283357074	1474
283357182	1474
283357280	1474
283357394	1474
283357501	1474
283357602	1474
283357711	1474
283357805	1474
283357901	1474
283887180	1474
283887284	1474
283887519	1474
283887617	1474
283887727	1474
283887840	1474
283887954	1474
283888069	1474
283888165	1474
283888277	1474
283888388	1474
283888499	1474
283888592	1474
283888689	1474
283888800	1474
283888909	1474
283889001	1474
284688355	1474
284688447	1474
284688561	1474
284688653	1474
284688739	1474
284688873	1474
284688969	1474
284689074	1474
284689176	1474
284689321	1474
284689431	1474
284689519	1474
284689618	1474
284689714	1474
284689810	1474
284689920	1474
284690016	1474
285753166	1474
285753295	1474
285753584	1474
285753685	1474
285753775	1474
285753868	1474
285753977	1474
285754074	1474
285754170	1474
285754356	1474
285754555	1474
285754850	1474
285754994	1474
285755119	1474
285755219	1474
285755324	1474
285755446	1474
285755545	1474
286554358	1474
286554480	1474
286554570	1474
286554681	1474
286554774	1474
286554881	1474
286554971	1474
286555065	1474
286555160	1474
286555276	1474
286555398	1474
286555494	1474
286555601	1474
286555714	1474
286555825	1474
286555922	1474
286556011	1474
286556120	1474
287353425	1474
287353549	1474
287353794	1474
287353903	1474
287354005	1474
287354261	1474
287354426	1474
287354534	1474
287354658	1474
287354752	1474
287354849	1474
287354948	1474
287355045	1474
287355156	1474
287355259	1474
287355358	1474
287355456	1474
287355554	1474
288153383	1474
288153507	1474
288153620	1474
288153711	1474
288153811	1474
288153908	1474
288154006	1474
288154104	1474
288154335	1474
288154453	1474
288154550	1474
288154680	1474
288154780	1474
288154895	1474
288155022	1474
288155131	1474
288155254	1474
288155366	1474
288953524	1474
288953647	1474
288953986	1474
288954099	1474
288954193	1474
288954386	1474
288954490	1474
288954590	1474
288954715	1474
288954818	1474
288954938	1474
288955038	1474
288955154	1474
288955246	1474
288955341	1474
288955436	1474
288955532	1474
289753279	1474
289753398	1474
289753503	1474
289753600	1474
289753696	1474
289753786	1474
289753885	1474
289753983	1474
289754092	1474
289754204	1474
289754332	1474
289754490	1474
289754607	1474
289754704	1474
289754801	1474
289754897	1474
289754994	1474
290553672	1474
290553788	1474
290553884	1474
290553976	1474
290554074	1474
290554167	1474
290554314	1474
290554410	1474
290554505	1474
290554598	1474
290554689	1474
290554785	1474
290554876	1474
290554969	1474
290555069	1474
290555163	1474
290555256	1474
290555347	1474
291353347	1474
291353461	1474
291353551	1474
291353644	1474
291353736	1474
291353827	1474
291353920	1474
291354021	1474
291354116	1474
291354231	1474
291354384	1474
291354480	1474
291354571	1474
291354660	1474
291354752	1474
291354844	1474
291354937	1474
291355037	1474
292153157	1474
292153270	1474
292153359	1474
292153451	1474
292153542	1474
292153634	1474
292153724	1474
292153817	1474
292153910	1474
292154011	1474
292154103	1474
292154216	1474
292154356	1474
292154451	1474
292154544	1474
292154637	1474
292953477	1474
292953602	1474
292953696	1474
292953788	1474
292953879	1474
292953985	1474
292954077	1474
292954168	1474
292954283	1474
292954485	1474
292954581	1474
292954673	1474
292954761	1474
292954853	1474
292954956	1474
292955052	1474
292955143	1474
292955236	1474
293753780	1474
293753884	1474
293753977	1474
293754068	1474
293754159	1474
293754274	1474
293754429	1474
293754524	1474
293754613	1474
293754703	1474
293754786	1474
293754897	1474
293754991	1474
293755083	1474
293755174	1474
293755265	1474
293755355	1474
293755446	1474
294554982	1474
294555117	1474
294555249	1474
294555382	1474
294555602	1474
294555790	1474
294555947	1474
294556081	1474
294556214	1474
294556347	1474
294556481	1474
294556615	1474
294556748	1474
294556890	1474
294557024	1474
294557159	1474
294557292	1474
294557425	1474
295353602	1474
295353695	1474
295353794	1474
295353886	1474
295353978	1474
295354070	1474
295354161	1474
295354307	1474
295354407	1474
295354499	1474
295354591	1474
295354681	1474
295354783	1474
295354883	1474
295354975	1474
295355068	1474
295355160	1474
296153896	1474
296153997	1474
296154098	1474
296154187	1474
296154338	1474
296154669	1474
296154777	1474
296154868	1474
296154957	1474
296155046	1474
296155138	1474
296155228	1474
296155317	1474
296155406	1474
296155496	1474
296155586	1474
296155675	1474
296155789	1474
296954792	1474
296954884	1474
296954974	1474
296955064	1474
296955155	1474
296955245	1474
296955331	1474
296955420	1474
296955509	1474
296955600	1474
296955696	1474
296955787	1474
296955877	1474
296955967	1474
296956056	1474
296956145	1474
296956236	1474
297754076	1474
297754212	1474
297754402	1474
297754544	1474
297754688	1474
297754823	1474
297754956	1474
297755090	1474
297755227	1474
297755362	1474
297755495	1474
297755652	1474
297755789	1474
297755922	1474
297756055	1474
297756188	1474
297756322	1474
297756455	1474
298554553	1474
298554691	1474
298554825	1474
298554994	1474
298555199	1474
298555439	1474
298555586	1474
298555694	1474
298555799	1474
298555903	1474
298556006	1474
298556109	1474
298556216	1474
298556323	1474
298556425	1474
298556612	1474
298556711	1474
299353720	1474
299353812	1474
299353899	1474
299353986	1474
299354073	1474
299354159	1474
299354246	1474
299354371	1474
299354474	1474
299354564	1474
299354652	1474
299354740	1474
299354829	1474
299354918	1474
299355006	1474
299355101	1474
299355188	1474
300153258	1474
300153387	1474
300153489	1474
300153589	1474
300153686	1474
300153784	1474
300153881	1474
300153978	1474
300154076	1474
300154176	1474
300154336	1474
300154447	1474
300154547	1474
300154645	1474
300154745	1474
300154844	1474
300154941	1474
300155038	1474
300953653	1474
300953750	1474
300953847	1474
300953945	1474
300954097	1474
300954457	1474
300954702	1474
300954805	1474
300954905	1474
300955009	1474
300955106	1474
300955204	1474
300955302	1474
300955416	1474
300955515	1474
300955612	1474
300955709	1474
301753325	1474
301753532	1474
301753632	1474
301753731	1474
301753828	1474
301753925	1474
301754021	1474
301754119	1474
301754245	1474
301754402	1474
301754545	1474
301754646	1474
301754743	1474
301754848	1474
301755008	1474
301755110	1474
301755212	1474
301755344	1474
302818501	1474
302818759	1474
302819548	1474
302819774	1474
302819969	1474
302820124	1474
302820270	1474
302820405	1474
302820539	1474
302820673	1474
302820806	1474
302820940	1474
302821072	1474
302821215	1474
302821354	1474
302821513	1474
302821653	1474
302821788	1474
303353558	1474
303353651	1474
303353740	1474
303353829	1474
303353918	1474
303354007	1474
303354098	1474
303354221	1474
303354354	1474
303354468	1474
303354560	1474
303354653	1474
303354744	1474
303354831	1474
303354927	1474
303355014	1474
303355101	1474
304153258	1474
304153348	1474
304153437	1474
304153525	1474
304153614	1474
304153703	1474
304153790	1474
304153880	1474
304153987	1474
304154076	1474
304154178	1474
304154314	1474
304154408	1474
304154497	1474
304154587	1474
304154680	1474
304154787	1474
304954423	1474
304954567	1474
304954707	1474
304954881	1474
304955084	1474
304955316	1474
304955454	1474
304955589	1474
304955724	1474
304955902	1474
304956039	1474
304956185	1474
304956321	1474
304956458	1474
304956592	1474
304956727	1474
304956861	1474
