4134621	58
4332614	54
4498220	1474
4498376	1474
4498983	110
4626124	1474
4627076	1474
4627579	110
4628787	1474
4628992	82
4629238	1474
4629542	82
4750860	1474
4751621	1474
4751906	1474
4752088	138
4752244	1474
4752594	82
4753021	1474
4753227	82
4753701	1474
4753837	1474
4754094	110
4755473	1474
4755852	82
4875663	1474
4876252	1474
4876511	1474
4877109	138
4877575	1474
4877729	82
4878003	1474
4878128	82
4883215	1474
4883522	82
4884116	1474
4884333	82
4884479	1474
4884785	82
4885032	1474
4885191	82
4885330	1474
4885565	82
4885690	1474
4885976	82
4886169	1474
4886300	82
4886439	1474
4886627	82
4886994	1474
4887302	82
4887513	1474
4887632	82
5038691	1474
5038816	1474
5038946	1474
5039249	1474
5039459	1474
5066458	1474
5066812	1474
5067041	1474
5067299	1474
5067550	166
5068017	1474
7515232	1474
7523902	1474
7524540	1474
7539453	1474
7539771	1474
7540262	1474
7540830	1474
7565954	1474
7566166	1474
7566605	1474
7566839	1474
7567426	1474
7567874	1474
7568468	1474
7568683	1474
7598251	1474
7598488	1364
7598832	1474
7599479	194
7599682	1474
7599981	193
7600314	1474
7600596	1246
7620457	1474
7620851	1474
7621277	1474
7640676	1474
12565111	1474
12568341	1474
12568461	1474
12569518	1474
12569711	1474
12569835	1474
12570028	1474
12570174	1474
12570556	1474
12571101	1474
12571299	1474
12571513	1474
12571793	1474
12574791	1474
12574923	1474
12575045	1474
12575166	1474
12575295	1474
12575806	1474
12576188	1474
12576435	1474
12576867	1474
12577261	1474
12577610	1474
12578077	1474
12578355	1474
12578602	1474
12578925	1474
12579171	1474
12579464	1474
12579690	1474
12579820	1474
12580226	1474
12580469	1474
12580694	1474
12581025	1474
12581215	1474
12581371	1474
12581851	1474
12582622	1474
12582988	1474
12585743	1474
12585864	1474
12585972	1474
12586069	1474
12586168	1474
12587689	1474
12587810	1474
12588061	1474
12588281	1474
12588409	1474
12588783	1474
12589098	1474
12589338	1474
12589469	1474
12589734	1474
12589966	1474
12590097	1474
12590477	1474
12590721	1474
12591073	1474
12591295	1474
12591590	1474
12591822	1474
12592080	1474
12592308	1474
12592592	1474
12592825	1474
12593183	1474
12593395	1474
12593525	1474
12593829	1474
12594070	1474
12594317	1474
12594479	1474
12594782	1474
12595052	1474
12595277	1474
12595634	1474
12595918	1474
12596060	1474
12596389	1474
12596517	1474
12596641	1474
12596863	1474
12597041	422
12694475	1474
12694841	506
12694981	1474
12695103	82
12821857	1474
12822181	1474
12822657	110
12822799	1474
12822926	1474
12823126	110
12823257	1474
12823663	1474
12823887	110
12964117	1474
12964246	82
12964372	1474
12964548	82
12964653	1474
12965065	82
12965600	1474
12965715	1474
12965840	110
12966052	1474
12966322	1474
12966633	110
12966855	1474
12966995	1474
12967130	110
12967447	1474
12967671	82
12970548	1474
12970674	82
13084100	1474
13084284	1474
13084428	1474
13084551	138
13084674	1474
13085686	82
13086002	1474
13086532	1474
13087040	110
13087192	1474
13087354	82
13087514	1474
13087667	82
13087965	1474
13088234	1474
13088388	110
13088687	1474
13088801	1474
13089040	110
13089323	1474
13089480	82
13089837	1474
13089968	82
13090900	1474
13091631	82
13091829	1474
13092167	1474
13092410	110
13092770	1474
13093315	82
13093487	1474
13093705	82
13094037	1474
13094257	82
13094508	1474
13094816	82
13211418	1474
13211521	1474
13211647	110
13211771	1474
13211894	82
13212030	1474
13212168	82
13212289	1474
13212414	82
13212537	1474
13212661	82
13212782	1474
13212905	82
13213092	1474
13213232	82
13213502	1474
13213626	1474
13213750	1474
13213874	138
13214009	1474
13214158	82
13251746	1474
13252056	1474
13252218	1474
13252343	1474
13252466	1474
13252590	1474
13252690	1474
13252790	1474
13253092	1474
13253227	1474
13253369	1474
13253494	362
13254029	1474
13254153	1474
13291177	1474
13291372	1474
13291515	1474
13291636	1474
13291724	1474
13291846	1474
13291965	1474
13292117	1474
13292249	1474
13292399	1474
13292524	1474
13292626	1474
13292748	1474
13334236	1474
13334566	1474
13334708	1474
13334834	1474
13334972	1474
13335092	1474
13335240	1474
13335552	1474
13335964	1474
13336104	1474
13336438	1474
13336576	782
13337751	1474
13337891	82
13377274	1474
13377503	1474
13377601	1474
13377749	1474
13377872	1474
13378023	1474
13378165	1474
13378287	1474
13680808	1474
13681310	1474
13681551	1474
13681678	1474
13681778	1474
13681924	1474
13682075	1474
13682212	1474
13682323	1474
13682446	1474
13682548	1474
13682645	1474
13682783	1474
13719288	1474
13719536	1474
14480670	1474
14480809	1474
14481473	1474
14481776	1474
14481882	1474
14482081	1474
14482184	1474
14482332	1474
14482457	1474
14482610	1474
14482734	1474
14482835	1474
14482980	1474
14485099	1474
14523679	1474
14523795	1474
14523935	1474
15546724	1474
15546967	1474
15547087	1474
15547203	1474
15547320	1474
15547443	1474
15547580	1474
15547700	1474
15547824	1474
15547942	1474
15548062	1474
15548183	1474
15548301	1474
15591720	1474
15591985	1474
15592287	1474
15592416	1474
15592652	1474
15592749	1474
15592869	1474
15593037	1474
15593159	1474
16346759	1474
16347025	1474
16347147	1474
16347374	1474
16347502	1474
16347601	1474
16347735	1474
16347857	1474
16347976	1474
16348096	1474
16348216	1474
16348335	1474
16348431	1474
16348550	1474
16388222	1474
16882906	1474
16883057	1474
16883183	1474
16883382	1474
16883511	1474
16883624	1474
16883743	1474
16883969	1474
16884090	1474
16884209	1474
16884305	1474
16884425	1474
16884543	1474
16884661	1474
16924089	1474
17418178	1474
17418342	1474
17418477	1474
17418618	1474
17418738	1474
17418889	1474
17419033	1474
17419175	1474
17419317	1474
17419469	1474
17419642	1474
17419858	1474
17420035	1474
17949085	1474
17949217	1474
17949350	1474
17949474	1474
17949597	1474
17949720	1474
17949846	1474
17949976	1474
17950102	1474
17950227	1474
17950351	1474
17950477	1474
17950578	1474
18216540	1474
18216642	1474
18216768	1474
18216896	1474
18217108	1474
18217234	1474
18217335	1474
18217458	1474
18217587	1474
18217713	1474
18217839	1474
18217957	1474
18218070	1474
18749319	1474
18749445	1474
18749566	1474
18749694	1474
18749819	1474
18749974	1474
18750076	1474
18750216	1474
18750357	1474
18750476	1474
18750599	1474
19548651	1474
19548778	1474
19548902	1474
19549075	1474
19549229	1474
19549330	1474
19549454	1474
19549577	1474
19549675	1474
19549798	1474
19549922	1474
19550046	1474
19550301	1474
19550450	1474
19588255	1474
20349147	1474
20349280	1474
20349378	1474
20349498	1474
20349722	1474
20349884	1474
20350134	1474
20350280	1474
20350390	1474
20350609	1474
20350751	1474
20350876	1474
20351000	1474
20351126	1474
20353581	1474
20388784	1474
20389067	1474
20389199	1474
21152002	1474
21152131	1474
21152259	1474
21152384	1474
21152534	1474
21152805	1474
21152912	1474
21153536	1474
21153665	1474
21153792	1474
21153919	1474
21154045	1474
21154173	1474
21154271	1474
21158302	1474
21192710	1474
21193049	1474
21950263	1474
21950386	1474
21950528	1474
21950643	1474
21950772	1474
21950903	1474
21951025	1474
21951126	1474
21951249	1474
21951387	1474
21951486	1474
21951610	1474
21951741	1474
21951843	1474
21951966	1474
21992362	1474
21992639	1474
21992750	1474
22748345	1474
22748469	1474
22748566	1474
22748689	1474
22748811	1474
22748917	1474
22749123	1474
22749272	1474
22749395	1474
22749548	1474
22749671	1474
22749770	1474
22749902	1474
22750028	1474
22750155	1474
22788585	1474
22788928	1474
23549350	1474
23549454	1474
23549554	1474
23549654	1474
23549780	1474
23549903	1474
23550025	1474
23550164	1474
23550288	1474
23550410	1474
23550511	1474
23550636	1474
23550759	1474
23550884	1474
23551027	1474
23588960	1474
24352192	1474
24352348	1474
24352473	1474
24352599	1474
24352739	1474
24352864	1474
24353082	1474
24353220	1474
24353349	1474
24353456	1474
24353585	1474
24353716	1474
24353844	1474
24353973	1474
24354077	1474
24393113	1474
24393251	1474
24393353	1474
25152122	1474
25152229	1474
25152356	1474
25152494	1474
25152745	1474
25152881	1474
25153053	1474
25153289	1474
25153461	1474
25153574	1474
25153679	1474
25153809	1474
25153914	1474
25154042	1474
25154175	1474
25157539	1474
25193091	1474
25193195	1474
25951331	1474
25951461	1474
25951575	1474
25951702	1474
25951839	1474
25952140	1474
25952274	1474
25952420	1474
25952939	1474
25953125	1474
25953228	1474
25953327	1474
25953454	1474
25953600	1474
25953739	1474
25957318	1474
25992746	1474
26215384	1474
26215508	1474
26215666	1474
26215792	1474
26215924	1474
26216047	1474
26216224	1474
26216353	1474
26216487	1474
26216623	1474
26216763	1474
27016293	1474
27016444	1474
27016570	1474
27016689	1474
27016886	1474
27017213	1474
27017394	1474
27017925	1474
27018060	1474
27018202	1474
27018325	1474
27018466	1474
27018591	1474
27018724	1474
27018860	1474
27018960	1474
27021503	1474
28082678	1474
28082802	1474
28082899	1474
28083036	1474
28083159	1474
28083388	1474
28083515	1474
28083755	1474
28083878	1474
28084016	1474
28084139	1474
28084268	1474
28084398	1474
28084526	1474
28084630	1474
28084759	1474
28084887	1474
28882828	1474
28882952	1474
28883048	1474
28883205	1474
28883332	1474
28883551	1474
28883680	1474
28883801	1474
28883924	1474
28884155	1474
28884281	1474
28884405	1474
28884527	1474
28884648	1474
28884742	1474
28884875	1474
28885487	1474
28921476	1474
29683809	1474
29683958	1474
29684082	1474
29684209	1474
29684369	1474
29684495	1474
29684621	1474
29684762	1474
29684892	1474
29685060	1474
29685188	1474
29685330	1474
29685459	1474
29685580	1474
29685717	1474
29685841	1474
29725328	1474
29725691	1474
30485119	1474
30485264	1474
30485364	1474
30485595	1474
30485720	1474
30485873	1474
30486110	1474
30486239	1474
30486393	1474
30486679	1474
30486803	1474
30486903	1474
30487042	1474
30487167	1474
30487295	1474
30487439	1474
30489601	1474
30526059	1474
31281720	1474
31282189	1474
31282292	1474
31282394	1474
31282521	1474
31282663	1474
31282803	1474
31282943	1474
31283205	1474
31283337	1474
31283726	1474
31283900	1474
31284035	1474
31284158	1474
31284288	1474
31284389	1474
31323279	1474
32081769	1474
32082041	1474
32082164	1474
32082287	1474
32082409	1474
32082531	1474
32082657	1474
32082897	1474
32083027	1474
32083407	1474
32083537	1474
32083632	1474
32083858	1474
32083954	1474
32084074	1474
32084193	1474
32122138	1474
32122448	1474
32883258	1474
32883730	1474
32883980	1474
32884101	1474
32884222	1474
32884461	1474
32884588	1474
32884710	1474
32884829	1474
32885094	1474
32885222	1474
32885342	1474
32885468	1474
32885590	1474
32885719	1474
32885838	1474
32887976	1474
32888096	1474
33683136	1474
33683349	1474
33683484	1474
33683605	1474
33683830	1474
33683932	1474
33684058	1474
33684154	1474
33684274	1474
33684392	1474
33684507	1474
33684627	1474
33684746	1474
33684864	1474
33685025	1474
33685138	1474
33685259	1474
33723342	1474
34484672	1474
34484806	1474
34485024	1474
34485162	1474
34485309	1474
34485436	1474
34485581	1474
34485722	1474
34485849	1474
34485976	1474
34486095	1474
34486239	1474
34486368	1474
34486496	1474
34486613	1474
34486738	1474
34486865	1474
35285369	1474
35285501	1474
35285626	1474
35285744	1474
35285871	1474
35285991	1474
35286114	1474
35286293	1474
35286439	1474
35286549	1474
35286682	1474
35286811	1474
35286939	1474
35287068	1474
35287210	1474
35287336	1474
35287478	1474
35330554	1474
36084129	1474
36084458	1474
36084604	1474
36084709	1474
36084924	1474
36085098	1474
36085267	1474
36085398	1474
36085541	1474
36085692	1474
36085817	1474
36085965	1474
36086067	1474
36086214	1474
36086337	1474
36086531	1474
36086662	1474
36127449	1474
36882873	1474
36883053	1474
36883226	1474
36883347	1474
36883470	1474
36883763	1474
36883941	1474
36884068	1474
36884681	1474
36884810	1474
36885065	1474
36885195	1474
36885335	1474
36885464	1474
36885576	1474
36885705	1474
36885825	1474
37682848	1474
37683025	1474
37683286	1474
37683430	1474
37683581	1474
37683845	1474
37684212	1474
37684468	1474
37684719	1474
37684822	1474
37685220	1474
37685347	1474
37685484	1474
37685605	1474
37685745	1474
37685883	1474
37685974	1474
37686117	1474
38483591	1474
38483767	1474
38483902	1474
38484173	1474
38484276	1474
38484438	1474
38484592	1474
38485629	1474
38485808	1474
38486014	1474
38486155	1474
38486267	1474
38486402	1474
38486524	1474
38486669	1474
38486809	1474
38486929	1474
39554330	1474
39554456	1474
39554581	1474
39554737	1474
39554868	1474
39555165	1474
39555306	1474
39555433	1474
39555722	1474
39555826	1474
39555973	1474
39556096	1474
39556324	1474
39556448	1474
39556598	1474
39556734	1474
39556858	1474
39557071	1474
40085437	1474
40085563	1474
40085685	1474
40085816	1474
40085940	1474
40086069	1474
40086191	1474
40086394	1474
40086727	1474
40086833	1474
40086977	1474
40087117	1474
40087241	1474
40087348	1474
40087470	1474
40087599	1474
40087718	1474
40885318	1474
40885441	1474
40885584	1474
40885718	1474
40885825	1474
40886061	1474
40886194	1474
40886326	1474
40886462	1474
40886603	1474
40886732	1474
40886862	1474
40886968	1474
40887099	1474
40887228	1474
40887357	1474
40887521	1474
41954833	1474
41954966	1474
41955098	1474
41955220	1474
41955321	1474
41955463	1474
41955585	1474
41955718	1474
41955842	1474
41955951	1474
41956050	1474
41956172	1474
41956304	1474
41956452	1474
41956576	1474
41956678	1474
41956821	1474
41956944	1474
42483503	1474
42483680	1474
42483868	1474
42484010	1474
42484132	1474
42484234	1474
42484364	1474
42484487	1474
42484609	1474
42484733	1474
42484838	1474
42484992	1474
42485166	1474
42485290	1474
42485407	1474
42485528	1474
42485657	1474
43283518	1474
43283695	1474
43284498	1474
43284747	1474
43284934	1474
43285812	1474
43285962	1474
43286175	1474
43286317	1474
43286440	1474
43286562	1474
43286704	1474
43286831	1474
43286995	1474
43287118	1474
43287254	1474
43287377	1474
44083635	1474
44083932	1474
44084178	1474
44084345	1474
44084513	1474
44084707	1474
44084933	1474
44085275	1474
44085491	1474
44085689	1474
44085851	1474
44085993	1474
44086168	1474
44086332	1474
44086497	1474
44086659	1474
44086824	1474
44883967	1474
44884165	1474
44884370	1474
44884540	1474
44884706	1474
44884873	1474
44885094	1474
44885250	1474
44885443	1474
44885616	1474
44885761	1474
44885925	1474
44886064	1474
44886203	1474
44886358	1474
44886519	1474
44886685	1474
45683862	1474
45684129	1474
45684374	1474
45684556	1474
45684744	1474
45684907	1474
45685122	1474
45685274	1474
45685444	1474
45685608	1474
45685773	1474
45685935	1474
45686098	1474
45686258	1474
45686429	1474
45686613	1474
45686774	1474
45686940	1474
46752973	1474
46753194	1474
46753394	1474
46753626	1474
46753925	1474
46754092	1474
46754260	1474
46754422	1474
46754595	1474
46754759	1474
46754900	1474
46755065	1474
46755205	1474
46755368	1474
46755531	1474
46755705	1474
46755891	1474
46756055	1474
47553635	1474
47553812	1474
47554042	1474
47554285	1474
47554529	1474
47554698	1474
47554881	1474
47555048	1474
47555216	1474
47555378	1474
47555512	1474
47555680	1474
47555855	1474
47556018	1474
47556185	1474
47556348	1474
47556514	1474
47556657	1474
48350672	1474
48350871	1474
48351131	1474
48351612	1474
48351833	1474
48352109	1474
48352331	1474
48352908	1474
48353189	1474
48353384	1474
48353546	1474
48353707	1474
48353842	1474
48354042	1474
48354207	1474
48354370	1474
48354531	1474
48354692	1474
49151156	1474
49151498	1474
49151706	1474
49151849	1474
49152769	1474
49153027	1474
49153424	1474
49153560	1474
49153686	1474
49153803	1474
49153928	1474
49154069	1474
49154196	1474
49154297	1474
49154421	1474
49154555	1474
49154679	1474
49154808	1474
49951457	1474
49951917	1474
49952901	1474
49953189	1474
49953358	1474
49953616	1474
49953753	1474
49953878	1474
49954002	1474
49954126	1474
49954269	1474
49954371	1474
49954472	1474
49954583	1474
49954705	1474
49954829	1474
49954953	1474
49955101	1474
50753763	1474
50753895	1474
50754019	1474
50754159	1474
50754368	1474
50754513	1474
50754640	1474
50754758	1474
50754883	1474
50755006	1474
50755130	1474
50755254	1474
50755403	1474
50755530	1474
50755658	1474
50755788	1474
50755943	1474
50756174	1474
51551088	1474
51551380	1474
51551561	1474
51551746	1474
51551982	1474
51552242	1474
51552429	1474
51552660	1474
51552853	1474
51553090	1474
51553256	1474
51553417	1474
51553567	1474
51553702	1474
51553862	1474
51553997	1474
51554155	1474
51554315	1474
52351637	1474
52351904	1474
52352074	1474
52352278	1474
52352481	1474
52352737	1474
52353182	1474
52353445	1474
52353612	1474
52353791	1474
52353952	1474
52354112	1474
52354278	1474
52354441	1474
52354578	1474
52354755	1474
52354916	1474
52355080	1474
53424177	1474
53424403	1474
53424847	1474
53425063	1474
53425273	1474
53425416	1474
53425576	1474
53425753	1474
53425911	1474
53426082	1474
53426240	1474
53426398	1474
53426559	1474
53426691	1474
53426823	1474
53426987	1474
53427147	1474
53427307	1474
53951281	1474
53951650	1474
53951791	1474
53951954	1474
53952126	1474
53952320	1474
53952541	1474
53953142	1474
53953324	1474
53953513	1474
53953703	1474
53953840	1474
53954002	1474
53954154	1474
53954316	1474
53954477	1474
53954614	1474
55027673	1474
55027839	1474
55028002	1474
55028218	1474
55028522	1474
55028847	1474
55029104	1474
55029468	1474
55029634	1474
55029797	1474
55029958	1474
55030121	1474
55030298	1474
55030461	1474
55030598	1474
55030762	1474
55030899	1474
55031061	1474
55834347	1474
55834518	1474
55834712	1474
55834931	1474
55835157	1474
55835334	1474
55835501	1474
55835665	1474
55835803	1474
55835966	1474
55836129	1474
55836268	1474
55836444	1474
55836608	1474
55873674	1474
55874086	1474
55874409	1474
55875294	1474
55879148	1474
56958833	1474
56960400	1474
56960682	1474
56964918	1474
56965131	1474
57001346	1474
57001671	1474
57001838	1474
57050329	1474
57050631	1474
57050798	1474
57105867	1474
57106069	1474
57106213	1474
57152275	1474
57152580	1474
57152750	1474
57152916	1474
57198751	1474
57198913	1474
57199048	1474
57199212	1474
57427118	1474
57427256	1474
57427424	1474
57427586	1474
57469842	1474
57470095	1474
57470261	1474
57470422	1474
57533121	1474
57533411	1474
57533555	1474
57533681	1474
57533804	1474
57581926	1474
57582183	1474
57582349	1474
57582511	1474
58228633	1474
58228901	1474
58229179	1474
58229634	1474
58229803	1474
58236380	1474
58269297	1474
58269543	1474
58269709	1474
58269891	1474
58270054	1474
58314333	1474
58314578	1474
58314720	1474
58314900	1474
58315062	1474
58357854	1474
59021448	1474
59021612	1474
59021784	1474
59022039	1474
59022260	1474
59022564	1474
59027136	1474
59066528	1474
59066776	1474
59066917	1474
59067142	1474
59067304	1474
59067463	1474
59112018	1474
59112270	1474
59112435	1474
59112597	1474
59112758	1474
59828841	1474
59829087	1474
59829300	1474
59829534	1474
59829817	1474
59829985	1474
59833393	1474
59833560	1474
59870222	1474
59870400	1474
59870537	1474
59870698	1474
59870878	1474
59871041	1474
59871184	1474
59910598	1474
59910926	1474
59911090	1474
60622102	1474
60622275	1474
60622412	1474
60622579	1474
60622770	1474
60622918	1474
60623098	1474
60627002	1474
60662366	1474
60662620	1474
60662786	1474
60662946	1474
60663108	1474
60663281	1474
60663444	1474
60702407	1474
60702676	1474
61161289	1474
61161636	1474
61161869	1474
61162392	1474
61162562	1474
61162699	1474
61162862	1474
61204468	1474
61204652	1474
61204834	1474
61205047	1474
61205220	1474
61959363	1474
61959508	1474
61959635	1474
61959787	1474
61959944	1474
61960181	1474
61960309	1474
61960537	1474
61963842	1474
62000330	1474
62000475	1474
62000588	1474
62000715	1474
62000867	1474
62001063	1474
62001237	1474
62001369	1474
62042277	1474
62759681	1474
62759824	1474
62759967	1474
62760128	1474
62760235	1474
62760391	1474
62760632	1474
62760837	1474
62764494	1474
62799251	1474
62799396	1474
62799520	1474
62799644	1474
62799863	1474
62799968	1474
62800093	1474
62800216	1474
62838420	1474
63558263	1474
63558367	1474
63558469	1474
63558593	1474
63558719	1474
63558860	1474
63559003	1474
63559134	1474
63559286	1474
63598301	1474
63598446	1474
63598545	1474
63598668	1474
63598785	1474
63598922	1474
63599060	1474
63599159	1474
63599284	1474
64358538	1474
64358663	1474
64358790	1474
64358914	1474
64359080	1474
64359204	1474
64359349	1474
64359468	1474
64359592	1474
64398425	1474
64398550	1474
64398645	1474
64398770	1474
64398910	1474
64399050	1474
64399164	1474
64399281	1474
64399406	1474
65423887	1474
65424019	1474
65424138	1474
65424276	1474
65424410	1474
65424533	1474
65424656	1474
65424781	1474
65424904	1474
65462382	1474
65462561	1474
65462677	1474
65462819	1474
65462942	1474
65463090	1474
65463229	1474
65463362	1474
65463509	1474
66227594	1474
66227721	1474
66227865	1474
66227991	1474
66228103	1474
66228230	1474
66228400	1474
66228636	1474
66228762	1474
66232489	1474
66267846	1474
66268046	1474
66268191	1474
66268291	1474
66268446	1474
66268571	1474
66268672	1474
66268806	1474
66268955	1474
67023313	1474
67023438	1474
67023564	1474
67023686	1474
67023785	1474
67024008	1474
67024135	1474
67024341	1474
67024466	1474
67024597	1474
67027641	1474
67063087	1474
67063369	1474
67063675	1474
67063810	1474
67826861	1474
67826959	1474
67827078	1474
67827196	1474
67827289	1474
67827509	1474
67827636	1474
67827738	1474
67827859	1474
67828052	1474
67828150	1474
67866720	1474
67866854	1474
67866974	1474
67867089	1474
67867204	1474
67867320	1474
67867412	1474
67867527	1474
67867643	1474
68632113	1474
68632239	1474
68632364	1474
68632513	1474
68632637	1474
68632997	1474
68633150	1474
68633295	1474
68633537	1474
68633659	1474
68636244	1474
68670977	1474
68671111	1474
68671250	1474
68671392	1474
68671517	1474
68671659	1474
68671780	1474
68671912	1474
69428604	1474
69428747	1474
69428848	1474
69428996	1474
69429155	1474
69429308	1474
69429621	1474
69429915	1474
69430132	1474
69430392	1474
69433904	1474
69434036	1474
69467205	1474
69467502	1474
69467661	1474
70234744	1474
70234912	1474
70235120	1474
70235355	1474
70235505	1474
70235689	1474
70235889	1474
70236066	1474
70236218	1474
70236380	1474
70236544	1474
70239735	1474
70276546	1474
70276898	1474
70277128	1474
70277268	1474
70277432	1474
70277555	1474
70277692	1474
70277813	1474
71029468	1474
71029640	1474
71029848	1474
71030066	1474
71030901	1474
71031123	1474
71031335	1474
71031545	1474
71031715	1474
71031879	1474
71032044	1474
71038671	1474
71070864	1474
71071230	1474
71071377	1474
71827611	1474
71827740	1474
71827863	1474
71827988	1474
71828089	1474
71828188	1474
71828304	1474
71828428	1474
71828566	1474
71828708	1474
71828832	1474
71867577	1474
71867848	1474
71867988	1474
71868109	1474
71868237	1474
71868360	1474
71868494	1474
71868616	1474
71868740	1474
72888593	1474
72888722	1474
72888816	1474
72888933	1474
72889146	1474
72889241	1474
72889359	1474
72889482	1474
72889600	1474
72889732	1474
72889852	1474
72927520	1474
72927694	1474
72927818	1474
72927937	1474
72928055	1474
72928175	1474
72928295	1474
72928415	1474
73687220	1474
73687456	1474
73687578	1474
73687697	1474
73687789	1474
73687926	1474
73688047	1474
73688165	1474
73688284	1474
73688403	1474
73688522	1474
73688641	1474
73728489	1474
73728750	1474
73728850	1474
74487628	1474
74487886	1474
74488014	1474
74488108	1474
74488225	1474
74488343	1474
74488438	1474
74488554	1474
74488674	1474
74488794	1474
74488940	1474
74489051	1474
74528050	1474
74528269	1474
74528389	1474
74528507	1474
74528623	1474
74528741	1474
74528858	1474
74529015	1474
74529113	1474
75291297	1474
75291416	1474
75291510	1474
75291627	1474
75291745	1474
75291838	1474
75291954	1474
75292071	1474
75292264	1474
75292381	1474
75292497	1474
75292590	1474
75332189	1474
75332453	1474
75332571	1474
76089985	1474
76090106	1474
76090222	1474
76090351	1474
76090469	1474
76090701	1474
76090894	1474
76091018	1474
76091136	1474
76091229	1474
76091364	1474
76091483	1474
76091577	1474
76132005	1474
76132252	1474
76132386	1474
76132503	1474
76132598	1474
76132691	1474
76132806	1474
76132953	1474
76889875	1474
76889996	1474
76890115	1474
76890232	1474
76890350	1474
76890477	1474
76890596	1474
76890716	1474
76890833	1474
76890951	1474
76891044	1474
76891162	1474
76932377	1474
76932632	1474
76932726	1474
77690290	1474
77690411	1474
77690528	1474
77690628	1474
77690746	1474
77690863	1474
77690981	1474
77691075	1474
77691194	1474
77691287	1474
77691381	1474
77691474	1474
77744283	1474
77744536	1474
77744668	1474
77744785	1474
77744933	1474
77745089	1474
77745208	1474
77745326	1474
77745441	1474
78490933	1474
78491097	1474
78491235	1474
78491397	1474
78491535	1474
78491706	1474
78491844	1474
78492009	1474
78492168	1474
78492330	1474
78492491	1474
78492632	1474
78492809	1474
78532517	1474
78532722	1474
79292127	1474
79292221	1474
79292339	1474
79292459	1474
79292578	1474
79292802	1474
79292957	1474
79293081	1474
79293290	1474
79293418	1474
79293536	1474
79293655	1474
79293770	1474
79293895	1474
79337548	1474
79337805	1474
79337929	1474
80356326	1474
80356447	1474
80356570	1474
80356755	1474
80356905	1474
80357205	1474
80357334	1474
80357566	1474
80357693	1474
80357812	1474
80357929	1474
80358045	1474
80358146	1474
80358265	1474
80396468	1474
80396732	1474
80396875	1474
80397040	1474
80397243	1474
80397369	1474
80397487	1474
80397610	1474
81161491	1474
81161619	1474
81161740	1474
81161860	1474
81161960	1474
81162082	1474
81162315	1474
81162444	1474
81162670	1474
81162794	1474
81162891	1474
81163010	1474
81163130	1474
81164955	1474
81200817	1474
81963380	1474
81963513	1474
81963606	1474
81963724	1474
81963847	1474
81963968	1474
81964192	1474
81964318	1474
81964446	1474
81964542	1474
81964659	1474
81964780	1474
81964922	1474
82004797	1474
82005047	1474
82005164	1474
82489514	1474
82489648	1474
82489738	1474
82489855	1474
82489974	1474
82490093	1474
82490214	1474
82490334	1474
82490456	1474
82490588	1474
82490707	1474
82490801	1474
82490919	1474
82491038	1474
82529301	1474
82529624	1474
83557073	1474
83557166	1474
83557283	1474
83557377	1474
83557503	1474
83557705	1474
83557816	1474
83557937	1474
83558147	1474
83558271	1474
83558389	1474
83558482	1474
83558596	1474
83558714	1474
83561126	1474
83597208	1474
83597482	1474
83597601	1474
84359885	1474
84360003	1474
84360122	1474
84360217	1474
84360339	1474
84360530	1474
84360655	1474
84360874	1474
84361035	1474
84361157	1474
84361275	1474
84361391	1474
84361515	1474
84361632	1474
84361724	1474
84401408	1474
84401716	1474
84401807	1474
85160379	1474
85160532	1474
85160656	1474
85160766	1474
85160896	1474
85161065	1474
85161276	1474
85161420	1474
85161517	1474
85161640	1474
85161764	1474
85161858	1474
85162161	1474
85162477	1474
85201149	1474
85201481	1474
85201599	1474
85691278	1474
85691403	1474
85691523	1474
85691617	1474
85691736	1474
85691830	1474
85691922	1474
85692015	1474
85692133	1474
85692265	1474
85692360	1474
85692478	1474
85692595	1474
85692688	1474
85733527	1474
85733805	1474
86759155	1474
86759278	1474
86759404	1474
86759530	1474
86759756	1474
86759883	1474
86759978	1474
86760098	1474
86760276	1474
86760374	1474
86760506	1474
86760625	1474
86760744	1474
86760883	1474
86761021	1474
86797509	1474
86797737	1474
86797855	1474
87556731	1474
87557142	1474
87557320	1474
87557445	1474
87557645	1474
87557814	1474
87557914	1474
87558033	1474
87558249	1474
87558374	1474
87558497	1474
87558630	1474
87558748	1474
87558842	1474
87558960	1474
87559079	1474
87597726	1474
87598054	1474
88356051	1474
88356391	1474
88356513	1474
88356631	1474
88356769	1474
88356912	1474
88357090	1474
88357301	1474
88357475	1474
88357598	1474
88357824	1474
88357950	1474
88358076	1474
88358196	1474
88358319	1474
88398065	1474
88398400	1474
88398523	1474
89157547	1474
89157779	1474
89158022	1474
89158124	1474
89158248	1474
89158343	1474
89158469	1474
89158565	1474
89158696	1474
89158817	1474
89158952	1474
89159047	1474
89159165	1474
89159285	1474
89159405	1474
89197829	1474
89957263	1474
89957599	1474
89957725	1474
89957968	1474
89958080	1474
89958294	1474
89958412	1474
89958530	1474
89958647	1474
89958765	1474
89958886	1474
89959012	1474
89959136	1474
89959256	1474
89959373	1474
89997768	1474
89998062	1474
89998192	1474
90756336	1474
90756627	1474
90756749	1474
90756891	1474
90757057	1474
90757212	1474
90757336	1474
90757456	1474
90757684	1474
90757861	1474
90758088	1474
90758347	1474
90758449	1474
90758630	1474
90758729	1474
90758849	1474
90798306	1474
90798574	1474
91560617	1474
91560768	1474
91560867	1474
91561163	1474
91561425	1474
91561559	1474
91561840	1474
91561971	1474
91562075	1474
91562204	1474
91562333	1474
91562431	1474
91562553	1474
91562691	1474
91562786	1474
91562882	1474
91601684	1474
91601947	1474
92356936	1474
92357343	1474
92357472	1474
92357638	1474
92357783	1474
92357941	1474
92358345	1474
92359001	1474
92359147	1474
92359291	1474
92359418	1474
92359548	1474
92359678	1474
92359776	1474
92359898	1474
92360022	1474
92360144	1474
92398171	1474
93157053	1474
93157426	1474
93157518	1474
93157658	1474
93157869	1474
93157993	1474
93158234	1474
93158413	1474
93159024	1474
93159210	1474
93159333	1474
93159446	1474
93159586	1474
93159721	1474
93159858	1474
93160036	1474
93198273	1474
93198511	1474
93958265	1474
93958548	1474
93958737	1474
93958904	1474
93959165	1474
93959384	1474
93959746	1474
93959942	1474
93960200	1474
93960363	1474
93960527	1474
93960699	1474
93960842	1474
93961052	1474
93961219	1474
93961385	1474
93964657	1474
94758236	1474
94758539	1474
94758746	1474
94758959	1474
94759128	1474
94759310	1474
94759479	1474
94759640	1474
94759810	1474
94759978	1474
94760117	1474
94760258	1474
94760421	1474
94760584	1474
94760723	1474
94760902	1474
94798726	1474
95557423	1474
95557624	1474
95557792	1474
95558104	1474
95558325	1474
95558566	1474
95558756	1474
95558936	1474
95559115	1474
95559277	1474
95559417	1474
95559551	1474
95559718	1474
95559854	1474
95560024	1474
95560197	1474
95602631	1474
95602812	1474
96358727	1474
96358951	1474
96359142	1474
96359315	1474
96359478	1474
96359642	1474
96359802	1474
96359966	1474
96360102	1474
96360265	1474
96360441	1474
96360604	1474
96360766	1474
96360913	1474
96361124	1474
96361298	1474
96398567	1474
96398803	1474
97158125	1474
97158344	1474
97158511	1474
97158768	1474
97158957	1474
97159131	1474
97159314	1474
97159484	1474
97159632	1474
97159797	1474
97159934	1474
97160097	1474
97160278	1474
97160448	1474
97160612	1474
97160776	1474
97160914	1474
97958988	1474
97959154	1474
97959356	1474
97959595	1474
97959769	1474
97959965	1474
97960130	1474
97960293	1474
97960454	1474
97960624	1474
97960763	1474
97960925	1474
97961110	1474
97961253	1474
97961415	1474
97961578	1474
97961750	1474
97998794	1474
98758979	1474
98759145	1474
98759341	1474
98759546	1474
98759716	1474
98759913	1474
98760100	1474
98760267	1474
98760430	1474
98760592	1474
98760764	1474
98760927	1474
98761133	1474
98761276	1474
98761415	1474
98761578	1474
98761748	1474
98761911	1474
99559180	1474
99559344	1474
99559481	1474
99559676	1474
99559915	1474
99560103	1474
99560244	1474
99560406	1474
99560543	1474
99560706	1474
99560871	1474
99561090	1474
99561236	1474
99561375	1474
99561536	1474
99561699	1474
99561860	1474
100626375	1474
100626547	1474
100626711	1474
100626949	1474
100627177	1474
100627348	1474
100627504	1474
100627693	1474
100627860	1474
100628065	1474
100628201	1474
100628332	1474
100628461	1474
100628592	1474
100628696	1474
100628826	1474
100628956	1474
100634790	1474
101159277	1474
101159400	1474
101159520	1474
101159640	1474
101159735	1474
101159831	1474
101159925	1474
101160021	1474
101160130	1474
101160227	1474
101160347	1474
101160466	1474
101160589	1474
101160685	1474
101160806	1474
101161036	1474
101161176	1474
102226397	1474
102226522	1474
102226617	1474
102226714	1474
102226832	1474
102226954	1474
102227071	1474
102227167	1474
102227288	1474
102227392	1474
102227512	1474
102227631	1474
102227752	1474
102227871	1474
102227992	1474
102228112	1474
102228232	1474
102268562	1474
103026276	1474
103026529	1474
103026710	1474
103026825	1474
103027048	1474
103027150	1474
103027271	1474
103027368	1474
103027498	1474
103027620	1474
103027739	1474
103027834	1474
103027954	1474
103028074	1474
103028198	1474
103028319	1474
103028441	1474
103825987	1474
103826117	1474
103826350	1474
103826477	1474
103826612	1474
103826847	1474
103826975	1474
103827100	1474
103827194	1474
103827312	1474
103827437	1474
103827557	1474
103827692	1474
103827813	1474
103827934	1474
103828029	1474
103828149	1474
103869229	1474
104626771	1474
104626898	1474
104627019	1474
104627139	1474
104627255	1474
104627376	1474
104627592	1474
104627720	1474
104627862	1474
104628075	1474
104628196	1474
104628316	1474
104628434	1474
104628554	1474
104628673	1474
104628805	1474
104628951	1474
104631490	1474
105427065	1474
105427190	1474
105427310	1474
105427496	1474
105427634	1474
105427855	1474
105428005	1474
105428127	1474
105428336	1474
105428463	1474
105428582	1474
105428678	1474
105428773	1474
105428892	1474
105429185	1474
105429314	1474
105429444	1474
105431494	1474
106227139	1474
106227269	1474
106227393	1474
106227514	1474
106227611	1474
106227732	1474
106227828	1474
106227948	1474
106228074	1474
106228197	1474
106228318	1474
106228440	1474
106228563	1474
106228684	1474
106228806	1474
106228953	1474
106229085	1474
106269803	1474
107028633	1474
107028729	1474
107028837	1474
107028972	1474
107029097	1474
107029222	1474
107029457	1474
107029586	1474
107029709	1474
107029807	1474
107029928	1474
107030021	1474
107030139	1474
107030271	1474
107030392	1474
107030510	1474
107030627	1474
107030724	1474
107829593	1474
107829694	1474
107829816	1474
107829937	1474
107830081	1474
107830301	1474
107830450	1474
107830576	1474
107830699	1474
107830846	1474
107830969	1474
107831112	1474
107831236	1474
107831549	1474
107831676	1474
107831818	1474
107831959	1474
107832082	1474
108630007	1474
108630128	1474
108630249	1474
108630369	1474
108630490	1474
108630726	1474
108630854	1474
108630977	1474
108631098	1474
108631313	1474
108631409	1474
108631536	1474
108631632	1474
108631752	1474
108631872	1474
108631991	1474
108637012	1474
109430914	1474
109431037	1474
109431159	1474
109431283	1474
109431404	1474
109431641	1474
109431770	1474
109431866	1474
109431990	1474
109432112	1474
109432231	1474
109432353	1474
109432475	1474
109432598	1474
109432732	1474
109432873	1474
109433044	1474
110232727	1474
110232876	1474
110233042	1474
110233168	1474
110233304	1474
110233429	1474
110233594	1474
110233719	1474
110233855	1474
110233950	1474
110234069	1474
110234192	1474
110234312	1474
110234434	1474
110234585	1474
110234706	1474
110234986	1474
111027148	1474
111027412	1474
111027539	1474
111027749	1474
111027910	1474
111028124	1474
111028247	1474
111028344	1474
111028568	1474
111028691	1474
111028810	1474
111029008	1474
111029136	1474
111029259	1474
111029380	1474
111029501	1474
111031813	1474
111827063	1474
111827200	1474
111827322	1474
111827440	1474
111827561	1474
111827789	1474
111827923	1474
111828212	1474
111828440	1474
111828676	1474
111828779	1474
111828923	1474
111829126	1474
111829250	1474
111829351	1474
111829469	1474
111831678	1474
112627176	1474
112627319	1474
112627440	1474
112627562	1474
112627685	1474
112627904	1474
112628033	1474
112628156	1474
112628289	1474
112628509	1474
112628608	1474
112628728	1474
112628848	1474
112628945	1474
112629090	1474
112629193	1474
112631621	1474
113427634	1474
113427920	1474
113428044	1474
113428165	1474
113428288	1474
113428426	1474
113428544	1474
113428664	1474
113428784	1474
113428986	1474
113429113	1474
113429235	1474
113429364	1474
113429459	1474
113429578	1474
113429698	1474
113429818	1474
114227557	1474
114227843	1474
114227970	1474
114228107	1474
114228261	1474
114228510	1474
114228648	1474
114228774	1474
114228905	1474
114229081	1474
114229224	1474
114229355	1474
114229505	1474
114229630	1474
114229788	1474
114229914	1474
114230044	1474
114230189	1474
115030002	1474
115030139	1474
115030285	1474
115030411	1474
115030524	1474
115030659	1474
115030783	1474
115030915	1474
115031040	1474
115031139	1474
115031273	1474
115031398	1474
115031522	1474
115031657	1474
115031783	1474
115031907	1474
115032032	1474
115032157	1474
115831092	1474
115831225	1474
115831350	1474
115831489	1474
115831623	1474
115831886	1474
115832019	1474
115832142	1474
115832269	1474
115832371	1474
115832498	1474
115832624	1474
115832749	1474
115832896	1474
115833067	1474
115833243	1474
115833387	1474
115833510	1474
116626402	1474
116626829	1474
116626935	1474
116627062	1474
116627201	1474
116627502	1474
116627680	1474
116627809	1474
116628591	1474
116628709	1474
116628834	1474
116629009	1474
116629149	1474
116629295	1474
116629439	1474
116629538	1474
116629669	1474
116629792	1474
117426629	1474
117426825	1474
117426955	1474
117427111	1474
117427250	1474
117427529	1474
117427672	1474
117428089	1474
117428378	1474
117428521	1474
117428645	1474
117428770	1474
117428917	1474
117429107	1474
117429243	1474
117429384	1474
117429529	1474
117429633	1474
118228922	1474
118229094	1474
118229220	1474
118229350	1474
118229489	1474
118229616	1474
118229892	1474
118230022	1474
118230161	1474
118230280	1474
118230388	1474
118230533	1474
118230638	1474
118230762	1474
118230886	1474
118230986	1474
118231092	1474
119296515	1474
119296661	1474
119296796	1474
119296969	1474
119297115	1474
119297265	1474
119297588	1474
119297734	1474
119297884	1474
119297983	1474
119298138	1474
119298268	1474
119298368	1474
119298503	1474
119298613	1474
119298776	1474
119298904	1474
119299020	1474
119826761	1474
119827017	1474
119827248	1474
119827338	1474
119827478	1474
119827600	1474
119827791	1474
119828087	1474
119828220	1474
119828605	1474
119828772	1474
119828966	1474
119829070	1474
119829162	1474
119829313	1474
119829435	1474
119829526	1474
120897737	1474
120897866	1474
120898008	1474
120898103	1474
120898231	1474
120898383	1474
120898565	1474
120898692	1474
120898840	1474
120899013	1474
120899125	1474
120899251	1474
120899354	1474
120899455	1474
120899580	1474
120899706	1474
120899835	1474
120899977	1474
121697740	1474
121697866	1474
121697992	1474
121698176	1474
121698311	1474
121698572	1474
121698705	1474
121698849	1474
121698975	1474
121699121	1474
121699247	1474
121699374	1474
121699500	1474
121699645	1474
121699771	1474
121699913	1474
121700015	1474
121700133	1474
122497954	1474
122498157	1474
122498304	1474
122498440	1474
122498726	1474
122498857	1474
122498995	1474
122499143	1474
122499258	1474
122499357	1474
122499481	1474
122499606	1474
122499720	1474
122499845	1474
122499988	1474
122500112	1474
122500254	1474
122500353	1474
123298076	1474
123298219	1474
123298373	1474
123298489	1474
123298734	1474
123298868	1474
123299002	1474
123299124	1474
123299216	1474
123299367	1474
123299492	1474
123299621	1474
123299723	1474
123299848	1474
123299987	1474
123300111	1474
123300244	1474
123300374	1474
124097755	1474
124097851	1474
124097990	1474
124098133	1474
124098259	1474
124098510	1474
124098641	1474
124098773	1474
124098897	1474
124099019	1474
124099166	1474
124099290	1474
124099646	1474
124099789	1474
124099892	1474
124100020	1474
124100162	1474
124100285	1474
124899328	1474
124899471	1474
124899651	1474
124899897	1474
124900090	1474
124900370	1474
124900566	1474
124900736	1474
124900901	1474
124901112	1474
124901284	1474
124901461	1474
124901639	1474
124901802	1474
124901964	1474
124902127	1474
124902289	1474
125696865	1474
125697090	1474
125697279	1474
125697513	1474
125697761	1474
125697961	1474
125698127	1474
125698317	1474
125698489	1474
125698652	1474
125698830	1474
125698993	1474
125699155	1474
125699317	1474
125699478	1474
125699641	1474
125699821	1474
125699961	1474
126499148	1474
126499322	1474
126499462	1474
126499623	1474
126499790	1474
126499977	1474
126500141	1474
126500310	1474
126500474	1474
126500642	1474
126500782	1474
126500967	1474
126501178	1474
126501326	1474
126501490	1474
126501659	1474
126501822	1474
127299901	1474
127300073	1474
127300242	1474
127300424	1474
127300618	1474
127300828	1474
127300991	1474
127301230	1474
127301375	1474
127301517	1474
127301654	1474
127301795	1474
127301958	1474
127302134	1474
127302295	1474
127302479	1474
127302645	1474
128099507	1474
128099671	1474
128099867	1474
128100071	1474
128100303	1474
128100499	1474
128100665	1474
128100828	1474
128100990	1474
128101216	1474
128101388	1474
128101551	1474
128101715	1474
128101876	1474
128102038	1474
128102207	1474
128102370	1474
128900178	1474
128900351	1474
128900548	1474
128900784	1474
128901047	1474
128901239	1474
128901424	1474
128901587	1474
128901748	1474
128901907	1474
128902073	1474
128902235	1474
128902408	1474
128902573	1474
128902736	1474
128902898	1474
128903059	1474
128903221	1474
129699895	1474
129700058	1474
129700199	1474
129700451	1474
129700683	1474
129700894	1474
129701140	1474
129701315	1474
129701491	1474
129701653	1474
129701818	1474
129701978	1474
129702141	1474
129702307	1474
129702477	1474
129702641	1474
129702800	1474
130498220	1474
130498340	1474
130498458	1474
130498574	1474
130498714	1474
130498864	1474
130498989	1474
130499184	1474
130499283	1474
130499378	1474
130499496	1474
130499618	1474
130499751	1474
130499869	1474
130499988	1474
130500105	1474
130500223	1474
130500343	1474
131296465	1474
131296596	1474
131296722	1474
131296862	1474
131297086	1474
131297221	1474
131297347	1474
131297470	1474
131297594	1474
131297696	1474
131297823	1474
131297947	1474
131298074	1474
131298202	1474
131298302	1474
131298430	1474
131298558	1474
131298658	1474
132095819	1474
132095955	1474
132096052	1474
132096146	1474
132096255	1474
132096386	1474
132096507	1474
132096625	1474
132096719	1474
132096837	1474
132097029	1474
132097149	1474
132097265	1474
132097383	1474
132097502	1474
132097627	1474
132097750	1474
132097867	1474
133163371	1474
133163549	1474
133163668	1474
133163789	1474
133163880	1474
133163996	1474
133164114	1474
133164220	1474
133164336	1474
133164452	1474
133164570	1474
133164688	1474
133164804	1474
133165049	1474
133165179	1474
133165274	1474
133165393	1474
133165510	1474
133963457	1474
133963580	1474
133963701	1474
133963819	1474
133963936	1474
133964054	1474
133964170	1474
133964297	1474
133964397	1474
133964515	1474
133964631	1474
133964750	1474
133964889	1474
133965054	1474
133965173	1474
133965303	1474
133965425	1474
133965521	1474
134763125	1474
134763246	1474
134763342	1474
134763467	1474
134763585	1474
134763703	1474
134763819	1474
134763912	1474
134764005	1474
134764098	1474
134764215	1474
134764333	1474
134764449	1474
134764578	1474
134764671	1474
134764790	1474
134764905	1474
134765057	1474
135562853	1474
135563084	1474
135563210	1474
135563327	1474
135563531	1474
135563846	1474
135563980	1474
135564098	1474
135564191	1474
135564304	1474
135564395	1474
135564509	1474
135564633	1474
135564751	1474
135564867	1474
135565071	1474
135565192	1474
135565314	1474
136363684	1474
136363784	1474
136363877	1474
136363998	1474
136364115	1474
136364325	1474
136364451	1474
136364570	1474
136364686	1474
136364816	1474
136364934	1474
136365063	1474
136365190	1474
136365309	1474
136365400	1474
136365516	1474
136365632	1474
136365748	1474
137163988	1474
137164153	1474
137164311	1474
137164445	1474
137164604	1474
137164762	1474
137164919	1474
137165109	1474
137165275	1474
137165433	1474
137165591	1474
137165748	1474
137165882	1474
137166055	1474
137166190	1474
137166348	1474
137166481	1474
137166638	1474
137965196	1474
137965337	1474
137965497	1474
137965672	1474
137965888	1474
137966065	1474
137966308	1474
137966441	1474
137966575	1474
137966733	1474
137966866	1474
137966999	1474
137967164	1474
137967322	1474
137967455	1474
137967613	1474
137967772	1474
137967906	1474
138767484	1474
138767643	1474
138767774	1474
138767976	1474
138768188	1474
138768368	1474
138768526	1474
138768683	1474
138768839	1474
138769044	1474
138769183	1474
138769355	1474
138769512	1474
138769669	1474
138769828	1474
138769985	1474
138770117	1474
139567813	1474
139567973	1474
139568130	1474
139568317	1474
139568542	1474
139568695	1474
139568830	1474
139568965	1474
139569171	1474
139569336	1474
139569511	1474
139569668	1474
139569825	1474
139569983	1474
139570141	1474
139570273	1474
139570437	1474
139570595	1474
140367692	1474
140367876	1474
140368041	1474
140368270	1474
140368448	1474
140368618	1474
140368778	1474
140368913	1474
140369157	1474
140369324	1474
140369463	1474
140369723	1474
140369859	1474
140370017	1474
140370177	1474
140370310	1474
140370468	1474
140370642	1474
141432775	1474
141432989	1474
141433154	1474
141433315	1474
141433475	1474
141433637	1474
141433823	1474
141433986	1474
141434146	1474
141434309	1474
141434444	1474
141434605	1474
141434774	1474
141434937	1474
141435096	1474
141435256	1474
141435417	1474
141435578	1474
142231215	1474
142231521	1474
142231664	1474
142231864	1474
142232034	1474
142232175	1474
142232311	1474
142232474	1474
142232634	1474
142232807	1474
142232971	1474
142233178	1474
142233320	1474
142233484	1474
142233644	1474
142233822	1474
142233987	1474
142234146	1474
143034652	1474
143034818	1474
143034981	1474
143035224	1474
143035439	1474
143035601	1474
143035764	1474
143035929	1474
143036077	1474
143036238	1474
143036399	1474
143036582	1474
143036749	1474
143036887	1474
143037080	1474
143037221	1474
143037361	1474
143037522	1474
143831564	1474
143832017	1474
143832293	1474
143832547	1474
143832741	1474
143832926	1474
143833121	1474
143833289	1474
143833451	1474
143833615	1474
143833776	1474
143833938	1474
143834107	1474
143834272	1474
143834408	1474
143834570	1474
143834731	1474
144633956	1474
144634089	1474
144634206	1474
144634360	1474
144634487	1474
144634621	1474
144634715	1474
144634836	1474
144634969	1474
144635118	1474
144635247	1474
144635398	1474
144635596	1474
144635725	1474
144635855	1474
144635978	1474
144636102	1474
144636220	1474
145433604	1474
145433743	1474
145433868	1474
145433988	1474
145434115	1474
145434262	1474
145434397	1474
145434528	1474
145434674	1474
145434797	1474
145434932	1474
145435056	1474
145435194	1474
145435317	1474
145435469	1474
145435616	1474
146232176	1474
146232514	1474
146232722	1474
146232850	1474
146233100	1474
146233231	1474
146233319	1474
146233422	1474
146233575	1474
146233714	1474
146233859	1474
146234000	1474
146234122	1474
146234246	1474
146234353	1474
146234473	1474
146234601	1474
146234737	1474
147038256	1474
147038422	1474
147038586	1474
147038814	1474
147039036	1474
147039268	1474
147039435	1474
147039600	1474
147039736	1474
147039937	1474
147040100	1474
147040260	1474
147040398	1474
147040534	1474
147040698	1474
147040842	1474
147041051	1474
147041219	1474
147833827	1474
147833985	1474
147834149	1474
147834420	1474
147834647	1474
147834883	1474
147835056	1474
147835201	1474
147835364	1474
147835508	1474
147835670	1474
147835836	1474
147836013	1474
147836181	1474
147836345	1474
147836513	1474
147836677	1474
147836842	1474
148631524	1474
148632429	1474
148632674	1474
148632919	1474
148633141	1474
148633337	1474
148633510	1474
148633672	1474
148633838	1474
148634000	1474
148634178	1474
148634344	1474
148634484	1474
148634624	1474
148634785	1474
148634948	1474
148635129	1474
148635300	1474
149433355	1474
149433489	1474
149433611	1474
149433791	1474
149433931	1474
149434201	1474
149434350	1474
149434502	1474
149434688	1474
149434841	1474
149434950	1474
149435073	1474
149435213	1474
149435394	1474
149435515	1474
149435659	1474
149438517	1474
150236941	1474
150237073	1474
150237168	1474
150237326	1474
150237468	1474
150237695	1474
150237825	1474
150237923	1474
150238019	1474
150238139	1474
150238259	1474
150238379	1474
150238508	1474
150238627	1474
150238746	1474
150238866	1474
150238985	1474
151033573	1474
151033694	1474
151033815	1474
151033931	1474
151034048	1474
151034165	1474
151034284	1474
151034449	1474
151034573	1474
151034692	1474
151034809	1474
151034929	1474
151035023	1474
151035141	1474
151035259	1474
151035378	1474
151035497	1474
151035607	1474
151836096	1474
151836217	1474
151836336	1474
151836458	1474
151836584	1474
151836827	1474
151837142	1474
151837272	1474
151837369	1474
151837535	1474
151837658	1474
151837792	1474
151837889	1474
151838009	1474
151838128	1474
151838224	1474
151838344	1474
151838464	1474
152635358	1474
152635479	1474
152635597	1474
152635716	1474
152635840	1474
152636072	1474
152636172	1474
152636293	1474
152636411	1474
152636531	1474
152636648	1474
152636768	1474
152636899	1474
152637029	1474
152637124	1474
152637243	1474
152637366	1474
153434992	1474
153435134	1474
153435270	1474
153435447	1474
153435590	1474
153435725	1474
153435888	1474
153436065	1474
153436228	1474
153436389	1474
153436550	1474
153436715	1474
153436879	1474
153437115	1474
153437415	1474
153437738	1474
153437902	1474
153438082	1474
154235401	1474
154235528	1474
154235661	1474
154235787	1474
154235899	1474
154236052	1474
154236240	1474
154236368	1474
154236494	1474
154236595	1474
154236717	1474
154236843	1474
154237106	1474
154237246	1474
154237375	1474
154237521	1474
154237624	1474
155034400	1474
155034546	1474
155034669	1474
155034807	1474
155035122	1474
155035253	1474
155035395	1474
155035536	1474
155035659	1474
155035792	1474
155035945	1474
155036072	1474
155036215	1474
155036357	1474
155036486	1474
155036627	1474
155036753	1474
155836817	1474
155837045	1474
155837243	1474
155837481	1474
155837713	1474
155837854	1474
155838020	1474
155838183	1474
155838344	1474
155838500	1474
155838684	1474
155838850	1474
155839014	1474
155839175	1474
155839334	1474
155839485	1474
155839646	1474
156635386	1474
156635516	1474
156635731	1474
156635870	1474
156636166	1474
156636299	1474
156636426	1474
156636557	1474
156636699	1474
156636839	1474
156636943	1474
156637173	1474
156637321	1474
156637452	1474
156637676	1474
156637813	1474
156637944	1474
156638070	1474
157433252	1474
157433392	1474
157433512	1474
157433849	1474
157434023	1474
157434123	1474
157434220	1474
157434436	1474
157434557	1474
157434675	1474
157434809	1474
157434929	1474
157435047	1474
157435164	1474
157435285	1474
157435378	1474
157435496	1474
157435609	1474
158499299	1474
158499453	1474
158499556	1474
158499929	1474
158500311	1474
158500416	1474
158500573	1474
158500694	1474
158500820	1474
158501049	1474
158501152	1474
158501294	1474
158501425	1474
158501551	1474
158501666	1474
158501789	1474
158501914	1474
158502055	1474
159033368	1474
159033527	1474
159033653	1474
159033789	1474
159033905	1474
159034174	1474
159034303	1474
159034440	1474
159034592	1474
159034692	1474
159034818	1474
159034945	1474
159035077	1474
159035204	1474
159035305	1474
159035405	1474
159035530	1474
160099502	1474
160099821	1474
160099964	1474
160100107	1474
160100231	1474
160100368	1474
160100511	1474
160100636	1474
160100759	1474
160100912	1474
160101107	1474
160101196	1474
160101343	1474
160101470	1474
160101610	1474
160101698	1474
160101817	1474
160101939	1474
160904548	1474
160904677	1474
160904803	1474
160905200	1474
160905358	1474
160905629	1474
160905756	1474
160905854	1474
160905954	1474
160906078	1474
160906202	1474
160906327	1474
160906464	1474
160906589	1474
160906712	1474
160906836	1474
160906961	1474
160907085	1474
161703852	1474
161703961	1474
161704086	1474
161704231	1474
161704359	1474
161704512	1474
161704827	1474
161705006	1474
161705113	1474
161705239	1474
161705371	1474
161705472	1474
161705610	1474
161705738	1474
161705863	1474
161705990	1474
161706092	1474
162504253	1474
162504384	1474
162504510	1474
162504659	1474
162504832	1474
162505198	1474
162505375	1474
162505507	1474
162505633	1474
162505747	1474
162505848	1474
162505975	1474
162506101	1474
162506219	1474
162506345	1474
162506445	1474
162506547	1474
163303274	1474
163303402	1474
163303528	1474
163303691	1474
163303945	1474
163304078	1474
163304187	1474
163304314	1474
163304457	1474
163304565	1474
163304667	1474
163304796	1474
163304966	1474
163305168	1474
163305302	1474
163305403	1474
163305529	1474
163305653	1474
164106558	1474
164106684	1474
164106814	1474
164106941	1474
164107082	1474
164107184	1474
164107284	1474
164107385	1474
164107512	1474
164107613	1474
164107740	1474
164107864	1474
164107990	1474
164108129	1474
164108254	1474
164108379	1474
164108505	1474
164108605	1474
164907094	1474
164907235	1474
164907360	1474
164907482	1474
164907609	1474
164907870	1474
164908000	1474
164908133	1474
164908270	1474
164908396	1474
164908522	1474
164908645	1474
164908743	1474
164908864	1474
164908995	1474
164909123	1474
164909261	1474
164909387	1474
165706432	1474
165706562	1474
165706661	1474
165706783	1474
165706910	1474
165707212	1474
165707354	1474
165707479	1474
165707625	1474
165707746	1474
165707849	1474
165707974	1474
165708096	1474
165708218	1474
165708353	1474
165708478	1474
165708600	1474
165708723	1474
166504429	1474
166504571	1474
166504696	1474
166504816	1474
166504942	1474
166505270	1474
166505400	1474
166505540	1474
166505655	1474
166505755	1474
166505878	1474
166506002	1474
166506125	1474
166506247	1474
166506370	1474
166506505	1474
166506630	1474
166506753	1474
167302238	1474
167302366	1474
167302487	1474
167302626	1474
167302746	1474
167302869	1474
167303000	1474
167303122	1474
167303241	1474
167303361	1474
167303480	1474
167303617	1474
167303737	1474
167303857	1474
167303976	1474
167304096	1474
167304192	1474
167304287	1474
168102049	1474
168102151	1474
168102255	1474
168102362	1474
168102484	1474
168102626	1474
168102755	1474
168102880	1474
168103001	1474
168103102	1474
168103223	1474
168103344	1474
168103467	1474
168103565	1474
168103687	1474
168103825	1474
168103946	1474
168104068	1474
169174599	1474
169174774	1474
169174996	1474
169175233	1474
169175532	1474
169175705	1474
169175871	1474
169176059	1474
169176221	1474
169176390	1474
169176553	1474
169176695	1474
169176857	1474
169177066	1474
169177256	1474
169177426	1474
169177588	1474
169177756	1474
169972283	1474
169972410	1474
169972534	1474
169972631	1474
169972764	1474
169972915	1474
169973187	1474
169973383	1474
169973526	1474
169973660	1474
169973774	1474
169973898	1474
169974026	1474
169974198	1474
169974326	1474
169974462	1474
169974582	1474
169974717	1474
170771567	1474
170771715	1474
170771862	1474
170772005	1474
170772130	1474
170772287	1474
170772433	1474
170772556	1474
170772700	1474
170772848	1474
170772970	1474
170773172	1474
170773324	1474
170773475	1474
170773619	1474
170773784	1474
170773930	1474
170774054	1474
171571720	1474
171571874	1474
171572022	1474
171572253	1474
171572467	1474
171572648	1474
171572798	1474
171572949	1474
171573154	1474
171573319	1474
171573444	1474
171573595	1474
171573741	1474
171573890	1474
171574036	1474
171574207	1474
171574365	1474
171574518	1474
172371416	1474
172371587	1474
172371761	1474
172371970	1474
172372209	1474
172372336	1474
172372495	1474
172372642	1474
172372793	1474
172372940	1474
172373150	1474
172373303	1474
172373473	1474
172373629	1474
172373780	1474
172373925	1474
172374075	1474
173171175	1474
173171325	1474
173171470	1474
173171596	1474
173171753	1474
173171920	1474
173172068	1474
173172197	1474
173172342	1474
173172468	1474
173172622	1474
173172750	1474
173172895	1474
173173062	1474
173173211	1474
173173363	1474
173173487	1474
173972135	1474
173972308	1474
173972448	1474
173972707	1474
173972938	1474
173973144	1474
173973313	1474
173973478	1474
173973642	1474
173973789	1474
173973983	1474
173974151	1474
173974302	1474
173974464	1474
173974627	1474
173974769	1474
173974957	1474
173975122	1474
174773180	1474
174773348	1474
174773489	1474
174773694	1474
174773891	1474
174774096	1474
174774259	1474
174774398	1474
174774561	1474
174774726	1474
174774889	1474
174775074	1474
174775214	1474
174775377	1474
174775541	1474
174775744	1474
174775975	1474
174776232	1474
175572514	1474
175572682	1474
175572848	1474
175573057	1474
175573221	1474
175573386	1474
175573551	1474
175573689	1474
175573831	1474
175573971	1474
175574144	1474
175574310	1474
175574491	1474
175574663	1474
175574827	1474
175574995	1474
175575142	1474
175575310	1474
176369500	1474
176369668	1474
176369836	1474
176370094	1474
176370336	1474
176370522	1474
176370686	1474
176370852	1474
176370990	1474
176371155	1474
176371336	1474
176371502	1474
176371667	1474
176371832	1474
176372017	1474
176372162	1474
176372315	1474
176372460	1474
177171284	1474
177171445	1474
177171595	1474
177171907	1474
177172108	1474
177172264	1474
177172405	1474
177172573	1474
177172703	1474
177172850	1474
177173045	1474
177173198	1474
177173346	1474
177173506	1474
177173652	1474
177173801	1474
177173949	1474
177174078	1474
178238176	1474
178238300	1474
178238418	1474
178238538	1474
178238632	1474
178238740	1474
178238858	1474
178238975	1474
178239095	1474
178239212	1474
178239329	1474
178239446	1474
178239564	1474
178239688	1474
178239808	1474
178239927	1474
178240043	1474
178240160	1474
179038246	1474
179038375	1474
179038503	1474
179038603	1474
179038734	1474
179038905	1474
179039113	1474
179039215	1474
179039343	1474
179039444	1474
179039572	1474
179039673	1474
179039809	1474
179039937	1474
179040063	1474
179040190	1474
179040317	1474
179040445	1474
179840245	1474
179840375	1474
179840495	1474
179840724	1474
179840852	1474
179841017	1474
179841156	1474
179841277	1474
179841378	1474
179841497	1474
179841591	1474
179841687	1474
179841807	1474
179841932	1474
179842052	1474
179842171	1474
179842273	1474
180639818	1474
180639914	1474
180640035	1474
180640174	1474
180640374	1474
180640501	1474
180640623	1474
180640718	1474
180640813	1474
180640999	1474
180641196	1474
180641299	1474
180641418	1474
180641539	1474
180641658	1474
180641777	1474
180641897	1474
180642017	1474
181438119	1474
181438254	1474
181438376	1474
181438499	1474
181438617	1474
181438845	1474
181438971	1474
181439093	1474
181439230	1474
181439355	1474
181439473	1474
181439594	1474
181439711	1474
181439829	1474
181439923	1474
181440040	1474
181440135	1474
181440245	1474
182235928	1474
182236048	1474
182236167	1474
182236288	1474
182236398	1474
182236618	1474
182236744	1474
182236840	1474
182237030	1474
182237151	1474
182237248	1474
182237342	1474
182237473	1474
182237592	1474
182237710	1474
182237839	1474
182237957	1474
182238074	1474
183035938	1474
183036035	1474
183036151	1474
183036269	1474
183036388	1474
183036635	1474
183036774	1474
183037067	1474
183037199	1474
183037318	1474
183037435	1474
183037566	1474
183037682	1474
183037794	1474
183037909	1474
183038027	1474
183038143	1474
183038262	1474
183836195	1474
183836315	1474
183836433	1474
183836550	1474
183836643	1474
183836771	1474
183836910	1474
183837076	1474
183837196	1474
183837312	1474
183837436	1474
183837552	1474
183837645	1474
183837749	1474
183837869	1474
183837985	1474
183838102	1474
183838221	1474
184640152	1474
184640275	1474
184640391	1474
184640605	1474
184640715	1474
184640988	1474
184641118	1474
184641242	1474
184641368	1474
184641494	1474
184641643	1474
184641764	1474
184641887	1474
184642011	1474
184642108	1474
184642231	1474
184642355	1474
184642499	1474
185439894	1474
185440032	1474
185440159	1474
185440418	1474
185440549	1474
185440796	1474
185440922	1474
185441093	1474
185441192	1474
185441314	1474
185441412	1474
185441539	1474
185441660	1474
185441782	1474
185441917	1474
185442053	1474
185442195	1474
185442316	1474
186507001	1474
186507132	1474
186507268	1474
186507364	1474
186507519	1474
186507649	1474
186507879	1474
186508005	1474
186508131	1474
186508269	1474
186508408	1474
186508527	1474
186508647	1474
186508778	1474
186508904	1474
186509075	1474
186509212	1474
186509337	1474
187307467	1474
187307611	1474
187307711	1474
187307832	1474
187307956	1474
187308109	1474
187308359	1474
187308485	1474
187308610	1474
187308735	1474
187308861	1474
187309080	1474
187309208	1474
187309350	1474
187309475	1474
187309581	1474
187309679	1474
188106532	1474
188106667	1474
188106796	1474
188106924	1474
188107051	1474
188107180	1474
188107333	1474
188107592	1474
188107742	1474
188107887	1474
188107991	1474
188108120	1474
188108269	1474
188108372	1474
188108518	1474
188108672	1474
188108816	1474
188108974	1474
188906980	1474
188907108	1474
188907213	1474
188907335	1474
188907462	1474
188907779	1474
188907910	1474
188908033	1474
188908172	1474
188908295	1474
188908437	1474
188908596	1474
188908714	1474
188908854	1474
188909055	1474
188909189	1474
188909313	1474
188909429	1474
189708600	1474
189708730	1474
189708846	1474
189708948	1474
189709128	1474
189709348	1474
189709489	1474
189709612	1474
189709744	1474
189709878	1474
189710017	1474
189710141	1474
189710263	1474
189710394	1474
189710533	1474
189710658	1474
189710821	1474
189710951	1474
190504584	1474
190504713	1474
190504838	1474
190505024	1474
190505126	1474
190505238	1474
190505378	1474
190505507	1474
190505648	1474
190505781	1474
190505924	1474
190506048	1474
190506173	1474
190506317	1474
190506414	1474
190506532	1474
190506647	1474
190506768	1474
191307551	1474
191307680	1474
191307781	1474
191307907	1474
191308064	1474
191308190	1474
191308335	1474
191308461	1474
191308607	1474
191308732	1474
191308856	1474
191309095	1474
191309224	1474
191309350	1474
191309483	1474
191309611	1474
191309736	1474
192107177	1474
192107318	1474
192107466	1474
192107594	1474
192107733	1474
192107855	1474
192107979	1474
192108078	1474
192108231	1474
192108335	1474
192108509	1474
192108640	1474
192108755	1474
192108878	1474
192109044	1474
192109149	1474
192109294	1474
192904833	1474
192904994	1474
192905207	1474
192905445	1474
192905621	1474
192905863	1474
192906000	1474
192906110	1474
192906240	1474
192906398	1474
192906529	1474
192906656	1474
192906783	1474
192906908	1474
192907033	1474
192907160	1474
192907305	1474
192907447	1474
193706971	1474
193707093	1474
193707211	1474
193707331	1474
193707450	1474
193707585	1474
193707679	1474
193707774	1474
193707892	1474
193708010	1474
193708128	1474
193708245	1474
193708339	1474
193708458	1474
193708591	1474
193708711	1474
193708829	1474
193709107	1474
194506631	1474
194506795	1474
194506920	1474
194507087	1474
194507220	1474
194507492	1474
194507623	1474
194507755	1474
194507894	1474
194508022	1474
194508147	1474
194508295	1474
194508423	1474
194508545	1474
194508679	1474
194508787	1474
194508933	1474
194509525	1474
195305878	1474
195306007	1474
195306131	1474
195306266	1474
195306384	1474
195306519	1474
195306661	1474
195306781	1474
195307158	1474
195307298	1474
195307431	1474
195307560	1474
195307679	1474
195307778	1474
195307915	1474
195308057	1474
195308182	1474
195308356	1474
196106956	1474
196107156	1474
196107319	1474
196107480	1474
196107640	1474
196107799	1474
196107957	1474
196108132	1474
196108291	1474
196108425	1474
196108583	1474
196108745	1474
196108903	1474
196109093	1474
196109261	1474
196109397	1474
196109557	1474
196906831	1474
196907003	1474
196907250	1474
196907475	1474
196907684	1474
196907926	1474
196908101	1474
196908242	1474
196908403	1474
196908568	1474
196908704	1474
196908869	1474
196909087	1474
196909280	1474
196909446	1474
196909611	1474
196909774	1474
196909939	1474
197707424	1474
197707589	1474
197707752	1474
197707913	1474
197708079	1474
197708249	1474
197708416	1474
197708577	1474
197708741	1474
197708877	1474
197709116	1474
197709294	1474
197709461	1474
197709622	1474
197709790	1474
197709951	1474
197710121	1474
198772571	1474
198772746	1474
198772910	1474
198773151	1474
198773382	1474
198773601	1474
198773765	1474
198773928	1474
198774090	1474
198774252	1474
198774447	1474
198774614	1474
198774777	1474
198774939	1474
198775076	1474
198775238	1474
198775379	1474
198775528	1474
199575677	1474
199575841	1474
199576004	1474
199576165	1474
199576329	1474
199576493	1474
199576667	1474
199576832	1474
199576992	1474
199577178	1474
199577349	1474
199577516	1474
199577696	1474
199577838	1474
199577999	1474
199578141	1474
199578278	1474
199578416	1474
200374992	1474
200375143	1474
200375330	1474
200375584	1474
200375828	1474
200376060	1474
200376229	1474
200376398	1474
200376561	1474
200376730	1474
200376909	1474
200377126	1474
200377295	1474
200377461	1474
200377623	1474
200377795	1474
200377959	1474
200378127	1474
201176397	1474
201176562	1474
201176730	1474
201176894	1474
201177129	1474
201177277	1474
201177444	1474
201177607	1474
201177794	1474
201177967	1474
201178138	1474
201178303	1474
201178471	1474
201178634	1474
201178803	1474
201178980	1474
201179150	1474
201976795	1474
201976942	1474
201977303	1474
201977540	1474
201977823	1474
201977992	1474
201978169	1474
201978313	1474
201978477	1474
201978643	1474
201978810	1474
201978953	1474
201979139	1474
201979315	1474
201979550	1474
201979694	1474
201979879	1474
201980047	1474
202776130	1474
202776338	1474
202776509	1474
202776713	1474
202776932	1474
202777266	1474
202777436	1474
202777602	1474
202777764	1474
202777926	1474
202778085	1474
202778259	1474
202778425	1474
202778588	1474
202778750	1474
202778888	1474
202779050	1474
202779222	1474
203576061	1474
203576224	1474
203576372	1474
203576509	1474
203576674	1474
203576835	1474
203577047	1474
203577213	1474
203577385	1474
203577547	1474
203577711	1474
203577847	1474
203578010	1474
203578169	1474
203578332	1474
203578510	1474
203578648	1474
203578809	1474
204380471	1474
204380742	1474
204381152	1474
204381374	1474
204381578	1474
204381777	1474
204381941	1474
204382104	1474
204382265	1474
204382429	1474
204382603	1474
204382767	1474
204382927	1474
204383094	1474
204383253	1474
204383416	1474
204383589	1474
205173454	1474
205173616	1474
205173811	1474
205173974	1474
205174134	1474
205174271	1474
205174430	1474
205174609	1474
205174787	1474
205174924	1474
205175085	1474
205175245	1474
205175407	1474
205175566	1474
205175741	1474
205175903	1474
205176039	1474
205976957	1474
205977169	1474
205977316	1474
205977492	1474
205977710	1474
205977898	1474
205978060	1474
205978224	1474
205978388	1474
205978525	1474
205978781	1474
205978958	1474
205979118	1474
205979279	1474
205979415	1474
205979552	1474
205983552	1474
206777073	1474
206777250	1474
206777442	1474
206777636	1474
206777965	1474
206778179	1474
206778315	1474
206778446	1474
206778580	1474
206778711	1474
206778842	1474
206779033	1474
206779202	1474
206779364	1474
206779528	1474
206779690	1474
206779854	1474
207577922	1474
207578093	1474
207578264	1474
207578431	1474
207578594	1474
207578758	1474
207578920	1474
207579085	1474
207579256	1474
207579420	1474
207579582	1474
207579745	1474
207579929	1474
207580112	1474
207580281	1474
207580420	1474
207580558	1474
208380494	1474
208380658	1474
208380822	1474
208381153	1474
208381351	1474
208381628	1474
208381783	1474
208382015	1474
208382158	1474
208382323	1474
208382500	1474
208382662	1474
208382820	1474
208382987	1474
208383151	1474
208383314	1474
208383489	1474
208383653	1474
209177070	1474
209177204	1474
209177358	1474
209177540	1474
209177717	1474
209178007	1474
209178136	1474
209178306	1474
209178502	1474
209178649	1474
209178770	1474
209178914	1474
209179035	1474
209179158	1474
209179301	1474
209179460	1474
209182516	1474
209978051	1474
209978190	1474
209978354	1474
209978556	1474
209978792	1474
209979109	1474
209979251	1474
209979444	1474
209979684	1474
209979848	1474
209979984	1474
209980120	1474
209980284	1474
209980420	1474
209980589	1474
209980726	1474
209983988	1474
210778556	1474
210778732	1474
210778919	1474
210779122	1474
210779321	1474
210779524	1474
210779681	1474
210779838	1474
210780000	1474
210780161	1474
210780416	1474
210780635	1474
210780867	1474
210781084	1474
210781284	1474
210781427	1474
210781637	1474
211578172	1474
211578342	1474
211578514	1474
211578717	1474
211578951	1474
211579191	1474
211579355	1474
211579519	1474
211579682	1474
211579853	1474
211580017	1474
211580180	1474
211580345	1474
211580537	1474
211580756	1474
211581090	1474
211581261	1474
211581426	1474
212374344	1474
212374468	1474
212374613	1474
212374796	1474
212375001	1474
212375256	1474
212375407	1474
212375554	1474
212375698	1474
212375820	1474
212375973	1474
212376121	1474
212376265	1474
212376389	1474
212376511	1474
212376655	1474
212376798	1474
212376952	1474
213174324	1474
213174491	1474
213174656	1474
213174850	1474
213175062	1474
213175318	1474
213175484	1474
213175648	1474
213175811	1474
213175952	1474
213176125	1474
213176291	1474
213176430	1474
213176594	1474
213176755	1474
213176919	1474
213177143	1474
213177314	1474
213975291	1474
213975458	1474
213975622	1474
213975798	1474
213976018	1474
213976252	1474
213976432	1474
213976616	1474
213976784	1474
213976949	1474
213977166	1474
213977349	1474
213977514	1474
213977678	1474
213977842	1474
213978005	1474
213978169	1474
213978340	1474
214774624	1474
214774789	1474
214774953	1474
214775116	1474
214775281	1474
214775421	1474
214775573	1474
214775739	1474
214775877	1474
214776041	1474
214776182	1474
214776319	1474
214776492	1474
214776659	1474
214776879	1474
214777136	1474
215575132	1474
215575299	1474
215575459	1474
215575630	1474
215575794	1474
215575934	1474
215576098	1474
215576281	1474
215576448	1474
215576621	1474
215576787	1474
215576927	1474
215577131	1474
215577399	1474
215577649	1474
215577822	1474
216375148	1474
216375315	1474
216375586	1474
216375809	1474
216376061	1474
216376229	1474
216376416	1474
216376639	1474
216376802	1474
216376972	1474
216377183	1474
216377353	1474
216377517	1474
216377680	1474
216377842	1474
216378020	1474
216378185	1474
217175590	1474
217175779	1474
217175987	1474
217176183	1474
217176426	1474
217176587	1474
217176724	1474
217176884	1474
217177085	1474
217177253	1474
217177414	1474
217177576	1474
217177738	1474
217177898	1474
217178070	1474
217178230	1474
217178390	1474
217178552	1474
217974647	1474
217974811	1474
217974974	1474
217975151	1474
217975317	1474
217975479	1474
217975641	1474
217975805	1474
217975967	1474
217976123	1474
217976260	1474
217976424	1474
217976585	1474
217976751	1474
217976912	1474
217977138	1474
217977310	1474
218774286	1474
218774624	1474
218774800	1474
218775570	1474
218775793	1474
218775947	1474
218776110	1474
218776269	1474
218776433	1474
218776598	1474
218776738	1474
218776878	1474
218777013	1474
218777257	1474
218777510	1474
218777745	1474
218777953	1474
218778122	1474
219573222	1474
219573537	1474
219573706	1474
219573903	1474
219574100	1474
219574296	1474
219574535	1474
219574749	1474
219575175	1474
219575361	1474
219575579	1474
219575714	1474
219575903	1474
219576067	1474
219576231	1474
219576401	1474
219576571	1474
219576731	1474
220377435	1474
220377585	1474
220377707	1474
220377854	1474
220378003	1474
220378125	1474
220378247	1474
220378395	1474
220378564	1474
220378707	1474
220378875	1474
220379020	1474
220379170	1474
220379316	1474
220379472	1474
220379616	1474
220379764	1474
220379887	1474
221173207	1474
221173547	1474
221173828	1474
221174055	1474
221174661	1474
221174859	1474
221175084	1474
221175227	1474
221175390	1474
221175535	1474
221175711	1474
221175877	1474
221176037	1474
221176200	1474
221176379	1474
221176524	1474
221176694	1474
221176861	1474
221975402	1474
221975553	1474
221975699	1474
221975855	1474
221976003	1474
221976146	1474
221976293	1474
221976437	1474
221976583	1474
221976738	1474
221976884	1474
221977029	1474
221977223	1474
221977375	1474
221977500	1474
221977649	1474
221977881	1474
221978079	1474
223041762	1474
223041929	1474
223042132	1474
223042408	1474
223042644	1474
223042820	1474
223042990	1474
223043156	1474
223043321	1474
223043485	1474
223043647	1474
223043810	1474
223043947	1474
223044136	1474
223044301	1474
223044438	1474
223044601	1474
223044762	1474
223845131	1474
223845349	1474
223845494	1474
223845752	1474
223845966	1474
223846137	1474
223846302	1474
223846465	1474
223846645	1474
223846809	1474
223846990	1474
223847165	1474
223847352	1474
223847518	1474
223847681	1474
223847843	1474
223848009	1474
223848180	1474
224642844	1474
224643008	1474
224643234	1474
224643481	1474
224643672	1474
224643833	1474
224643967	1474
224644125	1474
224644259	1474
224644434	1474
224644595	1474
224644755	1474
224644889	1474
224645094	1474
224645260	1474
224645434	1474
224645595	1474
224645755	1474
225442449	1474
225442626	1474
225442764	1474
225442928	1474
225443095	1474
225443238	1474
225443401	1474
225443581	1474
225443720	1474
225443888	1474
225444029	1474
225444196	1474
225444359	1474
225444536	1474
225444698	1474
225444864	1474
225445071	1474
225445242	1474
226245599	1474
226245774	1474
226245965	1474
226246189	1474
226246378	1474
226246543	1474
226246722	1474
226246887	1474
226247052	1474
226247214	1474
226247380	1474
226247544	1474
226247744	1474
226247910	1474
226248073	1474
226248238	1474
226248400	1474
227045699	1474
227045869	1474
227046062	1474
227046286	1474
227046555	1474
227046733	1474
227046926	1474
227047129	1474
227047295	1474
227047438	1474
227047601	1474
227047802	1474
227047971	1474
227048115	1474
227048278	1474
227048441	1474
227048606	1474
227846788	1474
227846968	1474
227847134	1474
227847403	1474
227847627	1474
227847950	1474
227848122	1474
227848286	1474
227848448	1474
227848587	1474
227848751	1474
227848898	1474
227849062	1474
227849276	1474
227849469	1474
227849634	1474
227849984	1474
228376485	1474
228376627	1474
228376792	1474
228376965	1474
228377178	1474
228377352	1474
228377516	1474
228377658	1474
228377819	1474
228377992	1474
228378167	1474
228378415	1474
228378598	1474
228378743	1474
228378913	1474
228379189	1474
229177477	1474
229177620	1474
229177785	1474
229178048	1474
229178289	1474
229178671	1474
229178958	1474
229179190	1474
229179363	1474
229179502	1474
229179664	1474
229179831	1474
229179993	1474
229180139	1474
229180308	1474
229180472	1474
229188291	1474
229977132	1474
229977272	1474
229977415	1474
229977544	1474
229977671	1474
229977794	1474
229977943	1474
229978067	1474
229978204	1474
229978334	1474
229978457	1474
229978605	1474
229978706	1474
229978834	1474
229978956	1474
229979098	1474
229979207	1474
231042492	1474
231043083	1474
231043230	1474
231043561	1474
231043970	1474
231044173	1474
231044299	1474
231044444	1474
231044563	1474
231044666	1474
231044794	1474
231044943	1474
231045125	1474
231045255	1474
231045398	1474
231045539	1474
231045674	1474
231045796	1474
231841628	1474
231841944	1474
231842081	1474
231842179	1474
231842316	1474
231842462	1474
231842616	1474
231842927	1474
231843514	1474
231843659	1474
231843868	1474
231843994	1474
231844131	1474
231844254	1474
231844383	1474
231844523	1474
231844661	1474
231844788	1474
232641295	1474
232641543	1474
232641898	1474
232642019	1474
232642146	1474
232642488	1474
232642708	1474
232642853	1474
232643427	1474
232643659	1474
232643770	1474
232643906	1474
232644047	1474
232644172	1474
232644301	1474
232644405	1474
232644527	1474
232644652	1474
233444176	1474
233444290	1474
233444412	1474
233444542	1474
233444637	1474
233445049	1474
233445195	1474
233445333	1474
233445458	1474
233445577	1474
233445698	1474
233445826	1474
233445983	1474
233446107	1474
233446245	1474
233446366	1474
233446490	1474
234244238	1474
234244369	1474
234244482	1474
234244619	1474
234244720	1474
234244845	1474
234245035	1474
234245173	1474
234245297	1474
234245445	1474
234245577	1474
234245705	1474
234245825	1474
234245972	1474
234246176	1474
234246288	1474
234246410	1474
234246508	1474
235044556	1474
235044685	1474
235044820	1474
235045010	1474
235045200	1474
235045358	1474
235045616	1474
235045747	1474
235045872	1474
235045997	1474
235046121	1474
235046260	1474
235046366	1474
235046490	1474
235046610	1474
235046730	1474
235046866	1474
235046987	1474
235844279	1474
235844428	1474
235844570	1474
235844717	1474
235844868	1474
235845144	1474
235845273	1474
235845417	1474
235845535	1474
235845662	1474
235845802	1474
235845904	1474
235846045	1474
235846165	1474
235846289	1474
235846429	1474
235846565	1474
235846687	1474
236644166	1474
236644416	1474
236644627	1474
236644770	1474
236645143	1474
236645251	1474
236645389	1474
236645547	1474
236645668	1474
236645805	1474
236645929	1474
236646050	1474
236646173	1474
236646306	1474
236646432	1474
236646556	1474
236646677	1474
236646797	1474
237444637	1474
237444753	1474
237444880	1474
237445058	1474
237445323	1474
237445451	1474
237445577	1474
237445715	1474
237445837	1474
237445961	1474
237446083	1474
237446174	1474
237446270	1474
237446393	1474
237446611	1474
237446790	1474
237446939	1474
237447035	1474
238244872	1474
238245046	1474
238245182	1474
238245277	1474
238245398	1474
238245493	1474
238245612	1474
238245762	1474
238245900	1474
238246024	1474
238246170	1474
238246291	1474
238246392	1474
238246516	1474
238246638	1474
238246761	1474
238246898	1474
238246996	1474
239044852	1474
239045064	1474
239045158	1474
239045286	1474
239045390	1474
239045673	1474
239045801	1474
239045941	1474
239046191	1474
239046318	1474
239046441	1474
239046595	1474
239046718	1474
239046843	1474
239046976	1474
239047099	1474
239051811	1474
239845504	1474
239845622	1474
239845742	1474
239845865	1474
239845981	1474
239846103	1474
239846253	1474
239846372	1474
239846491	1474
239846703	1474
239846832	1474
239846954	1474
239847052	1474
239847189	1474
239847312	1474
239847423	1474
239847564	1474
240647106	1474
240647235	1474
240647386	1474
240647508	1474
240647658	1474
240647781	1474
240647908	1474
240648029	1474
240648150	1474
240648280	1474
240648404	1474
240648527	1474
240648650	1474
240648788	1474
240648910	1474
240649095	1474
240649217	1474
241445808	1474
241445955	1474
241446078	1474
241446205	1474
241446348	1474
241446486	1474
241446620	1474
241446740	1474
241446864	1474
241446987	1474
241447110	1474
241447233	1474
241447333	1474
241447438	1474
241447563	1474
241447688	1474
241447810	1474
241447909	1474
242244860	1474
242245032	1474
242245187	1474
242245424	1474
242245552	1474
242245687	1474
242245817	1474
242245949	1474
242246098	1474
242246198	1474
242246323	1474
242246444	1474
242246537	1474
242246696	1474
242246826	1474
242246976	1474
242247100	1474
242247230	1474
243314717	1474
243314854	1474
243314979	1474
243315116	1474
243315247	1474
243315513	1474
243315644	1474
243315800	1474
243315898	1474
243315998	1474
243316123	1474
243316299	1474
243316428	1474
243316575	1474
243316700	1474
243316839	1474
243317024	1474
243317148	1474
244112711	1474
244112847	1474
244113088	1474
244113304	1474
244113445	1474
244113597	1474
244113823	1474
244113976	1474
244114106	1474
244114232	1474
244114381	1474
244114485	1474
244114586	1474
244114713	1474
244114839	1474
244114990	1474
244115116	1474
244115250	1474
244912713	1474
244912839	1474
244912991	1474
244913118	1474
244913241	1474
244913347	1474
244913485	1474
244913606	1474
244913739	1474
244913859	1474
244913987	1474
244914114	1474
244914215	1474
244914338	1474
244914461	1474
244914600	1474
244914724	1474
244914850	1474
245713676	1474
245713825	1474
245713924	1474
245714060	1474
245714194	1474
245714436	1474
245714565	1474
245714722	1474
245714844	1474
245714984	1474
245715133	1474
245715271	1474
245715391	1474
245715514	1474
245715637	1474
245715761	1474
245715906	1474
245716003	1474
246512644	1474
246512769	1474
246512892	1474
246513120	1474
246513246	1474
246513415	1474
246513678	1474
246513802	1474
246513937	1474
246514084	1474
246514181	1474
246514327	1474
246514448	1474
246514584	1474
246514722	1474
246514843	1474
246514963	1474
246515086	1474
247312413	1474
247312592	1474
247312817	1474
247313102	1474
247313253	1474
247313418	1474
247313588	1474
247313754	1474
247313917	1474
247314080	1474
247314243	1474
247314381	1474
247314554	1474
247314719	1474
247314882	1474
247315045	1474
247315208	1474
247315371	1474
248113253	1474
248113417	1474
248113581	1474
248113727	1474
248113891	1474
248114029	1474
248114166	1474
248114330	1474
248114492	1474
248114656	1474
248114826	1474
248114992	1474
248115130	1474
248115295	1474
248115434	1474
248115597	1474
248115744	1474
248913502	1474
248913641	1474
248913815	1474
248914011	1474
248914248	1474
248914486	1474
248914651	1474
248914830	1474
248914993	1474
248915157	1474
248915403	1474
248915569	1474
248915754	1474
248915919	1474
248916082	1474
248916245	1474
248916381	1474
249713436	1474
249713544	1474
249713730	1474
249713915	1474
249714057	1474
249714199	1474
249714476	1474
249714567	1474
249714691	1474
249714816	1474
249714921	1474
249715070	1474
249715192	1474
249715323	1474
249715449	1474
249715572	1474
249715696	1474
249715820	1474
250510801	1474
250511267	1474
250511480	1474
250511682	1474
250511921	1474
250512132	1474
250512315	1474
250512535	1474
250512781	1474
250513832	1474
250514009	1474
250514188	1474
250514403	1474
250514618	1474
250514792	1474
250514956	1474
250515140	1474
251311074	1474
251311487	1474
251311787	1474
251312002	1474
251312225	1474
251312393	1474
251312582	1474
251312796	1474
251312963	1474
251313174	1474
251313380	1474
251313544	1474
251313706	1474
251313869	1474
251314031	1474
251314194	1474
251314346	1474
252111065	1474
252111321	1474
252111577	1474
252112084	1474
252112312	1474
252112618	1474
252113293	1474
252113483	1474
252113622	1474
252113785	1474
252113948	1474
252114085	1474
252114247	1474
252114436	1474
252114576	1474
252114738	1474
252114903	1474
252913894	1474
252914035	1474
252914202	1474
252914459	1474
252914693	1474
252914984	1474
252915154	1474
252915320	1474
252915483	1474
252915660	1474
252915824	1474
252915962	1474
252916125	1474
252916283	1474
252916449	1474
252916630	1474
252916793	1474
253712739	1474
253712872	1474
253713186	1474
253713322	1474
253713666	1474
253713798	1474
253713915	1474
253714007	1474
253714129	1474
253714269	1474
253714447	1474
253714575	1474
253714722	1474
253714842	1474
253714968	1474
253715093	1474
253715196	1474
254513246	1474
254513415	1474
254513579	1474
254513847	1474
254514067	1474
254514246	1474
254514385	1474
254514548	1474
254514710	1474
254514890	1474
254515028	1474
254515192	1474
254515331	1474
254515468	1474
254515632	1474
254515802	1474
254515941	1474
254516079	1474
255312792	1474
255312989	1474
255313117	1474
255313240	1474
255313370	1474
255313493	1474
255313731	1474
255313859	1474
255313951	1474
255314086	1474
255314208	1474
255314329	1474
255314452	1474
255314575	1474
255314674	1474
255314773	1474
255314897	1474
255315133	1474
256114866	1474
256114979	1474
256115275	1474
256115414	1474
256115721	1474
256115852	1474
256115989	1474
256116108	1474
256116248	1474
256116381	1474
256116527	1474
256116652	1474
256116795	1474
256116921	1474
256117092	1474
256117287	1474
256117413	1474
256914933	1474
256915066	1474
256915209	1474
256915343	1474
256915588	1474
256915694	1474
256915844	1474
256915969	1474
256916097	1474
256916233	1474
256916386	1474
256916511	1474
256916663	1474
256916788	1474
256916940	1474
256917121	1474
256917447	1474
256917563	1474
257714080	1474
257714179	1474
257714298	1474
257714424	1474
257714546	1474
257714665	1474
257714786	1474
257714905	1474
257715001	1474
257715123	1474
257715243	1474
257715362	1474
257715469	1474
257715591	1474
257715724	1474
257715844	1474
257715961	1474
257716081	1474
258780795	1474
258780920	1474
258781053	1474
258781253	1474
258781375	1474
258781495	1474
258781638	1474
258781758	1474
258781881	1474
258782001	1474
258782119	1474
258782239	1474
258782358	1474
258782479	1474
258782608	1474
258782706	1474
258782801	1474
258782897	1474
259316220	1474
259316344	1474
259316465	1474
259316559	1474
259316676	1474
259316810	1474
259317034	1474
259317161	1474
259317282	1474
259317401	1474
259317520	1474
259317639	1474
259317772	1474
259317892	1474
259318013	1474
259318132	1474
259318226	1474
260380341	1474
260380461	1474
260380580	1474
260380698	1474
260381055	1474
260381303	1474
260381431	1474
260381556	1474
260381679	1474
260381798	1474
260381894	1474
260382082	1474
260382201	1474
260382321	1474
260382440	1474
260382539	1474
260382657	1474
260382754	1474
261180678	1474
261180800	1474
261180950	1474
261181131	1474
261181253	1474
261181350	1474
261181502	1474
261181666	1474
261181788	1474
261181879	1474
261181998	1474
261182138	1474
261182259	1474
261182376	1474
261182494	1474
261182614	1474
261182733	1474
261182827	1474
261982876	1474
261983001	1474
261983122	1474
261983250	1474
261983373	1474
261983604	1474
261983708	1474
261983832	1474
261983956	1474
261984080	1474
261984213	1474
261984312	1474
261984435	1474
261984557	1474
261984678	1474
261984799	1474
261984915	1474
261985061	1474
262779895	1474
262780020	1474
262780139	1474
262780260	1474
262780397	1474
262780517	1474
262780636	1474
262780755	1474
262780897	1474
262781072	1474
262781168	1474
262781287	1474
262781425	1474
262781548	1474
262781669	1474
262781790	1474
262781912	1474
263585312	1474
263585441	1474
263585582	1474
263585714	1474
263585843	1474
263585969	1474
263586097	1474
263586222	1474
263586372	1474
263586503	1474
263586631	1474
263586771	1474
263586896	1474
263587020	1474
263587146	1474
263587270	1474
263587395	1474
263587530	1474
264385789	1474
264385914	1474
264386039	1474
264386172	1474
264386319	1474
264386443	1474
264386536	1474
264386671	1474
264386795	1474
264386900	1474
264387025	1474
264387154	1474
264387282	1474
264387407	1474
264387555	1474
264387693	1474
264387845	1474
264387972	1474
265184223	1474
265184364	1474
265184489	1474
265184626	1474
265184749	1474
265184925	1474
265185067	1474
265185184	1474
265185308	1474
265185430	1474
265185554	1474
265185676	1474
265185810	1474
265185956	1474
265186085	1474
265186209	1474
265984555	1474
265984680	1474
265984803	1474
265985153	1474
265985753	1474
265985890	1474
265986024	1474
265986147	1474
265986271	1474
265986396	1474
265986519	1474
265986644	1474
265986769	1474
265986895	1474
265987012	1474
265987136	1474
265987262	1474
265987387	1474
266782344	1474
266782501	1474
266782628	1474
266782746	1474
266782895	1474
266783130	1474
266783263	1474
266783385	1474
266783533	1474
266783658	1474
266783807	1474
266783931	1474
266784067	1474
266784194	1474
266784344	1474
266784468	1474
266784611	1474
266784735	1474
267585487	1474
267585694	1474
267585819	1474
267585948	1474
267586104	1474
267586390	1474
267586500	1474
267586626	1474
267586765	1474
267586866	1474
267586964	1474
267587087	1474
267587185	1474
267587323	1474
267587464	1474
267587587	1474
267587732	1474
267587856	1474
268391134	1474
268391279	1474
268391490	1474
268391714	1474
268391956	1474
268392123	1474
268392286	1474
268392464	1474
268392630	1474
268392793	1474
268392958	1474
268393181	1474
268393351	1474
268393528	1474
268393692	1474
268393855	1474
268394017	1474
268394201	1474
269191444	1474
269191594	1474
269191699	1474
269191827	1474
269191956	1474
269192087	1474
269192214	1474
269192341	1474
269192443	1474
269192582	1474
269192710	1474
269192838	1474
269193025	1474
269193171	1474
269193303	1474
269193434	1474
269193580	1474
269193686	1474
269982735	1474
269982861	1474
269982988	1474
269983134	1474
269983259	1474
269983411	1474
269983534	1474
269983669	1474
269983824	1474
269983927	1474
269984077	1474
269984202	1474
269984336	1474
269984461	1474
269984591	1474
269984723	1474
269984851	1474
269985042	1474
271048764	1474
271049325	1474
271049646	1474
271050015	1474
271050287	1474
271050417	1474
271050533	1474
271050651	1474
271050766	1474
271050896	1474
271051035	1474
271051182	1474
271051304	1474
271051396	1474
271051520	1474
271051648	1474
271051773	1474
271051964	1474
271849726	1474
271849868	1474
271850016	1474
271850155	1474
271850255	1474
271850389	1474
271850606	1474
271850740	1474
271850867	1474
271850993	1474
271851111	1474
271851230	1474
271851374	1474
271851500	1474
271851622	1474
271851746	1474
271851868	1474
271851967	1474
272648313	1474
272648488	1474
272648617	1474
272648745	1474
272648871	1474
272649065	1474
272649180	1474
272649276	1474
272649399	1474
272649522	1474
272649646	1474
272649790	1474
272649909	1474
272650032	1474
272650187	1474
272650314	1474
272650451	1474
272650555	1474
273451754	1474
273451907	1474
273452008	1474
273452186	1474
273452312	1474
273452477	1474
273452733	1474
273452862	1474
273453084	1474
273453211	1474
273453350	1474
273453477	1474
273453577	1474
273453701	1474
273453827	1474
273453954	1474
273454076	1474
273454202	1474
274250992	1474
274251120	1474
274251249	1474
274251447	1474
274251597	1474
274251753	1474
274252018	1474
274252121	1474
274252223	1474
274252380	1474
274252518	1474
274252618	1474
274252747	1474
274252877	1474
274253114	1474
274253519	1474
274253672	1474
274253853	1474
275047785	1474
275048498	1474
275048636	1474
275048768	1474
275048997	1474
275049506	1474
275049644	1474
275049956	1474
275050111	1474
275050233	1474
275050356	1474
275050455	1474
275050577	1474
275050719	1474
275050852	1474
275050976	1474
275051114	1474
275051237	1474
275850189	1474
275850292	1474
275850431	1474
275850565	1474
275850695	1474
275850961	1474
275851090	1474
275851213	1474
275851393	1474
275851497	1474
275851621	1474
275851746	1474
275851884	1474
275852008	1474
275852140	1474
275852265	1474
275852396	1474
275852521	1474
276652453	1474
276652580	1474
276652725	1474
276652849	1474
276653114	1474
276654106	1474
276654245	1474
276654360	1474
276654485	1474
276654621	1474
276654745	1474
276654869	1474
276655007	1474
276655110	1474
276655237	1474
276655364	1474
276655513	1474
277448225	1474
277448738	1474
277448875	1474
277449594	1474
277449905	1474
277450035	1474
277450189	1474
277450313	1474
277450435	1474
277450578	1474
277450702	1474
277450791	1474
277450908	1474
277451031	1474
277451170	1474
277451293	1474
277451415	1474
277451537	1474
278517881	1474
278518006	1474
278518146	1474
278518273	1474
278518414	1474
278518566	1474
278518788	1474
278518921	1474
278519049	1474
278519174	1474
278519304	1474
278519427	1474
278519553	1474
278519677	1474
278519816	1474
278519938	1474
278520064	1474
278520161	1474
279051014	1474
279051191	1474
279051355	1474
279051529	1474
279051695	1474
279051833	1474
279051995	1474
279052156	1474
279052320	1474
279052498	1474
279052661	1474
279052822	1474
279052984	1474
279053191	1474
279053360	1474
279053537	1474
279053699	1474
280119931	1474
280120031	1474
280120155	1474
280120318	1474
280120455	1474
280120814	1474
280120944	1474
280121103	1474
280121228	1474
280121356	1474
280121506	1474
280121644	1474
280121770	1474
280121897	1474
280122041	1474
280122139	1474
280122264	1474
280122392	1474
280918720	1474
280918856	1474
280918977	1474
280919076	1474
280919221	1474
280919386	1474
280919654	1474
280919814	1474
280919934	1474
280920057	1474
280920203	1474
280920326	1474
280920453	1474
280920573	1474
280920702	1474
280920829	1474
280920992	1474
281720148	1474
281720289	1474
281720471	1474
281720700	1474
281720924	1474
281721160	1474
281721330	1474
281721491	1474
281721652	1474
281721813	1474
281721992	1474
281722154	1474
281722316	1474
281722454	1474
281722616	1474
281722777	1474
281722948	1474
281723110	1474
282515756	1474
282515956	1474
282516170	1474
282516368	1474
282516588	1474
282517363	1474
282517542	1474
282517704	1474
282517840	1474
282518031	1474
282518171	1474
282518306	1474
282518442	1474
282518603	1474
282518763	1474
282518898	1474
282519042	1474
283051572	1474
283051735	1474
283051895	1474
283052055	1474
283052230	1474
283052390	1474
283052526	1474
283052684	1474
283052842	1474
283053045	1474
283053225	1474
283053385	1474
283053546	1474
283053706	1474
283053876	1474
283054011	1474
283851331	1474
283851498	1474
283851632	1474
283851794	1474
283851954	1474
283852092	1474
283852260	1474
283852419	1474
283852583	1474
283852741	1474
283852906	1474
283853090	1474
283853271	1474
283853432	1474
283853595	1474
283853753	1474
283853937	1474
283854098	1474
284915832	1474
284916061	1474
284916326	1474
284916584	1474
284916804	1474
284917044	1474
284917218	1474
284917383	1474
284917559	1474
284917719	1474
284917856	1474
284918020	1474
284918183	1474
284918320	1474
284918494	1474
284918665	1474
284918832	1474
284918965	1474
285717106	1474
285717463	1474
285717712	1474
285717903	1474
285718125	1474
285718301	1474
285718465	1474
285718633	1474
285718832	1474
285718969	1474
285719130	1474
285719290	1474
285719448	1474
285719615	1474
285719779	1474
285719950	1474
285720111	1474
285720269	1474
286516217	1474
286516485	1474
286516584	1474
286516719	1474
286516868	1474
286517037	1474
286517161	1474
286517279	1474
286517377	1474
286517497	1474
286517591	1474
286517715	1474
286517837	1474
286517955	1474
286518072	1474
286518166	1474
286518284	1474
286518400	1474
287316264	1474
287316575	1474
287316767	1474
287316907	1474
287317061	1474
287317327	1474
287317455	1474
287317573	1474
287317693	1474
287317818	1474
287317951	1474
287318071	1474
287318192	1474
287318288	1474
287318407	1474
287318530	1474
287318626	1474
287318747	1474
288116814	1474
288117296	1474
288117428	1474
288117520	1474
288117644	1474
288117930	1474
288118078	1474
288118172	1474
288118277	1474
288118404	1474
288118550	1474
288118648	1474
288118777	1474
288118934	1474
288119153	1474
288119299	1474
288119425	1474
288119553	1474
288916202	1474
288916656	1474
288916805	1474
288917086	1474
288917258	1474
288917410	1474
288917656	1474
288917789	1474
288917907	1474
288918002	1474
288918396	1474
288918512	1474
288918655	1474
288918780	1474
288918904	1474
288919027	1474
288919263	1474
289716755	1474
289717349	1474
289717497	1474
289717717	1474
289717961	1474
289718102	1474
289718273	1474
289718411	1474
289718571	1474
289718732	1474
289718893	1474
289719055	1474
289719216	1474
289719393	1474
289719554	1474
289719716	1474
289719877	1474
289720039	1474
290518684	1474
290518848	1474
290518984	1474
290519176	1474
290519370	1474
290519629	1474
290519799	1474
290519962	1474
290520124	1474
290520286	1474
290520454	1474
290520591	1474
290520726	1474
290520887	1474
290521095	1474
290521243	1474
290521381	1474
290521555	1474
291317880	1474
291318030	1474
291318172	1474
291318343	1474
291318549	1474
291318763	1474
291318910	1474
291319054	1474
291319197	1474
291319338	1474
291319477	1474
291319639	1474
291319784	1474
291319926	1474
291320155	1474
291320346	1474
291320546	1474
291320670	1474
292116762	1474
292117118	1474
292117390	1474
292117900	1474
292118098	1474
292118271	1474
292118519	1474
292118681	1474
292118803	1474
292118947	1474
292119067	1474
292119212	1474
292119354	1474
292119497	1474
292119640	1474
292119797	1474
292119940	1474
292917461	1474
292917646	1474
292917884	1474
292918143	1474
292918362	1474
292918593	1474
292918757	1474
292918902	1474
292919077	1474
292919237	1474
292919398	1474
292919634	1474
292919800	1474
292919975	1474
292920196	1474
292920401	1474
292920620	1474
292920995	1474
293717363	1474
293717632	1474
293717724	1474
293717819	1474
293717926	1474
293718054	1474
293718185	1474
293718305	1474
293718429	1474
293718532	1474
293718655	1474
293718755	1474
293718878	1474
293719005	1474
293719140	1474
293719263	1474
293719387	1474
294517295	1474
294517486	1474
294517644	1474
294517846	1474
294518093	1474
294518237	1474
294518446	1474
294518567	1474
294518685	1474
294518804	1474
294518899	1474
294519017	1474
294519135	1474
294519267	1474
294519386	1474
294519505	1474
294519622	1474
295317538	1474
295317732	1474
295317999	1474
295318127	1474
295318228	1474
295318430	1474
295318603	1474
295318729	1474
295319388	1474
295319512	1474
295319608	1474
295319727	1474
295319846	1474
295319940	1474
295320062	1474
295320179	1474
295320299	1474
296118901	1474
296119025	1474
296119146	1474
296119264	1474
296119384	1474
296119514	1474
296119622	1474
296119740	1474
296119857	1474
296119975	1474
296120090	1474
296120207	1474
296120304	1474
296120424	1474
296120553	1474
296120671	1474
296120789	1474
296120901	1474
296925151	1474
296925275	1474
296925400	1474
296925521	1474
296925650	1474
296925868	1474
296925993	1474
296926113	1474
296926232	1474
296926350	1474
296926469	1474
296926586	1474
296926694	1474
296926814	1474
296926931	1474
296927052	1474
296927277	1474
297722007	1474
297722133	1474
297722229	1474
297722348	1474
297722467	1474
297722561	1474
297722683	1474
297722810	1474
297722931	1474
297723052	1474
297723171	1474
297723289	1474
297723408	1474
297723526	1474
297723645	1474
297723765	1474
297723872	1474
297723992	1474
298787769	1474
298787895	1474
298788027	1474
298788157	1474
298788283	1474
298788408	1474
298788551	1474
298788676	1474
298788778	1474
298788877	1474
298789110	1474
298789239	1474
298789364	1474
298789486	1474
298789613	1474
298789736	1474
298789860	1474
298789956	1474
299587828	1474
299587974	1474
299588097	1474
299588217	1474
299588362	1474
299588515	1474
299588757	1474
299588910	1474
299589080	1474
299589222	1474
299589339	1474
299589459	1474
299589581	1474
299589723	1474
299589845	1474
299589986	1474
299590099	1474
299590230	1474
300386640	1474
300386764	1474
300386902	1474
300387024	1474
300387320	1474
300387450	1474
300387592	1474
300387710	1474
300387830	1474
300387958	1474
300388101	1474
300388223	1474
300388363	1474
300388486	1474
300388609	1474
300388731	1474
300388831	1474
300389015	1474
301188402	1474
301188543	1474
301188668	1474
301188791	1474
301188983	1474
301189089	1474
301189359	1474
301189506	1474
301189642	1474
301189738	1474
301189835	1474
301189958	1474
301190079	1474
301190203	1474
301190327	1474
301190461	1474
301190587	1474
301190712	1474
301990602	1474
301990771	1474
301990932	1474
301991186	1474
301991375	1474
301991649	1474
301991815	1474
301991976	1474
301992136	1474
301992296	1474
301992475	1474
301992655	1474
301992816	1474
301992952	1474
301993158	1474
301993328	1474
301993489	1474
301993665	1474
302788593	1474
302788735	1474
302788873	1474
302789041	1474
302789182	1474
302789326	1474
302789427	1474
302789541	1474
302789671	1474
302789809	1474
302789933	1474
302790082	1474
302790204	1474
302790350	1474
302790452	1474
302790576	1474
302790705	1474
303588126	1474
303588261	1474
303588388	1474
303588519	1474
303588646	1474
303588915	1474
303589079	1474
303589234	1474
303589360	1474
303589488	1474
303589622	1474
303589747	1474
303589887	1474
303590012	1474
303590141	1474
303590288	1474
303590414	1474
303590555	1474
304388894	1474
304389119	1474
304389248	1474
304389371	1474
304389499	1474
304389626	1474
304389867	1474
304390005	1474
304390108	1474
304390233	1474
304390376	1474
304390520	1474
304390624	1474
304390752	1474
304390897	1474
304391054	1474
304391183	1474
304391309	1474
305190372	1474
305190539	1474
305190812	1474
305191034	1474
305191266	1474
305191414	1474
305191578	1474
305191743	1474
305191928	1474
305192094	1474
305192275	1474
305192415	1474
305192581	1474
305192743	1474
305192909	1474
305193132	1474
305193307	1474
305193472	1474
305990656	1474
305990804	1474
305990906	1474
305991032	1474
305991161	1474
305991426	1474
305991535	1474
305991675	1474
305991777	1474
305991907	1474
305992035	1474
305992162	1474
305992274	1474
305992417	1474
305992543	1474
305992670	1474
305992796	1474
