14836589	58
14846947	54
14967140	1474
14967262	1474
14968344	1474
14968466	1474
14971380	1474
14971544	1474
14977861	1474
14978181	1474
14978666	1474
14982307	1474
14982648	334
15110365	1474
15110847	1474
15111234	1474
15111586	1474
15111872	1474
15112228	1474
15112608	1474
15112957	1474
15113269	1474
15114205	1474
15114540	1474
15114868	362
15252752	1474
15253185	1474
15355551	1474
15355772	1474
15356969	110
15358195	1474
15358923	1474
15359615	1474
15360668	1474
15361608	1474
15361917	1474
15362165	1474
15362389	1474
15362613	1474
15362844	1474
15370800	1474
16861547	1474
16868831	1474
16868961	1474
16884884	1474
16885121	1474
16889419	1474
16889581	1474
16916452	1474
16916578	1474
16916705	1474
16916839	1474
16921833	1474
16921986	1474
16922248	1474
16922422	256
16946547	1474
16946756	252
16947135	1474
16947416	249
16947637	1474
16948071	245
16948268	1474
16948669	241
16952879	1474
16953010	1474
16953879	1474
16954228	1474
16954395	1474
16954608	1474
16972072	1474
16972330	1474
16972920	1474
16973133	1474
16973752	1474
16973975	1474
16974126	1474
16984998	1474
16999033	1474
16999447	1474
16999828	1474
17012491	1474
17012970	1474
17013204	1474
17024732	1474
17025016	1474
17026915	1474
17032968	1474
17046064	1474
17046456	1474
17046891	1474
17050504	1474
17050701	1474
17062712	1474
17062823	1474
17062949	1474
17065931	1474
17066062	1474
17076566	1474
17076997	1474
17077286	1474
17077442	1474
17078224	1474
17078453	1474
17091244	1474
17091416	1474
17091540	1474
17091871	1474
17092160	1474
17092544	1474
17092794	1474
17105832	1474
17106588	1474
17106826	1474
17107215	1474
17107343	1474
17107472	1474
17124533	1474
17125442	1474
17125594	1474
17125965	1474
17126195	1474
17126584	1474
17127188	1474
17145227	1474
17145456	1474
17145780	1474
17145911	1474
17146151	1474
17146283	1474
17146700	1474
17159753	1474
17160047	1474
17160224	1474
17160352	1474
17160535	1474
17160668	1474
17160945	1474
17161094	1474
17173167	1474
17173298	1474
17173424	1474
17173544	1474
17173777	1474
17173953	1474
17174184	1126
17254487	1474
17254783	82
17254917	1474
17255055	1474
17255174	1474
17255292	1474
17255518	1474
17255695	1474
17256135	1474
17256312	1474
17256447	1474
17256574	1474
17256707	1474
17256924	1474
17257128	1474
17257576	418
17376944	1474
17377409	1474
17377538	110
17377658	1474
17377777	1474
17377898	1474
17378059	1474
17378473	1474
17378603	1474
17378871	1474
17379209	1474
17379503	1474
17379717	1474
17379906	1474
17380155	1474
17380291	1474
17380607	1474
17380854	1474
17381082	1474
17381266	502
17498086	1474
17498219	1474
17498342	1474
17498566	138
17498820	1474
17499049	1474
17499179	1474
17499299	1474
17499421	1474
17499541	194
17499661	1474
17499780	1474
17543812	1474
17543934	1474
17544068	1474
17544190	1474
17544310	1474
17544429	1474
17544552	1474
17544675	1474
17544797	1474
17544922	1474
17545063	390
17619396	1474
17619694	1474
17619814	1474
17619932	1474
17620059	1474
17620181	1474
17620301	1474
17620419	1474
17620544	278
17620663	1474
17620785	1474
17629729	1474
17629978	1474
17630115	1474
17630233	1474
17630354	1474
17630474	1474
17630593	1474
17630712	1474
17630831	1474
17630950	1474
17631087	1474
17671395	1474
17671682	1474
17671802	1474
17671921	1474
17672050	1474
17672172	1474
17672291	1474
17672412	614
17740789	1474
17741157	1474
17741285	1474
17741407	1474
17741527	1474
17741649	1474
17741770	1474
17741891	1474
17742024	1474
17909400	1474
17909747	1474
17910060	1474
17910187	1474
17910310	1474
17910430	1474
17910551	1474
17910670	1474
17910791	1474
17910910	1474
17911036	1474
17953156	1474
17953293	1474
17953418	1474
17953642	1474
18694389	1474
18694661	1474
18694782	1474
18695016	1474
18695206	1474
18695486	1474
18695713	1474
18695838	1474
18695961	1474
18696096	1474
18696219	1474
18698366	1474
18735816	1474
18736074	1474
18736203	1474
18736322	1474
18736443	1474
18736678	1474
18736807	1474
18736928	1474
18737078	1474
19761865	1474
19762131	1474
19762360	1474
19762581	1474
19762801	1474
19762932	1474
19763165	1474
19763288	1474
19763411	1474
19763531	1474
19763651	1474
19763892	1474
19803340	1474
19803604	1474
19803755	1474
20560599	1474
20560887	1474
20561032	1474
20561203	1474
20561351	1474
20561512	1474
20562135	1474
20562563	1474
20562699	1474
20563021	1474
20563241	1474
20563387	1474
20563517	1474
20603064	1474
20603370	1474
20603520	1474
20603647	1474
20603772	1474
20603899	1474
20604029	1474
20604158	1474
21363317	1474
21363671	1474
21363795	1474
21363946	1474
21364072	1474
21364202	1474
21364359	1474
21364487	1474
21364643	1474
21364768	1474
21364901	1474
21365036	1474
21403503	1474
21403763	1474
21403904	1474
22160532	1474
22160796	1474
22160956	1474
22161225	1474
22161524	1474
22161820	1474
22162004	1474
22162176	1474
22162450	1474
22162662	1474
22162836	1474
22163019	1474
22163184	1474
22205303	1474
22205465	1474
22205613	1474
22205759	1474
22960327	1474
22960546	1474
22960758	1474
22961007	1474
22961278	1474
22961570	1474
22961793	1474
22961997	1474
22962200	1474
22962359	1474
22962630	1474
22962852	1474
22963050	1474
23007625	1474
23007801	1474
23007972	1474
23008139	1474
23497134	1474
23497430	1474
23497658	1474
23497883	1474
23498196	1474
23498377	1474
23498544	1474
23498707	1474
23498871	1474
23499036	1474
23499204	1474
23499372	1474
23500556	1474
23500703	1474
23539682	1474
24295588	1474
24295753	1474
24295923	1474
24296086	1474
24296251	1474
24296443	1474
24296614	1474
24296776	1474
24296941	1474
24297099	1474
24297296	1474
24297464	1474
24297614	1474
24339865	1474
24340031	1474
24340194	1474
24340339	1474
24340496	1474
24340640	1474
24340784	1474
24340929	1474
25094459	1474
25094696	1474
25094989	1474
25095157	1474
25095354	1474
25095575	1474
25095745	1474
25095909	1474
25096078	1474
25096244	1474
25096422	1474
25096593	1474
25096759	1474
25138291	1474
25894011	1474
25894217	1474
25894409	1474
25894625	1474
25894846	1474
25895097	1474
25895263	1474
25895441	1474
25895609	1474
25895777	1474
25895942	1474
25896110	1474
25896275	1474
25940076	1474
25940242	1474
25940410	1474
25940591	1474
25940755	1474
25940923	1474
25941089	1474
25941328	1474
26694464	1474
26694843	1474
26695137	1474
26695392	1474
26695627	1474
26695833	1474
26696050	1474
26696216	1474
26696381	1474
26696554	1474
26696719	1474
26696883	1474
26697046	1474
26698822	1474
27495383	1474
27495661	1474
27496049	1474
27496217	1474
27496436	1474
27496791	1474
27496984	1474
27497224	1474
27497394	1474
27497558	1474
27497730	1474
27497893	1474
27498054	1474
27498214	1474
27540053	1474
27540219	1474
27540381	1474
28294324	1474
28294504	1474
28294694	1474
28294915	1474
28295078	1474
28295244	1474
28295406	1474
28295569	1474
28295762	1474
28295927	1474
28296091	1474
28296254	1474
28296416	1474
28342629	1474
28342970	1474
28343139	1474
28343306	1474
28343469	1474
28343633	1474
28343804	1474
28343970	1474
28344133	1474
29097153	1474
29097331	1474
29097495	1474
29097659	1474
29097829	1474
29098012	1474
29098177	1474
29098339	1474
29098501	1474
29098663	1474
29098835	1474
29099000	1474
29099163	1474
29099325	1474
29142277	1474
29893949	1474
29894154	1474
29894342	1474
29894620	1474
29894848	1474
29895080	1474
29895272	1474
29895461	1474
29895623	1474
29895787	1474
29895967	1474
29896132	1474
29896294	1474
29896458	1474
29896621	1474
29939244	1474
29939424	1474
30695324	1474
30695534	1474
30695775	1474
30695981	1474
30696203	1474
30696437	1474
30696606	1474
30696796	1474
30697081	1474
30697302	1474
30697474	1474
30697639	1474
30697804	1474
30697985	1474
30698149	1474
30739647	1474
30739815	1474
30739993	1474
31496595	1474
31496879	1474
31497194	1474
31497420	1474
31497752	1474
31498033	1474
31498222	1474
31498390	1474
31498555	1474
31498719	1474
31498883	1474
31499064	1474
31499230	1474
31499394	1474
31499559	1474
31542125	1474
31542294	1474
32294916	1474
32295261	1474
32295393	1474
32295522	1474
32295644	1474
32295767	1474
32295918	1474
32296042	1474
32296175	1474
32296298	1474
32296420	1474
32296544	1474
32296670	1474
32296790	1474
32335188	1474
32335460	1474
32335599	1474
32335751	1474
32335892	1474
32336017	1474
32336141	1474
32336263	1474
33095339	1474
33095598	1474
33095815	1474
33096019	1474
33096148	1474
33096281	1474
33096403	1474
33096525	1474
33096649	1474
33096792	1474
33096931	1474
33097078	1474
33097250	1474
33097394	1474
33894130	1474
33894455	1474
33894695	1474
33894819	1474
33894959	1474
33895225	1474
33895349	1474
33895464	1474
33895586	1474
33895807	1474
33895950	1474
33896069	1474
33896206	1474
33896327	1474
33896450	1474
33896570	1474
33934981	1474
34693910	1474
34694203	1474
34694324	1474
34694448	1474
34694568	1474
34694688	1474
34694809	1474
34694932	1474
34695051	1474
34695184	1474
34695304	1474
34695424	1474
34695544	1474
34695663	1474
34695782	1474
34741010	1474
34741213	1474
35494226	1474
35494398	1474
35494557	1474
35494678	1474
35494805	1474
35494926	1474
35495066	1474
35495190	1474
35495313	1474
35495435	1474
35495556	1474
35495677	1474
35495799	1474
35495920	1474
35496044	1474
35535511	1474
35535652	1474
36294987	1474
36295214	1474
36295414	1474
36295537	1474
36295657	1474
36295777	1474
36295898	1474
36296019	1474
36296150	1474
36296273	1474
36296395	1474
36296519	1474
36296640	1474
36296762	1474
36296883	1474
36341167	1474
37093878	1474
37094079	1474
37094267	1474
37094436	1474
37094601	1474
37094767	1474
37094931	1474
37095100	1474
37095277	1474
37095445	1474
37095611	1474
37095779	1474
37095944	1474
37096112	1474
37096292	1474
37135152	1474
37135336	1474
37135507	1474
37897231	1474
37897460	1474
37897754	1474
37898014	1474
37898241	1474
37898431	1474
37898613	1474
37898804	1474
37898999	1474
37899172	1474
37899337	1474
37899499	1474
37899663	1474
37899826	1474
37899988	1474
37900158	1474
37942059	1474
37942260	1474
38694722	1474
38694947	1474
38695244	1474
38695413	1474
38695576	1474
38695738	1474
38695900	1474
38696061	1474
38696232	1474
38696394	1474
38696554	1474
38696716	1474
38696877	1474
38697041	1474
38697262	1474
38734838	1474
38735014	1474
38735185	1474
39761347	1474
39761594	1474
39761774	1474
39761988	1474
39762209	1474
39762398	1474
39762622	1474
39762789	1474
39762958	1474
39763121	1474
39763297	1474
39763497	1474
39763666	1474
39763848	1474
39764020	1474
39764183	1474
39764366	1474
39804135	1474
40295670	1474
40295882	1474
40296066	1474
40296272	1474
40296509	1474
40296766	1474
40296932	1474
40297136	1474
40297391	1474
40297555	1474
40297714	1474
40297875	1474
40298034	1474
40298194	1474
40298373	1474
40298534	1474
40298695	1474
41094020	1474
41094254	1474
41094498	1474
41094757	1474
41094977	1474
41095226	1474
41095438	1474
41095607	1474
41095769	1474
41095930	1474
41096091	1474
41096253	1474
41096427	1474
41096588	1474
41096749	1474
41096915	1474
41097074	1474
41893985	1474
41894243	1474
41894457	1474
41894708	1474
41894929	1474
41895226	1474
41895401	1474
41895590	1474
41895803	1474
41895984	1474
41896147	1474
41896308	1474
41896484	1474
41896647	1474
41896809	1474
41896969	1474
41897130	1474
42960682	1474
42960887	1474
42961055	1474
42961288	1474
42961521	1474
42961730	1474
42961914	1474
42962105	1474
42962326	1474
42962500	1474
42962664	1474
42962826	1474
42962988	1474
42963149	1474
42963311	1474
42963481	1474
42963681	1474
43007872	1474
43760866	1474
43761081	1474
43761436	1474
43761742	1474
43761964	1474
43762274	1474
43762477	1474
43762673	1474
43762836	1474
43763005	1474
43763176	1474
43763346	1474
43763521	1474
43763725	1474
43763890	1474
43764057	1474
43764220	1474
43811273	1474
44294556	1474
44294877	1474
44295194	1474
44295470	1474
44295708	1474
44296026	1474
44296223	1474
44296501	1474
44296666	1474
44296833	1474
44296995	1474
44297162	1474
44297375	1474
44297561	1474
44297724	1474
44297892	1474
44298056	1474
45095815	1474
45096075	1474
45096245	1474
45096455	1474
45096706	1474
45097047	1474
45097279	1474
45097473	1474
45097653	1474
45097815	1474
45097976	1474
45098139	1474
45098300	1474
45098461	1474
45098639	1474
45098800	1474
45098960	1474
45894970	1474
45895636	1474
45895876	1474
45896111	1474
45896277	1474
45896441	1474
45896613	1474
45896778	1474
45896938	1474
45897100	1474
45897312	1474
45897485	1474
45897665	1474
45897829	1474
45897992	1474
45898153	1474
45898317	1474
46693971	1474
46694989	1474
46695218	1474
46695454	1474
46695620	1474
46695799	1474
46695960	1474
46696124	1474
46696287	1474
46696450	1474
46696611	1474
46696816	1474
46696978	1474
46697138	1474
46697365	1474
46697543	1474
46697717	1474
47495210	1474
47495664	1474
47495805	1474
47495924	1474
47496043	1474
47496164	1474
47496282	1474
47496400	1474
47496520	1474
47496640	1474
47496773	1474
47496895	1474
47497015	1474
47497218	1474
47497344	1474
47497464	1474
47497585	1474
48295602	1474
48295931	1474
48296061	1474
48296182	1474
48296304	1474
48296423	1474
48296543	1474
48296665	1474
48296792	1474
48296915	1474
48297057	1474
48297228	1474
48297349	1474
48297470	1474
48297589	1474
48297712	1474
48297847	1474
48335337	1474
49361965	1474
49362283	1474
49362406	1474
49362551	1474
49362675	1474
49362886	1474
49363011	1474
49363137	1474
49363280	1474
49363404	1474
49363536	1474
49363660	1474
49363795	1474
49363954	1474
49364078	1474
49364200	1474
49364342	1474
49402776	1474
50161099	1474
50161366	1474
50161496	1474
50161621	1474
50161751	1474
50161877	1474
50161999	1474
50162122	1474
50162261	1474
50162383	1474
50162521	1474
50162641	1474
50162785	1474
50162919	1474
50163056	1474
50163195	1474
50163314	1474
50203019	1474
50962054	1474
50962353	1474
50962486	1474
50962765	1474
50962893	1474
50963030	1474
50963158	1474
50963281	1474
50963410	1474
50963535	1474
50963678	1474
50963799	1474
50963966	1474
50964101	1474
50964223	1474
50964350	1474
50964475	1474
51006878	1474
51762944	1474
51763236	1474
51763368	1474
51764061	1474
51764191	1474
51764322	1474
51764454	1474
51764579	1474
51764709	1474
51764836	1474
51764966	1474
51765089	1474
51765270	1474
51765418	1474
51765557	1474
51765688	1474
51765875	1474
51803273	1474
52562129	1474
52562315	1474
52562438	1474
52562689	1474
52562811	1474
52563059	1474
52563188	1474
52563310	1474
52563428	1474
52563549	1474
52563668	1474
52563788	1474
52563906	1474
52564041	1474
52564167	1474
52564287	1474
53362028	1474
53362211	1474
53362414	1474
53362535	1474
53362656	1474
53362775	1474
53362894	1474
53363015	1474
53363153	1474
53363274	1474
53363393	1474
53363511	1474
53363631	1474
53363751	1474
53363872	1474
53363994	1474
53364128	1474
53364259	1474
54160994	1474
54161298	1474
54161489	1474
54161609	1474
54161727	1474
54161845	1474
54161964	1474
54162083	1474
54162275	1474
54162395	1474
54162514	1474
54162632	1474
54162751	1474
54162871	1474
54162989	1474
54163221	1474
54163338	1474
54163455	1474
54961056	1474
54961328	1474
54961449	1474
54961568	1474
54961698	1474
54961930	1474
54962058	1474
54962188	1474
54962308	1474
54962428	1474
54962546	1474
54962666	1474
54962785	1474
54962907	1474
54963025	1474
54963156	1474
54963277	1474
54963395	1474
55760936	1474
55761114	1474
55761366	1474
55761487	1474
55761612	1474
55761858	1474
55761986	1474
55762105	1474
55762239	1474
55762364	1474
55762482	1474
55762603	1474
55762722	1474
55762840	1474
55762960	1474
55763080	1474
55763213	1474
56560916	1474
56561143	1474
56561373	1474
56561525	1474
56561649	1474
56561796	1474
56561920	1474
56562049	1474
56562176	1474
56562314	1474
56562439	1474
56562571	1474
56562696	1474
56562819	1474
56562959	1474
56563088	1474
56563217	1474
56563357	1474
57360851	1474
57360983	1474
57361165	1474
57361534	1474
57361667	1474
57361810	1474
57361935	1474
57362060	1474
57362183	1474
57362315	1474
57362441	1474
57362584	1474
57362708	1474
57362833	1474
57362960	1474
57363086	1474
57363214	1474
57363347	1474
58164054	1474
58164213	1474
58164463	1474
58164672	1474
58164828	1474
58165059	1474
58165263	1474
58165405	1474
58165650	1474
58165777	1474
58165898	1474
58166032	1474
58166153	1474
58166286	1474
58166424	1474
58166547	1474
58166669	1474
58166795	1474
58962194	1474
58962352	1474
58962485	1474
58962610	1474
58962747	1474
58962871	1474
58962997	1474
58963120	1474
58963254	1474
58963376	1474
58963520	1474
58963644	1474
58963776	1474
58963901	1474
58964028	1474
58964152	1474
59761068	1474
59761231	1474
59761403	1474
59761540	1474
59761671	1474
59761889	1474
59762020	1474
59762174	1474
59762297	1474
59762423	1474
59762560	1474
59762697	1474
59762821	1474
59762938	1474
59763060	1474
59763183	1474
59763308	1474
59763435	1474
60560418	1474
60560643	1474
60560911	1474
60561054	1474
60561369	1474
60561512	1474
60561652	1474
60561777	1474
60561915	1474
60562036	1474
60562169	1474
60562289	1474
60562425	1474
60562559	1474
60562680	1474
60562800	1474
60562923	1474
61360462	1474
61360903	1474
61361070	1474
61361252	1474
61361382	1474
61361533	1474
61361671	1474
61361814	1474
61361937	1474
61362063	1474
61362186	1474
61362316	1474
61362438	1474
61362577	1474
61362702	1474
61362825	1474
61362965	1474
61363087	1474
62161279	1474
62161437	1474
62161574	1474
62161729	1474
62161853	1474
62161979	1474
62162102	1474
62162228	1474
62162355	1474
62162499	1474
62162629	1474
62162769	1474
62162913	1474
62163038	1474
62163159	1474
62163280	1474
62960997	1474
62961276	1474
62961407	1474
62961552	1474
62961698	1474
62961852	1474
62962086	1474
62962232	1474
62962356	1474
62962499	1474
62962705	1474
62962864	1474
62962988	1474
62963113	1474
62963234	1474
62963356	1474
62963479	1474
62963610	1474
63761294	1474
63761454	1474
63761730	1474
63761855	1474
63761992	1474
63762300	1474
63762432	1474
63762569	1474
63762732	1474
63762858	1474
63762987	1474
63763135	1474
63763259	1474
63763398	1474
63763536	1474
63763670	1474
63763811	1474
63763936	1474
64561542	1474
64561851	1474
64561978	1474
64562117	1474
64562239	1474
64562360	1474
64562489	1474
64562612	1474
64562749	1474
64562990	1474
64563167	1474
64563309	1474
64563453	1474
64563579	1474
64563757	1474
64563876	1474
64563999	1474
65362319	1474
65362614	1474
65362749	1474
65362874	1474
65363003	1474
65363125	1474
65363248	1474
65363371	1474
65363493	1474
65363627	1474
65363761	1474
65363900	1474
65364025	1474
65364187	1474
65364312	1474
65364441	1474
65364563	1474
65364688	1474
66160803	1474
66161174	1474
66161347	1474
66161478	1474
66161602	1474
66161739	1474
66161904	1474
66162028	1474
66162189	1474
66162316	1474
66162459	1474
66162583	1474
66162719	1474
66162856	1474
66162994	1474
66163136	1474
66163260	1474
67227772	1474
67227983	1474
67228276	1474
67228406	1474
67228542	1474
67228678	1474
67228828	1474
67228969	1474
67229150	1474
67229288	1474
67229439	1474
67229570	1474
67229713	1474
67229837	1474
67230001	1474
67230126	1474
67230257	1474
67230380	1474
67762260	1474
67762511	1474
67762816	1474
67762960	1474
67763077	1474
67763210	1474
67763332	1474
67763468	1474
67763609	1474
67763729	1474
67763868	1474
67764009	1474
67764135	1474
67764257	1474
67764384	1474
67764505	1474
67764641	1474
68828586	1474
68829227	1474
68829700	1474
68829949	1474
68830201	1474
68830391	1474
68830560	1474
68830725	1474
68830891	1474
68831062	1474
68831229	1474
68831392	1474
68831556	1474
68831721	1474
68831887	1474
68832059	1474
68832226	1474
68832389	1474
69627569	1474
69627891	1474
69628034	1474
69628160	1474
69628281	1474
69628554	1474
69628685	1474
69628832	1474
69628956	1474
69629097	1474
69629270	1474
69629399	1474
69629521	1474
69629643	1474
69629778	1474
69629900	1474
69630053	1474
70428442	1474
70428700	1474
70429057	1474
70429261	1474
70429577	1474
70429710	1474
70429835	1474
70429960	1474
70430092	1474
70430238	1474
70430350	1474
70430481	1474
70430612	1474
70430729	1474
70430855	1474
70430982	1474
70431114	1474
70431241	1474
71229202	1474
71229575	1474
71229703	1474
71229820	1474
71229945	1474
71230062	1474
71230204	1474
71230332	1474
71230459	1474
71230586	1474
71230709	1474
71230833	1474
71230957	1474
71231084	1474
71231230	1474
71231355	1474
71231489	1474
71231614	1474
72027499	1474
72027867	1474
72027988	1474
72028114	1474
72028322	1474
72028458	1474
72028584	1474
72028701	1474
72028825	1474
72028953	1474
72029100	1474
72029293	1474
72029449	1474
72029573	1474
72029727	1474
72029854	1474
72029993	1474
72030136	1474
72827689	1474
72828007	1474
72828135	1474
72828331	1474
72828476	1474
72828633	1474
72828880	1474
72829007	1474
72829166	1474
72829372	1474
72829505	1474
72829641	1474
72829768	1474
72829902	1474
72830050	1474
72830175	1474
72830327	1474
72830453	1474
73627446	1474
73627762	1474
73627890	1474
73628033	1474
73628156	1474
73628337	1474
73628471	1474
73628598	1474
73628725	1474
73628854	1474
73628987	1474
73629167	1474
73629308	1474
73629450	1474
73629575	1474
73629705	1474
73629852	1474
73630001	1474
74429190	1474
74429438	1474
74429562	1474
74429682	1474
74429803	1474
74429921	1474
74430041	1474
74430160	1474
74430279	1474
74430415	1474
74430533	1474
74430653	1474
74430775	1474
74430898	1474
74431021	1474
74431145	1474
75227358	1474
75227739	1474
75227859	1474
75227979	1474
75228100	1474
75228221	1474
75228344	1474
75228545	1474
75228663	1474
75228784	1474
75228903	1474
75229042	1474
75229210	1474
75229331	1474
75229464	1474
75229582	1474
75229702	1474
75229820	1474
76027604	1474
76027779	1474
76027905	1474
76028026	1474
76028146	1474
76028265	1474
76028386	1474
76028525	1474
76028645	1474
76028772	1474
76028892	1474
76029018	1474
76029206	1474
76029405	1474
76029545	1474
76029669	1474
76029796	1474
76029920	1474
76827704	1474
76827991	1474
76828119	1474
76828241	1474
76828367	1474
76828498	1474
76828622	1474
76828744	1474
76828864	1474
76828985	1474
76829137	1474
76829311	1474
76829432	1474
76829569	1474
76829691	1474
76829813	1474
76829937	1474
76830061	1474
77627640	1474
77627930	1474
77628049	1474
77628169	1474
77628290	1474
77628416	1474
77628538	1474
77628670	1474
77628793	1474
77628913	1474
77629035	1474
77629157	1474
77629333	1474
77629454	1474
77629574	1474
77629709	1474
77629832	1474
78427287	1474
78427559	1474
78427732	1474
78427858	1474
78427978	1474
78428099	1474
78428218	1474
78428338	1474
78428460	1474
78428582	1474
78428712	1474
78428835	1474
78428955	1474
78429099	1474
78429271	1474
78429394	1474
79227475	1474
79227872	1474
79228000	1474
79228122	1474
79228244	1474
79228363	1474
79228484	1474
79228603	1474
79228732	1474
79228856	1474
79228978	1474
79229134	1474
79229279	1474
79229401	1474
79229526	1474
79229653	1474
79229793	1474
79229914	1474
80028167	1474
80028408	1474
80028534	1474
80028680	1474
80028807	1474
80028922	1474
80029045	1474
80029241	1474
80029366	1474
80029488	1474
80029613	1474
80029744	1474
80029865	1474
80029991	1474
80030116	1474
80030239	1474
80030358	1474
80030482	1474
80827417	1474
80827783	1474
80827904	1474
80828023	1474
80828145	1474
80828278	1474
80828400	1474
80828520	1474
80828641	1474
80828768	1474
80828893	1474
80829013	1474
80829163	1474
80829335	1474
80829456	1474
80829584	1474
80829710	1474
80829845	1474
81627368	1474
81627658	1474
81627779	1474
81627987	1474
81628107	1474
81628229	1474
81628350	1474
81628468	1474
81628588	1474
81628710	1474
81628837	1474
81628959	1474
81629101	1474
81629278	1474
81629401	1474
81629521	1474
81629643	1474
81629764	1474
82695158	1474
82695391	1474
82695633	1474
82695758	1474
82695891	1474
82696119	1474
82696250	1474
82696374	1474
82696493	1474
82696614	1474
82696733	1474
82696836	1474
82696957	1474
82697084	1474
82697267	1474
82697395	1474
82697516	1474
82697638	1474
83494398	1474
83494710	1474
83494831	1474
83494957	1474
83495083	1474
83495202	1474
83495325	1474
83495445	1474
83495566	1474
83495686	1474
83495804	1474
83495932	1474
83496056	1474
83496177	1474
83496297	1474
83496417	1474
83496535	1474
83496656	1474
84295675	1474
84295843	1474
84295966	1474
84296107	1474
84296227	1474
84296348	1474
84296471	1474
84296593	1474
84296711	1474
84296832	1474
84296954	1474
84297121	1474
84297246	1474
84297365	1474
84297486	1474
84297607	1474
84297728	1474
84297850	1474
85095555	1474
85095805	1474
85095932	1474
85096204	1474
85096393	1474
85096520	1474
85096641	1474
85096760	1474
85096882	1474
85097004	1474
85097202	1474
85097326	1474
85097451	1474
85097574	1474
85097695	1474
85097816	1474
85097937	1474
85630641	1474
85630841	1474
85630968	1474
85631110	1474
85631255	1474
85631378	1474
85631518	1474
85631662	1474
85631786	1474
85631924	1474
85632068	1474
85632208	1474
85632341	1474
85632485	1474
85632608	1474
85632746	1474
86428677	1474
86428864	1474
86428990	1474
86429116	1474
86429289	1474
86429552	1474
86429684	1474
86429827	1474
86429949	1474
86430071	1474
86430210	1474
86430334	1474
86430470	1474
86430592	1474
86430713	1474
86430836	1474
86430983	1474
87229252	1474
87229522	1474
87229641	1474
87229764	1474
87229892	1474
87230014	1474
87230142	1474
87230281	1474
87230420	1474
87230546	1474
87230676	1474
87230808	1474
87230959	1474
87231100	1474
87231229	1474
87231356	1474
87231496	1474
88294714	1474
88294898	1474
88295022	1474
88295167	1474
88295327	1474
88295578	1474
88296272	1474
88296501	1474
88296620	1474
88296745	1474
88296868	1474
88296992	1474
88297237	1474
88297378	1474
88297505	1474
88297644	1474
88297767	1474
88297895	1474
89098581	1474
89100052	1474
89100881	1474
89101072	1474
89101442	1474
89101587	1474
89101709	1474
89101843	1474
89101971	1474
89102137	1474
89102266	1474
89102412	1474
89102534	1474
89102677	1474
89102801	1474
89102930	1474
89103051	1474
89103186	1474
89895938	1474
89896266	1474
89896998	1474
89897171	1474
89897297	1474
89897449	1474
89897575	1474
89897707	1474
89897831	1474
89897969	1474
89898089	1474
89898222	1474
89898443	1474
89898572	1474
89898703	1474
89898823	1474
89898960	1474
89899080	1474
90693977	1474
90694396	1474
90694541	1474
90694672	1474
90694812	1474
90695092	1474
90695271	1474
90695402	1474
90696075	1474
90696355	1474
90696498	1474
90696636	1474
90696759	1474
90696882	1474
90697013	1474
90697137	1474
90697303	1474
91495665	1474
91495975	1474
91496110	1474
91496591	1474
91496957	1474
91497307	1474
91497440	1474
91497649	1474
91497772	1474
91497920	1474
91498041	1474
91498176	1474
91498315	1474
91498438	1474
91498580	1474
91498701	1474
91498839	1474
92294827	1474
92295102	1474
92295229	1474
92295352	1474
92295491	1474
92295704	1474
92296027	1474
92296666	1474
92296799	1474
92296932	1474
92297066	1474
92297242	1474
92297385	1474
92297538	1474
92297665	1474
92297792	1474
92297938	1474
93094496	1474
93094692	1474
93094817	1474
93094945	1474
93095068	1474
93095304	1474
93095437	1474
93095710	1474
93095841	1474
93095963	1474
93096090	1474
93096210	1474
93096334	1474
93096453	1474
93096587	1474
93096710	1474
93096836	1474
93628339	1474
93628577	1474
93628714	1474
93628837	1474
93628960	1474
93629171	1474
93629297	1474
93629419	1474
93629540	1474
93629676	1474
93629799	1474
93629922	1474
93630042	1474
93630163	1474
93630285	1474
93630407	1474
94428487	1474
94428680	1474
94428796	1474
94428928	1474
94429071	1474
94429240	1474
94429358	1474
94429478	1474
94429601	1474
94429739	1474
94429859	1474
94429979	1474
94430100	1474
94430220	1474
94430341	1474
94430460	1474
94430580	1474
94430713	1474
95229479	1474
95229724	1474
95229850	1474
95229972	1474
95230091	1474
95230212	1474
95230331	1474
95230453	1474
95230572	1474
95230692	1474
95230823	1474
95230943	1474
95231065	1474
95231185	1474
95231305	1474
95231426	1474
95231546	1474
96295216	1474
96295464	1474
96295605	1474
96295863	1474
96296043	1474
96296803	1474
96296927	1474
96297075	1474
96297249	1474
96297375	1474
96297496	1474
96297616	1474
96297745	1474
96297868	1474
96297989	1474
96298109	1474
96298230	1474
96298352	1474
96828855	1474
96829043	1474
96829207	1474
96829331	1474
96829454	1474
96829577	1474
96829698	1474
96829826	1474
96829949	1474
96830070	1474
96830191	1474
96830315	1474
96830437	1474
96830557	1474
96830679	1474
96830808	1474
96830932	1474
97627651	1474
97627840	1474
97628069	1474
97628194	1474
97628308	1474
97628509	1474
97628631	1474
97628750	1474
97628857	1474
97628982	1474
97629128	1474
97629303	1474
97629433	1474
97629555	1474
97629674	1474
97629785	1474
97629910	1474
98428072	1474
98428261	1474
98428383	1474
98428505	1474
98428624	1474
98428743	1474
98428862	1474
98428992	1474
98429145	1474
98429358	1474
98429479	1474
98429605	1474
98429723	1474
98429845	1474
98430001	1474
98430126	1474
98430248	1474
99227976	1474
99228284	1474
99228426	1474
99228578	1474
99228708	1474
99228838	1474
99228975	1474
99229139	1474
99229385	1474
99229510	1474
99229643	1474
99229768	1474
99229933	1474
99230075	1474
99230204	1474
99230370	1474
99230498	1474
100027894	1474
100028184	1474
100028320	1474
100028447	1474
100028573	1474
100028698	1474
100028824	1474
100028950	1474
100029257	1474
100029377	1474
100029502	1474
100029627	1474
100029751	1474
100029891	1474
100030019	1474
100030187	1474
100030314	1474
100030438	1474
101098229	1474
101098485	1474
101098610	1474
101098737	1474
101098858	1474
101098983	1474
101099119	1474
101099249	1474
101099394	1474
101099536	1474
101099659	1474
101099793	1474
101099934	1474
101100061	1474
101100218	1474
101100344	1474
101100474	1474
101100612	1474
101895237	1474
101895478	1474
101895703	1474
101895822	1474
101896324	1474
101896442	1474
101896632	1474
101896785	1474
101896939	1474
101897066	1474
101897245	1474
101897353	1474
101897463	1474
101897573	1474
101897681	1474
101897795	1474
101897904	1474
102427762	1474
102428088	1474
102428220	1474
102428365	1474
102428488	1474
102428612	1474
102428734	1474
102428859	1474
102428981	1474
102429117	1474
102429418	1474
102429543	1474
102429668	1474
102429799	1474
102429942	1474
102430065	1474
102430194	1474
103494681	1474
103494988	1474
103495112	1474
103495235	1474
103495378	1474
103495677	1474
103495809	1474
103496258	1474
103496402	1474
103496523	1474
103496648	1474
103496771	1474
103496893	1474
103497017	1474
103497189	1474
103497338	1474
103497482	1474
103497615	1474
104295599	1474
104295980	1474
104296504	1474
104296748	1474
104296930	1474
104297095	1474
104297330	1474
104297499	1474
104297688	1474
104297859	1474
104298022	1474
104298187	1474
104298361	1474
104298529	1474
104298691	1474
104298861	1474
104299024	1474
104828550	1474
104828879	1474
104829004	1474
104829161	1474
104829293	1474
104829431	1474
104829567	1474
104829689	1474
104829825	1474
104829945	1474
104830067	1474
104830188	1474
104830312	1474
104830460	1474
104830580	1474
104830716	1474
105627962	1474
105628241	1474
105628354	1474
105628480	1474
105628604	1474
105628723	1474
105628836	1474
105628941	1474
105629068	1474
105629214	1474
105629331	1474
105629451	1474
105629581	1474
105629700	1474
105629820	1474
105629942	1474
105630066	1474
105630186	1474
106428246	1474
106428577	1474
106428696	1474
106428814	1474
106428932	1474
106429071	1474
106429244	1474
106429367	1474
106429485	1474
106429618	1474
106429744	1474
106429864	1474
106429983	1474
106430102	1474
106430224	1474
106430345	1474
107229430	1474
107229730	1474
107229856	1474
107229975	1474
107230095	1474
107230214	1474
107230332	1474
107230451	1474
107230581	1474
107230706	1474
107230826	1474
107230943	1474
107231061	1474
107231177	1474
107231294	1474
107231412	1474
107231532	1474
107231650	1474
108028740	1474
108029019	1474
108029204	1474
108029323	1474
108029429	1474
108029550	1474
108029762	1474
108029880	1474
108029996	1474
108030115	1474
108030232	1474
108030349	1474
108030466	1474
108030586	1474
108030716	1474
108030834	1474
108030953	1474
108031071	1474
109098379	1474
109098503	1474
109098624	1474
109098844	1474
109098964	1474
109099084	1474
109099204	1474
109099324	1474
109099442	1474
109099562	1474
109099687	1474
109099808	1474
109099928	1474
109100049	1474
109100169	1474
109100290	1474
109100412	1474
109100532	1474
109895983	1474
109896266	1474
109896375	1474
109896487	1474
109896608	1474
109896726	1474
109896855	1474
109896975	1474
109897126	1474
109897299	1474
109897418	1474
109897539	1474
109897660	1474
109897793	1474
109897912	1474
109898031	1474
109898148	1474
110695347	1474
110695713	1474
110695914	1474
110696450	1474
110696652	1474
110696771	1474
110696903	1474
110697047	1474
110697212	1474
110697335	1474
110697463	1474
110697585	1474
110697705	1474
110697838	1474
110697960	1474
110698080	1474
110698201	1474
110698320	1474
111494476	1474
111494789	1474
111494924	1474
111495047	1474
111495168	1474
111495292	1474
111495413	1474
111495654	1474
111495788	1474
111496155	1474
111496381	1474
111496503	1474
111496624	1474
111496744	1474
111496893	1474
111497017	1474
111497229	1474
111497356	1474
112296336	1474
112296641	1474
112297014	1474
112297433	1474
112297676	1474
112297810	1474
112298091	1474
112298219	1474
112298364	1474
112298490	1474
112298628	1474
112298753	1474
112298889	1474
112299015	1474
112299142	1474
112299267	1474
112299392	1474
112299517	1474
113097521	1474
113097827	1474
113097942	1474
113098072	1474
113098191	1474
113098415	1474
113098543	1474
113098918	1474
113099059	1474
113099266	1474
113099393	1474
113099515	1474
113099635	1474
113099754	1474
113099872	1474
113099991	1474
113100123	1474
113895276	1474
113895603	1474
113895853	1474
113895983	1474
113896270	1474
113896501	1474
113896626	1474
113896744	1474
113896863	1474
113896988	1474
113897188	1474
113897313	1474
113897431	1474
113897548	1474
113897664	1474
113897781	1474
113900032	1474
114694674	1474
114694959	1474
114695078	1474
114695209	1474
114695329	1474
114695445	1474
114695593	1474
114695790	1474
114696108	1474
114696347	1474
114696471	1474
114696588	1474
114696707	1474
114696825	1474
114696954	1474
114697101	1474
115227865	1474
115228244	1474
115228364	1474
115228480	1474
115228592	1474
115228707	1474
115228926	1474
115229077	1474
115229261	1474
115229381	1474
115229499	1474
115229623	1474
115229741	1474
115229857	1474
115229974	1474
115230090	1474
115230221	1474
116296681	1474
116296975	1474
116297130	1474
116297265	1474
116297385	1474
116297600	1474
116297771	1474
116298068	1474
116298263	1474
116298389	1474
116298508	1474
116298628	1474
116298748	1474
116298867	1474
116299000	1474
116299118	1474
116299244	1474
116299365	1474
117095427	1474
117095739	1474
117095865	1474
117096095	1474
117096224	1474
117096617	1474
117096828	1474
117096954	1474
117097094	1474
117097269	1474
117097404	1474
117097530	1474
117097650	1474
117097769	1474
117097888	1474
117098008	1474
117098127	1474
117894554	1474
117894792	1474
117895012	1474
117895149	1474
117895290	1474
117895551	1474
117895780	1474
117896535	1474
117896668	1474
117896900	1474
117897038	1474
117897211	1474
117897355	1474
117897482	1474
117897601	1474
117897733	1474
117897860	1474
117897981	1474
118695692	1474
118696035	1474
118696163	1474
118696305	1474
118696446	1474
118696573	1474
118696722	1474
118696845	1474
118696971	1474
118697094	1474
118697261	1474
118697389	1474
118697533	1474
118697670	1474
118697800	1474
118697929	1474
118698043	1474
118698168	1474
119495784	1474
119496105	1474
119496214	1474
119496355	1474
119496499	1474
119496636	1474
119496856	1474
119496988	1474
119497156	1474
119497271	1474
119497432	1474
119497545	1474
119497659	1474
119497774	1474
119497886	1474
119497998	1474
119498118	1474
119498231	1474
120295086	1474
120295277	1474
120295394	1474
120295666	1474
120295792	1474
120295928	1474
120296052	1474
120296190	1474
120296314	1474
120296448	1474
120296566	1474
120296688	1474
120296820	1474
120296968	1474
120297121	1474
120297333	1474
120297471	1474
120297612	1474
121094818	1474
121094992	1474
121095154	1474
121095310	1474
121095439	1474
121095748	1474
121095878	1474
121096142	1474
121096349	1474
121096523	1474
121096675	1474
121096799	1474
121096923	1474
121097047	1474
121097297	1474
121097428	1474
121097704	1474
121097837	1474
121894539	1474
121894896	1474
121895020	1474
121895143	1474
121895269	1474
121895394	1474
121895516	1474
121895665	1474
121895792	1474
121896042	1474
121896172	1474
121896564	1474
121896695	1474
121896833	1474
121896966	1474
121897120	1474
121897311	1474
121897444	1474
122694403	1474
122694645	1474
122694879	1474
122695022	1474
122695164	1474
122695436	1474
122695659	1474
122695808	1474
122696759	1474
122696892	1474
122697026	1474
122697248	1474
122697379	1474
122697516	1474
122697650	1474
122697794	1474
122697916	1474
123495242	1474
123495556	1474
123495691	1474
123495880	1474
123496364	1474
123496497	1474
123496623	1474
123496763	1474
123496887	1474
123497013	1474
123497183	1474
123497320	1474
123497451	1474
123497575	1474
123497710	1474
123497834	1474
123497957	1474
124294756	1474
124295122	1474
124295240	1474
124295377	1474
124295500	1474
124295635	1474
124295969	1474
124296191	1474
124296328	1474
124296765	1474
124296930	1474
124297063	1474
124297282	1474
124297410	1474
124297531	1474
124297645	1474
124297774	1474
124297902	1474
125095730	1474
125096206	1474
125096347	1474
125096470	1474
125096598	1474
125096720	1474
125096878	1474
125097003	1474
125097204	1474
125097334	1474
125097466	1474
125097597	1474
125097719	1474
125097857	1474
125097980	1474
125098102	1474
125098226	1474
125098353	1474
125895261	1474
125895487	1474
125895700	1474
125896022	1474
125896241	1474
125896426	1474
125896656	1474
125896851	1474
125897124	1474
125897340	1474
125897511	1474
125897679	1474
125897873	1474
125898040	1474
125898205	1474
125898368	1474
125898533	1474
126695622	1474
126695899	1474
126696085	1474
126696363	1474
126696589	1474
126696822	1474
126697027	1474
126697293	1474
126697467	1474
126697633	1474
126697799	1474
126697977	1474
126698143	1474
126698313	1474
126698483	1474
126698654	1474
126698822	1474
126698999	1474
127761908	1474
127762168	1474
127762344	1474
127762540	1474
127762770	1474
127763027	1474
127763216	1474
127763390	1474
127763554	1474
127763726	1474
127763891	1474
127764065	1474
127764232	1474
127764398	1474
127764564	1474
127764732	1474
127764898	1474
127765072	1474
128562241	1474
128562515	1474
128562688	1474
128562853	1474
128563142	1474
128563389	1474
128563618	1474
128563788	1474
128563959	1474
128564132	1474
128564302	1474
128564467	1474
128564646	1474
128564811	1474
128564982	1474
128565160	1474
128565381	1474
128565554	1474
129362643	1474
129362915	1474
129363049	1474
129363436	1474
129363617	1474
129363852	1474
129364174	1474
129364307	1474
129364446	1474
129364620	1474
129364747	1474
129364873	1474
129365002	1474
129365142	1474
129365394	1474
129365544	1474
129365665	1474
130162817	1474
130163025	1474
130163171	1474
130163357	1474
130163589	1474
130163994	1474
130164588	1474
130164720	1474
130165241	1474
130165607	1474
130165735	1474
130165880	1474
130166009	1474
130166137	1474
130166293	1474
130166420	1474
130166545	1474
130166671	1474
130961464	1474
130961656	1474
130961787	1474
130961930	1474
130962054	1474
130962173	1474
130962317	1474
130962458	1474
130962593	1474
130962748	1474
130962971	1474
130963560	1474
130963695	1474
130963919	1474
130964059	1474
130964184	1474
130964332	1474
131762110	1474
131762313	1474
131762435	1474
131762553	1474
131762681	1474
131762805	1474
131762932	1474
131763266	1474
131763500	1474
131764164	1474
131764502	1474
131764656	1474
131764779	1474
131764901	1474
131765029	1474
131765227	1474
131765365	1474
132561475	1474
132561665	1474
132561794	1474
132561921	1474
132562073	1474
132562259	1474
132562568	1474
132562957	1474
132563232	1474
132563425	1474
132563610	1474
132563739	1474
132563864	1474
132563989	1474
132564115	1474
132564238	1474
132564370	1474
133362284	1474
133362694	1474
133362935	1474
133363183	1474
133363405	1474
133363584	1474
133363718	1474
133363851	1474
133363982	1474
133364115	1474
133364248	1474
133364379	1474
133364597	1474
133364718	1474
133364883	1474
133365053	1474
133365272	1474
134162043	1474
134162307	1474
134162475	1474
134162653	1474
134162855	1474
134163099	1474
134163430	1474
134163741	1474
134163908	1474
134164098	1474
134164348	1474
134164528	1474
134164694	1474
134164856	1474
134165025	1474
134165239	1474
134165416	1474
134165613	1474
134962188	1474
134962449	1474
134962781	1474
134963006	1474
134963286	1474
134963870	1474
134964079	1474
134964268	1474
134964433	1474
134964608	1474
134964776	1474
134964944	1474
134965108	1474
134965343	1474
134965513	1474
134965690	1474
134965857	1474
134966020	1474
135762039	1474
135762285	1474
135762454	1474
135762629	1474
135762796	1474
135763045	1474
135763268	1474
135763565	1474
135763797	1474
135764002	1474
135764171	1474
135764338	1474
135764506	1474
135764676	1474
135764846	1474
135765010	1474
135765234	1474
135765409	1474
136563387	1474
136563656	1474
136563828	1474
136563992	1474
136564156	1474
136564322	1474
136564486	1474
136564664	1474
136564831	1474
136565000	1474
136565215	1474
136565393	1474
136565558	1474
136565743	1474
136565906	1474
136566072	1474
136566236	1474
137363419	1474
137363703	1474
137363878	1474
137364045	1474
137364212	1474
137364397	1474
137364568	1474
137364747	1474
137364912	1474
137365081	1474
137365319	1474
137365542	1474
137365794	1474
137365970	1474
137366136	1474
137366304	1474
137366470	1474
137366640	1474
138161871	1474
138162115	1474
138162281	1474
138162474	1474
138162709	1474
138162902	1474
138163066	1474
138163230	1474
138163394	1474
138163559	1474
138163722	1474
138163938	1474
138164072	1474
138164204	1474
138164334	1474
138164464	1474
138164595	1474
138164726	1474
138962224	1474
138962496	1474
138962665	1474
138962863	1474
138963104	1474
138963326	1474
138963490	1474
138963653	1474
138963822	1474
138963984	1474
138964144	1474
138964307	1474
138964469	1474
138964632	1474
138964801	1474
138964963	1474
138965178	1474
138965350	1474
139761318	1474
139761549	1474
139761745	1474
139762063	1474
139762286	1474
139762607	1474
139762775	1474
139762953	1474
139763113	1474
139763274	1474
139763433	1474
139763593	1474
139763753	1474
139763924	1474
139764085	1474
139764246	1474
139764405	1474
139764565	1474
140561640	1474
140561920	1474
140562111	1474
140562363	1474
140562578	1474
140562806	1474
140562981	1474
140563143	1474
140563302	1474
140563464	1474
140563644	1474
140563810	1474
140563982	1474
140564145	1474
140564306	1474
140564467	1474
140564628	1474
140564787	1474
141629686	1474
141630109	1474
141630719	1474
141630972	1474
141631225	1474
141631391	1474
141631556	1474
141631721	1474
141631885	1474
141632065	1474
141632231	1474
141632393	1474
141632557	1474
141632721	1474
141632885	1474
141633066	1474
141633282	1474
141633456	1474
142162551	1474
142162801	1474
142162978	1474
142163322	1474
142163560	1474
142164030	1474
142164226	1474
142164494	1474
142164665	1474
142164832	1474
142165007	1474
142165277	1474
142165446	1474
142165613	1474
142165778	1474
142165943	1474
142166125	1474
142961892	1474
142962284	1474
142962462	1474
142962660	1474
142962883	1474
142963201	1474
142963406	1474
142963609	1474
142963775	1474
142963938	1474
142964110	1474
142964278	1474
142964443	1474
142964608	1474
142964775	1474
142964941	1474
142965191	1474
143762138	1474
143762401	1474
143762571	1474
143762854	1474
143763073	1474
143763336	1474
143763505	1474
143763670	1474
143763835	1474
143763998	1474
143764163	1474
143764343	1474
143764507	1474
143764672	1474
143764835	1474
143765001	1474
144565158	1474
144565449	1474
144565671	1474
144565871	1474
144566093	1474
144566355	1474
144566526	1474
144566692	1474
144566855	1474
144567020	1474
144567182	1474
144567363	1474
144567529	1474
144567695	1474
144567859	1474
144568026	1474
144568190	1474
145362733	1474
145363015	1474
145363213	1474
145363430	1474
145363651	1474
145363943	1474
145364112	1474
145364280	1474
145364461	1474
145364628	1474
145364791	1474
145364959	1474
145365124	1474
145365348	1474
145365526	1474
145365693	1474
145365860	1474
145366030	1474
146162223	1474
146162501	1474
146162701	1474
146162942	1474
146163168	1474
146163349	1474
146163531	1474
146163698	1474
146163866	1474
146164030	1474
146164197	1474
146164377	1474
146164545	1474
146164713	1474
146164879	1474
146165047	1474
146165262	1474
146165467	1474
146962075	1474
146962462	1474
146962688	1474
146962931	1474
146963129	1474
146963295	1474
146963492	1474
146963666	1474
146963830	1474
146964001	1474
146964169	1474
146964336	1474
146964509	1474
146964679	1474
146964848	1474
146965014	1474
146965232	1474
148028843	1474
148029090	1474
148029345	1474
148029513	1474
148029808	1474
148030029	1474
148030304	1474
148030473	1474
148030648	1474
148030852	1474
148031018	1474
148031182	1474
148031347	1474
148031512	1474
148031693	1474
148031857	1474
148032025	1474
148032188	1474
148562897	1474
148563317	1474
148563500	1474
148563760	1474
148563981	1474
148564255	1474
148564423	1474
148564612	1474
148564778	1474
148564943	1474
148565108	1474
148565324	1474
148565510	1474
148565678	1474
148565844	1474
148566010	1474
148566174	1474
149629899	1474
149630231	1474
149630369	1474
149630506	1474
149630649	1474
149630960	1474
149631095	1474
149631224	1474
149631369	1474
149631494	1474
149631641	1474
149631787	1474
149631913	1474
149632039	1474
149632179	1474
149632303	1474
149632431	1474
149632557	1474
150429714	1474
150430089	1474
150430207	1474
150430332	1474
150430478	1474
150430602	1474
150430755	1474
150430877	1474
150431006	1474
150431128	1474
150431267	1474
150431391	1474
150431521	1474
150431653	1474
150431792	1474
150431916	1474
150432041	1474
151229862	1474
151230111	1474
151230233	1474
151230356	1474
151230483	1474
151230610	1474
151230750	1474
151230878	1474
151231021	1474
151231144	1474
151231268	1474
151231389	1474
151231513	1474
151231638	1474
151231776	1474
151231914	1474
151232056	1474
151232180	1474
152029498	1474
152029859	1474
152030015	1474
152030163	1474
152030287	1474
152030429	1474
152030566	1474
152030688	1474
152030826	1474
152030953	1474
152031076	1474
152031199	1474
152031332	1474
152031455	1474
152031590	1474
152031729	1474
152031868	1474
152032006	1474
152830373	1474
152830650	1474
152830776	1474
152830915	1474
152831041	1474
152831161	1474
152831282	1474
152831400	1474
152831521	1474
152831640	1474
152831759	1474
152831893	1474
152832012	1474
152832132	1474
152832252	1474
152832370	1474
152832486	1474
152832592	1474
153629181	1474
153629406	1474
153629526	1474
153629645	1474
153629765	1474
153629883	1474
153630018	1474
153630137	1474
153630255	1474
153630374	1474
153630493	1474
153630613	1474
153630733	1474
153630853	1474
153630990	1474
153631111	1474
153631230	1474
154430072	1474
154430367	1474
154430489	1474
154430607	1474
154430727	1474
154430844	1474
154430962	1474
154431091	1474
154431211	1474
154431329	1474
154431447	1474
154431566	1474
154431685	1474
154431802	1474
154431921	1474
154432057	1474
154432175	1474
155228981	1474
155229332	1474
155229452	1474
155229585	1474
155229817	1474
155229946	1474
155230081	1474
155230202	1474
155230322	1474
155230441	1474
155230562	1474
155230683	1474
155230804	1474
155230924	1474
155231055	1474
155231176	1474
155231296	1474
155231415	1474
156029038	1474
156029396	1474
156029519	1474
156029638	1474
156029757	1474
156029875	1474
156029993	1474
156030131	1474
156030251	1474
156030370	1474
156030488	1474
156030605	1474
156030724	1474
156030842	1474
156030959	1474
156031077	1474
156031206	1474
156830089	1474
156830444	1474
156830569	1474
156830681	1474
156830910	1474
156831040	1474
156831169	1474
156831292	1474
156831418	1474
156831540	1474
156831665	1474
156831786	1474
156831905	1474
156832033	1474
156832151	1474
156832280	1474
156832399	1474
157628622	1474
157628906	1474
157629053	1474
157629241	1474
157629367	1474
157629601	1474
157629730	1474
157629853	1474
157629971	1474
157630092	1474
157630211	1474
157630341	1474
157630473	1474
157630592	1474
157630710	1474
157630830	1474
157630948	1474
158429833	1474
158430034	1474
158430155	1474
158430272	1474
158430487	1474
158430608	1474
158430725	1474
158430842	1474
158430961	1474
158431079	1474
158431197	1474
158431315	1474
158431447	1474
158431570	1474
158431675	1474
158431780	1474
158431885	1474
159229679	1474
159229981	1474
159230112	1474
159230236	1474
159230361	1474
159230500	1474
159230625	1474
159230748	1474
159230873	1474
159230996	1474
159231132	1474
159231268	1474
159231399	1474
159231527	1474
159231665	1474
159231788	1474
159231915	1474
159232051	1474
160029656	1474
160030053	1474
160030196	1474
160030332	1474
160030466	1474
160030671	1474
160030797	1474
160030926	1474
160031054	1474
160031178	1474
160031305	1474
160031431	1474
160031570	1474
160031708	1474
160031833	1474
160031958	1474
160563128	1474
160563663	1474
160563837	1474
160564031	1474
160564257	1474
160564497	1474
160564695	1474
160564883	1474
160565046	1474
160565262	1474
160565449	1474
160565632	1474
160565803	1474
160565965	1474
160566132	1474
160566294	1474
160569512	1474
161361950	1474
161362158	1474
161362384	1474
161362512	1474
161362651	1474
161362922	1474
161363060	1474
161363202	1474
161363457	1474
161363595	1474
161364230	1474
161364369	1474
161364494	1474
161364636	1474
161364760	1474
161364886	1474
161365011	1474
162429681	1474
162429982	1474
162430106	1474
162430246	1474
162430368	1474
162430517	1474
162430638	1474
162430786	1474
162430911	1474
162431036	1474
162431157	1474
162431281	1474
162431408	1474
162431535	1474
162431667	1474
162431794	1474
162431917	1474
162432063	1474
163229191	1474
163229485	1474
163229621	1474
163230283	1474
163230404	1474
163230516	1474
163230636	1474
163230763	1474
163230876	1474
163230987	1474
163231100	1474
163231211	1474
163231331	1474
163231441	1474
163231557	1474
163231684	1474
163231793	1474
163231925	1474
164029297	1474
164029547	1474
164029687	1474
164029829	1474
164029962	1474
164030092	1474
164030213	1474
164030341	1474
164030468	1474
164030592	1474
164030736	1474
164030887	1474
164031011	1474
164031147	1474
164031270	1474
164031400	1474
164031523	1474
164031650	1474
164829334	1474
164829684	1474
164829825	1474
164829951	1474
164830082	1474
164830207	1474
164830337	1474
164830461	1474
164830587	1474
164830714	1474
164830898	1474
164831028	1474
164831152	1474
164831306	1474
164831431	1474
164831562	1474
164831693	1474
164831893	1474
165631906	1474
165632150	1474
165632291	1474
165632429	1474
165632570	1474
165632719	1474
165632952	1474
165633076	1474
165633253	1474
165633382	1474
165633515	1474
165633640	1474
165633763	1474
165633913	1474
165634057	1474
165634178	1474
165634317	1474
166429127	1474
166429454	1474
166429567	1474
166429684	1474
166429902	1474
166430022	1474
166430663	1474
166430783	1474
166431051	1474
166431176	1474
166431307	1474
166431418	1474
166431532	1474
166431644	1474
166431760	1474
166431890	1474
166432006	1474
166432124	1474
167229905	1474
167230185	1474
167230313	1474
167230456	1474
167230579	1474
167230712	1474
167230854	1474
167230978	1474
167231199	1474
167231325	1474
167231481	1474
167231610	1474
167231737	1474
167231877	1474
167232000	1474
167232143	1474
167232267	1474
167232412	1474
168028978	1474
168029279	1474
168029399	1474
168029538	1474
168029665	1474
168029809	1474
168029951	1474
168030112	1474
168030327	1474
168030962	1474
168031096	1474
168031349	1474
168031478	1474
168031613	1474
168031735	1474
168031861	1474
168032015	1474
168032145	1474
168829258	1474
168829531	1474
168829659	1474
168829788	1474
168829912	1474
168830067	1474
168830284	1474
168830842	1474
168830972	1474
168831094	1474
168831228	1474
168831350	1474
168831596	1474
168831744	1474
168831866	1474
168831986	1474
168832109	1474
168832247	1474
169896310	1474
169896584	1474
169896709	1474
169896829	1474
169896945	1474
169897084	1474
169897268	1474
169897394	1474
169897515	1474
169897633	1474
169897754	1474
169897875	1474
169898000	1474
169898123	1474
169898238	1474
169898373	1474
169898493	1474
169898614	1474
170429132	1474
170429438	1474
170429560	1474
170429684	1474
170429810	1474
170429932	1474
170430052	1474
170430172	1474
170430303	1474
170430426	1474
170430548	1474
170430668	1474
170430788	1474
170430909	1474
170431029	1474
170431148	1474
170431269	1474
171495618	1474
171495863	1474
171495985	1474
171496108	1474
171496231	1474
171496367	1474
171496487	1474
171496608	1474
171496728	1474
171496847	1474
171496984	1474
171497314	1474
171497509	1474
171497639	1474
171497855	1474
171497976	1474
171498096	1474
171498216	1474
172302719	1474
172302924	1474
172303041	1474
172303257	1474
172303419	1474
172303550	1474
172303721	1474
172303846	1474
172303968	1474
172304090	1474
172304211	1474
172304335	1474
172304473	1474
172304595	1474
172304718	1474
172304841	1474
172304964	1474
173097542	1474
173097816	1474
173097934	1474
173098051	1474
173098173	1474
173098296	1474
173098414	1474
173098551	1474
173098674	1474
173098795	1474
173098916	1474
173099037	1474
173099158	1474
173099280	1474
173099404	1474
173099542	1474
173099666	1474
173099788	1474
173629807	1474
173630012	1474
173630204	1474
173630402	1474
173630603	1474
173630771	1474
173630942	1474
173631092	1474
173631240	1474
173631389	1474
173631553	1474
173631701	1474
173631846	1474
173631995	1474
173632145	1474
173632292	1474
174429264	1474
174429505	1474
174429821	1474
174430089	1474
174430996	1474
174431181	1474
174431348	1474
174431526	1474
174431696	1474
174431860	1474
174432017	1474
174432183	1474
174432350	1474
174432530	1474
174432716	1474
174432880	1474
174433047	1474
175229139	1474
175229442	1474
175229623	1474
175229888	1474
175230117	1474
175230408	1474
175230687	1474
175230879	1474
175231048	1474
175231240	1474
175231492	1474
175231667	1474
175231833	1474
175231998	1474
175232162	1474
175232327	1474
175232492	1474
176029618	1474
176029892	1474
176030064	1474
176030261	1474
176030521	1474
176030755	1474
176031180	1474
176031424	1474
176031599	1474
176031783	1474
176031952	1474
176032191	1474
176032420	1474
176032614	1474
176032801	1474
176033000	1474
176033167	1474
176033393	1474
177096423	1474
177096664	1474
177096882	1474
177097049	1474
177097262	1474
177097433	1474
177097666	1474
177097827	1474
177097971	1474
177098136	1474
177098286	1474
177098432	1474
177098579	1474
177098744	1474
177098894	1474
177099043	1474
177099187	1474
177099335	1474
177897351	1474
177897627	1474
177897825	1474
177898085	1474
177898308	1474
177898515	1474
177898688	1474
177898859	1474
177899030	1474
177899193	1474
177899359	1474
177899523	1474
177899709	1474
177899883	1474
177900054	1474
177900217	1474
177900384	1474
177900545	1474
178696428	1474
178696657	1474
178696822	1474
178697002	1474
178697190	1474
178697464	1474
178697695	1474
178698043	1474
178698215	1474
178698377	1474
178698540	1474
178698703	1474
178698869	1474
178699050	1474
178699232	1474
178699401	1474
178699571	1474
179496305	1474
179496552	1474
179496965	1474
179497198	1474
179497490	1474
179497639	1474
179497787	1474
179497942	1474
179498091	1474
179498236	1474
179498382	1474
179498528	1474
179498675	1474
179498821	1474
179498977	1474
179499122	1474
179499270	1474
180296780	1474
180297069	1474
180297403	1474
180297618	1474
180297847	1474
180298175	1474
180298343	1474
180298510	1474
180298659	1474
180298805	1474
180298953	1474
180299126	1474
180299294	1474
180299456	1474
180299622	1474
180299785	1474
180299949	1474
180829504	1474
180829735	1474
180829987	1474
180830222	1474
180830360	1474
180830521	1474
180831040	1474
180831183	1474
180831315	1474
180831585	1474
180831725	1474
180831875	1474
180831998	1474
180832153	1474
180832291	1474
181634105	1474
181634400	1474
181634523	1474
181634659	1474
181634780	1474
181634910	1474
181635037	1474
181635165	1474
181635291	1474
181635413	1474
181635551	1474
181635670	1474
181635790	1474
181635926	1474
181636065	1474
181636214	1474
181636337	1474
182430636	1474
182431139	1474
182431273	1474
182431397	1474
182431536	1474
182431661	1474
182431786	1474
182431910	1474
182432035	1474
182432159	1474
182432297	1474
182432428	1474
182432564	1474
182432689	1474
182432813	1474
182432940	1474
182433068	1474
182433243	1474
183229716	1474
183230013	1474
183230141	1474
183230280	1474
183230413	1474
183230544	1474
183230849	1474
183230982	1474
183231527	1474
183231715	1474
183231864	1474
183231989	1474
183232113	1474
183232301	1474
183232432	1474
183232558	1474
183232705	1474
183232830	1474
184029630	1474
184029946	1474
184030081	1474
184030218	1474
184030360	1474
184030516	1474
184030799	1474
184030930	1474
184031658	1474
184031796	1474
184032018	1474
184032141	1474
184032264	1474
184032404	1474
184032528	1474
184032651	1474
184032776	1474
184032900	1474
184829442	1474
184829756	1474
184829896	1474
184830016	1474
184830232	1474
184830364	1474
184830769	1474
184830896	1474
184831124	1474
184831250	1474
184831372	1474
184831504	1474
184831644	1474
184831767	1474
184831904	1474
184832026	1474
184832161	1474
185629527	1474
185629872	1474
185630032	1474
185630161	1474
185630492	1474
185630851	1474
185631083	1474
185631226	1474
185631350	1474
185631539	1474
185631665	1474
185631797	1474
185631923	1474
185632046	1474
185632170	1474
185632292	1474
185632414	1474
185632546	1474
186696678	1474
186697065	1474
186697536	1474
186697679	1474
186697829	1474
186698100	1474
186698235	1474
186698375	1474
186698498	1474
186698631	1474
186698753	1474
186698894	1474
186699014	1474
186699149	1474
186699271	1474
186699403	1474
186699524	1474
186699731	1474
187497507	1474
187497781	1474
187497972	1474
187498231	1474
187498450	1474
187498777	1474
187498951	1474
187499117	1474
187499270	1474
187499438	1474
187499604	1474
187499791	1474
187499957	1474
187500111	1474
187500258	1474
187500406	1474
187500552	1474
187500704	1474
188296268	1474
188296614	1474
188296783	1474
188296907	1474
188297032	1474
188297232	1474
188297360	1474
188297498	1474
188297635	1474
188297775	1474
188297901	1474
188298045	1474
188298171	1474
188298314	1474
188298449	1474
188298591	1474
188298728	1474
188298851	1474
189097585	1474
189097897	1474
189098048	1474
189098172	1474
189098295	1474
189098419	1474
189098560	1474
189098683	1474
189098815	1474
189098949	1474
189099070	1474
189099198	1474
189099326	1474
189099451	1474
189099599	1474
189099733	1474
189099857	1474
189897471	1474
189897833	1474
189897975	1474
189898099	1474
189898226	1474
189898496	1474
189898624	1474
189898792	1474
189899071	1474
189899198	1474
189899330	1474
189899467	1474
189899582	1474
189899703	1474
189899827	1474
189899972	1474
189900094	1474
190696251	1474
190696558	1474
190696681	1474
190696823	1474
190696970	1474
190697249	1474
190697382	1474
190697505	1474
190697626	1474
190697750	1474
190697872	1474
190698082	1474
190698207	1474
190698338	1474
190698474	1474
190698688	1474
190698816	1474
191497489	1474
191497771	1474
191497909	1474
191498044	1474
191498172	1474
191498391	1474
191498522	1474
191498645	1474
191498767	1474
191498889	1474
191499079	1474
191499205	1474
191499344	1474
191499465	1474
191499600	1474
191499720	1474
191499843	1474
192298237	1474
192298564	1474
192298698	1474
192298817	1474
192298945	1474
192299246	1474
192299377	1474
192299498	1474
192299622	1474
192299746	1474
192299868	1474
192299991	1474
192300142	1474
192300265	1474
192300391	1474
192300513	1474
192300636	1474
192300757	1474
193097901	1474
193098203	1474
193098374	1474
193098499	1474
193098625	1474
193098766	1474
193099083	1474
193099230	1474
193099356	1474
193099480	1474
193099607	1474
193099732	1474
193099863	1474
193099989	1474
193100171	1474
193100304	1474
193100430	1474
193100556	1474
193896628	1474
193897036	1474
193897263	1474
193897392	1474
193897537	1474
193897781	1474
193897915	1474
193898207	1474
193898337	1474
193898479	1474
193898601	1474
193898730	1474
193898853	1474
193898979	1474
193899109	1474
193899246	1474
193899372	1474
194696027	1474
194696493	1474
194696621	1474
194696766	1474
194696890	1474
194697206	1474
194697509	1474
194697636	1474
194697951	1474
194698100	1474
194698243	1474
194698373	1474
194698496	1474
194698638	1474
194698775	1474
194698896	1474
194699036	1474
195496439	1474
195496724	1474
195496852	1474
195496975	1474
195497131	1474
195497339	1474
195497464	1474
195497588	1474
195497711	1474
195497835	1474
195497975	1474
195498100	1474
195498251	1474
195498377	1474
195498513	1474
195498636	1474
195498839	1474
196297049	1474
196297458	1474
196297589	1474
196297718	1474
196297847	1474
196297997	1474
196298227	1474
196298369	1474
196298490	1474
196298615	1474
196298735	1474
196298859	1474
196298980	1474
196299104	1474
196299226	1474
196299367	1474
196299493	1474
197099423	1474
197099656	1474
197099967	1474
197100107	1474
197100252	1474
197100413	1474
197100629	1474
197100756	1474
197100902	1474
197101027	1474
197101271	1474
197101412	1474
197101556	1474
197101699	1474
197101822	1474
197101952	1474
197102094	1474
197895933	1474
197896306	1474
197896483	1474
197896648	1474
197896814	1474
197896980	1474
197897144	1474
197897360	1474
197897552	1474
197897717	1474
197897883	1474
197898051	1474
197898216	1474
197898380	1474
197898563	1474
197898728	1474
197898892	1474
197899059	1474
198696550	1474
198696873	1474
198697001	1474
198697206	1474
198697337	1474
198697584	1474
198697718	1474
198697866	1474
198698012	1474
198698135	1474
198698271	1474
198698414	1474
198698547	1474
198698677	1474
198698819	1474
198698945	1474
198699073	1474
198699195	1474
199499926	1474
199500200	1474
199500463	1474
199500610	1474
199500738	1474
199501116	1474
199501257	1474
199501397	1474
199501566	1474
199501706	1474
199501842	1474
199502000	1474
199502124	1474
199502268	1474
199502409	1474
199502535	1474
199502674	1474
200296258	1474
200296484	1474
200296757	1474
200296893	1474
200297292	1474
200297424	1474
200297554	1474
200297689	1474
200297829	1474
200297953	1474
200298101	1474
200298224	1474
200298351	1474
200298478	1474
200298620	1474
200298761	1474
200298887	1474
200299012	1474
201097985	1474
201098299	1474
201098458	1474
201098606	1474
201098742	1474
201098867	1474
201098991	1474
201099113	1474
201099282	1474
201099407	1474
201099553	1474
201099675	1474
201099808	1474
201099941	1474
201100067	1474
201100194	1474
201100317	1474
201100457	1474
201897692	1474
201898117	1474
201898245	1474
201898388	1474
201898515	1474
201898772	1474
201898905	1474
201899031	1474
201899155	1474
201899322	1474
201899449	1474
201899572	1474
201899694	1474
201899833	1474
201899970	1474
201900094	1474
201900224	1474
201900344	1474
202696352	1474
202696714	1474
202696863	1474
202697002	1474
202697256	1474
202697385	1474
202697508	1474
202697630	1474
202697752	1474
202697883	1474
202698021	1474
202698259	1474
202698386	1474
202698514	1474
202698635	1474
202698779	1474
202699012	1474
202699136	1474
203498093	1474
203498406	1474
203498532	1474
203498656	1474
203498796	1474
203498917	1474
203499070	1474
203499288	1474
203499410	1474
203499548	1474
203499669	1474
203499791	1474
203499912	1474
203500072	1474
203500193	1474
203500327	1474
203500469	1474
203500591	1474
204563554	1474
204563896	1474
204564036	1474
204564225	1474
204564349	1474
204564471	1474
204564591	1474
204564712	1474
204564833	1474
204564955	1474
204565172	1474
204565303	1474
204565425	1474
204565549	1474
204565671	1474
204565794	1474
204565918	1474
204566040	1474
205096704	1474
205097545	1474
205097773	1474
205098061	1474
205098291	1474
205098504	1474
205098672	1474
205098839	1474
205099002	1474
205099183	1474
205099346	1474
205099511	1474
205099673	1474
205099837	1474
205099998	1474
205100179	1474
205100343	1474
205896909	1474
205897330	1474
205897703	1474
205898340	1474
205898475	1474
205898609	1474
205898802	1474
205898930	1474
205899071	1474
205899205	1474
205899329	1474
205899453	1474
205899575	1474
205899714	1474
205899837	1474
205899959	1474
205900081	1474
206964666	1474
206965055	1474
206965247	1474
206965554	1474
206965686	1474
206965820	1474
206965972	1474
206966094	1474
206966235	1474
206966453	1474
206966592	1474
206966736	1474
206966859	1474
206967004	1474
206967128	1474
206967280	1474
206967404	1474
206967531	1474
207763400	1474
207763718	1474
207764014	1474
207764151	1474
207764279	1474
207764611	1474
207764746	1474
207764872	1474
207765002	1474
207765158	1474
207765357	1474
207765490	1474
207765616	1474
207765738	1474
207765860	1474
207765996	1474
207766132	1474
207766255	1474
208563862	1474
208564138	1474
208564272	1474
208564416	1474
208564552	1474
208564831	1474
208564960	1474
208565165	1474
208565292	1474
208565467	1474
208565602	1474
208565725	1474
208565848	1474
208565974	1474
208566097	1474
208566220	1474
208566344	1474
208566491	1474
209363545	1474
209363722	1474
209363885	1474
209364021	1474
209364146	1474
209364277	1474
209364402	1474
209364540	1474
209364663	1474
209364786	1474
209364908	1474
209365030	1474
209365246	1474
209365372	1474
209365504	1474
209365627	1474
209365755	1474
209365886	1474
210167278	1474
210167455	1474
210168058	1474
210168313	1474
210168443	1474
210168656	1474
210168780	1474
210168904	1474
210169027	1474
210169265	1474
210169390	1474
210169572	1474
210169701	1474
210169840	1474
210169966	1474
210170105	1474
210170225	1474
210170349	1474
210963523	1474
210963892	1474
210964032	1474
210964154	1474
210964277	1474
210964398	1474
210964522	1474
210964662	1474
210964785	1474
210964912	1474
210965036	1474
210965258	1474
210965384	1474
210965509	1474
210965644	1474
210965767	1474
210965895	1474
210966019	1474
211764950	1474
211765281	1474
211765411	1474
211765535	1474
211765655	1474
211765794	1474
211765932	1474
211766054	1474
211766188	1474
211766310	1474
211766446	1474
211766566	1474
211766693	1474
211766816	1474
211766941	1474
211767065	1474
212565083	1474
212565482	1474
212565603	1474
212565724	1474
212565858	1474
212565994	1474
212566116	1474
212566240	1474
212566363	1474
212566485	1474
212566607	1474
212566741	1474
212566865	1474
212566992	1474
212567116	1474
212567242	1474
212567367	1474
212567491	1474
213363530	1474
213363764	1474
213363949	1474
213364075	1474
213364209	1474
213364483	1474
213364614	1474
213364752	1474
213364925	1474
213365085	1474
213365265	1474
213365408	1474
213365536	1474
213365661	1474
213365783	1474
213365920	1474
213366049	1474
213366185	1474
214163612	1474
214163787	1474
214164095	1474
214164237	1474
214164384	1474
214164607	1474
214164788	1474
214165645	1474
214165781	1474
214166055	1474
214166193	1474
214166395	1474
214166523	1474
214166670	1474
214166818	1474
214166957	1474
214167102	1474
214167228	1474
214964656	1474
214964838	1474
214965230	1474
214965365	1474
214965505	1474
214965640	1474
214965766	1474
214965908	1474
214966045	1474
214966177	1474
214966320	1474
214966448	1474
214966580	1474
214966700	1474
214966828	1474
214966958	1474
214967102	1474
215766503	1474
215766676	1474
215767363	1474
215767660	1474
215767788	1474
215767931	1474
215768068	1474
215768188	1474
215768309	1474
215768441	1474
215768567	1474
215768715	1474
215768837	1474
215768961	1474
215769127	1474
215769333	1474
215769456	1474
216563653	1474
216563884	1474
216564010	1474
216564148	1474
216564290	1474
216564442	1474
216564710	1474
216564858	1474
216565586	1474
216565814	1474
216565948	1474
216566080	1474
216566196	1474
216566318	1474
216566456	1474
216566589	1474
216566711	1474
216566844	1474
217366939	1474
217367216	1474
217367342	1474
217367467	1474
217367603	1474
217367876	1474
217368008	1474
217368149	1474
217368275	1474
217368430	1474
217368552	1474
217368674	1474
217368796	1474
217368919	1474
217369071	1474
217369249	1474
217369373	1474
217369516	1474
218431075	1474
218431437	1474
218431571	1474
218431745	1474
218431890	1474
218432188	1474
218432334	1474
218432502	1474
218432628	1474
218432755	1474
218432880	1474
218433004	1474
218433195	1474
218433335	1474
218433477	1474
218433603	1474
218433750	1474
218433872	1474
219230620	1474
219230861	1474
219230995	1474
219231151	1474
219231277	1474
219231420	1474
219231865	1474
219231996	1474
219232140	1474
219232274	1474
219232487	1474
219232618	1474
219232744	1474
219232869	1474
219232993	1474
219233219	1474
219233363	1474
219233492	1474
220030344	1474
220030550	1474
220030678	1474
220030802	1474
220030926	1474
220031050	1474
220031192	1474
220031316	1474
220031456	1474
220031582	1474
220031704	1474
220031827	1474
220031950	1474
220032075	1474
220032200	1474
220032325	1474
220032464	1474
220032589	1474
220830326	1474
220830800	1474
220830931	1474
220831161	1474
220831293	1474
220831534	1474
220831668	1474
220831794	1474
220831918	1474
220832056	1474
220832191	1474
220832333	1474
220832487	1474
220832612	1474
220832747	1474
220832889	1474
220833009	1474
220833241	1474
221631416	1474
221631689	1474
221631827	1474
221631948	1474
221632078	1474
221632200	1474
221632319	1474
221632441	1474
221632595	1474
221632722	1474
221632847	1474
221632971	1474
221633187	1474
221633317	1474
221633444	1474
221633584	1474
221633709	1474
221633833	1474
222430396	1474
222430599	1474
222430726	1474
222430856	1474
222430978	1474
222431099	1474
222431220	1474
222431353	1474
222431474	1474
222431601	1474
222431725	1474
222431853	1474
222431987	1474
222432113	1474
222432237	1474
222432373	1474
223231881	1474
223232116	1474
223232239	1474
223232357	1474
223232474	1474
223232595	1474
223232896	1474
223233048	1474
223233216	1474
223233338	1474
223233457	1474
223233583	1474
223233716	1474
223233835	1474
223233953	1474
223234074	1474
223234194	1474
223234313	1474
224030450	1474
224030690	1474
224030923	1474
224031045	1474
224031170	1474
224031405	1474
224031535	1474
224031662	1474
224031813	1474
224031937	1474
224032058	1474
224032180	1474
224032301	1474
224032421	1474
224032543	1474
224032665	1474
224032802	1474
224830623	1474
224830871	1474
224831001	1474
224831122	1474
224831245	1474
224831370	1474
224831603	1474
224831733	1474
224831873	1474
224831994	1474
224832114	1474
224832237	1474
224832357	1474
224832480	1474
224832600	1474
224832720	1474
224832856	1474
225632357	1474
225632590	1474
225632764	1474
225632903	1474
225633109	1474
225633268	1474
225633390	1474
225633517	1474
225633637	1474
225633758	1474
225633883	1474
225634009	1474
225634131	1474
225634253	1474
225634384	1474
225634507	1474
225634629	1474
225634752	1474
226430650	1474
226430836	1474
226430966	1474
226431093	1474
226431215	1474
226431339	1474
226431458	1474
226431583	1474
226431704	1474
226431828	1474
226431972	1474
226432101	1474
226432224	1474
226432345	1474
226432468	1474
226432590	1474
226432711	1474
226432833	1474
227233510	1474
227233765	1474
227233885	1474
227234011	1474
227234134	1474
227234254	1474
227234375	1474
227234521	1474
227234643	1474
227234765	1474
227234884	1474
227235010	1474
227235130	1474
227235247	1474
227235371	1474
227235491	1474
227235614	1474
227235735	1474
228031103	1474
228031285	1474
228031404	1474
228031525	1474
228031644	1474
228031765	1474
228031885	1474
228032005	1474
228032140	1474
228032262	1474
228032381	1474
228032499	1474
228032618	1474
228032737	1474
228032856	1474
228032976	1474
228830912	1474
228831156	1474
228831279	1474
228831400	1474
228831534	1474
228831655	1474
228831887	1474
228832015	1474
228832146	1474
228832266	1474
228832388	1474
228832508	1474
228832627	1474
228832747	1474
228832866	1474
228832985	1474
228833207	1474
229630686	1474
229630915	1474
229631034	1474
229631153	1474
229631290	1474
229631409	1474
229631527	1474
229631645	1474
229631762	1474
229631880	1474
229631998	1474
229632118	1474
229632247	1474
229632369	1474
229632486	1474
229632604	1474
229632724	1474
230432630	1474
230432870	1474
230432991	1474
230433204	1474
230433413	1474
230433534	1474
230433653	1474
230433775	1474
230433897	1474
230434019	1474
230434142	1474
230434262	1474
230434394	1474
230434515	1474
230434635	1474
230434755	1474
231230773	1474
231231011	1474
231231129	1474
231231246	1474
231231602	1474
231231729	1474
231231846	1474
231231963	1474
231232080	1474
231232197	1474
231232322	1474
231232440	1474
231232571	1474
231232691	1474
231232810	1474
231232927	1474
231233069	1474
231233237	1474
232031663	1474
232031906	1474
232032029	1474
232032149	1474
232032270	1474
232032398	1474
232032519	1474
232032638	1474
232032757	1474
232032879	1474
232032999	1474
232033149	1474
232033273	1474
232033400	1474
232033523	1474
232033641	1474
232033760	1474
232033880	1474
232831414	1474
232831731	1474
232831904	1474
232832072	1474
232832279	1474
232832511	1474
232832691	1474
232832858	1474
232833023	1474
232833252	1474
232833421	1474
232833600	1474
232833766	1474
232833937	1474
232834104	1474
232834268	1474
232834434	1474
233631258	1474
233631515	1474
233631707	1474
233631878	1474
233632041	1474
233632205	1474
233632436	1474
233632673	1474
233632840	1474
233633006	1474
233633210	1474
233633378	1474
233633565	1474
233633734	1474
233633922	1474
233634141	1474
233634317	1474
233634483	1474
234431490	1474
234431722	1474
234431885	1474
234432048	1474
234432211	1474
234432372	1474
234432534	1474
234432709	1474
234432874	1474
234433034	1474
234433246	1474
234433411	1474
234433584	1474
234433746	1474
234433912	1474
234434072	1474
234434235	1474
234434397	1474
235231904	1474
235232144	1474
235232334	1474
235232497	1474
235232666	1474
235232829	1474
235232992	1474
235233195	1474
235233365	1474
235233524	1474
235233694	1474
235233854	1474
235234019	1474
235234179	1474
235234344	1474
235234502	1474
235234676	1474
235234839	1474
236031555	1474
236031804	1474
236032040	1474
236032342	1474
236032562	1474
236032794	1474
236032963	1474
236033125	1474
236033364	1474
236033650	1474
236033830	1474
236033993	1474
236034154	1474
236034318	1474
236034478	1474
236034641	1474
236034812	1474
236831452	1474
236831715	1474
236831933	1474
236832168	1474
236832388	1474
236832619	1474
236832785	1474
236832961	1474
236833123	1474
236833358	1474
236833622	1474
236833823	1474
236833991	1474
236834151	1474
236834316	1474
236834476	1474
236834640	1474
237632371	1474
237632666	1474
237632922	1474
237633226	1474
237633479	1474
237633651	1474
237633816	1474
237633992	1474
237634160	1474
237634322	1474
237634487	1474
237634649	1474
237634811	1474
237634990	1474
237635152	1474
237635341	1474
237635506	1474
238430764	1474
238431016	1474
238431312	1474
238431485	1474
238431634	1474
238431786	1474
238432096	1474
238432236	1474
238432366	1474
238432486	1474
238432611	1474
238432739	1474
238432866	1474
238433010	1474
238433169	1474
238433300	1474
238433449	1474
238433572	1474
239231555	1474
239231866	1474
239231994	1474
239232157	1474
239232282	1474
239232421	1474
239232545	1474
239232675	1474
239232810	1474
239232933	1474
239233073	1474
239233252	1474
239233397	1474
239233535	1474
239233659	1474
239233802	1474
239233926	1474
239234057	1474
240032491	1474
240032747	1474
240032944	1474
240033215	1474
240033463	1474
240033705	1474
240033872	1474
240034035	1474
240034290	1474
240034452	1474
240034615	1474
240034777	1474
240034939	1474
240035110	1474
240035274	1474
240035437	1474
240035600	1474
240832072	1474
240832345	1474
240832516	1474
240832713	1474
240832936	1474
240833258	1474
240833428	1474
240833595	1474
240833758	1474
240833924	1474
240834086	1474
240834268	1474
240834430	1474
240834593	1474
240834755	1474
240834920	1474
240835081	1474
241632065	1474
241632362	1474
241632482	1474
241632599	1474
241632717	1474
241632836	1474
241632956	1474
241633104	1474
241633270	1474
241633383	1474
241633497	1474
241633618	1474
241633732	1474
241633839	1474
241633945	1474
241634052	1474
241634159	1474
241634273	1474
242432008	1474
242432277	1474
242432418	1474
242432538	1474
242432658	1474
242432778	1474
242432901	1474
242433046	1474
242433210	1474
242433348	1474
242433471	1474
242433589	1474
242433709	1474
242433831	1474
242433950	1474
242434071	1474
242434192	1474
242434320	1474
243231515	1474
243231776	1474
243231899	1474
243232018	1474
243232147	1474
243232272	1474
243232401	1474
243232526	1474
243232759	1474
243232890	1474
243233238	1474
243233497	1474
243233619	1474
243233741	1474
243233859	1474
243233981	1474
243234101	1474
244033364	1474
244033554	1474
244033747	1474
244034159	1474
244034498	1474
244034749	1474
244034869	1474
244034989	1474
244035112	1474
244035233	1474
244035352	1474
244035478	1474
244035600	1474
244035721	1474
244035841	1474
244035961	1474
244036083	1474
244831954	1474
244832345	1474
244832478	1474
244832841	1474
244833120	1474
244833248	1474
244833370	1474
244833488	1474
244833629	1474
244833753	1474
244833873	1474
244833995	1474
244834117	1474
244834242	1474
244834365	1474
244834485	1474
244834620	1474
245633518	1474
245633835	1474
245633963	1474
245634259	1474
245634439	1474
245634974	1474
245635118	1474
245635260	1474
245635382	1474
245635504	1474
245635741	1474
245635923	1474
245636052	1474
245636192	1474
245636333	1474
245636453	1474
245636595	1474
245636770	1474
246431196	1474
246431424	1474
246431757	1474
246431894	1474
246432181	1474
246432316	1474
246432440	1474
246432584	1474
246432748	1474
246433017	1474
246433659	1474
246433873	1474
246434001	1474
246434132	1474
246434257	1474
246434381	1474
246434505	1474
247231525	1474
247231703	1474
247231836	1474
247231975	1474
247232274	1474
247232995	1474
247233129	1474
247233308	1474
247233444	1474
247233584	1474
247233708	1474
247233844	1474
247233979	1474
247234101	1474
247234222	1474
247234342	1474
247234611	1474
248032578	1474
248032911	1474
248033717	1474
248033861	1474
248034077	1474
248034200	1474
248034338	1474
248034479	1474
248034599	1474
248034737	1474
248034873	1474
248034997	1474
248035119	1474
248035241	1474
248035362	1474
248035507	1474
248035628	1474
248831438	1474
248831596	1474
248831701	1474
248831925	1474
248832040	1474
248832149	1474
248832280	1474
248832582	1474
248832711	1474
248833311	1474
248833482	1474
248833596	1474
248833711	1474
248833867	1474
248833982	1474
248834118	1474
248834230	1474
249632311	1474
249632490	1474
249632598	1474
249632708	1474
249632841	1474
249633181	1474
249634018	1474
249634139	1474
249634345	1474
249634459	1474
249634587	1474
249634696	1474
249634812	1474
249634935	1474
249635048	1474
249635181	1474
249635290	1474
249635493	1474
250432116	1474
250432343	1474
250432484	1474
250432604	1474
250432727	1474
250432836	1474
250432951	1474
250433298	1474
250433415	1474
250433951	1474
250434162	1474
250434276	1474
250434400	1474
250434530	1474
250434643	1474
250434770	1474
250434882	1474
250435010	1474
251231938	1474
251232122	1474
251232231	1474
251232361	1474
251232470	1474
251232582	1474
251232692	1474
251232953	1474
251233084	1474
251233664	1474
251233783	1474
251233903	1474
251234038	1474
251234153	1474
251234279	1474
251234392	1474
251234505	1474
251234689	1474
252300141	1474
252300391	1474
252300744	1474
252300875	1474
252301139	1474
252301355	1474
252301482	1474
252301604	1474
252301728	1474
252301855	1474
252301977	1474
252302098	1474
252302240	1474
252302362	1474
252302509	1474
252302630	1474
252302750	1474
252302870	1474
253097857	1474
253098324	1474
253098455	1474
253098574	1474
253098695	1474
253098860	1474
253098984	1474
253099113	1474
253099235	1474
253099375	1474
253099517	1474
253099642	1474
253099777	1474
253099901	1474
253100036	1474
253100158	1474
253100274	1474
253898705	1474
253899017	1474
253899152	1474
253899275	1474
253899402	1474
253899534	1474
253899655	1474
253899780	1474
253899901	1474
253900042	1474
253900168	1474
253900290	1474
253900427	1474
253900549	1474
253900675	1474
253900799	1474
253900921	1474
253901072	1474
254698387	1474
254698730	1474
254698866	1474
254698990	1474
254699114	1474
254699395	1474
254699527	1474
254699667	1474
254699790	1474
254699914	1474
254700044	1474
254700167	1474
254700306	1474
254700445	1474
254700575	1474
254700701	1474
254700812	1474
254700923	1474
255498153	1474
255498571	1474
255498715	1474
255498840	1474
255498962	1474
255499086	1474
255499209	1474
255499330	1474
255499460	1474
255499590	1474
255499712	1474
255499841	1474
255499962	1474
255500090	1474
255500213	1474
255500333	1474
255500464	1474
256298755	1474
256299341	1474
256299471	1474
256299623	1474
256299901	1474
256300034	1474
256300214	1474
256300345	1474
256300488	1474
256300693	1474
256300825	1474
256300966	1474
256301090	1474
256301253	1474
256301382	1474
256301520	1474
256301657	1474
257099887	1474
257100220	1474
257100358	1474
257100498	1474
257100630	1474
257100763	1474
257100886	1474
257101011	1474
257101169	1474
257101344	1474
257101472	1474
257101599	1474
257101761	1474
257101886	1474
257102008	1474
257102161	1474
257102287	1474
257901055	1474
257901408	1474
257901536	1474
257901655	1474
257901791	1474
257901910	1474
257902029	1474
257902149	1474
257902268	1474
257902386	1474
257902506	1474
257902626	1474
257902751	1474
257902871	1474
257902989	1474
257903107	1474
257903225	1474
257903344	1474
258701013	1474
258701373	1474
258701490	1474
258701635	1474
258701769	1474
258701901	1474
258702044	1474
258702168	1474
258702304	1474
258702425	1474
258702562	1474
258702709	1474
258702867	1474
258702994	1474
258703141	1474
258703262	1474
258703403	1474
258703526	1474
259499580	1474
259499906	1474
259500051	1474
259500201	1474
259500326	1474
259500451	1474
259500575	1474
259500713	1474
259500853	1474
259500988	1474
259501146	1474
259501378	1474
259501503	1474
259501652	1474
259501775	1474
259501921	1474
259502046	1474
259502186	1474
260299242	1474
260299781	1474
260300132	1474
260300353	1474
260300617	1474
260300784	1474
260300946	1474
260301116	1474
260301328	1474
260301500	1474
260301663	1474
260301823	1474
260301982	1474
260302151	1474
260302315	1474
260302476	1474
260302639	1474
260302802	1474
261098710	1474
261098972	1474
261099470	1474
261099728	1474
261099860	1474
261099997	1474
261100147	1474
261100275	1474
261100400	1474
261100526	1474
261100650	1474
261100774	1474
261100897	1474
261101068	1474
261101243	1474
261101388	1474
261101512	1474
261101641	1474
261898379	1474
261898801	1474
261898953	1474
261899095	1474
261899221	1474
261899352	1474
261899474	1474
261899596	1474
261899725	1474
261899852	1474
261899976	1474
261900129	1474
261900255	1474
261900373	1474
261900503	1474
261900628	1474
262699739	1474
262700132	1474
262700271	1474
262700406	1474
262700545	1474
262700669	1474
262700796	1474
262700919	1474
262701045	1474
262701246	1474
262701390	1474
262701517	1474
262701657	1474
262701779	1474
262701903	1474
262702025	1474
263502214	1474
263502557	1474
263502682	1474
263502801	1474
263502928	1474
263503053	1474
263503175	1474
263503308	1474
263503431	1474
263503554	1474
263503679	1474
263503804	1474
263503927	1474
263504068	1474
263504196	1474
263504373	1474
263504500	1474
264298503	1474
264298805	1474
264298944	1474
264299070	1474
264299199	1474
264299323	1474
264299463	1474
264299599	1474
264299722	1474
264299847	1474
264299971	1474
264300096	1474
264300222	1474
264300346	1474
264300487	1474
264300627	1474
264300749	1474
264300873	1474
265098634	1474
265099120	1474
265099237	1474
265099357	1474
265099489	1474
265099616	1474
265099761	1474
265100005	1474
265100160	1474
265100812	1474
265101045	1474
265101219	1474
265101334	1474
265101749	1474
265101918	1474
265102059	1474
265102182	1474
265102301	1474
265898501	1474
265898774	1474
265899140	1474
265899263	1474
265899405	1474
265899658	1474
265900064	1474
265900379	1474
265900508	1474
265900654	1474
265900796	1474
265900918	1474
265901076	1474
265901255	1474
265901392	1474
265901538	1474
265901661	1474
266699684	1474
266699953	1474
266700257	1474
266700387	1474
266700522	1474
266700665	1474
266700922	1474
266701055	1474
266701274	1474
266701403	1474
266701524	1474
266701671	1474
266701801	1474
266701928	1474
266702051	1474
266702176	1474
266702300	1474
266702425	1474
267498996	1474
267499286	1474
267499641	1474
267499866	1474
267500325	1474
267500775	1474
267500971	1474
267501263	1474
267501463	1474
267501636	1474
267501799	1474
267501961	1474
267502124	1474
267502287	1474
267502450	1474
267502619	1474
267502781	1474
268300718	1474
268301189	1474
268301327	1474
268301446	1474
268301577	1474
268301702	1474
268301845	1474
268302163	1474
268302494	1474
268302633	1474
268302889	1474
268303024	1474
268303149	1474
268303274	1474
268303542	1474
268303675	1474
268303818	1474
268303945	1474
269099512	1474
269099762	1474
269100131	1474
269100269	1474
269100399	1474
269100670	1474
269100911	1474
269101387	1474
269101522	1474
269101652	1474
269101778	1474
269101979	1474
269102126	1474
269102250	1474
269102396	1474
269102521	1474
269102656	1474
269102777	1474
269898842	1474
269899320	1474
269899496	1474
269899637	1474
269899770	1474
269899921	1474
269900069	1474
269900308	1474
269900442	1474
269901128	1474
269901308	1474
269901434	1474
269901557	1474
269901680	1474
269901814	1474
269901963	1474
270699032	1474
270699512	1474
270699630	1474
270699775	1474
270699899	1474
270700050	1474
270700203	1474
270700435	1474
270700663	1474
270701792	1474
270701930	1474
270702093	1474
270702233	1474
270702361	1474
270702486	1474
270702629	1474
270702753	1474
270702882	1474
271499156	1474
271499465	1474
271499594	1474
271499886	1474
271500024	1474
271500456	1474
271500589	1474
271500712	1474
271500832	1474
271500952	1474
271501102	1474
271501266	1474
271501397	1474
271501519	1474
271501641	1474
271501764	1474
271501887	1474
272298674	1474
272298946	1474
272299115	1474
272299447	1474
272299670	1474
272299948	1474
272300182	1474
272300389	1474
272300557	1474
272300719	1474
272300881	1474
272301043	1474
272301260	1474
272301430	1474
272301593	1474
272301755	1474
272301916	1474
272302077	1474
273099804	1474
273100044	1474
273100280	1474
273100589	1474
273100953	1474
273101294	1474
273101426	1474
273101547	1474
273101672	1474
273101802	1474
273101950	1474
273102074	1474
273102225	1474
273102354	1474
273102483	1474
273102608	1474
273102767	1474
273903445	1474
273903612	1474
273903774	1474
273903936	1474
273904099	1474
273904261	1474
273904438	1474
273904601	1474
273904765	1474
273904928	1474
273905090	1474
273905299	1474
273905483	1474
273905649	1474
273905811	1474
273905994	1474
273906160	1474
273906333	1474
274699460	1474
274699774	1474
274700003	1474
274700285	1474
274701094	1474
274701401	1474
274701565	1474
274701731	1474
274701897	1474
274702063	1474
274702239	1474
274702406	1474
274702567	1474
274702754	1474
274702923	1474
274703085	1474
274703257	1474
274703421	1474
275499305	1474
275499629	1474
275499940	1474
275500170	1474
275500881	1474
275501080	1474
275501412	1474
275501579	1474
275501743	1474
275501909	1474
275502074	1474
275502237	1474
275502423	1474
275502586	1474
275502753	1474
275502915	1474
275503081	1474
276299021	1474
276299247	1474
276299491	1474
276299835	1474
276300091	1474
276300336	1474
276300521	1474
276300721	1474
276300887	1474
276301052	1474
276301261	1474
276301438	1474
276301621	1474
276301790	1474
276301952	1474
276302119	1474
276302281	1474
277099597	1474
277099896	1474
277100197	1474
277100521	1474
277100721	1474
277100912	1474
277101082	1474
277101319	1474
277101515	1474
277101681	1474
277101848	1474
277102011	1474
277102175	1474
277102339	1474
277102517	1474
277102701	1474
277102871	1474
277103035	1474
277899303	1474
277899592	1474
277899717	1474
277899837	1474
277899956	1474
277900080	1474
277900318	1474
277900447	1474
277900829	1474
277901041	1474
277901213	1474
277901344	1474
277901464	1474
277901605	1474
277901725	1474
277901851	1474
277901970	1474
277902090	1474
278966220	1474
278966449	1474
278966616	1474
278966890	1474
278967114	1474
278967295	1474
278967482	1474
278967656	1474
278967822	1474
278967986	1474
278968149	1474
278968311	1474
278968477	1474
278968650	1474
278968817	1474
278968979	1474
278969149	1474
278969359	1474
279766062	1474
279766319	1474
279766490	1474
279766657	1474
279766840	1474
279767003	1474
279767166	1474
279767332	1474
279767496	1474
279767665	1474
279767840	1474
279768003	1474
279768169	1474
279768331	1474
279768513	1474
279768688	1474
279768852	1474
279769017	1474
280566061	1474
280566344	1474
280566542	1474
280566789	1474
280567020	1474
280567269	1474
280567435	1474
280567601	1474
280567775	1474
280567942	1474
280568105	1474
280568272	1474
280568437	1474
280568603	1474
280568777	1474
280568941	1474
280569105	1474
280569321	1474
281365911	1474
281366165	1474
281366336	1474
281366527	1474
281366754	1474
281367039	1474
281367204	1474
281367370	1474
281367531	1474
281367694	1474
281367862	1474
281368027	1474
281368212	1474
281368398	1474
281368599	1474
281368767	1474
281368944	1474
281369110	1474
282165675	1474
282166059	1474
282166266	1474
282166509	1474
282166762	1474
282166940	1474
282167102	1474
282167265	1474
282167426	1474
282167593	1474
282167758	1474
282167929	1474
282168091	1474
282168253	1474
282168414	1474
282168579	1474
282168740	1474
282168908	1474
282967299	1474
282967536	1474
282967706	1474
282967891	1474
282968111	1474
282968333	1474
282968570	1474
282968736	1474
282968902	1474
282969074	1474
282969297	1474
282969470	1474
282969636	1474
282969799	1474
282969966	1474
282970149	1474
282970316	1474
282970484	1474
283767181	1474
283767744	1474
283768033	1474
283768267	1474
283768553	1474
283768720	1474
283768883	1474
283769075	1474
283769291	1474
283769465	1474
283769629	1474
283769791	1474
283769966	1474
283770142	1474
283770306	1474
283770467	1474
283770630	1474
283770791	1474
284567787	1474
284568030	1474
284568289	1474
284568549	1474
284568768	1474
284569010	1474
284569232	1474
284569403	1474
284569564	1474
284569725	1474
284569887	1474
284570048	1474
284570223	1474
284570387	1474
284570549	1474
284570712	1474
284570874	1474
284571036	1474
285366357	1474
285366601	1474
285366769	1474
285366967	1474
285367189	1474
285367439	1474
285367630	1474
285367801	1474
285367985	1474
285368157	1474
285368332	1474
285368495	1474
285368660	1474
285368821	1474
285368986	1474
285369148	1474
285369380	1474
286166631	1474
286166899	1474
286167066	1474
286167335	1474
286167562	1474
286167761	1474
286167926	1474
286168090	1474
286168254	1474
286168433	1474
286168596	1474
286168758	1474
286168922	1474
286169086	1474
286169303	1474
286169488	1474
286169652	1474
286169815	1474
286966854	1474
286967201	1474
286967372	1474
286967643	1474
286967864	1474
286968129	1474
286968297	1474
286968467	1474
286968651	1474
286968817	1474
286968980	1474
286969144	1474
286969381	1474
286969590	1474
286969790	1474
286969953	1474
286970116	1474
288033016	1474
288033414	1474
288033686	1474
288033913	1474
288034180	1474
288034348	1474
288034534	1474
288034701	1474
288034867	1474
288035031	1474
288035215	1474
288035383	1474
288035556	1474
288035720	1474
288035886	1474
288036051	1474
288036216	1474
288036380	1474
288833110	1474
288833397	1474
288833525	1474
288833644	1474
288833755	1474
288833899	1474
288834012	1474
288834120	1474
288834252	1474
288834386	1474
288834499	1474
288834615	1474
288834727	1474
288834848	1474
288834958	1474
288835082	1474
288835213	1474
288835326	1474
289636601	1474
289636967	1474
289637179	1474
289637307	1474
289637506	1474
289637668	1474
289637894	1474
289638022	1474
289638150	1474
289638272	1474
289638399	1474
289638519	1474
289638636	1474
289638771	1474
289638894	1474
289639014	1474
289639132	1474
289639253	1474
290436784	1474
290437041	1474
290437213	1474
290437342	1474
290437546	1474
290437717	1474
290438107	1474
290438229	1474
290438348	1474
290438471	1474
290438590	1474
290438719	1474
290438839	1474
290438958	1474
290439077	1474
290439194	1474
290439312	1474
291234382	1474
291234611	1474
291234740	1474
291234874	1474
291234995	1474
291235114	1474
291235234	1474
291235353	1474
291235476	1474
291235599	1474
291235722	1474
291235855	1474
291235974	1474
291236097	1474
291236215	1474
291236335	1474
291236455	1474
292034513	1474
292034812	1474
292034961	1474
292035105	1474
292035245	1474
292035370	1474
292035510	1474
292035654	1474
292035781	1474
292035923	1474
292036068	1474
292036192	1474
292036338	1474
292036473	1474
292036597	1474
292036738	1474
292036890	1474
292037073	1474
292834439	1474
292834632	1474
292834777	1474
292834916	1474
292835059	1474
292835191	1474
292835332	1474
292835457	1474
292835599	1474
292835726	1474
292835854	1474
292835984	1474
292836111	1474
292836257	1474
292836384	1474
292836527	1474
292836670	1474
292836795	1474
293635165	1474
293635335	1474
293635446	1474
293635550	1474
293635656	1474
293635765	1474
293635871	1474
293635986	1474
293636095	1474
293636211	1474
293636319	1474
293636428	1474
293636535	1474
293636641	1474
293636749	1474
293636855	1474
293636970	1474
294433620	1474
294433809	1474
294433926	1474
294434105	1474
294434237	1474
294434363	1474
294434502	1474
294434635	1474
294434762	1474
294434883	1474
294435006	1474
294435164	1474
294435290	1474
294435416	1474
294435559	1474
294435680	1474
294435805	1474
295234560	1474
295234753	1474
295234870	1474
295235009	1474
295235134	1474
295235269	1474
295235397	1474
295235522	1474
295235668	1474
295235798	1474
295235924	1474
295236053	1474
295236179	1474
295236320	1474
295236465	1474
295236617	1474
295236741	1474
296033206	1474
296033414	1474
296033548	1474
296033673	1474
296033815	1474
296033965	1474
296034089	1474
296034210	1474
296034341	1474
296034463	1474
296034588	1474
296034726	1474
296034862	1474
296034985	1474
296035108	1474
296035250	1474
296035390	1474
296035528	1474
296834102	1474
296834507	1474
296834642	1474
296834766	1474
296834901	1474
296835031	1474
296835152	1474
296835311	1474
296835448	1474
296835571	1474
296835707	1474
296835827	1474
296835946	1474
296836083	1474
296836221	1474
296836343	1474
296836505	1474
296836628	1474
297633925	1474
297634286	1474
297634431	1474
297634580	1474
297634703	1474
297634830	1474
297634957	1474
297635076	1474
297635195	1474
297635331	1474
297635475	1474
297635602	1474
297635727	1474
297635872	1474
297635995	1474
297636124	1474
297636264	1474
297636386	1474
298434181	1474
298434503	1474
298434667	1474
298434790	1474
298434925	1474
298435062	1474
298435216	1474
298435438	1474
298435587	1474
298435711	1474
298435839	1474
298435963	1474
298436089	1474
298436230	1474
298436353	1474
298436480	1474
298436618	1474
299233704	1474
299234066	1474
299234194	1474
299234338	1474
299234473	1474
299234624	1474
299234853	1474
299234981	1474
299235109	1474
299235354	1474
299235498	1474
299235661	1474
299235797	1474
299235927	1474
299236052	1474
299236197	1474
299236318	1474
300033651	1474
300034023	1474
300034149	1474
300034282	1474
300034405	1474
300034526	1474
300034646	1474
300034767	1474
300034905	1474
300035047	1474
300035170	1474
300035311	1474
300035434	1474
300035558	1474
300035679	1474
300035832	1474
300035958	1474
300834430	1474
300834660	1474
300834782	1474
300835055	1474
300835179	1474
300835315	1474
300835438	1474
300835576	1474
300835722	1474
300835848	1474
300835990	1474
300836132	1474
300836255	1474
300836398	1474
300836522	1474
300836647	1474
300836770	1474
300836912	1474
301633693	1474
301634091	1474
301634222	1474
301634365	1474
301634487	1474
301634611	1474
301634768	1474
301634894	1474
301635040	1474
301635166	1474
301635291	1474
301635414	1474
301635548	1474
301635672	1474
301635816	1474
301635943	1474
301636068	1474
302433845	1474
302434233	1474
302434408	1474
302434556	1474
302434682	1474
302435004	1474
302435137	1474
302435275	1474
302435403	1474
302435522	1474
302435643	1474
302435785	1474
302435943	1474
302436065	1474
302436187	1474
302436311	1474
302436438	1474
302436561	1474
303233805	1474
303234094	1474
303234263	1474
303234462	1474
303234695	1474
303234876	1474
303235055	1474
303235218	1474
303235381	1474
303235545	1474
303235707	1474
303235871	1474
303236049	1474
303236212	1474
303236375	1474
303236557	1474
303236723	1474
303236887	1474
304033487	1474
304033787	1474
304033961	1474
304034093	1474
304034219	1474
304034337	1474
304034457	1474
304034574	1474
304034693	1474
304034812	1474
304034932	1474
304035050	1474
304035185	1474
304035303	1474
304035421	1474
304035541	1474
304035658	1474
304035777	1474
304834346	1474
304834685	1474
304834807	1474
304834926	1474
304835044	1474
304835167	1474
304835292	1474
304835538	1474
304835665	1474
304835788	1474
304835907	1474
304836028	1474
304836146	1474
304836276	1474
304836397	1474
304836516	1474
304836636	1474
305633681	1474
305633963	1474
305634085	1474
305634205	1474
305634341	1474
305634462	1474
305634580	1474
305634699	1474
305634819	1474
305634937	1474
305635055	1474
305635174	1474
305635307	1474
305635424	1474
305635541	1474
305635658	1474
305635777	1474
305635895	1474
306700455	1474
306700735	1474
306700858	1474
306700981	1474
306701221	1474
306701360	1474
306701649	1474
306701836	1474
306701958	1474
306702077	1474
306702199	1474
306702319	1474
306702450	1474
306702568	1474
306702687	1474
306702807	1474
306702925	1474
306703043	1474
307500031	1474
307500360	1474
307500518	1474
307500662	1474
307500788	1474
307500945	1474
307501824	1474
307501960	1474
307502199	1474
307502324	1474
307502509	1474
307502635	1474
307502766	1474
307502890	1474
307503010	1474
307503132	1474
307503260	1474
308300093	1474
308300361	1474
308300571	1474
308300829	1474
308301068	1474
308301385	1474
308301587	1474
308301840	1474
308302011	1474
308302174	1474
308302337	1474
308302513	1474
308302677	1474
308302843	1474
308303008	1474
308303174	1474
308303338	1474
308303517	1474
309101473	1474
309101752	1474
309102295	1474
309102447	1474
309103358	1474
309103492	1474
309103740	1474
309103867	1474
309103990	1474
309104113	1474
309104234	1474
309104357	1474
309104493	1474
309104643	1474
309104765	1474
309104887	1474
309105007	1474
309105163	1474
309901362	1474
309901723	1474
309902523	1474
309902866	1474
309903039	1474
309903234	1474
309903405	1474
309903583	1474
309903748	1474
309903914	1474
309904096	1474
309904264	1474
309904427	1474
309904600	1474
309904767	1474
309904932	1474
309905098	1474
310700200	1474
310700424	1474
310700688	1474
310700903	1474
310701058	1474
310701262	1474
310701538	1474
310701673	1474
310702324	1474
310702550	1474
310702672	1474
310702826	1474
310702967	1474
310703090	1474
310703225	1474
310703374	1474
310703495	1474
310703615	1474
311500468	1474
311500773	1474
311500906	1474
311501020	1474
311501254	1474
311501370	1474
311501502	1474
311501625	1474
311501760	1474
311501898	1474
311502030	1474
311502154	1474
311502278	1474
311502400	1474
311502524	1474
311502648	1474
311502780	1474
311502919	1474
312300463	1474
312300739	1474
312300883	1474
312301006	1474
312301157	1474
312301339	1474
312301565	1474
312301746	1474
312302503	1474
312302648	1474
312302795	1474
312302922	1474
312303048	1474
312303191	1474
312303331	1474
312303454	1474
312303589	1474
312303720	1474
313100878	1474
313101172	1474
313101308	1474
313101587	1474
313101733	1474
313101897	1474
313102023	1474
313102154	1474
313102300	1474
313102424	1474
313102552	1474
313102678	1474
313102801	1474
313102943	1474
313103064	1474
313103207	1474
313103330	1474
313900589	1474
313900785	1474
313900911	1474
313901065	1474
313901244	1474
313901376	1474
313901534	1474
313901766	1474
313901901	1474
313902041	1474
313902157	1474
313902293	1474
313902417	1474
313902539	1474
313902680	1474
313902803	1474
313902954	1474
313903105	1474
314703273	1474
314703711	1474
314703855	1474
314703999	1474
314704149	1474
314704303	1474
314704533	1474
314704658	1474
314704782	1474
314704908	1474
314705069	1474
314705247	1474
314705375	1474
314705511	1474
314705642	1474
314705782	1474
314705907	1474
314706037	1474
315500723	1474
315500907	1474
315501100	1474
315501361	1474
315501527	1474
315501690	1474
315501858	1474
315502041	1474
315502214	1474
315502375	1474
315502535	1474
315502697	1474
315502861	1474
315503021	1474
315503193	1474
315503376	1474
