14387651	58
14473950	54
14615580	706
14779446	58
14917272	74
14925358	54
15084035	88
15103688	54
15254480	77
15275453	54
15401361	73
15411760	54
15540357	63
15541445	54
15680568	85
15687363	54
15824178	91
15825558	54
15964588	70
15966053	54
16107083	105
16263265	58
16264705	54
16452374	150
16466436	1474
16466593	1474
16499617	1474
16500034	1474
16500399	1474
16527177	1474
16527909	1474
16528156	1474
16528406	1474
16528532	1474
16528708	334
16594644	1474
16594798	1474
16595222	1474
16595499	1474
16595936	1474
16596458	1474
16596764	222
16597148	1474
16597478	1474
16597722	1474
16598062	1474
16619233	1474
16619471	1474
16619730	222
16722091	1474
16722228	1474
16722353	1474
16722661	1474
16722786	1474
16722926	1474
16723071	1474
16723224	1474
16723444	1474
16723572	1474
16723890	1474
16724085	1474
16724238	1474
16724569	418
16724722	1474
16725052	1474
16725338	110
16725475	1474
16725900	82
16726048	1474
16726398	1474
16726534	110
16880070	1474
16880607	1474
16880834	1474
16881422	1474
16881664	1474
16882293	1474
16882516	1474
16882737	1474
16882875	1474
16883037	1474
16883354	1474
16883671	1474
16883895	1474
16884040	1474
16884165	1474
16884292	1474
16884613	502
16885335	1474
16885604	1474
16886325	110
16886490	1474
16886738	1474
16887063	1474
16887324	1474
16887445	1474
16887708	1474
16887830	1474
16888227	1474
16888447	278
17025148	1474
17025445	1474
17025886	1474
17026573	138
17027057	1474
17027889	1474
17028066	1474
17028373	1474
17028678	1474
17028795	1474
17028905	1474
17029052	1474
17029222	1474
17029581	1474
17029938	1474
17030062	1474
17030435	390
17030636	1474
17030755	1474
17030885	110
17031008	1474
17031117	82
17031395	1474
17031608	1474
17031808	1474
17031927	138
17032057	1474
17032190	82
17032476	1474
17032763	82
17047679	1474
17047841	1474
17048113	1474
17048323	1474
17048555	1474
17049568	1474
17049773	1474
17049918	1474
17050052	1474
17050182	306
17165608	1474
17165853	1474
17166080	1474
17166389	1474
17166524	166
17168722	1474
17168839	1474
17168957	1474
17169088	1474
17169337	1474
17169558	1474
17169700	1474
17169920	1474
17170065	1474
17170285	1474
17170412	1474
17170533	1474
17170822	1474
17171045	1474
17171321	1474
17171709	1474
17171929	1474
17172072	1474
17172290	1474
17172418	1474
17172632	614
17176274	1474
17176493	1474
17176622	1474
17176959	1474
17177228	1474
17177363	1474
17177484	1474
17177604	1474
17177723	1474
17177842	1474
17177959	334
17178090	1474
17178211	1474
17178332	1474
17178452	138
17178569	1474
17178689	1474
17178811	1474
17178930	1474
17179068	1474
17179190	1474
17179313	1474
17179438	250
17305420	1474
17305587	1474
17305786	1474
17305906	1474
17306503	1474
17306734	1474
17306861	1474
17307055	1474
17307178	278
17307298	1474
17307417	1474
17307537	1474
17307657	1474
17307776	1474
17307901	1474
17308026	1474
17308147	1474
17308266	1474
17308391	1474
17308509	1474
17308630	1474
17308750	1474
17308872	1474
17309003	1474
17309203	1474
17309329	1474
17309448	1474
17309570	1474
17309690	1474
17309811	614
17347346	1474
17347619	1474
17347742	1474
17347864	1474
17347986	1474
17348130	1474
17348249	1474
17348370	1474
17348487	1474
17348608	1474
17348728	1474
17348847	1474
17348967	1474
17349175	1474
17349344	1474
17349465	1474
17349585	1474
17349705	1474
17349825	1474
17349945	1474
17350081	1474
17350202	1474
18065615	1474
18065923	1474
18066083	1474
18066209	1474
18066331	1474
18066451	1474
18066575	1474
18066700	1474
18066820	1474
18066940	1474
18067068	1474
18067192	1474
18067311	1474
18067432	1474
18067552	1474
18067672	1474
18067795	1474
18067912	1474
18867042	1474
18867395	1474
18867521	1474
18867640	1474
18867762	1474
18867882	1474
18868001	1474
18868136	1474
18868257	1474
18868375	1474
18868494	1474
18868613	1474
18868735	1474
18868854	1474
18868974	1474
18869139	1474
18869314	1474
18869435	1474
19632229	54
19675387	1474
19675516	1474
19675636	1474
19675756	1474
19675875	1474
19675997	1474
19676125	1474
19676248	1474
19676368	1474
19676489	1474
19676609	1474
19676729	1474
19676849	1474
19676970	1474
19677090	1474
19677264	1474
19677386	1474
20209491	1474
20209635	1474
20209769	1474
20209917	1474
20210061	1474
20210196	1474
20210343	1474
20210476	1474
20210611	1474
20210747	1474
20210884	1474
20211019	1474
20211201	1474
20211456	1474
20211590	1474
20211722	1474
20211856	1474
20998535	1474
20998850	1474
20999036	1474
20999179	1474
20999470	1474
20999613	1474
20999738	1474
20999876	1474
21000005	1474
21000286	1474
21000422	1474
21000903	1474
21001032	1474
21001189	1474
21001332	1474
21532156	1474
21532308	1474
21532441	1474
21532578	1474
21532722	1474
21532850	1474
21532981	1474
21533189	1474
21533335	1474
21533464	1474
21533703	1474
21533839	1474
21533969	1474
21534095	1474
21534222	1474
21534443	1474
22335059	1474
22335293	1474
22335479	1474
22335646	1474
22335813	1474
22335975	1474
22336139	1474
22336316	1474
22336479	1474
22336644	1474
22336829	1474
22337000	1474
22337214	1474
22337400	1474
22337565	1474
22337732	1474
22337900	1474
22338068	1474
23131673	1474
23131908	1474
23132091	1474
23132255	1474
23132435	1474
23132633	1474
23132801	1474
23132963	1474
23133204	1474
23133387	1474
23133556	1474
23133722	1474
23133888	1474
23134051	1474
23134219	1474
23134487	1474
23134710	1474
23932044	1474
23932267	1474
23933228	1474
23933357	1474
23933479	1474
23933603	1474
23933727	1474
23933851	1474
23933969	1474
23934083	1474
23934190	1474
23934296	1474
23934533	1474
23934736	1474
23934990	1474
23935113	1474
23935232	1474
23935358	1474
24731937	1474
24732167	1474
24732397	1474
24732577	1474
24732742	1474
24732912	1474
24733077	1474
24733290	1474
24733479	1474
24733646	1474
24733813	1474
24733978	1474
24734143	1474
24734313	1474
24734492	1474
24734659	1474
24734822	1474
25531751	1474
25532003	1474
25532235	1474
25532407	1474
25532583	1474
25532748	1474
25532914	1474
25533083	1474
25533296	1474
25533478	1474
25533645	1474
25533809	1474
25533975	1474
25534141	1474
25534304	1474
25534478	1474
25534643	1474
25534806	1474
26331744	1474
26332217	1474
26332385	1474
26332566	1474
26332729	1474
26332898	1474
26333064	1474
26333280	1474
26333469	1474
26333637	1474
26333804	1474
26333966	1474
26334133	1474
26334304	1474
26334478	1474
26334642	1474
26334809	1474
26334972	1474
27132573	1474
27132791	1474
27132960	1474
27133129	1474
27133342	1474
27133521	1474
27133685	1474
27133848	1474
27134032	1474
27134198	1474
27134361	1474
27134531	1474
27134695	1474
27134858	1474
27135022	1474
27135185	1474
27135348	1474
27135517	1474
27932266	1474
27932494	1474
27932761	1474
27932929	1474
27933092	1474
27933307	1474
27933478	1474
27933641	1474
27933816	1474
27933980	1474
27934143	1474
27934304	1474
27934467	1474
27934630	1474
27934803	1474
27934966	1474
27935128	1474
27935310	1474
28732274	1474
28732524	1474
28732695	1474
28732879	1474
28733043	1474
28733250	1474
28733418	1474
28733582	1474
28733744	1474
28733920	1474
28734084	1474
28734246	1474
28734409	1474
28734570	1474
28734729	1474
28734906	1474
28735071	1474
28735232	1474
29531979	1474
29532299	1474
29532469	1474
29532632	1474
29532795	1474
29532968	1474
29533128	1474
29533337	1474
29533505	1474
29533668	1474
29533836	1474
29533998	1474
29534179	1474
29534346	1474
29534509	1474
29534672	1474
29534843	1474
30599100	1474
30599333	1474
30599525	1474
30599809	1474
30599993	1474
30600261	1474
30600480	1474
30600979	1474
30601151	1474
30601376	1474
30601548	1474
30601713	1474
30601882	1474
30602046	1474
30602208	1474
30602370	1474
30602533	1474
30602696	1474
31401729	1474
31401951	1474
31402452	1474
31402692	1474
31403027	1474
31403228	1474
31403497	1474
31403664	1474
31403829	1474
31404005	1474
31404169	1474
31404334	1474
31404499	1474
31404663	1474
31404829	1474
31405005	1474
31405170	1474
31931971	1474
31932373	1474
31932519	1474
31932645	1474
31932769	1474
31932910	1474
31933034	1474
31933219	1474
31933348	1474
31933479	1474
31933604	1474
31933732	1474
31933872	1474
31933994	1474
31934118	1474
31934244	1474
32732006	1474
32732275	1474
32732507	1474
32732633	1474
32732758	1474
32732895	1474
32733020	1474
32733176	1474
32733322	1474
32733454	1474
32733596	1474
32733717	1474
32733861	1474
32733986	1474
32734108	1474
32734245	1474
32734368	1474
33531705	1474
33532037	1474
33532177	1474
33532330	1474
33532453	1474
33532582	1474
33532704	1474
33532827	1474
33532966	1474
33533128	1474
33533270	1474
33533395	1474
33533518	1474
33533641	1474
33533762	1474
33533889	1474
33534033	1474
33534153	1474
34331955	1474
34332124	1474
34332474	1474
34332604	1474
34332726	1474
34332848	1474
34332983	1474
34333195	1474
34333336	1474
34333466	1474
34333600	1474
34333743	1474
34333865	1474
34334018	1474
34334140	1474
34334273	1474
34334396	1474
34334525	1474
35398367	1474
35398512	1474
35398746	1474
35398866	1474
35398984	1474
35399104	1474
35399240	1474
35399361	1474
35399480	1474
35399599	1474
35399720	1474
35399839	1474
35399958	1474
35400077	1474
35400210	1474
35400333	1474
35400451	1474
35400573	1474
36198658	1474
36198952	1474
36199133	1474
36199261	1474
36199429	1474
36199555	1474
36199677	1474
36199794	1474
36199915	1474
36200041	1474
36200292	1474
36200422	1474
36200674	1474
36200852	1474
36200977	1474
36201169	1474
36201297	1474
36731800	1474
36731970	1474
36732194	1474
36732314	1474
36732437	1474
36732556	1474
36732673	1474
36732793	1474
36732913	1474
36733036	1474
36733217	1474
36733342	1474
36733489	1474
36733611	1474
36733732	1474
36733854	1474
36733977	1474
37798747	1474
37799293	1474
37799461	1474
37799623	1474
37799785	1474
37799980	1474
37800226	1474
37800587	1474
37800882	1474
37801069	1474
37801300	1474
37801473	1474
37801637	1474
37801798	1474
37801960	1474
37802129	1474
37802294	1474
37802546	1474
38598509	1474
38598791	1474
38598962	1474
38599217	1474
38599385	1474
38599547	1474
38599709	1474
38599871	1474
38600036	1474
38600210	1474
38600378	1474
38600570	1474
38600790	1474
38601079	1474
38601645	1474
38601846	1474
38602028	1474
38602203	1474
39398692	1474
39399172	1474
39399399	1474
39399570	1474
39399735	1474
39399938	1474
39400157	1474
39400351	1474
39400565	1474
39400734	1474
39400897	1474
39401112	1474
39401344	1474
39401518	1474
39401685	1474
39401851	1474
39402020	1474
40198868	1474
40199113	1474
40199318	1474
40199488	1474
40199652	1474
40199818	1474
40200063	1474
40200305	1474
40200527	1474
40200935	1474
40201197	1474
40201389	1474
40201555	1474
40201717	1474
40201878	1474
40202039	1474
40202200	1474
41000254	1474
41000495	1474
41000658	1474
41000823	1474
41000993	1474
41001232	1474
41001476	1474
41001681	1474
41002097	1474
41002303	1474
41002496	1474
41002717	1474
41002954	1474
41003201	1474
41003409	1474
41003599	1474
41003827	1474
41798686	1474
41798919	1474
41799147	1474
41799315	1474
41799521	1474
41799685	1474
41799848	1474
41800063	1474
41800285	1474
41800554	1474
41800887	1474
41801081	1474
41801343	1474
41801514	1474
41801677	1474
41801838	1474
41802022	1474
42332567	1474
42332862	1474
42333037	1474
42333249	1474
42333426	1474
42333589	1474
42333752	1474
42333914	1474
42334075	1474
42334234	1474
42334406	1474
42334568	1474
42334730	1474
42334891	1474
42335050	1474
42335210	1474
42335371	1474
43131978	1474
43132249	1474
43132597	1474
43132764	1474
43132926	1474
43133086	1474
43133297	1474
43133475	1474
43133638	1474
43133818	1474
43133982	1474
43134146	1474
43134308	1474
43134476	1474
43134640	1474
43134802	1474
43134965	1474
44198322	1474
44198721	1474
44198974	1474
44199167	1474
44199353	1474
44199552	1474
44199825	1474
44199990	1474
44200161	1474
44200409	1474
44200647	1474
44201098	1474
44201470	1474
44201658	1474
44201826	1474
44201990	1474
44202157	1474
44202426	1474
44731591	1474
44731833	1474
44732036	1474
44732305	1474
44732478	1474
44732651	1474
44732819	1474
44732982	1474
44733150	1474
44733369	1474
44733548	1474
44733718	1474
44733881	1474
44734046	1474
44734213	1474
44734376	1474
45532018	1474
45532262	1474
45532458	1474
45532750	1474
45532916	1474
45533080	1474
45533296	1474
45533464	1474
45533633	1474
45533796	1474
45533958	1474
45534119	1474
45534280	1474
45534442	1474
45534611	1474
45534773	1474
45534933	1474
45535097	1474
46335318	1474
46335731	1474
46335898	1474
46336034	1474
46336158	1474
46336299	1474
46336439	1474
46336565	1474
46336717	1474
46336843	1474
46336971	1474
46337162	1474
46337294	1474
46337421	1474
46337547	1474
46337684	1474
46337809	1474
47133147	1474
47133466	1474
47133610	1474
47133749	1474
47133872	1474
47134005	1474
47134127	1474
47134265	1474
47134402	1474
47134527	1474
47134644	1474
47134780	1474
47134907	1474
47135030	1474
47135167	1474
47135292	1474
47935018	1474
47935292	1474
47935414	1474
47935538	1474
47935661	1474
47935792	1474
47935910	1474
47936030	1474
47936149	1474
47936271	1474
47936389	1474
47936508	1474
47936628	1474
47936752	1474
47936874	1474
47936994	1474
47937145	1474
47937316	1474
48731725	1474
48732300	1474
48732427	1474
48732547	1474
48732672	1474
48732801	1474
48732926	1474
48733068	1474
48733237	1474
48733361	1474
48733497	1474
48733618	1474
48733730	1474
48733851	1474
48733968	1474
48734090	1474
48734212	1474
48734332	1474
49532591	1474
49532882	1474
49533013	1474
49533227	1474
49533359	1474
49533520	1474
49533646	1474
49533783	1474
49533923	1474
49534050	1474
49534173	1474
49534315	1474
49534439	1474
49534582	1474
49534704	1474
49534833	1474
49534980	1474
49535131	1474
50601083	1474
50601347	1474
50601613	1474
50601747	1474
50602014	1474
50602150	1474
50602265	1474
50602389	1474
50602529	1474
50602653	1474
50602783	1474
50602911	1474
50603048	1474
50603169	1474
50603300	1474
50603424	1474
50603546	1474
50603669	1474
51398463	1474
51398646	1474
51398880	1474
51399023	1474
51399159	1474
51399299	1474
51399420	1474
51399570	1474
51399697	1474
51399860	1474
51400023	1474
51400150	1474
51400277	1474
51400414	1474
51400539	1474
51400683	1474
51400806	1474
51400957	1474
52199115	1474
52199339	1474
52199469	1474
52199613	1474
52199735	1474
52199873	1474
52200017	1474
52200141	1474
52200270	1474
52200391	1474
52200526	1474
52200651	1474
52200776	1474
52200901	1474
52201097	1474
52201281	1474
52201422	1474
52201563	1474
52998599	1474
52998773	1474
52998897	1474
52999015	1474
52999189	1474
52999309	1474
52999431	1474
52999550	1474
52999668	1474
52999789	1474
52999909	1474
53000038	1474
53000156	1474
53000274	1474
53000395	1474
53000516	1474
53000637	1474
53799273	1474
53799446	1474
53799642	1474
53799765	1474
53799891	1474
53800019	1474
53800156	1474
53800275	1474
53800396	1474
53800513	1474
53800631	1474
53800750	1474
53800871	1474
53800988	1474
53801152	1474
53801276	1474
53801396	1474
53801511	1474
54598529	1474
54598761	1474
54598943	1474
54599067	1474
54599199	1474
54599317	1474
54599438	1474
54599556	1474
54599674	1474
54599791	1474
54599912	1474
54600031	1474
54600160	1474
54600275	1474
54600393	1474
54600514	1474
54600633	1474
54600753	1474
55398422	1474
55398588	1474
55398798	1474
55398916	1474
55399038	1474
55399155	1474
55399286	1474
55399405	1474
55399521	1474
55399643	1474
55399759	1474
55399878	1474
55399996	1474
55400113	1474
55400247	1474
55400366	1474
55400486	1474
55400604	1474
56198767	1474
56199021	1474
56199150	1474
56199286	1474
56199408	1474
56199541	1474
56199666	1474
56199804	1474
56199927	1474
56200069	1474
56200194	1474
56200333	1474
56200458	1474
56200627	1474
56200754	1474
56200900	1474
56201025	1474
56201309	1474
57003751	1474
57003913	1474
57004040	1474
57004163	1474
57004303	1474
57004430	1474
57004557	1474
57004696	1474
57004826	1474
57004955	1474
57005097	1474
57005280	1474
57005424	1474
57005571	1474
57005696	1474
57005842	1474
57799137	1474
57799303	1474
57799457	1474
57799582	1474
57799714	1474
57799837	1474
57799969	1474
57800093	1474
57800230	1474
57800360	1474
57800494	1474
57800612	1474
57800723	1474
57800835	1474
57800944	1474
57801057	1474
58600665	1474
58600831	1474
58600955	1474
58601174	1474
58601307	1474
58601452	1474
58601591	1474
58601714	1474
58601830	1474
58601953	1474
58602074	1474
58602198	1474
58602341	1474
58602479	1474
58602603	1474
58602726	1474
59399233	1474
59399393	1474
59399662	1474
59399787	1474
59399909	1474
59400047	1474
59400168	1474
59400302	1474
59400432	1474
59400555	1474
59400681	1474
59400850	1474
59400978	1474
59401104	1474
59401341	1474
59401481	1474
59401611	1474
59401733	1474
60198758	1474
60198929	1474
60199133	1474
60199258	1474
60199374	1474
60199503	1474
60199635	1474
60199760	1474
60199885	1474
60200008	1474
60200138	1474
60200261	1474
60200388	1474
60200536	1474
60200671	1474
60200794	1474
60200915	1474
60201085	1474
60999534	1474
60999945	1474
61000071	1474
61000216	1474
61000360	1474
61000482	1474
61000636	1474
61000760	1474
61000885	1474
61001008	1474
61001173	1474
61001311	1474
61001432	1474
61001561	1474
61001692	1474
61001828	1474
61001959	1474
61002087	1474
61799065	1474
61799224	1474
61799421	1474
61799546	1474
61799678	1474
61799803	1474
61799935	1474
61800060	1474
61800183	1474
61800305	1474
61800429	1474
61800554	1474
61800693	1474
61800822	1474
61800944	1474
61801091	1474
61801268	1474
61801406	1474
62598817	1474
62599139	1474
62599278	1474
62599403	1474
62599526	1474
62599668	1474
62599810	1474
62599932	1474
62600059	1474
62600183	1474
62600305	1474
62600428	1474
62600552	1474
62600695	1474
62600836	1474
62600964	1474
62601111	1474
62601292	1474
63399468	1474
63399785	1474
63399928	1474
63400054	1474
63400193	1474
63400319	1474
63400460	1474
63400584	1474
63400724	1474
63400850	1474
63400975	1474
63401104	1474
63401298	1474
63401422	1474
63401547	1474
63401687	1474
63401811	1474
63401934	1474
64200286	1474
64200626	1474
64200774	1474
64200915	1474
64201040	1474
64201239	1474
64201364	1474
64201503	1474
64201626	1474
64201773	1474
64201895	1474
64202028	1474
64202167	1474
64202292	1474
64202422	1474
64202558	1474
64202692	1474
64202826	1474
65265935	1474
65266234	1474
65266363	1474
65266486	1474
65266625	1474
65266755	1474
65266891	1474
65267014	1474
65267150	1474
65267276	1474
65267402	1474
65267524	1474
65267643	1474
65267776	1474
65267912	1474
65268034	1474
65268178	1474
65268301	1474
66067465	1474
66067761	1474
66067915	1474
66068062	1474
66068186	1474
66068323	1474
66068459	1474
66068585	1474
66068730	1474
66068871	1474
66069006	1474
66069203	1474
66069339	1474
66069462	1474
66069599	1474
66069735	1474
66069920	1474
66598718	1474
66598958	1474
66599342	1474
66599499	1474
66599784	1474
66599938	1474
66600081	1474
66600206	1474
66600344	1474
66600481	1474
66600605	1474
66600745	1474
66600883	1474
66601009	1474
66601170	1474
66601313	1474
66601449	1474
67398457	1474
67398681	1474
67398918	1474
67399053	1474
67399177	1474
67399310	1474
67399434	1474
67399558	1474
67399681	1474
67399802	1474
67399940	1474
67400064	1474
67400186	1474
67400310	1474
67400433	1474
67400558	1474
67400703	1474
68198610	1474
68198932	1474
68199069	1474
68199192	1474
68199321	1474
68199581	1474
68199710	1474
68199847	1474
68199985	1474
68200109	1474
68200229	1474
68200350	1474
68200473	1474
68200596	1474
68200718	1474
68200842	1474
68200981	1474
68999751	1474
69000541	1474
69000675	1474
69000812	1474
69000933	1474
69001072	1474
69001305	1474
69001431	1474
69001583	1474
69001705	1474
69001828	1474
69001949	1474
69002103	1474
69002223	1474
69002361	1474
69002480	1474
69002640	1474
69799903	1474
69800213	1474
69800353	1474
69800489	1474
69800612	1474
69800737	1474
69800859	1474
69800979	1474
69801158	1474
69801288	1474
69801412	1474
69801533	1474
69801655	1474
69801778	1474
69801901	1474
69802012	1474
69802133	1474
69802244	1474
70866267	1474
70866667	1474
70866802	1474
70866945	1474
70867071	1474
70867211	1474
70867335	1474
70867472	1474
70867595	1474
70867765	1474
70867887	1474
70868009	1474
70868146	1474
70868281	1474
70868405	1474
70868531	1474
70868663	1474
70868810	1474
71398814	1474
71399214	1474
71399419	1474
71399585	1474
71399749	1474
71399914	1474
71400079	1474
71400257	1474
71400422	1474
71400585	1474
71400749	1474
71400912	1474
71401076	1474
71401299	1474
71401473	1474
71401656	1474
71401822	1474
72198928	1474
72199315	1474
72199436	1474
72199560	1474
72199700	1474
72199824	1474
72199963	1474
72200090	1474
72200223	1474
72200351	1474
72200490	1474
72200615	1474
72200739	1474
72200867	1474
72201014	1474
72201176	1474
72201324	1474
73266348	1474
73266594	1474
73266764	1474
73266930	1474
73267098	1474
73267273	1474
73267442	1474
73267605	1474
73267771	1474
73267934	1474
73268102	1474
73268271	1474
73268440	1474
73268604	1474
73268769	1474
73268933	1474
73269099	1474
73269321	1474
74069813	1474
74070031	1474
74070371	1474
74070498	1474
74070620	1474
74070742	1474
74070864	1474
74070995	1474
74071132	1474
74071369	1474
74071501	1474
74071620	1474
74071739	1474
74071860	1474
74071977	1474
74072096	1474
74072215	1474
74599293	1474
74599574	1474
74599700	1474
74599821	1474
74599939	1474
74600061	1474
74600185	1474
74600307	1474
74600443	1474
74600564	1474
74600685	1474
74600804	1474
74600924	1474
74601065	1474
74601238	1474
74601365	1474
74601488	1474
75666560	1474
75666844	1474
75666970	1474
75667088	1474
75667211	1474
75667329	1474
75667461	1474
75667583	1474
75667703	1474
75667821	1474
75667941	1474
75668061	1474
75668180	1474
75668298	1474
75668425	1474
75668546	1474
75668664	1474
75668782	1474
76465345	1474
76465718	1474
76465844	1474
76465967	1474
76466093	1474
76466213	1474
76466339	1474
76466459	1474
76466592	1474
76466714	1474
76466834	1474
76466957	1474
76467080	1474
76467204	1474
76467325	1474
76467448	1474
76467579	1474
76467701	1474
77265552	1474
77265771	1474
77266048	1474
77266176	1474
77266303	1474
77266424	1474
77266554	1474
77266676	1474
77266798	1474
77266920	1474
77267041	1474
77267162	1474
77267282	1474
77267403	1474
77267524	1474
77267657	1474
77267779	1474
78067364	1474
78067593	1474
78067885	1474
78068004	1474
78068124	1474
78068245	1474
78068365	1474
78068485	1474
78068601	1474
78068725	1474
78068833	1474
78068941	1474
78069049	1474
78069189	1474
78069307	1474
78069436	1474
78069550	1474
78069665	1474
78866985	1474
78867233	1474
78867354	1474
78867475	1474
78867595	1474
78867720	1474
78867843	1474
78867962	1474
78868082	1474
78868201	1474
78868323	1474
78868442	1474
78868563	1474
78868684	1474
78868817	1474
78868939	1474
78869061	1474
78869231	1474
79665700	1474
79666071	1474
79666197	1474
79666318	1474
79666437	1474
79666557	1474
79666676	1474
79666812	1474
79666934	1474
79667056	1474
79667176	1474
79667295	1474
79667413	1474
79667531	1474
79667651	1474
79667781	1474
79667902	1474
80465618	1474
80465812	1474
80465936	1474
80466162	1474
80466289	1474
80466410	1474
80466535	1474
80466655	1474
80466784	1474
80466904	1474
80467026	1474
80467148	1474
80467271	1474
80467402	1474
80467523	1474
80467641	1474
80467771	1474
81266369	1474
81266606	1474
81266735	1474
81266869	1474
81266989	1474
81267110	1474
81267234	1474
81267355	1474
81267478	1474
81267599	1474
81267720	1474
81267845	1474
81267968	1474
81268094	1474
81268215	1474
81268335	1474
81268458	1474
81268579	1474
82066215	1474
82066430	1474
82066557	1474
82066746	1474
82066979	1474
82067107	1474
82067226	1474
82067345	1474
82067465	1474
82067589	1474
82067712	1474
82067844	1474
82067967	1474
82068089	1474
82068210	1474
82068331	1474
82068451	1474
82866167	1474
82866483	1474
82866702	1474
82866829	1474
82866964	1474
82867085	1474
82867205	1474
82867326	1474
82867446	1474
82867567	1474
82867689	1474
82867808	1474
82867944	1474
82868067	1474
82868188	1474
82868309	1474
82868429	1474
82868551	1474
83665800	1474
83666093	1474
83666215	1474
83666334	1474
83666454	1474
83666572	1474
83666693	1474
83666813	1474
83666943	1474
83667066	1474
83667186	1474
83667307	1474
83667428	1474
83667550	1474
83667670	1474
83667790	1474
83667910	1474
84465682	1474
84465847	1474
84465970	1474
84466217	1474
84466335	1474
84466455	1474
84466577	1474
84466697	1474
84466818	1474
84466939	1474
84467075	1474
84467197	1474
84467319	1474
84467442	1474
84467566	1474
84467687	1474
84467809	1474
84467932	1474
85267642	1474
85267879	1474
85268007	1474
85268143	1474
85268264	1474
85268386	1474
85268509	1474
85268631	1474
85268753	1474
85268875	1474
85268997	1474
85269190	1474
85269318	1474
85269440	1474
85269561	1474
85269681	1474
85269802	1474
85269923	1474
86065613	1474
86065797	1474
86065924	1474
86066049	1474
86066189	1474
86066314	1474
86066432	1474
86066558	1474
86066684	1474
86066808	1474
86066948	1474
86067265	1474
86067394	1474
86067529	1474
86067673	1474
86067795	1474
86867121	1474
86867348	1474
86867581	1474
86867723	1474
86867845	1474
86867983	1474
86868105	1474
86868265	1474
86868386	1474
86868518	1474
86868648	1474
86868791	1474
86868915	1474
86869040	1474
86869242	1474
86869371	1474
86869500	1474
87666087	1474
87666287	1474
87666428	1474
87666561	1474
87666696	1474
87666816	1474
87666934	1474
87667070	1474
87667193	1474
87667329	1474
87667450	1474
87667580	1474
87667723	1474
87667845	1474
87667968	1474
87668090	1474
87668211	1474
88465782	1474
88465975	1474
88466097	1474
88466226	1474
88466364	1474
88466489	1474
88466612	1474
88466735	1474
88466859	1474
88466980	1474
88467105	1474
88467246	1474
88467401	1474
88467524	1474
88467663	1474
88467787	1474
88467924	1474
88468049	1474
89265717	1474
89265998	1474
89266227	1474
89266362	1474
89266494	1474
89266615	1474
89266752	1474
89266873	1474
89267002	1474
89267122	1474
89267258	1474
89267393	1474
89267524	1474
89267646	1474
89267774	1474
89267896	1474
89268023	1474
90065614	1474
90065915	1474
90066043	1474
90066172	1474
90066308	1474
90066456	1474
90066581	1474
90066707	1474
90066830	1474
90066966	1474
90067087	1474
90067209	1474
90067331	1474
90067473	1474
90067596	1474
90067719	1474
90067843	1474
90865631	1474
90865773	1474
90865897	1474
90866180	1474
90866301	1474
90866423	1474
90866639	1474
90866775	1474
90866911	1474
90867032	1474
90867166	1474
90867301	1474
90867422	1474
90867564	1474
90867687	1474
90867820	1474
90867959	1474
91666054	1474
91666241	1474
91666365	1474
91666522	1474
91666661	1474
91666794	1474
91666916	1474
91667063	1474
91667187	1474
91667326	1474
91667448	1474
91667586	1474
91667709	1474
91667846	1474
91667971	1474
91668100	1474
91668227	1474
91668351	1474
92465456	1474
92465665	1474
92465790	1474
92465912	1474
92466034	1474
92466155	1474
92466279	1474
92466402	1474
92466533	1474
92466657	1474
92466778	1474
92466900	1474
92467024	1474
92467152	1474
92467274	1474
92467400	1474
92467530	1474
92467653	1474
93265704	1474
93265950	1474
93266164	1474
93266284	1474
93266412	1474
93266535	1474
93266673	1474
93266790	1474
93266910	1474
93267029	1474
93267150	1474
93267272	1474
93267394	1474
93267514	1474
93267650	1474
93267772	1474
94067463	1474
94067587	1474
94067738	1474
94067859	1474
94067980	1474
94068102	1474
94068222	1474
94068345	1474
94068466	1474
94068585	1474
94068793	1474
94068920	1474
94069186	1474
94069310	1474
94069431	1474
94069556	1474
94069738	1474
94069860	1474
94867218	1474
94867344	1474
94867465	1474
94867586	1474
94867714	1474
94867836	1474
94867956	1474
94868080	1474
94868201	1474
94868321	1474
94868440	1474
94868559	1474
94868678	1474
94868808	1474
94868930	1474
94869052	1474
94869200	1474
94869325	1474
95666400	1474
95666631	1474
95666762	1474
95666885	1474
95667006	1474
95667126	1474
95667248	1474
95667369	1474
95667489	1474
95667613	1474
95667744	1474
95667868	1474
95667990	1474
95668113	1474
95668234	1474
95668356	1474
95668477	1474
95668600	1474
96466147	1474
96466295	1474
96466537	1474
96466664	1474
96466800	1474
96466925	1474
96467051	1474
96467176	1474
96467302	1474
96467425	1474
96467549	1474
96467673	1474
96467810	1474
96467931	1474
96468055	1474
96468176	1474
96468298	1474
96468418	1474
97266331	1474
97266519	1474
97266659	1474
97266783	1474
97267015	1474
97267143	1474
97267291	1474
97267417	1474
97267559	1474
97267712	1474
97267848	1474
97267974	1474
97268114	1474
97268241	1474
97268373	1474
97268515	1474
97268642	1474
97268771	1474
98066294	1474
98066478	1474
98066599	1474
98066720	1474
98066842	1474
98066992	1474
98067121	1474
98067242	1474
98067364	1474
98067486	1474
98067607	1474
98067728	1474
98067850	1474
98067988	1474
98068109	1474
98068236	1474
98068355	1474
98867756	1474
98867887	1474
98868036	1474
98868162	1474
98868309	1474
98868435	1474
98868565	1474
98868690	1474
98868833	1474
98868959	1474
98869097	1474
98869266	1474
98869400	1474
98869524	1474
98869648	1474
98869820	1474
98869948	1474
98870086	1474
99932254	1474
99932522	1474
99932655	1474
99932776	1474
99932895	1474
99933033	1474
99933234	1474
99933364	1474
99933488	1474
99933613	1474
99933738	1474
99933864	1474
99934003	1474
99934143	1474
99934273	1474
99934399	1474
99934525	1474
99934651	1474
100732388	1474
100732617	1474
100732747	1474
100732863	1474
100732978	1474
100733112	1474
100733271	1474
100733385	1474
100733497	1474
100733617	1474
100733743	1474
100733872	1474
100733988	1474
100734134	1474
100734257	1474
100734395	1474
100734509	1474
101534145	1474
101534263	1474
101534372	1474
101534478	1474
101534587	1474
101534699	1474
101534810	1474
101534925	1474
101535035	1474
101535154	1474
101535266	1474
101535373	1474
101535481	1474
101535597	1474
101535712	1474
101535825	1474
101535933	1474
101536041	1474
102332674	1474
102333008	1474
102333177	1474
102333368	1474
102333492	1474
102333616	1474
102333742	1474
102333884	1474
102334007	1474
102334145	1474
102334279	1474
102334419	1474
102334565	1474
102334689	1474
102334819	1474
102334946	1474
102335093	1474
102335219	1474
103133434	1474
103133699	1474
103133825	1474
103133949	1474
103134072	1474
103134196	1474
103134334	1474
103134456	1474
103134579	1474
103134701	1474
103134837	1474
103134963	1474
103135085	1474
103135214	1474
103135350	1474
103135484	1474
103135626	1474
103135748	1474
103936428	1474
103936769	1474
103936914	1474
103937034	1474
103937241	1474
103937387	1474
103937662	1474
103937794	1474
103937918	1474
103938037	1474
103938159	1474
103938293	1474
103938418	1474
103938603	1474
103938731	1474
103938870	1474
103938997	1474
103939120	1474
104732840	1474
104733211	1474
104733415	1474
104733545	1474
104733668	1474
104733794	1474
104733946	1474
104734069	1474
104734199	1474
104734322	1474
104734529	1474
104734655	1474
104734785	1474
104734905	1474
104735045	1474
104735180	1474
105533114	1474
105533408	1474
105533549	1474
105533672	1474
105533793	1474
105533914	1474
105534034	1474
105534156	1474
105534276	1474
105534397	1474
105534533	1474
105534655	1474
105534778	1474
105534899	1474
105535011	1474
105535120	1474
105535230	1474
105535344	1474
106332685	1474
106332973	1474
106333094	1474
106333264	1474
106333385	1474
106333502	1474
106333633	1474
106333751	1474
106333868	1474
106333986	1474
106334103	1474
106334221	1474
106334337	1474
106334456	1474
106334591	1474
106334709	1474
106334827	1474
107132775	1474
107133074	1474
107133245	1474
107133368	1474
107133489	1474
107133608	1474
107133742	1474
107133862	1474
107133980	1474
107134098	1474
107134217	1474
107134349	1474
107134467	1474
107134583	1474
107134711	1474
107134831	1474
107134949	1474
107135067	1474
107932819	1474
107933131	1474
107933294	1474
107933418	1474
107933536	1474
107933667	1474
107933785	1474
107933903	1474
107934020	1474
107934136	1474
107934253	1474
107934371	1474
107934489	1474
107934611	1474
107934728	1474
107934848	1474
107934954	1474
107935058	1474
108732931	1474
108733258	1474
108733381	1474
108733504	1474
108733626	1474
108733761	1474
108733882	1474
108734004	1474
108734124	1474
108734244	1474
108734367	1474
108734490	1474
108734613	1474
108734748	1474
108734869	1474
108734989	1474
108735108	1474
108735228	1474
109532960	1474
109533271	1474
109533392	1474
109533512	1474
109533630	1474
109533762	1474
109533882	1474
109534001	1474
109534118	1474
109534236	1474
109534357	1474
109534475	1474
109534596	1474
109534720	1474
109534842	1474
109534964	1474
109535085	1474
109535206	1474
110332672	1474
110333043	1474
110333211	1474
110333335	1474
110333453	1474
110333572	1474
110333689	1474
110333821	1474
110333942	1474
110334061	1474
110334179	1474
110334296	1474
110334416	1474
110334536	1474
110334656	1474
110334808	1474
110334928	1474
111133058	1474
111133418	1474
111133585	1474
111133747	1474
111133926	1474
111134088	1474
111134250	1474
111134413	1474
111134575	1474
111134736	1474
111134915	1474
111135080	1474
111135241	1474
111135404	1474
111135567	1474
111135729	1474
111936104	1474
111936382	1474
111936504	1474
111936624	1474
111936741	1474
111936861	1474
111936992	1474
111937182	1474
111937307	1474
111937428	1474
111937545	1474
111937664	1474
111937782	1474
111937909	1474
111938031	1474
111938152	1474
111938372	1474
111938497	1474
112732780	1474
112733064	1474
112733233	1474
112733358	1474
112733476	1474
112733594	1474
112733712	1474
112733830	1474
112733948	1474
112734079	1474
112734198	1474
112734317	1474
112734437	1474
112734556	1474
112734673	1474
112734791	1474
112734910	1474
112735038	1474
113532245	1474
113532475	1474
113532595	1474
113532714	1474
113532832	1474
113532950	1474
113533152	1474
113533287	1474
113533406	1474
113533521	1474
113533637	1474
113533754	1474
113533870	1474
113533986	1474
113534117	1474
113534234	1474
113534350	1474
113534465	1474
114332502	1474
114332780	1474
114332899	1474
114333035	1474
114333212	1474
114333332	1474
114333448	1474
114333563	1474
114333678	1474
114333794	1474
114333910	1474
114334026	1474
114334156	1474
114334273	1474
114334390	1474
114334506	1474
115132581	1474
115132870	1474
115132988	1474
115133133	1474
115133336	1474
115133455	1474
115133571	1474
115133687	1474
115133795	1474
115133914	1474
115134031	1474
115134155	1474
115134274	1474
115134389	1474
115134507	1474
115134614	1474
115134721	1474
115932902	1474
115933272	1474
115933393	1474
115933513	1474
115933629	1474
115933744	1474
115933861	1474
115933980	1474
115934097	1474
115934216	1474
115934335	1474
115934452	1474
115934571	1474
115934688	1474
115934803	1474
115934920	1474
115935036	1474
115935152	1474
116733025	1474
116733325	1474
116733453	1474
116733573	1474
116733693	1474
116733810	1474
116733928	1474
116734047	1474
116734169	1474
116734296	1474
116734417	1474
116734539	1474
116734659	1474
116734776	1474
116734897	1474
116735015	1474
116735135	1474
116735286	1474
117532908	1474
117533245	1474
117533370	1474
117533482	1474
117533590	1474
117533699	1474
117533808	1474
117533917	1474
117534036	1474
117534144	1474
117534269	1474
117534393	1474
117534504	1474
117534616	1474
117534724	1474
117534847	1474
117534962	1474
118337082	1474
118337421	1474
118337559	1474
118337707	1474
118337830	1474
118337966	1474
118338097	1474
118338219	1474
118338367	1474
118338508	1474
118338633	1474
118338764	1474
118338885	1474
118339010	1474
118339131	1474
118339267	1474
118339403	1474
119132513	1474
119132860	1474
119133076	1474
119133292	1474
119133552	1474
119133720	1474
119133887	1474
119134050	1474
119134217	1474
119134390	1474
119134557	1474
119134718	1474
119134885	1474
119135049	1474
119135209	1474
119135379	1474
119135544	1474
119135707	1474
119935633	1474
119935994	1474
119936131	1474
119936273	1474
119936421	1474
119936571	1474
119936706	1474
119936827	1474
119936954	1474
119937094	1474
119937291	1474
119937422	1474
119937548	1474
119937662	1474
119937783	1474
119937907	1474
119938044	1474
119938167	1474
121001028	1474
121001230	1474
121001360	1474
121001481	1474
121001618	1474
121001739	1474
121001861	1474
121001996	1474
121002134	1474
121002257	1474
121002385	1474
121002619	1474
121002749	1474
121002871	1474
121003007	1474
121003132	1474
121003279	1474
121003515	1474
121802127	1474
121802258	1474
121802414	1474
121802550	1474
121802675	1474
121802801	1474
121802923	1474
121803067	1474
121803210	1474
121803428	1474
121803569	1474
121803727	1474
121803851	1474
121803983	1474
121804108	1474
121804252	1474
121804376	1474
121804499	1474
122602137	1474
122602263	1474
122602407	1474
122602530	1474
122602658	1474
122602785	1474
122602922	1474
122603054	1474
122603204	1474
122603426	1474
122603548	1474
122603687	1474
122603824	1474
122603949	1474
122604089	1474
122604212	1474
122604351	1474
122604475	1474
123401563	1474
123401699	1474
123401826	1474
123401945	1474
123402048	1474
123402172	1474
123402280	1474
123402417	1474
123402551	1474
123402673	1474
123402798	1474
123402920	1474
123403041	1474
123403170	1474
123403401	1474
123403537	1474
123403673	1474
123403819	1474
124202553	1474
124202683	1474
124202959	1474
124203091	1474
124203265	1474
124203415	1474
124203940	1474
124204084	1474
124204209	1474
124204336	1474
124204458	1474
124204594	1474
124204745	1474
124204873	1474
124204999	1474
124205124	1474
124205294	1474
124205420	1474
125001377	1474
125001510	1474
125001633	1474
125001771	1474
125001919	1474
125002039	1474
125002175	1474
125002298	1474
125002421	1474
125002545	1474
125002670	1474
125002801	1474
125002945	1474
125003093	1474
125003223	1474
125003360	1474
125802021	1474
125802194	1474
125802359	1474
125802524	1474
125802690	1474
125802861	1474
125803032	1474
125803241	1474
125803465	1474
125803726	1474
125803903	1474
125804070	1474
125804236	1474
125804401	1474
125804564	1474
125804727	1474
125804913	1474
125805091	1474
126602473	1474
126602642	1474
126602809	1474
126602982	1474
126603147	1474
126603317	1474
126603511	1474
126603735	1474
126603979	1474
126604146	1474
126604312	1474
126604478	1474
126604646	1474
126604810	1474
126604983	1474
126605151	1474
126605377	1474
126605555	1474
127402140	1474
127402307	1474
127402477	1474
127402638	1474
127402803	1474
127402977	1474
127403241	1474
127403462	1474
127403639	1474
127403808	1474
127403980	1474
127404151	1474
127404312	1474
127404478	1474
127404642	1474
127404805	1474
127404977	1474
127405143	1474
128201693	1474
128201927	1474
128202206	1474
128202372	1474
128202541	1474
128202707	1474
128202875	1474
128203049	1474
128203217	1474
128203385	1474
128203554	1474
128203722	1474
128203891	1474
128204062	1474
128204230	1474
128204399	1474
128204563	1474
128204731	1474
129000081	1474
129000420	1474
129000624	1474
129000789	1474
129000953	1474
129001123	1474
129001367	1474
129001651	1474
129001820	1474
129001988	1474
129002163	1474
129002327	1474
129002518	1474
129002686	1474
129002854	1474
129003022	1474
129003293	1474
129003517	1474
130068893	1474
130069026	1474
130069212	1474
130069348	1474
130069474	1474
130069601	1474
130069732	1474
130069856	1474
130069981	1474
130070106	1474
130070246	1474
130070392	1474
130070517	1474
130070656	1474
130070780	1474
130070918	1474
130071044	1474
130071270	1474
130868856	1474
130868989	1474
130869173	1474
130869324	1474
130869483	1474
130869610	1474
130869736	1474
130869862	1474
130870003	1474
130870127	1474
130870261	1474
130870407	1474
130870533	1474
130870673	1474
130870795	1474
130870934	1474
130871057	1474
130871185	1474
131668012	1474
131668142	1474
131668291	1474
131668437	1474
131668560	1474
131668696	1474
131668841	1474
131668968	1474
131669107	1474
131669264	1474
131669405	1474
131669528	1474
131669672	1474
131669797	1474
131669920	1474
131670061	1474
131670213	1474
131670352	1474
132468418	1474
132468551	1474
132468690	1474
132468816	1474
132468961	1474
132469086	1474
132469254	1474
132469401	1474
132469525	1474
132469687	1474
132469811	1474
132469947	1474
132470089	1474
132470215	1474
132470353	1474
132470481	1474
132470604	1474
132470730	1474
133269144	1474
133269373	1474
133269561	1474
133269725	1474
133269892	1474
133270054	1474
133270219	1474
133270382	1474
133270561	1474
133270723	1474
133270886	1474
133271048	1474
133271233	1474
133271398	1474
133271575	1474
133271739	1474
133271902	1474
133272070	1474
134069422	1474
134069612	1474
134069784	1474
134069948	1474
134070115	1474
134070280	1474
134070451	1474
134070627	1474
134070795	1474
134070959	1474
134071128	1474
134071291	1474
134071454	1474
134071632	1474
134071800	1474
134071964	1474
134072133	1474
134072296	1474
134868582	1474
134868752	1474
134868915	1474
134869081	1474
134869297	1474
134869472	1474
134869657	1474
134869828	1474
134869992	1474
134870156	1474
134870322	1474
134870484	1474
134870662	1474
134870824	1474
134870991	1474
134871181	1474
134871441	1474
134871668	1474
135666037	1474
135666246	1474
135666437	1474
135666614	1474
135666782	1474
135666949	1474
135667112	1474
135667281	1474
135667445	1474
135667616	1474
135667783	1474
135667949	1474
135668113	1474
135668278	1474
135668444	1474
135668638	1474
135668806	1474
135668974	1474
136735977	1474
136736146	1474
136736319	1474
136736480	1474
136736653	1474
136736816	1474
136736980	1474
136737144	1474
136737384	1474
136737556	1474
136737738	1474
136737904	1474
136738069	1474
136738234	1474
136738400	1474
136738565	1474
136738746	1474
136738910	1474
137532771	1474
137533257	1474
137533496	1474
137533662	1474
137533926	1474
137534092	1474
137534257	1474
137534420	1474
137534582	1474
137534754	1474
137534920	1474
137535084	1474
137535247	1474
137535409	1474
137535579	1474
137535752	1474
137535916	1474
137536079	1474
138335799	1474
138335965	1474
138336126	1474
138336286	1474
138336448	1474
138336609	1474
138336778	1474
138336939	1474
138337102	1474
138337305	1474
138337475	1474
138337642	1474
138337810	1474
138337969	1474
138338133	1474
138338295	1474
138338456	1474
138338619	1474
139135094	1474
139135269	1474
139135442	1474
139135603	1474
139135764	1474
139135940	1474
139136100	1474
139136261	1474
139136420	1474
139136579	1474
139136740	1474
139136916	1474
139137078	1474
139137287	1474
139137461	1474
139137621	1474
139137811	1474
139137977	1474
139936488	1474
139936651	1474
139936812	1474
139936990	1474
139937150	1474
139937361	1474
139937529	1474
139937690	1474
139937858	1474
139938020	1474
139938181	1474
139938340	1474
139938499	1474
139938660	1474
139938821	1474
139938996	1474
139939156	1474
139939317	1474
140735728	1474
140735891	1474
140736081	1474
140736243	1474
140736405	1474
140736565	1474
140736724	1474
140736883	1474
140737056	1474
140737267	1474
140737435	1474
140737597	1474
140737759	1474
140737929	1474
140738091	1474
140738251	1474
140738411	1474
140738570	1474
141536229	1474
141536399	1474
141536562	1474
141536726	1474
141536888	1474
141537067	1474
141537277	1474
141537453	1474
141537618	1474
141537782	1474
141537944	1474
141538120	1474
141538283	1474
141538448	1474
141538612	1474
141538775	1474
141538939	1474
141539137	1474
142336244	1474
142336429	1474
142336597	1474
142336761	1474
142336926	1474
142337102	1474
142337315	1474
142337485	1474
142337651	1474
142337816	1474
142337979	1474
142338160	1474
142338328	1474
142338490	1474
142338654	1474
142338818	1474
142338982	1474
142339158	1474
143399882	1474
143400097	1474
143400338	1474
143400502	1474
143400668	1474
143400833	1474
143400995	1474
143401219	1474
143401396	1474
143401561	1474
143401725	1474
143401888	1474
143402071	1474
143402255	1474
143402419	1474
143402582	1474
143402745	1474
143402909	1474
144199796	1474
144200081	1474
144200340	1474
144200510	1474
144200673	1474
144200836	1474
144200998	1474
144201185	1474
144201420	1474
144201587	1474
144201750	1474
144201915	1474
144202079	1474
144202254	1474
144202420	1474
144202585	1474
144202752	1474
144202914	1474
145000073	1474
145000315	1474
145000490	1474
145000655	1474
145000819	1474
145000982	1474
145001147	1474
145001367	1474
145001543	1474
145001706	1474
145001889	1474
145002056	1474
145002235	1474
145002413	1474
145002578	1474
145002741	1474
145002906	1474
145003070	1474
145802034	1474
145802996	1474
145803316	1474
145803525	1474
145803694	1474
145803860	1474
145804028	1474
145804191	1474
145804362	1474
145804550	1474
145804715	1474
145804882	1474
145805047	1474
145805268	1474
145805461	1474
145805628	1474
145805790	1474
145805957	1474
146599840	1474
146600124	1474
146600293	1474
146600470	1474
146600640	1474
146600805	1474
146600975	1474
146601139	1474
146601376	1474
146601560	1474
146601730	1474
146601901	1474
146602069	1474
146602266	1474
146602440	1474
146602630	1474
146602798	1474
146602965	1474
147399716	1474
147400123	1474
147400315	1474
147400493	1474
147400660	1474
147400823	1474
147400991	1474
147401202	1474
147401376	1474
147401557	1474
147401721	1474
147401888	1474
147402052	1474
147402216	1474
147402379	1474
147402558	1474
147402720	1474
147402885	1474
148200107	1474
148200369	1474
148200537	1474
148200717	1474
148200880	1474
148201045	1474
148201281	1474
148201454	1474
148201646	1474
148201813	1474
148201978	1474
148202140	1474
148202303	1474
148202466	1474
148202637	1474
148202801	1474
148202964	1474
148203129	1474
149000051	1474
149000397	1474
149000526	1474
149000666	1474
149000801	1474
149000925	1474
149001050	1474
149001262	1474
149001389	1474
149001518	1474
149001683	1474
149001808	1474
149001932	1474
149002057	1474
149002189	1474
149002315	1474
149002457	1474
149002592	1474
149800027	1474
149800499	1474
149800679	1474
149800844	1474
149801006	1474
149801220	1474
149801389	1474
149801556	1474
149801737	1474
149801902	1474
149802066	1474
149802229	1474
149802392	1474
149802556	1474
149802736	1474
149802899	1474
149803061	1474
149803224	1474
150868645	1474
150869040	1474
150869270	1474
150869396	1474
150869521	1474
150869652	1474
150869791	1474
150869929	1474
150870051	1474
150870177	1474
150870299	1474
150870469	1474
150870594	1474
150870749	1474
150870873	1474
150871002	1474
150871125	1474
150871255	1474
151666714	1474
151667022	1474
151667151	1474
151667276	1474
151667413	1474
151667566	1474
151667687	1474
151667823	1474
151667946	1474
151668069	1474
151668192	1474
151668314	1474
151668452	1474
151668575	1474
151668700	1474
151668838	1474
151668963	1474
151669100	1474
152469019	1474
152469356	1474
152469458	1474
152469564	1474
152469673	1474
152469795	1474
152469898	1474
152470009	1474
152470118	1474
152470226	1474
152470327	1474
152470453	1474
152470564	1474
152470685	1474
152470803	1474
152470912	1474
152471021	1474
152471129	1474
153266684	1474
153266976	1474
153267095	1474
153267211	1474
153267327	1474
153267442	1474
153267557	1474
153267673	1474
153267789	1474
153267913	1474
153268030	1474
153268147	1474
153268263	1474
153268379	1474
153268495	1474
153268611	1474
154066696	1474
154067048	1474
154067170	1474
154067286	1474
154067403	1474
154067520	1474
154067637	1474
154067754	1474
154067870	1474
154067999	1474
154068118	1474
154068236	1474
154068353	1474
154068471	1474
154068588	1474
154068705	1474
154068822	1474
154867876	1474
154868200	1474
154868318	1474
154868435	1474
154868554	1474
154868670	1474
154868786	1474
154868904	1474
154869049	1474
154869213	1474
154869335	1474
154869453	1474
154869571	1474
154869691	1474
154869810	1474
154869929	1474
154870053	1474
154870169	1474
155666918	1474
155667239	1474
155667356	1474
155667473	1474
155667590	1474
155667706	1474
155667823	1474
155667940	1474
155668058	1474
155668187	1474
155668304	1474
155668420	1474
155668537	1474
155668654	1474
155668769	1474
155668884	1474
155669001	1474
155669157	1474
156466964	1474
156467287	1474
156467408	1474
156467527	1474
156467645	1474
156467763	1474
156467882	1474
156467999	1474
156468116	1474
156468249	1474
156468368	1474
156468486	1474
156468605	1474
156468723	1474
156468842	1474
156468959	1474
156469098	1474
156469272	1474
157267675	1474
157267996	1474
157268114	1474
157268242	1474
157268361	1474
157268480	1474
157268597	1474
157268715	1474
157268834	1474
157268953	1474
157269092	1474
157269274	1474
157269395	1474
157269514	1474
157269632	1474
157269750	1474
157269867	1474
158067121	1474
158067403	1474
158067525	1474
158067643	1474
158067761	1474
158067879	1474
158067996	1474
158068114	1474
158068232	1474
158068362	1474
158068480	1474
158068598	1474
158068716	1474
158068832	1474
158068951	1474
158069089	1474
158069260	1474
158069381	1474
158868263	1474
158868629	1474
158868753	1474
158868877	1474
158869041	1474
158869252	1474
158869398	1474
158869541	1474
158869665	1474
158869785	1474
158869921	1474
158870044	1474
158870180	1474
158870308	1474
158870446	1474
158870578	1474
158870701	1474
158870828	1474
159671121	1474
159671442	1474
159671567	1474
159671696	1474
159671820	1474
159671944	1474
159672238	1474
159672375	1474
159672524	1474
159672661	1474
159672779	1474
159672903	1474
159673024	1474
159673179	1474
159673307	1474
159673433	1474
159673566	1474
159673689	1474
160469517	1474
160469798	1474
160469930	1474
160470052	1474
160470173	1474
160470308	1474
160470426	1474
160470563	1474
160470692	1474
160470808	1474
160470930	1474
160471053	1474
160471176	1474
160471303	1474
160471428	1474
160471567	1474
160471692	1474
160471832	1474
161269016	1474
161269284	1474
161269516	1474
161269659	1474
161269784	1474
161269906	1474
161270025	1474
161270147	1474
161270269	1474
161270391	1474
161270513	1474
161270653	1474
161270776	1474
161270899	1474
161271022	1474
161271146	1474
162068926	1474
162069106	1474
162069482	1474
162069624	1474
162069757	1474
162069906	1474
162070031	1474
162070172	1474
162070296	1474
162070426	1474
162070549	1474
162070695	1474
162070818	1474
162070984	1474
162071111	1474
162071237	1474
162868654	1474
162868949	1474
162869103	1474
162869291	1474
162869419	1474
162869542	1474
162869666	1474
162869802	1474
162869925	1474
162870048	1474
162870172	1474
162870295	1474
162870421	1474
162870543	1474
162870668	1474
162870862	1474
162870987	1474
162871111	1474
163667647	1474
163667935	1474
163668062	1474
163668199	1474
163668321	1474
163668458	1474
163668582	1474
163668740	1474
163668865	1474
163668992	1474
163669189	1474
163669325	1474
163669450	1474
163669598	1474
163669739	1474
163669892	1474
163670022	1474
163670146	1474
164467183	1474
164467487	1474
164467611	1474
164467743	1474
164467871	1474
164467995	1474
164468135	1474
164468259	1474
164468390	1474
164468515	1474
164468640	1474
164468776	1474
164468901	1474
164469028	1474
164469218	1474
164469349	1474
164469475	1474
164469599	1474
165266995	1474
165267299	1474
165267423	1474
165267540	1474
165267660	1474
165267798	1474
165267923	1474
165268045	1474
165268168	1474
165268292	1474
165268400	1474
165268510	1474
165268624	1474
165268746	1474
165268888	1474
165269010	1474
166068552	1474
166068880	1474
166069007	1474
166069196	1474
166069300	1474
166069417	1474
166069527	1474
166069638	1474
166069748	1474
166069876	1474
166070004	1474
166070115	1474
166070237	1474
166070364	1474
166070474	1474
166070591	1474
166070719	1474
166869077	1474
166869383	1474
166869517	1474
166869629	1474
166869761	1474
166869903	1474
166870018	1474
166870136	1474
166870249	1474
166870368	1474
166870495	1474
166870609	1474
166870722	1474
166870836	1474
166870970	1474
166871085	1474
166871199	1474
166871313	1474
167667337	1474
167667675	1474
167667820	1474
167667946	1474
167668094	1474
167668219	1474
167668337	1474
167668460	1474
167668584	1474
167668710	1474
167668838	1474
167668964	1474
167669117	1474
167669297	1474
167669441	1474
167669564	1474
167669690	1474
167669814	1474
168467222	1474
168467419	1474
168467639	1474
168467772	1474
168467892	1474
168468019	1474
168468256	1474
168468386	1474
168468510	1474
168468630	1474
168468751	1474
168468873	1474
168468994	1474
168469155	1474
168469419	1474
168469542	1474
168469664	1474
168469785	1474
169267231	1474
169267502	1474
169267626	1474
169267748	1474
169267871	1474
169267997	1474
169268144	1474
169268356	1474
169268478	1474
169268600	1474
169268721	1474
169268841	1474
169268966	1474
169269121	1474
169269262	1474
169269390	1474
169269517	1474
169269638	1474
170333888	1474
170334065	1474
170334377	1474
170334503	1474
170334623	1474
170334743	1474
170334863	1474
170334984	1474
170335104	1474
170335227	1474
170335437	1474
170335574	1474
170335695	1474
170335816	1474
170335934	1474
170336054	1474
170336174	1474
170336301	1474
171133699	1474
171133968	1474
171134093	1474
171134212	1474
171134352	1474
171134470	1474
171134590	1474
171134711	1474
171134831	1474
171134950	1474
171135071	1474
171135192	1474
171135324	1474
171135444	1474
171135566	1474
171135688	1474
171135809	1474
171135930	1474
171935637	1474
171935958	1474
171936088	1474
171936208	1474
171936333	1474
171936469	1474
171936591	1474
171936717	1474
171936839	1474
171936962	1474
171937138	1474
171937270	1474
171937408	1474
171937530	1474
171937651	1474
171937773	1474
171937894	1474
171938017	1474
172737845	1474
172738151	1474
172738276	1474
172738396	1474
172738532	1474
172738653	1474
172738772	1474
172738895	1474
172739016	1474
172739150	1474
172739273	1474
172739395	1474
172739588	1474
172739710	1474
172739834	1474
172739966	1474
173536150	1474
173536375	1474
173536559	1474
173536724	1474
173536888	1474
173537053	1474
173537263	1474
173537438	1474
173537633	1474
173537802	1474
173537968	1474
173538130	1474
173538297	1474
173538469	1474
173538635	1474
173538799	1474
173538966	1474
174067579	1474
174067814	1474
174067965	1474
174068111	1474
174068261	1474
174068410	1474
174068577	1474
174068724	1474
174068872	1474
174069019	1474
174069218	1474
174069374	1474
174069530	1474
174069683	1474
174069828	1474
174069978	1474
174867064	1474
174867290	1474
174867474	1474
174867651	1474
174867817	1474
174867980	1474
174868143	1474
174868307	1474
174868474	1474
174868649	1474
174868815	1474
174868978	1474
174869193	1474
174869368	1474
174869532	1474
174869713	1474
174869879	1474
174870045	1474
175934427	1474
175935321	1474
175935595	1474
175936198	1474
175936506	1474
175936683	1474
175936863	1474
175937028	1474
175937244	1474
175937419	1474
175937584	1474
175937769	1474
175937934	1474
175938100	1474
175938262	1474
175938427	1474
175938592	1474
175938776	1474
176736026	1474
176736377	1474
176736554	1474
176736717	1474
176736898	1474
176737062	1474
176737286	1474
176737461	1474
176737660	1474
176737853	1474
176738023	1474
176738183	1474
176738348	1474
176738509	1474
176738674	1474
176738854	1474
176739021	1474
176739185	1474
177533963	1474
177534259	1474
177534451	1474
177534614	1474
177534769	1474
177534917	1474
177535065	1474
177535211	1474
177535360	1474
177535507	1474
177535655	1474
177535810	1474
177535957	1474
177536105	1474
177536256	1474
177536402	1474
177536546	1474
177536695	1474
178335509	1474
178335685	1474
178335909	1474
178336038	1474
178336176	1474
178336299	1474
178336422	1474
178336579	1474
178336706	1474
178336838	1474
178337029	1474
178337222	1474
178337348	1474
178337488	1474
178337626	1474
178337755	1474
178337890	1474
178338025	1474
179134589	1474
179134812	1474
179134994	1474
179135158	1474
179135320	1474
179135485	1474
179135647	1474
179135811	1474
179135981	1474
179136169	1474
179136340	1474
179136502	1474
179136667	1474
179136828	1474
179137000	1474
179137209	1474
179137377	1474
179137545	1474
179934315	1474
179934538	1474
179934727	1474
179934891	1474
179935070	1474
179935235	1474
179935398	1474
179935566	1474
179935729	1474
179935893	1474
179936074	1474
179936236	1474
179936401	1474
179936596	1474
179936826	1474
179937137	1474
179937362	1474
180734993	1474
180735323	1474
180735445	1474
180735568	1474
180735702	1474
180735826	1474
180735964	1474
180736091	1474
180736232	1474
180736355	1474
180736493	1474
180736636	1474
180736759	1474
180736896	1474
180737018	1474
180737252	1474
180737395	1474
181537220	1474
181537510	1474
181537637	1474
181537760	1474
181537895	1474
181538013	1474
181538141	1474
181538286	1474
181538423	1474
181538560	1474
181538682	1474
181538823	1474
181538964	1474
181539088	1474
181539248	1474
181539369	1474
181539495	1474
181539620	1474
182334121	1474
182334783	1474
182334915	1474
182335048	1474
182335170	1474
182335308	1474
182335444	1474
182335566	1474
182335709	1474
182335832	1474
182335979	1474
182336104	1474
182336233	1474
182336357	1474
182336480	1474
182336601	1474
183133654	1474
183133910	1474
183134044	1474
183134167	1474
183134304	1474
183134440	1474
183134560	1474
183134696	1474
183134818	1474
183134952	1474
183135079	1474
183135201	1474
183135343	1474
183135467	1474
183135591	1474
183135721	1474
183135842	1474
183135981	1474
183935205	1474
183935550	1474
183935673	1474
183935794	1474
183935927	1474
183936072	1474
183936194	1474
183936340	1474
183936480	1474
183936606	1474
183936778	1474
183937051	1474
183937246	1474
183937381	1474
183937522	1474
183937653	1474
183937787	1474
183937910	1474
184733697	1474
184733919	1474
184734105	1474
184734243	1474
184734378	1474
184734513	1474
184734636	1474
184734757	1474
184734882	1474
184735012	1474
184735136	1474
184735269	1474
184735399	1474
184735531	1474
184735651	1474
184735784	1474
184735907	1474
185534851	1474
185535160	1474
185535333	1474
185535485	1474
185535612	1474
185535755	1474
185535876	1474
185535998	1474
185536117	1474
185536246	1474
185536388	1474
185536528	1474
185536801	1474
185536930	1474
185537055	1474
185537251	1474
185537394	1474
186334138	1474
186334441	1474
186334741	1474
186334870	1474
186334995	1474
186335120	1474
186335245	1474
186335402	1474
186335543	1474
186335669	1474
186335807	1474
186335930	1474
186336077	1474
186336202	1474
186336324	1474
186336447	1474
186336584	1474
187134233	1474
187134512	1474
187134697	1474
187134865	1474
187135027	1474
187135192	1474
187135356	1474
187135540	1474
187135721	1474
187135886	1474
187136049	1474
187136213	1474
187136376	1474
187136568	1474
187136804	1474
187137047	1474
187137269	1474
187137439	1474
187935979	1474
187936208	1474
187936577	1474
187936741	1474
187937070	1474
187937247	1474
187937379	1474
187937503	1474
187937656	1474
187937792	1474
187937925	1474
187938060	1474
187938184	1474
187938310	1474
187938430	1474
187938550	1474
187938690	1474
187938838	1474
188737046	1474
188737411	1474
188737560	1474
188737685	1474
188737823	1474
188737950	1474
188738075	1474
188738201	1474
188738324	1474
188738461	1474
188738586	1474
188738719	1474
188738846	1474
188738973	1474
188739095	1474
188739220	1474
188739346	1474
188739471	1474
189534880	1474
189535253	1474
189535379	1474
189535500	1474
189535621	1474
189535743	1474
189535949	1474
189536064	1474
189536239	1474
189536360	1474
189536495	1474
189536615	1474
189536737	1474
189536863	1474
189536984	1474
189537105	1474
189537259	1474
189537383	1474
190334531	1474
190334835	1474
190335000	1474
190335124	1474
190335247	1474
190335370	1474
190335490	1474
190335608	1474
190335727	1474
190335852	1474
190335988	1474
190336113	1474
190336248	1474
190336368	1474
190336506	1474
190336624	1474
190336762	1474
191134920	1474
191135279	1474
191135422	1474
191135549	1474
191135670	1474
191135808	1474
191135938	1474
191136072	1474
191136208	1474
191136337	1474
191136458	1474
191136592	1474
191136715	1474
191136835	1474
191136955	1474
191137111	1474
191937286	1474
191937606	1474
191937734	1474
191937856	1474
191937977	1474
191938114	1474
191938234	1474
191938354	1474
191938486	1474
191938606	1474
191938729	1474
191938850	1474
191938973	1474
191939110	1474
191939243	1474
191939363	1474
191939485	1474
192734137	1474
192734404	1474
192734654	1474
192734780	1474
192734898	1474
192735018	1474
192735165	1474
192735287	1474
192735411	1474
192735532	1474
192735669	1474
192735791	1474
192735912	1474
192736035	1474
192736173	1474
192736296	1474
192736420	1474
192736555	1474
193534804	1474
193535093	1474
193535226	1474
193535351	1474
193535479	1474
193535600	1474
193535725	1474
193535849	1474
193535974	1474
193536110	1474
193536250	1474
193536375	1474
193536518	1474
193536644	1474
193536767	1474
193536905	1474
193537032	1474
193537241	1474
194334452	1474
194334730	1474
194334858	1474
194334980	1474
194335104	1474
194335242	1474
194335382	1474
194335504	1474
194335642	1474
194335765	1474
194335902	1474
194336023	1474
194336221	1474
194336355	1474
194336481	1474
194336603	1474
194336726	1474
194336850	1474
195134542	1474
195134921	1474
195135055	1474
195135206	1474
195135351	1474
195135475	1474
195135612	1474
195135734	1474
195135874	1474
195135998	1474
195136133	1474
195136270	1474
195136410	1474
195136551	1474
195136674	1474
195136811	1474
195136935	1474
195934437	1474
195934744	1474
195934872	1474
195934996	1474
195935127	1474
195935250	1474
195935390	1474
195935512	1474
195935644	1474
195935766	1474
195935889	1474
195936032	1474
195936156	1474
195936312	1474
195936437	1474
195936582	1474
196737224	1474
196737564	1474
196737703	1474
196737841	1474
196737964	1474
196738100	1474
196738221	1474
196738346	1474
196738488	1474
196738637	1474
196738759	1474
196738894	1474
196739015	1474
196739165	1474
196739287	1474
196739428	1474
196739575	1474
196739697	1474
197534722	1474
197535151	1474
197535292	1474
197535442	1474
197535570	1474
197535692	1474
197535815	1474
197535939	1474
197536061	1474
197536185	1474
197536307	1474
197536443	1474
197536608	1474
197536732	1474
197536877	1474
197537000	1474
197537194	1474
198334327	1474
198334707	1474
198334837	1474
198334978	1474
198335103	1474
198335224	1474
198335350	1474
198335485	1474
198335627	1474
198335750	1474
198335883	1474
198336024	1474
198336147	1474
198336292	1474
198336435	1474
198336575	1474
198336702	1474
198336826	1474
199134675	1474
199134919	1474
199135065	1474
199135189	1474
199135321	1474
199135445	1474
199135580	1474
199135704	1474
199135826	1474
199135947	1474
199136074	1474
199136199	1474
199136324	1474
199136447	1474
199136580	1474
199136715	1474
199136840	1474
199136979	1474
200201995	1474
200202302	1474
200202443	1474
200202564	1474
200202698	1474
200202841	1474
200202964	1474
200203087	1474
200203208	1474
200203330	1474
200203452	1474
200203573	1474
200203710	1474
200203843	1474
200203965	1474
200204110	1474
200204232	1474
200204379	1474
201001670	1474
201002047	1474
201002171	1474
201002321	1474
201002444	1474
201002568	1474
201002760	1474
201002899	1474
201003020	1474
201003155	1474
201003322	1474
201003448	1474
201003588	1474
201003721	1474
201003848	1474
201003971	1474
201004094	1474
201004215	1474
201801676	1474
201801987	1474
201802169	1474
201802317	1474
201802451	1474
201802581	1474
201802704	1474
201802842	1474
201802963	1474
201803080	1474
201803202	1474
201803327	1474
201803477	1474
201803601	1474
201803752	1474
201803874	1474
201804001	1474
201804147	1474
202602172	1474
202602425	1474
202602553	1474
202602682	1474
202602805	1474
202603091	1474
202603239	1474
202603365	1474
202603507	1474
202603630	1474
202603766	1474
202603898	1474
202604022	1474
202604145	1474
202604291	1474
202604413	1474
202604548	1474
202604670	1474
203401752	1474
203402107	1474
203402240	1474
203402393	1474
203402515	1474
203402638	1474
203402760	1474
203402888	1474
203403048	1474
203403171	1474
203403332	1474
203403456	1474
203403584	1474
203403728	1474
203403850	1474
203403987	1474
203404130	1474
203404255	1474
204203782	1474
204204111	1474
204204252	1474
204204391	1474
204204514	1474
204204639	1474
204204764	1474
204204887	1474
204205010	1474
204205181	1474
204205390	1474
204205528	1474
204205670	1474
204205795	1474
204205926	1474
204206059	1474
204206206	1474
204206326	1474
205002809	1474
205003186	1474
205003306	1474
205003429	1474
205003556	1474
205003681	1474
205003847	1474
205003975	1474
205004183	1474
205004307	1474
205004450	1474
205004575	1474
205004700	1474
205004827	1474
205004953	1474
205005139	1474
205005272	1474
205005398	1474
205802770	1474
205802949	1474
205803196	1474
205803323	1474
205803463	1474
205803589	1474
205803746	1474
205803870	1474
205803996	1474
205804119	1474
205804260	1474
205804385	1474
205804506	1474
205804629	1474
205804752	1474
205804874	1474
205804997	1474
205805193	1474
206869486	1474
206869842	1474
206869968	1474
206870096	1474
206870221	1474
206870424	1474
206870563	1474
206870686	1474
206870814	1474
206870938	1474
206871067	1474
206871189	1474
206871347	1474
206871469	1474
206871591	1474
206871727	1474
206871870	1474
206871992	1474
207669356	1474
207669641	1474
207669763	1474
207669888	1474
207670009	1474
207670127	1474
207670250	1474
207670386	1474
207670522	1474
207670676	1474
207670800	1474
207670923	1474
207671067	1474
207671190	1474
207671332	1474
207671470	1474
207671617	1474
207671739	1474
208469004	1474
208469307	1474
208469475	1474
208469600	1474
208469765	1474
208469891	1474
208470032	1474
208470156	1474
208470303	1474
208470436	1474
208470582	1474
208470708	1474
208470830	1474
208470952	1474
208471074	1474
208471198	1474
208471319	1474
209270270	1474
209270511	1474
209270636	1474
209270759	1474
209270884	1474
209271005	1474
209271129	1474
209271250	1474
209271374	1474
209271509	1474
209271645	1474
209271767	1474
209271912	1474
209272032	1474
209272154	1474
209272279	1474
209272422	1474
209272558	1474
210068706	1474
210069006	1474
210069208	1474
210069337	1474
210069458	1474
210069600	1474
210069738	1474
210069860	1474
210069998	1474
210070138	1474
210070264	1474
210070388	1474
210070512	1474
210070643	1474
210070774	1474
210070914	1474
210071036	1474
210071164	1474
210868069	1474
210868398	1474
210868523	1474
210868664	1474
210868799	1474
210868921	1474
210869044	1474
210869276	1474
210869400	1474
210869523	1474
210869663	1474
210869789	1474
210869913	1474
210870037	1474
210870163	1474
210870288	1474
210870414	1474
211671612	1474
211671797	1474
211671981	1474
211672121	1474
211672264	1474
211672386	1474
211672511	1474
211672642	1474
211672778	1474
211672902	1474
211673027	1474
211673249	1474
211673371	1474
211673501	1474
211673693	1474
211673822	1474
211673966	1474
211674089	1474
212468285	1474
212468578	1474
212468709	1474
212468847	1474
212468973	1474
212469221	1474
212469363	1474
212469510	1474
212469632	1474
212469781	1474
212469918	1474
212470041	1474
212470180	1474
212470315	1474
212470436	1474
212470568	1474
212470693	1474
213270384	1474
213270562	1474
213270917	1474
213271042	1474
213271168	1474
213271314	1474
213271437	1474
213271584	1474
213271707	1474
213271907	1474
213272033	1474
213272159	1474
213272286	1474
213272408	1474
213272538	1474
213272671	1474
213272802	1474
213272928	1474
214070383	1474
214070811	1474
214070960	1474
214071088	1474
214071210	1474
214071334	1474
214071457	1474
214071576	1474
214071699	1474
214071825	1474
214071962	1474
214072093	1474
214072216	1474
214072377	1474
214072505	1474
214072665	1474
214869066	1474
214869244	1474
214869433	1474
214869588	1474
214869708	1474
214869865	1474
214870002	1474
214870140	1474
214870262	1474
214870382	1474
214870502	1474
214870639	1474
214870759	1474
214870882	1474
214871019	1474
214871144	1474
214871267	1474
215403405	1474
215403582	1474
215403729	1474
215403851	1474
215404018	1474
215404144	1474
215404292	1474
215404415	1474
215404529	1474
215404653	1474
215404776	1474
215404898	1474
215405078	1474
215405258	1474
215405394	1474
215405516	1474
216468652	1474
216468946	1474
216469253	1474
216469481	1474
216469651	1474
216469814	1474
216469978	1474
216470148	1474
216470311	1474
216470474	1474
216470635	1474
216470798	1474
216470959	1474
216471133	1474
216471295	1474
216471461	1474
216471624	1474
216471788	1474
217271148	1474
217271405	1474
217271540	1474
217271682	1474
217271805	1474
217271939	1474
217272059	1474
217272197	1474
217272322	1474
217272463	1474
217272589	1474
217272713	1474
217272837	1474
217272961	1474
217273233	1474
217273368	1474
217273494	1474
217273641	1474
218068776	1474
218068971	1474
218069217	1474
218069382	1474
218069508	1474
218069634	1474
218069757	1474
218069896	1474
218070059	1474
218070184	1474
218070328	1474
218070453	1474
218070610	1474
218070734	1474
218070868	1474
218070993	1474
218071117	1474
218868441	1474
218868708	1474
218868850	1474
218868981	1474
218869200	1474
218869357	1474
218869484	1474
218869607	1474
218869729	1474
218869880	1474
218870004	1474
218870131	1474
218870254	1474
218870392	1474
218870517	1474
218870641	1474
218870769	1474
218870894	1474
219668457	1474
219668661	1474
219668787	1474
219668910	1474
219669059	1474
219669248	1474
219669393	1474
219669523	1474
219669646	1474
219669883	1474
219670008	1474
219670136	1474
219670305	1474
219670449	1474
219670575	1474
219670739	1474
219670868	1474
219670992	1474
220468653	1474
220468846	1474
220468971	1474
220469195	1474
220469325	1474
220469459	1474
220469597	1474
220469738	1474
220469872	1474
220469996	1474
220470122	1474
220470272	1474
220470395	1474
220470533	1474
220470656	1474
220470781	1474
220470914	1474
221268509	1474
221268698	1474
221268823	1474
221268948	1474
221269182	1474
221269311	1474
221269434	1474
221269576	1474
221269712	1474
221269834	1474
221269978	1474
221270101	1474
221270224	1474
221270347	1474
221270470	1474
221270606	1474
221270747	1474
222068471	1474
222068669	1474
222068796	1474
222068919	1474
222069050	1474
222069222	1474
222069359	1474
222069480	1474
222069617	1474
222069760	1474
222069902	1474
222070024	1474
222070149	1474
222070272	1474
222070397	1474
222070523	1474
222070686	1474
222070808	1474
222868174	1474
222868353	1474
222868473	1474
222868594	1474
222868726	1474
222868846	1474
222868965	1474
222869106	1474
222869262	1474
222869382	1474
222869500	1474
222869626	1474
222869746	1474
222869864	1474
222869983	1474
222870100	1474
222870220	1474
223405286	1474
223405464	1474
223405587	1474
223405831	1474
223405960	1474
223406081	1474
223406201	1474
223406322	1474
223406443	1474
223406565	1474
223406691	1474
223406814	1474
223406934	1474
223407054	1474
224201768	1474
224201953	1474
224202072	1474
224202194	1474
224202312	1474
224202433	1474
224202554	1474
224202711	1474
224202851	1474
224202975	1474
224203094	1474
224203216	1474
224203334	1474
224203454	1474
224203573	1474
224203692	1474
225003888	1474
225004072	1474
225004192	1474
225004313	1474
225004431	1474
225004555	1474
225004677	1474
225004796	1474
225004922	1474
225005065	1474
225005234	1474
225005354	1474
225005474	1474
225005597	1474
225005719	1474
225005848	1474
225005969	1474
225803151	1474
225803334	1474
225803457	1474
225803579	1474
225803700	1474
225803821	1474
225804029	1474
225804153	1474
225804275	1474
225804395	1474
225804517	1474
225804641	1474
225804764	1474
225804963	1474
225805087	1474
225805252	1474
225805372	1474
225805496	1474
226602064	1474
226602251	1474
226602371	1474
226602493	1474
226602615	1474
226602735	1474
226602853	1474
226602984	1474
226603110	1474
226603230	1474
226603353	1474
226603475	1474
226603599	1474
226603720	1474
226603842	1474
226603991	1474
226604114	1474
226604235	1474
227402224	1474
227402423	1474
227402555	1474
227402678	1474
227402796	1474
227402917	1474
227403050	1474
227403170	1474
227403291	1474
227403410	1474
227403531	1474
227403653	1474
227403847	1474
227403967	1474
227404106	1474
227404227	1474
227404346	1474
227404466	1474
228201946	1474
228202241	1474
228202364	1474
228202482	1474
228202597	1474
228202716	1474
228202836	1474
228202955	1474
228203074	1474
228203203	1474
228203323	1474
228203442	1474
228203562	1474
228203683	1474
228203802	1474
228203920	1474
228204041	1474
229006193	1474
229006426	1474
229006553	1474
229006671	1474
229006790	1474
229006911	1474
229007031	1474
229007156	1474
229007279	1474
229007510	1474
229007637	1474
229007758	1474
229007880	1474
229008003	1474
229008126	1474
229008259	1474
229008378	1474
229008497	1474
229802419	1474
229802651	1474
229802770	1474
229802886	1474
229803004	1474
229803122	1474
229803246	1474
229803366	1474
229803484	1474
229803603	1474
229803719	1474
229803837	1474
229803957	1474
229804075	1474
229804194	1474
229804403	1474
229804524	1474
230602138	1474
230602385	1474
230602512	1474
230602630	1474
230602751	1474
230602869	1474
230602987	1474
230603106	1474
230603226	1474
230603358	1474
230603475	1474
230603593	1474
230603708	1474
230603826	1474
230603943	1474
230604059	1474
230604176	1474
230604300	1474
231402634	1474
231402867	1474
231402993	1474
231403111	1474
231403235	1474
231403363	1474
231403484	1474
231403603	1474
231403722	1474
231403841	1474
231403963	1474
231404082	1474
231404203	1474
231404329	1474
231404452	1474
231404572	1474
231404694	1474
232204224	1474
232204410	1474
232204605	1474
232204727	1474
232204849	1474
232204968	1474
232205122	1474
232205249	1474
232205374	1474
232205507	1474
232205628	1474
232205750	1474
232205872	1474
232205994	1474
232206116	1474
232206236	1474
232206358	1474
233005296	1474
233005571	1474
233005738	1474
233005899	1474
233006064	1474
233006227	1474
233006391	1474
233006561	1474
233006724	1474
233006888	1474
233007054	1474
233007215	1474
233007384	1474
233007553	1474
233007717	1474
233007887	1474
233008056	1474
233008218	1474
234068851	1474
234069096	1474
234069319	1474
234069486	1474
234069685	1474
234069849	1474
234070015	1474
234070176	1474
234070342	1474
234070502	1474
234070686	1474
234070846	1474
234071009	1474
234071171	1474
234071333	1474
234071492	1474
234071670	1474
234071830	1474
234869215	1474
234869452	1474
234869632	1474
234869797	1474
234870053	1474
234870273	1474
234870466	1474
234870659	1474
234870823	1474
234870988	1474
234871148	1474
234871315	1474
234871475	1474
234871646	1474
234871812	1474
234871974	1474
234872140	1474
234872300	1474
235668898	1474
235669214	1474
235669408	1474
235669647	1474
235669832	1474
235670038	1474
235670259	1474
235670460	1474
235670627	1474
235670801	1474
235670968	1474
235671128	1474
235671291	1474
235671471	1474
235671638	1474
235671815	1474
235671976	1474
235672139	1474
236469013	1474
236469353	1474
236469557	1474
236469722	1474
236469903	1474
236470106	1474
236470330	1474
236470504	1474
236470669	1474
236470840	1474
236471005	1474
236471165	1474
236471330	1474
236471490	1474
236471656	1474
236471822	1474
236471992	1474
236472152	1474
237268576	1474
237268905	1474
237269075	1474
237269287	1474
237269457	1474
237269621	1474
237269787	1474
237269970	1474
237270149	1474
237270318	1474
237270480	1474
237270646	1474
237270809	1474
237270990	1474
237271154	1474
237271315	1474
237271478	1474
238073541	1474
238073920	1474
238074036	1474
238074176	1474
238074288	1474
238074400	1474
238074522	1474
238074636	1474
238074758	1474
238074880	1474
238074997	1474
238075110	1474
238075223	1474
238075355	1474
238075468	1474
238075595	1474
238075724	1474
238868740	1474
238869076	1474
238869360	1474
238869526	1474
238869691	1474
238869854	1474
238870026	1474
238870192	1474
238870358	1474
238870522	1474
238870684	1474
238870849	1474
238871025	1474
238871190	1474
238871353	1474
238871515	1474
238871680	1474
238871845	1474
239668765	1474
239669035	1474
239669413	1474
239669558	1474
239669690	1474
239669834	1474
239669958	1474
239670101	1474
239670248	1474
239670571	1474
239670709	1474
239670849	1474
239670973	1474
239671107	1474
239671232	1474
239671355	1474
239671479	1474
240468920	1474
240469414	1474
240469534	1474
240469660	1474
240469783	1474
240469928	1474
240470053	1474
240470187	1474
240470312	1474
240470456	1474
240470582	1474
240470708	1474
240470830	1474
240470966	1474
240471092	1474
240471232	1474
240471351	1474
240471474	1474
241269105	1474
241269507	1474
241269626	1474
241269760	1474
241269884	1474
241270000	1474
241270124	1474
241270256	1474
241270398	1474
241270519	1474
241270659	1474
241270781	1474
241270905	1474
241271032	1474
241271169	1474
241271308	1474
241271443	1474
241271563	1474
242071308	1474
242071527	1474
242071718	1474
242071885	1474
242072048	1474
242072210	1474
242072454	1474
242072618	1474
242072783	1474
242072947	1474
242073109	1474
242073329	1474
242073497	1474
242073661	1474
242073820	1474
242073984	1474
242074150	1474
242074413	1474
242869298	1474
242869681	1474
242869802	1474
242869922	1474
242870048	1474
242870168	1474
242870285	1474
242870417	1474
242870535	1474
242870658	1474
242870783	1474
242870907	1474
242871030	1474
242871150	1474
242871273	1474
242871500	1474
242871626	1474
243668987	1474
243669297	1474
243669419	1474
243669564	1474
243669687	1474
243669808	1474
243669930	1474
243670052	1474
243670175	1474
243670298	1474
243670420	1474
243670553	1474
243670674	1474
243670794	1474
243670916	1474
243671036	1474
243671157	1474
244469489	1474
244469786	1474
244469908	1474
244470027	1474
244470146	1474
244470268	1474
244470387	1474
244470585	1474
244470712	1474
244470831	1474
244470954	1474
244471072	1474
244471194	1474
244471314	1474
244471435	1474
244471572	1474
244471692	1474
245269746	1474
245269918	1474
245270129	1474
245270255	1474
245270375	1474
245270496	1474
245270630	1474
245270752	1474
245270870	1474
245270988	1474
245271095	1474
245271203	1474
245271309	1474
245271418	1474
245271526	1474
245271647	1474
245271755	1474
246068928	1474
246069215	1474
246069417	1474
246069591	1474
246069773	1474
246069938	1474
246070101	1474
246070278	1474
246070443	1474
246070610	1474
246070784	1474
246070950	1474
246071113	1474
246071284	1474
246071447	1474
246071613	1474
246071791	1474
246071956	1474
246869611	1474
246869800	1474
246870095	1474
246870220	1474
246870360	1474
246870482	1474
246870610	1474
246870739	1474
246870871	1474
246870991	1474
246871110	1474
246871240	1474
246871375	1474
246871500	1474
246871811	1474
246872007	1474
246872140	1474
246872275	1474
247670045	1474
247670223	1474
247670356	1474
247670483	1474
247670607	1474
247670743	1474
247670884	1474
247671018	1474
247671140	1474
247671273	1474
247671395	1474
247671528	1474
247671651	1474
247671790	1474
247671899	1474
247672007	1474
247672129	1474
248469257	1474
248469492	1474
248469674	1474
248469828	1474
248469954	1474
248470120	1474
248470249	1474
248470374	1474
248470510	1474
248470646	1474
248470773	1474
248470915	1474
248471043	1474
248471155	1474
248471278	1474
248471407	1474
248471519	1474
249269723	1474
249269949	1474
249270093	1474
249270224	1474
249270335	1474
249270468	1474
249270577	1474
249270685	1474
249270801	1474
249270938	1474
249271049	1474
249271174	1474
249271305	1474
249271416	1474
249271568	1474
249271684	1474
249271797	1474
249271926	1474
250070122	1474
250070318	1474
250070510	1474
250070634	1474
250070763	1474
250070872	1474
250071005	1474
250071117	1474
250071228	1474
250071339	1474
250071451	1474
250071563	1474
250071677	1474
250071786	1474
250071895	1474
250072023	1474
250072142	1474
250072255	1474
250871055	1474
250871293	1474
250871466	1474
250871578	1474
250871690	1474
250871816	1474
250871925	1474
250872045	1474
250872162	1474
250872284	1474
250872396	1474
250872507	1474
250872660	1474
250872772	1474
250872882	1474
250872991	1474
251669519	1474
251669795	1474
251669919	1474
251670040	1474
251670171	1474
251670295	1474
251670414	1474
251670534	1474
251670653	1474
251670774	1474
251670894	1474
251671015	1474
251671167	1474
251671290	1474
251671410	1474
251671535	1474
251671654	1474
252470355	1474
252471088	1474
252471653	1474
252472249	1474
252472506	1474
252472824	1474
252473030	1474
252474054	1474
252474227	1474
252474498	1474
252474744	1474
252474884	1474
252475021	1474
252475744	1474
252476069	1474
252476595	1474
252477228	1474
252477720	1474
253269659	1474
253269971	1474
253270099	1474
253270219	1474
253270364	1474
253270506	1474
253270626	1474
253270757	1474
253270895	1474
253271016	1474
253271156	1474
253271278	1474
253271411	1474
253271534	1474
253271655	1474
253271778	1474
253271902	1474
254071497	1474
254071799	1474
254071935	1474
254072047	1474
254072161	1474
254072267	1474
254072373	1474
254072519	1474
254072638	1474
254072758	1474
254072877	1474
254072998	1474
254073147	1474
254073313	1474
254073449	1474
254073570	1474
254073690	1474
254869492	1474
254869930	1474
254870067	1474
254870187	1474
254870308	1474
254870440	1474
254870561	1474
254870682	1474
254870803	1474
254870925	1474
254871045	1474
254871165	1474
254871284	1474
254871414	1474
254871536	1474
254871657	1474
254871777	1474
254871899	1474
255670344	1474
255670720	1474
255670887	1474
255671009	1474
255671129	1474
255671248	1474
255671365	1474
255671491	1474
255671612	1474
255671732	1474
255671851	1474
255671969	1474
255672088	1474
255672209	1474
255672329	1474
255672448	1474
255672583	1474
256471396	1474
256471722	1474
256471848	1474
256471971	1474
256472110	1474
256472232	1474
256472346	1474
256472468	1474
256472607	1474
256472732	1474
256472857	1474
256472997	1474
256473200	1474
256473333	1474
256473459	1474
256473587	1474
256473732	1474
256473855	1474
257269866	1474
257270144	1474
257270470	1474
257270635	1474
257270810	1474
257270972	1474
257271133	1474
257271292	1474
257271453	1474
257271615	1474
257271793	1474
257271953	1474
257272115	1474
257272276	1474
257272437	1474
257272597	1474
257272772	1474
257272934	1474
258069626	1474
258069932	1474
258070060	1474
258070176	1474
258070295	1474
258070413	1474
258070533	1474
258070653	1474
258070787	1474
258070905	1474
258071024	1474
258071143	1474
258071261	1474
258071380	1474
258071502	1474
258071619	1474
258870404	1474
258870662	1474
258871119	1474
258871248	1474
258871388	1474
258871512	1474
258871638	1474
258871785	1474
258871911	1474
258872035	1474
258872159	1474
258872282	1474
258872405	1474
258872531	1474
258872657	1474
258872794	1474
258872922	1474
259672492	1474
259672769	1474
259673388	1474
259673530	1474
259673674	1474
259673799	1474
259673948	1474
259674075	1474
259674226	1474
259674349	1474
259674490	1474
259674616	1474
259674741	1474
259674878	1474
259675016	1474
259675158	1474
259675281	1474
259675416	1474
260474259	1474
260474562	1474
260474696	1474
260474822	1474
260474962	1474
260475089	1474
260475212	1474
260475335	1474
260475458	1474
260475583	1474
260475705	1474
260475828	1474
260475985	1474
260476110	1474
260476237	1474
260476379	1474
260476503	1474
260476628	1474
261536498	1474
261536819	1474
261537004	1474
261537214	1474
261537354	1474
261537501	1474
261537622	1474
261537761	1474
261537884	1474
261538016	1474
261538147	1474
261538273	1474
261538396	1474
261538520	1474
261538644	1474
261538769	1474
261538897	1474
261539157	1474
262336216	1474
262336650	1474
262336822	1474
262336984	1474
262337193	1474
262337379	1474
262337542	1474
262337705	1474
262337867	1474
262338028	1474
262338191	1474
262338366	1474
262338527	1474
262338690	1474
262338851	1474
262339013	1474
262339194	1474
262339372	1474
263136468	1474
263136748	1474
263136882	1474
263137016	1474
263137193	1474
263137385	1474
263137516	1474
263137640	1474
263137764	1474
263137888	1474
263138013	1474
263138135	1474
263138266	1474
263138401	1474
263138525	1474
263138645	1474
263138769	1474
263936853	1474
263937135	1474
263937598	1474
263937740	1474
263937879	1474
263938003	1474
263938128	1474
263938252	1474
263938464	1474
263938585	1474
263938709	1474
263938833	1474
263938955	1474
263939078	1474
263939220	1474
263939352	1474
263939478	1474
264736422	1474
264736671	1474
264736828	1474
264737176	1474
264737312	1474
264737461	1474
264737586	1474
264737710	1474
264737835	1474
264737958	1474
264738092	1474
264738216	1474
264738360	1474
264738501	1474
264738628	1474
264738754	1474
264738892	1474
264739026	1474
265536401	1474
265536713	1474
265536903	1474
265537065	1474
265537278	1474
265537467	1474
265537629	1474
265537787	1474
265537949	1474
265538108	1474
265538267	1474
265538444	1474
265538606	1474
265538768	1474
265538932	1474
265539187	1474
265539412	1474
265539641	1474
266336179	1474
266336596	1474
266336719	1474
266336865	1474
266336988	1474
266337160	1474
266337287	1474
266337439	1474
266337569	1474
266337695	1474
266337826	1474
266337949	1474
266338071	1474
266338195	1474
266338317	1474
266338440	1474
266338572	1474
266338702	1474
267139036	1474
267139278	1474
267139681	1474
267139805	1474
267139944	1474
267140068	1474
267140191	1474
267140314	1474
267140451	1474
267140574	1474
267140786	1474
267140938	1474
267141082	1474
267141252	1474
267141376	1474
267141497	1474
267141645	1474
267141771	1474
267936693	1474
267937043	1474
267937258	1474
267937387	1474
267937513	1474
267937654	1474
267937795	1474
267937943	1474
267938066	1474
267938217	1474
267938343	1474
267938469	1474
267938593	1474
267938749	1474
267938877	1474
267939002	1474
267939127	1474
268736850	1474
268737238	1474
268737383	1474
268737538	1474
268737665	1474
268737794	1474
268737923	1474
268738050	1474
268738180	1474
268738303	1474
268738429	1474
268738553	1474
268738682	1474
268738815	1474
268738944	1474
268739093	1474
268739218	1474
268739353	1474
269536642	1474
269536935	1474
269537124	1474
269537338	1474
269537512	1474
269537675	1474
269537852	1474
269538015	1474
269538176	1474
269538338	1474
269538498	1474
269538662	1474
269538835	1474
269539000	1474
269539167	1474
269539328	1474
269539490	1474
270336918	1474
270337293	1474
270337436	1474
270337574	1474
270337698	1474
270337822	1474
270338027	1474
270338167	1474
270338312	1474
270338444	1474
270338576	1474
270338701	1474
270338826	1474
270339028	1474
270339159	1474
270339283	1474
270339407	1474
271139362	1474
271139673	1474
271139798	1474
271139920	1474
271140127	1474
271140253	1474
271140377	1474
271140497	1474
271140616	1474
271140736	1474
271140857	1474
271140989	1474
271141156	1474
271141300	1474
271141423	1474
271141545	1474
271141667	1474
271141789	1474
271937564	1474
271938008	1474
271938249	1474
271938411	1474
271938572	1474
271938733	1474
271938894	1474
271939062	1474
271939224	1474
271939383	1474
271939543	1474
271939702	1474
271939862	1474
271940050	1474
271940215	1474
271940376	1474
271940537	1474
271940698	1474
272739964	1474
272740185	1474
272740394	1474
272740558	1474
272740720	1474
272740880	1474
272741042	1474
272741258	1474
272741446	1474
272741611	1474
272741774	1474
272741934	1474
272742096	1474
272742265	1474
272742426	1474
272742587	1474
272742748	1474
272742909	1474
273803221	1474
273803539	1474
273803705	1474
273803868	1474
273804030	1474
273804193	1474
273804380	1474
273804547	1474
273804709	1474
273804872	1474
273805033	1474
273805259	1474
273805445	1474
273805608	1474
273805771	1474
273805933	1474
273806094	1474
273806255	1474
274603380	1474
274603601	1474
274603767	1474
274603935	1474
274604193	1474
274604431	1474
274604634	1474
274604804	1474
274604967	1474
274605133	1474
274605360	1474
274605551	1474
274605714	1474
274605879	1474
274606042	1474
274606204	1474
274606379	1474
274606565	1474
275404641	1474
275404903	1474
275405075	1474
275405302	1474
275405474	1474
275405636	1474
275405802	1474
275405963	1474
275406127	1474
275406295	1474
275406460	1474
275406619	1474
275406786	1474
275406947	1474
275407113	1474
275407273	1474
275407453	1474
275407614	1474
276204110	1474
276204331	1474
276204512	1474
276204675	1474
276204839	1474
276205000	1474
276205215	1474
276205392	1474
276205558	1474
276205720	1474
276205884	1474
276206046	1474
276206212	1474
276206379	1474
276206546	1474
276206708	1474
276206873	1474
277004120	1474
277004358	1474
277004545	1474
277004709	1474
277004873	1474
277005034	1474
277005272	1474
277005478	1474
277005649	1474
277005810	1474
277005976	1474
277006138	1474
277006303	1474
277006493	1474
277006662	1474
277006823	1474
277006990	1474
277007152	1474
277804167	1474
277804411	1474
277804589	1474
277804754	1474
277804922	1474
277805097	1474
277805345	1474
277805553	1474
277805716	1474
277805881	1474
277806043	1474
277806208	1474
277806369	1474
277806543	1474
277806706	1474
277806875	1474
277807036	1474
277807204	1474
278607751	1474
278608015	1474
278608186	1474
278608349	1474
278608514	1474
278608692	1474
278608858	1474
278609020	1474
278609241	1474
278609407	1474
278609573	1474
278609748	1474
278609911	1474
278610075	1474
278610238	1474
278610399	1474
278610565	1474
279408156	1474
279408428	1474
279408592	1474
279408776	1474
279408958	1474
279409126	1474
279409359	1474
279409532	1474
279409704	1474
279409866	1474
279410032	1474
279410193	1474
279410360	1474
279410522	1474
279410695	1474
279410862	1474
279411025	1474
279411188	1474
280203529	1474
280203778	1474
280203943	1474
280204109	1474
280204276	1474
280204437	1474
280204625	1474
280204801	1474
280204966	1474
280205127	1474
280205345	1474
280205517	1474
280205680	1474
280205860	1474
280206022	1474
280206186	1474
280206348	1474
280206511	1474
281005660	1474
281005833	1474
281005999	1474
281006160	1474
281006324	1474
281006483	1474
281006648	1474
281006817	1474
281006982	1474
281007145	1474
281007311	1474
281007472	1474
281007638	1474
281007809	1474
281007999	1474
281008164	1474
281008326	1474
281008487	1474
281807397	1474
281807673	1474
281807869	1474
281808032	1474
281808196	1474
281808357	1474
281808522	1474
281808682	1474
281808840	1474
281809019	1474
281809232	1474
281809400	1474
281809561	1474
281809721	1474
281809891	1474
281810055	1474
281810236	1474
281810403	1474
282604024	1474
282604257	1474
282604427	1474
282604589	1474
282604751	1474
282604917	1474
282605095	1474
282605306	1474
282605477	1474
282605637	1474
282605800	1474
282605973	1474
282606133	1474
282606297	1474
282606456	1474
282606621	1474
282606779	1474
282606951	1474
283404602	1474
283404938	1474
283405118	1474
283405333	1474
283405507	1474
283405671	1474
283405835	1474
283405996	1474
283406175	1474
283406335	1474
283406496	1474
283406660	1474
283406820	1474
283406983	1474
283407163	1474
283407326	1474
283407488	1474
284470556	1474
284470828	1474
284470996	1474
284471158	1474
284471334	1474
284471495	1474
284471656	1474
284471840	1474
284472010	1474
284472172	1474
284472367	1474
284472530	1474
284472691	1474
284472851	1474
284473013	1474
284473174	1474
284473396	1474
284473570	1474
285004331	1474
285004598	1474
285004768	1474
285004930	1474
285005092	1474
285005313	1474
285005481	1474
285005642	1474
285005804	1474
285005966	1474
285006127	1474
285006306	1474
285006469	1474
285006632	1474
285006793	1474
285006955	1474
285007116	1474
286071156	1474
286071443	1474
286071640	1474
286071805	1474
286071968	1474
286072130	1474
286072293	1474
286072470	1474
286072632	1474
286072797	1474
286072959	1474
286073122	1474
286073345	1474
286073519	1474
286073683	1474
286073846	1474
286074030	1474
286074196	1474
286871923	1474
286872197	1474
286872364	1474
286872548	1474
286872713	1474
286872878	1474
286873041	1474
286873258	1474
286873435	1474
286873598	1474
286873763	1474
286873927	1474
286874089	1474
286874251	1474
286874425	1474
286874589	1474
286874753	1474
286874915	1474
287671874	1474
287672157	1474
287672397	1474
287672690	1474
287672949	1474
287673114	1474
287673352	1474
287673593	1474
287673761	1474
287673925	1474
287674087	1474
287674252	1474
287674413	1474
287674610	1474
287674778	1474
287674944	1474
287675107	1474
287675271	1474
288470756	1474
288470954	1474
288471081	1474
288471206	1474
288471331	1474
288471456	1474
288471658	1474
288471784	1474
288471910	1474
288472034	1474
288472161	1474
288472285	1474
288472410	1474
288472545	1474
288472677	1474
288472801	1474
288472924	1474
288473187	1474
289273322	1474
289273509	1474
289273663	1474
289273789	1474
289273909	1474
289274031	1474
289274150	1474
289274271	1474
289274392	1474
289274517	1474
289274652	1474
289274771	1474
289274887	1474
289275008	1474
289275129	1474
289275253	1474
289275376	1474
290071335	1474
290071587	1474
290071720	1474
290071846	1474
290071970	1474
290072091	1474
290072211	1474
290072334	1474
290072456	1474
290072580	1474
290072708	1474
290072833	1474
290072963	1474
290073096	1474
290073295	1474
290073473	1474
290073593	1474
290073722	1474
290872300	1474
290872537	1474
290872660	1474
290872791	1474
290872913	1474
290873055	1474
290873226	1474
290873349	1474
290873468	1474
290873586	1474
290873707	1474
290873840	1474
290873958	1474
290874077	1474
290874196	1474
290874314	1474
290874432	1474
290874552	1474
291671831	1474
291672076	1474
291672196	1474
291672315	1474
291672433	1474
291672554	1474
291672677	1474
291672808	1474
291672927	1474
291673047	1474
291673210	1474
291673332	1474
291673451	1474
291673565	1474
291673684	1474
291673814	1474
291673931	1474
291674048	1474
292471563	1474
292471753	1474
292471876	1474
292472023	1474
292472148	1474
292472304	1474
292472429	1474
292472559	1474
292472683	1474
292472829	1474
292472984	1474
292473112	1474
292473291	1474
292473426	1474
292473580	1474
292473704	1474
292473846	1474
292473978	1474
293537731	1474
293537877	1474
293538036	1474
293538354	1474
293538480	1474
293538603	1474
293538732	1474
293538855	1474
293538987	1474
293539116	1474
293539241	1474
293539367	1474
293539493	1474
293539619	1474
293539744	1474
293539870	1474
293540005	1474
293540130	1474
294339393	1474
294339581	1474
294339698	1474
294339839	1474
294339965	1474
294340112	1474
294340240	1474
294340386	1474
294340513	1474
294340645	1474
294340769	1474
294340917	1474
294341044	1474
294341259	1474
294341389	1474
294341514	1474
294341659	1474
294341786	1474
295141731	1474
295141923	1474
295142055	1474
295142188	1474
295142387	1474
295142531	1474
295142677	1474
295142802	1474
295142942	1474
295143065	1474
295143188	1474
295143340	1474
295143493	1474
295143615	1474
295143739	1474
295143867	1474
295143990	1474
295144111	1474
295939626	1474
295939815	1474
295939960	1474
295940085	1474
295940207	1474
295940356	1474
295940481	1474
295940607	1474
295940731	1474
295940886	1474
295941011	1474
295941258	1474
295941402	1474
295941536	1474
295941658	1474
295941783	1474
295941919	1474
296741631	1474
296741910	1474
296742055	1474
296742190	1474
296742311	1474
296742450	1474
296742586	1474
296742709	1474
296742830	1474
296742952	1474
296743095	1474
296743216	1474
296743339	1474
296743476	1474
296743599	1474
296743722	1474
296743845	1474
296743968	1474
297539900	1474
297540167	1474
297540447	1474
297540575	1474
297540711	1474
297540834	1474
297540970	1474
297541091	1474
297541258	1474
297541384	1474
297541527	1474
297541651	1474
297541786	1474
297541908	1474
297542021	1474
297542186	1474
297542309	1474
297542424	1474
298338138	1474
298338388	1474
298338620	1474
298338758	1474
298338901	1474
298339025	1474
298339164	1474
298339302	1474
298339425	1474
298339554	1474
298339679	1474
298339801	1474
298339923	1474
298340075	1474
298340194	1474
298340329	1474
298340473	1474
298340612	1474
299138140	1474
299138377	1474
299138555	1474
299138723	1474
299138907	1474
299139077	1474
299139246	1474
299139410	1474
299139585	1474
299139755	1474
299139924	1474
299140091	1474
299140255	1474
299140422	1474
299140597	1474
299140767	1474
299140932	1474
299937850	1474
299938211	1474
299938339	1474
299938469	1474
299938854	1474
299939044	1474
299939168	1474
299939307	1474
299939429	1474
299939546	1474
299939666	1474
299939804	1474
299939951	1474
299940073	1474
299940206	1474
299940346	1474
299940469	1474
299940588	1474
300738817	1474
300739121	1474
300739247	1474
300739388	1474
300739513	1474
300739640	1474
300739762	1474
300739906	1474
300740030	1474
300740152	1474
300740276	1474
300740412	1474
300740532	1474
300740655	1474
300740778	1474
300740909	1474
300741035	1474
300741207	1474
301539420	1474
301539728	1474
301539883	1474
301540007	1474
301540131	1474
301540271	1474
301540397	1474
301540526	1474
301540652	1474
301540789	1474
301540943	1474
301541069	1474
301541254	1474
301541380	1474
301541505	1474
301541628	1474
301541758	1474
301541901	1474
302337964	1474
302338399	1474
302338532	1474
302338657	1474
302338781	1474
302338920	1474
302339056	1474
302339179	1474
302339321	1474
302339467	1474
302339590	1474
302339723	1474
302339854	1474
302339978	1474
302340104	1474
302340229	1474
302340353	1474
302340500	1474
303137572	1474
303137839	1474
303138027	1474
303138153	1474
303138277	1474
303138444	1474
303138569	1474
303138696	1474
303138819	1474
303138956	1474
303139078	1474
303139194	1474
303139336	1474
303139458	1474
303139598	1474
303139721	1474
303139838	1474
303938201	1474
303938539	1474
303938663	1474
303938782	1474
303938900	1474
303939019	1474
303939156	1474
303939275	1474
303939393	1474
303939511	1474
303939629	1474
303939748	1474
303939866	1474
303939982	1474
303940108	1474
303940226	1474
303940345	1474
304739340	1474
304739615	1474
304739735	1474
304739854	1474
304739972	1474
304740090	1474
304740225	1474
304740348	1474
304740467	1474
304740586	1474
304740704	1474
304740824	1474
304740943	1474
304741083	1474
304741260	1474
304741381	1474
304741501	1474
305538219	1474
305538507	1474
305538628	1474
305538746	1474
305538864	1474
305538983	1474
305539102	1474
305539220	1474
305539348	1474
305539467	1474
305539583	1474
305539702	1474
305539820	1474
305539938	1474
305540057	1474
305540173	1474
305540306	1474
305540424	1474
306604704	1474
306604960	1474
306605083	1474
306605249	1474
306605455	1474
306605599	1474
306605799	1474
306605920	1474
306606037	1474
306606157	1474
306606277	1474
306606409	1474
306606529	1474
306606646	1474
306606763	1474
306606882	1474
306606999	1474
306607116	1474
307405780	1474
307406009	1474
307406316	1474
307406470	1474
307406613	1474
307406738	1474
307406884	1474
307407009	1474
307407144	1474
307407267	1474
307407400	1474
307407535	1474
307407666	1474
307407791	1474
307407912	1474
307408037	1474
307408159	1474
307408278	1474
308205253	1474
308205476	1474
308205791	1474
308205922	1474
308206046	1474
308206193	1474
308206316	1474
308206438	1474
308206575	1474
308206715	1474
308206837	1474
308206960	1474
308207099	1474
308207222	1474
308207347	1474
308207470	1474
308207664	1474
308207788	1474
309005757	1474
309006087	1474
309006219	1474
309006349	1474
309006473	1474
309006604	1474
309006728	1474
309006863	1474
309006985	1474
309007118	1474
309007238	1474
309007358	1474
309007570	1474
309007713	1474
309007836	1474
309007961	1474
309008082	1474
309008227	1474
309805603	1474
309806080	1474
309806216	1474
309806470	1474
309806604	1474
309806742	1474
309806867	1474
309806991	1474
309807123	1474
309807245	1474
309807374	1474
309807498	1474
309807614	1474
309807754	1474
309807894	1474
309808017	1474
309808153	1474
309808303	1474
310605332	1474
310605758	1474
310605886	1474
310606032	1474
310606155	1474
310606277	1474
310606400	1474
310606530	1474
310606653	1474
310606798	1474
310606921	1474
310607051	1474
310607172	1474
310607301	1474
310607425	1474
310607552	1474
310607673	1474
310607813	1474
311405072	1474
311405475	1474
311405650	1474
311405831	1474
311405995	1474
311406157	1474
311406323	1474
311406486	1474
311406648	1474
311406828	1474
311406990	1474
311407153	1474
311407316	1474
311407480	1474
311407642	1474
311407821	1474
311407984	1474
311408149	1474
312205265	1474
312205694	1474
312205836	1474
312205973	1474
312206237	1474
312206353	1474
312206488	1474
312206609	1474
312206733	1474
312206884	1474
312207024	1474
312207145	1474
312207267	1474
312207390	1474
312207518	1474
312207639	1474
312207782	1474
312207908	1474
313271689	1474
313271977	1474
313272300	1474
313272423	1474
313272559	1474
313272698	1474
313272822	1474
313272962	1474
313273085	1474
313273275	1474
313273413	1474
313273544	1474
313273682	1474
313273802	1474
313273960	1474
313274084	1474
313274221	1474
313274352	1474
313805676	1474
313805864	1474
313806090	1474
313806219	1474
313806350	1474
313806473	1474
313806594	1474
313806716	1474
313806849	1474
313806984	1474
313807114	1474
313807231	1474
313807355	1474
313807494	1474
313807616	1474
313807746	1474
313807868	1474
314871854	1474
314872253	1474
314872382	1474
314872519	1474
314872663	1474
314872785	1474
314872911	1474
314873091	1474
314873267	1474
314873398	1474
314873532	1474
314873657	1474
314873783	1474
314873951	1474
314874087	1474
314874236	1474
314874374	1474
314874497	1474
315671647	1474
315671937	1474
315672129	1474
315672317	1474
315672482	1474
315672646	1474
315672817	1474
315672993	1474
315673216	1474
315673383	1474
315673544	1474
315673708	1474
315673870	1474
315674031	1474
315674199	1474
315674363	1474
315674528	1474
315715840	54
315716048	54
315859528	91
315860212	96
315860662	76
315860844	54
315864015	54
315864194	54
315864530	54
