14608755	58
14609901	54
14924514	1474
14924750	1474
14928496	1474
14928810	1474
14933689	1474
14933930	1474
14934248	1474
14934473	1474
14934764	1474
14935018	1474
14936989	334
15072311	1474
15072447	1474
15072573	1474
15072889	138
15073118	1474
15073888	1474
15074176	1474
15074428	1474
15074898	1474
15075251	1474
15075470	1474
15075627	1474
15094434	1474
15094862	1474
15095154	1474
15095428	1474
15095563	1474
15095734	1474
15096033	1474
15096325	474
16363184	1474
16377616	1474
16378041	1474
16396485	1474
16396872	1474
16397458	1474
16397755	1474
16431917	1474
16432114	1474
16433487	1474
16433677	1474
16434286	1474
16434863	1474
16435164	1474
16435622	1474
16476577	1474
16476889	1474
16477258	1474
16477484	1474
16477710	1474
16478340	1474
16478647	1474
16478964	1474
16479124	1474
16479719	1474
16507928	1474
16508247	1474
16508494	1474
16508984	1474
16509494	1474
16509745	1474
16534135	1474
16534339	1474
16535208	1474
16556727	1474
19398553	1474
19402541	1474
19402668	1474
19409471	1474
19409902	1474
19410246	1474
19421894	1474
19422130	1474
19422372	1474
19422591	1474
19438575	1474
19438922	1474
19439311	1474
19439634	1474
19439958	1474
19454766	1474
19455245	1474
19455560	1474
19455891	1474
19456117	1474
19456528	1474
19473480	1474
19473679	1474
19473900	1474
19474397	1474
19474527	1474
19474791	1474
19492708	1474
19492831	1474
19492951	1474
19493071	1474
19493292	1474
19493522	1474
19493760	1474
19505881	1474
19506317	1474
19506537	1474
19507018	1474
19507206	1474
19507335	1474
19507580	1474
19522303	1474
19522518	1474
19522740	1474
19523122	1474
19523252	1474
19523477	1474
19523606	1474
19540723	1474
19540844	1474
19540964	1474
19541082	1474
19541260	1474
19541491	1474
19541751	1474
19558770	1474
19558892	1474
19559052	1474
19559302	1474
19559555	1474
19559690	1474
19559925	1474
19576323	1474
19576566	1474
19576784	1474
19576912	1474
19577034	1474
19577170	1474
19577521	1474
19578396	1474
19591031	1474
19591297	1474
19591427	1474
19591644	1474
19591876	1474
19592198	1474
19592430	1474
19592716	1474
19592939	1474
19608695	1474
19608822	1474
19609033	1474
19609620	1474
19609837	1474
19610144	1474
19610375	1474
19610652	1474
19625827	1474
19626237	1474
19626464	1474
19626727	1474
19626952	1474
19627216	1474
19627436	1474
19627698	1474
19627821	1474
19627971	1474
19640075	1474
19640390	1474
19640621	1474
19640843	1474
19642169	1474
19642584	1474
19642832	1474
19643163	1474
19643390	1474
19657898	1474
19658020	1474
19658179	1474
19658306	1474
19658529	1474
19659004	1474
19659186	1474
19659486	1474
19659713	1474
19659944	1474
19660173	1474
19672214	1474
19672338	1474
19672459	1474
19672584	1474
19672805	1474
19673069	1474
19673244	1474
19673366	1474
19673487	1474
19673605	1474
19680563	1474
19680685	1474
19712106	1474
19712235	1474
19712356	1474
19712480	1474
19712599	1474
19712725	1474
19712845	1474
19712965	1474
19713127	1474
19713255	1474
19713378	1474
19751046	1474
19751346	1474
19751468	1474
19751590	1474
19751711	1474
19751830	1474
19751950	1474
19752069	1474
19752205	1474
19752325	1474
19752444	1474
19791534	1474
19791776	1474
19791898	1474
19792021	1474
19792155	1474
19792277	1474
19792401	1474
19792522	1474
19792643	1474
19792761	1474
19792883	1474
19831289	1474
19831746	1474
19831887	1474
19832005	1474
19832133	1474
19832247	1474
19832364	1474
19832485	1474
19832606	1474
19832726	1474
19832847	1474
19876633	1474
19876892	1474
19877038	1474
19877228	1474
19877359	1474
19877481	1474
19877601	1474
19877722	1474
19877844	1474
20213306	1474
20213482	1474
20214033	1474
20214513	1474
20214921	1474
20215284	1474
20215424	1474
20215640	1474
20215775	1474
20215910	1474
20216043	1474
20216202	1474
20264419	1474
20264566	1474
20264858	1474
21001849	1474
21001982	1474
21002109	1474
21002260	1474
21002397	1474
21002522	1474
21002649	1474
21002793	1474
21002917	1474
21003060	1474
21003184	1474
21003320	1474
21045103	1474
21045457	1474
21045575	1474
21045702	1474
21045824	1474
21045944	1474
21046064	1474
21046267	1474
21046433	1474
21801298	1474
21801450	1474
21801651	1474
21801778	1474
21801905	1474
21802165	1474
21802304	1474
21802458	1474
21802688	1474
21802833	1474
21802963	1474
21803098	1474
21803221	1474
21843873	1474
21844164	1474
22600763	1474
22600964	1474
22601133	1474
22601384	1474
22601609	1474
22601784	1474
22601966	1474
22602155	1474
22602335	1474
22602500	1474
22602666	1474
22602829	1474
22602998	1474
22647332	1474
22647506	1474
22647672	1474
22647838	1474
23401833	1474
23401995	1474
23402143	1474
23402314	1474
23402566	1474
23402757	1474
23402909	1474
23403052	1474
23403199	1474
23403344	1474
23403500	1474
23403641	1474
23403788	1474
23444034	1474
23444240	1474
23444447	1474
23444609	1474
23444774	1474
23444935	1474
23445102	1474
23445311	1474
24200708	1474
24200905	1474
24201118	1474
24201386	1474
24201552	1474
24201713	1474
24201877	1474
24202037	1474
24202199	1474
24202366	1474
24202533	1474
24202692	1474
24202855	1474
24243750	1474
25000998	1474
25001280	1474
25001527	1474
25001785	1474
25002009	1474
25002183	1474
25002367	1474
25002575	1474
25002816	1474
25003044	1474
25003218	1474
25003539	1474
25003709	1474
25003872	1474
25043331	1474
25043583	1474
25043755	1474
25801353	1474
25801677	1474
25801846	1474
25802095	1474
25802320	1474
25802640	1474
25802811	1474
25803005	1474
25803179	1474
25803343	1474
25803518	1474
25803684	1474
25803847	1474
25804010	1474
25843400	1474
25843650	1474
25843884	1474
25844054	1474
25844216	1474
25844382	1474
25844560	1474
25844726	1474
26601093	1474
26601384	1474
26601623	1474
26601835	1474
26602062	1474
26602265	1474
26602549	1474
26602888	1474
26603081	1474
26603330	1474
26603512	1474
26603676	1474
26603842	1474
26604006	1474
26643156	1474
27400812	1474
27401010	1474
27401225	1474
27401474	1474
27401700	1474
27401892	1474
27402058	1474
27402245	1474
27402447	1474
27402612	1474
27402818	1474
27402980	1474
27403142	1474
27403303	1474
27403464	1474
27443269	1474
27443495	1474
28201962	1474
28202192	1474
28202357	1474
28202519	1474
28202680	1474
28202885	1474
28203043	1474
28203205	1474
28203369	1474
28203527	1474
28203688	1474
28203863	1474
28204026	1474
28204189	1474
28283310	1474
28283535	1474
28283711	1474
29267539	1474
29267802	1474
29268016	1474
29268209	1474
29268428	1474
29268686	1474
29268861	1474
29269052	1474
29269293	1474
29269462	1474
29269625	1474
29269798	1474
29269963	1474
29270127	1474
29270308	1474
29307220	1474
29307467	1474
29307630	1474
29802128	1474
29802292	1474
29802497	1474
29802716	1474
29802964	1474
29803148	1474
29803314	1474
29803476	1474
29803637	1474
29803798	1474
29803976	1474
29804141	1474
29804303	1474
29804465	1474
29843671	1474
29843918	1474
30602882	1474
30603056	1474
30603218	1474
30603471	1474
30603686	1474
30603979	1474
30604174	1474
30604390	1474
30604554	1474
30604717	1474
30604888	1474
30605053	1474
30605267	1474
30605437	1474
30605599	1474
30643520	1474
30644228	1474
30644400	1474
31669104	1474
31669428	1474
31669683	1474
31669945	1474
31670165	1474
31670455	1474
31670651	1474
31670871	1474
31671058	1474
31671224	1474
31671388	1474
31671554	1474
31671719	1474
31671884	1474
31672062	1474
31711260	1474
31711537	1474
31711716	1474
32470946	1474
32471253	1474
32471402	1474
32471540	1474
32471662	1474
32471786	1474
32471928	1474
32472054	1474
32472179	1474
32472311	1474
32472434	1474
32472566	1474
32472709	1474
32472838	1474
32472963	1474
32510981	1474
32511307	1474
33268746	1474
33269088	1474
33269264	1474
33269383	1474
33269507	1474
33269784	1474
33270012	1474
33270130	1474
33270252	1474
33270378	1474
33270511	1474
33270822	1474
33271051	1474
33271408	1474
33271536	1474
33271685	1474
33311354	1474
34067853	1474
34068007	1474
34068293	1474
34068443	1474
34068584	1474
34068845	1474
34068991	1474
34069349	1474
34069490	1474
34069614	1474
34069735	1474
34069868	1474
34070007	1474
34070135	1474
34070263	1474
34070416	1474
34108030	1474
34108208	1474
34868525	1474
34868703	1474
34869069	1474
34869248	1474
34869474	1474
34869605	1474
34869729	1474
34869851	1474
34870069	1474
34870206	1474
34870431	1474
34870560	1474
34870684	1474
34870805	1474
34870926	1474
34871049	1474
34911366	1474
34911541	1474
35667239	1474
35667385	1474
35667573	1474
35667697	1474
35667821	1474
35667960	1474
35668094	1474
35668211	1474
35668329	1474
35668451	1474
35668569	1474
35668688	1474
35668808	1474
35668927	1474
35669074	1474
35707747	1474
35707918	1474
35708084	1474
36201423	1474
36201543	1474
36201664	1474
36201783	1474
36201902	1474
36202019	1474
36202142	1474
36202273	1474
36202395	1474
36202612	1474
36202742	1474
36202862	1474
36203077	1474
37000926	1474
37001103	1474
37001336	1474
37001505	1474
37001668	1474
37001830	1474
37001992	1474
37002167	1474
37002332	1474
37002498	1474
37002664	1474
37002827	1474
37002990	1474
37003157	1474
37003360	1474
37045057	1474
37045438	1474
37802960	1474
37803152	1474
37803387	1474
37803611	1474
37803799	1474
37803991	1474
37804160	1474
37804322	1474
37804481	1474
37804641	1474
37804800	1474
37804960	1474
37805128	1474
37805363	1474
37805531	1474
37805692	1474
37806205	1474
38602846	1474
38603188	1474
38603411	1474
38603673	1474
38604008	1474
38604186	1474
38604350	1474
38604510	1474
38604672	1474
38604831	1474
38604990	1474
38605151	1474
38605378	1474
38605547	1474
38605708	1474
38605867	1474
38606527	1474
38643366	1474
39402858	1474
39403050	1474
39403283	1474
39403524	1474
39403695	1474
39403878	1474
39404041	1474
39404205	1474
39404379	1474
39404547	1474
39404710	1474
39404872	1474
39405037	1474
39405260	1474
39405428	1474
39405591	1474
39406264	1474
40202374	1474
40202539	1474
40202732	1474
40202965	1474
40203186	1474
40203392	1474
40203582	1474
40203777	1474
40203938	1474
40204100	1474
40204269	1474
40204430	1474
40204590	1474
40204751	1474
40204911	1474
40205073	1474
40205294	1474
41003989	1474
41004152	1474
41004322	1474
41004510	1474
41004749	1474
41005435	1474
41005630	1474
41005866	1474
41006026	1474
41006187	1474
41006452	1474
41006668	1474
41006994	1474
41007161	1474
41007331	1474
41007492	1474
41008161	1474
41043213	1474
41802238	1474
41802416	1474
41802591	1474
41802795	1474
41803014	1474
41803228	1474
41803419	1474
41803610	1474
41803838	1474
41804003	1474
41804165	1474
41804334	1474
41804499	1474
41804680	1474
41804842	1474
41805005	1474
41844349	1474
42600693	1474
42600972	1474
42601182	1474
42601444	1474
42601662	1474
42601883	1474
42602063	1474
42602250	1474
42602492	1474
42602660	1474
42602822	1474
42602983	1474
42603145	1474
42603307	1474
42603477	1474
42603673	1474
42603836	1474
43402584	1474
43403086	1474
43403514	1474
43403752	1474
43404179	1474
43404352	1474
43404522	1474
43404683	1474
43404843	1474
43405005	1474
43405209	1474
43405395	1474
43405582	1474
43405743	1474
43405903	1474
43406062	1474
43406224	1474
43406478	1474
44202841	1474
44203014	1474
44203181	1474
44203436	1474
44203692	1474
44203983	1474
44204177	1474
44204391	1474
44204565	1474
44204733	1474
44204898	1474
44205061	1474
44205303	1474
44205474	1474
44205660	1474
44205823	1474
44205989	1474
44206158	1474
45003097	1474
45003334	1474
45003499	1474
45003765	1474
45003986	1474
45004234	1474
45004415	1474
45004613	1474
45004872	1474
45005035	1474
45005248	1474
45005419	1474
45005589	1474
45005752	1474
45005932	1474
45006097	1474
45006331	1474
45006561	1474
46070166	1474
46070482	1474
46070699	1474
46070829	1474
46070969	1474
46071100	1474
46071346	1474
46071480	1474
46072028	1474
46072168	1474
46072301	1474
46072420	1474
46072544	1474
46072761	1474
46072887	1474
46073033	1474
46073275	1474
46113173	1474
46868009	1474
46868248	1474
46868415	1474
46868683	1474
46868905	1474
46869327	1474
46869530	1474
46869718	1474
46869884	1474
46870047	1474
46870212	1474
46870461	1474
46870692	1474
46871077	1474
46871276	1474
46871472	1474
46871638	1474
46871813	1474
47668781	1474
47668966	1474
47669273	1474
47669401	1474
47669637	1474
47669865	1474
47669995	1474
47670120	1474
47670243	1474
47670404	1474
47670533	1474
47670788	1474
47671009	1474
47671196	1474
47671324	1474
47671446	1474
47671572	1474
47671693	1474
48468021	1474
48468241	1474
48468363	1474
48468558	1474
48468685	1474
48468818	1474
48468939	1474
48469083	1474
48469263	1474
48469382	1474
48469502	1474
48469632	1474
48469752	1474
48469889	1474
48470010	1474
48470134	1474
48470259	1474
48507251	1474
49267129	1474
49267437	1474
49267566	1474
49267715	1474
49267852	1474
49267994	1474
49268128	1474
49268273	1474
49268397	1474
49268525	1474
49268650	1474
49268773	1474
49268914	1474
49269089	1474
49269260	1474
49269407	1474
49269543	1474
49308067	1474
50069554	1474
50069727	1474
50069927	1474
50070051	1474
50070178	1474
50070313	1474
50070558	1474
50070687	1474
50070830	1474
50070977	1474
50071204	1474
50071343	1474
50071482	1474
50071603	1474
50071727	1474
50071893	1474
50072018	1474
50072155	1474
50867543	1474
50867723	1474
50867957	1474
50868104	1474
50868226	1474
50868448	1474
50868582	1474
50868712	1474
50868838	1474
50868982	1474
50869182	1474
50869313	1474
50869455	1474
50869592	1474
50869716	1474
50869848	1474
50870005	1474
51670231	1474
51670406	1474
51670629	1474
51670756	1474
51670888	1474
51671031	1474
51671163	1474
51671317	1474
51671527	1474
51671653	1474
51671780	1474
51672065	1474
51672209	1474
51672327	1474
51672450	1474
51672580	1474
51672715	1474
51672838	1474
52467892	1474
52468123	1474
52468248	1474
52468367	1474
52468486	1474
52468606	1474
52468726	1474
52468846	1474
52468965	1474
52469211	1474
52469333	1474
52469454	1474
52469572	1474
52469692	1474
52469811	1474
52469931	1474
52470063	1474
52470183	1474
53267874	1474
53268054	1474
53268252	1474
53268375	1474
53268495	1474
53268616	1474
53268736	1474
53268856	1474
53268977	1474
53269172	1474
53269295	1474
53269417	1474
53269535	1474
53269654	1474
53269773	1474
53269891	1474
53270009	1474
54067487	1474
54067655	1474
54067886	1474
54068008	1474
54068167	1474
54068405	1474
54068535	1474
54068656	1474
54068776	1474
54068898	1474
54069037	1474
54069211	1474
54069332	1474
54069461	1474
54069585	1474
54069708	1474
54069830	1474
54069951	1474
54868235	1474
54868412	1474
54868837	1474
54868959	1474
54869333	1474
54869465	1474
54869586	1474
54869705	1474
54869823	1474
54869942	1474
54870062	1474
54870195	1474
54870319	1474
54870439	1474
54870561	1474
54870792	1474
54870921	1474
54871045	1474
55934151	1474
55934390	1474
55934513	1474
55934632	1474
55934758	1474
55935001	1474
55935128	1474
55935282	1474
55935404	1474
55935522	1474
55935640	1474
55935759	1474
55935879	1474
55935999	1474
55936119	1474
55936253	1474
55936373	1474
55936491	1474
56735069	1474
56735205	1474
56735340	1474
56735630	1474
56735760	1474
56735903	1474
56736028	1474
56736168	1474
56736300	1474
56736425	1474
56736561	1474
56736706	1474
56736831	1474
56736958	1474
56737146	1474
56737292	1474
56737454	1474
56737580	1474
57534003	1474
57534159	1474
57534590	1474
57534740	1474
57534947	1474
57535071	1474
57535205	1474
57535352	1474
57535475	1474
57535598	1474
57535718	1474
57535853	1474
57535973	1474
57536101	1474
57536225	1474
57536414	1474
57536542	1474
58333788	1474
58334161	1474
58334300	1474
58334455	1474
58334584	1474
58334882	1474
58335012	1474
58335139	1474
58335279	1474
58335410	1474
58335539	1474
58335661	438
67604027	54
67730226	58
67731739	54
67859979	1474
67860121	1474
67861283	1474
67861427	1474
67861558	1474
67862392	1474
67862537	1474
67862667	1474
67863504	1474
67863642	1474
67863783	334
67987660	1474
67987804	1474
67987960	1474
67988089	1474
67988261	1474
67988394	1474
67988778	1474
67989831	1474
67990052	1474
67990189	1474
67990316	1474
67990452	1474
67990587	1474
67991063	1474
67991291	1474
67991470	1474
67991768	502
68115017	1474
68115348	1474
68115574	1474
68115707	1474
68115876	1474
68116070	1474
68116374	1474
68116844	1474
68117110	1474
68117622	306
68117909	1474
68118049	1474
68118185	110
68118369	1474
68118519	1474
68118674	1474
68119121	1474
68119435	1474
68119582	1474
68119709	1474
68119835	1474
68120163	1474
68120384	1474
68120567	1474
68120700	1474
68121070	1474
68121334	1474
68121482	1474
68121644	474
68243275	1474
68243541	1474
68243683	1474
68243808	1474
68243939	1474
68244085	1474
68244222	1474
68244524	1474
68244656	1474
68245310	1474
68245505	334
68245795	1474
68246277	1474
68246504	1474
68246653	1474
68246861	1474
68247013	1474
68247346	1474
68247486	1474
68247635	278
68247967	1474
68248226	1474
68248394	1474
68248675	1474
68249338	1474
68249521	194
68249663	1474
68249943	1474
68250089	1474
68250364	1474
68250790	1474
68251019	1474
68251153	1474
68251392	1474
68251548	1474
68251823	306
68370808	1474
68371096	1474
68371239	1474
68371361	1474
68371485	1474
68371606	1474
68371734	1474
68371883	1474
68372154	1474
68372615	1474
68373041	1474
68373247	1474
68373493	1474
68373787	1474
68373936	446
68374303	1474
68374530	1474
68374660	1474
68374785	1474
68374915	1474
68375060	1474
68375206	222
68375347	1474
68375645	1474
68375822	1474
68376086	138
68376227	1474
68376523	1474
68376674	1474
68376836	1474
68377000	1474
68377438	194
68377694	1474
68377828	1474
68377972	1474
68378162	1474
68378491	1474
68378717	1474
68378945	1474
68379078	1474
68379205	1474
68379505	306
68379741	1474
68379872	82
68498870	1474
68499206	1474
68499329	1474
68499614	1474
68499748	1474
68499883	1474
68500024	1474
68500148	250
68500283	1474
68500404	1474
68500526	1474
68500648	1474
68500769	1474
68500894	1474
68501034	1474
68501203	250
68501325	1474
68501448	1474
68501569	1474
68501702	1474
68501840	1474
68501968	1474
68502084	1474
68502204	1474
68502331	1474
68502451	1474
68502566	1474
68502686	1474
68502809	1474
68502947	418
68539396	1474
68539722	1474
68540020	1474
68540150	1474
68540273	1474
68540410	1474
68540531	1474
68540668	1474
68540792	1474
68540916	1474
68541077	1474
68541249	1474
68541395	1474
68541519	1474
68541665	1474
68541788	1474
68541910	1474
68542046	530
68542180	1474
68542317	82
68542437	1474
68542557	82
68626484	1474
68626654	1474
68626770	1474
68626944	1474
68627078	1474
68627199	1474
68627319	1474
68627560	1474
68627697	278
68627824	1474
68627946	1474
68628082	1474
68709800	1474
68709930	1474
68710068	1474
68710212	1474
68710329	1474
68710448	1474
68710569	1474
68710692	1474
68710814	1474
68710934	1474
68711071	1474
68711192	1474
68711314	1474
68711437	1474
68711557	1474
69508336	1474
69508480	1474
69508622	1474
69508768	1474
69509102	1474
69509468	1474
69509747	1474
69509875	1474
69509997	1474
69510147	1474
69510268	1474
69510414	1474
69510537	1474
69510671	1474
69510793	1474
69510917	1474
69516114	1474
70309631	1474
70309757	1474
70309869	1474
70310008	1474
70310147	1474
70310281	1474
70310406	1474
70310547	1474
70310766	1474
70310896	1474
70311017	1474
70311154	1474
70311278	1474
70311402	1474
70311524	1474
70311647	1474
71108778	1474
71108913	1474
71109379	1474
71109777	1474
71109967	1474
71110182	1474
71110314	1474
71110455	1474
71110583	1474
71110728	1474
71110852	1474
71110977	1474
71111103	1474
71111240	1474
71111364	1474
71111490	1474
71111616	1474
71111741	1474
71640285	1474
71640529	1474
71640656	1474
71640804	1474
71641120	1474
71641592	1474
71641726	1474
71641866	1474
71641991	1474
71642116	1474
71642259	1474
71642386	1474
71642537	1474
71642814	1474
71643038	1474
71643174	1474
71643321	1474
71643447	1474
72441641	1474
72441819	1474
72441991	1474
72442258	1474
72442486	1474
72442704	1474
72442929	1474
72443113	1474
72443294	1474
72443461	1474
72443650	1474
72443819	1474
72443987	1474
72444152	1474
72444340	1474
72444505	1474
72444673	1474
73245684	1474
73245856	1474
73246023	1474
73246286	1474
73246509	1474
73246773	1474
73246943	1474
73247109	1474
73247282	1474
73247449	1474
73247614	1474
73247781	1474
73247946	1474
73248112	1474
73248284	1474
73248454	1474
73774698	1474
73774829	1474
73774969	1474
73775105	1474
73775235	1474
73775404	1474
73775656	1474
73775881	1474
73776003	1474
73776125	1474
73776238	1474
73776384	1474
73776527	1474
73776653	1474
73776781	1474
73776933	1474
73777060	1474
74573987	1474
74574247	1474
74574377	1474
74574497	1474
74574626	1474
74574842	1474
74574975	1474
74575517	1474
74575647	1474
74575772	1474
74575892	1474
74576013	1474
74576134	1474
74576255	1474
74576388	1474
74576511	1474
75374090	1474
75374321	1474
75374461	1474
75374625	1474
75374758	1474
75374984	1474
75375116	1474
75375240	1474
75375363	1474
75375500	1474
75375622	1474
75375744	1474
75375865	1474
75375987	1474
75376109	1474
75376230	1474
75376351	1474
75376488	1474
76173542	1474
76173693	1474
76173818	1474
76173941	1474
76174062	1474
76174183	1474
76174407	1474
76174553	1474
76174792	1474
76174988	1474
76175119	1474
76175264	1474
76175387	1474
76175524	1474
76175644	1474
76175763	1474
76175882	1474
76974908	1474
76975120	1474
76975348	1474
76975478	1474
76975762	1474
76975930	1474
76976053	1474
76976173	1474
76976292	1474
76976413	1474
76976549	1474
76976670	1474
76976789	1474
76976912	1474
76977050	1474
76977245	1474
76977369	1474
76977489	1474
77774134	1474
77774361	1474
77774583	1474
77774726	1474
77775040	1474
77775216	1474
77775339	1474
77775459	1474
77775579	1474
77775714	1474
77775833	1474
77775952	1474
77776070	1474
77776187	1474
77776307	1474
77776425	1474
77776543	1474
77776670	1474
78574465	1474
78574766	1474
78574987	1474
78575115	1474
78575425	1474
78575592	1474
78575730	1474
78575850	1474
78575969	1474
78576087	1474
78576206	1474
78576331	1474
78576451	1474
78576572	1474
78576699	1474
78576822	1474
78576942	1474
79373638	1474
79373861	1474
79373985	1474
79374104	1474
79374222	1474
79374441	1474
79374570	1474
79374841	1474
79374951	1474
79375067	1474
79375244	1474
79375367	1474
79375488	1474
79375606	1474
79375723	1474
79375853	1474
79375970	1474
79376088	1474
80174253	1474
80174497	1474
80174620	1474
80174743	1474
80174967	1474
80175076	1474
80175185	1474
80175305	1474
80175414	1474
80175611	1474
80175743	1474
80175861	1474
80176081	1474
80176187	1474
80176296	1474
80176403	1474
80176509	1474
80176618	1474
80973983	1474
80974221	1474
80974344	1474
80974573	1474
80974703	1474
80975000	1474
80975204	1474
80975388	1474
80975525	1474
80975761	1474
80975902	1474
80976174	1474
80976360	1474
80976481	1474
80976602	1474
80976724	1474
80976860	1474
80976986	1474
82049396	1474
82049519	1474
82049641	1474
82049788	1474
82049928	1474
82050149	1474
82050278	1474
82050401	1474
82050523	1474
82050645	1474
82050767	1474
82050903	1474
82051024	1474
82051147	1474
82051268	1474
82051389	1474
82051510	1474
82051631	1474
82847325	1474
82847451	1474
82847572	1474
82847692	1474
82847815	1474
82848045	1474
82848175	1474
82848297	1474
82848422	1474
82848545	1474
82848670	1474
82848793	1474
82848920	1474
82849060	1474
82849231	1474
82849364	1474
82849485	1474
83640798	1474
83640922	1474
83641072	1474
83641243	1474
83641372	1474
83641493	1474
83641613	1474
83641733	1474
83641852	1474
83641985	1474
83642107	1474
83642227	1474
83642346	1474
83642466	1474
83642586	1474
83642706	1474
83642826	1474
83642954	1474
84443487	1474
84443612	1474
84443730	1474
84443851	1474
84444075	1474
84444205	1474
84444329	1474
84444450	1474
84444570	1474
84444691	1474
84444812	1474
84444931	1474
84445082	1474
84445248	1474
84445370	1474
84445492	1474
84445613	1474
85244404	1474
85244527	1474
85244648	1474
85244765	1474
85244886	1474
85245142	1474
85245272	1474
85245394	1474
85245515	1474
85245635	1474
85245761	1474
85245882	1474
85246003	1474
85246138	1474
85246258	1474
85246378	1474
85246498	1474
85246624	1474
86046278	1474
86046403	1474
86046580	1474
86046729	1474
86047019	1474
86047262	1474
86047394	1474
86047519	1474
86047642	1474
86047781	1474
86047903	1474
86048025	1474
86048157	1474
86048280	1474
86048414	1474
86048550	1474
86048673	1474
86048806	1474
86843636	1474
86843762	1474
86843887	1474
86844006	1474
86844131	1474
86844424	1474
86844558	1474
86844682	1474
86844804	1474
86844927	1474
86845081	1474
86845351	1474
86845481	1474
86845614	1474
86845737	1474
86845858	1474
86845979	1474
87640678	1474
87640824	1474
87641121	1474
87641715	1474
87642024	1474
87642155	1474
87642622	1474
87642751	1474
87642891	1474
87643016	1474
87643138	1474
87643270	1474
87643393	1474
87643515	1474
87643645	1474
87643765	1474
87643888	1474
87644010	1474
88441038	1474
88441327	1474
88441466	1474
88441714	1474
88441842	1474
88441982	1474
88442104	1474
88442244	1474
88442381	1474
88442502	1474
88442634	1474
88442756	1474
88442904	1474
88443026	1474
88443159	1474
88443288	1474
88443415	1474
89241430	1474
89242284	1474
89242435	1474
89242588	1474
89242850	1474
89242976	1474
89243099	1474
89243246	1474
89243383	1474
89243508	1474
89243633	1474
89243775	1474
89243897	1474
89244023	1474
89244148	1474
89244272	1474
89244410	1474
89244533	1474
90041041	1474
90041307	1474
90041515	1474
90041664	1474
90041897	1474
90042069	1474
90042651	1474
90042788	1474
90042936	1474
90043057	1474
90043192	1474
90043327	1474
90043467	1474
90043610	1474
90043732	1474
90043864	1474
90043987	1474
90044127	1474
90841205	1474
90841355	1474
90841604	1474
90841900	1474
90842078	1474
90843074	1474
90843223	1474
90843360	1474
90843495	1474
90843628	1474
90843770	1474
90843891	1474
90844019	1474
90844161	1474
90844281	1474
90844404	1474
90844601	1474
90844743	1474
91640556	1474
91640717	1474
91640890	1474
91641232	1474
91641386	1474
91641638	1474
91641814	1474
91642418	1474
91642685	1474
91642814	1474
91642940	1474
91643063	1474
91643194	1474
91643317	1474
91643456	1474
91643592	1474
91643721	1474
91643845	1474
92441327	1474
92441509	1474
92441726	1474
92441886	1474
92442714	1474
92442878	1474
92443006	1474
92443130	1474
92443255	1474
92443394	1474
92443519	1474
92443659	1474
92443787	1474
92443916	1474
92444046	1474
92444170	1474
92444292	1474
92444475	1474
93508235	1474
93508360	1474
93508480	1474
93508624	1474
93508749	1474
93508990	1474
93509146	1474
93509276	1474
93509427	1474
93509626	1474
93509960	1474
93510146	1474
93510273	1474
93510395	1474
93510516	1474
93510647	1474
93510875	1474
93511046	1474
94308997	1474
94309199	1474
94309452	1474
94309583	1474
94309911	1474
94310156	1474
94310286	1474
94310411	1474
94310534	1474
94310671	1474
94310831	1474
94311079	1474
94311210	1474
94311377	1474
94311501	1474
94311624	1474
94311842	1474
94311981	1474
95108507	1474
95109325	1474
95109562	1474
95109788	1474
95109935	1474
95110229	1474
95110354	1474
95110477	1474
95110682	1474
95110818	1474
95110942	1474
95111063	1474
95111183	1474
95111306	1474
95111426	1474
95111546	1474
95111667	1474
95111803	1474
95907607	1474
95907853	1474
95908128	1474
95908303	1474
95908720	1474
95908996	1474
95909305	1474
95909435	1474
95909935	1474
95910117	1474
95910241	1474
95910363	1474
95910493	1474
95910615	1474
95910747	1474
95910977	1474
95911108	1474
95911232	1474
96707377	1474
96707631	1474
96707865	1474
96708213	1474
96708341	1474
96708561	1474
96708700	1474
96708834	1474
96708957	1474
96709105	1474
96709378	1474
96709505	1474
96709973	1474
96710100	1474
96710224	1474
96710349	1474
96710471	1474
97507716	1474
97507934	1474
97508060	1474
97508184	1474
97508310	1474
97508534	1474
97508707	1474
97509279	1474
97509412	1474
97509533	1474
97509654	1474
97509766	1474
97509893	1474
97510008	1474
97510115	1474
97510221	1474
97510326	1474
97510437	1474
98308361	1474
98308591	1474
98308720	1474
98309654	1474
98309949	1474
98310167	1474
98310360	1474
98310848	1474
98311145	1474
98311278	1474
98311393	1474
98311513	1474
98311632	1474
98311752	1474
98311871	1474
98312006	1474
98314404	1474
98840873	1474
98841095	1474
98841459	1474
98841797	1474
98841933	1474
98842073	1474
98842205	1474
98842331	1474
98842457	1474
98842598	1474
98842721	1474
98842862	1474
98842994	1474
98843123	1474
98843249	1474
99640554	1474
99640800	1474
99640928	1474
99641181	1474
99641405	1474
99641543	1474
99641671	1474
99641795	1474
99641936	1474
99642071	1474
99642205	1474
99642332	1474
99642459	1474
99642585	1474
99642710	1474
99642851	1474
99642975	1474
100707825	1474
100708120	1474
100708343	1474
100708535	1474
100709402	1474
100709671	1474
100709790	1474
100709918	1474
100710040	1474
100710151	1474
100710285	1474
100710397	1474
100710508	1474
100710620	1474
100710733	1474
100710844	1474
100710956	1474
100711086	1474
101508928	1474
101509429	1474
101509554	1474
101509663	1474
101509877	1474
101510009	1474
101510137	1474
101510252	1474
101510367	1474
101510476	1474
101510581	1474
101510691	1474
101510802	1474
101510911	1474
101511018	1474
101511145	1474
101511252	1474
101511361	1474
102307775	1474
102308069	1474
102308200	1474
102308341	1474
102308477	1474
102308602	1474
102308731	1474
102308874	1474
102309000	1474
102309158	1474
102309634	1474
102309781	1474
102309929	1474
102310054	1474
102310183	1474
102310325	1474
102310453	1474
102310577	1474
103107414	1474
103107636	1474
103107780	1474
103108085	1474
103108211	1474
103108356	1474
103108480	1474
103108604	1474
103108728	1474
103108850	1474
103108994	1474
103109312	1474
103109445	1474
103109566	1474
103109682	1474
103109803	1474
103109935	1474
103110062	1474
103907263	1474
103907556	1474
103907685	1474
103907807	1474
103907929	1474
103908050	1474
103908170	1474
103908296	1474
103908432	1474
103908553	1474
103908675	1474
103908798	1474
103908919	1474
103909042	1474
103909210	1474
103909352	1474
103909474	1474
103909597	1474
104707506	1474
104707641	1474
104707865	1474
104708002	1474
104708127	1474
104708328	1474
104708532	1474
104708655	1474
104708793	1474
104708914	1474
104709038	1474
104709253	1474
104709396	1474
104709541	1474
104709662	1474
104709781	1474
104709902	1474
105507252	1474
105507507	1474
105507634	1474
105507756	1474
105507878	1474
105508000	1474
105508123	1474
105508246	1474
105508371	1474
105508503	1474
105508624	1474
105508749	1474
105508871	1474
105508991	1474
105509143	1474
105509304	1474
105509441	1474
105509564	1474
106307225	1474
106307416	1474
106307548	1474
106307669	1474
106307789	1474
106307908	1474
106308027	1474
106308146	1474
106308263	1474
106308382	1474
106308500	1474
106308632	1474
106308751	1474
106308868	1474
106308987	1474
106309169	1474
106309296	1474
106309418	1474
107107436	1474
107107682	1474
107107805	1474
107107923	1474
107108045	1474
107108167	1474
107108288	1474
107108409	1474
107108531	1474
107108651	1474
107108783	1474
107108901	1474
107109085	1474
107109254	1474
107109373	1474
107109494	1474
107109611	1474
107109746	1474
108175994	1474
108176233	1474
108176465	1474
108176652	1474
108176894	1474
108177044	1474
108177214	1474
108177336	1474
108177454	1474
108177579	1474
108177713	1474
108177832	1474
108177947	1474
108178064	1474
108178186	1474
108178304	1474
108178422	1414
118683932	54
118812139	58
118813401	54
118941562	1474
118941704	1474
118942797	1474
118943090	1474
118943226	1474
118943816	1474
118944311	1474
118944674	1474
118944993	1474
118945602	1474
118945941	334
119070865	1474
119071034	1474
119071197	1474
119071373	1474
119071587	1474
119071855	1474
119072175	1474
119072435	1474
119072762	1474
119073151	1474
119073529	1474
119073808	362
119074126	1474
119074459	82
119197930	1474
119198436	1474
119201234	1474
119201475	1474
119201699	1474
119201881	1474
119202137	1474
119202382	1474
119202778	1474
119203237	1474
119203465	1474
119203639	1474
119203956	1474
119204174	1474
119204510	1474
119204802	1474
119205019	1474
119205296	1474
119205618	1474
119205893	586
119206113	1474
119206458	82
119325397	1474
119325599	1474
119325724	1474
119325852	1474
119325996	1474
119326124	1474
119326473	1474
119326649	1474
119326780	1474
119327037	1474
119327173	1474
119327443	1474
119327686	390
119327909	1474
119328042	1474
119328167	1474
119328301	1474
119328504	1474
119328745	1474
119329102	1474
119329440	1474
119329606	1474
119329747	1474
119329876	1474
119330124	1474
119330432	1474
119330805	418
119330940	1474
119331205	82
119453078	1474
119453316	1474
119453457	1474
119453591	1474
119453706	1474
119453820	1474
119453956	1474
119454172	1474
119454311	278
119454763	1474
119454987	1474
119455117	110
119455571	1474
119455775	1474
119455923	1474
119456039	1474
119456153	1474
119456409	1474
119456535	1474
119456733	250
119456854	1474
119457160	1474
119457372	1474
119457486	1474
119457618	1474
119457758	1474
119457976	1474
119458266	1474
119458449	1474
119458594	306
119458836	1474
119459168	1474
119459345	1474
119459613	1474
119459756	1474
119459873	1474
119460092	222
119581382	1474
119581618	1474
119581727	1474
119582029	1474
119582162	1474
119582298	194
119582512	1474
119582651	1474
119582844	1474
119583042	1474
119583163	1474
119583395	1474
119583512	1474
119583640	1474
119584480	1474
119584644	1474
119584784	1474
119584949	362
119585069	1474
119585503	1474
119585668	1474
119585796	1474
119586129	1474
119586328	1474
119586536	1474
119586725	1474
119586867	1474
119587005	1474
119587219	1474
119587380	1474
119587501	390
119587614	1474
119587741	1474
119587854	1474
119587965	1474
119588078	1474
119588193	1474
119588307	1474
119588434	1474
119588549	1474
119588662	1474
119588777	1474
119588891	1474
119589004	1474
119589128	1474
119589347	446
119708700	1474
119709020	1474
119709485	110
119709633	1474
119709952	1474
119710087	1474
119710214	1474
119710354	1474
119710490	1474
119710628	1474
119710750	1474
119710890	1474
119711013	1474
119711150	1474
119711273	1474
119711522	1474
119711644	1474
119711768	1474
119711908	1474
119712031	1474
119712168	1474
119712294	1474
119712539	1474
119712665	1474
119712790	1474
119712935	1474
119713060	1474
119713235	726
119748024	1474
119748320	1474
119748468	1474
119748595	1474
119748739	1474
119748863	1474
119748989	1474
119749186	1474
119749324	1474
119749465	1474
119749602	1474
119749734	1474
119749860	1474
119749988	1474
119750110	1474
119750233	1474
119750355	1474
119750508	1474
119750632	1474
119750753	1474
119750876	1474
119751018	1474
119751141	1474
119751261	1474
120496278	1474
120496536	1474
120496672	1474
120496813	1474
120496939	1474
120497135	1474
120497443	1474
120497585	1474
120497708	1474
120497847	1474
120497967	1474
120498093	1474
120498212	1474
120498342	1474
120498473	1474
120498598	1474
120498718	1474
120498854	1474
120498986	1474
120499106	1474
121295937	1474
121296236	1474
121296373	1474
121296503	1474
121296631	1474
121296917	1474
121297050	1474
121297333	1474
121297462	1474
121297598	1474
121297746	1474
121297868	1474
121298003	1474
121298127	1474
121298252	1474
121298376	1474
121298544	1474
121298668	1474
122097945	1474
122098430	1474
122098562	1474
122098698	1474
122098844	1474
122098994	1474
122099207	1474
122099335	1474
122099475	1474
122099613	1474
122099738	1474
122099863	1474
122099988	1474
122100110	1474
122100239	1474
122100363	1474
122100488	1474
122895992	1474
122896237	1474
122896512	1474
122896711	1474
122896856	1474
122897011	1474
122897324	1474
122897442	1474
122897577	1474
122897717	1474
122897853	1474
122897984	1474
122898105	1474
122898237	1474
122898360	1474
122898488	1474
122898609	1474
123430517	1474
123430817	1474
123430962	1474
123431085	1474
123431210	1474
123431334	1474
123431457	1474
123431582	1474
123431718	1474
123431842	1474
123431985	1474
123432120	1474
123432254	1474
123432375	1474
123432495	1474
123432619	1474
123432756	1474
124233472	1474
124233776	1474
124233910	1474
124234050	1474
124234179	1474
124234338	1474
124234598	1474
124234731	1474
124235036	1474
124235159	1474
124235275	1474
124235400	1474
124235510	1474
124235636	1474
124235934	1474
124236051	1474
124236175	1474
124236286	1474
125031728	1474
125032058	1474
125032213	1474
125032395	1474
125032521	1474
125032975	1474
125033184	1474
125033391	1474
125033527	1474
125033649	1474
125033791	1474
125033915	1474
125034053	1474
125034173	1474
125034307	1474
125034427	1474
125034550	1474
125034672	1474
125830216	1474
125830448	1474
125830619	1474
125830888	1474
125831113	1474
125831361	1474
125831527	1474
125831692	1474
125831866	1474
125832031	1474
125832195	1474
125832357	1474
125832520	1474
125832685	1474
125832864	1474
125833030	1474
125833259	1474
126630602	1474
126630861	1474
126631048	1474
126631307	1474
126631526	1474
126631786	1474
126631963	1474
126632134	1474
126632299	1474
126632466	1474
126632630	1474
126632796	1474
126632970	1474
126633138	1474
126633352	1474
126633529	1474
126633695	1474
126633859	1474
127432104	1474
127432374	1474
127432549	1474
127432741	1474
127432978	1474
127433199	1474
127433372	1474
127433535	1474
127433723	1474
127433889	1474
127434069	1474
127434233	1474
127434398	1474
127434562	1474
127434726	1474
127434891	1474
127435071	1474
128229704	1474
128229955	1474
128230217	1474
128230443	1474
128230646	1474
128230816	1474
128230980	1474
128231163	1474
128231334	1474
128231497	1474
128231663	1474
128231829	1474
128231996	1474
128232174	1474
128232343	1474
128232511	1474
128232675	1474
128232844	1474
129030148	1474
129030470	1474
129030642	1474
129030842	1474
129031083	1474
129031297	1474
129031487	1474
129031679	1474
129031917	1474
129032082	1474
129032267	1474
129032433	1474
129032600	1474
129032782	1474
129032953	1474
129033124	1474
129033370	1474
129830345	1474
129830537	1474
129830662	1474
129830787	1474
129830914	1474
129831040	1474
129831184	1474
129831323	1474
129831464	1474
129831616	1474
129831741	1474
129831871	1474
129832017	1474
129832149	1474
129832269	1474
129832398	1474
130630510	1474
130630700	1474
130630850	1474
130630993	1474
130631118	1474
130631261	1474
130631390	1474
130631529	1474
130631651	1474
130631797	1474
130631940	1474
130632063	1474
130632211	1474
130632335	1474
130632473	1474
130632597	1474
130632740	1474
130632881	1474
131430659	1474
131431099	1474
131431292	1474
131431424	1474
131431759	1474
131431892	1474
131432023	1474
131432249	1474
131432432	1474
131432560	1474
131432689	1474
131432818	1474
131432944	1474
131433074	1474
131433245	1474
131433393	1474
131433523	1474
132229843	1474
132230027	1474
132230172	1474
132230321	1474
132230467	1474
132230699	1474
132230828	1474
132230952	1474
132231080	1474
132231208	1474
132231362	1474
132231489	1474
132231617	1474
132231742	1474
132231901	1474
132232030	1474
132232155	1474
133031961	1474
133032115	1474
133032256	1474
133032411	1474
133032540	1474
133032666	1474
133032813	1474
133032941	1474
133033094	1474
133033267	1474
133033398	1474
133033543	1474
133033686	1474
133033811	1474
133033937	1474
133034083	1474
133034209	1474
133034355	1474
133829709	1474
133829981	1474
133830153	1474
133830374	1474
133830628	1474
133830882	1474
133831052	1474
133831223	1474
133831388	1474
133831573	1474
133831737	1474
133831904	1474
133832069	1474
133832238	1474
133832401	1474
133832585	1474
133832749	1474
133832919	1474
134630383	1474
134630630	1474
134630801	1474
134631060	1474
134631309	1474
134631551	1474
134631717	1474
134631886	1474
134632049	1474
134632215	1474
134632379	1474
134632554	1474
134632738	1474
134632909	1474
134633078	1474
134633295	1474
134633470	1474
134633654	1474
135431750	1474
135431994	1474
135432163	1474
135432358	1474
135432613	1474
135432854	1474
135433024	1474
135433255	1474
135433424	1474
135433697	1474
135433862	1474
135434028	1474
135434193	1474
135434363	1474
135434525	1474
135434710	1474
135434895	1474
135435065	1474
136496574	1474
136496873	1474
136497043	1474
136497291	1474
136497538	1474
136497730	1474
136497902	1474
136498068	1474
136498230	1474
136498392	1474
136498558	1474
136498740	1474
136498906	1474
136499068	1474
136499234	1474
136499398	1474
136499564	1474
136499765	1474
137299080	1474
137299402	1474
137299572	1474
137299856	1474
137300116	1474
137300334	1474
137300501	1474
137300675	1474
137300842	1474
137301006	1474
137301255	1474
137301601	1474
137301787	1474
137301954	1474
137302116	1474
137302284	1474
137302446	1474
137302610	1474
138097760	1474
138097965	1474
138098148	1474
138098424	1474
138098643	1474
138098871	1474
138099034	1474
138099197	1474
138099358	1474
138099520	1474
138099683	1474
138099861	1474
138100048	1474
138100208	1474
138100370	1474
138100553	1474
138100717	1474
138896517	1474
138896754	1474
138896936	1474
138897237	1474
138897461	1474
138897703	1474
138897880	1474
138898043	1474
138898202	1474
138898364	1474
138898525	1474
138898686	1474
138898875	1474
138899040	1474
138899202	1474
138899363	1474
138899525	1474
139697420	1474
139697764	1474
139697976	1474
139698196	1474
139698455	1474
139698622	1474
139698784	1474
139698962	1474
139699123	1474
139699285	1474
139699445	1474
139699606	1474
139699767	1474
139699943	1474
139700141	1474
139700305	1474
139700464	1474
139700626	1474
140498146	1474
140498350	1474
140498540	1474
140498872	1474
140499101	1474
140499268	1474
140499448	1474
140499611	1474
140499773	1474
140499942	1474
140500123	1474
140500287	1474
140500447	1474
140500606	1474
140500768	1474
140500936	1474
140501100	1474
140501311	1474
141298877	1474
141299112	1474
141299277	1474
141299442	1474
141299815	1474
141300042	1474
141300237	1474
141300402	1474
141300564	1474
141300729	1474
141300890	1474
141301071	1474
141301284	1474
141301451	1474
141301615	1474
141301777	1474
141301940	1474
142097032	1474
142097308	1474
142097479	1474
142097663	1474
142097928	1474
142098165	1474
142098400	1474
142098566	1474
142098730	1474
142098894	1474
142099067	1474
142099232	1474
142099395	1474
142099559	1474
142099723	1474
142099886	1474
142100059	1474
142896958	1474
142897304	1474
142897477	1474
142897638	1474
142897842	1474
142898063	1474
142898350	1474
142898514	1474
142898679	1474
142898843	1474
142899006	1474
142899201	1474
142899369	1474
142899532	1474
142899696	1474
142899859	1474
142900022	1474
142900201	1474
143696678	1474
143697060	1474
143697289	1474
143697499	1474
143697720	1474
143697967	1474
143698132	1474
143698309	1474
143698473	1474
143698638	1474
143698800	1474
143698962	1474
143699124	1474
143699303	1474
143699468	1474
143699632	1474
143699794	1474
143699958	1474
144496984	1474
144497368	1474
144497535	1474
144497700	1474
144497905	1474
144498126	1474
144498302	1474
144498469	1474
144498631	1474
144498794	1474
144498954	1474
144499116	1474
144499304	1474
144499472	1474
144499633	1474
144499795	1474
144499958	1474
144500122	1474
145298452	1474
145298782	1474
145299010	1474
145299248	1474
145299481	1474
145299780	1474
145299954	1474
145300147	1474
145300450	1474
145300625	1474
145300785	1474
145300951	1474
145301112	1474
145301339	1474
145301513	1474
145301679	1474
145301860	1474
146097060	1474
146097452	1474
146097803	1474
146098027	1474
146098261	1474
146098433	1474
146098598	1474
146098762	1474
146098925	1474
146099089	1474
146099271	1474
146099448	1474
146099615	1474
146099785	1474
146099946	1474
146100113	1474
146100275	1474
146896622	1474
146896823	1474
146896996	1474
146897209	1474
146897407	1474
146897586	1474
146897754	1474
146897921	1474
146898085	1474
146898254	1474
146898428	1474
146898599	1474
146898764	1474
146899038	1474
146899207	1474
146899375	1474
146899558	1474
146899723	1474
147697254	1474
147697605	1474
147697891	1474
147698132	1474
147698350	1474
147698514	1474
147698696	1474
147698862	1474
147699026	1474
147699188	1474
147699352	1474
147699516	1474
147699713	1474
147699880	1474
147700044	1474
147700209	1474
147700374	1474
147700546	1474
148499593	1474
148499860	1474
148500032	1474
148500284	1474
148500521	1474
148500720	1474
148500886	1474
148501070	1474
148501286	1474
148501460	1474
148501637	1474
148501800	1474
148501966	1474
148502141	1474
148502305	1474
148502467	1474
148502644	1474
148502807	1474
149296837	1474
149297185	1474
149297316	1474
149297434	1474
149297570	1474
149297918	1474
149298053	1474
149298187	1474
149298326	1474
149298459	1474
149298588	1474
149298710	1474
149298835	1474
149298977	1474
149299099	1474
149299237	1474
149299360	1474
149299484	1474
150096924	1474
150097263	1474
150097394	1474
150097537	1474
150097669	1474
150097821	1474
150098042	1474
150098172	1474
150098288	1474
150098427	1474
150098551	1474
150098692	1474
150098817	1474
150098940	1474
150099081	1474
150099204	1474
150099332	1474
151163321	1474
151163725	1474
151163867	1474
151164006	1474
151164225	1474
151164362	1474
151164658	1474
151164887	1474
151165010	1474
151165204	1474
151165334	1474
151165462	1474
151165591	1474
151165789	1474
151165914	1474
151166040	1474
151166164	1474
151166290	1474
151963418	1474
151963799	1474
151963927	1474
151964075	1474
151964201	1474
151964338	1474
151964482	1474
151964603	1474
151964732	1474
151964876	1474
151965003	1474
151965154	1474
151965322	1474
151965449	1474
151965581	1474
151965705	1474
151965862	1474
151966004	1474
152767262	1474
152767602	1474
152767712	1474
152767827	1474
152767949	1474
152768068	1474
152768189	1474
152768308	1474
152768428	1474
152768548	1474
152768667	1474
152768787	1474
152768920	1474
152769057	1474
152769225	1474
152769349	1474
152769469	1474
152769587	1474
153563677	1474
153563901	1474
153564034	1474
153564153	1474
153564271	1474
153564393	1474
153564513	1474
153564630	1474
153564748	1474
153564865	1474
153564997	1474
153565147	1474
153565271	1474
153565390	1474
153565510	1474
153565628	1474
154364162	1474
154364440	1474
154364562	1474
154364681	1474
154364800	1474
154364919	1474
154365080	1474
154365244	1474
154365365	1474
154365482	1474
154365601	1474
154365719	1474
154365838	1474
154365956	1474
154366086	1474
154366205	1474
154366323	1474
154366441	1474
155164037	1474
155164368	1474
155164488	1474
155164606	1474
155164724	1474
155164843	1474
155164961	1474
155165122	1474
155165289	1474
155165423	1474
155165541	1474
155165659	1474
155165775	1474
155165892	1474
155166009	1474
155166139	1474
155166255	1474
155166370	1474
155963830	1474
155964155	1474
155964281	1474
155964399	1474
155964518	1474
155964635	1474
155964753	1474
155964871	1474
155964990	1474
155965185	1474
155965308	1474
155965423	1474
155965539	1474
155965657	1474
155965773	1474
155965889	1474
155966005	1474
155966132	1474
156763595	1474
156763885	1474
156764005	1474
156764123	1474
156764256	1474
156764375	1474
156764494	1474
156764612	1474
156764729	1474
156764847	1474
156764966	1474
156765148	1474
156765285	1474
156765403	1474
156765522	1474
156765640	1474
156765759	1474
156765879	1474
157568060	1474
157568401	1474
157568523	1474
157568643	1474
157568763	1474
157568882	1474
157569000	1474
157569147	1474
157569324	1474
157569445	1474
157569563	1474
157569683	1474
157569802	1474
157569922	1474
157570043	1474
157570162	1474
157570295	1474
157570416	1474
158363429	1474
158363732	1474
158363856	1474
158363974	1474
158364094	1474
158364200	1474
158364305	1474
158364429	1474
158364549	1474
158364668	1474
158364788	1474
158364895	1474
158365000	1474
158365134	1474
158365253	1474
158365379	1474
158365487	1474
158365593	1474
159163749	1474
159163996	1474
159164119	1474
159164242	1474
159164405	1474
159164532	1474
159164668	1474
159164791	1474
159164915	1474
159165063	1474
159165234	1474
159165354	1474
159165491	1474
159165627	1474
159165744	1474
159165864	1474
159165988	1474
159963415	1474
159963802	1474
159963925	1474
159964050	1474
159964175	1474
159964316	1474
159964553	1474
159964678	1474
159964805	1474
159964946	1474
159965093	1474
159965268	1474
159965402	1474
159965548	1474
159965676	1474
159965813	722
171498405	54
171634094	58
171635085	54
171769363	1474
171769671	1474
171770760	1474
171770982	1474
171771109	1474
171772234	1474
171772533	1474
171772754	1474
171772886	1474
171773011	1474
171773636	334
171900393	1474
171900676	1474
171901022	1474
171901265	1474
171901488	1474
171901620	1474
171901740	1474
171901957	1474
171902253	1474
171908196	1474
171908438	1474
171908568	1474
171908801	1474
171908933	1474
171909372	446
172032080	1474
172032548	1474
172032716	1474
172032918	1474
172033186	1474
172033498	1474
172033769	1474
172033943	1474
172034189	1474
172034416	1474
172034627	1474
172034863	1474
172035074	1474
172035297	1474
172035491	446
172035656	1474
172035849	1474
172036075	110
172036250	1474
172036453	1474
172036677	110
172040059	1474
172040227	1474
172040396	110
172163546	1474
172163778	1474
172163991	1474
172164102	1474
172164221	1474
172164345	1474
172164478	1474
172164694	1474
172164876	1474
172165002	1474
172165261	1474
172165479	1474
172165653	390
172165788	1474
172166024	1474
172166279	1474
172166530	1474
172166660	1474
172166902	1474
172167035	1474
172167263	1474
172167401	1474
172167528	1474
172167750	334
172167877	1474
172168000	1474
172168122	1474
172168395	1474
172168629	1474
172168848	1474
172169061	222
172169235	1474
172169363	1474
172169608	110
172294329	1474
172294649	1474
172294822	1474
172294951	1474
172295069	1474
172295190	1474
172295310	222
172295437	1474
172295554	1474
172295795	1474
172295976	1474
172296264	1474
172296570	1474
172296685	1474
172296900	250
172297022	1474
172297263	1474
172297498	1474
172297675	138
172297797	1474
172297979	82
172298142	1474
172298272	82
172298540	1474
172298760	1474
172298933	110
172299061	1474
172299233	1474
172299354	1474
172299510	138
172299728	1474
172299859	1474
172300080	1474
172300252	1474
172300379	1474
172300582	1474
172300709	1474
172300943	1474
172301166	1474
172301388	1474
172301527	1474
172301662	1474
172301775	1474
172301899	1474
172302072	1474
172302268	1474
172302386	1474
172302603	530
172428789	1474
172428912	1474
172429031	1474
172429207	1474
172429330	1474
172429465	194
172429689	1474
172430106	1474
172430329	1474
172430474	138
172430597	1474
172430721	1474
172430940	110
172431067	1474
172431369	1474
172431565	1474
172431689	1474
172431810	166
172431928	1474
172432047	1474
172432169	110
172432288	1474
172432414	1474
172432540	110
172432659	1474
172432780	1474
172432922	1474
172433044	1474
172433196	1474
172433323	1474
172433455	222
172433574	1474
172433696	1474
172433815	1474
172433936	1474
172434057	1474
172434178	1474
172434298	1474
172434424	1474
172434546	1474
172434666	1474
172434787	1474
172434908	1474
172435030	1474
172435151	1474
172435271	1474
172435392	1474
172435523	1474
172435644	1474
172435763	1474
172435882	1474
172436002	1474
172436122	1474
172436241	1474
172468889	1474
172469131	1474
172469297	1474
172469424	782
172561684	1474
172562235	1474
172562464	1474
172562592	1474
172562713	1474
172562835	1474
172562955	222
172563077	1474
172563203	1474
172563323	1474
172563575	1474
172563697	166
172563825	1474
172563949	1474
172564073	1474
172564196	1474
172564320	1474
172564450	1474
172564571	1474
172564697	1474
172564819	1474
172564939	1474
172565081	334
172565268	1474
172565390	1474
172565527	1474
172565648	1474
172565768	1474
172565891	194
173327485	1474
173327827	1474
173327992	1474
173328155	1474
173328318	1474
173328491	1474
173328653	1474
173328817	1474
173328977	1474
173329140	1474
173329352	1474
173329548	1474
173329713	1474
173329877	1474
173330039	1474
173330201	1474
173330365	1474
173330535	1474
173857769	1474
173858003	1474
173858151	1474
173858300	1474
173858458	1474
173858604	1474
173858752	1474
173858896	1474
173859042	1474
173859188	1474
173859335	1474
173859489	1474
173859635	1474
173859778	1474
173859927	1474
173860072	1474
174657484	1474
174657744	1474
174657909	1474
174658157	1474
174658378	1474
174658711	1474
174658879	1474
174659043	1474
174659206	1474
174659387	1474
174659553	1474
174659726	1474
174659888	1474
174660049	1474
174660210	1474
174660372	1474
174660534	1474
174660709	1474
175457454	1474
175457936	1474
175458054	1474
175458185	1474
175458309	1474
175458435	1474
175458565	1474
175458695	1474
175458820	1474
175458944	1474
175459076	1474
175459198	1474
175459321	1474
175459446	1474
175459567	1474
175459692	1474
175990972	1474
175991159	1474
175991325	1474
175991515	1474
175991762	1474
175992011	1474
175992180	1474
175992451	1474
175992685	1474
175992881	1474
175993049	1474
175993259	1474
175993438	1474
175993620	1474
175993802	1474
176792087	1474
176792361	1474
176792562	1474
176792774	1474
176793022	1474
176793296	1474
176793501	1474
176793677	1474
176793859	1474
176794027	1474
176794195	1474
176794359	1474
176794527	1474
176794691	1474
176794952	1474
176795123	1474
177591330	1474
177591520	1474
177591669	1474
177591830	1474
177591982	1474
177592131	1474
177592306	1474
177592523	1474
177592766	1474
177592986	1474
177593177	1474
177593358	1474
177593566	1474
177593719	1474
177593886	1474
177594032	1474
177594181	1474
178124249	1474
178124394	1474
178124530	1474
178124673	1474
178124797	1474
178124941	1474
178125079	1474
178125252	1474
178125398	1474
178125532	1474
178125670	1474
178125795	1474
178126006	1474
178126142	1474
178126289	1474
178924357	1474
178924627	1474
178924838	1474
178925092	1474
178925428	1474
178925597	1474
178925761	1474
178925938	1474
178926105	1474
178926272	1474
178926435	1474
178926602	1474
178926765	1474
178926937	1474
178927103	1474
178927269	1474
178927456	1474
179724837	1474
179725017	1474
179725235	1474
179725405	1474
179725571	1474
179725736	1474
179725901	1474
179726084	1474
179726250	1474
179726415	1474
179726579	1474
179726746	1474
179726910	1474
179727092	1474
179727256	1474
179727424	1474
180258083	1474
180258310	1474
180258530	1474
180258704	1474
180258913	1474
180259153	1474
180259391	1474
180259559	1474
180259726	1474
180259890	1474
180260067	1474
180260233	1474
180260402	1474
180260564	1474
180260732	1474
180260897	1474
180261076	1474
181061922	1474
181062264	1474
181062432	1474
181062556	1474
181062686	1474
181062810	1474
181062946	1474
181063072	1474
181063213	1474
181063339	1474
181063462	1474
181063601	1474
181063725	1474
181063868	1474
181063991	1474
181064115	1474
181064263	1474
181858059	1474
181858415	1474
181858617	1474
181858743	1474
181858880	1474
181859100	1474
181859248	1474
181859373	1474
181859498	1474
181859631	1474
181859757	1474
181859880	1474
181860024	1474
181860148	1474
181860296	1474
181860430	1474
181860573	1474
181860704	1474
182924439	1474
182924665	1474
182924809	1474
182924931	1474
182925068	1474
182925628	1474
182925758	1474
182925891	1474
182926026	1474
182926149	1474
182926280	1474
182926407	1474
182926529	1474
182926653	1474
182926780	1474
182926905	1474
182927051	1474
182927177	1474
183724512	1474
183724794	1474
183724922	1474
183725046	1474
183725228	1474
183725642	1474
183725773	1474
183725907	1474
183726048	1474
183726169	1474
183726320	1474
183726441	1474
183726562	1474
183726693	1474
183726834	1474
183726958	1474
183727080	1474
183727204	1474
184526159	1474
184526420	1474
184526560	1474
184526694	1474
184526820	1474
184527037	1474
184527168	1474
184527301	1474
184527439	1474
184527564	1474
184527686	1474
184527819	1474
184527938	1474
184528060	1474
184528193	1474
184528314	1474
184528454	1474
184528581	1474
185325656	1474
185325960	1474
185326088	1474
185326223	1474
185326343	1474
185326500	1474
185326703	1474
185326826	1474
185326947	1474
185327074	1474
185327210	1474
185327328	1474
185327453	1474
185327586	1474
185327734	1474
185327855	1474
185327993	1474
185328126	1474
186124232	1474
186124369	1474
186124516	1474
186124642	1474
186124796	1474
186125034	1474
186125233	1474
186125640	1474
186125772	1474
186125908	1474
186126031	1474
186126155	1474
186126278	1474
186126400	1474
186126530	1474
186126656	1474
186126782	1474
186924392	1474
186924733	1474
186924928	1474
186925287	1474
186925516	1474
186925713	1474
186925880	1474
186926046	1474
186926211	1474
186926376	1474
186926542	1474
186926720	1474
186926887	1474
186927051	1474
186927218	1474
186927383	1474
186927565	1474
187723944	1474
187724153	1474
187724335	1474
187724463	1474
187724597	1474
187724725	1474
187724854	1474
187724978	1474
187725217	1474
187725350	1474
187725479	1474
187725612	1474
187725754	1474
187725878	1474
187726005	1474
187726130	1474
187726259	1474
188525077	1474
188525299	1474
188525450	1474
188525574	1474
188525710	1474
188525874	1474
188526104	1474
188526229	1474
188526369	1474
188526494	1474
188526645	1474
188526781	1474
188526907	1474
188527031	1474
188527155	1474
188527280	1474
188527470	1474
188527595	1474
189324420	1474
189324680	1474
189324815	1474
189324951	1474
189325106	1474
189325353	1474
189325635	1474
189325759	1474
189325891	1474
189326015	1474
189326138	1474
189326260	1474
189326384	1474
189326506	1474
189326631	1474
189326764	1474
189326894	1474
190124511	1474
190124750	1474
190124886	1474
190125007	1474
190125173	1474
190125333	1474
190125606	1474
190125806	1474
190125943	1474
190126065	1474
190126185	1474
190126310	1474
190126431	1474
190126555	1474
190126677	1474
190126801	1474
190126936	1474
190127059	1474
190926792	1474
190927116	1474
190927233	1474
190927371	1474
190927497	1474
190927717	1474
190927846	1474
190927977	1474
190928107	1474
190928231	1474
190928356	1474
190928483	1474
190928606	1474
190928734	1474
190928859	1474
190928992	1474
190929218	1474
191724662	1474
191724942	1474
191725195	1474
191725346	1474
191725496	1474
191725719	1474
191725850	1474
191725970	1474
191726105	1474
191726226	1474
191726364	1474
191726486	1474
191726606	1474
191726726	1474
191726849	1474
191727065	1474
191727191	1474
191727329	1474
192526875	1474
192527164	1474
192527305	1474
192527430	1474
192527565	1474
192527707	1474
192527986	1474
192528129	1474
192528257	1474
192528380	1474
192528505	1474
192528628	1474
192528750	1474
192528891	1474
192529013	1474
192529188	1474
192529318	1474
192529442	1474
193325551	1474
193325814	1474
193325940	1474
193326063	1474
193326201	1474
193326326	1474
193326450	1474
193326575	1474
193326698	1474
193326821	1474
193326946	1474
193327071	1474
193327278	1474
193327415	1474
193327539	1474
193327668	1474
193327792	1474
193327917	1474
194124434	1474
194124642	1474
194124770	1474
194124897	1474
194125052	1474
194125443	1474
194125577	1474
194125710	1474
194125859	1474
194125982	1474
194126116	1474
194126241	1474
194126365	1474
194126487	1474
194126608	1474
194126750	1474
194126873	1474
194127003	1474
194924890	1474
194925184	1474
194925337	1474
194925471	1474
194925639	1474
194925896	1474
194926028	1474
194926157	1474
194926290	1474
194926430	1474
194926549	1474
194926680	1474
194926802	1474
194926932	1474
194927051	1474
194927170	1474
194927302	1474
195724929	1474
195725156	1474
195725461	1474
195725604	1474
195725906	1474
195726037	1474
195726174	1474
195726491	1474
195726628	1474
195726750	1474
195726888	1474
195727008	1474
195727143	1474
195727271	1474
195727412	1474
195727555	1474
195727677	1474
195727803	1474
196792423	1474
196792908	1474
196793057	1474
196793244	1474
196793397	1474
196793748	1474
196793876	1474
196794019	1474
196794166	1474
196794289	1474
196794423	1474
196794557	1474
196794678	1474
196794812	1474
196794950	1474
196795070	1474
196795204	1474
196795325	1474
197591437	1474
197591810	1474
197591947	1474
197592090	1474
197592213	1474
197592338	1474
197592480	1474
197592621	1474
197592751	1474
197592873	1474
197592996	1474
197593141	1474
197593324	1474
197593512	1474
197593637	1474
197593769	1474
197593891	1474
197594015	1474
198391609	1474
198392081	1474
198392209	1474
198392359	1474
198392516	1474
198392720	1474
198392992	1474
198393158	1474
198393289	1474
198393423	1474
198393566	1474
198393696	1474
198393821	1474
198393943	1474
198394065	1474
198394216	1474
198394338	1474
199191349	1474
199192938	1474
199193082	1474
199193305	1474
199193458	1474
199193819	1474
199193952	1474
199194096	1474
199194219	1474
199194340	1474
199194465	1474
199194601	1474
199194727	1474
199194863	1474
199194984	1474
199195113	1474
199195235	1474
199195360	1474
199991489	1474
199991897	1474
199992023	1474
199992164	1474
199992307	1474
199992628	1474
199992761	1474
199992887	1474
199993009	1474
199993171	1474
199993342	1474
199993472	1474
199993596	1474
199993733	1474
199993879	1474
199994001	1474
199994224	1474
199994352	1474
200794043	1474
200794351	1474
200794488	1474
200794632	1474
200794774	1474
200794919	1474
200795044	1474
200795169	1474
200795294	1474
200795416	1474
200795559	1474
200795691	1474
200795827	1474
200795949	1474
200796073	1474
200796223	1474
200796345	1474
201591633	1474
201591944	1474
201592135	1474
201592313	1474
201592438	1474
201592570	1474
201592690	1474
201592825	1474
201592960	1474
201593083	1474
201593253	1474
201593392	1474
201593520	1474
201593642	1474
201593775	1474
201593901	1474
201594024	1474
202391848	1474
202392160	1474
202392293	1474
202392418	1474
202392559	1474
202392682	1474
202392827	1474
202392987	1474
202393141	1474
202393355	1474
202393481	1474
202393604	1474
202393742	1474
202393880	1474
202394005	1474
202394126	1474
202394250	1474
202927850	1474
202928165	1474
202928287	1474
202928430	1474
202928547	1474
202928679	1474
202928833	1474
202929144	1474
202929275	1474
202929501	1474
202929636	1474
202929758	1474
202929878	1474
202930033	1474
202930157	1474
202930279	1474
202930402	1474
203991748	1474
203992064	1474
203992207	1474
203992332	1474
203992457	1474
203992582	1474
203992705	1474
203992828	1474
203992960	1474
203993142	1474
203993272	1474
203993391	1474
203993514	1474
203993638	1474
203993763	1474
203993887	1474
203994020	1474
204791811	1474
204792185	1474
204792313	1474
204792442	1474
204792565	1474
204792692	1474
204792815	1474
204792937	1474
204793063	1474
204793302	1474
204793420	1474
204793547	1474
204793670	1474
204793798	1474
204793919	1474
204794036	1474
204794196	1474
204794320	1474
205593212	1474
205593560	1474
205593680	1474
205593803	1474
205593926	1474
205594043	1474
205594174	1474
205594299	1474
205594432	1474
205594565	1474
205594687	1474
205594810	1474
205594935	1474
205595059	1474
205595210	1474
205595333	1474
205595467	1474
206392151	1474
206392510	1474
206392650	1474
206392790	1474
206392923	1474
206393072	1474
206393253	1474
206393399	1474
206393523	1474
206393647	1474
206393763	1474
206393886	1474
206394010	1474
206394133	1474
206394265	1474
206394409	1474
206394531	1474
207191861	1474
207192279	1474
207192448	1474
207192612	1474
207192776	1474
207192938	1474
207193170	1474
207193431	1474
207193595	1474
207193759	1474
207193922	1474
207194086	1474
207194261	1474
207194426	1474
207194590	1474
207194756	1474
207194931	1474
207195105	1474
207991712	1474
207992110	1474
207992237	1474
207992377	1474
207992621	1474
207992753	1474
207992876	1474
207992998	1474
207993152	1474
207993501	1474
207993629	1474
207993752	1474
207993873	1474
207993995	1474
207994115	1474
207994237	1474
207994368	1474
208792210	1474
208792386	1474
208792856	1474
208793187	1474
208793323	1474
208793650	1474
208793779	1474
208793917	1474
208794046	1474
208794171	1474
208794296	1474
208794424	1474
208794552	1474
208794675	1474
208794814	1474
208794949	1474
208795071	1474
208795198	1474
209591743	1474
209591993	1474
209592121	1474
209592245	1474
209592374	1474
209592523	1474
209592645	1474
209592782	1474
209592931	1474
209593054	1474
209593269	1474
209593407	1474
209593544	1474
209593680	1474
209593800	1474
209593932	1474
210392099	1474
210392333	1474
210392499	1474
210392697	1474
210392836	1474
210392980	1474
210393453	1474
210393681	1474
210393830	1474
210393952	1474
210394100	1474
210394220	1474
210394334	1474
210394454	1474
210394575	1474
210394697	1474
210394819	1474
210394939	1474
211191879	1474
211192053	1474
211192239	1474
211192381	1474
211192520	1474
211192874	1474
211193005	1474
211193207	1474
211193338	1474
211193719	1474
211193848	1474
211193973	1474
211194101	1474
211194283	1474
211194424	1474
211194546	1474
211194699	1474
211194837	1474
211994771	1474
211994970	1474
211995095	1474
211995235	1474
211995359	1474
211995497	1474
211995621	1474
211995775	1474
211995896	1474
211996030	1474
211996152	1474
211996287	1474
211996411	1474
211996553	1474
211996697	1474
211996826	1474
211996951	1474
211997075	1474
212792146	1474
212792322	1474
212792533	1474
212792670	1474
212792830	1474
212792985	1474
212793323	1274
224792975	54
224930669	58
224932125	54
225070767	1474
225070959	1474
225072218	1474
225072352	1474
225072472	1474
225073707	1474
225073852	1474
225073976	1474
225074889	1474
225075023	1474
225075147	334
225207795	1474
225207988	1474
225208117	1474
225208241	1474
225208360	1474
225208627	1474
225208835	1474
225209190	1474
225209524	1474
225209846	1474
225210105	1474
225210322	1474
225210542	1474
225210758	1474
225210995	446
225345327	1474
225345600	1474
225345819	1474
225346020	1474
225346152	1474
225346303	1474
225346605	222
225346732	1474
225346978	1474
225347105	1474
225347332	138
225347458	1474
225347580	1474
225347701	1474
225347933	1474
225348071	1474
225348303	1474
225348437	1474
225348660	1474
225348919	1474
225349172	306
225483670	1474
225483955	1474
225484080	1474
225484201	1474
225484429	1474
225484661	1474
225484789	1474
225485362	1474
225485606	1474
225485732	1474
225485860	334
225486086	1474
225486309	1474
225486528	1474
225486660	138
225486779	1474
225487049	1474
225487264	110
225487391	1474
225487512	1474
225487635	1474
225487876	138
225488087	1474
225488219	1474
225488337	1474
225488459	138
225488687	1474
225488948	1474
225489196	110
225489322	1474
225489448	1474
225489572	1474
225489784	1474
225490010	1474
225490141	194
225624745	1474
225625026	1474
225625196	1474
225625319	1474
225625439	1474
225625560	1474
225625702	1474
225625822	1474
225626055	278
225626274	1474
225626628	1474
225626851	1474
225626990	1474
225627148	1474
225627275	1474
225627496	1474
225627625	1474
225627745	278
225627870	1474
225628095	1474
225628225	1474
225628468	1474
225628623	1474
225628752	1474
225628913	1474
225629159	1474
225629383	278
225629517	1474
225629672	1474
225629910	1474
225630140	1474
225630294	1474
225630685	1474
225630868	1474
225631001	1474
225631184	1474
225631308	1474
225631527	1474
225631656	1474
225631873	1474
225632006	1474
225632229	446
225764862	1474
225765185	1474
225765406	1474
225765525	1474
225765650	1474
225765949	1474
225766263	1474
225766549	1474
225766803	278
225766945	1474
225767071	1474
225767302	110
225767430	1474
225767550	82
225767762	1474
225767907	82
225768133	1474
225768305	82
225768434	1474
225768656	82
225768783	1474
225768976	82
225769158	1474
225769436	82
225769558	1474
225769677	82
225769796	1474
225769930	82
225770050	1474
225770171	1474
225770290	110
225770408	1474
225770529	1474
225770653	1474
225770776	1474
225770919	166
225773300	1474
225773425	1474
225773545	1474
225773664	1474
225773785	1474
225773914	1474
225774038	1474
225774159	1474
225774282	1474
225774398	1474
225774521	334
225774639	1474
225774758	1474
225774883	1474
225775003	1474
225775122	1474
225775240	1474
225775360	1474
225775477	1474
225775596	1474
225775716	1474
225775835	1474
225775967	1474
225776085	390
225903373	1474
225903602	1474
225903726	1474
225903846	1474
225903985	1474
225904102	1474
225904220	1474
225904338	1474
225904456	1474
225904577	1474
225904697	1474
225904817	1474
225904950	1474
225905139	1474
225905262	446
225905380	1474
225905499	1474
225905618	1474
225905737	1474
225905855	166
225905986	1474
225918054	1474
225918238	1474
225918359	1474
225918479	1474
225918597	1474
225918718	222
225918836	1474
225919120	1474
225919246	1474
225919366	1474
225919485	1474
225919606	1474
225919727	1474
225919848	1474
225919977	1474
225920098	1474
225920219	1474
226717984	1474
226718227	1474
226718352	1474
226718470	1474
226718591	1474
226718711	1474
226718831	1474
226718956	1474
226719079	1474
226719202	1474
226719323	1474
226719444	1474
226719565	1474
226719686	1474
226719806	1474
226719925	1474
226720058	1474
227251263	1474
227251505	1474
227251628	1474
227251749	1474
227251869	1474
227251991	1474
227252122	1474
227252246	1474
227252368	1474
227252488	1474
227252609	1474
227252730	1474
227252853	1474
227252976	1474
227253165	1474
227253289	1474
227253410	1474
228051484	1474
228051668	1474
228051791	1474
228051913	1474
228052034	1474
228052196	1474
228052317	1474
228052442	1474
228052563	1474
228052687	1474
228052807	1474
228052928	1474
228053079	1474
228053252	1474
228053375	1474
228053502	1474
228853424	1474
228853606	1474
228853728	1474
228853849	1474
228853973	1474
228854196	1474
228854326	1474
228854448	1474
228854569	1474
228854692	1474
228854813	1474
228854934	1474
228855053	1474
228855184	1474
228855305	1474
228855426	1474
228855547	1474
229385982	1474
229386239	1474
229386364	1474
229386483	1474
229386604	1474
229386724	1474
229386974	1474
229387113	1474
229387363	1474
229387485	1474
229387605	1474
229387730	1474
229387853	1474
229387974	1474
229388097	1474
229388228	1474
229388352	1474
229388475	1474
230185757	1474
230185943	1474
230186137	1474
230186329	1474
230186446	1474
230186567	1474
230186796	1474
230186925	1474
230187047	1474
230187167	1474
230187392	1474
230187514	1474
230187634	1474
230187755	1474
230187872	1474
230187991	1474
230188111	1474
230188230	1474
230717892	1474
230718073	1474
230718196	1474
230718322	1474
230718442	1474
230718558	1474
230718677	1474
230718796	1474
230718915	1474
230719033	1474
230719151	1474
230719269	1474
230719400	1474
230719517	1474
231518427	1474
231518643	1474
231518770	1474
231518891	1474
231519013	1474
231519135	1474
231519257	1474
231519392	1474
231519514	1474
231519637	1474
231519755	1474
231519874	1474
231519995	1474
231520115	1474
231520234	1474
232318359	1474
232318593	1474
232318719	1474
232318842	1474
232319065	1474
232319238	1474
232319366	1474
232319601	1474
232319725	1474
232319846	1474
232319970	1474
232320094	1474
232320215	1474
232320338	1474
232320471	1474
232320594	1474
232320715	1474
233118387	1474
233118578	1474
233118747	1474
233118909	1474
233119073	1474
233119235	1474
233119402	1474
233119572	1474
233119737	1474
233119901	1474
233120065	1474
233120225	1474
233120390	1474
233120557	1474
233120723	1474
233120887	1474
233121053	1474
233651342	1474
233651533	1474
233651701	1474
233651952	1474
233652172	1474
233652346	1474
233652520	1474
233652682	1474
233652848	1474
233653009	1474
233653222	1474
233653389	1474
233653565	1474
233653727	1474
233653913	1474
233654079	1474
234455475	1474
234455728	1474
234455916	1474
234456108	1474
234456296	1474
234456459	1474
234456654	1474
234456822	1474
234456989	1474
234457198	1474
234457366	1474
234457531	1474
234457707	1474
234457904	1474
234458066	1474
234458229	1474
234458391	1474
235252717	1474
235252903	1474
235253067	1474
235253300	1474
235253533	1474
235253791	1474
235253961	1474
235254128	1474
235254290	1474
235254458	1474
235254625	1474
235254814	1474
235254988	1474
235255154	1474
235255315	1474
235255476	1474
235255636	1474
235255825	1474
236051642	1474
236051831	1474
236051998	1474
236052178	1474
236052344	1474
236052504	1474
236052666	1474
236052844	1474
236053008	1474
236053168	1474
236053406	1474
236053620	1474
236053790	1474
236053949	1474
236054112	1474
236054270	1474
236054434	1474
236054593	1474
236851669	1474
236851932	1474
236852141	1474
236852340	1474
236852558	1474
236852834	1474
236853001	1474
236853242	1474
236853483	1474
236853671	1474
236853867	1474
236854030	1474
236854195	1474
236854355	1474
236854517	1474
236854678	1474
236854851	1474
236855014	1474
237918457	1474
237918642	1474
237918806	1474
237919018	1474
237919258	1474
237919432	1474
237919605	1474
237919767	1474
237919942	1474
237920104	1474
237920271	1474
237920434	1474
237920598	1474
237920760	1474
237920933	1474
237921096	1474
237921334	1474
237921505	1474
238724093	1474
238724395	1474
238724625	1474
238724875	1474
238725275	1474
238725497	1474
238725763	1474
238726051	1474
238726305	1474
238726478	1474
238726643	1474
238726806	1474
238726980	1474
238727146	1474
238727306	1474
238727468	1474
238727632	1474
239522728	1474
239524597	1474
239524741	1474
239524865	1474
239524989	1474
239525146	1474
239525345	1474
239525566	1474
239525703	1474
239526422	1474
239526995	1474
239527142	1474
239527453	1474
239527586	1474
239527727	1474
239527851	1474
239527980	1474
239528118	1474
240318683	1474
240318963	1474
240319084	1474
240319227	1474
240319350	1474
240319483	1474
240319605	1474
240319737	1474
240319871	1474
240319997	1474
240320132	1474
240320260	1474
240320389	1474
240320513	1474
240320638	1474
240320782	1474
240320909	1474
240321099	1474
241119983	1474
241120249	1474
241120388	1474
241120524	1474
241120644	1474
241120778	1474
241120904	1474
241121031	1474
241121259	1474
241121401	1474
241121526	1474
241121662	1474
241121787	1474
241121949	1474
241122082	1474
241122272	1474
241122524	1474
241123058	1474
241919064	1474
241919302	1474
241919468	1474
241919635	1474
241919798	1474
241919975	1474
241920138	1474
241920313	1474
241920477	1474
241920641	1474
241920804	1474
241920973	1474
241921140	1474
241921363	1474
241921537	1474
241921702	1474
241921897	1474
242722538	1474
242722812	1474
242722933	1474
242723054	1474
242723176	1474
242723332	1474
242723468	1474
242723593	1474
242723728	1474
242723953	1474
242724082	1474
242724580	1474
242724711	1474
242724836	1474
242724956	1474
242725199	1474
242725330	1474
242725468	1474
243520697	1474
243520962	1474
243521116	1474
243521275	1474
243521395	1474
243521532	1474
243521654	1474
243521775	1474
243521896	1474
243522016	1474
243522136	1474
243522260	1474
243522379	1474
243522515	1474
243522635	1474
243522754	1474
243522875	1474
243522998	1474
244318641	1474
244318916	1474
244319040	1474
244319160	1474
244319282	1474
244319405	1474
244319532	1474
244319655	1474
244319774	1474
244319895	1474
244320016	1474
244320137	1474
244320258	1474
244320379	1474
244320504	1474
244320627	1474
244320746	1474
244320865	1474
245118497	1474
245118756	1474
245118882	1474
245119003	1474
245119126	1474
245119247	1474
245119372	1474
245119497	1474
245119635	1474
245119756	1474
245119877	1474
245119996	1474
245120118	1474
245120239	1474
245120361	1474
245120483	1474
245918322	1474
245918528	1474
245918818	1474
245918949	1474
245919073	1474
245919206	1474
245919329	1474
245919461	1474
245919609	1474
245919770	1474
245919896	1474
245920025	1474
245920150	1474
245920298	1474
245920422	1474
245920553	1474
245920693	1474
245920835	1474
246719271	1474
246719459	1474
246719592	1474
246720037	1474
246720310	1474
246720445	1474
246720579	1474
246720714	1474
246720839	1474
246720965	1474
246721224	1474
246721354	1474
246721480	1474
246721616	1474
246721753	1474
246721899	1474
246722027	1474
247518628	1474
247518782	1474
247519055	1474
247519182	1474
247519334	1474
247519485	1474
247519715	1474
247519859	1474
247519982	1474
247520106	1474
247520227	1474
247520373	1474
247520495	1474
247520618	1474
247520761	1474
247520896	1474
247521022	1474
247521279	1474
248318370	1474
248318510	1474
248318808	1474
248319139	1474
248319362	1474
248319506	1474
248319630	1474
248319749	1474
248319879	1474
248320002	1474
248320126	1474
248320264	1474
248320385	1474
248320522	1474
248320644	1474
248320774	1474
248320911	1474
249118657	1474
249118785	1474
249118906	1474
249119034	1474
249119170	1474
249119393	1474
249119508	1474
249119616	1474
249119831	1474
249119971	1474
249120083	1474
249120195	1474
249120303	1474
249120413	1474
249120524	1474
249120633	1474
249120741	1474
249922387	1474
249922591	1474
249922715	1474
249923008	1474
249923303	1474
249923420	1474
249923546	1474
249923673	1474
249923783	1474
249923907	1474
249924029	1474
249924139	1474
249924262	1474
249924369	1474
249924475	1474
249924597	1474
249924719	1474
250718418	1474
250718606	1474
250718721	1474
250718954	1474
250719295	1474
250719638	1474
250719755	1474
250719889	1474
250720005	1474
250720310	1474
250720430	1474
250720538	1474
250720670	1474
250720783	1474
250720896	1474
250721015	1474
250721173	1474
250721292	1474
251518724	1474
251518973	1474
251519095	1474
251519234	1474
251519357	1474
251519478	1474
251519598	1474
251519717	1474
251519840	1474
251519959	1474
251520080	1474
251520215	1474
251520334	1474
251520454	1474
251520574	1474
251520694	1474
251520814	1474
251520933	1474
252320686	1474
252320888	1474
252321039	1474
252321227	1474
252321353	1474
252321592	1474
252321722	1474
252321844	1474
252321966	1474
252322088	1474
252322218	1474
252322341	1474
252322560	1474
252322690	1474
252322924	1474
252323051	1474
252323265	1474
253118510	1474
253118773	1474
253118906	1474
253119050	1474
253119176	1474
253119490	1474
253119624	1474
253119764	1474
253119905	1474
253120028	1474
253120164	1474
253120307	1474
253120432	1474
253120554	1474
253120675	1474
253120799	1474
253120941	1474
253121066	1474
253918657	1474
253918881	1474
253919092	1474
253919217	1474
253919342	1474
253919495	1474
253919618	1474
253919742	1474
253919863	1474
253919988	1474
253920112	1474
253920233	1474
253920365	1474
253920491	1474
253920619	1474
253920730	1474
253920855	1474
253920963	1474
254985290	1474
254985528	1474
254985754	1474
254985899	1474
254986020	1474
254986143	1474
254986264	1474
254986389	1474
254986522	1474
254986643	1474
254986767	1474
254986888	1474
254987011	1474
254987148	1474
254987267	1474
254987385	1474
254987519	1474
254987666	1474
255519168	1474
255519423	1474
255519565	1474
255519685	1474
255519804	1474
255519922	1474
255520042	1474
255520161	1474
255520281	1474
255520400	1474
255520532	1474
255520652	1474
255520772	1474
255520892	1474
255521012	1474
255521194	1474
255521322	1474
256589076	1474
256589373	1474
256589598	1474
256589734	1474
256589865	1474
256590180	1474
256590312	1474
256590437	1474
256590648	1474
256590794	1474
256590917	1474
256591058	1474
256591209	1474
256591333	1474
256591461	1474
256591605	1474
256591730	1474
256591854	1474
257385571	1474
257385851	1474
257386222	1474
257386342	1474
257386484	1474
257386649	1474
257386879	1474
257387010	1474
257387136	1474
257387301	1474
257387425	1474
257387557	1474
257387687	1474
257387830	1474
257387954	1474
257388081	1474
257388204	1474
257388337	1474
258185628	1474
258185917	1474
258186041	1474
258186159	1474
258186279	1474
258186401	1474
258186520	1474
258186640	1474
258186767	1474
258186901	1474
258187022	1474
258187144	1474
258187267	1474
258187387	1474
258187509	1474
258187630	1474
258187755	1474
258985685	1474
258986024	1474
258986148	1474
258986275	1474
258986399	1474
258986522	1474
258986641	1474
258986772	1474
258986903	1474
258987030	1474
258987176	1474
258987299	1474
258987437	1474
258987560	1474
258987685	1474
258987880	1474
258988013	1474
258988139	1474
259787649	1474
259787929	1474
259788550	1474
259788686	1474
259788968	1474
259789102	1474
259789273	1474
259789393	1474
259789516	1474
259789663	1474
259789790	1474
259789932	1474
259790057	1474
259790182	1474
259790322	1474
259790446	1474
259790579	1474
259790707	1474
260586077	1474
260586333	1474
260586868	1474
260587013	1474
260587290	1474
260587424	1474
260587572	1474
260587698	1474
260587823	1474
260587960	1474
260588103	1474
260588241	1474
260588368	1474
260588509	1474
260588633	1474
260588758	1474
260588883	1474
261385859	1474
261386096	1474
261386304	1474
261386498	1474
261386718	1474
261387042	1474
261387216	1474
261387403	1474
261387617	1474
261387782	1474
261387943	1474
261388105	1474
261388300	1474
261388463	1474
261388625	1474
261388785	1474
261388947	1474
262186616	1474
262186878	1474
262187257	1474
262187389	1474
262187653	1474
262187787	1474
262187926	1474
262188070	1474
262188194	1474
262188329	1474
262188476	1474
262188600	1474
262188727	1474
262188853	1474
262189000	1474
262189204	1474
262189387	1474
262985507	1474
262985743	1474
262985998	1474
262986125	1474
262986260	1474
262986379	1474
262986494	1474
262986737	1474
262986853	1474
262986987	1474
262987099	1474
262987210	1474
262987337	1474
262987451	1474
262987576	1474
262987698	1474
262987811	1474
262987933	1474
263788238	1474
263788467	1474
263788601	1474
263788891	1474
263789040	1474
263789208	1474
263789341	1474
263789485	1474
263789610	1474
263789748	1474
263789870	1474
263789993	1474
263790126	1474
263790251	1474
263790392	1474
263790509	1474
263790653	1474
263790777	1474
264586384	1474
264586642	1474
264586778	1474
264586902	1474
264587047	1474
264587171	1474
264587305	1474
264587452	1474
264587595	1474
264587720	1474
264587847	1474
264587970	1474
264588095	1474
264588218	1474
264588356	1474
264588494	1474
265389237	1474
265389685	1474
265389856	1474
265390145	1474
265390397	1474
265390592	1474
265390764	1474
265390927	1474
265391091	1474
265391255	1474
265391431	1474
265391594	1474
265391757	1474
265391921	1474
265392086	1474
265392249	1474
265392422	1474
265392587	1474
266187775	1474
266188056	1474
266188190	1474
266188324	1474
266188446	1474
266188578	1474
266188705	1474
266188829	1474
266188954	1474
266189101	1474
266189296	1474
266189440	1474
266189573	1474
266189707	1474
266189832	1474
266189955	1474
266190079	1474
266190202	1474
266988528	1474
266988814	554
279933045	54
280060837	58
280062043	54
280192097	1474
280192314	1474
280192990	1474
280193305	1474
280193559	1474
280193821	1474
280194268	1474
280194975	1474
280195303	1474
280195693	1474
280196052	334
280321481	1474
280321716	1474
280321900	1474
280322157	1474
280322398	1474
280322707	1474
280323180	1474
280323404	1474
280323679	278
280324007	1474
280325175	1474
280325568	1474
280325828	1474
280326165	166
280457883	1474
280458051	1474
280458214	1474
280458382	1474
280458637	1474
280458936	194
280459153	1474
280459326	1474
280459630	1474
280459898	138
280460096	1474
280460379	1474
280460632	1474
280460936	138
280461194	1474
280461491	1474
280461714	1474
280462014	138
280462250	1474
280462507	1474
280462809	110
280577559	1474
280577753	1474
280577919	1474
280578088	1474
280578354	1474
280578580	1474
280578834	1474
280579055	1474
280579398	1474
280579621	1474
280579847	1474
280580082	1474
280580307	390
280580522	1474
280580816	1474
280581049	110
280581347	1474
280581582	82
280581912	1474
280582131	1474
280582382	1474
280582615	138
280582965	1474
280583184	1474
280583482	1474
280583704	1474
280583987	166
280584210	1474
280584520	1474
280584742	1474
280584973	1474
280585227	166
280704920	1474
280705271	1474
280705511	1474
280705685	1474
280705960	1474
280706263	1474
280706483	1474
280706654	250
280707014	1474
280707325	82
280707586	1474
280708256	1474
280708516	1474
280708690	1474
280708964	1474
280709311	1474
280709619	222
280710460	1474
280710691	1474
280710928	1474
280711160	1474
280711542	1474
280711785	1474
280712003	1474
280712222	1474
280712516	1474
280712752	1474
280712972	1474
280713224	1474
280713498	1474
280713722	1474
280713961	446
280714181	1474
280714461	1474
280714680	1474
280714940	1474
280715158	1474
280715402	1474
280715628	1474
280715903	1474
280716123	278
280833180	1474
280833564	1474
280833731	1474
280834037	1474
280834262	1474
280834962	1474
280835267	1474
280835442	1474
280835662	1474
280835974	306
280836195	1474
280836374	1474
280836575	1474
280836873	138
280837089	1474
280837357	1474
280837591	1474
280837801	1474
280838088	1474
280838359	1474
280838594	1474
280838857	1474
280839084	1474
280839349	306
280839567	1474
280839814	1474
280839979	110
280842949	1474
280843114	1474
280843274	1474
280843434	1474
280843595	1474
280843757	1474
280843932	1474
280844096	1474
280844263	1474
280844425	1474
280844623	1474
280844855	362
280845564	1474
280845887	1474
280846056	1474
280846220	1474
280846381	1474
280846543	1474
280846706	1474
280846889	1474
280847165	278
280960586	1474
280960900	1474
280961068	1474
280961286	1474
280961520	1474
280961761	1474
280962033	1474
280962223	1474
280962387	278
280962550	1474
280962708	1474
280962883	1474
280963044	1474
280963208	166
280963368	1474
280963533	82
280963692	1474
280963915	1474
280964076	1474
280964239	1474
280964400	166
280964563	1474
280964723	1474
280964900	1474
280965064	1474
280965285	1474
280965457	1474
280965624	1474
280965792	1474
280965960	1474
280966121	306
281001428	1474
281001666	1474
281001846	1474
281002012	1474
281002174	1474
281002336	1474
281002494	1474
281002660	1474
281002854	1474
281003092	1474
281003330	1474
281003797	1474
281004014	1474
281004185	1474
281004372	1474
281004603	1474
281004770	1474
281004947	1474
281005108	1474
281005326	1474
281005494	1474
281746459	1474
281746737	1474
281746945	1474
281747171	1474
281747598	1474
281747767	1474
281748008	1474
281748177	1474
281748343	1474
281748506	1474
281748667	1474
281748830	1474
281749005	1474
281749242	1474
281749429	1474
281749596	1474
281749757	1474
281749928	1474
282281017	1474
282281324	1474
282281496	1474
282281751	1474
282281980	1474
282282323	1474
282282517	1474
282282811	1474
282282984	1474
282283150	1474
282283313	1474
282283477	1474
282283638	1474
282283798	1474
282283974	1474
282284139	1474
282284300	1474
283079939	1474
283080210	1474
283080380	1474
283080634	1474
283080859	1474
283081199	1474
283081370	1474
283081538	1474
283081705	1474
283081867	1474
283082043	1474
283082206	1474
283082370	1474
283082534	1474
283082697	1474
283613397	1474
283613576	1474
283613740	1474
283613998	1474
283614234	1474
283614511	1474
283614680	1474
283614869	1474
283615129	1474
283615303	1474
283615466	1474
283615626	1474
283615787	1474
283615946	1474
283616118	1474
283616280	1474
284416803	1474
284417007	1474
284417260	1474
284417508	1474
284417727	1474
284417979	1474
284418154	1474
284418319	1474
284418481	1474
284418648	1474
284418842	1474
284419075	1474
284419460	1474
284419680	1474
284419863	1474
284420026	1474
284420202	1474
285213959	1474
285214176	1474
285214360	1474
285214619	1474
285214837	1474
285215148	1474
285215360	1474
285215607	1474
285215791	1474
285215957	1474
285216119	1474
285216298	1474
285216461	1474
285216623	1474
285216787	1474
285216948	1474
285217111	1474
285217335	1474
286013385	1474
286013564	1474
286013729	1474
286013953	1474
286014177	1474
286014640	1474
286014836	1474
286015061	1474
286015226	1474
286015400	1474
286015563	1474
286015726	1474
286015888	1474
286016050	1474
286016211	1474
286016379	1474
286016544	1474
286813473	1474
286813753	1474
286813877	1474
286813992	1474
286814106	1474
286814238	1474
286814363	1474
286814470	1474
286814580	1474
286814697	1474
286814828	1474
286814939	1474
286815057	1474
286815168	1474
286815278	1474
286815408	1474
286815518	1474
287348728	1474
287348897	1474
287349093	1474
287349389	1474
287349737	1474
287349907	1474
287350070	1474
287350235	1474
287350399	1474
287350573	1474
287350736	1474
287350898	1474
287351062	1474
287351224	1474
287351388	1474
287351564	1474
288148790	1474
288148960	1474
288149131	1474
288149399	1474
288149702	1474
288149977	1474
288150148	1474
288150313	1474
288150486	1474
288150652	1474
288150818	1474
288150985	1474
288151150	1474
288151315	1474
288151487	1474
288151652	1474
288151834	1474
288947604	1474
288947739	1474
288947848	1474
288948004	1474
288948123	1474
288948235	1474
288948360	1474
288948471	1474
288948601	1474
288948713	1474
288948827	1474
288948940	1474
288949055	1474
288949271	1474
288949404	1474
288949513	1474
288949638	1474
288949748	1474
289748898	1474
289749065	1474
289749237	1474
289749364	1474
289749485	1474
289749606	1474
289749742	1474
289749863	1474
289749984	1474
289750106	1474
289750239	1474
289750378	1474
289750499	1474
289750620	1474
289750755	1474
289750874	1474
289750994	1474
289751114	1474
290547994	1474
290548117	1474
290548238	1474
290548364	1474
290548486	1474
290548720	1474
290548850	1474
290548971	1474
290549126	1474
290549250	1474
290549378	1474
290549498	1474
290549620	1474
290549755	1474
290549875	1474
290549995	1474
290550114	1474
291347731	1474
291347965	1474
291348092	1474
291348208	1474
291348329	1474
291348452	1474
291348572	1474
291348691	1474
291348823	1474
291348943	1474
291349082	1474
291349247	1474
291349367	1474
291349489	1474
291349607	1474
291349726	1474
291349859	1474
291349975	1474
292147907	1474
292148095	1474
292148218	1474
292148342	1474
292148484	1474
292148610	1474
292148739	1474
292148861	1474
292148999	1474
292149177	1474
292149306	1474
292149445	1474
292149567	1474
292149701	1474
292149825	1474
292149965	1474
292150115	1474
292150239	1474
293216379	1474
293216512	1474
293216639	1474
293216763	1474
293216894	1474
293217079	1474
293217416	1474
293217564	1474
293217689	1474
293217818	1474
293217946	1474
293218088	1474
293218215	1474
293218343	1474
293218470	1474
293218598	1474
293218774	1474
293218905	1474
294016270	1474
294016400	1474
294016527	1474
294016663	1474
294016819	1474
294017096	1474
294017382	1474
294017530	1474
294017677	1474
294017804	1474
294017947	1474
294018090	1474
294018215	1474
294018340	1474
294018466	1474
294018593	1474
294018731	1474
294018855	1474
294814851	1474
294814985	1474
294815111	1474
294815255	1474
294815383	1474
294815703	1474
294815839	1474
294815988	1474
294816128	1474
294816254	1474
294816379	1474
294816518	1474
294816663	1474
294816795	1474
294816936	1474
294817084	1474
294817265	1474
294817445	1474
295615291	1474
295615425	1474
295615559	1474
295615689	1474
295615843	1474
295616098	1474
295616227	1474
295616371	1474
295616509	1474
295616635	1474
295616763	1474
295616905	1474
295617032	1474
295617232	1474
295617413	1474
295617563	1474
295617689	1474
295617816	1474
296414998	1474
296415120	1474
296415243	1474
296415384	1474
296415512	1474
296415673	1474
296415892	1474
296416025	1474
296416147	1474
296416267	1474
296416398	1474
296416521	1474
296416643	1474
296416781	1474
296416902	1474
296417023	1474
296417192	1474
296417333	1474
297214305	1474
297214440	1474
297214565	1474
297214708	1474
297214835	1474
297215189	1474
297215319	1474
297215450	1474
297215575	1474
297215699	1474
297215823	1474
297215965	1474
297216086	1474
297216209	1474
297216330	1474
297216461	1474
297216586	1474
297216712	1474
298018052	1474
298018182	1474
298018316	1474
298018440	1474
298018577	1474
298018711	1474
298018836	1474
298018952	1474
298019072	1474
298019195	1474
298019317	1474
298019440	1474
298019578	1474
298019704	1474
298019826	1474
298019962	1474
298020084	1474
298816258	1474
298816384	1474
298816513	1474
298816670	1474
298816800	1474
298816989	1474
298817288	1474
298817416	1474
298817553	1474
298817692	1474
298817826	1474
298817959	1474
298818080	1474
298818202	1474
298818330	1474
298818454	1474
298818601	1474
299618697	1474
299618860	1474
299618985	1474
299619191	1474
299619340	1474
299619491	1474
299619703	1474
299619850	1474
299619974	1474
299620096	1474
299620219	1474
299620341	1474
299620466	1474
299620588	1474
299620705	1474
299620841	1474
299620967	1474
299621109	1474
300415883	1474
300416013	1474
300416143	1474
300416266	1474
300416400	1474
300416538	1474
300416715	1474
300416971	1474
300417096	1474
300417248	1474
300417420	1474
300417551	1474
300417670	1474
300417808	1474
300417945	1474
300418072	1474
300418196	1474
300418320	1474
301214617	1474
301214745	1474
301214888	1474
301215024	1474
301215153	1474
301215417	1474
301215548	1474
301215674	1474
301215799	1474
301215926	1474
301216063	1474
301216202	1474
301216325	1474
301216450	1474
301216587	1474
301216711	1474
301216848	1474
302015105	1474
302015232	1474
302015358	1474
302015487	1474
302015640	1474
302015933	1474
302016058	1474
302016182	1474
302016305	1474
302016429	1474
302016575	1474
302016698	1474
302016833	1474
302017014	1474
302017182	1474
302017332	1474
302017455	1474
302017592	1474
302815237	1474
302815363	1474
302815493	1474
302815618	1474
302815766	1474
302816041	1474
302816167	1474
302816307	1474
302816427	1474
302816560	1474
302816685	1474
302816808	1474
302817024	1474
302817197	1474
302817324	1474
302817453	1474
302817589	1474
303616467	1474
303616590	1474
303616709	1474
303616828	1474
303616949	1474
303617202	1474
303617333	1474
303617455	1474
303617574	1474
303617693	1474
303617819	1474
303617937	1474
303618064	1474
303618184	1474
303618304	1474
303618424	1474
303618544	1474
303618662	1474
304683306	1474
304683578	1474
304683704	1474
304683824	1474
304683941	1474
304684060	1474
304684285	1474
304684415	1474
304684534	1474
304684652	1474
304684771	1474
304684890	1474
304685009	1474
304685198	1474
304685323	1474
304685448	1474
304685567	1474
304685685	1474
305483343	1474
305483595	1474
305483715	1474
305483834	1474
305483956	1474
305484075	1474
305484295	1474
305484424	1474
305484546	1474
305484665	1474
305484785	1474
305484906	1474
305485024	1474
305485174	1474
305485313	1474
305485439	1474
305485556	1474
306281591	1474
306281846	1474
306281968	1474
306282087	1474
306282208	1474
306282335	1474
306282456	1474
306282575	1474
306282694	1474
306282812	1474
306282931	1474
306283048	1474
306283166	1474
306283286	1474
306283416	1474
306283534	1474
306283654	1474
306283772	1474
307083771	1474
307084039	1474
307084166	1474
307084285	1474
307084414	1474
307084532	1474
307084651	1474
307084770	1474
307084888	1474
307085006	1474
307085258	1474
307085390	1474
307085514	1474
307085633	1474
307085752	1474
307085869	1474
307085988	1474
307086108	1474
307880957	1474
307881345	1474
307881483	1474
307881611	1474
307881758	1474
307881907	1474
307882123	1474
307882247	1474
307882381	1474
307882518	1474
307882651	1474
307882773	1474
307882913	1474
307883036	1474
307883176	1474
307883300	1474
307883423	1474
308680717	1474
308681206	1474
308681343	1474
308681468	1474
308681704	1474
308682067	1474
308682197	1474
308682323	1474
308682464	1474
308682655	1474
308682792	1474
308682914	1474
308683048	1474
308683179	1474
308683303	1474
308683426	1474
308683555	1474
308683678	1474
309481023	1474
309481305	1474
309481501	1474
309481663	1474
309481862	1474
309482011	1474
309482232	1474
309482364	1474
309482487	1474
309482696	1474
309482822	1474
309482948	1474
309483074	1474
309483192	1474
309483311	1474
309483457	1474
309483613	1474
309483738	1474
310280927	1474
310281178	1474
310281367	1474
310281496	1474
310281633	1474
310281914	1474
310282042	1474
310282181	1474
310282304	1474
310282428	1474
310282552	1474
310282677	1474
310282811	1474
310282952	1474
310283093	1474
310283217	1474
310283351	1474
311081706	1474
311082081	1474
311082221	1474
311082356	1474
311082478	1474
311082616	1474
311082754	1474
311082888	1474
311083014	1474
311083131	1474
311083257	1474
311083386	1474
311083510	1474
311083633	1474
311083767	1474
311083892	1474
311615271	1474
311615408	1474
311615573	1474
311615696	1474
311615830	1474
311616025	1474
311616275	1474
311616398	1474
311616656	1474
311616787	1474
311616923	1474
311617048	1474
311617359	1474
311617500	1474
311617625	1474
311617743	1474
311617895	1474
312681541	1474
312681884	1474
312682002	1474
312682146	1474
312682268	1474
312682399	1474
312682523	1474
312682651	1474
312682777	1474
312682916	1474
312683048	1474
312683174	1474
312683294	1474
312683417	1474
312683539	1474
312683663	1474
312683789	1474
313481383	1474
313481528	1474
313481760	1474
313481909	1474
313482061	1474
313482279	1474
313482416	1474
313482540	1474
313482663	1474
313482785	1474
313482925	1474
313483051	1474
313483182	1474
313483306	1474
313483431	1474
313483558	1474
313483700	1474
313483823	1474
314283467	1474
314283760	1474
314283888	1474
314284039	1474
314284182	1474
314284331	1474
314284547	1474
314284674	1474
314284798	1474
314284922	1474
314285063	1474
314285295	1474
314285424	1474
314285559	1474
314285686	1474
314285827	1474
314285952	1474
315081415	1474
315081706	1474
315081896	1474
315082064	1474
315082250	1474
315082413	1474
315082579	1474
315082742	1474
315082911	1474
315083075	1474
315083261	1474
315083438	1474
315083619	1474
315083782	1474
315083946	1474
315084117	1474
315084284	1474
