14551333	58
14552701	54
14613322	1474
14613612	1474
14615812	1474
14616058	1474
14616200	1474
14616544	1474
14617507	1474
14617739	1474
14617958	1474
14618430	1474
14619175	334
14679165	1474
14679678	1474
14680096	1474
14680442	1474
14680821	1474
14681484	194
14681808	1474
14682277	1474
14682718	1474
14683545	138
14683875	1474
14684258	1474
14684600	110
14684943	1474
14685254	1474
14685640	110
14693860	1474
14694348	1474
14694585	1474
14694750	1474
14694911	1474
14695162	1474
14695386	1474
14695717	1474
14696019	1474
14696294	1474
14696511	478
14737963	1474
14738180	1474
14738542	1474
14738752	1474
14738878	1474
14739311	1474
14739683	222
14739805	1474
14739934	1474
14740171	110
14740374	1474
14740553	1474
14740676	1414
14741110	1474
14741331	1474
14741571	110
14741689	1474
14741908	1474
14742264	110
14742460	1474
14742579	1474
14742702	110
14743648	1474
14744739	1474
14744888	110
14746062	1474
14746284	1474
14746518	1474
14746637	1474
14746773	166
14760886	1474
14761640	1474
14762002	1474
14762256	1474
14762611	1474
14762874	1474
14763075	1474
14763197	1474
14763311	1474
14763574	1474
14763771	1474
14763901	1474
14764018	1474
14764162	1474
14764441	1474
14764710	1474
14765044	1474
14765614	1474
14765775	1474
14766125	586
14803112	1474
14803385	1474
14804730	1474
14805133	1474
14805303	1474
14805694	1474
14805985	1474
14806996	250
14807211	1474
14807499	1474
14807700	110
14807831	1474
14808159	1474
14808425	110
14808598	1474
14809111	1474
14809374	1474
14809495	1474
14809618	166
14809930	1474
14810134	1474
14810261	1474
14810389	1474
14810743	1474
14810955	194
14811172	1474
14811370	1474
14811507	110
14811616	1474
14811756	1474
14811964	110
14830054	1474
14830181	1474
14830307	1474
14830445	1474
14830598	1474
14830833	1474
14830999	1474
14831249	1474
14831512	1474
14831737	1474
14831877	1474
14832006	1474
14832158	1474
14833742	1474
14834069	854
14875651	1474
14875806	1474
14876134	1474
14876433	1474
14876666	1474
14876917	1474
14877276	222
14877437	1474
14877761	1474
14878058	1474
14878389	1474
14878674	1474
14879597	1474
14879838	1474
14880036	122
14888205	1474
16362877	1474
16376592	1474
16376872	1474
16394721	1474
16395300	1474
16395735	1474
16396143	1474
16427955	1474
16428274	1474
16428741	1474
16429108	1474
16430220	1474
16430449	1474
16430928	1474
16431349	1474
16474824	1474
16475115	1474
16475269	1474
16476218	1474
16476440	1474
16507502	1474
16533337	1474
19398243	1474
19401862	1474
19402185	1474
19407797	1474
19408251	1474
19408682	1474
19409141	1474
19419398	1474
19419908	409
19420167	1474
19420536	1474
19420754	1474
19420930	1474
19421463	1474
19436845	1474
19437083	1474
19437499	1474
19437907	1474
19438328	1474
19452535	1474
19453006	1474
19453539	1474
19453765	1474
19454242	1474
19454467	1474
19471360	1474
19471690	1474
19471911	1474
19472266	1474
19472716	1474
19472848	1474
19472972	1474
19489765	1474
19490078	1474
19490534	1474
19490668	1474
19490792	1474
19491017	1474
19491380	1474
19504372	1474
19504528	1474
19504806	1474
19504940	1474
19505189	1474
19505394	1474
19505519	1474
19505641	1474
19518972	1474
19519148	1474
19519372	1474
19519624	1474
19519875	1474
19520004	1474
19520263	1474
19536227	1474
19536352	1474
19536574	1474
19536954	1474
19537369	1474
19537745	1474
19538031	1474
19554092	1474
19554330	1474
19554459	1474
19554677	1474
19555146	1474
19555378	1474
19558516	1474
19558647	1474
19573736	1474
19573858	1474
19575687	1474
19575814	1474
19575939	1474
19576193	1474
19590185	1474
19590426	1474
19608568	1474
20908332	1474
20912845	1474
20913220	1474
20919160	1474
20919754	1474
20920043	1474
20925050	1474
20925648	1474
20925913	1474
20926582	1474
20931281	1474
20931422	1474
20931846	1474
20931983	1474
20932261	1474
20936738	1474
20937096	1474
20937440	1474
20937692	1474
20937920	1474
20941780	1474
20942148	1474
20942383	1474
20942831	1474
20946708	1474
20946840	1474
20950654	1474
20951034	1474
20951261	1474
20954978	1474
20955109	1474
20957894	1474
20958213	1474
20958619	1474
20958985	1474
20959285	1474
20976851	1474
20976993	1474
20977360	1474
20977808	1474
20978173	1474
20978331	1474
20978463	1474
20985694	1474
20985825	1474
20985964	1474
20986088	1474
20986212	1474
20986480	1474
20989561	1474
20989689	1474
20989814	1474
21027745	1474
21027875	1474
21027997	1474
21028123	1474
21028355	1474
21028482	1474
21028625	1474
21075930	1474
21076201	1474
21076401	1474
21076523	1474
21076664	1474
21076812	1474
21076937	1474
21077080	1474
21116644	1474
21117001	1474
21117358	1474
21117486	1474
21117624	1474
21117760	1474
21117880	1474
21117988	1474
21160365	1474
21160526	1474
21160656	1474
21160801	1474
21160925	1474
21161057	1474
21161231	1474
21161393	1474
21201435	1474
21201561	1474
21201685	1474
21201808	1474
21201937	1474
21202064	1474
21202190	1474
21202331	1474
21237867	1474
21238137	1474
21238327	1474
21238454	1474
21238591	1474
21238730	1474
21238880	1474
21239120	1474
21284539	1474
21284707	1474
21284870	1474
21285032	1474
21285253	1474
21285425	1474
21285589	1474
21285759	1474
21323198	1474
21504465	1474
21504728	1474
21504854	1474
21504981	1474
21505165	1474
21505390	1474
21505516	1474
21505647	1474
21544242	1474
21544543	1474
21544665	1474
22304651	1474
22304848	1474
22305018	1474
22305231	1474
22305418	1474
22305581	1474
22305744	1474
22305908	1474
22306074	1474
22352184	1474
22352365	1474
22352564	1474
22352731	1474
22352892	1474
22353057	1474
22353279	1474
22353454	1474
22353616	1474
23105061	1474
23105286	1474
23105475	1474
23105639	1474
23105802	1474
23105965	1474
23106130	1474
23106298	1474
23106473	1474
23147671	1474
23147898	1474
23148086	1474
23148250	1474
23148442	1474
23148611	1474
23148775	1474
23148940	1474
23149102	1474
23905805	1474
23905972	1474
23906137	1474
23906345	1474
23906578	1474
23906902	1474
23907072	1474
23907233	1474
23907406	1474
23907576	1474
23947266	1474
23947467	1474
23947658	1474
23947840	1474
23948006	1474
23948149	1474
23948295	1474
23948452	1474
23948598	1474
24443133	1474
24443301	1474
24443556	1474
24443776	1474
24444109	1474
24444281	1474
24444457	1474
24444620	1474
24444787	1474
24449096	1474
24484718	1474
25238971	1474
25239136	1474
25239324	1474
25239549	1474
25239795	1474
25239973	1474
25240157	1474
25240353	1474
25240632	1474
25240798	1474
25241180	1474
25278992	1474
25279155	1474
25279306	1474
25279459	1474
25279609	1474
25279754	1474
25279903	1474
25280047	1474
26043822	1474
26044120	1474
26044556	1474
26045066	1474
26045369	1474
26045560	1474
26045725	1474
26045890	1474
26046051	1474
26046218	1474
26052885	1474
26083091	1474
26083279	1474
26083453	1474
26083620	1474
26841769	1474
26841991	1474
26842900	1474
26843191	1474
26843496	1474
26843675	1474
26843841	1474
26844003	1474
26844166	1474
26844329	1474
26849026	1474
26883976	1474
26884149	1474
26884312	1474
26884476	1474
26884651	1474
26884816	1474
26884979	1474
26885143	1474
26885350	1474
27642767	1474
27642996	1474
27643502	1474
27643767	1474
27643943	1474
27644135	1474
27644304	1474
27644467	1474
27644630	1474
27644806	1474
27651021	1474
27651186	1474
27683368	1474
27683532	1474
27683693	1474
27683865	1474
28439724	1474
28439901	1474
28440064	1474
28440257	1474
28440474	1474
28440665	1474
28441116	1474
28441386	1474
28441597	1474
28441871	1474
28442114	1474
28442555	1474
28481762	1474
28481927	1474
28482091	1474
28482285	1474
28482505	1474
28482697	1474
28482908	1474
28483071	1474
28483235	1474
29240093	1474
29240259	1474
29240422	1474
29240670	1474
29240896	1474
29241198	1474
29241371	1474
29241533	1474
29241695	1474
29241955	1474
29242170	1474
29243131	1474
29279090	1474
29279322	1474
29279801	1474
30042638	1474
30042925	1474
30043142	1474
30043432	1474
30043654	1474
30043971	1474
30044214	1474
30044385	1474
30044547	1474
30044710	1474
30044878	1474
30047583	1474
30082732	1474
30082919	1474
30083110	1474
30083297	1474
30083461	1474
30083623	1474
30083785	1474
30083961	1474
30847076	1474
30847247	1474
30847414	1474
30847618	1474
30847839	1474
30848106	1474
30848276	1474
30848470	1474
30848658	1474
30848824	1474
30849007	1474
30849305	1474
30853563	1474
30887260	1474
31642104	1474
31642404	1474
31642863	1474
31643146	1474
31643423	1474
31643647	1474
31643905	1474
31644085	1474
31644251	1474
31644415	1474
31644581	1474
31644765	1474
31647787	1474
31683527	1474
31683705	1474
31683893	1474
31684117	1474
31684283	1474
31684445	1474
31684607	1474
31684772	1474
32703931	1474
32704300	1474
32704436	1474
32704576	1474
32704697	1474
32704821	1474
32705042	1474
32705232	1474
32705358	1474
32705500	1474
32705630	1474
32705758	1474
32743725	1474
32744013	1474
32744148	1474
33504376	1474
33504754	1474
33504898	1474
33505035	1474
33505240	1474
33505360	1474
33505485	1474
33505610	1474
33505731	1474
33505858	1474
33506077	1474
33506215	1474
33548543	1474
33548668	1474
33548782	1474
33548898	1474
33549024	1474
33549181	1474
33549329	1474
33549438	1474
33549549	1474
34306423	1474
34306557	1474
34306702	1474
34306936	1474
34307067	1474
34307605	1474
34307933	1474
34308067	1474
34308608	1474
34308772	1474
34309075	1474
34309385	1474
34348464	1474
34348588	1474
34348713	1474
35103839	1474
35104016	1474
35104395	1474
35104525	1474
35104643	1474
35104872	1474
35105000	1474
35105208	1474
35105438	1474
35105563	1474
35105682	1474
35105800	1474
35107864	1474
35107992	1474
35150015	1474
35150144	1474
35150401	1474
35905023	1474
35905219	1474
35905342	1474
35905471	1474
35905594	1474
35905715	1474
35905834	1474
35905956	1474
35906078	1474
35906211	1474
35906329	1474
35906446	1474
35906568	1474
35949913	1474
35950037	1474
35950171	1474
35950293	1474
35950418	1474
35950669	1474
35950852	1474
35950980	1474
36707222	1474
36707349	1474
36707575	1474
36707835	1474
36708092	1474
36708238	1474
36708360	1474
36708485	1474
36708709	1474
36708838	1474
36709389	1474
36709524	1474
36709678	1474
36711982	1474
36748185	1474
37508148	1474
37508324	1474
37508489	1474
37508745	1474
37508967	1474
37509685	1474
37509861	1474
37510025	1474
37510197	1474
37510360	1474
37510521	1474
37510684	1474
37510846	1474
37511182	1474
37548728	1474
37548862	1474
37548988	1474
38308116	1474
38308387	1474
38308600	1474
38309537	1474
38309818	1474
38309988	1474
38310163	1474
38310326	1474
38310489	1474
38310652	1474
38310813	1474
38310977	1474
38311142	1474
38351993	1474
38352165	1474
38352340	1474
38352503	1474
38352664	1474
38352826	1474
38352989	1474
38353161	1474
39106395	1474
39106626	1474
39106802	1474
39107066	1474
39107296	1474
39107467	1474
39107653	1474
39107841	1474
39108012	1474
39108186	1474
39108357	1474
39108523	1474
39108715	1474
39108955	1474
39109133	1474
39906251	1474
39906418	1474
39906582	1474
39906840	1474
39907057	1474
39907277	1474
39907444	1474
39907636	1474
39907804	1474
39907967	1474
39908131	1474
39908304	1474
39908468	1474
39908631	1474
39908961	1474
39948373	1474
39948541	1474
40706981	1474
40707148	1474
40707318	1474
40707569	1474
40707785	1474
40707955	1474
40708165	1474
40708364	1474
40708615	1474
40708833	1474
40709313	1474
40709490	1474
40709653	1474
40709813	1474
40710138	1474
40748851	1474
40749037	1474
41507932	1474
41508096	1474
41508289	1474
41508536	1474
41509027	1474
41509291	1474
41509918	1474
41510116	1474
41510317	1474
41510481	1474
41510644	1474
41510806	1474
41510968	1474
41511129	1474
41514544	1474
41548980	1474
41549145	1474
41549368	1474
42307097	1474
42307264	1474
42307463	1474
42307686	1474
42307881	1474
42308049	1474
42308239	1474
42308448	1474
42308652	1474
42308871	1474
42309592	1474
42309792	1474
42310008	1474
42310173	1474
42313574	1474
42349035	1474
42349248	1474
42349424	1474
43107080	1474
43107244	1474
43107406	1474
43107661	1474
43107880	1474
43108179	1474
43108377	1474
43108603	1474
43108769	1474
43108932	1474
43109094	1474
43109277	1474
43109504	1474
43109673	1474
43109997	1474
43148593	1474
43148758	1474
44172038	1474
44172210	1474
44172411	1474
44172664	1474
44172948	1474
44173191	1474
44173366	1474
44173537	1474
44173706	1474
44173956	1474
44174177	1474
44174569	1474
44174768	1474
44174985	1474
44175227	1474
44175444	1474
44211235	1474
44211468	1474
44972391	1474
44972567	1474
44972732	1474
44972927	1474
44973145	1474
44973449	1474
44973629	1474
44973842	1474
44974121	1474
44974302	1474
44974749	1474
44974942	1474
44975107	1474
44975293	1474
44975466	1474
44975663	1474
45011593	1474
45776886	1474
45777056	1474
45777293	1474
45777551	1474
45777848	1474
45778014	1474
45778247	1474
45778418	1474
45778588	1474
45778752	1474
45778911	1474
45779072	1474
45779232	1474
45779392	1474
45779552	1474
45786497	1474
45820106	1474
45820268	1474
46576305	1474
46576492	1474
46576703	1474
46576924	1474
46577140	1474
46577447	1474
46577617	1474
46577791	1474
46577953	1474
46578113	1474
46578275	1474
46578531	1474
46578754	1474
46579052	1474
46579222	1474
46585414	1474
46615429	1474
46615615	1474
47375072	1474
47375214	1474
47375406	1474
47375546	1474
47375809	1474
47375952	1474
47376252	1474
47376487	1474
47376621	1474
47376767	1474
47377163	1474
47377301	1474
47377430	1474
47377558	1474
47377692	1474
47416873	1474
47417119	1474
47417260	1474
48174077	1474
48174201	1474
48174324	1474
48174445	1474
48174565	1474
48174689	1474
48174925	1474
48175055	1474
48175353	1474
48175537	1474
48175768	1474
48175899	1474
48176131	1474
48176242	1474
48176442	1474
48176567	1474
48215248	1474
48215387	1474
48974236	1474
48974524	1474
48974754	1474
48974910	1474
48975165	1474
48975338	1474
48975577	1474
48975700	1474
48975908	1474
48976018	1474
48976126	1474
48976234	1474
48976344	1474
48976454	1474
48976561	1474
48976669	1474
48979805	1474
49014792	1474
49774307	1474
49774652	1474
49774798	1474
49775163	1474
49775322	1474
49775802	1474
49776135	1474
49776429	1474
49776780	1474
49776919	1474
49777045	1474
49777355	1474
49777489	1474
49777613	1474
49777737	1474
49777868	1474
49781012	1474
49815545	1474
50573497	1474
50573628	1474
50573759	1474
50573907	1474
50574034	1474
50574163	1474
50574456	1474
50574752	1474
50575559	1474
50575786	1474
50575988	1474
50576640	1474
50576772	1474
50576910	1474
50577033	1474
50577211	1474
50577344	1474
50615484	1474
51373232	1474
51373369	1474
51373494	1474
51373625	1474
51373753	1474
51374009	1474
51374142	1474
51374343	1474
51374646	1474
51374778	1474
51374901	1474
51375041	1474
51375185	1474
51375308	1474
51375491	1474
51375624	1474
51375904	1474
51415655	1474
52437907	1474
52438040	1474
52438165	1474
52438353	1474
52438494	1474
52438721	1474
52438860	1474
52439077	1474
52439204	1474
52439325	1474
52439446	1474
52439566	1474
52439687	1474
52439808	1474
52439928	1474
52440123	1474
52440242	1474
52484138	1474
53237883	1474
53238003	1474
53238138	1474
53238259	1474
53238378	1474
53238598	1474
53238724	1474
53238845	1474
53238965	1474
53239186	1474
53239306	1474
53239425	1474
53239545	1474
53239665	1474
53239784	1474
53239903	1474
53240023	1474
53240154	1474
54040109	1474
54040235	1474
54040353	1474
54040472	1474
54040593	1474
54040716	1474
54040936	1474
54041062	1474
54041509	1474
54041632	1474
54041752	1474
54041992	1474
54042184	1474
54042305	1474
54042529	1474
54042657	1474
54043064	1474
54079038	1474
54840613	1474
54840837	1474
54840965	1474
54841611	1474
54841844	1474
54841972	1474
54842425	1474
54842663	1474
54842790	1474
54843229	1474
54843353	1474
54843473	1474
54843674	1474
54843794	1474
54843913	1474
54844034	1474
54844160	1474
54846510	1474
55640314	1474
55640436	1474
55640556	1474
55640676	1474
55640795	1474
55641042	1474
55641263	1474
55641666	1474
55641796	1474
55641916	1474
55642132	1474
55642272	1474
55642505	1474
55642634	1474
55643089	1474
55643225	1474
55643422	1474
55643544	1474
56439693	1474
56439833	1474
56440197	1474
56440440	1474
56440620	1474
56440771	1474
56441459	1474
56441584	1474
56441725	1474
56442033	1474
56442177	1474
56442348	1474
56442563	1474
56442804	1474
56442936	1474
56443234	1474
56443362	1474
56444065	1474
57237729	1474
57237863	1474
57237989	1474
57238117	1474
57238258	1474
57238414	1474
57238687	1474
57238818	1474
57238948	1474
57239073	1474
57239218	1474
57239359	1474
57239496	1474
57239624	1474
57239767	1474
57239895	1474
57240027	1474
58038951	1474
58039076	1474
58039222	1474
58039359	1474
58039620	1474
58039751	1474
58039877	1474
58040003	1474
58040126	1474
58040249	1474
58040390	1474
58040515	1474
58040642	1474
58040770	1474
58040925	1474
58041699	1474
58041835	1474
58840330	1474
58840475	1474
58840786	1474
58840962	1474
58841329	1474
58841477	1474
58841616	1474
58841758	1474
58841886	1474
58842020	1474
58842179	1474
58842489	1474
58842668	1474
58842988	1474
58843105	1474
58843215	1474
58843329	1474
59638321	1474
59638453	1474
59638595	1474
59638731	1474
59638989	1474
59639119	1474
59639244	1474
59639499	1474
59639626	1474
59639760	1474
59639883	1474
59640005	1474
59640126	1474
59640250	1474
59640372	1474
59640509	1474
59640639	1474
59640761	1474
60438335	1474
60438458	1474
60438598	1474
60438933	1474
60439113	1474
60439244	1474
60439542	1474
60439665	1474
60439796	1474
60439919	1474
60440040	1474
60440164	1474
60440290	1474
60440424	1474
60440560	1474
60440698	1474
60440850	1474
61237757	1474
61238055	1474
61238180	1474
61238307	1474
61238435	1474
61238694	1474
61238824	1474
61238950	1474
61239088	1474
61239211	1474
61239336	1474
61239459	1474
61239597	1474
61239724	1474
61239853	1474
61239975	1474
61240099	1474
62038636	1474
62038875	1474
62039065	1474
62039309	1474
62039486	1474
62039783	1474
62039912	1474
62040036	1474
62040162	1474
62040287	1474
62040413	1474
62040541	1474
62040701	1474
62040854	1474
62041079	1474
62041862	1474
62042092	1474
62837729	1474
62837862	1474
62837996	1474
62838119	1474
62838312	1474
62838438	1474
62838621	1474
62838888	1474
62839026	1474
62839149	1474
62839274	1474
62839400	1474
62839522	1474
62839664	1474
62839808	1474
62839929	1474
62840055	1474
62840179	1474
63637934	1474
63638251	1474
63638381	1474
63638522	1474
63638655	1474
63638786	1474
63638909	1474
63639032	1474
63639168	1474
63639310	1474
63639432	1474
63639567	1474
63639707	1474
63639833	1474
63639957	1474
63640081	1474
63640205	1474
64437613	1474
64437956	1474
64438093	1474
64438237	1474
64438366	1474
64438498	1474
64438772	1474
64438906	1474
64439045	1474
64439169	1474
64439300	1474
64439425	1474
64439549	1474
64439680	1474
64439810	1474
64439934	1474
64440060	1474
64440186	1474
65238108	1474
65238356	1474
65238493	1474
65238616	1474
65239050	1474
65239185	1474
65239320	1474
65239476	1474
65239599	1474
65239741	1474
65239880	1474
65240003	1474
65240137	1474
65240278	1474
65240402	1474
65240526	1474
65240651	1474
66037771	1474
66038077	1474
66038205	1474
66038337	1474
66038462	1474
66038591	1474
66038918	1474
66039048	1474
66039175	1474
66039307	1474
66039429	1474
66039558	1474
66039699	1474
66039831	1474
66039955	1474
66040099	1474
66040222	1474
66837590	1474
66837917	1474
66838052	1474
66838180	1474
66838302	1474
66838539	1474
66838686	1474
66838810	1474
66839091	1474
66839223	1474
66839361	1474
66839504	1474
66839626	1474
66839764	1474
66839903	1474
66840045	1474
66840169	1474
66840293	1474
67639864	1474
67640154	1474
67640297	1474
67640420	1474
67640551	1474
67640786	1474
67640928	1474
67641060	1474
67641234	1474
67641370	1474
67641499	1474
67641625	1474
67641749	1474
67641873	1474
67642011	1474
67642162	1474
67642426	1474
67643023	1474
68437988	1474
68438231	1474
68438433	1474
68438578	1474
68438842	1474
68439031	1474
68439174	1474
68439468	1474
68439605	1474
68439727	1474
68439853	1474
68440031	1474
68440173	1474
68440297	1474
68440421	1474
68440543	1474
68440682	1474
69237714	1474
69237917	1474
69238141	1474
69238280	1474
69238412	1474
69238660	1474
69238793	1474
69238931	1474
69239073	1474
69239204	1474
69239330	1474
69239454	1474
69239577	1474
69239702	1474
69239841	1474
69239989	1474
69240102	1474
69240216	1474
70041595	1474
70041764	1474
70041929	1474
70042140	1474
70042476	1474
70042694	1474
70042915	1474
70043087	1474
70043266	1474
70043429	1474
70043593	1474
70043755	1474
70043917	1474
70044081	1474
70044259	1474
70044422	1474
70044587	1474
70044769	1474
70840312	1474
70840460	1474
70840594	1474
70840717	1474
70840841	1474
70840965	1474
70841089	1474
70841276	1474
70841406	1474
70841530	1474
70841656	1474
70841783	1474
70841909	1474
70842043	1474
70842183	1474
70842310	1474
70842444	1474
71637721	1474
71638000	1474
71638149	1474
71638318	1474
71638445	1474
71638593	1474
71638717	1474
71638844	1474
71638982	1474
71639105	1474
71639247	1474
71639374	1474
71639529	1474
71639672	1474
71639893	1474
71640028	1474
72437605	1474
72437872	1474
72438090	1474
72438340	1474
72438674	1474
72438898	1474
72439099	1474
72439313	1474
72439480	1474
72439734	1474
72439957	1474
72440299	1474
72440506	1474
72440724	1474
72440896	1474
72441065	1474
72441290	1474
72441475	1474
73238216	1474
73238502	1474
73238724	1474
73238924	1474
73239154	1474
73239395	1474
73239565	1474
73239729	1474
73239893	1474
73240056	1474
73240332	1474
73240551	1474
73241206	1474
73241432	1474
73241667	1474
73241834	1474
73242000	1474
74039793	1474
74039920	1474
74040041	1474
74040160	1474
74040281	1474
74040513	1474
74040643	1474
74040765	1474
74040960	1474
74041086	1474
74041250	1474
74041390	1474
74041509	1474
74041635	1474
74041756	1474
74041874	1474
74044458	1474
74840458	1474
74840584	1474
74840704	1474
74840827	1474
74840976	1474
74841217	1474
74841344	1474
74841634	1474
74841755	1474
74841878	1474
74842010	1474
74842129	1474
74842250	1474
74842376	1474
74842498	1474
74842618	1474
74845076	1474
75640886	1474
75641010	1474
75641161	1474
75641288	1474
75641409	1474
75641540	1474
75641665	1474
75641787	1474
75641906	1474
75642025	1474
75642143	1474
75642260	1474
75642378	1474
75642512	1474
75642631	1474
75642750	1474
75642868	1474
76440163	1474
76440296	1474
76440417	1474
76440644	1474
76440875	1474
76441005	1474
76441164	1474
76441307	1474
76441537	1474
76441667	1474
76441790	1474
76441911	1474
76442033	1474
76442154	1474
76442276	1474
76442398	1474
76442535	1474
77240054	1474
77240178	1474
77240300	1474
77240429	1474
77240556	1474
77240680	1474
77240910	1474
77241139	1474
77241273	1474
77241496	1474
77241633	1474
77241755	1474
77241877	1474
77241997	1474
77242120	1474
77242243	1474
77244463	1474
78039994	1474
78040113	1474
78040233	1474
78040380	1474
78040509	1474
78040740	1474
78040857	1474
78040968	1474
78041097	1474
78041263	1474
78041393	1474
78041515	1474
78041635	1474
78041768	1474
78041891	1474
78042009	1474
78042117	1474
78840485	1474
78840608	1474
78840734	1474
78840859	1474
78840983	1474
78841227	1474
78841359	1474
78841482	1474
78841604	1474
78841735	1474
78841858	1474
78841981	1474
78842104	1474
78842225	1474
78842347	1474
78842467	1474
78842589	1474
79640578	1474
79640701	1474
79640836	1474
79640958	1474
79641083	1474
79641349	1474
79641482	1474
79641602	1474
79641722	1474
79641855	1474
79641974	1474
79642092	1474
79642208	1474
79642327	1474
79642448	1474
79642568	1474
79642686	1474
80442808	1474
80442936	1474
80443055	1474
80443176	1474
80443299	1474
80443421	1474
80443636	1474
80443779	1474
80443900	1474
80444022	1474
80444144	1474
80444263	1474
80444386	1474
80444509	1474
80444633	1474
80444765	1474
80444888	1474
80445011	1474
81241705	1474
81241844	1474
81241969	1474
81242095	1474
81242217	1474
81242446	1474
81242578	1474
81242813	1474
81242942	1474
81243065	1474
81243187	1474
81243308	1474
81243430	1474
81243551	1474
81243671	1474
81243791	1474
81243928	1474
82044657	1474
82044781	1474
82044919	1474
82045089	1474
82045262	1474
82045420	1474
82045619	1474
82045742	1474
82045871	1474
82045995	1474
82046118	1474
82046239	1474
82046358	1474
82046479	1474
82046599	1474
82046720	1474
82046848	1474
82842583	1474
82842709	1474
82842831	1474
82842987	1474
82843209	1474
82843339	1474
82843463	1474
82843585	1474
82843708	1474
82843829	1474
82843963	1474
82844085	1474
82844205	1474
82844327	1474
82844449	1474
82844569	1474
82844691	1474
82844811	1474
83638155	1474
83638280	1474
83638402	1474
83638522	1474
83638649	1474
83638869	1474
83639015	1474
83639141	1474
83639262	1474
83639385	1474
83639507	1474
83639629	1474
83639753	1474
83639978	1474
83640223	1474
83640351	1474
83640461	1474
83640675	1474
84441026	1474
84441264	1474
84441394	1474
84441515	1474
84441637	1474
84441860	1474
84441989	1474
84442125	1474
84442251	1474
84442373	1474
84442495	1474
84442617	1474
84442739	1474
84442862	1474
84442984	1474
84443122	1474
84443244	1474
84443364	1474
85242037	1474
85242180	1474
85242300	1474
85242419	1474
85242544	1474
85242768	1474
85242904	1474
85243031	1474
85243169	1474
85243290	1474
85243412	1474
85243533	1474
85243656	1474
85243777	1474
85243902	1474
85244024	1474
85244160	1474
85244282	1474
86043595	1474
86043721	1474
86043847	1474
86043973	1474
86044102	1474
86044408	1474
86044544	1474
86044689	1474
86044813	1474
86044954	1474
86045074	1474
86045350	1474
86045480	1474
86045612	1474
86045752	1474
86045872	1474
86046014	1474
86046144	1474
86839974	1474
86840116	1474
86840334	1474
86840624	1474
86840799	1474
86841430	1474
86841707	1474
86841839	1474
86842389	1474
86842618	1474
86842742	1474
86842865	1474
86842988	1474
86843109	1474
86843247	1474
86843370	1474
86843494	1474
87912563	1474
87912690	1474
87912814	1474
87912934	1474
87913058	1474
87913440	1474
87913572	1474
87913698	1474
87913819	1474
87913941	1474
87914062	1474
87914186	1474
87914326	1474
87914448	1474
87914571	1474
87914693	1474
87914815	1474
87914936	1474
88708408	1474
88708547	1474
88708694	1474
88708878	1474
88709021	1474
88709404	1474
88709623	1474
88709761	1474
88710173	1474
88710402	1474
88710543	1474
88710696	1474
88710841	1474
88710990	1474
88711214	1474
88711348	1474
88711473	1474
88711597	1474
89507955	1474
89508077	1474
89508213	1474
89508357	1474
89508478	1474
89508603	1474
89508814	1474
89508969	1474
89509443	1474
89509991	1474
89510172	1474
89510309	1474
89510456	1474
89510581	1474
89510704	1474
89510839	1474
89511007	1474
89511315	1474
90308793	1474
90308917	1474
90309041	1474
90309241	1474
90309371	1474
90309608	1474
90309725	1474
90309858	1474
90309983	1474
90310093	1474
90310216	1474
90310342	1474
90310466	1474
90310642	1474
90310777	1474
90311045	1474
90311203	1474
91111034	1474
91111163	1474
91111290	1474
91111410	1474
91111569	1474
91111821	1474
91111957	1474
91112083	1474
91112208	1474
91112333	1474
91112466	1474
91112592	1474
91112718	1474
91112861	1474
91112983	1474
91113109	1474
91113335	1474
91113469	1474
91910430	1474
91910562	1474
91910776	1474
91910888	1474
91911126	1474
91911255	1474
91911381	1474
91911518	1474
91911645	1474
91911773	1474
91911897	1474
91912023	1474
91912146	1474
91912291	1474
91912415	1474
91912550	1474
91912675	1474
91912818	1474
92704661	1474
92704790	1474
92704912	1474
92705083	1474
92705255	1474
92705378	1474
92705499	1474
92705634	1474
92705754	1474
92705884	1474
92706007	1474
92706126	1474
92706246	1474
92706365	1474
92706485	1474
92706628	1474
92706750	1474
92706871	1474
93505488	1474
93505665	1474
93505791	1474
93505916	1474
93506039	1474
93506161	1474
93506281	1474
93506513	1474
93506655	1474
93507132	1474
93507260	1474
93507381	1474
93507501	1474
93507627	1474
93507749	1474
93507870	1474
93507994	1474
93508115	1474
94305790	1474
94305913	1474
94306035	1474
94306177	1474
94306304	1474
94306567	1474
94306849	1474
94306978	1474
94307332	1474
94307513	1474
94307634	1474
94307770	1474
94307891	1474
94308013	1474
94308137	1474
94308367	1474
94308497	1474
94308781	1474
95105441	1474
95105565	1474
95105687	1474
95105822	1474
95106046	1474
95106176	1474
95106301	1474
95106423	1474
95106655	1474
95106802	1474
95107352	1474
95107477	1474
95107597	1474
95107729	1474
95107852	1474
95108022	1474
95108148	1474
95108379	1474
96176440	1474
96176570	1474
96176694	1474
96176859	1474
96176990	1474
96177351	1474
96177480	1474
96177604	1474
96177735	1474
96177857	1474
96178062	1474
96178185	1474
96178307	1474
96178429	1474
96178550	1474
96178671	1474
96178813	1474
96179046	1474
96975830	1474
96975958	1474
96976114	1474
96976244	1474
96976476	1474
96976606	1474
96976729	1474
96976868	1474
96976991	1474
96977147	1474
96977273	1474
96977398	1474
96977521	1474
96977646	1474
96977772	1474
96977907	1474
96978028	1474
96978151	1474
97776717	1474
97776843	1474
97777049	1474
97777265	1474
97777489	1474
97777617	1474
97777739	1474
97777858	1474
97777991	1474
97778111	1474
97778231	1474
97778350	1474
97778470	1474
97778590	1474
97778712	1474
97778956	1474
97779120	1474
97779249	1474
98576530	1474
98576656	1474
98576782	1474
98576911	1474
98577305	1474
98577441	1474
98577581	1474
98577706	1474
98577836	1474
98577971	1474
98578098	1474
98578238	1474
98578364	1474
98578491	1474
98578616	1474
98578759	1474
98579000	1474
98579135	1474
99377723	1474
99377853	1474
99377981	1474
99378134	1474
99378292	1474
99378529	1474
99378659	1474
99378809	1474
99379050	1474
99379228	1474
99379359	1474
99379536	1474
99379682	1474
99379807	1474
99379932	1474
99380068	1474
99380200	1474
99380325	1474
100174718	1474
100174843	1474
100174970	1474
100175101	1474
100175227	1474
100175353	1474
100175477	1474
100175616	1474
100175740	1474
100175871	1474
100176098	1474
100176233	1474
100176481	1474
100176747	1474
100176878	1474
100177007	1474
100177263	1474
100177456	1474
100974541	1474
100974675	1474
100974809	1474
100975157	1474
100975478	1474
100975601	1474
100975739	1474
100975983	1474
100976551	1474
100976751	1474
100976862	1474
100976975	1474
100977103	1474
100977261	1474
100977395	1474
100977515	1474
100977629	1474
100977739	1474
101777611	1474
101777746	1474
101777872	1474
101777995	1474
101778122	1474
101778372	1474
101778504	1474
101778633	1474
101778766	1474
101778905	1474
101779224	1474
101779358	1474
101779485	1474
101779610	1474
101779734	1474
101779859	1474
101780005	1474
101780138	1474
102837832	1474
102838145	1474
102838301	1474
102838442	1474
102838593	1474
102838846	1474
102839155	1474
102839300	1474
102839424	1474
102839549	1474
102839672	1474
102839796	1474
102839918	1474
102840045	1474
102840169	1474
102840307	1474
102840431	1474
102840554	1474
103642790	1474
103642922	1474
103643053	1474
103643180	1474
103643321	1474
103643594	1474
103643724	1474
103643859	1474
103643985	1474
103644109	1474
103644234	1474
103644375	1474
103644499	1474
103644622	1474
103644744	1474
103644867	1474
103644992	1474
103645382	1474
104439243	1474
104439382	1474
104439508	1474
104439649	1474
104439774	1474
104439902	1474
104440026	1474
104440165	1474
104440291	1474
104440432	1474
104440560	1474
104440686	1474
104440828	1474
104440953	1474
104441141	1474
104441350	1474
104441479	1474
105241876	1474
105242001	1474
105242142	1474
105242283	1474
105242510	1474
105242642	1474
105242770	1474
105242899	1474
105243023	1474
105243157	1474
105243280	1474
105243436	1474
105243561	1474
105243685	1474
105243809	1474
105243935	1474
105244059	1474
105244183	1474
106040655	1474
106040780	1474
106040900	1474
106041020	1474
106041205	1474
106041334	1474
106041473	1474
106041950	1474
106042378	1474
106042565	1474
106042957	1474
106043354	1474
106043658	1474
106044134	1474
106044402	1474
106044852	1474
106045479	1474
106045933	1474
106841237	1474
106841367	1474
106841487	1474
106841617	1474
106841776	1474
106841899	1474
106842017	1474
106842136	1474
106842255	1474
106842375	1474
106842494	1474
106842613	1474
106842745	1474
106842865	1474
106842985	1474
106843103	1474
106843224	1474
106843342	1474
107640265	1474
107640384	1474
107640491	1474
107640604	1474
107640711	1474
107640820	1474
107640925	1474
107641033	1474
107641196	1474
107641309	1474
107641416	1474
107641523	1474
107641650	1474
107641756	1474
107641861	1474
107641973	1474
107642095	1474
107642216	1474
108443133	1474
108443267	1474
108443389	1474
108443512	1474
108443642	1474
108443869	1474
108444001	1474
108444126	1474
108444247	1474
108444369	1474
108444490	1474
108444610	1474
108444744	1474
108444867	1474
108444987	1474
108445160	1474
108445307	1474
108445427	1474
109244975	1474
109245125	1474
109245273	1474
109245395	1474
109245514	1474
109245755	1474
109245884	1474
109246007	1474
109246129	1474
109246249	1474
109246370	1474
109246490	1474
109246611	1474
109246746	1474
109246868	1474
109246991	1474
109247112	1474
109247233	1474
110044307	1474
110044431	1474
110044553	1474
110044676	1474
110044918	1474
110045070	1474
110045262	1474
110045385	1474
110045507	1474
110045634	1474
110045766	1474
110045888	1474
110046011	1474
110046133	1474
110046254	1474
110046376	1474
110046497	1474
110046622	1474
111107841	1474
111108223	1474
111108593	1474
111109012	1474
111109832	1474
111110286	1474
111110433	1474
111110724	1474
111111085	1474
111111253	1474
111111682	1474
111111835	1474
111111987	1474
111112233	1474
111112482	1474
111112708	1474
111112857	1474
111113114	1474
111906103	1474
111906345	1474
111906469	1474
111906594	1474
111906717	1474
111906840	1474
111906982	1474
111907106	1474
111907253	1474
111907448	1474
111907575	1474
111907697	1474
111907822	1474
111907957	1474
111908079	1474
111908201	1474
111908342	1474
111908468	1474
112707283	1474
112707614	1474
112707779	1474
112708083	1474
112708298	1474
112708471	1474
112708632	1474
112708792	1474
112708959	1474
112709124	1474
112709334	1474
112709501	1474
112709661	1474
112709821	1474
112709988	1474
112710150	1474
112710309	1474
112710468	1474
113505102	1474
113505272	1474
113505521	1474
113505742	1474
113505871	1474
113505994	1474
113506126	1474
113506245	1474
113506363	1474
113506478	1474
113506593	1474
113506709	1474
113506824	1474
113506940	1474
113507063	1474
113507181	1474
113507297	1474
113507413	1474
114305433	1474
114305553	1474
114305677	1474
114305824	1474
114305947	1474
114306172	1474
114306300	1474
114306422	1474
114306540	1474
114306657	1474
114306774	1474
114306889	1474
114307006	1474
114307132	1474
114307251	1474
114307366	1474
114307483	1474
114307600	1474
115106031	1474
115106158	1474
115106276	1474
115106420	1474
115106543	1474
115106762	1474
115106891	1474
115107010	1474
115107127	1474
115107258	1474
115107374	1474
115107490	1474
115107607	1474
115107723	1474
115107840	1474
115107956	1474
115108072	1474
115108200	1474
115905316	1474
115905436	1474
115905555	1474
115905679	1474
115905795	1474
115905909	1474
115906026	1474
115906143	1474
115906296	1474
115906415	1474
115906533	1474
115906649	1474
115906766	1474
115906883	1474
115906999	1474
115907116	1474
115907241	1474
116708284	1474
116708411	1474
116708531	1474
116708650	1474
116708767	1474
116708886	1474
116709091	1474
116709244	1474
116709366	1474
116709472	1474
116709578	1474
116709686	1474
116709792	1474
116709897	1474
116710003	1474
116710109	1474
116710215	1474
116710334	1474
117508135	1474
117508262	1474
117508403	1474
117508533	1474
117508758	1474
117508876	1474
117508993	1474
117509269	1474
117509417	1474
117509544	1474
117509667	1474
117509798	1474
117509922	1474
117510052	1474
117510174	1474
117510328	1474
117510452	1474
117510577	1474
118309813	1474
118309942	1474
118310060	1474
118310186	1474
118310345	1474
118310590	1474
118310716	1474
118310842	1474
118310988	1474
118311114	1474
118311247	1474
118311384	1474
118311508	1474
118311631	1474
118311756	1474
118311881	1474
118312017	1474
118312140	1474
119372587	1474
119372715	1474
119372860	1474
119373000	1474
119373158	1474
119373514	1474
119373646	1474
119373775	1474
119373902	1474
119374085	1474
119374214	1474
119374338	1474
119374489	1474
119374618	1474
119374774	1474
119375006	1474
119375508	1474
119375637	1474
120172305	1474
120172496	1474
120172626	1474
120172779	1474
120172907	1474
120173048	1474
120173219	1474
120173358	1474
120173500	1474
120173647	1474
120173771	1474
120173914	1474
120174058	1474
120174184	1474
120174312	1474
120174468	1474
120174592	1474
120174734	1474
120972108	1474
120972238	1474
120972380	1474
120972528	1474
120972681	1474
120972926	1474
120973048	1474
120973235	1474
120973363	1474
120973506	1474
120973641	1474
120973763	1474
120973896	1474
120974033	1474
120974155	1474
120974278	1474
120974406	1474
120974557	1474
121772231	1474
121772380	1474
121772505	1474
121772646	1474
121772798	1474
121773049	1474
121773194	1474
121773351	1474
121773502	1474
121773645	1474
121773784	1474
121773927	1474
121774050	1474
121774173	1474
121774318	1474
121774443	1474
121774582	1474
121774713	1474
122571978	1474
122572094	1474
122572211	1474
122572334	1474
122572468	1474
122572659	1474
122572773	1474
122572884	1474
122573003	1474
122573120	1474
122573280	1474
122573398	1474
122573509	1474
122573626	1474
122573738	1474
122573848	1474
122573958	1474
122574068	1474
123373052	1474
123373336	1474
123373469	1474
123373594	1474
123373736	1474
123374013	1474
123374132	1474
123374247	1474
123374361	1474
123374474	1474
123374588	1474
123374728	1474
123375016	1474
123375147	1474
123375554	1474
123375675	1474
123375788	1474
124174538	1474
124174710	1474
124174894	1474
124175062	1474
124175227	1474
124175395	1474
124175674	1474
124175919	1474
124176634	1474
124176842	1474
124177015	1474
124177230	1474
124177403	1474
124177572	1474
124177744	1474
124177912	1474
124178077	1474
124178246	1474
124972601	1474
124972896	1474
124973171	1474
124973442	1474
124973575	1474
124973702	1474
124973858	1474
124973979	1474
124974099	1474
124974223	1474
124974348	1474
124974472	1474
124974603	1474
124974728	1474
124975081	1474
124975451	1474
124975783	1474
124975912	1474
125775505	1474
125775701	1474
125775986	1474
125776224	1474
125776404	1474
125776569	1474
125776737	1474
125776911	1474
125777078	1474
125777314	1474
125777484	1474
125777649	1474
125777813	1474
125778013	1474
125778179	1474
125778342	1474
125778504	1474
125778668	1474
126574927	1474
126575230	1474
126575554	1474
126575775	1474
126576039	1474
126576213	1474
126576385	1474
126576549	1474
126576715	1474
126576880	1474
126577058	1474
126577291	1474
126577461	1474
126577626	1474
126577791	1474
126577966	1474
126578132	1474
127374124	1474
127374289	1474
127374460	1474
127374682	1474
127374923	1474
127375191	1474
127375538	1474
127375710	1474
127375901	1474
127376084	1474
127376251	1474
127376416	1474
127376581	1474
127376745	1474
127376909	1474
127377092	1474
127377499	1474
127377696	1474
128438329	1474
128438694	1474
128438920	1474
128439176	1474
128439438	1474
128439604	1474
128439771	1474
128439937	1474
128440114	1474
128440278	1474
128440445	1474
128440611	1474
128440780	1474
128440945	1474
128441117	1474
128441335	1474
128441508	1474
128441678	1474
129239114	1474
129239292	1474
129239421	1474
129239615	1474
129239805	1474
129239946	1474
129240102	1474
129240231	1474
129240357	1474
129240491	1474
129240617	1474
129240747	1474
129240876	1474
129241004	1474
129241216	1474
129241347	1474
129241499	1474
130044832	1474
130044960	1474
130045151	1474
130045284	1474
130045430	1474
130045564	1474
130045691	1474
130045828	1474
130045955	1474
130046092	1474
130046234	1474
130046366	1474
130046514	1474
130046640	1474
130046771	1474
130046900	1474
130047042	1474
130047192	1474
130839555	1474
130840199	1474
130840722	1474
130841008	1474
130841141	1474
130841320	1474
130841461	1474
130841585	1474
130841713	1474
130841856	1474
130842079	1474
130842220	1474
130842775	1474
130842910	1474
130843037	1474
130843172	1474
130843327	1474
130843478	1474
131640196	1474
131640348	1474
131640496	1474
131640621	1474
131640762	1474
131641035	1474
131641210	1474
131641389	1474
131641519	1474
131641746	1474
131641884	1474
131642255	1474
131642472	1474
131642616	1474
131642740	1474
131642872	1474
131642998	1474
131643137	1474
132439553	1474
132439688	1474
132439936	1474
132440062	1474
132440339	1474
132440472	1474
132440620	1474
132440768	1474
132440896	1474
132441039	1474
132441212	1474
132441458	1474
132441629	1474
132441958	1474
132442279	1474
132442555	1474
132442704	1474
132442852	1474
133240536	1474
133240724	1474
133240893	1474
133241152	1474
133241431	1474
133241695	1474
133241917	1474
133242570	1474
133242776	1474
133243009	1474
133243176	1474
133243340	1474
133243588	1474
133243753	1474
133243917	1474
133244082	1474
133244248	1474
133244413	1474
134040784	1474
134040952	1474
134041118	1474
134041497	1474
134041768	1474
134042025	1474
134042590	1474
134042899	1474
134043074	1474
134043243	1474
134043409	1474
134043608	1474
134043779	1474
134043947	1474
134044116	1474
134044283	1474
134044450	1474
134044652	1474
134843670	1474
134843841	1474
134844056	1474
134844297	1474
134844473	1474
134844654	1474
134844822	1474
134844987	1474
134845152	1474
134845367	1474
134845546	1474
134845715	1474
134845901	1474
134846070	1474
134846233	1474
134846401	1474
134846575	1474
134846742	1474
135648573	1474
135648844	1474
135649009	1474
135649176	1474
135649386	1474
135649559	1474
135649788	1474
135649958	1474
135650159	1474
135650379	1474
135650735	1474
135650928	1474
135651130	1474
135651331	1474
135651502	1474
135651677	1474
135651846	1474
135652010	1474
136445491	1474
136445699	1474
136445944	1474
136446168	1474
136446432	1474
136446606	1474
136446771	1474
136446937	1474
136447101	1474
136447265	1474
136447429	1474
136447605	1474
136447772	1474
136447937	1474
136448101	1474
136448269	1474
136448436	1474
137507357	1474
137507613	1474
137507861	1474
137508091	1474
137508451	1474
137508676	1474
137509320	1474
137509615	1474
137509803	1474
137509989	1474
137510155	1474
137510317	1474
137510484	1474
137510648	1474
137510831	1474
137510995	1474
137511161	1474
137511361	1474
138306157	1474
138306335	1474
138306567	1474
138306840	1474
138306995	1474
138307137	1474
138307295	1474
138307474	1474
138307671	1474
138307910	1474
138308059	1474
138308204	1474
138308350	1474
138308592	1474
138308791	1474
138309366	1474
138309567	1474
138309733	1474
139107219	1474
139107410	1474
139107694	1474
139107877	1474
139108092	1474
139108376	1474
139108590	1474
139108828	1474
139109019	1474
139109308	1474
139109482	1474
139109645	1474
139109814	1474
139109975	1474
139110135	1474
139110296	1474
139110455	1474
139110614	1474
139907030	1474
139907193	1474
139907449	1474
139907667	1474
139907961	1474
139908153	1474
139908387	1474
139908549	1474
139908713	1474
139908914	1474
139909149	1474
139909872	1474
139910069	1474
139910299	1474
139910464	1474
139910624	1474
139910784	1474
139910961	1474
140706976	1474
140707142	1474
140707336	1474
140707554	1474
140707788	1474
140707959	1474
140708122	1474
140708288	1474
140708455	1474
140708706	1474
140708930	1474
140709358	1474
140709605	1474
140709768	1474
140709935	1474
140710099	1474
140710259	1474
140710420	1474
141507505	1474
141507677	1474
141507841	1474
141508108	1474
141508420	1474
141508689	1474
141509219	1474
141509523	1474
141509691	1474
141509855	1474
141510027	1474
141510202	1474
141510364	1474
141510526	1474
141510687	1474
141510849	1474
141511021	1474
141511187	1474
142308058	1474
142308227	1474
142308391	1474
142308557	1474
142308724	1474
142308974	1474
142309261	1474
142309476	1474
142310005	1474
142310240	1474
142310419	1474
142310585	1474
142310751	1474
142310936	1474
142311120	1474
142311285	1474
142311449	1474
142311699	1474
143111041	1474
143111227	1474
143111391	1474
143111723	1474
143111942	1474
143112166	1474
143112355	1474
143112548	1474
143112739	1474
143112903	1474
143113068	1474
143113288	1474
143113480	1474
143113656	1474
143113821	1474
143113984	1474
143114159	1474
143114325	1474
143913327	1474
143913505	1474
143913714	1474
143913949	1474
143914124	1474
143914304	1474
143914470	1474
143914634	1474
143914817	1474
143914985	1474
143915149	1474
143915326	1474
143915522	1474
143915743	1474
143915965	1474
143916129	1474
143916311	1474
143916475	1474
144974411	1474
144974577	1474
144974741	1474
144974999	1474
144975243	1474
144975595	1474
144975791	1474
144976039	1474
144976206	1474
144976385	1474
144976569	1474
144976735	1474
144976898	1474
144977060	1474
144977281	1474
144977455	1474
144977617	1474
144977780	1474
145772599	1474
145773948	1474
145774193	1474
145774377	1474
145774544	1474
145774709	1474
145774873	1474
145775042	1474
145775275	1474
145775570	1474
145775768	1474
145776023	1474
145776218	1474
145776396	1474
145776566	1474
145776733	1474
145776894	1474
145777056	1474
146575614	1474
146576019	1474
146576335	1474
146576848	1474
146577487	1474
146577665	1474
146577833	1474
146577997	1474
146578166	1474
146578331	1474
146578516	1474
146578690	1474
146578860	1474
146579027	1474
146579190	1474
146579358	1474
146579542	1474
146579711	1474
147373861	1474
147374205	1474
147374377	1474
147374644	1474
147374881	1474
147375124	1474
147375384	1474
147375617	1474
147376175	1474
147376430	1474
147376603	1474
147376766	1474
147376931	1474
147377096	1474
147377310	1474
147377557	1474
147377724	1474
147377890	1474
148173595	1474
148173763	1474
148173925	1474
148174089	1474
148174343	1474
148174562	1474
148174757	1474
148174922	1474
148175085	1474
148175249	1474
148175452	1474
148175682	1474
148175877	1474
148176123	1474
148176347	1474
148176516	1474
148176751	1474
148176914	1474
148973911	1474
148974044	1474
148974171	1474
148974297	1474
148974424	1474
148974555	1474
148974683	1474
148974807	1474
148974936	1474
148975067	1474
148975196	1474
148975413	1474
148975555	1474
148976159	1474
148976400	1474
148976524	1474
148976709	1474
148976835	1474
149774384	1474
149774555	1474
149774742	1474
149774997	1474
149775223	1474
149775527	1474
149775761	1474
149775939	1474
149776136	1474
149776472	1474
149776654	1474
149776819	1474
149777004	1474
149777170	1474
149777390	1474
149777556	1474
149777738	1474
149777901	1474
150573790	1474
150573920	1474
150574043	1474
150574212	1474
150574345	1474
150574499	1474
150574798	1474
150574934	1474
150575077	1474
150575200	1474
150575336	1474
150575476	1474
150575603	1474
150575901	1474
150576033	1474
150576728	1474
150576965	1474
150577225	1474
151641696	1474
151641847	1474
151641979	1474
151642172	1474
151642304	1474
151642489	1474
151642751	1474
151642896	1474
151643022	1474
151643154	1474
151643280	1474
151643408	1474
151643532	1474
151643663	1474
151643824	1474
151643949	1474
151644089	1474
151644236	1474
152442087	1474
152442204	1474
152443047	1474
152443286	1474
152443529	1474
152443667	1474
152443805	1474
152443916	1474
152444032	1474
152444140	1474
152444247	1474
152444365	1474
152444490	1474
152444601	1474
152444712	1474
152444839	1474
152444952	1474
152445063	1474
153239013	1474
153239387	1474
153239509	1474
153239628	1474
153239750	1474
153239870	1474
153240001	1474
153240121	1474
153240239	1474
153240359	1474
153240477	1474
153240597	1474
153240715	1474
153240834	1474
153240971	1474
153241170	1474
153241298	1474
154038910	1474
154039259	1474
154039381	1474
154039507	1474
154039628	1474
154039857	1474
154039994	1474
154040484	1474
154040613	1474
154040836	1474
154040971	1474
154041121	1474
154041291	1474
154041413	1474
154041540	1474
154041659	1474
154041778	1474
154041899	1474
154839428	1474
154839955	1474
154840097	1474
154840275	1474
154840397	1474
154840516	1474
154840633	1474
154840752	1474
154840872	1474
154840991	1474
154841159	1474
154841338	1474
154841459	1474
154841584	1474
154841703	1474
154841823	1474
154841943	1474
154842180	1474
155639296	1474
155639426	1474
155639968	1474
155640208	1474
155640336	1474
155640457	1474
155640577	1474
155640698	1474
155640819	1474
155640940	1474
155641089	1474
155641254	1474
155641444	1474
155641569	1474
155641688	1474
155641806	1474
155641925	1474
155642044	1474
156439346	1474
156439476	1474
156440001	1474
156440120	1474
156440349	1474
156440472	1474
156440606	1474
156440712	1474
156440816	1474
156440921	1474
156441025	1474
156441137	1474
156441282	1474
156441392	1474
156441516	1474
156441639	1474
156441830	1474
156442065	1474
157239847	1474
157240017	1474
157240578	1474
157240799	1474
157240927	1474
157241066	1474
157241327	1474
157241453	1474
157241580	1474
157241698	1474
157241819	1474
157241938	1474
157242058	1474
157242177	1474
157242310	1474
157242431	1474
157242659	1474
157242789	1474
158040064	1474
158040195	1474
158040389	1474
158040509	1474
158040629	1474
158040853	1474
158040981	1474
158041159	1474
158041295	1474
158041416	1474
158041540	1474
158041658	1474
158041778	1474
158041897	1474
158042016	1474
158042136	1474
158042296	1474
158042485	1474
158842621	1474
158842751	1474
158842883	1474
158843006	1474
158843147	1474
158843270	1474
158843410	1474
158843539	1474
158843678	1474
158843802	1474
158843928	1474
158844066	1474
158844192	1474
158844327	1474
158844467	1474
158844609	1474
158844737	1474
158844880	1474
159911602	1474
159911730	1474
159911870	1474
159912013	1474
159912138	1474
159912264	1474
159912387	1474
159912527	1474
159912654	1474
159912779	1474
159912906	1474
159913032	1474
159913224	1474
159913359	1474
159913495	1474
159913622	1474
159913754	1474
159913880	1474
160708500	1474
160708660	1474
160708788	1474
160708931	1474
160709208	1474
160709393	1474
160709842	1474
160709984	1474
160710111	1474
160710237	1474
160710365	1474
160710494	1474
160710646	1474
160710768	1474
160710917	1474
160711044	1474
160711187	1474
160711313	1474
161241015	1474
161241260	1474
161241405	1474
161241530	1474
161241670	1474
161241814	1474
161241939	1474
161242067	1474
161242213	1474
161242337	1474
161242476	1474
161242613	1474
161242752	1474
161242902	1474
161243027	1474
161243150	1474
162041256	1474
162041447	1474
162041580	1474
162041721	1474
162041848	1474
162041988	1474
162042114	1474
162042241	1474
162042367	1474
162042488	1474
162042621	1474
162042760	1474
162042905	1474
162043030	1474
162043159	1474
162043282	1474
162043407	1474
163111294	1474
163111446	1474
163111572	1474
163111704	1474
163111833	1474
163112104	1474
163112239	1474
163112362	1474
163112488	1474
163112611	1474
163112744	1474
163112867	1474
163112992	1474
163113146	1474
163113395	1474
163113546	1474
163113674	1474
163113812	1474
163910860	1474
163910973	1474
163911084	1474
163911196	1474
163911310	1474
163911531	1474
163911649	1474
163911786	1474
163911895	1474
163912006	1474
163912119	1474
163912230	1474
163912342	1474
163912453	1474
163912566	1474
163912677	1474
163912802	1474
164711738	1474
164711943	1474
164712176	1474
164712415	1474
164712636	1474
164712803	1474
164713023	1474
164713238	1474
164713410	1474
164713574	1474
164713738	1474
164713950	1474
164714113	1474
164714277	1474
164714439	1474
164714603	1474
164714765	1474
164714942	1474
165510683	1474
165510819	1474
165510944	1474
165511073	1474
165511201	1474
165511355	1474
165511627	1474
165511768	1474
165511911	1474
165512037	1474
165512160	1474
165512282	1474
165512404	1474
165512546	1474
165512669	1474
165512794	1474
165513032	1474
165513282	1474
166310815	1474
166310946	1474
166311060	1474
166311175	1474
166311288	1474
166311401	1474
166311515	1474
166311630	1474
166311744	1474
166311867	1474
166311975	1474
166312101	1474
166312216	1474
166312329	1474
166312441	1474
166312563	1474
166312675	1474
166312808	1474
167107073	1474
167107292	1474
167107405	1474
167107527	1474
167107643	1474
167107784	1474
167108062	1474
167108203	1474
167108420	1474
167108533	1474
167108647	1474
167108761	1474
167108874	1474
167109006	1474
167109142	1474
167109293	1474
167109409	1474
167109548	1474
167911073	1474
167911235	1474
167911377	1474
167911503	1474
167911633	1474
167911881	1474
167912015	1474
167912149	1474
167912277	1474
167912411	1474
167912538	1474
167912666	1474
167912795	1474
167912984	1474
167913124	1474
167913447	1474
167913600	1474
168708734	1474
168708857	1474
168708979	1474
168709100	1474
168709280	1474
168709439	1474
168709646	1474
168709773	1474
168709895	1474
168710018	1474
168710140	1474
168710278	1474
168710400	1474
168710522	1474
168710661	1474
168710786	1474
168710907	1474
168711027	1474
169509369	1474
169509482	1474
169509590	1474
169509700	1474
169509808	1474
169510023	1474
169510138	1474
169510261	1474
169510385	1474
169510507	1474
169510629	1474
169510753	1474
169510873	1474
169510980	1474
169511087	1474
169511194	1474
169511314	1474
170306583	1474
170306707	1474
170306830	1474
170306951	1474
170307177	1474
170307317	1474
170307441	1474
170307563	1474
170307683	1474
170307804	1474
170307924	1474
170308072	1474
170308306	1474
170308437	1474
170308563	1474
170308686	1474
170308806	1474
170308928	1474
171106093	1474
171106295	1474
171106420	1474
171106547	1474
171106670	1474
171106789	1474
171106909	1474
171107030	1474
171107149	1474
171107268	1474
171107400	1474
171107521	1474
171107642	1474
171107763	1474
171107884	1474
171108005	1474
171108125	1474
171108245	1474
171909507	1474
171909748	1474
171909926	1474
171910057	1474
171910276	1474
171910422	1474
171910594	1474
171910716	1474
171910839	1474
171910961	1474
171911084	1474
171911205	1474
171911329	1474
171911462	1474
171911584	1474
171911706	1474
171911830	1474
171911951	1474
172705932	1474
172706170	1474
172706297	1474
172706419	1474
172706553	1474
172706675	1474
172706905	1474
172707036	1474
172707163	1474
172707284	1474
172707410	1474
172707543	1474
172707669	1474
172707793	1474
172707916	1474
172708039	1474
172708162	1474
172708282	1474
173507471	1474
173507640	1474
173507809	1474
173508086	1474
173508311	1474
173508530	1474
173508705	1474
173508894	1474
173509066	1474
173509279	1474
173509461	1474
173509625	1474
173509794	1474
173509958	1474
173510128	1474
173510290	1474
173510465	1474
174579015	1474
174579182	1474
174579346	1474
174579560	1474
174579784	1474
174579959	1474
174580127	1474
174580374	1474
174580600	1474
174580808	1474
174580968	1474
174581245	1474
174581421	1474
174581593	1474
174581758	1474
174581922	1474
174582087	1474
174582251	1474
175111106	1474
175111272	1474
175111480	1474
175111714	1474
175111924	1474
175112093	1474
175112259	1474
175112423	1474
175112615	1474
175112804	1474
175112970	1474
175113132	1474
175113346	1474
175113515	1474
175113690	1474
175113854	1474
175114016	1474
176177587	1474
176177837	1474
176178474	1474
176178717	1474
176178916	1474
176179093	1474
176179255	1474
176179424	1474
176179585	1474
176179757	1474
176179923	1474
176180088	1474
176180252	1474
176180416	1474
176180579	1474
176180749	1474
176180915	1474
176181080	1474
176978351	1474
176978506	1474
176978654	1474
176978890	1474
176979089	1474
176979319	1474
176979472	1474
176979618	1474
176979775	1474
176979924	1474
176980073	1474
176980220	1474
176980368	1474
176980515	1474
176980664	1474
176980830	1474
176980978	1474
176981128	1474
177775136	1474
177775303	1474
177775468	1474
177775633	1474
177775794	1474
177775981	1474
177776176	1474
177776406	1474
177776723	1474
177776900	1474
177777067	1474
177777280	1474
177777453	1474
177777636	1474
177777804	1474
177777990	1474
177778154	1474
177778323	1474
178575978	1474
178576152	1474
178576314	1474
178576483	1474
178576653	1474
178576817	1474
178576993	1474
178577160	1474
178577377	1474
178577547	1474
178577712	1474
178577874	1474
178578053	1474
178578217	1474
178578387	1474
178578551	1474
178578717	1474
178578880	1474
179377850	1474
179377981	1474
179378100	1474
179378262	1474
179378441	1474
179378593	1474
179378720	1474
179378862	1474
179378990	1474
179379131	1474
179379259	1474
179379390	1474
179379516	1474
179379698	1474
179379830	1474
179379960	1474
179380088	1474
179380229	1474
180176699	1474
180176970	1474
180177229	1474
180177458	1474
180177748	1474
180177918	1474
180178102	1474
180178267	1474
180178432	1474
180178598	1474
180178763	1474
180178930	1474
180179113	1474
180179280	1474
180179444	1474
180179610	1474
180179775	1474
180179941	1474
180975138	1474
180975274	1474
180975401	1474
180975541	1474
180975665	1474
180975789	1474
180975915	1474
180976042	1474
180976185	1474
180976314	1474
180976442	1474
180976722	1474
180976854	1474
180976979	1474
180977148	1474
180977282	1474
180977416	1474
180977541	1474
181774978	1474
181775110	1474
181775286	1474
181775414	1474
181775569	1474
181775872	1474
181776003	1474
181776364	1474
181776494	1474
181776727	1474
181776856	1474
181777019	1474
181777222	1474
181777350	1474
181777483	1474
181777606	1474
181777740	1474
182574838	1474
182574964	1474
182575087	1474
182575202	1474
182575359	1474
182575497	1474
182575791	1474
182575921	1474
182576053	1474
182576174	1474
182576313	1474
182576439	1474
182576564	1474
182576712	1474
182576838	1474
182576977	1474
182577187	1474
183374153	1474
183374301	1474
183374434	1474
183374579	1474
183374703	1474
183374831	1474
183374958	1474
183375082	1474
183375203	1474
183375344	1474
183375468	1474
183375604	1474
183375730	1474
183375856	1474
183375981	1474
183376107	1474
183376239	1474
183376365	1474
184173091	1474
184173283	1474
184173505	1474
184173649	1474
184173800	1474
184174030	1474
184174172	1474
184174293	1474
184174423	1474
184174554	1474
184174677	1474
184174861	1474
184174989	1474
184175114	1474
184175237	1474
184175369	1474
184175484	1474
184175609	1474
184976448	1474
184976596	1474
184976748	1474
184977169	1474
184977330	1474
184977858	1474
184977982	1474
184978119	1474
184978242	1474
184978366	1474
184978715	1474
184978852	1474
184978976	1474
184979099	1474
184979225	1474
184979350	1474
184979485	1474
185774355	1474
185774612	1474
185774740	1474
185774868	1474
185774990	1474
185775115	1474
185775236	1474
185775360	1474
185775490	1474
185775619	1474
185775743	1474
185775866	1474
185775990	1474
185776113	1474
185776237	1474
185776360	1474
185776489	1474
186573026	1474
186573282	1474
186573417	1474
186573591	1474
186573779	1474
186574104	1474
186574238	1474
186574377	1474
186574528	1474
186574665	1474
186574816	1474
186574944	1474
186575078	1474
186575214	1474
186575338	1474
186575462	1474
186575677	1474
187373945	1474
187374122	1474
187374277	1474
187374555	1474
187374792	1474
187375141	1474
187375313	1474
187375477	1474
187375721	1474
187375888	1474
187376051	1474
187376214	1474
187376378	1474
187376542	1474
187376713	1474
187376877	1474
187377040	1474
188173308	1474
188173599	1474
188173786	1474
188173929	1474
188174059	1474
188174210	1474
188174442	1474
188174568	1474
188174709	1474
188174848	1474
188174971	1474
188175096	1474
188175220	1474
188175361	1474
188175484	1474
188175619	1474
188175757	1474
188175897	1474
188973807	1474
188973937	1474
188974076	1474
188974225	1474
188974448	1474
188974579	1474
188974703	1474
188974842	1474
188974966	1474
188975090	1474
188975214	1474
188975342	1474
188975466	1474
188975603	1474
188975733	1474
188975874	1474
188975997	1474
189775112	1474
189775239	1474
189775364	1474
189775510	1474
189775939	1474
189776069	1474
189776204	1474
189776340	1474
189776492	1474
189777203	1474
189777341	1474
189777481	1474
189777599	1474
189777717	1474
189777866	1474
189778006	1474
189778127	1474
189778241	1474
190575646	1474
190575769	1474
190575908	1474
190576043	1474
190576170	1474
190576422	1474
190576552	1474
190577072	1474
190577273	1474
190577403	1474
190577526	1474
190577671	1474
190577801	1474
190577933	1474
190578056	1474
190578187	1474
190578310	1474
191375314	1474
191375441	1474
191375585	1474
191375708	1474
191375839	1474
191376123	1474
191376258	1474
191376409	1474
191376655	1474
191377123	1474
191377455	1474
191377608	1474
191377860	1474
191378399	1474
191378626	1474
191378765	1474
191378888	1474
192174784	1474
192174912	1474
192175035	1474
192175191	1474
192175319	1474
192175563	1474
192175695	1474
192175821	1474
192175946	1474
192176075	1474
192176203	1474
192176353	1474
192176593	1474
192176890	1474
192177132	1474
192177295	1474
192177419	1474
192177544	1474
193244008	1474
193244156	1474
193244279	1474
193244407	1474
193244562	1474
193245369	1474
193245505	1474
193245731	1474
193245867	1474
193245989	1474
193246117	1474
193246325	1474
193246450	1474
193246575	1474
193246699	1474
193246821	1474
193246946	1474
193247071	1474
194042168	1474
194042297	1474
194042420	1474
194042561	1474
194042708	1474
194042930	1474
194043064	1474
194043199	1474
194043338	1474
194043465	1474
194043609	1474
194043732	1474
194043871	1474
194043992	1474
194044287	1474
194044426	1474
194044648	1474
194044779	1474
194846152	1474
194846290	1474
194846433	1474
194846574	1474
194846816	1474
194846949	1474
194847095	1474
194847235	1474
194847364	1474
194847488	1474
194847612	1474
194847733	1474
194847874	1474
194847995	1474
194848119	1474
194848263	1474
194848406	1474
195642383	1474
195642510	1474
195642633	1474
195642774	1474
195642924	1474
195643158	1474
195643296	1474
195643432	1474
195643556	1474
195643680	1474
195643803	1474
195643926	1474
195644069	1474
195644194	1474
195644330	1474
195644521	1474
195644670	1474
195645012	1474
196446768	1474
196446892	1474
196447031	1474
196447191	1474
196447333	1474
196447506	1474
196447733	1474
196447858	1474
196447982	1474
196448106	1474
196448245	1474
196448387	1474
196448526	1474
196448650	1474
196448775	1474
196449152	1474
196449285	1474
196449417	1474
197244524	1474
197244836	1474
197245665	1474
197245958	1474
197246087	1474
197246266	1474
197246401	1474
197246527	1474
197246651	1474
197246794	1474
197246918	1474
197247041	1474
197247165	1474
197247288	1474
197247426	1474
197247552	1474
197247675	1474
198047720	1474
198047856	1474
198048003	1474
198048127	1474
198048252	1474
198048582	1474
198048708	1474
198048854	1474
198049242	1474
198049471	1474
198049604	1474
198049732	1474
198049883	1474
198050007	1474
198050147	1474
198050270	1474
198050393	1474
198050536	1474
198842396	1474
198842533	1474
198842662	1474
198842803	1474
198843054	1474
198843187	1474
198843316	1474
198843440	1474
198843573	1474
198843709	1474
198843856	1474
198843980	1474
198844132	1474
198844258	1474
198844452	1474
198844600	1474
198845210	1474
198845468	1474
199643806	1474
199643935	1474
199644058	1474
199644199	1474
199644325	1474
199644476	1474
199644751	1474
199644970	1474
199645800	1474
199645936	1474
199646065	1474
199646191	1474
199646317	1474
199646441	1474
199646567	1474
199646705	1474
199646831	1474
199646955	1474
200442577	1474
200442721	1474
200442848	1474
200442971	1474
200443122	1474
200443395	1474
200443573	1474
200443733	1474
200444496	1474
200444757	1474
200444887	1474
200445736	1474
200445864	1474
200446026	1474
200446149	1474
200446297	1474
200446419	1474
200446546	1474
201240554	1474
201240677	1474
201240815	1474
201240938	1474
201241080	1474
201241234	1474
201241360	1474
201241486	1474
201241606	1474
201241737	1474
201241860	1474
201241981	1474
201242101	1474
201242224	1474
201242346	1474
201242468	1474
201242588	1474
201242717	1474
202314701	1474
202314828	1474
202314968	1474
202315101	1474
202315235	1474
202315490	1474
202315621	1474
202315748	1474
202315880	1474
202316004	1474
202316129	1474
202316253	1474
202316377	1474
202316502	1474
202316630	1474
202316756	1474
202316892	1474
202317359	1474
203117619	1474
203117791	1474
203118001	1474
203118222	1474
203118398	1474
203118564	1474
203118728	1474
203118903	1474
203119070	1474
203119235	1474
203119401	1474
203119567	1474
203119732	1474
203119905	1474
203120073	1474
203120239	1474
203120405	1474
203120569	1474
203914980	1474
203915126	1474
203915249	1474
203915372	1474
203915498	1474
203915651	1474
203915947	1474
203916089	1474
203916215	1474
203916339	1474
203916463	1474
203916589	1474
203916713	1474
203916877	1474
203917019	1474
203917339	1474
203917473	1474
204712878	1474
204713005	1474
204713300	1474
204713437	1474
204713701	1474
204713834	1474
204713959	1474
204714093	1474
204714220	1474
204714343	1474
204714469	1474
204714593	1474
204714718	1474
204714841	1474
204714964	1474
204715094	1474
204715220	1474
204715345	1474
205513226	1474
205513381	1474
205513507	1474
205513640	1474
205513814	1474
205514062	1474
205514208	1474
205514335	1474
205514458	1474
205514580	1474
205514703	1474
205514827	1474
205514950	1474
205515076	1474
205515239	1474
205515365	1474
205515488	1474
205515611	1474
206316156	1474
206316299	1474
206316427	1474
206316575	1474
206316711	1474
206316983	1474
206317138	1474
206317417	1474
206317638	1474
206317766	1474
206317893	1474
206318017	1474
206318143	1474
206318298	1474
206318421	1474
206318545	1474
206318669	1474
206318794	1474
207114828	1474
207114959	1474
207115091	1474
207115212	1474
207115354	1474
207115664	1474
207115794	1474
207115921	1474
207116044	1474
207116167	1474
207116297	1474
207116421	1474
207116545	1474
207116669	1474
207116792	1474
207116915	1474
207117097	1474
207117288	1474
207917995	1474
207918165	1474
207918402	1474
207918638	1474
207918840	1474
207919005	1474
207919170	1474
207919346	1474
207919511	1474
207919676	1474
207919838	1474
207920002	1474
207920165	1474
207920340	1474
207920504	1474
207920667	1474
207920830	1474
207920994	1474
208713462	1474
208713592	1474
208713715	1474
208713866	1474
208714162	1474
208714291	1474
208714432	1474
208714558	1474
208714682	1474
208714807	1474
208714932	1474
208715053	1474
208715176	1474
208715297	1474
208715432	1474
208715558	1474
208715680	1474
208715802	1474
209512751	1474
209513024	1474
209513207	1474
209513371	1474
209513686	1474
209513816	1474
209514067	1474
209514191	1474
209514316	1474
209514439	1474
209514598	1474
209514722	1474
209514847	1474
209514989	1474
209515111	1474
209515247	1474
209515369	1474
209515539	1474
210313797	1474
210313922	1474
210314046	1474
210314187	1474
210314341	1474
210314621	1474
210314745	1474
210314867	1474
210314993	1474
210315117	1474
210315255	1474
210315377	1474
210315515	1474
210315652	1474
210315794	1474
210315917	1474
210316059	1474
211378403	1474
211379141	1474
211379278	1474
211379680	1474
211379810	1474
211379936	1474
211380063	1474
211380187	1474
211380324	1474
211380447	1474
211380583	1474
211380721	1474
211380857	1474
211380975	1474
211381188	1474
211381347	1474
211381598	1474
211381739	1474
212174993	1474
212175121	1474
212175264	1474
212175394	1474
212175517	1474
212175797	1474
212175928	1474
212176071	1474
212176195	1474
212176320	1474
212176442	1474
212176567	1474
212176692	1474
212176828	1474
212176954	1474
212177150	1474
212177279	1474
212177431	1474
212974850	1474
212975003	1474
212975125	1474
212975307	1474
212975454	1474
212975745	1474
212975888	1474
212976016	1474
212976140	1474
212976305	1474
212976431	1474
212976576	1474
212976699	1474
212976899	1474
212977107	1474
212977300	1474
212977595	1474
212977725	1474
213779994	1474
213780119	1474
213780275	1474
213780405	1474
213780660	1474
213780789	1474
213780948	1474
213781069	1474
213781239	1474
213781368	1474
213781521	1474
213781671	1474
213781928	1474
213782053	1474
213782175	1474
213782316	1474
213782437	1474
213782557	1474
214582462	1474
214582587	1474
214582710	1474
214582850	1474
214583165	1474
214583294	1474
214583418	1474
214583542	1474
214583664	1474
214583788	1474
214583955	1474
214584081	1474
214584221	1474
214584342	1474
214584616	1474
214584742	1474
214584883	1474
214585019	1474
215378274	1474
215378407	1474
215378705	1474
215379042	1474
215379173	1474
215379298	1474
215379420	1474
215379542	1474
215379667	1474
215379790	1474
215379917	1474
215380054	1474
215380196	1474
215380317	1474
215380444	1474
215380564	1474
215380687	1474
215380811	1474
216178622	1474
216178822	1474
216179024	1474
216179270	1474
216179462	1474
216179628	1474
216179819	1474
216180000	1474
216180165	1474
216180330	1474
216180493	1474
216180660	1474
216180823	1474
216180996	1474
216181219	1474
216181434	1474
216181655	1474
216181894	1474
216980571	1474
216980719	1474
216980840	1474
216981069	1474
216981260	1474
216981600	1474
216981776	1474
216981905	1474
216982075	1474
216982208	1474
216982348	1474
216982471	1474
216982617	1474
216982740	1474
216982876	1474
216982996	1474
216983126	1474
216983252	1474
217779497	1474
217779627	1474
217779752	1474
217779903	1474
217780061	1474
217780418	1474
217780543	1474
217780668	1474
217780793	1474
217780935	1474
217781060	1474
217781265	1474
217781391	1474
217781522	1474
217781669	1474
217781793	1474
217781932	1474
218578086	1474
218578214	1474
218578369	1474
218578721	1474
218579053	1474
218579328	1474
218579459	1474
218579584	1474
218579711	1474
218579837	1474
218579964	1474
218580088	1474
218580213	1474
218580369	1474
218580492	1474
218580618	1474
218580742	1474
218580869	1474
219644279	1474
219644424	1474
219644581	1474
219644712	1474
219645028	1474
219645244	1474
219645530	1474
219645755	1474
219645885	1474
219646010	1474
219646141	1474
219646265	1474
219646399	1474
219646521	1474
219646645	1474
219646768	1474
219646891	1474
219647014	1474
220444368	1474
220444500	1474
220444637	1474
220444759	1474
220444881	1474
220445005	1474
220445280	1474
220445612	1474
220445742	1474
220446284	1474
220446539	1474
220446664	1474
220446788	1474
220446913	1474
220447057	1474
220447181	1474
220447306	1474
220447435	1474
221248615	1474
221248739	1474
221248925	1474
221249269	1474
221249583	1474
221249713	1474
221249836	1474
221249962	1474
221250108	1474
221250232	1474
221250372	1474
221250502	1474
221250627	1474
221250748	1474
221250874	1474
221250996	1474
221251120	1474
221251243	1474
222048878	1474
222049002	1474
222049182	1474
222049427	1474
222049603	1474
222049993	1474
222050127	1474
222050251	1474
222050381	1474
222050503	1474
222050639	1474
222050762	1474
222050883	1474
222051006	1474
222051129	1474
222051251	1474
222051375	1474
222051511	1474
222851174	1474
222851300	1474
222851419	1474
222851539	1474
222851672	1474
222851891	1474
222852028	1474
222852152	1474
222852376	1474
222852509	1474
222852638	1474
222852897	1474
222853021	1474
222853198	1474
222853396	1474
222853521	1474
222853646	1474
222853767	1474
223647771	1474
223647894	1474
223648014	1474
223648134	1474
223648256	1474
223648481	1474
223648611	1474
223648747	1474
223648869	1474
223648991	1474
223649142	1474
223649269	1474
223649395	1474
223649517	1474
223649637	1474
223649773	1474
223649894	1474
223650015	1474
224447157	1474
224447284	1474
224447406	1474
224447526	1474
224447647	1474
224447875	1474
224448004	1474
224448127	1474
224448247	1474
224448368	1474
224448490	1474
224448614	1474
224448733	1474
224448865	1474
224448986	1474
224449170	1474
224449294	1474
224449414	1474
225245545	1474
225245843	1474
225246067	1474
225246200	1474
225246323	1474
225246445	1474
225246568	1474
225246689	1474
225246810	1474
225246943	1474
225247065	1474
225247188	1474
225247307	1474
225247427	1474
225247547	1474
225247669	1474
225247789	1474
225247925	1474
226045244	1474
226045373	1474
226045627	1474
226045755	1474
226046060	1474
226046243	1474
226046364	1474
226046483	1474
226046603	1474
226046721	1474
226046841	1474
226046976	1474
226047096	1474
226047215	1474
226047334	1474
226047455	1474
226047575	1474
226843327	1474
226843448	1474
226843567	1474
226843682	1474
226843801	1474
226844021	1474
226844149	1474
226844269	1474
226844389	1474
226844509	1474
226844627	1474
226844747	1474
226844867	1474
226844991	1474
226845168	1474
226845419	1474
226845547	1474
226845784	1474
227911330	1474
227911525	1474
227911650	1474
227911772	1474
227911897	1474
227912132	1474
227912306	1474
227912670	1474
227912871	1474
227912993	1474
227913157	1474
227913284	1474
227913411	1474
227913533	1474
227913653	1474
227913774	1474
227913894	1474
227914019	1474
228712006	1474
228712170	1474
228712360	1474
228712918	1474
228713202	1474
228713334	1474
228713457	1474
228713583	1474
228713707	1474
228713831	1474
228714058	1474
228714202	1474
228714326	1474
228714448	1474
228714573	1474
228714695	1474
228714817	1474
228714940	1474
229517436	1474
229517565	1474
229517687	1474
229517807	1474
229517930	1474
229518156	1474
229518313	1474
229518436	1474
229518557	1474
229518677	1474
229518798	1474
229518917	1474
229519040	1474
229519160	1474
229519295	1474
229519514	1474
229519643	1474
229520027	1474
230314414	1474
230314535	1474
230314657	1474
230314778	1474
230314899	1474
230315125	1474
230315254	1474
230315389	1474
230315509	1474
230315630	1474
230315751	1474
230315870	1474
230315991	1474
230316111	1474
230316230	1474
230316369	1474
230316488	1474
230316609	1474
231113811	1474
231113933	1474
231114051	1474
231114173	1474
231114492	1474
231114621	1474
231114742	1474
231114861	1474
231114979	1474
231115097	1474
231115216	1474
231115345	1474
231115466	1474
231115585	1474
231115704	1474
231115823	1474
231115941	1474
231116059	1474
231913789	1474
231913914	1474
231914034	1474
231914157	1474
231914279	1474
231914511	1474
231914640	1474
231914765	1474
231914886	1474
231915005	1474
231915126	1474
231915258	1474
231915386	1474
231915508	1474
231915626	1474
231915743	1474
231915863	1474
231915981	1474
232716047	1474
232716214	1474
232716377	1474
232716588	1474
232716806	1474
232716978	1474
232717148	1474
232717363	1474
232717545	1474
232717742	1474
232717908	1474
232718077	1474
232718239	1474
232718405	1474
232718584	1474
232718752	1474
232718915	1474
232719085	1474
233515684	1474
233515851	1474
233516047	1474
233516281	1474
233516456	1474
233516638	1474
233516801	1474
233516983	1474
233517147	1474
233517353	1474
233517528	1474
233517711	1474
233517878	1474
233518044	1474
233518206	1474
233518371	1474
233518544	1474
234311927	1474
234312182	1474
234312401	1474
234312621	1474
234312966	1474
234313137	1474
234313356	1474
234313524	1474
234313700	1474
234313865	1474
234314030	1474
234314191	1474
234314354	1474
234314515	1474
234314717	1474
234314959	1474
234315122	1474
234315286	1474
235113012	1474
235113256	1474
235113455	1474
235113686	1474
235113904	1474
235114067	1474
235114255	1474
235114421	1474
235114589	1474
235114773	1474
235114937	1474
235115098	1474
235115264	1474
235115425	1474
235115592	1474
235115772	1474
235115933	1474
235116099	1474
235908945	1474
235909112	1474
235909354	1474
235909654	1474
235909892	1474
235910234	1474
235910401	1474
235910593	1474
235910769	1474
235910939	1474
235911102	1474
235911268	1474
235911431	1474
235911597	1474
235911768	1474
235911934	1474
235912097	1474
236713262	1474
236713479	1474
236713680	1474
236713949	1474
236714174	1474
236714366	1474
236714530	1474
236714696	1474
236714867	1474
236715035	1474
236715196	1474
236715361	1474
236715522	1474
236715687	1474
236715856	1474
236716022	1474
236716182	1474
237512452	1474
237512623	1474
237512821	1474
237513076	1474
237513320	1474
237513511	1474
237513679	1474
237513842	1474
237514016	1474
237514178	1474
237514341	1474
237514504	1474
237514666	1474
237514829	1474
237515007	1474
237515170	1474
237515333	1474
238308339	1474
238308515	1474
238308642	1474
238308777	1474
238308914	1474
238309047	1474
238309270	1474
238309499	1474
238309655	1474
238309784	1474
238309915	1474
238310034	1474
238310152	1474
238310292	1474
238310415	1474
238310541	1474
238310680	1474
238310805	1474
239376418	1474
239376543	1474
239376666	1474
239376785	1474
239376933	1474
239377457	1474
239377588	1474
239377708	1474
239377832	1474
239377955	1474
239378093	1474
239378337	1474
239378473	1474
239378598	1474
239378735	1474
239378858	1474
239378991	1474
239379285	1474
240181492	1474
240181662	1474
240181825	1474
240182028	1474
240182264	1474
240182516	1474
240182683	1474
240182847	1474
240183011	1474
240183190	1474
240183353	1474
240183516	1474
240183679	1474
240183842	1474
240184004	1474
240184184	1474
240184348	1474
240184510	1474
240981237	1474
240981388	1474
240981511	1474
240981659	1474
240981931	1474
240982066	1474
240982199	1474
240982336	1474
240982476	1474
240982600	1474
240982739	1474
240982864	1474
240982989	1474
240983115	1474
240983253	1474
240983379	1474
240983505	1474
241783399	1474
241783568	1474
241783803	1474
241784027	1474
241784227	1474
241784395	1474
241784559	1474
241784724	1474
241784886	1474
241785051	1474
241785270	1474
241785439	1474
241785623	1474
241785791	1474
241785956	1474
241786119	1474
241786294	1474
241786462	1474
242582027	1474
242582154	1474
242582277	1474
242582415	1474
242582541	1474
242582773	1474
242582903	1474
242583027	1474
242583150	1474
242583271	1474
242583409	1474
242583532	1474
242583654	1474
242583776	1474
242583899	1474
242584024	1474
242584146	1474
242584268	1474
243381376	1474
243381515	1474
243381644	1474
243381767	1474
243381891	1474
243382117	1474
243382246	1474
243382372	1474
243382508	1474
243382631	1474
243382754	1474
243382875	1474
243382995	1474
243383118	1474
243383240	1474
243383363	1474
243383498	1474
243383620	1474
244181703	1474
244181828	1474
244181951	1474
244182086	1474
244182318	1474
244182450	1474
244182589	1474
244182711	1474
244182832	1474
244182954	1474
244183075	1474
244183196	1474
244183317	1474
244183438	1474
244183571	1474
244183692	1474
244183812	1474
244183936	1474
244980504	1474
244980656	1474
244980779	1474
244980892	1474
244981013	1474
244981387	1474
244981653	1474
244981781	1474
244981900	1474
244982020	1474
244982138	1474
244982257	1474
244982376	1474
244982497	1474
244982636	1474
244982757	1474
244982997	1474
245781002	1474
245781159	1474
245781332	1474
245781460	1474
245781586	1474
245781895	1474
245782033	1474
245782178	1474
245782303	1474
245782426	1474
245782562	1474
245782702	1474
245782830	1474
245782955	1474
245783094	1474
245783218	1474
245783364	1474
246581722	1474
246581852	1474
246581997	1474
246582121	1474
246582247	1474
246582539	1474
246582673	1474
246582833	1474
246582960	1474
246583087	1474
246583212	1474
246583336	1474
246583462	1474
246583588	1474
246583723	1474
246583851	1474
246583983	1474
246584109	1474
247379877	1474
247380017	1474
247380139	1474
247380264	1474
247380414	1474
247380676	1474
247380814	1474
247380938	1474
247381115	1474
247381324	1474
247381446	1474
247381668	1474
247381804	1474
247381941	1474
247382066	1474
247382234	1474
247382360	1474
247382500	1474
248178333	1474
248178467	1474
248178605	1474
248178733	1474
248178876	1474
248179198	1474
248179336	1474
248179462	1474
248179588	1474
248179713	1474
248179966	1474
248180095	1474
248180222	1474
248180345	1474
248180482	1474
248180606	1474
248180740	1474
248180882	1474
248978526	1474
248978639	1474
248978751	1474
248978870	1474
248979143	1474
248979262	1474
248979391	1474
248979502	1474
248979620	1474
248979731	1474
248979852	1474
248979966	1474
248980080	1474
248980190	1474
248980300	1474
248980420	1474
248980532	1474
248980643	1474
250043575	1474
250043713	1474
250043824	1474
250043960	1474
250044284	1474
250044409	1474
250044526	1474
250044649	1474
250044772	1474
250045410	1474
250045629	1474
250045746	1474
250045874	1474
250046002	1474
250046123	1474
250046280	1474
250046412	1474
250046686	1474
250844255	1474
250844386	1474
250844524	1474
250844655	1474
250844947	1474
250845501	1474
250845621	1474
250845746	1474
250845858	1474
250845985	1474
250846649	1474
250846769	1474
250847039	1474
250847168	1474
250847299	1474
250847407	1474
250847527	1474
250847647	1474
251644263	1474
251644389	1474
251644511	1474
251644638	1474
251644877	1474
251645364	1474
251645550	1474
251645673	1474
251645795	1474
251645915	1474
251646032	1474
251646168	1474
251646388	1474
251646520	1474
251646805	1474
251646935	1474
251647060	1474
251647188	1474
252448284	1474
252448407	1474
252448527	1474
252448646	1474
252448765	1474
252448996	1474
252449155	1474
252449305	1474
252449428	1474
252449549	1474
252449673	1474
252449794	1474
252449916	1474
252450037	1474
252450155	1474
252450291	1474
252450413	1474
252450535	1474
253250198	1474
253250336	1474
253250483	1474
253250630	1474
253250913	1474
253251044	1474
253251170	1474
253251295	1474
253251432	1474
253251557	1474
253251680	1474
253251803	1474
253251927	1474
253252055	1474
253252178	1474
253252295	1474
253252419	1474
254048779	1474
254048892	1474
254049003	1474
254049111	1474
254049353	1474
254049482	1474
254049606	1474
254049717	1474
254049827	1474
254049939	1474
254050064	1474
254050178	1474
254050291	1474
254050406	1474
254050517	1474
254050628	1474
254050737	1474
254849897	1474
254850023	1474
254850146	1474
254850294	1474
254850437	1474
254850697	1474
254850828	1474
254850953	1474
254851080	1474
254851207	1474
254851332	1474
254851471	1474
254851595	1474
254851721	1474
254851846	1474
254851994	1474
254852119	1474
254852241	1474
255645079	1474
255645291	1474
255645417	1474
255645550	1474
255645672	1474
255645906	1474
255646036	1474
255646164	1474
255646286	1474
255646412	1474
255646550	1474
255646676	1474
255646904	1474
255647032	1474
255647158	1474
255647280	1474
255647401	1474
255647539	1474
256448690	1474
256448820	1474
256448945	1474
256449085	1474
256449423	1474
256449562	1474
256449697	1474
256449821	1474
256449957	1474
256450083	1474
256450211	1474
256450340	1474
256450469	1474
256450651	1474
256450784	1474
256450914	1474
256451039	1474
256451166	1474
257248976	1474
257249103	1474
257249309	1474
257249460	1474
257249619	1474
257249852	1474
257249981	1474
257250107	1474
257250244	1474
257250370	1474
257250494	1474
257250645	1474
257250773	1474
257250914	1474
257251040	1474
257251164	1474
257251289	1474
257251414	1474
258047767	1474
258047893	1474
258048015	1474
258048134	1474
258048255	1474
258048374	1474
258048493	1474
258048612	1474
258048739	1474
258048860	1474
258048980	1474
258049130	1474
258049257	1474
258049380	1474
258049499	1474
258049619	1474
258049749	1474
258049873	1474
259108570	1474
259108852	1474
259108981	1474
259109253	1474
259109414	1474
259110286	1474
259110415	1474
259110544	1474
259110671	1474
259110807	1474
259110934	1474
259111180	1474
259111359	1474
259111546	1474
259111680	1474
259111949	1474
259112084	1474
259112705	1474
259909448	1474
259909740	1474
259909906	1474
259910037	1474
259910178	1474
259910308	1474
259910430	1474
259910552	1474
259910679	1474
259910828	1474
259910969	1474
259911149	1474
259911282	1474
259911427	1474
259911757	1474
259912338	1474
259912475	1474
259912716	1474
260711388	1474
260711520	1474
260711653	1474
260711775	1474
260711902	1474
260712170	1474
260712349	1474
260713366	1474
260713531	1474
260713821	1474
260714544	1474
260714676	1474
260714889	1474
260715027	1474
260715160	1474
260715396	1474
260715535	1474
260715663	1474
261510736	1474
261510867	1474
261511001	1474
261511147	1474
261511403	1474
261511543	1474
261511821	1474
261511959	1474
261512428	1474
261512558	1474
261512690	1474
261512816	1474
261512945	1474
261513160	1474
261513322	1474
261513553	1474
261514211	1474
261514440	1474
262316920	1474
262317090	1474
262317585	1474
262318071	1474
262318667	1474
262318902	1474
262319069	1474
262319230	1474
262319406	1474
262319569	1474
262319730	1474
262319893	1474
262320056	1474
262320218	1474
262320399	1474
262320563	1474
262324810	1474
263117197	1474
263117347	1474
263117481	1474
263117606	1474
263117734	1474
263117892	1474
263118164	1474
263118296	1474
263118425	1474
263118550	1474
263118676	1474
263118805	1474
263119089	1474
263119222	1474
263119365	1474
263119491	1474
263119618	1474
263914972	1474
263915100	1474
263915227	1474
263915388	1474
263915512	1474
263915637	1474
263915779	1474
263915902	1474
263916025	1474
263916149	1474
263916273	1474
263916412	1474
263916538	1474
263916660	1474
263916785	1474
263916908	1474
263917033	1474
263917156	1474
264716641	1474
264716767	1474
264716909	1474
264717040	1474
264717223	1474
264717464	1474
264717595	1474
264717720	1474
264717842	1474
264717964	1474
264718088	1474
264718211	1474
264718335	1474
264718471	1474
264718593	1474
264718730	1474
264718853	1474
264718984	1474
265518533	1474
265518699	1474
265518904	1474
265519134	1474
265519354	1474
265519519	1474
265519679	1474
265519839	1474
265519999	1474
265520161	1474
265520400	1474
265520617	1474
265521558	1474
265521734	1474
265521894	1474
265522073	1474
265522236	1474
265522405	1474
266317261	1474
266317434	1474
266317677	1474
266317900	1474
266318136	1474
266318312	1474
266318482	1474
266318659	1474
266318823	1474
266319076	1474
266319293	1474
266319513	1474
266319678	1474
266319840	1474
266320023	1474
266320190	1474
266320354	1474
266320620	1474
267109542	1474
267109679	1474
267109823	1474
267109947	1474
267110088	1474
267110210	1474
267110345	1474
267110466	1474
267110586	1474
267110724	1474
267110863	1474
267110985	1474
267111110	1474
267111233	1474
267111356	1474
267111480	1474
267111599	1474
267111735	1474
267909640	1474
267909788	1474
267909924	1474
267910072	1474
267910413	1474
267910547	1474
267910677	1474
267910818	1474
267910956	1474
267911083	1474
267911212	1474
267911359	1474
267911487	1474
267911612	1474
267911750	1474
267911876	1474
267912002	1474
268984047	1474
268984175	1474
268984301	1474
268984426	1474
268984557	1474
268984828	1474
268984962	1474
268985107	1474
268985423	1474
268985594	1474
268985723	1474
268985861	1474
268985988	1474
268986114	1474
268986239	1474
268986365	1474
268986490	1474
268986615	1474
269779931	1474
269780072	1474
269780366	1474
269780777	1474
269781007	1474
269781141	1474
269781309	1474
269781451	1474
269781595	1474
269781726	1474
269781854	1474
269781991	1474
269782136	1474
269782261	1474
269782396	1474
269782523	1474
269782648	1474
269782770	1474
270577620	1474
270577771	1474
270577896	1474
270578036	1474
270578306	1474
270578439	1474
270578584	1474
270578872	1474
270579020	1474
270580211	1474
270580457	1474
270580589	1474
270581156	1474
270581326	1474
270581445	1474
270581569	1474
270581709	1474
270581840	1474
271377291	1474
271377507	1474
271377642	1474
271377768	1474
271378005	1474
271378148	1474
271378273	1474
271378394	1474
271378515	1474
271378640	1474
271378757	1474
271378878	1474
271379117	1474
271379254	1474
271379548	1474
271379675	1474
271379931	1474
271380082	1474
272178288	1474
272178458	1474
272178656	1474
272179003	1474
272179222	1474
272179630	1474
272179824	1474
272180026	1474
272180191	1474
272180444	1474
272180662	1474
272181567	1474
272181829	1474
272182006	1474
272182169	1474
272182331	1474
272182494	1474
272182656	1474
272978155	1474
272978299	1474
272978424	1474
272978566	1474
272978695	1474
272978952	1474
272979142	1474
272979863	1474
272980121	1474
272980304	1474
272980440	1474
272980691	1474
272980831	1474
272981085	1474
272981363	1474
272981495	1474
272981624	1474
272981749	1474
273779936	1474
273780102	1474
273780267	1474
273780538	1474
273780755	1474
273780926	1474
273781090	1474
273781301	1474
273781484	1474
273781648	1474
273781903	1474
273782071	1474
273782233	1474
273782407	1474
273782569	1474
273782731	1474
273782890	1474
273783055	1474
274578066	1474
274578240	1474
274578410	1474
274578659	1474
274578883	1474
274579106	1474
274579277	1474
274579445	1474
274579608	1474
274579770	1474
274579935	1474
274580099	1474
274580271	1474
274580435	1474
274580598	1474
274580759	1474
274580921	1474
274581176	1474
275375823	1474
275376002	1474
275376174	1474
275376372	1474
275376599	1474
275376841	1474
275377008	1474
275377242	1474
275377511	1474
275377707	1474
275377892	1474
275378058	1474
275378225	1474
275378402	1474
275378568	1474
275378731	1474
275378896	1474
275379061	1474
276452055	1474
276452221	1474
276452398	1474
276452653	1474
276452873	1474
276453049	1474
276453266	1474
276453467	1474
276453651	1474
276453815	1474
276453982	1474
276454143	1474
276454303	1474
276454475	1474
276454637	1474
276454797	1474
276454958	1474
276455121	1474
277251413	1474
277251704	1474
277251882	1474
277252136	1474
277252357	1474
277252539	1474
277252709	1474
277252876	1474
277253044	1474
277253277	1474
277253483	1474
277253648	1474
277253814	1474
277253977	1474
277254142	1474
277254311	1474
277254486	1474
277254649	1474
278044366	1474
278044496	1474
278044632	1474
278044758	1474
278044985	1474
278045158	1474
278045287	1474
278045414	1474
278045538	1474
278045679	1474
278045899	1474
278046036	1474
278046350	1474
278046477	1474
278046675	1474
278046800	1474
278046929	1474
278047052	1474
278848429	1474
278848627	1474
278848799	1474
278849044	1474
278849316	1474
278849489	1474
278849662	1474
278849827	1474
278849993	1474
278850159	1474
278850329	1474
278850495	1474
278850669	1474
278850836	1474
278851019	1474
278851184	1474
278851352	1474
278851515	1474
279647172	1474
279647422	1474
279647860	1474
279648129	1474
279648299	1474
279648496	1474
279648676	1474
279648843	1474
279649008	1474
279649253	1474
279649422	1474
279649588	1474
279649771	1474
279649940	1474
279650103	1474
279650270	1474
279650433	1474
279650601	1474
280447158	1474
280447386	1474
280448149	1474
280448375	1474
280448593	1474
280448775	1474
280449308	1474
280449507	1474
280449775	1474
280449946	1474
280450115	1474
280450283	1474
280450451	1474
280450619	1474
280450801	1474
280450972	1474
280451136	1474
281244918	1474
281245091	1474
281245335	1474
281245566	1474
281245764	1474
281245965	1474
281246129	1474
281246293	1474
281246457	1474
281246625	1474
281246823	1474
281246995	1474
281247254	1474
281247471	1474
281248155	1474
281248405	1474
281248584	1474
281248748	1474
282044193	1474
282044373	1474
282044541	1474
282044757	1474
282045005	1474
282045322	1474
282045497	1474
282045693	1474
282045861	1474
282046041	1474
282046204	1474
282046369	1474
282046532	1474
282046696	1474
282046863	1474
282047044	1474
282047206	1474
282047372	1474
282844575	1474
282844757	1474
282844926	1474
282845242	1474
282845470	1474
282845667	1474
282845830	1474
282845993	1474
282846173	1474
282846336	1474
282846503	1474
282846666	1474
282846831	1474
282846999	1474
282847175	1474
282847341	1474
282847508	1474
282847761	1474
283643845	1474
283644024	1474
283644201	1474
283644456	1474
283644679	1474
283644991	1474
283645223	1474
283645442	1474
283645613	1474
283645777	1474
283645940	1474
283646111	1474
283646276	1474
283646438	1474
283646602	1474
283646763	1474
283646926	1474
283647099	1474
284712384	1474
284712554	1474
284712805	1474
284713116	1474
284713847	1474
284714339	1474
284714558	1474
284715185	1474
284715396	1474
284715647	1474
284715816	1474
284715980	1474
284716143	1474
284716318	1474
284716481	1474
284716644	1474
284716806	1474
284716969	1474
285516703	1474
285516870	1474
285517069	1474
285517333	1474
285517561	1474
285517729	1474
285517897	1474
285518062	1474
285518233	1474
285518399	1474
285518565	1474
285518731	1474
285518897	1474
285519062	1474
285519233	1474
285519399	1474
285519564	1474
285519727	1474
286317318	1474
286317503	1474
286317740	1474
286317980	1474
286318243	1474
286318429	1474
286318597	1474
286318761	1474
286318926	1474
286319090	1474
286319253	1474
286319428	1474
286319594	1474
286319759	1474
286319924	1474
286320089	1474
286320253	1474
286320431	1474
287118761	1474
287118928	1474
287119092	1474
287119298	1474
287119536	1474
287119774	1474
287119941	1474
287120105	1474
287120270	1474
287120445	1474
287120610	1474
287120776	1474
287120943	1474
287121207	1474
287121429	1474
287121623	1474
287121788	1474
287121953	1474
287912790	1474
287912958	1474
287913224	1474
287913518	1474
287913692	1474
287913861	1474
287914060	1474
287914283	1474
287914624	1474
287915035	1474
287915234	1474
287915420	1474
287915602	1474
287915767	1474
287915934	1474
287916099	1474
287916264	1474
287916428	1474
288711268	1474
288711385	1474
288711509	1474
288711623	1474
288711738	1474
288711965	1474
288712083	1474
288712217	1474
288712327	1474
288712445	1474
288712573	1474
288712715	1474
288712826	1474
288712939	1474
288713145	1474
288713261	1474
288713372	1474
288713481	1474
289511466	1474
289511590	1474
289511725	1474
289511878	1474
289512004	1474
289512232	1474
289512361	1474
289512482	1474
289512601	1474
289512732	1474
289512852	1474
289512971	1474
289513091	1474
289513258	1474
289513379	1474
289513506	1474
289513626	1474
289513757	1474
290309992	1474
290310273	1474
290310400	1474
290310527	1474
290310647	1474
290310780	1474
290310903	1474
290311136	1474
290311264	1474
290311386	1474
290311506	1474
290311627	1474
290311764	1474
290311884	1474
290312002	1474
290312122	1474
290312240	1474
290312360	1474
291112038	1474
291112180	1474
291112305	1474
291112423	1474
291112546	1474
291112674	1474
291112908	1474
291113059	1474
291113226	1474
291113350	1474
291113470	1474
291113604	1474
291113725	1474
291113860	1474
291113983	1474
291114105	1474
291114230	1474
292189186	1474
292189316	1474
292189519	1474
292189652	1474
292189808	1474
292190127	1474
292190252	1474
292190376	1474
292190501	1474
292190646	1474
292190768	1474
292190901	1474
292191027	1474
292191154	1474
292191279	1474
292191404	1474
292191529	1474
292191654	1474
292984683	1474
292984813	1474
292984940	1474
292985154	1474
292985293	1474
292985446	1474
292985694	1474
292985825	1474
292985953	1474
292986107	1474
292986233	1474
292986359	1474
292986486	1474
292986611	1474
292986739	1474
292986866	1474
292986999	1474
292987127	1474
293784900	1474
293785040	1474
293785362	1474
293785665	1474
293785797	1474
293785925	1474
293786070	1474
293786198	1474
293786325	1474
293786454	1474
293786579	1474
293786703	1474
293786832	1474
293786960	1474
293787104	1474
293787229	1474
293787358	1474
293787484	1474
294584992	1474
294585128	1474
294585319	1474
294585487	1474
294585645	1474
294585888	1474
294586015	1474
294586159	1474
294586289	1474
294586436	1474
294586562	1474
294586686	1474
294586814	1474
294586955	1474
294587089	1474
294587217	1474
294587364	1474
294587488	1474
295380475	1474
295380605	1474
295380734	1474
295380861	1474
295381015	1474
295381199	1474
295381559	1474
295382238	1474
295382380	1474
295382523	1474
295382648	1474
295382788	1474
295382914	1474
295383050	1474
295383175	1474
295383314	1474
295383439	1474
295383566	1474
296178847	1474
296178972	1474
296179105	1474
296179250	1474
296179387	1474
296179683	1474
296179812	1474
296179945	1474
296180083	1474
296180206	1474
296180342	1474
296180467	1474
296180591	1474
296180728	1474
296180852	1474
296180990	1474
296181143	1474
296181854	1474
296978207	1474
296978337	1474
296978477	1474
296978682	1474
296978813	1474
296978965	1474
296979232	1474
296979359	1474
296979499	1474
296979627	1474
296979753	1474
296979878	1474
296980023	1474
296980171	1474
296980519	1474
296980650	1474
296980777	1474
296980903	1474
297815873	1474
297816165	1474
297816640	1474
297816892	1474
297819027	1474
297819374	1474
297819598	1474
297820017	1474
297820272	1474
297820863	1474
297821297	1474
297822120	1474
297824355	1474
297825797	1474
297826101	1474
297826389	1474
297826776	1474
297827305	1474
298579377	1474
298579503	1474
298579641	1474
298579775	1474
298579901	1474
298580053	1474
298580301	1474
298580544	1474
298580686	1474
298580823	1474
298580949	1474
298581088	1474
298581280	1474
298582652	1474
298582786	1474
298582987	1474
298583111	1474
298583236	1474
299649460	1474
299649633	1474
299649850	1474
299650071	1474
299650230	1474
299650378	1474
299650528	1474
299650688	1474
299650836	1474
299650984	1474
299651136	1474
299651284	1474
299651434	1474
299651590	1474
299651741	1474
299651891	1474
299652036	1474
299652186	1474
300452951	1474
300453083	1474
300453250	1474
300453380	1474
300453638	1474
300453769	1474
300453905	1474
300454035	1474
300454177	1474
300454299	1474
300454444	1474
300454567	1474
300454699	1474
300454823	1474
300454963	1474
300455092	1474
300455219	1474
300455374	1474
301248007	1474
301248134	1474
301248258	1474
301248403	1474
301248532	1474
301248837	1474
301248977	1474
301249103	1474
301249313	1474
301249442	1474
301249567	1474
301249701	1474
301249827	1474
301249967	1474
301250091	1474
301250237	1474
301250363	1474
301250488	1474
302050014	1474
302050138	1474
302050284	1474
302050404	1474
302050532	1474
302050724	1474
302051018	1474
302051142	1474
302051264	1474
302051388	1474
302051510	1474
302051631	1474
302051752	1474
302051892	1474
302052013	1474
302052135	1474
302052258	1474
302052394	1474
302850767	1474
302850903	1474
302851029	1474
302851152	1474
302851275	1474
302851415	1474
302851538	1474
302851677	1474
302851799	1474
302851939	1474
302852063	1474
302852193	1474
302852316	1474
302852440	1474
302852564	1474
302852689	1474
302852811	1474
302852952	1474
303647604	1474
303647726	1474
303647849	1474
303647969	1474
303648181	1474
303648308	1474
303648524	1474
303648658	1474
303648926	1474
303649179	1474
303649310	1474
303649431	1474
303649551	1474
303649668	1474
303649792	1474
303649911	1474
303650029	1474
303650159	1474
304447782	1474
304447903	1474
304448022	1474
304448149	1474
304448270	1474
304448488	1474
304448616	1474
304449000	1474
304449263	1474
304449416	1474
304449539	1474
304449659	1474
304449779	1474
304449898	1474
304450017	1474
304450141	1474
304450261	1474
304450380	1474
305248466	1474
305248720	1474
305248949	1474
305249076	1474
305249295	1474
305249486	1474
305249606	1474
305249723	1474
305249840	1474
305249961	1474
305250078	1474
305250261	1474
305250381	1474
305250498	1474
305250614	1474
305250733	1474
305250851	1474
305250969	1474
306313523	1474
306313747	1474
306313874	1474
306314220	1474
306314359	1474
306314539	1474
306314659	1474
306314777	1474
306314895	1474
306315013	1474
306315132	1474
306315250	1474
306315383	1474
306315502	1474
306315620	1474
306315739	1474
306315857	1474
306315975	1474
307114426	1474
307114619	1474
307114740	1474
307114862	1474
307114995	1474
307115220	1474
307115348	1474
307115483	1474
307115603	1474
307115723	1474
307115840	1474
307115957	1474
307116075	1474
307116194	1474
307116312	1474
307116447	1474
307116566	1474
307116685	1474
307914558	1474
307914685	1474
307914811	1474
307914983	1474
307915136	1474
307915364	1474
307915499	1474
307915623	1474
307915760	1474
307915905	1474
307916027	1474
307916173	1474
307916296	1474
307916446	1474
307916582	1474
307916719	1474
307916842	1474
308714875	1474
308715000	1474
308715179	1474
308715306	1474
308715433	1474
308715701	1474
308715832	1474
308715958	1474
308716082	1474
308716204	1474
308716341	1474
308716463	1474
308716599	1474
308716722	1474
308716930	1474
308717061	1474
308717256	1474
308717380	1474
309515963	1474
309516089	1474
309516214	1474
309516362	1474
309516699	1474
309516831	1474
309516957	1474
309517109	1474
309517310	1474
309517624	1474
309517751	1474
309517874	1474
309517999	1474
309518128	1474
309518276	1474
309518399	1474
309518522	1474
309518657	1474
310319503	1474
310319632	1474
310319769	1474
310319896	1474
310320022	1474
310320146	1474
310320271	1474
310320395	1474
310320521	1474
310320645	1474
310320786	1474
310320910	1474
310321036	1474
310321377	1474
310321511	1474
310321637	1474
310321778	1474
310321904	1474
311117194	1474
311117413	1474
311117638	1474
311117887	1474
311118114	1474
311118280	1474
311118444	1474
311118608	1474
311118790	1474
311118956	1474
311119120	1474
311119304	1474
311119470	1474
311119636	1474
311119817	1474
311119981	1474
311120145	1474
311120311	1474
311919824	1474
311919965	1474
311920092	1474
311920218	1474
311920368	1474
311920594	1474
311920721	1474
311920872	1474
311920998	1474
311921182	1474
311921316	1474
311921456	1474
311921591	1474
311921720	1474
311921853	1474
311921980	1474
311922161	1474
311922294	1474
312713164	1474
312713295	1474
312713420	1474
312713549	1474
312713815	1474
312713960	1474
312714080	1474
312714204	1474
312714329	1474
312714456	1474
312714655	1474
312714786	1474
312714927	1474
312715050	1474
312715203	1474
312715438	1474
312715743	1474
313515541	1474
313516258	1474
313516478	1474
313516624	1474
313516755	1474
313516919	1474
313517213	1474
313517343	1474
313517467	1474
313517593	1474
313517725	1474
313517849	1474
313517992	1474
313518121	1474
313518247	1474
313518371	1474
313518495	1474
313518618	1474
314320231	1474
314320358	1474
314320501	1474
314320633	1474
314320782	1474
314321033	1474
314321222	1474
314321350	1474
314321475	1474
314321605	1474
314321729	1474
314321853	1474
314321983	1474
314322110	1474
314322235	1474
314322358	1474
314322508	1474
314323247	1474
315382159	1474
315382326	1474
315382530	1474
315382766	1474
315382956	1474
315383118	1474
315383295	1474
315383456	1474
315383622	1474
315383782	1474
315383947	1474
315384107	1474
315384284	1474
315384445	1474
315384610	1474
315384774	1474
315385028	1474
315385330	1474
