14605701	58
14606904	54
14760572	335
14772795	1474
14782904	1474
14783119	1474
14784648	1474
14784860	1474
14800329	1474
14800759	1474
14801035	1474
14801557	1474
14801784	306
14906779	1474
14907712	1474
14908121	1474
14908311	1474
14908551	1474
14908771	1474
14909015	1474
14909248	1474
14909434	1474
14909694	1474
14909883	1474
14910107	1474
14910291	1474
14922270	1474
14922396	1474
14922520	1474
14922648	1474
14922858	530
15032650	1474
15032887	1474
15033723	1474
15033985	1474
15034336	166
15034557	1474
15034692	1474
15034822	1474
15034994	1474
15035281	1474
15035641	194
15035863	1474
15036066	1474
15036198	110
15036522	1474
15036742	1474
15037257	1474
15037643	138
15037864	1474
15038009	1474
15038136	110
15038258	1474
15038384	82
15038639	1474
15038774	1474
15039135	1474
15039271	1474
15039619	166
15175634	1474
15175954	1474
15176330	1474
15176929	1474
15177321	166
15177457	1474
15177614	1474
15177860	110
15178135	1474
15178268	82
15179685	1474
15180091	1474
15180313	1474
15180450	1474
15180574	1474
15180720	1474
15180871	1474
15181145	1474
15181449	1474
15181682	1474
15181921	1474
15182051	1474
15182178	390
15182494	1474
15182630	1474
15183107	1474
15183311	1474
15183448	1474
15183556	1474
15183673	1474
15184814	1474
15185143	1474
15186626	306
15210153	1474
15210464	1474
15210668	1474
15211225	1474
15211480	1474
15211603	1474
15211721	222
15302865	1474
15303064	1474
15303386	1474
15304335	1474
15304931	1474
15305963	1474
15306125	1474
15306359	250
15306484	1474
15306770	1474
15306914	1474
15307060	1474
15307353	166
15307681	1474
15307860	1474
15308008	110
15308213	1474
15308501	82
15309181	1474
15309576	82
15311621	1474
15312047	1474
15312454	1474
15312982	138
15313535	1474
15313818	1474
15314053	1474
15314319	138
15314466	1474
15314760	1474
15315336	110
15333889	1474
15334104	1474
15334304	1474
15334423	1474
15334540	1474
15334806	1474
15335017	1474
15335308	1474
15335842	1474
15336127	278
15354641	1474
15422026	1474
15422383	1474
15422542	1474
15422884	1474
15423862	1474
16864163	1474
16876314	1474
16876766	1474
16905018	1474
16905489	1474
16905943	1474
16906455	1474
16940900	1474
16941670	1474
16941878	1474
16942189	1474
16968220	1474
19901127	1474
19922043	1474
19922372	1474
19943797	1474
19944071	1474
19944556	1474
19967070	1474
19971883	1474
19972010	1474
19993368	1474
19993783	1474
19994271	1474
19994532	1474
20010265	1474
20010776	1474
20011013	1474
20013930	1474
20014065	1474
20030281	1474
20030438	1474
20030574	1474
20031301	1474
20031631	1474
20031767	1474
20049420	1474
20049558	1474
20049862	1474
20050104	1474
20050404	1474
20050562	1474
20070472	1474
20070809	1474
20071132	1474
20071425	1474
20071569	1474
20072168	1474
20093813	1474
20093947	1474
20094095	1474
20094240	1474
20094408	1474
20094826	1474
20112255	1474
20112590	1474
20112933	1474
20113603	1474
20114055	1474
20114277	1474
20130252	1474
20130375	1474
20130498	1474
20130691	1474
20131503	1474
20131736	1474
20131993	1474
20149300	1474
20149594	1474
20149876	1474
20150011	1474
20150144	1474
20150296	1474
20150580	1474
20151076	1474
20166948	1474
20167085	1474
20167399	1474
20167630	1474
20167810	1474
20168181	1474
20168392	1474
20168527	1474
20168687	1474
20187535	1474
20187676	1474
20187813	1474
20187947	1474
20188076	1474
20188208	1474
20188387	1474
20190799	1474
20190933	1474
20205083	1474
20205333	1474
20205627	1474
20205792	1474
20206075	1474
20206256	1474
20206703	1474
20207391	1474
20207794	1474
20221274	1474
20221410	1474
20221957	1474
20222203	1474
20222582	1474
20222945	1474
20223384	1474
20223537	1474
20224004	1474
20235560	1474
20235825	1474
20236206	1474
20236585	1474
20236843	1474
20237260	1474
20237507	1474
20237850	1474
20238526	1474
20238741	1474
20246712	1474
20247305	1474
20247442	1474
20247780	1474
20248286	1474
20248807	1474
20249245	1474
20249653	1474
20249938	1474
20250076	1474
20250210	1474
20258267	1474
20258592	1474
20261852	1474
20261977	1474
20262097	1474
20262219	1474
20287136	1474
20287460	1474
20287603	1474
20287735	1474
20287866	1474
20288038	1474
20288171	1474
20288318	1474
20288471	1474
20288602	1474
20288734	1474
20327482	1474
20327781	1474
20327908	1474
20328032	1474
20328153	1474
20328352	1474
20328480	1474
20328603	1474
20328728	1474
20328851	1474
20328976	1474
20367303	1474
20367573	1474
20367713	1474
20367839	1474
20367969	1474
20368093	1474
20368217	1474
20368356	1474
20368500	106
20391054	1474
20391177	1474
20391331	1474
20409892	1474
20410351	166
20417985	1474
20418498	1474
20418782	1474
20419089	1474
20419365	1474
20419492	1474
20419617	1474
20419742	1474
20419866	278
20491803	1474
20492540	1474
20494147	1474
20494434	1474
20494755	166
20527764	1474
20527892	1474
20528143	1474
20528289	1474
20528574	166
20862330	1474
20862663	1474
20863070	1474
20863284	1474
20863460	1474
20863627	1474
20863812	1474
20863981	1474
20864148	1474
20864326	1474
20864491	1474
20864657	1474
20908500	1474
20908630	1474
20908767	1474
21660806	1474
21661144	1474
21661324	1474
21661457	1474
21661599	1474
21661727	1474
21661851	1474
21661975	1474
21662102	1474
21662222	1474
21662361	1474
21662623	1474
21744440	1474
21744576	1474
21744716	1474
21744844	1474
21744969	1474
21745121	1474
21745364	1474
21745494	1474
21745623	1474
22460259	1474
22460456	1474
22460649	1474
22460821	1474
22461084	1474
22461357	1474
22461549	1474
22461717	1474
22461902	1474
22462126	1474
22462363	1474
22462551	1474
22502864	1474
22503064	1474
22503231	1474
23261437	1474
23261613	1474
23261782	1474
23261973	1474
23262241	1474
23262474	1474
23262969	1474
23263172	1474
23263417	1474
23263585	1474
23263755	1474
23263917	1474
23303578	1474
23303764	1474
23303930	1474
23304097	1474
23304262	1474
23304441	1474
23304605	1474
23304773	1474
23304937	1474
24327932	1474
24328232	1474
24328479	1474
24329403	1474
24329641	1474
24329844	1474
24330014	1474
24330203	1474
24330423	1474
24330592	1474
24330754	1474
24330924	1474
24336664	1474
24371623	1474
24371787	1474
25127410	1474
25127593	1474
25127764	1474
25127935	1474
25128144	1474
25128409	1474
25128681	1474
25128854	1474
25129111	1474
25129337	1474
25129523	1474
25129690	1474
25129855	1474
25167279	1474
25167508	1474
25167695	1474
25167870	1474
25168035	1474
25168199	1474
25168364	1474
25168546	1474
25927521	1474
25927705	1474
25927993	1474
25928303	1474
25928682	1474
25929260	1474
25929491	1474
25929662	1474
25929830	1474
25929994	1474
25930160	1474
25930335	1474
25930546	1474
25936304	1474
25967273	1474
26728294	1474
26728577	1474
26728932	1474
26729190	1474
26729377	1474
26729570	1474
26729763	1474
26729964	1474
26730129	1474
26730291	1474
26730455	1474
26730635	1474
26730801	1474
26736498	1474
26771707	1474
26771878	1474
26772042	1474
27528227	1474
27528441	1474
27528651	1474
27528960	1474
27530169	1474
27530677	1474
27530889	1474
27531053	1474
27531211	1474
27531374	1474
27531535	1474
27531705	1474
27531869	1474
27537352	1474
27571979	1474
27572144	1474
27572307	1474
27572469	1474
27572633	1474
27572810	1474
27572975	1474
27573139	1474
28328411	1474
28328649	1474
28328947	1474
28329828	1474
28330124	1474
28330322	1474
28330549	1474
28330715	1474
28330897	1474
28331062	1474
28331247	1474
28331412	1474
28331575	1474
28339839	1474
29128103	1474
29128338	1474
29128510	1474
29128767	1474
29129093	1474
29129860	1474
29130036	1474
29130201	1474
29130363	1474
29130526	1474
29130689	1474
29130861	1474
29131026	1474
29136621	1474
29136795	1474
29166964	1474
29662333	1474
29662498	1474
29662662	1474
29662852	1474
29663020	1474
29663278	1474
29663495	1474
29664329	1474
29664503	1474
29664665	1474
29664837	1474
29665001	1474
29665164	1474
29665375	1474
29703595	1474
29703832	1474
30727228	1474
30727412	1474
30727605	1474
30727926	1474
30728164	1474
30728776	1474
30728960	1474
30729127	1474
30729340	1474
30729539	1474
30729775	1474
30730120	1474
30730425	1474
30730592	1474
30730758	1474
30766908	1474
30767135	1474
30767301	1474
31526790	1474
31527094	1474
31527473	1474
31527698	1474
31528019	1474
31528191	1474
31528355	1474
31528519	1474
31528704	1474
31528946	1474
31529202	1474
31529648	1474
31529844	1474
31530115	1474
31530285	1474
31567327	1474
31567506	1474
31567672	1474
32327766	1474
32328099	1474
32328247	1474
32328388	1474
32328513	1474
32328654	1474
32328785	1474
32329008	1474
32329171	1474
32329423	1474
32329558	1474
32330082	1474
32330390	1474
32330529	1474
32367000	1474
32367443	1474
32367592	1474
32367724	1474
32367851	1474
32368023	1474
32368154	1474
32368286	1474
33126971	1474
33127157	1474
33127281	1474
33127541	1474
33127670	1474
33127800	1474
33127985	1474
33128125	1474
33128249	1474
33128389	1474
33128510	1474
33128640	1474
33128781	1474
33128918	1474
33167360	1474
33927452	1474
33927833	1474
33927972	1474
33928112	1474
33928233	1474
33928355	1474
33928474	1474
33928603	1474
33928747	1474
33928890	1474
33929055	1474
33929335	1474
33929468	1474
33930096	1474
33930234	1474
33967325	1474
33967502	1474
34728100	1474
34728278	1474
34728521	1474
34728723	1474
34728849	1474
34728995	1474
34729540	1474
34729764	1474
34729896	1474
34730282	1474
34730407	1474
34730528	1474
34730648	1474
34730767	1474
34730887	1474
34732734	1474
34772452	1474
34772573	1474
35527878	1474
35528060	1474
35528218	1474
35528340	1474
35528462	1474
35528585	1474
35528705	1474
35528825	1474
35528945	1474
35529079	1474
35529431	1474
35529565	1474
35529793	1474
35529915	1474
35530040	1474
35568070	1474
35568272	1474
36327716	1474
36327890	1474
36328128	1474
36328437	1474
36328633	1474
36328875	1474
36328999	1474
36329370	1474
36329529	1474
36329778	1474
36329958	1474
36330081	1474
36330215	1474
36330336	1474
36330458	1474
36332124	1474
36370985	1474
36371278	1474
37127409	1474
37127657	1474
37127863	1474
37128032	1474
37128210	1474
37128374	1474
37128541	1474
37128706	1474
37128871	1474
37129034	1474
37129258	1474
37129428	1474
37129594	1474
37129758	1474
37129924	1474
37167543	1474
37927081	1474
37927747	1474
37927993	1474
37928221	1474
37928655	1474
37928828	1474
37928992	1474
37929163	1474
37929404	1474
37929575	1474
37929738	1474
37929898	1474
37930060	1474
37930236	1474
37930400	1474
37932532	1474
37967074	1474
37967309	1474
38727317	1474
38727589	1474
38728153	1474
38728389	1474
38728649	1474
38728863	1474
38729032	1474
38729271	1474
38729442	1474
38729619	1474
38729790	1474
38729953	1474
38730114	1474
38730366	1474
38730584	1474
38733475	1474
38733656	1474
38770963	1474
39527547	1474
39527765	1474
39528029	1474
39528345	1474
39528549	1474
39528704	1474
39528872	1474
39529045	1474
39529271	1474
39529440	1474
39529607	1474
39529770	1474
39529935	1474
39530117	1474
39530293	1474
39530458	1474
39532787	1474
39567690	1474
40598239	1474
40598416	1474
40598577	1474
40598830	1474
40599051	1474
40599418	1474
40599588	1474
40599775	1474
40600033	1474
40600198	1474
40600378	1474
40600541	1474
40600701	1474
40600861	1474
40601022	1474
40601234	1474
40610066	1474
40639325	1474
41127777	1474
41128311	1474
41128596	1474
41129067	1474
41129326	1474
41129493	1474
41129682	1474
41129952	1474
41130118	1474
41130279	1474
41130449	1474
41130610	1474
41130772	1474
41130932	1474
41131093	1474
41131252	1474
41133959	1474
42193736	1474
42194029	1474
42194169	1474
42194374	1474
42194570	1474
42194708	1474
42194825	1474
42194939	1474
42195055	1474
42195171	1474
42195297	1474
42195429	1474
42195560	1474
42195679	1474
42195799	1474
42195914	1474
42283529	1474
42283714	1474
42994396	1474
42994982	1474
42995309	1474
42995725	1474
42996018	1474
42996247	1474
42996510	1474
42996703	1474
42996934	1474
42997158	1474
42997328	1474
42997504	1474
42997668	1474
42997828	1474
42997998	1474
42998159	1474
43004953	1474
43793794	1474
43794414	1474
43794666	1474
43795914	1474
43796151	1474
43796544	1474
43796775	1474
43796946	1474
43797110	1474
43797330	1474
43797514	1474
43797701	1474
43797867	1474
43798030	1474
43798196	1474
43798360	1474
43804933	1474
43835411	1474
44594847	1474
44595073	1474
44595371	1474
44595618	1474
44596724	1474
44597434	1474
44597797	1474
44597991	1474
44598352	1474
44598597	1474
44598836	1474
44599003	1474
44599172	1474
44599336	1474
44599517	1474
44599684	1474
44599851	1474
44639775	1474
45394081	1474
45394519	1474
45394908	1474
45395270	1474
45395441	1474
45395616	1474
45395845	1474
45396079	1474
45396414	1474
45396673	1474
45396859	1474
45397023	1474
45397236	1474
45397408	1474
45397590	1474
45397775	1474
45397939	1474
46197673	1474
46197795	1474
46197908	1474
46198021	1474
46198132	1474
46198245	1474
46198358	1474
46198470	1474
46198584	1474
46198710	1474
46198821	1474
46198930	1474
46199043	1474
46199154	1474
46199265	1474
46199379	1474
46199486	1474
46994491	1474
46994834	1474
46995057	1474
46995851	1474
46996105	1474
46996341	1474
46996510	1474
46996683	1474
46996849	1474
46997012	1474
46997225	1474
46997397	1474
46997559	1474
46997742	1474
46997906	1474
46998071	1474
46998251	1474
47004946	1474
47795212	1474
47795421	1474
47795659	1474
47795860	1474
47795997	1474
47796220	1474
47796358	1474
47796706	1474
47796908	1474
47797032	1474
47797153	1474
47797320	1474
47797451	1474
47797574	1474
47797696	1474
47797832	1474
47797957	1474
48596699	1474
48596838	1474
48596963	1474
48597108	1474
48597278	1474
48597403	1474
48597527	1474
48597655	1474
48597795	1474
48597930	1474
48598063	1474
48598195	1474
48598326	1474
48598455	1474
48598584	1474
48598715	1474
48598871	1474
48639507	1474
49395911	1474
49396047	1474
49396190	1474
49396346	1474
49396473	1474
49396628	1474
49396902	1474
49397030	1474
49397356	1474
49397489	1474
49397614	1474
49397740	1474
49397880	1474
49398007	1474
49398153	1474
49398281	1474
49398411	1474
49400782	1474
49928363	1474
49928621	1474
49928759	1474
49929065	1474
49929318	1474
49929452	1474
49929599	1474
49929728	1474
49929858	1474
49929985	1474
49930110	1474
50727223	1474
50727404	1474
50727723	1474
50727857	1474
50728142	1474
50728272	1474
50728908	1474
50729098	1474
50729275	1474
50729406	1474
50729527	1474
50729661	1474
50729783	1474
50730033	1474
50730178	1474
50730303	1474
51528013	1474
51528296	1474
51528432	1474
51529321	1474
51529458	1474
51529596	1474
51529716	1474
51529850	1474
51529998	1474
51530124	1474
51530247	1474
51530368	1474
51530489	1474
51530628	1474
51530754	1474
51530892	1474
51531036	1474
51571439	1474
52328708	1474
52328883	1474
52329069	1474
52329234	1474
52329350	1474
52329470	1474
52329588	1474
52329708	1474
52329827	1474
52329949	1474
52330175	1474
52330320	1474
52330443	1474
52330563	1474
52330684	1474
52330802	1474
52330922	1474
53127563	1474
53127780	1474
53127902	1474
53128018	1474
53128152	1474
53128269	1474
53128388	1474
53128509	1474
53128629	1474
53128749	1474
53128955	1474
53129270	1474
53129401	1474
53129522	1474
53129640	1474
53129757	1474
53129876	1474
53129994	1474
53927649	1474
53927827	1474
53928037	1474
53928274	1474
53928404	1474
53929042	1474
53929341	1474
53929469	1474
53929747	1474
53929957	1474
53930089	1474
53930213	1474
53930333	1474
53930453	1474
53930571	1474
53930688	1474
53930807	1474
54727550	1474
54727725	1474
54728106	1474
54728247	1474
54728479	1474
54728607	1474
54728724	1474
54728842	1474
54728961	1474
54729176	1474
54729306	1474
54729532	1474
54729660	1474
54730100	1474
54730321	1474
54730443	1474
54730561	1474
54730681	1474
55528561	1474
55528735	1474
55528953	1474
55529103	1474
55529389	1474
55529570	1474
55529933	1474
55530141	1474
55530279	1474
55530397	1474
55530514	1474
55530634	1474
55530751	1474
55530868	1474
55530988	1474
55531106	1474
55531239	1474
56329438	1474
56329610	1474
56329726	1474
56329854	1474
56329979	1474
56330098	1474
56330310	1474
56330455	1474
56330582	1474
56330707	1474
56330834	1474
56330962	1474
56331092	1474
56331227	1474
56331355	1474
56331510	1474
56331638	1474
57128270	1474
57128401	1474
57128539	1474
57128859	1474
57129008	1474
57129136	1474
57129339	1474
57129652	1474
57130054	1474
57130251	1474
57130382	1474
57130518	1474
57130644	1474
57130779	1474
57130905	1474
57131031	1474
57131171	1474
57131311	1474
57928282	1474
57928480	1474
57928740	1474
57928873	1474
57929236	1474
57929673	1474
57929894	1474
57930029	1474
57930173	1474
57930298	1474
57930439	1474
57930578	1474
57930704	1474
57930835	1474
57930960	1474
57931084	1474
57931229	1474
57931367	1474
58729125	1474
58729401	1474
58729534	1474
58729928	1474
58730168	1474
58730298	1474
58730433	1474
58730576	1474
58730702	1474
58730830	1474
58730951	1474
58731105	1474
58731228	1474
58731351	1474
58731487	1474
58731621	1474
58731765	1474
59530967	1474
59531132	1474
59531256	1474
59531393	1474
59531532	1474
59531842	1474
59531973	1474
59532104	1474
59532246	1474
59532368	1474
59532516	1474
59532656	1474
59532780	1474
59532903	1474
59533026	1474
59533190	1474
59533329	1474
59533491	1474
60331131	1474
60331253	1474
60331372	1474
60331633	1474
60331767	1474
60332130	1474
60332259	1474
60332394	1474
60332557	1474
60332684	1474
60332805	1474
60332926	1474
60333048	1474
60333253	1474
60333391	1474
60333580	1474
60333705	1474
60333825	1474
61129657	1474
61129797	1474
61130255	1474
61130393	1474
61130617	1474
61130748	1474
61130881	1474
61131004	1474
61131140	1474
61131265	1474
61131391	1474
61131516	1474
61131673	1474
61131796	1474
61131931	1474
61132071	1474
61132194	1474
61132323	1474
61927194	1474
61927359	1474
61927521	1474
61927663	1474
61927802	1474
61927982	1474
61928112	1474
61928283	1474
61928532	1474
61928664	1474
61928797	1474
61928910	1474
61929045	1474
61929712	1474
61929834	1474
61929949	1474
61930104	1474
61930232	1474
62728470	1474
62728790	1474
62728921	1474
62729063	1474
62729239	1474
62729378	1474
62729622	1474
62729754	1474
62730263	1474
62730500	1474
62730636	1474
62730781	1474
62730904	1474
62731043	1474
62731164	1474
62731300	1474
62731423	1474
63797383	1474
63797509	1474
63797639	1474
63797769	1474
63797913	1474
63798061	1474
63798287	1474
63798417	1474
63798536	1474
63798676	1474
63798798	1474
63798921	1474
63799045	1474
63799169	1474
63799292	1474
63799418	1474
63799544	1474
63799679	1474
64061362	1474
64063237	1474
64063410	1474
64063574	1474
64063750	1474
64063921	1474
64064085	1474
64064257	1474
64064421	1474
64064590	1474
64064762	1474
64064962	1474
64065127	1474
64861455	1474
64861895	1474
64862191	1474
64862322	1474
64862941	1474
64863083	1474
64863222	1474
64863347	1474
64863478	1474
64863603	1474
64863738	1474
64863863	1474
64863988	1474
64864111	1474
64864231	1474
64864352	1474
65928049	1474
65928207	1474
65928449	1474
65928587	1474
65928714	1474
65929137	1474
65929363	1474
65929505	1474
65930022	1474
65930151	1474
65930293	1474
65930432	1474
65930555	1474
65930677	1474
65930828	1474
65930953	1474
65931077	1474
66727277	1474
66727568	1474
66727691	1474
66727831	1474
66727956	1474
66728082	1474
66728219	1474
66728343	1474
66728501	1474
66728625	1474
66728760	1474
66728900	1474
66729025	1474
66729208	1474
66729376	1474
66729502	1474
66729645	1474
66729769	1474
67529671	1474
67529860	1474
67530016	1474
67531086	1474
67532036	1474
67532285	1474
67532417	1474
67532524	1474
67532632	1474
67532736	1474
67532868	1474
67533002	1474
67533195	1474
67533325	1474
67533467	1474
67533595	1474
67533731	1474
68327381	1474
68327646	1474
68327776	1474
68327917	1474
68328052	1474
68328190	1474
68328314	1474
68328440	1474
68328563	1474
68328686	1474
68328833	1474
68328962	1474
68329158	1474
68329286	1474
68329462	1474
68329586	1474
68329719	1474
68329842	1474
69128832	1474
69129255	1474
69129381	1474
69129508	1474
69129632	1474
69129758	1474
69129882	1474
69130031	1474
69130155	1474
69130289	1474
69130409	1474
69130535	1474
69130656	1474
69130793	1474
69130915	1474
69131114	1474
69131241	1474
69929744	1474
69929863	1474
69929978	1474
69930107	1474
69930216	1474
69930338	1474
69930468	1474
69930577	1474
69930707	1474
69930818	1474
69930925	1474
69931044	1474
69931156	1474
69931266	1474
69931378	1474
69931492	1474
69931606	1474
70730659	1474
70730786	1474
70730912	1474
70731035	1474
70731309	1474
70731538	1474
70731672	1474
70731799	1474
70731926	1474
70732052	1474
70732194	1474
70732318	1474
70732455	1474
70732580	1474
70732712	1474
70732840	1474
70732964	1474
71532305	1474
71532455	1474
71532582	1474
71532732	1474
71532888	1474
71533210	1474
71533353	1474
71533609	1474
71533743	1474
71533866	1474
71533992	1474
71534117	1474
71534257	1474
71534382	1474
71534510	1474
71534755	1474
71534894	1474
71535022	1474
72329653	1474
72329787	1474
72329903	1474
72330027	1474
72330180	1474
72331147	1474
72331419	1474
72331554	1474
72332311	1474
72332560	1474
72332680	1474
72332797	1474
72332913	1474
72333031	1474
72333183	1474
72333410	1474
72333540	1474
72333653	1474
73131738	1474
73131908	1474
73132078	1474
73132339	1474
73132576	1474
73132777	1474
73132941	1474
73133108	1474
73133330	1474
73133501	1474
73133667	1474
73133831	1474
73133998	1474
73134162	1474
73134335	1474
73134503	1474
73134666	1474
73134834	1474
73930130	1474
73930248	1474
73930486	1474
73930608	1474
73930727	1474
73930846	1474
73930966	1474
73931087	1474
73931209	1474
73931340	1474
73931461	1474
73931582	1474
73931704	1474
73931825	1474
73931945	1474
73932067	1474
73932186	1474
74730853	1474
74730977	1474
74731105	1474
74731237	1474
74731377	1474
74731510	1474
74731746	1474
74731883	1474
74732012	1474
74732144	1474
74732272	1474
74732414	1474
74732544	1474
74732671	1474
74732796	1474
74732925	1474
74733053	1474
75531274	1474
75531399	1474
75531536	1474
75531658	1474
75531883	1474
75532011	1474
75532131	1474
75532251	1474
75532374	1474
75532508	1474
75532628	1474
75532747	1474
75532866	1474
75532984	1474
75533137	1474
75533263	1474
75533385	1474
76327571	1474
76327794	1474
76327920	1474
76328058	1474
76328182	1474
76328409	1474
76328563	1474
76328850	1474
76329211	1474
76329710	1474
76329957	1474
76330075	1474
76330290	1474
76330408	1474
76330540	1474
76330662	1474
76330785	1474
76330907	1474
77129052	1474
77129391	1474
77129715	1474
77129967	1474
77130132	1474
77130458	1474
77130756	1474
77130872	1474
77131080	1474
77131193	1474
77131302	1474
77131433	1474
77131614	1474
77131744	1474
77131866	1474
77131987	1474
77132107	1474
77928622	1474
77929006	1474
77929651	1474
77929905	1474
77930123	1474
77930280	1474
77930457	1474
77930634	1474
77930797	1474
77930984	1474
77931151	1474
77931317	1474
77931481	1474
77931682	1474
77931845	1474
77932014	1474
77932179	1474
77932344	1474
78728271	1474
78728611	1474
78728899	1474
78729565	1474
78729800	1474
78730107	1474
78730381	1474
78730496	1474
78730706	1474
78730835	1474
78730956	1474
78731080	1474
78731200	1474
78731321	1474
78731442	1474
78731565	1474
78731693	1474
79527515	1474
79527799	1474
79528034	1474
79528165	1474
79528514	1474
79528757	1474
79529265	1474
79529476	1474
79529658	1474
79529894	1474
79530005	1474
79530118	1474
79530236	1474
79530357	1474
79530476	1474
79530596	1474
79530713	1474
79530850	1474
80327377	1474
80327613	1474
80327742	1474
80328069	1474
80328202	1474
80328953	1474
80329517	1474
80329754	1474
80330089	1474
80330401	1474
80330624	1474
80330734	1474
80330844	1474
80330951	1474
80331057	1474
80331174	1474
80331295	1474
80331413	1474
81127517	1474
81127906	1474
81128033	1474
81128298	1474
81128479	1474
81128773	1474
81129269	1474
81129492	1474
81129609	1474
81129722	1474
81129925	1474
81130045	1474
81130164	1474
81130286	1474
81130407	1474
81130527	1474
81130646	1474
81130767	1474
81928824	1474
81929427	1474
81929650	1474
81930064	1474
81930269	1474
81930464	1474
81930867	1474
81930984	1474
81931096	1474
81931206	1474
81931314	1474
81931437	1474
81931557	1474
81931679	1474
81931799	1474
81931933	1474
81932056	1474
81932178	1474
82728357	1474
82728787	1474
82729656	1474
82729902	1474
82730263	1474
82730482	1474
82730640	1474
82730828	1474
82731017	1474
82731191	1474
82731362	1474
82731534	1474
82731705	1474
82731883	1474
82732057	1474
82732228	1474
82732401	1474
82732573	1474
83795085	1474
83795394	1474
83795520	1474
83795643	1474
83795765	1474
83795885	1474
83796101	1474
83796228	1474
83796458	1474
83796619	1474
83797146	1474
83797275	1474
83797468	1474
83797583	1474
83797705	1474
83797825	1474
83797952	1474
83798075	1474
84595342	1474
84595766	1474
84595963	1474
84596194	1474
84596518	1474
84596632	1474
84596743	1474
84596909	1474
84597061	1474
84597231	1474
84597353	1474
84597476	1474
84597596	1474
84597718	1474
84597839	1474
84597961	1474
84598096	1474
84598217	1474
85395406	1474
85395717	1474
85396946	1474
85397319	1474
85398282	1474
85398556	1474
85398810	1474
85399047	1474
85399192	1474
85399339	1474
85399483	1474
85399610	1474
85399735	1474
85399860	1474
85399999	1474
85400138	1474
85400265	1474
85400402	1474
86194603	1474
86194869	1474
86195297	1474
86196396	1474
86197818	1474
86198061	1474
86198209	1474
86198899	1474
86199046	1474
86199194	1474
86199327	1474
86199460	1474
86199600	1474
86199724	1474
86199864	1474
86199985	1474
86200108	1474
86200244	1474
86995025	1474
86995356	1474
86995505	1474
86995832	1474
86996131	1474
86996376	1474
86996511	1474
86997287	1474
86997419	1474
86997548	1474
86997680	1474
86997801	1474
86997959	1474
86998082	1474
86998217	1474
86998341	1474
86998579	1474
87795727	1474
87795934	1474
87796251	1474
87796369	1474
87796491	1474
87796625	1474
87796765	1474
87797118	1474
87797513	1474
87797868	1474
87798546	1474
87798841	1474
87798972	1474
87799112	1474
87799283	1474
87799408	1474
87799530	1474
87799653	1474
88594895	1474
88595073	1474
88595336	1474
88595541	1474
88595842	1474
88596191	1474
88596514	1474
88596982	1474
88597157	1474
88597410	1474
88597541	1474
88597669	1474
88597817	1474
88597938	1474
88598065	1474
88598188	1474
88598320	1474
89394047	1474
89394241	1474
89394454	1474
89394784	1474
89394918	1474
89396071	1474
89396202	1474
89396644	1474
89396818	1474
89396949	1474
89397072	1474
89397271	1474
89397415	1474
89397545	1474
89397670	1474
89397791	1474
89397913	1474
90195247	1474
90196201	1474
90196326	1474
90196532	1474
90196728	1474
90196856	1474
90196997	1474
90197152	1474
90197328	1474
90197468	1474
90197599	1474
90197739	1474
90197862	1474
90198007	1474
90198131	1474
90198268	1474
90198397	1474
90198526	1474
90994186	1474
90994418	1474
90994559	1474
90994692	1474
90994832	1474
90995065	1474
90995242	1474
90996415	1474
90996588	1474
90997324	1474
90997540	1474
90997666	1474
90997795	1474
90997924	1474
90998050	1474
90998173	1474
90998314	1474
90998533	1474
91795191	1474
91795345	1474
91795781	1474
91796610	1474
91796792	1474
91797943	1474
91798101	1474
91798229	1474
91798355	1474
91798480	1474
91798694	1474
91798825	1474
91798948	1474
91799073	1474
91799197	1474
91799323	1474
91799465	1474
91799601	1474
92594818	1474
92595144	1474
92595495	1474
92595787	1474
92596022	1474
92596153	1474
92596275	1474
92596397	1474
92596533	1474
92596657	1474
92596785	1474
92596908	1474
92597051	1474
92597224	1474
92597350	1474
92597482	1474
92597621	1474
92597743	1474
93661619	1474
93661933	1474
93662163	1474
93662321	1474
93662896	1474
93663141	1474
93663361	1474
93664087	1474
93664324	1474
93664455	1474
93664580	1474
93664719	1474
93664840	1474
93664962	1474
93665085	1474
93665256	1474
93665379	1474
93665500	1474
94461669	1474
94461901	1474
94462574	1474
94462811	1474
94462957	1474
94463080	1474
94463603	1474
94463752	1474
94463932	1474
94464055	1474
94464175	1474
94464296	1474
94464417	1474
94464537	1474
94464709	1474
94464831	1474
94464951	1474
94465092	1474
95261648	1474
95261904	1474
95262128	1474
95262264	1474
95262938	1474
95263162	1474
95263336	1474
95263722	1474
95263930	1474
95264063	1474
95264186	1474
95264307	1474
95264431	1474
95264556	1474
95264678	1474
95264813	1474
95264934	1474
95265076	1474
96060552	1474
96060767	1474
96060894	1474
96061016	1474
96061232	1474
96061459	1474
96061590	1474
96062140	1474
96062380	1474
96062510	1474
96063169	1474
96063391	1474
96063519	1474
96064040	1474
96064172	1474
96064296	1474
96064481	1474
96064604	1474
96861015	1474
96861191	1474
96861356	1474
96861486	1474
96861724	1474
96861918	1474
96862452	1474
96862681	1474
96862923	1474
96863059	1474
96863492	1474
96863618	1474
96863744	1474
96863883	1474
96864006	1474
96864127	1474
96864249	1474
97661523	1474
97661734	1474
97662320	1474
97662558	1474
97662687	1474
97662947	1474
97663076	1474
97663554	1474
97663668	1474
97663775	1474
97663883	1474
97664006	1474
97664119	1474
97664227	1474
97664333	1474
97664439	1474
97664546	1474
97664652	1474
98460979	1474
98461123	1474
98461303	1474
98461552	1474
98461679	1474
98461938	1474
98462244	1474
98462562	1474
98462769	1474
98462896	1474
98463027	1474
98463141	1474
98463260	1474
98463386	1474
98463505	1474
98463624	1474
98463745	1474
98463861	1474
99261410	1474
99261552	1474
99261671	1474
99262038	1474
99262181	1474
99262347	1474
99262822	1474
99262969	1474
99263330	1474
99263470	1474
99263594	1474
99263720	1474
99263863	1474
99263987	1474
99264137	1474
99264264	1474
99264390	1474
99264513	1474
100061894	1474
100062140	1474
100062994	1474
100063254	1474
100063401	1474
100063585	1474
100063727	1474
100063859	1474
100063980	1474
100064117	1474
100064237	1474
100064358	1474
100064492	1474
100064635	1474
100064759	1474
100064886	1474
100065013	1474
100065342	1474
100862403	1474
100862614	1474
100863387	1474
100863600	1474
100863721	1474
100863998	1474
100864130	1474
100864260	1474
100864384	1474
100864495	1474
100864608	1474
100864719	1474
100864850	1474
100864962	1474
100865107	1474
100865276	1474
100865507	1474
100865626	1474
101661844	1474
101662210	1474
101662509	1474
101662637	1474
101662793	1474
101663082	1474
101663734	1474
101663962	1474
101664100	1474
101664244	1474
101664370	1474
101664495	1474
101664622	1474
101664748	1474
101664875	1474
101665001	1474
101665171	1474
102462314	1474
102462604	1474
102462833	1474
102463468	1474
102463667	1474
102463874	1474
102464220	1474
102464412	1474
102464631	1474
102464783	1474
102464930	1474
102465076	1474
102465280	1474
102465444	1474
102465601	1474
102465751	1474
102472518	1474
103264565	1474
103264697	1474
103264821	1474
103264941	1474
103265066	1474
103265422	1474
103265556	1474
103265696	1474
103265821	1474
103265946	1474
103266069	1474
103266192	1474
103266331	1474
103266455	1474
103266578	1474
103266701	1474
103266825	1474
104064485	1474
104064628	1474
104064751	1474
104064878	1474
104065003	1474
104065166	1474
104065362	1474
104065490	1474
104065620	1474
104065757	1474
104065903	1474
104066037	1474
104066159	1474
104066302	1474
104066445	1474
104066568	1474
104066690	1474
104066816	1474
104863055	1474
104863191	1474
104863328	1474
104863468	1474
104863594	1474
104863719	1474
104863860	1474
104864014	1474
104864166	1474
104864442	1474
104865077	1474
104865456	1474
104865608	1474
104865732	1474
104865855	1474
104865978	1474
104866100	1474
104866223	1474
105927882	1474
105928147	1474
105928275	1474
105928397	1474
105928585	1474
105928713	1474
105928838	1474
105929098	1474
105929960	1474
105930204	1474
105930331	1474
105930838	1474
105930967	1474
105931173	1474
105931305	1474
105931424	1474
105931558	1474
105931675	1474
106728807	1474
106729097	1474
106729368	1474
106729498	1474
106729876	1474
106730140	1474
106730269	1474
106730794	1474
106730925	1474
106731046	1474
106731257	1474
106731377	1474
106731498	1474
106731651	1474
106731782	1474
106731938	1474
106732058	1474
107527733	1474
107528006	1474
107528130	1474
107528250	1474
107528375	1474
107528596	1474
107528782	1474
107529393	1474
107529502	1474
107529706	1474
107529834	1474
107530100	1474
107530284	1474
107530394	1474
107530512	1474
107530621	1474
107530753	1474
108064323	1474
108064430	1474
108064535	1474
108064654	1474
108064758	1474
108064955	1474
108065091	1474
108065243	1474
108065354	1474
108065459	1474
108065568	1474
108065688	1474
108065795	1474
108065901	1474
108066008	1474
108066115	1474
108066220	1474
109128274	1474
109128565	1474
109128696	1474
109128921	1474
109129072	1474
109129609	1474
109129811	1474
109129968	1474
109130169	1474
109130896	1474
109131034	1474
109131162	1474
109131283	1474
109131408	1474
109131528	1474
109131650	1474
109131785	1474
109131905	1474
109928055	1474
109928316	1474
109928556	1474
109928740	1474
109929267	1474
109929439	1474
109929553	1474
109929677	1474
109929838	1474
109930025	1474
109930495	1474
109930681	1474
109930825	1474
109930945	1474
109931068	1474
109931192	1474
109931311	1474
109931429	1474
110728778	1474
110729179	1474
110729305	1474
110729521	1474
110729693	1474
110730196	1474
110730474	1474
110730779	1474
110730992	1474
110731122	1474
110731244	1474
110731368	1474
110731489	1474
110731610	1474
110731730	1474
110731866	1474
110731986	1474
110732108	1474
111527709	1474
111528080	1474
111528205	1474
111528326	1474
111528448	1474
111528669	1474
111528799	1474
111529039	1474
111529677	1474
111529866	1474
111530239	1474
111530459	1474
111530586	1474
111530705	1474
111530827	1474
111530961	1474
111531083	1474
111531204	1474
112328693	1474
112329060	1474
112329650	1474
112329890	1474
112330132	1474
112330331	1474
112330804	1474
112331035	1474
112331182	1474
112331346	1474
112331492	1474
112331636	1474
112331780	1474
112331960	1474
112332106	1474
112332249	1474
112332394	1474
113129526	1474
113129762	1474
113129978	1474
113130405	1474
113130675	1474
113130800	1474
113130923	1474
113131047	1474
113131168	1474
113131288	1474
113131402	1474
113131518	1474
113131636	1474
113131755	1474
113131875	1474
113131986	1474
113132113	1474
113132229	1474
113929248	1474
113929553	1474
113929769	1474
113929949	1474
113930495	1474
113930670	1474
113930785	1474
113930896	1474
113931005	1474
113931127	1474
113931237	1474
113931348	1474
113931456	1474
113931566	1474
113931684	1474
113931793	1474
113931900	1474
114728729	1474
114729183	1474
114729412	1474
114729697	1474
114729926	1474
114730184	1474
114730330	1474
114730519	1474
114730691	1474
114730852	1474
114731011	1474
114731185	1474
114731343	1474
114731501	1474
114731660	1474
114731819	1474
114735536	1474
115529182	1474
115529540	1474
115529664	1474
115529913	1474
115530404	1474
115530518	1474
115530638	1474
115530856	1474
115530976	1474
115531093	1474
115531271	1474
115531390	1474
115531516	1474
115531633	1474
115531750	1474
115531866	1474
115531983	1474
116327766	1474
116328074	1474
116328215	1474
116328345	1474
116328569	1474
116328698	1474
116328922	1474
116329046	1474
116329351	1474
116329473	1474
116329592	1474
116329712	1474
116329842	1474
116329964	1474
116330191	1474
116330331	1474
116330722	1474
116330954	1474
117129670	1474
117130012	1474
117130137	1474
117130265	1474
117130403	1474
117130565	1474
117130690	1474
117130826	1474
117130950	1474
117131087	1474
117131208	1474
117131341	1474
117131468	1474
117131595	1474
117131706	1474
117131843	1474
117131956	1474
117132065	1474
117927690	1474
117928254	1474
117928657	1474
117928884	1474
117929622	1474
117929810	1474
117929980	1474
117930143	1474
117930320	1474
117930488	1474
117930655	1474
117930818	1474
117930985	1474
117931148	1474
117931321	1474
117931486	1474
117931674	1474
118728708	1474
118729065	1474
118729245	1474
118729391	1474
118729527	1474
118729783	1474
118730401	1474
118730554	1474
118730678	1474
118730808	1474
118730930	1474
118731052	1474
118731172	1474
118731305	1474
118731440	1474
118731566	1474
118731690	1474
118731812	1474
119527628	1474
119527867	1474
119528095	1474
119528366	1474
119528567	1474
119529141	1474
119529408	1474
119529532	1474
119529664	1474
119529774	1474
119529907	1474
119530030	1474
119530141	1474
119530254	1474
119530380	1474
119530486	1474
119530596	1474
119530727	1474
120328014	1474
120328315	1474
120328449	1474
120328759	1474
120329627	1474
120329850	1474
120329980	1474
120330155	1474
120330327	1474
120330465	1474
120330594	1474
120330722	1474
120330847	1474
120330988	1474
120331110	1474
120331234	1474
120331370	1474
120331507	1474
121128064	1474
121128248	1474
121128390	1474
121128903	1474
121129221	1474
121129354	1474
121129578	1474
121129714	1474
121129838	1474
121129977	1474
121130125	1474
121130250	1474
121130377	1474
121130505	1474
121130645	1474
121130774	1474
121130894	1474
121930696	1474
121930829	1474
121930976	1474
121931099	1474
121931226	1474
121931641	1474
121931775	1474
121931917	1474
121932056	1474
121932180	1474
121932317	1474
121932458	1474
121932598	1474
121932729	1474
121932853	1474
121933012	1474
121933168	1474
122731243	1474
122731368	1474
122731493	1474
122731639	1474
122731767	1474
122731918	1474
122732150	1474
122732273	1474
122732409	1474
122732536	1474
122732672	1474
122732814	1474
122732936	1474
122733067	1474
122733231	1474
122733364	1474
122733505	1474
122733643	1474
123795327	1474
123795685	1474
123796053	1474
123796771	1474
123797040	1474
123797332	1474
123797470	1474
123798044	1474
123798182	1474
123798327	1474
123798452	1474
123798575	1474
123798717	1474
123798861	1474
123798982	1474
123799121	1474
123799244	1474
123799380	1474
124594817	1474
124595166	1474
124595317	1474
124595537	1474
124595831	1474
124595967	1474
124596251	1474
124596383	1474
124596567	1474
124596701	1474
124597015	1474
124597969	1474
124598109	1474
124598338	1474
124598464	1474
124598611	1474
124598736	1474
124598873	1474
125398547	1474
125398764	1474
125398975	1474
125399170	1474
125399444	1474
125399616	1474
125399780	1474
125399962	1474
125400126	1474
125400291	1474
125400454	1474
125400619	1474
125400785	1474
125400964	1474
125401168	1474
125401448	1474
125401626	1474
125402031	1474
126197869	1474
126198048	1474
126198236	1474
126198453	1474
126198650	1474
126198815	1474
126199017	1474
126199186	1474
126199352	1474
126199513	1474
126199680	1474
126199842	1474
126200022	1474
126200184	1474
126200346	1474
126200511	1474
126200674	1474
126200839	1474
126998572	1474
126998741	1474
126998906	1474
126999176	1474
126999399	1474
126999610	1474
126999775	1474
126999951	1474
127000119	1474
127000283	1474
127000448	1474
127000613	1474
127000780	1474
127000954	1474
127001119	1474
127001368	1474
127001706	1474
127799192	1474
127799363	1474
127799536	1474
127799700	1474
127799869	1474
127800046	1474
127800213	1474
127800379	1474
127800543	1474
127800711	1474
127800876	1474
127801051	1474
127801270	1474
127801440	1474
127801607	1474
127801773	1474
127801939	1474
127802124	1474
128599792	1474
128599960	1474
128600136	1474
128600376	1474
128600601	1474
128600780	1474
128600947	1474
128601119	1474
128601334	1474
128601507	1474
128601693	1474
128601861	1474
128602031	1474
128602214	1474
128602377	1474
128602545	1474
128602710	1474
128602877	1474
129395237	1474
129395436	1474
129396149	1474
129396495	1474
129396695	1474
129397596	1474
129397834	1474
129397966	1474
129398100	1474
129398231	1474
129398357	1474
129398501	1474
129398628	1474
129398755	1474
129398882	1474
129399007	1474
129399144	1474
129399279	1474
130195951	1474
130196134	1474
130196362	1474
130196512	1474
130196646	1474
130196786	1474
130196973	1474
130197272	1474
130197404	1474
130197527	1474
130197650	1474
130197785	1474
130197922	1474
130198068	1474
130198258	1474
130198579	1474
130198964	1474
130199203	1474
130996123	1474
130996501	1474
130997261	1474
130997499	1474
130997647	1474
130997825	1474
130997959	1474
130998102	1474
130998236	1474
130998385	1474
130998530	1474
130998655	1474
130998797	1474
130998937	1474
130999079	1474
130999239	1474
130999364	1474
130999505	1474
132065649	1474
132065789	1474
132065921	1474
132066042	1474
132066382	1474
132066517	1474
132066664	1474
132066790	1474
132066939	1474
132067065	1474
132067206	1474
132067335	1474
132067462	1474
132067595	1474
132067722	1474
132067848	1474
132067970	1474
132068099	1474
132865323	1474
132865488	1474
132865612	1474
132865865	1474
132866002	1474
132866290	1474
132866440	1474
132866580	1474
132866704	1474
132866850	1474
132866997	1474
132867122	1474
132867260	1474
132867454	1474
132867582	1474
132867707	1474
132867856	1474
132867987	1474
133667154	1474
133667330	1474
133667505	1474
133667749	1474
133668061	1474
133668396	1474
133668777	1474
133668947	1474
133669114	1474
133669324	1474
133669507	1474
133669671	1474
133669842	1474
133670008	1474
133670175	1474
133670336	1474
133670512	1474
133670677	1474
134462058	1474
134462361	1474
134462583	1474
134463055	1474
134463380	1474
134464195	1474
134464490	1474
134465497	1474
134465820	1474
134465990	1474
134466162	1474
134466328	1474
134466495	1474
134466671	1474
134466839	1474
134467006	1474
134467173	1474
134467338	1474
135262532	1474
135263773	1474
135264088	1474
135264388	1474
135264562	1474
135264741	1474
135264906	1474
135265078	1474
135265308	1474
135265484	1474
135265667	1474
135265831	1474
135266001	1474
135266165	1474
135266335	1474
135266499	1474
135266682	1474
135266846	1474
136061804	1474
136062241	1474
136062989	1474
136063406	1474
136063585	1474
136063754	1474
136063917	1474
136064083	1474
136064247	1474
136064413	1474
136064586	1474
136064772	1474
136064936	1474
136065141	1474
136065374	1474
136065544	1474
136065721	1474
136065887	1474
136863403	1474
136863753	1474
136864076	1474
136864320	1474
136864720	1474
136864925	1474
136865123	1474
136865340	1474
136865513	1474
136865686	1474
136865853	1474
136866017	1474
136866182	1474
136866365	1474
136866536	1474
136866717	1474
136866889	1474
137662867	1474
137663352	1474
137663578	1474
137663914	1474
137664249	1474
137664424	1474
137664663	1474
137664916	1474
137665078	1474
137665310	1474
137665518	1474
137665746	1474
137665906	1474
137666065	1474
137666223	1474
137666381	1474
137666541	1474
137928870	1474
137929267	1474
137929490	1474
137930028	1474
137930272	1474
137930478	1474
137930682	1474
137930935	1474
137931099	1474
137931262	1474
137931422	1474
138997493	1474
138997657	1474
138997866	1474
138998097	1474
138998345	1474
138998507	1474
138998667	1474
138998835	1474
138998996	1474
138999156	1474
138999316	1474
138999475	1474
138999636	1474
138999807	1474
138999988	1474
139000152	1474
139529207	1474
139529492	1474
139529728	1474
139530412	1474
139530654	1474
139530970	1474
139531222	1474
139531383	1474
139531546	1474
139531708	1474
139531877	1474
139532038	1474
139532198	1474
139532360	1474
139532520	1474
139532680	1474
139539633	1474
140595102	1474
140595370	1474
140595591	1474
140596024	1474
140596205	1474
140596462	1474
140596626	1474
140596787	1474
140596956	1474
140597117	1474
140597326	1474
140597495	1474
140597654	1474
140597816	1474
140597989	1474
140598151	1474
140598312	1474
141410746	1474
141412184	1474
141412590	1474
141413714	1474
141413937	1474
141414119	1474
141414305	1474
141414779	1474
141415042	1474
141415474	1474
141416003	1474
141416317	1474
141416649	1474
141416998	1474
141418054	1474
141418517	1474
141418919	1474
141419320	1474
142196111	1474
142196333	1474
142196669	1474
142196897	1474
142197082	1474
142197574	1474
142197775	1474
142197967	1474
142198148	1474
142198312	1474
142198476	1474
142198640	1474
142198804	1474
142198967	1474
142199149	1474
142199331	1474
142199499	1474
142199663	1474
142995168	1474
142995452	1474
142995688	1474
142995976	1474
142996350	1474
142996526	1474
142996693	1474
142996856	1474
142997023	1474
142997253	1474
142997426	1474
142997594	1474
142997760	1474
142997927	1474
142998091	1474
142998270	1474
142998436	1474
142998601	1474
143795746	1474
143795938	1474
143796241	1474
143796536	1474
143796838	1474
143797423	1474
143797608	1474
143797775	1474
143797938	1474
143798103	1474
143798302	1474
143798486	1474
143798649	1474
143798812	1474
143798976	1474
143799138	1474
143799317	1474
143799480	1474
144595422	1474
144595986	1474
144596206	1474
144596575	1474
144597047	1474
144597731	1474
144597930	1474
144598098	1474
144598271	1474
144598436	1474
144598599	1474
144598761	1474
144598926	1474
144599089	1474
144599259	1474
144599422	1474
144599584	1474
144599748	1474
145395084	1474
145395370	1474
145395675	1474
145396154	1474
145396504	1474
145396705	1474
145396958	1474
145397125	1474
145397348	1474
145397523	1474
145397689	1474
145397854	1474
145398023	1474
145398206	1474
145398383	1474
145398549	1474
145398716	1474
146195650	1474
146195943	1474
146196172	1474
146196758	1474
146196983	1474
146198330	1474
146198593	1474
146198865	1474
146199035	1474
146199205	1474
146199375	1474
146199547	1474
146199709	1474
146199874	1474
146200036	1474
146200200	1474
146200371	1474
146200540	1474
146995890	1474
146996335	1474
146996701	1474
146996953	1474
146997327	1474
146997573	1474
146997746	1474
146997913	1474
146998079	1474
146998248	1474
146998412	1474
146998591	1474
146998754	1474
146998918	1474
146999103	1474
146999273	1474
146999453	1474
146999618	1474
148067050	1474
148067221	1474
148067386	1474
148067601	1474
148067823	1474
148068084	1474
148068254	1474
148068421	1474
148068594	1474
148068759	1474
148068925	1474
148069090	1474
148069302	1474
148069474	1474
148069681	1474
148069849	1474
148070014	1474
148070179	1474
148866201	1474
148866370	1474
148866548	1474
148866761	1474
148866987	1474
148867277	1474
148867448	1474
148867634	1474
148867798	1474
148867966	1474
148868131	1474
148868297	1474
148868462	1474
148868645	1474
148868812	1474
148868978	1474
148869140	1474
148869357	1474
149661849	1474
149662148	1474
149662301	1474
149662530	1474
149663387	1474
149663522	1474
149663666	1474
149663790	1474
149663926	1474
149664049	1474
149664173	1474
149664296	1474
149664417	1474
149664563	1474
149664697	1474
149664821	1474
149664946	1474
149665070	1474
150465344	1474
150465518	1474
150465694	1474
150465956	1474
150466186	1474
150466369	1474
150466537	1474
150466709	1474
150466872	1474
150467034	1474
150467197	1474
150467360	1474
150467525	1474
150467790	1474
150468011	1474
150468186	1474
150468350	1474
150468514	1474
151265966	1474
151266137	1474
151266265	1474
151266395	1474
151266518	1474
151266743	1474
151266874	1474
151267002	1474
151267125	1474
151267246	1474
151267371	1474
151267495	1474
151267617	1474
151267743	1474
151267877	1474
151268015	1474
151268138	1474
151268317	1474
152065257	1474
152065392	1474
152065534	1474
152065678	1474
152065988	1474
152066122	1474
152066262	1474
152066387	1474
152066526	1474
152066651	1474
152066785	1474
152066914	1474
152067061	1474
152067183	1474
152067324	1474
152067449	1474
152067596	1474
152067722	1474
152864890	1474
152865015	1474
152865163	1474
152865290	1474
152865413	1474
152865650	1474
152865780	1474
152865917	1474
152866038	1474
152866160	1474
152866278	1474
152866399	1474
152866520	1474
152866639	1474
152866759	1474
152866894	1474
152867014	1474
152867132	1474
153661763	1474
153662052	1474
153662176	1474
153662302	1474
153662422	1474
153662542	1474
153662671	1474
153662900	1474
153663081	1474
153663671	1474
153663891	1474
153664025	1474
153664148	1474
153664266	1474
153664386	1474
153664507	1474
153664628	1474
153664747	1474
154462334	1474
154462617	1474
154462745	1474
154462866	1474
154463020	1474
154463253	1474
154463800	1474
154463923	1474
154464062	1474
154464182	1474
154464303	1474
154464426	1474
154464544	1474
154464664	1474
154464784	1474
154464890	1474
154465001	1474
155263173	1474
155263483	1474
155263605	1474
155263724	1474
155263944	1474
155264081	1474
155264204	1474
155264325	1474
155264446	1474
155264566	1474
155264686	1474
155264806	1474
155264927	1474
155265054	1474
155265200	1474
155265325	1474
155265445	1474
156062645	1474
156062941	1474
156063217	1474
156063453	1474
156063622	1474
156063785	1474
156063946	1474
156064105	1474
156064299	1474
156064463	1474
156064625	1474
156064786	1474
156064948	1474
156065108	1474
156065325	1474
156065488	1474
156065650	1474
156862038	1474
156862295	1474
156862416	1474
156862567	1474
156862696	1474
156862926	1474
156863046	1474
156863409	1474
156863632	1474
156863757	1474
156863877	1474
156863987	1474
156864097	1474
156864296	1474
156864413	1474
156864534	1474
156864654	1474
156864772	1474
157662968	1474
157663254	1474
157663377	1474
157663497	1474
157663618	1474
157663738	1474
157663862	1474
157664087	1474
157664229	1474
157664596	1474
157664722	1474
157664842	1474
157665068	1474
157665248	1474
157665371	1474
157665489	1474
157665609	1474
157665735	1474
158734950	1474
158735079	1474
158735204	1474
158735348	1474
158735501	1474
158735747	1474
158735882	1474
158736454	1474
158736694	1474
158736822	1474
158736964	1474
158737091	1474
158737256	1474
158737389	1474
158737516	1474
158737644	1474
158737780	1474
158737903	1474
159533389	1474
159533533	1474
159533673	1474
159533795	1474
159533923	1474
159534058	1474
159534207	1474
159534449	1474
159534587	1474
159534727	1474
159534851	1474
159534996	1474
159535120	1474
159535310	1474
159535614	1474
159535748	1474
159536534	1474
159536666	1474
160332263	1474
160332390	1474
160332526	1474
160332653	1474
160332781	1474
160332906	1474
160333060	1474
160333243	1474
160333371	1474
160333503	1474
160333641	1474
160333766	1474
160333906	1474
160334030	1474
160334172	1474
160334299	1474
160334424	1474
160334565	1474
161129692	1474
161130037	1474
161130158	1474
161130637	1474
161130875	1474
161131045	1474
161131172	1474
161131315	1474
161131440	1474
161131632	1474
161131761	1474
161131901	1474
161132043	1474
161132167	1474
161132292	1474
161132426	1474
161932148	1474
161932312	1474
161932442	1474
161932565	1474
161932710	1474
161933007	1474
161933145	1474
161933326	1474
161933459	1474
161933585	1474
161933732	1474
161933878	1474
161934002	1474
161934136	1474
161934279	1474
161934404	1474
161934527	1474
161934670	1474
162732436	1474
162732563	1474
162732694	1474
162732819	1474
162732942	1474
162733092	1474
162733215	1474
162733429	1474
162733559	1474
162733692	1474
162733828	1474
162733952	1474
162734106	1474
162734240	1474
162734364	1474
162734485	1474
162734607	1474
162734756	1474
163533046	1474
163533266	1474
163533439	1474
163533601	1474
163533811	1474
163534033	1474
163534274	1474
163534458	1474
163534625	1474
163534798	1474
163534962	1474
163535125	1474
163535320	1474
163535540	1474
163535779	1474
163536066	1474
163536237	1474
163536400	1474
164331841	1474
164331996	1474
164332142	1474
164332262	1474
164332397	1474
164332517	1474
164332671	1474
164332925	1474
164333054	1474
164333238	1474
164333366	1474
164333508	1474
164333651	1474
164333788	1474
164333906	1474
164334028	1474
164334159	1474
164334282	1474
165132454	1474
165132582	1474
165132720	1474
165132863	1474
165132991	1474
165133131	1474
165133280	1474
165133430	1474
165133549	1474
165133670	1474
165133804	1474
165133960	1474
165134084	1474
165134221	1474
165134354	1474
165134476	1474
165134605	1474
165134731	1474
165928985	1474
165929266	1474
165929464	1474
165929591	1474
165929699	1474
165929993	1474
165930112	1474
165930935	1474
165931150	1474
165931269	1474
165931379	1474
165931489	1474
165931599	1474
165931707	1474
165931827	1474
165931942	1474
165932053	1474
165932164	1474
166731713	1474
166731833	1474
166731967	1474
166732078	1474
166732191	1474
166732304	1474
166732413	1474
166732522	1474
166732641	1474
166732778	1474
166732901	1474
166733017	1474
166733158	1474
166733276	1474
166733405	1474
166733516	1474
166733634	1474
167529264	1474
167529640	1474
167529784	1474
167530008	1474
167530169	1474
167530908	1474
167531045	1474
167531195	1474
167531322	1474
167531453	1474
167531580	1474
167531707	1474
167531834	1474
167531964	1474
167532173	1474
167532316	1474
167532444	1474
167532574	1474
168329341	1474
168329654	1474
168329801	1474
168329929	1474
168330054	1474
168330215	1474
168330339	1474
168330477	1474
168330618	1474
168330741	1474
168330876	1474
168331019	1474
168331150	1474
168331294	1474
168331419	1474
168331560	1474
168331688	1474
169130636	1474
169130763	1474
169130886	1474
169131012	1474
169131268	1474
169131675	1474
169131794	1474
169132003	1474
169132127	1474
169132343	1474
169132465	1474
169132588	1474
169132708	1474
169132831	1474
169132954	1474
169133096	1474
169133298	1474
169930197	1474
169930405	1474
169930628	1474
169930819	1474
169930950	1474
169931184	1474
169931326	1474
169931445	1474
169931563	1474
169931682	1474
169931802	1474
169931924	1474
169932045	1474
169932168	1474
169932301	1474
169932423	1474
169932547	1474
169932667	1474
170731863	1474
170732091	1474
170732220	1474
170732432	1474
170732553	1474
170732675	1474
170732794	1474
170732914	1474
170733034	1474
170733213	1474
170733354	1474
170733476	1474
170733605	1474
170733728	1474
170733853	1474
170733975	1474
170734098	1474
171529524	1474
171529793	1474
171529917	1474
171530037	1474
171530156	1474
171530273	1474
171530406	1474
171530526	1474
171530651	1474
171530771	1474
171530991	1474
171531121	1474
171531379	1474
171531532	1474
171531649	1474
171531772	1474
172330532	1474
172330817	1474
172331048	1474
172331178	1474
172331594	1474
172331823	1474
172331952	1474
172332154	1474
172332279	1474
172332407	1474
172332531	1474
172332654	1474
172332778	1474
172332901	1474
172333024	1474
172333175	1474
172333351	1474
173129141	1474
173129429	1474
173129677	1474
173129806	1474
173130034	1474
173130368	1474
173130497	1474
173130748	1474
173130870	1474
173130997	1474
173131248	1474
173131379	1474
173131968	1474
173132210	1474
173132334	1474
173132456	1474
173132591	1474
173929338	1474
173929615	1474
173929921	1474
173930777	1474
173931096	1474
173931302	1474
173931506	1474
173931704	1474
173931916	1474
173932066	1474
173932214	1474
173932360	1474
173932519	1474
173932686	1474
173932840	1474
173932987	1474
173933136	1474
173933328	1474
174729741	1474
174730047	1474
174730254	1474
174730595	1474
174731438	1474
174731682	1474
174732047	1474
174732325	1474
174732496	1474
174732676	1474
174732873	1474
174733039	1474
174733252	1474
174733425	1474
174733598	1474
174733763	1474
174733928	1474
175530680	1474
175530949	1474
175531160	1474
175531379	1474
175532334	1474
175532571	1474
175532842	1474
175533065	1474
175533323	1474
175533494	1474
175533665	1474
175533829	1474
175533990	1474
175534152	1474
175534313	1474
175534476	1474
175534648	1474
176329927	1474
176330306	1474
176330534	1474
176331411	1474
176331655	1474
176331870	1474
176332089	1474
176332303	1474
176332471	1474
176332635	1474
176332814	1474
176333015	1474
176333228	1474
176333409	1474
176333577	1474
176333748	1474
176333916	1474
177129104	1474
177129434	1474
177129596	1474
177129836	1474
177130102	1474
177130318	1474
177130675	1474
177130867	1474
177131043	1474
177131198	1474
177131346	1474
177131497	1474
177131650	1474
177131812	1474
177131960	1474
177132109	1474
177132255	1474
177132405	1474
177929445	1474
177929739	1474
177929924	1474
177930172	1474
177930584	1474
177930874	1474
177931005	1474
177931132	1474
177931260	1474
177931386	1474
177931517	1474
177931644	1474
177931788	1474
177931925	1474
177932068	1474
177932193	1474
177932321	1474
177932448	1474
178730046	1474
178730259	1474
178730496	1474
178730737	1474
178730967	1474
178731224	1474
178731393	1474
178731562	1474
178731726	1474
178731892	1474
178732069	1474
178732235	1474
178732398	1474
178732565	1474
178732730	1474
178732896	1474
178733094	1474
179529775	1474
179530034	1474
179530240	1474
179530417	1474
179530616	1474
179530831	1474
179531019	1474
179531168	1474
179531316	1474
179531465	1474
179531633	1474
179531781	1474
179531937	1474
179532091	1474
179532242	1474
179532392	1474
179532540	1474
180329650	1474
180329879	1474
180330100	1474
180330264	1474
180330432	1474
180330594	1474
180330761	1474
180330928	1474
180331116	1474
180331281	1474
180331450	1474
180331613	1474
180331781	1474
180331944	1474
180332129	1474
180332292	1474
180332459	1474
181129268	1474
181129588	1474
181129708	1474
181129833	1474
181129958	1474
181130075	1474
181130214	1474
181130352	1474
181130475	1474
181130598	1474
181130755	1474
181130884	1474
181131006	1474
181131138	1474
181131268	1474
181131409	1474
181131552	1474
181131678	1474
181930171	1474
181930469	1474
181930597	1474
181930722	1474
181930877	1474
181931000	1474
181931117	1474
181931256	1474
181931392	1474
181931514	1474
181931639	1474
181931766	1474
181931890	1474
181932015	1474
181932138	1474
181932275	1474
181932398	1474
181932524	1474
182728986	1474
182729266	1474
182729535	1474
182729834	1474
182730820	1474
182731049	1474
182731208	1474
182731337	1474
182731465	1474
182731587	1474
182731712	1474
182731836	1474
182731960	1474
182732100	1474
182732230	1474
182732354	1474
182732478	1474
182732601	1474
183800398	1474
183800530	1474
183800654	1474
183800780	1474
183800906	1474
183801077	1474
183801262	1474
183801395	1474
183801548	1474
183801675	1474
183801814	1474
183801960	1474
183802083	1474
183802207	1474
183802520	1474
183802688	1474
183802814	1474
183802940	1474
184601567	1474
184601738	1474
184601907	1474
184602071	1474
184602230	1474
184602395	1474
184602574	1474
184602740	1474
184602906	1474
184603069	1474
184603233	1474
184603395	1474
184603574	1474
184603738	1474
184603906	1474
184604086	1474
184604256	1474
184604426	1474
185401369	1474
185401509	1474
185401626	1474
185401768	1474
185401920	1474
185402143	1474
185402267	1474
185402387	1474
185402515	1474
185402637	1474
185402759	1474
185402885	1474
185403008	1474
185403133	1474
185403256	1474
185403389	1474
185403530	1474
185403655	1474
186200614	1474
186200742	1474
186200867	1474
186200990	1474
186201137	1474
186201329	1474
186201451	1474
186201595	1474
186201718	1474
186201858	1474
186201999	1474
186202129	1474
186202254	1474
186202377	1474
186202496	1474
186202623	1474
186202747	1474
186202867	1474
186999947	1474
187000120	1474
187000285	1474
187000450	1474
187000621	1474
187000787	1474
187000952	1474
187001115	1474
187001327	1474
187001496	1474
187001668	1474
187001834	1474
187001999	1474
187002164	1474
187002329	1474
187002493	1474
187800366	1474
187800495	1474
187800691	1474
187800824	1474
187800983	1474
187801234	1474
187801412	1474
187801639	1474
187801769	1474
187801897	1474
187802028	1474
187802150	1474
187802293	1474
187802417	1474
187802554	1474
187802698	1474
187802824	1474
188600084	1474
188600211	1474
188600334	1474
188600458	1474
188600589	1474
188600725	1474
188600986	1474
188601116	1474
188601286	1474
188601408	1474
188601538	1474
188601692	1474
188601815	1474
188601951	1474
188602070	1474
188602193	1474
188602320	1474
189396636	1474
189396894	1474
189399067	1474
189400572	1474
189401280	1474
189401484	1474
189401611	1474
189401753	1474
189401889	1474
189402038	1474
189402162	1474
189402290	1474
189402410	1474
189402543	1474
189402672	1474
189402833	1474
189403060	1474
189403318	1474
190195763	1474
190196291	1474
190196589	1474
190196722	1474
190198175	1474
190198391	1474
190198530	1474
190198652	1474
190198784	1474
190198916	1474
190199055	1474
190199176	1474
190199302	1474
190199427	1474
190199559	1474
190199681	1474
190199823	1474
190199960	1474
190999692	1474
190999817	1474
190999932	1474
191000066	1474
191000188	1474
191000311	1474
191000451	1474
191000572	1474
191000694	1474
191000815	1474
191000938	1474
191001076	1474
191001255	1474
191001384	1474
191001508	1474
191001638	1474
191796812	1474
191797225	1474
191797344	1474
191797480	1474
191797601	1474
191797823	1474
191797954	1474
191798093	1474
191798213	1474
191798342	1474
191798461	1474
191798592	1474
191798719	1474
191798844	1474
191798967	1474
191799105	1474
191799255	1474
191799394	1474
192597276	1474
192597694	1474
192597818	1474
192597941	1474
192598062	1474
192598202	1474
192598390	1474
192598651	1474
192598768	1474
192598890	1474
192599012	1474
192599159	1474
192599283	1474
192599405	1474
192599526	1474
192599663	1474
192599785	1474
192599910	1474
193397095	1474
193397510	1474
193397644	1474
193398529	1474
193398905	1474
193399037	1474
193399179	1474
193399312	1474
193399458	1474
193399582	1474
193399709	1474
193399857	1474
193399980	1474
193400123	1474
193400249	1474
193400375	1474
193400502	1474
193400629	1474
194200144	1474
194200272	1474
194200397	1474
194200527	1474
194200652	1474
194200797	1474
194200920	1474
194201064	1474
194201250	1474
194201373	1474
194201495	1474
194201615	1474
194201738	1474
194201879	1474
194202006	1474
194202169	1474
194202294	1474
194202418	1474
194999595	1474
194999721	1474
194999841	1474
194999976	1474
195000118	1474
195000356	1474
195000488	1474
195000614	1474
195000737	1474
195000861	1474
195001002	1474
195001154	1474
195001358	1474
195001481	1474
195001617	1474
195001769	1474
195001890	1474
195799644	1474
195799770	1474
195799896	1474
195800039	1474
195800159	1474
195800298	1474
195800414	1474
195800536	1474
195800659	1474
195800779	1474
195800898	1474
195801023	1474
195801143	1474
195801330	1474
195801466	1474
195801588	1474
195801725	1474
196599586	1474
196599713	1474
196599849	1474
196599971	1474
196600093	1474
196600369	1474
196600498	1474
196600631	1474
196600764	1474
196600888	1474
196601014	1474
196601283	1474
196601427	1474
196601571	1474
196601705	1474
196601829	1474
196601958	1474
196602083	1474
197401629	1474
197401777	1474
197401898	1474
197402024	1474
197402148	1474
197402270	1474
197402401	1474
197402529	1474
197402651	1474
197402775	1474
197402920	1474
197403067	1474
197403188	1474
197403316	1474
197403455	1474
197403589	1474
197403710	1474
197403835	1474
198200574	1474
198200712	1474
198200861	1474
198200985	1474
198201115	1474
198201310	1474
198201584	1474
198201710	1474
198201834	1474
198201957	1474
198202080	1474
198202208	1474
198202333	1474
198202504	1474
198202644	1474
198202768	1474
198202890	1474
198203014	1474
198996746	1474
198997505	1474
198997664	1474
198997866	1474
198998152	1474
198998294	1474
198998946	1474
198999182	1474
198999319	1474
198999443	1474
198999570	1474
198999711	1474
198999832	1474
198999974	1474
199000112	1474
199000233	1474
199000361	1474
199000504	1474
199529749	1474
199529966	1474
199530137	1474
199530271	1474
199530400	1474
199530715	1474
199531655	1474
199531890	1474
199532034	1474
199532622	1474
199532911	1474
200329733	1474
200330631	1474
200330886	1474
200331065	1474
200332418	1474
200332748	1474
200332880	1474
200333943	1474
200334202	1474
200334329	1474
200334455	1474
200334581	1474
200334719	1474
200334855	1474
200334976	1474
200335121	1474
201129687	1474
201130064	1474
201130384	1474
201131635	1474
201131974	1474
201132286	1474
201132413	1474
201133302	1474
201133453	1474
201133595	1474
201133726	1474
201133866	1474
201133986	1474
201134110	1474
201134233	1474
201134372	1474
201134491	1474
201930472	1474
201930851	1474
201930999	1474
201931125	1474
201931464	1474
201932248	1474
201932501	1474
201932628	1474
201932751	1474
201932887	1474
201933011	1474
201933167	1474
201933362	1474
201933485	1474
201933629	1474
201933790	1474
201933919	1474
202729666	1474
202730155	1474
202730303	1474
202730457	1474
202730602	1474
202731417	1474
202731845	1474
202732068	1474
202732403	1474
202732532	1474
202733316	1474
202733460	1474
202733603	1474
202733724	1474
202733847	1474
202733984	1474
202734105	1474
202734231	1474
203530989	1474
203531384	1474
203531509	1474
203531633	1474
203531760	1474
203531899	1474
203532041	1474
203532333	1474
203533084	1474
203533267	1474
203533403	1474
203533529	1474
203533655	1474
203533788	1474
203533911	1474
203534051	1474
203534173	1474
204330392	1474
204330763	1474
204330892	1474
204331014	1474
204331161	1474
204331304	1474
204331433	1474
204331556	1474
204331694	1474
204331847	1474
204332869	1474
204333004	1474
204333349	1474
204333493	1474
204333630	1474
204333753	1474
204333877	1474
204334002	1474
205130378	1474
205131517	1474
205131754	1474
205132375	1474
205132661	1474
205132876	1474
205133050	1474
205133217	1474
205133431	1474
205133607	1474
205133772	1474
205133937	1474
205134108	1474
205134274	1474
205134439	1474
205134603	1474
205134769	1474
205929666	1474
205930080	1474
205930264	1474
205930531	1474
205930838	1474
205931913	1474
205932163	1474
205932422	1474
205932835	1474
205933010	1474
205933256	1474
205933439	1474
205933604	1474
205933769	1474
205933935	1474
205934109	1474
205934275	1474
205934441	1474
206735691	1474
206735860	1474
206736027	1474
206736240	1474
206736460	1474
206736721	1474
206736895	1474
206737102	1474
206737392	1474
206737595	1474
206737773	1474
206737958	1474
206738126	1474
206738322	1474
206738488	1474
206738650	1474
206738820	1474
206738986	1474
207531264	1474
207531666	1474
207532963	1474
207533234	1474
207534144	1474
207534278	1474
207534441	1474
207534567	1474
207534692	1474
207534816	1474
207534940	1474
207535064	1474
207535186	1474
207535318	1474
207535444	1474
207535589	1474
207535711	1474
207535835	1474
208600868	1474
208600995	1474
208601137	1474
208601345	1474
208601492	1474
208601634	1474
208601766	1474
208601888	1474
208602032	1474
208602156	1474
208602279	1474
208602412	1474
208602540	1474
208602688	1474
208602813	1474
208602938	1474
208603063	1474
208603192	1474
209400257	1474
209400396	1474
209400683	1474
209400809	1474
209400963	1474
209401257	1474
209401386	1474
209401524	1474
209401648	1474
209401800	1474
209401923	1474
209402067	1474
209402214	1474
209402337	1474
209402479	1474
209402605	1474
209402733	1474
210200447	1474
210200587	1474
210200710	1474
210200861	1474
210200992	1474
210201432	1474
210201571	1474
210201697	1474
210201839	1474
210201961	1474
210202077	1474
210202199	1474
210202321	1474
210202445	1474
210202596	1474
210202719	1474
210202843	1474
210202967	1474
211000414	1474
211000550	1474
211000745	1474
211000872	1474
211000998	1474
211001230	1474
211001360	1474
211001498	1474
211001629	1474
211001760	1474
211001880	1474
211001999	1474
211002179	1474
211002308	1474
211002441	1474
211002564	1474
211002702	1474
211796830	1474
211797080	1474
211797316	1474
211797562	1474
211798493	1474
211798625	1474
211798788	1474
211798953	1474
211799079	1474
211799210	1474
211799355	1474
211799478	1474
211799612	1474
211799753	1474
211799876	1474
211799999	1474
211800135	1474
211800260	1474
212597829	1474
212598009	1474
212598133	1474
212598258	1474
212598381	1474
212598522	1474
212598645	1474
212598783	1474
212598909	1474
212599037	1474
212599157	1474
212599297	1474
212599421	1474
212599558	1474
212599679	1474
212599818	1474
212599943	1474
212600081	1474
213399508	1474
213399686	1474
213399860	1474
213399989	1474
213400119	1474
213400245	1474
213400391	1474
213400513	1474
213400685	1474
213400831	1474
213400955	1474
213401102	1474
213401276	1474
213401397	1474
213401518	1474
213401657	1474
213401780	1474
213401916	1474
214197447	1474
214197765	1474
214198623	1474
214198755	1474
214199095	1474
214199213	1474
214199337	1474
214199459	1474
214199584	1474
214199706	1474
214199848	1474
214199982	1474
214200121	1474
214200242	1474
214200376	1474
214200498	1474
214200632	1474
214200753	1474
214997123	1474
214997327	1474
214997627	1474
214997851	1474
214998040	1474
214998521	1474
214998663	1474
214998794	1474
214998916	1474
214999051	1474
214999173	1474
214999305	1474
214999428	1474
214999560	1474
214999683	1474
214999815	1474
214999954	1474
215000077	1474
215797669	1474
215798024	1474
215798817	1474
215798950	1474
215799197	1474
215799334	1474
215799455	1474
215799589	1474
215799709	1474
215799844	1474
215799963	1474
215800102	1474
215800222	1474
215800346	1474
215800469	1474
215800593	1474
215800712	1474
216597795	1474
216598146	1474
216599190	1474
216599413	1474
216599560	1474
216599699	1474
216599821	1474
216599943	1474
216600067	1474
216600213	1474
216600350	1474
216600471	1474
216600592	1474
216600714	1474
216600836	1474
216600960	1474
216601161	1474
217398213	1474
217398477	1474
217398603	1474
217398730	1474
217398870	1474
217399183	1474
217399562	1474
217399835	1474
217399986	1474
217400180	1474
217400318	1474
217400453	1474
217400583	1474
217400708	1474
217400834	1474
217400959	1474
217401159	1474
217401290	1474
218201124	1474
218201331	1474
218201469	1474
218201591	1474
218201721	1474
218202020	1474
218202149	1474
218202317	1474
218202441	1474
218202572	1474
218202695	1474
218202818	1474
218202941	1474
218203062	1474
218203186	1474
218203324	1474
218203448	1474
218203592	1474
218998010	1474
218998320	1474
218999419	1474
218999648	1474
219000433	1474
219000677	1474
219000814	1474
219000950	1474
219001100	1474
219001345	1474
219001483	1474
219001627	1474
219001749	1474
219001882	1474
219002030	1474
219002153	1474
219002271	1474
219002402	1474
219800537	1474
219800667	1474
219800802	1474
219800929	1474
219801055	1474
219801372	1474
219801504	1474
219801632	1474
219801753	1474
219802054	1474
219802179	1474
219802301	1474
219802439	1474
219802563	1474
219802686	1474
219802808	1474
219810534	1474
220608987	1474
220609160	1474
220609351	1474
220609498	1474
220609651	1474
220609879	1474
220610001	1474
220610123	1474
220610244	1474
220610367	1474
220610504	1474
220610627	1474
220610749	1474
220610872	1474
220610994	1474
220611117	1474
220611240	1474
221402668	1474
221402792	1474
221402945	1474
221403078	1474
221404152	1474
221404285	1474
221404407	1474
221404543	1474
221404668	1474
221404814	1474
221404939	1474
221405102	1474
221405295	1474
221405419	1474
221405557	1474
221405690	1474
221405817	1474
222202149	1474
222202282	1474
222202425	1474
222202545	1474
222202695	1474
222202947	1474
222203079	1474
222203209	1474
222203496	1474
222203642	1474
222203768	1474
222203891	1474
222204024	1474
222204150	1474
222204277	1474
222204425	1474
222212950	1474
222999353	1474
222999476	1474
222999596	1474
222999724	1474
222999843	1474
222999964	1474
223000081	1474
223000200	1474
223000320	1474
223000438	1474
223000555	1474
223000687	1474
223000807	1474
223000926	1474
223001064	1474
223001224	1474
223001344	1474
223797861	1474
223798262	1474
223798498	1474
223798630	1474
223799053	1474
223799277	1474
223799401	1474
223799522	1474
223799638	1474
223799774	1474
223799898	1474
223800020	1474
223800141	1474
223800262	1474
223800388	1474
223800509	1474
223800633	1474
223800772	1474
224597069	1474
224597367	1474
224597494	1474
224597616	1474
224597736	1474
224597890	1474
224598009	1474
224598130	1474
224598250	1474
224598371	1474
224598493	1474
224598614	1474
224598733	1474
224598863	1474
224598982	1474
224599099	1474
224599215	1474
224599334	1474
225664425	1474
225664661	1474
225665110	1474
225665383	1474
225665738	1474
225666143	1474
225666271	1474
225666458	1474
225666586	1474
225666710	1474
225666832	1474
225666969	1474
225667092	1474
225667219	1474
225667340	1474
225667467	1474
225667587	1474
225667715	1474
226464541	1474
226464992	1474
226465360	1474
226465795	1474
226466203	1474
226466330	1474
226466451	1474
226466686	1474
226466811	1474
226466938	1474
226467065	1474
226467184	1474
226467306	1474
226467425	1474
226467545	1474
226467665	1474
226467784	1474
226467904	1474
227264184	1474
227264336	1474
227264580	1474
227264780	1474
227265409	1474
227265861	1474
227266333	1474
227266470	1474
227266593	1474
227266715	1474
227266835	1474
227266960	1474
227267092	1474
227267208	1474
227267328	1474
227267449	1474
227267569	1474
227267689	1474
228064405	1474
228065402	1474
228065678	1474
228066534	1474
228066814	1474
228066944	1474
228067158	1474
228067283	1474
228067405	1474
228067527	1474
228067649	1474
228067772	1474
228067896	1474
228068018	1474
228068157	1474
228068279	1474
228068400	1474
228068522	1474
228864605	1474
228864839	1474
228864966	1474
228865206	1474
228865364	1474
228865494	1474
228865728	1474
228865900	1474
228866532	1474
228867008	1474
228867181	1474
228867612	1474
228867737	1474
228867861	1474
228867982	1474
228868105	1474
228868240	1474
228868367	1474
229664005	1474
229664253	1474
229664377	1474
229664524	1474
229664756	1474
229665605	1474
229666090	1474
229666331	1474
229666454	1474
229666575	1474
229666699	1474
229666822	1474
229666940	1474
229667064	1474
229667181	1474
229667313	1474
229667434	1474
229667557	1474
230464920	1474
230465237	1474
230466048	1474
230466319	1474
230466799	1474
230466985	1474
230467107	1474
230467229	1474
230467364	1474
230467485	1474
230467605	1474
230467725	1474
230467845	1474
230467966	1474
230468085	1474
230468207	1474
230468339	1474
230468462	1474
231264200	1474
231264428	1474
231264557	1474
231264806	1474
231264980	1474
231265980	1474
231266158	1474
231266431	1474
231266553	1474
231266674	1474
231266796	1474
231266917	1474
231267039	1474
231267160	1474
231267281	1474
231267414	1474
231275112	1474
232064506	1474
232064800	1474
232065663	1474
232066127	1474
232066256	1474
232066379	1474
232066657	1474
232066782	1474
232066904	1474
232067026	1474
232067150	1474
232067282	1474
232067411	1474
232067535	1474
232067654	1474
232067772	1474
232072967	1474
232866830	1474
232867000	1474
232867168	1474
232867348	1474
232867526	1474
232867691	1474
232867859	1474
232868024	1474
232868193	1474
232868358	1474
232868533	1474
232868700	1474
232868870	1474
232869040	1474
232869258	1474
232869427	1474
232869611	1474
233666615	1474
233666783	1474
233666977	1474
233667213	1474
233667389	1474
233667565	1474
233667728	1474
233667896	1474
233668057	1474
233668222	1474
233668383	1474
233668556	1474
233668718	1474
233668882	1474
233669062	1474
233669277	1474
233669450	1474
233669627	1474
234469651	1474
234469846	1474
234470175	1474
234470347	1474
234470561	1474
234470854	1474
234471024	1474
234471190	1474
234471354	1474
234471516	1474
234471695	1474
234471857	1474
234472019	1474
234472181	1474
234472346	1474
234472507	1474
234478593	1474
235267477	1474
235267652	1474
235267815	1474
235267979	1474
235268140	1474
235268308	1474
235268468	1474
235268635	1474
235268809	1474
235268976	1474
235269138	1474
235269358	1474
235269526	1474
235269699	1474
235269862	1474
235270029	1474
236067252	1474
236067435	1474
236067602	1474
236067877	1474
236068121	1474
236068349	1474
236068518	1474
236068680	1474
236068861	1474
236069023	1474
236069184	1474
236069426	1474
236069925	1474
236070187	1474
236070406	1474
236070641	1474
236070816	1474
236070978	1474
236867559	1474
236867723	1474
236867897	1474
236868060	1474
236868224	1474
236868385	1474
236868547	1474
236868711	1474
236868884	1474
236869071	1474
236869290	1474
236869460	1474
236869626	1474
236869908	1474
236870135	1474
236870309	1474
236870477	1474
236870641	1474
237667645	1474
237667817	1474
237667992	1474
237668158	1474
237668320	1474
237668483	1474
237668646	1474
237668811	1474
237668988	1474
237669152	1474
237669370	1474
237669540	1474
237669704	1474
237669875	1474
237670043	1474
237670214	1474
237670380	1474
238469322	1474
238469537	1474
238469781	1474
238470007	1474
238470287	1474
238470507	1474
238470785	1474
238470961	1474
238471149	1474
238471317	1474
238471512	1474
238471676	1474
238471840	1474
238472012	1474
238472177	1474
238472341	1474
238472504	1474
238472668	1474
239267805	1474
239267936	1474
239268077	1474
239268237	1474
239268367	1474
239268729	1474
239268860	1474
239268985	1474
239269157	1474
239269325	1474
239269513	1474
239269640	1474
239269775	1474
239269899	1474
239270032	1474
239270173	1474
239270429	1474
239270560	1474
240331329	1474
240331639	1474
240332005	1474
240332426	1474
240332678	1474
240332809	1474
240332932	1474
240333080	1474
240333258	1474
240333396	1474
240333546	1474
240333668	1474
240333796	1474
240333920	1474
240334052	1474
240334186	1474
240334310	1474
240334439	1474
241131698	1474
241132034	1474
241132164	1474
241132508	1474
241132835	1474
241133096	1474
241133276	1474
241133397	1474
241133541	1474
241133664	1474
241133807	1474
241133930	1474
241134054	1474
241134178	1474
241134314	1474
241134453	1474
241134577	1474
241134699	1474
241931694	1474
241931928	1474
241932102	1474
241932349	1474
241932576	1474
241932776	1474
241932939	1474
241933155	1474
241933343	1474
241933505	1474
241933671	1474
241933836	1474
241933999	1474
241934162	1474
241934342	1474
241934509	1474
241934671	1474
242734445	1474
242734572	1474
242734695	1474
242734881	1474
242735015	1474
242735243	1474
242735384	1474
242735510	1474
242735631	1474
242735754	1474
242735876	1474
242735997	1474
242736119	1474
242736240	1474
242736404	1474
242736529	1474
242736652	1474
242736774	1474
243533934	1474
243534059	1474
243534182	1474
243534312	1474
243534551	1474
243534682	1474
243534808	1474
243534929	1474
243535052	1474
243535174	1474
243535296	1474
243535425	1474
243535549	1474
243535670	1474
243535792	1474
243535915	1474
243536036	1474
243536158	1474
244335757	1474
244335882	1474
244336002	1474
244336181	1474
244336306	1474
244336534	1474
244336664	1474
244336789	1474
244336911	1474
244337033	1474
244337215	1474
244337342	1474
244337469	1474
244337607	1474
244337729	1474
244337852	1474
244337973	1474
244338097	1474
245133578	1474
245133703	1474
245133825	1474
245133961	1474
245134082	1474
245134202	1474
245134323	1474
245134443	1474
245134570	1474
245134691	1474
245134812	1474
245134932	1474
245135057	1474
245135176	1474
245135296	1474
245135416	1474
245135535	1474
245935022	1474
245935192	1474
245935383	1474
245935651	1474
245935873	1474
245936118	1474
245936284	1474
245936453	1474
245936629	1474
245936794	1474
245936958	1474
245937127	1474
245937348	1474
245937519	1474
245937693	1474
245937856	1474
245938028	1474
245938195	1474
246734723	1474
246734855	1474
246735025	1474
246735162	1474
246735316	1474
246735551	1474
246735679	1474
246735819	1474
246735963	1474
246736085	1474
246736231	1474
246736354	1474
246736492	1474
246736620	1474
246736755	1474
246736882	1474
246737047	1474
246737261	1474
247534619	1474
247534748	1474
247534900	1474
247535039	1474
247535188	1474
247535440	1474
247535566	1474
247535696	1474
247535832	1474
247535959	1474
247536083	1474
247536207	1474
247536333	1474
247536477	1474
247536602	1474
247536741	1474
247536890	1474
248334137	1474
248334265	1474
248334388	1474
248334525	1474
248334672	1474
248334987	1474
248335123	1474
248335248	1474
248335376	1474
248335500	1474
248335626	1474
248335752	1474
248335895	1474
248336020	1474
248336146	1474
248336272	1474
248336415	1474
249134594	1474
249134730	1474
249134863	1474
249134979	1474
249135111	1474
249135390	1474
249135508	1474
249135622	1474
249135732	1474
249135867	1474
249135995	1474
249136129	1474
249136256	1474
249136377	1474
249136493	1474
249136609	1474
249136734	1474
249136870	1474
249934230	1474
249934367	1474
249934494	1474
249934627	1474
249934761	1474
249935042	1474
249935158	1474
249935269	1474
249935380	1474
249935495	1474
249935620	1474
249935731	1474
249935857	1474
249935986	1474
249936179	1474
249936293	1474
249936419	1474
249936549	1474
250734406	1474
250734520	1474
250734633	1474
250734749	1474
250735012	1474
250735129	1474
250735244	1474
250735355	1474
250735486	1474
250735617	1474
250735729	1474
250735846	1474
250735958	1474
250736092	1474
250736204	1474
250736321	1474
250736432	1474
250736562	1474
251800867	1474
251800999	1474
251801192	1474
251801321	1474
251801441	1474
251801567	1474
251801688	1474
251801808	1474
251801928	1474
251802045	1474
251802162	1474
251802291	1474
251802413	1474
251802533	1474
251802650	1474
251802771	1474
251802889	1474
251803009	1474
252600657	1474
252600793	1474
252600915	1474
252601040	1474
252601202	1474
252601446	1474
252601573	1474
252601696	1474
252601821	1474
252601944	1474
252602065	1474
252602189	1474
252602325	1474
252602447	1474
252602567	1474
252602690	1474
252602811	1474
252602934	1474
253403866	1474
253403981	1474
253404090	1474
253404200	1474
253404319	1474
253404453	1474
253404576	1474
253404701	1474
253404834	1474
253404960	1474
253405081	1474
253405234	1474
253405469	1474
253405599	1474
253405725	1474
253405848	1474
253405959	1474
253406068	1474
254201792	1474
254201917	1474
254202050	1474
254202172	1474
254202309	1474
254202450	1474
254202660	1474
254202782	1474
254202898	1474
254203030	1474
254203140	1474
254203267	1474
254203413	1474
254203539	1474
254203680	1474
254203822	1474
254203944	1474
254204072	1474
255003509	1474
255003635	1474
255003854	1474
255003987	1474
255004228	1474
255004358	1474
255004515	1474
255004640	1474
255004765	1474
255004890	1474
255005015	1474
255005247	1474
255005378	1474
255005517	1474
255005648	1474
255005771	1474
255005907	1474
255006029	1474
255801619	1474
255801747	1474
255801868	1474
255801989	1474
255802110	1474
255802233	1474
255802355	1474
255802487	1474
255802610	1474
255802732	1474
255802854	1474
255802976	1474
255803097	1474
255803218	1474
255803339	1474
255803459	1474
255803591	1474
255803712	1474
256601322	1474
256601467	1474
256601664	1474
256601797	1474
256601991	1474
256602207	1474
256602379	1474
256602508	1474
256602733	1474
256602856	1474
256602981	1474
256603105	1474
256603230	1474
256603373	1474
256603500	1474
256603644	1474
256603769	1474
256603900	1474
257401248	1474
257401391	1474
257401516	1474
257401689	1474
257401917	1474
257402050	1474
257402185	1474
257402330	1474
257402458	1474
257402609	1474
257402751	1474
257402885	1474
257403010	1474
257403143	1474
257403268	1474
257403394	1474
257403521	1474
257403653	1474
258202654	1474
258202824	1474
258203000	1474
258203249	1474
258203462	1474
258203635	1474
258203798	1474
258203973	1474
258204136	1474
258204298	1474
258204460	1474
258204623	1474
258204805	1474
258204982	1474
258205145	1474
258205352	1474
258205521	1474
258205684	1474
259264765	1474
259265594	1474
259265818	1474
259266252	1474
259266736	1474
259267014	1474
259267185	1474
259267348	1474
259267512	1474
259267694	1474
259267859	1474
259268030	1474
259268193	1474
259268358	1474
259268521	1474
259268683	1474
259268844	1474
259269014	1474
260065358	1474
260066108	1474
260066398	1474
260067125	1474
260067305	1474
260067716	1474
260067865	1474
260068023	1474
260068149	1474
260068295	1474
260068420	1474
260068548	1474
260068676	1474
260068800	1474
260068945	1474
260069097	1474
260069273	1474
260865629	1474
260865949	1474
260866131	1474
260866283	1474
260866410	1474
260866534	1474
260866662	1474
260866788	1474
260866912	1474
260867051	1474
260867193	1474
260867314	1474
260867442	1474
260867756	1474
260868193	1474
260868506	1474
260868640	1474
260869519	1474
261664937	1474
261665533	1474
261665783	1474
261665965	1474
261666827	1474
261666972	1474
261667699	1474
261667955	1474
261668181	1474
261668327	1474
261668466	1474
261668605	1474
261668730	1474
261668856	1474
261668980	1474
261669154	1474
261669345	1474
262464939	1474
262465399	1474
262465672	1474
262466074	1474
262466365	1474
262467165	1474
262467497	1474
262467735	1474
262468013	1474
262468182	1474
262468355	1474
262468519	1474
262468683	1474
262468846	1474
262469008	1474
262469170	1474
262469386	1474
263266334	1474
263266714	1474
263267677	1474
263267871	1474
263268023	1474
263268211	1474
263268364	1474
263268488	1474
263268738	1474
263268867	1474
263268994	1474
263269157	1474
263269293	1474
263269440	1474
263269565	1474
263269694	1474
263269824	1474
263269976	1474
264066129	1474
264067569	1474
264067741	1474
264068003	1474
264068226	1474
264068430	1474
264068594	1474
264068755	1474
264068916	1474
264069077	1474
264069290	1474
264069474	1474
264069637	1474
264069797	1474
264069960	1474
264070122	1474
264070283	1474
264070476	1474
264865235	1474
264865722	1474
264865850	1474
264865993	1474
264866116	1474
264866241	1474
264866366	1474
264866507	1474
264866752	1474
264867498	1474
264867632	1474
264867846	1474
264867972	1474
264868095	1474
264868218	1474
264868340	1474
264868475	1474
265665939	1474
265666421	1474
265667304	1474
265667601	1474
265668528	1474
265668911	1474
265669042	1474
265669244	1474
265669379	1474
265669521	1474
265669654	1474
265669792	1474
265669914	1474
265670035	1474
265670158	1474
265670285	1474
265670407	1474
266469228	1474
266469402	1474
266469580	1474
266469838	1474
266470056	1474
266470290	1474
266470455	1474
266470648	1474
266470814	1474
266470974	1474
266471148	1474
266471307	1474
266471475	1474
266471637	1474
266471798	1474
266471980	1474
266472144	1474
266472304	1474
267265022	1474
267265313	1474
267265791	1474
267266028	1474
267266208	1474
267266813	1474
267266987	1474
267267636	1474
267267918	1474
267268059	1474
267268183	1474
267268309	1474
267268430	1474
267268553	1474
267268685	1474
267268809	1474
267268932	1474
267269083	1474
268065006	1474
268065549	1474
268065682	1474
268065825	1474
268065951	1474
268066087	1474
268066215	1474
268066490	1474
268066814	1474
268067382	1474
268067510	1474
268067635	1474
268067773	1474
268067898	1474
268068023	1474
268068148	1474
268068272	1474
268068412	1474
268601606	1474
268601796	1474
268601924	1474
268602053	1474
268602327	1474
268602460	1474
268602594	1474
268602741	1474
268602883	1474
268603010	1474
268603154	1474
268603278	1474
268603422	1474
269403466	1474
269403634	1474
269403831	1474
269404051	1474
269404259	1474
269404428	1474
269404619	1474
269404822	1474
269404989	1474
269405188	1474
269405432	1474
269406244	1474
269406489	1474
269406660	1474
269406842	1474
269407007	1474
269410348	1474
270202179	1474
270202329	1474
270202481	1474
270202605	1474
270202733	1474
270203096	1474
270203235	1474
270203382	1474
270203512	1474
270203640	1474
270203796	1474
270203928	1474
270204063	1474
270204186	1474
270204311	1474
270204445	1474
270204570	1474
271000055	1474
271000417	1474
271000541	1474
271000666	1474
271000791	1474
271000915	1474
271001173	1474
271001305	1474
271001436	1474
271001560	1474
271001695	1474
271001819	1474
271001954	1474
271002091	1474
271002217	1474
271002368	1474
271002492	1474
271002620	1474
271799640	1474
271799996	1474
271800169	1474
271800949	1474
271801396	1474
271801529	1474
271801670	1474
271801818	1474
271801943	1474
271802075	1474
271802213	1474
271802336	1474
271802506	1474
271802634	1474
271802862	1474
271802989	1474
271803139	1474
271803264	1474
272865411	1474
272865690	1474
272866031	1474
272866276	1474
272866923	1474
272867140	1474
272867393	1474
272867565	1474
272867788	1474
272868030	1474
272868218	1474
272868394	1474
272868556	1474
272868718	1474
272868878	1474
272869039	1474
272869258	1474
272869430	1474
273402625	1474
273402753	1474
273402876	1474
273403003	1474
273403129	1474
273403273	1474
273403446	1474
273403579	1474
273403706	1474
273403832	1474
273403956	1474
273404091	1474
273404227	1474
273404347	1474
273404489	1474
273404616	1474
273404744	1474
274466682	1474
274467243	1474
274467558	1474
274468288	1474
274468486	1474
274468650	1474
274468813	1474
274468976	1474
274469138	1474
274469361	1474
274469548	1474
274469711	1474
274469874	1474
274470036	1474
274470221	1474
274470394	1474
274470558	1474
274470719	1474
275266345	1474
275266591	1474
275266768	1474
275266961	1474
275267189	1474
275267454	1474
275267679	1474
275268198	1474
275268416	1474
275268609	1474
275268772	1474
275268937	1474
275269102	1474
275269328	1474
275269497	1474
275269660	1474
275269825	1474
276065599	1474
276065828	1474
276065995	1474
276066226	1474
276066478	1474
276066653	1474
276066818	1474
276066986	1474
276067148	1474
276067318	1474
276067575	1474
276067796	1474
276067968	1474
276068266	1474
276068528	1474
276068697	1474
276068859	1474
276069028	1474
276866132	1474
276866375	1474
276866552	1474
276866718	1474
276866879	1474
276867039	1474
276867199	1474
276867361	1474
276867543	1474
276867800	1474
276868013	1474
276868210	1474
276868409	1474
276868635	1474
276868797	1474
276868957	1474
276869123	1474
276869335	1474
277673103	1474
277673466	1474
277673778	1474
277673971	1474
277674145	1474
277674311	1474
277674477	1474
277674654	1474
277674819	1474
277674982	1474
277675149	1474
277675317	1474
277675486	1474
277675666	1474
277675830	1474
277675996	1474
277676168	1474
277676331	1474
278465762	1474
278465989	1474
278466158	1474
278466346	1474
278466518	1474
278466700	1474
278466867	1474
278467029	1474
278467198	1474
278467361	1474
278467600	1474
278467839	1474
278468036	1474
278468249	1474
278468475	1474
278468651	1474
278468821	1474
279266986	1474
279267304	1474
279267478	1474
279267758	1474
279267980	1474
279268545	1474
279268768	1474
279268957	1474
279269122	1474
279269337	1474
279269508	1474
279269685	1474
279269855	1474
279270018	1474
279270183	1474
279270347	1474
279270512	1474
279270683	1474
280065585	1474
280065952	1474
280066099	1474
280066275	1474
280066405	1474
280066765	1474
280067200	1474
280067425	1474
280067563	1474
280067689	1474
280067902	1474
280068023	1474
280068148	1474
280068274	1474
280068401	1474
280068532	1474
280068657	1474
280068806	1474
280866144	1474
280866616	1474
280866853	1474
280867841	1474
280868151	1474
280868343	1474
280868511	1474
280868698	1474
280868889	1474
280869053	1474
280869270	1474
280869441	1474
280869605	1474
280869770	1474
280869946	1474
280870109	1474
280870271	1474
280870434	1474
281669642	1474
281669812	1474
281670033	1474
281670269	1474
281670547	1474
281670715	1474
281670890	1474
281671057	1474
281671224	1474
281671386	1474
281671551	1474
281671714	1474
281671885	1474
281672078	1474
281672281	1474
281672500	1474
281673321	1474
281673621	1474
282469880	1474
282470084	1474
282470249	1474
282470414	1474
282470577	1474
282470745	1474
282470907	1474
282471088	1474
282471249	1474
282471414	1474
282471576	1474
282471742	1474
282471904	1474
282472116	1474
282472307	1474
282472566	1474
282472792	1474
282472971	1474
283532838	1474
283533306	1474
283534687	1474
283534921	1474
283535148	1474
283535526	1474
283535743	1474
283535934	1474
283536121	1474
283536283	1474
283536446	1474
283536610	1474
283536771	1474
283536933	1474
283537105	1474
283537318	1474
283537490	1474
283537652	1474
284333272	1474
284333629	1474
284334633	1474
284335052	1474
284335298	1474
284335827	1474
284336143	1474
284336313	1474
284336477	1474
284336640	1474
284336803	1474
284336966	1474
284337141	1474
284337357	1474
284337529	1474
284337691	1474
284337872	1474
284870545	1474
284870730	1474
284870913	1474
284871119	1474
284871362	1474
284871583	1474
284871748	1474
284871911	1474
284872074	1474
284872245	1474
284872454	1474
284872673	1474
284873398	1474
284873574	1474
284873737	1474
284873900	1474
284874063	1474
285933641	1474
285933998	1474
285934190	1474
285934816	1474
285935062	1474
285935280	1474
285935915	1474
285936115	1474
285936289	1474
285936464	1474
285936629	1474
285936792	1474
285936956	1474
285937176	1474
285937357	1474
285937523	1474
285937688	1474
285937852	1474
286733153	1474
286733598	1474
286733771	1474
286734128	1474
286734447	1474
286734732	1474
286735083	1474
286736077	1474
286736320	1474
286736507	1474
286736674	1474
286736837	1474
286737002	1474
286737167	1474
286737459	1474
286737630	1474
286737795	1474
286737959	1474
287533854	1474
287534149	1474
287534412	1474
287534741	1474
287535712	1474
287535969	1474
287536140	1474
287536305	1474
287536673	1474
287536856	1474
287537021	1474
287537261	1474
287537637	1474
287537806	1474
287537971	1474
287538136	1474
287538302	1474
287538473	1474
288332902	1474
288333514	1474
288333744	1474
288334313	1474
288334958	1474
288335216	1474
288335431	1474
288335755	1474
288335921	1474
288336087	1474
288336251	1474
288336416	1474
288336594	1474
288336758	1474
288336922	1474
288337087	1474
288337327	1474
288337648	1474
289133908	1474
289134258	1474
289135524	1474
289136019	1474
289136307	1474
289136857	1474
289137154	1474
289137292	1474
289137405	1474
289137512	1474
289137634	1474
289137739	1474
289137847	1474
289137980	1474
289138101	1474
289138211	1474
289138333	1474
289933393	1474
289933582	1474
289933713	1474
289933834	1474
289933955	1474
289934185	1474
289934334	1474
289934566	1474
289934749	1474
289935038	1474
289935489	1474
289935609	1474
289935745	1474
289935867	1474
289935986	1474
289936106	1474
289936225	1474
289936348	1474
290735927	1474
290736051	1474
290736172	1474
290736292	1474
290736544	1474
290736760	1474
290736887	1474
290737007	1474
290737194	1474
290737315	1474
290737442	1474
290737562	1474
290737682	1474
290737815	1474
290737940	1474
290738060	1474
290743650	1474
291536633	1474
291536754	1474
291536889	1474
291537008	1474
291537127	1474
291537296	1474
291537418	1474
291537538	1474
291537658	1474
291537777	1474
291537913	1474
291538034	1474
291538154	1474
291538273	1474
291538393	1474
291538515	1474
291538634	1474
292335416	1474
292335546	1474
292335665	1474
292335785	1474
292335919	1474
292336041	1474
292336161	1474
292336282	1474
292336403	1474
292336525	1474
292336647	1474
292336773	1474
292336904	1474
292337025	1474
292337202	1474
292337350	1474
292337469	1474
292337589	1474
293135743	1474
293135881	1474
293136075	1474
293136205	1474
293136471	1474
293136603	1474
293136755	1474
293136883	1474
293137078	1474
293137250	1474
293137546	1474
293137694	1474
293137819	1474
293137955	1474
293138097	1474
293138223	1474
293138348	1474
293138475	1474
293937751	1474
293937886	1474
293938021	1474
293938150	1474
293938290	1474
293938416	1474
293938561	1474
293938689	1474
293938818	1474
293938944	1474
293939091	1474
293939218	1474
293939342	1474
293939475	1474
293939634	1474
293939898	1474
293940817	1474
294736230	1474
294736360	1474
294736487	1474
294736608	1474
294736969	1474
294737144	1474
294737279	1474
294737405	1474
294737544	1474
294737678	1474
294737813	1474
294737939	1474
294738078	1474
294738226	1474
294738355	1474
294738485	1474
294738612	1474
295536122	1474
295536248	1474
295536404	1474
295536672	1474
295536935	1474
295537083	1474
295537248	1474
295537485	1474
295537621	1474
295537764	1474
295537887	1474
295538026	1474
295538144	1474
295538276	1474
295538403	1474
295538531	1474
295538658	1474
295538784	1474
296336888	1474
296337014	1474
296337334	1474
296337481	1474
296337632	1474
296337837	1474
296337972	1474
296338094	1474
296338220	1474
296338365	1474
296338491	1474
296338615	1474
296338738	1474
296338855	1474
296338975	1474
296339099	1474
296339225	1474
296339355	1474
297135880	1474
297136616	1474
297136838	1474
297136964	1474
297137158	1474
297137513	1474
297137644	1474
297137769	1474
297137893	1474
297138019	1474
297138159	1474
297138283	1474
297138430	1474
297138555	1474
297138701	1474
297138824	1474
297138953	1474
297935617	1474
297935748	1474
297935871	1474
297936002	1474
297936292	1474
297936471	1474
297936724	1474
297936854	1474
297936982	1474
297937136	1474
297937271	1474
297937400	1474
297937552	1474
297937674	1474
297937813	1474
297937933	1474
297938066	1474
297938189	1474
298734665	1474
298735528	1474
298735795	1474
298735920	1474
298736228	1474
298736361	1474
298736486	1474
298736640	1474
298736764	1474
298736904	1474
298737029	1474
298737298	1474
298737427	1474
298737564	1474
298737713	1474
298737848	1474
298737970	1474
298738092	1474
299536184	1474
299536317	1474
299536447	1474
299536623	1474
299536796	1474
299536950	1474
299537295	1474
299537442	1474
299537592	1474
299537723	1474
299537861	1474
299537997	1474
299538120	1474
299538262	1474
299538395	1474
299538519	1474
299538642	1474
300602645	1474
300602773	1474
300602922	1474
300603081	1474
300603237	1474
300603462	1474
300603601	1474
300603727	1474
300603993	1474
300604127	1474
300604253	1474
300604379	1474
300604503	1474
300604630	1474
300604756	1474
300604888	1474
300605013	1474
300605138	1474
301403953	1474
301404125	1474
301404288	1474
301404454	1474
301404618	1474
301404794	1474
301404958	1474
301405124	1474
301405286	1474
301405506	1474
301405676	1474
301405849	1474
301406014	1474
301406184	1474
301406346	1474
301406536	1474
301406758	1474
301407003	1474
302202314	1474
302202441	1474
302202562	1474
302202682	1474
302202817	1474
302203073	1474
302203202	1474
302203405	1474
302203527	1474
302203664	1474
302203787	1474
302203924	1474
302204046	1474
302204185	1474
302204307	1474
302204478	1474
302204604	1474
302204726	1474
303002273	1474
303002402	1474
303002558	1474
303002687	1474
303002842	1474
303003121	1474
303003293	1474
303003418	1474
303003560	1474
303003683	1474
303003829	1474
303003972	1474
303004097	1474
303004223	1474
303004348	1474
303004489	1474
303004612	1474
303004757	1474
303803427	1474
303803549	1474
303803671	1474
303803790	1474
303803913	1474
303804163	1474
303804290	1474
303804411	1474
303804558	1474
303804680	1474
303804798	1474
303804918	1474
303805037	1474
303805238	1474
303805359	1474
303805479	1474
303805610	1474
303805728	1474
304603176	1474
304603299	1474
304603418	1474
304603536	1474
304603655	1474
304603774	1474
304603892	1474
304604011	1474
304604129	1474
304604260	1474
304604380	1474
304604498	1474
304604617	1474
304604735	1474
304604855	1474
304604974	1474
304605093	1474
304605287	1474
305402924	1474
305403048	1474
305403166	1474
305403325	1474
305403450	1474
305403672	1474
305403801	1474
305403921	1474
305404039	1474
305404159	1474
305404292	1474
305404411	1474
305404532	1474
305404651	1474
305404770	1474
305404889	1474
305405008	1474
306200504	1474
306200754	1474
306200903	1474
306201021	1474
306201274	1474
306201734	1474
306201869	1474
306202058	1474
306202178	1474
306202310	1474
306202431	1474
306202552	1474
306202670	1474
306202789	1474
306202909	1474
306203027	1474
306203146	1474
307002891	1474
307003019	1474
307003139	1474
307003445	1474
307003596	1474
307003818	1474
307003945	1474
307004068	1474
307004186	1474
307004306	1474
307004441	1474
307004559	1474
307004678	1474
307004798	1474
307004916	1474
307005037	1474
307005199	1474
307005324	1474
307803564	1474
307803693	1474
307803816	1474
307803937	1474
307804087	1474
307804212	1474
307804339	1474
307804466	1474
307804590	1474
307804714	1474
307804837	1474
307804961	1474
307805097	1474
307805301	1474
307805425	1474
307805563	1474
307805688	1474
307805811	1474
308603130	1474
308603257	1474
308603396	1474
308603569	1474
308603724	1474
308604002	1474
308604130	1474
308604252	1474
308604384	1474
308604506	1474
308604642	1474
308604767	1474
308604893	1474
308605015	1474
308605185	1474
308605326	1474
308605454	1474
308605593	1474
309400551	1474
309400738	1474
309400955	1474
309401402	1474
309402182	1474
309402383	1474
309402593	1474
309402848	1474
309403036	1474
309403207	1474
309403372	1474
309403548	1474
309403714	1474
309403881	1474
309404046	1474
309404211	1474
309404375	1474
310202843	1474
310202974	1474
310203097	1474
310203223	1474
310203438	1474
310203567	1474
310203700	1474
310203826	1474
310203955	1474
310204100	1474
310204224	1474
310204351	1474
310204474	1474
310204604	1474
310204742	1474
310204886	1474
310205011	1474
310205176	1474
311267553	1474
311267920	1474
311268062	1474
311268210	1474
311268333	1474
311268471	1474
311268650	1474
311268774	1474
311268924	1474
311269049	1474
311269241	1474
311269376	1474
311269518	1474
311269643	1474
311269774	1474
311269932	1474
311270056	1474
311270194	1474
312070780	1474
312070914	1474
312071050	1474
312071172	1474
312071308	1474
312071434	1474
312071560	1474
312071706	1474
312071849	1474
312071978	1474
312072106	1474
312072228	1474
312072366	1474
312072504	1474
312072626	1474
312072749	1474
312072887	1474
312073012	1474
312867360	1474
312867756	1474
312867914	1474
312868242	1474
312868550	1474
312868681	1474
312868804	1474
312869041	1474
312869248	1474
312869392	1474
312869531	1474
312869667	1474
312869801	1474
312869940	1474
312870081	1474
312870204	1474
312870329	1474
312870454	1474
313672683	1474
313672812	1474
313672947	1474
313673073	1474
313673379	1474
313673512	1474
313673641	1474
313673767	1474
313673891	1474
313674034	1474
313674159	1474
313674282	1474
313674407	1474
313674549	1474
313674672	1474
313674798	1474
313674937	1474
313675063	1474
314470933	1474
314471075	1474
314471200	1474
314471343	1474
314471467	1474
314471613	1474
314471738	1474
314471861	1474
314471986	1474
314472116	1474
314472242	1474
314472364	1474
314472488	1474
314472609	1474
314472729	1474
314472852	1474
314472973	1474
315270262	1474
315270429	1474
315270592	1474
315270754	1474
315270918	1474
315271076	1474
315271253	1474
315271413	1474
315271578	1474
315271738	1474
315271900	1474
315272060	1474
315272233	1474
315272396	1474
315272558	1474
315272717	1474
