14660969	58
14671330	54
14866261	285
14887002	1474
14887160	1474
14887478	1474
14900372	1474
14900594	1474
14901090	1474
14901490	1474
14901846	1474
14902098	1474
14916534	306
15047089	1474
15047319	82
15080124	1474
15080261	1474
15080488	1474
15080643	1474
15081027	1474
15081280	1474
15081553	222
15081779	1474
15081962	1474
15082299	1474
15082520	1474
15082733	1474
15082979	1474
15083127	222
15083325	1474
15083487	1474
15083792	1022
15251189	1474
15270384	1474
15270707	1474
15271020	1474
15271973	1474
15272142	1474
15272396	1474
15272571	1474
15273039	1474
15273429	1474
15287925	1474
16364472	1474
16380408	1474
16380716	1474
16402360	1474
16402909	1474
16403246	1474
16403510	1474
16444331	1474
16444577	1474
16448736	1474
16449123	1474
16449460	1474
16449686	1474
16449969	1474
16450360	1474
16484781	1474
16485212	1474
16485446	1474
16485762	1474
16485995	1474
16486239	1474
16486611	1474
16486835	1474
16512926	1474
16513084	1474
16513444	1474
16535443	1474
16535801	1474
16536064	1474
16536294	1474
16536524	1474
16556853	1474
16557006	1474
16557222	1474
16557652	1474
16557882	1474
16579514	1474
16579703	1474
16580031	1474
16580190	1474
16580608	1474
16582090	1474
16600725	1474
16602283	1474
16602589	1474
16607271	1474
16607570	1474
16607795	1474
16622592	1474
16622923	1474
16623510	1474
16623895	1474
16627449	1474
16627585	1474
16640890	1474
16641452	1474
16641677	1474
16641906	1474
16642348	1474
16642573	1474
16642871	1474
16657987	1474
16658147	1474
16658425	1474
16658723	1474
16658950	1474
16659399	1474
16660067	1474
16660294	1474
16675221	1474
16675347	1474
16675481	1474
16675636	1474
16675868	1474
16676174	1474
16678436	1474
16678592	1474
16678839	1474
16688511	1474
16688800	1474
16689118	1474
16689403	1474
16689928	1474
16690081	1474
16691549	1474
16691785	1474
16697047	1474
16697333	1474
16697465	1474
16697591	1474
16697845	1474
16698154	1474
16698692	1474
16699007	1474
16699142	1474
16702906	1474
16703192	1474
16703349	1474
16703579	1474
16704072	1474
16705805	1474
16705938	1474
16706109	614
16741731	1474
16741888	1474
16742283	110
16742583	1474
16742766	1474
16743071	1474
16743245	1474
16743516	1474
16743840	1474
16744200	1474
16744682	1474
16744994	1474
16746105	1474
16746269	1474
16746597	1474
16746759	1474
16747266	1474
16747488	1474
16748951	1474
16749349	1474
16757470	1474
16757743	1474
16757889	1474
16758037	1474
16758193	1474
16758649	670
16951153	1474
16951287	1474
16951400	1474
16951515	1474
16951624	1474
16951742	1474
16951852	1474
16951993	1474
16952106	1474
16952219	1474
16952328	1474
17006044	1474
17006167	1474
17006435	1474
17006553	1474
17006688	1474
17006800	1474
17006928	1474
17007050	1474
17007160	1474
17007275	1474
17007385	1474
17061692	1474
17061802	1474
17061906	1474
17062048	1474
17062160	1474
17062284	1474
17062390	1474
17062495	1474
17062598	894
17115761	1474
17116320	1474
17116601	1474
17118441	1474
17118883	1474
17119022	1474
17119148	1474
17119295	1474
17119419	1474
17119628	1474
17119756	1474
17119900	1474
17134318	1474
17134668	1474
17135093	1474
17166741	1474
17166877	1474
17167434	1474
17167631	1474
17167754	1474
17167875	1474
17168003	1474
17168125	1474
17168245	1474
17168365	1474
17168483	1474
17168601	1474
17206876	1474
17207213	1474
17207332	1474
17207452	1474
17207570	1474
17207691	1474
17207807	1474
17207926	1006
17283217	1474
17283464	1474
17283590	1474
17283710	1474
17283832	1474
17283953	1474
17284088	1474
17284209	250
17284739	1474
17284878	1474
17928834	1474
17929082	1474
17929524	1474
17929795	1474
17930137	1474
17930267	1474
17930390	1474
17930511	1474
17930632	1474
17930753	1474
17930874	1474
17930996	1474
17938121	1474
17970846	1474
17971077	1474
17971198	1474
17971318	1474
18721467	1474
18721592	1474
18721711	1474
18721832	1474
18721957	1474
18722199	1474
18722328	1474
18722450	1474
18722571	1474
18722779	1474
18722903	1474
18723024	1474
18723162	1474
18763266	1474
18763506	1474
18763628	1474
18763897	1474
18764026	1474
18764164	1474
18764289	1474
18764408	1474
19533834	1474
19534002	1474
19534139	1474
19534386	1474
19534634	1474
19534858	1474
19534985	1474
19535104	1474
19535257	1474
19535380	1474
19535500	1474
19535617	1474
19552750	1474
19553005	1474
19590659	1474
20320795	1474
20321083	1474
20321255	1474
20321378	1474
20321510	1474
20321634	1474
20321760	1474
20321901	1474
20322023	1474
20322144	1474
20322275	1474
20322418	1474
20322541	1474
20363090	1474
20363403	1474
20363575	1474
21119326	1474
21119595	1474
21119714	1474
21119827	1474
21119952	1474
21120083	1474
21120195	1474
21120317	1474
21120433	1474
21120557	1474
21120685	1474
21120798	1474
21120916	1474
21159062	1474
21159331	1474
21159475	1474
21159706	1474
21159848	1474
21159976	1474
21160101	1474
21160223	1474
21919682	1474
21920213	1474
21920655	1474
21921078	1474
21921451	1474
21921697	1474
21921870	1474
21922036	1474
21922204	1474
21922485	1474
21922710	1474
21923012	1474
21923186	1474
21924433	1474
21959452	1474
22718921	1474
22719138	1474
22719315	1474
22719517	1474
22719752	1474
22719928	1474
22720114	1474
22720313	1474
22720508	1474
22720677	1474
22720842	1474
22721012	1474
22721221	1474
22721408	1474
22759330	1474
22759511	1474
22759680	1474
23519040	1474
23519495	1474
23519705	1474
23519930	1474
23520238	1474
23520492	1474
23520664	1474
23520826	1474
23520992	1474
23521204	1474
23521390	1474
23521555	1474
23521720	1474
23521884	1474
23561431	1474
23561822	1474
23561955	1474
24319221	1474
24319479	1474
24319687	1474
24319885	1474
24320127	1474
24320382	1474
24320565	1474
24320753	1474
24320969	1474
24321135	1474
24321363	1474
24321533	1474
24321698	1474
24321865	1474
24322031	1474
24359739	1474
24359889	1474
24360034	1474
25119459	1474
25119683	1474
25119872	1474
25120038	1474
25120295	1474
25120526	1474
25120891	1474
25121087	1474
25121435	1474
25121609	1474
25121772	1474
25121937	1474
25122102	1474
25122269	1474
25122444	1474
25159376	1474
25159574	1474
25919187	1474
25919424	1474
25919666	1474
25919925	1474
25920154	1474
25920329	1474
25920523	1474
25920718	1474
25920943	1474
25921109	1474
25921346	1474
25921529	1474
25921693	1474
25921859	1474
25922027	1474
25959524	1474
25959709	1474
26719618	1474
26719862	1474
26720029	1474
26720226	1474
26720448	1474
26720632	1474
26720833	1474
26720998	1474
26721212	1474
26721380	1474
26721550	1474
26721713	1474
26721876	1474
26722041	1474
26722204	1474
26759510	1474
26759688	1474
27520857	1474
27521087	1474
27521328	1474
27521499	1474
27521661	1474
27521839	1474
27522002	1474
27522163	1474
27522325	1474
27522487	1474
27522648	1474
27522851	1474
27523014	1474
27523176	1474
27566889	1474
27567119	1474
28319225	1474
28319449	1474
28319616	1474
28319786	1474
28319952	1474
28320118	1474
28320279	1474
28320442	1474
28320604	1474
28320776	1474
28320938	1474
28321141	1474
28321363	1474
28321528	1474
28321690	1474
28359267	1474
28359449	1474
29119054	1474
29119283	1474
29119448	1474
29119608	1474
29119769	1474
29119942	1474
29120105	1474
29120266	1474
29120430	1474
29120591	1474
29120752	1474
29120926	1474
29121089	1474
29121299	1474
29121466	1474
29159287	1474
29159480	1474
29159643	1474
29919083	1474
29919359	1474
29919548	1474
29919815	1474
29920013	1474
29920179	1474
29920343	1474
29920506	1474
29920671	1474
29920840	1474
29921005	1474
29921218	1474
29921388	1474
29921553	1474
29921714	1474
29959473	1474
29959652	1474
29959818	1474
30718968	1474
30719225	1474
30719457	1474
30719694	1474
30719922	1474
30720185	1474
30720380	1474
30720577	1474
30720744	1474
30720918	1474
30721084	1474
30721299	1474
30721469	1474
30721633	1474
30721814	1474
30721996	1474
30759588	1474
30759782	1474
31520891	1474
31521286	1474
31521462	1474
31521662	1474
31521897	1474
31522171	1474
31522368	1474
31522573	1474
31522738	1474
31522931	1474
31523099	1474
31523265	1474
31523428	1474
31523613	1474
31523780	1474
31523954	1474
31563083	1474
31563286	1474
32318598	1474
32318977	1474
32319105	1474
32319223	1474
32319345	1474
32319484	1474
32319624	1474
32319748	1474
32319945	1474
32320073	1474
32320197	1474
32320314	1474
32320438	1474
32320588	1474
32320713	1474
32359085	1474
32359374	1474
32359510	1474
33121355	1474
33121661	1474
33121788	1474
33121927	1474
33122050	1474
33122176	1474
33122369	1474
33122738	1474
33122892	1474
33123013	1474
33123132	1474
33123261	1474
33123386	1474
33123510	1474
33123632	1474
33123754	1474
33123885	1474
33167069	1474
34187882	1474
34188128	1474
34188251	1474
34188372	1474
34188498	1474
34188638	1474
34188761	1474
34188885	1474
34189025	1474
34189248	1474
34189373	1474
34189495	1474
34189631	1474
34189751	1474
34189883	1474
34190019	1474
34228032	1474
34228173	1474
34985651	1474
34985827	1474
34986284	1474
34986401	1474
34986625	1474
34986754	1474
34986876	1474
34986997	1474
34987245	1474
34987370	1474
34987492	1474
34987616	1474
34987734	1474
34987853	1474
34987970	1474
34988094	1474
34988225	1474
35029061	1474
35789350	1474
35789528	1474
35789695	1474
35789818	1474
35789943	1474
35790064	1474
35790203	1474
35790326	1474
35790449	1474
35790569	1474
35790689	1474
35790813	1474
35790936	1474
35791059	1474
35791192	1474
35791315	1474
35830968	1474
35831157	1474
36587864	1474
36588038	1474
36588259	1474
36588388	1474
36588509	1474
36588631	1474
36588856	1474
36588986	1474
36589180	1474
36589400	1474
36589525	1474
36589645	1474
36589763	1474
36589882	1474
36590002	1474
36590144	1474
36590269	1474
37385505	1474
37385753	1474
37385926	1474
37386116	1474
37386351	1474
37386560	1474
37386742	1474
37386932	1474
37387132	1474
37387306	1474
37387468	1474
37387630	1474
37387793	1474
37387954	1474
37388118	1474
37388293	1474
37388456	1474
38186681	1474
38186911	1474
38187131	1474
38187307	1474
38187468	1474
38187630	1474
38187791	1474
38187952	1474
38188114	1474
38188289	1474
38188450	1474
38188611	1474
38188772	1474
38188933	1474
38189095	1474
38189324	1474
38231923	1474
38232153	1474
38986916	1474
38987163	1474
38987316	1474
38987490	1474
38987642	1474
38987791	1474
38987938	1474
38988088	1474
38988250	1474
38988398	1474
38988550	1474
38988697	1474
38988845	1474
38988992	1474
38989138	1474
38989346	1474
39027249	1474
39027437	1474
39786880	1474
39787101	1474
39787323	1474
39787492	1474
39787657	1474
39787827	1474
39787991	1474
39788157	1474
39788332	1474
39788500	1474
39788666	1474
39788832	1474
39789007	1474
39789225	1474
39789407	1474
39789572	1474
39789735	1474
40585378	1474
40585591	1474
40585760	1474
40586013	1474
40586231	1474
40586451	1474
40586634	1474
40586822	1474
40587109	1474
40587283	1474
40587446	1474
40587606	1474
40587768	1474
40587929	1474
40588090	1474
40588262	1474
40588426	1474
40588587	1474
41385486	1474
41385882	1474
41386120	1474
41386348	1474
41386701	1474
41386868	1474
41387031	1474
41387191	1474
41387359	1474
41387521	1474
41387707	1474
41387867	1474
41388027	1474
41388186	1474
41388376	1474
41388541	1474
41388702	1474
42185826	1474
42186065	1474
42186405	1474
42186645	1474
42186903	1474
42187069	1474
42187233	1474
42187407	1474
42187572	1474
42187735	1474
42187896	1474
42188061	1474
42188223	1474
42188393	1474
42188558	1474
42188721	1474
42188884	1474
42986053	1474
42986307	1474
42986559	1474
42986821	1474
42987078	1474
42987243	1474
42987407	1474
42987582	1474
42987747	1474
42987909	1474
42988072	1474
42988235	1474
42988398	1474
42988572	1474
42988737	1474
42988898	1474
42989061	1474
43786018	1474
43786428	1474
43786647	1474
43786903	1474
43787125	1474
43787391	1474
43787596	1474
43787790	1474
43788025	1474
43788189	1474
43788356	1474
43788528	1474
43788698	1474
43788863	1474
43789029	1474
43789242	1474
43789423	1474
43789606	1474
44587467	1474
44587758	1474
44587978	1474
44588149	1474
44588316	1474
44588483	1474
44588660	1474
44588825	1474
44588989	1474
44589156	1474
44589367	1474
44589554	1474
44589724	1474
44589891	1474
44590074	1474
44590245	1474
44590410	1474
44629594	1474
45388812	1474
45389238	1474
45389492	1474
45389731	1474
45389939	1474
45390102	1474
45390263	1474
45390425	1474
45390597	1474
45390759	1474
45390920	1474
45391082	1474
45391242	1474
45391424	1474
45391597	1474
45391761	1474
45391923	1474
46185868	1474
46186153	1474
46186296	1474
46186440	1474
46186564	1474
46186780	1474
46186906	1474
46187032	1474
46187158	1474
46187285	1474
46187408	1474
46187547	1474
46187686	1474
46187812	1474
46187936	1474
46188062	1474
46188188	1474
46985869	1474
46986668	1474
46986915	1474
46987223	1474
46987389	1474
46987549	1474
46987719	1474
46987880	1474
46988062	1474
46988227	1474
46988387	1474
46988547	1474
46988714	1474
46988875	1474
46989035	1474
46989244	1474
46989417	1474
47788142	1474
47788447	1474
47788586	1474
47788706	1474
47788841	1474
47788960	1474
47789081	1474
47789248	1474
47789372	1474
47789491	1474
47789611	1474
47789740	1474
47789862	1474
47789982	1474
47790101	1474
47790221	1474
47790342	1474
47827318	1474
48586999	1474
48587281	1474
48587407	1474
48587530	1474
48587654	1474
48587772	1474
48587904	1474
48588025	1474
48588146	1474
48588265	1474
48588385	1474
48588504	1474
48588626	1474
48588747	1474
48588880	1474
48589001	1474
48589148	1474
48589340	1474
49385941	1474
49386265	1474
49386433	1474
49386559	1474
49386698	1474
49386836	1474
49387062	1474
49387195	1474
49387342	1474
49387466	1474
49387607	1474
49387749	1474
49387887	1474
49388035	1474
49388178	1474
49388301	1474
49388450	1474
49388593	1474
50187783	1474
50188023	1474
50188154	1474
50188289	1474
50188406	1474
50188543	1474
50188833	1474
50188977	1474
50189158	1474
50189288	1474
50189424	1474
50189554	1474
50189690	1474
50189824	1474
50189964	1474
50190085	1474
50190209	1474
50190339	1474
51253121	1474
51253346	1474
51253585	1474
51253711	1474
51253827	1474
51253958	1474
51254085	1474
51254221	1474
51254351	1474
51254473	1474
51254612	1474
51254750	1474
51254872	1474
51255010	1474
51255130	1474
51255249	1474
51255379	1474
51255511	1474
51787060	1474
51787294	1474
51787465	1474
51787608	1474
51787729	1474
51787865	1474
51787989	1474
51788113	1474
51788237	1474
51788360	1474
51788497	1474
51788634	1474
51788761	1474
51788885	1474
51789023	1474
51789220	1474
51789348	1474
52585877	1474
52586109	1474
52586232	1474
52586350	1474
52586468	1474
52586592	1474
52586712	1474
52586830	1474
52586949	1474
52587083	1474
52587203	1474
52587322	1474
52587440	1474
52587558	1474
52587676	1474
52587796	1474
52587914	1474
53652274	1474
53652441	1474
53652646	1474
53652767	1474
53652888	1474
53653008	1474
53653203	1474
53653334	1474
53653454	1474
53653572	1474
53653691	1474
53653809	1474
53653927	1474
53654046	1474
53654189	1474
53654312	1474
53654430	1474
53654552	1474
54186144	1474
54186370	1474
54186490	1474
54186605	1474
54186725	1474
54186844	1474
54186959	1474
54187076	1474
54187211	1474
54187328	1474
54187447	1474
54187564	1474
54187681	1474
54187798	1474
54187916	1474
54188034	1474
54987395	1474
54987568	1474
54987786	1474
54987908	1474
54988028	1474
54988271	1474
54988400	1474
54988517	1474
54988635	1474
54988754	1474
54988873	1474
54988993	1474
54989212	1474
54989335	1474
54989462	1474
54989582	1474
54989704	1474
54989825	1474
55785905	1474
55786130	1474
55786487	1474
55786626	1474
55786858	1474
55786987	1474
55787112	1474
55787248	1474
55787372	1474
55787492	1474
55787612	1474
55787734	1474
55787856	1474
55787979	1474
55788099	1474
55788234	1474
55788355	1474
56587666	1474
56587828	1474
56587952	1474
56588073	1474
56588238	1474
56588388	1474
56588660	1474
56588798	1474
56588931	1474
56589058	1474
56589202	1474
56589395	1474
56589534	1474
56589668	1474
56589794	1474
56589919	1474
56590052	1474
57386005	1474
57386167	1474
57386409	1474
57386537	1474
57386666	1474
57386954	1474
57387087	1474
57387228	1474
57387366	1474
57387511	1474
57387637	1474
57387774	1474
57387898	1474
57388025	1474
57388162	1474
57388285	1474
57388424	1474
58186635	1474
58186904	1474
58187032	1474
58187183	1474
58187339	1474
58187475	1474
58187597	1474
58187720	1474
58187861	1474
58187982	1474
58188103	1474
58188226	1474
58188378	1474
58188503	1474
58188629	1474
58188773	1474
58188898	1474
58189043	1474
58986049	1474
58986422	1474
58988588	1474
58988753	1474
58988880	1474
58989160	1474
58989348	1474
58989482	1474
58989610	1474
58989732	1474
58989855	1474
58990115	1474
58990365	1474
58990489	1474
58990609	1474
58990876	1474
58991004	1474
59788566	1474
59788829	1474
59788958	1474
59789188	1474
59789325	1474
59789553	1474
59789685	1474
59789838	1474
59789962	1474
59790103	1474
59790227	1474
59790350	1474
59790478	1474
59790610	1474
59790733	1474
59790872	1474
59791017	1474
60585758	1474
60586032	1474
60586159	1474
60586281	1474
60586409	1474
60586540	1474
60586673	1474
60586796	1474
60586918	1474
60587040	1474
60587171	1474
60587294	1474
60587415	1474
60587546	1474
60587673	1474
60587796	1474
60587925	1474
60588048	1474
61386945	1474
61387334	1474
61387616	1474
61387944	1474
61388164	1474
61388342	1474
61388470	1474
61388679	1474
61388825	1474
61388947	1474
61389144	1474
61389268	1474
61389393	1474
61389514	1474
61389653	1474
61389776	1474
61389914	1474
62186254	1474
62186548	1474
62186697	1474
62186818	1474
62186937	1474
62187064	1474
62187204	1474
62187327	1474
62187466	1474
62187602	1474
62187727	1474
62187851	1474
62187975	1474
62188110	1474
62188234	1474
62188355	1474
62986116	1474
62986283	1474
62986420	1474
62986542	1474
62986683	1474
62986819	1474
62986942	1474
62987080	1474
62987203	1474
62987327	1474
62987451	1474
62987575	1474
62987726	1474
62987865	1474
62987988	1474
62988110	1474
63785753	1474
63785919	1474
63786056	1474
63786199	1474
63786318	1474
63786438	1474
63786697	1474
63786829	1474
63786973	1474
63787116	1474
63787256	1474
63787379	1474
63787513	1474
63787663	1474
63787789	1474
63787914	1474
63788060	1474
63788185	1474
64589401	1474
64589793	1474
64589916	1474
64590040	1474
64590168	1474
64590293	1474
64590417	1474
64590545	1474
64590670	1474
64590847	1474
64590971	1474
64591114	1474
64591244	1474
64591366	1474
64591507	1474
64591648	1474
64591786	1474
65385960	1474
65386260	1474
65386393	1474
65386518	1474
65386656	1474
65386788	1474
65386929	1474
65387068	1474
65387214	1474
65387338	1474
65387476	1474
65387598	1474
65387728	1474
65387864	1474
65387988	1474
65388126	1474
65388250	1474
66186028	1474
66186372	1474
66186497	1474
66186622	1474
66186761	1474
66186901	1474
66187043	1474
66187169	1474
66187291	1474
66187415	1474
66187558	1474
66187681	1474
66187809	1474
66187950	1474
66188074	1474
66188241	1474
66188366	1474
66986299	1474
66986598	1474
66986731	1474
66986872	1474
66987017	1474
66987302	1474
66987432	1474
66987571	1474
66987707	1474
66987851	1474
66987978	1474
66988100	1474
66988239	1474
66988364	1474
66988485	1474
66988607	1474
66988743	1474
66988879	1474
67789212	1474
67789469	1474
67789577	1474
67789850	1474
67790046	1474
67790172	1474
67790293	1474
67790437	1474
67790559	1474
67790684	1474
67790805	1474
67790955	1474
67791078	1474
67791200	1474
67791321	1474
67791454	1474
67791580	1474
68585792	1474
68586134	1474
68586254	1474
68586376	1474
68586498	1474
68586637	1474
68586757	1474
68586887	1474
68587030	1474
68587153	1474
68587279	1474
68587419	1474
68587546	1474
68587668	1474
68587792	1474
68587917	1474
68588055	1474
68588180	1474
69388383	1474
69388731	1474
69388859	1474
69388985	1474
69389186	1474
69389323	1474
69389467	1474
69389589	1474
69389729	1474
69389850	1474
69389988	1474
69390125	1474
69390249	1474
69390386	1474
69390508	1474
69390646	1474
69390790	1474
69390915	1474
70186041	1474
70186355	1474
70186491	1474
70186631	1474
70186756	1474
70186883	1474
70187016	1474
70187154	1474
70187291	1474
70187437	1474
70187562	1474
70187690	1474
70187811	1474
70187945	1474
70188076	1474
70188224	1474
70188349	1474
70988882	1474
70989061	1474
70989249	1474
70989399	1474
70989524	1474
70989671	1474
70989796	1474
70989917	1474
70990054	1474
70990190	1474
70990311	1474
70990458	1474
70990582	1474
70990727	1474
70990850	1474
70990984	1474
70991108	1474
70991247	1474
71785992	1474
71786342	1474
71786477	1474
71786604	1474
71786728	1474
71786862	1474
71786984	1474
71787108	1474
71787247	1474
71787371	1474
71787495	1474
71787619	1474
71787741	1474
71787864	1474
71787987	1474
71788112	1474
71788260	1474
72586455	1474
72586813	1474
72586960	1474
72587098	1474
72587233	1474
72587362	1474
72587488	1474
72587612	1474
72587751	1474
72587874	1474
72588000	1474
72588126	1474
72588371	1474
72588521	1474
72588651	1474
72588780	1474
72588907	1474
72589034	1474
73385727	1474
73385996	1474
73386192	1474
73386433	1474
73386601	1474
73386769	1474
73386933	1474
73387098	1474
73387275	1474
73387443	1474
73387607	1474
73387774	1474
73387939	1474
73388106	1474
73388298	1474
73388468	1474
73388631	1474
73388796	1474
74454949	1474
74455263	1474
74455400	1474
74455520	1474
74455635	1474
74455752	1474
74455872	1474
74455990	1474
74456110	1474
74456229	1474
74456354	1474
74456475	1474
74456594	1474
74456715	1474
74456836	1474
74456955	1474
74457074	1474
74457241	1474
75252993	1474
75253302	1474
75253432	1474
75253552	1474
75253672	1474
75253791	1474
75253910	1474
75254029	1474
75254146	1474
75254267	1474
75254396	1474
75254515	1474
75254635	1474
75254753	1474
75254874	1474
75254993	1474
75255112	1474
75255232	1474
76055522	1474
76055807	1474
76055934	1474
76056058	1474
76056182	1474
76056301	1474
76056540	1474
76056670	1474
76056796	1474
76056918	1474
76057043	1474
76057202	1474
76057351	1474
76057481	1474
76057607	1474
76057728	1474
76057847	1474
76057970	1474
76852505	1474
76852787	1474
76852911	1474
76853055	1474
76853243	1474
76853369	1474
76853498	1474
76853626	1474
76853747	1474
76853865	1474
76853986	1474
76854108	1474
76854227	1474
76854350	1474
76854478	1474
76854607	1474
76854728	1474
76854850	1474
77654290	1474
77654557	1474
77654697	1474
77654819	1474
77654941	1474
77655061	1474
77655182	1474
77655302	1474
77655424	1474
77655544	1474
77655678	1474
77655800	1474
77655920	1474
77656043	1474
77656166	1474
77656290	1474
77656415	1474
77656538	1474
78455216	1474
78455496	1474
78455614	1474
78455754	1474
78455876	1474
78455997	1474
78456118	1474
78456240	1474
78456362	1474
78456484	1474
78456604	1474
78456740	1474
78456860	1474
78456980	1474
78457165	1474
78457291	1474
78457411	1474
79252981	1474
79253266	1474
79253387	1474
79253508	1474
79253630	1474
79253760	1474
79253880	1474
79254000	1474
79254119	1474
79254239	1474
79254357	1474
79254479	1474
79254600	1474
79254728	1474
79254850	1474
79254970	1474
79255089	1474
80052635	1474
80052882	1474
80052993	1474
80053128	1474
80053280	1474
80053388	1474
80053497	1474
80053604	1474
80053716	1474
80053824	1474
80053933	1474
80054041	1474
80054150	1474
80054255	1474
80054363	1474
80054472	1474
80054578	1474
80852666	1474
80852949	1474
80853114	1474
80853282	1474
80853401	1474
80853520	1474
80853636	1474
80853763	1474
80853882	1474
80854002	1474
80854119	1474
80854236	1474
80854355	1474
80854473	1474
80854592	1474
80854708	1474
80854840	1474
80854955	1474
81655402	1474
81655719	1474
81655867	1474
81655990	1474
81656109	1474
81656229	1474
81656352	1474
81656475	1474
81656599	1474
81656721	1474
81656850	1474
81656974	1474
81657156	1474
81657282	1474
81657403	1474
81657523	1474
81657642	1474
82454816	1474
82455135	1474
82455255	1474
82455376	1474
82455493	1474
82455601	1474
82455709	1474
82455815	1474
82455933	1474
82456042	1474
82456148	1474
82456254	1474
82456362	1474
82456469	1474
82456577	1474
82456684	1474
83253165	1474
83253444	1474
83253563	1474
83253681	1474
83253804	1474
83253950	1474
83254072	1474
83254194	1474
83254317	1474
83254437	1474
83254559	1474
83254681	1474
83254803	1474
83254928	1474
83255050	1474
83255172	1474
83255294	1474
84053670	1474
84054985	1474
84055147	1474
84055290	1474
84055415	1474
84055549	1474
84055674	1474
84055808	1474
84055933	1474
84056095	1474
84056218	1474
84056359	1474
84056481	1474
84056607	1474
84056729	1474
84056868	1474
84056991	1474
84852878	1474
84853202	1474
84853328	1474
84853446	1474
84853576	1474
84853829	1474
84853961	1474
84854114	1474
84854237	1474
84854359	1474
84854480	1474
84854600	1474
84854722	1474
84854843	1474
84854964	1474
84855098	1474
84855220	1474
84855341	1474
85385932	1474
85386176	1474
85386300	1474
85386419	1474
85386542	1474
85386662	1474
85386781	1474
85386901	1474
85387022	1474
85387157	1474
85387276	1474
85387398	1474
85387515	1474
85387635	1474
85387755	1474
85387874	1474
86186947	1474
86187266	1474
86187394	1474
86187552	1474
86187688	1474
86187836	1474
86188066	1474
86188220	1474
86188344	1474
86188738	1474
86189022	1474
86189246	1474
86189375	1474
86189502	1474
86189628	1474
86189750	1474
86189872	1474
86986065	1474
86986206	1474
86986388	1474
86986527	1474
86986656	1474
86986977	1474
86987107	1474
86987261	1474
86987385	1474
86987506	1474
86987628	1474
86987754	1474
86987899	1474
86988019	1474
86988139	1474
86988299	1474
86988420	1474
88055669	1474
88055857	1474
88055982	1474
88056107	1474
88056230	1474
88056395	1474
88056518	1474
88056655	1474
88056777	1474
88056898	1474
88057075	1474
88057241	1474
88057381	1474
88057526	1474
88057650	1474
88057792	1474
88057915	1474
88058046	1474
88854780	1474
88854983	1474
88855108	1474
88855242	1474
88855381	1474
88855505	1474
88855640	1474
88855761	1474
88855894	1474
88856013	1474
88856147	1474
88856267	1474
88856422	1474
88856546	1474
88856679	1474
88856802	1474
88856925	1474
88857113	1474
89653007	1474
89653325	1474
89653466	1474
89653608	1474
89653731	1474
89653871	1474
89653991	1474
89654130	1474
89654249	1474
89654372	1474
89654495	1474
89654628	1474
89654747	1474
89654887	1474
89655008	1474
89655152	1474
89655274	1474
89655408	1474
90452916	1474
90453241	1474
90453369	1474
90453507	1474
90453629	1474
90453766	1474
90453885	1474
90454013	1474
90454132	1474
90454263	1474
90454385	1474
90454519	1474
90454647	1474
90454770	1474
90454906	1474
90455027	1474
90455150	1474
90455272	1474
91253065	1474
91253300	1474
91253428	1474
91253580	1474
91253701	1474
91253835	1474
91253982	1474
91254103	1474
91254260	1474
91254386	1474
91254523	1474
91254647	1474
91254768	1474
91254889	1474
91255031	1474
91255154	1474
91255294	1474
92052867	1474
92053160	1474
92053291	1474
92053415	1474
92053568	1474
92053697	1474
92053824	1474
92053950	1474
92054124	1474
92054249	1474
92054413	1474
92054543	1474
92054666	1474
92054808	1474
92054932	1474
92055059	1474
92055195	1474
92852841	1474
92853026	1474
92853185	1474
92853310	1474
92853430	1474
92853558	1474
92853678	1474
92853799	1474
92853919	1474
92854038	1474
92854158	1474
92854279	1474
92854397	1474
92854517	1474
92854650	1474
92854771	1474
92854891	1474
92855010	1474
93652724	1474
93652953	1474
93653146	1474
93653271	1474
93653396	1474
93653516	1474
93653647	1474
93653770	1474
93653891	1474
93654012	1474
93654134	1474
93654254	1474
93654375	1474
93654494	1474
93654623	1474
93654747	1474
93654868	1474
94452621	1474
94452893	1474
94453041	1474
94453211	1474
94453335	1474
94453459	1474
94453711	1474
94453841	1474
94453965	1474
94454087	1474
94454208	1474
94454330	1474
94454450	1474
94454569	1474
94454698	1474
94454819	1474
94454939	1474
94455059	1474
95255030	1474
95255264	1474
95255386	1474
95255508	1474
95255631	1474
95255764	1474
95255883	1474
95256005	1474
95256125	1474
95256246	1474
95256366	1474
95256486	1474
95256605	1474
95256730	1474
95256851	1474
95256971	1474
95257180	1474
96055122	1474
96055407	1474
96055533	1474
96055654	1474
96055791	1474
96055914	1474
96056035	1474
96056156	1474
96056276	1474
96056396	1474
96056517	1474
96056638	1474
96056774	1474
96056894	1474
96057014	1474
96057203	1474
96057328	1474
96057448	1474
96853273	1474
96853507	1474
96853629	1474
96853748	1474
96853888	1474
96854011	1474
96854131	1474
96854250	1474
96854384	1474
96854503	1474
96854624	1474
96854743	1474
96854879	1474
96855002	1474
96855120	1474
96855241	1474
96855362	1474
96855484	1474
97653656	1474
97653844	1474
97653986	1474
97654106	1474
97654225	1474
97654343	1474
97654463	1474
97654585	1474
97654707	1474
97654830	1474
97654966	1474
97655090	1474
97655206	1474
97655332	1474
97655455	1474
97655572	1474
97655680	1474
98452749	1474
98452991	1474
98453114	1474
98453277	1474
98453398	1474
98453519	1474
98453640	1474
98453760	1474
98453880	1474
98454011	1474
98454133	1474
98454253	1474
98454373	1474
98454492	1474
98454613	1474
98454734	1474
99253685	1474
99253934	1474
99254092	1474
99254217	1474
99254347	1474
99254743	1474
99254876	1474
99255026	1474
99255170	1474
99255313	1474
99255437	1474
99255565	1474
99255702	1474
99255846	1474
99255970	1474
99256124	1474
99256249	1474
100054421	1474
100054655	1474
100054784	1474
100054916	1474
100055041	1474
100055211	1474
100055512	1474
100055649	1474
100055767	1474
100055889	1474
100056119	1474
100056246	1474
100056386	1474
100056512	1474
100056653	1474
100056791	1474
100056919	1474
100853346	1474
100853479	1474
100853606	1474
100853717	1474
100853826	1474
100853941	1474
100854066	1474
100854200	1474
100854351	1474
100854466	1474
100854587	1474
100854709	1474
100854819	1474
100854940	1474
100855061	1474
100855181	1474
101652866	1474
101653206	1474
101653326	1474
101653441	1474
101653656	1474
101653778	1474
101653897	1474
101654006	1474
101654125	1474
101654236	1474
101654343	1474
101654451	1474
101654561	1474
101654670	1474
101654778	1474
101654888	1474
101654998	1474
101655114	1474
102452925	1474
102453305	1474
102453425	1474
102453621	1474
102453744	1474
102453892	1474
102454076	1474
102454203	1474
102454329	1474
102454449	1474
102454570	1474
102454688	1474
102454805	1474
102454921	1474
102455037	1474
102455155	1474
102455282	1474
103256797	1474
103257125	1474
103257313	1474
103257457	1474
103257581	1474
103257723	1474
103257844	1474
103257970	1474
103258096	1474
103258219	1474
103258369	1474
103258503	1474
103258626	1474
103258751	1474
103258873	1474
103258999	1474
103259134	1474
103259264	1474
104053640	1474
104053952	1474
104054096	1474
104054228	1474
104054374	1474
104054502	1474
104054627	1474
104054749	1474
104054883	1474
104055009	1474
104055137	1474
104055262	1474
104055397	1474
104055531	1474
104055654	1474
104055799	1474
104055920	1474
104056047	1474
104852685	1474
104853043	1474
104853221	1474
104853356	1474
104853481	1474
104853604	1474
104853725	1474
104853848	1474
104853970	1474
104854094	1474
104854219	1474
104854351	1474
104854474	1474
104854597	1474
104854722	1474
104854849	1474
104854988	1474
105653197	1474
105653405	1474
105653534	1474
105653656	1474
105653783	1474
105654001	1474
105654129	1474
105654252	1474
105654368	1474
105654488	1474
105654601	1474
105654709	1474
105654818	1474
105654924	1474
105655032	1474
105655142	1474
105655250	1474
105655365	1474
106453202	1474
106453490	1474
106453631	1474
106453752	1474
106453872	1474
106453989	1474
106454109	1474
106454229	1474
106454350	1474
106454470	1474
106454603	1474
106454723	1474
106454842	1474
106454960	1474
106455078	1474
106455197	1474
106455314	1474
107253256	1474
107253535	1474
107253656	1474
107253786	1474
107253914	1474
107254033	1474
107254150	1474
107254268	1474
107254385	1474
107254502	1474
107254618	1474
107254752	1474
107254870	1474
107254987	1474
107255105	1474
107255222	1474
107255340	1474
108054454	1474
108054737	1474
108054857	1474
108054972	1474
108055090	1474
108055207	1474
108055325	1474
108055445	1474
108055561	1474
108055694	1474
108055809	1474
108055913	1474
108056020	1474
108056125	1474
108056231	1474
108056337	1474
108056443	1474
108056546	1474
108853312	1474
108853621	1474
108853758	1474
108853878	1474
108854000	1474
108854119	1474
108854240	1474
108854360	1474
108854481	1474
108854604	1474
108854739	1474
108854859	1474
108854982	1474
108855101	1474
108855223	1474
108855342	1474
108855460	1474
108855579	1474
109653116	1474
109653420	1474
109653541	1474
109653659	1474
109653800	1474
109653919	1474
109654036	1474
109654155	1474
109654274	1474
109654393	1474
109654512	1474
109654631	1474
109654762	1474
109654883	1474
109655001	1474
109655120	1474
109655239	1474
110456366	1474
110456666	1474
110456793	1474
110456915	1474
110457056	1474
110457224	1474
110457345	1474
110457463	1474
110457582	1474
110457699	1474
110457834	1474
110457956	1474
110458073	1474
110458192	1474
110458312	1474
110458431	1474
111253563	1474
111253857	1474
111253982	1474
111254101	1474
111254220	1474
111254339	1474
111254457	1474
111254576	1474
111254695	1474
111254816	1474
111254946	1474
111255066	1474
111255186	1474
111255305	1474
111255426	1474
111255547	1474
111255668	1474
111255788	1474
112053796	1474
112054015	1474
112054136	1474
112054257	1474
112054380	1474
112054500	1474
112054619	1474
112054740	1474
112054860	1474
112054993	1474
112055113	1474
112055233	1474
112055355	1474
112055476	1474
112055595	1474
112055714	1474
112055834	1474
112055970	1474
112855316	1474
112855590	1474
112855711	1474
112855831	1474
112855954	1474
112856086	1474
112856205	1474
112856322	1474
112856441	1474
112856558	1474
112856675	1474
112856793	1474
112856911	1474
112857042	1474
112857244	1474
112857365	1474
112857483	1474
113653261	1474
113653489	1474
113653637	1474
113653754	1474
113653872	1474
113653989	1474
113654122	1474
113654240	1474
113654356	1474
113654473	1474
113654589	1474
113654704	1474
113654820	1474
113654937	1474
113655060	1474
113655178	1474
113655294	1474
113655411	1474
114453586	1474
114453867	1474
114453987	1474
114454114	1474
114454230	1474
114454346	1474
114454464	1474
114454581	1474
114454697	1474
114454813	1474
114454928	1474
114455045	1474
114455174	1474
114455293	1474
114455408	1474
114455525	1474
114455643	1474
115253072	1474
115253392	1474
115253514	1474
115253633	1474
115253750	1474
115253868	1474
115253987	1474
115254101	1474
115254231	1474
115254350	1474
115254468	1474
115254584	1474
115254704	1474
115254820	1474
115254937	1474
115255054	1474
115255177	1474
116053147	1474
116053402	1474
116053522	1474
116053641	1474
116053759	1474
116053883	1474
116054000	1474
116054116	1474
116054241	1474
116054361	1474
116054479	1474
116054595	1474
116054712	1474
116054828	1474
116054945	1474
116055063	1474
116055178	1474
116055309	1474
116853279	1474
116853570	1474
116853690	1474
116853809	1474
116853928	1474
116854048	1474
116854168	1474
116854294	1474
116854416	1474
116854536	1474
116854655	1474
116854773	1474
116854890	1474
116855008	1474
116855127	1474
116855247	1474
116855383	1474
117654708	1474
117654983	1474
117655107	1474
117655349	1474
117655509	1474
117655718	1474
117655844	1474
117655968	1474
117656092	1474
117656216	1474
117656353	1474
117656478	1474
117656602	1474
117656727	1474
117656849	1474
117656972	1474
117657218	1474
117657354	1474
118452763	1474
118453222	1474
118453366	1474
118453511	1474
118453733	1474
118453868	1474
118453993	1474
118454116	1474
118454241	1474
118454383	1474
118454504	1474
118454626	1474
118454764	1474
118454910	1474
118455035	1474
118455161	1474
118455285	1474
119255602	1474
119255931	1474
119256064	1474
119256210	1474
119256339	1474
119256660	1474
119256798	1474
119256941	1474
119257081	1474
119257260	1474
119257403	1474
119257538	1474
119257673	1474
119257800	1474
119257948	1474
119258073	1474
119258210	1474
119258336	1474
120054836	1474
120055157	1474
120055299	1474
120055498	1474
120055654	1474
120055914	1474
120056049	1474
120056184	1474
120056311	1474
120056461	1474
120056587	1474
120056713	1474
120056838	1474
120056965	1474
120057108	1474
120057283	1474
120057418	1474
120057561	1474
120856899	1474
120857295	1474
120857444	1474
120857649	1474
120857777	1474
120858087	1474
120858217	1474
120858340	1474
120858487	1474
120858620	1474
120858760	1474
120858884	1474
120859020	1474
120859143	1474
120859275	1474
120859395	1474
120859532	1474
121653533	1474
121653883	1474
121654019	1474
121654155	1474
121654279	1474
121654402	1474
121654530	1474
121654667	1474
121654805	1474
121654926	1474
121655066	1474
121655213	1474
121655337	1474
121655464	1474
121655604	1474
121655755	1474
121655882	1474
121656006	1474
122723598	1474
122723937	1474
122724068	1474
122724187	1474
122724335	1474
122724581	1474
122724732	1474
122724874	1474
122725000	1474
122725154	1474
122725284	1474
122725432	1474
122725555	1474
122725718	1474
122725859	1474
122725982	1474
122726109	1474
122726349	1474
123256696	1474
123257002	1474
123257167	1474
123257294	1474
123257425	1474
123257560	1474
123257709	1474
123257835	1474
123257974	1474
123258097	1474
123258224	1474
123258347	1474
123258476	1474
123258601	1474
123258742	1474
123258864	1474
123259002	1474
124055243	1474
124055609	1474
124055742	1474
124055872	1474
124055997	1474
124056134	1474
124056256	1474
124056394	1474
124056518	1474
124056657	1474
124056796	1474
124056922	1474
124057102	1474
124057323	1474
124057460	1474
124057597	1474
124854213	1474
124854495	1474
124854634	1474
124854757	1474
124854901	1474
124855046	1474
124855166	1474
124855301	1474
124855425	1474
124855548	1474
124855669	1474
124855804	1474
124855929	1474
124856060	1474
124856185	1474
124856322	1474
124856443	1474
125657348	1474
125657592	1474
125657763	1474
125658027	1474
125658253	1474
125658428	1474
125658595	1474
125658759	1474
125658935	1474
125659102	1474
125659266	1474
125659434	1474
125659603	1474
125659767	1474
125659968	1474
125660133	1474
125660298	1474
125660461	1474
126456274	1474
126456535	1474
126456704	1474
126456968	1474
126457228	1474
126457430	1474
126457597	1474
126457762	1474
126457933	1474
126458098	1474
126458261	1474
126458426	1474
126458612	1474
126458779	1474
126458958	1474
126459123	1474
126459291	1474
126459455	1474
127519943	1474
127520177	1474
127520351	1474
127520613	1474
127520842	1474
127521097	1474
127521340	1474
127521513	1474
127521683	1474
127521850	1474
127522021	1474
127522191	1474
127522360	1474
127522524	1474
127522688	1474
127522853	1474
127523024	1474
127523189	1474
128319983	1474
128320244	1474
128320415	1474
128320674	1474
128320894	1474
128321091	1474
128321314	1474
128321492	1474
128321675	1474
128321844	1474
128322015	1474
128322201	1474
128322366	1474
128322531	1474
128322700	1474
128322868	1474
128323098	1474
128323266	1474
129120157	1474
129120406	1474
129120615	1474
129120780	1474
129121040	1474
129121427	1474
129121703	1474
129121927	1474
129122096	1474
129122273	1474
129122440	1474
129122604	1474
129122770	1474
129122935	1474
129123099	1474
129123276	1474
129123441	1474
129920465	1474
129920642	1474
129920809	1474
129920952	1474
129921078	1474
129921551	1474
129921688	1474
129921836	1474
129921961	1474
129922100	1474
129922254	1474
129922379	1474
129922506	1474
129922649	1474
129922772	1474
129922939	1474
129923064	1474
130720250	1474
130720443	1474
130720563	1474
130720691	1474
130720819	1474
130720962	1474
130721090	1474
130721272	1474
130721427	1474
130721556	1474
130721682	1474
130721806	1474
130721951	1474
130722075	1474
130722225	1474
130722353	1474
130722493	1474
130722638	1474
131519991	1474
131520187	1474
131520323	1474
131520449	1474
131520590	1474
131520714	1474
131520839	1474
131520966	1474
131521164	1474
131521312	1474
131521442	1474
131521570	1474
131521695	1474
131521835	1474
131521960	1474
131522093	1474
131522218	1474
131522365	1474
132320779	1474
132320966	1474
132321194	1474
132321398	1474
132321541	1474
132321679	1474
132321835	1474
132322067	1474
132322203	1474
132322386	1474
132322512	1474
132322659	1474
132322809	1474
132322934	1474
132323063	1474
132323185	1474
132323344	1474
132323473	1474
133120093	1474
133120400	1474
133120541	1474
133120693	1474
133120819	1474
133120945	1474
133121098	1474
133121269	1474
133121402	1474
133121540	1474
133121667	1474
133121806	1474
133121929	1474
133122060	1474
133122183	1474
133122307	1474
133122446	1474
133122572	1474
133921578	1474
133921830	1474
133922003	1474
133922228	1474
133922455	1474
133922698	1474
133922868	1474
133923032	1474
133923200	1474
133923364	1474
133923538	1474
133923703	1474
133923869	1474
133924034	1474
133924200	1474
133924363	1474
133924538	1474
133924701	1474
134720167	1474
134720426	1474
134720598	1474
134720765	1474
134720932	1474
134721094	1474
134721311	1474
134721487	1474
134721668	1474
134721832	1474
134721995	1474
134722159	1474
134722328	1474
134722495	1474
134722672	1474
134722838	1474
134723002	1474
134723170	1474
135520380	1474
135520647	1474
135520820	1474
135521014	1474
135521295	1474
135521493	1474
135521674	1474
135521838	1474
135522006	1474
135522167	1474
135522331	1474
135522497	1474
135522669	1474
135522834	1474
135523004	1474
135523167	1474
135523332	1474
135523495	1474
136587863	1474
136588143	1474
136588313	1474
136588574	1474
136588808	1474
136589101	1474
136589321	1474
136589499	1474
136589675	1474
136589844	1474
136590010	1474
136590175	1474
136590339	1474
136590505	1474
136590681	1474
136590848	1474
136591013	1474
136591178	1474
137389299	1474
137389553	1474
137389805	1474
137389974	1474
137390181	1474
137390405	1474
137390677	1474
137390847	1474
137391017	1474
137391180	1474
137391349	1474
137391514	1474
137391688	1474
137391859	1474
137392023	1474
137392193	1474
137392382	1474
137392552	1474
138189239	1474
138189527	1474
138189692	1474
138190009	1474
138190227	1474
138190475	1474
138190639	1474
138190810	1474
138190973	1474
138191136	1474
138191294	1474
138191460	1474
138191621	1474
138191790	1474
138191974	1474
138192142	1474
138192303	1474
138987275	1474
138987523	1474
138987735	1474
138987988	1474
138988308	1474
138988471	1474
138988633	1474
138988805	1474
138988967	1474
138989130	1474
138989341	1474
138989512	1474
138989674	1474
138989841	1474
138990003	1474
138990162	1474
138990322	1474
139788622	1474
139788852	1474
139789036	1474
139789276	1474
139789498	1474
139789759	1474
139789938	1474
139790099	1474
139790261	1474
139790421	1474
139790581	1474
139790742	1474
139790910	1474
139791071	1474
139791232	1474
139791393	1474
139791552	1474
139791713	1474
140589297	1474
140589494	1474
140589681	1474
140589923	1474
140590144	1474
140590386	1474
140590552	1474
140590713	1474
140590874	1474
140591047	1474
140591207	1474
140591367	1474
140591526	1474
140591688	1474
140591848	1474
140592028	1474
140592188	1474
140592348	1474
141387575	1474
141388482	1474
141389710	1474
141390334	1474
141391059	1474
141391646	1474
141392195	1474
141392739	1474
141392948	1474
141393529	1474
141393984	1474
141394271	1474
141394652	1474
141394988	1474
141396942	1474
141404558	1474
141408403	1474
142187064	1474
142187406	1474
142187580	1474
142187745	1474
142187909	1474
142188083	1474
142188249	1474
142188413	1474
142188578	1474
142188743	1474
142188907	1474
142189083	1474
142189295	1474
142189466	1474
142189630	1474
142189794	1474
142189958	1474
142190138	1474
142989558	1474
142989826	1474
142990027	1474
142990247	1474
142990555	1474
142990794	1474
142990963	1474
142991138	1474
142991305	1474
142991470	1474
142991635	1474
142991799	1474
142991967	1474
142992141	1474
142992303	1474
142992469	1474
142992634	1474
142992800	1474
143787929	1474
143788374	1474
143788582	1474
143788806	1474
143789145	1474
143789415	1474
143789583	1474
143789748	1474
143789914	1474
143790079	1474
143790249	1474
143790450	1474
143790617	1474
143790781	1474
143790945	1474
143791108	1474
143791287	1474
143791452	1474
144591140	1474
144591403	1474
144591573	1474
144591742	1474
144591999	1474
144592218	1474
144592541	1474
144592710	1474
144592876	1474
144593040	1474
144593263	1474
144593436	1474
144593602	1474
144593766	1474
144593931	1474
144594109	1474
144594284	1474
144594536	1474
145387004	1474
145387246	1474
145387508	1474
145387762	1474
145387991	1474
145388447	1474
145388615	1474
145388781	1474
145388946	1474
145389114	1474
145389345	1474
145389518	1474
145389687	1474
145389851	1474
145390018	1474
145390181	1474
145390356	1474
145390558	1474
146188320	1474
146188638	1474
146188814	1474
146189014	1474
146189255	1474
146189603	1474
146189773	1474
146189937	1474
146190104	1474
146190266	1474
146190439	1474
146190638	1474
146190821	1474
146190990	1474
146191155	1474
146191321	1474
146191503	1474
146191667	1474
147255073	1474
147255271	1474
147255449	1474
147255617	1474
147255784	1474
147255950	1474
147256116	1474
147256281	1474
147256453	1474
147256621	1474
147256786	1474
147256952	1474
147257117	1474
147257333	1474
147257521	1474
147257691	1474
147257856	1474
147258041	1474
148053417	1474
148053699	1474
148053902	1474
148054068	1474
148054232	1474
148054398	1474
148054589	1474
148054757	1474
148054922	1474
148055085	1474
148055251	1474
148055415	1474
148055589	1474
148055754	1474
148055918	1474
148056082	1474
148056247	1474
148056411	1474
148855058	1474
148855326	1474
148855493	1474
148855676	1474
148855847	1474
148856011	1474
148856175	1474
148856343	1474
148856537	1474
148856706	1474
148856870	1474
148857037	1474
148857267	1474
148857438	1474
148857621	1474
148857785	1474
148857950	1474
148858114	1474
149653621	1474
149654002	1474
149654139	1474
149654278	1474
149654400	1474
149654535	1474
149654690	1474
149654828	1474
149654950	1474
149655073	1474
149655197	1474
149655332	1474
149655475	1474
149655605	1474
149655744	1474
149655885	1474
149656008	1474
149656142	1474
150453791	1474
150454166	1474
150454293	1474
150454433	1474
150454556	1474
150454700	1474
150454821	1474
150454941	1474
150455075	1474
150455215	1474
150455338	1474
150455462	1474
150455604	1474
150455742	1474
150455875	1474
150456019	1474
151254974	1474
151255332	1474
151255452	1474
151255574	1474
151255722	1474
151255870	1474
151256093	1474
151256227	1474
151256354	1474
151256499	1474
151256623	1474
151256772	1474
151256897	1474
151257022	1474
151257199	1474
151257328	1474
151257464	1474
152053629	1474
152053992	1474
152054119	1474
152054290	1474
152054434	1474
152054583	1474
152054897	1474
152055039	1474
152055179	1474
152055300	1474
152055420	1474
152055540	1474
152055680	1474
152055811	1474
152055944	1474
152056067	1474
152056196	1474
152056319	1474
152853766	1474
152854083	1474
152854208	1474
152854330	1474
152854498	1474
152854622	1474
152854860	1474
152854990	1474
152855113	1474
152855235	1474
152855355	1474
152855475	1474
152855595	1474
152855716	1474
152855843	1474
152855965	1474
152856085	1474
153656756	1474
153657046	1474
153657220	1474
153657361	1474
153657485	1474
153657715	1474
153657843	1474
153657978	1474
153658099	1474
153658219	1474
153658338	1474
153658458	1474
153658578	1474
153658696	1474
153658815	1474
153658940	1474
153659063	1474
154453832	1474
154454162	1474
154454286	1474
154454408	1474
154454527	1474
154454646	1474
154454763	1474
154454883	1474
154455009	1474
154455136	1474
154455246	1474
154455365	1474
154455476	1474
154455589	1474
154455710	1474
154455833	1474
154455952	1474
154456084	1474
155254709	1474
155255025	1474
155255161	1474
155255284	1474
155255408	1474
155255623	1474
155255750	1474
155255872	1474
155255994	1474
155256128	1474
155256248	1474
155256367	1474
155256488	1474
155256606	1474
155256725	1474
155256843	1474
155256962	1474
156055628	1474
156055964	1474
156056087	1474
156056219	1474
156056338	1474
156056461	1474
156056577	1474
156056696	1474
156056813	1474
156056931	1474
156057068	1474
156057248	1474
156057368	1474
156057485	1474
156057602	1474
156057719	1474
156057838	1474
156854019	1474
156854319	1474
156854443	1474
156854561	1474
156854681	1474
156854803	1474
156854922	1474
156855042	1474
156855169	1474
156855366	1474
156855494	1474
156855613	1474
156855733	1474
156855853	1474
156855978	1474
156856103	1474
156856232	1474
156856350	1474
157654287	1474
157654574	1474
157654695	1474
157654813	1474
157654933	1474
157655052	1474
157655170	1474
157655316	1474
157655435	1474
157655553	1474
157655670	1474
157655787	1474
157655905	1474
157656022	1474
157656139	1474
157656266	1474
157656386	1474
158453677	1474
158453943	1474
158454063	1474
158454180	1474
158454298	1474
158454425	1474
158454550	1474
158454670	1474
158454786	1474
158454905	1474
158455009	1474
158455114	1474
158455219	1474
158455320	1474
158455437	1474
158455543	1474
158455647	1474
159254331	1474
159254646	1474
159254780	1474
159255028	1474
159255192	1474
159255428	1474
159255562	1474
159255736	1474
159255864	1474
159255989	1474
159256116	1474
159256243	1474
159256377	1474
159256516	1474
159256638	1474
159256764	1474
159256890	1474
160053823	1474
160054046	1474
160054277	1474
160054402	1474
160054572	1474
160054713	1474
160055005	1474
160055141	1474
160055403	1474
160055549	1474
160055689	1474
160055829	1474
160055953	1474
160056081	1474
160056220	1474
160056343	1474
160056475	1474
160056600	1474
160854286	1474
160854616	1474
160854746	1474
160854886	1474
160855010	1474
160855152	1474
160855277	1474
160855414	1474
160855653	1474
160855781	1474
160855905	1474
160856042	1474
160856183	1474
160856305	1474
160856441	1474
160856576	1474
160856711	1474
160856856	1474
161657099	1474
161657431	1474
161657550	1474
161657690	1474
161657817	1474
161657943	1474
161658073	1474
161658197	1474
161658327	1474
161658449	1474
161658562	1474
161658699	1474
161658848	1474
161658971	1474
161659094	1474
161659215	1474
161659336	1474
162454576	1474
162454892	1474
162455021	1474
162455181	1474
162455306	1474
162455431	1474
162455597	1474
162455739	1474
162455862	1474
162455986	1474
162456132	1474
162456256	1474
162456381	1474
162456505	1474
162456629	1474
162456825	1474
162456951	1474
162457135	1474
163253831	1474
163254144	1474
163254275	1474
163254401	1474
163254519	1474
163254728	1474
163254868	1474
163254981	1474
163255098	1474
163255276	1474
163255394	1474
163255508	1474
163255628	1474
163255743	1474
163255875	1474
163255995	1474
163256108	1474
163256238	1474
164054159	1474
164054438	1474
164054565	1474
164054717	1474
164054846	1474
164054968	1474
164055105	1474
164055254	1474
164055378	1474
164055513	1474
164055662	1474
164055803	1474
164055928	1474
164056065	1474
164056188	1474
164056330	1474
164056455	1474
164056582	1474
164853937	1474
164854216	1474
164854349	1474
164854477	1474
164854601	1474
164854981	1474
164855119	1474
164855241	1474
164855394	1474
164855521	1474
164855659	1474
164855794	1474
164855917	1474
164856042	1474
164856173	1474
164856297	1474
164856427	1474
165657835	1474
165658143	1474
165658281	1474
165658426	1474
165658565	1474
165658805	1474
165658955	1474
165659084	1474
165659208	1474
165659333	1474
165659474	1474
165659598	1474
165659735	1474
165659869	1474
165660010	1474
165660134	1474
165660258	1474
166455747	1474
166456050	1474
166456153	1474
166456265	1474
166456379	1474
166456752	1474
166456922	1474
166457042	1474
166457197	1474
166457300	1474
166457416	1474
166457531	1474
166457645	1474
166457773	1474
166457895	1474
166458027	1474
166458139	1474
166458264	1474
167257494	1474
167257729	1474
167258000	1474
167258147	1474
167258301	1474
167258531	1474
167258673	1474
167258801	1474
167258936	1474
167259068	1474
167259196	1474
167259321	1474
167259447	1474
167259571	1474
167259700	1474
167259826	1474
167259955	1474
167260083	1474
168054091	1474
168054392	1474
168054519	1474
168054672	1474
168054796	1474
168054943	1474
168055087	1474
168055226	1474
168055364	1474
168055509	1474
168055635	1474
168055772	1474
168055897	1474
168056026	1474
168056156	1474
168056281	1474
168056423	1474
168855406	1474
168855672	1474
168855801	1474
168855919	1474
168856040	1474
168856305	1474
168856811	1474
168856948	1474
168857072	1474
168857601	1474
168857723	1474
168857845	1474
168857971	1474
168858094	1474
168858227	1474
168858350	1474
168860540	1474
169654733	1474
169655034	1474
169655190	1474
169655406	1474
169655534	1474
169655775	1474
169655907	1474
169656035	1474
169656158	1474
169656440	1474
169656565	1474
169656688	1474
169656810	1474
169656934	1474
169657072	1474
169657253	1474
169657380	1474
170454274	1474
170454534	1474
170454661	1474
170454781	1474
170454901	1474
170455021	1474
170455143	1474
170455264	1474
170455415	1474
170455534	1474
170455653	1474
170455774	1474
170455894	1474
170456015	1474
170456134	1474
170456257	1474
170456395	1474
171255069	1474
171255343	1474
171255467	1474
171255588	1474
171255706	1474
171255824	1474
171255943	1474
171256064	1474
171256182	1474
171256311	1474
171256431	1474
171256550	1474
171256673	1474
171256795	1474
171256918	1474
171257059	1474
171257232	1474
171257372	1474
172054401	1474
172054708	1474
172054834	1474
172054954	1474
172055075	1474
172055196	1474
172055317	1474
172055456	1474
172055578	1474
172055700	1474
172055822	1474
172055945	1474
172056066	1474
172056188	1474
172056310	1474
172056445	1474
172056568	1474
172056690	1474
172854101	1474
172854410	1474
172854552	1474
172854675	1474
172854800	1474
172854922	1474
172855049	1474
172855170	1474
172855292	1474
172855412	1474
172855545	1474
172855669	1474
172855793	1474
172855916	1474
172856039	1474
172856161	1474
172856283	1474
172856405	1474
173658399	1474
173658640	1474
173658792	1474
173658942	1474
173659090	1474
173659234	1474
173659398	1474
173659564	1474
173659709	1474
173659857	1474
173660004	1474
173660150	1474
173660297	1474
173660458	1474
173660608	1474
173660758	1474
174454727	1474
174455094	1474
174455268	1474
174455471	1474
174455717	1474
174455982	1474
174456149	1474
174456312	1474
174456497	1474
174456678	1474
174456844	1474
174457007	1474
174457224	1474
174457399	1474
174457572	1474
174457737	1474
174457903	1474
174458067	1474
175258284	1474
175258536	1474
175258765	1474
175259006	1474
175259204	1474
175259376	1474
175259539	1474
175259717	1474
175259882	1474
175260048	1474
175260211	1474
175260377	1474
175260541	1474
175260719	1474
175260883	1474
175261046	1474
175261262	1474
176054433	1474
176054691	1474
176054866	1474
176055033	1474
176055201	1474
176055366	1474
176055533	1474
176055705	1474
176055871	1474
176056054	1474
176056226	1474
176056393	1474
176056559	1474
176056731	1474
176056896	1474
176057079	1474
176057301	1474
176057474	1474
176853927	1474
176854227	1474
176854400	1474
176854584	1474
176854763	1474
176854929	1474
176855097	1474
176855263	1474
176855427	1474
176855588	1474
176855760	1474
176855927	1474
176856091	1474
176856261	1474
176856428	1474
176856591	1474
176856762	1474
177921397	1474
177921714	1474
177921994	1474
177922237	1474
177922464	1474
177922688	1474
177922863	1474
177923032	1474
177923197	1474
177923365	1474
177923531	1474
177923698	1474
177923938	1474
177924104	1474
177924273	1474
177924438	1474
177924607	1474
177924772	1474
178720929	1474
178721112	1474
178721341	1474
178721509	1474
178721673	1474
178721839	1474
178722022	1474
178722185	1474
178722349	1474
178722512	1474
178722676	1474
178722839	1474
178723020	1474
178723183	1474
178723352	1474
178723520	1474
178723685	1474
178723851	1474
179521413	1474
179521620	1474
179521780	1474
179521943	1474
179522095	1474
179522244	1474
179522390	1474
179522539	1474
179522685	1474
179522830	1474
179522995	1474
179523142	1474
179523537	1474
179523724	1474
179523872	1474
179524037	1474
179524184	1474
179524332	1474
180321062	1474
180321327	1474
180321569	1474
180321834	1474
180322062	1474
180322294	1474
180322464	1474
180322630	1474
180322799	1474
180322966	1474
180323142	1474
180323310	1474
180323476	1474
180323643	1474
180323830	1474
180324004	1474
180324168	1474
180324337	1474
181122775	1474
181123078	1474
181123225	1474
181123364	1474
181123490	1474
181123615	1474
181123740	1474
181123872	1474
181123995	1474
181124124	1474
181124249	1474
181124417	1474
181124544	1474
181124674	1474
181124799	1474
181124925	1474
181125053	1474
181921133	1474
181921473	1474
181921678	1474
181921807	1474
181921937	1474
181922253	1474
181922386	1474
181922671	1474
181922810	1474
181922957	1474
181923082	1474
181923255	1474
181923384	1474
181923510	1474
181923632	1474
181923774	1474
181923896	1474
182721424	1474
182721677	1474
182721803	1474
182721932	1474
182722056	1474
182722180	1474
182722322	1474
182722463	1474
182722587	1474
182722701	1474
182722861	1474
182723000	1474
182723135	1474
182723267	1474
182723407	1474
182723531	1474
183521098	1474
183521592	1474
183521720	1474
183521845	1474
183521972	1474
183522110	1474
183522235	1474
183522372	1474
183522518	1474
183522640	1474
183522779	1474
183522903	1474
183523020	1474
183523146	1474
183523277	1474
183523419	1474
183523544	1474
183523670	1474
184321412	1474
184321714	1474
184321851	1474
184321975	1474
184322110	1474
184322248	1474
184322535	1474
184322666	1474
184322801	1474
184322953	1474
184323072	1474
184323207	1474
184323351	1474
184323485	1474
184323611	1474
184323736	1474
184323864	1474
184323987	1474
185121080	1474
185121437	1474
185121573	1474
185121715	1474
185121837	1474
185121967	1474
185122090	1474
185122228	1474
185122348	1474
185122557	1474
185122679	1474
185122801	1474
185122921	1474
185123045	1474
185123166	1474
185123292	1474
185655193	1474
185655436	1474
185655608	1474
185655748	1474
185655870	1474
185655990	1474
185656114	1474
185656241	1474
185656369	1474
185656496	1474
185656626	1474
185656750	1474
185656874	1474
185656997	1474
185657221	1474
185657369	1474
185657514	1474
186722169	1474
186722483	1474
186722621	1474
186722766	1474
186722911	1474
186723062	1474
186723308	1474
186723431	1474
186723579	1474
186723704	1474
186723831	1474
186723952	1474
186724074	1474
186724197	1474
186724321	1474
186724442	1474
186724658	1474
186724792	1474
187521903	1474
187522180	1474
187522369	1474
187522632	1474
187522867	1474
187523111	1474
187523279	1474
187523447	1474
187523611	1474
187523809	1474
187523976	1474
187524144	1474
187524309	1474
187524461	1474
187524609	1474
187524768	1474
187524914	1474
188322258	1474
188322611	1474
188322783	1474
188322930	1474
188323053	1474
188323181	1474
188323319	1474
188323442	1474
188323575	1474
188323742	1474
188323868	1474
188324001	1474
188324125	1474
188324259	1474
188324381	1474
188324518	1474
188324640	1474
188324797	1474
189120990	1474
189121391	1474
189121520	1474
189121668	1474
189121891	1474
189122247	1474
189122382	1474
189122522	1474
189122672	1474
189122836	1474
189122954	1474
189123077	1474
189123196	1474
189123331	1474
189123455	1474
189123578	1474
189123701	1474
189123836	1474
189921982	1474
189922364	1474
189922481	1474
189922601	1474
189922727	1474
189922999	1474
189923126	1474
189923253	1474
189923391	1474
189923514	1474
189923669	1474
189923792	1474
189923937	1474
189924061	1474
189924177	1474
189924297	1474
189924418	1474
189924538	1474
190721497	1474
190721794	1474
190721913	1474
190722058	1474
190722202	1474
190722349	1474
190722583	1474
190722709	1474
190722841	1474
190722971	1474
190723097	1474
190723221	1474
190723353	1474
190723474	1474
190723606	1474
190723727	1474
190723857	1474
190724010	1474
191521371	1474
191521652	1474
191521774	1474
191521895	1474
191522028	1474
191522248	1474
191522388	1474
191522515	1474
191522659	1474
191522781	1474
191522922	1474
191523057	1474
191523189	1474
191523310	1474
191523451	1474
191523572	1474
191523700	1474
191523823	1474
192323365	1474
192323683	1474
192323802	1474
192323935	1474
192324071	1474
192324347	1474
192324479	1474
192324746	1474
192324878	1474
192325003	1474
192325214	1474
192325344	1474
192325476	1474
192325596	1474
192325720	1474
192325844	1474
192325966	1474
193121195	1474
193121402	1474
193121528	1474
193121653	1474
193121780	1474
193121932	1474
193122158	1474
193122284	1474
193122408	1474
193122535	1474
193122659	1474
193122785	1474
193122910	1474
193123033	1474
193123166	1474
193123310	1474
193123433	1474
193921190	1474
193921536	1474
193921681	1474
193921825	1474
193921952	1474
193922368	1474
193922498	1474
193922647	1474
193922794	1474
193922916	1474
193923055	1474
193923186	1474
193923310	1474
193923447	1474
193923572	1474
193923701	1474
193923824	1474
193923958	1474
194723654	1474
194724041	1474
194724193	1474
194724312	1474
194724427	1474
194724551	1474
194724705	1474
194724939	1474
194725090	1474
194725364	1474
194725500	1474
194725649	1474
194725773	1474
194725913	1474
194726035	1474
194726191	1474
194726317	1474
195521411	1474
195521851	1474
195521989	1474
195522126	1474
195522349	1474
195522516	1474
195522751	1474
195522893	1474
195523014	1474
195523137	1474
195523274	1474
195523390	1474
195523510	1474
195523643	1474
195523765	1474
195523886	1474
195524009	1474
196321849	1474
196322156	1474
196322281	1474
196322415	1474
196322543	1474
196322685	1474
196322806	1474
196322943	1474
196323076	1474
196323200	1474
196323329	1474
196323454	1474
196323581	1474
196323705	1474
196323842	1474
196323964	1474
196324090	1474
196324238	1474
197123424	1474
197123808	1474
197123935	1474
197124292	1474
197124451	1474
197124601	1474
197124725	1474
197124863	1474
197125004	1474
197125259	1474
197125395	1474
197125545	1474
197125675	1474
197125809	1474
197125933	1474
197126061	1474
197126183	1474
197126308	1474
197924168	1474
197924407	1474
197924589	1474
197924792	1474
197924961	1474
197925124	1474
197925338	1474
197925519	1474
197925703	1474
197925869	1474
197926032	1474
197926196	1474
197926359	1474
197926535	1474
197926699	1474
197926863	1474
197927027	1474
198721660	1474
198721997	1474
198722134	1474
198722257	1474
198722383	1474
198722827	1474
198722959	1474
198723107	1474
198723232	1474
198723352	1474
198723488	1474
198723643	1474
198723766	1474
198723890	1474
198724013	1474
198724138	1474
198724261	1474
198724388	1474
199524169	1474
199524473	1474
199524606	1474
199524731	1474
199524862	1474
199525156	1474
199525299	1474
199525441	1474
199525597	1474
199525720	1474
199525856	1474
199525980	1474
199526102	1474
199526240	1474
199526385	1474
199526507	1474
199526646	1474
199526771	1474
200589771	1474
200590080	1474
200590209	1474
200590357	1474
200590480	1474
200590609	1474
200590747	1474
200590881	1474
200591004	1474
200591140	1474
200591262	1474
200591421	1474
200591545	1474
200591680	1474
200591811	1474
200591934	1474
200592073	1474
200592206	1474
201388255	1474
201388616	1474
201388752	1474
201388901	1474
201389023	1474
201389177	1474
201389308	1474
201389440	1474
201389574	1474
201389695	1474
201389832	1474
201389960	1474
201390083	1474
201390231	1474
201390352	1474
201390476	1474
201390617	1474
201390773	1474
202188181	1474
202188539	1474
202188667	1474
202188786	1474
202188987	1474
202189162	1474
202189307	1474
202189452	1474
202189577	1474
202189707	1474
202189829	1474
202189968	1474
202190092	1474
202190216	1474
202190410	1474
202190533	1474
202190664	1474
202190795	1474
202988871	1474
202989154	1474
202989610	1474
202989769	1474
202990067	1474
202990198	1474
202990342	1474
202990486	1474
202990608	1474
202990731	1474
202990863	1474
202991002	1474
202991123	1474
202991246	1474
202991371	1474
202991494	1474
202991619	1474
203788424	1474
203788722	1474
203788851	1474
203788977	1474
203789217	1474
203789349	1474
203789474	1474
203789599	1474
203789723	1474
203789847	1474
203789970	1474
203790109	1474
203790243	1474
203790367	1474
203790490	1474
203790615	1474
203790739	1474
203790863	1474
204588459	1474
204588857	1474
204588992	1474
204589240	1474
204589380	1474
204589522	1474
204589655	1474
204589775	1474
204589901	1474
204590034	1474
204590169	1474
204590296	1474
204590443	1474
204590566	1474
204590709	1474
204590831	1474
204590954	1474
204591125	1474
205389787	1474
205390086	1474
205390241	1474
205390385	1474
205390509	1474
205390635	1474
205390775	1474
205390949	1474
205391073	1474
205391234	1474
205391383	1474
205391507	1474
205391638	1474
205391779	1474
205391900	1474
205392032	1474
205392168	1474
205392294	1474
206188867	1474
206189123	1474
206189356	1474
206189606	1474
206189829	1474
206190147	1474
206190318	1474
206190483	1474
206190666	1474
206190833	1474
206190999	1474
206191172	1474
206191338	1474
206191502	1474
206191666	1474
206191830	1474
206191992	1474
206192167	1474
206988722	1474
206989096	1474
206989278	1474
206989406	1474
206989527	1474
206989662	1474
206989785	1474
206989909	1474
206990046	1474
206990171	1474
206990308	1474
206990428	1474
206990547	1474
206990683	1474
206990806	1474
206990930	1474
206991054	1474
206991195	1474
208055586	1474
208055921	1474
208056058	1474
208056180	1474
208056304	1474
208056446	1474
208056587	1474
208056710	1474
208056833	1474
208056955	1474
208057121	1474
208057307	1474
208057447	1474
208057570	1474
208057692	1474
208057833	1474
208057954	1474
208058075	1474
208588618	1474
208588796	1474
208588980	1474
208589305	1474
208589449	1474
208589605	1474
208589728	1474
208589851	1474
208589973	1474
208590098	1474
208590220	1474
208590343	1474
208590498	1474
208590619	1474
208590767	1474
208590886	1474
208591008	1474
209388681	1474
209388937	1474
209389166	1474
209389296	1474
209389455	1474
209389615	1474
209389852	1474
209389983	1474
209390140	1474
209390264	1474
209390385	1474
209390541	1474
209390667	1474
209390790	1474
209390912	1474
209391035	1474
209391281	1474
210457067	1474
210457326	1474
210457472	1474
210457609	1474
210457732	1474
210457873	1474
210457993	1474
210458109	1474
210458228	1474
210458348	1474
210458469	1474
210458600	1474
210458722	1474
210458843	1474
210458964	1474
210459084	1474
210459209	1474
210459330	1474
211255352	1474
211255697	1474
211255834	1474
211255956	1474
211256073	1474
211256195	1474
211256315	1474
211256440	1474
211256572	1474
211256711	1474
211256834	1474
211256959	1474
211257177	1474
211257303	1474
211257428	1474
211257571	1474
211257772	1474
211257911	1474
212056134	1474
212056314	1474
212056534	1474
212056730	1474
212057096	1474
212057280	1474
212057398	1474
212057525	1474
212057646	1474
212057799	1474
212057922	1474
212058046	1474
212058191	1474
212058313	1474
212058453	1474
212058594	1474
212058723	1474
212058861	1474
212855128	1474
212855306	1474
212855470	1474
212855620	1474
212855743	1474
212855884	1474
212856008	1474
212856131	1474
212856254	1474
212856379	1474
212856501	1474
212856624	1474
212856746	1474
212856953	1474
212857135	1474
212857265	1474
212857396	1474
212857537	1474
213655340	1474
213655636	1474
213655767	1474
213655905	1474
213656043	1474
213656182	1474
213656304	1474
213656439	1474
213656563	1474
213656684	1474
213656809	1474
213656945	1474
213657069	1474
213657272	1474
213657472	1474
213657596	1474
213657725	1474
213657856	1474
214455328	1474
214455571	1474
214455720	1474
214455843	1474
214456060	1474
214456794	1474
214457198	1474
214457331	1474
214457515	1474
214457638	1474
214457760	1474
214457900	1474
214458032	1474
214458155	1474
214458294	1474
214458414	1474
214458551	1474
214458673	1474
215255503	1474
215255679	1474
215255810	1474
215255931	1474
215256075	1474
215256239	1474
215256361	1474
215256489	1474
215256611	1474
215256732	1474
215256854	1474
215256981	1474
215257165	1474
215257296	1474
215257410	1474
215257538	1474
215257660	1474
216055466	1474
216055675	1474
216055857	1474
216055983	1474
216056180	1474
216056450	1474
216056578	1474
216056703	1474
216056827	1474
216056951	1474
216057105	1474
216057302	1474
216057422	1474
216057569	1474
216057691	1474
216057809	1474
216057932	1474
216058082	1474
216855798	1474
216856032	1474
216856171	1474
216856309	1474
216856429	1474
216856559	1474
216856680	1474
216856804	1474
216856949	1474
216857102	1474
216857304	1474
216857436	1474
216857558	1474
216857689	1474
216857842	1474
216857963	1474
216858082	1474
216858218	1474
217655372	1474
217655608	1474
217655750	1474
217655890	1474
217656034	1474
217656263	1474
217656396	1474
217656522	1474
217656645	1474
217656772	1474
217656897	1474
217657023	1474
217657252	1474
217657385	1474
217657519	1474
217657641	1474
217657766	1474
217657891	1474
218455732	1474
218455972	1474
218456119	1474
218456289	1474
218456434	1474
218456719	1474
218456850	1474
218456976	1474
218457161	1474
218457305	1474
218457445	1474
218457588	1474
218457710	1474
218457858	1474
218457980	1474
218458098	1474
218458219	1474
219522195	1474
219522517	1474
219522650	1474
219522774	1474
219522911	1474
219523136	1474
219523271	1474
219523410	1474
219523545	1474
219523668	1474
219523792	1474
219523917	1474
219524040	1474
219524165	1474
219524295	1474
219524431	1474
219524576	1474
219524697	1474
220055517	1474
220055703	1474
220055827	1474
220055952	1474
220056074	1474
220056202	1474
220056366	1474
220056499	1474
220056640	1474
220056764	1474
220056883	1474
220057007	1474
220057234	1474
220057384	1474
220057511	1474
220057632	1474
220057762	1474
220855525	1474
220855726	1474
220855865	1474
220855989	1474
220856129	1474
220856255	1474
220856508	1474
220856638	1474
220856775	1474
220857138	1474
220857272	1474
220857450	1474
220857579	1474
220857714	1474
220857851	1474
220857974	1474
220858114	1474
221655579	1474
221655784	1474
221655910	1474
221656037	1474
221656162	1474
221656294	1474
221656416	1474
221656546	1474
221656681	1474
221656803	1474
221656936	1474
221657059	1474
221657270	1474
221657410	1474
221657539	1474
221657686	1474
221657810	1474
222455957	1474
222456151	1474
222456275	1474
222456516	1474
222456669	1474
222456960	1474
222457091	1474
222457276	1474
222457403	1474
222457527	1474
222457687	1474
222457809	1474
222457946	1474
222458068	1474
222458208	1474
222458330	1474
222458451	1474
223256249	1474
223256433	1474
223256555	1474
223256681	1474
223256797	1474
223256915	1474
223257054	1474
223257236	1474
223257361	1474
223257479	1474
223257595	1474
223257744	1474
223257863	1474
223258011	1474
223258130	1474
223258247	1474
223258365	1474
224056051	1474
224056239	1474
224056362	1474
224056485	1474
224056605	1474
224056754	1474
224056883	1474
224057006	1474
224057194	1474
224057321	1474
224057447	1474
224057568	1474
224057688	1474
224057822	1474
224057943	1474
224058064	1474
224058184	1474
224058305	1474
224856164	1474
224856400	1474
224856522	1474
224856643	1474
224856765	1474
224856901	1474
224857044	1474
224857212	1474
224857333	1474
224857453	1474
224857575	1474
224857698	1474
224857829	1474
224857952	1474
224858071	1474
224858189	1474
224858310	1474
224858428	1474
225656103	1474
225656332	1474
225656459	1474
225656578	1474
225656706	1474
225656830	1474
225657129	1474
225657261	1474
225657380	1474
225657499	1474
225657620	1474
225657745	1474
225657871	1474
225657995	1474
225658114	1474
225658234	1474
225658351	1474
226456258	1474
226456443	1474
226456567	1474
226456689	1474
226456811	1474
226457009	1474
226457237	1474
226457360	1474
226457483	1474
226457605	1474
226457727	1474
226457849	1474
226457980	1474
226458102	1474
226458221	1474
226458342	1474
226458474	1474
227256179	1474
227256373	1474
227256499	1474
227256625	1474
227256752	1474
227256875	1474
227257003	1474
227257256	1474
227257381	1474
227257507	1474
227257632	1474
227257757	1474
227257880	1474
227258006	1474
227258130	1474
227258251	1474
227258371	1474
228055812	1474
228056006	1474
228056144	1474
228056267	1474
228056390	1474
228056512	1474
228056635	1474
228056757	1474
228056881	1474
228057002	1474
228057317	1474
228057442	1474
228057563	1474
228057683	1474
228057804	1474
228057925	1474
228058045	1474
228058179	1474
229122769	1474
229123010	1474
229123133	1474
229123268	1474
229123388	1474
229123507	1474
229123626	1474
229123745	1474
229123866	1474
229123985	1474
229124104	1474
229124241	1474
229124361	1474
229124480	1474
229124603	1474
229124724	1474
229124844	1474
229124967	1474
229922992	1474
229923223	1474
229923358	1474
229923479	1474
229923601	1474
229923723	1474
229923846	1474
229923968	1474
229924091	1474
229924214	1474
229924347	1474
229924469	1474
229924589	1474
229924710	1474
229924831	1474
229924952	1474
229925094	1474
229925271	1474
230723344	1474
230723541	1474
230723665	1474
230723786	1474
230723905	1474
230724026	1474
230724146	1474
230724267	1474
230724403	1474
230724522	1474
230724641	1474
230724760	1474
230724879	1474
230724999	1474
230725265	1474
230725408	1474
230725530	1474
230725649	1474
231522206	1474
231522416	1474
231522542	1474
231522666	1474
231522785	1474
231523023	1474
231523154	1474
231523277	1474
231523416	1474
231523538	1474
231523659	1474
231523780	1474
231523900	1474
231524022	1474
231524143	1474
231524263	1474
231524396	1474
231524517	1474
232325863	1474
232326005	1474
232326218	1474
232326343	1474
232326516	1474
232326642	1474
232326860	1474
232326990	1474
232327114	1474
232327235	1474
232327357	1474
232327495	1474
232327617	1474
232327740	1474
232327863	1474
232327985	1474
232328108	1474
233122965	1474
233123142	1474
233123348	1474
233123620	1474
233123843	1474
233124017	1474
233124186	1474
233124346	1474
233124506	1474
233124679	1474
233124842	1474
233125001	1474
233125223	1474
233125388	1474
233125557	1474
233125718	1474
233125877	1474
233922853	1474
233923075	1474
233923239	1474
233923401	1474
233923571	1474
233923737	1474
233923899	1474
233924062	1474
233924221	1474
233924384	1474
233924555	1474
233924716	1474
233924879	1474
233925038	1474
233925249	1474
233925415	1474
233925590	1474
233925751	1474
234722878	1474
234723123	1474
234723290	1474
234723452	1474
234723643	1474
234723810	1474
234723975	1474
234724137	1474
234724301	1474
234724464	1474
234724633	1474
234724798	1474
234724960	1474
234725126	1474
234725339	1474
234725509	1474
234725690	1474
235522821	1474
235523081	1474
235523252	1474
235523421	1474
235523626	1474
235523862	1474
235524124	1474
235524289	1474
235524453	1474
235524614	1474
235524810	1474
235524974	1474
235525138	1474
235525362	1474
235525537	1474
235525706	1474
235525872	1474
235526032	1474
236323707	1474
236324019	1474
236324209	1474
236324422	1474
236324646	1474
236324862	1474
236325028	1474
236325262	1474
236325547	1474
236325711	1474
236325889	1474
236326069	1474
236326237	1474
236326397	1474
236326562	1474
236326722	1474
236326900	1474
237122554	1474
237122795	1474
237122981	1474
237123185	1474
237123411	1474
237123613	1474
237123779	1474
237124030	1474
237124195	1474
237124356	1474
237124522	1474
237124682	1474
237124854	1474
237125016	1474
237125231	1474
237125398	1474
237125563	1474
237922739	1474
237922931	1474
237923099	1474
237923260	1474
237923423	1474
237923586	1474
237923748	1474
237923918	1474
237924083	1474
237924269	1474
237924438	1474
237924602	1474
237924765	1474
237924936	1474
237925101	1474
237925338	1474
237925534	1474
238727796	1474
238727968	1474
238728237	1474
238728460	1474
238728709	1474
238728878	1474
238729052	1474
238729268	1474
238729443	1474
238729608	1474
238729773	1474
238729939	1474
238730136	1474
238730304	1474
238730466	1474
238730631	1474
238730799	1474
238730966	1474
239528238	1474
239528367	1474
239528504	1474
239528629	1474
239528752	1474
239528899	1474
239529023	1474
239529234	1474
239529382	1474
239529524	1474
239529670	1474
239529799	1474
239529933	1474
239530052	1474
239530245	1474
239530368	1474
239530490	1474
239530612	1474
240322964	1474
240323248	1474
240323376	1474
240323523	1474
240323649	1474
240323773	1474
240323896	1474
240324018	1474
240324149	1474
240324275	1474
240324415	1474
240324553	1474
240324675	1474
240324798	1474
240324922	1474
240325069	1474
240325253	1474
240325468	1474
241123357	1474
241123488	1474
241123671	1474
241123796	1474
241123940	1474
241124179	1474
241124324	1474
241124463	1474
241124586	1474
241124710	1474
241124833	1474
241124957	1474
241125100	1474
241125256	1474
241125383	1474
241125508	1474
241125635	1474
241125758	1474
241922863	1474
241923056	1474
241923234	1474
241923494	1474
241923719	1474
241923909	1474
241924081	1474
241924253	1474
241924419	1474
241924582	1474
241924751	1474
241924919	1474
241925082	1474
241925333	1474
241925531	1474
241925704	1474
241925867	1474
242725591	1474
242725718	1474
242725839	1474
242725961	1474
242726081	1474
242726206	1474
242726448	1474
242726579	1474
242726701	1474
242726822	1474
242726943	1474
242727066	1474
242727187	1474
242727311	1474
242727447	1474
242727575	1474
242727696	1474
242727818	1474
243790109	1474
243790396	1474
243790536	1474
243790655	1474
243790775	1474
243790894	1474
243791016	1474
243791137	1474
243791259	1474
243791382	1474
243791518	1474
243791641	1474
243791761	1474
243791882	1474
243792000	1474
243792118	1474
243792237	1474
243792358	1474
244592811	1474
244593142	1474
244593314	1474
244593438	1474
244593581	1474
244593697	1474
244593929	1474
244594058	1474
244594179	1474
244594303	1474
244594426	1474
244594622	1474
244594744	1474
244594865	1474
244594987	1474
244595107	1474
244595225	1474
244595345	1474
245391928	1474
245392238	1474
245392365	1474
245392485	1474
245392613	1474
245392731	1474
245392840	1474
245392944	1474
245393052	1474
245393235	1474
245393360	1474
245393480	1474
245393603	1474
245393722	1474
245393828	1474
245393938	1474
245394044	1474
245394151	1474
246190730	1474
246190999	1474
246191228	1474
246191502	1474
246191734	1474
246192005	1474
246192172	1474
246192337	1474
246192499	1474
246192669	1474
246192832	1474
246192999	1474
246193216	1474
246193389	1474
246193548	1474
246193725	1474
246193887	1474
246194053	1474
246990826	1474
246991065	1474
246991219	1474
246991362	1474
246991482	1474
246991614	1474
246991742	1474
246991881	1474
246992002	1474
246992132	1474
246992255	1474
246992393	1474
246992515	1474
246992657	1474
246992796	1474
246992918	1474
246993040	1474
246993279	1474
247792505	1474
247792685	1474
247792928	1474
247793058	1474
247793253	1474
247793388	1474
247793508	1474
247793650	1474
247793775	1474
247793909	1474
247794033	1474
247794156	1474
247794284	1474
247794409	1474
247794535	1474
247794660	1474
247794787	1474
248590250	1474
248590484	1474
248590628	1474
248590766	1474
248590906	1474
248591044	1474
248591192	1474
248591314	1474
248591448	1474
248591585	1474
248591707	1474
248591845	1474
248591968	1474
248592111	1474
248592235	1474
248592366	1474
249390292	1474
249390491	1474
249390626	1474
249390732	1474
249390842	1474
249391017	1474
249391133	1474
249391258	1474
249391365	1474
249391470	1474
249391574	1474
249391690	1474
249391802	1474
249392011	1474
249392131	1474
249392263	1474
249392373	1474
249392484	1474
250192200	1474
250192361	1474
250192976	1474
250193125	1474
250193830	1474
250193943	1474
250194068	1474
250194202	1474
250194314	1474
250194442	1474
250194553	1474
250194676	1474
250194805	1474
250194915	1474
250195054	1474
250195160	1474
250195267	1474
250195406	1474
250994364	1474
250994673	1474
250994945	1474
250995077	1474
250995193	1474
250995325	1474
250995435	1474
250995549	1474
250995683	1474
250995792	1474
250995911	1474
250996049	1474
250996160	1474
250996290	1474
250996423	1474
250996535	1474
250996651	1474
250996762	1474
251523214	1474
251523460	1474
251523589	1474
251523710	1474
251523837	1474
251523961	1474
251524084	1474
251524289	1474
251524413	1474
251524534	1474
251524655	1474
251524777	1474
252323387	1474
252323511	1474
252323634	1474
252323754	1474
252323878	1474
252324121	1474
252324266	1474
252324388	1474
252324509	1474
252324628	1474
252324749	1474
252324869	1474
252324990	1474
252325139	1474
252325279	1474
252325406	1474
253123585	1474
253123864	1474
253124005	1474
253124140	1474
253124289	1474
253124513	1474
253124673	1474
253124799	1474
253125060	1474
253125317	1474
253125462	1474
253125592	1474
253125726	1474
253125850	1474
253125972	1474
253126094	1474
253126235	1474
253922940	1474
253923146	1474
253923435	1474
253923567	1474
253923868	1474
253923993	1474
253924099	1474
253924336	1474
253924467	1474
253924585	1474
253924696	1474
253924805	1474
253924935	1474
253925045	1474
253925243	1474
253925355	1474
253925483	1474
254722748	1474
254723122	1474
254723267	1474
254723435	1474
254723559	1474
254723681	1474
254723803	1474
254723925	1474
254724046	1474
254724169	1474
254724294	1474
254724430	1474
254724574	1474
254724699	1474
254724817	1474
254724927	1474
254725036	1474
254725264	1474
255523244	1474
255523506	1474
255523635	1474
255523753	1474
255523880	1474
255524103	1474
255524235	1474
255524360	1474
255524542	1474
255524667	1474
255524788	1474
255524910	1474
255525054	1474
255525239	1474
255525432	1474
255525649	1474
255525795	1474
255525920	1474
256323701	1474
256323997	1474
256324129	1474
256324269	1474
256324394	1474
256324532	1474
256324671	1474
256324798	1474
256324970	1474
256325167	1474
256325320	1474
256325446	1474
256325772	1474
256325938	1474
256326075	1474
256326224	1474
256326347	1474
257123330	1474
257123642	1474
257123794	1474
257123934	1474
257124060	1474
257124192	1474
257124318	1474
257124449	1474
257124575	1474
257124710	1474
257124854	1474
257124981	1474
257125125	1474
257125323	1474
257125450	1474
257125579	1474
257125717	1474
257125845	1474
257924257	1474
257924506	1474
257924629	1474
257924754	1474
257924875	1474
257924996	1474
257925147	1474
257925318	1474
257925446	1474
257925564	1474
257925683	1474
257925885	1474
257926014	1474
257926134	1474
257926254	1474
257926376	1474
257926496	1474
258723676	1474
258724011	1474
258724235	1474
258724399	1474
258724523	1474
258724669	1474
258724826	1474
258724951	1474
258725097	1474
258725284	1474
258725409	1474
258725561	1474
258725685	1474
258725825	1474
258725949	1474
258726074	1474
258726217	1474
259525385	1474
259525661	1474
259525970	1474
259526128	1474
259526361	1474
259526490	1474
259526612	1474
259526737	1474
259526876	1474
259527001	1474
259527123	1474
259527248	1474
259527373	1474
259527498	1474
259527624	1474
259527748	1474
259527890	1474
259528016	1474
260323646	1474
260323883	1474
260324082	1474
260324342	1474
260324560	1474
260324794	1474
260324959	1474
260325182	1474
260325352	1474
260325513	1474
260325673	1474
260325835	1474
260325998	1474
260326171	1474
260326332	1474
260326494	1474
260326654	1474
261123368	1474
261123675	1474
261123824	1474
261123975	1474
261124116	1474
261124239	1474
261124374	1474
261124495	1474
261124617	1474
261124742	1474
261124865	1474
261124996	1474
261125152	1474
261125336	1474
261125479	1474
261125602	1474
261125736	1474
261125882	1474
261923880	1474
261924295	1474
261924439	1474
261924565	1474
261924699	1474
261924824	1474
261924948	1474
261925086	1474
261925291	1474
261925419	1474
261925570	1474
261925693	1474
261925839	1474
261925968	1474
261926110	1474
261926234	1474
261926357	1474
261926474	1474
262723803	1474
262724056	1474
262724191	1474
262724330	1474
262724454	1474
262724580	1474
262724703	1474
262724826	1474
262724948	1474
262725072	1474
262725263	1474
262725390	1474
262725514	1474
262725638	1474
262725761	1474
262725885	1474
263524141	1474
263524931	1474
263525302	1474
263525438	1474
263525579	1474
263525716	1474
263525841	1474
263525968	1474
263526095	1474
263526220	1474
263526358	1474
263526497	1474
263526619	1474
263526748	1474
263526871	1474
263526996	1474
263527121	1474
263527249	1474
264323543	1474
264323961	1474
264324098	1474
264324240	1474
264324366	1474
264324500	1474
264324639	1474
264324764	1474
264324889	1474
264325014	1474
264325226	1474
264325381	1474
264325508	1474
264325643	1474
264325768	1474
264325899	1474
264326023	1474
264326193	1474
265123671	1474
265123983	1474
265124158	1474
265124281	1474
265124412	1474
265124678	1474
265124810	1474
265124958	1474
265125399	1474
265125546	1474
265125687	1474
265125829	1474
265125950	1474
265126087	1474
265126209	1474
265126337	1474
265126501	1474
265923630	1474
265923883	1474
265924488	1474
265924793	1474
265924926	1474
265925068	1474
265925309	1474
265925567	1474
265925706	1474
265925843	1474
265925965	1474
265926089	1474
265926210	1474
265926335	1474
265926461	1474
265926598	1474
265926741	1474
266724995	1474
266725326	1474
266725466	1474
266725584	1474
266725738	1474
266725888	1474
266726105	1474
266726235	1474
266726360	1474
266726566	1474
266726732	1474
266726856	1474
266726992	1474
266727117	1474
266727238	1474
266727370	1474
266727491	1474
267523379	1474
267523778	1474
267523914	1474
267524057	1474
267524186	1474
267524417	1474
267524548	1474
267524678	1474
267524802	1474
267524944	1474
267525067	1474
267525279	1474
267525397	1474
267525541	1474
267525674	1474
268324118	1474
268324479	1474
268324608	1474
268324749	1474
268324878	1474
268325001	1474
268325200	1474
268325349	1474
268325475	1474
268325602	1474
268325746	1474
268325871	1474
268325992	1474
268326139	1474
268326279	1474
268326405	1474
268326536	1474
269124056	1474
269124365	1474
269124518	1474
269124660	1474
269124786	1474
269124989	1474
269125150	1474
269125277	1474
269125415	1474
269125555	1474
269125682	1474
269125808	1474
269125943	1474
269126073	1474
269126195	1474
269126317	1474
269126446	1474
269126588	1474
269923998	1474
269924265	1474
269924541	1474
269924678	1474
269924809	1474
269925081	1474
269925285	1474
269925417	1474
269925542	1474
269925666	1474
269925798	1474
269925939	1474
269926063	1474
269926188	1474
269926331	1474
269926455	1474
269926581	1474
270724037	1474
270724336	1474
270724602	1474
270724729	1474
270724882	1474
270725248	1474
270725380	1474
270725507	1474
270725634	1474
270725759	1474
270725885	1474
270726021	1474
270726147	1474
270726273	1474
270726397	1474
270726524	1474
270726650	1474
270726776	1474
271524092	1474
271524427	1474
271524598	1474
271524760	1474
271524932	1474
271525095	1474
271525310	1474
271525489	1474
271525653	1474
271525817	1474
271525988	1474
271526152	1474
271526314	1474
271526476	1474
271526639	1474
271526803	1474
271526974	1474
271527137	1474
272324596	1474
272324831	1474
272324997	1474
272325359	1474
272325580	1474
272325844	1474
272326010	1474
272326171	1474
272326342	1474
272326504	1474
272326665	1474
272326827	1474
272326987	1474
272327147	1474
272327337	1474
272327498	1474
272327658	1474
273124356	1474
273124777	1474
273124904	1474
273125030	1474
273125235	1474
273125363	1474
273125493	1474
273125619	1474
273125743	1474
273125867	1474
273126028	1474
273126157	1474
273126296	1474
273126430	1474
273126553	1474
273126676	1474
273126824	1474
273126947	1474
273924205	1474
273924516	1474
273924687	1474
273924878	1474
273925099	1474
273925387	1474
273925558	1474
273925720	1474
273925883	1474
273926046	1474
273926225	1474
273926397	1474
273926559	1474
273926722	1474
273926883	1474
273927046	1474
273927210	1474
273927380	1474
274724835	1474
274725071	1474
274725303	1474
274725567	1474
274725793	1474
274726023	1474
274726195	1474
274726367	1474
274726533	1474
274726695	1474
274726861	1474
274727022	1474
274727190	1474
274727362	1474
274727528	1474
274727689	1474
274727856	1474
275524017	1474
275524280	1474
275524492	1474
275524833	1474
275525072	1474
275525450	1474
275525619	1474
275525785	1474
275525951	1474
275526117	1474
275526279	1474
275526458	1474
275526620	1474
275526786	1474
275526947	1474
275527112	1474
275527274	1474
276325020	1474
276325272	1474
276325452	1474
276325614	1474
276325779	1474
276325941	1474
276326107	1474
276326266	1474
276326506	1474
276326668	1474
276326834	1474
276327014	1474
276327183	1474
276327346	1474
276327525	1474
276327687	1474
277125243	1474
277125504	1474
277125675	1474
277125837	1474
277125999	1474
277126162	1474
277126325	1474
277126498	1474
277126662	1474
277126830	1474
277126992	1474
277127158	1474
277127320	1474
277127491	1474
277127653	1474
277127820	1474
277128014	1474
277924217	1474
277924367	1474
277924496	1474
277924633	1474
277924755	1474
277924879	1474
277925152	1474
277925283	1474
277925409	1474
277925537	1474
277925670	1474
277925801	1474
277925922	1474
277926046	1474
277926167	1474
277926289	1474
277926409	1474
277926534	1474
278723975	1474
278724199	1474
278724387	1474
278724554	1474
278724738	1474
278724902	1474
278725067	1474
278725274	1474
278725448	1474
278725625	1474
278725792	1474
278725956	1474
278726121	1474
278726282	1474
278726448	1474
278726618	1474
278726788	1474
278726955	1474
279528065	1474
279528325	1474
279528546	1474
279528793	1474
279529055	1474
279529273	1474
279529446	1474
279529616	1474
279529794	1474
279529958	1474
279530124	1474
279530290	1474
279530456	1474
279530642	1474
279530818	1474
279530985	1474
279531153	1474
279531321	1474
280326445	1474
280326704	1474
280326971	1474
280327194	1474
280327447	1474
280327624	1474
280327829	1474
280328011	1474
280328178	1474
280328341	1474
280328508	1474
280328672	1474
280328861	1474
280329024	1474
280329243	1474
280329414	1474
280329582	1474
280329758	1474
281125609	1474
281125868	1474
281126064	1474
281126234	1474
281126396	1474
281126564	1474
281126727	1474
281126906	1474
281127071	1474
281127235	1474
281127398	1474
281127561	1474
281127725	1474
281127902	1474
281128065	1474
281128230	1474
281128395	1474
281924057	1474
281924301	1474
281924467	1474
281924659	1474
281924912	1474
281925170	1474
281925390	1474
281925559	1474
281925726	1474
281925899	1474
281926068	1474
281926230	1474
281926397	1474
281926559	1474
281926726	1474
281926898	1474
281927084	1474
281927251	1474
282724421	1474
282724654	1474
282724823	1474
282725030	1474
282725304	1474
282725477	1474
282725644	1474
282725805	1474
282725969	1474
282726196	1474
282726364	1474
282726528	1474
282726694	1474
282726857	1474
282727033	1474
282727197	1474
282727361	1474
283527266	1474
283527507	1474
283527677	1474
283527914	1474
283528151	1474
283528393	1474
283528559	1474
283528725	1474
283528887	1474
283529060	1474
283529275	1474
283529461	1474
283529625	1474
283529787	1474
283529948	1474
283530130	1474
283530292	1474
283530455	1474
284590773	1474
284591076	1474
284591248	1474
284591460	1474
284591700	1474
284591963	1474
284592127	1474
284592326	1474
284592489	1474
284592650	1474
284592811	1474
284592970	1474
284593131	1474
284593356	1474
284593598	1474
284593771	1474
284593945	1474
284595126	1474
285392135	1474
285392446	1474
285392639	1474
285392888	1474
285393125	1474
285393429	1474
285393597	1474
285393762	1474
285393923	1474
285394085	1474
285394258	1474
285394423	1474
285394587	1474
285394751	1474
285394914	1474
285395075	1474
285395244	1474
286192240	1474
286192513	1474
286192706	1474
286192984	1474
286193256	1474
286193474	1474
286193639	1474
286193803	1474
286193966	1474
286194130	1474
286194293	1474
286194474	1474
286194641	1474
286194805	1474
286194968	1474
286195132	1474
286195294	1474
286195471	1474
286991682	1474
286992011	1474
286992182	1474
286992529	1474
286992752	1474
286992999	1474
286993239	1474
286993620	1474
286993791	1474
286993976	1474
286994142	1474
286994307	1474
286994477	1474
286994641	1474
286994804	1474
286994967	1474
286995130	1474
287791900	1474
287792093	1474
287792226	1474
287792351	1474
287792502	1474
287792628	1474
287792756	1474
287792881	1474
287793012	1474
287793262	1474
287793391	1474
287793526	1474
287793649	1474
287793792	1474
287793915	1474
287794041	1474
287794170	1474
287794295	1474
288591986	1474
288592188	1474
288592594	1474
288592722	1474
288592862	1474
288593000	1474
288593188	1474
288593317	1474
288593440	1474
288593586	1474
288593711	1474
288593836	1474
288593961	1474
288594086	1474
288594213	1474
288594336	1474
288594461	1474
288594600	1474
289391984	1474
289392171	1474
289392382	1474
289392522	1474
289392742	1474
289392974	1474
289393139	1474
289393267	1474
289393393	1474
289393512	1474
289393647	1474
289393771	1474
289393894	1474
289394015	1474
289394137	1474
289394257	1474
289394378	1474
290191391	1474
290191624	1474
290191764	1474
290191885	1474
290192010	1474
290192130	1474
290192252	1474
290192393	1474
290192514	1474
290192631	1474
290192762	1474
290192882	1474
290193001	1474
290193196	1474
290193316	1474
290193435	1474
290193553	1474
290193675	1474
290991460	1474
290991646	1474
290991771	1474
290991891	1474
290992009	1474
290992127	1474
290992246	1474
290992365	1474
290992483	1474
290992602	1474
290992722	1474
290992859	1474
290992977	1474
290993207	1474
290993333	1474
290993457	1474
290993576	1474
291792484	1474
291792733	1474
291792870	1474
291792991	1474
291793109	1474
291793273	1474
291793394	1474
291793512	1474
291793633	1474
291793754	1474
291793888	1474
291794008	1474
291794126	1474
291794246	1474
291794363	1474
291794482	1474
291794600	1474
291794719	1474
292594193	1474
292594478	1474
292594623	1474
292594767	1474
292594889	1474
292595049	1474
292595173	1474
292595292	1474
292595446	1474
292595570	1474
292595724	1474
292595847	1474
292596039	1474
292596177	1474
292596299	1474
292596424	1474
292596578	1474
292596701	1474
293392539	1474
293392801	1474
293392929	1474
293393176	1474
293393294	1474
293393416	1474
293393539	1474
293393688	1474
293393814	1474
293393939	1474
293394081	1474
293394206	1474
293394331	1474
293394456	1474
293394583	1474
293394708	1474
293394830	1474
293394955	1474
294191981	1474
294192143	1474
294192370	1474
294192514	1474
294192643	1474
294192782	1474
294192906	1474
294193082	1474
294193259	1474
294193400	1474
294193530	1474
294193657	1474
294193792	1474
294193934	1474
294194070	1474
294194195	1474
294194320	1474
294194455	1474
294991317	1474
294991587	1474
294991882	1474
294992015	1474
294992135	1474
294992270	1474
294992412	1474
294992535	1474
294992656	1474
294992780	1474
294992906	1474
294993044	1474
294993167	1474
294993350	1474
294993480	1474
294993622	1474
294993745	1474
294993882	1474
295791830	1474
295792019	1474
295792247	1474
295792481	1474
295792616	1474
295792756	1474
295792884	1474
295793010	1474
295793196	1474
295793335	1474
295793460	1474
295793603	1474
295793728	1474
295793850	1474
295793991	1474
295794116	1474
295794237	1474
296592714	1474
296593152	1474
296593270	1474
296593501	1474
296593624	1474
296593751	1474
296593873	1474
296594008	1474
296594127	1474
296594262	1474
296594415	1474
296594537	1474
296594660	1474
296594798	1474
296594919	1474
296595044	1474
297391506	1474
297391962	1474
297392090	1474
297392222	1474
297392344	1474
297392516	1474
297392642	1474
297392789	1474
297392916	1474
297393041	1474
297393258	1474
297393381	1474
297393510	1474
297393632	1474
297393754	1474
297393878	1474
297394004	1474
298192688	1474
298192977	1474
298193104	1474
298193300	1474
298193430	1474
298193603	1474
298193739	1474
298193861	1474
298193987	1474
298194113	1474
298194237	1474
298194376	1474
298194581	1474
298194706	1474
298194830	1474
298194951	1474
298992967	1474
298993282	1474
298993456	1474
298993682	1474
298993928	1474
298994172	1474
298994342	1474
298994516	1474
298994684	1474
298994857	1474
298995024	1474
298995190	1474
298995357	1474
298995535	1474
298995699	1474
298995867	1474
298996033	1474
298996204	1474
299792926	1474
299793292	1474
299793468	1474
299793622	1474
299793777	1474
299794032	1474
299794176	1474
299794321	1474
299794446	1474
299794582	1474
299794707	1474
299794840	1474
299794965	1474
299795098	1474
299795223	1474
299795358	1474
299795484	1474
300591727	1474
300592083	1474
300592223	1474
300592345	1474
300592473	1474
300592595	1474
300592722	1474
300592857	1474
300592994	1474
300593169	1474
300593297	1474
300593435	1474
300593572	1474
300593695	1474
300593821	1474
300593971	1474
300594097	1474
301392237	1474
301392562	1474
301392697	1474
301392837	1474
301392964	1474
301393162	1474
301393291	1474
301393407	1474
301393532	1474
301393654	1474
301393873	1474
301394008	1474
301394148	1474
301394274	1474
301394399	1474
301394524	1474
301394663	1474
301394802	1474
302192854	1474
302193294	1474
302193420	1474
302193542	1474
302193676	1474
302193807	1474
302193947	1474
302194071	1474
302194197	1474
302194324	1474
302194449	1474
302194572	1474
302194711	1474
302194846	1474
302194991	1474
302195115	1474
302991805	1474
302992183	1474
302992310	1474
302992455	1474
302992575	1474
302992695	1474
302992827	1474
302992964	1474
302993113	1474
302993301	1474
302993426	1474
302993557	1474
302993697	1474
302993815	1474
302993962	1474
302994082	1474
302994224	1474
303792867	1474
303793164	1474
303793284	1474
303793398	1474
303793513	1474
303793630	1474
303793748	1474
303793865	1474
303793983	1474
303794112	1474
303794231	1474
303794346	1474
303794465	1474
303794584	1474
303794701	1474
303794817	1474
303794935	1474
303795046	1474
304592032	1474
304592248	1474
304592421	1474
304592542	1474
304592662	1474
304592880	1474
304593007	1474
304593163	1474
304593288	1474
304593404	1474
304593526	1474
304593644	1474
304593758	1474
304593877	1474
304593996	1474
304594108	1474
304594238	1474
305392013	1474
305392297	1474
305392417	1474
305392536	1474
305392656	1474
305392772	1474
305392889	1474
305393005	1474
305393196	1474
305393331	1474
305393450	1474
305393567	1474
305393684	1474
305393802	1474
305393922	1474
305394038	1474
305394154	1474
305394284	1474
306193312	1474
306193568	1474
306193751	1474
306193870	1474
306193987	1474
306194102	1474
306194218	1474
306194348	1474
306194465	1474
306194582	1474
306194710	1474
306194828	1474
306194949	1474
306195066	1474
306195182	1474
306195304	1474
306195425	1474
306195541	1474
306991998	1474
306992251	1474
306992380	1474
306992498	1474
306992616	1474
306992733	1474
306992849	1474
306992965	1474
306993110	1474
306993273	1474
306993399	1474
306993517	1474
306993635	1474
306993751	1474
306993866	1474
306993983	1474
307791999	1474
307792302	1474
307792605	1474
307792731	1474
307792854	1474
307792974	1474
307793166	1474
307793296	1474
307793417	1474
307793553	1474
307793686	1474
307793806	1474
307793929	1474
307794069	1474
307794191	1474
307794322	1474
307794437	1474
308593783	1474
308594047	1474
308594497	1474
308594808	1474
308594939	1474
308595085	1474
308595220	1474
308595345	1474
308595467	1474
308595628	1474
308595750	1474
308595885	1474
308596006	1474
308596134	1474
308596256	1474
308596377	1474
308596506	1474
309391791	1474
309392114	1474
309392341	1474
309392608	1474
309392838	1474
309393087	1474
309393305	1474
309393480	1474
309393663	1474
309393829	1474
309393997	1474
309394162	1474
309394326	1474
309394491	1474
309394690	1474
309394858	1474
309395023	1474
309395185	1474
310194217	1474
310194512	1474
310194631	1474
310194844	1474
310194988	1474
310195107	1474
310195228	1474
310195356	1474
310195516	1474
310195640	1474
310195847	1474
310195983	1474
310196122	1474
310196244	1474
310196375	1474
310196500	1474
310196753	1474
310993373	1474
310993642	1474
310993928	1474
310994056	1474
310994182	1474
310994479	1474
310994610	1474
310994728	1474
310994953	1474
310995093	1474
310995244	1474
310995365	1474
310995486	1474
310995607	1474
310995762	1474
310995887	1474
310996010	1474
310996133	1474
311794190	1474
311794462	1474
311794758	1474
311794893	1474
311795016	1474
311795270	1474
311795401	1474
311795525	1474
311795652	1474
311795790	1474
311795929	1474
311796055	1474
311796191	1474
311796313	1474
311796436	1474
311796562	1474
311796686	1474
311796813	1474
312594059	1474
312594504	1474
312594633	1474
312594776	1474
312594919	1474
312595046	1474
312595166	1474
312595287	1474
312595424	1474
312595561	1474
312595678	1474
312595802	1474
312595936	1474
312596062	1474
312596192	1474
312596312	1474
312596432	1474
312596553	1474
313392266	1474
313392648	1474
313392786	1474
313392931	1474
313393166	1474
313393303	1474
313393488	1474
313393747	1474
313393875	1474
313394027	1474
313394151	1474
313394274	1474
313394395	1474
313394522	1474
313394648	1474
313394783	1474
313394915	1474
313395043	1474
314195890	1474
314196170	1474
314196439	1474
314196577	1474
314196705	1474
314196925	1474
314197071	1474
314197275	1474
314197402	1474
314197528	1474
314197663	1474
314197790	1474
314197914	1474
314198058	1474
314198202	1474
314198326	1474
314198452	1474
314198577	1474
314992352	1474
314992696	1474
314992828	1474
314992968	1474
314993132	1474
314993300	1474
314993425	1474
314993550	1474
314993689	1474
314993814	1474
314993940	1474
314994075	1474
314994201	1474
314994345	1474
314994482	1474
314994605	1474
315794857	1474
315795115	1474
315795314	1474
315795480	1474
315795643	1474
315795805	1474
315795963	1474
315796124	1474
315796294	1474
315796457	1474
315796618	1474
315796777	1474
315796937	1474
315797099	1474
315797317	1474
315797488	1474
315797650	1474
315797812	1474
315828633	54
