10093826	58
10095443	88
10098515	54
10239984	88
10241260	54
10837990	77
10839756	54
10981956	73
10983643	54
11124840	63
11126962	54
11267925	85
11269689	54
11414466	91
11416322	54
11563256	70
11564916	54
11716874	102
11873679	58
11874939	54
12017813	150
12026844	1474
12026969	1474
12027740	1474
12027863	1474
12027979	1474
12028888	1474
12029110	1474
12029388	1474
12029703	1474
12029961	1474
12030470	334
12176993	1474
12177115	1474
12177283	1474
12177418	1474
12177539	1474
12177661	1474
12177870	1474
12178038	1474
12178133	1474
12178372	1474
12178611	1474
12178799	1474
12178925	390
12329322	1474
12329533	1474
12329654	1474
12329802	1474
12329925	1474
12330174	1474
12330345	1474
12330550	1474
12330675	1474
12330794	1474
12331031	1474
12331153	1474
12331378	390
12331514	1474
12331773	1474
12331872	1474
12331964	138
12479473	1474
12479721	1474
12479842	1474
12479933	1474
12480024	1474
12480141	1474
12480259	1474
12480353	1474
12480577	1474
12480702	1474
12480903	1474
12481073	1474
12481286	1474
12481554	1474
12481743	1474
12481864	1474
12481956	1474
12482071	1474
12482313	1474
12482444	1474
12482535	1474
12482654	1474
12482903	1474
12483102	1474
12483319	726
12630127	1474
12630244	1474
12630361	1474
12630452	1474
12630583	1474
12630700	1474
12630801	1474
12631073	1474
12631214	1474
12631336	1474
12631617	1474
12631734	1474
12631853	1474
12632076	1474
12632172	1474
12632293	1474
12632512	1474
12632630	1474
12632751	1474
12632989	1474
12633163	1474
12633461	1474
12633852	1474
12634074	1474
12634292	1474
12634559	1474
12634774	1474
12634896	1474
12635016	1474
12635162	866
12780007	1474
12780217	1474
12780336	1474
12780427	1474
12780629	1474
12780748	1474
12780843	1474
12781072	1474
12781237	1474
12781501	1474
12781735	1474
12781906	1474
12782025	1474
12782207	1474
12782329	1474
12782544	1474
12782721	1474
12782844	1474
12783029	1474
12783199	1474
12783321	1474
12783560	1474
12783763	1474
12783934	1474
12784054	1474
12784204	1474
12784299	1474
12784493	810
12930723	1474
12930816	1474
12930908	1474
12931025	1474
12931144	1474
12931262	1474
12931522	1474
12931666	1474
12931893	278
12932112	1474
12932317	1474
12932437	1474
12932532	1474
12932773	1474
12932892	1474
12933088	222
12933466	1474
12933688	1474
12933807	1474
12933925	1474
12934040	1474
12934158	1474
12934410	222
12934645	1474
12934860	1474
12934953	110
12935074	1474
12935195	1474
12935437	110
13079984	1474
13080108	1474
13080227	1474
13080345	1474
13080436	1474
13080529	1474
13080657	1474
13080750	1474
13080867	1474
13080981	1474
13081099	1474
13081216	1474
13081334	1474
13081453	1474
13081544	1474
13081674	474
13081766	1474
13081883	1474
13081974	1474
13082091	1474
13082208	1474
13082300	1474
13082391	1474
13082482	1474
13082599	1474
13082731	1474
13082849	1474
13082939	1474
13083057	390
13122415	1474
13122514	1474
13122699	1474
13122825	1474
13123024	1474
13123129	1474
13123248	1474
13123339	1474
13123550	1474
13123682	1474
13123773	334
13229569	1474
13229804	1474
13229924	1474
13230041	1474
13230158	1474
13230250	1474
13230366	1474
13230482	1474
13230605	1474
13230706	1474
13230829	1474
13230948	1474
13231063	1474
13231153	1474
13231244	1474
13231363	1474
13231538	1474
13231672	1474
13584995	1474
13585102	1474
13585221	1474
13585338	1474
13585431	1474
13585519	1474
13585637	1474
13585767	1474
13585884	1474
13586002	1474
13586117	1474
13586237	1474
13586329	1474
13586447	1474
13586537	1474
13586654	1474
13586788	1474
14385530	1474
14385746	1474
14385872	1474
14385997	1474
14386123	1474
14386398	1474
14386525	1474
14386650	1474
14386748	1474
14386873	1474
14386970	1474
14387079	1474
14387204	1474
14387302	1474
14387455	1474
14387655	1474
14387784	1474
14387904	1474
15184944	1474
15185082	1474
15185357	1474
15185668	1474
15185927	1474
15186157	1474
15186433	1474
15186549	1474
15186648	1474
15186771	1474
15186870	1474
15186994	1474
15187091	1474
15187227	1474
15187353	1474
15187574	1474
15187677	1474
15188221	1474
15985148	1474
15985280	1474
15985414	1474
15985551	1474
15985683	1474
15985909	1474
15986034	1474
15986159	1474
15986257	1474
15986569	1474
15986692	1474
15986827	1474
15986998	1474
15987121	1474
15987241	1474
15987365	1474
15987577	1474
15987725	1474
16785740	1474
16785893	1474
16785988	1474
16786128	1474
16786249	1474
16786388	1474
16786509	1474
16786638	1474
16786773	1474
16786899	1474
16787020	1474
16787141	1474
16787263	1474
16787357	1474
16787557	1474
16787686	1474
16787812	1474
17586570	1474
17586706	1474
17586830	1474
17586925	1474
17587124	1474
17587249	1474
17587387	1474
17587668	1474
17587795	1474
17587900	1474
17588053	1474
17588175	1474
17588332	1474
17588430	1474
17588563	1474
17588658	1474
17588796	1474
17588892	1474
18386056	1474
18386188	1474
18386368	1474
18386511	1474
18386606	1474
18386723	1474
18386820	1474
18386962	1474
18387096	1474
18387227	1474
18387336	1474
18387454	1474
18387624	1474
18387769	1474
18387890	1474
18388003	1474
18388117	1474
19186667	1474
19186765	1474
19186873	1474
19186968	1474
19187092	1474
19187345	1474
19187588	1474
19187717	1474
19187930	1474
19188068	1474
19188217	1474
19188319	1474
19188440	1474
19188567	1474
19188677	1474
19188774	1474
19188873	1474
19719101	1474
19719206	1474
19719332	1474
19719553	1474
19719751	1474
19720055	1474
19720179	1474
19720294	1474
19720563	1474
19720701	1474
19720855	1474
19720976	1474
19721101	1474
19721226	1474
19721358	1474
19721480	1474
19721614	1474
20519993	1474
20520124	1474
20520236	1474
20520369	1474
20520493	1474
20520621	1474
20520764	1474
20520900	1474
20521030	1474
20521175	1474
20521271	1474
20521381	1474
20521504	1474
20521611	1474
20521734	1474
20521855	1474
20521992	1474
21319604	1474
21319745	1474
21319871	1474
21320012	1474
21320160	1474
21320492	1474
21320590	1474
21320707	1474
21320804	1474
21320937	1474
21321058	1474
21321162	1474
21321282	1474
21321399	1474
21321522	1474
21321645	1474
21321741	1474
22119987	1474
22120128	1474
22120225	1474
22120382	1474
22120508	1474
22120631	1474
22120754	1474
22120866	1474
22120982	1474
22121105	1474
22121227	1474
22121360	1474
22121485	1474
22121606	1474
22121727	1474
22121852	1474
22121972	1474
22919977	1474
22920108	1474
22920324	1474
22920466	1474
22920608	1474
22920890	1474
22921021	1474
22921159	1474
22921258	1474
22921356	1474
22921453	1474
22921584	1474
22921711	1474
22921810	1474
22921936	1474
22922057	1474
22922153	1474
22922276	1474
23720092	1474
23720230	1474
23720448	1474
23720567	1474
23720686	1474
23720997	1474
23721121	1474
23721287	1474
23721412	1474
23721508	1474
23721630	1474
23721751	1474
23721882	1474
23722005	1474
23722127	1474
23722268	1474
23722390	1474
24520761	1474
24520897	1474
24521041	1474
24521202	1474
24521347	1474
24521442	1474
24521687	1474
24521817	1474
24521912	1474
24522006	1474
24522132	1474
24522266	1474
24522389	1474
24522528	1474
24522660	1474
24522781	1474
24522901	1474
24523036	1474
25588461	1474
25588594	1474
25588705	1474
25588823	1474
25588954	1474
25589090	1474
25589236	1474
25589469	1474
25589595	1474
25589694	1474
25589792	1474
25589918	1474
25590040	1474
25590173	1474
25590311	1474
25590443	1474
25590566	1474
25590680	1474
26121101	1474
26121204	1474
26121415	1474
26121528	1474
26121639	1474
26121779	1474
26121878	1474
26122031	1474
26122154	1474
26122265	1474
26122439	1474
26122554	1474
26122674	1474
26122796	1474
26122906	1474
26123050	1474
26921032	1474
26921161	1474
26921280	1474
26921400	1474
26921521	1474
26921614	1474
26921718	1474
26921816	1474
26921905	1474
26922027	1474
26922147	1474
26922240	1474
26922361	1474
26922481	1474
26922601	1474
26922737	1474
26922861	1474
27721566	1474
27721696	1474
27721822	1474
27721941	1474
27722071	1474
27722171	1474
27722264	1474
27722358	1474
27722479	1474
27722599	1474
27722693	1474
27722810	1474
27722904	1474
27723037	1474
27723158	1474
27723277	1474
27723397	1474
27723523	1474
28523436	1474
28523589	1474
28523718	1474
28523812	1474
28523928	1474
28524048	1474
28524169	1474
28524299	1474
28524414	1474
28524653	1474
28524777	1474
28524870	1474
28524991	1474
28525111	1474
28525230	1474
28525373	1474
29328170	1474
29328265	1474
29328384	1474
29328518	1474
29328612	1474
29328734	1474
29328828	1474
29328947	1474
29329066	1474
29329186	1474
29329305	1474
29329407	1474
29329615	1474
29329710	1474
29329824	1474
29329943	1474
29330061	1474
29330154	1474
30121614	1474
30121729	1474
30121829	1474
30121943	1474
30122057	1474
30122179	1474
30122388	1474
30122514	1474
30122614	1474
30122748	1474
30122869	1474
30122994	1474
30123088	1474
30123208	1474
30123355	1474
30123553	1474
30123684	1474
30922286	1474
30922412	1474
30922529	1474
30922622	1474
30922741	1474
30922860	1474
30922962	1474
30923085	1474
30923205	1474
30923325	1474
30923546	1474
30923672	1474
30923789	1474
30923882	1474
30923981	1474
30924072	1474
30924193	1474
30924286	1474
31721967	1474
31722070	1474
31722205	1474
31722301	1474
31722423	1474
31722545	1474
31722665	1474
31722790	1474
31722884	1474
31723004	1474
31723124	1474
31723254	1474
31723376	1474
31723555	1474
31723656	1474
31723782	1474
31723904	1474
31724024	1474
32789091	1474
32789200	1474
32789419	1474
32789573	1474
32789875	1474
32790331	1474
32790571	1474
32790667	1474
32790791	1474
32790912	1474
32791007	1474
32791129	1474
32791224	1474
32791320	1474
32791414	1474
32791589	1474
32791691	1474
32791988	1474
33589259	1474
33589440	1474
33589582	1474
33589826	1474
33589972	1474
33590095	1474
33590260	1474
33590381	1474
33590501	1474
33590595	1474
33590789	1474
33590914	1474
33591035	1474
33591128	1474
33591249	1474
33591370	1474
33591554	1474
33591654	1474
34389501	1474
34389633	1474
34389767	1474
34390029	1474
34390233	1474
34390457	1474
34390581	1474
34390676	1474
34390797	1474
34390917	1474
34391045	1474
34391166	1474
34391287	1474
34391437	1474
34391687	1474
34391825	1474
34391964	1474
34923950	1474
34924244	1474
34924458	1474
34924761	1474
34924954	1474
34925128	1474
34925348	1474
34925513	1474
34925704	1474
34925904	1474
34926148	1474
34926320	1474
34926509	1474
34926674	1474
34926928	1474
34927131	1474
34929998	1474
35723136	1474
35723262	1474
35723505	1474
35723632	1474
35723760	1474
35723879	1474
35723998	1474
35724118	1474
35724237	1474
35724372	1474
35724493	1474
35724613	1474
35724709	1474
35724803	1474
35724897	1474
35725018	1474
36525008	1474
36525138	1474
36525227	1474
36525347	1474
36525463	1474
36525555	1474
36525663	1474
36525791	1474
36525883	1474
36525970	1474
36526089	1474
36526183	1474
36526306	1474
36526424	1474
36526694	1474
36526817	1474
36527023	1474
36527130	1474
37326640	1474
37326895	1474
37327015	1474
37327271	1474
37327456	1474
37327612	1474
37327834	1474
37327959	1474
37328200	1474
37328739	1474
37328884	1474
37329009	1474
37329127	1474
37329245	1474
37329363	1474
37329482	1474
37329574	1474
38123742	1474
38123886	1474
38124006	1474
38124199	1474
38124291	1474
38124411	1474
38124530	1474
38124648	1474
38124766	1474
38124858	1474
38124953	1474
38125055	1474
38125176	1474
38125293	1474
38125385	1474
38125478	1474
38125596	1474
38924154	1474
38924294	1474
38924415	1474
38924506	1474
38924620	1474
38924709	1474
38924827	1474
38924944	1474
38925061	1474
38925178	1474
38925279	1474
38925400	1474
38925518	1474
38925609	1474
38925729	1474
38925845	1474
38925935	1474
39724246	1474
39724355	1474
39724673	1474
39724815	1474
39725072	1474
39725512	1474
39725728	1474
39725850	1474
39725970	1474
39726088	1474
39726183	1474
39726301	1474
39726390	1474
39726577	1474
39726696	1474
39726815	1474
39727046	1474
39727142	1474
40525746	1474
40525901	1474
40525996	1474
40526116	1474
40526234	1474
40526354	1474
40526447	1474
40526558	1474
40526674	1474
40526795	1474
40526912	1474
40527004	1474
40527123	1474
40527241	1474
40527358	1474
40527541	1474
40527671	1474
41330022	1474
41330155	1474
41330351	1474
41330481	1474
41330609	1474
41330849	1474
41330992	1474
41331121	1474
41331250	1474
41331346	1474
41331523	1474
41331778	1474
41331880	1474
41332015	1474
41332115	1474
41332244	1474
41332371	1474
41332472	1474
42392239	1474
42392400	1474
42392621	1474
42392739	1474
42393222	1474
42393478	1474
42393601	1474
42393696	1474
42393790	1474
42393911	1474
42394030	1474
42394124	1474
42394245	1474
42394376	1474
42394496	1474
42394615	1474
42394735	1474
42394855	1474
43191970	1474
43192197	1474
43192292	1474
43192646	1474
43192848	1474
43192971	1474
43193100	1474
43193202	1474
43193318	1474
43193435	1474
43193560	1474
43193652	1474
43193768	1474
43193857	1474
43193977	1474
43194069	1474
43194183	1474
43992852	1474
43992992	1474
43993109	1474
43993225	1474
43993316	1474
43993432	1474
43993522	1474
43993638	1474
43993765	1474
43993857	1474
43993948	1474
43994036	1474
43994150	1474
43994240	1474
43994333	1474
43994448	1474
43994565	1474
43994679	1474
44527386	1474
44527542	1474
44527642	1474
44527773	1474
44527903	1474
44528034	1474
44528270	1474
44528392	1474
44528486	1474
44528703	1474
44528829	1474
44528958	1474
44529082	1474
44529182	1474
44529280	1474
44529380	1474
45593378	1474
45593528	1474
45593653	1474
45593747	1474
45593840	1474
45593933	1474
45594052	1474
45594185	1474
45594307	1474
45594401	1474
45594493	1474
45594614	1474
45594733	1474
45594853	1474
45594948	1474
45595042	1474
45595174	1474
45595270	1474
46125254	1474
46125534	1474
46125707	1474
46125880	1474
46126065	1474
46126278	1474
46126638	1474
46126806	1474
46127121	1474
46127302	1474
46127443	1474
46127663	1474
46127804	1474
46127971	1474
46128110	1474
46128292	1474
46128540	1474
46927172	1474
46927346	1474
46927584	1474
46927731	1474
46927896	1474
46928063	1474
46928202	1474
46928371	1474
46928636	1474
46928861	1474
46929230	1474
46929427	1474
46929610	1474
46929749	1474
46929913	1474
46930081	1474
46930244	1474
47729140	1474
47729261	1474
47729386	1474
47729513	1474
47729654	1474
47729781	1474
47730007	1474
47730135	1474
47730260	1474
47730383	1474
47730482	1474
47730606	1474
47730731	1474
47730865	1474
47730963	1474
47731091	1474
47731189	1474
48526273	1474
48526437	1474
48526570	1474
48526695	1474
48526837	1474
48526963	1474
48527073	1474
48527223	1474
48527349	1474
48527535	1474
48527666	1474
48527792	1474
48527915	1474
48528052	1474
48528154	1474
48528287	1474
48528412	1474
49325764	1474
49326080	1474
49326230	1474
49326359	1474
49326474	1474
49326727	1474
49326830	1474
49326969	1474
49327109	1474
49327246	1474
49327368	1474
49327516	1474
49327688	1474
49327805	1474
49327935	1474
49328059	1474
49328196	1474
50126498	1474
50126615	1474
50126766	1474
50126893	1474
50127022	1474
50127152	1474
50127276	1474
50127419	1474
50127549	1474
50127715	1474
50127851	1474
50127989	1474
50128087	1474
50128186	1474
50128311	1474
50128431	1474
50128555	1474
50128658	1474
51193417	1474
51193591	1474
51193741	1474
51194010	1474
51194135	1474
51194236	1474
51194338	1474
51194497	1474
51194622	1474
51194777	1474
51194896	1474
51195020	1474
51195160	1474
51195306	1474
51195502	1474
51195684	1474
51195814	1474
51195963	1474
51727439	1474
51727788	1474
51727926	1474
51728223	1474
51728376	1474
51728684	1474
51728785	1474
51728989	1474
51729117	1474
51729231	1474
51729354	1474
51729478	1474
51729600	1474
51729745	1474
51729880	1474
51729975	1474
51730073	1474
52793719	1474
52793903	1474
52794110	1474
52794294	1474
52794462	1474
52794628	1474
52794767	1474
52794903	1474
52795066	1474
52795241	1474
52795382	1474
52795520	1474
52795737	1474
52795884	1474
52796046	1474
52796219	1474
52796382	1474
52796520	1474
53593503	1474
53593699	1474
53593925	1474
53594139	1474
53594389	1474
53594668	1474
53594803	1474
53594970	1474
53595132	1474
53595321	1474
53595491	1474
53595731	1474
53595900	1474
53596067	1474
53596201	1474
53596340	1474
53596517	1474
54393701	1474
54394356	1474
54394555	1474
54394847	1474
54394989	1474
54395152	1474
54395318	1474
54395482	1474
54395713	1474
54395895	1474
54396062	1474
54396225	1474
54396366	1474
54396529	1474
54396703	1474
54396867	1474
54397055	1474
54397194	1474
55194095	1474
55194417	1474
55194668	1474
55194839	1474
55195040	1474
55195278	1474
55195445	1474
55195663	1474
55195805	1474
55195977	1474
55196140	1474
55196300	1474
55196437	1474
55196599	1474
55196761	1474
55196935	1474
55197072	1474
55197234	1474
55993822	1474
55994017	1474
55994217	1474
55994473	1474
55994711	1474
55994859	1474
55995022	1474
55995166	1474
55995331	1474
55995492	1474
55995749	1474
55995917	1474
55996079	1474
55996251	1474
55996412	1474
55996572	1474
55996734	1474
55996894	1474
56795272	1474
56795400	1474
56795676	1474
56795810	1474
56795937	1474
56796058	1474
56796177	1474
56796269	1474
56796387	1474
56796491	1474
56796613	1474
56796704	1474
56796822	1474
56796914	1474
56797032	1474
56797149	1474
56797267	1474
56797385	1474
57594577	1474
57594678	1474
57594809	1474
57594901	1474
57595019	1474
57595136	1474
57595252	1474
57595342	1474
57595479	1474
57595620	1474
57595751	1474
57595870	1474
57595964	1474
57596055	1474
57596173	1474
57596289	1474
57596378	1474
57596472	1474
58395203	1474
58395305	1474
58395437	1474
58395535	1474
58395744	1474
58395863	1474
58395991	1474
58396111	1474
58396202	1474
58396294	1474
58396384	1474
58396519	1474
58396646	1474
58396765	1474
58396884	1474
58397010	1474
58397102	1474
58397220	1474
59196202	1474
59196375	1474
59196498	1474
59196589	1474
59196701	1474
59196818	1474
59196936	1474
59197053	1474
59197183	1474
59197302	1474
59197394	1474
59197507	1474
59197619	1474
59197737	1474
59197855	1474
59197972	1474
59198090	1474
59995507	1474
59995615	1474
59995843	1474
59996003	1474
59996126	1474
59996352	1474
59996485	1474
59996611	1474
59996733	1474
59996851	1474
59996969	1474
59997061	1474
59997178	1474
59997295	1474
59997424	1474
59997541	1474
59997633	1474
60795350	1474
60795523	1474
60795652	1474
60795771	1474
60795889	1474
60796006	1474
60796124	1474
60796241	1474
60796359	1474
60796486	1474
60796604	1474
60796695	1474
60796813	1474
60796931	1474
60797023	1474
60797115	1474
60797235	1474
60797353	1474
61596744	1474
61596875	1474
61596970	1474
61597067	1474
61597161	1474
61597256	1474
61597376	1474
61597469	1474
61597589	1474
61597716	1474
61597808	1474
61597928	1474
61598046	1474
61598139	1474
61598259	1474
61598378	1474
61598496	1474
62396062	1474
62396192	1474
62396314	1474
62396434	1474
62396531	1474
62396624	1474
62396717	1474
62396809	1474
62396910	1474
62397246	1474
62397397	1474
62397544	1474
62397685	1474
62397812	1474
62397961	1474
62398086	1474
62398210	1474
63195553	1474
63195744	1474
63195989	1474
63196145	1474
63196367	1474
63196602	1474
63196766	1474
63196927	1474
63197063	1474
63197209	1474
63197346	1474
63197482	1474
63197642	1474
63197803	1474
63197963	1474
63198140	1474
63198305	1474
63198440	1474
63996202	1474
63996413	1474
63996722	1474
63996893	1474
63997087	1474
63997359	1474
63997501	1474
63997663	1474
63997825	1474
63997987	1474
63998151	1474
63998311	1474
63998456	1474
63998619	1474
63998754	1474
63998915	1474
63999077	1474
63999238	1474
65067093	1474
65067297	1474
65067490	1474
65067811	1474
65068033	1474
65068315	1474
65068482	1474
65068658	1474
65068822	1474
65068960	1474
65069209	1474
65069419	1474
65069978	1474
65070175	1474
65070366	1474
65070529	1474
65070671	1474
65070862	1474
65597087	1474
65597269	1474
65597559	1474
65597735	1474
65597967	1474
65598245	1474
65598411	1474
65598548	1474
65598733	1474
65598880	1474
65599043	1474
65599206	1474
65599368	1474
65599504	1474
65599724	1474
65599902	1474
65600037	1474
66663131	1474
66663376	1474
66663738	1474
66663910	1474
66664110	1474
66664397	1474
66664537	1474
66664673	1474
66664831	1474
66664968	1474
66665172	1474
66665335	1474
66665497	1474
66665659	1474
66665796	1474
66665960	1474
66666105	1474
66666265	1474
67463220	1474
67463377	1474
67463543	1474
67463797	1474
67463991	1474
67464177	1474
67464348	1474
67464511	1474
67464646	1474
67464781	1474
67464943	1474
67465104	1474
67465278	1474
67465416	1474
67465579	1474
67465741	1474
67465903	1474
67996597	1474
67996780	1474
67997034	1474
67997207	1474
67997398	1474
67997586	1474
67997741	1474
67997903	1474
67998092	1474
67998258	1474
67998456	1474
67998619	1474
67998756	1474
67998919	1474
67999153	1474
67999315	1474
67999568	1474
68797173	1474
68797276	1474
68797393	1474
68797484	1474
68797574	1474
68797692	1474
68797826	1474
68797946	1474
68798062	1474
68798178	1474
68798296	1474
68798413	1474
68798505	1474
68798623	1474
68798741	1474
68798870	1474
69597144	1474
69597277	1474
69597404	1474
69597545	1474
69597662	1474
69597872	1474
69598019	1474
69598142	1474
69598254	1474
69598370	1474
69598492	1474
69598621	1474
69598756	1474
69598893	1474
69598997	1474
69599119	1474
69599225	1474
69599373	1474
70665257	1474
70665392	1474
70665509	1474
70665633	1474
70665730	1474
70665852	1474
70665971	1474
70666091	1474
70666221	1474
70666341	1474
70666461	1474
70666556	1474
70666651	1474
70666771	1474
70666891	1474
70667012	1474
70667107	1474
70667237	1474
71464890	1474
71464994	1474
71465116	1474
71465235	1474
71465337	1474
71465582	1474
71465705	1474
71465829	1474
71465948	1474
71466072	1474
71466166	1474
71466279	1474
71466413	1474
71466509	1474
71466630	1474
71466750	1474
71466871	1474
71466991	1474
72265935	1474
72266050	1474
72266173	1474
72266272	1474
72266368	1474
72266471	1474
72266646	1474
72266775	1474
72266900	1474
72267024	1474
72267147	1474
72267273	1474
72267398	1474
72267598	1474
72267704	1474
72267821	1474
72267946	1474
72268069	1474
73064177	1474
73064294	1474
73064468	1474
73064558	1474
73064687	1474
73064847	1474
73065048	1474
73065153	1474
73065302	1474
73065425	1474
73065541	1474
73065665	1474
73065802	1474
73065902	1474
73066028	1474
73066152	1474
73066276	1474
73066401	1474
73864558	1474
73864692	1474
73864805	1474
73864950	1474
73865056	1474
73865181	1474
73865304	1474
73865410	1474
73865521	1474
73865645	1474
73865772	1474
73865894	1474
73866031	1474
73866156	1474
73866318	1474
73866443	1474
73866541	1474
73866686	1474
74665754	1474
74665875	1474
74665995	1474
74666109	1474
74666217	1474
74666347	1474
74666592	1474
74666718	1474
74666840	1474
74666936	1474
74667033	1474
74667184	1474
74667327	1474
74667418	1474
74667638	1474
74667764	1474
74667891	1474
74668020	1474
75466947	1474
75467083	1474
75467209	1474
75467347	1474
75467528	1474
75467639	1474
75467754	1474
75467876	1474
75467972	1474
75468098	1474
75468190	1474
75468311	1474
75468441	1474
75468744	1474
75468840	1474
75468957	1474
75469055	1474
75469181	1474
76265143	1474
76265252	1474
76265905	1474
76266225	1474
76266348	1474
76266491	1474
76266610	1474
76266745	1474
76266863	1474
76266958	1474
76267081	1474
76267201	1474
76267296	1474
76267448	1474
76267581	1474
76267796	1474
76267942	1474
76268039	1474
77065501	1474
77065663	1474
77065814	1474
77065958	1474
77066087	1474
77066184	1474
77066313	1474
77066472	1474
77066595	1474
77066692	1474
77066817	1474
77066952	1474
77067057	1474
77067156	1474
77067279	1474
77067433	1474
77067594	1474
77067744	1474
78132298	1474
78132409	1474
78132531	1474
78132655	1474
78132781	1474
78132904	1474
78133063	1474
78133160	1474
78133291	1474
78133415	1474
78133544	1474
78133685	1474
78133784	1474
78133926	1474
78134051	1474
78134175	1474
78134311	1474
78134437	1474
78932684	1474
78932985	1474
78933116	1474
78933466	1474
78933598	1474
78933933	1474
78934060	1474
78934201	1474
78934345	1474
78934482	1474
78934632	1474
78934772	1474
78934895	1474
78935018	1474
78935206	1474
78935307	1474
78935411	1474
78935721	1474
79466086	1474
79466226	1474
79466351	1474
79466450	1474
79466587	1474
79466735	1474
79466856	1474
79466993	1474
79467103	1474
79467227	1474
79467366	1474
79467501	1474
79467723	1474
79467848	1474
79467973	1474
79468098	1474
80265736	1474
80265870	1474
80265968	1474
80266108	1474
80266230	1474
80266345	1474
80266453	1474
80266570	1474
80266693	1474
80266825	1474
80266948	1474
80267072	1474
80267196	1474
80267297	1474
80267397	1474
80267530	1474
80267629	1474
81334271	1474
81334621	1474
81334825	1474
81335066	1474
81335318	1474
81335487	1474
81335704	1474
81335848	1474
81335985	1474
81336160	1474
81336299	1474
81336438	1474
81336599	1474
81336765	1474
81336903	1474
81337069	1474
81337244	1474
81337407	1474
82133050	1474
82133246	1474
82133428	1474
82133567	1474
82133735	1474
82133902	1474
82134063	1474
82134200	1474
82134444	1474
82134610	1474
82134776	1474
82134941	1474
82135082	1474
82135245	1474
82135429	1474
82135647	1474
82135813	1474
82666604	1474
82666816	1474
82666986	1474
82667170	1474
82667429	1474
82667668	1474
82667861	1474
82668053	1474
82668207	1474
82668371	1474
82668553	1474
82668720	1474
82668888	1474
82669031	1474
82669199	1474
82669362	1474
82669511	1474
83469231	1474
83469407	1474
83469575	1474
83469803	1474
83469952	1474
83470183	1474
83470510	1474
83470656	1474
83470844	1474
83471021	1474
83471163	1474
83471304	1474
83471440	1474
83471668	1474
83471861	1474
83472030	1474
83472172	1474
84534110	1474
84534304	1474
84534472	1474
84534612	1474
84534749	1474
84534917	1474
84535065	1474
84535205	1474
84535367	1474
84535506	1474
84535761	1474
84535960	1474
84536158	1474
84536323	1474
84536487	1474
84536647	1474
84536809	1474
84536985	1474
85334279	1474
85334411	1474
85334531	1474
85334651	1474
85334747	1474
85334871	1474
85334991	1474
85335110	1474
85335214	1474
85335336	1474
85335452	1474
85335615	1474
85335710	1474
85335832	1474
85335926	1474
85336047	1474
85336179	1474
85336304	1474
86133747	1474
86133874	1474
86133996	1474
86134092	1474
86134187	1474
86134306	1474
86134434	1474
86134556	1474
86134678	1474
86134772	1474
86134867	1474
86134989	1474
86135083	1474
86135178	1474
86135274	1474
86135369	1474
86135577	1474
86935539	1474
86935715	1474
86935841	1474
86935939	1474
86936057	1474
86936149	1474
86936247	1474
86936341	1474
86936463	1474
86936561	1474
86936672	1474
86936795	1474
86936918	1474
86937043	1474
86937137	1474
86937228	1474
86937351	1474
87470030	1474
87470162	1474
87470255	1474
87470355	1474
87470475	1474
87470572	1474
87470664	1474
87470809	1474
87470932	1474
87471053	1474
87471181	1474
87471302	1474
87471448	1474
87471621	1474
87471847	1474
87471972	1474
88267479	1474
88267648	1474
88267746	1474
88267864	1474
88268001	1474
88268268	1474
88268396	1474
88268669	1474
88268894	1474
88268998	1474
88269115	1474
88269331	1474
88269447	1474
88269657	1474
88269782	1474
88269881	1474
88269987	1474
89069656	1474
89069784	1474
89069911	1474
89070156	1474
89070435	1474
89070824	1474
89071022	1474
89071145	1474
89071283	1474
89071404	1474
89071570	1474
89071713	1474
89071843	1474
89071937	1474
89072033	1474
89072154	1474
89072254	1474
89868942	1474
89869171	1474
89869448	1474
89869625	1474
89869754	1474
89869847	1474
89869965	1474
89870059	1474
89870179	1474
89870272	1474
89870392	1474
89870525	1474
89870643	1474
89870836	1474
89870956	1474
89871051	1474
89871141	1474
89871236	1474
90670810	1474
90671041	1474
90671308	1474
90671502	1474
90671643	1474
90671799	1474
90671893	1474
90672022	1474
90672141	1474
90672261	1474
90672382	1474
90672500	1474
90672633	1474
90672730	1474
90672826	1474
90672948	1474
90673068	1474
90673186	1474
91735110	1474
91735289	1474
91735416	1474
91735540	1474
91735667	1474
91735794	1474
91735932	1474
91736056	1474
91736176	1474
91736272	1474
91736394	1474
91736513	1474
91736637	1474
91736757	1474
91736878	1474
91736985	1474
91737102	1474
91737222	1474
92534916	1474
92535123	1474
92535252	1474
92535375	1474
92535528	1474
92535662	1474
92535787	1474
92535907	1474
92536002	1474
92536095	1474
92536227	1474
92536349	1474
92536441	1474
92536561	1474
92536679	1474
92536800	1474
92536921	1474
92537043	1474
93068579	1474
93068727	1474
93068849	1474
93068971	1474
93069101	1474
93069203	1474
93069445	1474
93069543	1474
93069638	1474
93069894	1474
93070118	1474
93070227	1474
93070329	1474
93070545	1474
93070671	1474
93070870	1474
93070996	1474
93868718	1474
93868880	1474
93869105	1474
93869230	1474
93869467	1474
93869600	1474
93869830	1474
93869982	1474
93870686	1474
93870920	1474
93871105	1474
93871206	1474
93871504	1474
93871688	1474
93871819	1474
93871921	1474
94670135	1474
94670267	1474
94670504	1474
94670625	1474
94670764	1474
94670884	1474
94671125	1474
94671274	1474
94671397	1474
94671584	1474
94671693	1474
94671791	1474
94671885	1474
94672018	1474
94672112	1474
94672232	1474
94672352	1474
95474962	1474
95475097	1474
95475215	1474
95475339	1474
95475613	1474
95475916	1474
95476016	1474
95476237	1474
95476361	1474
95476485	1474
95476579	1474
95476675	1474
95476771	1474
95476902	1474
95477000	1474
95477116	1474
95477235	1474
96269712	1474
96269820	1474
96269954	1474
96270052	1474
96270199	1474
96270297	1474
96270398	1474
96270540	1474
96270663	1474
96270787	1474
96270895	1474
96271204	1474
96271335	1474
96271436	1474
96271610	1474
96271701	1474
97070355	1474
97070488	1474
97070626	1474
97070751	1474
97070876	1474
97070972	1474
97071090	1474
97071208	1474
97071328	1474
97071493	1474
97071657	1474
97071793	1474
97071890	1474
97072027	1474
97072123	1474
97072250	1474
97072381	1474
97072505	1474
97869439	1474
97869579	1474
97869677	1474
97869791	1474
97869934	1474
97870261	1474
97870381	1474
97870524	1474
97870816	1474
97870921	1474
97871298	1474
97871401	1474
97871596	1474
97871914	1474
97872043	1474
97872173	1474
97872298	1474
98671252	1474
98671394	1474
98671587	1474
98671687	1474
98671839	1474
98671968	1474
98672236	1474
98672362	1474
98672492	1474
98672617	1474
98672720	1474
98672860	1474
98673005	1474
98673120	1474
98673240	1474
98673337	1474
99471313	1474
99471481	1474
99471612	1474
99471711	1474
99471812	1474
99471907	1474
99472096	1474
99472217	1474
99472315	1474
99472411	1474
99472531	1474
99472652	1474
99472774	1474
99472892	1474
99473092	1474
99473189	1474
99473310	1474
99473403	1474
100271693	1474
100271827	1474
100271952	1474
100272092	1474
100272226	1474
100272483	1474
100272611	1474
100272735	1474
100272830	1474
100272956	1474
100273078	1474
100273214	1474
100273338	1474
100273459	1474
100273557	1474
100273682	1474
100273802	1474
101070436	1474
101070552	1474
101070649	1474
101070774	1474
101070897	1474
101071019	1474
101071140	1474
101071262	1474
101071367	1474
101071516	1474
101071621	1474
101071743	1474
101071841	1474
101071960	1474
101072055	1474
101072175	1474
101072297	1474
101870343	1474
101870474	1474
101870606	1474
101870726	1474
101870845	1474
101870940	1474
101871062	1474
101871156	1474
101871253	1474
101871375	1474
101871569	1474
101871696	1474
101871818	1474
101871939	1474
101872061	1474
101872183	1474
101872282	1474
102670992	1474
102671174	1474
102671294	1474
102671444	1474
102671573	1474
102671670	1474
102671804	1474
102671898	1474
102671996	1474
102672119	1474
102672216	1474
102672334	1474
102672455	1474
102672547	1474
102672669	1474
102672802	1474
102672923	1474
102673016	1474
103472194	1474
103472374	1474
103472494	1474
103473083	1474
103473315	1474
103473438	1474
103473531	1474
103473623	1474
103473743	1474
103473837	1474
103473957	1474
103474088	1474
103474208	1474
103474301	1474
103474421	1474
103474541	1474
103474662	1474
103474756	1474
104272613	1474
104272802	1474
104272900	1474
104273013	1474
104273132	1474
104273264	1474
104273487	1474
104273611	1474
104273710	1474
104273830	1474
104273948	1474
104274066	1474
104274160	1474
104274293	1474
104274412	1474
104274529	1474
104274645	1474
105070904	1474
105071227	1474
105071360	1474
105071597	1474
105071845	1474
105071993	1474
105072522	1474
105072631	1474
105072805	1474
105072944	1474
105073066	1474
105073189	1474
105073325	1474
105073446	1474
105073594	1474
105073730	1474
105073854	1474
105073980	1474
105871242	1474
105871362	1474
105871563	1474
105871745	1474
105871867	1474
105871996	1474
105872219	1474
105872349	1474
105872450	1474
105872599	1474
105872722	1474
105872989	1474
105873569	1474
105873692	1474
105873834	1474
105873951	1474
105874052	1474
106672268	1474
106672396	1474
106672541	1474
106672814	1474
106673386	1474
106673601	1474
106673755	1474
106673879	1474
106674054	1474
106674179	1474
106674311	1474
106674437	1474
106674632	1474
106674761	1474
106674918	1474
106675044	1474
106675142	1474
106675269	1474
107471823	1474
107471962	1474
107472105	1474
107472263	1474
107472388	1474
107472515	1474
107472616	1474
107472983	1474
107473645	1474
107473783	1474
107473918	1474
107474053	1474
107474159	1474
107474302	1474
107474427	1474
107474551	1474
107474674	1474
108271912	1474
108272035	1474
108272162	1474
108272287	1474
108272427	1474
108272524	1474
108272659	1474
108272796	1474
108272921	1474
108273221	1474
108273539	1474
108273774	1474
108273913	1474
108274011	1474
108274135	1474
108274233	1474
108274344	1474
108274471	1474
109072019	1474
109072196	1474
109072319	1474
109072442	1474
109072586	1474
109072796	1474
109073258	1474
109073454	1474
109073589	1474
109073714	1474
109073835	1474
109073958	1474
109074054	1474
109074177	1474
109074300	1474
109074420	1474
109076598	1474
109872203	1474
109872337	1474
109872433	1474
109872556	1474
109872695	1474
109872865	1474
109873089	1474
109873237	1474
109873618	1474
109873740	1474
109873950	1474
109874086	1474
109874187	1474
109874310	1474
110672345	1474
110672582	1474
110672753	1474
110673013	1474
110673212	1474
110673486	1474
110673637	1474
110673848	1474
110674043	1474
110674211	1474
110674375	1474
110674516	1474
110674654	1474
110674819	1474
110674967	1474
110675108	1474
110675274	1474
111472414	1474
111472603	1474
111472750	1474
111472875	1474
111472992	1474
111473164	1474
111473287	1474
111473488	1474
111473627	1474
111474089	1474
111474229	1474
111474357	1474
111474498	1474
111474623	1474
111474751	1474
111474853	1474
111475027	1474
111475141	1474
112007758	1474
112007898	1474
112008021	1474
112008167	1474
112008306	1474
112008432	1474
112008576	1474
112008673	1474
112008815	1474
112008914	1474
112009040	1474
112009162	1474
112009331	1474
112009457	1474
112009551	1474
112009676	1474
112806635	1474
112806746	1474
112806887	1474
112807010	1474
112807133	1474
112807278	1474
112807401	1474
112807543	1474
112807668	1474
112807765	1474
112807867	1474
112807990	1474
112808113	1474
112808236	1474
112808359	1474
112808511	1474
113607958	1474
113608092	1474
113608210	1474
113608308	1474
113608452	1474
113608587	1474
113608820	1474
113608946	1474
113609069	1474
113609211	1474
113609307	1474
113609453	1474
113609595	1474
113609734	1474
113609862	1474
113609986	1474
113610163	1474
113610299	1474
114673228	1474
114673396	1474
114673647	1474
114673793	1474
114673919	1474
114674131	1474
114674317	1474
114674459	1474
114675154	1474
114675283	1474
114675408	1474
114675621	1474
114675751	1474
114675890	1474
114676116	1474
114676214	1474
114676351	1474
114676449	1474
115473925	1474
115474214	1474
115475330	1474
115475545	1474
115475751	1474
115475882	1474
115475998	1474
115476132	1474
115476265	1474
115476375	1474
115476499	1474
115476647	1474
115476785	1474
115476909	1474
115477007	1474
115477120	1474
115477245	1474
115477371	1474
116273214	1474
116273431	1474
116273561	1474
116273695	1474
116273843	1474
116274178	1474
116274329	1474
116274579	1474
116274968	1474
116275235	1474
116275360	1474
116275543	1474
116275648	1474
116275741	1474
116275875	1474
116275997	1474
116276135	1474
116276256	1474
117074021	1474
117074629	1474
117074738	1474
117075064	1474
117075367	1474
117075777	1474
117075905	1474
117076030	1474
117076217	1474
117076343	1474
117076466	1474
117076680	1474
117076781	1474
117076925	1474
117077022	1474
117077147	1474
117077269	1474
117611970	1474
117612083	1474
117612198	1474
117612298	1474
117612424	1474
117612561	1474
117612683	1474
117612861	1474
117612987	1474
117613086	1474
117613227	1474
117613353	1474
117613494	1474
117613618	1474
117613755	1474
117613878	1474
118673799	1474
118674048	1474
118674173	1474
118674323	1474
118674448	1474
118674846	1474
118675036	1474
118675149	1474
118675698	1474
118675966	1474
118676103	1474
118676241	1474
118676358	1474
118676483	1474
118676611	1474
118676707	1474
118676850	1474
118676988	1474
119474769	1474
119474932	1474
119475060	1474
119475185	1474
119475317	1474
119475558	1474
119475836	1474
119476012	1474
119476607	1474
119476893	1474
119477030	1474
119477140	1474
119477280	1474
119477405	1474
119477504	1474
119477628	1474
119477750	1474
120273984	1474
120274146	1474
120274273	1474
120274398	1474
120274551	1474
120274681	1474
120275025	1474
120275179	1474
120275884	1474
120276157	1474
120276296	1474
120276462	1474
120276563	1474
120276699	1474
120276823	1474
120276947	1474
120277073	1474
120277198	1474
120807366	1474
120807535	1474
120807675	1474
120807798	1474
120807892	1474
120808016	1474
120808138	1474
120808375	1474
120808471	1474
120808602	1474
120808722	1474
120808843	1474
120808937	1474
121609038	1474
121609231	1474
121609355	1474
121609476	1474
121609603	1474
121609885	1474
121610008	1474
121610133	1474
121610252	1474
121610373	1474
121610466	1474
121610561	1474
121610680	1474
121610810	1474
121610935	1474
121611056	1474
122407770	1474
122408038	1474
122408164	1474
122408308	1474
122408441	1474
122408568	1474
122408872	1474
122409013	1474
122409126	1474
122409250	1474
122409371	1474
122409465	1474
122409599	1474
122409731	1474
122409866	1474
122409972	1474
122410101	1474
123207877	1474
123208061	1474
123208236	1474
123208368	1474
123208631	1474
123208828	1474
123209047	1474
123209196	1474
123209334	1474
123209470	1474
123209605	1474
123209769	1474
123209932	1474
123210093	1474
123210268	1474
123210429	1474
123210563	1474
123210725	1474
124008311	1474
124008451	1474
124008603	1474
124009077	1474
124009178	1474
124009454	1474
124009578	1474
124009722	1474
124009861	1474
124009984	1474
124010107	1474
124010229	1474
124010350	1474
124010521	1474
124010619	1474
124010733	1474
124010874	1474
124010995	1474
124808381	1474
124808514	1474
124808651	1474
124808790	1474
124808911	1474
124809032	1474
124809168	1474
124809290	1474
124809426	1474
124809523	1474
124809711	1474
124809831	1474
124809951	1474
124810090	1474
124810231	1474
124810355	1474
124810499	1474
124810603	1474
125613227	1474
125613442	1474
125613546	1474
125613663	1474
125613813	1474
125613913	1474
125614160	1474
125614262	1474
125614396	1474
125614532	1474
125614652	1474
125614751	1474
125614858	1474
125614985	1474
125615111	1474
125615208	1474
125615308	1474
125615434	1474
126408584	1474
126408795	1474
126408895	1474
126409266	1474
126409387	1474
126409665	1474
126409790	1474
126409922	1474
126410070	1474
126410169	1474
126410290	1474
126410432	1474
126410533	1474
126410675	1474
126410767	1474
126410889	1474
126410999	1474
126411104	1474
127210357	1474
127210486	1474
127210606	1474
127210726	1474
127210820	1474
127211048	1474
127211171	1474
127211302	1474
127211423	1474
127211547	1474
127211683	1474
127211804	1474
127211925	1474
127212041	1474
127212161	1474
127212258	1474
127212380	1474
128008869	1474
128008972	1474
128009165	1474
128009259	1474
128009355	1474
128009483	1474
128009604	1474
128009724	1474
128009843	1474
128009964	1474
128010059	1474
128010181	1474
128010300	1474
128010391	1474
128010524	1474
128010643	1474
128010736	1474
128010829	1474
128809242	1474
128809449	1474
128809729	1474
128809854	1474
128809974	1474
128810092	1474
128810185	1474
128810304	1474
128810424	1474
128810542	1474
128810671	1474
128810763	1474
128810885	1474
128810978	1474
128811097	1474
128811215	1474
128811395	1474
129609595	1474
129609740	1474
129610091	1474
129610215	1474
129610336	1474
129610456	1474
129610575	1474
129610695	1474
129610827	1474
129610953	1474
129611075	1474
129611196	1474
129611317	1474
129611458	1474
129611610	1474
129611733	1474
129611838	1474
129611961	1474
130676286	1474
130676420	1474
130676564	1474
130676683	1474
130676783	1474
130677014	1474
130677196	1474
130677758	1474
130677935	1474
130678038	1474
130678150	1474
130678270	1474
130678364	1474
130678482	1474
130678576	1474
130678667	1474
130678789	1474
130678884	1474
131476142	1474
131476271	1474
131476383	1474
131476504	1474
131476623	1474
131476717	1474
131476839	1474
131476964	1474
131477249	1474
131477489	1474
131477611	1474
131478209	1474
131478396	1474
131478522	1474
131478641	1474
131478761	1474
131478853	1474
131478973	1474
132278659	1474
132278789	1474
132278914	1474
132279035	1474
132279155	1474
132279278	1474
132279531	1474
132279961	1474
132280089	1474
132280322	1474
132280448	1474
132280641	1474
132280761	1474
132280852	1474
132280975	1474
132281069	1474
132281163	1474
133076699	1474
133076832	1474
133077142	1474
133077265	1474
133077485	1474
133077662	1474
133077964	1474
133078059	1474
133078180	1474
133078395	1474
133078518	1474
133078610	1474
133078769	1474
133078890	1474
133079009	1474
133079103	1474
133079197	1474
133079318	1474
133877090	1474
133877220	1474
133877341	1474
133877462	1474
133877584	1474
133877794	1474
133877929	1474
133878513	1474
133878689	1474
133878786	1474
133878968	1474
133879089	1474
133879210	1474
133879330	1474
133879486	1474
133879595	1474
133879721	1474
134678352	1474
134678494	1474
134678901	1474
134679024	1474
134679245	1474
134679366	1474
134679553	1474
134679680	1474
134679807	1474
134679902	1474
134680022	1474
134680123	1474
134680247	1474
134680369	1474
134680489	1474
134680611	1474
134680732	1474
134680865	1474
135480173	1474
135481155	1474
135481831	1474
135482014	1474
135485764	1474
135485967	1474
135486355	1474
135486885	1474
135487080	1474
135487610	1474
135488407	1474
135488847	1474
135489122	1474
135489811	1474
135489930	1474
135490526	1474
135490975	1474
136010611	1474
136010721	1474
136010844	1474
136010974	1474
136011095	1474
136011188	1474
136011307	1474
136011502	1474
136011653	1474
136011772	1474
136011895	1474
136012014	1474
136012106	1474
136012228	1474
136012347	1474
136012477	1474
137080251	1474
137080464	1474
137080603	1474
137080790	1474
137081015	1474
137081181	1474
137081343	1474
137081503	1474
137081665	1474
137081805	1474
137081942	1474
137082076	1474
137082236	1474
137082372	1474
137082532	1474
137082691	1474
137082867	1474
137083028	1474
137877672	1474
137877774	1474
137877881	1474
137878005	1474
137878127	1474
137878221	1474
137878341	1474
137878461	1474
137878580	1474
137878673	1474
137878795	1474
137878898	1474
137879021	1474
137879145	1474
137879239	1474
137879334	1474
137879458	1474
137879582	1474
138677468	1474
138677608	1474
138677730	1474
138677852	1474
138677975	1474
138678110	1474
138678232	1474
138678327	1474
138678424	1474
138678546	1474
138678666	1474
138678786	1474
138678907	1474
138679028	1474
138679137	1474
138679260	1474
138679377	1474
138679531	1474
139477797	1474
139478015	1474
139478141	1474
139478238	1474
139478349	1474
139478473	1474
139478573	1474
139478672	1474
139478791	1474
139478886	1474
139478983	1474
139479103	1474
139479200	1474
139479333	1474
139479599	1474
139479738	1474
139479861	1474
139479984	1474
140279069	1474
140279218	1474
140279354	1474
140279591	1474
140279700	1474
140279960	1474
140280088	1474
140280189	1474
140280317	1474
140280449	1474
140280563	1474
140280687	1474
140280817	1474
140280947	1474
140281072	1474
140281174	1474
140281296	1474
141078202	1474
141078394	1474
141078522	1474
141078740	1474
141078996	1474
141079127	1474
141079254	1474
141079398	1474
141079582	1474
141079723	1474
141080017	1474
141080140	1474
141080263	1474
141080383	1474
141080513	1474
141080643	1474
141080785	1474
141080912	1474
141880722	1474
141881006	1474
141881136	1474
141881262	1474
141881359	1474
141881585	1474
141881720	1474
141881817	1474
141881930	1474
141882075	1474
141882306	1474
141882436	1474
141882667	1474
141882893	1474
141883036	1474
141883176	1474
141883289	1474
142679374	1474
142679642	1474
142679745	1474
142679869	1474
142679995	1474
142680106	1474
142680226	1474
142680356	1474
142680609	1474
142680712	1474
142680838	1474
142680975	1474
142681115	1474
142681232	1474
142681362	1474
142681493	1474
142681619	1474
143478527	1474
143478798	1474
143478929	1474
143479062	1474
143479204	1474
143479483	1474
143479683	1474
143479786	1474
143479918	1474
143480017	1474
143480173	1474
143480310	1474
143480575	1474
143480709	1474
143480841	1474
143480996	1474
143481097	1474
143481194	1474
144281033	1474
144281286	1474
144281392	1474
144281534	1474
144281657	1474
144281785	1474
144281929	1474
144282028	1474
144282160	1474
144282291	1474
144282436	1474
144282573	1474
144282694	1474
144282830	1474
144283113	1474
144283681	1474
144283789	1474
145083621	1474
145083764	1474
145083891	1474
145084013	1474
145084143	1474
145084379	1474
145084492	1474
145084621	1474
145084850	1474
145084978	1474
145085076	1474
145085198	1474
145085323	1474
145085449	1474
145085550	1474
145085651	1474
145085787	1474
145883257	1474
145883413	1474
145883588	1474
145883703	1474
145884023	1474
145884155	1474
145884280	1474
145884406	1474
145884507	1474
145884633	1474
145884758	1474
145884869	1474
145885039	1474
145885140	1474
145885276	1474
145885403	1474
145885550	1474
146681595	1474
146681850	1474
146681952	1474
146682073	1474
146682204	1474
146682349	1474
146682614	1474
146682743	1474
146682860	1474
146682972	1474
146683088	1474
146683362	1474
146683989	1474
146684129	1474
146684277	1474
146684405	1474
146684506	1474
146684651	1474
147481914	1474
147482080	1474
147482178	1474
147482316	1474
147482416	1474
147482538	1474
147482794	1474
147482916	1474
147483036	1474
147483132	1474
147483225	1474
147483356	1474
147483513	1474
147483635	1474
147483884	1474
147484154	1474
147484351	1474
147484477	1474
148279783	1474
148279951	1474
148280070	1474
148280161	1474
148280246	1474
148280365	1474
148280494	1474
148280617	1474
148280736	1474
148280827	1474
148280947	1474
148281066	1474
148281187	1474
148281304	1474
148281423	1474
148281551	1474
148281671	1474
148281764	1474
149080023	1474
149080128	1474
149080218	1474
149080338	1474
149080429	1474
149080547	1474
149080666	1474
149080837	1474
149080958	1474
149081049	1474
149081169	1474
149081406	1474
149081528	1474
149081622	1474
149081750	1474
149081869	1474
149081986	1474
149886635	1474
149886835	1474
149887032	1474
149887155	1474
149887278	1474
149887565	1474
149887689	1474
149887809	1474
149887939	1474
149888065	1474
149888183	1474
149888274	1474
149888368	1474
149888486	1474
149888604	1474
149888696	1474
149888789	1474
149888923	1474
150680999	1474
150681112	1474
150681236	1474
150681355	1474
150681448	1474
150681571	1474
150681687	1474
150681805	1474
150681897	1474
150681990	1474
150682122	1474
150682215	1474
150682332	1474
150682424	1474
150682545	1474
150682638	1474
150682753	1474
150682870	1474
151746858	1474
151747005	1474
151747155	1474
151747249	1474
151747421	1474
151747773	1474
151748134	1474
151748369	1474
151748499	1474
151748620	1474
151748766	1474
151748893	1474
151749029	1474
151749145	1474
151749276	1474
151749385	1474
151749518	1474
151749647	1474
152546855	1474
152546969	1474
152547096	1474
152547192	1474
152547315	1474
152547440	1474
152547690	1474
152547797	1474
152548158	1474
152548742	1474
152548868	1474
152548984	1474
152549130	1474
152549227	1474
152549367	1474
152549462	1474
152549596	1474
153347446	1474
153347611	1474
153347728	1474
153347920	1474
153348024	1474
153348347	1474
153348500	1474
153348783	1474
153349014	1474
153349153	1474
153349279	1474
153349395	1474
153349521	1474
153349632	1474
153349847	1474
153349985	1474
153350266	1474
153350397	1474
154148063	1474
154148197	1474
154148322	1474
154148482	1474
154148627	1474
154149182	1474
154149408	1474
154149535	1474
154150182	1474
154150313	1474
154150427	1474
154150559	1474
154150684	1474
154151008	1474
154151107	1474
154151223	1474
154151359	1474
154680721	1474
154680852	1474
154680967	1474
154681107	1474
154681232	1474
154681379	1474
154681476	1474
154681602	1474
154681725	1474
154681853	1474
154681951	1474
154682065	1474
154682195	1474
154682321	1474
154682445	1474
154682569	1474
155486908	1474
155487056	1474
155487184	1474
155487337	1474
155487543	1474
155487659	1474
155487890	1474
155488017	1474
155488554	1474
155488678	1474
155488819	1474
155488966	1474
155489088	1474
155489220	1474
155489349	1474
155489449	1474
155489592	1474
155489715	1474
156281296	1474
156281557	1474
156281685	1474
156281785	1474
156281914	1474
156282044	1474
156282337	1474
156282483	1474
156282629	1474
156282728	1474
156282855	1474
156282954	1474
156283097	1474
156283226	1474
156283365	1474
156283495	1474
156283663	1474
157347715	1474
157347869	1474
157347993	1474
157348124	1474
157348290	1474
157348414	1474
157348551	1474
157348676	1474
157348995	1474
157349125	1474
157349663	1474
157349814	1474
157349940	1474
157350072	1474
157350169	1474
157350315	1474
157350436	1474
157350560	1474
158148042	1474
158148179	1474
158148305	1474
158148430	1474
158148564	1474
158148661	1474
158148789	1474
158148913	1474
158149021	1474
158149343	1474
158149612	1474
158149741	1474
158149877	1474
158150112	1474
158150237	1474
158150374	1474
158150500	1474
158150624	1474
158948260	1474
158948485	1474
158948869	1474
158949017	1474
158949340	1474
158949585	1474
158949749	1474
158950112	1474
158950316	1474
158950692	1474
158950858	1474
158951022	1474
158951282	1474
158951451	1474
158951764	1474
158951937	1474
158952117	1474
158952289	1474
159748370	1474
159748714	1474
159749044	1474
159749272	1474
159749534	1474
159749681	1474
159749788	1474
159749894	1474
159749999	1474
159750130	1474
159750236	1474
159750368	1474
159750555	1474
159750674	1474
159750830	1474
159751021	1474
159751247	1474
159751411	1474
160548383	1474
160548709	1474
160548877	1474
160549105	1474
160549329	1474
160549615	1474
160549875	1474
160550098	1474
160550292	1474
160550480	1474
160550653	1474
160550791	1474
160550953	1474
160551090	1474
160551337	1474
160551513	1474
160551800	1474
160552053	1474
161348721	1474
161349445	1474
161349587	1474
161349826	1474
161350298	1474
161350467	1474
161350606	1474
161350769	1474
161350959	1474
161351119	1474
161351282	1474
161351446	1474
161351630	1474
161351837	1474
161352071	1474
161352292	1474
161352479	1474
161352616	1474
162148736	1474
162148937	1474
162149130	1474
162149337	1474
162149674	1474
162149855	1474
162150053	1474
162150240	1474
162150460	1474
162150668	1474
162150832	1474
162151007	1474
162151143	1474
162151306	1474
162151497	1474
162151770	1474
162152023	1474
162152191	1474
162948497	1474
162948633	1474
162948950	1474
162949052	1474
162949223	1474
162949328	1474
162949898	1474
162950003	1474
162950236	1474
162950360	1474
162950459	1474
162950591	1474
162950715	1474
162950841	1474
162950939	1474
162951064	1474
162951196	1474
162951322	1474
163748981	1474
163749213	1474
163749340	1474
163749567	1474
163749703	1474
163749959	1474
163750144	1474
163750793	1474
163750920	1474
163751035	1474
163751158	1474
163751257	1474
163751357	1474
163751580	1474
163751708	1474
163751851	1474
163752008	1474
163752243	1474
164816061	1474
164816269	1474
164816396	1474
164816524	1474
164816656	1474
164816907	1474
164817037	1474
164817173	1474
164817294	1474
164817422	1474
164817522	1474
164817647	1474
164817781	1474
164817915	1474
164818040	1474
164818149	1474
164818293	1474
164818418	1474
165615830	1474
165615980	1474
165616106	1474
165616237	1474
165616369	1474
165616663	1474
165616847	1474
165617432	1474
165617655	1474
165617784	1474
165617934	1474
165618063	1474
165618189	1474
165618315	1474
165618445	1474
165618571	1474
165618696	1474
165618810	1474
166416605	1474
166416753	1474
166416899	1474
166417025	1474
166417236	1474
166417330	1474
166417470	1474
166417595	1474
166417857	1474
166418313	1474
166418501	1474
166418610	1474
166418734	1474
166418858	1474
166418963	1474
166419227	1474
166419358	1474
166419571	1474
167216233	1474
167216378	1474
167216478	1474
167216682	1474
167216800	1474
167217044	1474
167217224	1474
167217887	1474
167218015	1474
167218143	1474
167218300	1474
167218402	1474
167218523	1474
167218647	1474
167218773	1474
167218918	1474
167219018	1474
167219150	1474
168016460	1474
168016595	1474
168016741	1474
168016867	1474
168016968	1474
168017097	1474
168017204	1474
168017503	1474
168017960	1474
168018087	1474
168018233	1474
168018357	1474
168018500	1474
168018632	1474
168018762	1474
168018860	1474
168816543	1474
168816678	1474
168816811	1474
168816912	1474
168817050	1474
168817175	1474
168817308	1474
168817437	1474
168817711	1474
168817846	1474
168818081	1474
168818343	1474
168818471	1474
168818856	1474
168819001	1474
168819115	1474
168819243	1474
168819372	1474
169617280	1474
169617413	1474
169617728	1474
169618241	1474
169618469	1474
169618644	1474
169618770	1474
169618922	1474
169619049	1474
169619149	1474
169619276	1474
169619405	1474
169619552	1474
169619680	1474
169619808	1474
169619924	1474
169620049	1474
170417351	1474
170417503	1474
170417644	1474
170417789	1474
170418139	1474
170418322	1474
170418534	1474
170418636	1474
170419016	1474
170419125	1474
170419256	1474
170419355	1474
170419584	1474
170419724	1474
170419859	1474
170419985	1474
170420148	1474
170420277	1474
171217384	1474
171217617	1474
171217776	1474
171217976	1474
171218125	1474
171218670	1474
171218901	1474
171219030	1474
171219155	1474
171219294	1474
171219516	1474
171219656	1474
171219795	1474
171219921	1474
171220045	1474
171220144	1474
171220280	1474
172016613	1474
172016867	1474
172016969	1474
172017100	1474
172017411	1474
172017551	1474
172017851	1474
172018033	1474
172018752	1474
172018854	1474
172018968	1474
172019099	1474
172019200	1474
172019327	1474
172019456	1474
172019684	1474
172019867	1474
172019997	1474
172817976	1474
172818212	1474
172818383	1474
172818558	1474
172818728	1474
172818892	1474
172819032	1474
172819196	1474
172819361	1474
172819523	1474
172819812	1474
172820001	1474
172820170	1474
172820347	1474
172820519	1474
172820668	1474
172820828	1474
172820992	1474
173617615	1474
173617907	1474
173618118	1474
173618271	1474
173618468	1474
173618612	1474
173618736	1474
173618887	1474
173619022	1474
173619146	1474
173619258	1474
173619383	1474
173619553	1474
173619679	1474
173619801	1474
173619938	1474
173620067	1474
174418055	1474
174418351	1474
174418505	1474
174418645	1474
174418771	1474
174418883	1474
174419007	1474
174419114	1474
174419263	1474
174419362	1474
174419566	1474
174419696	1474
174419800	1474
174419964	1474
174420076	1474
174420190	1474
174420326	1474
174420425	1474
175217684	1474
175217859	1474
175218008	1474
175218133	1474
175218266	1474
175218394	1474
175218699	1474
175218826	1474
175218963	1474
175219063	1474
175219202	1474
175219311	1474
175219500	1474
175219609	1474
175219731	1474
175219831	1474
175220009	1474
176019630	1474
176021113	1474
176021998	1474
176022169	1474
176025827	1474
176026024	1474
176028308	1474
176028885	1474
176029232	1474
176029378	1474
176029678	1474
176030102	1474
176030560	1474
176030755	1474
176031290	1474
176031831	1474
176032218	1474
176032491	1474
176819652	1474
176819793	1474
176819928	1474
176820055	1474
176820185	1474
176820311	1474
176820410	1474
176820539	1474
176820647	1474
176820771	1474
176820923	1474
176821023	1474
176821154	1474
176821279	1474
176821405	1474
176821531	1474
176821704	1474
176821835	1474
177618071	1474
177618202	1474
177618342	1474
177618468	1474
177618594	1474
177618751	1474
177619084	1474
177619183	1474
177619286	1474
177619429	1474
177619592	1474
177619723	1474
177619881	1474
177620004	1474
177620143	1474
177620259	1474
177620382	1474
177620504	1474
178686782	1474
178686888	1474
178687100	1474
178687229	1474
178687355	1474
178687537	1474
178687674	1474
178687788	1474
178687934	1474
178688033	1474
178688200	1474
178688322	1474
178688417	1474
178688507	1474
178688675	1474
178688802	1474
178688948	1474
178689042	1474
179486578	1474
179486714	1474
179486874	1474
179487165	1474
179487610	1474
179487747	1474
179487897	1474
179488019	1474
179488140	1474
179488257	1474
179488389	1474
179488515	1474
179488641	1474
179488766	1474
179488863	1474
179488969	1474
179489080	1474
180285214	1474
180285381	1474
180285483	1474
180285614	1474
180285758	1474
180285882	1474
180286082	1474
180286214	1474
180286599	1474
180286738	1474
180286874	1474
180287144	1474
180287247	1474
180287373	1474
180287504	1474
180287734	1474
180287865	1474
180287967	1474
181106625	1474
181106946	1474
181109429	1474
181111176	1474
181114237	1474
181118513	1474
181122469	1474
181122758	1474
181123241	1474
181123894	1474
181125344	1474
181125634	1474
181126090	1474
181126436	1474
181126951	1474
181127240	1474
181128035	1474
181887395	1474
181888468	1474
181888696	1474
181888876	1474
181889119	1474
181889266	1474
181889433	1474
181889600	1474
181889782	1474
181889948	1474
181890117	1474
181890280	1474
181890447	1474
181890585	1474
181890727	1474
181890910	1474
181891110	1474
182418877	1474
182419015	1474
182419167	1474
182419312	1474
182419470	1474
182419958	1474
182420058	1474
182420189	1474
182420318	1474
182420443	1474
182420567	1474
182420692	1474
182420815	1474
182420919	1474
182421070	1474
182421169	1474
183220005	1474
183220193	1474
183220319	1474
183220414	1474
183220508	1474
183220631	1474
183220754	1474
183220850	1474
183220947	1474
183221077	1474
183221199	1474
183221319	1474
183221439	1474
183221531	1474
183221626	1474
183221751	1474
183221872	1474
184024756	1474
184024964	1474
184025087	1474
184025198	1474
184025368	1474
184025492	1474
184025723	1474
184025897	1474
184026316	1474
184026426	1474
184026542	1474
184026739	1474
184026866	1474
184026963	1474
184027083	1474
184027189	1474
184027314	1474
184027525	1474
185085853	1474
185086049	1474
185086173	1474
185086270	1474
185086369	1474
185086504	1474
185086627	1474
185086750	1474
185086847	1474
185086968	1474
185087090	1474
185087212	1474
185087307	1474
185087406	1474
185087580	1474
185087680	1474
185087806	1474
185087929	1474
185620423	1474
185620673	1474
185620812	1474
185620964	1474
185621094	1474
185621263	1474
185621410	1474
185621523	1474
185621657	1474
185621800	1474
185621895	1474
185622038	1474
185622161	1474
185622281	1474
185622411	1474
185622536	1474
185622652	1474
186686540	1474
186686718	1474
186686894	1474
186687062	1474
186687225	1474
186687391	1474
186687526	1474
186687719	1474
186687871	1474
186688123	1474
186688347	1474
186688491	1474
186688630	1474
186688798	1474
186688976	1474
186689141	1474
186689326	1474
186689465	1474
187220204	1474
187220404	1474
187220624	1474
187220901	1474
187221115	1474
187221309	1474
187221473	1474
187221645	1474
187221806	1474
187221946	1474
187222117	1474
187222281	1474
187222444	1474
187222584	1474
187222747	1474
187222909	1474
187223051	1474
188020022	1474
188020182	1474
188020321	1474
188020483	1474
188020687	1474
188020879	1474
188021041	1474
188021233	1474
188021397	1474
188021550	1474
188021713	1474
188021873	1474
188022008	1474
188022141	1474
188022291	1474
188022459	1474
188022595	1474
189086437	1474
189086619	1474
189086758	1474
189086923	1474
189087087	1474
189087247	1474
189087384	1474
189087559	1474
189087751	1474
189087890	1474
189088055	1474
189088217	1474
189088405	1474
189088657	1474
189088851	1474
189089039	1474
189089178	1474
189089316	1474
189889259	1474
189889454	1474
189889634	1474
189889798	1474
189889969	1474
189890134	1474
189890296	1474
189890483	1474
189890659	1474
189890855	1474
189891047	1474
189891244	1474
189891471	1474
189891685	1474
189891852	1474
189892016	1474
189892150	1474
189892314	1474
190687180	1474
190687361	1474
190687526	1474
190687824	1474
190688051	1474
190688308	1474
190688502	1474
190688669	1474
190688842	1474
190688979	1474
190689142	1474
190689302	1474
190689462	1474
190689621	1474
190689798	1474
190689960	1474
190691042	1474
191222443	1474
191222597	1474
191222733	1474
191222898	1474
191223069	1474
191223257	1474
191223419	1474
191223631	1474
191223794	1474
191223931	1474
191224127	1474
191224289	1474
191224453	1474
191224655	1474
191224876	1474
191225060	1474
192021044	1474
192021221	1474
192021385	1474
192021546	1474
192021709	1474
192021872	1474
192022035	1474
192022196	1474
192022361	1474
192022515	1474
192022680	1474
192022840	1474
192023001	1474
192023174	1474
192023333	1474
192023495	1474
192023656	1474
192822689	1474
192822856	1474
192823048	1474
192823248	1474
192823465	1474
192823698	1474
192823861	1474
192823995	1474
192824158	1474
192824293	1474
192824439	1474
192824578	1474
192824802	1474
192825019	1474
192825213	1474
192825410	1474
192825600	1474
193620937	1474
193621163	1474
193621329	1474
193621526	1474
193621760	1474
193621952	1474
193622118	1474
193622309	1474
193622448	1474
193622624	1474
193622787	1474
193622921	1474
193623085	1474
193623245	1474
193623409	1474
193623583	1474
193623810	1474
194421395	1474
194421571	1474
194421736	1474
194421888	1474
194422052	1474
194422214	1474
194422351	1474
194422513	1474
194422697	1474
194422870	1474
194423032	1474
194423194	1474
194423328	1474
194423491	1474
194423707	1474
194423905	1474
194424073	1474
195222825	1474
195223028	1474
195223196	1474
195223370	1474
195223629	1474
195223870	1474
195224136	1474
195224299	1474
195224434	1474
195224568	1474
195224731	1474
195224866	1474
195225010	1474
195225173	1474
195225359	1474
195225521	1474
195225683	1474
196021451	1474
196021664	1474
196021801	1474
196022001	1474
196022247	1474
196022434	1474
196022599	1474
196022734	1474
196022896	1474
196023052	1474
196023313	1474
196023466	1474
196023684	1474
196023850	1474
196023986	1474
196024121	1474
196024293	1474
196024430	1474
196821533	1474
196821766	1474
196821908	1474
196822089	1474
196822309	1474
196822611	1474
196822856	1474
196823052	1474
196823215	1474
196823385	1474
196823549	1474
196823767	1474
196823934	1474
196824071	1474
196824205	1474
196824399	1474
196824575	1474
197621943	1474
197622101	1474
197622270	1474
197622466	1474
197622706	1474
197622981	1474
197623190	1474
197623408	1474
197624015	1474
197624212	1474
197624350	1474
197624527	1474
197624713	1474
197624877	1474
197625038	1474
197625174	1474
197625310	1474
198422182	1474
198422371	1474
198422536	1474
198422810	1474
198423057	1474
198423353	1474
198423496	1474
198423757	1474
198423926	1474
198424059	1474
198424219	1474
198424352	1474
198424514	1474
198424684	1474
198424870	1474
198425031	1474
198425191	1474
199223391	1474
199223632	1474
199223878	1474
199224074	1474
199224272	1474
199224437	1474
199224599	1474
199224758	1474
199224926	1474
199225110	1474
199225244	1474
199225405	1474
199225585	1474
199225749	1474
199225921	1474
199226083	1474
200022052	1474
200022274	1474
200022524	1474
200022692	1474
200022886	1474
200023187	1474
200023708	1474
200023987	1474
200024167	1474
200024329	1474
200024490	1474
200024670	1474
200024830	1474
200024984	1474
200025192	1474
200025356	1474
200025490	1474
200822391	1474
200822590	1474
200822844	1474
200823009	1474
200823201	1474
200824275	1474
200824442	1474
200824607	1474
200824768	1474
200824954	1474
200825087	1474
200825262	1474
200825450	1474
200825613	1474
200825775	1474
200825934	1474
201622076	1474
201622319	1474
201622475	1474
201622642	1474
201622808	1474
201622946	1474
201623191	1474
201623390	1474
201624396	1474
201624683	1474
201624853	1474
201624991	1474
201625154	1474
201625321	1474
201625491	1474
201625656	1474
201625817	1474
201625982	1474
202422517	1474
202422699	1474
202422836	1474
202423001	1474
202423198	1474
202423407	1474
202424202	1474
202424369	1474
202424656	1474
202424794	1474
202424957	1474
202425118	1474
202425280	1474
202425415	1474
202425578	1474
202425780	1474
202425948	1474
203222683	1474
203222878	1474
203223019	1474
203223220	1474
203223467	1474
203224237	1474
203224431	1474
203224685	1474
203224835	1474
203225002	1474
203225135	1474
203225299	1474
203225460	1474
203225622	1474
203225816	1474
203226004	1474
203226166	1474
203226327	1474
204023536	1474
204023881	1474
204024176	1474
204024367	1474
204024508	1474
204024697	1474
204024957	1474
204025129	1474
204025292	1474
204025585	1474
204025749	1474
204025932	1474
204026075	1474
204026242	1474
204026405	1474
204026568	1474
204026729	1474
204026864	1474
204823117	1474
204823276	1474
204823384	1474
204823608	1474
204823749	1474
204823876	1474
204823997	1474
204824123	1474
204824359	1474
204824491	1474
204825094	1474
204825422	1474
204825515	1474
204825661	1474
204825787	1474
204825923	1474
204826023	1474
204826167	1474
205624553	1474
205624693	1474
205624821	1474
205624929	1474
205625057	1474
205625368	1474
205625475	1474
205625567	1474
205625695	1474
205625821	1474
205625953	1474
205626053	1474
205626181	1474
205626308	1474
205626443	1474
205626543	1474
205626648	1474
205626776	1474
206423043	1474
206423267	1474
206423487	1474
206423725	1474
206423865	1474
206424106	1474
206424234	1474
206424382	1474
206424537	1474
206424684	1474
206425013	1474
206425148	1474
206425450	1474
206425591	1474
206425719	1474
206425846	1474
206425947	1474
206426051	1474
207223648	1474
207223772	1474
207223887	1474
207224020	1474
207224149	1474
207224448	1474
207224931	1474
207225064	1474
207225194	1474
207225332	1474
207225471	1474
207225598	1474
207225742	1474
207225874	1474
207225975	1474
207226099	1474
207226226	1474
208023274	1474
208023566	1474
208023705	1474
208023896	1474
208024223	1474
208024332	1474
208024600	1474
208024701	1474
208025049	1474
208025236	1474
208025366	1474
208025495	1474
208025621	1474
208025748	1474
208025901	1474
208026044	1474
208026149	1474
208026280	1474
208823673	1474
208823819	1474
208823969	1474
208824163	1474
208824311	1474
208824659	1474
208824811	1474
208825502	1474
208825754	1474
208825859	1474
208826002	1474
208826102	1474
208826301	1474
208826426	1474
208826549	1474
208826675	1474
208826800	1474
208826899	1474
209624137	1474
209624272	1474
209624486	1474
209624615	1474
209624978	1474
209625748	1474
209625877	1474
209625985	1474
209626131	1474
209626231	1474
209626346	1474
209626531	1474
209626630	1474
209626733	1474
209626878	1474
209627002	1474
209627127	1474
210691049	1474
210691184	1474
210691275	1474
210691445	1474
210691627	1474
210691751	1474
210691877	1474
210692079	1474
210692225	1474
210692824	1474
210692956	1474
210693295	1474
210693397	1474
210693527	1474
210693705	1474
210693833	1474
210693993	1474
210694129	1474
211492695	1474
211492990	1474
211493826	1474
211494033	1474
211494246	1474
211494410	1474
211494576	1474
211494741	1474
211494915	1474
211495052	1474
211495189	1474
211495352	1474
211495515	1474
211495727	1474
211495898	1474
211496084	1474
211496250	1474
212290701	1474
212290879	1474
212291055	1474
212291220	1474
212291374	1474
212291504	1474
212292021	1474
212292202	1474
212292424	1474
212292792	1474
212293011	1474
212293202	1474
212293367	1474
212293529	1474
212293693	1474
212293856	1474
212294027	1474
212294165	1474
213092505	1474
213092739	1474
213092891	1474
213093110	1474
213093340	1474
213093565	1474
213093707	1474
213093874	1474
213094040	1474
213094195	1474
213094361	1474
213094529	1474
213094667	1474
213094836	1474
213095002	1474
213095174	1474
213095313	1474
213095479	1474
213892710	1474
213892943	1474
213893275	1474
213893602	1474
213893780	1474
213893908	1474
213894032	1474
213894152	1474
213894274	1474
213894380	1474
213894480	1474
213894602	1474
213894723	1474
213894842	1474
213894962	1474
213895084	1474
213895204	1474
213895325	1474
214691466	1474
214691664	1474
214691788	1474
214691906	1474
214692001	1474
214692122	1474
214692334	1474
214692462	1474
214693125	1474
214693252	1474
214693375	1474
214693495	1474
214693624	1474
214693743	1474
214693864	1474
214693985	1474
214694104	1474
214694225	1474
215491144	1474
215491381	1474
215491580	1474
215491712	1474
215491820	1474
215492035	1474
215492161	1474
215492287	1474
215492410	1474
215492924	1474
215493391	1474
215493520	1474
215493847	1474
215494574	1474
215494795	1474
215494920	1474
215495037	1474
215495156	1474
216291552	1474
216291660	1474
216291782	1474
216291902	1474
216292006	1474
216292123	1474
216292289	1474
216292415	1474
216292653	1474
216292750	1474
216293501	1474
216293625	1474
216293750	1474
216293870	1474
216293999	1474
216294092	1474
216294213	1474
216294333	1474
217092117	1474
217092256	1474
217092378	1474
217092471	1474
217092591	1474
217092709	1474
217092828	1474
217092946	1474
217093065	1474
217093192	1474
217093312	1474
217093433	1474
217093553	1474
217093674	1474
217093794	1474
217093914	1474
217094034	1474
217892036	1474
217892166	1474
217892262	1474
217892365	1474
217892485	1474
217892605	1474
217892697	1474
217892817	1474
217892909	1474
217893028	1474
217893121	1474
217893214	1474
217893345	1474
217893465	1474
217893559	1474
217893678	1474
217893797	1474
217893919	1474
218691953	1474
218692083	1474
218692206	1474
218692326	1474
218692422	1474
218692532	1474
218692682	1474
218692805	1474
218693039	1474
218693162	1474
218693668	1474
218693796	1474
218693917	1474
218694038	1474
218694132	1474
218694251	1474
218694344	1474
218694466	1474
219758944	1474
219759098	1474
219759241	1474
219759412	1474
219759643	1474
219759778	1474
219759917	1474
219760072	1474
219760200	1474
219760341	1474
219760466	1474
219760569	1474
219760742	1474
219760871	1474
219761002	1474
219761106	1474
219761237	1474
219761362	1474
220558825	1474
220558974	1474
220559098	1474
220559219	1474
220559344	1474
220559527	1474
220559651	1474
220559774	1474
220559879	1474
220560002	1474
220560097	1474
220560192	1474
220560313	1474
220560435	1474
220560555	1474
220560678	1474
220560798	1474
220560935	1474
221360980	1474
221361131	1474
221361254	1474
221361380	1474
221361515	1474
221361635	1474
221361880	1474
221362006	1474
221362138	1474
221362377	1474
221362502	1474
221362627	1474
221362752	1474
221362874	1474
221362974	1474
221363103	1474
221363227	1474
222162807	1474
222162941	1474
222163362	1474
222163509	1474
222163917	1474
222164033	1474
222164136	1474
222164281	1474
222164409	1474
222164501	1474
222164640	1474
222164745	1474
222164854	1474
222164943	1474
222165075	1474
222165249	1474
222165370	1474
222165656	1474
222959835	1474
222959981	1474
222960080	1474
222960201	1474
222960322	1474
222960452	1474
222960570	1474
222960690	1474
222960809	1474
222960929	1474
222961048	1474
222961143	1474
222961239	1474
222961361	1474
222961489	1474
222961585	1474
222961678	1474
222961799	1474
223759196	1474
223759422	1474
223759596	1474
223759700	1474
223759834	1474
223760087	1474
223760184	1474
223760304	1474
223760397	1474
223760518	1474
223760621	1474
223760744	1474
223760864	1474
223760982	1474
223761102	1474
223761220	1474
223761311	1474
223761405	1474
224560125	1474
224560238	1474
224560329	1474
224560453	1474
224560576	1474
224560699	1474
224560816	1474
224560934	1474
224561053	1474
224561172	1474
224561300	1474
224561420	1474
224561539	1474
224561657	1474
224561788	1474
224561905	1474
224562000	1474
225360650	1474
225360831	1474
225361009	1474
225361171	1474
225361338	1474
225361472	1474
225361633	1474
225361795	1474
225361932	1474
225362128	1474
225362291	1474
225362426	1474
225362592	1474
225362831	1474
225363075	1474
225363308	1474
225363472	1474
226163009	1474
226163208	1474
226163404	1474
226163736	1474
226163959	1474
226164202	1474
226164369	1474
226164561	1474
226164726	1474
226164892	1474
226165053	1474
226165198	1474
226165361	1474
226165526	1474
226165689	1474
226165852	1474
226165992	1474
226959610	1474
226959807	1474
226959974	1474
226960183	1474
226960336	1474
226960505	1474
226960644	1474
226960806	1474
226960944	1474
226961107	1474
226961275	1474
226961469	1474
226961643	1474
226961781	1474
226961949	1474
226962110	1474
226962276	1474
226962449	1474
227760180	1474
227760403	1474
227760557	1474
227760833	1474
227761067	1474
227761285	1474
227761538	1474
227761834	1474
227762030	1474
227762194	1474
227762358	1474
227762535	1474
227762704	1474
227762841	1474
227762982	1474
227763125	1474
227763288	1474
227763427	1474
228561482	1474
228561740	1474
228562111	1474
228562344	1474
228562533	1474
228562720	1474
228563248	1474
228563476	1474
228563756	1474
228563979	1474
228564248	1474
228564469	1474
228564710	1474
228565086	1474
228565254	1474
228565422	1474
228565586	1474
228565760	1474
229362958	1474
229363207	1474
229363344	1474
229363710	1474
229363998	1474
229364226	1474
229364450	1474
229364928	1474
229365127	1474
229365289	1474
229365426	1474
229365562	1474
229365726	1474
229365901	1474
229366065	1474
229366228	1474
229366415	1474
229366622	1474
230164411	1474
230164524	1474
230164741	1474
230164881	1474
230165021	1474
230165130	1474
230165278	1474
230165401	1474
230165538	1474
230165684	1474
230165956	1474
230166631	1474
230166776	1474
230167024	1474
230167134	1474
230167732	1474
230167872	1474
230168002	1474
230960593	1474
230960723	1474
230960849	1474
230960970	1474
230961089	1474
230961210	1474
230961307	1474
230961516	1474
230961623	1474
230961868	1474
230961966	1474
230962063	1474
230962159	1474
230962291	1474
230962387	1474
230962482	1474
231761322	1474
231761472	1474
231761591	1474
231761745	1474
231761961	1474
231762316	1474
231762514	1474
231762611	1474
231762703	1474
231762825	1474
231762921	1474
231763045	1474
231763164	1474
231763285	1474
231763409	1474
231763550	1474
232562178	1474
232562372	1474
232562518	1474
232562694	1474
232563032	1474
232563236	1474
232563369	1474
232563523	1474
232563662	1474
232563784	1474
232563916	1474
232564134	1474
232564260	1474
232564356	1474
232564476	1474
232564612	1474
233361110	1474
233361295	1474
233361418	1474
233361543	1474
233361660	1474
233361784	1474
233362004	1474
233362129	1474
233362405	1474
233362560	1474
233362689	1474
233362827	1474
233362949	1474
233363045	1474
233363167	1474
233363263	1474
233363356	1474
234160899	1474
234161130	1474
234161230	1474
234161352	1474
234161450	1474
234161673	1474
234161802	1474
234162011	1474
234162569	1474
234162671	1474
234162845	1474
234162942	1474
234163040	1474
234163137	1474
234163259	1474
234163383	1474
234163540	1474
234163666	1474
234963814	1474
234963997	1474
234964139	1474
234964292	1474
234964503	1474
234964607	1474
234965388	1474
234965627	1474
234965945	1474
234966668	1474
234966778	1474
234966920	1474
234967069	1474
234967183	1474
234967334	1474
234967751	1474
234968094	1474
235761487	1474
235761697	1474
235761826	1474
235761967	1474
235762179	1474
235762304	1474
235762547	1474
235763084	1474
235763278	1474
235763415	1474
235763608	1474
235763732	1474
235763854	1474
235763959	1474
235764111	1474
235764210	1474
235764339	1474
236561842	1474
236561986	1474
236562102	1474
236562239	1474
236562573	1474
236562803	1474
236562925	1474
236563060	1474
236563184	1474
236563321	1474
236563447	1474
236563598	1474
236563701	1474
236563860	1474
236563987	1474
236564113	1474
236564212	1474
237361472	1474
237361621	1474
237361758	1474
237361880	1474
237361977	1474
237362101	1474
237362224	1474
237362345	1474
237362441	1474
237362539	1474
237362639	1474
237362864	1474
237363000	1474
237363236	1474
237363448	1474
237363620	1474
237363757	1474
238161792	1474
238161992	1474
238162090	1474
238162229	1474
238162344	1474
238162477	1474
238162615	1474
238162876	1474
238163034	1474
238163695	1474
238163844	1474
238164113	1474
238164214	1474
238164359	1474
238164456	1474
238164580	1474
238164695	1474
238164820	1474
238961926	1474
238962075	1474
238962204	1474
238962339	1474
238962492	1474
238962618	1474
238962732	1474
238962857	1474
238963125	1474
238963771	1474
238963877	1474
238964156	1474
238964282	1474
238964399	1474
238964505	1474
238964620	1474
238964744	1474
238964866	1474
239762128	1474
239762276	1474
239762402	1474
239762500	1474
239762643	1474
239762784	1474
239762909	1474
239763013	1474
239763116	1474
239763257	1474
239763361	1474
239763556	1474
239763685	1474
239763824	1474
239763950	1474
239764070	1474
239764167	1474
239764299	1474
240562856	1474
240564839	1474
240565034	1474
240565286	1474
240565451	1474
240565578	1474
240565704	1474
240565806	1474
240565936	1474
240566063	1474
240566186	1474
240566311	1474
240566423	1474
240566552	1474
240566680	1474
240566778	1474
240566902	1474
241362381	1474
241362599	1474
241362784	1474
241362924	1474
241363063	1474
241363200	1474
241363364	1474
241363528	1474
241363756	1474
241363928	1474
241364065	1474
241364202	1474
241364368	1474
241364534	1474
241364705	1474
241364876	1474
241365014	1474
242162405	1474
242162647	1474
242162919	1474
242163089	1474
242163317	1474
242163489	1474
242163726	1474
242163871	1474
242164044	1474
242164208	1474
242164350	1474
242164488	1474
242164654	1474
242164836	1474
242165023	1474
242165184	1474
242165385	1474
242165569	1474
242962416	1474
242962602	1474
242962739	1474
242962907	1474
242963081	1474
242963217	1474
242963355	1474
242963492	1474
242963710	1474
242963879	1474
242964059	1474
242964196	1474
242964363	1474
242964499	1474
242964667	1474
242964802	1474
242964985	1474
243762522	1474
243762707	1474
243763205	1474
243763440	1474
243763725	1474
243763892	1474
243764081	1474
243764257	1474
243764394	1474
243764570	1474
243764709	1474
243764850	1474
243764988	1474
243765170	1474
243765354	1474
243765522	1474
243765684	1474
243765848	1474
244563033	1474
244563240	1474
244563655	1474
244563827	1474
244564022	1474
244564267	1474
244564442	1474
244564605	1474
244564768	1474
244564930	1474
244565067	1474
244565232	1474
244565428	1474
244565567	1474
244565731	1474
244565895	1474
244566031	1474
245362795	1474
245363101	1474
245363247	1474
245363428	1474
245363691	1474
245363930	1474
245364097	1474
245364262	1474
245364425	1474
245364599	1474
245364766	1474
245364930	1474
245365071	1474
245365235	1474
245365404	1474
245365557	1474
245365750	1474
245365912	1474
246163934	1474
246164046	1474
246164147	1474
246164271	1474
246164399	1474
246164522	1474
246164618	1474
246164832	1474
246164929	1474
246165024	1474
246165144	1474
246165255	1474
246165369	1474
246165475	1474
246165583	1474
246165706	1474
246165826	1474
246165923	1474
246964991	1474
246965254	1474
246965514	1474
246965683	1474
246965919	1474
246966149	1474
246966311	1474
246966471	1474
246966655	1474
246966816	1474
246966985	1474
246967149	1474
246967311	1474
246967445	1474
246967662	1474
246967830	1474
246967999	1474
246968161	1474
247763384	1474
247763612	1474
247763751	1474
247763932	1474
247764164	1474
247764331	1474
247764492	1474
247764655	1474
247764790	1474
247764952	1474
247765098	1474
247765261	1474
247765423	1474
247765583	1474
247765743	1474
247765904	1474
247766050	1474
247766248	1474
248830155	1474
248830328	1474
248830538	1474
248830757	1474
248830976	1474
248831134	1474
248831312	1474
248831447	1474
248831672	1474
248831816	1474
248831989	1474
248832159	1474
248832340	1474
248832475	1474
248832613	1474
248832775	1474
248832940	1474
248833100	1474
249363960	1474
249364179	1474
249364347	1474
249364570	1474
249364795	1474
249364981	1474
249365227	1474
249365434	1474
249365576	1474
249365736	1474
249365899	1474
249366060	1474
249366224	1474
249366383	1474
249366590	1474
249366754	1474
249366917	1474
250163542	1474
250163697	1474
250163862	1474
250164001	1474
250164136	1474
250164301	1474
250164465	1474
250164641	1474
250164808	1474
250164942	1474
250165105	1474
250165241	1474
250165375	1474
250165510	1474
250165707	1474
250165898	1474
250965505	1474
250965696	1474
250965848	1474
250966017	1474
250966180	1474
250966347	1474
250966509	1474
250966673	1474
250966848	1474
250967048	1474
250967208	1474
250967376	1474
250967538	1474
250967752	1474
250967960	1474
250968101	1474
250968265	1474
250968430	1474
252031890	1474
252032037	1474
252032169	1474
252032292	1474
252032416	1474
252032513	1474
252032636	1474
252032758	1474
252032854	1474
252032978	1474
252033099	1474
252033236	1474
252033331	1474
252033455	1474
252033549	1474
252033670	1474
252033791	1474
252033886	1474
252830840	1474
252830950	1474
252831072	1474
252831166	1474
252831317	1474
252831436	1474
252831595	1474
252831692	1474
252831813	1474
252831933	1474
252832052	1474
252832173	1474
252832304	1474
252832402	1474
252832522	1474
252832641	1474
252832762	1474
252832883	1474
253631150	1474
253631261	1474
253631378	1474
253631580	1474
253631797	1474
253631924	1474
253632046	1474
253632168	1474
253632289	1474
253632413	1474
253632541	1474
253632663	1474
253632765	1474
253632861	1474
253632981	1474
253633102	1474
253633226	1474
253633348	1474
254432118	1474
254432228	1474
254432356	1474
254432452	1474
254432569	1474
254432672	1474
254432796	1474
254432918	1474
254433039	1474
254433158	1474
254433277	1474
254433397	1474
254433518	1474
254433606	1474
254433759	1474
254433854	1474
254433950	1474
255232171	1474
255232303	1474
255232404	1474
255232502	1474
255232625	1474
255232746	1474
255232879	1474
255233004	1474
255233125	1474
255233252	1474
255233346	1474
255233469	1474
255233589	1474
255233710	1474
255233841	1474
255233969	1474
255234092	1474
255234215	1474
256031504	1474
256031679	1474
256031781	1474
256031902	1474
256032031	1474
256032129	1474
256032252	1474
256032349	1474
256032558	1474
256032681	1474
256032808	1474
256032902	1474
256033036	1474
256033131	1474
256033254	1474
256033375	1474
256033495	1474
256831406	1474
256831613	1474
256831741	1474
256831862	1474
256831985	1474
256832107	1474
256832240	1474
256832362	1474
256832459	1474
256832555	1474
256832678	1474
256832798	1474
256832919	1474
256833041	1474
256833298	1474
256833397	1474
256833495	1474
256833615	1474
257631811	1474
257631941	1474
257632034	1474
257632155	1474
257632285	1474
257632421	1474
257632647	1474
257632771	1474
257632898	1474
257633019	1474
257633113	1474
257633209	1474
257633331	1474
257633458	1474
257633580	1474
257633700	1474
257633821	1474
258433840	1474
258433999	1474
258434114	1474
258434208	1474
258434300	1474
258434422	1474
258434555	1474
258434675	1474
258434794	1474
258434890	1474
258435008	1474
258435127	1474
258435247	1474
258435345	1474
258435526	1474
258435651	1474
258435745	1474
259233311	1474
259233452	1474
259233577	1474
259233705	1474
259233937	1474
259234045	1474
259234164	1474
259234284	1474
259234378	1474
259234472	1474
259234592	1474
259234720	1474
259234815	1474
259234940	1474
259235061	1474
259235182	1474
259235302	1474
260034557	1474
260034660	1474
260034756	1474
260034905	1474
260035026	1474
260035147	1474
260035242	1474
260035366	1474
260035546	1474
260035670	1474
260035791	1474
260035926	1474
260036047	1474
260036141	1474
260036262	1474
260036356	1474
260036477	1474
260036595	1474
260833406	1474
260833535	1474
260833656	1474
260833751	1474
260833870	1474
260833989	1474
260834116	1474
260834235	1474
260834353	1474
260834446	1474
260834565	1474
260834684	1474
260834778	1474
260834872	1474
260834966	1474
260835091	1474
261632741	1474
261632938	1474
261633062	1474
261633182	1474
261633310	1474
261633547	1474
261633777	1474
261633898	1474
261634014	1474
261634143	1474
261634272	1474
261634366	1474
261634483	1474
261634598	1474
261634717	1474
261634808	1474
261634926	1474
261635045	1474
262432695	1474
262432841	1474
262433061	1474
262433244	1474
262433407	1474
262433641	1474
262433775	1474
262433910	1474
262434072	1474
262434232	1474
262434426	1474
262434566	1474
262434701	1474
262434863	1474
262435026	1474
262435187	1474
262435351	1474
263234310	1474
263234448	1474
263234586	1474
263234682	1474
263234776	1474
263234896	1474
263235127	1474
263235250	1474
263235344	1474
263235530	1474
263235635	1474
263235753	1474
263235872	1474
263235993	1474
263236110	1474
263236230	1474
263236350	1474
263236443	1474
264032543	1474
264032701	1474
264032834	1474
264032978	1474
264033080	1474
264033460	1474
264033682	1474
264033824	1474
264033952	1474
264034051	1474
264034198	1474
264034297	1474
264034414	1474
264034540	1474
264034663	1474
264034800	1474
264034934	1474
264035059	1474
264833065	1474
264833188	1474
264833329	1474
264833600	1474
264833726	1474
264833844	1474
264833986	1474
264834110	1474
264834244	1474
264834378	1474
264834505	1474
264834648	1474
264834774	1474
264834918	1474
264835067	1474
264835216	1474
264835344	1474
265633606	1474
265633744	1474
265634144	1474
265634277	1474
265634566	1474
265634694	1474
265634822	1474
265634939	1474
265635064	1474
265635197	1474
265635298	1474
265635478	1474
265635658	1474
265635758	1474
265635876	1474
265636000	1474
265636142	1474
265636242	1474
266437930	1474
266438096	1474
266438220	1474
266438471	1474
266438596	1474
266438792	1474
266438975	1474
266439103	1474
266439230	1474
266439363	1474
266439529	1474
266439665	1474
266439807	1474
266439952	1474
266440074	1474
266440188	1474
266440316	1474
267234838	1474
267235065	1474
267235169	1474
267235292	1474
267235444	1474
267235649	1474
267235777	1474
267235902	1474
267236028	1474
267236152	1474
267236268	1474
267236401	1474
267236548	1474
267236672	1474
267236808	1474
267236957	1474
267237082	1474
268034182	1474
268034318	1474
268034415	1474
268034537	1474
268034745	1474
268034870	1474
268035094	1474
268035219	1474
268035315	1474
268035579	1474
268035716	1474
268035833	1474
268035951	1474
268036043	1474
268036161	1474
268036280	1474
268036376	1474
268833728	1474
268833927	1474
268834048	1474
268834175	1474
268834382	1474
268834559	1474
268834764	1474
268834867	1474
268834988	1474
268835081	1474
268835203	1474
268835322	1474
268835507	1474
268835605	1474
268835723	1474
268835856	1474
268835978	1474
269636592	1474
269636742	1474
269636878	1474
269636996	1474
269637206	1474
269637472	1474
269637603	1474
269637823	1474
269637927	1474
269638285	1474
269638388	1474
269638518	1474
269638620	1474
269638746	1474
269638862	1474
269638963	1474
269639108	1474
270433863	1474
270434000	1474
270434106	1474
270434422	1474
270434549	1474
270434686	1474
270434813	1474
270434939	1474
270435080	1474
270435182	1474
270435330	1474
270435539	1474
270435672	1474
270435786	1474
270435885	1474
270436019	1474
270436144	1474
271236627	1474
271236858	1474
271236993	1474
271237102	1474
271237220	1474
271237357	1474
271237509	1474
271237634	1474
271237765	1474
271237894	1474
271238019	1474
271238145	1474
271238383	1474
271238506	1474
271238633	1474
271238759	1474
271238888	1474
271239037	1474
272033737	1474
272033887	1474
272034022	1474
272034132	1474
272034230	1474
272034364	1474
272034610	1474
272034721	1474
272034849	1474
272035138	1474
272035631	1474
272035875	1474
272036001	1474
272036145	1474
272036245	1474
272036370	1474
272036510	1474
272834522	1474
272834784	1474
272835115	1474
272835338	1474
272835816	1474
272835990	1474
272836159	1474
272836320	1474
272836485	1474
272836646	1474
272836825	1474
272836985	1474
272837154	1474
272837316	1474
272837480	1474
272837649	1474
272837802	1474
272837966	1474
273634448	1474
273634638	1474
273634803	1474
273635006	1474
273635229	1474
273635400	1474
273635537	1474
273635749	1474
273635899	1474
273636064	1474
273636228	1474
273636362	1474
273636527	1474
273636662	1474
273636827	1474
273636996	1474
273637134	1474
273637314	1474
274439861	1474
274440111	1474
274440362	1474
274440983	1474
274441221	1474
274441505	1474
274441954	1474
274442172	1474
274442340	1474
274442506	1474
274442667	1474
274442802	1474
274442966	1474
274443136	1474
274443272	1474
274443408	1474
274443574	1474
275238312	1474
275238491	1474
275238716	1474
275238974	1474
275239224	1474
275239551	1474
275240173	1474
275240374	1474
275240570	1474
275240732	1474
275240914	1474
275241148	1474
275241943	1474
275242198	1474
275242367	1474
275242504	1474
275242643	1474
275242807	1474
276034890	1474
276035028	1474
276035305	1474
276035416	1474
276035751	1474
276036107	1474
276036569	1474
276036811	1474
276036913	1474
276037039	1474
276037165	1474
276037298	1474
276037466	1474
276037604	1474
276037757	1474
276037855	1474
276037973	1474
276835466	1474
276835848	1474
276836108	1474
276836842	1474
276837079	1474
276837210	1474
276837337	1474
276837436	1474
276837548	1474
276837672	1474
276837803	1474
276837929	1474
276838027	1474
276838154	1474
276838278	1474
276838403	1474
276838541	1474
277636285	1474
277636538	1474
277636702	1474
277636828	1474
277636959	1474
277637187	1474
277637291	1474
277637393	1474
277637542	1474
277637698	1474
277637828	1474
277637928	1474
277638073	1474
277638175	1474
277638361	1474
277638489	1474
277638615	1474
277638753	1474
278439154	1474
278440460	1474
278440607	1474
278440942	1474
278441069	1474
278441163	1474
278441290	1474
278441391	1474
278441517	1474
278441643	1474
278441743	1474
278441844	1474
278441963	1474
278442108	1474
278442236	1474
278442365	1474
278442493	1474
278442620	1474
279236402	1474
279236540	1474
279236809	1474
279236912	1474
279237542	1474
279237782	1474
279237910	1474
279238049	1474
279238178	1474
279238303	1474
279238426	1474
279238550	1474
279238668	1474
279238767	1474
279238925	1474
279239152	1474
279239390	1474
279239499	1474
280036736	1474
280036882	1474
280037035	1474
280037161	1474
280037307	1474
280037433	1474
280037791	1474
280037919	1474
280038018	1474
280038145	1474
280038258	1474
280038360	1474
280038484	1474
280038582	1474
280038690	1474
280038786	1474
280038909	1474
280039051	1474
280835281	1474
280835661	1474
280835812	1474
280835957	1474
280836104	1474
280836458	1474
280836595	1474
280836923	1474
280837551	1474
280837775	1474
280837945	1474
280838075	1474
280838177	1474
280838292	1474
280838402	1474
280838539	1474
280838663	1474
281637132	1474
281637373	1474
281637516	1474
281637625	1474
281637759	1474
281637898	1474
281638153	1474
281638281	1474
281638407	1474
281638552	1474
281638685	1474
281638818	1474
281638943	1474
281639064	1474
281639209	1474
281639310	1474
281639406	1474
282436542	1474
282436687	1474
282436796	1474
282436899	1474
282437018	1474
282437145	1474
282437259	1474
282437389	1474
282437520	1474
282437650	1474
282437790	1474
282437891	1474
282438006	1474
282438150	1474
282438273	1474
282438416	1474
282438535	1474
282438664	1474
283504728	1474
283504850	1474
283505072	1474
283505197	1474
283505293	1474
283505417	1474
283505538	1474
283505634	1474
283505756	1474
283505878	1474
283505974	1474
283506078	1474
283506200	1474
283506301	1474
283506411	1474
283506535	1474
283506633	1474
283506868	1474
284307126	1474
284308429	1474
284308568	1474
284308868	1474
284309368	1474
284309574	1474
284309727	1474
284309889	1474
284310041	1474
284310179	1474
284310469	1474
284310718	1474
284310844	1474
284310947	1474
284311045	1474
284311192	1474
284311330	1474
285104143	1474
285104276	1474
285104485	1474
285104614	1474
285104744	1474
285104870	1474
285104970	1474
285105092	1474
285105213	1474
285105322	1474
285105477	1474
285105603	1474
285105723	1474
285105821	1474
285105959	1474
285106099	1474
285106195	1474
285106287	1474
285904279	1474
285904539	1474
285904859	1474
285905082	1474
285905217	1474
285905312	1474
285905433	1474
285905525	1474
285905622	1474
285905756	1474
285905876	1474
285906000	1474
285906121	1474
285906247	1474
285906342	1474
285906437	1474
285906534	1474
286703085	1474
286703190	1474
286703414	1474
286703588	1474
286703727	1474
286703980	1474
286704128	1474
286704644	1474
286704782	1474
286704926	1474
286705031	1474
286705204	1474
286705328	1474
286705451	1474
286705574	1474
286705672	1474
286705765	1474
287236458	1474
287236688	1474
287236817	1474
287236941	1474
287237102	1474
287237336	1474
287237465	1474
287237592	1474
287237717	1474
287237846	1474
287237987	1474
287238114	1474
287238241	1474
287238367	1474
287238499	1474
287238624	1474
287238726	1474
288038011	1474
288038180	1474
288038303	1474
288038430	1474
288038561	1474
288038688	1474
288038825	1474
288038924	1474
288039032	1474
288039204	1474
288039343	1474
288039476	1474
288039579	1474
288039707	1474
288039812	1474
288039941	1474
288040071	1474
288836466	1474
288836603	1474
288836915	1474
288837051	1474
288837679	1474
288837901	1474
288838011	1474
288838158	1474
288838292	1474
288838406	1474
288838567	1474
288838696	1474
288838814	1474
288838952	1474
288839054	1474
288839153	1474
288839357	1474
289639079	1474
289639215	1474
289639401	1474
289639696	1474
289639824	1474
289639947	1474
289640092	1474
289640196	1474
289640351	1474
289640482	1474
289640590	1474
289640742	1474
289640867	1474
289640980	1474
289641099	1474
289641202	1474
289641368	1474
290436643	1474
290436900	1474
290437030	1474
290437158	1474
290437316	1474
290437427	1474
290437763	1474
290437942	1474
290438585	1474
290438718	1474
290438841	1474
290438959	1474
290439089	1474
290439217	1474
290439345	1474
290439540	1474
290439693	1474
290439842	1474
291237875	1474
291237984	1474
291238101	1474
291238348	1474
291238480	1474
291238604	1474
291238742	1474
291238885	1474
291239012	1474
291239140	1474
291239269	1474
291239436	1474
291239723	1474
291239853	1474
291239976	1474
291240130	1474
292040163	1474
292040641	1474
292041079	1474
292041466	1474
292041930	1474
292042866	1474
292043048	1474
292043870	1474
292044474	1474
292044703	1474
292045163	1474
292045796	1474
292046211	1474
292046550	1474
292046980	1474
292047359	1474
292048025	1474
292048378	1474
292838634	1474
292838772	1474
292838896	1474
292839031	1474
292839167	1474
292839297	1474
292839426	1474
292839613	1474
292839739	1474
292839839	1474
292839983	1474
292840127	1474
292840254	1474
292840381	1474
292840521	1474
292840646	1474
292840783	1474
292840910	1474
293905089	1474
293905201	1474
293905424	1474
293905566	1474
293905819	1474
293906427	1474
293906679	1474
293906813	1474
293906945	1474
293907070	1474
293907194	1474
293907292	1474
293907429	1474
293907597	1474
293907738	1474
293907885	1474
293908013	1474
293908148	1474
294705810	1474
294706135	1474
294706237	1474
294706358	1474
294706498	1474
294706711	1474
294706843	1474
294706970	1474
294707097	1474
294707222	1474
294707348	1474
294707574	1474
294707705	1474
294707816	1474
294707945	1474
294708044	1474
294708186	1474
295237933	1474
295238041	1474
295238161	1474
295238286	1474
295238421	1474
295238552	1474
295239170	1474
295239300	1474
295239425	1474
295239688	1474
295239814	1474
295239952	1474
295240085	1474
295240211	1474
295240338	1474
295240465	1474
295240620	1474
296304655	1474
296304762	1474
296305020	1474
296305140	1474
296305269	1474
296305563	1474
296305664	1474
296305803	1474
296305937	1474
296306061	1474
296306189	1474
296306316	1474
296306439	1474
296306560	1474
296306702	1474
296306821	1474
296306954	1474
296307079	1474
297106347	1474
297106511	1474
297106688	1474
297106857	1474
297107007	1474
297107199	1474
297107363	1474
297107584	1474
297107749	1474
297107914	1474
297108090	1474
297108231	1474
297108398	1474
297108564	1474
297108700	1474
297108870	1474
297109017	1474
297904660	1474
297904770	1474
297904928	1474
297905053	1474
297905272	1474
297905400	1474
297905529	1474
297905630	1474
297905736	1474
297905859	1474
297905987	1474
297906149	1474
297906282	1474
297906397	1474
297906509	1474
297906620	1474
297906711	1474
297906836	1474
298705824	1474
298705954	1474
298706051	1474
298706170	1474
298706418	1474
298706552	1474
298706799	1474
298706896	1474
298706989	1474
298707110	1474
298707232	1474
298707338	1474
298707524	1474
298707654	1474
298707748	1474
298707876	1474
298707994	1474
298708088	1474
299505715	1474
299505911	1474
299506008	1474
299506154	1474
299506279	1474
299506388	1474
299506636	1474
299506759	1474
299506877	1474
299506995	1474
299507087	1474
299507205	1474
299507321	1474
299507517	1474
299507645	1474
299507769	1474
299507888	1474
299508007	1474
300305971	1474
300306110	1474
300306203	1474
300306321	1474
300306439	1474
300306555	1474
300306687	1474
300306810	1474
300306902	1474
300306997	1474
300307118	1474
300307235	1474
300307354	1474
300307537	1474
300307664	1474
300307795	1474
300307915	1474
300308027	1474
301106258	1474
301106464	1474
301106587	1474
301106682	1474
301106804	1474
301106937	1474
301107159	1474
301107257	1474
301107352	1474
301107514	1474
301107612	1474
301107738	1474
301107870	1474
301107992	1474
301108111	1474
301108204	1474
301108325	1474
301108420	1474
301906719	1474
301906858	1474
301906977	1474
301907103	1474
301907222	1474
301907314	1474
301907496	1474
301907625	1474
301907747	1474
301907869	1474
301907991	1474
301908096	1474
301908193	1474
301908286	1474
301908382	1474
301908500	1474
301908618	1474
302706079	1474
302706237	1474
302706359	1474
302706481	1474
302706573	1474
302706693	1474
302706813	1474
302706934	1474
302707053	1474
302707148	1474
302707252	1474
302707372	1474
302707543	1474
302707640	1474
302707759	1474
302707854	1474
302707949	1474
303507134	1474
303507331	1474
303507441	1474
303507780	1474
303507905	1474
303508029	1474
303508153	1474
303508248	1474
303508367	1474
303508484	1474
303508641	1474
303508761	1474
303508853	1474
303508975	1474
303509095	1474
303509215	1474
303509335	1474
303509430	1474
304306574	1474
304306781	1474
304306879	1474
304307104	1474
304307230	1474
304307421	1474
304307613	1474
304307747	1474
304307868	1474
304307990	1474
304308115	1474
304308235	1474
304308354	1474
304308476	1474
304308596	1474
304308730	1474
304308849	1474
304308943	1474
304943558	54
305091962	91
305092408	96
305092913	83
305093125	54
306563362	162
310769874	162
