16576108	58
16577546	54
16722276	1474
16722436	828
16724771	54
16864659	523
16866813	54
17017363	1474
17017509	82
17017601	799
17019903	54
17172974	1474
17173088	827
17174483	54
17325726	1474
17325858	82
17326026	799
17327417	54
17479202	1474
17479477	82
17479578	799
17481374	54
17623221	613
17626497	54
17780434	1474
17780580	82
17780671	1474
17780779	82
17803680	1474
17803825	82
18366267	1474
18366385	82
18505952	1474
18506137	82
18506223	607
18508335	54
18655939	600
18657643	54
18823464	1474
18823609	82
18823701	1474
18823813	82
18843846	1474
18844121	82
18961626	1474
18961771	82
18961863	1474
18961959	82
18962399	1474
18962786	82
19038748	776
19041051	54
21801497	1474
21854868	1474
21855130	1474
21863163	138
21942272	1474
21942777	82
21943943	1474
21944141	82
21962814	1474
21962946	82
21999120	1474
21999607	82
22000373	1474
22000578	82
22080637	1474
22080736	82
22080980	1474
22081302	82
22094981	1474
22095229	82
22119699	1474
22119864	82
22136472	1474
22136609	82
22153256	1474
22153368	82
22169216	1474
22169663	82
22389506	1474
22389840	1474
22390140	1474
22390262	1474
22390416	1474
22390577	1474
22390868	1474
22391173	1474
22391367	278
22509899	1474
22510189	1474
22510295	110
22649997	1474
22650238	82
23168380	1474
23168605	1474
23168697	1474
23168804	1474
23168903	1474
23169237	1474
23169386	1474
23169569	1474
23169759	1474
23169973	1474
23170173	1474
23170417	1474
23170581	1474
23170835	1474
23170984	1474
23171282	1474
23171545	1474
23171837	1474
23172147	558
23309857	1474
23310162	753
23452949	1474
23453236	1474
23453386	110
23453498	1474
23453709	82
23453865	1474
23453973	82
23601562	1474
23601822	82
23602028	1474
23602150	82
23602472	1474
23602675	82
23613502	1474
23613793	82
23873706	1474
23874104	1474
23874570	110
24019092	1474
24019510	1474
24019862	1474
24020069	1474
24020345	1474
24020545	194
24164107	1474
24164215	1474
24164570	1474
24164909	1474
24165018	1474
24165115	1474
24165285	1474
24165495	1474
24165761	1474
24165934	1474
24166047	334
24244247	1474
24244459	82
24312596	1474
24313001	82
24313961	1474
24314135	82
24333873	1474
24334079	82
24394902	1474
24395138	82
24458649	1474
24458846	82
24458936	1474
24459102	82
24468788	1474
24476139	1474
24476621	82
24666399	1474
24666604	1474
24666834	1474
24666934	1474
24667060	166
24682403	1474
24814304	1474
24814503	1474
24814741	1474
24815428	1474
24815723	1474
24815879	1474
24816078	1474
24816226	1474
24816465	1474
24816574	306
24880051	1474
24880160	82
24924525	1474
24924627	82
24949601	1474
24949908	1474
24950002	110
25022229	1474
25022423	82
25023314	1474
25023763	82
25065121	1474
25065219	82
25065805	1474
25065978	82
25087329	1474
25087524	82
25088006	1474
25088119	82
25157422	1474
25157692	82
25157881	1474
25158118	82
25200563	1474
25200768	82
25204723	1474
25205014	82
25228174	1474
25228276	82
25229025	1474
25229126	82
25306149	1474
25306252	82
25306397	1474
25306622	82
25349555	1474
25349666	82
25350008	1474
25350202	82
25376985	1474
25377209	82
25414885	1474
25415002	82
25415099	1474
25415214	82
25449101	1474
25449404	82
25449497	1474
25449590	82
25492764	1474
25492875	82
25493085	1474
25493372	82
25564066	1474
25564173	82
25590121	1474
25590313	82
25590494	1474
25590736	82
25591793	1474
25626690	1474
25626842	82
25627342	1474
25627602	82
25687089	1474
25687323	82
25687683	1474
25688216	82
25688485	1474
25688846	82
25691354	1474
25724495	1474
25724639	82
25725231	1474
25725427	82
25770995	1474
25771195	82
25771650	1474
25771875	82
25828919	1474
25829164	82
25830094	1474
25830202	82
25877226	1474
25877329	82
25877555	1474
25877812	82
25920786	1474
25921456	82
25921677	1474
25921859	82
25940041	1474
25940148	82
25980230	1474
25980425	82
25980575	1474
25980681	82
26015578	1474
26015937	82
26016136	1474
26016318	82
26063834	1474
26064013	82
26064125	1474
26064224	82
26079184	1474
26079334	82
26079703	1474
26079826	82
26111386	1474
26111882	82
26112032	1474
26112141	82
26161674	1474
26162077	82
26163075	1474
26163255	82
26209346	1474
26209579	82
26209724	1474
26209970	82
26222597	1474
26222699	82
26242730	1474
26242841	82
26259858	1474
26260106	82
26279788	1474
26280119	82
26310034	1474
26310614	82
26310867	1474
26311502	82
26350127	1474
26350322	82
26350424	1474
26350537	82
26391952	1474
26392060	82
26392160	1474
26392265	82
26430252	1474
26430610	82
26434030	1474
26434147	82
26450146	1474
26450415	82
26450514	1474
26450623	82
26493411	1474
26493603	82
26493721	1474
26493821	82
26513948	1474
26514166	82
26540360	1474
26540464	82
26568274	1474
26584814	1474
26584931	82
26597688	1474
26597792	82
26607825	1474
26608043	82
26617308	1474
26823303	1474
26823476	1474
26823582	1474
26824014	1474
26824220	1474
26824498	1474
26846831	1474
26846942	1474
26847096	1474
26847463	1474
26847732	1474
26847943	362
26872228	1474
26872958	82
26892429	1474
26892622	82
26893480	1474
26893913	82
26912308	1474
26912589	82
26912951	1474
26913046	82
26957389	1474
26957717	82
27000074	1474
27000496	82
27037886	1474
27037987	82
27038527	1474
27038785	82
27038987	1474
27039242	82
27056923	1474
27057030	82
27057951	1474
27058274	82
27102455	1474
27102663	82
27108192	1474
27108477	82
27146582	1474
27146695	82
27181950	1474
27182054	82
27182898	1474
27183163	82
27202707	1474
27203002	82
27223682	1474
27223839	82
27242534	1474
27242865	82
27262991	1474
27263194	82
27284567	1474
27284769	82
27328350	1474
27328510	82
27328973	1474
27329146	82
27347003	1474
27347257	82
27368022	1474
27368312	82
27386723	1474
27387017	82
27406636	1474
27406874	82
27432026	1474
27432243	82
27449401	1474
27449654	82
27469726	1474
27469832	82
27486103	1474
27486207	82
27502240	1474
27502538	82
27518210	1474
27518344	82
27534101	1474
27534196	82
27552223	1474
27552328	82
27570425	1474
27570622	82
27595829	1474
27595991	82
27611897	1474
27612108	82
27632007	1474
27632529	82
27653717	1474
27654118	82
27654234	1474
27654376	82
27667914	1474
27688496	1474
27688605	82
27688841	1474
27688953	82
27698452	1474
27717523	1474
27717667	82
27718042	1474
27718258	82
27766153	1474
27766419	82
27766606	1474
27766707	82
27798260	1474
27798798	82
27798895	1474
27799027	82
27841216	1474
27841434	82
27842019	1474
27842221	82
27873846	1474
27874445	1474
27874770	110
27918040	1474
27918410	82
27919261	1474
27919362	82
27944783	1474
27945002	82
27945157	1474
27945356	82
27982464	1474
27982582	82
27982945	1474
27983050	82
28011029	1474
28011505	82
28012174	1474
28012526	82
28013390	1474
28013587	82
28055247	1474
28055899	82
28056451	1474
28056629	82
28087578	1474
28087671	82
28087789	1474
28088175	82
28126147	1474
28126492	82
28127057	1474
28127354	82
28155770	1474
28155869	82
28156799	1474
28156903	82
28197620	1474
28198083	82
28198631	1474
28199165	82
28228919	1474
28229167	82
28229576	1474
28229846	82
28269799	1474
28269995	1474
28270392	110
28301174	1474
28301278	82
28301369	1474
28301466	82
28338802	1474
28339183	82
28339276	1474
28339463	82
28373362	1474
28373508	82
28374020	1474
28374308	82
28411270	1474
28411657	82
28411753	1474
28411921	82
28442830	1474
28442932	82
28443290	1474
28443392	82
28478719	1474
28479065	1474
28513140	1474
28513451	82
28514566	1474
28514663	82
28534062	1474
28550666	1474
28550759	82
28551861	1474
28552072	82
28586378	1474
28586561	82
28586654	1474
28586804	82
28618320	1474
28618723	82
28619090	1474
28619192	82
28637211	1474
28637443	82
28658322	1474
28658541	82
28679998	1474
28680109	82
28692909	1474
28693125	82
28702641	1474
28702873	82
28714682	1474
28715006	82
28732523	1474
28732950	82
28749408	1474
28749515	82
28766797	1474
28766919	82
28787343	1474
28787496	82
28809460	1474
28809615	82
28829034	1474
28829139	82
28845844	1474
28846001	82
28860622	1474
28860738	82
28877172	1474
28877466	82
28896006	1474
28896111	82
28913395	1474
28913508	82
28931287	1474
28931593	82
28953047	1474
28953492	82
28972758	1474
28972953	82
28984852	1474
28985131	82
29006532	1474
29006662	82
29023951	1474
29024135	82
29041382	1474
29041492	82
29065033	1474
29065198	82
29080786	1474
29081149	82
29099025	1474
29099435	82
29115121	1474
29115324	82
29134244	1474
29134364	82
29154739	1474
29154851	82
29173792	1474
29173968	82
29188164	1474
29188362	82
29203181	1474
29203578	82
29220946	1474
29221184	82
29237771	1474
29237872	82
29256467	1474
29256851	82
29275535	1474
29275647	82
29296170	1474
29296626	82
29316544	1474
29316652	82
29335801	1474
29335907	82
29564551	1474
29565100	1474
29565260	1474
29565720	1474
29566044	1474
29566141	1474
29566249	1474
29566342	1474
29566449	1474
29566545	1474
29566753	1474
29566985	1474
29567111	1474
29588409	1474
29588787	446
29592102	1474
29592258	82
29624633	1474
29624729	82
29640422	1474
29640839	1474
29640937	110
29672305	1474
29672404	82
29690492	1474
29690599	82
29707417	1474
29707824	82
29707939	1474
29708053	82
29709078	1474
29709194	82
29759892	1474
29760000	82
29782387	1474
29782488	82
29782591	1474
29783041	82
29821255	1474
29821437	82
29821533	1474
29821867	82
29822044	1474
29822156	82
29851533	1474
29851950	82
29852616	1474
29852992	82
29855328	1474
29855649	82
29908764	1474
29909135	82
29909384	1474
29909661	82
29929867	1474
29930248	1474
29930449	110
29964724	597
29986801	54
30125998	643
30147593	54
30304330	1474
30304435	82
30305340	1474
30305722	82
30305931	1474
30306162	82
30325062	1474
30325158	82
30583606	1474
30583757	82
31103267	1474
31103423	82
31236464	1474
31236646	82
31237251	1474
31237427	82
31381673	1474
31381805	82
31382894	1474
31383035	1474
31383136	1474
31383238	1474
31383913	1474
31384188	1474
31384418	1474
31384527	1474
31384628	1474
31384731	1474
31385016	1474
31385127	1474
31385389	390
31524884	1474
31525017	82
31525460	1474
31525919	82
31844341	1474
31844466	1474
31844893	1474
31845103	1474
31845349	1474
31845458	1474
31845587	1474
31845906	250
31968132	1474
31968316	82
31984191	1474
31984459	82
31984562	1474
31984675	82
32111172	1474
32111465	1474
32111577	110
32111812	1474
32111931	82
32399555	1474
32399646	1474
32399743	1474
32399836	1474
32400396	1474
32400572	1474
32400682	1474
32400791	250
32541783	1474
32542301	1474
32542760	110
32542944	1474
32543177	82
32684436	1474
32684908	82
32685563	1474
32685673	82
32686216	1474
32686567	82
32966294	1474
32966404	1474
32966509	1474
32966622	1474
32966926	1474
32967083	1474
32967532	1474
32967881	250
33098569	1474
33099177	82
33099695	1474
33099889	82
33116006	1474
33116525	82
33242427	1474
33242715	82
33243107	1474
33243604	82
33262678	1474
33263128	82
33280313	1474
33280441	82
33386623	1474
33386937	82
33387053	1474
33387171	82
33387879	1474
33388098	82
33408791	1474
33409062	82
33409158	1474
33409244	82
33533278	1474
33533480	82
33533790	1474
33533982	82
33534087	1474
33534186	82
33534886	1474
33534988	82
33558372	1474
33558528	82
33673498	1474
33673603	82
33673922	1474
33674031	82
33677631	1474
33677734	1474
33677953	110
33734470	1474
33734654	82
33807686	1474
33808025	82
33808240	1474
33808601	82
33823867	1474
33824069	82
33843164	1474
33843288	82
33920869	1474
33920967	82
33951358	1474
33951528	82
33952008	1474
33952126	82
33980162	1474
33980527	82
33980849	1474
33980944	82
34005092	1474
34005288	82
34095338	1474
34095622	82
34095737	1474
34096211	82
34124296	1474
34124538	82
34128569	1474
34128896	1474
34128996	110
34149278	1474
34149683	82
34234883	1474
34235167	1474
34235270	110
34278313	1474
34278671	82
34278847	1474
34279047	82
34279157	1474
34279249	82
34295513	1474
34295796	82
34378635	1474
34379065	1474
34379175	110
34420405	1474
34420514	82
34421687	1474
34421811	82
34438483	1474
34438610	82
34449880	1474
34450127	82
34523498	1474
34523644	82
34524179	1474
34524316	82
34565358	1474
34565673	1474
34565768	110
34591996	1474
34592083	82
34592183	1474
34592410	82
34604690	1474
34604797	82
34666160	1474
34666297	82
34666709	1474
34666884	82
34703991	1474
34704309	82
34704452	1474
34704551	82
34729529	1474
34729730	82
34730144	1474
34730455	82
34796449	1474
34796845	82
34797138	1474
34797345	82
34816425	1474
34816624	82
34836751	1474
34836892	82
34836993	1474
34837462	82
34869572	1474
34869677	82
34870415	1474
34870563	82
34939290	1474
34939464	82
34939878	1474
34940073	82
34984532	1474
34984650	82
34984840	1474
34984941	82
35013956	1474
35014373	82
35014856	1474
35015037	82
35070042	1474
35070252	82
35070703	1474
35070908	82
35092219	1474
35092352	82
35129901	1474
35130009	82
35130163	1474
35130650	82
35144933	1474
35145415	82
35158980	1474
35159308	82
35179050	1474
35179326	82
35203835	1474
35204015	82
35204212	1474
35204791	82
35268383	1474
35268560	82
35268758	1474
35269414	82
35288864	1474
35289110	82
35289218	1474
35289478	82
35317323	1474
35317650	82
35317747	1474
35317958	82
35345114	1474
35345478	1474
35345667	110
35400852	1474
35400964	82
35401091	1474
35401753	82
35423028	1474
35423301	82
35424639	1474
35424913	82
35449810	1474
35449903	82
35449993	1474
35450086	82
35470931	1474
35471121	82
35471231	1474
35471342	82
35536993	1474
35537091	82
35537344	1474
35537433	82
35560305	1474
35560444	82
35560565	1474
35560659	82
35586286	1474
35586467	82
35586567	1474
35586681	82
35616509	1474
35616647	82
35616741	1474
35616854	82
35689019	1474
35689115	82
35693021	1474
35693136	82
35715644	1474
35715772	82
35720528	1474
35720657	82
35738840	1474
35739108	82
35751268	1474
35751613	82
35771693	1474
35772110	82
35799966	1474
35800292	82
35819860	1474
35820305	82
35834145	1474
35834336	82
35843571	1474
35843802	82
35868615	1474
35868880	82
35869068	1474
35869203	82
35902026	1474
35902143	82
35902324	1474
35902672	82
35946300	1474
35946445	82
35946651	1474
35946777	82
35984062	1474
35984264	82
35984369	1474
35984706	82
36009483	1474
36009829	82
36009933	1474
36010180	82
36038265	1474
36038360	82
36039592	1474
36039800	82
36080303	1474
36080544	82
36080650	1474
36080764	82
36115763	1474
36115993	82
36116087	1474
36116302	82
36151086	1474
36151274	82
36151445	1474
36151685	82
36185356	1474
36185681	82
36186719	1474
36186834	82
36229794	1474
36229898	82
36230291	1474
36230408	82
36230519	1474
36230620	82
36253004	1474
36253375	1474
36253525	110
36295262	1474
36295498	82
36295997	1474
36296116	82
36334710	1474
36334813	82
36334921	1474
36335197	82
36361249	1474
36361518	82
36361804	1474
36362013	82
36362703	1474
36362901	82
36366068	1474
36366299	82
36401929	1474
36402034	82
36402663	1474
36402759	82
36441403	1474
36441619	82
36441887	1474
36442113	82
36470643	1474
36470740	82
36470913	1474
36471518	82
36496867	1474
36496960	82
36497287	1474
36497382	82
36510717	1474
36510822	82
36537658	1474
36537901	82
36555431	1474
36555537	82
36574125	1474
36574271	82
36589293	1474
36589563	82
36606016	1474
36606322	82
36624607	1474
36624714	82
36646682	1474
36646932	82
36659752	1474
36660172	82
36684331	1474
36684521	82
36700696	1474
36701008	82
36713297	1474
36713631	82
36731115	1474
36731556	82
36748475	1474
36748604	82
36765073	1474
36765472	82
36789299	1474
36789479	82
36805756	1474
36806048	82
36815930	1474
36816037	82
36840074	1474
36840189	82
36859698	1474
36859820	82
36875072	1474
36875206	82
37094587	1474
37094695	82
37648582	1474
37648860	1474
37649038	1474
37649518	1474
37649692	1474
37649815	1474
37650113	1474
37650270	1474
37650629	1474
37650824	1474
37650923	1474
37651112	1474
37651215	1474
37651490	1474
37651685	1474
37651798	474
37793687	1474
37793781	82
37793999	1474
37794138	82
37932932	1474
37933032	1474
37933131	110
37949177	1474
37949329	82
37966273	1474
37966546	82
38074015	1474
38074269	82
38074467	1474
38074585	82
38074685	1474
38074802	82
38096502	1474
38096613	82
38096710	1474
38096823	82
38097490	1474
38097813	1474
38097926	110
38209265	1474
38209661	82
38210435	1474
38210891	82
38211063	1474
38211465	82
38211985	1474
38212093	82
38233431	1474
38233629	82
38234082	1474
38234169	82
38259875	1474
38259981	82
38519847	1474
38519949	1474
38520037	1474
38520130	1474
38520657	1474
38520835	1474
38520937	1474
38521041	1474
38521154	1474
38521423	1474
38521658	334
38555859	1474
38556180	82
38597185	1474
38597368	82
38629410	1474
38629729	82
38629865	1474
38629977	82
38652956	1474
38653158	82
38682963	1474
38683343	82
38729631	1474
38729947	82
38730037	1474
38730144	82
38779595	1474
38779752	82
38779867	1474
38779985	82
38808159	1474
38808574	82
38808680	1474
38808786	82
38830858	1474
38830988	82
38871373	1474
38871740	82
38871881	1474
38872008	82
38917734	1474
38918145	82
38918236	1474
38918340	82
38940464	1474
38940803	82
38940947	1474
38941062	82
38965547	1474
38965823	82
39018445	1474
39018572	82
39018888	1474
39019015	82
39051772	1474
39051952	82
39052339	1474
39052447	82
39072638	1474
39072987	82
39089720	1474
39090037	82
39104333	1474
39104694	82
39153007	1474
39153392	82
39153775	1474
39153865	82
39153968	1474
39154067	82
39201243	1474
39201372	82
39201661	1474
39201786	82
39241298	1474
39241469	82
39241594	1474
39241847	82
39291120	1474
39291252	82
39291967	1474
39292691	82
39292940	1474
39293054	82
39336428	1474
39336571	82
39337211	1474
39337317	82
39376231	1474
39376808	82
39376916	1474
39377036	82
39439089	1474
39439214	82
39440570	1474
39440779	82
39440899	1474
39441001	82
39478673	1474
39478869	82
39479088	1474
39479188	82
39520347	1474
39520589	82
39520710	1474
39520809	82
39568409	1474
39568632	82
39569227	1474
39569620	1474
39569807	110
39807289	1474
39807517	1474
39808109	1474
39808478	1474
39808773	1474
39808891	1474
39808991	1474
39809098	1474
39809231	1474
39809431	1474
39809544	334
39858982	1474
39859303	82
39881560	1474
39881686	82
39907843	1474
39908056	82
39908509	1474
39908722	82
39952850	1474
39952976	82
40002923	1474
40003027	82
40027062	1474
40027192	82
40028013	1474
40028173	82
40049193	1474
40049475	1474
40049828	110
40049944	1474
40050053	82
40100322	1474
40100464	82
40142459	1474
40142661	82
40172086	1474
40172753	82
40174034	1474
40174190	82
40198885	1474
40199472	82
40200321	1474
40200435	1474
40200558	110
40229596	1474
40230218	82
40281178	1474
40281300	82
40281633	1474
40281827	82
40314193	1474
40314306	82
40348541	1474
40348739	82
40349321	1474
40349518	82
40365576	1474
40365849	82
40370724	1474
40371151	82
40402888	1474
40403177	82
40403295	1474
40403779	82
40403876	1474
40403995	82
40467784	1474
40468106	82
40468208	1474
40468305	82
40488388	1474
40488752	82
40489296	1474
40489511	82
40541945	1474
40542524	1474
40542690	110
40542795	1474
40542904	82
40566733	1474
40567029	82
40608191	1474
40608782	82
40608949	1474
40609042	82
40629277	1474
40629798	82
40629910	1474
40630016	82
40681159	1474
40681413	82
40681525	1474
40681643	82
40706922	1474
40707207	82
40707664	1474
40707933	82
40748525	1474
40748934	82
40749069	1474
40749166	82
40769978	1474
40770439	82
40770563	1474
40770669	82
40828539	1474
40828742	82
40828849	1474
40828972	82
40838895	1474
40839006	82
40839287	1474
40839618	82
40887802	1474
40887950	82
40888047	1474
40888223	82
40909078	1474
40909424	1474
40909538	110
40961384	1474
40961604	82
40961794	1474
40961917	82
40979321	1474
40979829	82
40979945	1474
40980055	82
41028073	1474
41028577	82
41028675	1474
41028775	82
41047471	1474
41047936	82
41048028	1474
41048128	82
41102078	1474
41102508	82
41102607	1474
41102718	82
41120863	1474
41121262	82
41121433	1474
41121536	82
41169604	1474
41170076	82
41170174	1474
41170291	82
41189523	1474
41189883	82
41189991	1474
41190101	82
41243950	1474
41244281	1474
41244382	110
41261490	1474
41261964	82
41262090	1474
41262206	82
41309730	1474
41310099	82
41310199	1474
41310297	82
41337873	1474
41338072	82
41338188	1474
41338289	82
41386614	1474
41387363	82
41387566	1474
41387674	82
41388620	1474
41388786	82
41404172	1474
41404525	82
41457117	1474
41457224	82
41457324	1474
41457424	82
41478666	1474
41478994	82
41479272	1474
41479405	82
41528355	1474
41528674	1474
41529020	110
41529120	1474
41529233	1474
41529353	110
41548572	1474
41548916	82
41599563	1474
41599710	1474
41599817	110
41617158	1474
41617648	82
41617772	1474
41617920	82
41668277	1474
41668835	82
41668942	1474
41669056	1474
41669173	110
41669599	1474
41669929	82
41736346	1474
41736459	82
41736552	1474
41736896	82
41737030	1474
41737355	82
41760265	1474
41760585	82
41760712	1474
41760833	82
41812032	1474
41812133	1474
41812261	110
41812509	1474
41813019	82
41847779	1474
41848202	82
41883503	1474
41883638	82
41890257	1474
41890618	82
41918611	1474
41918942	1474
41919099	110
41956953	1474
41957078	82
41957357	1474
41957620	82
41958485	1474
41958865	82
41991163	1474
41991291	82
41991890	1474
41992058	82
42025926	1474
42026035	82
42026163	1474
42026618	82
42042794	1474
42043721	82
42062326	1474
42062858	82
42078995	1474
42079402	82
42108963	1474
42109412	82
42109750	1474
42109918	82
42139025	1474
42139172	82
42140539	1474
42140652	82
42168755	1474
42168887	82
42169297	1474
42169678	82
42194949	1474
42195205	82
42195523	1474
42195645	82
42228263	1474
42228580	82
42228734	1474
42228848	82
42253280	1474
42253417	82
42253845	1474
42253994	82
42276161	1474
42276427	82
42276670	1474
42276770	82
42314470	1474
42314806	82
42314998	1474
42315113	82
42336215	1474
42336576	82
42336710	1474
42336994	82
42367849	1474
42367961	82
42368086	1474
42368326	82
42400696	1474
42400954	82
42401295	1474
42401414	82
42407185	1474
42407761	82
42408593	1474
42408979	82
42442815	1474
42443138	82
42443889	1474
42444084	82
42466754	1474
42467121	82
42467317	1474
42467666	82
42497429	1474
42497786	82
42498788	1474
42499148	82
42526120	1474
42526318	82
42526600	1474
42526705	82
42545615	1474
42545907	82
42546108	1474
42546413	82
42562406	1474
42562510	82
42587262	1474
42587519	82
42587777	1474
42587873	82
42588202	1474
42588332	82
42809577	1474
42809771	1474
42809872	1474
42809967	1474
42810060	1474
42810155	1474
42810250	1474
42810466	1474
42810671	1474
42810772	1474
42810869	1474
42810964	1474
42811059	1474
42811319	418
42834900	1474
42834999	82
42869970	1474
42870078	82
42870310	1474
42870508	82
42870931	1474
42871034	82
42919813	1474
42920008	82
42920107	1474
42920231	82
42952247	1474
42952441	82
42981480	1474
42981591	82
43010263	1474
43010450	82
43010563	1474
43010763	82
43028206	1474
43028397	82
43046706	1474
43046806	82
43068798	1474
43068895	82
43089132	1474
43089319	82
43106200	1474
43106390	82
43126587	1474
43126751	82
43141989	1474
43142182	82
43160554	1474
43160695	82
43177642	1474
43177889	82
43192601	1474
43192794	82
43213385	1474
43213482	82
43233412	1474
43233509	82
43255973	1474
43256097	82
43269976	1474
43270083	82
43283098	1474
43283293	82
43291772	1474
43292019	82
43309481	1474
43310070	82
43327355	1474
43327980	82
43353121	1474
43353270	82
43371539	1474
43371768	82
43383152	1474
43383451	82
43399691	1474
43399951	82
43422445	1474
43422556	82
43452642	1474
43452865	82
43458637	1474
43458892	82
43470692	1474
43470909	82
43488837	1474
43489097	82
43513872	1474
43514024	82
43526219	1474
43526454	82
43543619	1474
43543910	82
43568871	1474
43569083	82
43579716	1474
43580079	82
43759471	1474
43759805	1474
43759905	1474
43760016	1474
43760158	1474
43760259	1474
43760375	222
43906897	1474
43907121	1474
43907405	1474
43907614	1474
43907845	1474
43907960	1474
43908142	1474
43908409	1474
43908596	1474
43908685	1474
43908778	1474
43908890	1474
43909018	390
43991249	1474
43991744	82
44008432	1474
44008622	82
44048480	1474
44048612	82
44049254	1474
44049525	82
44050339	1474
44050536	82
44050793	1474
44050898	82
44136631	1474
44136731	82
44137315	1474
44137462	1474
44137844	110
44138081	1474
44138221	82
44196489	1474
44196621	82
44196752	1474
44197169	1474
44197280	110
44197905	1474
44198101	82
44198422	1474
44198647	82
44281596	1474
44281785	82
44282042	1474
44282504	82
44282866	1474
44283075	82
44495165	1474
44495529	1474
44495810	1474
44495915	1474
44496007	1474
44496103	194
44635622	1474
44635923	82
45161385	1474
45161621	1474
45162123	1474
45162317	1474
45162439	1474
45162535	1474
45162769	1474
45162963	1474
45163088	1474
45163200	1474
45163572	1474
45163770	1474
45163890	1474
45164007	1474
45164439	446
45297997	1474
45298274	82
45298388	1474
45298505	82
45438570	1474
45438759	82
45439259	1474
45439415	1474
45439720	110
45453862	1474
45454155	82
45579964	1474
45580410	1474
45580513	110
45580611	1474
45580766	82
45596603	1474
45596855	82
45860782	1474
45861030	82
46378396	1474
46378681	1474
46378777	1474
46378882	1474
46378979	1474
46380807	1474
46381067	1474
46381269	1474
46381480	1474
46381691	1474
46381830	1474
46381957	1474
46382085	1474
46382393	1474
46382521	1474
46382792	1474
46382911	1474
46383009	1474
46384027	558
46518363	1474
46518656	82
46518772	1474
46518873	82
46659064	1474
46659628	82
46659748	1474
46659847	82
46659941	1474
46660041	82
46962585	1474
46962752	1474
46962843	1474
46962956	1474
46963069	166
47086930	1474
47087084	82
47197445	54
47595262	1474
47595431	1474
47595536	1474
47595634	1474
47595720	1474
47595873	194
47736911	1474
47737040	82
47737278	1474
47737398	82
47876102	1474
47876231	82
47876319	1474
47876436	82
47876760	1474
47876868	82
47876960	1474
47877053	82
48017058	1474
48017188	82
48017280	1474
48017380	82
48034927	1474
48035054	82
48319626	1474
48319756	82
48825995	1474
48826112	1474
48826200	1474
48826307	1474
48826535	1474
48826621	1474
48826716	1474
48826927	1474
48827023	1474
48827121	1474
48827218	1474
48827333	1474
48827502	390
49327047	1474
52331350	1474
58341060	1474
70356970	1474
