4101313	58
4140602	54
4319741	1474
4319950	1474
4320782	1474
4320981	1474
4322072	1474
4322250	1474
4322419	1474
4322667	1474
4323271	1474
4323425	1474
4324156	334
4560747	1474
4560943	82
4561218	1474
4561460	1474
4561739	1474
4562214	1474
4562626	1474
4563011	194
4584179	1474
4584436	1474
4585216	1474
4585439	1474
4585757	1474
4586068	194
4755233	1474
4755578	1474
4755936	1474
4756510	1474
4756768	1474
4757123	1474
4757390	1474
4757561	1474
4757816	1474
4758044	1474
4758346	1474
4758727	1474
4759090	1474
4759264	1474
4759527	1474
4759734	1474
4759950	1474
4760273	1474
4760468	558
4977214	1474
4977580	1474
4977867	110
4980101	1474
4980291	1474
4980438	1474
4980678	1474
4980832	1474
4981024	1474
4981277	1474
4981415	1474
4981571	1474
4981750	1474
4981936	1474
4982075	1474
4982423	1474
4982581	1474
4982769	1474
4982898	1474
4983030	1474
4983218	1474
4983365	1474
4983648	1474
4983788	614
5190667	1474
5190980	1474
5191740	1474
5192188	1474
5192346	166
5192640	1474
5193565	82
5193878	1474
5194047	82
5194649	1474
5194840	1474
5195061	1474
5195602	1474
5195798	1474
5195967	1474
5196325	222
5196695	1474
5196871	1474
5197085	1474
5197365	1474
5197580	1474
5197894	1474
5198084	1474
5198442	1474
5198659	1474
5198963	1474
5199340	1474
5199738	1474
5200068	390
5205095	1474
5205242	1474
5205447	110
5397657	1474
5397886	1474
5398051	1474
5398319	1474
5398561	166
5399004	1474
5399211	1474
5399653	110
5399826	1474
5400051	1474
5400257	1474
5400511	138
5400964	1474
5401240	82
5401385	1474
5401635	1474
5401854	1474
5402205	138
5402412	1474
5402677	1474
5402895	1474
5403148	138
5403396	1474
5403747	82
5404609	1474
5404913	1474
5405056	1474
5405245	1474
5405426	1474
5405742	1474
5405967	1474
5406179	1474
5406413	1474
5406609	306
5412357	1474
5412523	1474
5412663	1474
5412857	1474
5413081	166
5420981	1474
5421203	1474
5421636	110
5640405	1474
5641471	1474
7058585	1474
7069085	1474
7069414	1474
7083415	1474
7083816	1474
7084334	1474
7084634	1474
7112018	1474
7112322	1474
7112677	1474
7112956	1474
7113328	1474
7113599	1474
7113908	1474
7114233	1474
7145604	1474
7145925	1474
7146267	1474
7146543	1474
7146841	1474
7147107	1474
7147636	1474
7147904	1474
7148300	1474
7148619	1474
7148838	1474
7149173	1474
7169116	1474
7169438	1474
7169759	1474
7170100	1474
7170541	1474
7170886	1474
7171170	1474
7171530	1474
7171868	1474
7172123	1474
7172453	1474
7172751	1474
7173085	1474
7173373	1474
7173681	1474
7174011	1474
7174316	1474
7174605	1474
7189074	782
10094746	1474
10097816	1474
10098017	1474
10106060	1474
10106153	1474
10106268	1474
10111287	1474
10111654	1474
10111892	1474
10112208	1474
10116331	1474
10116554	1474
10116842	1474
10117302	1474
10117496	1474
10117843	1474
10118228	1474
10122656	1474
10122950	1474
10123148	1474
10123278	1474
10123937	1474
10124136	1474
10124484	1474
10124712	1474
10128808	1474
10129031	1474
10129478	1474
10129717	1474
10130495	1474
10130614	1474
10130749	1474
10136203	1474
10136323	1474
10136522	1474
10136833	1474
10136960	1474
10137081	1474
10137306	1474
10137736	1474
10137862	1474
10143782	1474
10143901	1474
10144154	1474
10144302	1474
10144504	1474
10144736	1474
10145001	1474
10145225	1474
10145456	1474
10151396	1474
10151560	1474
10151680	1474
10151812	1474
10151932	1474
10152157	1474
10152322	1474
10152555	1474
10152881	1474
10155379	1474
10155541	1474
10155660	1474
10155796	1474
10155950	1474
10156240	1474
10156435	1474
10156563	1474
10156932	1474
10157169	1474
10157473	1474
10157790	1474
10157979	1474
10158278	1474
10158477	1474
10158745	1474
10158970	1474
10159252	1474
10159501	1474
10159700	1474
10159902	1474
10160124	1474
10160223	1474
10160319	1474
10160440	1474
10160534	1474
10160650	1474
10160783	1474
10160903	1474
10196793	1474
10197069	1474
10197165	1474
10197261	1474
10197630	1474
10197735	1474
10197829	1474
10197922	1474
10198040	1474
10198158	1474
10198276	1474
10236797	1474
10237036	1474
10237131	1474
10237310	1474
10237405	1474
10237522	1474
10237640	1474
10237769	1474
10237890	1474
10238008	1474
10238126	1474
10276681	1474
10276992	1474
10277113	1474
10277231	1474
10277350	1474
10277468	1474
10277586	1474
10277715	1474
10277846	1474
10277962	1474
10278080	1474
10316689	1474
10316943	1474
10317260	1474
10317490	1474
10317609	1474
10317703	1474
10317812	1474
10317929	1474
10318047	1474
10318140	1474
10318258	1474
10356668	1474
10356942	1474
10357063	1474
10357182	1474
10357303	1474
10357423	1470
10531077	1474
10531171	1474
10531265	1474
10531448	1474
10531570	1474
10531688	194
10531819	1474
10531993	1474
10532119	110
10532589	1474
10532691	1474
10533073	1474
10533217	1474
10574993	1474
10575189	1474
10575455	1474
10575583	250
10743612	1474
10743742	1474
10743860	1474
10743991	1474
10919368	1474
10919603	1474
10919726	1474
10919843	1474
10919977	1474
10920096	1474
10920223	1474
10920322	1474
10920441	1474
10920635	1474
10920761	1474
11185679	1474
11185899	1474
11186040	1474
11186159	1474
11186274	1474
11186390	1474
11186481	1474
11186597	1474
11186712	1474
11985786	1474
11985999	1474
11986118	1474
11986235	1474
11986362	1474
11986603	1474
11986728	1474
11986822	1474
11986916	1474
11987094	1474
11987212	1474
11987368	1474
11987516	1474
12025511	1474
12025693	1474
12786041	1474
12786145	1474
12786237	1474
12786328	1474
12786443	1474
12786574	1474
12786691	1474
12786807	1474
12786924	1474
12787016	1474
12787132	1474
12787248	1474
12825247	1474
12825427	1474
12825559	1474
12825676	1474
12825792	1474
12825909	1474
12826001	1474
12826117	1474
12826208	1474
13854284	1474
13854547	1474
13854673	1474
13854795	1474
13854936	1474
13855059	1474
13855197	1474
13855320	1474
13855502	1474
13855799	1474
13855947	1474
13856415	1474
13894158	1474
13894461	1474
13894584	1474
14653688	1474
14653966	1474
14654134	1474
14654639	1474
14654770	1474
14654896	1474
14655019	1474
14655129	1474
14655255	1474
14655378	1474
14655556	1474
14655734	1474
14697071	1474
14697234	1474
14697487	1474
14697613	1474
14697756	1474
14698049	1474
14698242	1474
14698723	1474
14699001	1474
15453650	1474
15453914	1474
15454048	1474
15454173	1474
15454484	1474
15454760	1474
15454889	1474
15455096	1474
15455220	1474
15455373	1474
15455546	1474
15455684	1474
15456792	1474
15495859	1474
15496043	1474
16254590	1474
16254825	1474
16254963	1474
16255393	1474
16255724	1474
16256406	1474
16256539	1474
16256693	1474
16256840	1474
16256937	1474
16257073	1474
16257209	1474
16257334	1474
16259843	1474
16295695	1474
16295996	1474
16296088	1474
17053453	1474
17053759	1474
17054144	1474
17054634	1474
17054835	1474
17054977	1474
17055281	1474
17055424	1474
17055636	1474
17055728	1474
17055918	1474
17056057	1474
17056155	1474
17056795	1474
17094852	1474
17095126	1474
17095264	1474
17095410	1474
17095588	1474
17095776	1474
17095915	1474
17096014	1474
17853796	1474
17854120	1474
17854235	1474
17854362	1474
17854668	1474
17854953	1474
17855095	1474
17855220	1474
17855342	1474
17855491	1474
17855594	1474
17855712	1474
17855807	1474
17895889	1474
17896249	1474
18654352	1474
18654851	1474
18655022	1474
18655617	1474
18655842	1474
18656184	1474
18656362	1474
18656562	1474
18656705	1474
18656888	1474
18657028	1474
18657166	1474
18657337	1474
18657537	1474
18695239	1474
18695521	1474
19454196	1474
19454475	1474
19454589	1474
19454715	1474
19454835	1474
19454970	1474
19455090	1474
19455186	1474
19455308	1474
19455454	1474
19455640	1474
19455738	1474
19455835	1474
19495374	1474
19495646	1474
19495855	1474
19496004	1474
19496116	1474
19496246	1474
19496369	1474
19496460	1474
20255062	1474
20255442	1474
20255597	1474
20255744	1474
20255946	1474
20256070	1474
20256202	1474
20256420	1474
20256589	1474
20256800	1474
20256896	1474
20257024	1474
20257145	1474
20257256	1474
20257395	1474
21055367	1474
21055674	1474
21055816	1474
21055933	1474
21056036	1474
21056175	1474
21056313	1474
21056559	1474
21056666	1474
21056789	1474
21056910	1474
21057215	1474
21057306	1474
21057429	1474
21057552	1474
21094990	1474
21095281	1474
21855508	1474
21855746	1474
21856072	1474
21856187	1474
21856385	1474
21856537	1474
21856771	1474
21856890	1474
21857010	1474
21857186	1474
21857306	1474
21857423	1474
21857542	1474
21857684	1474
21857807	1474
21895969	1474
21896257	1474
22656198	1474
22656320	1474
22656453	1474
22656622	1474
22656762	1474
22656915	1474
22657164	1474
22657332	1474
22657629	1474
22657777	1474
22657912	1474
22658029	1474
22658149	1474
22658245	1474
22658342	1474
22699461	1474
22699934	1474
22700080	1474
23454841	1474
23455130	1474
23455356	1474
23455647	1474
23455938	1474
23456104	1474
23456294	1474
23456526	1474
23456665	1474
23456837	1474
23456974	1474
23457136	1474
23457275	1474
23457413	1474
23457575	1474
23496496	1474
23496634	1474
23496796	1474
24255067	1474
24255303	1474
24255733	1474
24256049	1474
24256266	1474
24256509	1474
24256647	1474
24256860	1474
24257018	1474
24257161	1474
24257280	1474
24257437	1474
24257574	1474
24257670	1474
24257789	1474
24257924	1474
25055907	1474
25056269	1474
25056400	1474
25056524	1474
25056655	1474
25056778	1474
25056920	1474
25057037	1474
25057165	1474
25057290	1474
25057443	1474
25057567	1474
25057684	1474
25057804	1474
25057909	1474
25096977	1474
25097071	1474
25856450	1474
25856853	1474
25856977	1474
25857101	1474
25857220	1474
25857354	1474
25857475	1474
25857597	1474
25857737	1474
25857858	1474
25857977	1474
25858119	1474
25858242	1474
25858387	1474
25858482	1474
25896944	1474
25897221	1474
26655967	1474
26656333	1474
26656464	1474
26656610	1474
26656733	1474
26656892	1474
26657187	1474
26657364	1474
26657506	1474
26657939	1474
26658122	1474
26658254	1474
26658377	1474
26658500	1474
26658619	1474
26698808	1474
26699050	1474
26699182	1474
27456397	1474
27456620	1474
27456901	1474
27457147	1474
27457321	1474
27457448	1474
27457670	1474
27457766	1474
27457883	1474
27458013	1474
27458134	1474
27458252	1474
27458370	1474
27458489	1474
27458583	1474
27458677	1474
27497102	1474
28258997	1474
28259284	1474
28259439	1474
28259592	1474
28259709	1474
28259825	1474
28259919	1474
28260037	1474
28260163	1474
28260284	1474
28260405	1474
28260524	1474
28260641	1474
28260733	1474
28260855	1474
28304921	1474
28305041	1474
28305169	1474
29057464	1474
29057740	1474
29057833	1474
29057927	1474
29058047	1474
29058142	1474
29058261	1474
29058389	1474
29058508	1474
29058627	1474
29058721	1474
29058835	1474
29058953	1474
29059071	1474
29059190	1474
29098406	1474
29098708	1474
29856925	1474
29857255	1474
29857380	1474
29857500	1474
29857629	1474
29857750	1474
29857871	1474
29857966	1474
29858087	1474
29858179	1474
29858296	1474
29858417	1474
29858537	1474
29858671	1474
29858794	1474
29897581	1474
30656520	1474
30656902	1474
30657030	1474
30657157	1474
30657287	1474
30657386	1474
30657514	1474
30657614	1474
30657744	1474
30657885	1474
30658010	1474
30658111	1474
30658205	1474
30658332	1474
30658465	1474
30658593	1474
30698276	1474
30698546	1474
31457802	1474
31458116	1474
31458237	1474
31458356	1474
31458480	1474
31458601	1474
31458692	1474
31458805	1474
31458924	1474
31459044	1474
31459149	1474
31459268	1474
31459405	1474
31459549	1474
31459813	1474
31459915	1474
31498110	1474
31498381	1474
32257651	1474
32257924	1474
32258021	1474
32258142	1474
32258250	1474
32258390	1474
32258510	1474
32258630	1474
32258725	1474
32258845	1474
32258964	1474
32259085	1474
32259205	1474
32259306	1474
32259432	1474
32259587	1474
32301951	1474
33061047	1474
33061330	1474
33061459	1474
33061593	1474
33061714	1474
33061810	1474
33061934	1474
33062167	1474
33062271	1474
33062366	1474
33062491	1474
33062728	1474
33062830	1474
33063300	1474
33063508	1474
33063733	1474
33105455	1474
33105893	1474
33862898	1474
33863039	1474
33863250	1474
33863345	1474
33863516	1474
33863741	1474
33863927	1474
33864372	1474
33864497	1474
33864591	1474
33864710	1474
33864844	1474
33864938	1474
33865053	1474
33865172	1474
33865267	1474
33867678	1474
33906360	1474
34927212	1474
34927393	1474
34927716	1474
34927908	1474
34928056	1474
34928239	1474
34928406	1474
34928543	1474
34928704	1474
34928865	1474
34929038	1474
34929176	1474
34929314	1474
34929462	1474
34929625	1474
34929762	1474
34966445	1474
34966627	1474
35457685	1474
35458207	1474
35458454	1474
35458557	1474
35458925	1474
35459042	1474
35459136	1474
35459244	1474
35459388	1474
35459551	1474
35459652	1474
35459777	1474
35459863	1474
35459955	1474
35460073	1474
35460188	1474
35498927	1474
36261244	1474
36261572	1474
36261691	1474
36261807	1474
36261897	1474
36262013	1474
36262134	1474
36262255	1474
36262372	1474
36262499	1474
36262619	1474
36262714	1474
36262804	1474
36262898	1474
36263014	1474
36263129	1474
37058526	1474
37058863	1474
37059037	1474
37059153	1474
37059269	1474
37059386	1474
37059517	1474
37059637	1474
37059745	1474
37059863	1474
37059980	1474
37060067	1474
37060180	1474
37060272	1474
37060391	1474
37060538	1474
37060634	1474
37858389	1474
37858635	1474
37858756	1474
37858847	1474
37858945	1474
37859042	1474
37859165	1474
37859397	1474
37859562	1474
37859751	1474
37859872	1474
37860063	1474
37860180	1474
37860297	1474
37860413	1474
37860528	1474
37860645	1474
37899403	1474
38658859	1474
38659237	1474
38659385	1474
38659519	1474
38659641	1474
38659756	1474
38659872	1474
38659988	1474
38660103	1474
38660298	1474
38660415	1474
38660506	1474
38660622	1474
38660739	1474
38660856	1474
38660971	1474
38661063	1474
38699797	1474
39727169	1474
39727414	1474
39727568	1474
39727707	1474
39727858	1474
39728541	1474
39728670	1474
39728872	1474
39728995	1474
39729115	1474
39729235	1474
39729328	1474
39729443	1474
39729570	1474
39729660	1474
39729773	1474
39729890	1474
39730276	1474
40258917	1474
40259292	1474
40259435	1474
40259578	1474
40259715	1474
40259807	1474
40259932	1474
40260051	1474
40260145	1474
40260261	1474
40260355	1474
40260472	1474
40260590	1474
40260696	1474
40260790	1474
40260883	1474
41059308	1474
41059578	1474
41059710	1474
41059845	1474
41059946	1474
41060078	1474
41060204	1474
41060333	1474
41060431	1474
41060558	1474
41060684	1474
41060784	1474
41060923	1474
41061024	1474
41061153	1474
41061282	1474
41860513	1474
41860848	1474
41860974	1474
41861184	1474
41861309	1474
41861404	1474
41861500	1474
41861620	1474
41861742	1474
41861862	1474
41862097	1474
41862200	1474
41862765	1474
41862897	1474
41862992	1474
42394997	1474
42395093	1474
42395214	1474
42395320	1474
42395470	1474
42395742	1474
42395868	1474
42395988	1474
42396108	1474
42396244	1474
42396341	1474
42396462	1474
42396582	1474
42396678	1474
42396796	1474
42396915	1474
43462648	1474
43463036	1474
43463257	1474
43463402	1474
43463953	1474
43464050	1474
43464165	1474
43464282	1474
43464373	1474
43464465	1474
43464566	1474
43464683	1474
43464773	1474
43464864	1474
43464980	1474
43465073	1474
43465164	1474
43504596	1474
44262931	1474
44263288	1474
44263429	1474
44263631	1474
44264291	1474
44264472	1474
44264591	1474
44264718	1474
44264837	1474
44264954	1474
44265071	1474
44265189	1474
44265280	1474
44265397	1474
44265514	1474
44265633	1474
44265768	1474
45059848	1474
45060073	1474
45060273	1474
45060392	1474
45060511	1474
45060732	1474
45060860	1474
45061202	1474
45061329	1474
45061422	1474
45061540	1474
45061659	1474
45061780	1474
45061901	1474
45062075	1474
45062194	1474
45062418	1474
45062521	1474
45595293	1474
45595521	1474
45595647	1474
45595740	1474
45595839	1474
45595932	1474
45596051	1474
45596187	1474
45596305	1474
45596423	1474
45596518	1474
45596609	1474
45596703	1474
45596799	1474
45596895	1474
45597018	1474
46393885	1474
46394229	1474
46394352	1474
46394477	1474
46394600	1474
46394737	1474
46394865	1474
46394986	1474
46395107	1474
46395208	1474
46395333	1474
46395507	1474
46395610	1474
46395751	1474
46395873	1474
46395995	1474
46396139	1474
47193471	1474
47193772	1474
47193867	1474
47193987	1474
47194108	1474
47194202	1474
47194300	1474
47194419	1474
47194538	1474
47194672	1474
47194793	1474
47194889	1474
47195008	1474
47195129	1474
47195225	1474
47195321	1474
47195505	1474
47195617	1474
48261156	1474
48261636	1474
48261775	1474
48261998	1474
48262295	1474
48262416	1474
48262517	1474
48262640	1474
48262779	1474
48262945	1474
48263076	1474
48263202	1474
48263327	1474
48263508	1474
48263615	1474
48263744	1474
48263844	1474
48263983	1474
49061224	1474
49061589	1474
49061729	1474
49061915	1474
49062039	1474
49062155	1474
49062265	1474
49062378	1474
49062493	1474
49062604	1474
49062708	1474
49062818	1474
49062929	1474
49063043	1474
49063181	1474
49063289	1474
49063454	1474
49063587	1474
49861473	1474
49861951	1474
49862094	1474
49862458	1474
49862604	1474
49862746	1474
49862871	1474
49862998	1474
49863129	1474
49863230	1474
49863395	1474
49863555	1474
49863671	1474
49863796	1474
49863940	1474
49864037	1474
49864186	1474
49864299	1474
50662514	1474
50662648	1474
50662745	1474
50662861	1474
50662960	1474
50663080	1474
50663204	1474
50663339	1474
50663518	1474
50663653	1474
50663793	1474
50663922	1474
50664033	1474
50664160	1474
50664284	1474
50664407	1474
50664544	1474
51461418	1474
51461807	1474
51461959	1474
51462200	1474
51462488	1474
51462589	1474
51462694	1474
51462809	1474
51462931	1474
51463073	1474
51463221	1474
51463343	1474
51463502	1474
51463633	1474
51463988	1474
51464655	1474
52261904	1474
52262529	1474
52262891	1474
52263129	1474
52263247	1474
52263339	1474
52263468	1474
52263659	1474
52263785	1474
52263910	1474
52264071	1474
52264304	1474
52264439	1474
52265020	1474
52265203	1474
52265330	1474
52265466	1474
52265587	1474
53061674	1474
53061909	1474
53062309	1474
53062536	1474
53062831	1474
53062999	1474
53063189	1474
53063351	1474
53063569	1474
53063736	1474
53063900	1474
53064038	1474
53064218	1474
53064448	1474
53064983	1474
53065213	1474
53065383	1474
53065523	1474
53862620	1474
53863045	1474
53863268	1474
53863532	1474
53863795	1474
53864025	1474
53864186	1474
53864435	1474
53864631	1474
53865317	1474
53865474	1474
53865644	1474
53865781	1474
53865950	1474
53866110	1474
53866272	1474
53866442	1474
53866606	1474
54663373	1474
54663965	1474
54664180	1474
54664370	1474
54664534	1474
54664753	1474
54664960	1474
54665613	1474
54665856	1474
54666078	1474
54666244	1474
54666408	1474
54666568	1474
54666720	1474
54666859	1474
54667022	1474
54667279	1474
54667494	1474
55462542	1474
55462808	1474
55463030	1474
55463274	1474
55463528	1474
55463741	1474
55463904	1474
55464051	1474
55464186	1474
55464350	1474
55464487	1474
55464682	1474
55464899	1474
55465610	1474
55465807	1474
55465995	1474
55466136	1474
56263799	1474
56264093	1474
56264187	1474
56264314	1474
56264414	1474
56264534	1474
56264654	1474
56264747	1474
56264864	1474
56264958	1474
56265053	1474
56265205	1474
56265419	1474
56265656	1474
56265779	1474
56265933	1474
56266053	1474
56266192	1474
57063134	1474
57063326	1474
57063626	1474
57063863	1474
57064042	1474
57064179	1474
57064315	1474
57064492	1474
57064627	1474
57064788	1474
57064950	1474
57065202	1474
57065421	1474
57065578	1474
57065766	1474
57065954	1474
57066129	1474
57863328	1474
57863658	1474
57863762	1474
57863882	1474
57864001	1474
57864121	1474
57864242	1474
57864362	1474
57864481	1474
57864603	1474
57864722	1474
57864853	1474
57864941	1474
57865033	1474
57865151	1474
57865267	1474
57865387	1474
57865535	1474
58664013	1474
58664276	1474
58664397	1474
58664490	1474
58664606	1474
58664725	1474
58664842	1474
58664963	1474
58665088	1474
58665207	1474
58665341	1474
58665437	1474
58665620	1474
58665745	1474
58665994	1474
58666119	1474
58666303	1474
59463525	1474
59463811	1474
59463943	1474
59464062	1474
59464183	1474
59464311	1474
59464429	1474
59464522	1474
59464643	1474
59464763	1474
59464854	1474
59464969	1474
59465083	1474
59465210	1474
59465330	1474
59465416	1474
60265432	1474
60265658	1474
60265811	1474
60265933	1474
60266026	1474
60266143	1474
60266261	1474
60266356	1474
60266489	1474
60266584	1474
60266699	1474
60266926	1474
60267054	1474
60267401	1474
60267648	1474
60267741	1474
60267859	1474
60267952	1474
61064150	1474
61064373	1474
61064512	1474
61064606	1474
61064725	1474
61064844	1474
61064938	1474
61065055	1474
61065149	1474
61065267	1474
61065385	1474
61065518	1474
61065636	1474
61065729	1474
61065848	1474
61065976	1474
61066099	1474
61066324	1474
61863680	1474
61863960	1474
61864190	1474
61864316	1474
61864438	1474
61864632	1474
61864774	1474
61864894	1474
61865012	1474
61865130	1474
61865249	1474
61865369	1474
61865487	1474
61865610	1474
61865758	1474
61865878	1474
61865997	1474
61866116	1474
62664285	1474
62664663	1474
62664756	1474
62664921	1474
62665046	1474
62665173	1474
62665296	1474
62665420	1474
62665511	1474
62665635	1474
62665746	1474
62665845	1474
62665981	1474
62666096	1474
62666212	1474
62666334	1474
62666471	1474
62666596	1474
63465083	1474
63465332	1474
63465480	1474
63465663	1474
63465868	1474
63466085	1474
63466306	1474
63466472	1474
63466634	1474
63466793	1474
63466954	1474
63467119	1474
63467295	1474
63467455	1474
63467702	1474
63467871	1474
63468032	1474
63468201	1474
64531237	1474
64531732	1474
64531903	1474
64532114	1474
64532323	1474
64532628	1474
64532852	1474
64533072	1474
64533255	1474
64533422	1474
64533626	1474
64534528	1474
64534734	1474
64534972	1474
64535137	1474
64535301	1474
64535479	1474
64535692	1474
65332637	1474
65332890	1474
65333468	1474
65333879	1474
65334098	1474
65334239	1474
65334519	1474
65334717	1474
65334882	1474
65335048	1474
65335210	1474
65335346	1474
65335561	1474
65335791	1474
65335957	1474
65336094	1474
65336277	1474
65336455	1474
66130921	1474
66131179	1474
66131347	1474
66131602	1474
66131836	1474
66132156	1474
66132324	1474
66132558	1474
66132750	1474
66132942	1474
66133111	1474
66133274	1474
66133470	1474
66133676	1474
66134044	1474
66134246	1474
66134438	1474
66134600	1474
66933600	1474
66934017	1474
66934353	1474
66934659	1474
66934873	1474
66935047	1474
66935243	1474
66935434	1474
66935681	1474
66935845	1474
66936088	1474
66936285	1474
66936476	1474
66936615	1474
66936836	1474
66937021	1474
66937170	1474
66937353	1474
67731732	1474
67731973	1474
67732139	1474
67732370	1474
67732587	1474
67732769	1474
67732906	1474
67733067	1474
67733202	1474
67733370	1474
67733532	1474
67733692	1474
67733968	1474
67734184	1474
67734371	1474
67734557	1474
67734720	1474
68531621	1474
68531865	1474
68531985	1474
68532181	1474
68532306	1474
68532531	1474
68532656	1474
68532784	1474
68532903	1474
68533069	1474
68533193	1474
68533418	1474
68533520	1474
68533638	1474
68533842	1474
68533953	1474
68534045	1474
68534168	1474
69332589	1474
69332984	1474
69333115	1474
69333247	1474
69333359	1474
69333575	1474
69333710	1474
69333831	1474
69333964	1474
69334088	1474
69334221	1474
69334382	1474
69334501	1474
69334627	1474
69334832	1474
69335695	1474
69335851	1474
70132270	1474
70132677	1474
70132806	1474
70132980	1474
70133099	1474
70133592	1474
70133731	1474
70133890	1474
70134264	1474
70134373	1474
70134498	1474
70135124	1474
70135440	1474
70135590	1474
70135716	1474
70135820	1474
70135935	1474
70136073	1474
70936264	1474
70936540	1474
70936671	1474
70936764	1474
70936985	1474
70937088	1474
70937177	1474
70937429	1474
70937645	1474
70937768	1474
70937950	1474
70938079	1474
70938342	1474
70938528	1474
70938627	1474
70938722	1474
70938843	1474
70938960	1474
71732248	1474
71732530	1474
71732653	1474
71732776	1474
71732896	1474
71733017	1474
71733140	1474
71733232	1474
71733351	1474
71733488	1474
71733583	1474
71733701	1474
71733824	1474
71734019	1474
71734148	1474
71734266	1474
71734387	1474
71734491	1474
72534879	1474
72535234	1474
72535362	1474
72535491	1474
72535629	1474
72535725	1474
72535830	1474
72535952	1474
72536060	1474
72536182	1474
72536319	1474
72536443	1474
72536580	1474
72536715	1474
72536841	1474
72536977	1474
72537101	1474
72537225	1474
73599390	1474
73599693	1474
73599905	1474
73600027	1474
73600164	1474
73600429	1474
73600560	1474
73600686	1474
73600834	1474
73600982	1474
73601107	1474
73601234	1474
73601351	1474
73601474	1474
73601598	1474
73601721	1474
73601844	1474
73602033	1474
74402475	1474
74402837	1474
74402971	1474
74403069	1474
74403303	1474
74403657	1474
74404164	1474
74404425	1474
74404556	1474
74404697	1474
74404827	1474
74404918	1474
74405015	1474
74405122	1474
74405219	1474
74405345	1474
74405457	1474
74405581	1474
75202296	1474
75202675	1474
75202857	1474
75203079	1474
75203355	1474
75204520	1474
75205211	1474
75205428	1474
75206073	1474
75206176	1474
75206381	1474
75206510	1474
75206609	1474
75206705	1474
75206828	1474
75206948	1474
75207071	1474
75207192	1474
75999873	1474
76000168	1474
76000283	1474
76000424	1474
76000529	1474
76000653	1474
76000777	1474
76000898	1474
76000987	1474
76001109	1474
76001230	1474
76001393	1474
76001511	1474
76001659	1474
76001746	1474
76001867	1474
76001989	1474
76002114	1474
76799955	1474
76800186	1474
76800488	1474
76800616	1474
76800751	1474
76801052	1474
76801180	1474
76801311	1474
76801465	1474
76801585	1474
76801683	1474
76801816	1474
76801940	1474
76802059	1474
76802180	1474
76802300	1474
76802420	1474
77600788	1474
77601146	1474
77601273	1474
77601394	1474
77601482	1474
77601605	1474
77601725	1474
77601844	1474
77601968	1474
77602101	1474
77602203	1474
77602296	1474
77602416	1474
77602556	1474
77602655	1474
77602903	1474
77603011	1474
77603754	1474
78401577	1474
78401761	1474
78401850	1474
78402021	1474
78402144	1474
78402273	1474
78402398	1474
78402542	1474
78402692	1474
78402830	1474
78402922	1474
78403019	1474
78403286	1474
78403723	1474
78403918	1474
78404067	1474
78404225	1474
79200528	1474
79200715	1474
79200851	1474
79200976	1474
79201097	1474
79201242	1474
79201361	1474
79201458	1474
79201617	1474
79201739	1474
79201862	1474
79202006	1474
79202127	1474
79202268	1474
79202414	1474
79202553	1474
79202675	1474
80002168	1474
80002488	1474
80002615	1474
80002770	1474
80002908	1474
80003334	1474
80003580	1474
80003919	1474
80004220	1474
80004355	1474
80004543	1474
80004634	1474
80004772	1474
80004896	1474
80005000	1474
80005139	1474
80005263	1474
80801525	1474
80801798	1474
80801952	1474
80802078	1474
80802192	1474
80802330	1474
80802618	1474
80802723	1474
80802813	1474
80802919	1474
80803044	1474
80803171	1474
80803280	1474
80803392	1474
80803587	1474
80803690	1474
80804033	1474
81601230	1474
81601475	1474
81601647	1474
81601907	1474
81602100	1474
81602353	1474
81602524	1474
81602687	1474
81602822	1474
81602962	1474
81603134	1474
81603300	1474
81603563	1474
81603820	1474
81604345	1474
81604510	1474
81604674	1474
81604834	1474
82404126	1474
82404582	1474
82404793	1474
82404994	1474
82405224	1474
82405416	1474
82405586	1474
82405750	1474
82405947	1474
82406165	1474
82406338	1474
82406742	1474
82406889	1474
82407080	1474
82407248	1474
82407419	1474
82407639	1474
82407809	1474
83201517	1474
83201736	1474
83201936	1474
83202078	1474
83202245	1474
83202447	1474
83202673	1474
83202842	1474
83203006	1474
83203147	1474
83203315	1474
83203566	1474
83203869	1474
83204103	1474
83204737	1474
83204886	1474
83205051	1474
83205213	1474
84001474	1474
84001741	1474
84001913	1474
84002112	1474
84002351	1474
84002529	1474
84002698	1474
84002876	1474
84003017	1474
84003180	1474
84003322	1474
84003536	1474
84003724	1474
84003863	1474
84004030	1474
84004241	1474
84004434	1474
84004600	1474
84802263	1474
84802436	1474
84802558	1474
84802653	1474
84802780	1474
84802981	1474
84803136	1474
84803257	1474
84803395	1474
84803534	1474
84803659	1474
84803781	1474
84803899	1474
84803994	1474
84804100	1474
84804194	1474
84804313	1474
84804409	1474
85868786	1474
85869010	1474
85869109	1474
85869230	1474
85869367	1474
85869496	1474
85869718	1474
85869868	1474
85869990	1474
85870169	1474
85870275	1474
85870403	1474
85870499	1474
85870618	1474
85870738	1474
85870860	1474
85870982	1474
85871102	1474
86668711	1474
86668931	1474
86669051	1474
86669146	1474
86669370	1474
86669505	1474
86669627	1474
86669722	1474
86669835	1474
86669954	1474
86670076	1474
86670172	1474
86670289	1474
86670409	1474
86670546	1474
86670645	1474
86670744	1474
86670864	1474
87472159	1474
87472261	1474
87472454	1474
87472574	1474
87472703	1474
87472982	1474
87473119	1474
87473355	1474
87473457	1474
87473583	1474
87473714	1474
87473813	1474
87473933	1474
87474054	1474
87474176	1474
87474274	1474
87474398	1474
88270018	1474
88270140	1474
88270233	1474
88270354	1474
88270477	1474
88270597	1474
88270718	1474
88270840	1474
88270982	1474
88271081	1474
88271201	1474
88271322	1474
88271518	1474
88271640	1474
88271761	1474
88271881	1474
88271988	1474
89072277	1474
89072398	1474
89072521	1474
89072618	1474
89072741	1474
89072864	1474
89072990	1474
89073114	1474
89073253	1474
89073378	1474
89073607	1474
89073711	1474
89073810	1474
89073930	1474
89074053	1474
89074182	1474
89074303	1474
89074424	1474
89871258	1474
89871387	1474
89871558	1474
89871658	1474
89871757	1474
89871985	1474
89872088	1474
89872187	1474
89872306	1474
89872440	1474
89872563	1474
89872657	1474
89872751	1474
89872846	1474
89872939	1474
89873059	1474
89873189	1474
89873311	1474
90673209	1474
90673308	1474
90673403	1474
90673543	1474
90673656	1474
90673885	1474
90674059	1474
90674160	1474
90674255	1474
90674457	1474
90674586	1474
90674686	1474
90674781	1474
90674902	1474
90674997	1474
90675091	1474
90675211	1474
90675306	1474
91470003	1474
91470260	1474
91470403	1474
91470530	1474
91470626	1474
91470742	1474
91470849	1474
91470944	1474
91471066	1474
91471185	1474
91471303	1474
91471453	1474
91471628	1474
91471746	1474
91471883	1474
91472008	1474
91472127	1474
91472247	1474
92271079	1474
92271254	1474
92271376	1474
92271546	1474
92271780	1474
92271909	1474
92272038	1474
92272136	1474
92272256	1474
92272351	1474
92272476	1474
92272697	1474
92272824	1474
92273133	1474
92273314	1474
92273437	1474
92273555	1474
92273674	1474
93071020	1474
93071124	1474
93071232	1474
93071375	1474
93071545	1474
93071668	1474
93071793	1474
93071912	1474
93072032	1474
93072128	1474
93072266	1474
93072397	1474
93072611	1474
93072713	1474
93072979	1474
93073190	1474
93073289	1474
93073416	1474
93871970	1474
93872099	1474
93872238	1474
93872362	1474
93872501	1474
93872600	1474
93872738	1474
93872836	1474
93873054	1474
93873186	1474
93873708	1474
93873910	1474
93874013	1474
93874127	1474
93874246	1474
93874363	1474
93874505	1474
93874948	1474
94672374	1474
94672497	1474
94672614	1474
94672774	1474
94672901	1474
94673117	1474
94673243	1474
94673503	1474
94673691	1474
94673813	1474
94673933	1474
94674053	1474
94674172	1474
94674292	1474
94674410	1474
94674529	1474
94674686	1474
95477259	1474
95477388	1474
95477507	1474
95477633	1474
95477730	1474
95477858	1474
95478073	1474
95478200	1474
95478297	1474
95478418	1474
95478537	1474
95478660	1474
95478780	1474
95478888	1474
95479008	1474
95479129	1474
95479224	1474
95479345	1474
96537239	1474
96537447	1474
96537683	1474
96537808	1474
96537923	1474
96538026	1474
96538157	1474
96538269	1474
96538400	1474
96538527	1474
96538666	1474
96538785	1474
96538910	1474
96539081	1474
96539329	1474
96539504	1474
96539633	1474
96539757	1474
97338842	1474
97339096	1474
97339200	1474
97339465	1474
97339718	1474
97339899	1474
97340011	1474
97340229	1474
97340364	1474
97340529	1474
97340677	1474
97340779	1474
97340903	1474
97341028	1474
97341129	1474
97341255	1474
97341379	1474
97872323	1474
97872449	1474
97872564	1474
97872689	1474
97872814	1474
97872936	1474
97873060	1474
97873184	1474
97873305	1474
97873405	1474
97873546	1474
97873646	1474
97873773	1474
97873897	1474
97874021	1474
97874146	1474
97874269	1474
98938638	1474
98938824	1474
98938952	1474
98939053	1474
98939175	1474
98939301	1474
98939450	1474
98939768	1474
98939907	1474
98940030	1474
98940169	1474
98940265	1474
98940385	1474
98940505	1474
98940628	1474
98940752	1474
98940885	1474
98941004	1474
99738674	1474
99738823	1474
99738945	1474
99739087	1474
99739211	1474
99739334	1474
99739544	1474
99739731	1474
99739862	1474
99739986	1474
99740119	1474
99740241	1474
99740337	1474
99740458	1474
99740579	1474
99740700	1474
99740905	1474
99741038	1474
100538339	1474
100538520	1474
100538618	1474
100538717	1474
100538816	1474
100538938	1474
100539036	1474
100539166	1474
100539291	1474
100539466	1474
100539568	1474
100539669	1474
100539796	1474
100540033	1474
100540171	1474
100540297	1474
100540392	1474
101338803	1474
101339044	1474
101339143	1474
101339240	1474
101339394	1474
101339567	1474
101339691	1474
101339816	1474
101339942	1474
101340111	1474
101340235	1474
101340334	1474
101340470	1474
101340590	1474
101340687	1474
101340784	1474
101340905	1474
102138926	1474
102139232	1474
102139353	1474
102139489	1474
102139677	1474
102139840	1474
102139946	1474
102140101	1474
102140308	1474
102140429	1474
102140522	1474
102140658	1474
102140755	1474
102140852	1474
102140949	1474
102141040	1474
102141161	1474
102141284	1474
102939755	1474
102939994	1474
102940117	1474
102940240	1474
102940362	1474
102940492	1474
102940725	1474
102940843	1474
102940964	1474
102941084	1474
102941205	1474
102941325	1474
102941445	1474
102941563	1474
102941684	1474
102941933	1474
102942066	1474
103474778	1474
103474903	1474
103475025	1474
103475157	1474
103475276	1474
103475415	1474
103475570	1474
103475666	1474
103475784	1474
103475902	1474
103476071	1474
103476199	1474
103476317	1474
103476435	1474
103476528	1474
103476647	1474
104274668	1474
104274787	1474
104274882	1474
104275000	1474
104275124	1474
104275253	1474
104275584	1474
104275714	1474
104275833	1474
104275953	1474
104276073	1474
104276192	1474
104276300	1474
104276419	1474
104276538	1474
105074004	1474
105074148	1474
105074323	1474
105074444	1474
105074663	1474
105074815	1474
105074918	1474
105075046	1474
105075170	1474
105075292	1474
105075390	1474
105075569	1474
105075712	1474
105075812	1474
105075928	1474
105076049	1474
105076187	1474
105874095	1474
105874227	1474
105874352	1474
105874497	1474
105874615	1474
105874751	1474
105874880	1474
105875007	1474
105875108	1474
105875234	1474
105875359	1474
105875571	1474
105875730	1474
105875859	1474
105875971	1474
105876096	1474
105876221	1474
105876352	1474
106675296	1474
106675423	1474
106675586	1474
106675779	1474
106675941	1474
106676089	1474
106676319	1474
106676443	1474
106676566	1474
106676689	1474
106676811	1474
106676949	1474
106677048	1474
106677171	1474
106677294	1474
106677392	1474
106677492	1474
106677615	1474
107474699	1474
107474837	1474
107474973	1474
107475107	1474
107475245	1474
107475621	1474
107475778	1474
107475905	1474
107476045	1474
107476186	1474
107476308	1474
107476433	1474
107476556	1474
107476703	1474
107476824	1474
107476943	1474
107477074	1474
107477179	1474
108274497	1474
108274597	1474
108274701	1474
108274825	1474
108274952	1474
108275179	1474
108275290	1474
108275604	1474
108275738	1474
108275862	1474
108276000	1474
108276122	1474
108276245	1474
108276381	1474
108276503	1474
108276601	1474
108276722	1474
109074445	1474
109074582	1474
109074702	1474
109074795	1474
109074916	1474
109075038	1474
109075162	1474
109075283	1474
109075421	1474
109075599	1474
109075721	1474
109075816	1474
109075935	1474
109076055	1474
109076154	1474
109076251	1474
109076371	1474
109874334	1474
109874458	1474
109874579	1474
109874711	1474
109874832	1474
109875056	1474
109875187	1474
109875285	1474
109875403	1474
109875569	1474
109875678	1474
109875803	1474
109875923	1474
109876019	1474
109876115	1474
109876235	1474
109876355	1474
110675339	1474
110675540	1474
110675783	1474
110676018	1474
110676246	1474
110676387	1474
110676549	1474
110676690	1474
110676835	1474
110677002	1474
110677162	1474
110677328	1474
110677493	1474
110677658	1474
110677831	1474
110677973	1474
110678112	1474
110678276	1474
111475190	1474
111475294	1474
111475482	1474
111475692	1474
111475830	1474
111476135	1474
111476270	1474
111476582	1474
111476710	1474
111476836	1474
111476976	1474
111477111	1474
111477206	1474
111477328	1474
111477429	1474
111477557	1474
111477683	1474
112274770	1474
112274952	1474
112275079	1474
112275205	1474
112275314	1474
112275471	1474
112275643	1474
112275786	1474
112275933	1474
112276034	1474
112276159	1474
112276286	1474
112276402	1474
112276526	1474
112276648	1474
113074134	1474
113074310	1474
113074434	1474
113074619	1474
113074765	1474
113074889	1474
113075014	1474
113075113	1474
113075237	1474
113075387	1474
113075603	1474
113075737	1474
113075861	1474
113076002	1474
113076100	1474
113076223	1474
113076321	1474
113874468	1474
113874801	1474
113874949	1474
113875070	1474
113875211	1474
113875578	1474
113875710	1474
113875862	1474
113875983	1474
113876105	1474
113876221	1474
113876342	1474
113876466	1474
113876598	1474
113876731	1474
113876830	1474
113876963	1474
114676478	1474
114676602	1474
114676727	1474
114676854	1474
114676995	1474
114677148	1474
114677391	1474
114677567	1474
114677698	1474
114677824	1474
114677953	1474
114678077	1474
114678200	1474
114678322	1474
114678445	1474
114678544	1474
114678661	1474
115477397	1474
115477526	1474
115477700	1474
115477827	1474
115477958	1474
115478084	1474
115478345	1474
115478449	1474
115478579	1474
115478706	1474
115478828	1474
115478953	1474
115479076	1474
115479216	1474
115479339	1474
115479520	1474
115479668	1474
115479791	1474
116276280	1474
116276412	1474
116276537	1474
116276658	1474
116276793	1474
116277114	1474
116277220	1474
116277358	1474
116277484	1474
116277609	1474
116277708	1474
116277806	1474
116277931	1474
116278053	1474
116278175	1474
116278422	1474
116278524	1474
116278683	1474
117077294	1474
117077420	1474
117077584	1474
117077688	1474
117077818	1474
117078038	1474
117078143	1474
117078426	1474
117078567	1474
117078691	1474
117078781	1474
117078901	1474
117079026	1474
117079123	1474
117079246	1474
117079397	1474
117079536	1474
117875192	1474
117875393	1474
117875883	1474
117876039	1474
117876331	1474
117876468	1474
117876576	1474
117876697	1474
117876804	1474
117876928	1474
117877025	1474
117877123	1474
117877246	1474
117877367	1474
117877486	1474
117877584	1474
117877707	1474
118677027	1474
118677129	1474
118677256	1474
118677363	1474
118677491	1474
118677742	1474
118677874	1474
118678008	1474
118678133	1474
118678258	1474
118678381	1474
118678505	1474
118678628	1474
118678738	1474
118678862	1474
118678970	1474
118679094	1474
118679198	1474
119477810	1474
119477941	1474
119478067	1474
119478206	1474
119478508	1474
119478638	1474
119478778	1474
119478900	1474
119479023	1474
119479148	1474
119479297	1474
119479427	1474
119479554	1474
119479741	1474
119479848	1474
119479976	1474
119480122	1474
119480272	1474
120277225	1474
120277357	1474
120277493	1474
120277602	1474
120277725	1474
120277848	1474
120277971	1474
120278096	1474
120278214	1474
120278313	1474
120278455	1474
120278577	1474
120278721	1474
120278831	1474
120278952	1474
120279076	1474
120279178	1474
121075667	1474
121075865	1474
121075965	1474
121076064	1474
121076222	1474
121076352	1474
121076550	1474
121076693	1474
121076789	1474
121076883	1474
121077012	1474
121077131	1474
121077225	1474
121077342	1474
121077459	1474
121077585	1474
121077703	1474
121077797	1474
121879366	1474
121879594	1474
121879734	1474
121879872	1474
121879988	1474
121880121	1474
121880276	1474
121880584	1474
121880723	1474
121880885	1474
121880983	1474
121881106	1474
121881227	1474
121881350	1474
121881473	1474
121881596	1474
121881693	1474
122676197	1474
122676437	1474
122676606	1474
122676762	1474
122676922	1474
122677057	1474
122677336	1474
122677480	1474
122677587	1474
122677709	1474
122677834	1474
122677957	1474
122678096	1474
122678218	1474
122678364	1474
122678487	1474
122678585	1474
122678707	1474
123477232	1474
123477394	1474
123477534	1474
123477731	1474
123477949	1474
123478154	1474
123478320	1474
123478457	1474
123478619	1474
123478756	1474
123478893	1474
123479031	1474
123479199	1474
123479362	1474
123479525	1474
123479937	1474
123480077	1474
123480224	1474
124279235	1474
124279444	1474
124279616	1474
124279761	1474
124279862	1474
124280034	1474
124280162	1474
124280391	1474
124280536	1474
124280661	1474
124280759	1474
124280882	1474
124281002	1474
124281101	1474
124281221	1474
124281357	1474
124281472	1474
124281570	1474
125077249	1474
125077418	1474
125077538	1474
125077740	1474
125077860	1474
125077977	1474
125078095	1474
125078212	1474
125078331	1474
125078426	1474
125078518	1474
125078644	1474
125078762	1474
125078856	1474
125078949	1474
125079068	1474
125079162	1474
125876571	1474
125876769	1474
125876902	1474
125877024	1474
125877185	1474
125877311	1474
125877443	1474
125877556	1474
125877652	1474
125877748	1474
125877905	1474
125878054	1474
125878176	1474
125878321	1474
125878443	1474
125878564	1474
126676543	1474
126676685	1474
126676911	1474
126677042	1474
126677170	1474
126677463	1474
126677568	1474
126677679	1474
126677823	1474
126677917	1474
126678015	1474
126678170	1474
126678290	1474
126678410	1474
126678502	1474
126678599	1474
126678700	1474
126678823	1474
127477522	1474
127477874	1474
127478000	1474
127478130	1474
127478370	1474
127478497	1474
127478619	1474
127478714	1474
127478834	1474
127478953	1474
127479045	1474
127479163	1474
127479301	1474
127479504	1474
127479607	1474
127479727	1474
127479848	1474
127479966	1474
128277127	1474
128277347	1474
128277461	1474
128277584	1474
128277733	1474
128277860	1474
128278088	1474
128278216	1474
128278337	1474
128278436	1474
128278558	1474
128278677	1474
128278794	1474
128278912	1474
128279046	1474
128279179	1474
128279296	1474
129077478	1474
129077748	1474
129077873	1474
129077990	1474
129078107	1474
129078200	1474
129078319	1474
129078436	1474
129078551	1474
129078653	1474
129078772	1474
129078889	1474
129078981	1474
129079074	1474
129079191	1474
129079310	1474
129877232	1474
129877490	1474
129877612	1474
129877730	1474
129877899	1474
129878029	1474
129878153	1474
129878333	1474
129878427	1474
129878545	1474
129878662	1474
129878780	1474
129878984	1474
129879103	1474
129879221	1474
129879407	1474
129879570	1474
130678901	1474
130679025	1474
130679157	1474
130679248	1474
130679370	1474
130679538	1474
130679770	1474
130679898	1474
130680021	1474
130680156	1474
130680277	1474
130680369	1474
130680489	1474
130680608	1474
130680726	1474
130680821	1474
130680940	1474
131479772	1474
131479999	1474
131480129	1474
131480325	1474
131480499	1474
131480594	1474
131480688	1474
131480869	1474
131480964	1474
131481082	1474
131481202	1474
131481310	1474
131481405	1474
131481525	1474
131481645	1474
131481765	1474
131481860	1474
131481979	1474
132281190	1474
132281285	1474
132281404	1474
132281511	1474
132281632	1474
132281751	1474
132281870	1474
132281965	1474
132282085	1474
132282205	1474
132282325	1474
132282443	1474
132282548	1474
132282642	1474
132282761	1474
132282855	1474
132282974	1474
133079362	1474
133079533	1474
133079668	1474
133079789	1474
133079916	1474
133080114	1474
133080216	1474
133080338	1474
133080457	1474
133080552	1474
133080646	1474
133080779	1474
133080897	1474
133080992	1474
133081114	1474
133081236	1474
133081357	1474
133081479	1474
133879743	1474
133879872	1474
133879991	1474
133880111	1474
133880231	1474
133880328	1474
133880448	1474
133880567	1474
133880686	1474
133880807	1474
133880943	1474
133881039	1474
133881159	1474
133881254	1474
133881374	1474
133881495	1474
133881615	1474
133881709	1474
134680888	1474
134681011	1474
134681146	1474
134681241	1474
134681360	1474
134681455	1474
134681549	1474
134681668	1474
134681787	1474
134681906	1474
134682027	1474
134682160	1474
134682255	1474
134682374	1474
134682493	1474
134682588	1474
134682707	1474
134682801	1474
135745213	1474
135745409	1474
135745547	1474
135745671	1474
135745790	1474
135745910	1474
135746030	1474
135746149	1474
135746244	1474
135746373	1474
135746493	1474
135746589	1474
135746708	1474
135746802	1474
135746960	1474
135747079	1474
135747199	1474
135747350	1474
136545653	1474
136545878	1474
136546032	1474
136546150	1474
136546267	1474
136546385	1474
136546503	1474
136546635	1474
136546728	1474
136546844	1474
136546962	1474
136547079	1474
136547198	1474
136547315	1474
136547492	1474
136547606	1474
136547725	1474
137084326	1474
137084455	1474
137084581	1474
137084772	1474
137084892	1474
137085055	1474
137085194	1474
137085360	1474
137085523	1474
137085692	1474
137085851	1474
137086011	1474
137086170	1474
137086329	1474
137086463	1474
137086624	1474
137086798	1474
138146054	1474
138146310	1474
138146405	1474
138146522	1474
138146620	1474
138146716	1474
138146810	1474
138146940	1474
138147059	1474
138147180	1474
138147300	1474
138147448	1474
138147611	1474
138147729	1474
138147849	1474
138147958	1474
138148053	1474
138148174	1474
138945973	1474
138946238	1474
138946368	1474
138946491	1474
138946586	1474
138946706	1474
138946827	1474
138946947	1474
138947042	1474
138947176	1474
138947295	1474
138947484	1474
138947611	1474
138947731	1474
138947851	1474
138947948	1474
138948068	1474
138948176	1474
139745988	1474
139746218	1474
139746327	1474
139746449	1474
139746546	1474
139746642	1474
139746760	1474
139746880	1474
139746998	1474
139747094	1474
139747212	1474
139747345	1474
139747507	1474
139747629	1474
139747748	1474
139747868	1474
139747989	1474
139748109	1474
140546462	1474
140546772	1474
140546900	1474
140547078	1474
140547209	1474
140547527	1474
140547664	1474
140547807	1474
140547919	1474
140548042	1474
140548176	1474
140548298	1474
140548413	1474
140548555	1474
140548682	1474
140548807	1474
140548908	1474
140549031	1474
141346305	1474
141346540	1474
141346677	1474
141346820	1474
141346935	1474
141347199	1474
141347340	1474
141347573	1474
141347707	1474
141347852	1474
141347984	1474
141348078	1474
141348194	1474
141348319	1474
141348446	1474
141348570	1474
141348698	1474
142146783	1474
142147031	1474
142147175	1474
142147267	1474
142147393	1474
142147601	1474
142147898	1474
142148011	1474
142148140	1474
142148268	1474
142148394	1474
142148524	1474
142148624	1474
142148746	1474
142148897	1474
142149024	1474
142149157	1474
142149264	1474
142947116	1474
142947344	1474
142947520	1474
142947655	1474
142947746	1474
142947871	1474
142948012	1474
142948152	1474
142948264	1474
142948390	1474
142948502	1474
142948615	1474
142948743	1474
142948868	1474
142948993	1474
142949167	1474
142949298	1474
142949418	1474
143748698	1474
143748924	1474
143749070	1474
143749216	1474
143749431	1474
143749521	1474
143749663	1474
143749785	1474
143749880	1474
143750006	1474
143750173	1474
143750304	1474
143750449	1474
143750575	1474
143750704	1474
143750830	1474
143750948	1474
144547562	1474
144547799	1474
144547938	1474
144548046	1474
144548172	1474
144548301	1474
144548426	1474
144548590	1474
144548691	1474
144548810	1474
144548908	1474
144549007	1474
144549143	1474
144549285	1474
144549383	1474
144549485	1474
144549622	1474
144549746	1474
145348421	1474
145348628	1474
145348796	1474
145348921	1474
145349070	1474
145349194	1474
145349327	1474
145349451	1474
145349563	1474
145349696	1474
145349813	1474
145349934	1474
145350033	1474
145350172	1474
145350295	1474
145350418	1474
145350516	1474
145350617	1474
146148303	1474
146148648	1474
146148809	1474
146148959	1474
146149101	1474
146149424	1474
146149580	1474
146149704	1474
146149947	1474
146150075	1474
146150204	1474
146150352	1474
146150478	1474
146150605	1474
146150750	1474
146150869	1474
146151008	1474
146151109	1474
146947845	1474
146948035	1474
146948174	1474
146948308	1474
146948451	1474
146948652	1474
146948790	1474
146949063	1474
146949209	1474
146949302	1474
146949429	1474
146949529	1474
146949672	1474
146949798	1474
146949899	1474
146950025	1474
146950163	1474
147747452	1474
147747605	1474
147747729	1474
147747824	1474
147747944	1474
147748066	1474
147748160	1474
147748281	1474
147748444	1474
147748567	1474
147748856	1474
147749008	1474
147749211	1474
147749396	1474
147749522	1474
147749704	1474
147749830	1474
147749951	1474
148548601	1474
148548747	1474
148548847	1474
148548968	1474
148549290	1474
148549557	1474
148549660	1474
148549785	1474
148549881	1474
148550002	1474
148550123	1474
148550245	1474
148550339	1474
148550460	1474
148550597	1474
148550717	1474
148550835	1474
149615090	1474
149615260	1474
149615381	1474
149615519	1474
149615616	1474
149615739	1474
149615988	1474
149616115	1474
149616208	1474
149616327	1474
149616447	1474
149616568	1474
149616662	1474
149616786	1474
149616908	1474
149617029	1474
149617149	1474
149617270	1474
150414716	1474
150414991	1474
150415115	1474
150415206	1474
150415325	1474
150415444	1474
150415610	1474
150415731	1474
150415850	1474
150415969	1474
150416099	1474
150416189	1474
150416308	1474
150416405	1474
150416523	1474
150416642	1474
150416761	1474
150948127	1474
150948336	1474
150948457	1474
150948589	1474
150948685	1474
150948804	1474
150948924	1474
150949042	1474
150949177	1474
150949268	1474
150949356	1474
150949471	1474
150949592	1474
150949810	1474
150949986	1474
150950139	1474
151749682	1474
151749808	1474
151749954	1474
151750078	1474
151750229	1474
151750392	1474
151750502	1474
151750642	1474
151750764	1474
151750906	1474
151751033	1474
151751167	1474
151751296	1474
151751516	1474
151751652	1474
152549626	1474
152549820	1474
152549954	1474
152550215	1474
152550345	1474
152550450	1474
152550563	1474
152550690	1474
152550816	1474
152550918	1474
152551017	1474
152551143	1474
152551245	1474
152551370	1474
152551628	1474
152551753	1474
153350438	1474
153350571	1474
153350719	1474
153350820	1474
153350945	1474
153351071	1474
153351169	1474
153351270	1474
153351421	1474
153351591	1474
153351722	1474
153351835	1474
153351975	1474
153352116	1474
153352236	1474
153352366	1474
153352488	1474
153352610	1474
154151384	1474
154151620	1474
154151745	1474
154151874	1474
154152001	1474
154152131	1474
154152264	1474
154152383	1474
154152485	1474
154152629	1474
154152726	1474
154152823	1474
154152958	1474
154153082	1474
154153204	1474
154153331	1474
154153457	1474
154154573	1474
154949871	1474
154950166	1474
154950305	1474
154950406	1474
154950544	1474
154950642	1474
154950794	1474
154951077	1474
154951676	1474
154951816	1474
154951962	1474
154952058	1474
154952187	1474
154952309	1474
154952440	1474
154952561	1474
155751322	1474
155753279	1474
155753736	1474
155754071	1474
155757259	1474
155758586	1474
155758764	1474
155759406	1474
155759739	1474
155760981	1474
155761230	1474
155761466	1474
155761728	1474
155762008	1474
155762483	1474
155762831	1474
155763156	1474
155763321	1474
156551802	1474
156552164	1474
156552267	1474
156552369	1474
156552501	1474
156552623	1474
156552744	1474
156552867	1474
156552959	1474
156553080	1474
156553205	1474
156553342	1474
156553492	1474
156553616	1474
156553706	1474
156553830	1474
156553952	1474
157350603	1474
157350762	1474
157351007	1474
157351165	1474
157351476	1474
157351687	1474
157351829	1474
157351956	1474
157352089	1474
157352212	1474
157352341	1474
157352463	1474
157352588	1474
157352714	1474
157352853	1474
157352979	1474
157353105	1474
157353239	1474
158150651	1474
158150775	1474
158150876	1474
158151184	1474
158151346	1474
158151722	1474
158151859	1474
158152158	1474
158152301	1474
158152425	1474
158152549	1474
158152653	1474
158152777	1474
158152900	1474
158153036	1474
158153138	1474
158153262	1474
158952353	1474
158952518	1474
158952680	1474
158952842	1474
158952979	1474
158953127	1474
158953291	1474
158953429	1474
158953592	1474
158953755	1474
158953919	1474
158954095	1474
158954257	1474
158954420	1474
158954582	1474
158954718	1474
159751477	1474
159751702	1474
159751935	1474
159752150	1474
159752393	1474
159752535	1474
159752697	1474
159752834	1474
159752995	1474
159753157	1474
159753320	1474
159753497	1474
159753633	1474
159753770	1474
159753907	1474
159754045	1474
159754183	1474
159754354	1474
160552119	1474
160552288	1474
160552514	1474
160552743	1474
160552895	1474
160553473	1474
160553659	1474
160553823	1474
160553960	1474
160554123	1474
160554285	1474
160554425	1474
160554613	1474
160554781	1474
160554944	1474
160555108	1474
160555301	1474
160555560	1474
161352679	1474
161352861	1474
161353036	1474
161353339	1474
161353908	1474
161354053	1474
161354217	1474
161354379	1474
161354540	1474
161354677	1474
161354854	1474
161354989	1474
161355149	1474
161355285	1474
161355421	1474
161355629	1474
161355805	1474
161355966	1474
162152252	1474
162152418	1474
162152690	1474
162152907	1474
162153140	1474
162153667	1474
162153858	1474
162154043	1474
162154204	1474
162154364	1474
162154526	1474
162154665	1474
162154825	1474
162154994	1474
162155130	1474
162155294	1474
162155454	1474
162155696	1474
162951417	1474
162951575	1474
162951702	1474
162951948	1474
162952139	1474
162952247	1474
162952484	1474
162952612	1474
162952752	1474
162952878	1474
162953000	1474
162953113	1474
162953340	1474
162953473	1474
162954080	1474
162954214	1474
162954330	1474
162954457	1474
163752277	1474
163752412	1474
163752539	1474
163752649	1474
163752922	1474
163753101	1474
163753723	1474
163753941	1474
163754070	1474
163754196	1474
163754297	1474
163754428	1474
163754555	1474
163754658	1474
163754773	1474
163754900	1474
163755025	1474
163755150	1474
164550827	1474
164551002	1474
164551129	1474
164551259	1474
164551471	1474
164551711	1474
164551845	1474
164551986	1474
164552111	1474
164552214	1474
164552467	1474
164552654	1474
164552786	1474
164552967	1474
164553069	1474
164553202	1474
164553306	1474
164553543	1474
165618853	1474
165618994	1474
165619119	1474
165619247	1474
165619381	1474
165619658	1474
165619788	1474
165619925	1474
165620063	1474
165620184	1474
165620417	1474
165620551	1474
165620682	1474
165620963	1474
165621095	1474
165621242	1474
165621342	1474
165621483	1474
166419602	1474
166419725	1474
166419829	1474
166419966	1474
166420223	1474
166420352	1474
166420480	1474
166420719	1474
166420852	1474
166420980	1474
166421166	1474
166421340	1474
166421472	1474
166421572	1474
166421708	1474
166421824	1474
166421951	1474
166422082	1474
167219178	1474
167219319	1474
167219509	1474
167219638	1474
167219886	1474
167220019	1474
167220146	1474
167220282	1474
167220409	1474
167220536	1474
167220663	1474
167220788	1474
167220889	1474
167220987	1474
167221086	1474
167221200	1474
167221309	1474
167221406	1474
168018887	1474
168019017	1474
168019142	1474
168019354	1474
168019637	1474
168019911	1474
168020044	1474
168020170	1474
168020294	1474
168020428	1474
168020570	1474
168020815	1474
168020945	1474
168021083	1474
168021287	1474
168021412	1474
168021626	1474
168021754	1474
168819475	1474
168819593	1474
168819737	1474
168819882	1474
168820110	1474
168820243	1474
168820392	1474
168820516	1474
168820652	1474
168820901	1474
168821011	1474
168821130	1474
168821253	1474
168821636	1474
168821738	1474
168821876	1474
168822005	1474
168822129	1474
169620075	1474
169620176	1474
169620302	1474
169620442	1474
169620570	1474
169620732	1474
169620835	1474
169620976	1474
169621066	1474
169621187	1474
169621312	1474
169621435	1474
169621574	1474
169621709	1474
169621834	1474
169621972	1474
169622097	1474
169622222	1474
170420313	1474
170420443	1474
170420559	1474
170420679	1474
170420788	1474
170420939	1474
170421195	1474
170421337	1474
170421463	1474
170421587	1474
170421715	1474
170421816	1474
170421943	1474
170422074	1474
170422175	1474
170422299	1474
170422435	1474
170422562	1474
171220311	1474
171220442	1474
171220570	1474
171220702	1474
171220806	1474
171221057	1474
171221193	1474
171221337	1474
171221463	1474
171221564	1474
171221689	1474
171221815	1474
171221915	1474
171222015	1474
171222160	1474
171222300	1474
171222440	1474
171222566	1474
172020045	1474
172020172	1474
172020280	1474
172020385	1474
172020531	1474
172020684	1474
172020933	1474
172021061	1474
172021232	1474
172021364	1474
172021478	1474
172021608	1474
172021720	1474
172021822	1474
172021924	1474
172022051	1474
172022179	1474
172022307	1474
173085586	1474
173085748	1474
173085943	1474
173086044	1474
173086174	1474
173086327	1474
173086552	1474
173086654	1474
173086794	1474
173086932	1474
173087057	1474
173087195	1474
173087342	1474
173087538	1474
173087660	1474
173087801	1474
173087925	1474
173088057	1474
173886027	1474
173886207	1474
173886335	1474
173886464	1474
173886602	1474
173886746	1474
173886903	1474
173887104	1474
173887207	1474
173887332	1474
173887516	1474
173887631	1474
173887790	1474
173887925	1474
173888033	1474
173888158	1474
173888269	1474
173888388	1474
174685967	1474
174686123	1474
174686265	1474
174686411	1474
174686510	1474
174686634	1474
174686735	1474
174686860	1474
174686985	1474
174687119	1474
174687245	1474
174687423	1474
174687611	1474
174687747	1474
174687870	1474
174687997	1474
174688105	1474
174688232	1474
175486417	1474
175486601	1474
175486776	1474
175486909	1474
175487027	1474
175487169	1474
175487279	1474
175487439	1474
175487595	1474
175487742	1474
175487867	1474
175487992	1474
175488091	1474
175488229	1474
175488344	1474
175488468	1474
175488604	1474
175488730	1474
176285827	1474
176286011	1474
176286112	1474
176286209	1474
176286312	1474
176286465	1474
176286590	1474
176286728	1474
176286826	1474
176286950	1474
176287075	1474
176287200	1474
176287384	1474
176287566	1474
176287708	1474
176287804	1474
176287905	1474
176288033	1474
177086206	1474
177086391	1474
177086519	1474
177086633	1474
177086791	1474
177086915	1474
177087041	1474
177087170	1474
177087279	1474
177087403	1474
177087575	1474
177087719	1474
177087833	1474
177087934	1474
177088059	1474
177088176	1474
177088297	1474
177886182	1474
177886365	1474
177886507	1474
177886632	1474
177886734	1474
177886886	1474
177887011	1474
177887154	1474
177887294	1474
177887411	1474
177887549	1474
177887685	1474
177887813	1474
177887954	1474
177888079	1474
177888194	1474
177888330	1474
177888455	1474
178689074	1474
178689207	1474
178689331	1474
178689453	1474
178689595	1474
178689723	1474
178690071	1474
178690202	1474
178690349	1474
178690492	1474
178690593	1474
178690705	1474
178690828	1474
178690951	1474
178691084	1474
178691211	1474
178691310	1474
178691459	1474
179489130	1474
179489263	1474
179489385	1474
179489507	1474
179489621	1474
179489755	1474
179489880	1474
179489970	1474
179490092	1474
179490223	1474
179490357	1474
179490482	1474
179490595	1474
179490691	1474
179490817	1474
179490941	1474
179491066	1474
180288011	1474
180288135	1474
180288255	1474
180288445	1474
180288545	1474
180288647	1474
180288745	1474
180288882	1474
180289009	1474
180289151	1474
180289296	1474
180289431	1474
180289552	1474
180289689	1474
180289813	1474
180289911	1474
181128365	1474
181128926	1474
181129173	1474
181129533	1474
181131811	1474
181131993	1474
181132324	1474
181132708	1474
181132878	1474
181133566	1474
181133790	1474
181134235	1474
181134652	1474
181134965	1474
181137106	1474
181137246	1474
181138698	1474
181138887	1474
181891247	1474
181891432	1474
181891804	1474
181892042	1474
181892598	1474
181892800	1474
181892990	1474
181893154	1474
181893318	1474
181893485	1474
181893650	1474
181893809	1474
181893972	1474
181894137	1474
181894303	1474
181894510	1474
181894653	1474
181894837	1474
182687122	1474
182687376	1474
182687590	1474
182687712	1474
182687817	1474
182687992	1474
182688262	1474
182688360	1474
182688651	1474
182688754	1474
182688857	1474
182688997	1474
182689123	1474
182689250	1474
182689374	1474
182689518	1474
182689643	1474
183487610	1474
183487773	1474
183487899	1474
183488020	1474
183488128	1474
183488357	1474
183488503	1474
183488816	1474
183488985	1474
183489117	1474
183489241	1474
183489366	1474
183489486	1474
183489606	1474
183489701	1474
183489821	1474
183489920	1474
183490039	1474
184288658	1474
184288872	1474
184288997	1474
184289096	1474
184289226	1474
184289349	1474
184289470	1474
184289591	1474
184289715	1474
184289833	1474
184289956	1474
184290076	1474
184290171	1474
184290304	1474
184290424	1474
184290545	1474
184290669	1474
184290790	1474
185354465	1474
185354671	1474
185354800	1474
185354928	1474
185355026	1474
185355149	1474
185355272	1474
185355425	1474
185355613	1474
185355742	1474
185355866	1474
185355993	1474
185356115	1474
185356238	1474
185356361	1474
185356491	1474
185356616	1474
185356715	1474
186157077	1474
186157290	1474
186157454	1474
186157621	1474
186157803	1474
186157966	1474
186158099	1474
186158261	1474
186158398	1474
186158558	1474
186158736	1474
186158896	1474
186159032	1474
186159194	1474
186159362	1474
186159573	1474
186159761	1474
186159897	1474
186954459	1474
186954643	1474
186954809	1474
186955033	1474
186955195	1474
186955361	1474
186955596	1474
186955738	1474
186955885	1474
186956028	1474
186956195	1474
186956335	1474
186956474	1474
186956639	1474
186956803	1474
186956986	1474
186957121	1474
187754895	1474
187755145	1474
187755312	1474
187755590	1474
187755810	1474
187755979	1474
187756124	1474
187756285	1474
187756446	1474
187756607	1474
187756772	1474
187756935	1474
187757103	1474
187757265	1474
187757425	1474
187757597	1474
187757730	1474
187757866	1474
188556130	1474
188556444	1474
188556591	1474
188556814	1474
188557037	1474
188557288	1474
188557456	1474
188557618	1474
188557784	1474
188557944	1474
188558106	1474
188558253	1474
188558420	1474
188558581	1474
188558743	1474
188558880	1474
188559041	1474
188559180	1474
189355108	1474
189355332	1474
189355575	1474
189355799	1474
189355981	1474
189356146	1474
189356378	1474
189356610	1474
189356774	1474
189356936	1474
189357074	1474
189357260	1474
189357434	1474
189357577	1474
189357737	1474
189357899	1474
189358062	1474
189358222	1474
190156341	1474
190156582	1474
190156766	1474
190157013	1474
190157232	1474
190157449	1474
190157610	1474
190157756	1474
190157918	1474
190158054	1474
190158214	1474
190158374	1474
190158533	1474
190158676	1474
190158837	1474
190158997	1474
190159157	1474
190159338	1474
190955220	1474
190955451	1474
190955639	1474
190955806	1474
190955982	1474
190956119	1474
190956280	1474
190956440	1474
190956577	1474
190956741	1474
190956910	1474
190957048	1474
190957208	1474
190957372	1474
190957535	1474
190957687	1474
190957861	1474
190958024	1474
191755605	1474
191755825	1474
191755989	1474
191756195	1474
191756388	1474
191756557	1474
191756774	1474
191757003	1474
191757172	1474
191757334	1474
191757497	1474
191757656	1474
191757791	1474
191757926	1474
191758095	1474
191758230	1474
191758391	1474
192556253	1474
192556472	1474
192556634	1474
192556770	1474
192557006	1474
192557227	1474
192557414	1474
192557577	1474
192557738	1474
192557898	1474
192558057	1474
192558227	1474
192558364	1474
192558523	1474
192558657	1474
192558791	1474
192558953	1474
193356804	1474
193357028	1474
193357165	1474
193357337	1474
193357568	1474
193357789	1474
193357958	1474
193358098	1474
193358258	1474
193358419	1474
193358609	1474
193358769	1474
193358929	1474
193359065	1474
193359226	1474
193359364	1474
193359599	1474
193359770	1474
194155540	1474
194155861	1474
194156004	1474
194156197	1474
194156416	1474
194156633	1474
194156809	1474
194156970	1474
194157130	1474
194157267	1474
194157427	1474
194157587	1474
194157763	1474
194157925	1474
194158085	1474
194158245	1474
194158405	1474
194956426	1474
194956677	1474
194956849	1474
194957069	1474
194957266	1474
194957640	1474
194957781	1474
194957994	1474
194958132	1474
194958293	1474
194958455	1474
194958616	1474
194958777	1474
194958952	1474
194959113	1474
194959259	1474
194959395	1474
194959578	1474
195756300	1474
195756596	1474
195756764	1474
195756991	1474
195757227	1474
195757510	1474
195757742	1474
195757959	1474
195758137	1474
195758273	1474
195758434	1474
195758569	1474
195758748	1474
195758910	1474
195759054	1474
195759215	1474
195759375	1474
195759560	1474
196824637	1474
196824824	1474
196824989	1474
196825242	1474
196825446	1474
196825684	1474
196825821	1474
196825983	1474
196826144	1474
196826314	1474
196826477	1474
196826640	1474
196826776	1474
196826911	1474
196827049	1474
196827210	1474
196827387	1474
196827617	1474
197625372	1474
197625552	1474
197625688	1474
197625889	1474
197626166	1474
197626385	1474
197626595	1474
197626901	1474
197627070	1474
197627234	1474
197627487	1474
197627712	1474
197627881	1474
197628044	1474
197628210	1474
197628372	1474
197628549	1474
197628687	1474
198425250	1474
198425413	1474
198425575	1474
198425848	1474
198426038	1474
198426267	1474
198426430	1474
198426565	1474
198426708	1474
198426870	1474
198427005	1474
198427140	1474
198427301	1474
198427461	1474
198427705	1474
198427873	1474
198428009	1474
199226144	1474
199226308	1474
199226469	1474
199226720	1474
199226941	1474
199227175	1474
199227313	1474
199227474	1474
199227683	1474
199227862	1474
199228025	1474
199228187	1474
199228348	1474
199228508	1474
199228669	1474
199228926	1474
199229066	1474
199229227	1474
200025554	1474
200025717	1474
200025878	1474
200026137	1474
200026329	1474
200026568	1474
200026729	1474
200026865	1474
200027061	1474
200027229	1474
200027390	1474
200027620	1474
200027792	1474
200027954	1474
200028129	1474
200028291	1474
200028426	1474
200028561	1474
200825998	1474
200826164	1474
200826343	1474
200826546	1474
200826765	1474
200826990	1474
200827152	1474
200827331	1474
200827496	1474
200827696	1474
200827867	1474
200828027	1474
200828171	1474
200828345	1474
200828507	1474
200828668	1474
200828834	1474
201626048	1474
201626191	1474
201626359	1474
201626578	1474
201626806	1474
201626976	1474
201627141	1474
201627277	1474
201627449	1474
201627586	1474
201627777	1474
201627921	1474
201628088	1474
201628248	1474
201628419	1474
201628581	1474
201628747	1474
202426009	1474
202426172	1474
202426363	1474
202426606	1474
202426904	1474
202427068	1474
202427231	1474
202427365	1474
202427566	1474
202427763	1474
202427932	1474
202428070	1474
202428231	1474
202428391	1474
202428554	1474
202428749	1474
202428913	1474
203226389	1474
203226551	1474
203226709	1474
203226943	1474
203227159	1474
203227553	1474
203227704	1474
203227878	1474
203228037	1474
203228196	1474
203228354	1474
203228515	1474
203228676	1474
203228842	1474
203228979	1474
203229136	1474
203229295	1474
203229454	1474
204026926	1474
204027079	1474
204027265	1474
204027495	1474
204027679	1474
204027865	1474
204028017	1474
204028154	1474
204028290	1474
204028451	1474
204028610	1474
204028776	1474
204028936	1474
204029083	1474
204029244	1474
204029403	1474
204029538	1474
204826202	1474
204826344	1474
204826480	1474
204826610	1474
204826855	1474
204826963	1474
204827120	1474
204827257	1474
204827385	1474
204827612	1474
204827748	1474
204827868	1474
204827999	1474
204828123	1474
204828263	1474
204828400	1474
204828501	1474
204828625	1474
205626822	1474
205626948	1474
205627049	1474
205627170	1474
205627299	1474
205627717	1474
205627823	1474
205627945	1474
205628072	1474
205628213	1474
205628348	1474
205628449	1474
205628550	1474
205628676	1474
205628800	1474
205628925	1474
205629053	1474
205629177	1474
206426080	1474
206426186	1474
206426313	1474
206426416	1474
206426561	1474
206426839	1474
206426972	1474
206427093	1474
206427194	1474
206427295	1474
206427472	1474
206427615	1474
206428048	1474
206428161	1474
206428295	1474
206428417	1474
206428552	1474
206428670	1474
207226273	1474
207226400	1474
207226525	1474
207226643	1474
207226809	1474
207226942	1474
207227223	1474
207227356	1474
207227547	1474
207227684	1474
207227796	1474
207227932	1474
207228057	1474
207228183	1474
207228309	1474
207228434	1474
207228533	1474
207228658	1474
208026315	1474
208026460	1474
208026588	1474
208026770	1474
208026917	1474
208027197	1474
208027330	1474
208027528	1474
208027636	1474
208027864	1474
208028003	1474
208028128	1474
208028265	1474
208028389	1474
208028515	1474
208028639	1474
208028765	1474
208028890	1474
208826927	1474
208827054	1474
208827189	1474
208827287	1474
208827406	1474
208827739	1474
208827875	1474
208828002	1474
208828129	1474
208828243	1474
208828369	1474
208828494	1474
208828620	1474
208828745	1474
208828846	1474
208828972	1474
208829098	1474
208829240	1474
209627156	1474
209627284	1474
209627434	1474
209627584	1474
209627843	1474
209627951	1474
209628079	1474
209628204	1474
209628393	1474
209628510	1474
209628636	1474
209628736	1474
209628835	1474
209628938	1474
209629056	1474
209629157	1474
209629283	1474
210694159	1474
210694306	1474
210694431	1474
210694532	1474
210694787	1474
210694945	1474
210695203	1474
210695327	1474
210695489	1474
210695594	1474
210695709	1474
210695840	1474
210695978	1474
210696076	1474
210696200	1474
210696320	1474
210696457	1474
210696594	1474
211496316	1474
211496483	1474
211496651	1474
211496911	1474
211497129	1474
211497343	1474
211497508	1474
211497672	1474
211497848	1474
211498014	1474
211498153	1474
211498290	1474
211498453	1474
211498591	1474
211498765	1474
211498931	1474
211499095	1474
211499258	1474
212294229	1474
212294394	1474
212294558	1474
212294696	1474
212294859	1474
212295036	1474
212295199	1474
212295361	1474
212295611	1474
212295782	1474
212295927	1474
212296090	1474
212296228	1474
212296390	1474
212296555	1474
212296692	1474
212296830	1474
212297005	1474
213095568	1474
213095787	1474
213095955	1474
213096240	1474
213096462	1474
213096713	1474
213096882	1474
213097057	1474
213097227	1474
213097393	1474
213097557	1474
213097710	1474
213097859	1474
213098008	1474
213098192	1474
213098371	1474
213098528	1474
213098690	1474
213895437	1474
213895591	1474
213895793	1474
213895920	1474
213896124	1474
213896254	1474
213896391	1474
213896514	1474
213896638	1474
213896860	1474
213896991	1474
213897115	1474
213897413	1474
213897555	1474
213897684	1474
213897807	1474
213897904	1474
213898025	1474
214694247	1474
214694369	1474
214694488	1474
214694596	1474
214694719	1474
214694818	1474
214695004	1474
214695134	1474
214695231	1474
214695352	1474
214695525	1474
214696020	1474
214696131	1474
214696254	1474
214696376	1474
214696498	1474
214696633	1474
214696755	1474
215495178	1474
215495304	1474
215495445	1474
215495574	1474
215495790	1474
215496038	1474
215496224	1474
215496383	1474
215496588	1474
215496684	1474
215496799	1474
215496899	1474
215497021	1474
215497115	1474
215497235	1474
215497355	1474
215497473	1474
215497592	1474
216294354	1474
216294452	1474
216294574	1474
216294693	1474
216294813	1474
216294915	1474
216295011	1474
216295130	1474
216295255	1474
216295395	1474
216295567	1474
216295694	1474
216295790	1474
216295916	1474
216296038	1474
216296163	1474
216296283	1474
216296404	1474
217360488	1474
217360796	1474
217360887	1474
217360979	1474
217361100	1474
217361245	1474
217361340	1474
217361459	1474
217361552	1474
217361671	1474
217361791	1474
217361911	1474
217362005	1474
217362126	1474
217362256	1474
217362350	1474
217362470	1474
217362600	1474
218160376	1474
218160717	1474
218160813	1474
218160907	1474
218161025	1474
218161144	1474
218161236	1474
218161367	1474
218161569	1474
218161670	1474
218161792	1474
218161909	1474
218162027	1474
218162148	1474
218162242	1474
218162346	1474
218162465	1474
218162584	1474
218694499	1474
218694619	1474
218694737	1474
218694855	1474
218694973	1474
218695092	1474
218695186	1474
218695304	1474
218695457	1474
218695651	1474
218695778	1474
218695897	1474
218696018	1474
218696135	1474
218696228	1474
218696346	1474
219493439	1474
219493764	1474
219493897	1474
219494024	1474
219494157	1474
219494299	1474
219494400	1474
219494504	1474
219494646	1474
219494766	1474
219494868	1474
219494995	1474
219495121	1474
219495245	1474
219495372	1474
219495569	1474
220296194	1474
220296479	1474
220296603	1474
220296732	1474
220296831	1474
220296952	1474
220297046	1474
220297144	1474
220297266	1474
220297386	1474
220297510	1474
220297607	1474
220297704	1474
220297809	1474
220297930	1474
220298051	1474
221093804	1474
221094090	1474
221094211	1474
221094330	1474
221094421	1474
221094517	1474
221094640	1474
221094758	1474
221094878	1474
221095008	1474
221095127	1474
221095247	1474
221095346	1474
221095539	1474
221095668	1474
221095762	1474
221895872	1474
221896167	1474
221896302	1474
221896430	1474
221896545	1474
221896681	1474
221896796	1474
221896890	1474
221897006	1474
221897138	1474
221897231	1474
221897323	1474
221897436	1474
221897554	1474
221897669	1474
221897782	1474
221897900	1474
222693747	1474
222694025	1474
222694119	1474
222694237	1474
222694372	1474
222694492	1474
222694612	1474
222694732	1474
222694853	1474
222694975	1474
222695070	1474
222695189	1474
222695319	1474
222695495	1474
222695596	1474
222695715	1474
222695836	1474
222695930	1474
223494127	1474
223494430	1474
223494543	1474
223494664	1474
223494761	1474
223494879	1474
223494975	1474
223495094	1474
223495219	1474
223495359	1474
223495568	1474
223495664	1474
223495784	1474
223495878	1474
223495975	1474
223496093	1474
223496190	1474
223496286	1474
224295135	1474
224295421	1474
224295565	1474
224295698	1474
224295796	1474
224295919	1474
224296015	1474
224296134	1474
224296257	1474
224296378	1474
224296473	1474
224296595	1474
224296734	1474
224296853	1474
224296952	1474
224297048	1474
224297140	1474
224297233	1474
225094445	1474
225094666	1474
225094829	1474
225095008	1474
225095169	1474
225095332	1474
225095543	1474
225095714	1474
225095883	1474
225096046	1474
225096208	1474
225096383	1474
225096543	1474
225096706	1474
225096871	1474
225097035	1474
225097196	1474
225097335	1474
225894436	1474
225894714	1474
225894884	1474
225895097	1474
225895321	1474
225895583	1474
225895726	1474
225895863	1474
225896024	1474
225896202	1474
225896366	1474
225896505	1474
225896671	1474
225896835	1474
225896972	1474
225897147	1474
225897285	1474
225897444	1474
226695124	1474
226695430	1474
226695684	1474
226695941	1474
226696160	1474
226696404	1474
226696569	1474
226696736	1474
226696901	1474
226697042	1474
226697205	1474
226697383	1474
226697545	1474
226697706	1474
226697872	1474
226698034	1474
226698195	1474
226698372	1474
227763553	1474
227763731	1474
227763952	1474
227764152	1474
227764368	1474
227764541	1474
227764710	1474
227764847	1474
227765009	1474
227765173	1474
227765337	1474
227765510	1474
227765649	1474
227765790	1474
227766046	1474
227766256	1474
227766500	1474
227766667	1474
228565822	1474
228565964	1474
228566129	1474
228566413	1474
228566714	1474
228567185	1474
228567397	1474
228567754	1474
228568006	1474
228568149	1474
228568311	1474
228568477	1474
228568621	1474
228568788	1474
228568950	1474
228569114	1474
228569250	1474
228569415	1474
229366740	1474
229367525	1474
229367747	1474
229367966	1474
229368105	1474
229368269	1474
229368451	1474
229368616	1474
229368778	1474
229368930	1474
229369091	1474
229369252	1474
229369413	1474
229369549	1474
229369708	1474
229369880	1474
229370042	1474
230168038	1474
230168192	1474
230168318	1474
230168417	1474
230168561	1474
230168821	1474
230168930	1474
230169087	1474
230169215	1474
230169342	1474
230169442	1474
230169545	1474
230169648	1474
230169749	1474
230169876	1474
230169977	1474
230170115	1474
230170242	1474
230962506	1474
230962604	1474
230962700	1474
230962816	1474
230962940	1474
230963159	1474
230963303	1474
230963511	1474
230963610	1474
230963731	1474
230963833	1474
230963955	1474
230964050	1474
230964170	1474
230964305	1474
230964425	1474
230964549	1474
231763583	1474
231763690	1474
231763936	1474
231764071	1474
231764207	1474
231764402	1474
231764527	1474
231764648	1474
231764876	1474
231765010	1474
231765354	1474
231765555	1474
231765682	1474
231765804	1474
231765929	1474
231766052	1474
231766175	1474
231766297	1474
232564640	1474
232564766	1474
232564890	1474
232565043	1474
232565368	1474
232565492	1474
232565590	1474
232565775	1474
232565906	1474
232566002	1474
232566106	1474
232566228	1474
232566352	1474
232566472	1474
232566575	1474
232566701	1474
232566820	1474
232566914	1474
233363399	1474
233363573	1474
233363700	1474
233363805	1474
233363908	1474
233364002	1474
233364226	1474
233364329	1474
233364428	1474
233364546	1474
233364644	1474
233364772	1474
233364870	1474
233364993	1474
233365090	1474
233365209	1474
233365331	1474
234163689	1474
234163820	1474
234163950	1474
234164072	1474
234164193	1474
234164309	1474
234164429	1474
234164525	1474
234164645	1474
234164740	1474
234164859	1474
234164992	1474
234165112	1474
234165235	1474
234165328	1474
234165447	1474
234165569	1474
234165692	1474
234968132	1474
234968474	1474
234968596	1474
234968695	1474
234968794	1474
234968907	1474
234969032	1474
234969167	1474
234969260	1474
234969384	1474
234969500	1474
234969607	1474
234969707	1474
234969832	1474
234969971	1474
234970074	1474
234970215	1474
235764381	1474
235764511	1474
235764640	1474
235764763	1474
235764890	1474
235765047	1474
235765297	1474
235765455	1474
235765579	1474
235765805	1474
235766080	1474
235766329	1474
235766468	1474
235766603	1474
235766729	1474
235766856	1474
235766983	1474
235767085	1474
236564240	1474
236564344	1474
236564470	1474
236564602	1474
236564706	1474
236564832	1474
236564958	1474
236565100	1474
236565227	1474
236565355	1474
236565481	1474
236565619	1474
236565745	1474
236565869	1474
236565992	1474
236566118	1474
236566245	1474
236566369	1474
237363783	1474
237363919	1474
237364041	1474
237364163	1474
237364285	1474
237364409	1474
237364531	1474
237364628	1474
237364765	1474
237364888	1474
237364985	1474
237365082	1474
237365182	1474
237365304	1474
237365404	1474
237365528	1474
237365650	1474
237365785	1474
238164856	1474
238164988	1474
238165114	1474
238165343	1474
238165494	1474
238165744	1474
238165860	1474
238165968	1474
238166092	1474
238166215	1474
238166361	1474
238166486	1474
238166609	1474
238166715	1474
238166843	1474
238166972	1474
238167074	1474
238167179	1474
238964910	1474
238965018	1474
238965147	1474
238965284	1474
238965432	1474
238965625	1474
238965747	1474
238965873	1474
238965998	1474
238966202	1474
238966327	1474
238966453	1474
238966575	1474
238966703	1474
238966826	1474
238966929	1474
238967063	1474
238967189	1474
240032159	1474
240032392	1474
240032513	1474
240032632	1474
240032756	1474
240033055	1474
240033184	1474
240033476	1474
240033656	1474
240033790	1474
240034455	1474
240034608	1474
240034708	1474
240034846	1474
240035557	1474
240035678	1474
240035807	1474
240035914	1474
240830364	1474
240830692	1474
240830895	1474
240831132	1474
240831368	1474
240831607	1474
240831754	1474
240831919	1474
240832082	1474
240832245	1474
240832410	1474
240832589	1474
240832731	1474
240832989	1474
240833206	1474
240833534	1474
240833787	1474
240833975	1474
241633113	1474
241633349	1474
241633570	1474
241634292	1474
241634497	1474
241634649	1474
241634843	1474
241635032	1474
241635236	1474
241635456	1474
241635747	1474
241635890	1474
241636052	1474
241636259	1474
241636403	1474
241636567	1474
241636746	1474
241636885	1474
242430257	1474
242430537	1474
242430714	1474
242430996	1474
242431218	1474
242431396	1474
242431620	1474
242431799	1474
242431966	1474
242432107	1474
242432269	1474
242432410	1474
242432552	1474
242432693	1474
242432840	1474
242433008	1474
242433266	1474
242433464	1474
243232031	1474
243232384	1474
243232561	1474
243232767	1474
243233061	1474
243233238	1474
243233406	1474
243233573	1474
243233841	1474
243234070	1474
243234346	1474
243234644	1474
243234791	1474
243234987	1474
243235231	1474
243235400	1474
243235615	1474
243235785	1474
244034891	1474
244035329	1474
244035718	1474
244035940	1474
244036182	1474
244036348	1474
244036487	1474
244036624	1474
244036789	1474
244036952	1474
244037090	1474
244037266	1474
244037430	1474
244037620	1474
244037857	1474
244038072	1474
244038247	1474
244038410	1474
244831210	1474
244831463	1474
244831824	1474
244832048	1474
244832307	1474
244832482	1474
244832647	1474
244832785	1474
244832923	1474
244833085	1474
244833249	1474
244833559	1474
244833792	1474
244834282	1474
244834453	1474
244834623	1474
244834803	1474
244834949	1474
245631102	1474
245631365	1474
245631599	1474
245631782	1474
245631947	1474
245632114	1474
245632280	1474
245632444	1474
245632589	1474
245632730	1474
245632868	1474
245633036	1474
245633201	1474
245633367	1474
245633678	1474
245633904	1474
245634442	1474
246436019	1474
246436415	1474
246436587	1474
246436789	1474
246437023	1474
246437238	1474
246437377	1474
246437512	1474
246437649	1474
246437792	1474
246437927	1474
246438108	1474
246438246	1474
246438407	1474
246438568	1474
246438738	1474
246438901	1474
246439063	1474
247499366	1474
247499661	1474
247499838	1474
247500086	1474
247500278	1474
247500443	1474
247500605	1474
247500766	1474
247500946	1474
247501109	1474
247501243	1474
247501405	1474
247501563	1474
247501723	1474
247501881	1474
247502033	1474
247502283	1474
247502494	1474
248300627	1474
248300843	1474
248301006	1474
248301186	1474
248301432	1474
248301646	1474
248302037	1474
248302246	1474
248302413	1474
248302580	1474
248302796	1474
248303024	1474
248303236	1474
248303495	1474
248303730	1474
248303872	1474
248304034	1474
248304210	1474
249101047	1474
249101285	1474
249101481	1474
249101736	1474
249102100	1474
249102320	1474
249102591	1474
249102809	1474
249102994	1474
249103252	1474
249103686	1474
249103881	1474
249104141	1474
249104286	1474
249104549	1474
249104718	1474
249104879	1474
249105044	1474
249898934	1474
249899189	1474
249899412	1474
249899764	1474
249900003	1474
249900162	1474
249900326	1474
249900497	1474
249900662	1474
249900823	1474
249900984	1474
249901145	1474
249901279	1474
249901444	1474
249901660	1474
249901870	1474
249902025	1474
250698873	1474
250699101	1474
250699296	1474
250699502	1474
250699606	1474
250699743	1474
250699856	1474
250699953	1474
250700073	1474
250700193	1474
250700313	1474
250700435	1474
250700530	1474
250700624	1474
250700744	1474
250700880	1474
250701002	1474
250701122	1474
251498932	1474
251499188	1474
251499339	1474
251499612	1474
251499714	1474
251499811	1474
251499931	1474
251500067	1474
251500161	1474
251500283	1474
251500403	1474
251500499	1474
251500620	1474
251500740	1474
251500862	1474
251500969	1474
251501092	1474
251501186	1474
252299814	1474
252300022	1474
252300161	1474
252300266	1474
252300393	1474
252300523	1474
252300668	1474
252300794	1474
252300963	1474
252301094	1474
252301242	1474
252301398	1474
252301612	1474
252302387	1474
252302523	1474
252302713	1474
252302830	1474
253099232	1474
253099411	1474
253099797	1474
253099907	1474
253100122	1474
253100249	1474
253100389	1474
253100509	1474
253100629	1474
253100745	1474
253101283	1474
253101417	1474
253101537	1474
253101632	1474
253101753	1474
253101871	1474
253101972	1474
253901655	1474
253901879	1474
253902006	1474
253902129	1474
253902250	1474
253902461	1474
253902604	1474
253902726	1474
253902850	1474
253903077	1474
253903183	1474
253903700	1474
253903811	1474
253903935	1474
253904137	1474
253904241	1474
253905007	1474
254700072	1474
254700257	1474
254700379	1474
254700500	1474
254700597	1474
254700730	1474
254700966	1474
254701095	1474
254701190	1474
254701289	1474
254701384	1474
254701482	1474
254701596	1474
254701735	1474
254701882	1474
254702005	1474
254702101	1474
255499616	1474
255499818	1474
255499968	1474
255500088	1474
255500210	1474
255500330	1474
255500422	1474
255500537	1474
255500658	1474
255500746	1474
255500869	1474
255500993	1474
255501111	1474
255501231	1474
255501349	1474
255501465	1474
255501559	1474
255501650	1474
256299737	1474
256299939	1474
256300046	1474
256300173	1474
256300269	1474
256300364	1474
256300454	1474
256300547	1474
256300665	1474
256300783	1474
256300876	1474
256300995	1474
256301127	1474
256301246	1474
256301340	1474
256301459	1474
256301582	1474
256301700	1474
257099731	1474
257100061	1474
257100163	1474
257100280	1474
257100469	1474
257100599	1474
257100726	1474
257100824	1474
257100947	1474
257101043	1474
257101165	1474
257101279	1474
257101405	1474
257101527	1474
257101650	1474
257101774	1474
257101897	1474
257102018	1474
257900011	1474
257900194	1474
257900315	1474
257900450	1474
257900572	1474
257900693	1474
257900888	1474
257900990	1474
257901112	1474
257901231	1474
257901351	1474
257901484	1474
257901602	1474
257901721	1474
257901840	1474
257901933	1474
257902052	1474
257902171	1474
258701503	1474
258701658	1474
258701750	1474
258701869	1474
258701992	1474
258702112	1474
258702231	1474
258702324	1474
258702418	1474
258702555	1474
258702662	1474
258702795	1474
258702925	1474
258703052	1474
258703180	1474
258703308	1474
258703436	1474
258703627	1474
259500544	1474
259500850	1474
259500971	1474
259501094	1474
259501189	1474
259501310	1474
259501434	1474
259501554	1474
259501686	1474
259501812	1474
259501905	1474
259502026	1474
259502147	1474
259502270	1474
259502390	1474
259502487	1474
259502606	1474
259502747	1474
260303577	1474
260303735	1474
260303861	1474
260304076	1474
260304194	1474
260304321	1474
260304561	1474
260304689	1474
260304811	1474
260304950	1474
260305070	1474
260305191	1474
260305285	1474
260305405	1474
260305526	1474
260305652	1474
260305773	1474
261367642	1474
261367919	1474
261368042	1474
261368176	1474
261368297	1474
261368412	1474
261368532	1474
261368751	1474
261368854	1474
261369218	1474
261369425	1474
261369635	1474
261369771	1474
261370022	1474
261370196	1474
261370293	1474
261370387	1474
261370507	1474
261900482	1474
261900730	1474
261900917	1474
261901082	1474
261901217	1474
261901392	1474
261901553	1474
261901688	1474
261901847	1474
261902007	1474
261902167	1474
261902356	1474
261902532	1474
261902692	1474
261902852	1474
261903011	1474
261903170	1474
262967667	1474
262967837	1474
262967960	1474
262968084	1474
262968176	1474
262968399	1474
262968539	1474
262968660	1474
262968754	1474
262968873	1474
262968989	1474
262969172	1474
262969300	1474
262969419	1474
262969553	1474
262969673	1474
262969797	1474
262969916	1474
263767564	1474
263767812	1474
263767936	1474
263768059	1474
263768193	1474
263768316	1474
263768553	1474
263768694	1474
263768837	1474
263768960	1474
263769084	1474
263769182	1474
263769304	1474
263769427	1474
263769542	1474
263769671	1474
263769797	1474
264567832	1474
264568062	1474
264568353	1474
264568516	1474
264568647	1474
264568960	1474
264569093	1474
264569237	1474
264569380	1474
264569504	1474
264569644	1474
264569757	1474
264569898	1474
264570023	1474
264570125	1474
264570251	1474
264570377	1474
264570504	1474
265367721	1474
265367927	1474
265368489	1474
265368707	1474
265368839	1474
265368971	1474
265369108	1474
265369220	1474
265369336	1474
265369459	1474
265369593	1474
265369714	1474
265369815	1474
265369916	1474
265370046	1474
265370164	1474
265370315	1474
265370590	1474
266169690	1474
266169879	1474
266170166	1474
266170309	1474
266170662	1474
266170817	1474
266170942	1474
266171664	1474
266171931	1474
266172068	1474
266172320	1474
266172476	1474
266172605	1474
266172746	1474
266172909	1474
266173592	1474
266173866	1474
266173993	1474
266967806	1474
266968063	1474
266968192	1474
266968405	1474
266968545	1474
266968697	1474
266968926	1474
266969076	1474
266969200	1474
266969379	1474
266969508	1474
266969637	1474
266969782	1474
266969905	1474
266970028	1474
266970150	1474
266970240	1474
266970334	1474
267768784	1474
267769043	1474
267769162	1474
267769290	1474
267769410	1474
267769501	1474
267769614	1474
267769733	1474
267769820	1474
267769936	1474
267770030	1474
267770150	1474
267770264	1474
267770358	1474
267770601	1474
267770732	1474
267770826	1474
267771075	1474
268570197	1474
268570452	1474
268570572	1474
268570691	1474
268570825	1474
268571048	1474
268571174	1474
268571295	1474
268571412	1474
268571679	1474
268571797	1474
268572045	1474
268572171	1474
268572348	1474
268572469	1474
268572563	1474
268572677	1474
268572811	1474
269369320	1474
269369648	1474
269369811	1474
269369943	1474
269370033	1474
269370128	1474
269370464	1474
269370595	1474
269370721	1474
269370871	1474
269371047	1474
269371159	1474
269371484	1474
269371942	1474
269372073	1474
269372194	1474
269372314	1474
269372413	1474
270168427	1474
270168640	1474
270168894	1474
270168999	1474
270169088	1474
270169230	1474
270169354	1474
270169474	1474
270169598	1474
270169696	1474
270169817	1474
270169964	1474
270170084	1474
270170220	1474
270170342	1474
270170467	1474
270170590	1474
270170720	1474
270968588	1474
270968787	1474
270968903	1474
270969144	1474
270969270	1474
270969456	1474
270969552	1474
270969663	1474
270969785	1474
270969908	1474
270970055	1474
270970178	1474
270970329	1474
270970452	1474
270970596	1474
270970717	1474
270970859	1474
272036553	1474
272036685	1474
272036817	1474
272036931	1474
272037031	1474
272037157	1474
272037263	1474
272037389	1474
272037506	1474
272037635	1474
272037757	1474
272037888	1474
272038016	1474
272038143	1474
272038275	1474
272038400	1474
272038543	1474
272038673	1474
272838032	1474
272838233	1474
272838422	1474
272838621	1474
272838847	1474
272838992	1474
272839127	1474
272839294	1474
272839429	1474
272839594	1474
272839796	1474
272839946	1474
272840110	1474
272840362	1474
272840582	1474
272841223	1474
272841492	1474
273371409	1474
273371753	1474
273371952	1474
273372121	1474
273372262	1474
273372398	1474
273372561	1474
273372722	1474
273372875	1474
273373037	1474
273373175	1474
273373340	1474
273373505	1474
273373641	1474
273373815	1474
273373953	1474
273374118	1474
274443705	1474
274444057	1474
274444232	1474
274444443	1474
274444630	1474
274444796	1474
274444961	1474
274445141	1474
274445324	1474
274445489	1474
274445650	1474
274445812	1474
274445952	1474
274446128	1474
274446269	1474
274446430	1474
274446590	1474
274446728	1474
275242869	1474
275243013	1474
275243157	1474
275243326	1474
275243528	1474
275243719	1474
275243859	1474
275244025	1474
275244193	1474
275244359	1474
275244494	1474
275244635	1474
275244796	1474
275244962	1474
275245124	1474
275245306	1474
275245442	1474
275245611	1474
276038001	1474
276038153	1474
276038279	1474
276038418	1474
276038706	1474
276038990	1474
276039172	1474
276039283	1474
276039879	1474
276040126	1474
276040253	1474
276040394	1474
276040532	1474
276040658	1474
276040917	1474
276041094	1474
276041666	1474
276838574	1474
276838729	1474
276838972	1474
276839118	1474
276839686	1474
276839810	1474
276839936	1474
276840061	1474
276840186	1474
276840333	1474
276840460	1474
276840599	1474
276840725	1474
276840851	1474
276840977	1474
276841121	1474
276841215	1474
276841315	1474
277638812	1474
277638948	1474
277639287	1474
277639856	1474
277639980	1474
277640121	1474
277640246	1474
277640388	1474
277640488	1474
277640613	1474
277640746	1474
277640871	1474
277640996	1474
277641097	1474
277641201	1474
277641326	1474
277641461	1474
277641588	1474
278436329	1474
278436605	1474
278436727	1474
278436869	1474
278437012	1474
278437356	1474
278437488	1474
278437618	1474
278437719	1474
278437829	1474
278437959	1474
278438086	1474
278438202	1474
278438329	1474
278438428	1474
278438550	1474
278438699	1474
278438920	1474
279239872	1474
279240068	1474
279240209	1474
279240353	1474
279240480	1474
279240608	1474
279240767	1474
279240899	1474
279241022	1474
279241150	1474
279241289	1474
279241440	1474
279241578	1474
279241700	1474
279241824	1474
279241963	1474
279242166	1474
279242275	1474
280039076	1474
280039215	1474
280040342	1474
280040574	1474
280040710	1474
280040811	1474
280040937	1474
280041064	1474
280041164	1474
280041307	1474
280041447	1474
280041548	1474
280041673	1474
280041801	1474
280041902	1474
280042028	1474
280042153	1474
280042271	1474
280838700	1474
280838876	1474
280839006	1474
280839133	1474
280839259	1474
280839463	1474
280840025	1474
280840135	1474
280840720	1474
280840980	1474
280841088	1474
280841208	1474
280841309	1474
280841508	1474
280841634	1474
280841762	1474
280841889	1474
280841989	1474
281639614	1474
281640532	1474
281640728	1474
281640882	1474
281641143	1474
281641248	1474
281641374	1474
281641506	1474
281641619	1474
281641739	1474
281641868	1474
281641993	1474
281642120	1474
281642246	1474
281642345	1474
281642456	1474
281642592	1474
281642717	1474
282706924	1474
282707220	1474
282707326	1474
282707515	1474
282707644	1474
282707744	1474
282707900	1474
282708047	1474
282708332	1474
282708512	1474
282708794	1474
282708951	1474
282709053	1474
282709450	1474
282709557	1474
282709698	1474
282709979	1474
282710104	1474
283506896	1474
283507258	1474
283507357	1474
283507582	1474
283507713	1474
283507835	1474
283507932	1474
283508071	1474
283508193	1474
283508314	1474
283508437	1474
283508558	1474
283508680	1474
283508801	1474
283509040	1474
283509145	1474
283509389	1474
284311356	1474
284311483	1474
284311616	1474
284311773	1474
284311894	1474
284312157	1474
284312288	1474
284312429	1474
284312570	1474
284312693	1474
284312831	1474
284312964	1474
284313062	1474
284313189	1474
284313297	1474
284313395	1474
284313517	1474
284313651	1474
284837640	1474
284837823	1474
284838154	1474
284838314	1474
284838427	1474
284838542	1474
284838666	1474
284838792	1474
284838919	1474
284839029	1474
284839133	1474
284839266	1474
284839390	1474
284839557	1474
284839697	1474
284839814	1474
285906556	1474
285906700	1474
285906926	1474
285907055	1474
285907591	1474
285907798	1474
285907922	1474
285908022	1474
285908119	1474
285908242	1474
285908337	1474
285908456	1474
285908577	1474
285908714	1474
285908835	1474
285908955	1474
285909076	1474
285909285	1474
286705787	1474
286705920	1474
286706045	1474
286706140	1474
286706260	1474
286706379	1474
286706499	1474
286706596	1474
286706720	1474
286706953	1474
286707086	1474
286707649	1474
286707780	1474
286707999	1474
286708119	1474
286708238	1474
286708355	1474
286708473	1474
287505289	1474
287505606	1474
287505739	1474
287505868	1474
287505991	1474
287506286	1474
287506392	1474
287506490	1474
287506616	1474
287506749	1474
287506856	1474
287506990	1474
287507108	1474
287507239	1474
287507569	1474
287507701	1474
287508193	1474
288040197	1474
288040328	1474
288040427	1474
288040533	1474
288040659	1474
288040809	1474
288040910	1474
288041039	1474
288041180	1474
288041311	1474
288041433	1474
288041561	1474
288041689	1474
288041835	1474
288041928	1474
288042049	1474
289105580	1474
289105832	1474
289106033	1474
289106214	1474
289106352	1474
289106625	1474
289106722	1474
289106838	1474
289106973	1474
289107085	1474
289107211	1474
289107314	1474
289107556	1474
289107657	1474
289107952	1474
289108049	1474
289108632	1474
289108847	1474
289641608	1474
289641751	1474
289641896	1474
289642041	1474
289642168	1474
289642266	1474
289642410	1474
289642527	1474
289642667	1474
289642769	1474
289642907	1474
289643034	1474
289643170	1474
289643308	1474
289643465	1474
289643653	1474
289643775	1474
290439872	1474
290440036	1474
290440167	1474
290440360	1474
290440512	1474
290440788	1474
290440924	1474
290441071	1474
290441216	1474
290441321	1474
290441466	1474
290441609	1474
290441733	1474
290441836	1474
290441962	1474
290442091	1474
290442211	1474
291506499	1474
291506951	1474
291507092	1474
291507219	1474
291507372	1474
291507532	1474
291507660	1474
291507810	1474
291507917	1474
291508035	1474
291508155	1474
291508292	1474
291508439	1474
291508572	1474
291508683	1474
291508822	1474
291508920	1474
291509058	1474
292304956	1474
292305355	1474
292305500	1474
292305641	1474
292305787	1474
292306012	1474
292306148	1474
292306274	1474
292306399	1474
292306523	1474
292306666	1474
292306789	1474
292306935	1474
292307060	1474
292307187	1474
292307331	1474
292307488	1474
292307683	1474
293105540	1474
293105873	1474
293105963	1474
293106098	1474
293106240	1474
293106383	1474
293106507	1474
293106615	1474
293106760	1474
293106858	1474
293106994	1474
293107125	1474
293107252	1474
293107375	1474
293107584	1474
293107692	1474
293107838	1474
293107962	1474
293908196	1474
293908335	1474
293908458	1474
293908565	1474
293908707	1474
293909046	1474
293909164	1474
293909266	1474
293909475	1474
293909568	1474
293909669	1474
293909766	1474
293909899	1474
293910042	1474
293910138	1474
293910274	1474
293910408	1474
294438887	1474
294439126	1474
294439356	1474
294439579	1474
294439700	1474
294439824	1474
294440041	1474
294440172	1474
294440291	1474
294440488	1474
294440615	1474
294440723	1474
294440826	1474
294440950	1474
294441089	1474
294441211	1474
295240647	1474
295240750	1474
295240877	1474
295240979	1474
295241086	1474
295241206	1474
295241424	1474
295241558	1474
295241694	1474
295241946	1474
295242073	1474
295242199	1474
295242343	1474
295242466	1474
295242599	1474
295242713	1474
295242835	1474
296039211	1474
296039550	1474
296039723	1474
296039866	1474
296039996	1474
296040118	1474
296040233	1474
296040352	1474
296040440	1474
296040567	1474
296040662	1474
296040860	1474
296040995	1474
296041131	1474
296041228	1474
296839207	1474
296839407	1474
296839690	1474
296839890	1474
296840193	1474
296840430	1474
296840595	1474
296840761	1474
296840931	1474
296841069	1474
296841233	1474
296841393	1474
296841556	1474
296841722	1474
296841884	1474
296842065	1474
296842226	1474
297639195	1474
297639565	1474
297639804	1474
297640022	1474
297640273	1474
297640436	1474
297640579	1474
297640741	1474
297640905	1474
297641046	1474
297641200	1474
297641370	1474
297641541	1474
297641710	1474
297641875	1474
297642043	1474
297642216	1474
297642352	1474
298442902	1474
298443086	1474
298443216	1474
298443314	1474
298443442	1474
298443567	1474
298443664	1474
298443784	1474
298443880	1474
298444001	1474
298444121	1474
298444254	1474
298444381	1474
298444613	1474
298444750	1474
298444848	1474
298445120	1474
299242688	1474
299242871	1474
299243052	1474
299243184	1474
299243283	1474
299243494	1474
299243717	1474
299243846	1474
299243980	1474
299244077	1474
299244171	1474
299244289	1474
299244427	1474
299244648	1474
299244775	1474
299245081	1474
299245241	1474
299245363	1474
300040072	1474
300040254	1474
300040374	1474
300040491	1474
300040626	1474
300040746	1474
300040975	1474
300041078	1474
300041198	1474
300041291	1474
300041410	1474
300041529	1474
300041770	1474
300041893	1474
300042016	1474
300042107	1474
300042225	1474
300840233	1474
300840420	1474
300840542	1474
300840663	1474
300840791	1474
300840914	1474
300841035	1474
300841156	1474
300841277	1474
300841372	1474
300841490	1474
300841584	1474
300841702	1474
300841838	1474
300841932	1474
300842049	1474
300842168	1474
300842287	1474
301640191	1474
301640375	1474
301640470	1474
301640591	1474
301640710	1474
301640829	1474
301640957	1474
301641079	1474
301641197	1474
301641316	1474
301641435	1474
301641555	1474
301641675	1474
301641771	1474
301641866	1474
301641999	1474
301642118	1474
301642213	1474
302440331	1474
302440517	1474
302440638	1474
302440762	1474
302440859	1474
302440955	1474
302441075	1474
302441216	1474
302441334	1474
302441453	1474
302441574	1474
302441694	1474
302441790	1474
302441911	1474
302442031	1474
302442133	1474
302442254	1474
302442374	1474
303509452	1474
303509586	1474
303509707	1474
303509803	1474
303509924	1474
303510143	1474
303510271	1474
303510365	1474
303510493	1474
303510589	1474
303510683	1474
303510802	1474
303510897	1474
303511015	1474
303511134	1474
303511255	1474
303511374	1474
303511547	1474
304308962	1474
304309083	1474
304309203	1474
304309325	1474
304309447	1474
304309544	1474
304309671	1474
304309793	1474
304309912	1474
304310032	1474
304310152	1474
304310246	1474
304310365	1474
304310484	1474
304310601	1474
304310705	1474
304310825	1474
