7610664	58
7612013	54
7790049	1474
7790182	1474
7791304	1474
7791723	1474
7791939	1474
7792162	1474
7792912	1474
7793164	1474
7793324	90
7966539	1474
7966825	94
7966924	1474
7967019	1474
7967264	1474
7967668	1474
7968195	214
7968417	1474
7968884	94
7969132	1474
7969346	1474
7969559	1474
7969762	1474
7969975	1474
7970211	1474
7970452	294
8144127	1474
8144353	1474
8144577	1474
8144701	174
8144922	1474
8145045	1474
8145180	1474
8145383	1474
8145602	214
8145726	1474
8145911	94
8146035	1474
8146263	1474
8146364	1474
8146482	1474
8146708	1474
8146897	1474
8147020	1474
8147153	1474
8147392	374
8319710	1474
8319910	1474
8320050	1474
8320239	1474
8320695	214
8320987	1474
8321233	1474
8321397	1474
8321632	1474
8321880	1474
8322089	1474
8322297	1474
8322487	334
8323074	1474
8323263	1474
8323428	134
8323655	1474
8323958	1474
8324175	1474
8324650	1474
8324872	1474
8325062	1474
8325279	1474
8325559	1474
8325767	1474
8326001	414
8495952	1474
8496454	1474
8496688	1474
8496918	1474
8497195	214
8497479	1474
8497672	1474
8497932	1474
8498155	174
8498361	1474
8498596	1474
8498783	1474
8499019	1474
8499307	1474
8499564	1474
8499721	1474
8499973	1474
8500191	374
8500474	1474
8500692	1474
8500939	134
8501157	1474
8501456	1474
8501675	1474
8501927	1474
8502145	214
8502433	1474
8502625	1474
8502831	1474
8503069	1474
8503277	1474
8503527	1474
8503726	1474
8503919	334
8676069	1474
8676350	1474
8676573	1474
8676836	1474
8677024	1474
8677436	1474
8677681	1474
8677781	1474
8677976	1474
8678101	1474
8678219	1474
8678379	494
8678495	1474
8678729	1474
8678873	1474
8678967	1474
8679086	1474
8679306	254
8680566	1474
8680709	1474
8680893	134
8681013	1474
8681136	1474
8681378	1474
8681523	174
8681646	1474
8681827	1474
8681967	1474
8682115	174
8684106	1474
8684322	1474
8684442	1474
8684848	1474
8685257	1474
8685473	1474
8685599	1474
8685813	1474
8685936	1474
8686149	1474
8686283	1474
8686474	1474
8686598	534
8849923	1474
8850019	1474
8850628	1474
8850799	1474
8850916	1474
8851031	1474
8851260	1474
8851396	334
8851559	1474
8851780	1474
8851924	1474
8852176	1474
8852818	1474
8853046	254
8853215	1474
8853370	1474
8853489	1474
8853575	1474
8853689	1474
8853804	1474
8853896	1474
8854011	1474
8854101	374
8854217	1474
8854342	94
8854431	1474
8854547	1474
8854666	1474
8854780	1474
8854896	1474
8854988	1474
8855102	1474
8855221	1474
8855317	374
8856662	1474
8856780	1474
8856896	1474
8857010	1474
8857126	1474
8857251	1474
8857382	1474
8857498	1474
8857614	1474
8857728	1474
8857843	1474
8857934	1474
8858025	1474
8858141	1474
8858256	1474
8858386	654
9026048	1474
9026184	1474
9026303	1474
9026433	1474
9026549	1474
9026665	1474
9026782	1474
9026870	334
9027206	1474
9027446	1474
9027592	1474
9027687	1474
9027827	1474
9027984	1474
9028262	1474
9028509	1474
9028603	1474
9028721	1474
9028836	1474
9028927	1474
9029016	534
9126503	1474
9126664	1474
9126822	1474
9126956	1474
9127113	1474
9127273	1474
9127439	1474
9127646	1474
9127960	1474
9128148	1474
9128315	1474
9128517	1474
9128648	1474
9128776	1474
9128877	1474
9129003	1474
9928263	1474
9928371	1474
9928489	1474
9928610	1474
9928818	1474
9928943	1474
9929062	1474
9929179	1474
9929297	1474
9929390	1474
9929482	1474
9929574	1474
9929707	1474
9929825	1474
9929918	1474
9930035	1474
10461159	1474
10461281	1474
10461399	1474
10461541	1474
10461658	1474
10461883	1474
10462009	1474
10462129	1474
10462247	1474
10462341	1474
10462435	1474
10462554	1474
10462672	1474
10462797	1474
10462915	1474
10463008	1474
11260034	1474
11260281	1474
11260370	1474
11260464	1474
11260559	1474
11260761	1474
11260934	1474
11261434	1474
11261565	1474
11261657	1474
11261750	1474
11261868	1474
11261985	1474
11262131	1474
11262250	1474
11262368	1474
11262488	1474
12059828	1474
12060044	1474
12060137	1474
12060321	1474
12060446	1474
12060592	1474
12060715	1474
12060910	1474
12061086	1474
12061185	1474
12061400	1474
12061524	1474
12061643	1474
12061760	1474
12061878	1474
12061995	1474
12062112	1474
12596478	1474
12596600	1474
12596694	1474
12596791	1474
12596910	1474
12597121	1474
12597222	1474
12597444	1474
12597566	1474
12597684	1474
12597803	1474
12597892	1474
12597995	1474
12598087	1474
12598205	1474
12598322	1474
12598518	1474
13394026	1474
13394145	1474
13394262	1474
13394378	1474
13394495	1474
13394612	1474
13394909	1474
13395036	1474
13395130	1474
13395247	1474
13395339	1474
13395481	1474
13395606	1474
13395740	1474
13395833	1474
13395925	1474
13396016	1474
14196473	1474
14196625	1474
14196789	1474
14196915	1474
14197083	1474
14197226	1474
14197509	1474
14197635	1474
14197735	1474
14197986	1474
14198112	1474
14198232	1474
14198352	1474
14198444	1474
14198544	1474
14198667	1474
14727444	1474
14727633	1474
14727924	1474
14728051	1474
14728193	1474
14728333	1474
14728430	1474
14728552	1474
14728674	1474
14728799	1474
14728920	1474
14729059	1474
14729197	1474
14729333	1474
14729476	1474
14729584	1474
15528297	1474
15528556	1474
15528681	1474
15528803	1474
15528936	1474
15529151	1474
15529279	1474
15529423	1474
15529562	1474
15529658	1474
15529755	1474
15529857	1474
15529977	1474
15530139	1474
15530233	1474
15530358	1474
15530490	1474
15530614	1474
16329344	1474
16329589	1474
16329802	1474
16330009	1474
16330183	1474
16330326	1474
16330545	1474
16330684	1474
16330849	1474
16331117	1474
16331234	1474
16331401	1474
16332526	1474
16332737	1474
16332870	1474
16332970	1474
16333126	1474
16333245	1474
17128069	1474
17128451	1474
17128599	1474
17128720	1474
17128848	1474
17128964	1474
17129060	1474
17129181	1474
17129296	1474
17129416	1474
17129516	1474
17129656	1474
17129857	1474
17129987	1474
17130108	1474
17130204	1474
17130428	1474
17130561	1474
17928310	1474
17928625	1474
17928714	1474
17928829	1474
17928952	1474
17929049	1474
17929161	1474
17929294	1474
17929388	1474
17929503	1474
17929610	1474
17929741	1474
17929835	1474
17929995	1474
17930179	1474
17930488	1474
17930614	1474
17930951	1474
18996222	1474
18996344	1474
18996500	1474
18996699	1474
18996841	1474
18997158	1474
18997287	1474
18997508	1474
18997606	1474
18997739	1474
18997859	1474
18997980	1474
18998100	1474
18998221	1474
18998318	1474
18998453	1474
18998572	1474
18998711	1474
19798790	1474
19798926	1474
19799048	1474
19799146	1474
19799325	1474
19799923	1474
19800055	1474
19800357	1474
19800491	1474
19800633	1474
19800756	1474
19800887	1474
19801009	1474
19801122	1474
19801221	1474
19801341	1474
19801462	1474
20596249	1474
20596350	1474
20596441	1474
20596566	1474
20596686	1474
20596807	1474
20596944	1474
20597059	1474
20597181	1474
20597302	1474
20597399	1474
20597496	1474
20597617	1474
20597713	1474
20597813	1474
20597924	1474
20598047	1474
20598152	1474
21398721	1474
21398863	1474
21398985	1474
21399119	1474
21399267	1474
21399577	1474
21399710	1474
21399901	1474
21400060	1474
21400199	1474
21400290	1474
21400387	1474
21400508	1474
21400629	1474
21400729	1474
21400849	1474
21400986	1474
21928834	1474
21928975	1474
21929217	1474
21929431	1474
21929568	1474
21929684	1474
21929802	1474
21929951	1474
21930066	1474
21930187	1474
21930342	1474
21930463	1474
21930579	1474
21930702	1474
21930828	1474
21931105	1474
22730110	1474
22730260	1474
22730380	1474
22730596	1474
22730713	1474
22731153	1474
22731376	1474
22732032	1474
22732165	1474
22732255	1474
22732374	1474
22732471	1474
22732608	1474
22732708	1474
22732820	1474
22732917	1474
22733037	1474
23530957	1474
23531136	1474
23531273	1474
23531463	1474
23531733	1474
23531950	1474
23532088	1474
23532251	1474
23532413	1474
23532576	1474
23532738	1474
23532877	1474
23532984	1474
23533088	1474
23533193	1474
23533324	1474
23533454	1474
23533585	1474
24597557	1474
24597660	1474
24597796	1474
24597990	1474
24598112	1474
24598507	1474
24598635	1474
24598770	1474
24598909	1474
24599053	1474
24599152	1474
24599276	1474
24599373	1474
24599551	1474
24599688	1474
24599830	1474
24599951	1474
24600112	1474
25397478	1474
25397603	1474
25397718	1474
25397842	1474
25397975	1474
25398119	1474
25398461	1474
25398590	1474
25398717	1474
25398809	1474
25398931	1474
25399075	1474
25399174	1474
25399312	1474
25399463	1474
25399620	1474
25399740	1474
25399861	1474
25930455	1474
25930579	1474
25930720	1474
25930888	1474
25931013	1474
25931113	1474
25931226	1474
25931378	1474
25931586	1474
25931715	1474
25931854	1474
25932100	1474
25932257	1474
25932402	1474
25932787	1474
25932886	1474
26999021	1474
26999146	1474
26999267	1474
26999396	1474
26999565	1474
26999765	1474
26999894	1474
26999995	1474
27000116	1474
27000315	1474
27000549	1474
27000690	1474
27000811	1474
27000932	1474
27001052	1474
27001171	1474
27001290	1474
27001413	1474
27796802	1474
27797030	1474
27797212	1474
27797334	1474
27797454	1474
27797546	1474
27797659	1474
27797748	1474
27797861	1474
27798035	1474
27798156	1474
27798255	1474
27798371	1474
27798490	1474
27798608	1474
27798726	1474
27798844	1474
27798959	1474
28597196	1474
28597397	1474
28597575	1474
28597676	1474
28597771	1474
28597998	1474
28598126	1474
28598268	1474
28598390	1474
28598483	1474
28598604	1474
28598695	1474
28598808	1474
28598927	1474
28599045	1474
28599162	1474
28599263	1474
28599401	1474
29397939	1474
29398062	1474
29398156	1474
29398275	1474
29398407	1474
29398588	1474
29398677	1474
29398770	1474
29398862	1474
29398977	1474
29399069	1474
29399182	1474
29399273	1474
29399467	1474
29399595	1474
29399694	1474
29399813	1474
30197629	1474
30197773	1474
30197893	1474
30197990	1474
30198086	1474
30198207	1474
30198330	1474
30198451	1474
30198545	1474
30198650	1474
30198760	1474
30198879	1474
30198972	1474
30199089	1474
30199206	1474
30199327	1474
30199507	1474
30199632	1474
30997755	1474
30998017	1474
30998114	1474
30998234	1474
30998355	1474
30998473	1474
30998590	1474
30998710	1474
30998829	1474
30998935	1474
30999030	1474
30999125	1474
30999243	1474
30999382	1474
30999542	1474
30999664	1474
30999758	1474
30999853	1474
31798085	1474
31798392	1474
31798514	1474
31798629	1474
31798749	1474
31798976	1474
31799105	1474
31799213	1474
31799310	1474
31799426	1474
31799648	1474
31799777	1474
31799894	1474
31800011	1474
31800105	1474
31800238	1474
31800357	1474
31800476	1474
32598188	1474
32598462	1474
32598585	1474
32598702	1474
32598796	1474
32598891	1474
32599084	1474
32599187	1474
32599307	1474
32599531	1474
32599653	1474
32599780	1474
32599903	1474
32600025	1474
32600144	1474
32600264	1474
32600383	1474
33398364	1474
33398631	1474
33398753	1474
33398846	1474
33398963	1474
33399066	1474
33399267	1474
33399394	1474
33399561	1474
33399700	1474
33399818	1474
33399918	1474
33400012	1474
33400131	1474
33400247	1474
33400364	1474
33400457	1474
34198952	1474
34199234	1474
34199357	1474
34199522	1474
34199639	1474
34199756	1474
34199845	1474
34199974	1474
34200067	1474
34200164	1474
34200280	1474
34200402	1474
34200519	1474
34200637	1474
34200752	1474
34200877	1474
34200999	1474
34201120	1474
34998538	1474
34998797	1474
34999155	1474
34999404	1474
34999855	1474
34999983	1474
35000110	1474
35000233	1474
35000400	1474
35000525	1474
35000774	1474
35000973	1474
35001154	1474
35001278	1474
35001402	1474
35001616	1474
35001833	1474
35798756	1474
35799016	1474
35799142	1474
35799262	1474
35799424	1474
35799614	1474
35799804	1474
35799895	1474
35799988	1474
35800108	1474
35800199	1474
35800291	1474
35800399	1474
35800494	1474
35800611	1474
35800728	1474
35800820	1474
36599035	1474
36599302	1474
36599456	1474
36599726	1474
36599849	1474
36599968	1474
36600088	1474
36600208	1474
36600329	1474
36600422	1474
36600518	1474
36600626	1474
36600744	1474
36600862	1474
36600979	1474
36601098	1474
36601218	1474
37399274	1474
37399560	1474
37399661	1474
37399754	1474
37399886	1474
37400004	1474
37400120	1474
37400214	1474
37400307	1474
37400400	1474
37400516	1474
37400632	1474
37400748	1474
37400854	1474
37400942	1474
37401058	1474
37401175	1474
37401292	1474
38200491	1474
38200785	1474
38200880	1474
38200971	1474
38201078	1474
38201174	1474
38201401	1474
38201528	1474
38201648	1474
38201741	1474
38201858	1474
38201952	1474
38202084	1474
38202204	1474
38202321	1474
38202441	1474
38202536	1474
38202751	1474
39002725	1474
39002951	1474
39003120	1474
39003221	1474
39003480	1474
39003675	1474
39003874	1474
39003971	1474
39004086	1474
39004177	1474
39004276	1474
39004393	1474
39004487	1474
39004580	1474
39004698	1474
39004790	1474
39004907	1474
39005024	1474
39801423	1474
39801544	1474
39801664	1474
39801851	1474
39802095	1474
39802222	1474
39802338	1474
39802453	1474
39802657	1474
39802773	1474
39802898	1474
39803012	1474
39803226	1474
39803350	1474
39803526	1474
39803619	1474
39803734	1474
40603023	1474
40603146	1474
40603263	1474
40603399	1474
40603575	1474
40603673	1474
40603801	1474
40603917	1474
40604014	1474
40604131	1474
40604247	1474
40604364	1474
40604455	1474
40604546	1474
40604664	1474
40604796	1474
40604890	1474
41403783	1474
41403903	1474
41404010	1474
41404130	1474
41404291	1474
41404419	1474
41404638	1474
41404739	1474
41404858	1474
41405073	1474
41405169	1474
41405286	1474
41405403	1474
41405520	1474
41405637	1474
41405754	1474
41405845	1474
42202019	1474
42202115	1474
42202248	1474
42202362	1474
42202478	1474
42202695	1474
42202797	1474
42202890	1474
42203008	1474
42203099	1474
42203199	1474
42203318	1474
42203480	1474
42203616	1474
42203845	1474
42204080	1474
42204184	1474
43001661	1474
43001778	1474
43001894	1474
43002006	1474
43002097	1474
43002213	1474
43002328	1474
43002458	1474
43002574	1474
43002666	1474
43002757	1474
43002871	1474
43002988	1474
43003103	1474
43003218	1474
43003332	1474
43003584	1474
43003799	1474
43804121	1474
43804314	1474
43804477	1474
43804646	1474
43804854	1474
43805039	1474
43805274	1474
43805436	1474
43805612	1474
43805772	1474
43805932	1474
43806092	1474
43806252	1474
43806411	1474
43806545	1474
43806719	1474
43806879	1474
44614441	1474
44614615	1474
44614781	1474
44614922	1474
44615045	1474
44615244	1474
44615372	1474
44615494	1474
44615614	1474
44615726	1474
44616030	1474
44616156	1474
44616250	1474
44616349	1474
44616468	1474
44616560	1474
44616677	1474
45403069	1474
45403194	1474
45403312	1474
45403519	1474
45403620	1474
45403716	1474
45403836	1474
45403930	1474
45404048	1474
45404179	1474
45404298	1474
45404393	1474
45404512	1474
45404605	1474
45404723	1474
45404841	1474
45404959	1474
45405085	1474
46203401	1474
46203620	1474
46203848	1474
46204094	1474
46204331	1474
46204657	1474
46204853	1474
46205064	1474
46205207	1474
46205413	1474
46205556	1474
46205720	1474
46205884	1474
46206026	1474
46206190	1474
46206346	1474
46206511	1474
47003091	1474
47003221	1474
47003325	1474
47003525	1474
47003676	1474
47003829	1474
47004059	1474
47004184	1474
47004313	1474
47004442	1474
47004602	1474
47004758	1474
47005038	1474
47005170	1474
47005346	1474
47005479	1474
47005597	1474
47804831	1474
47804969	1474
47805064	1474
47805189	1474
47805287	1474
47805412	1474
47805538	1474
47805661	1474
47805760	1474
47805872	1474
47805994	1474
47806115	1474
47806213	1474
47806310	1474
47806432	1474
47806553	1474
47806653	1474
47806777	1474
48603218	1474
48603334	1474
48603536	1474
48603677	1474
48603807	1474
48604084	1474
48604197	1474
48604333	1474
48604475	1474
48604600	1474
48604729	1474
48604829	1474
48604925	1474
48605161	1474
48605332	1474
48605461	1474
48605582	1474
48605703	1474
49403885	1474
49404023	1474
49404160	1474
49404286	1474
49404421	1474
49404543	1474
49404686	1474
49404816	1474
49404941	1474
49405039	1474
49405172	1474
49405265	1474
49405389	1474
49405489	1474
49405613	1474
49405714	1474
49405839	1474
50204049	1474
50204176	1474
50204301	1474
50204441	1474
50204567	1474
50204714	1474
50204835	1474
50204961	1474
50205089	1474
50205373	1474
50205550	1474
50205704	1474
50205958	1474
50206094	1474
50206249	1474
50206385	1474
50206504	1474
50206654	1474
51270174	1474
51270449	1474
51270597	1474
51270743	1474
51270864	1474
51271016	1474
51271140	1474
51271260	1474
51271406	1474
51271585	1474
51271689	1474
51271817	1474
51271943	1474
51272074	1474
51272217	1474
51272341	1474
51272483	1474
51272606	1474
52068892	1474
52069068	1474
52069285	1474
52069416	1474
52069541	1474
52069671	1474
52069817	1474
52069958	1474
52070056	1474
52070153	1474
52070339	1474
52070441	1474
52070575	1474
52070699	1474
52070847	1474
52070963	1474
52071086	1474
52071206	1474
52869083	1474
52869342	1474
52869572	1474
52869739	1474
52869879	1474
52870065	1474
52870229	1474
52870366	1474
52870532	1474
52870667	1474
52870806	1474
52870966	1474
52871142	1474
52871279	1474
52871443	1474
52871632	1474
52871780	1474
52871942	1474
53669792	1474
53670030	1474
53670199	1474
53670443	1474
53670656	1474
53670875	1474
53671013	1474
53671202	1474
53671373	1474
53671590	1474
53671735	1474
53671876	1474
53672036	1474
53672175	1474
53672313	1474
53672491	1474
53672628	1474
53672767	1474
54469645	1474
54469922	1474
54470114	1474
54470336	1474
54470559	1474
54470739	1474
54470940	1474
54471101	1474
54471265	1474
54471424	1474
54471649	1474
54471822	1474
54471986	1474
54472123	1474
54472288	1474
54472449	1474
54472637	1474
54472801	1474
55269310	1474
55269508	1474
55269715	1474
55270040	1474
55270237	1474
55270489	1474
55270656	1474
55270818	1474
55270995	1474
55271157	1474
55271293	1474
55271455	1474
55271680	1474
55271827	1474
55272004	1474
55272140	1474
55272299	1474
55272458	1474
56070083	1474
56070398	1474
56070541	1474
56070764	1474
56070978	1474
56071166	1474
56071326	1474
56071535	1474
56071705	1474
56071863	1474
56072023	1474
56072168	1474
56072326	1474
56072484	1474
56072617	1474
56072779	1474
56072914	1474
56073048	1474
56870554	1474
56870822	1474
56870912	1474
56871029	1474
56871148	1474
56871269	1474
56871565	1474
56871695	1474
56871814	1474
56871932	1474
56872050	1474
56872170	1474
56872290	1474
56872379	1474
56872504	1474
56872600	1474
56872716	1474
56872810	1474
57670180	1474
57670494	1474
57670592	1474
57670787	1474
57670907	1474
57671023	1474
57671117	1474
57671235	1474
57671373	1474
57671542	1474
57671637	1474
57671767	1474
57671887	1474
57672006	1474
57672125	1474
57672243	1474
57672362	1474
58471808	1474
58472084	1474
58472213	1474
58472306	1474
58472425	1474
58472521	1474
58472639	1474
58472798	1474
58472924	1474
58473017	1474
58473134	1474
58473251	1474
58473367	1474
58473484	1474
58473602	1474
58473719	1474
58473830	1474
59271323	1474
59271641	1474
59271760	1474
59271854	1474
59271970	1474
59272088	1474
59272219	1474
59272312	1474
59272429	1474
59272520	1474
59272635	1474
59272751	1474
59272843	1474
59272958	1474
59273076	1474
59273176	1474
59273269	1474
59273387	1474
60338329	1474
60338460	1474
60338580	1474
60338701	1474
60338797	1474
60338917	1474
60339010	1474
60339109	1474
60339228	1474
60339322	1474
60339519	1474
60339646	1474
60339765	1474
60339860	1474
60339977	1474
60340100	1474
60340193	1474
60340285	1474
61143783	1474
61143904	1474
61144022	1474
61144146	1474
61144356	1474
61144491	1474
61144613	1474
61144731	1474
61144849	1474
61144968	1474
61145087	1474
61145180	1474
61145272	1474
61145390	1474
61145524	1474
61145643	1474
61145737	1474
61145855	1474
61939190	1474
61939311	1474
61939649	1474
61939793	1474
61940021	1474
61940123	1474
61940245	1474
61940362	1474
61940456	1474
61940574	1474
61940699	1474
61940821	1474
61940940	1474
61941058	1474
61941176	1474
61941294	1474
61941412	1474
61941530	1474
62739579	1474
62739688	1474
62739806	1474
62740037	1474
62740193	1474
62740412	1474
62740538	1474
62740661	1474
62740785	1474
62740921	1474
62741060	1474
62741182	1474
62741305	1474
62741430	1474
62741553	1474
62741679	1474
62741777	1474
63540451	1474
63540616	1474
63540785	1474
63541033	1474
63541228	1474
63541484	1474
63541647	1474
63541781	1474
63541942	1474
63542103	1474
63542273	1474
63542433	1474
63542592	1474
63542724	1474
63542883	1474
63543041	1474
63543182	1474
63543317	1474
64340289	1474
64340458	1474
64340620	1474
64340873	1474
64341089	1474
64341324	1474
64341502	1474
64341663	1474
64341822	1474
64341980	1474
64342140	1474
64342301	1474
64342442	1474
64342603	1474
64342762	1474
64342922	1474
64343081	1474
64343216	1474
65141009	1474
65141151	1474
65141312	1474
65141569	1474
65141816	1474
65142005	1474
65142169	1474
65142305	1474
65142467	1474
65142610	1474
65142772	1474
65142907	1474
65143071	1474
65143231	1474
65143394	1474
65143614	1474
65143785	1474
65143922	1474
65940786	1474
65940938	1474
65941100	1474
65941262	1474
65941424	1474
65941585	1474
65941747	1474
65941891	1474
65942054	1474
65942215	1474
65942350	1474
65942510	1474
65942671	1474
65942839	1474
65943002	1474
65943163	1474
65943299	1474
65943460	1474
66740963	1474
66741145	1474
66741279	1474
66741464	1474
66741672	1474
66741911	1474
66742082	1474
66742228	1474
66742390	1474
66742550	1474
66742685	1474
66742821	1474
66742981	1474
66743129	1474
66743290	1474
66743449	1474
66743657	1474
66743817	1474
67541283	1474
67541449	1474
67541610	1474
67541863	1474
67542094	1474
67542285	1474
67542448	1474
67542582	1474
67542741	1474
67542874	1474
67543033	1474
67543194	1474
67543370	1474
67543577	1474
67543750	1474
67543911	1474
67544073	1474
67544233	1474
68610713	1474
68610835	1474
68610953	1474
68611070	1474
68611191	1474
68611477	1474
68611625	1474
68611730	1474
68611825	1474
68611918	1474
68612035	1474
68612159	1474
68612275	1474
68612392	1474
68612486	1474
68612603	1474
68612730	1474
68612849	1474
69407880	1474
69408027	1474
69408149	1474
69408245	1474
69408368	1474
69408677	1474
69408821	1474
69408956	1474
69409046	1474
69409142	1474
69409258	1474
69409381	1474
69409504	1474
69409643	1474
69409781	1474
69409903	1474
69410103	1474
69410214	1474
70211104	1474
70211233	1474
70211360	1474
70211712	1474
70211931	1474
70212077	1474
70212192	1474
70212313	1474
70212412	1474
70212535	1474
70212659	1474
70212782	1474
70212931	1474
70213044	1474
70213193	1474
70213315	1474
70213456	1474
70213579	1474
71014254	1474
71014353	1474
71014472	1474
71014590	1474
71014716	1474
71014948	1474
71015050	1474
71015171	1474
71015308	1474
71015470	1474
71015598	1474
71015728	1474
71015848	1474
71015965	1474
71016058	1474
71016177	1474
71016310	1474
71016428	1474
71807939	1474
71808059	1474
71808151	1474
71808244	1474
71808337	1474
71808460	1474
71808575	1474
71808690	1474
71808807	1474
71808900	1474
71809018	1474
71809135	1474
71809252	1474
71809342	1474
71809434	1474
71809562	1474
71809681	1474
71809797	1474
72608421	1474
72608547	1474
72608683	1474
72608832	1474
72608990	1474
72609126	1474
72609398	1474
72609527	1474
72609654	1474
72609777	1474
72609901	1474
72610022	1474
72610146	1474
72610267	1474
72610365	1474
72610463	1474
72610585	1474
72610725	1474
73408992	1474
73409128	1474
73409251	1474
73409373	1474
73409471	1474
73409595	1474
73409716	1474
73409848	1474
73409973	1474
73410071	1474
73410169	1474
73410292	1474
73410413	1474
73410535	1474
73410632	1474
73410729	1474
73410962	1474
73411063	1474
74208694	1474
74208841	1474
74208961	1474
74209094	1474
74209235	1474
74209363	1474
74209604	1474
74209695	1474
74209815	1474
74209935	1474
74210064	1474
74210188	1474
74210309	1474
74210404	1474
74210499	1474
74210595	1474
74210712	1474
75009361	1474
75009496	1474
75009615	1474
75009707	1474
75009824	1474
75010135	1474
75010457	1474
75010587	1474
75010737	1474
75010860	1474
75010982	1474
75011104	1474
75011224	1474
75011360	1474
75011567	1474
75011700	1474
75011975	1474
75012101	1474
75809342	1474
75809467	1474
75809604	1474
75809721	1474
75809819	1474
75809917	1474
75810040	1474
75810161	1474
75810284	1474
75810405	1474
75810542	1474
75810632	1474
75810754	1474
75810878	1474
75810981	1474
75811105	1474
75811219	1474
75811342	1474
76879124	1474
76879230	1474
76879331	1474
76879608	1474
76879880	1474
76879986	1474
76880120	1474
76880246	1474
76880385	1474
76880512	1474
76880637	1474
76880765	1474
76880905	1474
76881006	1474
76881130	1474
76881254	1474
76881352	1474
76881478	1474
77676455	1474
77676582	1474
77676707	1474
77676846	1474
77677104	1474
77677209	1474
77677348	1474
77677481	1474
77677582	1474
77677719	1474
77677818	1474
77677963	1474
77678102	1474
77678226	1474
77678393	1474
77678499	1474
77678652	1474
77678782	1474
78474971	1474
78475297	1474
78475439	1474
78475689	1474
78475981	1474
78476159	1474
78476298	1474
78476543	1474
78476671	1474
78476795	1474
78476929	1474
78477048	1474
78477145	1474
78477241	1474
78477444	1474
78477536	1474
78477660	1474
78477783	1474
79276872	1474
79276981	1474
79277103	1474
79277209	1474
79277305	1474
79277426	1474
79277559	1474
79277700	1474
79277822	1474
79277943	1474
79278068	1474
79278192	1474
79278290	1474
79278413	1474
79278549	1474
79278670	1474
79278806	1474
80081001	1474
80081130	1474
80081224	1474
80081347	1474
80081470	1474
80081621	1474
80081888	1474
80082014	1474
80082134	1474
80082254	1474
80082348	1474
80082470	1474
80082565	1474
80082690	1474
80082841	1474
80082963	1474
80083058	1474
80083176	1474
80880376	1474
80880482	1474
80880622	1474
80880743	1474
80880865	1474
80881004	1474
80881143	1474
80881265	1474
80881387	1474
80881524	1474
80881634	1474
80881756	1474
80881922	1474
80882047	1474
80882173	1474
80882298	1474
80882398	1474
80882521	1474
81678180	1474
81678320	1474
81678485	1474
81678645	1474
81678786	1474
81678947	1474
81679110	1474
81679260	1474
81679423	1474
81679650	1474
81679796	1474
81679959	1474
81680119	1474
81680294	1474
81680455	1474
81680616	1474
81680755	1474
81680917	1474
82477795	1474
82477964	1474
82478145	1474
82478325	1474
82478490	1474
82478632	1474
82478769	1474
82478936	1474
82479098	1474
82479264	1474
82479413	1474
82479605	1474
82479772	1474
82479939	1474
82480106	1474
82480272	1474
82480467	1474
82480634	1474
83280313	1474
83280480	1474
83280650	1474
83280906	1474
83281099	1474
83281344	1474
83281514	1474
83281748	1474
83281886	1474
83282051	1474
83282215	1474
83282377	1474
83282541	1474
83282720	1474
83282883	1474
83283047	1474
83283188	1474
84078307	1474
84078471	1474
84078672	1474
84078926	1474
84079088	1474
84079256	1474
84079419	1474
84079608	1474
84079792	1474
84079959	1474
84080123	1474
84080287	1474
84080451	1474
84080613	1474
84080761	1474
84080927	1474
84081091	1474
84081256	1474
84877681	1474
84877806	1474
84877928	1474
84878062	1474
84878185	1474
84878306	1474
84878507	1474
84878609	1474
84878731	1474
84878850	1474
84878972	1474
84879081	1474
84879204	1474
84879323	1474
84879520	1474
84879641	1474
84879760	1474
84879888	1474
85944422	1474
85944525	1474
85944626	1474
85944816	1474
85945096	1474
85945200	1474
85945397	1474
85945520	1474
85945617	1474
85945737	1474
85945857	1474
85945979	1474
85946073	1474
85946194	1474
85946298	1474
85946422	1474
85946544	1474
85946663	1474
86745711	1474
86745833	1474
86745955	1474
86746075	1474
86746172	1474
86746409	1474
86746549	1474
86746647	1474
86746754	1474
86746851	1474
86746949	1474
86747069	1474
86747164	1474
86747286	1474
86747466	1474
86747607	1474
86747728	1474
86747846	1474
87544980	1474
87545109	1474
87545391	1474
87545521	1474
87545644	1474
87545820	1474
87545945	1474
87546039	1474
87546160	1474
87546277	1474
87546396	1474
87546515	1474
87546634	1474
87546757	1474
87546877	1474
87546973	1474
87547092	1474
88345303	1474
88345553	1474
88345703	1474
88345838	1474
88346063	1474
88346187	1474
88346285	1474
88346405	1474
88346525	1474
88346644	1474
88346764	1474
88346860	1474
88347060	1474
88347155	1474
88347273	1474
88347410	1474
88347597	1474
88347690	1474
89145222	1474
89145321	1474
89145441	1474
89145653	1474
89145826	1474
89145954	1474
89146116	1474
89146253	1474
89146372	1474
89146468	1474
89146584	1474
89146700	1474
89146821	1474
89146937	1474
89147055	1474
89147151	1474
89147282	1474
89147437	1474
89946877	1474
89947001	1474
89947120	1474
89947296	1474
89947463	1474
89947755	1474
89947882	1474
89947982	1474
89948104	1474
89948224	1474
89948345	1474
89948563	1474
89948701	1474
89948818	1474
89948938	1474
89949055	1474
89949149	1474
89949241	1474
90745435	1474
90745535	1474
90745668	1474
90745793	1474
90745912	1474
90746116	1474
90746244	1474
90746367	1474
90746490	1474
90746617	1474
90746740	1474
90746863	1474
90746985	1474
90747107	1474
90747202	1474
90747302	1474
90747422	1474
90747586	1474
91546040	1474
91546275	1474
91546378	1474
91546474	1474
91546594	1474
91546688	1474
91546786	1474
91546920	1474
91547040	1474
91547160	1474
91547280	1474
91547428	1474
91547578	1474
91547700	1474
91547830	1474
91547958	1474
91548079	1474
91548175	1474
92345750	1474
92345871	1474
92345992	1474
92346153	1474
92346376	1474
92346503	1474
92346676	1474
92346799	1474
92346894	1474
92346992	1474
92347126	1474
92347222	1474
92347316	1474
92347466	1474
92347624	1474
92347745	1474
92347871	1474
92347992	1474
93145400	1474
93145529	1474
93145653	1474
93145772	1474
93145897	1474
93146016	1474
93146156	1474
93146294	1474
93146512	1474
93146685	1474
93146817	1474
93146985	1474
93147107	1474
93147239	1474
93147383	1474
93147543	1474
93147669	1474
93147795	1474
94211238	1474
94211507	1474
94211788	1474
94211917	1474
94212060	1474
94212212	1474
94212422	1474
94212574	1474
94212697	1474
94212822	1474
94212944	1474
94213053	1474
94213170	1474
94213301	1474
94213429	1474
94213583	1474
94213704	1474
94213845	1474
95011003	1474
95011317	1474
95011494	1474
95011588	1474
95011705	1474
95011841	1474
95011958	1474
95012052	1474
95012170	1474
95012289	1474
95012406	1474
95012526	1474
95012617	1474
95012743	1474
95012841	1474
95012957	1474
95013078	1474
95013169	1474
95812082	1474
95812318	1474
95812415	1474
95812510	1474
95812632	1474
95812727	1474
95812827	1474
95812920	1474
95813049	1474
95813170	1474
95813262	1474
95813425	1474
95813551	1474
95813670	1474
95813791	1474
95813910	1474
95814046	1474
95814141	1474
96611514	1474
96611766	1474
96612064	1474
96612214	1474
96612341	1474
96612532	1474
96612682	1474
96612782	1474
96612884	1474
96613007	1474
96613114	1474
96613307	1474
96613450	1474
96613575	1474
96613699	1474
96613836	1474
96613951	1474
96614075	1474
97411942	1474
97412190	1474
97412320	1474
97412465	1474
97412591	1474
97412858	1474
97412987	1474
97413119	1474
97413413	1474
97413543	1474
97413644	1474
97413786	1474
97413911	1474
97414040	1474
97414162	1474
97414286	1474
97414392	1474
98211850	1474
98212029	1474
98212146	1474
98212275	1474
98212414	1474
98212699	1474
98212831	1474
98212932	1474
98213059	1474
98213184	1474
98213337	1474
98213440	1474
98213541	1474
98213680	1474
98213826	1474
98213950	1474
98214074	1474
99012331	1474
99012478	1474
99012577	1474
99012702	1474
99012831	1474
99012956	1474
99013054	1474
99013176	1474
99013298	1474
99013394	1474
99013523	1474
99013648	1474
99013744	1474
99013882	1474
99014003	1474
99014126	1474
99014223	1474
99813550	1474
99813726	1474
99813846	1474
99813970	1474
99814103	1474
99814224	1474
99814318	1474
99814414	1474
99814535	1474
99814631	1474
99814752	1474
99814874	1474
99814996	1474
99815107	1474
99815229	1474
99815324	1474
99815489	1474
100612707	1474
100612939	1474
100613064	1474
100613251	1474
100613378	1474
100613503	1474
100613602	1474
100613698	1474
100613820	1474
100613945	1474
100614043	1474
100614136	1474
100614270	1474
100614367	1474
100614488	1474
100614609	1474
100614730	1474
100614851	1474
101413103	1474
101413250	1474
101413351	1474
101413461	1474
101413580	1474
101413698	1474
101413790	1474
101413886	1474
101413981	1474
101414102	1474
101414200	1474
101414322	1474
101414460	1474
101414581	1474
101414677	1474
101414778	1474
102212677	1474
102212851	1474
102212971	1474
102213069	1474
102213188	1474
102213281	1474
102213374	1474
102213468	1474
102213562	1474
102213671	1474
102213790	1474
102213920	1474
102214039	1474
102214158	1474
102214253	1474
102214373	1474
102214488	1474
102214613	1474
103015020	1474
103015118	1474
103015238	1474
103015362	1474
103015620	1474
103015723	1474
103015827	1474
103015949	1474
103016067	1474
103016188	1474
103016382	1474
103016508	1474
103016628	1474
103016721	1474
103016857	1474
103016951	1474
103017070	1474
103017188	1474
103813930	1474
103814191	1474
103814313	1474
103814433	1474
103814550	1474
103814692	1474
103814890	1474
103815009	1474
103815135	1474
103815228	1474
103815322	1474
103815434	1474
103815580	1474
103815702	1474
103815824	1474
103815942	1474
103816036	1474
104616082	1474
104616201	1474
104616325	1474
104616447	1474
104616568	1474
104616814	1474
104617032	1474
104617161	1474
104617279	1474
104617414	1474
104617532	1474
104617648	1474
104617766	1474
104617887	1474
104618007	1474
104618126	1474
104618347	1474
104618446	1474
105415202	1474
105415336	1474
105415508	1474
105415654	1474
105415774	1474
105415899	1474
105416030	1474
105416155	1474
105416279	1474
105416404	1474
105416504	1474
105416622	1474
105416777	1474
105416880	1474
105417012	1474
105417259	1474
105417392	1474
105417568	1474
106215600	1474
106215750	1474
106215872	1474
106216052	1474
106216190	1474
106216320	1474
106216604	1474
106216770	1474
106216902	1474
106217059	1474
106217308	1474
106217405	1474
106217532	1474
106217633	1474
106217764	1474
106217905	1474
106218034	1474
106218160	1474
107014242	1474
107014391	1474
107014606	1474
107014731	1474
107014861	1474
107015015	1474
107015324	1474
107015429	1474
107015598	1474
107015724	1474
107015822	1474
107015955	1474
107016079	1474
107016203	1474
107016323	1474
107016446	1474
107016552	1474
107016673	1474
107816393	1474
107816521	1474
107816644	1474
107816775	1474
107816906	1474
107817269	1474
107817407	1474
107817559	1474
107817796	1474
107817914	1474
107818043	1474
107818153	1474
107818280	1474
107818378	1474
107818501	1474
107818601	1474
108620700	1474
108620826	1474
108620950	1474
108621051	1474
108621180	1474
108621454	1474
108621586	1474
108621711	1474
108621821	1474
108621946	1474
108622046	1474
108622171	1474
108622296	1474
108622404	1474
108622530	1474
108622657	1474
108622779	1474
109418449	1474
109418563	1474
109418687	1474
109418805	1474
109419032	1474
109419161	1474
109419284	1474
109419438	1474
109419581	1474
109419713	1474
109419834	1474
109419967	1474
109420088	1474
109420209	1474
109420329	1474
109420448	1474
109420582	1474
109420702	1474
110215948	1474
110216084	1474
110216209	1474
110216336	1474
110216464	1474
110216737	1474
110216881	1474
110217012	1474
110217229	1474
110217359	1474
110217483	1474
110217608	1474
110217736	1474
110217911	1474
110218125	1474
110218251	1474
110218367	1474
111021485	1474
111021653	1474
111021821	1474
111021992	1474
111022191	1474
111022418	1474
111022735	1474
111022905	1474
111023106	1474
111023272	1474
111023441	1474
111023684	1474
111023857	1474
111024038	1474
111024177	1474
111024342	1474
111024479	1474
111815282	1474
111816028	1474
111816303	1474
111816436	1474
111816563	1474
111816699	1474
111816823	1474
111816961	1474
111817074	1474
111817172	1474
111817324	1474
111817424	1474
111817544	1474
111817666	1474
111817791	1474
111817935	1474
111818057	1474
111818191	1474
112621276	1474
112621421	1474
112621548	1474
112621677	1474
112621830	1474
112622087	1474
112622223	1474
112622346	1474
112622488	1474
112622616	1474
112622716	1474
112622814	1474
112622938	1474
112623083	1474
112623207	1474
112623333	1474
112623531	1474
112623661	1474
113420045	1474
113420157	1474
113420281	1474
113420421	1474
113420539	1474
113420851	1474
113420982	1474
113421110	1474
113421212	1474
113421336	1474
113421461	1474
113421559	1474
113421700	1474
113421843	1474
113421965	1474
113422111	1474
113422240	1474
113422342	1474
114482222	1474
114482573	1474
114482798	1474
114482925	1474
114483186	1474
114483318	1474
114483481	1474
114483609	1474
114483739	1474
114483839	1474
114483976	1474
114484117	1474
114484262	1474
114484385	1474
114484515	1474
114484637	1474
114484734	1474
114484850	1474
115283587	1474
115283741	1474
115283869	1474
115283996	1474
115284106	1474
115284252	1474
115284529	1474
115284660	1474
115284800	1474
115284937	1474
115285060	1474
115285186	1474
115285312	1474
115285437	1474
115285535	1474
115285658	1474
115285755	1474
115285874	1474
116082935	1474
116083119	1474
116083282	1474
116083526	1474
116083911	1474
116084130	1474
116084262	1474
116084402	1474
116084541	1474
116084682	1474
116084801	1474
116084897	1474
116085024	1474
116085140	1474
116085261	1474
116085406	1474
116085551	1474
116622129	1474
116622230	1474
116622354	1474
116622491	1474
116622621	1474
116622771	1474
116623089	1474
116623223	1474
116623591	1474
116623727	1474
116623847	1474
116623970	1474
116624069	1474
116624192	1474
116624291	1474
116624412	1474
116624547	1474
117421007	1474
117421132	1474
117421256	1474
117421377	1474
117421485	1474
117421619	1474
117421910	1474
117422041	1474
117422166	1474
117422288	1474
117422389	1474
117422487	1474
117422610	1474
117422723	1474
117422848	1474
117422995	1474
117423125	1474
118222178	1474
118222311	1474
118222433	1474
118222600	1474
118222708	1474
118222864	1474
118223165	1474
118223310	1474
118223434	1474
118223586	1474
118223724	1474
118223860	1474
118223959	1474
118224081	1474
118224207	1474
118224328	1474
118224426	1474
119018510	1474
119018612	1474
119018734	1474
119018881	1474
119019025	1474
119019168	1474
119019405	1474
119019563	1474
119019687	1474
119019822	1474
119019993	1474
119020130	1474
119020277	1474
119020397	1474
119020492	1474
119020607	1474
119020743	1474
119818372	1474
119818474	1474
119818596	1474
119818717	1474
119818839	1474
119818965	1474
119819110	1474
119819206	1474
119819343	1474
119819673	1474
119819803	1474
119819932	1474
119820075	1474
119820198	1474
119820340	1474
119820438	1474
120618862	1474
120618988	1474
120619107	1474
120619225	1474
120619319	1474
120619520	1474
120619616	1474
120619743	1474
120619863	1474
120619955	1474
120620050	1474
120620168	1474
120620264	1474
120620384	1474
120620516	1474
120620612	1474
120620730	1474
121418285	1474
121418378	1474
121418497	1474
121418752	1474
121418893	1474
121419119	1474
121419247	1474
121419388	1474
121419526	1474
121419648	1474
121419786	1474
121419906	1474
121420027	1474
121420147	1474
121420241	1474
121420333	1474
121420452	1474
121420571	1474
122218468	1474
122218595	1474
122218719	1474
122218818	1474
122218978	1474
122219101	1474
122219223	1474
122219376	1474
122219565	1474
122219715	1474
122219817	1474
122220015	1474
122220131	1474
122220255	1474
122220384	1474
122220507	1474
122220630	1474
123022613	1474
123022783	1474
123022945	1474
123023217	1474
123023435	1474
123023735	1474
123023908	1474
123024081	1474
123024246	1474
123024384	1474
123024567	1474
123024733	1474
123024897	1474
123025068	1474
123025207	1474
123025371	1474
123025535	1474
123025697	1474
123821442	1474
123821619	1474
123821728	1474
123821871	1474
123821991	1474
123822117	1474
123822391	1474
123822520	1474
123822650	1474
123822750	1474
123822883	1474
123823009	1474
123823135	1474
123823257	1474
123823392	1474
123823567	1474
123823692	1474
123823815	1474
124885863	1474
124885962	1474
124886080	1474
124886174	1474
124886292	1474
124886386	1474
124886504	1474
124886635	1474
124886753	1474
124886848	1474
124886939	1474
124887058	1474
124887175	1474
124887292	1474
124887441	1474
124887643	1474
124887741	1474
124887834	1474
125685699	1474
125685810	1474
125685937	1474
125686138	1474
125686246	1474
125686568	1474
125686673	1474
125686774	1474
125686898	1474
125687022	1474
125687165	1474
125687288	1474
125687527	1474
125687633	1474
125687755	1474
125687892	1474
125688018	1474
125688142	1474
126488602	1474
126488731	1474
126488832	1474
126488958	1474
126489111	1474
126489226	1474
126489431	1474
126489553	1474
126489677	1474
126489800	1474
126489943	1474
126490086	1474
126490199	1474
126490325	1474
126490423	1474
126490548	1474
126490674	1474
127288726	1474
127288847	1474
127288967	1474
127289062	1474
127289187	1474
127289404	1474
127289507	1474
127289628	1474
127289747	1474
127289842	1474
127289961	1474
127290055	1474
127290148	1474
127290255	1474
127290349	1474
127290443	1474
127290562	1474
127290681	1474
128086915	1474
128087036	1474
128087154	1474
128087271	1474
128087412	1474
128087589	1474
128087804	1474
128087906	1474
128088027	1474
128088122	1474
128088240	1474
128088359	1474
128088466	1474
128088584	1474
128088701	1474
128088820	1474
128088913	1474
128089006	1474
128888222	1474
128888344	1474
128888438	1474
128888593	1474
128888720	1474
128888915	1474
128889016	1474
128889136	1474
128889229	1474
128889349	1474
128889468	1474
128889595	1474
128889716	1474
128889836	1474
128889931	1474
128890049	1474
128890168	1474
128890286	1474
129688776	1474
129688909	1474
129689029	1474
129689125	1474
129689221	1474
129689371	1474
129689547	1474
129689668	1474
129689762	1474
129689870	1474
129689989	1474
129690109	1474
129690203	1474
129690297	1474
129690390	1474
129690508	1474
129690626	1474
129690719	1474
130488461	1474
130488588	1474
130488707	1474
130488824	1474
130488919	1474
130489153	1474
130489281	1474
130489402	1474
130489523	1474
130489643	1474
130489762	1474
130489880	1474
130489971	1474
130490077	1474
130490172	1474
130490291	1474
130490410	1474
130490504	1474
131285403	1474
131285609	1474
131285798	1474
131285920	1474
131286145	1474
131286260	1474
131286382	1474
131286504	1474
131286598	1474
131286718	1474
131286835	1474
131286932	1474
131287050	1474
131287143	1474
131287277	1474
131287439	1474
131287566	1474
131287689	1474
132089179	1474
132089274	1474
132089392	1474
132089522	1474
132089616	1474
132089710	1474
132089828	1474
132089957	1474
132090075	1474
132090192	1474
132090285	1474
132090410	1474
132090531	1474
132090648	1474
132090765	1474
132090857	1474
132090972	1474
132091088	1474
133153542	1474
133153819	1474
133153935	1474
133154050	1474
133154167	1474
133154282	1474
133154401	1474
133154518	1474
133154637	1474
133154768	1474
133154886	1474
133154978	1474
133155070	1474
133155187	1474
133155302	1474
133155481	1474
133155606	1474
133155705	1474
133955558	1474
133955848	1474
133956056	1474
133956150	1474
133956264	1474
133956384	1474
133956577	1474
133956678	1474
133956798	1474
133956929	1474
133957050	1474
133957166	1474
133957283	1474
133957400	1474
133957519	1474
133957639	1474
133957758	1474
133957850	1474
134752729	1474
134752957	1474
134753094	1474
134753209	1474
134753313	1474
134753485	1474
134753592	1474
134753811	1474
134753909	1474
134754002	1474
134754098	1474
134754189	1474
134754305	1474
134754399	1474
134754520	1474
134754707	1474
134754832	1474
134754951	1474
135556289	1474
135556630	1474
135557822	1474
135559532	1474
135560353	1474
135560899	1474
135561196	1474
135561572	1474
135562186	1474
135562675	1474
135562833	1474
135562952	1474
135563046	1474
135563169	1474
135563295	1474
135563446	1474
135563548	1474
136353765	1474
136353944	1474
136354068	1474
136354189	1474
136354307	1474
136354427	1474
136354633	1474
136354735	1474
136354855	1474
136354974	1474
136355172	1474
136355267	1474
136355405	1474
136355552	1474
136355651	1474
136355774	1474
136355895	1474
137153313	1474
137153522	1474
137153656	1474
137153781	1474
137153902	1474
137154022	1474
137154141	1474
137154262	1474
137154381	1474
137154478	1474
137154595	1474
137154861	1474
137155000	1474
137155204	1474
137155332	1474
137155485	1474
137155645	1474
137954406	1474
137954663	1474
137954784	1474
137954918	1474
137955070	1474
137955173	1474
137955418	1474
137955548	1474
137955677	1474
137955795	1474
137955934	1474
137956060	1474
137956179	1474
137956299	1474
137956422	1474
137956542	1474
137956664	1474
137956759	1474
138753332	1474
138753559	1474
138753684	1474
138753806	1474
138753902	1474
138754022	1474
138754158	1474
138754278	1474
138754375	1474
138754496	1474
138754621	1474
138754718	1474
138754814	1474
138754909	1474
138755006	1474
138755117	1474
138755239	1474
139553787	1474
139554075	1474
139554198	1474
139554335	1474
139554456	1474
139554558	1474
139554790	1474
139554918	1474
139555015	1474
139555135	1474
139555263	1474
139555412	1474
139555578	1474
139555704	1474
139555895	1474
139556023	1474
139556147	1474
139556252	1474
140353821	1474
140354204	1474
140354296	1474
140354407	1474
140354547	1474
140354682	1474
140354816	1474
140354947	1474
140355049	1474
140355174	1474
140355300	1474
140355426	1474
140355778	1474
140355949	1474
140356080	1474
140356188	1474
140356313	1474
140356444	1474
141155252	1474
141155618	1474
141155762	1474
141155891	1474
141155995	1474
141156145	1474
141156272	1474
141156420	1474
141156543	1474
141156777	1474
141156911	1474
141157031	1474
141157155	1474
141157279	1474
141157405	1474
141157531	1474
141157666	1474
141955924	1474
141956113	1474
141956244	1474
141956386	1474
141956512	1474
141956642	1474
141956767	1474
141956921	1474
141957047	1474
141957171	1474
141957276	1474
141957377	1474
141957536	1474
141957639	1474
141957774	1474
141957957	1474
141958091	1474
141958195	1474
142757628	1474
142757745	1474
142757850	1474
142757963	1474
142758081	1474
142758223	1474
142758369	1474
142758646	1474
142758741	1474
142758870	1474
142759006	1474
142759134	1474
142759247	1474
142759359	1474
142759587	1474
142759714	1474
142759849	1474
143556097	1474
143556230	1474
143556378	1474
143556521	1474
143556650	1474
143556881	1474
143557008	1474
143557145	1474
143557279	1474
143557428	1474
143557556	1474
143557728	1474
143557863	1474
143557996	1474
143558108	1474
143558235	1474
143558424	1474
143558555	1474
144358629	1474
144358777	1474
144358924	1474
144359026	1474
144359171	1474
144359486	1474
144359624	1474
144359756	1474
144359901	1474
144360029	1474
144360141	1474
144360269	1474
144360387	1474
144360532	1474
144360674	1474
144360799	1474
144360981	1474
144361086	1474
145159811	1474
145159945	1474
145160058	1474
145160213	1474
145160339	1474
145160467	1474
145160637	1474
145160902	1474
145160996	1474
145161123	1474
145161249	1474
145161395	1474
145161518	1474
145161651	1474
145161781	1474
145161922	1474
145162046	1474
145162182	1474
145957235	1474
145957344	1474
145957469	1474
145957592	1474
145957719	1474
145957999	1474
145958132	1474
145958275	1474
145958402	1474
145958532	1474
145958658	1474
145958783	1474
145958895	1474
145959022	1474
145959160	1474
145959284	1474
145959418	1474
145959592	1474
147023544	1474
147023691	1474
147023790	1474
147023891	1474
147024011	1474
147024103	1474
147024270	1474
147024528	1474
147024643	1474
147024763	1474
147024885	1474
147025047	1474
147025191	1474
147025309	1474
147025421	1474
147025545	1474
147025645	1474
147025771	1474
147821690	1474
147821808	1474
147821929	1474
147822025	1474
147822145	1474
147822265	1474
147822552	1474
147822650	1474
147822770	1474
147822866	1474
147822982	1474
147823100	1474
147823219	1474
147823312	1474
147823418	1474
147823586	1474
147823713	1474
148621812	1474
148621984	1474
148622106	1474
148622224	1474
148622317	1474
148622434	1474
148622535	1474
148622655	1474
148622773	1474
148622890	1474
148623008	1474
148623102	1474
148623195	1474
148623313	1474
148623461	1474
148623570	1474
148623666	1474
148623785	1474
149421867	1474
149422039	1474
149422160	1474
149422280	1474
149422401	1474
149422629	1474
149422763	1474
149422886	1474
149423005	1474
149423125	1474
149423220	1474
149423340	1474
149423528	1474
149423627	1474
149423754	1474
149423873	1474
149423967	1474
149424084	1474
150222394	1474
150222569	1474
150222688	1474
150222806	1474
150222898	1474
150223032	1474
150223151	1474
150223244	1474
150223382	1474
150223544	1474
150223668	1474
150223787	1474
150223905	1474
150224035	1474
150224154	1474
150224271	1474
150224388	1474
151022538	1474
151022826	1474
151022949	1474
151023067	1474
151023172	1474
151023308	1474
151023413	1474
151023549	1474
151023645	1474
151023765	1474
151023859	1474
151023953	1474
151024071	1474
151024206	1474
151024325	1474
151024415	1474
151024512	1474
151024631	1474
151822821	1474
151823130	1474
151823257	1474
151823450	1474
151823569	1474
151823695	1474
151823820	1474
151823946	1474
151824062	1474
151824196	1474
151824329	1474
151824467	1474
151824590	1474
151824730	1474
151824827	1474
151824951	1474
151825072	1474
151825195	1474
152622757	1474
152623070	1474
152623197	1474
152623296	1474
152623432	1474
152623712	1474
152623852	1474
152623951	1474
152624100	1474
152624222	1474
152624343	1474
152624442	1474
152624579	1474
152624684	1474
152624820	1474
152624919	1474
152625042	1474
153423234	1474
153423554	1474
153423716	1474
153423852	1474
153423953	1474
153424078	1474
153424175	1474
153424319	1474
153424443	1474
153424570	1474
153424692	1474
153424846	1474
153424970	1474
153425093	1474
153425209	1474
153425333	1474
153425447	1474
153425580	1474
154222595	1474
154222806	1474
154222948	1474
154223217	1474
154223321	1474
154223516	1474
154223642	1474
154223737	1474
154223858	1474
154223979	1474
154224074	1474
154224172	1474
154224296	1474
154224421	1474
154224559	1474
154224681	1474
154224793	1474
154224889	1474
155023112	1474
155023461	1474
155023649	1474
155023789	1474
155023910	1474
155024192	1474
155024325	1474
155024416	1474
155024538	1474
155024662	1474
155024759	1474
155024859	1474
155024975	1474
155025096	1474
155025252	1474
155025366	1474
155025488	1474
155025630	1474
155823030	1474
155823207	1474
155823411	1474
155823579	1474
155823714	1474
155823865	1474
155824129	1474
155824256	1474
155824381	1474
155824505	1474
155824626	1474
155824746	1474
155824845	1474
155824967	1474
155825107	1474
155825206	1474
155825329	1474
155825455	1474
156624147	1474
156624516	1474
156624609	1474
156624745	1474
156624870	1474
156624985	1474
156625093	1474
156625190	1474
156625326	1474
156625448	1474
156625621	1474
156625724	1474
156625845	1474
156625993	1474
156626111	1474
156626237	1474
156626365	1474
157424283	1474
157424575	1474
157424702	1474
157424833	1474
157424955	1474
157425063	1474
157425197	1474
157425321	1474
157425437	1474
157425558	1474
157425809	1474
157425913	1474
157426038	1474
157426129	1474
157426252	1474
157426376	1474
158223460	1474
158223668	1474
158223837	1474
158224012	1474
158224176	1474
158224333	1474
158224498	1474
158224663	1474
158224800	1474
158224947	1474
158225086	1474
158225250	1474
158225414	1474
158225577	1474
158225740	1474
158225903	1474
158226053	1474
158226217	1474
159023798	1474
159024084	1474
159024277	1474
159024531	1474
159024698	1474
159024836	1474
159025000	1474
159025181	1474
159025343	1474
159025507	1474
159025669	1474
159025806	1474
159025943	1474
159026114	1474
159026278	1474
159026439	1474
159026595	1474
159824531	1474
159824753	1474
159824922	1474
159825059	1474
159825194	1474
159825366	1474
159825536	1474
159825698	1474
159825833	1474
159825995	1474
159826131	1474
159826295	1474
159826473	1474
159826636	1474
159826772	1474
159826934	1474
159827099	1474
159827262	1474
160625085	1474
160625340	1474
160625503	1474
160625705	1474
160625871	1474
160626006	1474
160626168	1474
160626306	1474
160626470	1474
160626612	1474
160626775	1474
160626937	1474
160627100	1474
160627349	1474
160627630	1474
160627869	1474
160628010	1474
161426627	1474
161426803	1474
161426970	1474
161427190	1474
161427460	1474
161427656	1474
161427848	1474
161428041	1474
161428266	1474
161428405	1474
161428565	1474
161428699	1474
161428847	1474
161429007	1474
161429166	1474
161429301	1474
161429459	1474
161429593	1474
162226550	1474
162226715	1474
162226865	1474
162227049	1474
162227268	1474
162227517	1474
162227757	1474
162227907	1474
162228083	1474
162228218	1474
162228355	1474
162228513	1474
162228673	1474
162228807	1474
162228942	1474
162229113	1474
162229293	1474
163025931	1474
163026040	1474
163026185	1474
163026311	1474
163026568	1474
163026699	1474
163026818	1474
163026931	1474
163027057	1474
163027196	1474
163027298	1474
163027482	1474
163027611	1474
163027751	1474
163027878	1474
163028009	1474
163028151	1474
163826188	1474
163826287	1474
163826386	1474
163826504	1474
163826632	1474
163826917	1474
163827049	1474
163827192	1474
163827320	1474
163827649	1474
163827757	1474
163827897	1474
163828050	1474
163828296	1474
163828411	1474
163828524	1474
163828624	1474
163828751	1474
164627471	1474
164627616	1474
164627730	1474
164627833	1474
164627957	1474
164628064	1474
164628168	1474
164628269	1474
164628386	1474
164628511	1474
164628640	1474
164628760	1474
164628860	1474
164628984	1474
164629085	1474
164629207	1474
164629331	1474
164629430	1474
165426113	1474
165426290	1474
165426392	1474
165426514	1474
165426654	1474
165426776	1474
165426901	1474
165427048	1474
165427171	1474
165427295	1474
165427462	1474
165427566	1474
165427690	1474
165427812	1474
165427947	1474
165428084	1474
165428231	1474
166492149	1474
166492300	1474
166492430	1474
166492573	1474
166492701	1474
166492815	1474
166492941	1474
166493096	1474
166493197	1474
166493343	1474
166493468	1474
166493592	1474
166493716	1474
166493840	1474
166494006	1474
166494125	1474
166494254	1474
166494390	1474
167291866	1474
167292060	1474
167292187	1474
167292397	1474
167292680	1474
167292812	1474
167292931	1474
167293057	1474
167293180	1474
167293311	1474
167293438	1474
167293564	1474
167293750	1474
167293880	1474
167293982	1474
167294108	1474
167294233	1474
167294376	1474
168091942	1474
168092117	1474
168092259	1474
168092384	1474
168092528	1474
168092641	1474
168092789	1474
168093054	1474
168093186	1474
168093320	1474
168093474	1474
168093601	1474
168093738	1474
168093863	1474
168093990	1474
168094113	1474
168094232	1474
168892363	1474
168892542	1474
168892702	1474
168892843	1474
168892972	1474
168893101	1474
168893221	1474
168893345	1474
168893445	1474
168893569	1474
168893718	1474
168893843	1474
168893976	1474
168894100	1474
168894230	1474
168894371	1474
168894477	1474
169428947	1474
169429082	1474
169429189	1474
169429315	1474
169429444	1474
169429559	1474
169429681	1474
169429842	1474
169429968	1474
169430068	1474
169430169	1474
169430268	1474
169430391	1474
169430532	1474
169430657	1474
169430770	1474
170227546	1474
170227685	1474
170227831	1474
170227957	1474
170228099	1474
170228375	1474
170228480	1474
170228573	1474
170228696	1474
170228819	1474
170228945	1474
170229085	1474
170229338	1474
170229469	1474
170229649	1474
170229756	1474
170229880	1474
170230012	1474
171027233	1474
171027338	1474
171027535	1474
171027642	1474
171027860	1474
171027967	1474
171028094	1474
171028202	1474
171028303	1474
171028429	1474
171028554	1474
171028654	1474
171028780	1474
171028906	1474
171029030	1474
171029155	1474
171029294	1474
172092571	1474
172092723	1474
172092879	1474
172093010	1474
172093139	1474
172093426	1474
172093571	1474
172093716	1474
172093850	1474
172093996	1474
172094121	1474
172094257	1474
172094353	1474
172094462	1474
172094597	1474
172094723	1474
172094849	1474
172094975	1474
172628176	1474
172628347	1474
172628495	1474
172628658	1474
172628870	1474
172629066	1474
172629308	1474
172629605	1474
172629803	1474
172630010	1474
172630247	1474
172630393	1474
172630575	1474
172630740	1474
172630904	1474
172631067	1474
172631229	1474
173696001	1474
173696186	1474
173696318	1474
173696444	1474
173696596	1474
173696816	1474
173696964	1474
173697095	1474
173697220	1474
173697348	1474
173697464	1474
173697590	1474
173697730	1474
173697882	1474
173698008	1474
173698106	1474
173698231	1474
173698379	1474
174228194	1474
174228321	1474
174228422	1474
174228521	1474
174228622	1474
174228747	1474
174228847	1474
174228977	1474
174229104	1474
174229228	1474
174229354	1474
174229479	1474
174229629	1474
174229933	1474
174230126	1474
174230239	1474
175027608	1474
175027788	1474
175027886	1474
175027980	1474
175028079	1474
175028221	1474
175028346	1474
175028475	1474
175028601	1474
175028735	1474
175028850	1474
175028995	1474
175029117	1474
175029258	1474
175029357	1474
175029455	1474
175029563	1474
175826753	1474
175826935	1474
175827097	1474
175827226	1474
175827401	1474
175827544	1474
175827654	1474
175827777	1474
175827878	1474
175827977	1474
175828081	1474
175828204	1474
175828297	1474
175828436	1474
175828587	1474
175828711	1474
175828839	1474
176627344	1474
176627565	1474
176627698	1474
176627835	1474
176627937	1474
176628037	1474
176628159	1474
176628259	1474
176628382	1474
176628505	1474
176628619	1474
176628742	1474
176628867	1474
176628967	1474
176629089	1474
176629213	1474
176629337	1474
176629435	1474
177428089	1474
177428234	1474
177428326	1474
177428455	1474
177428583	1474
177428719	1474
177428906	1474
177429030	1474
177429168	1474
177429291	1474
177429406	1474
177429550	1474
177429676	1474
177429836	1474
177429957	1474
177430094	1474
178228443	1474
178228553	1474
178228737	1474
178228840	1474
178228960	1474
178229083	1474
178229179	1474
178229320	1474
178229462	1474
178229586	1474
178229715	1474
178229830	1474
178229959	1474
178230098	1474
178230219	1474
178230326	1474
178230454	1474
179027420	1474
179027620	1474
179027754	1474
179027881	1474
179027997	1474
179028129	1474
179028235	1474
179028382	1474
179028501	1474
179028642	1474
179028786	1474
179028908	1474
179029051	1474
179029177	1474
179029302	1474
179029433	1474
179029559	1474
179029699	1474
179831455	1474
179831562	1474
179831704	1474
179831838	1474
179832095	1474
179832241	1474
179832379	1474
179832472	1474
179832593	1474
179832740	1474
179832886	1474
179833010	1474
179833102	1474
179833242	1474
179833364	1474
179833489	1474
179833585	1474
180629486	1474
180629587	1474
180629710	1474
180629809	1474
180629950	1474
180630101	1474
180630199	1474
180630336	1474
180630497	1474
180630596	1474
180630726	1474
180630849	1474
180630990	1474
180631114	1474
180631213	1474
180631312	1474
180631450	1474
181430297	1474
181430486	1474
181430595	1474
181430689	1474
181430812	1474
181430929	1474
181431067	1474
181431190	1474
181431314	1474
181431469	1474
181431600	1474
181431717	1474
181431819	1474
181431946	1474
181432083	1474
181432206	1474
181432417	1474
181432572	1474
182227926	1474
182228191	1474
182228313	1474
182228476	1474
182228602	1474
182228828	1474
182228959	1474
182229076	1474
182229204	1474
182229328	1474
182229469	1474
182229593	1474
182229694	1474
182229833	1474
182229978	1474
182230116	1474
182230240	1474
182230365	1474
183030292	1474
183030411	1474
183030536	1474
183030633	1474
183030742	1474
183030894	1474
183031275	1474
183031385	1474
183031556	1474
183031684	1474
183031833	1474
183031956	1474
183032081	1474
183032195	1474
183032342	1474
183032465	1474
183032586	1474
183032708	1474
183829607	1474
183829730	1474
183829848	1474
183829969	1474
183830096	1474
183830192	1474
183830310	1474
183830404	1474
183830508	1474
183830600	1474
183830716	1474
183830836	1474
183830954	1474
183831046	1474
183831156	1474
183831273	1474
183831408	1474
184898170	1474
184898271	1474
184898398	1474
184898495	1474
184898591	1474
184898786	1474
184898913	1474
184899031	1474
184899127	1474
184899249	1474
184899343	1474
184899535	1474
184899653	1474
184899778	1474
184899902	1474
184900021	1474
184900113	1474
184900230	1474
185697286	1474
185697454	1474
185697637	1474
185697841	1474
185698018	1474
185698180	1474
185698344	1474
185698506	1474
185698689	1474
185698825	1474
185698989	1474
185699149	1474
185699336	1474
185699475	1474
185699707	1474
185699875	1474
185700037	1474
185700200	1474
186498679	1474
186498869	1474
186499034	1474
186499232	1474
186499519	1474
186499671	1474
186499941	1474
186500161	1474
186500320	1474
186500522	1474
186500694	1474
186500878	1474
186501042	1474
186501181	1474
186501342	1474
186501479	1474
186501662	1474
186501847	1474
187299136	1474
187299274	1474
187299435	1474
187299743	1474
187299966	1474
187300144	1474
187300389	1474
187300583	1474
187300754	1474
187300916	1474
187301091	1474
187301253	1474
187301413	1474
187301574	1474
187301734	1474
187301872	1474
187302016	1474
188098753	1474
188098890	1474
188099082	1474
188099287	1474
188099446	1474
188099655	1474
188099843	1474
188100010	1474
188100178	1474
188100339	1474
188100498	1474
188100659	1474
188100819	1474
188100979	1474
188101147	1474
188101309	1474
188101468	1474
188898875	1474
188899038	1474
188899180	1474
188899442	1474
188899692	1474
188899868	1474
188900008	1474
188900146	1474
188900283	1474
188900458	1474
188900617	1474
188900785	1474
188900925	1474
188901087	1474
188901246	1474
188901449	1474
188901613	1474
188901777	1474
189698258	1474
189698422	1474
189698724	1474
189698920	1474
189699196	1474
189699391	1474
189699718	1474
189699887	1474
189700023	1474
189700187	1474
189700442	1474
189700675	1474
189700900	1474
189701068	1474
189701230	1474
189701365	1474
189701501	1474
190501522	1474
190501685	1474
190501890	1474
190502107	1474
190502412	1474
190502620	1474
190502839	1474
190503008	1474
190503171	1474
190503334	1474
190503548	1474
190503727	1474
190503890	1474
190504026	1474
190504186	1474
190504322	1474
190504481	1474
191298849	1474
191299001	1474
191299162	1474
191299322	1474
191299459	1474
191299666	1474
191299834	1474
191300011	1474
191300173	1474
191300352	1474
191300518	1474
191300743	1474
191300940	1474
191301087	1474
191301259	1474
191301418	1474
191301577	1474
192099276	1474
192099415	1474
192099625	1474
192099847	1474
192100067	1474
192100247	1474
192100384	1474
192100543	1474
192100703	1474
192100955	1474
192101175	1474
192101478	1474
192101673	1474
192101961	1474
192102135	1474
192102297	1474
192102477	1474
192102640	1474
192898964	1474
192899144	1474
192899315	1474
192899589	1474
192899803	1474
192899975	1474
192900109	1474
192900256	1474
192900416	1474
192900576	1474
192900710	1474
192900868	1474
192901027	1474
192901186	1474
192901362	1474
192901521	1474
192901694	1474
193698708	1474
193698869	1474
193699029	1474
193699187	1474
193699346	1474
193699562	1474
193699711	1474
193699849	1474
193700009	1474
193700143	1474
193700279	1474
193700440	1474
193700585	1474
193700746	1474
193700908	1474
193701069	1474
193701342	1474
193701532	1474
194501022	1474
194501161	1474
194501322	1474
194501622	1474
194501844	1474
194502028	1474
194502165	1474
194502324	1474
194502484	1474
194502644	1474
194502817	1474
194502976	1474
194503111	1474
194503271	1474
194503431	1474
194503640	1474
194503839	1474
194504002	1474
195298701	1474
195298839	1474
195299013	1474
195299174	1474
195299332	1474
195299468	1474
195299674	1474
195299856	1474
195300155	1474
195300320	1474
195300478	1474
195300636	1474
195300796	1474
195300961	1474
195301094	1474
195301252	1474
196101543	1474
196101707	1474
196101844	1474
196102041	1474
196102275	1474
196102436	1474
196102596	1474
196102754	1474
196102912	1474
196103045	1474
196103231	1474
196103391	1474
196103598	1474
196103738	1474
196103872	1474
196104032	1474
196104227	1474
196104390	1474
196899093	1474
196899237	1474
196899382	1474
196899628	1474
196899824	1474
196900058	1474
196900196	1474
196900339	1474
196900501	1474
196900636	1474
196900797	1474
196900977	1474
196901142	1474
196901280	1474
196901455	1474
196901616	1474
196901778	1474
196901939	1474
197699719	1474
197699885	1474
197700021	1474
197700219	1474
197700437	1474
197700847	1474
197701016	1474
197701205	1474
197701524	1474
197701682	1474
197701884	1474
197702078	1474
197702363	1474
197702534	1474
197702691	1474
197702856	1474
197703018	1474
198500318	1474
198500481	1474
198500617	1474
198500796	1474
198501014	1474
198501247	1474
198501385	1474
198501547	1474
198501691	1474
198501947	1474
198502159	1474
198502451	1474
198502618	1474
198502820	1474
198503009	1474
198503183	1474
198503318	1474
199300197	1474
199300361	1474
199300552	1474
199300770	1474
199301038	1474
199301204	1474
199301364	1474
199301543	1474
199301707	1474
199301878	1474
199302126	1474
199302339	1474
199302544	1474
199302710	1474
199302884	1474
199303046	1474
199303220	1474
199303380	1474
200103945	1474
200104121	1474
200104281	1474
200104523	1474
200104712	1474
200104966	1474
200105139	1474
200105302	1474
200105463	1474
200105622	1474
200105757	1474
200105891	1474
200106063	1474
200106202	1474
200106363	1474
200106500	1474
200106662	1474
200106798	1474
200901199	1474
200901403	1474
200901647	1474
200901789	1474
200901982	1474
200902147	1474
200902325	1474
200902484	1474
200902622	1474
200902756	1474
200902896	1474
200903055	1474
200903224	1474
200903361	1474
200903574	1474
200903738	1474
200903901	1474
201700557	1474
201700724	1474
201700863	1474
201701023	1474
201701162	1474
201701322	1474
201701495	1474
201701657	1474
201701795	1474
201701929	1474
201702069	1474
201702230	1474
201702392	1474
201702565	1474
201702751	1474
201702914	1474
201703082	1474
201703242	1474
202501028	1474
202501165	1474
202501326	1474
202501549	1474
202501777	1474
202502051	1474
202502220	1474
202502356	1474
202502491	1474
202502660	1474
202502824	1474
202502985	1474
202503120	1474
202503254	1474
202503416	1474
202503632	1474
202503816	1474
202503979	1474
203300762	1474
203300944	1474
203301142	1474
203301389	1474
203301609	1474
203302500	1474
203302647	1474
203302999	1474
203303224	1474
203303469	1474
203303655	1474
203303837	1474
203303973	1474
203304110	1474
203304272	1474
203304432	1474
203304566	1474
203304727	1474
204367202	1474
204367367	1474
204367576	1474
204367807	1474
204368170	1474
204368359	1474
204368521	1474
204368682	1474
204368816	1474
204368976	1474
204369123	1474
204369284	1474
204369444	1474
204369578	1474
204369713	1474
204369875	1474
204370043	1474
204370180	1474
205169322	1474
205169485	1474
205169621	1474
205169876	1474
205170065	1474
205170359	1474
205170469	1474
205170571	1474
205170701	1474
205170828	1474
205170956	1474
205171084	1474
205171212	1474
205171382	1474
205171548	1474
205171729	1474
205171894	1474
205172059	1474
205966752	1474
205966887	1474
205967027	1474
205967126	1474
205967262	1474
205967666	1474
205967775	1474
205967928	1474
205968028	1474
205968156	1474
205968280	1474
205968405	1474
205968533	1474
205968660	1474
205968787	1474
205968917	1474
205969044	1474
205969171	1474
206767821	1474
206767941	1474
206768077	1474
206768194	1474
206768291	1474
206768411	1474
206768546	1474
206768688	1474
206768787	1474
206768933	1474
206769055	1474
206769180	1474
206769304	1474
206769405	1474
206769531	1474
206769671	1474
206769800	1474
206769923	1474
207566635	1474
207567091	1474
207567970	1474
207568256	1474
207568420	1474
207568584	1474
207568796	1474
207568963	1474
207569123	1474
207569283	1474
207569442	1474
207569619	1474
207569758	1474
207569933	1474
207570094	1474
207570243	1474
207570406	1474
207570565	1474
208371613	1474
208371741	1474
208371873	1474
208372123	1474
208372400	1474
208372535	1474
208372675	1474
208372802	1474
208372926	1474
208373059	1474
208373160	1474
208373258	1474
208373384	1474
208373482	1474
208373580	1474
208373703	1474
208373827	1474
208373953	1474
209169823	1474
209169949	1474
209170076	1474
209170199	1474
209170337	1474
209170450	1474
209170573	1474
209170696	1474
209170818	1474
209170941	1474
209171066	1474
209171192	1474
209171330	1474
209171488	1474
209171747	1474
209171986	1474
209172132	1474
209970653	1474
209970779	1474
209970903	1474
209971025	1474
209971152	1474
209971435	1474
209971610	1474
209971724	1474
209971823	1474
209971951	1474
209972059	1474
209972193	1474
209972305	1474
209972404	1474
209972515	1474
209972639	1474
209972762	1474
209972886	1474
210771084	1474
210771212	1474
210771337	1474
210771495	1474
210771649	1474
210771785	1474
210771884	1474
210772022	1474
210772144	1474
210772271	1474
210772378	1474
210772478	1474
210772582	1474
210772719	1474
210772844	1474
210772968	1474
210773079	1474
211571668	1474
211571861	1474
211572001	1474
211572164	1474
211572328	1474
211572490	1474
211572673	1474
211572858	1474
211572998	1474
211573164	1474
211573306	1474
211573470	1474
211573610	1474
211573781	1474
211573946	1474
211574085	1474
211574247	1474
211574386	1474
212368544	1474
212368708	1474
212368891	1474
212369153	1474
212369373	1474
212369589	1474
212369754	1474
212369893	1474
212370071	1474
212370233	1474
212370395	1474
212370529	1474
212370691	1474
212370854	1474
212371031	1474
212371166	1474
212371303	1474
212371466	1474
212899819	1474
212900135	1474
212900264	1474
212900391	1474
212900577	1474
212900680	1474
212900975	1474
212901118	1474
212901216	1474
212901329	1474
212901429	1474
212901560	1474
212901685	1474
213700266	1474
213700573	1474
213700703	1474
213700998	1474
213701156	1474
213701456	1474
213701602	1474
213701735	1474
213702028	1474
213702211	1474
213702330	1474
213702464	1474
213702591	1474
213702725	1474
213702834	1474
213702961	1474
213703095	1474
214768359	1474
214768480	1474
214768615	1474
214768735	1474
214768832	1474
214769096	1474
214769224	1474
214769320	1474
214769438	1474
214769565	1474
214769684	1474
214769802	1474
214769920	1474
214770038	1474
214770132	1474
214770226	1474
214770344	1474
215568916	1474
215569012	1474
215569131	1474
215569251	1474
215569372	1474
215569498	1474
215569698	1474
215569829	1474
215569923	1474
215570041	1474
215570136	1474
215570229	1474
215570323	1474
215570417	1474
215570534	1474
215570651	1474
215570782	1474
215570880	1474
216369606	1474
216369874	1474
216370054	1474
216370180	1474
216370412	1474
216370585	1474
216370710	1474
216370887	1474
216371020	1474
216371115	1474
216371233	1474
216371350	1474
216371511	1474
216371633	1474
216371754	1474
216371872	1474
216372004	1474
216372096	1474
217169272	1474
217169397	1474
217169516	1474
217169636	1474
217169754	1474
217169870	1474
217169990	1474
217170082	1474
217170188	1474
217170310	1474
217170429	1474
217170547	1474
217170665	1474
217170784	1474
217170878	1474
217170995	1474
217171120	1474
217171240	1474
217969285	1474
217969409	1474
217969530	1474
217969650	1474
217969769	1474
217969863	1474
217969958	1474
217970052	1474
217970147	1474
217970241	1474
217970375	1474
217970494	1474
217970612	1474
217970706	1474
217970800	1474
217970919	1474
217971038	1474
217971157	1474
218769095	1474
218769191	1474
218769760	1474
218769989	1474
218770117	1474
218770237	1474
218770357	1474
218770452	1474
218770583	1474
218770677	1474
218770770	1474
218770889	1474
218770978	1474
218771096	1474
218771217	1474
218771311	1474
218771467	1474
218771594	1474
219569546	1474
219569700	1474
219569825	1474
219569964	1474
219570089	1474
219570192	1474
219570319	1474
219570466	1474
219570580	1474
219570683	1474
219570809	1474
219570910	1474
219571013	1474
219571139	1474
219571268	1474
219571370	1474
219571674	1474
220369071	1474
220369175	1474
220369297	1474
220369419	1474
220369540	1474
220369663	1474
220369800	1474
220369925	1474
220370022	1474
220370142	1474
220370250	1474
220370373	1474
220370470	1474
220370567	1474
220370690	1474
220370801	1474
220370923	1474
220371019	1474
221169402	1474
221169530	1474
221169654	1474
221169793	1474
221169890	1474
221170156	1474
221170379	1474
221170477	1474
221170603	1474
221170697	1474
221170818	1474
221170912	1474
221171062	1474
221171185	1474
221171305	1474
221171403	1474
221171565	1474
221171660	1474
221969963	1474
221970097	1474
221970211	1474
221970341	1474
221970469	1474
221970605	1474
221970853	1474
221970966	1474
221971071	1474
221971171	1474
221971284	1474
221971424	1474
221971582	1474
221971696	1474
221971787	1474
221971921	1474
221972033	1474
222768137	1474
222768406	1474
222768535	1474
222768655	1474
222768751	1474
222768867	1474
222768958	1474
222769051	1474
222769171	1474
222769292	1474
222769420	1474
222769513	1474
222769633	1474
222769750	1474
222769867	1474
222769961	1474
222770080	1474
222770199	1474
223569688	1474
223569810	1474
223569906	1474
223570044	1474
223570166	1474
223570393	1474
223570504	1474
223570602	1474
223570696	1474
223570792	1474
223570911	1474
223571005	1474
223571124	1474
223571221	1474
223571341	1474
223571510	1474
223571634	1474
223571751	1474
224640996	1474
224641178	1474
224641346	1474
224641509	1474
224641713	1474
224641946	1474
224642115	1474
224642276	1474
224642437	1474
224642573	1474
224642710	1474
224642863	1474
224643022	1474
224643184	1474
224643343	1474
224643560	1474
224643726	1474
224643878	1474
225437823	1474
225437970	1474
225438157	1474
225438343	1474
225438563	1474
225438778	1474
225438949	1474
225439115	1474
225439275	1474
225439437	1474
225439621	1474
225439791	1474
225439965	1474
225440127	1474
225440291	1474
225440450	1474
225440638	1474
226238492	1474
226238656	1474
226238794	1474
226238930	1474
226239093	1474
226239267	1474
226239430	1474
226239645	1474
226239796	1474
226239959	1474
226240130	1474
226240291	1474
226240456	1474
226240615	1474
226240781	1474
226240918	1474
226241079	1474
226241278	1474
227039356	1474
227039583	1474
227039790	1474
227040006	1474
227040211	1474
227040388	1474
227040549	1474
227040735	1474
227040873	1474
227041013	1474
227041173	1474
227041345	1474
227041543	1474
227041710	1474
227041871	1474
227042008	1474
227042148	1474
227042284	1474
227837837	1474
227837976	1474
227838137	1474
227838300	1474
227838460	1474
227838612	1474
227838755	1474
227838916	1474
227839083	1474
227839219	1474
227839381	1474
227839573	1474
227839746	1474
227839881	1474
227840021	1474
227840159	1474
227840297	1474
228638070	1474
228638212	1474
228638373	1474
228638605	1474
228638837	1474
228639093	1474
228639259	1474
228639399	1474
228639646	1474
228639818	1474
228640033	1474
228640199	1474
228640334	1474
228640501	1474
228640671	1474
228640835	1474
228640997	1474
228641158	1474
229440746	1474
229440929	1474
229441066	1474
229441323	1474
229441541	1474
229441774	1474
229441925	1474
229442108	1474
229442248	1474
229442407	1474
229442568	1474
229442727	1474
229442871	1474
229443032	1474
229443191	1474
229443350	1474
229443511	1474
230240188	1474
230240320	1474
230240441	1474
230240560	1474
230240683	1474
230240907	1474
230241035	1474
230241171	1474
230241268	1474
230241459	1474
230241581	1474
230241705	1474
230241828	1474
230241951	1474
230242055	1474
230242178	1474
230242298	1474
231040457	1474
231040581	1474
231040702	1474
231040799	1474
231040899	1474
231041109	1474
231041242	1474
231041365	1474
231041488	1474
231041609	1474
231041729	1474
231041850	1474
231041969	1474
231042065	1474
231042186	1474
231042322	1474
231042420	1474
231570096	1474
231570270	1474
231570405	1474
231570497	1474
231570591	1474
231570711	1474
231570831	1474
231570953	1474
231571074	1474
231571194	1474
231571288	1474
231571474	1474
231571582	1474
231571684	1474
231571878	1474
231571981	1474
232372248	1474
232372425	1474
232372524	1474
232372621	1474
232372744	1474
232372858	1474
232373051	1474
232373183	1474
232373304	1474
232373426	1474
232373559	1474
232373650	1474
232373760	1474
232373848	1474
232373959	1474
232374049	1474
232374159	1474
233170187	1474
233170496	1474
233170612	1474
233170738	1474
233170880	1474
233170997	1474
233171087	1474
233171198	1474
233171307	1474
233171415	1474
233171573	1474
233171663	1474
233171788	1474
233171899	1474
233171986	1474
233172075	1474
233172189	1474
233970261	1474
233970497	1474
233970622	1474
233970746	1474
233970842	1474
233970979	1474
233971100	1474
233971196	1474
233971315	1474
233971508	1474
233971626	1474
233971745	1474
233971864	1474
233971999	1474
233972198	1474
233972328	1474
233972418	1474
233972538	1474
235039275	1474
235039518	1474
235039648	1474
235040022	1474
235040155	1474
235040396	1474
235040502	1474
235040634	1474
235040734	1474
235040859	1474
235040987	1474
235041122	1474
235041234	1474
235041331	1474
235041454	1474
235041557	1474
235041684	1474
235041810	1474
235838578	1474
235838708	1474
235838829	1474
235838954	1474
235839080	1474
235839206	1474
235839390	1474
235839577	1474
235839671	1474
235839795	1474
235839921	1474
235840047	1474
235840145	1474
235840269	1474
235840455	1474
235840573	1474
235840696	1474
235840837	1474
236639674	1474
236639780	1474
236639905	1474
236640005	1474
236640141	1474
236640437	1474
236640552	1474
236640682	1474
236640815	1474
236640941	1474
236641058	1474
236641186	1474
236641306	1474
236641428	1474
236641528	1474
236641650	1474
236641748	1474
236641880	1474
237441441	1474
237441574	1474
237441962	1474
237442118	1474
237442237	1474
237442504	1474
237442624	1474
237442726	1474
237442935	1474
237443061	1474
237443182	1474
237443285	1474
237443410	1474
237443570	1474
237443818	1474
237443950	1474
237444098	1474
237444222	1474
238238834	1474
238238977	1474
238239077	1474
238239177	1474
238239301	1474
238239477	1474
238239618	1474
238239765	1474
238239898	1474
238240001	1474
238240139	1474
238240290	1474
238240407	1474
238240533	1474
238240672	1474
238240795	1474
238240928	1474
239039329	1474
239039455	1474
239039630	1474
239039796	1474
239039927	1474
239040118	1474
239040245	1474
239040376	1474
239040475	1474
239040596	1474
239040690	1474
239040781	1474
239040907	1474
239041004	1474
239041160	1474
239041281	1474
239041425	1474
239041573	1474
239839918	1474
239840045	1474
239840184	1474
239840297	1474
239840432	1474
239840689	1474
239840821	1474
239840933	1474
239841058	1474
239841183	1474
239841324	1474
239841448	1474
239841575	1474
239841698	1474
239841821	1474
239841944	1474
239842066	1474
239842192	1474
240639756	1474
240639901	1474
240640151	1474
240640383	1474
240640536	1474
240640676	1474
240640813	1474
240640976	1474
240641140	1474
240641278	1474
240641453	1474
240641618	1474
240641780	1474
240641947	1474
240642111	1474
240642275	1474
240642452	1474
240642619	1474
241174467	1474
241174729	1474
241174900	1474
241175067	1474
241175209	1474
241175374	1474
241175567	1474
241175713	1474
241175877	1474
241176011	1474
241176174	1474
241176336	1474
241176500	1474
241971947	1474
241972214	1474
241972418	1474
241972652	1474
241972844	1474
241972986	1474
241973151	1474
241973317	1474
241973480	1474
241973648	1474
241973827	1474
241973995	1474
241974158	1474
241974325	1474
241974463	1474
241974607	1474
242774310	1474
242774579	1474
242774748	1474
242774939	1474
242775165	1474
242775362	1474
242775596	1474
242775766	1474
242775940	1474
242776077	1474
242776241	1474
242776406	1474
242776575	1474
242776714	1474
242776884	1474
242777029	1474
242777193	1474
243575023	1474
243575278	1474
243575422	1474
243575662	1474
243575874	1474
243576126	1474
243576297	1474
243576436	1474
243576600	1474
243576763	1474
243576899	1474
243577039	1474
243577189	1474
243577358	1474
243577522	1474
243577684	1474
243577829	1474
243577971	1474
244371811	1474
244372100	1474
244372278	1474
244372536	1474
244372752	1474
244372980	1474
244373143	1474
244373313	1474
244373451	1474
244373589	1474
244373760	1474
244373978	1474
244374207	1474
244374385	1474
244374546	1474
244374707	1474
244374871	1474
245174093	1474
245174332	1474
245174563	1474
245174732	1474
245174894	1474
245175061	1474
245175198	1474
245175364	1474
245175595	1474
245175768	1474
245175930	1474
245176096	1474
245176256	1474
245176443	1474
245176612	1474
245176773	1474
245176935	1474
245974880	1474
245975026	1474
245975199	1474
245975456	1474
245975715	1474
245975891	1474
245976052	1474
245976221	1474
245976357	1474
245976496	1474
245976664	1474
245976828	1474
245976990	1474
245977153	1474
245977317	1474
245977457	1474
245977628	1474
245977793	1474
246774497	1474
246774664	1474
246774863	1474
246775099	1474
246775329	1474
246775543	1474
246775712	1474
246775854	1474
246776018	1474
246776177	1474
246776338	1474
246776473	1474
246776633	1474
246776796	1474
246776968	1474
246777130	1474
246777291	1474
246777452	1474
247840290	1474
247840516	1474
247840678	1474
247840886	1474
247841120	1474
247841294	1474
247841431	1474
247841592	1474
247841727	1474
247841888	1474
247842055	1474
247842248	1474
247842477	1474
247842653	1474
247842816	1474
247842976	1474
247843149	1474
247843286	1474
248639103	1474
248639336	1474
248639543	1474
248639793	1474
248640010	1474
248640167	1474
248640346	1474
248640550	1474
248640689	1474
248640826	1474
248640987	1474
248641148	1474
248641324	1474
248641460	1474
248641624	1474
248641759	1474
248641894	1474
248642053	1474
249439357	1474
249439664	1474
249439836	1474
249440057	1474
249440290	1474
249440473	1474
249440636	1474
249440800	1474
249440937	1474
249441100	1474
249441262	1474
249441436	1474
249441572	1474
249441740	1474
249441931	1474
249442147	1474
249442338	1474
250241213	1474
250241432	1474
250241780	1474
250241974	1474
250242167	1474
250242310	1474
250242451	1474
250242602	1474
250242818	1474
250243035	1474
250243204	1474
250243343	1474
250243590	1474
250243798	1474
250243940	1474
250244102	1474
250244240	1474
250244375	1474
251039724	1474
251040020	1474
251040119	1474
251040213	1474
251040333	1474
251040429	1474
251040525	1474
251040646	1474
251040743	1474
251040871	1474
251040996	1474
251041116	1474
251041240	1474
251041363	1474
251041485	1474
251041620	1474
251041742	1474
251041869	1474
251840045	1474
251840234	1474
251840330	1474
251840451	1474
251840572	1474
251840692	1474
251840812	1474
251840906	1474
251841006	1474
251841160	1474
251841290	1474
251841419	1474
251841548	1474
251841679	1474
251841809	1474
251841941	1474
251842082	1474
251842202	1474
252644039	1474
252644220	1474
252644323	1474
252644497	1474
252644619	1474
252644742	1474
252644862	1474
252644957	1474
252645076	1474
252645171	1474
252645305	1474
252645401	1474
252645498	1474
252645591	1474
252645686	1474
252645805	1474
252645923	1474
252646018	1474
253440402	1474
253440640	1474
253440765	1474
253440886	1474
253440976	1474
253441069	1474
253441190	1474
253441411	1474
253441540	1474
253441640	1474
253441759	1474
253441878	1474
253441975	1474
253442070	1474
253442186	1474
253442304	1474
253442437	1474
253442557	1474
254242200	1474
254242328	1474
254242448	1474
254242545	1474
254242654	1474
254242750	1474
254242846	1474
254242943	1474
254243064	1474
254243186	1474
254243306	1474
254243429	1474
254243620	1474
254243743	1474
254243840	1474
254243962	1474
254244063	1474
254244184	1474
255307665	1474
255307860	1474
255307983	1474
255308099	1474
255308194	1474
255308315	1474
255308436	1474
255308667	1474
255308771	1474
255308910	1474
255309006	1474
255309126	1474
255309247	1474
255309368	1474
255309489	1474
255309585	1474
255309705	1474
255309809	1474
256107978	1474
256108279	1474
256108410	1474
256108505	1474
256108601	1474
256108723	1474
256108955	1474
256109099	1474
256109226	1474
256109347	1474
256109471	1474
256109592	1474
256109714	1474
256109835	1474
256109953	1474
256110089	1474
256110212	1474
256110309	1474
256907601	1474
256907792	1474
256908024	1474
256908138	1474
256908254	1474
256908401	1474
256908603	1474
256908727	1474
256908848	1474
256908969	1474
256909088	1474
256909223	1474
256909320	1474
256909415	1474
256909535	1474
256909632	1474
256909752	1474
257707554	1474
257707711	1474
257707838	1474
257707959	1474
257708078	1474
257708197	1474
257708316	1474
257708449	1474
257708545	1474
257708665	1474
257708784	1474
257708882	1474
257708976	1474
257709095	1474
257709215	1474
257709309	1474
257709443	1474
258508834	1474
258508992	1474
258509082	1474
258509200	1474
258509327	1474
258509453	1474
258509550	1474
258509652	1474
258509757	1474
258509877	1474
258509973	1474
258510092	1474
258510212	1474
258510303	1474
258510433	1474
258510528	1474
258510655	1474
258510774	1474
259307440	1474
259307630	1474
259307726	1474
259307845	1474
259307963	1474
259308080	1474
259308199	1474
259308317	1474
259308434	1474
259308551	1474
259308656	1474
259308773	1474
259308890	1474
259309007	1474
259309124	1474
259309240	1474
259309332	1474
259848197	1474
259848292	1474
259848410	1474
259848529	1474
259848651	1474
259848890	1474
259849016	1474
259849114	1474
259849228	1474
259849321	1474
259849440	1474
259849534	1474
259849652	1474
259849788	1474
259849906	1474
260642414	1474
260642537	1474
260642654	1474
260642746	1474
260642863	1474
260642987	1474
260643082	1474
260643175	1474
260643293	1474
260643408	1474
260643570	1474
260643664	1474
260643781	1474
260643898	1474
260643998	1474
260644119	1474
261447298	1474
261447417	1474
261447579	1474
261447694	1474
261447787	1474
261447999	1474
261448123	1474
261448256	1474
261448372	1474
261448489	1474
261448605	1474
261448721	1474
261448839	1474
261448955	1474
261449072	1474
261449206	1474
261449323	1474
262243181	1474
262243320	1474
262243467	1474
262243766	1474
262243955	1474
262244123	1474
262244257	1474
262244432	1474
262244592	1474
262244727	1474
262244886	1474
262245045	1474
262245205	1474
262245346	1474
262245482	1474
262245616	1474
262245775	1474
262245935	1474
263044771	1474
263044893	1474
263045010	1474
263045129	1474
263045250	1474
263045474	1474
263045612	1474
263045731	1474
263045850	1474
263045939	1474
263046058	1474
263046176	1474
263046269	1474
263046387	1474
263046513	1474
263046632	1474
263046752	1474
263046869	1474
263843653	1474
263843856	1474
263844003	1474
263844162	1474
263844290	1474
263844471	1474
263844775	1474
263844879	1474
263845005	1474
263845154	1474
263845278	1474
263845418	1474
263845552	1474
263845652	1474
263845839	1474
263845967	1474
264643917	1474
264644018	1474
264644140	1474
264644264	1474
264644391	1474
264644520	1474
264644886	1474
264645011	1474
264645123	1474
264645221	1474
264645322	1474
264645447	1474
264645571	1474
264645705	1474
264645828	1474
264645961	1474
264646086	1474
265446792	1474
265446950	1474
265447115	1474
265447372	1474
265447664	1474
265447921	1474
265448104	1474
265448268	1474
265448430	1474
265448592	1474
265448730	1474
265448891	1474
265449071	1474
265449234	1474
265449396	1474
265449533	1474
265449699	1474
265449863	1474
266243842	1474
266243971	1474
266244083	1474
266244173	1474
266244331	1474
266244586	1474
266244692	1474
266244817	1474
266244942	1474
266245068	1474
266245192	1474
266245307	1474
266245431	1474
266245529	1474
266245648	1474
266245768	1474
266245888	1474
266245979	1474
267044302	1474
267044438	1474
267044570	1474
267044663	1474
267044759	1474
267044888	1474
267045009	1474
267045147	1474
267045268	1474
267045414	1474
267045538	1474
267045663	1474
267045785	1474
267045897	1474
267046027	1474
267046124	1474
267046263	1474
267046410	1474
267845021	1474
267845139	1474
267845258	1474
267845379	1474
267845478	1474
267845611	1474
267845817	1474
267845935	1474
267846053	1474
267846147	1474
267846264	1474
267846358	1474
267846476	1474
267846602	1474
267846722	1474
267846812	1474
267846929	1474
268648447	1474
268648542	1474
268648660	1474
268648756	1474
268648880	1474
268649069	1474
268649194	1474
268649312	1474
268649523	1474
268649648	1474
268649778	1474
268649898	1474
268650017	1474
268650135	1474
268650251	1474
268650369	1474
268650486	1474
269443917	1474
269444038	1474
269444163	1474
269444294	1474
269444420	1474
269444549	1474
269444815	1474
269444920	1474
269445058	1474
269445181	1474
269445281	1474
269445398	1474
269445521	1474
269445642	1474
269445764	1474
269445886	1474
269446025	1474
270243986	1474
270244210	1474
270244332	1474
270244482	1474
270244737	1474
270244869	1474
270245024	1474
270245156	1474
270245259	1474
270245382	1474
270245505	1474
270245628	1474
270245728	1474
270245851	1474
270245977	1474
270246100	1474
270246240	1474
271043068	1474
271043288	1474
271043426	1474
271043620	1474
271043872	1474
271044026	1474
271044149	1474
271044281	1474
271044420	1474
271044563	1474
271044660	1474
271044799	1474
271044922	1474
271045060	1474
271045169	1474
271045312	1474
271045412	1474
271045572	1474
271843248	1474
271843511	1474
271843624	1474
271843768	1474
271843905	1474
271844032	1474
271844269	1474
271844390	1474
271844490	1474
271844614	1474
271844708	1474
271844828	1474
271844947	1474
271845088	1474
271845213	1474
271845361	1474
271845502	1474
272642618	1474
272642876	1474
272643074	1474
272643378	1474
272643764	1474
272643957	1474
272644101	1474
272644264	1474
272644428	1474
272644564	1474
272644741	1474
272644903	1474
272645065	1474
272645228	1474
272645389	1474
272645553	1474
272645732	1474
273443263	1474
273443466	1474
273443711	1474
273443988	1474
273444205	1474
273444424	1474
273444587	1474
273444722	1474
273444874	1474
273445047	1474
273445213	1474
273445347	1474
273445510	1474
273445691	1474
273445898	1474
273446036	1474
273446199	1474
273446359	1474
274243243	1474
274243520	1474
274243836	1474
274244065	1474
274244352	1474
274244514	1474
274244654	1474
274244789	1474
274244963	1474
274245103	1474
274245266	1474
274245403	1474
274245562	1474
274245725	1474
274245885	1474
274246035	1474
274246171	1474
274246335	1474
275045525	1474
275045907	1474
275046077	1474
275046288	1474
275046482	1474
275046719	1474
275046883	1474
275047020	1474
275047193	1474
275047332	1474
275047546	1474
275047717	1474
275047852	1474
275047987	1474
275048159	1474
275048323	1474
275048501	1474
275048666	1474
275845732	1474
275846012	1474
275846433	1474
275846655	1474
275846897	1474
275847057	1474
275847218	1474
275847366	1474
275847552	1474
275847722	1474
275847883	1474
275848042	1474
275848183	1474
275848350	1474
275848512	1474
275848671	1474
275848832	1474
276643625	1474
276644072	1474
276644328	1474
276644551	1474
276644809	1474
276644972	1474
276645133	1474
276645291	1474
276645452	1474
276645601	1474
276645758	1474
276645895	1474
276646031	1474
276646190	1474
276646325	1474
276646493	1474
276646655	1474
276646789	1474
277713284	1474
277713415	1474
277713542	1474
277713643	1474
277713767	1474
277714009	1474
277714117	1474
277714231	1474
277714358	1474
277714486	1474
277714613	1474
277714758	1474
277714886	1474
277715032	1474
277715160	1474
277715295	1474
277715420	1474
277715587	1474
278512649	1474
278512777	1474
278512941	1474
278513126	1474
278513244	1474
278513520	1474
278513651	1474
278513800	1474
278513941	1474
278514078	1474
278514204	1474
278514346	1474
278514498	1474
278514639	1474
278514764	1474
278514906	1474
278515007	1474
279044578	1474
279045003	1474
279045157	1474
279045251	1474
279045353	1474
279045463	1474
279045587	1474
279045726	1474
279045859	1474
279045995	1474
279046122	1474
279046225	1474
279046350	1474
279046487	1474
279046612	1474
279046717	1474
279844016	1474
279844327	1474
279844453	1474
279844579	1474
279844703	1474
279844822	1474
279844973	1474
279845075	1474
279845220	1474
279845338	1474
279845440	1474
279845559	1474
279845658	1474
279845773	1474
279845897	1474
279845998	1474
279846099	1474
279846241	1474
280911273	1474
280911745	1474
280911890	1474
280912228	1474
280912418	1474
280912555	1474
280912792	1474
280912921	1474
280913058	1474
280913197	1474
280913320	1474
280913484	1474
280913621	1474
280913760	1474
280913881	1474
280913994	1474
280914147	1474
280914273	1474
281711802	1474
281712146	1474
281712474	1474
281712589	1474
281712761	1474
281712904	1474
281713028	1474
281713171	1474
281713294	1474
281713396	1474
281713516	1474
281713631	1474
281713759	1474
281713881	1474
281714006	1474
281714129	1474
281714275	1474
282512697	1474
282512876	1474
282513003	1474
282513121	1474
282513220	1474
282513368	1474
282513501	1474
282513646	1474
282513786	1474
282513886	1474
282513985	1474
282514110	1474
282514235	1474
282514335	1474
282514435	1474
282514559	1474
282514682	1474
282514832	1474
283312791	1474
283312911	1474
283313020	1474
283313129	1474
283313236	1474
283313344	1474
283313430	1474
283313516	1474
283313623	1474
283313732	1474
283313840	1474
283313965	1474
283314076	1474
283314186	1474
283314295	1474
283314383	1474
283314489	1474
284113996	1474
284114135	1474
284114230	1474
284114352	1474
284114497	1474
284114735	1474
284114845	1474
284114973	1474
284115105	1474
284115208	1474
284115330	1474
284115504	1474
284115636	1474
284115733	1474
284115859	1474
284115991	1474
284116144	1474
284646654	1474
284646778	1474
284646899	1474
284647022	1474
284647121	1474
284647261	1474
284647393	1474
284647528	1474
284647663	1474
284647793	1474
284647917	1474
284648042	1474
284648170	1474
284648349	1474
284648472	1474
284648584	1474
285447181	1474
285447309	1474
285447439	1474
285447609	1474
285447735	1474
285447835	1474
285447950	1474
285448086	1474
285448182	1474
285448309	1474
285448461	1474
285448600	1474
285448722	1474
285448861	1474
285449003	1474
285449125	1474
285449267	1474
285449417	1474
286514118	1474
286514208	1474
286514317	1474
286514403	1474
286514489	1474
286514627	1474
286514832	1474
286514947	1474
286515057	1474
286515145	1474
286515253	1474
286515378	1474
286515532	1474
286515648	1474
286515784	1474
286515906	1474
286516025	1474
286516144	1474
287046600	1474
287046709	1474
287046822	1474
287046963	1474
287047068	1474
287047202	1474
287047315	1474
287047427	1474
287047698	1474
287047797	1474
287047918	1474
287048007	1474
287048109	1474
287048222	1474
287048331	1474
287048455	1474
287048576	1474
288112049	1474
288112206	1474
288112332	1474
288112470	1474
288112589	1474
288112814	1474
288112947	1474
288113074	1474
288113192	1474
288113321	1474
288113421	1474
288113540	1474
288113687	1474
288113811	1474
288113904	1474
288114019	1474
288114150	1474
288114294	1474
288912079	1474
288912493	1474
288912628	1474
288912770	1474
288912866	1474
288913010	1474
288913322	1474
288913430	1474
288913580	1474
288913701	1474
288913797	1474
288913942	1474
288914080	1474
288914190	1474
288914282	1474
288914407	1474
288914530	1474
289712609	1474
289712833	1474
289712985	1474
289713103	1474
289713233	1474
289713518	1474
289713626	1474
289713769	1474
289713923	1474
289714048	1474
289714178	1474
289714301	1474
289714428	1474
289714566	1474
289714691	1474
289714840	1474
289714966	1474
289715082	1474
290512639	1474
290513035	1474
290513148	1474
290513283	1474
290513545	1474
290513683	1474
290513808	1474
290513924	1474
290514021	1474
290514114	1474
290514238	1474
290514376	1474
290514501	1474
290514624	1474
290514717	1474
290514842	1474
290514978	1474
291312492	1474
291312933	1474
291313063	1474
291313186	1474
291313319	1474
291313461	1474
291313614	1474
291313853	1474
291313999	1474
291314158	1474
291314284	1474
291314378	1474
291314500	1474
291314623	1474
291314775	1474
291314914	1474
291315015	1474
292114651	1474
292115164	1474
292115302	1474
292115515	1474
292115619	1474
292115746	1474
292115902	1474
292116071	1474
292116233	1474
292116362	1474
292116491	1474
292116623	1474
292116742	1474
292116874	1474
292117012	1474
292117139	1474
292117263	1474
292914446	1474
292914776	1474
292914907	1474
292915035	1474
292915256	1474
292915413	1474
292915588	1474
292915682	1474
292915809	1474
292915931	1474
292916054	1474
292916196	1474
292916323	1474
292916463	1474
292916589	1474
292916716	1474
292916843	1474
292916972	1474
293713401	1474
293713664	1474
293713959	1474
293714251	1474
293714502	1474
293714634	1474
293714758	1474
293714873	1474
293715015	1474
293715139	1474
293715285	1474
293715414	1474
293715580	1474
293715704	1474
293715826	1474
293715966	1474
293716083	1474
293716198	1474
294513123	1474
294513493	1474
294513634	1474
294513739	1474
294513838	1474
294513972	1474
294514097	1474
294514218	1474
294514351	1474
294514459	1474
294514597	1474
294514738	1474
294514860	1474
294514992	1474
294515114	1474
294515252	1474
294515375	1474
294515648	1474
295313592	1474
295313868	1474
295314249	1474
295314543	1474
295314737	1474
295314872	1474
295315134	1474
295315234	1474
295315373	1474
295315524	1474
295315679	1474
295315829	1474
295315935	1474
295316055	1474
295316183	1474
295316311	1474
295316446	1474
295316569	1474
296113663	1474
296114163	1474
296114522	1474
296114628	1474
296114752	1474
296114900	1474
296115022	1474
296115157	1474
296115281	1474
296115428	1474
296115610	1474
296115745	1474
296115871	1474
296115973	1474
296116084	1474
296116222	1474
296116343	1474
296913719	1474
296913967	1474
296914168	1474
296914333	1474
296914588	1474
296914797	1474
296915006	1474
296915153	1474
296915315	1474
296915532	1474
296915699	1474
296915865	1474
296916042	1474
296916209	1474
296916369	1474
296916532	1474
296916693	1474
296916859	1474
297713977	1474
297714138	1474
297714310	1474
297714435	1474
297714695	1474
297714839	1474
297715198	1474
297715319	1474
297715449	1474
297715613	1474
297715732	1474
297715842	1474
297715955	1474
297716077	1474
297716186	1474
297716297	1474
297716410	1474
298513920	1474
298514076	1474
298514205	1474
298514342	1474
298514511	1474
298514632	1474
298514850	1474
298514977	1474
298515076	1474
298515196	1474
298515303	1474
298515515	1474
298515636	1474
298515761	1474
298515880	1474
298515998	1474
299315644	1474
299315855	1474
299315976	1474
299316071	1474
299316192	1474
299316313	1474
299316441	1474
299316539	1474
299316658	1474
299316753	1474
299316852	1474
299316971	1474
299317068	1474
299317186	1474
299317305	1474
299317433	1474
299317554	1474
300116793	1474
300116977	1474
300117074	1474
300117195	1474
300117314	1474
300117433	1474
300117528	1474
300117630	1474
300117751	1474
300117870	1474
300117990	1474
300118110	1474
300118230	1474
300118351	1474
300118445	1474
300118565	1474
300118674	1474
300118794	1474
300915407	1474
300915620	1474
300915742	1474
300915883	1474
300916004	1474
300916125	1474
300916244	1474
300916365	1474
300916459	1474
300916579	1474
300916674	1474
300916792	1474
300916898	1474
300917018	1474
300917112	1474
300917231	1474
300917326	1474
301715360	1474
301715626	1474
301715723	1474
301715844	1474
301715974	1474
301716095	1474
301716215	1474
301716333	1474
301716455	1474
301716574	1474
301716694	1474
301716788	1474
301716906	1474
301717020	1474
301717141	1474
301717261	1474
301717379	1474
301717499	1474
302514442	1474
302514629	1474
302514725	1474
302514845	1474
302514964	1474
302515083	1474
302515192	1474
302515312	1474
302515521	1474
302515649	1474
302515767	1474
302515887	1474
302516006	1474
302516142	1474
302516264	1474
302516382	1474
302516500	1474
303315178	1474
303315420	1474
303315581	1474
303315671	1474
303315785	1474
303315975	1474
303316101	1474
303316197	1474
303316316	1474
303316411	1474
303316543	1474
303316662	1474
303316780	1474
303316897	1474
303317016	1474
303317110	1474
303317205	1474
304114721	1474
304114904	1474
304114998	1474
304115116	1474
304115233	1474
304115382	1474
304115544	1474
304115779	1474
304115881	1474
304116000	1474
304116116	1474
304116232	1474
304116326	1474
304116418	1474
304116511	1474
304116633	1474
304116728	1474
304915362	1474
304915622	1474
304915713	1474
304915842	1474
304915959	1474
304916054	1474
304916170	1474
304916387	1474
304916515	1474
304916634	1474
304916751	1474
304916859	1474
304916977	1474
304917071	1474
304917188	1474
304917306	1474
304917425	1474
304917543	1474
