5635586	58
5802106	88
5813257	54
5947072	88
5949637	54
7511761	77
7526385	54
7682362	73
7697843	54
7833775	63
7838668	54
7977801	85
7979116	54
8143287	91
8150336	54
8287462	70
8288979	54
8435502	102
8583535	58
8584889	54
8729350	150
8729492	1474
8729617	1474
8730468	1474
8730749	1474
8730859	1474
8731826	1474
8732101	1474
8732242	1474
8733149	1474
8733417	1474
8733555	334
8874382	1474
8874496	1474
8874694	1474
8874812	1474
8874952	1474
8875237	1474
8875373	1474
8876401	1474
8876707	1474
8876935	1474
8877259	1474
8877484	1474
8877753	390
9022831	1474
9023061	1474
9023467	1474
9023771	1474
9024505	1474
9024696	1474
9025310	1474
9025514	1474
9025985	1474
9026205	1474
9026343	1474
9026456	1474
9026557	1474
9026970	1474
9027193	1474
9027310	474
9169797	1474
9170196	1474
9170495	110
9171043	1474
9171385	1474
9171502	1474
9171611	1474
9171738	1474
9171970	1474
9172165	1474
9172327	1474
9172429	1474
9172587	1474
9172880	1474
9173033	362
9173280	1474
9173570	1474
9173767	1474
9173896	1474
9174004	1474
9174158	1474
9174360	1474
9174488	250
9305904	1474
9306226	1474
9306331	1474
9306462	1474
9306682	166
9308700	1474
9308804	1474
9308902	1474
9309006	1474
9309124	166
9309256	1474
9309549	1474
9309790	1474
9309932	1474
9310067	1474
9310175	194
9310315	1474
9310556	82
9310852	1474
9311084	1474
9311243	1474
9311374	138
9311536	1474
9311854	1474
9312057	1474
9312182	138
9312313	1474
9312424	1474
9312693	1474
9312922	138
9313021	1474
9313123	1474
9313256	1474
9313387	138
9447881	1474
9448026	1474
9448148	110
9448837	1474
9449107	1474
9449235	1474
9449361	138
9449837	1474
9450034	1474
9450151	1474
9450251	1474
9450343	1474
9450455	1474
9450583	222
9451667	1474
9451998	82
9452176	1474
9452292	1474
9452501	1474
9452630	1474
9452730	1474
9452832	1474
9453048	1474
9453177	1474
9453379	1474
9453526	306
9453642	1474
9453794	1474
9454031	1474
9454325	1474
9454493	1474
9454659	1474
9454901	1474
9455029	1474
9455266	1474
9455531	1474
9455636	1474
9455751	1474
9455884	1474
9456035	1474
9456349	1474
9456571	474
9614512	1474
9614678	1474
9614782	1474
9615123	1474
9615212	1474
9615448	1474
9616017	222
9616339	1474
9616441	1474
9616538	1474
9616638	1474
9642782	1474
9643107	1474
9643564	1474
9643675	1474
9643780	1474
9643901	1474
9644038	1474
9644173	1474
9644294	1474
9644447	1474
9644571	1474
9644666	1474
9644761	1474
9644881	1474
9644987	1474
9645108	1474
9645230	1474
9645353	1474
9645451	1474
9645589	586
11031498	1474
11035990	1474
11036093	1474
11042356	1474
11042457	1474
11042563	1474
11042741	1474
11051657	1474
11052151	1474
11052625	1474
11052836	1474
11053447	1474
11053691	1474
11067289	1474
11067817	1474
11068238	1474
11068833	1474
11069255	1474
11069483	1474
11069910	1474
11070370	1474
11071597	1474
11071823	1474
11072002	1474
11072334	1474
11092050	1474
11092387	1474
11092642	1474
11092936	1474
11093409	1474
11093649	1474
11094017	1474
11094473	1474
11095068	1474
11095334	1474
11095615	1474
11095918	1474
11096248	1474
11096475	1474
11097013	1474
11097179	1474
11097496	1474
11097792	1474
11098055	1474
11098240	1474
11114412	1474
11115103	1474
11115401	1474
11115853	1474
11118754	1474
11118891	1474
11119023	1474
11119125	1474
11119770	1474
11134196	1474
11134323	1474
11134441	1474
11134556	1474
11135532	1474
11135637	1474
11135764	1474
11135865	1474
11135967	1474
11136093	1474
11147830	1474
11186675	1474
11186933	1474
11187165	1474
11187430	1474
11187593	1474
11187722	1474
11187863	1474
11187962	1474
11188088	1474
11188188	1474
11245629	1474
11245752	1474
11245854	1474
11245955	1474
11246083	1474
11246226	1474
11246328	1474
11246466	1474
11246567	1474
11246669	1474
11288769	1474
11288879	1474
11288983	1474
11289113	1474
11289232	1474
11289353	1474
11289462	1474
11289588	1474
11289712	1474
11289801	1474
11328207	1474
11328498	1474
11328626	1474
11328736	1474
11328848	1474
11328975	1474
11329066	1474
11329180	1474
12039537	1474
12040151	1474
12040422	1474
12040735	1474
12041094	1474
12041404	1474
12041512	1474
12041684	1474
12041788	1474
12041900	1474
12046903	1474
12047457	1474
12090802	1474
12091282	1474
12569501	1474
12569989	1474
12570301	1474
12570857	1474
12570999	1474
12571144	1474
12571400	1474
12571541	1474
12571636	1474
12571759	1474
12571873	1474
12573399	1474
12614438	1474
13106744	1474
13107530	1474
13107787	1474
13108160	1474
13108333	1474
13108492	1474
13108668	1474
13108810	1474
13108947	1474
13109085	1474
13109249	1474
13112399	1474
13148577	1474
13148880	1474
13148986	1474
13901118	1474
13901537	1474
13901642	1474
13901781	1474
13901900	1474
13902146	1474
13902255	1474
13902375	1474
13902472	1474
13902790	1474
13902893	1474
13903001	1474
13944211	1474
13944471	1474
13944598	1474
13944718	1474
13944813	1474
13944938	1474
13945080	1474
13945209	1474
14700929	1474
14701212	1474
14701332	1474
14701580	1474
14701706	1474
14701874	1474
14702052	1474
14702172	1474
14702295	1474
14702556	1474
14702744	1474
14702861	1474
14702957	1474
14739989	1474
14740307	1474
15500365	1474
15500637	1474
15501034	1474
15501243	1474
15501561	1474
15501703	1474
15501841	1474
15502001	1474
15502162	1474
15502324	1474
15502497	1474
15502715	1474
15502882	1474
15539590	1474
15540254	1474
15540434	1474
15540632	1474
15540794	1474
15540930	1474
15541066	1474
15541226	1474
15541371	1474
16300494	1474
16300709	1474
16301073	1474
16301196	1474
16301507	1474
16301617	1474
16301732	1474
16301870	1474
16302059	1474
16302197	1474
16302296	1474
16302426	1474
16302581	1474
16342450	1474
16342746	1474
16342869	1474
17367346	1474
17367714	1474
17367812	1474
17367908	1474
17368001	1474
17368092	1474
17368183	1474
17368303	1474
17368427	1474
17368522	1474
17368640	1474
17368732	1474
17407538	1474
17407762	1474
17407886	1474
17408003	1474
17408096	1474
17408214	1474
17408306	1474
17408407	1474
17408505	1474
18167327	1474
18167693	1474
18167817	1474
18167914	1474
18168034	1474
18168127	1474
18168245	1474
18168363	1474
18168479	1474
18168571	1474
18168664	1474
18168756	1474
18207570	1474
18207727	1474
18207822	1474
18967328	1474
18967617	1474
18967739	1474
18967835	1474
18967926	1474
18968046	1474
18968164	1474
18968257	1474
18968374	1474
18968491	1474
18968618	1474
18968738	1474
18968856	1474
19007675	1474
19007837	1474
19007959	1474
19767095	1474
19767441	1474
19767546	1474
19767760	1474
19767909	1474
19768125	1474
19768265	1474
19768361	1474
19768456	1474
19768573	1474
19768693	1474
19768786	1474
19768904	1474
19769021	1474
19809063	1474
19809209	1474
19809332	1474
19809422	1474
19809515	1474
19809608	1474
19809724	1474
19809816	1474
20568044	1474
20568206	1474
20568446	1474
20568541	1474
20568644	1474
20568864	1474
20568992	1474
20569087	1474
20569205	1474
20569417	1474
20569512	1474
20569606	1474
20569700	1474
20569793	1474
20608506	1474
21367863	1474
21368027	1474
21368113	1474
21368206	1474
21368293	1474
21368517	1474
21368619	1474
21368731	1474
21368818	1474
21369011	1474
21369120	1474
21369203	1474
21369287	1474
21369381	1474
21407213	1474
21407424	1474
21407512	1474
22167303	1474
22167661	1474
22167771	1474
22167870	1474
22168015	1474
22168115	1474
22168256	1474
22168393	1474
22168510	1474
22168612	1474
22168738	1474
22168835	1474
22168959	1474
22208307	1474
22208650	1474
22208777	1474
22208877	1474
22209000	1474
22209100	1474
22209239	1474
22209361	1474
22209460	1474
22967149	1474
22967408	1474
22967534	1474
22967631	1474
22967760	1474
22967857	1474
22967957	1474
22968150	1474
22968279	1474
22968377	1474
22968478	1474
22968576	1474
22968667	1474
22968769	1474
23767614	1474
23767760	1474
23767864	1474
23767962	1474
23768136	1474
23768299	1474
23768529	1474
23768658	1474
23768782	1474
23768907	1474
23769119	1474
23769217	1474
23769314	1474
23769455	1474
23769555	1474
23807510	1474
23807655	1474
24568798	1474
24569153	1474
24569250	1474
24569345	1474
24569472	1474
24569566	1474
24569673	1474
24569769	1474
24569879	1474
24569988	1474
24570112	1474
24570210	1474
24570304	1474
24570425	1474
24612787	1474
24612883	1474
24612993	1474
25366967	1474
25367227	1474
25367353	1474
25367450	1474
25367582	1474
25367679	1474
25367798	1474
25368017	1474
25368145	1474
25368271	1474
25368367	1474
25368596	1474
25368697	1474
25368795	1474
25368890	1474
25409651	1474
25409884	1474
25410011	1474
26167314	1474
26167551	1474
26167674	1474
26167768	1474
26167867	1474
26167985	1474
26168248	1474
26168352	1474
26168469	1474
26168745	1474
26168855	1474
26169008	1474
26169106	1474
26169217	1474
26169341	1474
26208399	1474
26208680	1474
26967074	1474
26967398	1474
26967498	1474
26967631	1474
26967731	1474
26967905	1474
26968028	1474
26968140	1474
26968256	1474
26968379	1474
26968497	1474
26968630	1474
26968755	1474
26968878	1474
27007974	1474
27008289	1474
27008414	1474
27008551	1474
27008650	1474
27008799	1474
27008891	1474
27009009	1474
27769616	1474
27769751	1474
27769883	1474
27770067	1474
27770176	1474
27770701	1474
27770811	1474
27771060	1474
27771203	1474
27771306	1474
27771617	1474
27772075	1474
27772174	1474
27772400	1474
27772505	1474
28567054	1474
28567214	1474
28567355	1474
28567681	1474
28567810	1474
28567947	1474
28568219	1474
28568314	1474
28568421	1474
28568631	1474
28568727	1474
28568848	1474
28568992	1474
28569115	1474
28569227	1474
28569345	1474
28607696	1474
29635190	1474
29635427	1474
29635615	1474
29635716	1474
29635828	1474
29636202	1474
29636307	1474
29636498	1474
29636720	1474
29636847	1474
29636983	1474
29637131	1474
29637226	1474
29637316	1474
29637430	1474
29637528	1474
29675223	1474
30433225	1474
30433740	1474
30433841	1474
30433940	1474
30434059	1474
30434281	1474
30434413	1474
30434841	1474
30434975	1474
30435134	1474
30435251	1474
30435375	1474
30435475	1474
30435568	1474
30435698	1474
30435816	1474
30475188	1474
30475409	1474
31233733	1474
31234041	1474
31234152	1474
31234265	1474
31234383	1474
31234645	1474
31234752	1474
31234889	1474
31234984	1474
31235081	1474
31235196	1474
31235328	1474
31235466	1474
31235612	1474
31235721	1474
31275287	1474
31275586	1474
31276155	1474
32033645	1474
32033918	1474
32034308	1474
32034444	1474
32034748	1474
32034899	1474
32035279	1474
32035405	1474
32035663	1474
32035766	1474
32035882	1474
32035992	1474
32036087	1474
32036227	1474
32036340	1474
32036442	1474
32075234	1474
32075460	1474
32834065	1474
32834201	1474
32834295	1474
32834396	1474
32834498	1474
32835151	1474
32835486	1474
32835635	1474
32835733	1474
32835838	1474
32836339	1474
32836437	1474
32836557	1474
32836679	1474
32836813	1474
32836924	1474
32875381	1474
32875482	1474
33633204	1474
33633672	1474
33633773	1474
33633896	1474
33634160	1474
33634264	1474
33634352	1474
33634481	1474
33634746	1474
33634849	1474
33634973	1474
33635065	1474
33635160	1474
33635285	1474
33635403	1474
33635539	1474
33635643	1474
34433381	1474
34433513	1474
34433633	1474
34433759	1474
34434509	1474
34434863	1474
34435012	1474
34435153	1474
34435409	1474
34435536	1474
34435633	1474
34435743	1474
34435839	1474
34435936	1474
34436031	1474
34436185	1474
34436304	1474
35233496	1474
35233659	1474
35233951	1474
35234051	1474
35234179	1474
35234422	1474
35234610	1474
35234751	1474
35234984	1474
35235108	1474
35235228	1474
35235362	1474
35235481	1474
35235601	1474
35235805	1474
35235945	1474
35236042	1474
36033463	1474
36033764	1474
36033912	1474
36034009	1474
36034107	1474
36034212	1474
36034312	1474
36034616	1474
36034750	1474
36034842	1474
36034991	1474
36035088	1474
36035227	1474
36035337	1474
36035448	1474
36035575	1474
36075925	1474
36833299	1474
36833442	1474
36833743	1474
36833879	1474
36834026	1474
36834311	1474
36834476	1474
36834645	1474
36834849	1474
36835069	1474
36835168	1474
36835271	1474
36835408	1474
36835503	1474
36835622	1474
36835713	1474
36835826	1474
36875124	1474
37634731	1474
37635006	1474
37635107	1474
37635205	1474
37635301	1474
37635401	1474
37635518	1474
37635826	1474
37635956	1474
37636090	1474
37636281	1474
37636433	1474
37636558	1474
37636687	1474
37636811	1474
37636933	1474
37675190	1474
37675458	1474
38433240	1474
38433480	1474
38433599	1474
38433696	1474
38433798	1474
38433912	1474
38434010	1474
38434114	1474
38434236	1474
38434466	1474
38434687	1474
38434794	1474
38434943	1474
38435045	1474
38435157	1474
38435285	1474
38475399	1474
38475573	1474
39235311	1474
39235502	1474
39235715	1474
39235817	1474
39235925	1474
39236051	1474
39236291	1474
39236423	1474
39236739	1474
39236869	1474
39237012	1474
39237150	1474
39237250	1474
39237374	1474
39237471	1474
39237599	1474
39237703	1474
40033527	1474
40033770	1474
40033874	1474
40033971	1474
40034111	1474
40034319	1474
40034487	1474
40034793	1474
40034899	1474
40035000	1474
40035194	1474
40035319	1474
40035411	1474
40035540	1474
40035683	1474
40035805	1474
40035903	1474
40075069	1474
40833550	1474
40833784	1474
40833912	1474
40834015	1474
40834257	1474
40834386	1474
40834711	1474
40834847	1474
40835151	1474
40835284	1474
40835377	1474
40835486	1474
40835606	1474
40835703	1474
40835826	1474
40835937	1474
40836297	1474
40875583	1474
41634325	1474
41634817	1474
41634921	1474
41635044	1474
41635186	1474
41635377	1474
41635507	1474
41635595	1474
41635742	1474
41635857	1474
41635982	1474
41636099	1474
41636196	1474
41636305	1474
41636422	1474
41636518	1474
41636641	1474
42433872	1474
42434091	1474
42434192	1474
42434332	1474
42434859	1474
42435085	1474
42435231	1474
42435329	1474
42435435	1474
42435550	1474
42435692	1474
42435791	1474
42435929	1474
42436067	1474
42436163	1474
42436284	1474
42436411	1474
43233837	1474
43233978	1474
43234190	1474
43234298	1474
43234495	1474
43235150	1474
43235256	1474
43235350	1474
43235472	1474
43235593	1474
43235700	1474
43235795	1474
43235903	1474
43236028	1474
43236151	1474
43236269	1474
43236364	1474
43236503	1474
44036329	1474
44036537	1474
44036697	1474
44036822	1474
44036986	1474
44037138	1474
44037338	1474
44037468	1474
44037715	1474
44037979	1474
44038109	1474
44038908	1474
44039191	1474
44039334	1474
44039456	1474
44039546	1474
44039680	1474
44039801	1474
44835026	1474
44835173	1474
44835473	1474
44835602	1474
44835704	1474
44835820	1474
44836095	1474
44836231	1474
44836398	1474
44836521	1474
44836632	1474
44836747	1474
44836842	1474
44836954	1474
44837075	1474
44837196	1474
44837304	1474
45633249	1474
45633581	1474
45633706	1474
45633811	1474
45633960	1474
45634305	1474
45634486	1474
45634710	1474
45634992	1474
45635120	1474
45635274	1474
45635402	1474
45635509	1474
45635616	1474
45635712	1474
45635815	1474
45635942	1474
46433520	1474
46433806	1474
46433942	1474
46434085	1474
46434191	1474
46434288	1474
46434384	1474
46434508	1474
46434679	1474
46434771	1474
46434894	1474
46434990	1474
46435087	1474
46435183	1474
46435279	1474
46435375	1474
46435483	1474
46474745	1474
47499970	1474
47500355	1474
47500448	1474
47500562	1474
47500658	1474
47500776	1474
47500865	1474
47500956	1474
47501057	1474
47501176	1474
47501270	1474
47501386	1474
47501504	1474
47501593	1474
47501685	1474
47501802	1474
47501897	1474
47539081	1474
48299783	1474
48300066	1474
48300162	1474
48300284	1474
48300457	1474
48300565	1474
48300806	1474
48300934	1474
48301028	1474
48301149	1474
48301241	1474
48301333	1474
48301452	1474
48301572	1474
48301678	1474
48301775	1474
48301867	1474
48301959	1474
49100956	1474
49101116	1474
49101297	1474
49101392	1474
49101513	1474
49101605	1474
49101697	1474
49101817	1474
49101935	1474
49102027	1474
49102144	1474
49102257	1474
49102346	1474
49102439	1474
49102578	1474
49102701	1474
49102825	1474
49900323	1474
49900678	1474
49900774	1474
49900907	1474
49901027	1474
49901123	1474
49901241	1474
49901358	1474
49901448	1474
49901567	1474
49901660	1474
49901752	1474
49901881	1474
49901974	1474
49902067	1474
49902163	1474
49902283	1474
49902375	1474
50699860	1474
50700144	1474
50700238	1474
50700335	1474
50700427	1474
50700558	1474
50700674	1474
50700767	1474
50700861	1474
50700955	1474
50701049	1474
50701167	1474
50701261	1474
50701355	1474
50701472	1474
50701602	1474
50701695	1474
50701813	1474
51500038	1474
51500300	1474
51500424	1474
51500544	1474
51500665	1474
51500868	1474
51500970	1474
51501063	1474
51501168	1474
51501262	1474
51501382	1474
51501475	1474
51501567	1474
51501660	1474
51501802	1474
51501905	1474
51502024	1474
52301744	1474
52301952	1474
52302164	1474
52302265	1474
52302358	1474
52302541	1474
52302710	1474
52302834	1474
52302963	1474
52303056	1474
52303180	1474
52303272	1474
52303364	1474
52303459	1474
52303577	1474
52303670	1474
52303788	1474
53100532	1474
53100815	1474
53100917	1474
53101012	1474
53101106	1474
53101225	1474
53101360	1474
53101455	1474
53101586	1474
53101703	1474
53101820	1474
53101911	1474
53102001	1474
53102116	1474
53102235	1474
53102322	1474
53102413	1474
53901086	1474
53901344	1474
53901437	1474
53901553	1474
53901644	1474
53901732	1474
53901822	1474
53901908	1474
53901998	1474
53902089	1474
53902196	1474
53902313	1474
53902404	1474
53902544	1474
53902709	1474
53902803	1474
53902921	1474
53903012	1474
54699630	1474
54699922	1474
54700047	1474
54700164	1474
54700282	1474
54700400	1474
54700517	1474
54700608	1474
54700699	1474
54700803	1474
54700895	1474
54701013	1474
54701128	1474
54701218	1474
54701311	1474
54701428	1474
54701519	1474
54701610	1474
55499737	1474
55500236	1474
55500354	1474
55500482	1474
55500605	1474
55500734	1474
55500869	1474
55500983	1474
55501081	1474
55501180	1474
55501285	1474
55501393	1474
55501530	1474
55501642	1474
55501764	1474
55501913	1474
55502007	1474
55502110	1474
56300148	1474
56300496	1474
56300634	1474
56300728	1474
56300826	1474
56300952	1474
56301065	1474
56301161	1474
56301272	1474
56301370	1474
56301510	1474
56301624	1474
56301724	1474
56301826	1474
56301965	1474
56302077	1474
56302192	1474
57099919	1474
57100146	1474
57100277	1474
57100375	1474
57100481	1474
57100716	1474
57100848	1474
57100984	1474
57101109	1474
57101207	1474
57101329	1474
57101453	1474
57101564	1474
57101715	1474
57101826	1474
57101933	1474
57102029	1474
57102129	1474
57899804	1474
57900012	1474
57900110	1474
57900243	1474
57900389	1474
57900481	1474
57900623	1474
57900781	1474
57900900	1474
57901019	1474
57901110	1474
57901213	1474
57901334	1474
57901456	1474
57901548	1474
57901668	1474
57901788	1474
58700444	1474
58700630	1474
58700788	1474
58700915	1474
58701080	1474
58701184	1474
58701379	1474
58701480	1474
58701575	1474
58701693	1474
58701786	1474
58701895	1474
58702009	1474
58702102	1474
58702194	1474
58702286	1474
58702403	1474
59500410	1474
59500607	1474
59500727	1474
59500848	1474
59500942	1474
59501060	1474
59501178	1474
59501295	1474
59501415	1474
59501522	1474
59501641	1474
59501733	1474
59501849	1474
59501942	1474
59502058	1474
59502152	1474
59502268	1474
59502387	1474
60302869	1474
60303090	1474
60305435	1474
60305631	1474
60305830	1474
60305934	1474
60306063	1474
60306236	1474
60306336	1474
60306458	1474
60306617	1474
60306737	1474
60306954	1474
60307315	1474
60307459	1474
60307558	1474
60307773	1474
61107123	1474
61107602	1474
61107721	1474
61107988	1474
61108120	1474
61108329	1474
61108458	1474
61108557	1474
61108656	1474
61108782	1474
61108936	1474
61109064	1474
61109186	1474
61109302	1474
61109425	1474
61109530	1474
61109741	1474
61899851	1474
61900015	1474
61900123	1474
61900222	1474
61900319	1474
61900477	1474
61900601	1474
61900703	1474
61900796	1474
61900917	1474
61901010	1474
61901145	1474
61901243	1474
61901375	1474
61901507	1474
61901596	1474
61901693	1474
61901780	1474
62702660	1474
62702875	1474
62702968	1474
62703061	1474
62703196	1474
62703298	1474
62703393	1474
62703513	1474
62703633	1474
62703730	1474
62703830	1474
62703948	1474
62704056	1474
62704222	1474
62704314	1474
62704410	1474
62704659	1474
62704787	1474
63500036	1474
63500302	1474
63500397	1474
63500519	1474
63500607	1474
63500699	1474
63500833	1474
63500953	1474
63501072	1474
63501168	1474
63501267	1474
63501389	1474
63501482	1474
63501600	1474
63501690	1474
63501800	1474
64303890	1474
64304104	1474
64304197	1474
64304319	1474
64304456	1474
64304576	1474
64304699	1474
64304887	1474
64305016	1474
64305560	1474
64305664	1474
64305786	1474
64305905	1474
64306028	1474
64306124	1474
64306219	1474
64306340	1474
65100399	1474
65100685	1474
65100809	1474
65100932	1474
65101074	1474
65101216	1474
65101342	1474
65101443	1474
65101569	1474
65101669	1474
65101786	1474
65101911	1474
65102023	1474
65102124	1474
65102248	1474
65102350	1474
65102449	1474
65900984	1474
65901213	1474
65901312	1474
65901448	1474
65901567	1474
65901769	1474
65902031	1474
65902132	1474
65902255	1474
65902538	1474
65902691	1474
65902816	1474
65902932	1474
65903052	1474
65903144	1474
65903244	1474
65903333	1474
66433598	1474
66433780	1474
66434023	1474
66434128	1474
66434247	1474
66434471	1474
66434635	1474
66434764	1474
66434860	1474
66434982	1474
66435080	1474
66435249	1474
66435436	1474
66435551	1474
66435676	1474
67233633	1474
67233814	1474
67234114	1474
67234245	1474
67234344	1474
67234467	1474
67234782	1474
67234918	1474
67235030	1474
67235143	1474
67235262	1474
67235354	1474
67235475	1474
67235571	1474
67235702	1474
67235814	1474
67235908	1474
68033587	1474
68033865	1474
68033981	1474
68034126	1474
68034249	1474
68034370	1474
68034492	1474
68034661	1474
68034775	1474
68034907	1474
68035030	1474
68035143	1474
68035260	1474
68035353	1474
68035441	1474
68035534	1474
68035631	1474
69100900	1474
69101109	1474
69101213	1474
69101352	1474
69101465	1474
69101603	1474
69101722	1474
69101855	1474
69101953	1474
69102069	1474
69102189	1474
69102310	1474
69102460	1474
69102676	1474
69102819	1474
69102927	1474
69103066	1474
69103186	1474
69634179	1474
69634478	1474
69634699	1474
69634904	1474
69635100	1474
69635345	1474
69635485	1474
69635624	1474
69635761	1474
69635924	1474
69636087	1474
69636224	1474
69636369	1474
69636507	1474
69636645	1474
69636809	1474
70435085	1474
70435433	1474
70435611	1474
70435780	1474
70436003	1474
70436362	1474
70436503	1474
70436669	1474
70436806	1474
70436946	1474
70437081	1474
70437243	1474
70437417	1474
70437581	1474
70437743	1474
70437905	1474
70438041	1474
71234813	1474
71235075	1474
71235312	1474
71235531	1474
71235744	1474
71235880	1474
71236018	1474
71236198	1474
71236362	1474
71236509	1474
71236644	1474
71236778	1474
71236912	1474
71237048	1474
71237181	1474
71237316	1474
71237491	1474
71237625	1474
72034347	1474
72034730	1474
72034960	1474
72035186	1474
72035394	1474
72035547	1474
72035718	1474
72035857	1474
72035992	1474
72036128	1474
72036290	1474
72036460	1474
72036635	1474
72036774	1474
72036911	1474
72037069	1474
72037234	1474
72037373	1474
73099889	1474
73100374	1474
73100543	1474
73100679	1474
73100805	1474
73101046	1474
73101181	1474
73101274	1474
73101369	1474
73101500	1474
73101695	1474
73101784	1474
73101927	1474
73102054	1474
73102180	1474
73102305	1474
73102448	1474
73102667	1474
73900826	1474
73901121	1474
73901296	1474
73901509	1474
73901753	1474
73902037	1474
73902232	1474
73902540	1474
73903225	1474
73903701	1474
73903923	1474
73904062	1474
73904303	1474
73904537	1474
73904781	1474
73905020	1474
73906303	1474
73906416	1474
74700162	1474
74700316	1474
74700426	1474
74700548	1474
74700654	1474
74700746	1474
74700859	1474
74700980	1474
74701104	1474
74701197	1474
74701307	1474
74701404	1474
74701527	1474
74701622	1474
74701731	1474
74701830	1474
74701927	1474
74702052	1474
75502991	1474
75503300	1474
75503396	1474
75503510	1474
75503611	1474
75503734	1474
75503837	1474
75503935	1474
75504064	1474
75504186	1474
75504322	1474
75504466	1474
75504564	1474
75504673	1474
75504927	1474
75505033	1474
75505604	1474
76302847	1474
76303141	1474
76303294	1474
76303420	1474
76303524	1474
76303641	1474
76303900	1474
76304006	1474
76304096	1474
76304197	1474
76304319	1474
76304438	1474
76304538	1474
76304640	1474
76304815	1474
76304921	1474
76305183	1474
76305320	1474
77100560	1474
77100822	1474
77101071	1474
77101207	1474
77101312	1474
77101452	1474
77101761	1474
77101914	1474
77102025	1474
77102151	1474
77102278	1474
77102377	1474
77102502	1474
77102671	1474
77102832	1474
77102966	1474
77103067	1474
77103161	1474
77900581	1474
77900861	1474
77900991	1474
77901089	1474
77901189	1474
77901316	1474
77901587	1474
77901720	1474
77901818	1474
77901958	1474
77902056	1474
77902157	1474
77902259	1474
77902383	1474
77902536	1474
77902688	1474
77902795	1474
77902922	1474
78702105	1474
78702352	1474
78702504	1474
78702678	1474
78702773	1474
78702904	1474
78703020	1474
78703143	1474
78703260	1474
78703383	1474
78703480	1474
78703576	1474
78703676	1474
78703799	1474
78703903	1474
78704002	1474
78704101	1474
78704198	1474
79500295	1474
79500597	1474
79500717	1474
79500838	1474
79500977	1474
79501105	1474
79501235	1474
79501374	1474
79501498	1474
79501594	1474
79501709	1474
79501808	1474
79501935	1474
79502042	1474
79502170	1474
79502297	1474
79502398	1474
79502517	1474
80302210	1474
80302374	1474
80302500	1474
80302665	1474
80302826	1474
80303049	1474
80303149	1474
80303246	1474
80303342	1474
80303452	1474
80303548	1474
80303663	1474
80303772	1474
80303869	1474
80304162	1474
80304276	1474
80304381	1474
81104096	1474
81104325	1474
81104427	1474
81104523	1474
81104615	1474
81104733	1474
81104950	1474
81105241	1474
81105357	1474
81105450	1474
81105567	1474
81105659	1474
81105751	1474
81105866	1474
81105984	1474
81106116	1474
81108162	1474
81900433	1474
81900630	1474
81900777	1474
81900877	1474
81900991	1474
81901172	1474
81901288	1474
81901412	1474
81901511	1474
81901634	1474
81901740	1474
81901854	1474
81901969	1474
81902109	1474
81902239	1474
81902342	1474
81902441	1474
82700311	1474
82700533	1474
82700672	1474
82700801	1474
82700900	1474
82701006	1474
82701256	1474
82701388	1474
82701521	1474
82701651	1474
82701776	1474
82701901	1474
82702041	1474
82702153	1474
82702282	1474
82702391	1474
82702491	1474
82702733	1474
83500499	1474
83500665	1474
83500770	1474
83500890	1474
83500995	1474
83501124	1474
83501431	1474
83501539	1474
83501659	1474
83501763	1474
83501865	1474
83502009	1474
83502111	1474
83502220	1474
83502342	1474
83502444	1474
83502636	1474
83502743	1474
84567284	1474
84567624	1474
84567728	1474
84567826	1474
84567920	1474
84568015	1474
84568164	1474
84568261	1474
84568409	1474
84568511	1474
84568639	1474
84568762	1474
84568884	1474
84568999	1474
84569110	1474
84569205	1474
84569309	1474
84569400	1474
85367179	1474
85367339	1474
85369327	1474
85369629	1474
85369732	1474
85369860	1474
85370004	1474
85370101	1474
85370207	1474
85370366	1474
85370470	1474
85370784	1474
85370920	1474
85371114	1474
85371328	1474
85371455	1474
85371602	1474
85371957	1474
86167698	1474
86167997	1474
86168149	1474
86168247	1474
86168376	1474
86168493	1474
86168614	1474
86168715	1474
86168806	1474
86168901	1474
86169026	1474
86169123	1474
86169220	1474
86169328	1474
86169441	1474
86169533	1474
86169655	1474
86169756	1474
86967189	1474
86967410	1474
86967632	1474
86967727	1474
86967859	1474
86967988	1474
86968116	1474
86968328	1474
86968434	1474
86968576	1474
86968698	1474
86968808	1474
86968932	1474
86969053	1474
86969173	1474
86969284	1474
86969383	1474
87767537	1474
87767830	1474
87767945	1474
87768067	1474
87768160	1474
87768250	1474
87768375	1474
87768497	1474
87768595	1474
87768697	1474
87768796	1474
87768909	1474
87769023	1474
87769139	1474
87769232	1474
87769321	1474
87769440	1474
87769536	1474
88567165	1474
88567443	1474
88567625	1474
88567774	1474
88567886	1474
88568011	1474
88568270	1474
88568404	1474
88568500	1474
88568701	1474
88568832	1474
88568936	1474
88569064	1474
88569161	1474
88569257	1474
88569358	1474
88569483	1474
88569633	1474
89367262	1474
89367409	1474
89367561	1474
89367772	1474
89367908	1474
89368206	1474
89368311	1474
89368439	1474
89368540	1474
89368873	1474
89369069	1474
89369172	1474
89369281	1474
89369417	1474
89369515	1474
89369616	1474
89369721	1474
90167479	1474
90167758	1474
90167907	1474
90168063	1474
90168155	1474
90168276	1474
90168374	1474
90168591	1474
90168802	1474
90168918	1474
90169059	1474
90169338	1474
90169450	1474
90169582	1474
90169684	1474
90169821	1474
90169910	1474
90967731	1474
90967919	1474
90968008	1474
90968119	1474
90968241	1474
90968341	1474
90968468	1474
90968581	1474
90968699	1474
90968802	1474
90968930	1474
90969038	1474
90969138	1474
90969257	1474
90969349	1474
90969439	1474
91767772	1474
91768052	1474
91768174	1474
91768292	1474
91768418	1474
91768513	1474
91768634	1474
91768737	1474
91768844	1474
91768961	1474
91769074	1474
91769198	1474
91769321	1474
91769458	1474
91769574	1474
91769701	1474
91769812	1474
92567323	1474
92567473	1474
92567575	1474
92567669	1474
92567789	1474
92567879	1474
92568011	1474
92568131	1474
92568251	1474
92568370	1474
92568488	1474
92568583	1474
92568680	1474
92568798	1474
92568924	1474
92569043	1474
92569139	1474
92569233	1474
93367419	1474
93367737	1474
93367831	1474
93367979	1474
93368078	1474
93368206	1474
93368323	1474
93368418	1474
93368524	1474
93368659	1474
93368781	1474
93368900	1474
93369004	1474
93369121	1474
93369237	1474
93369332	1474
93369462	1474
93369562	1474
94167264	1474
94167539	1474
94167659	1474
94167772	1474
94167868	1474
94167982	1474
94168107	1474
94168225	1474
94168469	1474
94168577	1474
94168702	1474
94168797	1474
94168903	1474
94169001	1474
94169122	1474
94169241	1474
94169363	1474
94969030	1474
94969360	1474
94969476	1474
94969602	1474
94969730	1474
94969853	1474
94969958	1474
94970048	1474
94970151	1474
94970247	1474
94970370	1474
94970506	1474
94970641	1474
94970775	1474
94970872	1474
94970972	1474
94971083	1474
94971220	1474
95767626	1474
95767776	1474
95767872	1474
95768294	1474
95768421	1474
95768539	1474
95768662	1474
95768750	1474
95768874	1474
95768970	1474
95769127	1474
95769224	1474
95769321	1474
95769417	1474
95769507	1474
95769628	1474
95769716	1474
95769836	1474
96567487	1474
96567910	1474
96568016	1474
96568167	1474
96568299	1474
96568420	1474
96568544	1474
96568650	1474
96568764	1474
96568900	1474
96569025	1474
96569151	1474
96569292	1474
96569389	1474
96569510	1474
96569633	1474
97367698	1474
97367946	1474
97368055	1474
97368175	1474
97368287	1474
97368418	1474
97368514	1474
97368613	1474
97368714	1474
97368830	1474
97368953	1474
97369074	1474
97369204	1474
97369341	1474
97369446	1474
97369547	1474
97369661	1474
97369785	1474
98168701	1474
98168853	1474
98168994	1474
98169139	1474
98169263	1474
98169413	1474
98169513	1474
98169635	1474
98169763	1474
98169861	1474
98169984	1474
98170109	1474
98170208	1474
98170317	1474
98170456	1474
98170593	1474
98170738	1474
98170866	1474
98967956	1474
98968106	1474
98968408	1474
98968553	1474
98968705	1474
98968974	1474
98969085	1474
98969208	1474
98969347	1474
98969493	1474
98969596	1474
98969718	1474
98969841	1474
98969944	1474
98970041	1474
98970146	1474
98970253	1474
98970350	1474
99768396	1474
99768771	1474
99768875	1474
99768987	1474
99769085	1474
99769210	1474
99769309	1474
99769435	1474
99769541	1474
99769667	1474
99769774	1474
99769897	1474
99769994	1474
99770096	1474
99770197	1474
99770310	1474
100568640	1474
100568822	1474
100569170	1474
100569275	1474
100569395	1474
100569520	1474
100569725	1474
100569861	1474
100569984	1474
100570083	1474
100570221	1474
100570348	1474
100570474	1474
100570774	1474
100570893	1474
100570995	1474
100571121	1474
100571239	1474
101367788	1474
101367944	1474
101368058	1474
101368185	1474
101368330	1474
101368453	1474
101368564	1474
101368702	1474
101368812	1474
101368936	1474
101369048	1474
101369171	1474
101369272	1474
101369414	1474
101369551	1474
101369657	1474
101369759	1474
102167613	1474
102167939	1474
102168073	1474
102168203	1474
102168317	1474
102168611	1474
102168716	1474
102168858	1474
102168961	1474
102169061	1474
102169185	1474
102169307	1474
102169432	1474
102169556	1474
102169678	1474
102169817	1474
102169943	1474
102967997	1474
102968217	1474
102968318	1474
102968415	1474
102968539	1474
102968665	1474
102968763	1474
102968887	1474
102969023	1474
102969129	1474
102969243	1474
102969367	1474
102969517	1474
102969642	1474
102969770	1474
102969913	1474
102970039	1474
103767844	1474
103768090	1474
103768224	1474
103768349	1474
103768503	1474
103768630	1474
103768837	1474
103768982	1474
103769104	1474
103769199	1474
103769319	1474
103769418	1474
103769512	1474
103769632	1474
103769729	1474
103769847	1474
103769959	1474
104567966	1474
104568271	1474
104568436	1474
104568647	1474
104568873	1474
104569087	1474
104569230	1474
104569395	1474
104569560	1474
104569699	1474
104569838	1474
104570011	1474
104570178	1474
104570318	1474
104570456	1474
104570596	1474
104570815	1474
105101248	1474
105101438	1474
105101579	1474
105101725	1474
105101846	1474
105101943	1474
105102064	1474
105102170	1474
105102289	1474
105102384	1474
105102533	1474
105102733	1474
105102861	1474
105102981	1474
105103099	1474
105103215	1474
105901609	1474
105901825	1474
105902156	1474
105902384	1474
105902609	1474
105902829	1474
105903025	1474
105903213	1474
105903379	1474
105903540	1474
105903682	1474
105903822	1474
105903960	1474
105904135	1474
105904300	1474
105904442	1474
105904581	1474
106701234	1474
106701370	1474
106701541	1474
106701662	1474
106701763	1474
106701937	1474
106702242	1474
106702341	1474
106702493	1474
106702665	1474
106702770	1474
106702894	1474
106702994	1474
106703092	1474
106703201	1474
106703310	1474
106703434	1474
107502338	1474
107502568	1474
107502811	1474
107503005	1474
107503260	1474
107503494	1474
107503666	1474
107503861	1474
107504002	1474
107504167	1474
107504351	1474
107504488	1474
107504654	1474
107504820	1474
107504960	1474
107505123	1474
107505275	1474
108302729	1474
108302999	1474
108303173	1474
108303445	1474
108303671	1474
108303886	1474
108304028	1474
108304165	1474
108304341	1474
108304484	1474
108304626	1474
108304763	1474
108304930	1474
108305074	1474
108305214	1474
108305366	1474
108305531	1474
109368272	1474
109368576	1474
109368722	1474
109368859	1474
109369047	1474
109369282	1474
109369490	1474
109369747	1474
109369892	1474
109370056	1474
109370220	1474
109370371	1474
109370532	1474
109370723	1474
109370897	1474
109371035	1474
109371204	1474
109371345	1474
110168262	1474
110168463	1474
110168670	1474
110168883	1474
110169024	1474
110169187	1474
110169319	1474
110169471	1474
110169614	1474
110169777	1474
110169915	1474
110170053	1474
110170220	1474
110170361	1474
110170539	1474
110170760	1474
110170935	1474
110171104	1474
110969112	1474
110969391	1474
110969567	1474
110969673	1474
110969788	1474
110969906	1474
110970024	1474
110970111	1474
110970206	1474
110970303	1474
110970406	1474
110970503	1474
110970660	1474
110970777	1474
110970901	1474
110971031	1474
110971155	1474
111768303	1474
111768507	1474
111768800	1474
111769036	1474
111769233	1474
111769461	1474
111769639	1474
111769812	1474
111769975	1474
111770114	1474
111770277	1474
111770418	1474
111770559	1474
111770796	1474
111770972	1474
111771143	1474
111771284	1474
112568412	1474
112568697	1474
112568796	1474
112568890	1474
112569010	1474
112569103	1474
112569196	1474
112569290	1474
112569383	1474
112569475	1474
112569568	1474
112569696	1474
112569792	1474
112569890	1474
112570009	1474
112570103	1474
112570197	1474
112570291	1474
113368118	1474
113368374	1474
113368482	1474
113368608	1474
113368734	1474
113368864	1474
113368968	1474
113369124	1474
113369238	1474
113369361	1474
113369499	1474
113369651	1474
113369774	1474
113369910	1474
113370029	1474
113370130	1474
113370260	1474
113370386	1474
114168394	1474
114168581	1474
114168724	1474
114168888	1474
114169055	1474
114169213	1474
114169353	1474
114169516	1474
114169679	1474
114169814	1474
114169958	1474
114170098	1474
114170234	1474
114170371	1474
114170508	1474
114170697	1474
114170843	1474
114171014	1474
114968384	1474
114968675	1474
114968842	1474
114968979	1474
114969185	1474
114969347	1474
114969529	1474
114969695	1474
114969831	1474
114969966	1474
114970111	1474
114970249	1474
114970413	1474
114970549	1474
114970759	1474
114970902	1474
114971073	1474
114971236	1474
115768382	1474
115768618	1474
115768709	1474
115768799	1474
115768885	1474
115768975	1474
115769113	1474
115769233	1474
115769350	1474
115769441	1474
115769533	1474
115769625	1474
115769719	1474
115769810	1474
115769927	1474
115770019	1474
116568846	1474
116569130	1474
116569224	1474
116569320	1474
116569413	1474
116569504	1474
116569628	1474
116569748	1474
116569866	1474
116569989	1474
116570085	1474
116570192	1474
116570284	1474
116570402	1474
116570544	1474
116570696	1474
116570821	1474
116570913	1474
117368802	1474
117369112	1474
117369209	1474
117369329	1474
117369420	1474
117369536	1474
117369654	1474
117369746	1474
117369863	1474
117369953	1474
117370043	1474
117370135	1474
117370236	1474
117370328	1474
117370420	1474
117370570	1474
117370700	1474
118168957	1474
118169153	1474
118169337	1474
118169521	1474
118169773	1474
118169960	1474
118170134	1474
118170305	1474
118170467	1474
118170602	1474
118170786	1474
118170931	1474
118171066	1474
118171201	1474
118171346	1474
118171483	1474
118171620	1474
118171782	1474
118968256	1474
118968483	1474
118968715	1474
118968998	1474
118969191	1474
118969447	1474
118969588	1474
118969725	1474
118969888	1474
118970024	1474
118970185	1474
118970353	1474
118970515	1474
118970725	1474
118971031	1474
118971173	1474
118971344	1474
119768623	1474
119768784	1474
119768950	1474
119769122	1474
119769249	1474
119769550	1474
119769682	1474
119769803	1474
119770029	1474
119770159	1474
119770276	1474
119770393	1474
119770553	1474
119770716	1474
119770847	1474
119770952	1474
119771068	1474
120568778	1474
120568932	1474
120569063	1474
120569194	1474
120569308	1474
120569635	1474
120569742	1474
120569862	1474
120570012	1474
120570109	1474
120570209	1474
120570333	1474
120570432	1474
120570784	1474
120570916	1474
120571039	1474
120571174	1474
121368837	1474
121368993	1474
121369239	1474
121369365	1474
121369451	1474
121369566	1474
121369714	1474
121369810	1474
121369949	1474
121370046	1474
121370145	1474
121370269	1474
121370389	1474
121370519	1474
121370709	1474
121370834	1474
121370929	1474
122168787	1474
122169034	1474
122169179	1474
122169290	1474
122169411	1474
122169535	1474
122169636	1474
122169824	1474
122169924	1474
122170021	1474
122170120	1474
122170218	1474
122170317	1474
122170444	1474
122170565	1474
122170748	1474
122170898	1474
122171023	1474
122968766	1474
122968915	1474
122969076	1474
122969173	1474
122969263	1474
122969356	1474
122969448	1474
122969543	1474
122969635	1474
122969727	1474
122969876	1474
122969968	1474
122970059	1474
122970175	1474
122970292	1474
122970386	1474
122970492	1474
123768541	1474
123768711	1474
123768838	1474
123768934	1474
123769024	1474
123769117	1474
123769235	1474
123769356	1474
123769477	1474
123769597	1474
123769689	1474
123769782	1474
123769920	1474
123770017	1474
123770132	1474
123770248	1474
123770366	1474
124568983	1474
124569233	1474
124569331	1474
124569422	1474
124569512	1474
124569603	1474
124569697	1474
124569817	1474
124569914	1474
124570033	1474
124570130	1474
124570223	1474
124570315	1474
124570407	1474
124570519	1474
124570671	1474
124570795	1474
125368271	1474
125368538	1474
125368660	1474
125368782	1474
125368876	1474
125368973	1474
125369108	1474
125369204	1474
125369323	1474
125369443	1474
125369536	1474
125369631	1474
125369723	1474
125369816	1474
125369909	1474
125370010	1474
125370105	1474
126168658	1474
126168929	1474
126169024	1474
126169133	1474
126169259	1474
126169351	1474
126169444	1474
126169537	1474
126169631	1474
126169724	1474
126169816	1474
126169908	1474
126170028	1474
126170137	1474
126170231	1474
126170351	1474
126170470	1474
126968365	1474
126968634	1474
126968758	1474
126968876	1474
126968971	1474
126969088	1474
126969191	1474
126969311	1474
126969430	1474
126969549	1474
126969643	1474
126969761	1474
126969855	1474
126969948	1474
126970066	1474
126970159	1474
126970259	1474
126970380	1474
127769810	1474
127769967	1474
127770083	1474
127770184	1474
127770404	1474
127770551	1474
127770705	1474
127770841	1474
127770965	1474
127771065	1474
127771189	1474
127771288	1474
127771421	1474
127771524	1474
127771627	1474
127771751	1474
127771876	1474
127771973	1474
128568864	1474
128569096	1474
128569307	1474
128569461	1474
128569611	1474
128569860	1474
128569966	1474
128570082	1474
128570199	1474
128570325	1474
128570442	1474
128570652	1474
128570798	1474
128570913	1474
128571014	1474
128571138	1474
128571260	1474
129369074	1474
129369363	1474
129369557	1474
129369686	1474
129369786	1474
129369913	1474
129370038	1474
129370163	1474
129370262	1474
129370368	1474
129370596	1474
129370730	1474
129370822	1474
129370920	1474
129371018	1474
129371118	1474
129371240	1474
130168754	1474
130169098	1474
130169202	1474
130169330	1474
130169446	1474
130169631	1474
130169758	1474
130169874	1474
130169997	1474
130170096	1474
130170205	1474
130170317	1474
130170416	1474
130170545	1474
130170743	1474
130170852	1474
130170963	1474
130171061	1474
130969820	1474
130970099	1474
130970224	1474
130970319	1474
130970437	1474
130970587	1474
130970795	1474
130970889	1474
130970982	1474
130971074	1474
130971167	1474
130971262	1474
130971381	1474
130971499	1474
130971591	1474
130971694	1474
131769699	1474
131769991	1474
131770088	1474
131770186	1474
131770310	1474
131770405	1474
131770522	1474
131770668	1474
131770774	1474
131770871	1474
131770962	1474
131771083	1474
131771225	1474
131771320	1474
131771440	1474
131771531	1474
131771625	1474
131771715	1474
132570072	1474
132570320	1474
132570414	1474
132570600	1474
132570729	1474
132570861	1474
132570969	1474
132571062	1474
132571150	1474
132571261	1474
132571363	1474
132571451	1474
132571564	1474
132571663	1474
132571787	1474
132571910	1474
133101652	1474
133101991	1474
133102074	1474
133102167	1474
133102283	1474
133102370	1474
133102457	1474
133102632	1474
133102723	1474
133102839	1474
133102949	1474
133103062	1474
133103168	1474
133103285	1474
133103394	1474
133103478	1474
133103587	1474
134170315	1474
134170678	1474
134170778	1474
134170906	1474
134171017	1474
134171115	1474
134171212	1474
134171333	1474
134171454	1474
134171575	1474
134171674	1474
134171777	1474
134171876	1474
134171980	1474
134172103	1474
134172232	1474
134172351	1474
134172476	1474
134968385	1474
134968547	1474
134968722	1474
134968824	1474
134968918	1474
134969019	1474
134969236	1474
134969340	1474
134969443	1474
134969568	1474
134969689	1474
134969785	1474
134969881	1474
134969977	1474
134970073	1474
134970181	1474
134970303	1474
134970401	1474
135768533	1474
135768825	1474
135768928	1474
135769047	1474
135769152	1474
135769246	1474
135769371	1474
135769484	1474
135769597	1474
135769698	1474
135769798	1474
135769909	1474
135770011	1474
135770104	1474
135770211	1474
135770295	1474
135770400	1474
135770510	1474
136570264	1474
136570643	1474
136570750	1474
136570859	1474
136570998	1474
136571151	1474
136571384	1474
136571498	1474
136571646	1474
136571740	1474
136571837	1474
136572077	1474
136572206	1474
136572339	1474
136572480	1474
136572577	1474
136572692	1474
136572817	1474
137368579	1474
137368894	1474
137369018	1474
137369149	1474
137369275	1474
137369593	1474
137369698	1474
137369795	1474
137369916	1474
137370100	1474
137370194	1474
137370292	1474
137370426	1474
137370644	1474
137370773	1474
137370901	1474
137370999	1474
138167730	1474
138167973	1474
138168152	1474
138168294	1474
138168534	1474
138168643	1474
138168743	1474
138168869	1474
138169094	1474
138169196	1474
138169333	1474
138169429	1474
138169616	1474
138169720	1474
138169843	1474
138169966	1474
138170088	1474
138968645	1474
138968835	1474
138969116	1474
138969242	1474
138969500	1474
138969650	1474
138969777	1474
138969876	1474
138969997	1474
138970090	1474
138970212	1474
138970326	1474
138970449	1474
138970552	1474
138970720	1474
138970844	1474
138970965	1474
139768509	1474
139768833	1474
139768992	1474
139769143	1474
139769265	1474
139769594	1474
139769853	1474
139769983	1474
139770109	1474
139770225	1474
139770323	1474
139770422	1474
139770558	1474
139770811	1474
139770948	1474
139771088	1474
139771185	1474
140301457	1474
140301700	1474
140301842	1474
140301945	1474
140302071	1474
140302215	1474
140302314	1474
140302412	1474
140302564	1474
140302738	1474
140302865	1474
140302968	1474
140303090	1474
140303206	1474
140303310	1474
140303430	1474
141102090	1474
141102249	1474
141102391	1474
141102525	1474
141102692	1474
141102782	1474
141102901	1474
141103023	1474
141103137	1474
141103287	1474
141103381	1474
141103515	1474
141103618	1474
141103727	1474
141103856	1474
141103981	1474
141104110	1474
142168476	1474
142168777	1474
142168907	1474
142169091	1474
142169324	1474
142169424	1474
142169524	1474
142169618	1474
142169706	1474
142169824	1474
142169942	1474
142170125	1474
142170251	1474
142170345	1474
142170438	1474
142170531	1474
142170664	1474
142170801	1474
142970949	1474
142971321	1474
142971458	1474
142971583	1474
142971695	1474
142971805	1474
142971903	1474
142972014	1474
142972106	1474
142972203	1474
142972321	1474
142972421	1474
142972519	1474
142972645	1474
142972747	1474
142972844	1474
142972981	1474
142973103	1474
143768556	1474
143768848	1474
143768950	1474
143769067	1474
143769186	1474
143769293	1474
143769417	1474
143769520	1474
143769616	1474
143769713	1474
143769858	1474
143769950	1474
143770046	1474
143770148	1474
143770293	1474
143770415	1474
143770599	1474
144571867	1474
144572176	1474
144572307	1474
144572407	1474
144572532	1474
144572631	1474
144572777	1474
144572906	1474
144573318	1474
144574023	1474
144574210	1474
144574323	1474
144574462	1474
144574631	1474
144574754	1474
144574899	1474
144574996	1474
144575095	1474
145368621	1474
145368873	1474
145369100	1474
145369230	1474
145369333	1474
145369453	1474
145369552	1474
145369668	1474
145369812	1474
145369934	1474
145370062	1474
145370167	1474
145370313	1474
145370447	1474
145370573	1474
145370822	1474
145370922	1474
145371046	1474
146172147	1474
146172424	1474
146172566	1474
146172696	1474
146172809	1474
146172930	1474
146173115	1474
146173239	1474
146173330	1474
146173461	1474
146173590	1474
146173713	1474
146173833	1474
146173945	1474
146174044	1474
146174145	1474
146970667	1474
146970908	1474
146971253	1474
146971356	1474
146971483	1474
146971625	1474
146971723	1474
146971866	1474
146972140	1474
146972246	1474
146972358	1474
146972481	1474
146972593	1474
146972693	1474
146972817	1474
146972915	1474
146973012	1474
146973112	1474
147768020	1474
147768206	1474
147768326	1474
147768494	1474
147768602	1474
147768950	1474
147769056	1474
147769162	1474
147769279	1474
147769397	1474
147769523	1474
147769646	1474
147769788	1474
147769887	1474
147770012	1474
147770110	1474
147770209	1474
147770308	1474
148572168	1474
148572446	1474
148572596	1474
148572691	1474
148572828	1474
148572953	1474
148573066	1474
148573206	1474
148573332	1474
148573455	1474
148573579	1474
148573692	1474
148573832	1474
148573979	1474
148574079	1474
148574203	1474
148574320	1474
148574443	1474
149370603	1474
149370873	1474
149370980	1474
149371128	1474
149371243	1474
149371379	1474
149371480	1474
149371785	1474
149371931	1474
149372031	1474
149372184	1474
149372286	1474
149372413	1474
149372509	1474
149372633	1474
149372754	1474
149372869	1474
149372969	1474
150172462	1474
150172639	1474
150172880	1474
150173106	1474
150173249	1474
150173406	1474
150173638	1474
150173740	1474
150173866	1474
150173979	1474
150174094	1474
150174196	1474
150174311	1474
150174435	1474
150174573	1474
150174723	1474
150174836	1474
150174971	1474
150968111	1474
150968392	1474
150968527	1474
150968674	1474
150968778	1474
150968897	1474
150968995	1474
150969115	1474
150969267	1474
150969391	1474
150969495	1474
150969634	1474
150969758	1474
150969871	1474
150969980	1474
150970078	1474
150970192	1474
151768284	1474
151768478	1474
151768600	1474
151768727	1474
151768849	1474
151768969	1474
151769093	1474
151769261	1474
151769389	1474
151769513	1474
151769661	1474
151769789	1474
151769917	1474
151770047	1474
151770180	1474
151770327	1474
151770476	1474
152568069	1474
152568403	1474
152568549	1474
152568672	1474
152568775	1474
152568906	1474
152569030	1474
152569164	1474
152569291	1474
152569487	1474
152569581	1474
152569713	1474
152569811	1474
152569951	1474
152570068	1474
152570166	1474
152570268	1474
152570410	1474
153368058	1474
153368323	1474
153368451	1474
153368572	1474
153368667	1474
153368766	1474
153368888	1474
153368983	1474
153369075	1474
153369169	1474
153369264	1474
153369384	1474
153369491	1474
153369585	1474
153369708	1474
153369803	1474
153369924	1474
153370017	1474
154435193	1474
154435339	1474
154435464	1474
154435602	1474
154435724	1474
154435845	1474
154435944	1474
154436065	1474
154436155	1474
154436274	1474
154436370	1474
154436462	1474
154436558	1474
154436684	1474
154436806	1474
154436901	1474
154436997	1474
154437093	1474
154972635	1474
154972811	1474
154972916	1474
154973015	1474
154973158	1474
154973282	1474
154973393	1474
154973491	1474
154973623	1474
154973742	1474
154973839	1474
154973977	1474
154974105	1474
154974231	1474
154974339	1474
154974436	1474
154974660	1474
155768064	1474
155768215	1474
155768353	1474
155768479	1474
155768590	1474
155768699	1474
155768829	1474
155769017	1474
155769114	1474
155769237	1474
155769353	1474
155769449	1474
155769567	1474
155769674	1474
155769781	1474
155769906	1474
155770010	1474
156836093	1474
156836290	1474
156836416	1474
156836542	1474
156836634	1474
156836763	1474
156837091	1474
156837221	1474
156837311	1474
156837434	1474
156837528	1474
156837623	1474
156837724	1474
156837819	1474
156837927	1474
156838052	1474
156838176	1474
156838322	1474
157368270	1474
157368451	1474
157368571	1474
157368667	1474
157368785	1474
157368901	1474
157369032	1474
157369319	1474
157369437	1474
157369539	1474
157369635	1474
157369810	1474
157369936	1474
157370073	1474
157370192	1474
157370288	1474
157370411	1474
158167999	1474
158168156	1474
158168286	1474
158168402	1474
158168529	1474
158168823	1474
158168953	1474
158169041	1474
158169175	1474
158169313	1474
158169425	1474
158169546	1474
158169651	1474
158169744	1474
158169836	1474
158169929	1474
158170061	1474
158968284	1474
158968435	1474
158968634	1474
158968811	1474
158968949	1474
158969094	1474
158969302	1474
158969434	1474
158969695	1474
158969796	1474
158969939	1474
158970078	1474
158970210	1474
158970344	1474
158970463	1474
158970600	1474
158970729	1474
159771865	1474
159772141	1474
159772390	1474
159772493	1474
159773321	1474
159773452	1474
159773550	1474
159773644	1474
159773766	1474
159773891	1474
159774012	1474
159774136	1474
159774234	1474
159774345	1474
159774468	1474
159774661	1474
159774792	1474
160570077	1474
160570294	1474
160570440	1474
160570760	1474
160570897	1474
160571130	1474
160571260	1474
160571351	1474
160571487	1474
160571610	1474
160571786	1474
160571907	1474
160572020	1474
160572125	1474
160572248	1474
160572474	1474
160573158	1474
160573291	1474
161634452	1474
161634723	1474
161634864	1474
161634984	1474
161635171	1474
161635412	1474
161635524	1474
161635655	1474
161635755	1474
161635853	1474
161635949	1474
161636046	1474
161636146	1474
161636244	1474
161636348	1474
161636447	1474
161636551	1474
161636680	1474
162434961	1474
162435355	1474
162435460	1474
162435608	1474
162435920	1474
162436025	1474
162436160	1474
162436281	1474
162436391	1474
162436504	1474
162436622	1474
162436753	1474
162436877	1474
162436974	1474
162437071	1474
162437198	1474
162437320	1474
162968356	1474
162968507	1474
162968734	1474
162968865	1474
162968974	1474
162969099	1474
162969301	1474
162969426	1474
162969549	1474
162969667	1474
162969780	1474
162969880	1474
162969976	1474
162970087	1474
162970209	1474
162970305	1474
163770752	1474
163770909	1474
163771108	1474
163771206	1474
163771364	1474
163771669	1474
163771774	1474
163771885	1474
163772010	1474
163772230	1474
163772331	1474
163772427	1474
163772548	1474
163772693	1474
163772790	1474
163772901	1474
163773023	1474
164568284	1474
164568581	1474
164568696	1474
164568816	1474
164568911	1474
164569017	1474
164569112	1474
164569200	1474
164569321	1474
164569445	1474
164569585	1474
164569727	1474
164569851	1474
164569980	1474
164570102	1474
164570227	1474
164570325	1474
165368164	1474
165368445	1474
165368573	1474
165368687	1474
165368789	1474
165369009	1474
165369154	1474
165369249	1474
165369368	1474
165369490	1474
165369629	1474
165369749	1474
165369860	1474
165369988	1474
165370127	1474
165370250	1474
165370394	1474
166167769	1474
166168074	1474
166168181	1474
166168286	1474
166168403	1474
166168551	1474
166168650	1474
166168767	1474
166168888	1474
166168986	1474
166169114	1474
166169240	1474
166169334	1474
166169429	1474
166169564	1474
166169659	1474
166169777	1474
166169900	1474
166968046	1474
166968436	1474
166968560	1474
166968686	1474
166968807	1474
166968927	1474
166969040	1474
166969144	1474
166969264	1474
166969382	1474
166969499	1474
166969618	1474
166969729	1474
166969845	1474
166969964	1474
166970062	1474
166970159	1474
166970257	1474
167768099	1474
167768320	1474
167768464	1474
167768603	1474
167768741	1474
167768881	1474
167769019	1474
167769160	1474
167769307	1474
167769447	1474
167769591	1474
167769752	1474
167769945	1474
167770084	1474
167770239	1474
167770399	1474
167770541	1474
167770756	1474
168835020	1474
168835246	1474
168835379	1474
168835566	1474
168835693	1474
168835879	1474
168835999	1474
168836122	1474
168836253	1474
168836358	1474
168836503	1474
168836617	1474
168836725	1474
168836849	1474
168836974	1474
168837097	1474
168837222	1474
168837357	1474
169367748	1474
169367968	1474
169368109	1474
169368365	1474
169368570	1474
169368773	1474
169368956	1474
169369146	1474
169369423	1474
169369607	1474
169369768	1474
169369904	1474
169370059	1474
169370196	1474
169370331	1474
169370498	1474
169370713	1474
170168170	1474
170168415	1474
170168671	1474
170168865	1474
170169109	1474
170169246	1474
170169382	1474
170169517	1474
170169660	1474
170169824	1474
170169985	1474
170170120	1474
170170256	1474
170170417	1474
170170552	1474
170170753	1474
170170901	1474
171235004	1474
171235213	1474
171235386	1474
171235595	1474
171235768	1474
171235910	1474
171236077	1474
171236241	1474
171236377	1474
171236538	1474
171236718	1474
171236872	1474
171237035	1474
171237171	1474
171237306	1474
171237442	1474
171237604	1474
171237773	1474
172037720	1474
172037985	1474
172038125	1474
172038265	1474
172038441	1474
172038675	1474
172038923	1474
172039183	1474
172039786	1474
172039957	1474
172040097	1474
172040258	1474
172040460	1474
172040624	1474
172040787	1474
172040960	1474
172041124	1474
172041258	1474
172835642	1474
172835881	1474
172836035	1474
172836224	1474
172836422	1474
172836601	1474
172836767	1474
172836908	1474
172837056	1474
172837216	1474
172837384	1474
172837548	1474
172837690	1474
172837854	1474
172838020	1474
172838172	1474
172838316	1474
172838480	1474
173634853	1474
173635090	1474
173635191	1474
173635303	1474
173635425	1474
173635519	1474
173635616	1474
173635708	1474
173635803	1474
173635897	1474
173635992	1474
173636085	1474
173636209	1474
173636315	1474
173636412	1474
173636505	1474
173636624	1474
173636720	1474
174434507	1474
174434777	1474
174434925	1474
174435145	1474
174435346	1474
174435500	1474
174435666	1474
174435807	1474
174435947	1474
174436109	1474
174436286	1474
174436432	1474
174436596	1474
174436766	1474
174436952	1474
174437095	1474
174437269	1474
175235931	1474
175236107	1474
175236247	1474
175236467	1474
175236607	1474
175236774	1474
175236915	1474
175237055	1474
175237221	1474
175237362	1474
175237541	1474
175237680	1474
175237822	1474
175237964	1474
175238100	1474
175238290	1474
175238472	1474
175238720	1474
176035480	1474
176035673	1474
176035792	1474
176035898	1474
176036020	1474
176036111	1474
176036236	1474
176036373	1474
176036485	1474
176036599	1474
176036704	1474
176036801	1474
176036906	1474
176037105	1474
176037231	1474
176037331	1474
176037516	1474
176037647	1474
176844922	1474
176845092	1474
176845231	1474
176845396	1474
176845541	1474
176845721	1474
176845864	1474
176846004	1474
176846147	1474
176846285	1474
176846430	1474
176846569	1474
176846778	1474
176846957	1474
176847120	1474
176847264	1474
176847401	1474
177634652	1474
177634931	1474
177635071	1474
177635238	1474
177635379	1474
177635540	1474
177635714	1474
177635870	1474
177636035	1474
177636176	1474
177636317	1474
177636456	1474
177636598	1474
177636745	1474
177636887	1474
177637052	1474
177637220	1474
177637359	1474
178434858	1474
178435163	1474
178435325	1474
178435501	1474
178435695	1474
178435925	1474
178436065	1474
178436247	1474
178436386	1474
178436524	1474
178436685	1474
178436854	1474
178437018	1474
178437154	1474
178437314	1474
178437452	1474
178437589	1474
178437726	1474
179234576	1474
179234889	1474
179235105	1474
179235331	1474
179235549	1474
179235789	1474
179235965	1474
179236104	1474
179236240	1474
179236376	1474
179236511	1474
179236648	1474
179236782	1474
179236919	1474
179237095	1474
179237278	1474
179237419	1474
179237556	1474
180301309	1474
180301539	1474
180301728	1474
180302102	1474
180302295	1474
180302558	1474
180302749	1474
180302893	1474
180303057	1474
180303204	1474
180303341	1474
180303477	1474
180303614	1474
180303776	1474
180303913	1474
180304049	1474
180304226	1474
180304389	1474
181104361	1474
181104652	1474
181104828	1474
181105038	1474
181105285	1474
181105630	1474
181105823	1474
181106211	1474
181106412	1474
181106776	1474
181106923	1474
181107089	1474
181107260	1474
181107399	1474
181107563	1474
181107698	1474
181107834	1474
181107996	1474
181901652	1474
181901875	1474
181902028	1474
181902169	1474
181902411	1474
181902675	1474
181902982	1474
181903123	1474
181903268	1474
181903448	1474
181903587	1474
181903759	1474
181903972	1474
181904192	1474
181904366	1474
181904505	1474
181904671	1474
181904810	1474
182700980	1474
182701351	1474
182701481	1474
182701592	1474
182701711	1474
182701804	1474
182702056	1474
182702185	1474
182702308	1474
182702427	1474
182702527	1474
182702712	1474
182702845	1474
182702940	1474
182703061	1474
182703155	1474
182703272	1474
183501283	1474
183501578	1474
183501683	1474
183501803	1474
183501903	1474
183502035	1474
183502147	1474
183502250	1474
183502348	1474
183502472	1474
183502595	1474
183502808	1474
183502935	1474
183503059	1474
183503197	1474
183503296	1474
183503395	1474
183503498	1474
184301544	1474
184301874	1474
184302013	1474
184302126	1474
184302222	1474
184302361	1474
184302484	1474
184302716	1474
184302836	1474
184302948	1474
184303045	1474
184303145	1474
184303250	1474
184303347	1474
184303478	1474
184303599	1474
184303728	1474
185101184	1474
185101303	1474
185101436	1474
185101551	1474
185101648	1474
185101748	1474
185101863	1474
185101974	1474
185102091	1474
185102191	1474
185102316	1474
185102442	1474
185102558	1474
185102968	1474
185103100	1474
185103240	1474
185103338	1474
185103462	1474
185901723	1474
185901963	1474
185902113	1474
185902224	1474
185902335	1474
185902432	1474
185902584	1474
185902784	1474
185903044	1474
185903188	1474
185903284	1474
185903380	1474
185903516	1474
185903625	1474
185903745	1474
185903858	1474
185903977	1474
185904089	1474
186704531	1474
186704838	1474
186704947	1474
186705085	1474
186705227	1474
186705318	1474
186705441	1474
186705566	1474
186705710	1474
186705823	1474
186706091	1474
186706236	1474
186706958	1474
186707064	1474
186707266	1474
186707393	1474
186707534	1474
186707662	1474
187501584	1474
187501872	1474
187501984	1474
187502089	1474
187502205	1474
187502322	1474
187502503	1474
187502648	1474
187502744	1474
187502859	1474
187502982	1474
187503071	1474
187503173	1474
187503297	1474
187503420	1474
187503510	1474
187503631	1474
188301741	1474
188302035	1474
188302184	1474
188302284	1474
188302446	1474
188302548	1474
188302828	1474
188302964	1474
188303078	1474
188303190	1474
188303318	1474
188303517	1474
188303645	1474
188303745	1474
188303871	1474
188303970	1474
188304083	1474
188304206	1474
189101510	1474
189101823	1474
189101945	1474
189102034	1474
189102131	1474
189102263	1474
189102605	1474
189102714	1474
189102846	1474
189102945	1474
189103068	1474
189103199	1474
189103317	1474
189103432	1474
189103557	1474
189103661	1474
189103927	1474
189901630	1474
189901846	1474
189901989	1474
189902108	1474
189902233	1474
189902360	1474
189902485	1474
189902673	1474
189902801	1474
189902934	1474
189903034	1474
189903157	1474
189903283	1474
189903381	1474
189903508	1474
189903633	1474
189903746	1474
189903843	1474
190702447	1474
190702784	1474
190702889	1474
190702997	1474
190703111	1474
190703221	1474
190703372	1474
190703611	1474
190703804	1474
190703906	1474
190704021	1474
190704121	1474
190704222	1474
190704329	1474
190704446	1474
190704542	1474
190704632	1474
191501566	1474
191501784	1474
191501893	1474
191501994	1474
191502102	1474
191502224	1474
191502324	1474
191502426	1474
191502545	1474
191502688	1474
191502811	1474
191502952	1474
191503062	1474
191503199	1474
191503298	1474
191503456	1474
191503553	1474
191503777	1474
192301623	1474
192301827	1474
192301956	1474
192302096	1474
192302203	1474
192302328	1474
192302453	1474
192302578	1474
192302734	1474
192302828	1474
192302946	1474
192303071	1474
192303170	1474
192303258	1474
192303357	1474
192303458	1474
193101671	1474
193101893	1474
193101992	1474
193102108	1474
193102235	1474
193102336	1474
193102431	1474
193102554	1474
193102703	1474
193102792	1474
193102892	1474
193103004	1474
193103136	1474
193103228	1474
193103349	1474
193103450	1474
193103562	1474
193103690	1474
193902566	1474
193902969	1474
193903114	1474
193903309	1474
193903535	1474
193903748	1474
193903894	1474
193904032	1474
193904209	1474
193904355	1474
193904497	1474
193904636	1474
193904779	1474
193904945	1474
193905081	1474
193905228	1474
193905370	1474
194701648	1474
194701873	1474
194702013	1474
194702154	1474
194702331	1474
194702494	1474
194702720	1474
194702862	1474
194703029	1474
194703169	1474
194703341	1474
194703508	1474
194703688	1474
194703823	1474
194703987	1474
194704126	1474
194704267	1474
195501546	1474
195501740	1474
195501880	1474
195502056	1474
195502220	1474
195502372	1474
195502568	1474
195502759	1474
195502896	1474
195503035	1474
195503169	1474
195503333	1474
195503478	1474
195503709	1474
195503928	1474
195504087	1474
195504230	1474
195504367	1474
196301330	1474
196301577	1474
196301762	1474
196301949	1474
196302171	1474
196302335	1474
196302472	1474
196302679	1474
196302830	1474
196302998	1474
196303135	1474
196303270	1474
196303409	1474
196303618	1474
196303824	1474
196303990	1474
196304155	1474
197101993	1474
197102240	1474
197102419	1474
197102582	1474
197102788	1474
197102936	1474
197103075	1474
197103238	1474
197103377	1474
197103516	1474
197103787	1474
197104000	1474
197104169	1474
197104306	1474
197104445	1474
197104605	1474
197104798	1474
197104958	1474
198168240	1474
198168440	1474
198168631	1474
198168843	1474
198169070	1474
198169340	1474
198169480	1474
198169623	1474
198169761	1474
198169906	1474
198170049	1474
198170185	1474
198170325	1474
198170487	1474
198170705	1474
198170855	1474
198170996	1474
198171137	1474
198702104	1474
198702350	1474
198702506	1474
198702745	1474
198703009	1474
198703246	1474
198703389	1474
198703646	1474
198703868	1474
198704106	1474
198704272	1474
198704408	1474
198704550	1474
198704688	1474
198704830	1474
198705005	1474
198705144	1474
199768178	1474
199768450	1474
199768595	1474
199768733	1474
199768917	1474
199769151	1474
199769350	1474
199769513	1474
199769655	1474
199769821	1474
199769989	1474
199770135	1474
199770281	1474
199770423	1474
199770586	1474
199770803	1474
199771033	1474
199771224	1474
200568713	1474
200568938	1474
200569067	1474
200569163	1474
200569291	1474
200569412	1474
200569502	1474
200569597	1474
200569718	1474
200569806	1474
200569925	1474
200570051	1474
200570147	1474
200570255	1474
200570378	1474
200570518	1474
200570703	1474
201102555	1474
201102817	1474
201102958	1474
201103055	1474
201103148	1474
201103240	1474
201103342	1474
201103441	1474
201103539	1474
201103658	1474
201103754	1474
201103849	1474
201103946	1474
201104038	1474
201104131	1474
201104251	1474
201902305	1474
201902643	1474
201902780	1474
201902872	1474
201902985	1474
201903137	1474
201903386	1474
201903529	1474
201903674	1474
201903773	1474
201903906	1474
201904032	1474
201904133	1474
201904270	1474
201904405	1474
201904521	1474
201904671	1474
201904794	1474
202706022	1474
202707060	1474
202707619	1474
202708085	1474
202708499	1474
202709249	1474
202714431	1474
202715501	1474
202715832	1474
202716225	1474
202717485	1474
202717614	1474
202717742	1474
202717847	1474
202717948	1474
202718061	1474
202718164	1474
203503287	1474
203503514	1474
203503620	1474
203504099	1474
203504229	1474
203504347	1474
203504515	1474
203504609	1474
203504781	1474
203504868	1474
203504957	1474
203505049	1474
203505140	1474
203505232	1474
203505348	1474
203505466	1474
203505561	1474
204304777	1474
204305012	1474
204305145	1474
204305282	1474
204305384	1474
204305599	1474
204305729	1474
204305847	1474
204305948	1474
204306347	1474
204307041	1474
204307271	1474
204307403	1474
204307514	1474
204307632	1474
204307758	1474
204308018	1474
205104445	1474
205104719	1474
205104824	1474
205104924	1474
205105032	1474
205105331	1474
205105451	1474
205105542	1474
205105666	1474
205105965	1474
205106075	1474
205106206	1474
205106430	1474
205106927	1474
205107157	1474
205107267	1474
205107391	1474
205904407	1474
205904562	1474
205904696	1474
205904818	1474
205904918	1474
205905213	1474
205905316	1474
205905449	1474
205905701	1474
205905807	1474
205905957	1474
205906114	1474
205906401	1474
205907272	1474
205907410	1474
205907655	1474
205907775	1474
206702323	1474
206702755	1474
206702907	1474
206703025	1474
206703151	1474
206703307	1474
206703540	1474
206703673	1474
206703789	1474
206703911	1474
206704012	1474
206704149	1474
206704264	1474
206704354	1474
206704472	1474
206704572	1474
206704669	1474
207501990	1474
207502168	1474
207502315	1474
207502482	1474
207502765	1474
207503052	1474
207503185	1474
207503274	1474
207503398	1474
207503543	1474
207503673	1474
207503796	1474
207503897	1474
207504021	1474
207504140	1474
207504243	1474
207504367	1474
207504459	1474
208301826	1474
208302089	1474
208302187	1474
208302312	1474
208302442	1474
208302568	1474
208302744	1474
208302943	1474
208303038	1474
208303159	1474
208303336	1474
208303435	1474
208303534	1474
208303630	1474
208303732	1474
208303825	1474
208303945	1474
209103655	1474
209103883	1474
209104011	1474
209104107	1474
209104202	1474
209104301	1474
209104397	1474
209104519	1474
209104700	1474
209104800	1474
209104895	1474
209104992	1474
209105212	1474
209105306	1474
209105401	1474
209105521	1474
209105614	1474
209902395	1474
209902686	1474
209902864	1474
209902969	1474
209903092	1474
209903203	1474
209903396	1474
209903494	1474
209903590	1474
209903684	1474
209903889	1474
209903985	1474
209904107	1474
209904202	1474
209904296	1474
209904393	1474
209904521	1474
210704125	1474
210704270	1474
210704374	1474
210704497	1474
210704695	1474
210704798	1474
210704930	1474
210705027	1474
210705147	1474
210705241	1474
210705362	1474
210705458	1474
210705576	1474
210705673	1474
210705769	1474
210705887	1474
210705996	1474
210706116	1474
211502220	1474
211502507	1474
211502700	1474
211502799	1474
211502920	1474
211503167	1474
211503270	1474
211503388	1474
211503482	1474
211503578	1474
211503777	1474
211503876	1474
211503974	1474
211504081	1474
211504180	1474
211504300	1474
211504395	1474
212302146	1474
212302389	1474
212302600	1474
212302744	1474
212302840	1474
212302933	1474
212303060	1474
212303204	1474
212303339	1474
212303435	1474
212303532	1474
212303628	1474
212303749	1474
212303871	1474
212303991	1474
212304112	1474
212304221	1474
213103079	1474
213103399	1474
213103499	1474
213103600	1474
213103691	1474
213103809	1474
213103929	1474
213104050	1474
213104170	1474
213104264	1474
213104398	1474
213104493	1474
213104587	1474
213104686	1474
213104781	1474
213104900	1474
213104996	1474
213105117	1474
213903114	1474
213903352	1474
213903491	1474
213903586	1474
213903708	1474
213903834	1474
213904047	1474
213904150	1474
213904247	1474
213904348	1474
213904451	1474
213904548	1474
213904644	1474
213904740	1474
213904860	1474
213904982	1474
213905079	1474
214703709	1474
214703977	1474
214704104	1474
214704226	1474
214704314	1474
214704408	1474
214704527	1474
214704638	1474
214704733	1474
214704826	1474
214704921	1474
214705041	1474
214705161	1474
214705257	1474
214705377	1474
214705497	1474
215239455	1474
215239777	1474
215239870	1474
215239992	1474
215240114	1474
215240235	1474
215240326	1474
215240445	1474
215240563	1474
215240762	1474
215240855	1474
215240974	1474
215241072	1474
215241168	1474
215241288	1474
216035261	1474
216035512	1474
216035644	1474
216035763	1474
216035958	1474
216036049	1474
216036145	1474
216036263	1474
216036358	1474
216036477	1474
216036568	1474
216036689	1474
216036791	1474
216036914	1474
216037005	1474
216037121	1474
216037238	1474
216839230	1474
216839407	1474
216839504	1474
216839600	1474
216839723	1474
216839818	1474
216839911	1474
216840042	1474
216840136	1474
216840258	1474
216840350	1474
216840443	1474
216840563	1474
216840658	1474
216840753	1474
216840852	1474
216840956	1474
217636154	1474
217636434	1474
217636542	1474
217636666	1474
217636785	1474
217636904	1474
217636996	1474
217637104	1474
217637205	1474
217637302	1474
217637398	1474
217637488	1474
217637580	1474
217637701	1474
217637797	1474
217637915	1474
217638010	1474
218439473	1474
218439731	1474
218439858	1474
218439955	1474
218440050	1474
218440136	1474
218440334	1474
218440455	1474
218440573	1474
218440662	1474
218440779	1474
218440900	1474
218441020	1474
218441138	1474
218441273	1474
218441364	1474
218441481	1474
218441576	1474
219239075	1474
219239430	1474
219239558	1474
219239655	1474
219239751	1474
219239874	1474
219240087	1474
219240191	1474
219240416	1474
219240545	1474
219240670	1474
219240768	1474
219240867	1474
219240988	1474
219241080	1474
219241198	1474
219241291	1474
220303268	1474
220303568	1474
220303665	1474
220303759	1474
220303854	1474
220303949	1474
220304066	1474
220304184	1474
220304303	1474
220304441	1474
220304543	1474
220304646	1474
220304765	1474
220304855	1474
220304948	1474
220305036	1474
220305127	1474
220305242	1474
220836670	1474
220836859	1474
220836952	1474
220837104	1474
220837228	1474
220837323	1474
220837441	1474
220837531	1474
220837644	1474
220837764	1474
220837857	1474
220837975	1474
220838066	1474
220838183	1474
220838275	1474
220838393	1474
220838535	1474
221637696	1474
221637863	1474
221638105	1474
221638200	1474
221638290	1474
221638387	1474
221638512	1474
221638812	1474
221638914	1474
221639005	1474
221639099	1474
221639222	1474
221639311	1474
221639404	1474
221639524	1474
221639616	1474
221639720	1474
222703575	1474
222703863	1474
222703974	1474
222704073	1474
222704166	1474
222704259	1474
222704378	1474
222704472	1474
222704569	1474
222704691	1474
222704783	1474
222704900	1474
222705007	1474
222705101	1474
222705198	1474
222705291	1474
222705407	1474
222705527	1474
223235807	1474
223236182	1474
223236278	1474
223236397	1474
223236518	1474
223236639	1474
223236760	1474
223236855	1474
223236948	1474
223237054	1474
223237148	1474
223237260	1474
223237378	1474
223237503	1474
223237624	1474
223237719	1474
223237815	1474
224303409	1474
224303768	1474
224303893	1474
224304017	1474
224304138	1474
224304237	1474
224304335	1474
224304429	1474
224304523	1474
224304619	1474
224304711	1474
224304830	1474
224304922	1474
224305017	1474
224305114	1474
224305252	1474
224305346	1474
224305442	1474
225102359	1474
225102792	1474
225102883	1474
225102979	1474
225103094	1474
225103188	1474
225103327	1474
225103437	1474
225103561	1474
225103672	1474
225103786	1474
225103879	1474
225103972	1474
225104059	1474
225104189	1474
225104319	1474
225104444	1474
225903416	1474
225903562	1474
225903746	1474
225903835	1474
225903943	1474
225904041	1474
225904142	1474
225904231	1474
225904327	1474
225904430	1474
225904647	1474
225904760	1474
225904843	1474
225904960	1474
225905073	1474
225905161	1474
225905273	1474
225905361	1474
226702591	1474
226702830	1474
226702946	1474
226703047	1474
226703198	1474
226703288	1474
226703457	1474
226703698	1474
226703801	1474
226703926	1474
226704020	1474
226704109	1474
226704219	1474
226704327	1474
226704415	1474
226704507	1474
226704628	1474
227502681	1474
227502955	1474
227503083	1474
227503205	1474
227503334	1474
227503457	1474
227503702	1474
227503830	1474
227503977	1474
227504102	1474
227504201	1474
227504326	1474
227504432	1474
227504529	1474
227504646	1474
227504774	1474
227504869	1474
228036911	1474
228037069	1474
228037169	1474
228037263	1474
228037358	1474
228037451	1474
228037569	1474
228037662	1474
228037777	1474
228037917	1474
228038036	1474
228038155	1474
228038245	1474
228038338	1474
228038430	1474
228038548	1474
228837534	1474
228837664	1474
228837915	1474
228838057	1474
228838179	1474
228838270	1474
228838366	1474
228838573	1474
228838703	1474
228838801	1474
228838891	1474
228838993	1474
228839088	1474
228839187	1474
228839305	1474
228839397	1474
228839490	1474
228839578	1474
229902491	1474
229902739	1474
229902836	1474
229902950	1474
229903062	1474
229903156	1474
229903402	1474
229903531	1474
229903651	1474
229903769	1474
229903888	1474
229903984	1474
229904105	1474
229904234	1474
229904353	1474
229904445	1474
229904563	1474
229904655	1474
230702373	1474
230702670	1474
230702831	1474
230702997	1474
230703174	1474
230703336	1474
230703550	1474
230703690	1474
230703854	1474
230704017	1474
230704155	1474
230704292	1474
230704467	1474
230704628	1474
230704791	1474
230704926	1474
230705089	1474
231239924	1474
231240232	1474
231240342	1474
231240431	1474
231240576	1474
231240704	1474
231240978	1474
231241271	1474
231242166	1474
231242300	1474
231242508	1474
231242784	1474
231242909	1474
231243041	1474
231243158	1474
231243283	1474
231243391	1474
232036991	1474
232037303	1474
232037438	1474
232037537	1474
232037644	1474
232037744	1474
232037874	1474
232037996	1474
232038095	1474
232038194	1474
232038319	1474
232038433	1474
232038550	1474
232038735	1474
232038834	1474
232038959	1474
232836217	1474
232836394	1474
232836519	1474
232836612	1474
232836742	1474
232836882	1474
232837028	1474
232837153	1474
232837290	1474
232837410	1474
232837533	1474
232837620	1474
232837716	1474
232837835	1474
232837935	1474
232838044	1474
232838167	1474
233639131	1474
233639451	1474
233639566	1474
233639678	1474
233639777	1474
233639894	1474
233640031	1474
233640130	1474
233640241	1474
233640333	1474
233640430	1474
233640558	1474
233640675	1474
233640797	1474
233640943	1474
233641034	1474
234436364	1474
234436672	1474
234436846	1474
234436959	1474
234437060	1474
234437159	1474
234437249	1474
234437348	1474
234437476	1474
234437593	1474
234437692	1474
234437815	1474
234437914	1474
234438038	1474
234438173	1474
234438278	1474
234438385	1474
235236761	1474
235236910	1474
235237016	1474
235237142	1474
235237261	1474
235237389	1474
235237487	1474
235237592	1474
235237691	1474
235237815	1474
235237936	1474
235238044	1474
235238169	1474
235238309	1474
235238409	1474
235238534	1474
235238673	1474
235238781	1474
236039067	1474
236039227	1474
236039457	1474
236039628	1474
236039777	1474
236039906	1474
236040101	1474
236040218	1474
236040348	1474
236040472	1474
236040562	1474
236040689	1474
236040785	1474
236040917	1474
236041043	1474
236041296	1474
236041414	1474
236041557	1474
236836474	1474
236836702	1474
236836830	1474
236836926	1474
236837022	1474
236837109	1474
236837201	1474
236837294	1474
236837424	1474
236837520	1474
236837615	1474
236837708	1474
236837826	1474
236837918	1474
236838013	1474
236838132	1474
237641342	1474
237641636	1474
237641755	1474
237641874	1474
237641995	1474
237642116	1474
237642342	1474
237642445	1474
237642686	1474
237642798	1474
237642922	1474
237643042	1474
237643162	1474
237643257	1474
237643355	1474
237643450	1474
238436531	1474
238436798	1474
238436988	1474
238437078	1474
238437197	1474
238437318	1474
238437506	1474
238437610	1474
238437719	1474
238437816	1474
238437912	1474
238438006	1474
238438124	1474
238438217	1474
238438339	1474
238438433	1474
238438614	1474
238438727	1474
239236513	1474
239236765	1474
239236888	1474
239236984	1474
239237079	1474
239237197	1474
239237314	1474
239237407	1474
239237499	1474
239237617	1474
239237709	1474
239237835	1474
239237928	1474
239238049	1474
239238144	1474
239238237	1474
239238332	1474
240036681	1474
240037032	1474
240037164	1474
240037302	1474
240037518	1474
240037675	1474
240037915	1474
240038170	1474
240038273	1474
240038395	1474
240038495	1474
240038656	1474
240038772	1474
240038869	1474
240038977	1474
240039236	1474
240039373	1474
240836891	1474
240837181	1474
240837287	1474
240837386	1474
240837533	1474
240837658	1474
240837785	1474
240837901	1474
240838021	1474
240838127	1474
240838259	1474
240838371	1474
240838472	1474
240838628	1474
240838862	1474
240838966	1474
240839929	1474
241638514	1474
241638818	1474
241638950	1474
241639056	1474
241639170	1474
241639280	1474
241639383	1474
241639689	1474
241639795	1474
241639944	1474
241640081	1474
241640182	1474
241640355	1474
241640494	1474
241640613	1474
241640712	1474
241640862	1474
241641001	1474
242436982	1474
242437324	1474
242437811	1474
242437977	1474
242438235	1474
242438367	1474
242438541	1474
242438687	1474
242438781	1474
242438912	1474
242439040	1474
242439159	1474
242439282	1474
242439464	1474
242439564	1474
242439690	1474
242439815	1474
243237010	1474
243237281	1474
243237391	1474
243237485	1474
243237625	1474
243237718	1474
243237838	1474
243237959	1474
243238071	1474
243238179	1474
243238302	1474
243238438	1474
243238609	1474
243238710	1474
243238806	1474
243238927	1474
243239040	1474
243239177	1474
244036560	1474
244036797	1474
244037016	1474
244037108	1474
244037243	1474
244037440	1474
244037547	1474
244037671	1474
244037812	1474
244037909	1474
244038018	1474
244038153	1474
244038291	1474
244038397	1474
244038497	1474
244038696	1474
244038792	1474
244038905	1474
244836864	1474
244837141	1474
244837252	1474
244837389	1474
244837513	1474
244837625	1474
244837752	1474
244837855	1474
244837949	1474
244838051	1474
244838151	1474
244838273	1474
244838419	1474
244838613	1474
244838783	1474
244838916	1474
244839028	1474
244839149	1474
245637588	1474
245637734	1474
245637838	1474
245637956	1474
245638130	1474
245638238	1474
245638364	1474
245638460	1474
245638576	1474
245638763	1474
245638860	1474
245638955	1474
245639082	1474
245639205	1474
245639326	1474
245639435	1474
245639537	1474
246436663	1474
246436946	1474
246437098	1474
246437385	1474
246437541	1474
246437769	1474
246437893	1474
246438002	1474
246438097	1474
246438208	1474
246438322	1474
246438453	1474
246438574	1474
246438798	1474
246438909	1474
246439048	1474
246439154	1474
246439309	1474
247237370	1474
247237521	1474
247237734	1474
247237959	1474
247238087	1474
247238393	1474
247238523	1474
247238729	1474
247238848	1474
247238942	1474
247239071	1474
247239183	1474
247239287	1474
247239409	1474
247239517	1474
247239631	1474
247239751	1474
247239846	1474
248036553	1474
248036705	1474
248036810	1474
248036914	1474
248037042	1474
248037181	1474
248037304	1474
248037403	1474
248037540	1474
248037640	1474
248037752	1474
248037875	1474
248037996	1474
248038097	1474
248038221	1474
248038319	1474
248038433	1474
248038647	1474
249104021	1474
249104210	1474
249104329	1474
249104428	1474
249104523	1474
249104621	1474
249104736	1474
249104833	1474
249104973	1474
249105272	1474
249105362	1474
249105463	1474
249105586	1474
249105686	1474
249105811	1474
249105912	1474
249106066	1474
249106165	1474
249903968	1474
249904273	1474
249904462	1474
249904593	1474
249904708	1474
249904817	1474
249904937	1474
249905058	1474
249905152	1474
249905263	1474
249905387	1474
249905486	1474
249905601	1474
249905727	1474
249905870	1474
249906174	1474
249906304	1474
249906406	1474
250703557	1474
250703770	1474
250703965	1474
250704107	1474
250704233	1474
250704461	1474
250704564	1474
250704656	1474
250704769	1474
250704866	1474
250705002	1474
250705125	1474
250705241	1474
250705359	1474
250705454	1474
250705547	1474
250705656	1474
251503472	1474
251503831	1474
251503959	1474
251504081	1474
251504268	1474
251504382	1474
251504505	1474
251504635	1474
251504756	1474
251504869	1474
251504973	1474
251505099	1474
251505221	1474
251505312	1474
251505414	1474
251505528	1474
251505648	1474
251505757	1474
252304146	1474
252304367	1474
252304584	1474
252304712	1474
252304801	1474
252304919	1474
252305014	1474
252305121	1474
252305223	1474
252305334	1474
252305449	1474
252305588	1474
252305686	1474
252305828	1474
252305946	1474
252306070	1474
252306227	1474
252306344	1474
253104060	1474
253104289	1474
253104439	1474
253104540	1474
253104674	1474
253104890	1474
253105179	1474
253105282	1474
253105385	1474
253105572	1474
253105719	1474
253105821	1474
253105921	1474
253106035	1474
253106159	1474
253106269	1474
253106400	1474
253906104	1474
253906325	1474
253906517	1474
253906733	1474
253906846	1474
253906959	1474
253907085	1474
253907184	1474
253907304	1474
253907431	1474
253907527	1474
253907648	1474
253907771	1474
253907907	1474
253908032	1474
253908127	1474
253908384	1474
253908493	1474
254703995	1474
254704340	1474
254704555	1474
254704864	1474
254705068	1474
254705210	1474
254705348	1474
254705511	1474
254705650	1474
254705907	1474
254706069	1474
254706207	1474
254706344	1474
254706508	1474
254706733	1474
254706883	1474
254707024	1474
254707188	1474
255504005	1474
255504278	1474
255504428	1474
255504568	1474
255504709	1474
255504904	1474
255505040	1474
255505207	1474
255505346	1474
255505508	1474
255505674	1474
255505825	1474
255505967	1474
255506106	1474
255506269	1474
255506409	1474
255506572	1474
255506800	1474
256303903	1474
256304183	1474
256304358	1474
256304560	1474
256304763	1474
256305114	1474
256305260	1474
256305396	1474
256305536	1474
256305696	1474
256305837	1474
256305984	1474
256306154	1474
256306295	1474
256306441	1474
256306582	1474
256306802	1474
257104003	1474
257104211	1474
257104415	1474
257104589	1474
257104724	1474
257104891	1474
257105060	1474
257105253	1474
257105395	1474
257105557	1474
257105700	1474
257105864	1474
257106030	1474
257106206	1474
257106348	1474
257106488	1474
257904204	1474
257904442	1474
257904590	1474
257904731	1474
257904965	1474
257905193	1474
257905470	1474
257905609	1474
257905753	1474
257905922	1474
257906066	1474
257906229	1474
257906399	1474
257906543	1474
257906769	1474
257906929	1474
257907099	1474
257907267	1474
258706427	1474
258706623	1474
258706991	1474
258707106	1474
258707264	1474
258707537	1474
258707680	1474
258707779	1474
258707893	1474
258707991	1474
258708093	1474
258708190	1474
258708313	1474
258708492	1474
258708790	1474
258708932	1474
258709520	1474
259504273	1474
259504452	1474
259504571	1474
259504669	1474
259504791	1474
259504908	1474
259505021	1474
259505142	1474
259505237	1474
259505332	1474
259505429	1474
259505660	1474
259505786	1474
259505877	1474
259505983	1474
259506080	1474
259506196	1474
259506319	1474
260304944	1474
260305187	1474
260305314	1474
260305417	1474
260305533	1474
260305654	1474
260305838	1474
260305983	1474
260306081	1474
260306184	1474
260306280	1474
260306376	1474
260306472	1474
260306628	1474
260306827	1474
260306952	1474
261104880	1474
261105045	1474
261105144	1474
261105248	1474
261105345	1474
261105505	1474
261105643	1474
261105907	1474
261106040	1474
261106133	1474
261106248	1474
261106340	1474
261106437	1474
261106558	1474
261106719	1474
261106846	1474
261107010	1474
261107140	1474
261904757	1474
261904919	1474
261905039	1474
261905134	1474
261905232	1474
261905333	1474
261905431	1474
261905557	1474
261905716	1474
261905843	1474
261905942	1474
261906071	1474
261906190	1474
261906315	1474
261906454	1474
261906552	1474
261906720	1474
261906842	1474
262704843	1474
262705002	1474
262705097	1474
262705198	1474
262705293	1474
262705390	1474
262705514	1474
262705609	1474
262705729	1474
262705824	1474
262705948	1474
262706071	1474
262706200	1474
262706322	1474
262706442	1474
262706562	1474
263504523	1474
263504674	1474
263504847	1474
263504967	1474
263505100	1474
263505347	1474
263505451	1474
263505566	1474
263505663	1474
263505760	1474
263505872	1474
263505987	1474
263506126	1474
263506253	1474
263506376	1474
263506474	1474
263506650	1474
264306271	1474
264306460	1474
264306658	1474
264306820	1474
264307066	1474
264307195	1474
264307289	1474
264307410	1474
264307509	1474
264307655	1474
264307794	1474
264307918	1474
264308031	1474
264308129	1474
264308276	1474
264308396	1474
264308743	1474
264308859	1474
265107178	1474
265107338	1474
265107433	1474
265107621	1474
265107748	1474
265107886	1474
265108010	1474
265108134	1474
265108273	1474
265108389	1474
265108512	1474
265108626	1474
265108724	1474
265108858	1474
265108961	1474
265109060	1474
265109181	1474
265109280	1474
265905099	1474
265905429	1474
265905583	1474
265905684	1474
265905812	1474
265905915	1474
265906059	1474
265906189	1474
265906311	1474
265906436	1474
265906559	1474
265906768	1474
265906915	1474
265907053	1474
265907163	1474
265907256	1474
265907353	1474
265907478	1474
266704944	1474
266705369	1474
266705483	1474
266705619	1474
266705718	1474
266705827	1474
266705971	1474
266706067	1474
266706208	1474
266706304	1474
266706406	1474
266706546	1474
266706761	1474
266706912	1474
266707054	1474
266707190	1474
266707282	1474
266707410	1474
267504923	1474
267505082	1474
267505316	1474
267505523	1474
267505676	1474
267506040	1474
267506145	1474
267506244	1474
267506383	1474
267506482	1474
267506656	1474
267506819	1474
267506950	1474
267507060	1474
267507183	1474
267507332	1474
267507433	1474
267507557	1474
268307102	1474
268307205	1474
268307300	1474
268307424	1474
268307560	1474
268307799	1474
268307902	1474
268307998	1474
268308118	1474
268308238	1474
268308337	1474
268308432	1474
268308564	1474
268308661	1474
268308781	1474
268308875	1474
268308994	1474
268309089	1474
269105348	1474
269105596	1474
269105703	1474
269105795	1474
269105889	1474
269105984	1474
269106205	1474
269106306	1474
269106427	1474
269106544	1474
269106757	1474
269106853	1474
269106946	1474
269107038	1474
269107155	1474
269107273	1474
269107392	1474
270171353	1474
270171606	1474
270171811	1474
270171975	1474
270172135	1474
270172270	1474
270172431	1474
270172566	1474
270172713	1474
270172881	1474
270173018	1474
270173179	1474
270173340	1474
270173500	1474
270173668	1474
270173804	1474
270173966	1474
270174102	1474
270707482	1474
270707749	1474
270707919	1474
270708113	1474
270708349	1474
270708506	1474
270708685	1474
270708889	1474
270709056	1474
270709191	1474
270709325	1474
270709486	1474
270709621	1474
270709789	1474
270709926	1474
270710084	1474
270710264	1474
271504790	1474
271505022	1474
271505193	1474
271505419	1474
271505638	1474
271505803	1474
271506005	1474
271506191	1474
271506336	1474
271506498	1474
271506693	1474
271506864	1474
271507037	1474
271507266	1474
271507480	1474
271507653	1474
271507815	1474
272305563	1474
272305786	1474
272305948	1474
272306121	1474
272306340	1474
272306504	1474
272306687	1474
272306828	1474
272306991	1474
272307142	1474
272307277	1474
272307410	1474
272307545	1474
272307679	1474
272307814	1474
273106838	1474
273107093	1474
273107278	1474
273107414	1474
273107637	1474
273107826	1474
273107985	1474
273108140	1474
273108319	1474
273108505	1474
273108664	1474
273108800	1474
273108961	1474
273109121	1474
273109299	1474
273109459	1474
273109612	1474
273905722	1474
273905919	1474
273906062	1474
273906219	1474
273906399	1474
273906562	1474
273906750	1474
273906925	1474
273907090	1474
273907254	1474
273907431	1474
273907628	1474
273907891	1474
273908055	1474
273908192	1474
273908327	1474
274707074	1474
274707471	1474
274707743	1474
274707966	1474
274708184	1474
274708323	1474
274708481	1474
274708661	1474
274708801	1474
274708964	1474
274709101	1474
274709264	1474
274709426	1474
274709570	1474
274709708	1474
274709845	1474
274709981	1474
275505863	1474
275506192	1474
275506366	1474
275506504	1474
275506704	1474
275506852	1474
275506993	1474
275507129	1474
275507265	1474
275507428	1474
275507564	1474
275507721	1474
275507860	1474
275508027	1474
275508167	1474
275508307	1474
275508447	1474
275508614	1474
276305172	1474
276305416	1474
276305561	1474
276305756	1474
276305961	1474
276306283	1474
276306477	1474
276306867	1474
276307053	1474
276307189	1474
276307344	1474
276307524	1474
276307745	1474
276308000	1474
276308140	1474
276308302	1474
276308437	1474
277105529	1474
277105745	1474
277105934	1474
277106110	1474
277106305	1474
277106566	1474
277106781	1474
277106952	1474
277107131	1474
277107268	1474
277107404	1474
277107565	1474
277107726	1474
277107887	1474
277108030	1474
277108192	1474
277108327	1474
277905504	1474
277905697	1474
277905929	1474
277906207	1474
277906402	1474
277906639	1474
277906833	1474
277906981	1474
277907153	1474
277907292	1474
277907478	1474
277907644	1474
277907780	1474
277907915	1474
277908050	1474
277908194	1474
277908334	1474
277908497	1474
278705153	1474
278705532	1474
278705683	1474
278705866	1474
278706098	1474
278706334	1474
278706479	1474
278706699	1474
278706852	1474
278706993	1474
278707137	1474
278707312	1474
278707456	1474
278707642	1474
278707825	1474
278708021	1474
278708246	1474
278708405	1474
279511518	1474
279511742	1474
279511886	1474
279512108	1474
279512322	1474
279512593	1474
279512737	1474
279512877	1474
279513016	1474
279513181	1474
279513322	1474
279513495	1474
279513637	1474
279513778	1474
279513918	1474
279514084	1474
279514224	1474
279514367	1474
280305937	1474
280306243	1474
280306385	1474
280306553	1474
280306770	1474
280306938	1474
280307104	1474
280307241	1474
280307408	1474
280307547	1474
280307732	1474
280307871	1474
280308010	1474
280308151	1474
280308287	1474
280308453	1474
280308602	1474
280308745	1474
281110514	1474
281110842	1474
281110996	1474
281111170	1474
281111383	1474
281111670	1474
281111853	1474
281111994	1474
281112155	1474
281112320	1474
281112479	1474
281112618	1474
281112788	1474
281112952	1474
281113099	1474
281113237	1474
281113398	1474
281113535	1474
281905708	1474
281905999	1474
281906172	1474
281906309	1474
281906537	1474
281906797	1474
281906993	1474
281907201	1474
281907343	1474
281907483	1474
281907626	1474
281907791	1474
281907926	1474
281908103	1474
281908264	1474
281908404	1474
281908540	1474
281908704	1474
282972658	1474
282972906	1474
282973053	1474
282973200	1474
282973384	1474
282973578	1474
282973755	1474
282973892	1474
282974058	1474
282974212	1474
282974353	1474
282974491	1474
282974704	1474
282974875	1474
282975069	1474
282975214	1474
282975413	1474
282975551	1474
283507181	1474
283507348	1474
283507446	1474
283507556	1474
283507681	1474
283507821	1474
283507944	1474
283508058	1474
283508179	1474
283508276	1474
283508387	1474
283508521	1474
283508612	1474
283508734	1474
283508856	1474
283508970	1474
284306205	1474
284306410	1474
284306562	1474
284306806	1474
284307014	1474
284307234	1474
284307378	1474
284307560	1474
284307728	1474
284307868	1474
284308056	1474
284308199	1474
284308365	1474
284308551	1474
284308716	1474
284308856	1474
284309000	1474
285106142	1474
285106503	1474
285106751	1474
285106953	1474
285107167	1474
285107335	1474
285107475	1474
285107647	1474
285107788	1474
285107927	1474
285108066	1474
285108233	1474
285108374	1474
285108512	1474
285108692	1474
285108831	1474
285108971	1474
285109134	1474
286172534	1474
286172923	1474
286173099	1474
286173320	1474
286173520	1474
286173711	1474
286173847	1474
286173990	1474
286174157	1474
286174298	1474
286174436	1474
286174578	1474
286174797	1474
286175262	1474
286175407	1474
286175573	1474
286175715	1474
286175862	1474
286973150	1474
286973429	1474
286973579	1474
286973680	1474
286974036	1474
286974269	1474
286974372	1474
286974509	1474
286974693	1474
286974792	1474
286974904	1474
286975186	1474
286975346	1474
286975436	1474
286975557	1474
286975681	1474
286975788	1474
286975924	1474
287773165	1474
287773310	1474
287773402	1474
287773525	1474
287773622	1474
287773729	1474
287773872	1474
287774024	1474
287774257	1474
287774381	1474
287774524	1474
287774683	1474
287774822	1474
287774932	1474
287775030	1474
287775232	1474
287775333	1474
287775452	1474
288573114	1474
288573278	1474
288573378	1474
288573475	1474
288573564	1474
288573657	1474
288573747	1474
288573840	1474
288573961	1474
288574054	1474
288574146	1474
288574240	1474
288574350	1474
288574445	1474
288574604	1474
288574700	1474
288574793	1474
288574887	1474
289373136	1474
289373311	1474
289373406	1474
289373565	1474
289373659	1474
289373752	1474
289373844	1474
289373936	1474
289374029	1474
289374124	1474
289374242	1474
289374337	1474
289374430	1474
289374648	1474
289374769	1474
289374863	1474
289374955	1474
290173255	1474
290173401	1474
290173501	1474
290173760	1474
290173857	1474
290173983	1474
290174076	1474
290174195	1474
290174313	1474
290174406	1474
290174544	1474
290174717	1474
290174810	1474
290174924	1474
290175015	1474
290175145	1474
290175276	1474
290175373	1474
290973536	1474
290973682	1474
290973817	1474
290973940	1474
290974033	1474
290974128	1474
290974247	1474
290974366	1474
290974457	1474
290974574	1474
290974966	1474
290975142	1474
290975238	1474
290975358	1474
290975452	1474
290975544	1474
290975660	1474
291773689	1474
291773936	1474
291774034	1474
291774145	1474
291774244	1474
291774365	1474
291774463	1474
291774670	1474
291774790	1474
291774915	1474
291775053	1474
291775177	1474
291775294	1474
291775410	1474
291775532	1474
291775657	1474
292306697	1474
292306873	1474
292307001	1474
292307164	1474
292307285	1474
292307383	1474
292307494	1474
292307612	1474
292307709	1474
292307808	1474
292307958	1474
292308064	1474
292308183	1474
292308302	1474
292308400	1474
292308545	1474
293376194	1474
293376386	1474
293376481	1474
293376637	1474
293376756	1474
293376876	1474
293376992	1474
293377087	1474
293377181	1474
293377282	1474
293377400	1474
293377518	1474
293377607	1474
293377726	1474
293377845	1474
293377937	1474
293378032	1474
293378127	1474
294173563	1474
294173738	1474
294173857	1474
294173950	1474
294174042	1474
294174136	1474
294174254	1474
294174347	1474
294174452	1474
294174545	1474
294174681	1474
294174777	1474
294174873	1474
294174966	1474
294175060	1474
294175181	1474
294175302	1474
294175396	1474
294973750	1474
294974019	1474
294974182	1474
294974353	1474
294974564	1474
294974818	1474
294974989	1474
294975129	1474
294975267	1474
294975432	1474
294975596	1474
294975751	1474
294975915	1474
294976080	1474
294976219	1474
294976354	1474
294976517	1474
294976688	1474
295776231	1474
295776508	1474
295776678	1474
295776862	1474
295777071	1474
295777269	1474
295777441	1474
295777608	1474
295777758	1474
295777921	1474
295778065	1474
295778205	1474
295778366	1474
295778532	1474
295778751	1474
295778921	1474
295779060	1474
295779196	1474
296573413	1474
296573614	1474
296573807	1474
296574003	1474
296574182	1474
296574320	1474
296574462	1474
296574599	1474
296574790	1474
296574942	1474
296575110	1474
296575272	1474
296575413	1474
296575551	1474
296575690	1474
296575829	1474
296576008	1474
297373774	1474
297374063	1474
297374255	1474
297374465	1474
297374721	1474
297374924	1474
297375070	1474
297375304	1474
297375451	1474
297375593	1474
297375729	1474
297375870	1474
297376008	1474
297376191	1474
297376329	1474
297376471	1474
297376608	1474
297376747	1474
298172976	1474
298173268	1474
298173458	1474
298173756	1474
298173901	1474
298174129	1474
298174224	1474
298174359	1474
298174460	1474
298174684	1474
298174810	1474
298174937	1474
298175053	1474
298175159	1474
298175261	1474
298175386	1474
298175474	1474
298973855	1474
298974001	1474
298974241	1474
298974358	1474
298974512	1474
298974794	1474
298974923	1474
298975069	1474
298975201	1474
298975298	1474
298975413	1474
298975526	1474
298975650	1474
298975778	1474
298975874	1474
298975997	1474
298976098	1474
298976190	1474
299774363	1474
299774513	1474
299774744	1474
299774852	1474
299774951	1474
299775089	1474
299775213	1474
299775347	1474
299775471	1474
299775615	1474
299775752	1474
299775874	1474
299775998	1474
299776095	1474
299776223	1474
299776344	1474
299776481	1474
300574209	1474
300574867	1474
300574989	1474
300575093	1474
300575267	1474
300575491	1474
300575636	1474
300575775	1474
300575984	1474
300576081	1474
300576205	1474
300576320	1474
300576441	1474
300576552	1474
300576647	1474
300576767	1474
300576899	1474
300577022	1474
301374067	1474
301374333	1474
301374482	1474
301374727	1474
301374851	1474
301374981	1474
301375112	1474
301375240	1474
301375346	1474
301375491	1474
301375591	1474
301375689	1474
301375811	1474
301375911	1474
301376019	1474
301376147	1474
301376267	1474
301376379	1474
302176774	1474
302177088	1474
302177205	1474
302177321	1474
302177414	1474
302177514	1474
302177832	1474
302177964	1474
302178358	1474
302178492	1474
302178665	1474
302178792	1474
302178909	1474
302179034	1474
302179138	1474
302179251	1474
302179354	1474
302179450	1474
302976132	1474
302976485	1474
302976589	1474
302976680	1474
302976778	1474
302976897	1474
302977120	1474
302977316	1474
302977419	1474
302977526	1474
302977647	1474
302977763	1474
302977860	1474
302978007	1474
302978119	1474
302978214	1474
302978311	1474
303775135	1474
303775318	1474
303775411	1474
303775549	1474
303775667	1474
303775782	1474
303775906	1474
303776027	1474
303776135	1474
303776259	1474
303776394	1474
303776520	1474
303776618	1474
303776737	1474
303776856	1474
303776953	1474
303777044	1474
304576110	1474
304576260	1474
304576374	1474
304576488	1474
304576620	1474
304576760	1474
304576882	1474
304577002	1474
304577134	1474
304577234	1474
304577331	1474
304577438	1474
304577578	1474
304577712	1474
304577845	1474
304577958	1474
304578079	1474
304578178	1474
305643100	1474
305643249	1474
305643374	1474
305643473	1474
305643571	1474
305643696	1474
305643830	1474
305643933	1474
305644055	1474
305644146	1474
305644255	1474
305644377	1474
305644502	1474
305644599	1474
305644721	1474
305644825	1474
305644939	1474
305645048	1474
306174422	1474
306174701	1474
306174999	1474
306175105	1474
306175209	1474
306175540	1474
306175671	1474
306175763	1474
306175889	1474
306176029	1474
306176150	1474
306176264	1474
306176363	1474
306176479	1474
306176597	1474
306176694	1474
306176830	1474
307203224	54
307343300	91
307343681	96
307344451	83
307344691	54
307358104	54
307362452	54
307363709	54
