7115348	58
7125901	54
7300337	1474
7300452	94
7300567	1474
7304341	1474
7304463	1474
7304601	1474
7304693	1474
7304792	1474
7305329	1474
7305560	1474
7305671	1474
7305820	130
7471704	1474
7472146	94
7472410	1474
7472671	1474
7472891	1474
7473259	1474
7473493	214
7473777	1474
7474026	1474
7474277	1474
7474505	1474
7474753	214
7475058	1474
7475276	94
7475500	1474
7475641	1474
7475863	134
7670037	1474
7670143	1474
7670326	1474
7670474	1474
7671363	1474
7671573	254
7672029	1474
7672233	1474
7672604	1474
7672729	1474
7672959	1474
7673077	1474
7673203	1474
7673452	334
7673601	1474
7673878	1474
7674033	134
7674267	1474
7674658	1474
7674879	1474
7675003	1474
7675132	1474
7694125	1474
7694282	1474
7694568	1474
7694969	374
7826281	1474
7826498	1474
7826769	134
7826993	1474
7827126	1474
7827339	1474
7827669	1474
7827866	214
7827997	1474
7828107	1474
7828409	1474
7828593	1474
7828722	214
7828828	1474
7828919	94
7829143	1474
7829243	1474
7829463	1474
7829578	174
7829679	1474
7829775	1474
7830064	134
7830452	1474
7830670	1474
7830796	1474
7830888	1474
7831662	214
7831861	1474
7832038	94
7832187	1474
7832434	94
7832536	1474
7832643	94
7832888	1474
7832998	1474
7833413	1474
7833641	174
8004293	1474
8004402	94
8005073	1474
8005206	1474
8005316	1474
8005437	1474
8005599	1474
8005726	254
8005909	1474
8006750	1474
8006979	1474
8007120	1474
8007260	1474
8007488	1474
8008293	1474
8008431	334
8008606	1474
8008761	1474
8008870	1474
8009182	1474
8009340	1474
8009573	1474
8009750	294
8009933	1474
8010254	1474
8010646	134
8010783	1474
8010899	1474
8011225	1474
8011527	174
8012660	1474
8012757	1474
8012878	1474
8013033	1474
8013142	1474
8013370	1474
8013500	1474
8013737	1474
8013845	1474
8014071	1474
8014298	1474
8014663	1474
8014774	1474
8014996	574
8182099	1474
8182261	94
8182567	1474
8183068	1474
8183702	134
8183953	1474
8184763	94
8185020	1474
8185324	1474
8185548	1474
8185676	174
8185798	1474
8185923	1474
8186201	134
8186421	1474
8186546	1474
8186732	1474
8186864	174
8187083	1474
8187334	1474
8187556	134
8187682	1474
8187796	1474
8188072	134
8188290	1474
8188463	1474
8188714	1474
8188817	174
8188913	1474
8189055	94
8189333	1474
8189526	94
8189645	1474
8189743	94
8189847	1474
8189982	94
8192559	1474
8192674	1474
8193113	1474
8193305	1474
8193428	1474
8193553	1474
8193647	1474
8193753	1474
8193877	374
8355934	1474
8356763	1474
8356999	1474
8357102	174
8358332	1474
8358453	1474
8358551	1474
8358741	1474
8358842	214
8359036	1474
8359157	1474
8359277	1474
8359397	1474
8359529	1474
8359666	1474
8359784	1474
8359881	1474
8360015	1474
8360135	1474
8360231	1474
8360325	1474
8360448	1474
8360545	1474
8360643	1474
8360739	654
8360838	1474
8360965	1474
8361089	1474
8361185	1474
8361284	1474
8361381	1474
8361503	1474
8361626	1474
8361747	1474
8361870	414
8400076	1474
8400175	1474
8400318	1474
8400458	1474
8400573	1474
8400693	1474
8400789	1474
8400894	1474
8401006	1474
8401122	1474
8401246	1474
8401368	1474
8401467	1474
8401602	1474
8401725	1474
8401812	1474
8590710	1474
8591102	1474
8591189	1474
8591295	1474
8591417	1474
8591543	1474
8591663	1474
8591810	1474
8591945	1474
8592114	1474
8592211	1474
8592338	1474
8592434	1474
8592531	1474
8592627	1474
8592727	1474
9391299	1474
9391411	1474
9391620	1474
9391719	1474
9391846	1474
9391967	1474
9392063	1474
9392162	1474
9392284	1474
9392383	1474
9392495	1474
9392592	1474
9392714	1474
9392859	1474
9392988	1474
9923863	1474
9924117	1474
9924232	1474
9924554	1474
9924670	1474
9924767	1474
9924865	1474
9924980	1474
9925083	1474
9925247	1474
9925374	1474
9925474	1474
9925592	1474
9925713	1474
9925803	1474
9925901	1474
10456998	1474
10457187	1474
10457300	1474
10457549	1474
10457653	1474
10457762	1474
10457861	1474
10457960	1474
10458048	1474
10458158	1474
10458261	1474
10458369	1474
10458456	1474
10458589	1474
11265307	1474
11265509	1474
11265787	1474
11265984	1474
11266264	1474
11266552	1474
11266744	1474
11266870	1474
11266991	1474
11267146	1474
11267649	1474
11267780	1474
11268004	1474
11268126	1474
11268224	1474
11268339	1474
11274218	1474
12071357	1474
12071484	1474
12071638	1474
12072018	1474
12072189	1474
12072703	1474
12072847	1474
12072974	1474
12073087	1474
12073211	1474
12073310	1474
12073426	1474
12073549	1474
12073682	1474
12073803	1474
12073926	1474
12591426	1474
12591525	1474
12591622	1474
12591720	1474
12591828	1474
12591938	1474
12592057	1474
12592152	1474
12592294	1474
12592408	1474
12592516	1474
12592613	1474
12592733	1474
12592841	1474
12592948	1474
12593043	1474
13123254	1474
13123436	1474
13123746	1474
13123848	1474
13123938	1474
13124032	1474
13124135	1474
13124231	1474
13124359	1474
13124478	1474
13124583	1474
13124703	1474
13124798	1474
13124896	1474
13924041	1474
13924178	1474
13924291	1474
13924413	1474
13924535	1474
13924675	1474
13924958	1474
13925065	1474
13925180	1474
13925424	1474
13925527	1474
13925660	1474
13925761	1474
13925889	1474
13925990	1474
13926089	1474
14724969	1474
14725094	1474
14725219	1474
14725317	1474
14725420	1474
14725544	1474
14725656	1474
14725811	1474
14725939	1474
14726076	1474
14726193	1474
14726291	1474
14726402	1474
14726526	1474
14726840	1474
14726947	1474
15259641	1474
15259927	1474
15260072	1474
15260220	1474
15260321	1474
15260444	1474
15260595	1474
15260694	1474
15260829	1474
15260928	1474
15261052	1474
15261171	1474
15261283	1474
15261378	1474
15261573	1474
15261680	1474
15261796	1474
16327210	1474
16327444	1474
16327682	1474
16327773	1474
16327879	1474
16328107	1474
16328242	1474
16328351	1474
16328617	1474
16328726	1474
16328999	1474
16329225	1474
16329352	1474
16329441	1474
16329546	1474
16329668	1474
16329759	1474
16329893	1474
17123437	1474
17123711	1474
17123805	1474
17123929	1474
17124026	1474
17124149	1474
17124272	1474
17124393	1474
17124515	1474
17124650	1474
17124772	1474
17124894	1474
17124988	1474
17125082	1474
17125178	1474
17125273	1474
17125367	1474
17125495	1474
17925305	1474
17925564	1474
17925658	1474
17925775	1474
17925872	1474
17925968	1474
17926183	1474
17926315	1474
17926434	1474
17926550	1474
17926720	1474
17926846	1474
17926940	1474
17927099	1474
17927344	1474
17927470	1474
17927801	1474
17927986	1474
18723570	1474
18723948	1474
18724051	1474
18724169	1474
18724370	1474
18724472	1474
18724566	1474
18724681	1474
18724815	1474
18724908	1474
18725024	1474
18725117	1474
18725209	1474
18725324	1474
18725442	1474
18725535	1474
18725652	1474
18725749	1474
19524497	1474
19524634	1474
19524819	1474
19525024	1474
19525198	1474
19525344	1474
19525481	1474
19525642	1474
19525778	1474
19525914	1474
19526049	1474
19526211	1474
19526353	1474
19526489	1474
19526626	1474
19526810	1474
19526983	1474
19527223	1474
20323968	1474
20324074	1474
20324169	1474
20324261	1474
20324354	1474
20324591	1474
20324691	1474
20324811	1474
20324925	1474
20325029	1474
20325144	1474
20325238	1474
20325332	1474
20325424	1474
20325539	1474
20325655	1474
20325749	1474
20325840	1474
21124253	1474
21124377	1474
21124469	1474
21124575	1474
21124669	1474
21124786	1474
21124879	1474
21124971	1474
21125063	1474
21125183	1474
21125275	1474
21125392	1474
21125509	1474
21125613	1474
21125730	1474
21125848	1474
21924191	1474
21924313	1474
21924412	1474
21924534	1474
21924687	1474
21924818	1474
21925207	1474
21925314	1474
21925534	1474
21925633	1474
21925732	1474
21925846	1474
21925943	1474
21926049	1474
21926180	1474
21926307	1474
21926405	1474
22725028	1474
22725132	1474
22725253	1474
22725347	1474
22725443	1474
22725534	1474
22725627	1474
22725720	1474
22725839	1474
22725948	1474
22726067	1474
22726185	1474
22726278	1474
22726371	1474
22726466	1474
22726612	1474
22726719	1474
23524587	1474
23524683	1474
23524776	1474
23524899	1474
23524993	1474
23525112	1474
23525204	1474
23525299	1474
23525425	1474
23525532	1474
23525627	1474
23525721	1474
23525842	1474
23525962	1474
23526056	1474
23526177	1474
23526299	1474
23526395	1474
24324867	1474
24324986	1474
24325113	1474
24325235	1474
24325358	1474
24325478	1474
24325680	1474
24325783	1474
24325906	1474
24326001	1474
24326105	1474
24326228	1474
24326326	1474
24326422	1474
24326602	1474
24326744	1474
24326865	1474
24326959	1474
25124454	1474
25124553	1474
25124646	1474
25124761	1474
25124883	1474
25125002	1474
25125123	1474
25125248	1474
25125345	1474
25125477	1474
25125597	1474
25125743	1474
25125837	1474
25125957	1474
25126076	1474
25126193	1474
25126287	1474
25126380	1474
25925531	1474
25925655	1474
25925752	1474
25925868	1474
25925964	1474
25926264	1474
25926383	1474
25926542	1474
25926714	1474
25926860	1474
25926982	1474
25927078	1474
25927202	1474
25927331	1474
25927448	1474
25927546	1474
25927671	1474
26725454	1474
26725559	1474
26725674	1474
26725960	1474
26726264	1474
26726395	1474
26726503	1474
26726683	1474
26726824	1474
26726986	1474
26727093	1474
26727215	1474
26727339	1474
26727470	1474
26727601	1474
26727700	1474
26727821	1474
26728001	1474
27523066	1474
27523235	1474
27523362	1474
27523488	1474
27523619	1474
27523756	1474
27523921	1474
27524187	1474
27524320	1474
27524547	1474
27524650	1474
27524823	1474
27524938	1474
27525057	1474
27525189	1474
27525325	1474
27525430	1474
27525547	1474
28324499	1474
28324805	1474
28324975	1474
28325084	1474
28325194	1474
28325483	1474
28325588	1474
28325715	1474
28325813	1474
28325931	1474
28326033	1474
28326149	1474
28326270	1474
28326370	1474
28326490	1474
28326656	1474
28326767	1474
28326897	1474
29125232	1474
29125374	1474
29125510	1474
29125699	1474
29125864	1474
29126026	1474
29126164	1474
29126327	1474
29126489	1474
29126723	1474
29126893	1474
29127054	1474
29127192	1474
29127332	1474
29127493	1474
29127640	1474
29127778	1474
30189761	1474
30189987	1474
30190574	1474
30190935	1474
30191078	1474
30191370	1474
30191479	1474
30191614	1474
30191711	1474
30191824	1474
30191939	1474
30192061	1474
30192167	1474
30192268	1474
30192364	1474
30192475	1474
30192596	1474
30192714	1474
30989967	1474
30990287	1474
30990415	1474
30990550	1474
30990756	1474
30990910	1474
30991186	1474
30991314	1474
30991557	1474
30991659	1474
30991762	1474
30991886	1474
30992006	1474
30992096	1474
30992189	1474
30992313	1474
30992433	1474
30992546	1474
31789891	1474
31790030	1474
31790148	1474
31790259	1474
31790748	1474
31791050	1474
31791172	1474
31791297	1474
31791439	1474
31791560	1474
31791681	1474
31791794	1474
31791890	1474
31792045	1474
31792141	1474
31792257	1474
31792439	1474
31792538	1474
32589668	1474
32589941	1474
32590057	1474
32590181	1474
32590289	1474
32590413	1474
32590510	1474
32590711	1474
32590806	1474
32590925	1474
32591034	1474
32591132	1474
32591253	1474
32591375	1474
32591472	1474
32591605	1474
33390830	1474
33391056	1474
33391347	1474
33391457	1474
33391596	1474
33391838	1474
33391964	1474
33392112	1474
33392229	1474
33392327	1474
33392439	1474
33392560	1474
33392675	1474
33392770	1474
33392890	1474
33393014	1474
33393155	1474
33393280	1474
34190576	1474
34190716	1474
34191042	1474
34191358	1474
34191499	1474
34191629	1474
34191870	1474
34191978	1474
34192094	1474
34192221	1474
34192363	1474
34192485	1474
34192608	1474
34192699	1474
34192795	1474
34192891	1474
34192999	1474
34992789	1474
34992902	1474
34992993	1474
34993159	1474
34993286	1474
34993636	1474
34993961	1474
34994056	1474
34994151	1474
34994335	1474
34994444	1474
34994559	1474
34994742	1474
34994848	1474
34994976	1474
34995074	1474
34995183	1474
34995299	1474
35791651	1474
35791761	1474
35791871	1474
35791972	1474
35792097	1474
35792250	1474
35792507	1474
35792598	1474
35792717	1474
35792838	1474
35792971	1474
35793096	1474
35793406	1474
35793523	1474
35793956	1474
35794060	1474
35794161	1474
36591830	1474
36591956	1474
36592083	1474
36592177	1474
36592296	1474
36592437	1474
36592565	1474
36592690	1474
36592806	1474
36592938	1474
36593029	1474
36593221	1474
36593346	1474
36593470	1474
36593760	1474
36593894	1474
36594471	1474
36594590	1474
37391861	1474
37391958	1474
37392047	1474
37392171	1474
37392290	1474
37392401	1474
37392498	1474
37392622	1474
37392729	1474
37392934	1474
37393072	1474
37393219	1474
37393565	1474
37394198	1474
37394304	1474
37394402	1474
37394583	1474
37394685	1474
38191031	1474
38191151	1474
38191268	1474
38191379	1474
38191473	1474
38191698	1474
38191800	1474
38191894	1474
38192011	1474
38192128	1474
38192245	1474
38192355	1474
38192449	1474
38192566	1474
38192658	1474
38192774	1474
38192869	1474
38991341	1474
38991447	1474
38991571	1474
38991782	1474
38992167	1474
38992273	1474
38992415	1474
38992513	1474
38992653	1474
38992751	1474
38992852	1474
38992949	1474
38993151	1474
38993253	1474
38993404	1474
38993650	1474
38994040	1474
38994238	1474
39791863	1474
39791993	1474
39792117	1474
39792238	1474
39792344	1474
39792473	1474
39792751	1474
39792846	1474
39792968	1474
39793099	1474
39793247	1474
39793457	1474
39793980	1474
39794090	1474
39794293	1474
39794396	1474
39794521	1474
39794701	1474
40593050	1474
40593163	1474
40593279	1474
40593376	1474
40593503	1474
40593595	1474
40593691	1474
40593800	1474
40593912	1474
40594032	1474
40594160	1474
40594263	1474
40594387	1474
40594485	1474
40594647	1474
40594758	1474
40594879	1474
40594979	1474
41391539	1474
41391643	1474
41391778	1474
41391871	1474
41391983	1474
41392092	1474
41392334	1474
41392470	1474
41392604	1474
41392736	1474
41392869	1474
41392983	1474
41393122	1474
41393220	1474
41393361	1474
41393483	1474
41393597	1474
42190530	1474
42190707	1474
42190805	1474
42190952	1474
42191184	1474
42191288	1474
42191393	1474
42191492	1474
42191604	1474
42191714	1474
42191809	1474
42191908	1474
42192029	1474
42192129	1474
42192242	1474
42192339	1474
42192460	1474
42192573	1474
42991974	1474
42992083	1474
42992193	1474
42992308	1474
42992428	1474
42992544	1474
42992661	1474
42992758	1474
42992866	1474
42992984	1474
42993094	1474
42993206	1474
42993303	1474
42993399	1474
42993496	1474
42993618	1474
42993738	1474
42993868	1474
44056219	1474
44056410	1474
44056529	1474
44056660	1474
44056759	1474
44056875	1474
44057123	1474
44057226	1474
44057367	1474
44057513	1474
44057644	1474
44057756	1474
44057879	1474
44057976	1474
44058098	1474
44058194	1474
44058316	1474
44058430	1474
44592710	1474
44592809	1474
44592921	1474
44593035	1474
44593154	1474
44593303	1474
44593435	1474
44593621	1474
44593750	1474
44593869	1474
44593966	1474
44594089	1474
44594183	1474
44594292	1474
44594423	1474
44594522	1474
44594653	1474
45392045	1474
45392179	1474
45392314	1474
45392449	1474
45392553	1474
45392680	1474
45392893	1474
45392983	1474
45393094	1474
45393229	1474
45393331	1474
45393427	1474
45393535	1474
45393655	1474
45393745	1474
45393842	1474
45393963	1474
46457321	1474
46457638	1474
46457775	1474
46457926	1474
46458041	1474
46458319	1474
46458457	1474
46458575	1474
46458730	1474
46458855	1474
46458969	1474
46459072	1474
46459179	1474
46459277	1474
46459366	1474
46459497	1474
46459625	1474
46459859	1474
46991272	1474
46991378	1474
46991472	1474
46991589	1474
46991704	1474
46991799	1474
46991918	1474
46992028	1474
46992148	1474
46992281	1474
46992403	1474
46992503	1474
46992597	1474
46992736	1474
46992859	1474
46992977	1474
47790426	1474
47790554	1474
47790718	1474
47790810	1474
47790913	1474
47791026	1474
47791123	1474
47791218	1474
47791337	1474
47791454	1474
47791572	1474
47791664	1474
47791753	1474
47791850	1474
47791943	1474
47792059	1474
47792151	1474
47792241	1474
48856029	1474
48856269	1474
48856493	1474
48856589	1474
48856706	1474
48856914	1474
48857014	1474
48857113	1474
48857232	1474
48857324	1474
48857427	1474
48857519	1474
48857609	1474
48857725	1474
48857848	1474
48857941	1474
48858064	1474
48858248	1474
49390819	1474
49390941	1474
49391037	1474
49391143	1474
49391236	1474
49391349	1474
49391444	1474
49391532	1474
49391623	1474
49391715	1474
49391830	1474
49391948	1474
49392066	1474
49392170	1474
50192590	1474
50192752	1474
50192904	1474
50193043	1474
50193207	1474
50193365	1474
50193528	1474
50193662	1474
50193809	1474
50194004	1474
50194144	1474
50194279	1474
50194413	1474
50194550	1474
50194739	1474
50194895	1474
50989304	1474
50989661	1474
50989779	1474
50989896	1474
50989987	1474
50990079	1474
50990170	1474
50990262	1474
50990363	1474
50990458	1474
50990606	1474
50990704	1474
50990825	1474
50990949	1474
50991043	1474
50991134	1474
50991225	1474
51790931	1474
51791118	1474
51791212	1474
51791332	1474
51791427	1474
51791545	1474
51791638	1474
51791734	1474
51791826	1474
51791921	1474
51792024	1474
51792142	1474
51792234	1474
51792351	1474
51792444	1474
51792536	1474
51792652	1474
52589315	1474
52589678	1474
52589790	1474
52589895	1474
52590133	1474
52590226	1474
52590343	1474
52590435	1474
52590583	1474
52590753	1474
52590849	1474
52590969	1474
52591066	1474
52591158	1474
52591250	1474
52591343	1474
52591459	1474
52591577	1474
53392467	1474
53392587	1474
53392704	1474
53392823	1474
53393085	1474
53393333	1474
53393591	1474
53393686	1474
53393898	1474
53393992	1474
53394087	1474
53394179	1474
53394269	1474
53394393	1474
53394530	1474
53394758	1474
53394853	1474
54189638	1474
54189920	1474
54190022	1474
54190116	1474
54190231	1474
54190346	1474
54190437	1474
54190576	1474
54190698	1474
54190787	1474
54190902	1474
54191033	1474
54191125	1474
54191245	1474
54191361	1474
54191480	1474
54191572	1474
54991656	1474
54991758	1474
54991875	1474
54991971	1474
54992064	1474
54992159	1474
54992251	1474
54992368	1474
54992486	1474
54992590	1474
54992688	1474
54992808	1474
54992949	1474
54993071	1474
54993278	1474
54993406	1474
54993672	1474
55791546	1474
55791674	1474
55791810	1474
55791914	1474
55792012	1474
55792108	1474
55792236	1474
55792358	1474
55792458	1474
55792569	1474
55792689	1474
55792827	1474
55792941	1474
55793052	1474
55793195	1474
55793358	1474
55793611	1474
55793894	1474
56591658	1474
56591760	1474
56591865	1474
56591969	1474
56592068	1474
56592342	1474
56592447	1474
56592578	1474
56592700	1474
56592817	1474
56592924	1474
56593048	1474
56593364	1474
56593494	1474
56594201	1474
56594375	1474
56594665	1474
57392192	1474
57392290	1474
57392421	1474
57392520	1474
57392614	1474
57392815	1474
57392917	1474
57393012	1474
57393105	1474
57393198	1474
57393317	1474
57393420	1474
57393541	1474
57393637	1474
57393753	1474
57393869	1474
57393985	1474
58190716	1474
58190817	1474
58190934	1474
58191081	1474
58191205	1474
58191323	1474
58191480	1474
58191574	1474
58191667	1474
58191760	1474
58191851	1474
58191969	1474
58192072	1474
58192168	1474
58192261	1474
58192358	1474
58192450	1474
58192541	1474
58991500	1474
58991617	1474
58991726	1474
58991848	1474
58991957	1474
58992051	1474
58992260	1474
58992362	1474
58992457	1474
58992553	1474
58992645	1474
58992755	1474
58992874	1474
58992992	1474
58993086	1474
58993204	1474
58993401	1474
58993501	1474
59792465	1474
59792595	1474
59792697	1474
59792815	1474
59792914	1474
59793016	1474
59793337	1474
59793583	1474
59793726	1474
59793917	1474
59794007	1474
59794100	1474
59794375	1474
59794483	1474
59794980	1474
59795174	1474
59795260	1474
59795393	1474
60592058	1474
60592157	1474
60592264	1474
60592362	1474
60592476	1474
60592599	1474
60592729	1474
60592826	1474
60592966	1474
60593106	1474
60593375	1474
60593482	1474
60594078	1474
60594177	1474
60594294	1474
60594393	1474
61395504	1474
61395641	1474
61395731	1474
61395827	1474
61395925	1474
61396099	1474
61396226	1474
61396318	1474
61396440	1474
61396538	1474
61396670	1474
61396793	1474
61396886	1474
61397007	1474
61397098	1474
61397219	1474
61397317	1474
62193141	1474
62193407	1474
62193508	1474
62194012	1474
62194429	1474
62194561	1474
62194700	1474
62194954	1474
62195080	1474
62195210	1474
62195348	1474
62195447	1474
62195571	1474
62195694	1474
62195806	1474
62195923	1474
62196036	1474
62196162	1474
62991069	1474
62991192	1474
62991312	1474
62991431	1474
62991554	1474
62991646	1474
62991737	1474
62991856	1474
62991958	1474
62992056	1474
62992151	1474
62992269	1474
62992363	1474
62992456	1474
62992575	1474
62992669	1474
62992788	1474
62992883	1474
63790736	1474
63790826	1474
63790946	1474
63791033	1474
63791151	1474
63791245	1474
63791338	1474
63791429	1474
63791546	1474
63791656	1474
63791748	1474
63791864	1474
63791981	1474
63792074	1474
63792168	1474
63792262	1474
63792381	1474
63792498	1474
64591485	1474
64591610	1474
64591710	1474
64591856	1474
64591987	1474
64592257	1474
64592384	1474
64592607	1474
64592734	1474
64592832	1474
64592944	1474
64593076	1474
64593206	1474
64593471	1474
64594110	1474
64594304	1474
64594945	1474
65392076	1474
65392179	1474
65392303	1474
65392401	1474
65392524	1474
65392647	1474
65392783	1474
65392885	1474
65393033	1474
65393332	1474
65393441	1474
65394156	1474
65394512	1474
65395164	1474
65395311	1474
65395476	1474
65395612	1474
65395753	1474
66192221	1474
66192330	1474
66192422	1474
66192522	1474
66192661	1474
66192749	1474
66192865	1474
66192952	1474
66193044	1474
66193156	1474
66193271	1474
66193388	1474
66193479	1474
66193799	1474
66193902	1474
66193993	1474
66194921	1474
66195229	1474
66991586	1474
66991710	1474
66991807	1474
66991902	1474
66992089	1474
66992218	1474
66992328	1474
66992568	1474
66992670	1474
66992764	1474
66992879	1474
66993000	1474
66993187	1474
66993336	1474
66993629	1474
66994551	1474
66994750	1474
67791431	1474
67791529	1474
67791640	1474
67791748	1474
67791911	1474
67792055	1474
67792320	1474
67792424	1474
67792517	1474
67792636	1474
67792757	1474
67792868	1474
67792989	1474
67793204	1474
67793337	1474
67794318	1474
67794477	1474
67794770	1474
68592656	1474
68592782	1474
68592909	1474
68593041	1474
68593186	1474
68593562	1474
68593813	1474
68594195	1474
68594324	1474
68594564	1474
68594924	1474
68595174	1474
68595273	1474
68595412	1474
68595524	1474
68595642	1474
69392695	1474
69392843	1474
69392982	1474
69393181	1474
69393390	1474
69393679	1474
69393918	1474
69394107	1474
69394353	1474
69394499	1474
69395110	1474
69395308	1474
69395538	1474
69395678	1474
69395845	1474
69395985	1474
69396123	1474
70192823	1474
70192963	1474
70193126	1474
70193265	1474
70193417	1474
70193674	1474
70193897	1474
70194854	1474
70195080	1474
70195249	1474
70195509	1474
70195938	1474
70196136	1474
70196551	1474
70196792	1474
70197115	1474
70197460	1474
70197629	1474
70992762	1474
70992907	1474
70993173	1474
70993376	1474
70993881	1474
70994155	1474
70994379	1474
70995278	1474
70995440	1474
70995605	1474
70995742	1474
70995878	1474
70996014	1474
70996150	1474
70996311	1474
70996488	1474
70996650	1474
70996786	1474
71793380	1474
71793626	1474
71794023	1474
71794255	1474
71794473	1474
71794936	1474
71795108	1474
71795270	1474
71795414	1474
71795597	1474
71795761	1474
71795922	1474
71796061	1474
71796199	1474
71796367	1474
71796607	1474
71796822	1474
72593011	1474
72593225	1474
72593414	1474
72593607	1474
72593810	1474
72593978	1474
72594234	1474
72594426	1474
72595302	1474
72595649	1474
72595830	1474
72595966	1474
72596102	1474
72596262	1474
72596400	1474
72596609	1474
72596827	1474
72597001	1474
73391400	1474
73391494	1474
73391624	1474
73391747	1474
73391871	1474
73391969	1474
73392092	1474
73392211	1474
73392324	1474
73392446	1474
73392572	1474
73392697	1474
73392818	1474
73392905	1474
73393016	1474
73393254	1474
74192122	1474
74192211	1474
74192349	1474
74192446	1474
74192569	1474
74192677	1474
74192790	1474
74192887	1474
74193018	1474
74193139	1474
74193231	1474
74193329	1474
74193474	1474
74193709	1474
74193841	1474
74194666	1474
74194951	1474
74195055	1474
74993040	1474
74993151	1474
74993337	1474
74993441	1474
74993882	1474
74994205	1474
74994361	1474
74995237	1474
74995372	1474
74995472	1474
74995596	1474
74995741	1474
74995840	1474
74995962	1474
74996086	1474
74996218	1474
74996360	1474
74996471	1474
75792659	1474
75792839	1474
75792978	1474
75793141	1474
75793321	1474
75793521	1474
75793751	1474
75793993	1474
75794192	1474
75794440	1474
75794670	1474
75795256	1474
75795428	1474
75795662	1474
75795837	1474
75795981	1474
75796118	1474
76592686	1474
76592871	1474
76593131	1474
76593348	1474
76594384	1474
76594585	1474
76594931	1474
76595188	1474
76595357	1474
76595508	1474
76595672	1474
76595850	1474
76596016	1474
76596179	1474
76596318	1474
76596458	1474
76596618	1474
76596807	1474
77391983	1474
77392084	1474
77392176	1474
77392348	1474
77392481	1474
77392742	1474
77392861	1474
77392960	1474
77393082	1474
77393179	1474
77393277	1474
77393390	1474
77393514	1474
77393772	1474
77393884	1474
77394420	1474
77394686	1474
78191634	1474
78191735	1474
78191848	1474
78191947	1474
78192054	1474
78192170	1474
78192267	1474
78192389	1474
78192486	1474
78192606	1474
78192702	1474
78192824	1474
78192935	1474
78193056	1474
78193178	1474
78193322	1474
78193518	1474
78193622	1474
79256867	1474
79257156	1474
79257291	1474
79257416	1474
79257533	1474
79257643	1474
79257803	1474
79258041	1474
79258153	1474
79258292	1474
79258391	1474
79258546	1474
79258702	1474
79258848	1474
79258956	1474
79259062	1474
79259185	1474
79259330	1474
80056774	1474
80056942	1474
80057100	1474
80057292	1474
80057437	1474
80057701	1474
80057829	1474
80057951	1474
80058065	1474
80058179	1474
80058270	1474
80058391	1474
80058515	1474
80058666	1474
80058778	1474
80058874	1474
80058979	1474
80059111	1474
80856374	1474
80856590	1474
80856731	1474
80856873	1474
80857004	1474
80857129	1474
80857249	1474
80857343	1474
80857441	1474
80857542	1474
80857659	1474
80857756	1474
80857875	1474
80858227	1474
80858331	1474
80858441	1474
80858577	1474
80858766	1474
81656490	1474
81656663	1474
81656791	1474
81656913	1474
81657016	1474
81657314	1474
81657421	1474
81657546	1474
81657645	1474
81657762	1474
81657885	1474
81657984	1474
81658202	1474
81658323	1474
81658557	1474
81658708	1474
81658802	1474
82189744	1474
82189987	1474
82190139	1474
82190267	1474
82190391	1474
82190524	1474
82190697	1474
82190797	1474
82190927	1474
82191049	1474
82191176	1474
82191299	1474
82191396	1474
82191500	1474
82191630	1474
82191729	1474
83257091	1474
83257340	1474
83257473	1474
83257584	1474
83257682	1474
83257810	1474
83257931	1474
83258070	1474
83258206	1474
83258328	1474
83258455	1474
83258572	1474
83258763	1474
83258863	1474
83258985	1474
83259092	1474
83259204	1474
84059376	1474
84059729	1474
84059857	1474
84059991	1474
84060122	1474
84060381	1474
84060533	1474
84060631	1474
84061137	1474
84061287	1474
84061414	1474
84061554	1474
84061675	1474
84061782	1474
84061881	1474
84061977	1474
84062088	1474
84062205	1474
84856750	1474
84857020	1474
84857112	1474
84857215	1474
84857322	1474
84857442	1474
84857538	1474
84857676	1474
84857796	1474
84857888	1474
84858003	1474
84858100	1474
84858237	1474
84858410	1474
84858531	1474
84858690	1474
84858811	1474
85391066	1474
85391172	1474
85391294	1474
85391414	1474
85391520	1474
85391616	1474
85391738	1474
85391835	1474
85391932	1474
85392028	1474
85392124	1474
85392245	1474
85392363	1474
85392461	1474
85392581	1474
85392701	1474
86190597	1474
86190879	1474
86191003	1474
86191123	1474
86191263	1474
86191381	1474
86191515	1474
86191637	1474
86191758	1474
86191855	1474
86191977	1474
86192082	1474
86192197	1474
86192317	1474
86192446	1474
86192542	1474
86192663	1474
86992806	1474
86992909	1474
86993011	1474
86993108	1474
86993210	1474
86993446	1474
86993577	1474
86993693	1474
86993815	1474
86993957	1474
86994058	1474
86994181	1474
86994304	1474
86994434	1474
86994533	1474
86994690	1474
86994823	1474
86994938	1474
88057280	1474
88057439	1474
88057578	1474
88057732	1474
88057852	1474
88058089	1474
88058197	1474
88058296	1474
88058421	1474
88058573	1474
88058749	1474
88058880	1474
88058985	1474
88059106	1474
88059191	1474
88059330	1474
88059450	1474
88059538	1474
88593787	1474
88593889	1474
88594008	1474
88594107	1474
88594230	1474
88594367	1474
88594489	1474
88594619	1474
88594798	1474
88594927	1474
88595049	1474
88595188	1474
88595309	1474
88595429	1474
88595553	1474
88595681	1474
88595781	1474
89393047	1474
89393175	1474
89393347	1474
89393471	1474
89393588	1474
89393732	1474
89393964	1474
89394063	1474
89394188	1474
89394304	1474
89394406	1474
89394506	1474
89394668	1474
89394811	1474
89394911	1474
89395005	1474
89395109	1474
90459536	1474
90459687	1474
90459813	1474
90459909	1474
90460006	1474
90460130	1474
90460252	1474
90460351	1474
90460451	1474
90460641	1474
90460859	1474
90461242	1474
90461884	1474
90462018	1474
90462197	1474
90462325	1474
90462428	1474
90462551	1474
91256979	1474
91257148	1474
91257254	1474
91257357	1474
91257441	1474
91257527	1474
91257607	1474
91257710	1474
91257811	1474
91257897	1474
91257980	1474
91258064	1474
91258146	1474
91258233	1474
91258318	1474
91258403	1474
91258526	1474
91258684	1474
92057460	1474
92057701	1474
92057826	1474
92057944	1474
92058083	1474
92058207	1474
92058308	1474
92058445	1474
92058650	1474
92058739	1474
92058844	1474
92058955	1474
92059088	1474
92059212	1474
92059348	1474
92059472	1474
92059596	1474
92059720	1474
92859896	1474
92860244	1474
92860374	1474
92860770	1474
92861194	1474
92861504	1474
92861727	1474
92861855	1474
92862655	1474
92862795	1474
92863213	1474
92863378	1474
92863495	1474
92863597	1474
92863720	1474
92863810	1474
92863921	1474
93658407	1474
93658709	1474
93658834	1474
93658925	1474
93659062	1474
93659161	1474
93659259	1474
93659368	1474
93659482	1474
93659579	1474
93659680	1474
93659801	1474
93659900	1474
93660031	1474
93660152	1474
93660274	1474
93660371	1474
93660493	1474
94459749	1474
94460017	1474
94460237	1474
94460361	1474
94460480	1474
94460629	1474
94460852	1474
94460952	1474
94461089	1474
94461224	1474
94461345	1474
94461592	1474
94461698	1474
94462295	1474
94462448	1474
94462703	1474
94462802	1474
94462935	1474
95259220	1474
95259318	1474
95259452	1474
95259571	1474
95259715	1474
95259835	1474
95259955	1474
95260053	1474
95260157	1474
95260280	1474
95260387	1474
95260490	1474
95260611	1474
95260748	1474
95260870	1474
95261004	1474
95261190	1474
95261292	1474
96059270	1474
96059395	1474
96059516	1474
96059640	1474
96059738	1474
96059857	1474
96059976	1474
96060089	1474
96060449	1474
96060584	1474
96060675	1474
96060795	1474
96060893	1474
96060993	1474
96061091	1474
96061204	1474
96859388	1474
96859517	1474
96859646	1474
96859752	1474
96859891	1474
96859990	1474
96860108	1474
96860241	1474
96860347	1474
96860461	1474
96860560	1474
96860688	1474
96860791	1474
96860892	1474
96861005	1474
96861100	1474
96861197	1474
96861321	1474
97658318	1474
97658441	1474
97658670	1474
97658804	1474
97659072	1474
97659200	1474
97659310	1474
97659437	1474
97659740	1474
97659912	1474
97660018	1474
97660128	1474
97660252	1474
97660379	1474
97660481	1474
97660603	1474
97660743	1474
98459179	1474
98459284	1474
98459425	1474
98459552	1474
98459679	1474
98459832	1474
98460058	1474
98460158	1474
98460257	1474
98460538	1474
98460644	1474
98460751	1474
98460851	1474
98460951	1474
98461049	1474
98461163	1474
98461264	1474
99259081	1474
99259197	1474
99259313	1474
99259436	1474
99259579	1474
99259832	1474
99259964	1474
99260069	1474
99260183	1474
99260279	1474
99260376	1474
99260500	1474
99260627	1474
99260729	1474
99260828	1474
99260952	1474
99261074	1474
100059414	1474
100059533	1474
100059673	1474
100059775	1474
100059875	1474
100059999	1474
100060159	1474
100060263	1474
100060389	1474
100060488	1474
100060629	1474
100060738	1474
100060858	1474
100060955	1474
100061099	1474
100061198	1474
100061320	1474
100061460	1474
100859340	1474
100859442	1474
100859560	1474
100859668	1474
100859771	1474
100860039	1474
100860144	1474
100860263	1474
100860362	1474
100860497	1474
100860628	1474
100860771	1474
100860895	1474
100861001	1474
100861125	1474
100861237	1474
100861346	1474
100861445	1474
101659769	1474
101659887	1474
101659986	1474
101660086	1474
101660201	1474
101660486	1474
101660592	1474
101660743	1474
101660843	1474
101660956	1474
101661066	1474
101661189	1474
101661302	1474
101661416	1474
101661520	1474
101661671	1474
101661824	1474
101662055	1474
102458532	1474
102458719	1474
102458869	1474
102458995	1474
102459093	1474
102459193	1474
102459291	1474
102459388	1474
102459533	1474
102459659	1474
102459789	1474
102459914	1474
102460012	1474
102460110	1474
102460233	1474
102460357	1474
102460458	1474
103259139	1474
103259238	1474
103259365	1474
103259654	1474
103259810	1474
103259999	1474
103260128	1474
103260228	1474
103260332	1474
103260433	1474
103260558	1474
103260669	1474
103260792	1474
103260934	1474
103261044	1474
103261159	1474
103261284	1474
104058829	1474
104059080	1474
104059236	1474
104059455	1474
104059667	1474
104059813	1474
104060001	1474
104060143	1474
104060311	1474
104060474	1474
104060615	1474
104060755	1474
104060912	1474
104061078	1474
104061240	1474
104061386	1474
104061527	1474
104061664	1474
104857490	1474
104858013	1474
104858132	1474
104858231	1474
104858334	1474
104858422	1474
104858540	1474
104858705	1474
104858807	1474
104858920	1474
104859014	1474
104859134	1474
104859248	1474
104859337	1474
104859423	1474
104859509	1474
104859597	1474
104859686	1474
105657607	1474
105657980	1474
105658082	1474
105658215	1474
105658314	1474
105658640	1474
105658771	1474
105658914	1474
105659036	1474
105659149	1474
105659287	1474
105659393	1474
105659545	1474
105659655	1474
105659757	1474
105659875	1474
105659973	1474
105660088	1474
106726184	1474
106726681	1474
106726830	1474
106726968	1474
106727144	1474
106727284	1474
106727422	1474
106727560	1474
106727698	1474
106727838	1474
106727977	1474
106728115	1474
106728318	1474
106728502	1474
106728734	1474
106729008	1474
106729172	1474
106729352	1474
107523993	1474
107524319	1474
107524468	1474
107524675	1474
107524872	1474
107525085	1474
107525262	1474
107525400	1474
107525570	1474
107525736	1474
107525880	1474
107526047	1474
107526220	1474
107526361	1474
107526506	1474
107526701	1474
107526873	1474
107527038	1474
108326759	1474
108326969	1474
108327114	1474
108327256	1474
108327503	1474
108327841	1474
108328122	1474
108328369	1474
108329064	1474
108329237	1474
108329393	1474
108329535	1474
108329678	1474
108329816	1474
108329956	1474
108330122	1474
108330295	1474
108330461	1474
109124846	1474
109125063	1474
109125232	1474
109125443	1474
109125612	1474
109125751	1474
109125918	1474
109126083	1474
109126224	1474
109126372	1474
109126515	1474
109126734	1474
109126912	1474
109127074	1474
109127217	1474
109127360	1474
109127527	1474
109127666	1474
109924938	1474
109925133	1474
109925303	1474
109925566	1474
109925711	1474
109925874	1474
109926047	1474
109926187	1474
109926331	1474
109926481	1474
109926676	1474
109926850	1474
109926990	1474
109927132	1474
109927305	1474
109927452	1474
109927621	1474
110724797	1474
110725018	1474
110725245	1474
110725375	1474
110725499	1474
110725799	1474
110725979	1474
110726099	1474
110726404	1474
110726536	1474
110726746	1474
110726887	1474
110727005	1474
110727126	1474
110727235	1474
110727347	1474
110727470	1474
111523943	1474
111524144	1474
111524318	1474
111524552	1474
111524738	1474
111524906	1474
111525043	1474
111525211	1474
111525374	1474
111525543	1474
111525725	1474
111525866	1474
111526007	1474
111526174	1474
111526314	1474
111526459	1474
111526682	1474
112327900	1474
112328147	1474
112328291	1474
112328513	1474
112328745	1474
112328999	1474
112329144	1474
112329315	1474
112329508	1474
112329874	1474
112330042	1474
112330255	1474
112330399	1474
112330535	1474
112330760	1474
112330937	1474
112331079	1474
112590906	1474
112591141	1474
112591314	1474
112591453	1474
112591619	1474
112591756	1474
112591911	1474
112592073	1474
112592214	1474
112592376	1474
112592516	1474
113391671	1474
113391937	1474
113392040	1474
113392161	1474
113392627	1474
113392756	1474
113392964	1474
113393106	1474
113393224	1474
113393344	1474
113393471	1474
113393594	1474
113393703	1474
113393796	1474
113393904	1474
113394062	1474
114459643	1474
114459806	1474
114459965	1474
114460137	1474
114460296	1474
114460430	1474
114460564	1474
114460723	1474
114460885	1474
114461028	1474
114461164	1474
114461300	1474
114461434	1474
114461570	1474
114461729	1474
114461866	1474
114462009	1474
114462148	1474
115259264	1474
115259357	1474
115259449	1474
115259565	1474
115259654	1474
115259880	1474
115259980	1474
115260079	1474
115260174	1474
115260266	1474
115260379	1474
115260471	1474
115260588	1474
115260681	1474
115260772	1474
115260863	1474
115260954	1474
115261060	1474
116058979	1474
116059079	1474
116059199	1474
116059292	1474
116059428	1474
116059531	1474
116059725	1474
116059825	1474
116059913	1474
116060029	1474
116060137	1474
116060231	1474
116060322	1474
116060415	1474
116060506	1474
116060623	1474
116060740	1474
116060856	1474
116859941	1474
116860039	1474
116860135	1474
116860265	1474
116860357	1474
116860473	1474
116860564	1474
116860681	1474
116860797	1474
116860913	1474
116861012	1474
116861128	1474
116861235	1474
116861330	1474
116861443	1474
116861525	1474
116861630	1474
116861718	1474
117657505	1474
117657692	1474
117657852	1474
117658026	1474
117658187	1474
117658335	1474
117658471	1474
117658651	1474
117658819	1474
117658954	1474
117659090	1474
117659259	1474
117659421	1474
117659556	1474
117659692	1474
117659828	1474
117659964	1474
117660126	1474
118459988	1474
118460125	1474
118460261	1474
118460409	1474
118460546	1474
118460707	1474
118460843	1474
118461005	1474
118461166	1474
118461320	1474
118461459	1474
118461595	1474
118461730	1474
118461889	1474
118462025	1474
118462162	1474
118462305	1474
118462465	1474
119258201	1474
119258557	1474
119258928	1474
119259125	1474
119259393	1474
119259561	1474
119259723	1474
119259974	1474
119260141	1474
119260307	1474
119260487	1474
119260629	1474
119260768	1474
119260907	1474
119261045	1474
119261184	1474
119261324	1474
119261489	1474
120058321	1474
120058495	1474
120058601	1474
120058809	1474
120059060	1474
120059167	1474
120059285	1474
120059426	1474
120059568	1474
120059699	1474
120059822	1474
120059914	1474
120060035	1474
120060156	1474
120060253	1474
120060375	1474
120060481	1474
120060583	1474
120860507	1474
120860623	1474
120860746	1474
120860844	1474
120860960	1474
120861200	1474
120861331	1474
120861474	1474
120861578	1474
120861704	1474
120861826	1474
120861951	1474
120862049	1474
120862174	1474
120862271	1474
120862370	1474
120862493	1474
120862664	1474
121925534	1474
121925752	1474
121925842	1474
121925943	1474
121926051	1474
121926149	1474
121926276	1474
121926374	1474
121926502	1474
121926740	1474
121927016	1474
121927141	1474
121927240	1474
121927365	1474
121927489	1474
121927612	1474
121927734	1474
121927859	1474
122727138	1474
122727312	1474
122727459	1474
122727579	1474
122727695	1474
122727798	1474
122727891	1474
122728007	1474
122728094	1474
122728184	1474
122728274	1474
122728364	1474
122728454	1474
122728544	1474
122728635	1474
122728726	1474
122728833	1474
122728926	1474
123262196	1474
123262288	1474
123262405	1474
123262543	1474
123262710	1474
123262817	1474
123262910	1474
123262999	1474
123263091	1474
123263213	1474
123263307	1474
123263423	1474
123263539	1474
123263630	1474
123263748	1474
123263877	1474
124059506	1474
124059600	1474
124059692	1474
124059784	1474
124059887	1474
124060066	1474
124060168	1474
124060285	1474
124060403	1474
124060495	1474
124060611	1474
124060727	1474
124060819	1474
124060930	1474
124061025	1474
124061117	1474
124061209	1474
124860148	1474
124860244	1474
124860360	1474
124860454	1474
124860571	1474
124860666	1474
124860760	1474
124860876	1474
124860975	1474
124861091	1474
124861183	1474
124861300	1474
124861391	1474
124861485	1474
124861600	1474
124861690	1474
124861806	1474
125661192	1474
125661312	1474
125661401	1474
125661491	1474
125661607	1474
125661721	1474
125661836	1474
125661929	1474
125662028	1474
125662146	1474
125662262	1474
125662377	1474
125662469	1474
125662614	1474
125662716	1474
125662809	1474
126459825	1474
126459944	1474
126460037	1474
126460168	1474
126460295	1474
126460416	1474
126460582	1474
126460699	1474
126460815	1474
126460932	1474
126461023	1474
126461124	1474
126461219	1474
126461336	1474
126461432	1474
126461521	1474
126461614	1474
126461730	1474
127260813	1474
127260943	1474
127261056	1474
127261169	1474
127261275	1474
127261399	1474
127261522	1474
127261648	1474
127261774	1474
127261873	1474
127261972	1474
127262094	1474
127262245	1474
127262371	1474
127262536	1474
127262673	1474
127262814	1474
128060193	1474
128060331	1474
128060468	1474
128060580	1474
128060699	1474
128060979	1474
128061083	1474
128061196	1474
128061316	1474
128061443	1474
128061567	1474
128061693	1474
128061814	1474
128061915	1474
128062013	1474
128062138	1474
128062262	1474
128062369	1474
128859843	1474
128859973	1474
128860097	1474
128860216	1474
128860314	1474
128860527	1474
128860638	1474
128860742	1474
128860838	1474
128860938	1474
128861036	1474
128861157	1474
128861281	1474
128861420	1474
128861548	1474
128861645	1474
128861746	1474
128861843	1474
129659875	1474
129659999	1474
129660108	1474
129660229	1474
129660338	1474
129660643	1474
129660772	1474
129660864	1474
129660987	1474
129661112	1474
129661237	1474
129661359	1474
129661458	1474
129661597	1474
129661720	1474
129661838	1474
129661952	1474
130458261	1474
130458677	1474
130458784	1474
130458885	1474
130459011	1474
130459274	1474
130459380	1474
130459722	1474
130459837	1474
130459952	1474
130460076	1474
130460203	1474
130460342	1474
130460462	1474
130460562	1474
130460712	1474
130460812	1474
131259422	1474
131259513	1474
131259604	1474
131259747	1474
131259842	1474
131259935	1474
131260027	1474
131260118	1474
131260234	1474
131260352	1474
131260471	1474
131260587	1474
131260826	1474
131260925	1474
131261018	1474
131261132	1474
131261225	1474
132060246	1474
132060359	1474
132060455	1474
132060550	1474
132060668	1474
132060793	1474
132060915	1474
132061007	1474
132061100	1474
132061194	1474
132061311	1474
132061406	1474
132061525	1474
132061644	1474
132061738	1474
132061872	1474
132860467	1474
132860733	1474
132860882	1474
132860997	1474
132861106	1474
132861191	1474
132861293	1474
132861419	1474
132861527	1474
132861614	1474
132861721	1474
132861837	1474
132861919	1474
132862027	1474
132862112	1474
132862199	1474
132862286	1474
133660187	1474
133660302	1474
133660412	1474
133660514	1474
133660627	1474
133660747	1474
133660840	1474
133660968	1474
133661098	1474
133661206	1474
133661314	1474
133661397	1474
133661489	1474
133661578	1474
133661682	1474
133661792	1474
133661969	1474
133662083	1474
134459263	1474
134459355	1474
134459465	1474
134459577	1474
134459829	1474
134459981	1474
134460105	1474
134460197	1474
134460456	1474
134460562	1474
134460673	1474
134460762	1474
134460880	1474
134460981	1474
134461078	1474
134461168	1474
134461299	1474
135258549	1474
135258815	1474
135258941	1474
135259036	1474
135259167	1474
135259288	1474
135259386	1474
135259503	1474
135259620	1474
135259739	1474
135259835	1474
135259929	1474
135260047	1474
135260150	1474
135260246	1474
135260365	1474
135260460	1474
136057889	1474
136058151	1474
136058260	1474
136058363	1474
136058499	1474
136058656	1474
136058743	1474
136058840	1474
136058929	1474
136059056	1474
136059179	1474
136059273	1474
136059367	1474
136059481	1474
136059591	1474
136059685	1474
136059778	1474
136059905	1474
136860109	1474
136860414	1474
136860557	1474
136860678	1474
136860822	1474
136860945	1474
136861178	1474
136861294	1474
136861410	1474
136861507	1474
136861647	1474
136861762	1474
136861858	1474
136861971	1474
136862093	1474
136862217	1474
136862349	1474
137658196	1474
137658531	1474
137658699	1474
137658840	1474
137658991	1474
137659281	1474
137659391	1474
137659507	1474
137659606	1474
137659704	1474
137659804	1474
137659900	1474
137659999	1474
137660110	1474
137660234	1474
137660358	1474
137660472	1474
137660566	1474
138458967	1474
138459307	1474
138459439	1474
138459547	1474
138459663	1474
138459781	1474
138459875	1474
138460011	1474
138460154	1474
138460275	1474
138460374	1474
138460576	1474
138460703	1474
138460814	1474
138460934	1474
138461028	1474
138461116	1474
138461233	1474
139257773	1474
139258062	1474
139258189	1474
139258313	1474
139258452	1474
139258574	1474
139258824	1474
139258926	1474
139259027	1474
139259126	1474
139259248	1474
139259367	1474
139259489	1474
139259581	1474
139259703	1474
139259829	1474
139260083	1474
140060169	1474
140060266	1474
140060375	1474
140060494	1474
140060799	1474
140061056	1474
140061163	1474
140061299	1474
140061419	1474
140061525	1474
140061645	1474
140061825	1474
140061923	1474
140062022	1474
140062144	1474
140062248	1474
140062370	1474
140062469	1474
140857998	1474
140858323	1474
140858424	1474
140858543	1474
140858725	1474
140858862	1474
140858981	1474
140859117	1474
140859237	1474
140859370	1474
140859506	1474
140859610	1474
140859713	1474
140860046	1474
140860155	1474
140860281	1474
141658990	1474
141659277	1474
141659373	1474
141659467	1474
141659577	1474
141659677	1474
141659764	1474
141659860	1474
141659961	1474
141660080	1474
141660174	1474
141660271	1474
141660362	1474
141660457	1474
141660573	1474
141660688	1474
141660803	1474
141660903	1474
142457961	1474
142458343	1474
142458438	1474
142458642	1474
142458767	1474
142458973	1474
142459085	1474
142459180	1474
142459297	1474
142459390	1474
142459482	1474
142459575	1474
142459693	1474
142459812	1474
142459929	1474
142460028	1474
142460124	1474
142460218	1474
143260245	1474
143260645	1474
143260853	1474
143261000	1474
143261288	1474
143261514	1474
143261996	1474
143262157	1474
143262300	1474
143262462	1474
143262681	1474
143262861	1474
143263005	1474
143263182	1474
143263325	1474
143263464	1474
143263621	1474
144059873	1474
144060054	1474
144060156	1474
144060334	1474
144060554	1474
144060694	1474
144060803	1474
144060905	1474
144061036	1474
144061155	1474
144061282	1474
144061421	1474
144061538	1474
144061661	1474
144061801	1474
144061908	1474
144857728	1474
144858050	1474
144858175	1474
144858277	1474
144858414	1474
144858563	1474
144858751	1474
144858910	1474
144859035	1474
144859147	1474
144859302	1474
144859426	1474
144859573	1474
144859697	1474
144859801	1474
144859934	1474
144860032	1474
145657713	1474
145657967	1474
145658077	1474
145658203	1474
145658326	1474
145658616	1474
145658730	1474
145658823	1474
145658920	1474
145659043	1474
145659179	1474
145659313	1474
145659453	1474
145659577	1474
145659701	1474
145659822	1474
145659938	1474
146457551	1474
146457779	1474
146457885	1474
146458036	1474
146458143	1474
146458244	1474
146458342	1474
146458440	1474
146458626	1474
146458799	1474
146458903	1474
146459027	1474
146459127	1474
146459250	1474
146459347	1474
146459449	1474
146459564	1474
146459664	1474
147257648	1474
147257897	1474
147258053	1474
147258153	1474
147258252	1474
147258355	1474
147258655	1474
147258792	1474
147258900	1474
147259013	1474
147259113	1474
147259214	1474
147259316	1474
147259439	1474
147259538	1474
147259676	1474
147259801	1474
147259924	1474
148057606	1474
148057893	1474
148058035	1474
148058149	1474
148058274	1474
148058629	1474
148058754	1474
148058876	1474
148058975	1474
148059068	1474
148059166	1474
148059273	1474
148059414	1474
148059536	1474
148059627	1474
148059753	1474
148059854	1474
148059985	1474
149125731	1474
149125854	1474
149125969	1474
149126099	1474
149126211	1474
149126454	1474
149126584	1474
149126730	1474
149126879	1474
149127005	1474
149127126	1474
149127224	1474
149127333	1474
149127433	1474
149127545	1474
149127666	1474
149127789	1474
149127900	1474
149659382	1474
149659684	1474
149659826	1474
149659927	1474
149660049	1474
149660137	1474
149660240	1474
149660361	1474
149660487	1474
149660627	1474
149660749	1474
149660873	1474
149661011	1474
149661133	1474
149661277	1474
149661398	1474
149661515	1474
150726354	1474
150726459	1474
150726613	1474
150726762	1474
150726873	1474
150726969	1474
150727166	1474
150727262	1474
150727382	1474
150727477	1474
150727611	1474
150727729	1474
150727850	1474
150727943	1474
150728042	1474
150728239	1474
150728360	1474
150728498	1474
151527301	1474
151527416	1474
151527509	1474
151527632	1474
151527765	1474
151527866	1474
151528008	1474
151528105	1474
151528211	1474
151528347	1474
151528460	1474
151528561	1474
151528663	1474
151528761	1474
151528884	1474
151529026	1474
151529126	1474
151529271	1474
152325950	1474
152326084	1474
152326219	1474
152326396	1474
152326593	1474
152326897	1474
152327027	1474
152327185	1474
152327331	1474
152327481	1474
152327629	1474
152327774	1474
152327922	1474
152328046	1474
152328183	1474
152328333	1474
152328484	1474
152328609	1474
153125980	1474
153126080	1474
153126175	1474
153126273	1474
153126379	1474
153126606	1474
153126721	1474
153126842	1474
153126939	1474
153127057	1474
153127153	1474
153127256	1474
153127384	1474
153127520	1474
153127625	1474
153127755	1474
153127883	1474
153926160	1474
153926260	1474
153926380	1474
153926530	1474
153926673	1474
153926770	1474
153926872	1474
153926972	1474
153927092	1474
153927190	1474
153927308	1474
153927403	1474
153927504	1474
153927597	1474
153927719	1474
153927813	1474
153927930	1474
153928048	1474
154725676	1474
154725768	1474
154725864	1474
154725959	1474
154726054	1474
154726146	1474
154726242	1474
154726338	1474
154726432	1474
154726597	1474
154726697	1474
154726794	1474
154726912	1474
154727007	1474
154727134	1474
154727255	1474
154727349	1474
155526351	1474
155526480	1474
155526704	1474
155526807	1474
155527004	1474
155527134	1474
155527259	1474
155527359	1474
155527570	1474
155527698	1474
155527795	1474
155527910	1474
155528033	1474
155528155	1474
155528268	1474
155528379	1474
155528502	1474
156326300	1474
156326399	1474
156326524	1474
156326677	1474
156326766	1474
156326949	1474
156327070	1474
156327185	1474
156327306	1474
156327419	1474
156327525	1474
156327620	1474
156327730	1474
156327883	1474
156327991	1474
156328112	1474
156328225	1474
157124358	1474
157124506	1474
157124655	1474
157124778	1474
157124954	1474
157125074	1474
157125170	1474
157125282	1474
157125372	1474
157125490	1474
157125631	1474
157125766	1474
157125888	1474
157126003	1474
157126173	1474
157126280	1474
157126402	1474
157126538	1474
157924193	1474
157924374	1474
157924479	1474
157924584	1474
157924698	1474
157924821	1474
157925070	1474
157925174	1474
157925307	1474
157925413	1474
157925548	1474
157925666	1474
157925763	1474
157925881	1474
157926005	1474
157926126	1474
157926240	1474
158727300	1474
158727511	1474
158727630	1474
158727734	1474
158727837	1474
158727971	1474
158728242	1474
158728347	1474
158728439	1474
158728557	1474
158728680	1474
158728799	1474
158728917	1474
158729010	1474
158729156	1474
158729253	1474
158729363	1474
159525612	1474
159525715	1474
159525804	1474
159525898	1474
159526013	1474
159526125	1474
159526244	1474
159526354	1474
159526475	1474
159526629	1474
159526756	1474
159526854	1474
159526951	1474
159527063	1474
159527157	1474
159527267	1474
160326281	1474
160326387	1474
160326484	1474
160326615	1474
160326744	1474
160326840	1474
160326947	1474
160327062	1474
160327180	1474
160327276	1474
160327406	1474
160327500	1474
160327671	1474
160327773	1474
160327993	1474
160328121	1474
160328797	1474
160328924	1474
161125908	1474
161126055	1474
161126177	1474
161126336	1474
161126470	1474
161126757	1474
161126890	1474
161127033	1474
161127129	1474
161127241	1474
161127360	1474
161127500	1474
161127639	1474
161127780	1474
161127901	1474
161128025	1474
161128127	1474
161925242	1474
161925392	1474
161925678	1474
161925888	1474
161926059	1474
161926216	1474
161926749	1474
161926862	1474
161926981	1474
161927098	1474
161927183	1474
161927283	1474
161927390	1474
161927488	1474
161927603	1474
161927747	1474
161927939	1474
161928060	1474
162723786	1474
162724141	1474
162724271	1474
162724365	1474
162724486	1474
162724683	1474
162724811	1474
162724907	1474
162725028	1474
162725150	1474
162725268	1474
162725366	1474
162725493	1474
162725612	1474
162725746	1474
162725871	1474
162725992	1474
162726108	1474
163524248	1474
163524520	1474
163524648	1474
163524741	1474
163524857	1474
163525001	1474
163525256	1474
163525361	1474
163525542	1474
163525642	1474
163525880	1474
163526002	1474
163526126	1474
163526243	1474
163526360	1474
163526454	1474
163526609	1474
164324329	1474
164324628	1474
164324751	1474
164324874	1474
164325030	1474
164325127	1474
164325239	1474
164325356	1474
164325475	1474
164325565	1474
164325685	1474
164325804	1474
164325900	1474
164326016	1474
164326111	1474
164326207	1474
164326304	1474
164326400	1474
165125459	1474
165125859	1474
165125974	1474
165126087	1474
165126203	1474
165126327	1474
165126546	1474
165126716	1474
165126845	1474
165126937	1474
165127043	1474
165127170	1474
165127299	1474
165127530	1474
165127648	1474
165127768	1474
165127891	1474
165924583	1474
165924887	1474
165924986	1474
165925094	1474
165925254	1474
165925378	1474
165925558	1474
165925679	1474
165925818	1474
165925954	1474
165926046	1474
165926174	1474
165926271	1474
165926383	1474
165926504	1474
165926692	1474
165926823	1474
165926928	1474
166724774	1474
166725081	1474
166725256	1474
166725378	1474
166725495	1474
166725614	1474
166725857	1474
166725962	1474
166726052	1474
166726365	1474
166726504	1474
166726613	1474
166726793	1474
166726935	1474
166727027	1474
166727121	1474
167524392	1474
167524674	1474
167524816	1474
167524956	1474
167525127	1474
167525377	1474
167525578	1474
167525720	1474
167525882	1474
167526044	1474
167526182	1474
167526328	1474
167526467	1474
167526606	1474
167526795	1474
167526942	1474
167527106	1474
168324130	1474
168324329	1474
168324482	1474
168324647	1474
168324813	1474
168324951	1474
168325089	1474
168325253	1474
168325431	1474
168325570	1474
168325714	1474
168325851	1474
168326018	1474
168326159	1474
168326322	1474
168326478	1474
168326693	1474
168326841	1474
169124904	1474
169125126	1474
169125313	1474
169125533	1474
169125749	1474
169125887	1474
169126024	1474
169126170	1474
169126331	1474
169126553	1474
169126777	1474
169126944	1474
169127082	1474
169127265	1474
169127591	1474
169127811	1474
169127939	1474
169924870	1474
169925139	1474
169925277	1474
169925493	1474
169925729	1474
169925988	1474
169926126	1474
169926287	1474
169926449	1474
169926680	1474
169926849	1474
169926986	1474
169927157	1474
169927379	1474
169927681	1474
169927819	1474
169927954	1474
169928088	1474
170724271	1474
170724508	1474
170724704	1474
170724952	1474
170725181	1474
170725327	1474
170725469	1474
170725638	1474
170725795	1474
170725938	1474
170726106	1474
170726275	1474
170726419	1474
170726590	1474
170726793	1474
170726978	1474
170727148	1474
170727382	1474
171524292	1474
171524551	1474
171524721	1474
171524960	1474
171525187	1474
171525373	1474
171525535	1474
171525673	1474
171525843	1474
171525982	1474
171526118	1474
171526280	1474
171526417	1474
171526578	1474
171526768	1474
171526928	1474
171527091	1474
171527230	1474
172323975	1474
172324201	1474
172324358	1474
172324536	1474
172324731	1474
172324939	1474
172325096	1474
172325285	1474
172325519	1474
172325681	1474
172325836	1474
172326016	1474
172326154	1474
172326314	1474
172326449	1474
172326609	1474
172326798	1474
173124737	1474
173124974	1474
173125130	1474
173125394	1474
173125595	1474
173125754	1474
173125920	1474
173126094	1474
173126235	1474
173126396	1474
173126583	1474
173126778	1474
173126922	1474
173127074	1474
173127216	1474
173127363	1474
173127529	1474
173923786	1474
173923963	1474
173924106	1474
173924422	1474
173924648	1474
173924814	1474
173924954	1474
173925117	1474
173925266	1474
173925428	1474
173925568	1474
173925731	1474
173925869	1474
173926007	1474
173926169	1474
173926345	1474
173926513	1474
174724251	1474
174724502	1474
174724672	1474
174724875	1474
174725093	1474
174725344	1474
174725487	1474
174725630	1474
174725768	1474
174725911	1474
174726049	1474
174726192	1474
174726337	1474
174726503	1474
174726723	1474
174726947	1474
174727094	1474
174727266	1474
175526045	1474
175526234	1474
175526356	1474
175526471	1474
175526687	1474
175526802	1474
175526922	1474
175527045	1474
175527166	1474
175527261	1474
175527405	1474
175527518	1474
175527813	1474
175527943	1474
175528039	1474
175528173	1474
176325858	1474
176325958	1474
176326075	1474
176326256	1474
176326376	1474
176326501	1474
176326864	1474
176327127	1474
176327251	1474
176327431	1474
176327738	1474
176327868	1474
176327992	1474
176328089	1474
176328206	1474
176328305	1474
176328429	1474
177126179	1474
177126406	1474
177126572	1474
177126897	1474
177127034	1474
177127174	1474
177127322	1474
177127500	1474
177127704	1474
177127865	1474
177128032	1474
177128169	1474
177128313	1474
177128473	1474
177128611	1474
177128787	1474
177128950	1474
177129114	1474
177923949	1474
177924220	1474
177924362	1474
177924533	1474
177924741	1474
177925058	1474
177925198	1474
177925334	1474
177925495	1474
177925656	1474
177925856	1474
177925992	1474
177926154	1474
177926316	1474
177926452	1474
177926588	1474
177926788	1474
177926938	1474
178726023	1474
178726289	1474
178726451	1474
178726667	1474
178726891	1474
178727156	1474
178727320	1474
178727483	1474
178727621	1474
178727758	1474
178727903	1474
178728037	1474
178728198	1474
178728334	1474
178728469	1474
178728631	1474
178728792	1474
178728934	1474
179524384	1474
179524588	1474
179524734	1474
179524994	1474
179525189	1474
179525392	1474
179525556	1474
179525693	1474
179525853	1474
179526000	1474
179526161	1474
179526317	1474
179526457	1474
179526672	1474
179526844	1474
179526991	1474
179527154	1474
179527289	1474
180326001	1474
180326263	1474
180326410	1474
180326629	1474
180326827	1474
180327020	1474
180327250	1474
180327458	1474
180327657	1474
180327843	1474
180328008	1474
180328155	1474
180328318	1474
180328456	1474
180328593	1474
180328730	1474
180328892	1474
180329053	1474
181393150	1474
181393326	1474
181393488	1474
181393656	1474
181393874	1474
181394111	1474
181394264	1474
181394402	1474
181394538	1474
181394723	1474
181394867	1474
181395029	1474
181395191	1474
181395369	1474
181395506	1474
181395642	1474
181395804	1474
181395979	1474
182193173	1474
182193317	1474
182193494	1474
182193632	1474
182193770	1474
182193934	1474
182194097	1474
182194235	1474
182194408	1474
182194574	1474
182194789	1474
182194959	1474
182195124	1474
182195293	1474
182195523	1474
182195762	1474
182195926	1474
182196066	1474
182993320	1474
182993423	1474
182993530	1474
182993645	1474
182993784	1474
182993909	1474
182994015	1474
182994138	1474
182994237	1474
182994350	1474
182994475	1474
182994592	1474
182994765	1474
182994892	1474
182995015	1474
182995438	1474
182995552	1474
182995882	1474
183793039	1474
183793164	1474
183793261	1474
183793370	1474
183793470	1474
183793593	1474
183793797	1474
183793923	1474
183794046	1474
183794142	1474
183794243	1474
183794340	1474
183794463	1474
183794561	1474
183794742	1474
183794869	1474
183795006	1474
183795130	1474
184592272	1474
184592375	1474
184592470	1474
184592592	1474
184592696	1474
184592811	1474
184592912	1474
184593017	1474
184593117	1474
184593239	1474
184593363	1474
184593459	1474
184593575	1474
184593673	1474
184593772	1474
184593888	1474
184593987	1474
185391901	1474
185392039	1474
185392138	1474
185392267	1474
185392363	1474
185392472	1474
185392591	1474
185392681	1474
185392786	1474
185392880	1474
185392994	1474
185393100	1474
185393239	1474
185393341	1474
185393476	1474
185393603	1474
185393724	1474
185393846	1474
186192971	1474
186193083	1474
186193197	1474
186193298	1474
186193395	1474
186193650	1474
186193755	1474
186193863	1474
186193957	1474
186194062	1474
186194186	1474
186194287	1474
186194404	1474
186194506	1474
186194678	1474
186194783	1474
186194892	1474
186194993	1474
186990660	1474
186990906	1474
186991006	1474
186991106	1474
186991217	1474
186991317	1474
186991418	1474
186991541	1474
186991638	1474
186991749	1474
186991848	1474
186991945	1474
186992067	1474
186992196	1474
186992327	1474
186992450	1474
186992552	1474
186992648	1474
187792407	1474
187792513	1474
187792610	1474
187792736	1474
187792846	1474
187793090	1474
187793220	1474
187793362	1474
187793470	1474
187793592	1474
187793709	1474
187793808	1474
187793906	1474
187794028	1474
187794176	1474
187794309	1474
187794450	1474
187794549	1474
188592805	1474
188592933	1474
188593035	1474
188593132	1474
188593245	1474
188593368	1474
188593547	1474
188593693	1474
188593823	1474
188593965	1474
188594067	1474
188594193	1474
188594317	1474
188594451	1474
188594596	1474
188594805	1474
188595110	1474
188595213	1474
189657818	1474
189658057	1474
189658161	1474
189658290	1474
189658427	1474
189658700	1474
189658796	1474
189658903	1474
189659002	1474
189659118	1474
189659240	1474
189659366	1474
189659490	1474
189659620	1474
189659721	1474
189659840	1474
189659940	1474
189660038	1474
190458114	1474
190458357	1474
190458458	1474
190458610	1474
190458720	1474
190458824	1474
190458960	1474
190459058	1474
190459203	1474
190459328	1474
190459450	1474
190459573	1474
190459697	1474
190459797	1474
190459916	1474
190460030	1474
190460130	1474
190460243	1474
191257873	1474
191258137	1474
191258241	1474
191258356	1474
191258512	1474
191258669	1474
191258904	1474
191259021	1474
191259123	1474
191259249	1474
191259351	1474
191259473	1474
191259609	1474
191259731	1474
191259825	1474
191259926	1474
191260025	1474
192058483	1474
192058710	1474
192058812	1474
192058948	1474
192059052	1474
192059152	1474
192059277	1474
192059408	1474
192059530	1474
192059664	1474
192059755	1474
192059874	1474
192060027	1474
192060144	1474
192060241	1474
192060350	1474
192060499	1474
192060621	1474
192857830	1474
192858099	1474
192858227	1474
192858366	1474
192858468	1474
192858761	1474
192858870	1474
192858994	1474
192859183	1474
192859283	1474
192859410	1474
192859517	1474
192859621	1474
192859716	1474
192859827	1474
192859926	1474
192860069	1474
192860189	1474
193657879	1474
193658074	1474
193658241	1474
193658382	1474
193658668	1474
193658894	1474
193659147	1474
193659318	1474
193659459	1474
193659601	1474
193659764	1474
193659906	1474
193660071	1474
193660227	1474
193660369	1474
193660511	1474
193660649	1474
194458703	1474
194458911	1474
194459078	1474
194459253	1474
194459497	1474
194459702	1474
194459940	1474
194460102	1474
194460251	1474
194460393	1474
194460556	1474
194460723	1474
194460888	1474
194461119	1474
194461361	1474
194461564	1474
194461778	1474
195257995	1474
195258194	1474
195258337	1474
195258513	1474
195258709	1474
195258876	1474
195259043	1474
195259181	1474
195259343	1474
195259514	1474
195259658	1474
195259797	1474
195259933	1474
195260074	1474
195260209	1474
195260344	1474
195260497	1474
195793380	1474
195793554	1474
195793717	1474
195793854	1474
195794018	1474
195794160	1474
195794298	1474
195794437	1474
195794613	1474
195794798	1474
195794955	1474
195795116	1474
195795281	1474
195795503	1474
195795700	1474
195795881	1474
196859363	1474
196859502	1474
196859737	1474
196859959	1474
196860132	1474
196860268	1474
196860433	1474
196860571	1474
196860723	1474
196860859	1474
196861020	1474
196861181	1474
196861340	1474
196861477	1474
196861623	1474
196861761	1474
196861923	1474
196862081	1474
197393176	1474
197393317	1474
197393478	1474
197393635	1474
197393789	1474
197393924	1474
197394086	1474
197394219	1474
197394357	1474
197394518	1474
197394782	1474
197394929	1474
197395067	1474
197395204	1474
197395338	1474
197395478	1474
198191208	1474
198191745	1474
198192016	1474
198192210	1474
198192502	1474
198192649	1474
198192812	1474
198192962	1474
198193147	1474
198193289	1474
198193425	1474
198193564	1474
198193702	1474
198193873	1474
198194010	1474
198194151	1474
198194312	1474
198194478	1474
199259703	1474
199259910	1474
199260086	1474
199260258	1474
199260520	1474
199260714	1474
199260917	1474
199261095	1474
199261235	1474
199261372	1474
199261510	1474
199261676	1474
199261839	1474
199262001	1474
199262153	1474
199262294	1474
199262457	1474
199262594	1474
200057671	1474
200057906	1474
200058004	1474
200058099	1474
200058235	1474
200058356	1474
200058448	1474
200058567	1474
200058747	1474
200058845	1474
200058965	1474
200059066	1474
200059161	1474
200059292	1474
200059389	1474
200059506	1474
200059628	1474
200592519	1474
200592640	1474
200592733	1474
200592854	1474
200592973	1474
200593068	1474
200593166	1474
200593267	1474
200593388	1474
200593483	1474
200593581	1474
200593700	1474
200593821	1474
200593920	1474
200594034	1474
200594127	1474
200594243	1474
201658191	1474
201658487	1474
201658634	1474
201658731	1474
201658833	1474
201658931	1474
201659064	1474
201659188	1474
201659310	1474
201659449	1474
201659551	1474
201659675	1474
201659797	1474
201659937	1474
201660059	1474
201660194	1474
201660316	1474
201660457	1474
202457769	1474
202458045	1474
202458182	1474
202458308	1474
202458432	1474
202458564	1474
202458768	1474
202458911	1474
202459010	1474
202459135	1474
202459232	1474
202459357	1474
202459456	1474
202459559	1474
202459681	1474
202459780	1474
202459876	1474
202459975	1474
203257936	1474
203258116	1474
203258237	1474
203258329	1474
203258421	1474
203258583	1474
203258872	1474
203258999	1474
203259091	1474
203259209	1474
203259301	1474
203259417	1474
203259509	1474
203259625	1474
203259752	1474
203259844	1474
203259935	1474
203260052	1474
204060341	1474
204060591	1474
204060725	1474
204060860	1474
204060953	1474
204061045	1474
204061158	1474
204061252	1474
204061348	1474
204061466	1474
204061554	1474
204061646	1474
204061737	1474
204061842	1474
204061932	1474
204062020	1474
204062109	1474
204860484	1474
204860637	1474
204860736	1474
204860872	1474
204860994	1474
204861100	1474
204861226	1474
204861347	1474
204861478	1474
204861574	1474
204861669	1474
204861779	1474
204861901	1474
204862027	1474
204862129	1474
204862251	1474
204862371	1474
204862466	1474
205660654	1474
205660838	1474
205660962	1474
205661090	1474
205661193	1474
205661289	1474
205661384	1474
205661483	1474
205661594	1474
205661709	1474
205661832	1474
205661958	1474
205662064	1474
205662164	1474
205662286	1474
205662406	1474
205662532	1474
205662706	1474
206458029	1474
206458365	1474
206458532	1474
206458704	1474
206458793	1474
206458917	1474
206459013	1474
206459140	1474
206459281	1474
206459403	1474
206459525	1474
206459622	1474
206459721	1474
206459842	1474
206459934	1474
206460040	1474
207258115	1474
207258436	1474
207258762	1474
207258892	1474
207259003	1474
207259118	1474
207259242	1474
207259378	1474
207259532	1474
207259654	1474
207259744	1474
207259862	1474
207259958	1474
207260082	1474
207260231	1474
207260427	1474
207260537	1474
208058095	1474
208058380	1474
208058508	1474
208058737	1474
208058864	1474
208058961	1474
208059047	1474
208059163	1474
208059260	1474
208059356	1474
208059447	1474
208059573	1474
208059669	1474
208059760	1474
208059852	1474
208059976	1474
208060096	1474
208060191	1474
208860420	1474
208860651	1474
208860756	1474
208860880	1474
208860977	1474
208861069	1474
208861189	1474
208861286	1474
208861404	1474
208861497	1474
208861598	1474
208861695	1474
208861815	1474
208861932	1474
208862026	1474
208862147	1474
208862241	1474
209658501	1474
209658773	1474
209658898	1474
209658994	1474
209659113	1474
209659207	1474
209659300	1474
209659397	1474
209659491	1474
209659611	1474
209659705	1474
209659813	1474
209659909	1474
209660006	1474
209660127	1474
209660222	1474
209660346	1474
209660440	1474
210458763	1474
210458924	1474
210459022	1474
210459117	1474
210459272	1474
210459363	1474
210459457	1474
210459577	1474
210459697	1474
210459818	1474
210459931	1474
210460025	1474
210460120	1474
210460212	1474
210460331	1474
210460450	1474
210460545	1474
210460661	1474
211258436	1474
211258714	1474
211258816	1474
211258935	1474
211259124	1474
211259221	1474
211259340	1474
211259441	1474
211259559	1474
211259652	1474
211259771	1474
211259866	1474
211259958	1474
211260068	1474
211260163	1474
211260283	1474
211260377	1474
211260495	1474
212059923	1474
212060196	1474
212060388	1474
212060497	1474
212060595	1474
212060691	1474
212060914	1474
212061043	1474
212061199	1474
212061293	1474
212061387	1474
212061478	1474
212061572	1474
212061668	1474
212061763	1474
212061867	1474
212061960	1474
212062055	1474
212858220	1474
212858483	1474
212858621	1474
212858721	1474
212858813	1474
212858908	1474
212859001	1474
212859095	1474
212859213	1474
212859347	1474
212859444	1474
212859563	1474
212859655	1474
212859750	1474
212859845	1474
212859964	1474
212860056	1474
213658016	1474
213658328	1474
213658546	1474
213658674	1474
213658768	1474
213658887	1474
213658986	1474
213659081	1474
213659176	1474
213659265	1474
213659357	1474
213659464	1474
213659562	1474
213659655	1474
213659773	1474
213659868	1474
213659988	1474
214461202	1474
214461455	1474
214461582	1474
214461678	1474
214461799	1474
214461897	1474
214461990	1474
214462110	1474
214462206	1474
214462301	1474
214462396	1474
214462513	1474
214462672	1474
214462768	1474
214462863	1474
214462959	1474
214463054	1474
214463145	1474
215259185	1474
215259309	1474
215259402	1474
215259519	1474
215259614	1474
215259736	1474
215259832	1474
215259929	1474
215260025	1474
215260145	1474
215260241	1474
215260336	1474
215260455	1474
215260551	1474
215260676	1474
215260797	1474
215260916	1474
215261012	1474
216058344	1474
216058610	1474
216058747	1474
216058862	1474
216058954	1474
216059073	1474
216059167	1474
216059263	1474
216059383	1474
216059478	1474
216059599	1474
216059717	1474
216059897	1474
216059994	1474
216060092	1474
216060210	1474
216859652	1474
216859867	1474
216860005	1474
216860105	1474
216860200	1474
216860294	1474
216860390	1474
216860630	1474
216860733	1474
216860830	1474
216860936	1474
216861032	1474
216861123	1474
216861218	1474
216861314	1474
216861436	1474
216861557	1474
217659362	1474
217659617	1474
217659713	1474
217659831	1474
217659928	1474
217660047	1474
217660177	1474
217660297	1474
217660419	1474
217660540	1474
217660635	1474
217660754	1474
217660853	1474
217660971	1474
217661094	1474
217661191	1474
217661286	1474
217661380	1474
218458569	1474
218458833	1474
218458933	1474
218459053	1474
218459171	1474
218459279	1474
218459397	1474
218459491	1474
218459586	1474
218459679	1474
218459773	1474
218459868	1474
218459962	1474
218460082	1474
218460176	1474
218460284	1474
219258324	1474
219258638	1474
219258739	1474
219258836	1474
219258963	1474
219259059	1474
219259179	1474
219259272	1474
219259407	1474
219259526	1474
219259618	1474
219259738	1474
219259860	1474
219259989	1474
219260108	1474
219260201	1474
219260295	1474
220059058	1474
220059290	1474
220059386	1474
220059538	1474
220059659	1474
220059776	1474
220059895	1474
220059987	1474
220060081	1474
220060198	1474
220060293	1474
220060385	1474
220060488	1474
220060608	1474
220060700	1474
220060796	1474
220060890	1474
220061009	1474
220858490	1474
220858764	1474
220858862	1474
220858981	1474
220859101	1474
220859194	1474
220859285	1474
220859379	1474
220859498	1474
220859589	1474
220859721	1474
220859813	1474
220859929	1474
220860060	1474
220860178	1474
220860264	1474
221660857	1474
221661038	1474
221661132	1474
221661248	1474
221661340	1474
221661434	1474
221661549	1474
221661642	1474
221661819	1474
221661915	1474
221662007	1474
221662102	1474
221662219	1474
221662336	1474
221662454	1474
221662545	1474
222459564	1474
222459765	1474
222459908	1474
222460010	1474
222460107	1474
222460204	1474
222460389	1474
222460489	1474
222460610	1474
222460728	1474
222460862	1474
222460995	1474
222461091	1474
222461207	1474
222461299	1474
222461391	1474
222461485	1474
222461578	1474
223258805	1474
223259081	1474
223259179	1474
223259299	1474
223259393	1474
223259512	1474
223259608	1474
223259727	1474
223259820	1474
223259913	1474
223260003	1474
223260111	1474
223260207	1474
223260302	1474
223260396	1474
223260516	1474
223260635	1474
224062621	1474
224062896	1474
224063018	1474
224063138	1474
224063305	1474
224063435	1474
224063562	1474
224063769	1474
224063899	1474
224064329	1474
224064429	1474
224064525	1474
224064620	1474
224064714	1474
224064807	1474
224064926	1474
224065019	1474
224065113	1474
224593847	1474
224593971	1474
224594086	1474
224594230	1474
224594368	1474
224594464	1474
224594590	1474
224594696	1474
224594797	1474
224594897	1474
224594994	1474
224595119	1474
224595226	1474
224595329	1474
224595427	1474
224595523	1474
225659585	1474
225659702	1474
225659790	1474
225659910	1474
225660030	1474
225660144	1474
225660262	1474
225660389	1474
225660487	1474
225660584	1474
225660706	1474
225660819	1474
225660935	1474
225661033	1474
225661154	1474
225661266	1474
225661386	1474
226459002	1474
226459317	1474
226459411	1474
226459568	1474
226459665	1474
226459782	1474
226460002	1474
226460102	1474
226460230	1474
226460317	1474
226460436	1474
226460561	1474
226460672	1474
226460770	1474
226460899	1474
226461009	1474
226461132	1474
226461261	1474
226991935	1474
226992235	1474
226992328	1474
226992433	1474
226992545	1474
226992666	1474
226992931	1474
226993047	1474
226993139	1474
226993240	1474
226993327	1474
226993431	1474
226993514	1474
226993608	1474
226993704	1474
226993804	1474
228058991	1474
228059127	1474
228059252	1474
228059391	1474
228059487	1474
228059687	1474
228059822	1474
228059944	1474
228060038	1474
228060155	1474
228060244	1474
228060335	1474
228060452	1474
228060569	1474
228060662	1474
228060778	1474
228060908	1474
228061027	1474
228858679	1474
228858811	1474
228858933	1474
228859042	1474
228859141	1474
228859231	1474
228859347	1474
228859437	1474
228859529	1474
228859621	1474
228859714	1474
228859830	1474
228859921	1474
228860027	1474
228860121	1474
228860236	1474
228860353	1474
228860445	1474
229660059	1474
229660339	1474
229660553	1474
229660656	1474
229660750	1474
229660866	1474
229661135	1474
229661247	1474
229661344	1474
229661458	1474
229661575	1474
229661668	1474
229661764	1474
229661856	1474
229661948	1474
229662068	1474
229662166	1474
230462068	1474
230462326	1474
230462460	1474
230462559	1474
230462741	1474
230462843	1474
230462980	1474
230463080	1474
230463183	1474
230463305	1474
230463428	1474
230463578	1474
230463863	1474
230463992	1474
230464625	1474
230464851	1474
230464962	1474
230465061	1474
231258890	1474
231259125	1474
231259261	1474
231259364	1474
231259469	1474
231259580	1474
231259704	1474
231259805	1474
231259929	1474
231260053	1474
231260156	1474
231260278	1474
231260399	1474
231260495	1474
231260617	1474
231260743	1474
231260868	1474
231260967	1474
232062503	1474
232062833	1474
232062936	1474
232063058	1474
232063156	1474
232063265	1474
232063357	1474
232063479	1474
232063770	1474
232063874	1474
232064385	1474
232064516	1474
232064644	1474
232064766	1474
232064885	1474
232065013	1474
232065108	1474
232065197	1474
232858936	1474
232859100	1474
232859225	1474
232859327	1474
232859448	1474
232859598	1474
232859848	1474
232859973	1474
232860249	1474
232860383	1474
232860483	1474
232860580	1474
232860677	1474
232860782	1474
232860881	1474
232860979	1474
232861093	1474
233659314	1474
233659609	1474
233659736	1474
233659858	1474
233659997	1474
233660098	1474
233660199	1474
233660293	1474
233660391	1474
233660503	1474
233660603	1474
233660724	1474
233660814	1474
233660928	1474
233661029	1474
233661144	1474
234458900	1474
234459178	1474
234459278	1474
234459379	1474
234459524	1474
234459642	1474
234459763	1474
234459896	1474
234460017	1474
234460179	1474
234460276	1474
234460403	1474
234460500	1474
234460598	1474
234460702	1474
234460798	1474
235260883	1474
235261020	1474
235261122	1474
235261228	1474
235261326	1474
235261451	1474
235261576	1474
235261672	1474
235261851	1474
235261977	1474
235262100	1474
235262208	1474
235262333	1474
235262567	1474
235262724	1474
235262855	1474
235263088	1474
235263735	1474
236061539	1474
236061653	1474
236061771	1474
236061870	1474
236062010	1474
236062140	1474
236062292	1474
236062706	1474
236062870	1474
236063195	1474
236063326	1474
236063960	1474
236064077	1474
236064197	1474
236064297	1474
236064449	1474
236064566	1474
236861162	1474
236861283	1474
236861407	1474
236861503	1474
236861622	1474
236861739	1474
236861831	1474
236861924	1474
236862014	1474
236862108	1474
236862227	1474
236862347	1474
236862481	1474
236862612	1474
236862737	1474
236862872	1474
236862994	1474
237392287	1474
237392531	1474
237392656	1474
237392775	1474
237392892	1474
237393010	1474
237393104	1474
237393222	1474
237393315	1474
237393432	1474
237393641	1474
237393758	1474
237393848	1474
237393965	1474
237394059	1474
237394152	1474
238192750	1474
238192990	1474
238193130	1474
238193250	1474
238193344	1474
238193437	1474
238193531	1474
238193658	1474
238193756	1474
238193852	1474
238193944	1474
238194037	1474
238194157	1474
238194251	1474
238194343	1474
238194462	1474
238194608	1474
238992552	1474
238992729	1474
238992866	1474
238992966	1474
238993059	1474
238993155	1474
238993272	1474
238993392	1474
238993483	1474
238993574	1474
238993667	1474
238993789	1474
238993894	1474
238993990	1474
238994083	1474
238994174	1474
238994267	1474
239792905	1474
239793148	1474
239793256	1474
239793353	1474
239793448	1474
239793569	1474
239793691	1474
239793782	1474
239793876	1474
239793984	1474
239794104	1474
239794200	1474
239794318	1474
239794412	1474
239794555	1474
239794695	1474
239794792	1474
239794922	1474
240592542	1474
240592818	1474
240592917	1474
240593074	1474
240593178	1474
240593301	1474
240593404	1474
240593527	1474
240593653	1474
240593904	1474
240594004	1474
240594130	1474
240594245	1474
240594346	1474
240594493	1474
240594665	1474
240594761	1474
241393280	1474
241393561	1474
241393676	1474
241393797	1474
241393892	1474
241394017	1474
241394119	1474
241394224	1474
241394326	1474
241394426	1474
241394576	1474
241394764	1474
241394886	1474
241395006	1474
241395121	1474
241395233	1474
241395335	1474
241395445	1474
242192894	1474
242193235	1474
242193339	1474
242193447	1474
242193563	1474
242193807	1474
242193936	1474
242194078	1474
242194204	1474
242194328	1474
242194482	1474
242194713	1474
242194807	1474
242194923	1474
242195051	1474
242195153	1474
242195248	1474
242995356	1474
242995483	1474
242995623	1474
242995728	1474
242995854	1474
242996141	1474
242996271	1474
242996380	1474
242996510	1474
242996610	1474
242996737	1474
242996837	1474
242996936	1474
242997047	1474
242997148	1474
242997265	1474
242997387	1474
243792978	1474
243793262	1474
243793380	1474
243793487	1474
243793596	1474
243793723	1474
243793878	1474
243794088	1474
243794186	1474
243794310	1474
243794406	1474
243794541	1474
243794913	1474
243795026	1474
243795131	1474
243795230	1474
243795361	1474
243795482	1474
244593508	1474
244593937	1474
244594067	1474
244594196	1474
244594334	1474
244594487	1474
244594737	1474
244594850	1474
244594964	1474
244595095	1474
244595184	1474
244595301	1474
244595397	1474
244595484	1474
244595583	1474
244595677	1474
244595804	1474
245393504	1474
245393668	1474
245394016	1474
245394144	1474
245394388	1474
245394491	1474
245394710	1474
245394811	1474
245394969	1474
245395070	1474
245395187	1474
245395298	1474
245395395	1474
245395494	1474
245395632	1474
245395743	1474
245395844	1474
246194726	1474
246194899	1474
246195014	1474
246195157	1474
246195329	1474
246195443	1474
246195541	1474
246195651	1474
246195741	1474
246195834	1474
246195957	1474
246196051	1474
246196177	1474
246196321	1474
246196441	1474
246196576	1474
246196694	1474
246196789	1474
246994392	1474
246994646	1474
246994753	1474
246994918	1474
246995015	1474
246995522	1474
246995633	1474
246995725	1474
246995830	1474
246995930	1474
246996051	1474
246996150	1474
246996254	1474
246996365	1474
246996474	1474
246996617	1474
246996715	1474
247792872	1474
247793100	1474
247793281	1474
247793382	1474
247793516	1474
247793635	1474
247793938	1474
247794043	1474
247794135	1474
247794258	1474
247794388	1474
247794525	1474
247794681	1474
247794830	1474
247794975	1474
247795076	1474
248592597	1474
248592827	1474
248593106	1474
248593218	1474
248593359	1474
248593483	1474
248593805	1474
248593967	1474
248594078	1474
248594314	1474
248594439	1474
248594646	1474
248594805	1474
248594929	1474
248595035	1474
248595155	1474
248595276	1474
249396870	1474
249397060	1474
249397332	1474
249397454	1474
249397589	1474
249397754	1474
249397977	1474
249398067	1474
249398168	1474
249398266	1474
249398362	1474
249398470	1474
249398624	1474
249398803	1474
249398922	1474
249399023	1474
249399114	1474
249399249	1474
250193130	1474
250193308	1474
250193408	1474
250193522	1474
250193632	1474
250193747	1474
250193839	1474
250193985	1474
250194085	1474
250194185	1474
250194291	1474
250194387	1474
250194508	1474
250194735	1474
250194869	1474
250194995	1474
250195091	1474
250195213	1474
250993652	1474
250993950	1474
250994170	1474
250994261	1474
250994354	1474
250994460	1474
250994687	1474
250994910	1474
250995050	1474
250995172	1474
250995294	1474
250995396	1474
250995493	1474
250995611	1474
250995702	1474
250995797	1474
250995904	1474
250996048	1474
251793691	1474
251793992	1474
251794173	1474
251794495	1474
251794680	1474
251794805	1474
251795108	1474
251795246	1474
251795373	1474
251795506	1474
251795626	1474
251795720	1474
251795826	1474
251795942	1474
251796038	1474
251796127	1474
251796237	1474
252595252	1474
252595545	1474
252595645	1474
252595789	1474
252595890	1474
252595984	1474
252596074	1474
252596197	1474
252596303	1474
252596399	1474
252596510	1474
252596603	1474
252596697	1474
252596817	1474
252596944	1474
252597046	1474
252597159	1474
253393961	1474
253394210	1474
253394645	1474
253394781	1474
253394932	1474
253395151	1474
253395265	1474
253395363	1474
253395530	1474
253395677	1474
253395781	1474
253395903	1474
253396000	1474
253396100	1474
253396197	1474
253396307	1474
253396428	1474
253396554	1474
254194394	1474
254194658	1474
254194763	1474
254194899	1474
254194996	1474
254195118	1474
254195258	1474
254195486	1474
254195588	1474
254195796	1474
254195889	1474
254195982	1474
254196096	1474
254196217	1474
254196331	1474
254196459	1474
254196567	1474
254993075	1474
254993354	1474
254993576	1474
254993847	1474
254994048	1474
254994512	1474
254994795	1474
254994971	1474
254995140	1474
254995280	1474
254995448	1474
254995588	1474
254995729	1474
254995907	1474
254996050	1474
254996191	1474
254996335	1474
255794432	1474
255794803	1474
255794975	1474
255795229	1474
255795452	1474
255795711	1474
255795863	1474
255796028	1474
255796195	1474
255796330	1474
255796475	1474
255796614	1474
255796755	1474
255796933	1474
255797071	1474
255797236	1474
255797379	1474
255797545	1474
256594004	1474
256594190	1474
256594363	1474
256594590	1474
256594839	1474
256595025	1474
256595194	1474
256595360	1474
256595529	1474
256595692	1474
256595832	1474
256595974	1474
256596131	1474
256596296	1474
256596439	1474
256596578	1474
257393987	1474
257394224	1474
257394453	1474
257394760	1474
257395020	1474
257395249	1474
257395403	1474
257395568	1474
257395712	1474
257395855	1474
257396018	1474
257396157	1474
257396342	1474
257396502	1474
257396663	1474
257396806	1474
258197931	1474
258198109	1474
258198221	1474
258198345	1474
258198475	1474
258198644	1474
258198799	1474
258199043	1474
258199166	1474
258199272	1474
258199411	1474
258199510	1474
258199606	1474
258199728	1474
258199833	1474
258199953	1474
258994172	1474
258994321	1474
258994418	1474
258994638	1474
258994743	1474
258994894	1474
258995139	1474
258995227	1474
258995337	1474
258995457	1474
258995586	1474
258995706	1474
258995828	1474
258995941	1474
258996047	1474
258996170	1474
259794460	1474
259794733	1474
259794826	1474
259794919	1474
259795034	1474
259795155	1474
259795280	1474
259795402	1474
259795554	1474
259795657	1474
259795754	1474
259795877	1474
259795975	1474
259796073	1474
259796171	1474
259796291	1474
259796425	1474
259796518	1474
260595052	1474
260595203	1474
260595313	1474
260595405	1474
260595503	1474
260595627	1474
260595741	1474
260595883	1474
260596006	1474
260596131	1474
260596282	1474
260596400	1474
260596500	1474
260596607	1474
260596726	1474
260596895	1474
260597020	1474
260597159	1474
261393882	1474
261394058	1474
261394173	1474
261394289	1474
261394388	1474
261394512	1474
261394862	1474
261394987	1474
261395087	1474
261395225	1474
261395334	1474
261395438	1474
261395543	1474
261395673	1474
261395778	1474
261395907	1474
261396037	1474
261396159	1474
262194745	1474
262195003	1474
262195259	1474
262195360	1474
262195493	1474
262195644	1474
262195874	1474
262195977	1474
262196504	1474
262196643	1474
262196772	1474
262196869	1474
262196989	1474
262197097	1474
262197200	1474
262197312	1474
262197436	1474
262994001	1474
262994156	1474
262994253	1474
262994378	1474
262994496	1474
262994671	1474
262994764	1474
262994883	1474
262995007	1474
262995104	1474
262995226	1474
262995346	1474
262995450	1474
262995562	1474
262995684	1474
262995822	1474
263794241	1474
263794404	1474
263794505	1474
263794771	1474
263794905	1474
263795146	1474
263795249	1474
263795385	1474
263795668	1474
263795796	1474
263795930	1474
263796026	1474
263796141	1474
263796266	1474
263796386	1474
263796511	1474
263796636	1474
263796747	1474
264594100	1474
264594213	1474
264594412	1474
264594521	1474
264594741	1474
264594948	1474
264595101	1474
264595236	1474
264595353	1474
264595691	1474
264595826	1474
264595926	1474
264596030	1474
264596127	1474
264596247	1474
264596340	1474
264596459	1474
264596596	1474
265395999	1474
265396184	1474
265396276	1474
265396488	1474
265396578	1474
265396692	1474
265396813	1474
265396928	1474
265397053	1474
265397191	1474
265397311	1474
265397408	1474
265397531	1474
265397669	1474
265397791	1474
265397923	1474
265398059	1474
266194727	1474
266195082	1474
266195312	1474
266195416	1474
266195505	1474
266195620	1474
266195743	1474
266195879	1474
266195988	1474
266196150	1474
266196278	1474
266196405	1474
266196508	1474
266196612	1474
266196718	1474
266196823	1474
266196934	1474
266994893	1474
266995242	1474
266995389	1474
266995487	1474
266995705	1474
266995884	1474
266996094	1474
266996232	1474
266996329	1474
266996429	1474
266996550	1474
266996665	1474
266996786	1474
266996921	1474
266997019	1474
266997134	1474
266997270	1474
267794100	1474
267794359	1474
267794457	1474
267794596	1474
267794750	1474
267795053	1474
267795308	1474
267795453	1474
267795579	1474
267795704	1474
267795804	1474
267795941	1474
267796055	1474
267796177	1474
267796301	1474
267796412	1474
267796511	1474
267796609	1474
268595514	1474
268595630	1474
268595725	1474
268595821	1474
268595910	1474
268596002	1474
268596096	1474
268596210	1474
268596326	1474
268596419	1474
268596517	1474
268596636	1474
268596753	1474
268596844	1474
268596936	1474
268597029	1474
268597147	1474
269396261	1474
269396356	1474
269396473	1474
269396600	1474
269396739	1474
269396939	1474
269397040	1474
269397134	1474
269397228	1474
269397319	1474
269397413	1474
269397505	1474
269397598	1474
269397698	1474
269397794	1474
269397909	1474
269398004	1474
269398096	1474
270195063	1474
270195378	1474
270195696	1474
270195887	1474
270196043	1474
270196230	1474
270196396	1474
270196531	1474
270196700	1474
270196837	1474
270196971	1474
270197131	1474
270197266	1474
270197404	1474
270197538	1474
270197680	1474
270197819	1474
270997126	1474
270997290	1474
270997427	1474
270997654	1474
270997859	1474
270998047	1474
270998223	1474
270998416	1474
270998588	1474
270998950	1474
270999119	1474
270999268	1474
270999405	1474
270999566	1474
270999721	1474
270999944	1474
271000080	1474
271000217	1474
271795831	1474
271796041	1474
271796224	1474
271796481	1474
271796698	1474
271796869	1474
271797088	1474
271797195	1474
271797324	1474
271797453	1474
271797556	1474
271797660	1474
271797763	1474
271797889	1474
271798103	1474
271798200	1474
271798364	1474
271798544	1474
272595285	1474
272595571	1474
272595714	1474
272595885	1474
272596195	1474
272596372	1474
272596534	1474
272596671	1474
272596831	1474
272596992	1474
272597160	1474
272597323	1474
272597486	1474
272597621	1474
272597783	1474
272597945	1474
272598136	1474
272598343	1474
273394769	1474
273394973	1474
273395113	1474
273395315	1474
273395551	1474
273395760	1474
273395927	1474
273396088	1474
273396263	1474
273396425	1474
273396561	1474
273396721	1474
273396856	1474
273396992	1474
273397128	1474
273397273	1474
273397409	1474
273397545	1474
274196707	1474
274196871	1474
274197008	1474
274197202	1474
274197395	1474
274197615	1474
274197780	1474
274197941	1474
274198077	1474
274198240	1474
274198451	1474
274198671	1474
274198884	1474
274199385	1474
274199594	1474
274199836	1474
274998358	1474
274998594	1474
274998756	1474
274999049	1474
274999248	1474
274999512	1474
274999736	1474
274999947	1474
275000119	1474
275000363	1474
275000502	1474
275000680	1474
275000817	1474
275000953	1474
275001090	1474
275001226	1474
275001367	1474
275796417	1474
275796555	1474
275796691	1474
275796888	1474
275797085	1474
275797294	1474
275797432	1474
275797568	1474
275797729	1474
275797915	1474
275798051	1474
275798189	1474
275798384	1474
275798712	1474
275798963	1474
275799190	1474
275799356	1474
275799543	1474
276595964	1474
276596197	1474
276596338	1474
276596598	1474
276596814	1474
276597018	1474
276597157	1474
276597292	1474
276597428	1474
276597588	1474
276597768	1474
276597907	1474
276598056	1474
276598194	1474
276598356	1474
276598598	1474
276598837	1474
277395803	1474
277396028	1474
277396205	1474
277396372	1474
277396566	1474
277396807	1474
277396971	1474
277397117	1474
277397277	1474
277397414	1474
277397573	1474
277397708	1474
277397867	1474
277398002	1474
277398176	1474
277398335	1474
277398471	1474
277398683	1474
278195472	1474
278195837	1474
278196073	1474
278196289	1474
278196507	1474
278196650	1474
278196941	1474
278197132	1474
278197315	1474
278197479	1474
278197623	1474
278197763	1474
278197929	1474
278198093	1474
278198245	1474
278198408	1474
278198726	1474
278198931	1474
278995282	1474
278995657	1474
278995804	1474
278995949	1474
278996210	1474
278996441	1474
278996667	1474
278996838	1474
278997006	1474
278997149	1474
278997311	1474
278997468	1474
278997610	1474
278997777	1474
278997940	1474
278998106	1474
278998248	1474
278998420	1474
279797433	1474
279797711	1474
279797879	1474
279798019	1474
279798202	1474
279798401	1474
279798661	1474
279798804	1474
279799048	1474
279799274	1474
279799930	1474
279800096	1474
279800243	1474
279800369	1474
279800493	1474
279800630	1474
280595995	1474
280596241	1474
280596413	1474
280596553	1474
280596743	1474
280596944	1474
280597202	1474
280597367	1474
280597529	1474
280597703	1474
280597868	1474
280598030	1474
280598167	1474
280598333	1474
280598497	1474
280598724	1474
280598899	1474
281395157	1474
281395373	1474
281395516	1474
281395658	1474
281395834	1474
281395972	1474
281396188	1474
281396405	1474
281396626	1474
281396764	1474
281396919	1474
281397060	1474
281397224	1474
281397360	1474
281397520	1474
281397680	1474
281397825	1474
281397988	1474
282198617	1474
282198814	1474
282198983	1474
282199138	1474
282199337	1474
282199546	1474
282199817	1474
282200041	1474
282200213	1474
282200375	1474
282200539	1474
282200707	1474
282200844	1474
282200983	1474
282201231	1474
282201407	1474
282201586	1474
282201731	1474
283263875	1474
283264017	1474
283264184	1474
283264417	1474
283264619	1474
283264804	1474
283264970	1474
283265160	1474
283265314	1474
283265457	1474
283265599	1474
283265737	1474
283265878	1474
283266018	1474
283266180	1474
283266338	1474
283266479	1474
283266619	1474
284064258	1474
284064360	1474
284064459	1474
284064651	1474
284064753	1474
284064872	1474
284064993	1474
284065107	1474
284065243	1474
284065363	1474
284065456	1474
284065583	1474
284065681	1474
284065797	1474
284065981	1474
284066103	1474
284066207	1474
284864360	1474
284864536	1474
284864676	1474
284864843	1474
284865066	1474
284865300	1474
284865442	1474
284865642	1474
284865838	1474
284866245	1474
284866459	1474
284866671	1474
284866916	1474
284867086	1474
284867226	1474
284867389	1474
284867537	1474
284867700	1474
285664699	1474
285664844	1474
285665047	1474
285665269	1474
285665505	1474
285665648	1474
285665804	1474
285665974	1474
285666116	1474
285666340	1474
285666560	1474
285667290	1474
285667491	1474
285667634	1474
285667816	1474
285667962	1474
285668125	1474
286463773	1474
286464103	1474
286464248	1474
286464459	1474
286464679	1474
286464922	1474
286465062	1474
286465204	1474
286465368	1474
286465535	1474
286465699	1474
286465864	1474
286466108	1474
286466302	1474
286466823	1474
286467104	1474
286467252	1474
287262038	1474
287262270	1474
287262552	1474
287262718	1474
287262820	1474
287263073	1474
287263201	1474
287263324	1474
287263459	1474
287263668	1474
287263760	1474
287263882	1474
287263980	1474
287264088	1474
287264184	1474
287264284	1474
287264483	1474
287264607	1474
288062272	1474
288062417	1474
288062678	1474
288062776	1474
288062897	1474
288063124	1474
288063240	1474
288063330	1474
288063450	1474
288063567	1474
288063661	1474
288063754	1474
288063871	1474
288063988	1474
288064086	1474
288064221	1474
288064317	1474
288064434	1474
288862801	1474
288862948	1474
288863068	1474
288863161	1474
288863253	1474
288863370	1474
288863475	1474
288863568	1474
288863658	1474
288863776	1474
288863892	1474
288863984	1474
288864101	1474
288864217	1474
288864333	1474
288864432	1474
288864525	1474
289396094	1474
289396263	1474
289396382	1474
289396484	1474
289396602	1474
289396719	1474
289396837	1474
289396929	1474
289397045	1474
289397161	1474
289397253	1474
289397346	1474
289397440	1474
289397573	1474
289397689	1474
289397782	1474
290462444	1474
290462655	1474
290462758	1474
290462879	1474
290462972	1474
290463093	1474
290463297	1474
290463398	1474
290463492	1474
290463586	1474
290463737	1474
290463863	1474
290463961	1474
290464058	1474
290464146	1474
290464237	1474
290464326	1474
290464417	1474
291262849	1474
291263070	1474
291263194	1474
291263312	1474
291263407	1474
291263524	1474
291263618	1474
291263709	1474
291263800	1474
291263910	1474
291264003	1474
291264096	1474
291264211	1474
291264328	1474
291264444	1474
291264537	1474
291264629	1474
291264746	1474
292066246	1474
292066552	1474
292066730	1474
292066869	1474
292067215	1474
292067436	1474
292067549	1474
292068359	1474
292068622	1474
292068711	1474
292068864	1474
292069000	1474
292069093	1474
292069211	1474
292069334	1474
292069439	1474
292069581	1474
292069683	1474
292863590	1474
292863767	1474
292863862	1474
292863983	1474
292864076	1474
292864169	1474
292864276	1474
292864394	1474
292864487	1474
292864607	1474
292864728	1474
292864823	1474
292864916	1474
292865034	1474
292865130	1474
292865236	1474
292865329	1474
292865422	1474
293662901	1474
293663115	1474
293663217	1474
293663324	1474
293663447	1474
293663578	1474
293663677	1474
293663780	1474
293663898	1474
293663990	1474
293664084	1474
293664177	1474
293664289	1474
293664417	1474
293664507	1474
293664620	1474
293664713	1474
293664830	1474
294462855	1474
294463097	1474
294463196	1474
294463283	1474
294463464	1474
294463640	1474
294463758	1474
294463929	1474
294464021	1474
294464115	1474
294464236	1474
294464327	1474
294464440	1474
294464574	1474
294464692	1474
294464810	1474
294464925	1474
294465040	1474
295263654	1474
295263891	1474
295264056	1474
295264192	1474
295264355	1474
295264509	1474
295264657	1474
295264808	1474
295264971	1474
295265130	1474
295265290	1474
295265427	1474
295265562	1474
295265729	1474
295265866	1474
295266005	1474
295266141	1474
295266301	1474
296064789	1474
296065012	1474
296065178	1474
296065439	1474
296065581	1474
296065744	1474
296065895	1474
296066036	1474
296066173	1474
296066312	1474
296066449	1474
296066586	1474
296066771	1474
296066925	1474
296067087	1474
296067246	1474
296067407	1474
296863672	1474
296863869	1474
296864038	1474
296864205	1474
296864343	1474
296864506	1474
296864668	1474
296864832	1474
296864992	1474
296865173	1474
296865314	1474
296865474	1474
296865634	1474
296865774	1474
296865936	1474
296866089	1474
297663154	1474
297663397	1474
297663803	1474
297664023	1474
297664271	1474
297664437	1474
297664573	1474
297664737	1474
297664898	1474
297665038	1474
297665205	1474
297665343	1474
297665482	1474
297665623	1474
297665762	1474
297665902	1474
297666065	1474
298469851	1474
298470009	1474
298470244	1474
298470398	1474
298470706	1474
298470812	1474
298470901	1474
298471013	1474
298471109	1474
298471198	1474
298471292	1474
298471388	1474
298471510	1474
298471630	1474
298471727	1474
298471821	1474
298471942	1474
299267065	1474
299267215	1474
299267317	1474
299267540	1474
299267672	1474
299267771	1474
299267885	1474
299268025	1474
299268146	1474
299268285	1474
299268384	1474
299268501	1474
299268609	1474
299268710	1474
299268800	1474
299268897	1474
299269010	1474
299269150	1474
300065572	1474
300065730	1474
300065888	1474
300066041	1474
300066148	1474
300066252	1474
300066352	1474
300066476	1474
300066707	1474
300066813	1474
300066935	1474
300067033	1474
300067171	1474
300067284	1474
300067382	1474
300067495	1474
300067637	1474
300864192	1474
300864314	1474
300864531	1474
300864653	1474
300864760	1474
300864888	1474
300865012	1474
300865122	1474
300865244	1474
300865384	1474
300865499	1474
300865596	1474
300865682	1474
300865782	1474
300865915	1474
300866043	1474
301667851	1474
301668107	1474
301668205	1474
301668328	1474
301668463	1474
301668582	1474
301668719	1474
301668840	1474
301668942	1474
301669051	1474
301669149	1474
301669271	1474
301669392	1474
301669522	1474
301669832	1474
301669964	1474
302197193	1474
302197342	1474
302197465	1474
302197599	1474
302197723	1474
302197837	1474
302197945	1474
302198190	1474
302198296	1474
302198399	1474
302198535	1474
302198701	1474
302198829	1474
302198975	1474
302199090	1474
302199199	1474
302998972	1474
302999120	1474
302999269	1474
302999403	1474
302999500	1474
302999607	1474
302999699	1474
302999796	1474
302999928	1474
303000048	1474
303000173	1474
303000269	1474
303000411	1474
303000535	1474
303000656	1474
303000777	1474
303000893	1474
303798031	1474
303798211	1474
303798304	1474
303798437	1474
303798712	1474
303798999	1474
303799130	1474
303799242	1474
303799333	1474
303799438	1474
303799541	1474
303799683	1474
303799781	1474
303799913	1474
303800052	1474
303800172	1474
303800291	1474
303800432	1474
304597221	1474
304597372	1474
304597526	1474
304597667	1474
304597936	1474
304598065	1474
304598178	1474
304598274	1474
304598374	1474
304598674	1474
304598810	1474
304598949	1474
304599073	1474
304599199	1474
304599316	1474
304599414	1474
304599546	1474
305398015	1474
305398165	1474
305398267	1474
305398387	1474
305398717	1474
305398864	1474
305398955	1474
305399053	1474
305399197	1474
305399292	1474
305399386	1474
305399526	1474
305399637	1474
305399734	1474
305399910	1474
305400019	1474
305400142	1474
305400257	1474
306464321	1474
306464623	1474
306464746	1474
306464839	1474
306464947	1474
306465087	1474
306465206	1474
306465333	1474
306465456	1474
306465558	1474
306465650	1474
306465748	1474
306465866	1474
306465977	1474
306466141	1474
306466230	1474
306466353	1474
306466474	1474
306996920	1474
306997316	1474
306997445	1474
306997566	1474
306997688	1474
306997795	1474
306997923	1474
306998023	1474
306998174	1474
306998270	1474
306998367	1474
306998465	1474
306998654	1474
306998750	1474
306998866	1474
306998962	1474
