5946881	58
5949440	54
6168995	1474
6169343	1474
6186356	1474
6186708	1474
6186929	1474
6187545	1474
6208094	1474
6208338	1474
6208529	1474
6208962	954
6343907	1474
6344155	1474
6344275	1474
6344376	1474
6344530	1474
6344818	1474
6345134	1474
6345441	1474
6345851	1474
6346486	1474
6346722	1474
6354202	1474
6354354	1474
6354911	746
6507030	1474
6507156	1474
6507711	1474
6507925	1474
6508044	1474
6508141	1474
6508364	1474
6508517	1474
6508771	1474
6508907	1474
6509206	1474
6509536	1474
6509671	1474
6509800	1474
6510051	1474
6510347	1474
6510498	1474
6510857	538
6511190	1474
6511387	1474
6511497	1474
6511595	1266
6680770	1474
6680973	1474
6681276	1474
6681565	1474
6681762	1474
6682929	1474
6683679	1110
6684102	1474
6684222	1474
6684812	1318
6685115	1474
6685295	1474
6685493	1474
6685623	1474
6685730	1474
6685842	1162
6686175	1474
6686330	1474
6687104	1474
6687587	1266
6687695	1474
6687875	1474
6688133	1318
6688229	1474
6688351	1474
6688622	1474
6689039	1474
6689233	1474
6689873	1474
6690222	1474
6690324	1474
6690446	1474
6690593	1474
6690701	1474
6693696	1474
6694001	798
6848141	1474
6848638	1474
6848780	1474
6848876	1474
6849006	1214
6851000	1474
6851097	1474
6851225	1474
6851340	1474
6851447	1474
6851845	1474
6851980	1474
6852154	1474
6852409	1474
6852536	1474
6852797	1474
6852973	1474
6853102	1474
6853274	1474
6853387	1474
6853506	642
6853785	1474
6854113	1474
6854270	1318
6854375	1474
6854473	1474
6854961	1474
6855347	1266
6855626	1474
6855910	1474
6856031	1474
6856739	1474
6856965	1474
6857075	1474
6857173	1474
6857271	1474
6857395	1474
6857705	1474
6857929	1474
6858041	1474
6858163	1474
6858263	1474
6858382	1474
6858508	1474
6858824	1474
6858947	1474
6859328	1474
6859550	1474
6859687	1474
6859785	1474
6859901	1474
6860007	1474
6860242	1474
6860343	1474
6860452	1438
7021459	1474
7021843	1474
7021938	1474
7022083	1266
7022829	1474
7022942	1474
7023207	1318
7023307	1474
7023897	1474
7024043	1474
7024187	1474
7024307	1474
7024426	1162
7024515	1474
7024645	1474
7024742	1318
7024863	1474
7024961	1474
7025076	1474
7025197	1474
7025299	1474
7025417	1474
7025512	1474
7025630	1474
7025728	1474
7025847	1474
7025966	1474
7026101	1474
7026196	1474
7026319	1474
7026416	1474
7026535	1474
7026753	590
7068013	1474
7068241	1474
7068343	1474
7068440	1474
7068571	1474
7069587	1474
7069728	1474
7069826	1474
7069925	1474
7070049	1474
7070169	1474
7070292	1474
7070391	1474
7070527	1474
7070697	1474
7070812	1474
7070930	1474
7071041	1474
7071137	1474
7197532	1474
7197708	1474
7197808	1474
7197905	1474
7198019	1474
7198118	1474
7198240	1474
7198362	1474
7198485	1474
7198730	1474
7198853	1474
7198949	1474
7199070	1474
7199204	1474
7199304	1474
7199399	1474
7199526	1474
7199639	1474
7733707	1474
7734012	1474
7734142	1474
7734295	1474
7734654	1474
7734763	1474
7734865	1474
7734964	1474
7735063	1474
7735164	1474
7735302	1474
7735451	1474
7735548	1474
7735670	1474
7735791	1474
7735900	1474
7736000	1474
7736108	1474
8525651	1474
8525931	1474
8526081	1474
8526179	1474
8526280	1474
8526387	1474
8526486	1474
8526613	1474
8526792	1474
8526930	1474
8527028	1474
8527152	1474
8527274	1474
8527390	1474
8527486	1474
8527605	1474
8527705	1474
8527797	1474
9324695	1474
9324984	1474
9325120	1474
9325224	1474
9325335	1474
9325474	1474
9325620	1474
9325747	1474
9325883	1474
9325980	1474
9326108	1474
9326210	1474
9326326	1474
9326465	1474
9326584	1474
9326794	1474
10129556	1474
10129698	1474
10129837	1474
10130067	1474
10130291	1474
10130462	1474
10130603	1474
10130814	1474
10130956	1474
10131108	1474
10131250	1474
10131409	1474
10131548	1474
10131708	1474
10131848	1474
10132018	1474
10132158	1474
10925461	1474
10925663	1474
10925787	1474
10925903	1474
10926025	1474
10926163	1474
10926261	1474
10926360	1474
10926486	1474
10926729	1474
10926845	1474
10926969	1474
10927091	1474
10927229	1474
10927357	1474
10927741	1474
10927851	1474
10927989	1474
11724998	1474
11725231	1474
11725430	1474
11725511	1474
11725599	1474
11725734	1474
11725916	1474
11726010	1474
11726336	1474
11726431	1474
11726524	1474
11726697	1474
11726816	1474
11726944	1474
11727039	1474
11727127	1474
11727264	1474
12525537	1474
12525735	1474
12526031	1474
12526134	1474
12526260	1474
12526382	1474
12526490	1474
12526751	1474
12526850	1474
12526953	1474
12527075	1474
12527226	1474
12527422	1474
12527545	1474
12527682	1474
12527779	1474
13058057	1474
13058330	1474
13058430	1474
13058529	1474
13058762	1474
13058879	1474
13059004	1474
13059102	1474
13059235	1474
13059355	1474
13059492	1474
13059602	1474
13059698	1474
13059807	1474
13059914	1474
13060022	1474
13060120	1474
13857960	1474
13858201	1474
13858549	1474
13858705	1474
13858836	1474
13858980	1474
13859187	1474
13859325	1474
13859425	1474
13859530	1474
13859652	1474
13859752	1474
13859845	1474
13859968	1474
13860065	1474
13860176	1474
13860272	1474
14660221	1474
14660502	1474
14660614	1474
14660817	1474
14660931	1474
14661043	1474
14661140	1474
14661240	1474
14661377	1474
14661477	1474
14661614	1474
14661736	1474
14661864	1474
14661963	1474
14662055	1474
14662210	1474
14662309	1474
14662431	1474
15458106	1474
15458537	1474
15458985	1474
15459196	1474
15459363	1474
15459517	1474
15459680	1474
15459840	1474
15459978	1474
15460115	1474
15460276	1474
15460452	1474
15460621	1474
15460784	1474
15460921	1474
15461056	1474
15461217	1474
16257768	1474
16257981	1474
16258364	1474
16258472	1474
16258664	1474
16258778	1474
16258904	1474
16259016	1474
16259118	1474
16259261	1474
16259360	1474
16259480	1474
16259621	1474
16259743	1474
16259840	1474
16259984	1474
16260096	1474
16260196	1474
17324429	1474
17324646	1474
17324767	1474
17324884	1474
17324981	1474
17325186	1474
17325314	1474
17325409	1474
17325539	1474
17325632	1474
17325751	1474
17325868	1474
17325984	1474
17326076	1474
17326168	1474
17326284	1474
17326399	1474
17326544	1474
18125052	1474
18125280	1474
18125400	1474
18125494	1474
18125610	1474
18125721	1474
18125803	1474
18125886	1474
18126000	1474
18126134	1474
18126225	1474
18126317	1474
18126432	1474
18126545	1474
18126690	1474
18126779	1474
18126862	1474
18126944	1474
18925025	1474
18925123	1474
18925214	1474
18925332	1474
18925567	1474
18925711	1474
18925831	1474
18925948	1474
18926040	1474
18926158	1474
18926274	1474
18926389	1474
18926480	1474
18926632	1474
18926761	1474
18926877	1474
18926974	1474
19725177	1474
19725300	1474
19725494	1474
19725610	1474
19725731	1474
19725933	1474
19726061	1474
19726157	1474
19726285	1474
19726401	1474
19726539	1474
19726715	1474
19726800	1474
19726910	1474
19726993	1474
19727077	1474
19727159	1474
19727253	1474
20523958	1474
20524054	1474
20524164	1474
20524348	1474
20524441	1474
20524535	1474
20524655	1474
20524741	1474
20524841	1474
20524962	1474
20525054	1474
20525170	1474
20525261	1474
20525353	1474
20525468	1474
20525559	1474
20525650	1474
21324339	1474
21324487	1474
21324583	1474
21324700	1474
21324892	1474
21324993	1474
21325087	1474
21325180	1474
21325298	1474
21325391	1474
21325523	1474
21325640	1474
21325734	1474
21325851	1474
21325944	1474
21326061	1474
21326154	1474
21326274	1474
22124818	1474
22125040	1474
22125159	1474
22125248	1474
22125358	1474
22125446	1474
22125591	1474
22125767	1474
22125885	1474
22126004	1474
22126116	1474
22126205	1474
22126291	1474
22126377	1474
22126464	1474
22126917	1474
22127023	1474
22924586	1474
22924805	1474
22924899	1474
22924998	1474
22925093	1474
22925210	1474
22925329	1474
22925449	1474
22925569	1474
22925688	1474
22925788	1474
22925882	1474
22925971	1474
22926090	1474
22926186	1474
22926281	1474
22926400	1474
22926518	1474
23725093	1474
23725229	1474
23725422	1474
23725548	1474
23725760	1474
23725889	1474
23725986	1474
23726086	1474
23726184	1474
23726276	1474
23726414	1474
23726574	1474
23726811	1474
23726938	1474
23727035	1474
23727155	1474
23727251	1474
23727369	1474
24525363	1474
24525604	1474
24525725	1474
24525849	1474
24525943	1474
24526050	1474
24526144	1474
24526265	1474
24526362	1474
24526456	1474
24526575	1474
24526780	1474
24526873	1474
24527016	1474
24527144	1474
24527240	1474
24527338	1474
24527432	1474
25324312	1474
25324566	1474
25324682	1474
25324804	1474
25324904	1474
25325145	1474
25325274	1474
25325395	1474
25325493	1474
25325587	1474
25325693	1474
25325793	1474
25325897	1474
25326021	1474
25326116	1474
25326209	1474
25326305	1474
25326400	1474
26124558	1474
26124755	1474
26124884	1474
26125150	1474
26125256	1474
26125380	1474
26125505	1474
26125636	1474
26125753	1474
26125875	1474
26125994	1474
26126104	1474
26126243	1474
26126366	1474
26126466	1474
26126600	1474
26126729	1474
26126876	1474
26925385	1474
26925701	1474
26925918	1474
26926039	1474
26926143	1474
26926392	1474
26926498	1474
26926627	1474
26926863	1474
26927010	1474
26927110	1474
26927217	1474
26927343	1474
26927443	1474
26927577	1474
26927685	1474
26927827	1474
26927950	1474
27990967	1474
27991104	1474
27991244	1474
27991375	1474
27991670	1474
27991944	1474
27992065	1474
27992229	1474
27992322	1474
27992422	1474
27992519	1474
27992640	1474
27992756	1474
27992876	1474
27993005	1474
27993098	1474
27993200	1474
27993314	1474
28791957	1474
28792201	1474
28792343	1474
28792439	1474
28792683	1474
28792938	1474
28793040	1474
28793135	1474
28793252	1474
28793371	1474
28793471	1474
28793563	1474
28793655	1474
28793749	1474
28793885	1474
28793982	1474
28794101	1474
29592251	1474
29592599	1474
29592708	1474
29592806	1474
29592930	1474
29593026	1474
29593163	1474
29593256	1474
29593349	1474
29593447	1474
29593556	1474
29593652	1474
29593767	1474
29593904	1474
29594001	1474
29594090	1474
29594210	1474
29594307	1474
30390536	1474
30391107	1474
30391222	1474
30391343	1474
30391467	1474
30391743	1474
30392352	1474
30392485	1474
30392584	1474
30392681	1474
30392802	1474
30392913	1474
30393061	1474
30393163	1474
30393297	1474
30393412	1474
30393506	1474
30393636	1474
31192692	1474
31192998	1474
31193127	1474
31193260	1474
31193353	1474
31193448	1474
31193537	1474
31193629	1474
31193761	1474
31193880	1474
31193993	1474
31194088	1474
31194202	1474
31194307	1474
31194412	1474
31194532	1474
31194719	1474
31194830	1474
31993787	1474
31994038	1474
31994330	1474
31994433	1474
31994587	1474
31994731	1474
31994831	1474
31994931	1474
31995035	1474
31995134	1474
31995232	1474
31995342	1474
31995477	1474
31995599	1474
31995725	1474
31995837	1474
31995959	1474
32791405	1474
32791711	1474
32791829	1474
32791999	1474
32792153	1474
32792409	1474
32792584	1474
32792690	1474
32793257	1474
32793457	1474
32793581	1474
32793679	1474
32793802	1474
32793912	1474
32794020	1474
32794135	1474
32794277	1474
33591807	1474
33592028	1474
33592172	1474
33592268	1474
33592376	1474
33592503	1474
33592626	1474
33592722	1474
33592842	1474
33592971	1474
33593062	1474
33593157	1474
33593283	1474
33593380	1474
33593483	1474
33593637	1474
33593760	1474
33593880	1474
34390834	1474
34391008	1474
34391280	1474
34391501	1474
34391596	1474
34391900	1474
34392031	1474
34392182	1474
34392278	1474
34392373	1474
34392494	1474
34392614	1474
34392733	1474
34392827	1474
34392919	1474
34393011	1474
34393125	1474
34393222	1474
35191018	1474
35191731	1474
35191884	1474
35192007	1474
35192248	1474
35192352	1474
35192454	1474
35192577	1474
35192702	1474
35192806	1474
35192913	1474
35193034	1474
35193134	1474
35193221	1474
35193340	1474
35193438	1474
35193534	1474
35991297	1474
35991561	1474
35991674	1474
35991790	1474
35991902	1474
35992020	1474
35992116	1474
35992295	1474
35992408	1474
35992524	1474
35992620	1474
35992753	1474
35992874	1474
35992996	1474
35993109	1474
35993209	1474
35993322	1474
35993492	1474
36790665	1474
36791046	1474
36791450	1474
36791672	1474
36791803	1474
36791913	1474
36792194	1474
36792288	1474
36792409	1474
36792505	1474
36792602	1474
36792698	1474
36792826	1474
36792945	1474
36793068	1474
36793180	1474
36793277	1474
36793377	1474
37590363	1474
37590603	1474
37590895	1474
37591167	1474
37591565	1474
37591745	1474
37591990	1474
37592093	1474
37592188	1474
37592308	1474
37592428	1474
37592548	1474
37592647	1474
37592834	1474
37592962	1474
37593059	1474
37593178	1474
37593284	1474
38391309	1474
38391629	1474
38391741	1474
38391862	1474
38392016	1474
38392142	1474
38392242	1474
38392385	1474
38392490	1474
38392610	1474
38392706	1474
38392828	1474
38392931	1474
38393049	1474
38393146	1474
38393243	1474
38393364	1474
38393462	1474
39458264	1474
39458517	1474
39458687	1474
39458848	1474
39458979	1474
39459130	1474
39459386	1474
39459484	1474
39459584	1474
39459704	1474
39459833	1474
39459954	1474
39460083	1474
39460203	1474
39460326	1474
39460422	1474
39460519	1474
39460621	1474
40258003	1474
40258268	1474
40258374	1474
40258534	1474
40258747	1474
40258927	1474
40259024	1474
40259119	1474
40259240	1474
40259352	1474
40259487	1474
40259614	1474
40259726	1474
40259845	1474
40259934	1474
40260057	1474
40260154	1474
40791358	1474
40791630	1474
40791760	1474
40792367	1474
40792565	1474
40792673	1474
40792792	1474
40792922	1474
40793040	1474
40793170	1474
40793283	1474
40793379	1474
40793499	1474
40793584	1474
40793696	1474
40793816	1474
40793916	1474
41857916	1474
41858131	1474
41858261	1474
41858380	1474
41858499	1474
41858702	1474
41858932	1474
41859044	1474
41859170	1474
41859288	1474
41859409	1474
41859866	1474
41859973	1474
41860133	1474
41860301	1474
41860410	1474
41860519	1474
41860634	1474
42657445	1474
42657555	1474
42657673	1474
42657770	1474
42657909	1474
42658021	1474
42658115	1474
42658229	1474
42658366	1474
42658477	1474
42658642	1474
42658767	1474
42658887	1474
42658991	1474
42659131	1474
42659235	1474
42659372	1474
43457259	1474
43457447	1474
43457540	1474
43457691	1474
43457813	1474
43457968	1474
43458068	1474
43458183	1474
43458302	1474
43458400	1474
43458520	1474
43458694	1474
43458821	1474
43458969	1474
43459065	1474
43459153	1474
43459270	1474
43459390	1474
44257256	1474
44257467	1474
44257607	1474
44257729	1474
44257847	1474
44258066	1474
44258216	1474
44258321	1474
44258909	1474
44259126	1474
44259249	1474
44259345	1474
44259454	1474
44259557	1474
44259681	1474
44259802	1474
44259922	1474
44260044	1474
45057966	1474
45058171	1474
45058315	1474
45058907	1474
45059013	1474
45059315	1474
45059451	1474
45059575	1474
45059696	1474
45059786	1474
45059882	1474
45059981	1474
45060100	1474
45060245	1474
45060360	1474
45060482	1474
45060577	1474
45590498	1474
45590803	1474
45590934	1474
45591027	1474
45591130	1474
45591270	1474
45591387	1474
45591682	1474
45591822	1474
45591936	1474
45592221	1474
45592323	1474
45592414	1474
45592508	1474
45592601	1474
45592720	1474
45592808	1474
46390685	1474
46390981	1474
46391107	1474
46391234	1474
46391377	1474
46391514	1474
46391618	1474
46391722	1474
46391818	1474
46391947	1474
46392043	1474
46392170	1474
46392275	1474
46392374	1474
46392529	1474
46392666	1474
47190579	1474
47190937	1474
47191119	1474
47191395	1474
47191593	1474
47191784	1474
47191924	1474
47192090	1474
47192257	1474
47192396	1474
47192558	1474
47192699	1474
47192837	1474
47192999	1474
47193180	1474
47193319	1474
47193472	1474
47990604	1474
47991009	1474
47991098	1474
47991189	1474
47991281	1474
47991397	1474
47991511	1474
47991602	1474
47991693	1474
47991805	1474
47991897	1474
47991988	1474
47992104	1474
47992222	1474
47992337	1474
47992430	1474
47992520	1474
48791114	1474
48791398	1474
48791497	1474
48791587	1474
48791676	1474
48791766	1474
48791884	1474
48792001	1474
48792088	1474
48792179	1474
48792277	1474
48792402	1474
48792496	1474
48792587	1474
48792702	1474
48792818	1474
48792934	1474
48793024	1474
49857128	1474
49857369	1474
49857487	1474
49857605	1474
49857697	1474
49857791	1474
49857919	1474
49858126	1474
49858252	1474
49858537	1474
49858816	1474
49858930	1474
49859051	1474
49859169	1474
49859263	1474
49859357	1474
49859450	1474
49859565	1474
50657420	1474
50657593	1474
50657688	1474
50657893	1474
50658019	1474
50658112	1474
50658227	1474
50658345	1474
50658437	1474
50658595	1474
50658807	1474
50658905	1474
50658995	1474
50659109	1474
50659225	1474
50659337	1474
50659456	1474
50659563	1474
51458378	1474
51458479	1474
51458786	1474
51458888	1474
51459010	1474
51459287	1474
51459387	1474
51459476	1474
51459568	1474
51459688	1474
51459782	1474
51459875	1474
51459990	1474
51460081	1474
51460214	1474
51460307	1474
51460400	1474
51460519	1474
52256961	1474
52257179	1474
52257275	1474
52257366	1474
52257456	1474
52257549	1474
52257644	1474
52257770	1474
52257865	1474
52257957	1474
52258050	1474
52258169	1474
52258287	1474
52258405	1474
52258542	1474
52258707	1474
52258828	1474
52258921	1474
53057586	1474
53057867	1474
53057992	1474
53058111	1474
53058202	1474
53058293	1474
53058385	1474
53058527	1474
53058687	1474
53058803	1474
53058903	1474
53059019	1474
53059107	1474
53059197	1474
53059289	1474
53059380	1474
53059476	1474
53857280	1474
53857526	1474
53857619	1474
53857734	1474
53857850	1474
53857940	1474
53858056	1474
53858154	1474
53858272	1474
53858363	1474
53858454	1474
53858601	1474
53858763	1474
53858881	1474
53859004	1474
53859101	1474
53859208	1474
53859301	1474
54656987	1474
54657188	1474
54657313	1474
54657430	1474
54657524	1474
54657642	1474
54657883	1474
54658040	1474
54658157	1474
54658273	1474
54658365	1474
54658457	1474
54658605	1474
54658737	1474
54658873	1474
54658991	1474
54659084	1474
54659170	1474
55457995	1474
55458233	1474
55458334	1474
55458482	1474
55458638	1474
55458828	1474
55458938	1474
55459037	1474
55459135	1474
55459257	1474
55459408	1474
55459508	1474
55459631	1474
55459740	1474
55459883	1474
55459981	1474
55460093	1474
55460205	1474
56257124	1474
56257303	1474
56257450	1474
56257592	1474
56257757	1474
56257928	1474
56258095	1474
56258237	1474
56258375	1474
56258515	1474
56258726	1474
56258870	1474
56259267	1474
56259440	1474
56259836	1474
56259988	1474
56260407	1474
57057686	1474
57057852	1474
57057947	1474
57058070	1474
57058175	1474
57058291	1474
57058390	1474
57058528	1474
57058782	1474
57058911	1474
57059007	1474
57059138	1474
57059261	1474
57059375	1474
57059518	1474
57059647	1474
57059771	1474
57059869	1474
57856864	1474
57857002	1474
57857180	1474
57857300	1474
57857421	1474
57857638	1474
57857740	1474
57857833	1474
57857926	1474
57858019	1474
57858111	1474
57858204	1474
57858309	1474
57858401	1474
57858514	1474
57858645	1474
57858743	1474
58657189	1474
58657305	1474
58657429	1474
58657547	1474
58657640	1474
58657733	1474
58657826	1474
58657931	1474
58658030	1474
58658150	1474
58658243	1474
58658336	1474
58658429	1474
58658631	1474
58658727	1474
58658822	1474
58658928	1474
59457170	1474
59457371	1474
59457571	1474
59457666	1474
59457807	1474
59457923	1474
59458125	1474
59458226	1474
59458347	1474
59458441	1474
59458627	1474
59458750	1474
59458848	1474
59458964	1474
59459081	1474
59459177	1474
59459269	1474
59459387	1474
60258250	1474
60258369	1474
60258464	1474
60258577	1474
60258759	1474
60258883	1474
60259005	1474
60259103	1474
60259217	1474
60259336	1474
60259458	1474
60259594	1474
60259697	1474
60259808	1474
60259908	1474
60260032	1474
60260140	1474
61057129	1474
61057241	1474
61057379	1474
61057475	1474
61057596	1474
61057720	1474
61057871	1474
61057993	1474
61058111	1474
61058225	1474
61058349	1474
61058474	1474
61058790	1474
61058890	1474
61058990	1474
61059088	1474
61059188	1474
61059288	1474
61857310	1474
61857513	1474
61857659	1474
61857767	1474
61857893	1474
61858236	1474
61858368	1474
61858678	1474
61858902	1474
61859186	1474
61859451	1474
61859671	1474
61859849	1474
61860151	1474
61860368	1474
61860959	1474
62657409	1474
62657617	1474
62657718	1474
62657816	1474
62657911	1474
62658008	1474
62658142	1474
62658239	1474
62658359	1474
62658455	1474
62658645	1474
62658741	1474
62658834	1474
62658927	1474
62659046	1474
62659151	1474
63459093	1474
63459319	1474
63459438	1474
63459532	1474
63459624	1474
63459718	1474
63459824	1474
63459917	1474
63460011	1474
63460104	1474
63460196	1474
63460288	1474
63460406	1474
63460523	1474
63460618	1474
63460712	1474
63460823	1474
64257064	1474
64257250	1474
64257348	1474
64257457	1474
64257553	1474
64257671	1474
64257793	1474
64257914	1474
64258034	1474
64258153	1474
64258271	1474
64258364	1474
64258469	1474
64258623	1474
64258720	1474
64258838	1474
64258933	1474
64259051	1474
65057413	1474
65057681	1474
65057799	1474
65057893	1474
65057988	1474
65058102	1474
65058226	1474
65058342	1474
65058454	1474
65058655	1474
65058776	1474
65058888	1474
65058986	1474
65059128	1474
65059251	1474
65059345	1474
65059436	1474
65857184	1474
65857463	1474
65857566	1474
65857701	1474
65857971	1474
65858076	1474
65858174	1474
65858273	1474
65858371	1474
65858495	1474
65858719	1474
65858811	1474
65858935	1474
65859031	1474
65859173	1474
65859269	1474
65859359	1474
65859496	1474
66657814	1474
66658125	1474
66658225	1474
66658330	1474
66658453	1474
66658644	1474
66658769	1474
66658878	1474
66658995	1474
66659089	1474
66659207	1474
66659301	1474
66659435	1474
66659532	1474
66659652	1474
66659747	1474
66659841	1474
67458329	1474
67458487	1474
67458657	1474
67458758	1474
67458857	1474
67458961	1474
67459058	1474
67459160	1474
67459281	1474
67459422	1474
67459517	1474
67459629	1474
67459747	1474
67459856	1474
67459967	1474
67460086	1474
68257269	1474
68257426	1474
68257534	1474
68257634	1474
68257753	1474
68257853	1474
68257941	1474
68258060	1474
68258166	1474
68258288	1474
68258384	1474
68258481	1474
68258662	1474
68258762	1474
68258881	1474
68259009	1474
68259107	1474
69059639	1474
69059765	1474
69059970	1474
69060068	1474
69060206	1474
69060306	1474
69060438	1474
69060527	1474
69060653	1474
69060772	1474
69060882	1474
69060996	1474
69061113	1474
69061232	1474
69061322	1474
69061460	1474
69061557	1474
69857368	1474
69857582	1474
69857861	1474
69858222	1474
69858431	1474
69858651	1474
69858864	1474
69859010	1474
69859149	1474
69859288	1474
69859438	1474
69859576	1474
69859715	1474
69859854	1474
69860016	1474
69860155	1474
69860293	1474
70657151	1474
70657300	1474
70657513	1474
70657822	1474
70658147	1474
70658326	1474
70658506	1474
70658720	1474
70658887	1474
70659048	1474
70659184	1474
70659329	1474
70659491	1474
70659628	1474
70659766	1474
70659902	1474
70660062	1474
70660198	1474
71458677	1474
71458853	1474
71458990	1474
71459127	1474
71459263	1474
71459452	1474
71459592	1474
71459729	1474
71459891	1474
71460028	1474
71460191	1474
71460328	1474
71460507	1474
71460668	1474
71460805	1474
71460966	1474
71461103	1474
71461265	1474
72257073	1474
72257250	1474
72257680	1474
72257923	1474
72258442	1474
72258663	1474
72258815	1474
72258952	1474
72259090	1474
72259226	1474
72259363	1474
72259538	1474
72259699	1474
72259880	1474
72260088	1474
72260253	1474
72260389	1474
73057333	1474
73057688	1474
73057779	1474
73057881	1474
73058034	1474
73058263	1474
73058526	1474
73058812	1474
73058940	1474
73059049	1474
73059151	1474
73059257	1474
73059357	1474
73059455	1474
73059565	1474
73059691	1474
73059818	1474
73059915	1474
73857456	1474
73857668	1474
73857761	1474
73857887	1474
73857987	1474
73858124	1474
73858223	1474
73858321	1474
73858419	1474
73858674	1474
73858804	1474
73858943	1474
73859068	1474
73859199	1474
73859297	1474
73859396	1474
73859519	1474
73859633	1474
74657720	1474
74657838	1474
74657933	1474
74658083	1474
74658180	1474
74658290	1474
74658422	1474
74658546	1474
74658682	1474
74658794	1474
74658919	1474
74659045	1474
74659176	1474
74659300	1474
74659397	1474
74659524	1474
74659656	1474
74659755	1474
75458468	1474
75458794	1474
75458911	1474
75459013	1474
75459120	1474
75459259	1474
75459375	1474
75459474	1474
75459574	1474
75459690	1474
75459787	1474
75459909	1474
75460024	1474
75460155	1474
75460253	1474
75460388	1474
75460488	1474
75460597	1474
76257446	1474
76257732	1474
76257855	1474
76257958	1474
76258073	1474
76258196	1474
76258318	1474
76258425	1474
76258541	1474
76258735	1474
76258834	1474
76258947	1474
76259060	1474
76259154	1474
76259254	1474
76259379	1474
77057577	1474
77058066	1474
77058976	1474
77059093	1474
77059286	1474
77059542	1474
77059658	1474
77059779	1474
77060061	1474
77060155	1474
77060278	1474
77060390	1474
77060515	1474
77060666	1474
77060777	1474
77061011	1474
77061114	1474
77857362	1474
77857605	1474
77857738	1474
77857862	1474
77857964	1474
77858092	1474
77858449	1474
77858556	1474
77858727	1474
77858832	1474
77859072	1474
77859201	1474
77859324	1474
77859434	1474
77859557	1474
77859674	1474
77859773	1474
78658556	1474
78658955	1474
78659067	1474
78659166	1474
78659264	1474
78659390	1474
78659512	1474
78659632	1474
78659740	1474
78659872	1474
78659985	1474
78660108	1474
78660216	1474
78660339	1474
78660437	1474
78660560	1474
78660658	1474
79458073	1474
79458200	1474
79458344	1474
79458678	1474
79458787	1474
79458907	1474
79459098	1474
79459198	1474
79459311	1474
79459416	1474
79459515	1474
79459639	1474
79459747	1474
79459873	1474
79460012	1474
79460135	1474
79460281	1474
79460406	1474
80257873	1474
80258036	1474
80258139	1474
80258240	1474
80258358	1474
80258507	1474
80258907	1474
80259106	1474
80259241	1474
80259356	1474
80259485	1474
80259582	1474
80259695	1474
80259793	1474
80259909	1474
80260012	1474
80260115	1474
81057312	1474
81057413	1474
81057504	1474
81057627	1474
81057714	1474
81057833	1474
81058062	1474
81058161	1474
81058254	1474
81058347	1474
81058440	1474
81058616	1474
81058714	1474
81058811	1474
81058902	1474
81058993	1474
81059095	1474
81857640	1474
81857836	1474
81857939	1474
81858063	1474
81858175	1474
81858387	1474
81858518	1474
81858734	1474
81858861	1474
81858985	1474
81859094	1474
81859201	1474
81859324	1474
81859424	1474
81859544	1474
81859641	1474
81859764	1474
82657796	1474
82657936	1474
82658045	1474
82658155	1474
82658279	1474
82658379	1474
82658500	1474
82658844	1474
82658961	1474
82659077	1474
82659217	1474
82659341	1474
82659450	1474
82659565	1474
82659661	1474
82659785	1474
82659928	1474
82660055	1474
83457612	1474
83457860	1474
83457958	1474
83458069	1474
83458388	1474
83458494	1474
83458665	1474
83459136	1474
83459257	1474
83459385	1474
83459484	1474
83459608	1474
83459732	1474
83459832	1474
83459932	1474
83460032	1474
83460131	1474
84257717	1474
84257834	1474
84257960	1474
84258058	1474
84258174	1474
84258333	1474
84258672	1474
84258797	1474
84259019	1474
84259125	1474
84259222	1474
84259364	1474
84259461	1474
84259574	1474
84259696	1474
84259827	1474
84259926	1474
85058157	1474
85058267	1474
85058548	1474
85058803	1474
85059308	1474
85059425	1474
85059752	1474
85059877	1474
85060020	1474
85060117	1474
85060239	1474
85060365	1474
85060500	1474
85060598	1474
85060698	1474
85060820	1474
85060920	1474
85858300	1474
85858651	1474
85858758	1474
85858884	1474
85858993	1474
85859120	1474
85859375	1474
85859479	1474
85859575	1474
85859695	1474
85859793	1474
85859914	1474
85860034	1474
85860154	1474
85860258	1474
85860352	1474
85860459	1474
86658253	1474
86658465	1474
86658685	1474
86658791	1474
86658896	1474
86659052	1474
86659309	1474
86659422	1474
86659533	1474
86659659	1474
86659759	1474
86659859	1474
86659985	1474
86660096	1474
86660195	1474
86660317	1474
86660415	1474
87457406	1474
87457608	1474
87457813	1474
87457993	1474
87458115	1474
87458382	1474
87458487	1474
87458676	1474
87458803	1474
87458893	1474
87458994	1474
87459089	1474
87459186	1474
87459285	1474
87459383	1474
87459498	1474
87459593	1474
87459732	1474
88257674	1474
88258034	1474
88258155	1474
88258267	1474
88258365	1474
88258489	1474
88258641	1474
88258827	1474
88258925	1474
88259040	1474
88259153	1474
88259274	1474
88259387	1474
88259510	1474
88259622	1474
88259734	1474
88259856	1474
88259957	1474
89059896	1474
89060048	1474
89060180	1474
89060278	1474
89060396	1474
89060523	1474
89060870	1474
89060977	1474
89061123	1474
89061223	1474
89061370	1474
89061492	1474
89061593	1474
89061717	1474
89061846	1474
89061983	1474
89062110	1474
89857973	1474
89858175	1474
89858277	1474
89858654	1474
89858972	1474
89859080	1474
89859219	1474
89859345	1474
89859446	1474
89859546	1474
89859681	1474
89859808	1474
89859950	1474
89860072	1474
89860190	1474
89860294	1474
89860437	1474
89860560	1474
90658006	1474
90658157	1474
90658267	1474
90658388	1474
90658501	1474
90658710	1474
90658829	1474
90658953	1474
90659053	1474
90659191	1474
90659307	1474
90659405	1474
90659507	1474
90659602	1474
90659699	1474
90659858	1474
90659958	1474
91459063	1474
91459392	1474
91459506	1474
91459626	1474
91459748	1474
91459860	1474
91459960	1474
91460074	1474
91460184	1474
91460306	1474
91460426	1474
91460547	1474
91460639	1474
91460731	1474
91460874	1474
91460979	1474
91461098	1474
92258252	1474
92258501	1474
92258767	1474
92258900	1474
92259057	1474
92259264	1474
92259362	1474
92259462	1474
92259585	1474
92259727	1474
92259850	1474
92259977	1474
92260093	1474
92260196	1474
92260295	1474
92260415	1474
92260514	1474
92260613	1474
93057840	1474
93058158	1474
93058260	1474
93058381	1474
93058511	1474
93058645	1474
93058835	1474
93059221	1474
93059317	1474
93059438	1474
93059639	1474
93059758	1474
93059879	1474
93059987	1474
93060102	1474
93060226	1474
93060322	1474
93858121	1474
93858372	1474
93858526	1474
93858662	1474
93858787	1474
93858906	1474
93859001	1474
93859139	1474
93859263	1474
93859372	1474
93859484	1474
93859604	1474
93859702	1474
93859820	1474
93859911	1474
93860013	1474
93860112	1474
94658039	1474
94658314	1474
94658406	1474
94658520	1474
94658652	1474
94658827	1474
94658925	1474
94659021	1474
94659230	1474
94659353	1474
94659472	1474
94659610	1474
94659718	1474
94659817	1474
94659919	1474
94660015	1474
94660125	1474
94660225	1474
95458855	1474
95458986	1474
95459267	1474
95459373	1474
95459488	1474
95459588	1474
95459695	1474
95459817	1474
95459975	1474
95460158	1474
95460254	1474
95460349	1474
95460487	1474
95460607	1474
95460728	1474
95460878	1474
95460994	1474
95461102	1474
96257939	1474
96258116	1474
96258231	1474
96258353	1474
96258487	1474
96258704	1474
96258807	1474
96258979	1474
96259124	1474
96259241	1474
96259343	1474
96259436	1474
96259556	1474
96259647	1474
96259741	1474
96259837	1474
96259971	1474
96260091	1474
97058447	1474
97058566	1474
97058716	1474
97058815	1474
97058938	1474
97059072	1474
97059178	1474
97059312	1474
97059405	1474
97059525	1474
97059616	1474
97059738	1474
97059836	1474
97059932	1474
97060031	1474
97060151	1474
97060257	1474
97060370	1474
98125838	1474
98126035	1474
98126167	1474
98126307	1474
98126445	1474
98126558	1474
98126713	1474
98126840	1474
98126938	1474
98127037	1474
98127161	1474
98127260	1474
98127369	1474
98127491	1474
98127635	1474
98127749	1474
98127846	1474
98127977	1474
98926992	1474
98927142	1474
98927574	1474
98927706	1474
98927948	1474
98928057	1474
98928180	1474
98928280	1474
98928404	1474
98928541	1474
98928687	1474
98928786	1474
98928885	1474
98928992	1474
98929092	1474
98929215	1474
98929340	1474
98929438	1474
99724629	1474
99724746	1474
99724878	1474
99725006	1474
99725111	1474
99725265	1474
99725509	1474
99725626	1474
99726292	1474
99726511	1474
99726767	1474
99726892	1474
99727018	1474
99727141	1474
99727241	1474
99727341	1474
99727438	1474
100528944	1474
100529087	1474
100529188	1474
100529311	1474
100529432	1474
100529554	1474
100529668	1474
100529782	1474
100529879	1474
100529987	1474
100530112	1474
100530228	1474
100530350	1474
100530483	1474
100530719	1474
100530862	1474
100530960	1474
101325319	1474
101325592	1474
101326290	1474
101326404	1474
101326660	1474
101326774	1474
101326902	1474
101327026	1474
101327155	1474
101327264	1474
101327391	1474
101327490	1474
101327624	1474
101327757	1474
101327877	1474
101327998	1474
101328114	1474
101328229	1474
102124864	1474
102125107	1474
102125211	1474
102125316	1474
102125432	1474
102125552	1474
102125842	1474
102126230	1474
102126391	1474
102126554	1474
102126720	1474
102126830	1474
102126944	1474
102127052	1474
102127190	1474
102127291	1474
102127391	1474
102127517	1474
102925421	1474
102925577	1474
102925867	1474
102926008	1474
102926133	1474
102926261	1474
102926417	1474
102926686	1474
102927276	1474
102927384	1474
102927506	1474
102927603	1474
102927728	1474
102927866	1474
102927966	1474
102928102	1474
102928205	1474
102928333	1474
103726043	1474
103726288	1474
103726408	1474
103726551	1474
103726747	1474
103726847	1474
103726991	1474
103727114	1474
103727232	1474
103727350	1474
103727443	1474
103727541	1474
103727632	1474
103727750	1474
103727841	1474
103727948	1474
103728068	1474
103728187	1474
104525953	1474
104526166	1474
104526837	1474
104527053	1474
104527277	1474
104527513	1474
104527658	1474
104527798	1474
104527945	1474
104528108	1474
104528250	1474
104528389	1474
104528527	1474
104528692	1474
104528856	1474
104529004	1474
104529170	1474
104529322	1474
105325999	1474
105326286	1474
105326374	1474
105326473	1474
105326712	1474
105326881	1474
105327025	1474
105327146	1474
105327254	1474
105327351	1474
105327448	1474
105327560	1474
105327702	1474
105327821	1474
105327936	1474
105328052	1474
106126069	1474
106126412	1474
106126942	1474
106127198	1474
106127371	1474
106127514	1474
106127677	1474
106127815	1474
106127953	1474
106128087	1474
106128283	1474
106128435	1474
106128599	1474
106128762	1474
106128899	1474
106129062	1474
106129242	1474
106129382	1474
106925395	1474
106925674	1474
106925881	1474
106926175	1474
106926452	1474
106926696	1474
106926867	1474
106927009	1474
106927160	1474
106927302	1474
106927467	1474
106927609	1474
106927772	1474
106927937	1474
106928102	1474
106928298	1474
106928484	1474
106928628	1474
107726675	1474
107726933	1474
107727110	1474
107727317	1474
107727540	1474
107727760	1474
107727924	1474
107728086	1474
107728234	1474
107728375	1474
107728545	1474
107728684	1474
107728824	1474
107728987	1474
107729152	1474
107729303	1474
107729447	1474
107729604	1474
108525509	1474
108525704	1474
108525874	1474
108526019	1474
108526159	1474
108526314	1474
108526458	1474
108526673	1474
108526827	1474
108526996	1474
108527135	1474
108527313	1474
108527456	1474
108527597	1474
108527763	1474
108527903	1474
108528048	1474
108528211	1474
109592461	1474
109592753	1474
109592945	1474
109593267	1474
109593501	1474
109593731	1474
109593872	1474
109594013	1474
109594180	1474
109594350	1474
109594531	1474
109594726	1474
109594876	1474
109595045	1474
109595183	1474
109595322	1474
109595478	1474
109595645	1474
110392531	1474
110392794	1474
110392952	1474
110393121	1474
110393307	1474
110393510	1474
110393703	1474
110393870	1474
110394038	1474
110394200	1474
110394369	1474
110394519	1474
110394745	1474
110394898	1474
110395040	1474
110395204	1474
110395371	1474
110395544	1474
111192869	1474
111193234	1474
111193367	1474
111193462	1474
111193582	1474
111193729	1474
111193827	1474
111193946	1474
111194075	1474
111194176	1474
111194272	1474
111194374	1474
111194496	1474
111194693	1474
111194833	1474
111194940	1474
111195069	1474
111992002	1474
111992292	1474
111992562	1474
111992846	1474
111993016	1474
111993171	1474
111993313	1474
111993452	1474
111993593	1474
111993769	1474
111993911	1474
111994075	1474
111994216	1474
111994379	1474
111994523	1474
111994750	1474
111994902	1474
111995064	1474
112792916	1474
112793111	1474
112793280	1474
112793472	1474
112793683	1474
112793910	1474
112794076	1474
112794238	1474
112794374	1474
112794510	1474
112794698	1474
112794875	1474
112795039	1474
112795176	1474
112795313	1474
112795474	1474
112795637	1474
112795798	1474
113592473	1474
113592727	1474
113592842	1474
113592939	1474
113593227	1474
113593352	1474
113593541	1474
113593670	1474
113594310	1474
113594463	1474
113594582	1474
113594877	1474
113594981	1474
113595074	1474
113595168	1474
113595284	1474
113595399	1474
113595489	1474
114392210	1474
114392431	1474
114392865	1474
114393109	1474
114393274	1474
114393411	1474
114393572	1474
114393707	1474
114393866	1474
114394010	1474
114394170	1474
114394304	1474
114394439	1474
114394598	1474
114394780	1474
114394948	1474
114395097	1474
115192423	1474
115192683	1474
115192886	1474
115193027	1474
115193331	1474
115193412	1474
115193600	1474
115193718	1474
115193810	1474
115193904	1474
115194034	1474
115194128	1474
115194239	1474
115194330	1474
115194446	1474
115194589	1474
115194713	1474
115194832	1474
115992561	1474
115992832	1474
115992918	1474
115993033	1474
115993137	1474
115993229	1474
115993345	1474
115993460	1474
115993552	1474
115993750	1474
115993876	1474
115994377	1474
115994497	1474
115994660	1474
115994774	1474
115994866	1474
115994985	1474
115995117	1474
116792525	1474
116792802	1474
116792899	1474
116792989	1474
116793080	1474
116793188	1474
116793288	1474
116793381	1474
116793477	1474
116793601	1474
116793776	1474
116794052	1474
116794286	1474
116794407	1474
116794520	1474
116794683	1474
116794776	1474
117593085	1474
117593292	1474
117593390	1474
117593508	1474
117593633	1474
117593845	1474
117593975	1474
117594066	1474
117594284	1474
117594385	1474
117594527	1474
117594679	1474
117594801	1474
117594890	1474
117594988	1474
117595079	1474
117597167	1474
118392971	1474
118393397	1474
118393539	1474
118393743	1474
118393933	1474
118394109	1474
118394245	1474
118394489	1474
118394705	1474
118394848	1474
118394984	1474
118395144	1474
118395289	1474
118395426	1474
118395585	1474
118395746	1474
118395906	1474
119192611	1474
119192795	1474
119193049	1474
119193273	1474
119193486	1474
119193682	1474
119193947	1474
119194120	1474
119194306	1474
119194488	1474
119194735	1474
119194996	1474
119195190	1474
119195344	1474
119195483	1474
119195622	1474
119195786	1474
119992663	1474
119992911	1474
119993640	1474
119993847	1474
119993973	1474
119994076	1474
119994224	1474
119994347	1474
119994478	1474
119994663	1474
119994767	1474
119994891	1474
119995001	1474
119995125	1474
119995245	1474
119995363	1474
119995496	1474
120796279	1474
120796414	1474
120796534	1474
120796699	1474
120796830	1474
120797115	1474
120797254	1474
120797353	1474
120797453	1474
120797690	1474
120797802	1474
120797916	1474
120798031	1474
120798152	1474
120798277	1474
120798373	1474
120798471	1474
121592661	1474
121592899	1474
121592991	1474
121593095	1474
121593206	1474
121593319	1474
121593542	1474
121593823	1474
121593954	1474
121594559	1474
121594724	1474
121594912	1474
121595014	1474
121595135	1474
121595226	1474
121595347	1474
121595445	1474
122393220	1474
122393442	1474
122393554	1474
122394000	1474
122394114	1474
122394410	1474
122394538	1474
122394678	1474
122394925	1474
122395049	1474
122395200	1474
122395302	1474
122395427	1474
122395525	1474
122395626	1474
122395777	1474
122926446	1474
122926595	1474
122926719	1474
122926833	1474
122926925	1474
122927018	1474
122927136	1474
122927253	1474
122927344	1474
122927433	1474
122927525	1474
122927641	1474
122927732	1474
122927863	1474
122927956	1474
122928048	1474
122928165	1474
123992836	1474
123993194	1474
123993294	1474
123993569	1474
123993703	1474
123993790	1474
123993901	1474
123993998	1474
123994090	1474
123994181	1474
123994273	1474
123994392	1474
123994528	1474
123994717	1474
123994812	1474
123994921	1474
123995046	1474
123995137	1474
124792788	1474
124793000	1474
124793095	1474
124793186	1474
124793273	1474
124793364	1474
124793482	1474
124793601	1474
124793807	1474
124793908	1474
124794018	1474
124794349	1474
124794441	1474
124794692	1474
124794792	1474
124794906	1474
124795015	1474
125593106	1474
125593420	1474
125593551	1474
125593826	1474
125594026	1474
125594125	1474
125594249	1474
125594366	1474
125594458	1474
125594601	1474
125594816	1474
125594918	1474
125595043	1474
125595139	1474
125595231	1474
125595324	1474
125595415	1474
125595508	1474
126392766	1474
126392992	1474
126393090	1474
126393198	1474
126393291	1474
126393409	1474
126393504	1474
126393697	1474
126393798	1474
126394339	1474
126394511	1474
126394628	1474
126394777	1474
126394874	1474
126394993	1474
126395090	1474
126395222	1474
126395316	1474
127193486	1474
127193746	1474
127193857	1474
127193960	1474
127194066	1474
127194146	1474
127194245	1474
127194328	1474
127194411	1474
127194514	1474
127194667	1474
127194775	1474
127194857	1474
127194945	1474
127195050	1474
127195132	1474
127195252	1474
127195338	1474
127993697	1474
127993949	1474
127994054	1474
127994380	1474
127994483	1474
127994644	1474
127994748	1474
127994891	1474
127995012	1474
127995144	1474
127995274	1474
127995389	1474
127995513	1474
127995632	1474
127995733	1474
127995859	1474
127995983	1474
127996081	1474
128792998	1474
128793214	1474
128793323	1474
128793874	1474
128794101	1474
128794209	1474
128794333	1474
128794433	1474
128794555	1474
128794730	1474
128794829	1474
128794951	1474
128795090	1474
128795199	1474
128795321	1474
128795449	1474
128795572	1474
128795672	1474
129592506	1474
129592754	1474
129592897	1474
129593682	1474
129593800	1474
129594069	1474
129594162	1474
129594280	1474
129594404	1474
129594644	1474
129594779	1474
129594876	1474
129595006	1474
129595115	1474
129595225	1474
129595324	1474
129595446	1474
130394316	1474
130394687	1474
130394831	1474
130394927	1474
130395060	1474
130395172	1474
130395299	1474
130395503	1474
130395609	1474
130395709	1474
130395809	1474
130395936	1474
130396035	1474
130396135	1474
130396233	1474
130396330	1474
130396456	1474
130396557	1474
131192278	1474
131192533	1474
131192658	1474
131192770	1474
131192891	1474
131193010	1474
131193108	1474
131193227	1474
131193322	1474
131193419	1474
131193512	1474
131193606	1474
131193706	1474
131193814	1474
131193935	1474
131194030	1474
131194125	1474
131992522	1474
131992796	1474
131992893	1474
131992991	1474
131993085	1474
131993201	1474
131993294	1474
131993410	1474
131993507	1474
131993613	1474
131993708	1474
131993813	1474
131993931	1474
131994051	1474
131994148	1474
131994263	1474
131994381	1474
131994498	1474
132792628	1474
132792916	1474
132793010	1474
132793144	1474
132793266	1474
132793372	1474
132793457	1474
132793543	1474
132793652	1474
132793751	1474
132793853	1474
132793935	1474
132794044	1474
132794131	1474
132794237	1474
132794345	1474
132794452	1474
132794633	1474
133592329	1474
133592623	1474
133592752	1474
133592850	1474
133592971	1474
133593110	1474
133593206	1474
133593342	1474
133593459	1474
133593556	1474
133593701	1474
133593795	1474
133593892	1474
133594017	1474
133594141	1474
133594254	1474
133594372	1474
134393133	1474
134393561	1474
134393656	1474
134393788	1474
134393888	1474
134394174	1474
134394272	1474
134394390	1474
134394507	1474
134394642	1474
134394773	1474
134394900	1474
134395014	1474
134395098	1474
134395211	1474
134395334	1474
134395441	1474
134395551	1474
135192434	1474
135192707	1474
135192830	1474
135192922	1474
135193037	1474
135193167	1474
135193264	1474
135193466	1474
135193569	1474
135193666	1474
135193761	1474
135193856	1474
135193951	1474
135194072	1474
135194184	1474
135194305	1474
135194425	1474
136258831	1474
136259080	1474
136259209	1474
136259342	1474
136259469	1474
136259808	1474
136259914	1474
136260553	1474
136260754	1474
136260869	1474
136260983	1474
136261079	1474
136261198	1474
136261345	1474
136261469	1474
136261606	1474
136261729	1474
136261878	1474
137059294	1474
137059714	1474
137059837	1474
137059959	1474
137060530	1474
137060707	1474
137061038	1474
137061143	1474
137061265	1474
137061469	1474
137061612	1474
137061735	1474
137061852	1474
137061971	1474
137062112	1474
137062235	1474
137062371	1474
137062499	1474
137859005	1474
137859313	1474
137859449	1474
137859621	1474
137859719	1474
137860422	1474
137860640	1474
137860763	1474
137860883	1474
137860987	1474
137861102	1474
137861197	1474
137861291	1474
137861389	1474
137861496	1474
137861601	1474
137861698	1474
137861820	1474
138659012	1474
138659261	1474
138659391	1474
138659538	1474
138659638	1474
138659760	1474
138659956	1474
138660084	1474
138660389	1474
138660588	1474
138660701	1474
138660823	1474
138660922	1474
138661020	1474
138661117	1474
138661238	1474
138661356	1474
138661467	1474
139459762	1474
139460037	1474
139460151	1474
139460328	1474
139460473	1474
139460597	1474
139461077	1474
139461189	1474
139461303	1474
139461396	1474
139461492	1474
139461603	1474
139461713	1474
139461821	1474
139461935	1474
139462031	1474
139464602	1474
140260013	1474
140260321	1474
140260430	1474
140260560	1474
140260656	1474
140260766	1474
140260891	1474
140261014	1474
140261110	1474
140261209	1474
140261332	1474
140261421	1474
140261519	1474
140261616	1474
140261713	1474
140261848	1474
140261950	1474
141059261	1474
141059420	1474
141059699	1474
141059827	1474
141059966	1474
141060185	1474
141060300	1474
141060397	1474
141060509	1474
141060592	1474
141060689	1474
141060777	1474
141060902	1474
141061025	1474
141061132	1474
141061269	1474
141061376	1474
141061466	1474
141859158	1474
141859435	1474
141859561	1474
141859677	1474
141859770	1474
141859863	1474
141859961	1474
141860053	1474
141860138	1474
141860251	1474
141860341	1474
141860435	1474
141860551	1474
141860641	1474
141860753	1474
141860842	1474
141860942	1474
142660800	1474
142661110	1474
142661243	1474
142661364	1474
142661504	1474
142661625	1474
142661758	1474
142661862	1474
142661959	1474
142662069	1474
142662203	1474
142662345	1474
142662517	1474
142662664	1474
142662800	1474
142662902	1474
142663032	1474
142663167	1474
143459586	1474
143459745	1474
143459860	1474
143460233	1474
143460329	1474
143460441	1474
143460567	1474
143460683	1474
143460807	1474
143460922	1474
143461027	1474
143461165	1474
143461289	1474
143461402	1474
143461528	1474
143461667	1474
144260123	1474
144260446	1474
144260603	1474
144260698	1474
144260794	1474
144260889	1474
144261019	1474
144261115	1474
144261218	1474
144261315	1474
144261433	1474
144261527	1474
144261621	1474
144261737	1474
144261830	1474
144261923	1474
144262016	1474
145059630	1474
145059886	1474
145060014	1474
145060164	1474
145060273	1474
145060385	1474
145060482	1474
145060583	1474
145060703	1474
145060825	1474
145060923	1474
145061024	1474
145061136	1474
145061259	1474
145061368	1474
145061466	1474
145061560	1474
145061657	1474
145859373	1474
145859641	1474
145859746	1474
145859868	1474
145859964	1474
145860083	1474
145860204	1474
145860326	1474
145860443	1474
145860543	1474
145860672	1474
145860811	1474
145860934	1474
145861029	1474
145861152	1474
145861279	1474
145861386	1474
145861489	1474
146659512	1474
146659843	1474
146660612	1474
146660860	1474
146661093	1474
146661234	1474
146661399	1474
146661545	1474
146661685	1474
146661823	1474
146661963	1474
146662125	1474
146662263	1474
146662399	1474
146662569	1474
146662790	1474
146662931	1474
147459348	1474
147459645	1474
147459799	1474
147459924	1474
147460052	1474
147460309	1474
147460415	1474
147460532	1474
147460638	1474
147460765	1474
147460864	1474
147460976	1474
147461074	1474
147461173	1474
147461296	1474
147461396	1474
147461494	1474
147461616	1474
148259653	1474
148259958	1474
148260113	1474
148260553	1474
148260678	1474
148260923	1474
148261024	1474
148261151	1474
148261254	1474
148261394	1474
148261516	1474
148261638	1474
148261782	1474
148261876	1474
148261995	1474
148262107	1474
149058073	1474
149058289	1474
149058551	1474
149058743	1474
149058880	1474
149059154	1474
149059790	1474
149060054	1474
149060155	1474
149060282	1474
149060380	1474
149060496	1474
149060594	1474
149060695	1474
149060817	1474
149061012	1474
149061157	1474
149862307	1474
149862570	1474
149862752	1474
149862844	1474
149862977	1474
149863101	1474
149863259	1474
149863502	1474
149863631	1474
149863730	1474
149863854	1474
149864010	1474
149864133	1474
149864254	1474
149864386	1474
149864485	1474
149864627	1474
150658334	1474
150658561	1474
150659169	1474
150659299	1474
150659541	1474
150659700	1474
150660007	1474
150660246	1474
150660335	1474
150660452	1474
150660551	1474
150660665	1474
150660774	1474
150660888	1474
150660983	1474
150661159	1474
150661255	1474
151459114	1474
151459500	1474
151459644	1474
151459766	1474
151459888	1474
151459981	1474
151460077	1474
151460218	1474
151460342	1474
151460443	1474
151460561	1474
151460673	1474
151460773	1474
151460872	1474
151461003	1474
151461120	1474
151461258	1474
151461365	1474
152258626	1474
152258753	1474
152258880	1474
152258972	1474
152259096	1474
152259218	1474
152259380	1474
152259502	1474
152259590	1474
152259690	1474
152259789	1474
152259888	1474
152259985	1474
152260098	1474
152260221	1474
152260353	1474
152260498	1474
152260598	1474
152792530	1474
152792834	1474
152792960	1474
152793055	1474
152793146	1474
152793241	1474
152793344	1474
152793440	1474
152793535	1474
152793629	1474
152793748	1474
152793842	1474
152793961	1474
153592822	1474
153593035	1474
153593128	1474
153593218	1474
153593312	1474
153593406	1474
153593517	1474
153593610	1474
153593729	1474
153593824	1474
153593918	1474
153594042	1474
153594163	1474
153594259	1474
153594354	1474
153594455	1474
154391833	1474
154392066	1474
154392194	1474
154392313	1474
154392431	1474
154392557	1474
154392654	1474
154392773	1474
154392870	1474
154392964	1474
154393059	1474
154393154	1474
154393273	1474
154393394	1474
154393486	1474
154393617	1474
154393712	1474
154393805	1474
155193080	1474
155193195	1474
155193427	1474
155193593	1474
155193740	1474
155193893	1474
155194292	1474
155194420	1474
155194561	1474
155194821	1474
155194946	1474
155195067	1474
155195187	1474
155195284	1474
155195417	1474
155195520	1474
155195617	1474
155195769	1474
155992033	1474
155992177	1474
155992271	1474
155992392	1474
155992500	1474
155992653	1474
155992924	1474
155993058	1474
155993191	1474
155993321	1474
155993414	1474
155993533	1474
155993649	1474
155993777	1474
155993903	1474
155993998	1474
155994111	1474
156793938	1474
156794086	1474
156794208	1474
156794325	1474
156794482	1474
156794600	1474
156794780	1474
156794995	1474
156795211	1474
156795346	1474
156795438	1474
156795535	1474
156795646	1474
156795740	1474
156795825	1474
156795940	1474
156796038	1474
156796156	1474
157591770	1474
157591953	1474
157592069	1474
157592196	1474
157592288	1474
157592406	1474
157592503	1474
157592599	1474
157592727	1474
157592850	1474
157592940	1474
157593077	1474
157593197	1474
157593331	1474
157593457	1474
157593552	1474
158391942	1474
158392268	1474
158392418	1474
158392599	1474
158392741	1474
158392879	1474
158393067	1474
158393181	1474
158393298	1474
158393392	1474
158393490	1474
158393602	1474
158393718	1474
158393828	1474
158393924	1474
158394048	1474
158394202	1474
159191807	1474
159192208	1474
159192325	1474
159192450	1474
159192600	1474
159192881	1474
159193010	1474
159193133	1474
159193307	1474
159193427	1474
159193541	1474
159193652	1474
159193771	1474
159193911	1474
159194029	1474
159194215	1474
159194345	1474
159194467	1474
159992194	1474
159992516	1474
159992645	1474
159992782	1474
159992873	1474
159992990	1474
159993116	1474
159993210	1474
159993314	1474
159993448	1474
159993545	1474
159993674	1474
159993793	1474
159993931	1474
159994049	1474
159994166	1474
159994312	1474
159994409	1474
160792274	1474
160792473	1474
160792598	1474
160792696	1474
160792795	1474
160792890	1474
160792986	1474
160793103	1474
160793220	1474
160793318	1474
160793442	1474
160793584	1474
160793704	1474
160793790	1474
160793908	1474
160794028	1474
160794114	1474
160794234	1474
161592155	1474
161592359	1474
161592519	1474
161592624	1474
161592746	1474
161592869	1474
161592984	1474
161593122	1474
161593217	1474
161593353	1474
161593471	1474
161593579	1474
161593666	1474
161593801	1474
161593891	1474
161594006	1474
161594139	1474
162391868	1474
162392191	1474
162392304	1474
162392425	1474
162392547	1474
162392682	1474
162392790	1474
162392887	1474
162393055	1474
162393155	1474
162393277	1474
162393383	1474
162393478	1474
162393573	1474
162393698	1474
162393822	1474
162393943	1474
163191768	1474
163192091	1474
163192190	1474
163192278	1474
163192386	1474
163192504	1474
163192597	1474
163192711	1474
163192837	1474
163192935	1474
163193051	1474
163193167	1474
163193285	1474
163193376	1474
163193496	1474
163193620	1474
163193716	1474
163193850	1474
163992732	1474
163992902	1474
163993152	1474
163993293	1474
163993385	1474
163993606	1474
163993735	1474
163993868	1474
163993965	1474
163994078	1474
163994195	1474
163994315	1474
163994413	1474
163994555	1474
163994734	1474
163994829	1474
163994953	1474
164792039	1474
164792202	1474
164792339	1474
164792504	1474
164792666	1474
164792824	1474
164793008	1474
164793150	1474
164793313	1474
164793449	1474
164793588	1474
164793728	1474
164793902	1474
164794039	1474
164794202	1474
164794341	1474
164794478	1474
164794702	1474
165592146	1474
165592460	1474
165592575	1474
165592713	1474
165592803	1474
165592897	1474
165593241	1474
165593395	1474
165593500	1474
165593596	1474
165593710	1474
165593857	1474
165593952	1474
165594133	1474
165594263	1474
165594359	1474
165594480	1474
165594700	1474
166392057	1474
166392259	1474
166392362	1474
166392456	1474
166392552	1474
166392650	1474
166392770	1474
166392866	1474
166392979	1474
166393076	1474
166393209	1474
166393333	1474
166393448	1474
166393566	1474
166393656	1474
166393748	1474
166393834	1474
167458696	1474
167459148	1474
167459255	1474
167459449	1474
167459590	1474
167459850	1474
167459981	1474
167460091	1474
167460215	1474
167460323	1474
167460474	1474
167460587	1474
167460707	1474
167460830	1474
167460930	1474
167461050	1474
167461168	1474
167461281	1474
168258599	1474
168258800	1474
168258943	1474
168259107	1474
168259374	1474
168259571	1474
168259732	1474
168259875	1474
168260037	1474
168260179	1474
168260317	1474
168260501	1474
168260643	1474
168260803	1474
168260943	1474
168261103	1474
168261244	1474
168261389	1474
169059455	1474
169059716	1474
169059881	1474
169060104	1474
169060322	1474
169060605	1474
169060772	1474
169060909	1474
169061068	1474
169061204	1474
169061409	1474
169061563	1474
169061724	1474
169061861	1474
169061996	1474
169062134	1474
169062281	1474
169859347	1474
169859659	1474
169859824	1474
169860020	1474
169860234	1474
169860372	1474
169860529	1474
169860704	1474
169860865	1474
169861001	1474
169861135	1474
169861294	1474
169861453	1474
169861619	1474
169861756	1474
169861916	1474
169862052	1474
170658754	1474
170659133	1474
170659276	1474
170659417	1474
170659593	1474
170659794	1474
170660001	1474
170660166	1474
170660302	1474
170660464	1474
170660601	1474
170660776	1474
170660913	1474
170661048	1474
170661207	1474
170661367	1474
170661504	1474
170661639	1474
171459573	1474
171459897	1474
171460080	1474
171460290	1474
171460502	1474
171460641	1474
171460778	1474
171460950	1474
171461111	1474
171461247	1474
171461407	1474
171461543	1474
171461679	1474
171461847	1474
171462007	1474
171462143	1474
171462304	1474
172258320	1474
172258649	1474
172258922	1474
172259117	1474
172259362	1474
172259499	1474
172259636	1474
172259773	1474
172259943	1474
172260125	1474
172260264	1474
172260424	1474
172260560	1474
172260697	1474
172260833	1474
172260978	1474
172261115	1474
173058388	1474
173058570	1474
173058789	1474
173059024	1474
173059257	1474
173059418	1474
173059563	1474
173059725	1474
173059891	1474
173060031	1474
173060188	1474
173060329	1474
173060491	1474
173060654	1474
173060798	1474
173060965	1474
173061113	1474
173591729	1474
173591956	1474
173592132	1474
173592321	1474
173592514	1474
173592705	1474
173592846	1474
173592987	1474
173593160	1474
173593325	1474
173593488	1474
173593628	1474
173593768	1474
173593954	1474
173594130	1474
173594300	1474
173594471	1474
174392263	1474
174392478	1474
174392626	1474
174392859	1474
174393081	1474
174393247	1474
174393389	1474
174393529	1474
174393667	1474
174393829	1474
174393971	1474
174394112	1474
174394261	1474
174394401	1474
174394544	1474
174394737	1474
174394882	1474
175191800	1474
175192012	1474
175192152	1474
175192293	1474
175192466	1474
175192625	1474
175192770	1474
175192908	1474
175193043	1474
175193183	1474
175193351	1474
175193508	1474
175193653	1474
175193815	1474
175193953	1474
175194094	1474
175194264	1474
175992416	1474
175992584	1474
175992707	1474
175992828	1474
175992927	1474
175993046	1474
175993163	1474
175993259	1474
175993365	1474
175993478	1474
175993603	1474
175993729	1474
175993853	1474
175993959	1474
175994063	1474
175994161	1474
175994278	1474
175994392	1474
177058572	1474
177058829	1474
177058975	1474
177059115	1474
177059258	1474
177059422	1474
177059589	1474
177059811	1474
177059950	1474
177060094	1474
177060258	1474
177060395	1474
177060536	1474
177060715	1474
177060856	1474
177060994	1474
177061162	1474
177061338	1474
177858734	1474
177859018	1474
177859159	1474
177859329	1474
177859539	1474
177859792	1474
177859933	1474
177860071	1474
177860234	1474
177860370	1474
177860505	1474
177860666	1474
177860809	1474
177860972	1474
177861109	1474
177861247	1474
177861408	1474
177861544	1474
178659740	1474
178660019	1474
178660183	1474
178660374	1474
178660609	1474
178660807	1474
178661002	1474
178661112	1474
178661216	1474
178661346	1474
178661476	1474
178661605	1474
178661733	1474
178661837	1474
178662047	1474
178662211	1474
178662376	1474
178662543	1474
179458433	1474
179458587	1474
179458789	1474
179459050	1474
179459279	1474
179459419	1474
179459705	1474
179459846	1474
179459991	1474
179460128	1474
179460264	1474
179460419	1474
179460584	1474
179460721	1474
179460881	1474
179461025	1474
179461186	1474
179461346	1474
180258391	1474
180258545	1474
180258755	1474
180259098	1474
180259320	1474
180259634	1474
180259798	1474
180259935	1474
180260078	1474
180260217	1474
180260379	1474
180260541	1474
180260700	1474
180260862	1474
180260998	1474
180261144	1474
180261305	1474
180261444	1474
181059014	1474
181059275	1474
181059415	1474
181059557	1474
181059789	1474
181059981	1474
181060225	1474
181060393	1474
181060531	1474
181060668	1474
181060829	1474
181060968	1474
181061105	1474
181061282	1474
181061421	1474
181061583	1474
181061720	1474
181061860	1474
181862598	1474
181862804	1474
181862975	1474
181863114	1474
181863277	1474
181863449	1474
181863590	1474
181863730	1474
181863870	1474
181864021	1474
181864162	1474
181864341	1474
181864506	1474
181864670	1474
181864835	1474
181864997	1474
181865136	1474
181865306	1474
182658529	1474
182658740	1474
182658889	1474
182659032	1474
182659151	1474
182659278	1474
182659556	1474
182659661	1474
182659783	1474
182659925	1474
182660050	1474
182660170	1474
182660294	1474
182660417	1474
182660542	1474
182660657	1474
182660780	1474
182660908	1474
183727630	1474
183727962	1474
183728073	1474
183728178	1474
183728299	1474
183728409	1474
183728527	1474
183728646	1474
183728786	1474
183728904	1474
183729003	1474
183729101	1474
183729202	1474
183729325	1474
183729421	1474
183729543	1474
183729640	1474
183729782	1474
184525673	1474
184525941	1474
184526169	1474
184526289	1474
184526385	1474
184526593	1474
184526736	1474
184526956	1474
184527044	1474
184527166	1474
184527264	1474
184527362	1474
184527486	1474
184527609	1474
184527707	1474
184527842	1474
184527942	1474
184528065	1474
185325373	1474
185325570	1474
185325686	1474
185325785	1474
185325916	1474
185326042	1474
185326181	1474
185326302	1474
185326442	1474
185326566	1474
185326756	1474
185326898	1474
185327035	1474
185327146	1474
185327244	1474
185327346	1474
185327445	1474
186125390	1474
186125726	1474
186125855	1474
186125977	1474
186126139	1474
186126264	1474
186126398	1474
186126498	1474
186126659	1474
186126763	1474
186126860	1474
186126967	1474
186127171	1474
186127292	1474
186127385	1474
186127505	1474
186127627	1474
186127741	1474
186658537	1474
186658847	1474
186659041	1474
186659155	1474
186659885	1474
186660018	1474
186660296	1474
186660422	1474
186660540	1474
186660638	1474
186660777	1474
186660895	1474
186661017	1474
187458783	1474
187459133	1474
187459247	1474
187459350	1474
187459473	1474
187459572	1474
187459696	1474
187459888	1474
187460138	1474
187460535	1474
187460718	1474
187460842	1474
187460955	1474
187461078	1474
187461209	1474
187461323	1474
187461465	1474
188258624	1474
188258804	1474
188259085	1474
188259194	1474
188259550	1474
188259792	1474
188259885	1474
188260009	1474
188260104	1474
188260207	1474
188260306	1474
188260549	1474
188260673	1474
188260797	1474
188260899	1474
188260990	1474
188261132	1474
189058988	1474
189059448	1474
189059582	1474
189059727	1474
189060173	1474
189060473	1474
189060643	1474
189060760	1474
189060859	1474
189060985	1474
189061089	1474
189061218	1474
189061327	1474
189061438	1474
189061566	1474
189061663	1474
189061765	1474
189061866	1474
189859070	1474
189859330	1474
189859452	1474
189859972	1474
189860083	1474
189860308	1474
189860432	1474
189860533	1474
189860676	1474
189860792	1474
189860913	1474
189861012	1474
189861111	1474
189861236	1474
189861335	1474
189861435	1474
189861558	1474
190659107	1474
190659336	1474
190659450	1474
190659910	1474
190660205	1474
190660336	1474
190660459	1474
190660557	1474
190660654	1474
190660793	1474
190660903	1474
190661010	1474
190661130	1474
190661227	1474
190661348	1474
190661473	1474
190661572	1474
191458836	1474
191459075	1474
191459239	1474
191460089	1474
191460394	1474
191460499	1474
191460639	1474
191460737	1474
191460835	1474
191460977	1474
191461079	1474
191461186	1474
191461286	1474
191461408	1474
191461524	1474
191461639	1474
191461761	1474
192259029	1474
192259267	1474
192259409	1474
192259916	1474
192260179	1474
192260409	1474
192260526	1474
192260642	1474
192260764	1474
192260887	1474
192260990	1474
192261130	1474
192261233	1474
192261357	1474
192261483	1474
192261607	1474
192261748	1474
193059030	1474
193059348	1474
193059652	1474
193059781	1474
193060399	1474
193060538	1474
193060650	1474
193060767	1474
193060876	1474
193060976	1474
193061087	1474
193061221	1474
193061360	1474
193061458	1474
193061583	1474
193061712	1474
193061827	1474
193859575	1474
193859867	1474
193859998	1474
193860264	1474
193860411	1474
193860530	1474
193860647	1474
193860749	1474
193860891	1474
193861017	1474
193861118	1474
193861274	1474
193861400	1474
193861508	1474
193861607	1474
193861734	1474
193861835	1474
194658786	1474
194659009	1474
194659201	1474
194659518	1474
194659800	1474
194659965	1474
194660137	1474
194660283	1474
194660443	1474
194660608	1474
194660771	1474
194660914	1474
194661054	1474
194661194	1474
194661352	1474
194661492	1474
194661633	1474
194661769	1474
195458860	1474
195459130	1474
195459301	1474
195459477	1474
195459728	1474
195459926	1474
195460128	1474
195460311	1474
195460490	1474
195460695	1474
195460835	1474
195460974	1474
195461114	1474
195461276	1474
195461446	1474
195461609	1474
195461772	1474
195461955	1474
196258605	1474
196258895	1474
196259096	1474
196259311	1474
196259550	1474
196259872	1474
196260091	1474
196260233	1474
196260431	1474
196260583	1474
196260724	1474
196260861	1474
196261001	1474
196261137	1474
196261276	1474
196261413	1474
196261590	1474
196261728	1474
197059082	1474
197059301	1474
197059494	1474
197059647	1474
197059846	1474
197060039	1474
197060206	1474
197060402	1474
197060573	1474
197060749	1474
197060909	1474
197061047	1474
197061207	1474
197061342	1474
197061503	1474
197061695	1474
197061833	1474
197061996	1474
197859057	1474
197859502	1474
197859692	1474
197859923	1474
197860340	1474
197860512	1474
197860716	1474
197860864	1474
197861027	1474
197861195	1474
197861356	1474
197861521	1474
197861661	1474
197861805	1474
197861948	1474
197862110	1474
197862277	1474
198659240	1474
198659459	1474
198659734	1474
198660192	1474
198660410	1474
198660668	1474
198660808	1474
198660954	1474
198661093	1474
198661255	1474
198661418	1474
198661580	1474
198661746	1474
198661885	1474
198662039	1474
198662202	1474
198662365	1474
198662527	1474
199459290	1474
199459530	1474
199459794	1474
199460155	1474
199460379	1474
199460692	1474
199460835	1474
199460976	1474
199461140	1474
199461283	1474
199461421	1474
199461561	1474
199461724	1474
199461888	1474
199462026	1474
199462175	1474
199462336	1474
199462475	1474
200258884	1474
200259158	1474
200259356	1474
200259590	1474
200259945	1474
200260109	1474
200260315	1474
200260487	1474
200260654	1474
200260822	1474
200260960	1474
200261102	1474
200261283	1474
200261451	1474
200261589	1474
200261731	1474
200261893	1474
200262034	1474
201325792	1474
201326232	1474
201326488	1474
201326744	1474
201326920	1474
201327065	1474
201327204	1474
201327352	1474
201327494	1474
201327659	1474
201327823	1474
201327983	1474
201328150	1474
201328291	1474
201328443	1474
201328617	1474
201328784	1474
201328922	1474
202125639	1474
202126045	1474
202127208	1474
202127415	1474
202127561	1474
202127704	1474
202127826	1474
202127947	1474
202128072	1474
202128183	1474
202128294	1474
202128411	1474
202128540	1474
202128638	1474
202128748	1474
202128837	1474
202128958	1474
202926085	1474
202926355	1474
202926455	1474
202926613	1474
202926783	1474
202926878	1474
202926996	1474
202927115	1474
202927208	1474
202927306	1474
202927396	1474
202927482	1474
202927569	1474
202927695	1474
202927785	1474
202927875	1474
202927996	1474
202928106	1474
203726512	1474
203726681	1474
203726796	1474
203726917	1474
203727012	1474
203727105	1474
203727220	1474
203727302	1474
203727385	1474
203727470	1474
203727605	1474
203727728	1474
203727822	1474
203727914	1474
203728027	1474
203728142	1474
203728236	1474
203728347	1474
204526430	1474
204526621	1474
204526743	1474
204526867	1474
204526980	1474
204527265	1474
204527396	1474
204527523	1474
204527647	1474
204527922	1474
204528026	1474
204528165	1474
204528289	1474
204528429	1474
204528522	1474
204528618	1474
204528706	1474
205326012	1474
205326160	1474
205326320	1474
205326428	1474
205326571	1474
205326744	1474
205326978	1474
205327162	1474
205327276	1474
205327424	1474
205327546	1474
205327640	1474
205327739	1474
205327856	1474
205327951	1474
205328064	1474
205328185	1474
206125849	1474
206126122	1474
206126254	1474
206126354	1474
206126478	1474
206126633	1474
206126851	1474
206126965	1474
206127088	1474
206127215	1474
206127312	1474
206127431	1474
206127564	1474
206127657	1474
206127754	1474
206127875	1474
206127996	1474
206128125	1474
206926314	1474
206926773	1474
206926912	1474
206927009	1474
206927132	1474
206927260	1474
206927383	1474
206927503	1474
206927637	1474
206927758	1474
206927855	1474
206927952	1474
206928047	1474
206928143	1474
206928447	1474
206928598	1474
206928685	1474
206928783	1474
207725809	1474
207725970	1474
207726286	1474
207726395	1474
207726704	1474
207726838	1474
207726978	1474
207727165	1474
207727289	1474
207727432	1474
207727534	1474
207727645	1474
207727756	1474
207727859	1474
207727952	1474
207728086	1474
207728207	1474
208525953	1474
208526188	1474
208526309	1474
208526402	1474
208526551	1474
208526691	1474
208526789	1474
208526910	1474
208527029	1474
208527122	1474
208527240	1474
208527334	1474
208527429	1474
208527546	1474
208527675	1474
208527771	1474
209326894	1474
209327149	1474
209327322	1474
209327423	1474
209327522	1474
209327624	1474
209327884	1474
209328011	1474
209328105	1474
209328199	1474
209328294	1474
209328507	1474
209328610	1474
209328716	1474
209328835	1474
209328954	1474
209329077	1474
209329195	1474
210126224	1474
210126503	1474
210126667	1474
210126763	1474
210126938	1474
210127060	1474
210127256	1474
210127431	1474
210127557	1474
210128064	1474
210128159	1474
210128278	1474
210128373	1474
210128466	1474
210128563	1474
210128684	1474
210128823	1474
210926541	1474
210926785	1474
210926885	1474
210927022	1474
210927116	1474
210927235	1474
210927354	1474
210927471	1474
210927566	1474
210927660	1474
210927751	1474
210927845	1474
210927976	1474
210928073	1474
210928191	1474
210928282	1474
210928399	1474
210928494	1474
211726182	1474
211726499	1474
211727358	1474
211727609	1474
211727713	1474
211727924	1474
211728016	1474
211728178	1474
211728275	1474
211728395	1474
211728511	1474
211728601	1474
211728695	1474
211728814	1474
211728932	1474
211729027	1474
211729135	1474
211729228	1474
212525841	1474
212526067	1474
212526234	1474
212526431	1474
212527016	1474
212527261	1474
212527363	1474
212527545	1474
212527667	1474
212527759	1474
212527876	1474
212527968	1474
212528059	1474
212528156	1474
212528264	1474
212528353	1474
212528444	1474
212528561	1474
213325925	1474
213326139	1474
213326323	1474
213326521	1474
213327094	1474
213327213	1474
213327304	1474
213327414	1474
213327533	1474
213327646	1474
213327762	1474
213327860	1474
213327953	1474
213328046	1474
213328164	1474
213328263	1474
213328366	1474
213328486	1474
214129194	1474
214129488	1474
214129700	1474
214129819	1474
214129915	1474
214130154	1474
214130257	1474
214130353	1474
214130580	1474
214130711	1474
214130804	1474
214130902	1474
214131024	1474
214131140	1474
214131257	1474
214131352	1474
214131479	1474
214925784	1474
214925969	1474
214926203	1474
214926354	1474
214926506	1474
214926991	1474
214927113	1474
214927235	1474
214927357	1474
214927454	1474
214927575	1474
214927686	1474
214927805	1474
214927925	1474
214928020	1474
214928138	1474
215726706	1474
215727031	1474
215727129	1474
215727222	1474
215727314	1474
215727407	1474
215727524	1474
215727619	1474
215727709	1474
215727843	1474
215727940	1474
215728036	1474
215728155	1474
215728276	1474
215728395	1474
215728487	1474
215728583	1474
215728701	1474
216527286	1474
216527519	1474
216527618	1474
216527713	1474
216527809	1474
216527921	1474
216528129	1474
216528232	1474
216528355	1474
216528448	1474
216528627	1474
216528720	1474
216528839	1474
216528948	1474
216529045	1474
216529137	1474
216531317	1474
217328861	1474
217328958	1474
217329067	1474
217329188	1474
217329396	1474
217329497	1474
217329589	1474
217329707	1474
217329909	1474
217330042	1474
217330140	1474
217330233	1474
217330328	1474
217330424	1474
217330541	1474
217330679	1474
217330774	1474
218125918	1474
218126270	1474
218126468	1474
218126630	1474
218126842	1474
218126964	1474
218127160	1474
218127281	1474
218127403	1474
218127524	1474
218127645	1474
218127765	1474
218127856	1474
218127947	1474
218128039	1474
218128163	1474
218128281	1474
218926110	1474
218926396	1474
218926547	1474
218926686	1474
218926807	1474
218926897	1474
218926992	1474
218927187	1474
218927327	1474
218927593	1474
218927785	1474
218927886	1474
218928004	1474
218928099	1474
218928189	1474
218928319	1474
218928417	1474
219726773	1474
219727007	1474
219727127	1474
219727224	1474
219727317	1474
219727443	1474
219727563	1474
219727660	1474
219727784	1474
219727877	1474
219727972	1474
219728066	1474
219728196	1474
219728316	1474
219728471	1474
219728573	1474
219728667	1474
219728756	1474
220526318	1474
220526765	1474
220526935	1474
220527124	1474
220527408	1474
220527605	1474
220527794	1474
220527932	1474
220528069	1474
220528231	1474
220528369	1474
220528539	1474
220528703	1474
220528865	1474
220529027	1474
220529189	1474
220529352	1474
221326614	1474
221326909	1474
221327002	1474
221327092	1474
221327181	1474
221327273	1474
221327363	1474
221327456	1474
221327558	1474
221327649	1474
221327755	1474
221327849	1474
221327967	1474
221328082	1474
221328175	1474
221328266	1474
222130109	1474
222130230	1474
222130323	1474
222130439	1474
222130591	1474
222130718	1474
222130842	1474
222130939	1474
222131056	1474
222131174	1474
222131267	1474
222131359	1474
222131448	1474
222131540	1474
222131632	1474
222131724	1474
222131815	1474
222926099	1474
222926387	1474
222926533	1474
222926687	1474
222926810	1474
222927035	1474
222927312	1474
222927522	1474
222927625	1474
222927720	1474
222927811	1474
222927904	1474
222928040	1474
222928136	1474
222928252	1474
222928343	1474
222928461	1474
222928579	1474
223459789	1474
223460014	1474
223460153	1474
223460248	1474
223460344	1474
223460433	1474
223460651	1474
223460754	1474
223460847	1474
223460941	1474
223461069	1474
223461164	1474
223461261	1474
223461380	1474
223461471	1474
223461591	1474
224260601	1474
224260811	1474
224260905	1474
224261026	1474
224261121	1474
224261340	1474
224261467	1474
224261563	1474
224261652	1474
224261745	1474
224261839	1474
224261934	1474
224262055	1474
224262158	1474
224262252	1474
224262350	1474
225059973	1474
225060226	1474
225060356	1474
225060481	1474
225060611	1474
225060726	1474
225060844	1474
225060938	1474
225061057	1474
225061170	1474
225061302	1474
225061407	1474
225061527	1474
225061622	1474
225061729	1474
225061851	1474
225061946	1474
225859693	1474
225859916	1474
225860007	1474
225860095	1474
225860225	1474
225860541	1474
225860657	1474
225860739	1474
225860866	1474
225860953	1474
225861045	1474
225861131	1474
225861234	1474
225861324	1474
225861422	1474
225861504	1474
225861613	1474
225861731	1474
226659823	1474
226659926	1474
226660144	1474
226660254	1474
226660337	1474
226660449	1474
226660596	1474
226660812	1474
226660923	1474
226661034	1474
226661122	1474
226661231	1474
226661412	1474
226661541	1474
226661631	1474
226661731	1474
226661984	1474
227462144	1474
227462439	1474
227462540	1474
227462671	1474
227463021	1474
227463157	1474
227463531	1474
227463662	1474
227463803	1474
227463926	1474
227464024	1474
227464151	1474
227464261	1474
227464361	1474
227464479	1474
227464573	1474
228259942	1474
228260188	1474
228260283	1474
228260379	1474
228260498	1474
228260587	1474
228260679	1474
228260769	1474
228260868	1474
228260964	1474
228261056	1474
228261149	1474
228261242	1474
228261333	1474
228261425	1474
228261516	1474
228261609	1474
229060193	1474
229060413	1474
229060512	1474
229060786	1474
229060904	1474
229061093	1474
229061215	1474
229061331	1474
229061449	1474
229061569	1474
229061686	1474
229061779	1474
229061872	1474
229061997	1474
229062117	1474
229062209	1474
229062302	1474
229859681	1474
229859908	1474
229860021	1474
229860241	1474
229860419	1474
229860673	1474
229860767	1474
229860956	1474
229861074	1474
229861202	1474
229861296	1474
229861388	1474
229861478	1474
229861569	1474
229861659	1474
229861752	1474
229861843	1474
229861961	1474
230659857	1474
230660261	1474
230660398	1474
230660707	1474
230661264	1474
230661364	1474
230661490	1474
230661604	1474
230661711	1474
230661808	1474
230661945	1474
230662069	1474
230662186	1474
230662309	1474
230662434	1474
230662561	1474
231459872	1474
231460179	1474
231460387	1474
231460630	1474
231461222	1474
231461331	1474
231461555	1474
231461669	1474
231461811	1474
231461909	1474
231462030	1474
231462177	1474
231462279	1474
231462393	1474
231462494	1474
231462697	1474
231462814	1474
231462923	1474
232261076	1474
232261390	1474
232261532	1474
232261957	1474
232262135	1474
232262286	1474
232262390	1474
232262511	1474
232262800	1474
232262923	1474
232263033	1474
232263147	1474
232263262	1474
232263372	1474
232263460	1474
232263557	1474
232263737	1474
233063490	1474
233063592	1474
233063725	1474
233063864	1474
233064105	1474
233064235	1474
233064382	1474
233064581	1474
233064708	1474
233064827	1474
233064930	1474
233065054	1474
233065192	1474
233065292	1474
233065419	1474
233065521	1474
233065659	1474
233065756	1474
233860786	1474
233861067	1474
233861192	1474
233861930	1474
233862066	1474
233862211	1474
233862317	1474
233862441	1474
233862623	1474
233862753	1474
233862847	1474
233862972	1474
233863097	1474
233863225	1474
233863339	1474
233863435	1474
233863554	1474
233863644	1474
234660839	1474
234660988	1474
234661139	1474
234661279	1474
234661394	1474
234661494	1474
234661591	1474
234661700	1474
234661817	1474
234661913	1474
234662034	1474
234662162	1474
234662280	1474
234662380	1474
234662479	1474
234662647	1474
234662769	1474
235461009	1474
235461359	1474
235461487	1474
235461607	1474
235461727	1474
235461868	1474
235461971	1474
235462094	1474
235462208	1474
235462347	1474
235462466	1474
235462590	1474
235462809	1474
235462933	1474
235463037	1474
235463142	1474
235463273	1474
235463398	1474
236260079	1474
236260464	1474
236260570	1474
236261033	1474
236261241	1474
236261339	1474
236261473	1474
236261596	1474
236261689	1474
236261806	1474
236261896	1474
236261987	1474
236262105	1474
236262199	1474
236262293	1474
236262424	1474
236262575	1474
236262700	1474
237060804	1474
237061109	1474
237061206	1474
237061298	1474
237061390	1474
237061527	1474
237061646	1474
237061823	1474
237061950	1474
237062070	1474
237062162	1474
237062258	1474
237062351	1474
237062487	1474
237062634	1474
237062769	1474
237062863	1474
237062988	1474
237861432	1474
237861729	1474
237861833	1474
237862206	1474
237862531	1474
237862693	1474
237862787	1474
237862886	1474
237863005	1474
237863099	1474
237863199	1474
237863293	1474
237863392	1474
237863510	1474
237863638	1474
237863759	1474
237863857	1474
238660933	1474
238661194	1474
238661513	1474
238661642	1474
238662093	1474
238662346	1474
238662473	1474
238662626	1474
238662732	1474
238662835	1474
238662959	1474
238663046	1474
238663163	1474
238663253	1474
238663346	1474
238663463	1474
238663581	1474
239460575	1474
239460784	1474
239460986	1474
239461082	1474
239461198	1474
239461292	1474
239461444	1474
239461641	1474
239461733	1474
239461861	1474
239461957	1474
239462076	1474
239462171	1474
239462265	1474
239462384	1474
239462500	1474
239462650	1474
239462748	1474
240528651	1474
240528933	1474
240529252	1474
240529360	1474
240529951	1474
240530200	1474
240530300	1474
240530399	1474
240530521	1474
240530708	1474
240530810	1474
240530955	1474
240531176	1474
240531274	1474
240531396	1474
240531507	1474
240531625	1474
240531749	1474
241330483	1474
241330741	1474
241330883	1474
241331016	1474
241331139	1474
241331265	1474
241331384	1474
241331506	1474
241331633	1474
241331765	1474
241331859	1474
241331958	1474
241332083	1474
241332217	1474
241332328	1474
241332438	1474
241332563	1474
241332677	1474
242127514	1474
242127777	1474
242127879	1474
242127989	1474
242128086	1474
242128190	1474
242128341	1474
242128467	1474
242128602	1474
242128720	1474
242128856	1474
242128956	1474
242129080	1474
242129192	1474
242129290	1474
242129394	1474
242129517	1474
242129632	1474
242927314	1474
242927460	1474
242927591	1474
242927717	1474
242927841	1474
242927948	1474
242928067	1474
242928164	1474
242928288	1474
242928398	1474
242928506	1474
242928631	1474
242928732	1474
242928828	1474
242928929	1474
242929053	1474
242929173	1474
242929269	1474
243727862	1474
243728148	1474
243728250	1474
243728389	1474
243728509	1474
243728611	1474
243728765	1474
243728861	1474
243728970	1474
243729086	1474
243729210	1474
243729308	1474
243729421	1474
243729526	1474
243729664	1474
243729788	1474
243729882	1474
243729985	1474
244527380	1474
244527710	1474
244527852	1474
244527978	1474
244528094	1474
244528190	1474
244528308	1474
244528422	1474
244528526	1474
244528645	1474
244528767	1474
244528899	1474
244529026	1474
244529134	1474
244529230	1474
244529326	1474
244529434	1474
244529578	1474
245327377	1474
245327568	1474
245327855	1474
245327955	1474
245328090	1474
245328307	1474
245328436	1474
245328575	1474
245328695	1474
245328807	1474
245328943	1474
245329064	1474
245329194	1474
245329325	1474
245329456	1474
245329570	1474
245329666	1474
245329778	1474
246127641	1474
246127790	1474
246127920	1474
246128017	1474
246128319	1474
246128546	1474
246128675	1474
246128796	1474
246128933	1474
246129029	1474
246129142	1474
246129254	1474
246129346	1474
246129438	1474
246129573	1474
246129674	1474
246129795	1474
246928291	1474
246928553	1474
246928652	1474
246928815	1474
246928914	1474
246929006	1474
246929100	1474
246929233	1474
246929377	1474
246929496	1474
246929590	1474
246929711	1474
246929806	1474
246929944	1474
246930062	1474
246930182	1474
247727877	1474
247728125	1474
247728227	1474
247728330	1474
247728471	1474
247728571	1474
247728667	1474
247728761	1474
247728879	1474
247728988	1474
247729085	1474
247729207	1474
247729325	1474
247729461	1474
247729557	1474
247729676	1474
247729797	1474
248527807	1474
248528124	1474
248528224	1474
248528377	1474
248528474	1474
248528578	1474
248528667	1474
248528766	1474
248528909	1474
248529002	1474
248529123	1474
248529225	1474
248529355	1474
248529458	1474
248529557	1474
248529678	1474
248529807	1474
249328145	1474
249328290	1474
249328450	1474
249328556	1474
249328783	1474
249328883	1474
249328983	1474
249329089	1474
249329209	1474
249329331	1474
249329429	1474
249329525	1474
249329658	1474
249329792	1474
249329897	1474
249330033	1474
249330278	1474
249330399	1474
250129507	1474
250129683	1474
250129787	1474
250129929	1474
250130031	1474
250130128	1474
250130237	1474
250130347	1474
250130467	1474
250130662	1474
250130754	1474
250130853	1474
250130974	1474
250131111	1474
250131221	1474
250131341	1474
250131439	1474
250131537	1474
250927238	1474
250927776	1474
250927902	1474
250928051	1474
250928192	1474
250928383	1474
250928484	1474
250928585	1474
250928710	1474
250928850	1474
250929032	1474
250929131	1474
250929249	1474
250929376	1474
250929514	1474
250929613	1474
250929747	1474
250929869	1474
251727207	1474
251727454	1474
251727641	1474
251727745	1474
251727865	1474
251728140	1474
251728245	1474
251728335	1474
251728451	1474
251728549	1474
251728656	1474
251728800	1474
251728896	1474
251729031	1474
251729208	1474
251729312	1474
251729432	1474
251729553	1474
252794458	1474
252794974	1474
252795102	1474
252795210	1474
252795306	1474
252795615	1474
252795743	1474
252795849	1474
252795954	1474
252796051	1474
252796179	1474
252796344	1474
252796447	1474
252796551	1474
252796658	1474
252796778	1474
252796896	1474
252797017	1474
253327904	1474
253328113	1474
253328387	1474
253328502	1474
253328636	1474
253328740	1474
253328861	1474
253328975	1474
253329097	1474
253329221	1474
253329343	1474
253329445	1474
253329543	1474
253329668	1474
253329779	1474
253329878	1474
254127806	1474
254127995	1474
254128136	1474
254128450	1474
254128537	1474
254128674	1474
254128798	1474
254128895	1474
254128988	1474
254129084	1474
254129198	1474
254129337	1474
254129457	1474
254129601	1474
254129699	1474
254129794	1474
254129898	1474
254928594	1474
254928956	1474
254929099	1474
254929303	1474
254929508	1474
254929683	1474
254929911	1474
254930053	1474
254930220	1474
254930387	1474
254930528	1474
254930759	1474
254930931	1474
254931095	1474
254931260	1474
254931429	1474
255729530	1474
255729768	1474
255729963	1474
255730261	1474
255730485	1474
255730763	1474
255730930	1474
255731075	1474
255731214	1474
255731355	1474
255731498	1474
255731642	1474
255731807	1474
255731989	1474
255732172	1474
255732318	1474
255732459	1474
256528513	1474
256528739	1474
256528892	1474
256529076	1474
256529219	1474
256529385	1474
256529553	1474
256529693	1474
256529834	1474
256529978	1474
256530184	1474
256530352	1474
256530495	1474
256530690	1474
256530863	1474
256531015	1474
256531155	1474
256531299	1474
257328103	1474
257328322	1474
257328542	1474
257328730	1474
257328957	1474
257329159	1474
257329425	1474
257329598	1474
257329738	1474
257329906	1474
257330041	1474
257330213	1474
257330405	1474
257330675	1474
257330880	1474
257331045	1474
257331226	1474
258128081	1474
258128266	1474
258128459	1474
258128556	1474
258128686	1474
258128986	1474
258129091	1474
258129189	1474
258129475	1474
258129578	1474
258129669	1474
258129792	1474
258129895	1474
258130007	1474
258130129	1474
258130240	1474
258130379	1474
258929560	1474
258929738	1474
258929868	1474
258929965	1474
258930076	1474
258930191	1474
258930312	1474
258930436	1474
258930654	1474
258930782	1474
258930895	1474
258931025	1474
258931123	1474
258931252	1474
258931366	1474
258931470	1474
259729218	1474
259729370	1474
259729472	1474
259729579	1474
259729717	1474
259729831	1474
259729921	1474
259730032	1474
259730130	1474
259730229	1474
259730325	1474
259730447	1474
259730906	1474
259731045	1474
259731184	1474
259731307	1474
260528009	1474
260528223	1474
260528349	1474
260528447	1474
260528588	1474
260528712	1474
260529006	1474
260529136	1474
260529277	1474
260529370	1474
260529491	1474
260529606	1474
260529727	1474
260529836	1474
260529944	1474
260530064	1474
260530178	1474
260530291	1474
261328874	1474
261329048	1474
261329161	1474
261329302	1474
261329399	1474
261329510	1474
261329629	1474
261329777	1474
261329909	1474
261330042	1474
261330164	1474
261330276	1474
261330390	1474
261330533	1474
261330704	1474
261330836	1474
261330968	1474
262128371	1474
262128620	1474
262128722	1474
262128849	1474
262128947	1474
262129061	1474
262129189	1474
262129290	1474
262129422	1474
262129512	1474
262129626	1474
262129724	1474
262129860	1474
262129982	1474
262130186	1474
262130292	1474
262130396	1474
262130520	1474
262928900	1474
262929057	1474
262929260	1474
262929365	1474
262929485	1474
262929579	1474
262929698	1474
262929794	1474
262929884	1474
262929978	1474
262930098	1474
262930231	1474
262930329	1474
262930424	1474
262930538	1474
262930683	1474
262930779	1474
263729148	1474
263729314	1474
263729453	1474
263729689	1474
263729805	1474
263729910	1474
263730009	1474
263730125	1474
263730242	1474
263730340	1474
263730437	1474
263730595	1474
263730723	1474
263730814	1474
263730937	1474
263731035	1474
263731134	1474
263731227	1474
264528895	1474
264529056	1474
264529155	1474
264529267	1474
264529384	1474
264529480	1474
264529577	1474
264529696	1474
264529809	1474
264529912	1474
264530057	1474
264530154	1474
264530252	1474
264530353	1474
264530451	1474
264530599	1474
264530778	1474
265328804	1474
265328972	1474
265329063	1474
265329267	1474
265329391	1474
265329539	1474
265329634	1474
265329736	1474
265329887	1474
265329986	1474
265330096	1474
265330231	1474
265330342	1474
265330466	1474
265330594	1474
265330734	1474
265330857	1474
266128892	1474
266129197	1474
266129288	1474
266129383	1474
266129482	1474
266129579	1474
266129870	1474
266129974	1474
266130139	1474
266130263	1474
266130368	1474
266130489	1474
266130619	1474
266130721	1474
266130851	1474
266130970	1474
266131111	1474
266929170	1474
266929572	1474
266929661	1474
266929764	1474
266929861	1474
266929996	1474
266930117	1474
266930229	1474
266930367	1474
266930488	1474
266930694	1474
266930812	1474
266930930	1474
266931258	1474
266931396	1474
266931491	1474
266931613	1474
266931741	1474
267728976	1474
267729220	1474
267729538	1474
267729665	1474
267729810	1474
267730056	1474
267730161	1474
267730249	1474
267730372	1474
267730497	1474
267730693	1474
267730814	1474
267730914	1474
267731009	1474
267731097	1474
267731224	1474
267731320	1474
267731430	1474
268528638	1474
268528899	1474
268528991	1474
268529108	1474
268529225	1474
268529317	1474
268529409	1474
268529509	1474
268529603	1474
268529695	1474
268529810	1474
268529907	1474
268530024	1474
268530140	1474
268530256	1474
268530346	1474
268530464	1474
268530664	1474
269330804	1474
269330902	1474
269331021	1474
269331113	1474
269331229	1474
269331425	1474
269331636	1474
269331747	1474
269331865	1474
269331958	1474
269332074	1474
269332167	1474
269332282	1474
269332379	1474
269332466	1474
269332559	1474
269332686	1474
269332807	1474
270128987	1474
270129198	1474
270129359	1474
270129522	1474
270129666	1474
270129806	1474
270129946	1474
270130109	1474
270130246	1474
270130386	1474
270130521	1474
270130757	1474
270130936	1474
270131074	1474
270131233	1474
270131370	1474
270929123	1474
270929443	1474
270929581	1474
270929742	1474
270929916	1474
270930051	1474
270930188	1474
270930323	1474
270930459	1474
270930593	1474
270930813	1474
270930980	1474
270931115	1474
270931250	1474
270931411	1474
270931571	1474
271463131	1474
271463309	1474
271463476	1474
271463688	1474
271463891	1474
271464086	1474
271464301	1474
271464443	1474
271464605	1474
271464766	1474
271464942	1474
271465113	1474
271465275	1474
271465415	1474
271465551	1474
271465687	1474
271468722	1474
272262337	1474
272262624	1474
272262823	1474
272263419	1474
272263618	1474
272263793	1474
272263930	1474
272264101	1474
272264239	1474
272264374	1474
272264510	1474
272264646	1474
272264781	1474
272264917	1474
272265059	1474
272265195	1474
273062110	1474
273062311	1474
273062500	1474
273062858	1474
273063130	1474
273063511	1474
273063679	1474
273063851	1474
273063987	1474
273064167	1474
273064345	1474
273064481	1474
273064616	1474
273064751	1474
273064887	1474
273065074	1474
273862417	1474
273862947	1474
273863226	1474
273863690	1474
273863976	1474
273864146	1474
273864309	1474
273864460	1474
273864598	1474
273864736	1474
273864873	1474
273865011	1474
273865174	1474
273865343	1474
273865508	1474
273865690	1474
273865855	1474
274663006	1474
274663347	1474
274663810	1474
274664013	1474
274664190	1474
274664332	1474
274664503	1474
274664640	1474
274664802	1474
274664938	1474
274665100	1474
274665260	1474
274665397	1474
274665565	1474
274665701	1474
274665862	1474
275462216	1474
275462494	1474
275462840	1474
275463041	1474
275463555	1474
275463736	1474
275463945	1474
275464085	1474
275464260	1474
275464422	1474
275464558	1474
275464745	1474
275464908	1474
275465068	1474
275465206	1474
275465365	1474
275465525	1474
276263181	1474
276263703	1474
276263987	1474
276264318	1474
276264505	1474
276264664	1474
276264802	1474
276264946	1474
276265107	1474
276265243	1474
276265379	1474
276265540	1474
276265675	1474
276265834	1474
276266009	1474
276266146	1474
276266305	1474
276266439	1474
277062270	1474
277062569	1474
277063027	1474
277063221	1474
277063486	1474
277063637	1474
277063885	1474
277064060	1474
277064220	1474
277064375	1474
277064537	1474
277064673	1474
277064809	1474
277064943	1474
277065088	1474
277065249	1474
277065384	1474
277065520	1474
277862689	1474
277862942	1474
277863162	1474
277863380	1474
277863600	1474
277863887	1474
277864146	1474
277864325	1474
277864490	1474
277864702	1474
277864840	1474
277864975	1474
277865111	1474
277865286	1474
277865422	1474
277865581	1474
277865716	1474
277865875	1474
278663248	1474
278664039	1474
278664260	1474
278664451	1474
278664617	1474
278664759	1474
278664926	1474
278665089	1474
278665258	1474
278665437	1474
278665578	1474
278665715	1474
278665856	1474
278665994	1474
278666134	1474
278666285	1474
278666424	1474
278666590	1474
279463465	1474
279463705	1474
279463852	1474
279463990	1474
279464218	1474
279464415	1474
279464624	1474
279464792	1474
279464960	1474
279465099	1474
279465238	1474
279465377	1474
279465577	1474
279465721	1474
279465889	1474
279466029	1474
279466195	1474
280265483	1474
280265771	1474
280265913	1474
280266078	1474
280266216	1474
280266357	1474
280266521	1474
280266757	1474
280266927	1474
280267069	1474
280267207	1474
280267374	1474
280267533	1474
280267686	1474
280267847	1474
280267987	1474
280268126	1474
280268292	1474
281062807	1474
281063340	1474
281063508	1474
281063720	1474
281063950	1474
281064099	1474
281064237	1474
281064375	1474
281064538	1474
281064699	1474
281064858	1474
281064998	1474
281065184	1474
281065322	1474
281065489	1474
281065652	1474
281065801	1474
281065962	1474
282129870	1474
282130163	1474
282130416	1474
282130723	1474
282130999	1474
282131171	1474
282131334	1474
282131509	1474
282131647	1474
282131786	1474
282131950	1474
282132103	1474
282132241	1474
282132402	1474
282132538	1474
282132678	1474
282132817	1474
282132952	1474
282929762	1474
282930023	1474
282930175	1474
282930344	1474
282930528	1474
282930826	1474
282930986	1474
282931450	1474
282931641	1474
282931785	1474
282931921	1474
282932096	1474
282932249	1474
282932388	1474
282932525	1474
282932690	1474
282932851	1474
282933016	1474
283730113	1474
283730244	1474
283730342	1474
283730443	1474
283730787	1474
283730923	1474
283731378	1474
283731523	1474
283731639	1474
283731734	1474
283731828	1474
283731925	1474
283732036	1474
283732158	1474
283732272	1474
283732387	1474
283732483	1474
283732591	1474
284530416	1474
284530755	1474
284531315	1474
284531543	1474
284531742	1474
284531882	1474
284532044	1474
284532178	1474
284532340	1474
284532510	1474
284532650	1474
284532784	1474
284532945	1474
284533085	1474
284533222	1474
284533383	1474
284533562	1474
285329754	1474
285329983	1474
285330200	1474
285330443	1474
285330730	1474
285330929	1474
285331527	1474
285331760	1474
285332016	1474
285332164	1474
285332302	1474
285332441	1474
285332603	1474
285332832	1474
285332972	1474
285333134	1474
285333299	1474
285333462	1474
286131052	1474
286131349	1474
286132044	1474
286132244	1474
286132508	1474
286132650	1474
286132778	1474
286133004	1474
286133151	1474
286133277	1474
286133406	1474
286133529	1474
286133678	1474
286133800	1474
286133966	1474
286134137	1474
286134299	1474
286134436	1474
286931096	1474
286931444	1474
286931549	1474
286931687	1474
286931785	1474
286931892	1474
286932024	1474
286932140	1474
286932237	1474
286932346	1474
286932480	1474
286932600	1474
286932694	1474
286932816	1474
286932974	1474
286933095	1474
286933217	1474
287730078	1474
287730269	1474
287730546	1474
287730823	1474
287731064	1474
287731230	1474
287731366	1474
287732107	1474
287732233	1474
287732357	1474
287732482	1474
287732587	1474
287732685	1474
287732807	1474
287732920	1474
287733060	1474
287733195	1474
287733328	1474
288530318	1474
288530436	1474
288530906	1474
288531262	1474
288531392	1474
288531515	1474
288531739	1474
288531837	1474
288531930	1474
288532050	1474
288532143	1474
288532234	1474
288532341	1474
288532463	1474
288532580	1474
288532675	1474
288532769	1474
289330244	1474
289330505	1474
289330635	1474
289330731	1474
289330824	1474
289330943	1474
289331086	1474
289331263	1474
289331756	1474
289331940	1474
289332060	1474
289332177	1474
289332271	1474
289332364	1474
289332450	1474
289332554	1474
289332672	1474
289332764	1474
290130504	1474
290130783	1474
290130882	1474
290131939	1474
290132093	1474
290132185	1474
290132350	1474
290132448	1474
290132566	1474
290132701	1474
290132819	1474
290132911	1474
290133004	1474
290133096	1474
290133188	1474
290133305	1474
290133420	1474
290133537	1474
290930370	1474
290930557	1474
290930698	1474
290930850	1474
290930946	1474
290931062	1474
290931156	1474
290931248	1474
290931365	1474
290931459	1474
290931574	1474
290931726	1474
290931860	1474
290931954	1474
290932047	1474
290932142	1474
290932258	1474
291731126	1474
291731422	1474
291731556	1474
291732814	1474
291732906	1474
291733012	1474
291733125	1474
291733248	1474
291733336	1474
291733457	1474
291733557	1474
291733682	1474
291733798	1474
291733928	1474
291734039	1474
291734162	1474
292530574	1474
292530786	1474
292530908	1474
292531005	1474
292531105	1474
292531202	1474
292531291	1474
292531405	1474
292531497	1474
292531621	1474
292531715	1474
292531845	1474
292531949	1474
292532052	1474
292532177	1474
292532298	1474
293330615	1474
293330760	1474
293330888	1474
293330985	1474
293331080	1474
293331209	1474
293331348	1474
293331437	1474
293331552	1474
293331670	1474
293331787	1474
293331902	1474
293332021	1474
293332138	1474
293332251	1474
293332357	1474
293332453	1474
294130783	1474
294131011	1474
294131110	1474
294131201	1474
294131317	1474
294131446	1474
294131567	1474
294131657	1474
294131773	1474
294131867	1474
294131983	1474
294132101	1474
294132194	1474
294132287	1474
294132381	1474
294132517	1474
294132611	1474
294664196	1474
294664386	1474
294664528	1474
294664681	1474
294664844	1474
294665006	1474
294665143	1474
294665280	1474
294665413	1474
294665550	1474
294665698	1474
294665836	1474
294665975	1474
294666138	1474
294666278	1474
294666418	1474
295464593	1474
295464787	1474
295464954	1474
295465145	1474
295465366	1474
295465577	1474
295465729	1474
295465897	1474
295466068	1474
295466234	1474
295466372	1474
295466535	1474
295466730	1474
295466902	1474
295467039	1474
295467177	1474
295467314	1474
296531200	1474
296532056	1474
296532262	1474
296532481	1474
296532622	1474
296532761	1474
296532940	1474
296533087	1474
296533253	1474
296533392	1474
296533533	1474
296533674	1474
296533816	1474
296533964	1474
296534105	1474
296534248	1474
296534391	1474
296534530	1474
297064367	1474
297064561	1474
297064744	1474
297064889	1474
297065024	1474
297065206	1474
297065340	1474
297065505	1474
297065648	1474
297065810	1474
297065949	1474
297066192	1474
297066336	1474
297066502	1474
297066712	1474
297066859	1474
297066997	1474
297864147	1474
297864274	1474
297864521	1474
297864620	1474
297864715	1474
297864837	1474
297864961	1474
297865085	1474
297865403	1474
297865690	1474
297865794	1474
297865904	1474
297866002	1474
297866120	1474
297866241	1474
297866369	1474
297866473	1474
298664341	1474
298664473	1474
298664616	1474
298664731	1474
298664853	1474
298664976	1474
298665097	1474
298665230	1474
298665343	1474
298665481	1474
298665595	1474
298665712	1474
298665811	1474
298665932	1474
298666051	1474
298666149	1474
298666271	1474
299465628	1474
299465827	1474
299465954	1474
299466092	1474
299466208	1474
299466304	1474
299466421	1474
299466676	1474
299466777	1474
299466896	1474
299467037	1474
299467136	1474
299467258	1474
299467355	1474
299467455	1474
299467552	1474
299467664	1474
300264554	1474
300264697	1474
300264816	1474
300264945	1474
300265070	1474
300265166	1474
300265281	1474
300265404	1474
300265534	1474
300265655	1474
300265757	1474
300265893	1474
300266012	1474
300266108	1474
300266222	1474
300266339	1474
300266439	1474
300266561	1474
301332578	1474
301332912	1474
301333031	1474
301333129	1474
301333229	1474
301333529	1474
301333658	1474
301333792	1474
301333902	1474
301334046	1474
301334158	1474
301334284	1474
301334416	1474
301334608	1474
301334738	1474
301334831	1474
301334932	1474
301335072	1474
301865051	1474
301865213	1474
301865374	1474
301865497	1474
301865606	1474
301865725	1474
301865850	1474
301865964	1474
301866060	1474
301866198	1474
301866308	1474
301866409	1474
301866528	1474
301866708	1474
301866828	1474
301866940	1474
301867088	1474
302665438	1474
302665614	1474
302665739	1474
302665846	1474
302665967	1474
302666101	1474
302666255	1474
302666358	1474
302666483	1474
302666629	1474
302666730	1474
302666826	1474
302666943	1474
302667068	1474
302667179	1474
302667337	1474
303465690	1474
303465866	1474
303465991	1474
303466111	1474
303466210	1474
303466362	1474
303466474	1474
303466573	1474
303466766	1474
303466857	1474
303466958	1474
303467061	1474
303467217	1474
303467312	1474
303467416	1474
303467522	1474
303467641	1474
303467761	1474
304264854	1474
304264968	1474
304265095	1474
304265189	1474
304265310	1474
304265399	1474
304265500	1474
304265634	1474
304265770	1474
304265868	1474
304266002	1474
304266122	1474
304266280	1474
304266394	1474
304266491	1474
304266733	1474
304266869	1474
304266965	1474
305331697	1474
305331858	1474
305331978	1474
305332099	1474
305332218	1474
305332336	1474
305332454	1474
305332551	1474
305332668	1474
305332821	1474
305332946	1474
305333076	1474
305333175	1474
305333272	1474
305333386	1474
305333510	1474
305333632	1474
305333755	1474
306132353	1474
306132637	1474
306132752	1474
306132867	1474
306132988	1474
306133088	1474
306133205	1474
306133327	1474
306133454	1474
306133570	1474
306133669	1474
306133770	1474
306133867	1474
306134005	1474
306134095	1474
306134215	1474
306134337	1474
306134458	1474
306933162	1474
306933435	1474
306933557	1474
306933673	1474
306933769	1474
306933889	1474
306933988	1474
306934118	1474
306934225	1474
306934317	1474
306934411	1474
306934529	1474
306934743	1474
306934842	1474
306934939	1474
306935053	1474
306935192	1474
306935291	1474
