5685289	58
5753778	54
5901272	1474
5901701	82
6054657	1474
6054791	1474
6054938	110
6197438	1474
6197691	1474
6197918	1474
6198488	1474
6198728	166
6337264	1474
6337368	1474
6337465	1474
6337585	1474
6337689	1474
6337807	1007
6461058	1474
6462341	1474
6462813	1474
6463027	1474
6463249	1474
6463562	1474
6463779	1474
6464216	1474
6464436	1230
6609612	1474
6609909	1474
6610105	1474
6610282	1090
6612295	1474
6612497	1474
6612955	1474
6613153	1474
6613281	1474
6613381	1474
6613480	1474
6613591	1474
6613867	1474
6614062	1474
6614207	1038
6748497	1474
6748784	1474
6748982	1474
6749209	1474
6749327	1474
6749479	194
6749740	1474
6750018	1474
6750150	1474
6750497	1474
6751326	1474
6751621	1474
6751737	1474
6751994	1474
6752117	1474
6752370	762
6882188	1474
6882436	1474
6882868	1474
6883033	1474
6883125	1474
6883220	1474
6883554	222
6883720	1474
6883870	1474
6884146	1474
6884368	138
6884496	1474
6884595	1474
6884710	1474
6884986	98
6885107	1474
6885253	1474
6885881	1474
6886089	138
6886201	1474
6886337	82
7026865	1474
7026988	1474
7027085	110
7027180	1474
7027310	1474
7027460	1474
7027765	138
7027899	1474
7028096	1474
7028192	1474
7028338	138
7028451	1474
7028718	1474
7028876	1474
7029189	98
7029364	1474
7029483	1474
7029849	1474
7030009	1474
7030333	166
7030488	1474
7030908	1474
7031263	110
7173546	1474
7173684	1474
7173972	1474
7174143	1474
7174341	1474
7174472	1474
7174587	1474
7174857	1474
7174993	278
7175427	1474
7175585	1474
7175807	1474
7175915	1474
7176218	126
7176374	1474
7176521	1474
7176819	1474
7177067	1474
7177246	166
7177369	1474
7177637	1474
7177785	110
7316117	1474
7316222	1474
7316471	1474
7316614	1474
7316722	1474
7316838	1474
7317051	1474
7317181	1474
7317334	1474
7317558	1474
7317683	1474
7317927	1474
7318098	1474
7318199	130
7318537	1474
7318752	1474
7318987	1474
7319091	1474
7319237	166
7319365	1474
7319747	1474
7319902	110
7451036	1474
7451240	1474
7451492	1474
7451645	1474
7451860	1474
7452007	1474
7452427	1474
7452743	1474
7452896	1474
7453155	1474
7453391	1474
7453508	1474
7453612	1474
7453937	1474
7454116	158
7454239	1474
7454471	1474
7454850	1474
7455034	1474
7455162	1474
7455352	1474
7455820	222
7627337	1474
7627534	1474
7627874	1474
7628141	1474
7628329	1474
7628737	1474
7628936	1474
7629171	1474
7629266	1474
7746978	1474
7747343	1474
7747644	1474
7748021	1474
7748151	1474
7748287	1474
7748413	1474
7748723	250
7748923	1474
7749290	1474
7749502	1474
7749859	1474
7750130	1474
7750368	1474
7750646	1474
7750973	1474
7751172	1474
7751408	1474
7751809	1474
7752098	1474
7752345	1474
7752568	1474
7752767	1110
7767353	1474
9020861	1474
9032339	1474
9032916	1474
9049719	1474
9050251	1474
9050569	1474
9051187	1474
9076298	1474
9076750	1474
9077354	1474
9077761	1474
9078496	1474
9079158	1474
9079387	1474
9079877	1474
9105184	1474
9105613	1474
9105843	1474
9106132	1474
9106505	1474
9106921	1474
9123975	1474
9124352	1474
12033036	1474
12038225	1474
12038352	1474
12044231	1474
12044625	1474
12045323	1474
12053187	1474
12053395	1474
12053823	1474
12054207	409
12054595	1474
12055911	388
12065650	1474
12066192	370
12066426	1474
12066922	1474
12071126	1474
12071256	1474
12084360	1474
12084478	1474
12084587	1474
12084720	1474
12085279	1474
12085583	1474
12095222	1474
12095657	1474
12095859	1474
12096191	1474
12096501	1474
12096929	1474
12097583	1474
12105909	1474
12106055	1474
12106691	1474
12106819	1474
12110095	1474
12110206	1474
12110304	1474
12110424	1474
12120255	1474
12120543	1474
12120707	1474
12120942	1474
12121251	1474
12121549	1474
12122042	1474
12122295	1474
12130046	1474
12130163	1474
12130273	1474
12130389	1474
12130512	1474
12130615	1474
12131223	1474
12132114	1474
12139193	1474
12139341	1474
12139644	1474
12139748	1474
12140082	1474
12140304	1474
12140408	1474
12140654	1474
12175279	1474
12175578	1474
12175774	1474
12175893	1474
12176042	1474
12176195	1474
12176561	1474
12176730	1474
12177139	1474
12180424	1474
12180643	1474
12181028	1474
12181147	1474
12181269	1474
12181414	1474
12182706	1474
12182808	1474
12218474	1474
12218661	1474
12218794	1474
12218920	1474
12219053	1474
12219156	1474
12219277	1474
12219427	1474
12219548	1474
12260052	1474
12260334	1474
12260433	1474
12260532	1474
12260665	1474
12260786	1474
12260902	1474
12261036	1474
12261166	1474
12261284	1474
12301579	1474
12301853	1474
12301997	1474
12302175	1474
12302275	1474
12302421	1474
12302543	1474
12302724	1474
12302822	1474
12302960	1474
12339704	1474
12339984	1474
12340126	1474
12340248	1474
12340342	1474
12340433	1474
12340552	1474
12340666	1474
12340765	1474
12340869	1474
12381233	1474
12381451	1474
12381583	1474
12381681	1474
12381819	1474
12381929	1474
12382038	1474
12382152	1474
12382275	1474
12382395	1474
12420028	1474
12420920	1474
12421051	1474
12421177	1474
12972297	1474
12972561	1474
12972712	1474
12972848	1474
12972970	1474
12973108	1474
12973206	1474
12973296	1474
12973417	1474
12973514	1474
13011869	1474
13012048	1474
13012162	1474
13012453	1474
13012543	1474
13012680	1474
13012778	1474
13012939	1474
13013087	1474
13240354	1474
13240866	1474
13241022	1474
13241133	1474
13241274	1474
13241369	1474
13241489	1474
13241623	1474
14305537	1474
14305990	1474
14306095	1474
14306203	1474
14306350	1474
14306476	1474
14306758	1474
14306885	1474
14307171	1474
14307317	1474
14307449	1474
14349584	1474
14349881	1474
14349996	1474
14350096	1474
14350233	1474
14350330	1474
14350443	1474
14350602	1474
14350729	1474
14350826	1474
14391476	1474
14839922	1474
14840171	1474
14840272	1474
14840431	1474
14840528	1474
14840671	1474
14840776	1474
14840874	1474
14841006	1474
14841128	1474
14841262	1474
14880049	1474
14880441	1474
14880556	1474
14880690	1474
14880808	1474
14880951	1474
14881069	1474
14881344	1474
15905919	1474
15906220	1474
15906311	1474
15906439	1474
15906627	1474
15906731	1474
15906841	1474
15906956	1474
15907063	1474
15907198	1474
15907332	1474
15949247	1474
15949536	1474
15949631	1474
15949727	1474
15949855	1474
15949973	1474
15950068	1474
15950202	1474
15950343	1474
16708885	1474
16709066	1474
16709195	1474
16709293	1474
16709387	1474
16709505	1474
16709600	1474
16709719	1474
16709851	1474
16709943	1474
16710062	1474
16749030	1474
16749205	1474
16749306	1474
16749426	1474
17505510	1474
17505621	1474
17505826	1474
17506050	1474
17506180	1474
17506274	1474
17506379	1474
17506618	1474
17506726	1474
17506822	1474
17506940	1474
17507057	1474
17547533	1474
17547665	1474
17547761	1474
17547956	1474
17548052	1474
17548145	1474
17548239	1474
17548339	1474
17548457	1474
18308187	1474
18308519	1474
18308611	1474
18308704	1474
18308838	1474
18308947	1474
18309145	1474
18309247	1474
18309341	1474
18309571	1474
18309665	1474
18309759	1474
18309853	1474
18348595	1474
18348832	1474
19105317	1474
19105510	1474
19105709	1474
19105805	1474
19105898	1474
19106016	1474
19106109	1474
19106203	1474
19106319	1474
19106411	1474
19106555	1474
19106705	1474
19147300	1474
19147485	1474
19147664	1474
19147783	1474
19147901	1474
19148018	1474
19148110	1474
19148202	1474
19148294	1474
19908372	1474
19908468	1474
19908560	1474
19908654	1474
19908774	1474
19908992	1474
19909093	1474
19909206	1474
19909421	1474
19909546	1474
19909640	1474
19909759	1474
19909852	1474
19947079	1474
19947292	1474
20975772	1474
20976051	1474
20976172	1474
20976263	1474
20976381	1474
20976475	1474
20976571	1474
20976689	1474
20976783	1474
20976877	1474
20976994	1474
20977111	1474
21017172	1474
21017481	1474
21019392	1474
21019887	1474
21020197	1474
21020878	1474
21022262	1474
21022997	1474
21023353	1474
21771805	1474
21771959	1474
21772056	1474
21772204	1474
21772330	1474
21772471	1474
21772586	1474
21772683	1474
21772781	1474
21772903	1474
21773019	1474
21773140	1474
21812336	1474
21812519	1474
21812656	1474
22572484	1474
22572662	1474
22572796	1474
22572947	1474
22573125	1474
22573255	1474
22573459	1474
22573584	1474
22573864	1474
22574020	1474
22574135	1474
22574232	1474
22574352	1474
22620810	1474
22620905	1474
22621013	1474
22621159	1474
22621280	1474
22621380	1474
22621513	1474
22621617	1474
23376875	1474
23377124	1474
23377226	1474
23377329	1474
23377429	1474
23377561	1474
23377766	1474
23377870	1474
23377995	1474
23378091	1474
23378212	1474
23378552	1474
23378725	1474
23378822	1474
24172897	1474
24173146	1474
24173283	1474
24173381	1474
24173472	1474
24173564	1474
24173658	1474
24173777	1474
24173896	1474
24174011	1474
24174106	1474
24174243	1474
24174337	1474
24220731	1474
24220876	1474
24221004	1474
24221101	1474
24221210	1474
24221310	1474
24221427	1474
24221547	1474
24972103	1474
24972361	1474
24972470	1474
24972566	1474
24972665	1474
24972759	1474
24972875	1474
24972969	1474
24973065	1474
24973158	1474
24973250	1474
24973343	1474
24973437	1474
25015910	1474
25772004	1474
25772294	1474
25772435	1474
25772544	1474
25772676	1474
25772901	1474
25773029	1474
25773129	1474
25773226	1474
25773312	1474
25773493	1474
25773620	1474
25773762	1474
25773865	1474
25820482	1474
25820776	1474
25820898	1474
26571776	1474
26572062	1474
26572165	1474
26572302	1474
26572399	1474
26572510	1474
26572631	1474
26572753	1474
26572870	1474
26572976	1474
26573086	1474
26573235	1474
26573338	1474
26611472	1474
26611590	1474
26611730	1474
27373062	1474
27373165	1474
27373364	1474
27373459	1474
27373622	1474
27373885	1474
27374017	1474
27374120	1474
27374291	1474
27374417	1474
27374573	1474
27374778	1474
27374901	1474
27375006	1474
27375109	1474
27419322	1474
27419478	1474
27419602	1474
28172675	1474
28172815	1474
28173065	1474
28173220	1474
28173350	1474
28173663	1474
28173767	1474
28173888	1474
28173992	1474
28174171	1474
28174274	1474
28174371	1474
28174469	1474
28174706	1474
28174845	1474
28218573	1474
28218886	1474
28219010	1474
28971957	1474
28972221	1474
28972314	1474
28972407	1474
28972528	1474
28972645	1474
28972828	1474
28972948	1474
28973043	1474
28973136	1474
28973230	1474
28973324	1474
28973443	1474
28973538	1474
29015547	1474
29015891	1474
29016014	1474
29016108	1474
29016203	1474
29016298	1474
29016392	1474
29016487	1474
29771764	1474
29771923	1474
29772050	1474
29772155	1474
29772285	1474
29772402	1474
29772502	1474
29772627	1474
29772752	1474
29772873	1474
29772987	1474
29773106	1474
29773200	1474
29773336	1474
30572108	1474
30572383	1474
30572475	1474
30572578	1474
30572677	1474
30572774	1474
30572894	1474
30573025	1474
30573122	1474
30573225	1474
30573344	1474
30573470	1474
30573583	1474
30573703	1474
30610804	1474
30611120	1474
30611219	1474
31371984	1474
31372276	1474
31372405	1474
31372525	1474
31372638	1474
31372763	1474
31372970	1474
31373068	1474
31373347	1474
31373475	1474
31373593	1474
31373691	1474
31373804	1474
31373924	1474
31374047	1474
31411163	1474
31411301	1474
31411396	1474
32173227	1474
32173659	1474
32173794	1474
32173912	1474
32174054	1474
32174333	1474
32174453	1474
32174572	1474
32175032	1474
32175155	1474
32175275	1474
32175365	1474
32175470	1474
32175584	1474
32175685	1474
32214757	1474
32214970	1474
32972357	1474
32972463	1474
32972575	1474
32972862	1474
32972955	1474
32973048	1474
32973172	1474
32973271	1474
32973392	1474
32973490	1474
32973588	1474
32973710	1474
32973851	1474
32973972	1474
32974095	1474
33017833	1474
33018135	1474
33771538	1474
33771707	1474
33771810	1474
33771935	1474
33772064	1474
33772170	1474
33772296	1474
33772570	1474
33772696	1474
33772787	1474
33772973	1474
33773066	1474
33773180	1474
33773276	1474
33773373	1474
33773510	1474
33815420	1474
33815569	1474
34571695	1474
34572015	1474
34572124	1474
34572219	1474
34572315	1474
34572432	1474
34572554	1474
34572669	1474
34572812	1474
34572910	1474
34573042	1474
34573183	1474
34573280	1474
34573416	1474
34573536	1474
34611294	1474
35371653	1474
35371947	1474
35372041	1474
35372173	1474
35372300	1474
35372397	1474
35372494	1474
35372591	1474
35372706	1474
35372830	1474
35372935	1474
35373042	1474
35373137	1474
35373246	1474
35373380	1474
35415314	1474
35415545	1474
35415709	1474
36172493	1474
36172779	1474
36172980	1474
36173103	1474
36173228	1474
36173430	1474
36173550	1474
36173646	1474
36173745	1474
36173865	1474
36173963	1474
36174085	1474
36174182	1474
36174283	1474
36174405	1474
36218811	1474
36219116	1474
36971657	1474
36971762	1474
36971987	1474
36972124	1474
36972262	1474
36972455	1474
36972592	1474
36972715	1474
36972812	1474
36973220	1474
36973334	1474
36973426	1474
36973521	1474
36973662	1474
36973758	1474
36973858	1474
37011642	1474
37771919	1474
37772088	1474
37772184	1474
37772276	1474
37772369	1474
37772461	1474
37772553	1474
37772659	1474
37772778	1474
37772895	1474
37772987	1474
37773079	1474
37773172	1474
37773289	1474
37773407	1474
37773499	1474
37811000	1474
37811181	1474
38571960	1474
38572126	1474
38572396	1474
38572525	1474
38572645	1474
38572752	1474
38572976	1474
38573095	1474
38573228	1474
38573341	1474
38573606	1474
38573739	1474
38573861	1474
38573989	1474
38574116	1474
38574221	1474
38574338	1474
38615596	1474
39374052	1474
39374199	1474
39374296	1474
39374392	1474
39374518	1474
39374703	1474
39374851	1474
39374978	1474
39375085	1474
39375183	1474
39375307	1474
39375405	1474
39375511	1474
39375622	1474
39375721	1474
39375842	1474
39415060	1474
39415177	1474
40172390	1474
40172552	1474
40172718	1474
40172818	1474
40172941	1474
40173083	1474
40173178	1474
40173291	1474
40173433	1474
40173618	1474
40173756	1474
40173896	1474
40173994	1474
40174113	1474
40174222	1474
40174319	1474
40216519	1474
40216667	1474
40971687	1474
40971939	1474
40972041	1474
40972194	1474
40972325	1474
40972422	1474
40972525	1474
40972621	1474
40972740	1474
40972886	1474
40972995	1474
40973094	1474
40973187	1474
40973282	1474
40973373	1474
40973475	1474
41015317	1474
42040538	1474
42040794	1474
42040924	1474
42041038	1474
42041178	1474
42041305	1474
42041591	1474
42041723	1474
42041812	1474
42041941	1474
42042120	1474
42042227	1474
42042348	1474
42042495	1474
42042680	1474
42042815	1474
42042914	1474
42083146	1474
42573005	1474
42573155	1474
42573265	1474
42573365	1474
42573463	1474
42573570	1474
42573691	1474
42573783	1474
42573874	1474
42573994	1474
42574107	1474
42574256	1474
42574395	1474
42574561	1474
42574730	1474
42574822	1474
43372043	1474
43372195	1474
43372510	1474
43372650	1474
43372795	1474
43373015	1474
43373119	1474
43373410	1474
43373540	1474
43373664	1474
43373769	1474
43373871	1474
43374003	1474
43374099	1474
43374216	1474
43374340	1474
43374434	1474
43411748	1474
44438678	1474
44438795	1474
44439024	1474
44439125	1474
44439260	1474
44439523	1474
44439652	1474
44439781	1474
44439925	1474
44440239	1474
44440331	1474
44440429	1474
44440541	1474
44440667	1474
44440789	1474
44440903	1474
44441025	1474
44441153	1474
45238846	1474
45239003	1474
45239211	1474
45239307	1474
45239431	1474
45239713	1474
45239817	1474
45239916	1474
45240038	1474
45240207	1474
45240296	1474
45240404	1474
45240499	1474
45240598	1474
45240709	1474
45240828	1474
45240923	1474
45772384	1474
45772651	1474
45772925	1474
45773048	1474
45773174	1474
45773292	1474
45773429	1474
45773547	1474
45773641	1474
45773745	1474
45773860	1474
45773984	1474
45774078	1474
45774187	1474
45774306	1474
45774402	1474
45774532	1474
46571437	1474
46571870	1474
46572000	1474
46572123	1474
46572232	1474
46572521	1474
46572653	1474
46572742	1474
46572864	1474
46572962	1474
46573066	1474
46573163	1474
46573284	1474
46573416	1474
46573513	1474
46573635	1474
46573769	1474
47374428	1474
47374718	1474
47374820	1474
47374942	1474
47375048	1474
47375280	1474
47375383	1474
47375508	1474
47375628	1474
47375749	1474
47375870	1474
47375963	1474
47376063	1474
47376183	1474
47376307	1474
47376427	1474
47376550	1474
48171861	1474
48172208	1474
48172369	1474
48172510	1474
48172646	1474
48172796	1474
48172932	1474
48173065	1474
48173231	1474
48173393	1474
48173553	1474
48173725	1474
48173864	1474
48174030	1474
48174190	1474
48174324	1474
48971648	1474
48971870	1474
48971992	1474
48972089	1474
48972208	1474
48972423	1474
48972550	1474
48972639	1474
48972757	1474
48972969	1474
48973066	1474
48973185	1474
48973287	1474
48973381	1474
48973474	1474
48973567	1474
48973660	1474
49773496	1474
49773834	1474
49773968	1474
49774063	1474
49774183	1474
49774277	1474
49774370	1474
49774508	1474
49774695	1474
49774816	1474
49774922	1474
49775019	1474
49775136	1474
49775254	1474
49775347	1474
49775465	1474
49775584	1474
50571528	1474
50571824	1474
50571926	1474
50572017	1474
50572106	1474
50572223	1474
50572342	1474
50572582	1474
50572683	1474
50572778	1474
50572870	1474
50572958	1474
50573074	1474
50573167	1474
50573296	1474
50573391	1474
50573509	1474
51372894	1474
51373213	1474
51373335	1474
51373451	1474
51373568	1474
51373663	1474
51373782	1474
51373900	1474
51374087	1474
51374350	1474
51374451	1474
51374596	1474
51374755	1474
51374847	1474
51374939	1474
51375033	1474
51375151	1474
52171464	1474
52171620	1474
52171743	1474
52171848	1474
52171945	1474
52172038	1474
52172129	1474
52172222	1474
52172339	1474
52172434	1474
52172550	1474
52172667	1474
52172786	1474
52172893	1474
52172983	1474
52173100	1474
52173217	1474
52210708	1474
52971141	1474
52971310	1474
52971518	1474
52971642	1474
52971765	1474
52972020	1474
52972121	1474
52972244	1474
52972333	1474
52972426	1474
52972518	1474
52972627	1474
52972719	1474
52972811	1474
52972928	1474
52973019	1474
52973134	1474
52973250	1474
53771429	1474
53771717	1474
53771840	1474
53771957	1474
53772114	1474
53772225	1474
53772321	1474
53772523	1474
53772623	1474
53772748	1474
53772841	1474
53772934	1474
53773051	1474
53773171	1474
53773276	1474
53773370	1474
53773463	1474
54573263	1474
54573481	1474
54573575	1474
54573667	1474
54573952	1474
54574261	1474
54574514	1474
54574755	1474
54575028	1474
54575149	1474
54575242	1474
54575353	1474
54575444	1474
54575537	1474
54575623	1474
54575714	1474
54575908	1474
55372079	1474
55372345	1474
55372534	1474
55372733	1474
55373008	1474
55373138	1474
55373231	1474
55373334	1474
55373444	1474
55373566	1474
55373678	1474
55373824	1474
55373943	1474
55374063	1474
55374214	1474
55374454	1474
55375106	1474
56172544	1474
56172954	1474
56173054	1474
56173180	1474
56173302	1474
56173419	1474
56173565	1474
56173657	1474
56173783	1474
56173965	1474
56174246	1474
56174881	1474
56175134	1474
56175265	1474
56175386	1474
56175492	1474
56971293	1474
56971456	1474
56971566	1474
56971694	1474
56971819	1474
56972089	1474
56972193	1474
56972310	1474
56972411	1474
56972506	1474
56972628	1474
56972756	1474
56972882	1474
56972982	1474
56973080	1474
56973206	1474
56973305	1474
57771294	1474
57771527	1474
57771622	1474
57771714	1474
57771803	1474
57771919	1474
57772013	1474
57772129	1474
57772220	1474
57772327	1474
57772444	1474
57772536	1474
57772626	1474
57772743	1474
57772860	1474
57772949	1474
57773040	1474
57773157	1474
58571525	1474
58571705	1474
58571801	1474
58571903	1474
58571997	1474
58572090	1474
58572208	1474
58572302	1474
58572392	1474
58572485	1474
58572578	1474
58572694	1474
58572811	1474
58572914	1474
58573004	1474
58573122	1474
58573214	1474
58573306	1474
59371479	1474
59371753	1474
59371848	1474
59371967	1474
59372062	1474
59372157	1474
59372274	1474
59372369	1474
59372487	1474
59372594	1474
59372687	1474
59372804	1474
59372922	1474
59373038	1474
59373156	1474
59373273	1474
59373390	1474
60171495	1474
60171724	1474
60171818	1474
60171914	1474
60172070	1474
60172196	1474
60172457	1474
60172588	1474
60172731	1474
60172876	1474
60172976	1474
60173108	1474
60173264	1474
60173381	1474
60173505	1474
60173597	1474
60173715	1474
60173815	1474
60971551	1474
60971709	1474
60971907	1474
60972010	1474
60972229	1474
60972377	1474
60972571	1474
60972898	1474
60973019	1474
60973119	1474
60973230	1474
60973347	1474
60973451	1474
60973565	1474
60973666	1474
60973762	1474
60973879	1474
61771244	1474
61771416	1474
61771535	1474
61771653	1474
61771777	1474
61771917	1474
61772046	1474
61772231	1474
61772330	1474
61772477	1474
61772680	1474
61772773	1474
61772872	1474
61772970	1474
61773072	1474
61773171	1474
61773293	1474
62571428	1474
62571629	1474
62571728	1474
62571851	1474
62571949	1474
62572069	1474
62572175	1474
62572265	1474
62572359	1474
62572478	1474
62572572	1474
62572665	1474
62572761	1474
62572879	1474
62572972	1474
62573068	1474
62573273	1474
63371603	1474
63371827	1474
63371925	1474
63372044	1474
63372138	1474
63372232	1474
63372328	1474
63372483	1474
63372584	1474
63372678	1474
63372781	1474
63372877	1474
63372970	1474
63373069	1474
63373186	1474
63373304	1474
64171569	1474
64171774	1474
64171870	1474
64171990	1474
64172108	1474
64172201	1474
64172296	1474
64172385	1474
64172519	1474
64172622	1474
64172716	1474
64172834	1474
64172927	1474
64173023	1474
64173138	1474
64173270	1474
64173362	1474
64173468	1474
64971530	1474
64971762	1474
64971905	1474
64972028	1474
64972189	1474
64972304	1474
64972401	1474
64972541	1474
64972637	1474
64972777	1474
64972886	1474
64973000	1474
64973181	1474
64973304	1474
64973450	1474
64973550	1474
64973665	1474
64973788	1474
65771631	1474
65771804	1474
65772047	1474
65772184	1474
65772302	1474
65772521	1474
65772631	1474
65772770	1474
65772870	1474
65773012	1474
65773132	1474
65773221	1474
65773336	1474
65773434	1474
65773557	1474
65773652	1474
65773777	1474
66571651	1474
66571906	1474
66572021	1474
66572138	1474
66572245	1474
66572341	1474
66572450	1474
66572548	1474
66572642	1474
66572737	1474
66572842	1474
66572938	1474
66573059	1474
66573153	1474
66573292	1474
66573401	1474
66573517	1474
67371551	1474
67371829	1474
67371931	1474
67372093	1474
67372195	1474
67372291	1474
67372412	1474
67372511	1474
67372632	1474
67372774	1474
67372870	1474
67372977	1474
67373174	1474
67373286	1474
67373384	1474
67373521	1474
67373642	1474
68171899	1474
68172128	1474
68172254	1474
68172387	1474
68172478	1474
68172598	1474
68172750	1474
68172865	1474
68172984	1474
68173078	1474
68173193	1474
68173289	1474
68173380	1474
68173484	1474
68173604	1474
68173743	1474
68173859	1474
68173999	1474
68707855	1474
68707985	1474
68708119	1474
68708256	1474
68708356	1474
68708500	1474
68708645	1474
68708745	1474
68708868	1474
68708975	1474
68709081	1474
68709221	1474
68709342	1474
68709468	1474
68709591	1474
69504909	1474
69505099	1474
69505245	1474
69505397	1474
69505570	1474
69505709	1474
69505894	1474
69506063	1474
69506225	1474
69506392	1474
69506536	1474
69506725	1474
69506901	1474
69507040	1474
69507178	1474
69507350	1474
70305891	1474
70306088	1474
70306233	1474
70306408	1474
70306549	1474
70306738	1474
70306905	1474
70307070	1474
70307210	1474
70307359	1474
70307499	1474
70307662	1474
70307801	1474
70307965	1474
70308103	1474
70308242	1474
70308409	1474
70308574	1474
71109609	1474
71109855	1474
71110031	1474
71110254	1474
71110454	1474
71110674	1474
71110855	1474
71110993	1474
71111132	1474
71111268	1474
71111441	1474
71111634	1474
71112338	1474
71112529	1474
71112694	1474
71112856	1474
71905690	1474
71905870	1474
71906346	1474
71906643	1474
71906973	1474
71907120	1474
71907263	1474
71907436	1474
71907578	1474
71907719	1474
71907857	1474
71908022	1474
71908183	1474
71908319	1474
71908464	1474
71908602	1474
71908738	1474
72707206	1474
72707461	1474
72707661	1474
72707908	1474
72708102	1474
72708322	1474
72708495	1474
72708633	1474
72708770	1474
72708906	1474
72709044	1474
72709180	1474
72709316	1474
72709453	1474
72709600	1474
72709737	1474
72709873	1474
72710036	1474
73505231	1474
73505456	1474
73505563	1474
73505660	1474
73505760	1474
73505890	1474
73506085	1474
73506191	1474
73506370	1474
73506471	1474
73506649	1474
73506741	1474
73506843	1474
73506957	1474
73507078	1474
73507182	1474
73507295	1474
74305214	1474
74305507	1474
74305712	1474
74305812	1474
74305935	1474
74306033	1474
74306157	1474
74306290	1474
74306413	1474
74306536	1474
74306679	1474
74306800	1474
74306922	1474
74307019	1474
74307115	1474
74307236	1474
74307357	1474
74307456	1474
75105209	1474
75105396	1474
75105505	1474
75105613	1474
75105731	1474
75105846	1474
75105941	1474
75106036	1474
75106162	1474
75106268	1474
75106368	1474
75106472	1474
75106625	1474
75106742	1474
75106864	1474
75106974	1474
75107083	1474
75107201	1474
75905587	1474
75905892	1474
75905995	1474
75906116	1474
75906245	1474
75906374	1474
75906527	1474
75906797	1474
75906885	1474
75906983	1474
75907105	1474
75907259	1474
75907386	1474
75907525	1474
75907622	1474
75907960	1474
75908096	1474
76704840	1474
76705101	1474
76705272	1474
76705435	1474
76705599	1474
76705746	1474
76705886	1474
76706024	1474
76706209	1474
76706378	1474
76706517	1474
76706732	1474
76706916	1474
76707079	1474
76707242	1474
76707382	1474
76707544	1474
76707684	1474
77771735	1474
77772040	1474
77772132	1474
77772250	1474
77772372	1474
77772583	1474
77772711	1474
77772819	1474
77772934	1474
77773034	1474
77773129	1474
77773223	1474
77773317	1474
77773410	1474
77773530	1474
77773660	1474
77773755	1474
77773907	1474
78571807	1474
78572134	1474
78572243	1474
78572365	1474
78572476	1474
78572574	1474
78572671	1474
78572793	1474
78572932	1474
78573030	1474
78573127	1474
78573245	1474
78573379	1474
78573496	1474
78573606	1474
78573727	1474
78573870	1474
78574001	1474
79372101	1474
79372335	1474
79372443	1474
79372561	1474
79372659	1474
79372778	1474
79372890	1474
79373029	1474
79373167	1474
79373263	1474
79373364	1474
79373501	1474
79373601	1474
79373722	1474
79373832	1474
79373930	1474
79374053	1474
79374156	1474
80175087	1474
80175367	1474
80175639	1474
80175757	1474
80176382	1474
80176520	1474
80176623	1474
80176920	1474
80177053	1474
80177144	1474
80177800	1474
80178044	1474
80178144	1474
80178243	1474
80178365	1474
80178460	1474
80178612	1474
80178740	1474
80972139	1474
80972306	1474
80972469	1474
80972590	1474
80972799	1474
80972903	1474
80973010	1474
80973125	1474
80973229	1474
80973322	1474
80973410	1474
80973530	1474
80973624	1474
80973744	1474
80973835	1474
80973952	1474
80974051	1474
80974164	1474
81771809	1474
81771979	1474
81772123	1474
81772248	1474
81772371	1474
81772498	1474
81772713	1474
81772858	1474
81772957	1474
81773191	1474
81773330	1474
81773426	1474
81773549	1474
81773680	1474
81773803	1474
81773904	1474
81774028	1474
82572321	1474
82572513	1474
82572644	1474
82572773	1474
82572874	1474
82573001	1474
82573158	1474
82573393	1474
82573526	1474
82573645	1474
82573742	1474
82573845	1474
82573968	1474
82574111	1474
82574213	1474
82574312	1474
82574409	1474
83373232	1474
83373436	1474
83373537	1474
83373664	1474
83373774	1474
83373872	1474
83373969	1474
83374091	1474
83374229	1474
83374332	1474
83374484	1474
83375348	1474
83375481	1474
83375592	1474
83375715	1474
83375860	1474
83375963	1474
84171980	1474
84172140	1474
84172240	1474
84172390	1474
84172487	1474
84172582	1474
84172685	1474
84172782	1474
84172879	1474
84172978	1474
84173100	1474
84173195	1474
84173385	1474
84173485	1474
84173595	1474
84173716	1474
84173836	1474
84173931	1474
84972694	1474
84972983	1474
84973086	1474
84973201	1474
84973316	1474
84973481	1474
84973708	1474
84973828	1474
84973923	1474
84974023	1474
84974117	1474
84974209	1474
84974317	1474
84974442	1474
84974634	1474
84974736	1474
84974847	1474
85772269	1474
85772512	1474
85772612	1474
85772728	1474
85772826	1474
85772952	1474
85773207	1474
85773328	1474
85773479	1474
85773615	1474
85773737	1474
85773834	1474
85773956	1474
85774086	1474
85774200	1474
85774296	1474
85774428	1474
85774636	1474
86572308	1474
86572546	1474
86572650	1474
86572749	1474
86572874	1474
86572999	1474
86573124	1474
86573228	1474
86573351	1474
86573459	1474
86573561	1474
86573659	1474
86573781	1474
86573880	1474
86573980	1474
86574105	1474
86574237	1474
86574359	1474
87371774	1474
87372040	1474
87372145	1474
87372272	1474
87372395	1474
87372517	1474
87372614	1474
87372726	1474
87372823	1474
87372947	1474
87373057	1474
87373152	1474
87373275	1474
87373400	1474
87373499	1474
87373590	1474
87373705	1474
87373831	1474
88174965	1474
88175136	1474
88175247	1474
88175345	1474
88175465	1474
88175593	1474
88175683	1474
88175961	1474
88176085	1474
88176210	1474
88176333	1474
88176431	1474
88176526	1474
88176638	1474
88176849	1474
88177141	1474
88177244	1474
88177649	1474
88971999	1474
88972214	1474
88972329	1474
88972452	1474
88972577	1474
88972684	1474
88972784	1474
88973024	1474
88973157	1474
88973283	1474
88973407	1474
88973533	1474
88973672	1474
88973811	1474
88973934	1474
88974072	1474
88974175	1474
89771919	1474
89772168	1474
89772483	1474
89772602	1474
89772746	1474
89773016	1474
89773147	1474
89773251	1474
89773378	1474
89773500	1474
89773597	1474
89773714	1474
89773842	1474
89773943	1474
89774070	1474
89774195	1474
89774320	1474
89774422	1474
90574204	1474
90574348	1474
90574715	1474
90574886	1474
90575142	1474
90575233	1474
90575327	1474
90575446	1474
90575570	1474
90575699	1474
90575854	1474
90575980	1474
90576082	1474
90576208	1474
90576355	1474
90576454	1474
90576572	1474
91372112	1474
91372481	1474
91372592	1474
91372694	1474
91372839	1474
91372936	1474
91373043	1474
91373179	1474
91373268	1474
91373428	1474
91373555	1474
91373678	1474
91373794	1474
91373919	1474
91374045	1474
91374152	1474
91374266	1474
92173882	1474
92174036	1474
92174237	1474
92174364	1474
92174500	1474
92174642	1474
92174740	1474
92174862	1474
92174996	1474
92175120	1474
92175242	1474
92175363	1474
92175481	1474
92175594	1474
92175706	1474
92175829	1474
92175945	1474
92176045	1474
93239372	1474
93239659	1474
93239753	1474
93239893	1474
93240049	1474
93240182	1474
93240437	1474
93240540	1474
93240635	1474
93240737	1474
93240835	1474
93240933	1474
93241071	1474
93241198	1474
93241348	1474
93241658	1474
93241763	1474
93242376	1474
94038727	1474
94039010	1474
94039142	1474
94039275	1474
94039394	1474
94039515	1474
94039633	1474
94039748	1474
94039872	1474
94039992	1474
94040130	1474
94040264	1474
94040363	1474
94040484	1474
94040583	1474
94040729	1474
94040855	1474
94839452	1474
94839729	1474
94839849	1474
94839964	1474
94840095	1474
94840209	1474
94840321	1474
94840444	1474
94840567	1474
94840669	1474
94840809	1474
94840909	1474
94841053	1474
94841175	1474
94841274	1474
94841396	1474
94841516	1474
94841605	1474
95639266	1474
95639415	1474
95639544	1474
95639668	1474
95639786	1474
95639888	1474
95639999	1474
95640134	1474
95640262	1474
95640350	1474
95640474	1474
95640597	1474
95640731	1474
95640852	1474
95640968	1474
95641086	1474
95641230	1474
96439146	1474
96439309	1474
96439436	1474
96439542	1474
96439649	1474
96439765	1474
96439975	1474
96440106	1474
96440228	1474
96440340	1474
96440465	1474
96440572	1474
96440693	1474
96440808	1474
96440921	1474
96441043	1474
96441147	1474
96441287	1474
97239471	1474
97239748	1474
97239858	1474
97239975	1474
97240088	1474
97240212	1474
97240366	1474
97240498	1474
97240596	1474
97240695	1474
97240806	1474
97240931	1474
97241053	1474
97241176	1474
97241320	1474
97241449	1474
97241561	1474
97241683	1474
98041771	1474
98041952	1474
98042117	1474
98042251	1474
98042365	1474
98042788	1474
98042921	1474
98043041	1474
98043152	1474
98043264	1474
98043400	1474
98043525	1474
98043652	1474
98043777	1474
98043895	1474
98044119	1474
98044251	1474
98044772	1474
98839456	1474
98839722	1474
98839844	1474
98839963	1474
98840088	1474
98840201	1474
98840324	1474
98840424	1474
98840537	1474
98840637	1474
98840759	1474
98840861	1474
98840987	1474
98841099	1474
98841214	1474
98841338	1474
99639741	1474
99639890	1474
99640030	1474
99640133	1474
99640252	1474
99640560	1474
99640694	1474
99640823	1474
99641050	1474
99641154	1474
99641250	1474
99641349	1474
99641449	1474
99641555	1474
99641679	1474
99641807	1474
99641931	1474
100172703	1474
100172883	1474
100173073	1474
100173212	1474
100173311	1474
100173409	1474
100173522	1474
100173662	1474
100173763	1474
100173884	1474
100173996	1474
100174115	1474
100174215	1474
100174341	1474
100174464	1474
100174619	1474
101239297	1474
101239588	1474
101239742	1474
101239866	1474
101240019	1474
101240229	1474
101240332	1474
101240430	1474
101240554	1474
101240665	1474
101240790	1474
101240903	1474
101241018	1474
101241119	1474
101241219	1474
101241319	1474
101241444	1474
101241586	1474
102038955	1474
102039134	1474
102039234	1474
102039333	1474
102039457	1474
102039558	1474
102039680	1474
102039906	1474
102040036	1474
102040184	1474
102040282	1474
102040396	1474
102040523	1474
102040623	1474
102040732	1474
102040873	1474
102040997	1474
102572839	1474
102572994	1474
102573200	1474
102573343	1474
102573442	1474
102573567	1474
102573667	1474
102573765	1474
102573911	1474
102574018	1474
102574125	1474
102574224	1474
102574335	1474
102574433	1474
102574615	1474
102574748	1474
102574849	1474
103641356	1474
103641613	1474
103641734	1474
103641851	1474
103641957	1474
103642075	1474
103642168	1474
103642286	1474
103642377	1474
103642513	1474
103642682	1474
103642774	1474
103642938	1474
103643059	1474
103643152	1474
103643247	1474
103643363	1474
103643457	1474
104439747	1474
104439907	1474
104440059	1474
104440222	1474
104440361	1474
104440499	1474
104440660	1474
104440797	1474
104440971	1474
104441110	1474
104441273	1474
104441438	1474
104441578	1474
104441717	1474
104441879	1474
104442070	1474
104442208	1474
104442371	1474
105239532	1474
105240168	1474
105240308	1474
105240614	1474
105240717	1474
105240813	1474
105240919	1474
105241038	1474
105241192	1474
105241312	1474
105241415	1474
105241534	1474
105241650	1474
105241751	1474
105241869	1474
105242076	1474
105242224	1474
106039538	1474
106039721	1474
106039887	1474
106040104	1474
106040316	1474
106040556	1474
106040726	1474
106040865	1474
106041026	1474
106041174	1474
106041336	1474
106041474	1474
106041636	1474
106041799	1474
106041962	1474
106042131	1474
106042269	1474
106042431	1474
106842769	1474
106843051	1474
106843259	1474
106843520	1474
106843745	1474
106843956	1474
106844098	1474
106844282	1474
106844473	1474
106844668	1474
106845145	1474
106845320	1474
106845492	1474
106845663	1474
106845805	1474
106845943	1474
106846082	1474
106846235	1474
107640428	1474
107640703	1474
107640851	1474
107641052	1474
107641312	1474
107641487	1474
107641633	1474
107641799	1474
107641942	1474
107642081	1474
107642233	1474
107642399	1474
107642545	1474
107642736	1474
107642890	1474
107643031	1474
107643208	1474
107643349	1474
108439657	1474
108439838	1474
108439985	1474
108440155	1474
108440364	1474
108440509	1474
108440675	1474
108440813	1474
108440952	1474
108441098	1474
108441237	1474
108441395	1474
108441534	1474
108441680	1474
108441846	1474
108441984	1474
108442125	1474
108442264	1474
109241478	1474
109241760	1474
109241934	1474
109242199	1474
109242484	1474
109242771	1474
109242948	1474
109243093	1474
109243257	1474
109243407	1474
109243549	1474
109243694	1474
109243833	1474
109244002	1474
109244168	1474
109244312	1474
109244498	1474
109244756	1474
110040086	1474
110040354	1474
110040543	1474
110040746	1474
110040947	1474
110041176	1474
110041318	1474
110041491	1474
110041632	1474
110041802	1474
110041940	1474
110042106	1474
110042248	1474
110042393	1474
110042577	1474
110042773	1474
110042924	1474
110043068	1474
110839350	1474
110839604	1474
110839747	1474
110839891	1474
110840014	1474
110840128	1474
110840242	1474
110840338	1474
110840451	1474
110840594	1474
110840728	1474
110840826	1474
110840939	1474
110841035	1474
110841148	1474
110841265	1474
111639813	1474
111640014	1474
111640160	1474
111640399	1474
111640627	1474
111641000	1474
111641200	1474
111641352	1474
111641490	1474
111641640	1474
111641816	1474
111641987	1474
111642128	1474
111642267	1474
111642434	1474
111642573	1474
111642870	1474
112439393	1474
112439696	1474
112439946	1474
112440141	1474
112440337	1474
112440522	1474
112440695	1474
112440839	1474
112440982	1474
112441148	1474
112441316	1474
112441484	1474
112441659	1474
112441828	1474
112441996	1474
112442165	1474
112442328	1474
113239884	1474
113240167	1474
113240283	1474
113240399	1474
113240502	1474
113240641	1474
113240757	1474
113240865	1474
113240981	1474
113241088	1474
113241210	1474
113241328	1474
113241426	1474
113241545	1474
113241641	1474
113241762	1474
113241913	1474
114039728	1474
114040004	1474
114040148	1474
114040376	1474
114040568	1474
114040738	1474
114040902	1474
114041053	1474
114041215	1474
114041350	1474
114041488	1474
114041648	1474
114041784	1474
114041952	1474
114042090	1474
114042251	1474
114042413	1474
114839662	1474
114839857	1474
114839994	1474
114840236	1474
114840373	1474
114840589	1474
114840690	1474
114840785	1474
114840879	1474
114841012	1474
114841109	1474
114841202	1474
114841320	1474
114841412	1474
114841507	1474
114841599	1474
114841692	1474
114841785	1474
115639817	1474
115640092	1474
115640189	1474
115640285	1474
115640376	1474
115640466	1474
115640558	1474
115640651	1474
115640768	1474
115640862	1474
115640957	1474
115641093	1474
115641190	1474
115641280	1474
115641371	1474
115641490	1474
115641582	1474
115641674	1474
116439676	1474
116439958	1474
116440084	1474
116440191	1474
116440283	1474
116440374	1474
116440467	1474
116440583	1474
116440670	1474
116440760	1474
116440877	1474
116440995	1474
116441118	1474
116441237	1474
116441354	1474
116441447	1474
116441539	1474
117242161	1474
117242558	1474
117242709	1474
117242828	1474
117242956	1474
117243164	1474
117243301	1474
117243418	1474
117243524	1474
117243641	1474
117243733	1474
117243824	1474
117243940	1474
117244145	1474
117244257	1474
117244355	1474
117244473	1474
117244593	1474
118039826	1474
118040021	1474
118040213	1474
118040471	1474
118040657	1474
118040806	1474
118040968	1474
118041103	1474
118041269	1474
118041404	1474
118041538	1474
118041671	1474
118041806	1474
118041940	1474
118042075	1474
118042233	1474
118042396	1474
118840664	1474
118840916	1474
118841122	1474
118841386	1474
118841579	1474
118841744	1474
118841909	1474
118842044	1474
118842180	1474
118842347	1474
118842507	1474
118842718	1474
118842898	1474
118843110	1474
118843272	1474
118843447	1474
118843607	1474
119641225	1474
119641386	1474
119641548	1474
119641704	1474
119641855	1474
119642005	1474
119642247	1474
119642351	1474
119642492	1474
119642894	1474
119643021	1474
119643127	1474
119643249	1474
119643341	1474
119643495	1474
119643620	1474
119643770	1474
120443922	1474
120444174	1474
120444295	1474
120445665	1474
120445798	1474
120445903	1474
120446019	1474
120446120	1474
120446222	1474
120446347	1474
120446609	1474
120446864	1474
120447123	1474
120447230	1474
120447573	1474
120447668	1474
121240663	1474
121240884	1474
121240986	1474
121241111	1474
121241227	1474
121241347	1474
121241452	1474
121241564	1474
121241696	1474
121241819	1474
121241939	1474
121242035	1474
121242155	1474
121242276	1474
121242398	1474
121242520	1474
121242672	1474
122040243	1474
122040463	1474
122040580	1474
122040708	1474
122040836	1474
122040961	1474
122041060	1474
122041158	1474
122041282	1474
122041380	1474
122041502	1474
122041625	1474
122041737	1474
122041837	1474
122041935	1474
122042035	1474
122042158	1474
122042256	1474
122842727	1474
122842881	1474
122843303	1474
122843398	1474
122843516	1474
122843740	1474
122843851	1474
122843944	1474
122844062	1474
122844183	1474
122844276	1474
122844394	1474
122844511	1474
122844604	1474
122844697	1474
122844803	1474
122844921	1474
123640472	1474
123640636	1474
123640756	1474
123640862	1474
123640981	1474
123641074	1474
123641192	1474
123641288	1474
123641403	1474
123641520	1474
123641611	1474
123641708	1474
123641797	1474
123641926	1474
123642019	1474
123642114	1474
123642231	1474
123642347	1474
124440485	1474
124440751	1474
124440847	1474
124440984	1474
124441102	1474
124441195	1474
124441311	1474
124441403	1474
124441517	1474
124441634	1474
124441752	1474
124441869	1474
124442007	1474
124442130	1474
124442249	1474
124442365	1474
124442483	1474
125240280	1474
125240525	1474
125240621	1474
125240715	1474
125240809	1474
125240903	1474
125241034	1474
125241122	1474
125241213	1474
125241330	1474
125241447	1474
125241540	1474
125241632	1474
125241724	1474
125241815	1474
125241899	1474
125242013	1474
125242098	1474
126040886	1474
126041176	1474
126041272	1474
126041369	1474
126041462	1474
126041576	1474
126041668	1474
126041764	1474
126041854	1474
126041946	1474
126042039	1474
126042171	1474
126042265	1474
126042357	1474
126042450	1474
126042563	1474
126042748	1474
126042846	1474
126842045	1474
126843021	1474
126843347	1474
126844622	1474
126844956	1474
126845097	1474
126845209	1474
126845667	1474
126846108	1474
126846279	1474
126846410	1474
126847456	1474
126847647	1474
126848093	1474
126848268	1474
126848583	1474
126848720	1474
127641888	1474
127642075	1474
127642192	1474
127642401	1474
127642516	1474
127642700	1474
127642793	1474
127642915	1474
127643015	1474
127643137	1474
127643257	1474
127643392	1474
127643514	1474
127643634	1474
127643766	1474
127643881	1474
127643978	1474
127644101	1474
128440326	1474
128440591	1474
128440720	1474
128440845	1474
128440947	1474
128441054	1474
128441150	1474
128441252	1474
128441380	1474
128441495	1474
128441602	1474
128441700	1474
128441811	1474
128441910	1474
128442010	1474
128442137	1474
128442236	1474
128442335	1474
129506922	1474
129507176	1474
129507298	1474
129507408	1474
129507513	1474
129507637	1474
129507763	1474
129507866	1474
129507979	1474
129508077	1474
129508176	1474
129508286	1474
129508413	1474
129508590	1474
129508713	1474
129508852	1474
129509032	1474
129509155	1474
130306936	1474
130307240	1474
130307377	1474
130307477	1474
130307752	1474
130307994	1474
130308098	1474
130308233	1474
130308353	1474
130308474	1474
130308600	1474
130308701	1474
130308822	1474
130308928	1474
130309024	1474
130309124	1474
130309225	1474
130309325	1474
130842209	1474
130842404	1474
130842520	1474
130842662	1474
130842809	1474
130843046	1474
130843148	1474
130843264	1474
130843356	1474
130843445	1474
130843537	1474
130843630	1474
130843734	1474
130843826	1474
130843917	1474
130844036	1474
131639901	1474
131640154	1474
131640257	1474
131640374	1474
131640466	1474
131640593	1474
131640813	1474
131640939	1474
131641059	1474
131641176	1474
131641392	1474
131641510	1474
131641628	1474
131641757	1474
131641852	1474
131641944	1474
131642036	1474
132440091	1474
132440346	1474
132440470	1474
132440562	1474
132440656	1474
132440752	1474
132440862	1474
132441059	1474
132441163	1474
132441261	1474
132441381	1474
132441475	1474
132441571	1474
132441665	1474
132441783	1474
132441895	1474
133240368	1474
133240581	1474
133240682	1474
133240791	1474
133240952	1474
133241078	1474
133241255	1474
133241348	1474
133241430	1474
133241525	1474
133241635	1474
133241834	1474
133241951	1474
133242058	1474
133242165	1474
133242252	1474
133242339	1474
134040414	1474
134040640	1474
134040720	1474
134040815	1474
134040911	1474
134041019	1474
134041132	1474
134041245	1474
134041354	1474
134041463	1474
134041554	1474
134041682	1474
134041791	1474
134041900	1474
134041998	1474
134042091	1474
134042199	1474
134840482	1474
134840740	1474
134840860	1474
134840954	1474
134841077	1474
134841187	1474
134841300	1474
134841409	1474
134841501	1474
134841750	1474
134841870	1474
134841954	1474
134842067	1474
134842205	1474
134842298	1474
134842387	1474
134842520	1474
135639740	1474
135639958	1474
135640189	1474
135640285	1474
135640431	1474
135640521	1474
135640656	1474
135640867	1474
135640958	1474
135641236	1474
135641351	1474
135641440	1474
135641549	1474
135641659	1474
135641772	1474
135641877	1474
135641985	1474
136439972	1474
136440267	1474
136440412	1474
136440552	1474
136440653	1474
136440963	1474
136441068	1474
136441177	1474
136441268	1474
136441472	1474
136441592	1474
136441692	1474
136441825	1474
136441946	1474
136442054	1474
136442176	1474
136442298	1474
137240619	1474
137240939	1474
137241066	1474
137241232	1474
137241331	1474
137241488	1474
137241617	1474
137241858	1474
137241998	1474
137242143	1474
137242266	1474
137242369	1474
137242534	1474
137242675	1474
137242817	1474
137242929	1474
137243025	1474
138039600	1474
138039739	1474
138040018	1474
138040111	1474
138040247	1474
138040397	1474
138040617	1474
138040716	1474
138040833	1474
138040949	1474
138041061	1474
138041183	1474
138041330	1474
138041428	1474
138041539	1474
138041660	1474
138041793	1474
138841107	1474
138841376	1474
138841487	1474
138841627	1474
138841765	1474
138842038	1474
138842142	1474
138842233	1474
138842354	1474
138842475	1474
138842752	1474
138842849	1474
138842969	1474
138843066	1474
138843179	1474
138843275	1474
138843403	1474
139640131	1474
139640439	1474
139640572	1474
139640676	1474
139640775	1474
139641008	1474
139641111	1474
139641219	1474
139641318	1474
139641441	1474
139641597	1474
139641814	1474
139641935	1474
139642068	1474
139642163	1474
139642283	1474
139642395	1474
140439779	1474
140440146	1474
140440241	1474
140440361	1474
140440478	1474
140440593	1474
140440690	1474
140440824	1474
140440920	1474
140441016	1474
140441126	1474
140441271	1474
140441368	1474
140441491	1474
140441631	1474
140441726	1474
140441847	1474
141241185	1474
141241527	1474
141241649	1474
141241763	1474
141241961	1474
141242166	1474
141242265	1474
141242385	1474
141242526	1474
141242663	1474
141242787	1474
141242893	1474
141242998	1474
141243081	1474
141243163	1474
141243245	1474
141243347	1474
141243451	1474
142041815	1474
142042093	1474
142043677	1474
142044419	1474
142045028	1474
142045157	1474
142045302	1474
142045603	1474
142045850	1474
142046355	1474
142046524	1474
142047279	1474
142048511	1474
142048880	1474
142049239	1474
142049684	1474
142049979	1474
142050269	1474
142839839	1474
142840150	1474
142840282	1474
142840384	1474
142840482	1474
142840608	1474
142840730	1474
142840828	1474
142840926	1474
142841052	1474
142841153	1474
142841254	1474
142841377	1474
142841492	1474
142841617	1474
142841740	1474
142841850	1474
142841974	1474
143640168	1474
143640364	1474
143640488	1474
143640613	1474
143640762	1474
143640886	1474
143641011	1474
143641155	1474
143641281	1474
143641406	1474
143641530	1474
143641641	1474
143641740	1474
143641841	1474
143641966	1474
143642099	1474
143642237	1474
143642349	1474
144439836	1474
144440075	1474
144440176	1474
144440316	1474
144440417	1474
144440553	1474
144440652	1474
144440773	1474
144440881	1474
144440981	1474
144441101	1474
144441234	1474
144441348	1474
144441468	1474
144441592	1474
144441707	1474
145240178	1474
145240433	1474
145240575	1474
145240698	1474
145240813	1474
145240928	1474
145241020	1474
145241116	1474
145241203	1474
145241311	1474
145241412	1474
145241544	1474
145241662	1474
145241785	1474
145241875	1474
145242012	1474
145242134	1474
145242274	1474
146039688	1474
146040077	1474
146040180	1474
146040301	1474
146040416	1474
146040701	1474
146040812	1474
146040912	1474
146041035	1474
146041134	1474
146041246	1474
146041370	1474
146041552	1474
146041661	1474
146041762	1474
146041908	1474
146042014	1474
146042115	1474
146839751	1474
146839978	1474
146840108	1474
146840208	1474
146840332	1474
146840432	1474
146840566	1474
146840691	1474
146840795	1474
146840911	1474
146841034	1474
146841158	1474
146841281	1474
146841389	1474
146841514	1474
146841649	1474
146841791	1474
147639506	1474
147639698	1474
147639816	1474
147639918	1474
147640019	1474
147640114	1474
147640236	1474
147640358	1474
147640459	1474
147640557	1474
147640691	1474
147640792	1474
147640892	1474
147640990	1474
147641089	1474
147641187	1474
147641314	1474
147641413	1474
148439819	1474
148440162	1474
148440326	1474
148440427	1474
148440570	1474
148440832	1474
148440938	1474
148441046	1474
148441145	1474
148441245	1474
148441345	1474
148441448	1474
148441572	1474
148441709	1474
148441872	1474
148441996	1474
148442120	1474
148442222	1474
149239475	1474
149239637	1474
149239919	1474
149240050	1474
149240184	1474
149240316	1474
149240492	1474
149240758	1474
149240909	1474
149241055	1474
149241179	1474
149241314	1474
149241436	1474
149241575	1474
149241714	1474
149241812	1474
149241941	1474
149242073	1474
150306112	1474
150306232	1474
150306351	1474
150306456	1474
150306690	1474
150307210	1474
150307349	1474
150307462	1474
150307580	1474
150307684	1474
150307785	1474
150307886	1474
150308020	1474
150308145	1474
150308245	1474
150308369	1474
150308477	1474
150308575	1474
150842256	1474
150842580	1474
150842754	1474
150842879	1474
150843009	1474
150843133	1474
150843234	1474
150843364	1474
150843472	1474
150843588	1474
150843685	1474
150843801	1474
150843918	1474
150844041	1474
150844171	1474
150844294	1474
150844426	1474
151906509	1474
151906716	1474
151906847	1474
151906998	1474
151907154	1474
151907281	1474
151907430	1474
151907556	1474
151907683	1474
151907805	1474
151907955	1474
151908099	1474
151908261	1474
151908412	1474
151908558	1474
151908728	1474
151908922	1474
151909069	1474
152706068	1474
152706294	1474
152706406	1474
152706526	1474
152706664	1474
152706796	1474
152706916	1474
152707014	1474
152707109	1474
152707205	1474
152707298	1474
152707405	1474
152707527	1474
152707619	1474
152707714	1474
152707810	1474
152707906	1474
152708029	1474
153239484	1474
153239629	1474
153239733	1474
153239859	1474
153239956	1474
153240053	1474
153240144	1474
153240262	1474
153240391	1474
153240514	1474
153240611	1474
153240731	1474
153240824	1474
153240941	1474
153241060	1474
153241156	1474
154306571	1474
154306803	1474
154306904	1474
154306999	1474
154307097	1474
154307195	1474
154307322	1474
154307416	1474
154307512	1474
154307718	1474
154307830	1474
154307927	1474
154308022	1474
154308119	1474
154308215	1474
154308312	1474
154308409	1474
154308505	1474
155109726	1474
155109876	1474
155109993	1474
155110118	1474
155110219	1474
155110319	1474
155110419	1474
155110552	1474
155110772	1474
155110884	1474
155110980	1474
155111091	1474
155111206	1474
155111323	1474
155111450	1474
155111670	1474
155111927	1474
155906100	1474
155906218	1474
155906360	1474
155906507	1474
155906637	1474
155906997	1474
155907100	1474
155907191	1474
155907289	1474
155907410	1474
155907518	1474
155907649	1474
155907786	1474
155907885	1474
155908008	1474
155908112	1474
155908234	1474
155908368	1474
156709024	1474
156709206	1474
156709355	1474
156709454	1474
156709612	1474
156709749	1474
156710046	1474
156710148	1474
156710238	1474
156710336	1474
156710433	1474
156710576	1474
156710777	1474
156710920	1474
156711023	1474
156711162	1474
156711356	1474
156711484	1474
157506077	1474
157506223	1474
157506325	1474
157506421	1474
157506610	1474
157506739	1474
157506890	1474
157506996	1474
157507112	1474
157507235	1474
157507361	1474
157507476	1474
157507573	1474
157507681	1474
157507801	1474
157507922	1474
157508058	1474
157508149	1474
158306270	1474
158306387	1474
158306685	1474
158306797	1474
158306943	1474
158307421	1474
158307554	1474
158307653	1474
158307775	1474
158307877	1474
158307999	1474
158308194	1474
158308307	1474
158308425	1474
158308531	1474
158308653	1474
158308757	1474
158308854	1474
159106980	1474
159107091	1474
159107298	1474
159107392	1474
159107487	1474
159107675	1474
159107777	1474
159107910	1474
159108044	1474
159108185	1474
159108311	1474
159108434	1474
159108531	1474
159108638	1474
159108743	1474
159108864	1474
159909251	1474
159909477	1474
159909595	1474
159909704	1474
159909839	1474
159910057	1474
159910189	1474
159910320	1474
159910447	1474
159910864	1474
159911000	1474
159911142	1474
159911264	1474
159911453	1474
159911552	1474
159911673	1474
159911796	1474
160706460	1474
160706676	1474
160706812	1474
160706930	1474
160707038	1474
160707138	1474
160707248	1474
160707356	1474
160707494	1474
160707607	1474
160707726	1474
160707821	1474
160707910	1474
160708009	1474
160708107	1474
160708218	1474
160708418	1474
161240026	1474
161240176	1474
161240400	1474
161240531	1474
161240629	1474
161240767	1474
161240861	1474
161240980	1474
161241068	1474
161241188	1474
161241307	1474
161241396	1474
161241504	1474
161241622	1474
161241718	1474
161241808	1474
162039752	1474
162039954	1474
162040077	1474
162040201	1474
162040408	1474
162040532	1474
162040643	1474
162040748	1474
162040845	1474
162041003	1474
162041098	1474
162041191	1474
162041330	1474
162041423	1474
162041520	1474
162041682	1474
162041777	1474
162839660	1474
162840007	1474
162840224	1474
162840358	1474
162840500	1474
162840765	1474
162840870	1474
162840995	1474
162841115	1474
162841215	1474
162841339	1474
162841461	1474
162841578	1474
162841691	1474
162841791	1474
162841912	1474
162842032	1474
163643014	1474
163643267	1474
163643488	1474
163643612	1474
163643742	1474
163644031	1474
163644118	1474
163644237	1474
163644349	1474
163644493	1474
163644614	1474
163644700	1474
163644825	1474
163644965	1474
163645085	1474
163645192	1474
163645327	1474
163645423	1474
164706203	1474
164706449	1474
164706617	1474
164706739	1474
164706867	1474
164707006	1474
164707206	1474
164707340	1474
164707440	1474
164707558	1474
164707681	1474
164707799	1474
164708087	1474
164708223	1474
164708349	1474
164708445	1474
164708583	1474
164708684	1474
165506418	1474
165506743	1474
165506848	1474
165506961	1474
165507059	1474
165507395	1474
165507527	1474
165507650	1474
165507774	1474
165507907	1474
165508003	1474
165508144	1474
165508241	1474
165508331	1474
165508457	1474
165508555	1474
165508691	1474
165508785	1474
166306023	1474
166306314	1474
166306426	1474
166306549	1474
166306796	1474
166306910	1474
166307043	1474
166307139	1474
166307280	1474
166307373	1474
166307468	1474
166307606	1474
166307777	1474
166307878	1474
166307999	1474
166308085	1474
166308192	1474
167106323	1474
167106618	1474
167106913	1474
167107030	1474
167107155	1474
167107334	1474
167107610	1474
167107699	1474
167107837	1474
167107957	1474
167108069	1474
167108207	1474
167108338	1474
167108447	1474
167108572	1474
167108669	1474
167108765	1474
167909037	1474
167909268	1474
167909427	1474
167909570	1474
167909712	1474
167909849	1474
167910015	1474
167910168	1474
167910341	1474
167910479	1474
167910677	1474
167910819	1474
167910985	1474
167911127	1474
167911268	1474
167911420	1474
167911562	1474
167911726	1474
168706811	1474
168707019	1474
168707187	1474
168707321	1474
168707592	1474
168707810	1474
168708088	1474
168708255	1474
168708454	1474
168708689	1474
168708827	1474
168708964	1474
168709125	1474
168709261	1474
168709407	1474
168709546	1474
168709682	1474
169239455	1474
169239706	1474
169239873	1474
169240010	1474
169240171	1474
169240309	1474
169240446	1474
169240596	1474
169240779	1474
169240944	1474
169241105	1474
169241241	1474
169241377	1474
169241521	1474
169241683	1474
169241939	1474
170039787	1474
170039988	1474
170040155	1474
170040409	1474
170040634	1474
170040876	1474
170041036	1474
170041175	1474
170041311	1474
170041448	1474
170041594	1474
170041750	1474
170041927	1474
170042145	1474
170042483	1474
170042921	1474
170043095	1474
170841380	1474
170841588	1474
170841763	1474
170842019	1474
170842214	1474
170842571	1474
170842826	1474
170843057	1474
170843255	1474
170843488	1474
170843682	1474
170843846	1474
170844010	1474
170844147	1474
170844284	1474
170844419	1474
170844580	1474
171640481	1474
171640797	1474
171640984	1474
171641209	1474
171641405	1474
171641545	1474
171641708	1474
171641882	1474
171642101	1474
171642334	1474
171642899	1474
171643075	1474
171643214	1474
171643349	1474
171643482	1474
171643615	1474
171643749	1474
171643917	1474
172706037	1474
172706199	1474
172706341	1474
172706541	1474
172706760	1474
172706935	1474
172707115	1474
172707280	1474
172707422	1474
172707565	1474
172707733	1474
172707875	1474
172708048	1474
172708192	1474
172708334	1474
172708473	1474
172708612	1474
172708749	1474
173506476	1474
173506764	1474
173506903	1474
173507041	1474
173507191	1474
173507357	1474
173507515	1474
173507681	1474
173507847	1474
173507990	1474
173508140	1474
173508310	1474
173508473	1474
173508615	1474
173508780	1474
173508923	1474
173509085	1474
174042144	1474
174042351	1474
174042492	1474
174042706	1474
174042973	1474
174043168	1474
174043380	1474
174043528	1474
174043719	1474
174043913	1474
174044079	1474
174044254	1474
174044397	1474
174044536	1474
174044688	1474
174044854	1474
174045016	1474
175106468	1474
175106722	1474
175107247	1474
175107482	1474
175107780	1474
175107950	1474
175108115	1474
175108256	1474
175108403	1474
175108548	1474
175108710	1474
175108849	1474
175109015	1474
175109154	1474
175109293	1474
175109474	1474
175109613	1474
175109754	1474
175909125	1474
175909318	1474
175909412	1474
175909529	1474
175909656	1474
175909770	1474
175909876	1474
175909977	1474
175910079	1474
175910176	1474
175910291	1474
175910392	1474
175910574	1474
175910828	1474
175910955	1474
175911099	1474
175911202	1474
175911327	1474
176708312	1474
176708557	1474
176708714	1474
176708856	1474
176709018	1474
176709182	1474
176709346	1474
176709484	1474
176709636	1474
176709780	1474
176709916	1474
176710058	1474
176710199	1474
176710364	1474
176710506	1474
176710706	1474
176710879	1474
176711022	1474
177506309	1474
177506547	1474
177506899	1474
177507098	1474
177507326	1474
177507491	1474
177507632	1474
177507787	1474
177507959	1474
177508098	1474
177508263	1474
177508400	1474
177508566	1474
177508744	1474
177508913	1474
177509081	1474
177509219	1474
177509386	1474
178305622	1474
178306037	1474
178306212	1474
178306431	1474
178306744	1474
178306950	1474
178307118	1474
178307255	1474
178307415	1474
178307553	1474
178307689	1474
178307857	1474
178307993	1474
178308129	1474
178308264	1474
178308399	1474
178308619	1474
178308842	1474
179106212	1474
179106502	1474
179106767	1474
179107026	1474
179107253	1474
179107450	1474
179107589	1474
179107750	1474
179107886	1474
179108037	1474
179108199	1474
179108335	1474
179108472	1474
179108632	1474
179108768	1474
179108904	1474
179109122	1474
179109316	1474
179906115	1474
179906366	1474
179906748	1474
179906963	1474
179907253	1474
179907390	1474
179907551	1474
179907686	1474
179907846	1474
179908006	1474
179908156	1474
179908291	1474
179908454	1474
179908677	1474
179908872	1474
179909371	1474
179909694	1474
179909850	1474
180706477	1474
180706793	1474
180708031	1474
180708146	1474
180708285	1474
180708398	1474
180708521	1474
180708664	1474
180710222	1474
180710331	1474
180710463	1474
180710561	1474
180710694	1474
180710821	1474
180710924	1474
180711030	1474
180711151	1474
180711367	1474
181506648	1474
181506880	1474
181507028	1474
181507169	1474
181507318	1474
181507481	1474
181507622	1474
181507761	1474
181507925	1474
181508087	1474
181508226	1474
181508380	1474
181508586	1474
181508784	1474
181509116	1474
181509500	1474
181509705	1474
182573635	1474
182574022	1474
182574118	1474
182574215	1474
182574339	1474
182574447	1474
182574601	1474
182574709	1474
182574828	1474
182574927	1474
182575049	1474
182575172	1474
182575286	1474
182575454	1474
182575579	1474
182575700	1474
182575798	1474
182575923	1474
183376598	1474
183376846	1474
183376974	1474
183377093	1474
183377192	1474
183377290	1474
183377413	1474
183377512	1474
183377644	1474
183377743	1474
183377861	1474
183377958	1474
183378082	1474
183378187	1474
183378281	1474
183378386	1474
183378501	1474
183378725	1474
184172834	1474
184173043	1474
184173160	1474
184173257	1474
184173378	1474
184173478	1474
184173600	1474
184173725	1474
184173921	1474
184174025	1474
184174121	1474
184174222	1474
184174337	1474
184174435	1474
184174587	1474
184174767	1474
184174892	1474
184174990	1474
184972787	1474
184972917	1474
184973095	1474
184973230	1474
184973344	1474
184973468	1474
184973587	1474
184973687	1474
184973808	1474
184973947	1474
184974074	1474
184974173	1474
184974272	1474
184974374	1474
184974471	1474
184974571	1474
184974770	1474
184975020	1474
185775412	1474
185775753	1474
185776054	1474
185776159	1474
185776584	1474
185776713	1474
185776851	1474
185776982	1474
185777086	1474
185777224	1474
185777345	1474
185777435	1474
185777557	1474
185777660	1474
185777771	1474
185777867	1474
185778003	1474
185778126	1474
186573351	1474
186573603	1474
186573721	1474
186573832	1474
186573930	1474
186574064	1474
186574191	1474
186574286	1474
186574383	1474
186574525	1474
186574711	1474
186574973	1474
186575071	1474
186575188	1474
186575290	1474
186575387	1474
186575514	1474
186575762	1474
187373187	1474
187373453	1474
187373555	1474
187373667	1474
187373763	1474
187373873	1474
187373970	1474
187374094	1474
187374188	1474
187374328	1474
187374441	1474
187374564	1474
187374734	1474
187374858	1474
187374956	1474
187375071	1474
187375194	1474
187375336	1474
188173691	1474
188174025	1474
188174151	1474
188174274	1474
188174385	1474
188174510	1474
188174695	1474
188174787	1474
188174898	1474
188174994	1474
188175127	1474
188175238	1474
188175363	1474
188175469	1474
188175608	1474
188175727	1474
188175880	1474
188176086	1474
188972771	1474
188973067	1474
188973167	1474
188973291	1474
188973412	1474
188973527	1474
188973653	1474
188973765	1474
188973884	1474
188973979	1474
188974066	1474
188974161	1474
188974262	1474
188974363	1474
188974475	1474
188974629	1474
188974855	1474
188974958	1474
190039963	1474
190040200	1474
190040326	1474
190040415	1474
190040547	1474
190040744	1474
190040997	1474
190041102	1474
190041236	1474
190041349	1474
190041472	1474
190041590	1474
190041703	1474
190041814	1474
190041926	1474
190042026	1474
190042140	1474
190042263	1474
190573580	1474
190573753	1474
190573859	1474
190573956	1474
190574095	1474
190574218	1474
190574322	1474
190574422	1474
190574549	1474
190574787	1474
190574914	1474
190575055	1474
190575176	1474
190575291	1474
190575409	1474
190575555	1474
191373102	1474
191373324	1474
191373425	1474
191373537	1474
191373678	1474
191373778	1474
191373951	1474
191374075	1474
191374166	1474
191374289	1474
191374408	1474
191374533	1474
191374714	1474
191374808	1474
191374924	1474
191375038	1474
192173495	1474
192173628	1474
192173845	1474
192173963	1474
192174088	1474
192174174	1474
192174303	1474
192174398	1474
192174515	1474
192174701	1474
192174826	1474
192174972	1474
192175096	1474
192175215	1474
192175352	1474
192175449	1474
192974018	1474
192974451	1474
192974583	1474
192974750	1474
192974852	1474
192974982	1474
192975157	1474
192975271	1474
192975387	1474
192975664	1474
192975771	1474
192976375	1474
192976479	1474
192976567	1474
192976719	1474
192976825	1474
192976928	1474
193773164	1474
193773364	1474
193773509	1474
193773679	1474
193773820	1474
193773960	1474
193774100	1474
193774280	1474
193774446	1474
193774586	1474
193774802	1474
193774967	1474
193775111	1474
193775266	1474
193775408	1474
193775579	1474
193775796	1474
194308596	1474
194308931	1474
194309096	1474
194309275	1474
194309417	1474
194309583	1474
194309747	1474
194309909	1474
194310054	1474
194310225	1474
194310368	1474
194310530	1474
194310726	1474
194310871	1474
194311009	1474
194311175	1474
195106349	1474
195106577	1474
195106777	1474
195106985	1474
195107222	1474
195107398	1474
195107568	1474
195107705	1474
195107849	1474
195108012	1474
195108154	1474
195108319	1474
195108502	1474
195108640	1474
195108805	1474
195108966	1474
195908793	1474
195909020	1474
195909216	1474
195909356	1474
195909550	1474
195909771	1474
195909926	1474
195910091	1474
195910253	1474
195910390	1474
195910535	1474
195910753	1474
195910901	1474
195911045	1474
195911212	1474
195911388	1474
195911590	1474
196706246	1474
196706398	1474
196706565	1474
196706818	1474
196707027	1474
196707186	1474
196707353	1474
196707490	1474
196707635	1474
196707797	1474
196707937	1474
196708097	1474
196708235	1474
196708374	1474
196708537	1474
196708687	1474
196708826	1474
196708961	1474
197773628	1474
197773992	1474
197774153	1474
197774329	1474
197774563	1474
197775015	1474
197775167	1474
197775313	1474
197775573	1474
197775777	1474
197776256	1474
197776530	1474
197776678	1474
197776862	1474
197777000	1474
197777164	1474
197777347	1474
197777494	1474
198573452	1474
198573696	1474
198573894	1474
198574157	1474
198574350	1474
198574570	1474
198574758	1474
198574912	1474
198575055	1474
198575194	1474
198575333	1474
198575498	1474
198575689	1474
198575914	1474
198576446	1474
198576636	1474
198576777	1474
198576926	1474
199109033	1474
199109338	1474
199109447	1474
199109549	1474
199109664	1474
199109760	1474
199109879	1474
199109988	1474
199110126	1474
199110264	1474
199110367	1474
199110467	1474
199110614	1474
199110745	1474
199110885	1474
199110985	1474
199907074	1474
199907331	1474
199907429	1474
199907532	1474
199907624	1474
199907718	1474
199907811	1474
199907909	1474
199908005	1474
199908103	1474
199908241	1474
199908363	1474
199908484	1474
199908580	1474
199908678	1474
199908801	1474
200707231	1474
200707488	1474
200707599	1474
200707696	1474
200707792	1474
200707891	1474
200708012	1474
200708104	1474
200708199	1474
200708333	1474
200708431	1474
200708525	1474
200708643	1474
200708738	1474
200708858	1474
200708953	1474
200709047	1474
200709166	1474
201508897	1474
201509179	1474
201509324	1474
201509461	1474
201509588	1474
201509713	1474
201509951	1474
201510131	1474
201510250	1474
201510558	1474
201510976	1474
201511102	1474
201511182	1474
201511276	1474
201511409	1474
201511563	1474
201511772	1474
201512294	1474
202308624	1474
202308774	1474
202308890	1474
202309019	1474
202309204	1474
202309302	1474
202309435	1474
202309563	1474
202309661	1474
202309772	1474
202309899	1474
202310002	1474
202310137	1474
202310236	1474
202310362	1474
202310469	1474
202310601	1474
203106251	1474
203106485	1474
203106866	1474
203107003	1474
203107228	1474
203107334	1474
203107456	1474
203107549	1474
203107652	1474
203107745	1474
203107838	1474
203107956	1474
203108076	1474
203108195	1474
203108314	1474
203108432	1474
203108525	1474
203906515	1474
203906714	1474
203906870	1474
203907000	1474
203907222	1474
203907328	1474
203907453	1474
203907574	1474
203907680	1474
203907789	1474
203907884	1474
203907981	1474
203908073	1474
203908169	1474
203908289	1474
203908401	1474
203908484	1474
203908589	1474
204708911	1474
204709123	1474
204709513	1474
204709774	1474
204709904	1474
204709995	1474
204710135	1474
204710282	1474
204710380	1474
204710488	1474
204710692	1474
204710803	1474
204710896	1474
204711046	1474
204711184	1474
204711290	1474
204711414	1474
205773277	1474
205773446	1474
205773618	1474
205773752	1474
205774404	1474
205774757	1474
205775168	1474
205775289	1474
205775404	1474
205775518	1474
205775632	1474
205775745	1474
205775864	1474
205776152	1474
205776285	1474
205776650	1474
205777164	1474
205777385	1474
206306675	1474
206306901	1474
206307182	1474
206307276	1474
206307397	1474
206307532	1474
206307628	1474
206307753	1474
206307853	1474
206307976	1474
206308100	1474
206308238	1474
206308338	1474
206308437	1474
206308536	1474
206308661	1474
207106292	1474
207106498	1474
207106747	1474
207106873	1474
207107108	1474
207107215	1474
207107327	1474
207107464	1474
207107563	1474
207107669	1474
207107790	1474
207107890	1474
207108012	1474
207108134	1474
207108234	1474
207108353	1474
207108466	1474
207906914	1474
207907063	1474
207907165	1474
207907261	1474
207907357	1474
207907456	1474
207907577	1474
207907697	1474
207907816	1474
207907912	1474
207908006	1474
207908102	1474
207908198	1474
207908293	1474
207908412	1474
207908547	1474
207908642	1474
208706574	1474
208706917	1474
208707043	1474
208707141	1474
208707263	1474
208707464	1474
208707672	1474
208707777	1474
208707879	1474
208707978	1474
208708099	1474
208708224	1474
208708344	1474
208708465	1474
208708592	1474
208708715	1474
208708835	1474
209507016	1474
209507130	1474
209507344	1474
209507469	1474
209507665	1474
209507808	1474
209507932	1474
209508025	1474
209508146	1474
209508242	1474
209508363	1474
209508485	1474
209508604	1474
209508705	1474
209508803	1474
209508926	1474
209509017	1474
210306640	1474
210306883	1474
210307016	1474
210307140	1474
210307246	1474
210307479	1474
210307607	1474
210307706	1474
210307837	1474
210307935	1474
210308034	1474
210308135	1474
210308255	1474
210308392	1474
210308512	1474
210308631	1474
210308727	1474
211107813	1474
211108038	1474
211108134	1474
211108230	1474
211108348	1474
211108467	1474
211108563	1474
211108657	1474
211108789	1474
211108912	1474
211109025	1474
211109125	1474
211109351	1474
211109484	1474
211109720	1474
211109821	1474
211109976	1474
211907085	1474
211907330	1474
211907458	1474
211907583	1474
211907683	1474
211907780	1474
211908151	1474
211908256	1474
211908356	1474
211908474	1474
211908594	1474
211908714	1474
211908809	1474
211908904	1474
211908999	1474
211909100	1474
211909194	1474
211909291	1474
212710202	1474
212710457	1474
212710558	1474
212710746	1474
212710845	1474
212710940	1474
212711058	1474
212711153	1474
212711250	1474
212711337	1474
212711431	1474
212711556	1474
212711675	1474
212711770	1474
212711890	1474
212711985	1474
212712103	1474
213507276	1474
213507458	1474
213507600	1474
213507693	1474
213507789	1474
213507885	1474
213508083	1474
213508186	1474
213508303	1474
213508412	1474
213508534	1474
213508655	1474
213508749	1474
213508844	1474
213508941	1474
213509036	1474
213509132	1474
213509225	1474
214306668	1474
214306896	1474
214306993	1474
214307092	1474
214307186	1474
214307281	1474
214307400	1474
214307502	1474
214307623	1474
214307743	1474
214307839	1474
214307940	1474
214308058	1474
214308178	1474
214308274	1474
214308392	1474
214308486	1474
214308591	1474
215107125	1474
215107352	1474
215107478	1474
215107579	1474
215107785	1474
215107884	1474
215108117	1474
215108246	1474
215108345	1474
215108465	1474
215108584	1474
215108790	1474
215108884	1474
215109005	1474
215109126	1474
215109223	1474
215109342	1474
215109460	1474
216173634	1474
216173966	1474
216174090	1474
216174209	1474
216174304	1474
216174421	1474
216174518	1474
216174709	1474
216174975	1474
216175102	1474
216175198	1474
216175318	1474
216175437	1474
216175557	1474
216175679	1474
216175774	1474
216175886	1474
216175981	1474
216976283	1474
216976513	1474
216976621	1474
216976743	1474
216976885	1474
216976996	1474
216977123	1474
216977349	1474
216977477	1474
216977740	1474
216977973	1474
216978101	1474
216978199	1474
216978321	1474
216978418	1474
216978534	1474
216978672	1474
216978798	1474
217773542	1474
217773712	1474
217773903	1474
217774005	1474
217774106	1474
217774317	1474
217774421	1474
217774537	1474
217774705	1474
217774832	1474
217774928	1474
217775055	1474
217775191	1474
217775285	1474
217775382	1474
217775477	1474
217775596	1474
217775716	1474
218576514	1474
218576770	1474
218576905	1474
218577002	1474
218577100	1474
218577195	1474
218577309	1474
218577529	1474
218577633	1474
218577731	1474
218577993	1474
218578140	1474
218578274	1474
218578371	1474
218578466	1474
218578559	1474
218578688	1474
218578785	1474
219376070	1474
219376284	1474
219376390	1474
219376512	1474
219376634	1474
219376730	1474
219376826	1474
219377022	1474
219377152	1474
219377392	1474
219377496	1474
219377643	1474
219377740	1474
219377835	1474
219377932	1474
219378027	1474
219378159	1474
219378254	1474
220173850	1474
220174104	1474
220174225	1474
220174318	1474
220174411	1474
220174613	1474
220174815	1474
220174941	1474
220175037	1474
220175132	1474
220175224	1474
220175343	1474
220175437	1474
220175543	1474
220175639	1474
220175733	1474
220175827	1474
220175920	1474
220974219	1474
220974402	1474
220974500	1474
220974696	1474
220974790	1474
220974884	1474
220975003	1474
220975096	1474
220975214	1474
220975307	1474
220975401	1474
220975518	1474
220975735	1474
220975829	1474
220975946	1474
220976065	1474
220976159	1474
220976279	1474
221777297	1474
221777452	1474
221777549	1474
221777645	1474
221777737	1474
221777905	1474
221777998	1474
221778195	1474
221778298	1474
221778400	1474
221778895	1474
221779018	1474
221779111	1474
221779228	1474
221779321	1474
221779440	1474
221779559	1474
221779654	1474
222573872	1474
222574065	1474
222574177	1474
222574298	1474
222574417	1474
222574533	1474
222574752	1474
222574847	1474
222574958	1474
222575052	1474
222575145	1474
222575238	1474
222575331	1474
222575451	1474
222575546	1474
222575639	1474
222575758	1474
222575852	1474
223640649	1474
223640964	1474
223641071	1474
223641236	1474
223641356	1474
223641450	1474
223641544	1474
223641640	1474
223641736	1474
223641856	1474
223641948	1474
223642039	1474
223642144	1474
223642264	1474
223642355	1474
223642448	1474
223642598	1474
223642768	1474
224440657	1474
224440944	1474
224441062	1474
224441153	1474
224441264	1474
224441361	1474
224441478	1474
224441596	1474
224441691	1474
224441783	1474
224441878	1474
224441971	1474
224442091	1474
224442222	1474
224442343	1474
224442460	1474
224442648	1474
224442750	1474
225240674	1474
225240889	1474
225241148	1474
225241262	1474
225241421	1474
225241549	1474
225241674	1474
225241898	1474
225241999	1474
225242122	1474
225242222	1474
225242398	1474
225242500	1474
225242664	1474
225242770	1474
225242895	1474
225242995	1474
226042557	1474
226042775	1474
226042927	1474
226043024	1474
226043134	1474
226043249	1474
226043341	1474
226043456	1474
226043585	1474
226043675	1474
226043765	1474
226043847	1474
226043954	1474
226044034	1474
226044131	1474
226044238	1474
226044351	1474
226844120	1474
226844270	1474
226844474	1474
226844574	1474
226844675	1474
226844762	1474
226844913	1474
226845152	1474
226845250	1474
226845355	1474
226845466	1474
226845575	1474
226845684	1474
226845793	1474
226846016	1474
226846111	1474
226846231	1474
226847136	1474
227640665	1474
227640882	1474
227641025	1474
227641171	1474
227641296	1474
227641526	1474
227641652	1474
227641758	1474
227641887	1474
227641997	1474
227642118	1474
227642256	1474
227642357	1474
227642455	1474
227642633	1474
227642776	1474
227642922	1474
227643019	1474
228174498	1474
228174680	1474
228174781	1474
228174916	1474
228175010	1474
228175128	1474
228175246	1474
228175338	1474
228175431	1474
228175524	1474
228175617	1474
228175710	1474
228175825	1474
228175953	1474
228176073	1474
228176189	1474
229243800	1474
229243956	1474
229244164	1474
229244287	1474
229244383	1474
229244576	1474
229244676	1474
229244799	1474
229244891	1474
229245009	1474
229245113	1474
229245209	1474
229245327	1474
229245420	1474
229245512	1474
229245605	1474
229245697	1474
230040927	1474
230041211	1474
230041328	1474
230041473	1474
230041603	1474
230041716	1474
230041949	1474
230042079	1474
230042173	1474
230042320	1474
230042422	1474
230042573	1474
230042757	1474
230042880	1474
230042998	1474
230043094	1474
230043185	1474
230841035	1474
230841286	1474
230841554	1474
230841686	1474
230841823	1474
230841977	1474
230842217	1474
230842348	1474
230842457	1474
230842588	1474
230842701	1474
230842840	1474
230842972	1474
230843094	1474
230843194	1474
230843316	1474
230843508	1474
230843646	1474
231374779	1474
231375008	1474
231375135	1474
231375279	1474
231375405	1474
231375560	1474
231375683	1474
231375790	1474
231375913	1474
231376010	1474
231376108	1474
231376204	1474
231376325	1474
231376446	1474
231376597	1474
231376737	1474
232440909	1474
232441222	1474
232441349	1474
232441459	1474
232441572	1474
232441701	1474
232441832	1474
232441954	1474
232442077	1474
232442176	1474
232442298	1474
232442410	1474
232442568	1474
232442797	1474
232442927	1474
232443052	1474
232443153	1474
232443275	1474
232974481	1474
232974701	1474
232974815	1474
232974939	1474
232975063	1474
232975177	1474
232975302	1474
232975400	1474
232975508	1474
232975616	1474
232975715	1474
232975819	1474
232975964	1474
232976082	1474
232976206	1474
232976338	1474
232976455	1474
233774840	1474
233775035	1474
233775185	1474
233775289	1474
233775415	1474
233775542	1474
233775659	1474
233775758	1474
233775850	1474
233775981	1474
233776104	1474
233776203	1474
233776326	1474
233776448	1474
233776571	1474
233776669	1474
233776770	1474
234574400	1474
234574599	1474
234574749	1474
234574852	1474
234574952	1474
234575103	1474
234575256	1474
234575473	1474
234575598	1474
234575696	1474
234575819	1474
234575941	1474
234576063	1474
234576172	1474
234576345	1474
235375791	1474
235376118	1474
235376230	1474
235376357	1474
235376483	1474
235376792	1474
235376970	1474
235377063	1474
235377158	1474
235377931	1474
235378032	1474
235378138	1474
235378243	1474
235378369	1474
235378467	1474
235378561	1474
235378716	1474
236174202	1474
236174434	1474
236174614	1474
236174718	1474
236174811	1474
236175020	1474
236175122	1474
236175265	1474
236175368	1474
236175466	1474
236175562	1474
236175681	1474
236175802	1474
236175897	1474
236175994	1474
236176088	1474
236176207	1474
236176327	1474
236974343	1474
236974626	1474
236974756	1474
236974852	1474
236974969	1474
236975059	1474
236975153	1474
236975248	1474
236975341	1474
236975544	1474
236975683	1474
236975776	1474
236975873	1474
236975995	1474
236976091	1474
236976191	1474
236976311	1474
236976440	1474
237775164	1474
237775387	1474
237775483	1474
237775716	1474
237775814	1474
237775907	1474
237776024	1474
237776119	1474
237776236	1474
237776330	1474
237776421	1474
237776515	1474
237776624	1474
237776720	1474
237776813	1474
237776907	1474
237777003	1474
237777096	1474
238576179	1474
238576444	1474
238576570	1474
238576665	1474
238576855	1474
238576953	1474
238577074	1474
238577169	1474
238577284	1474
238577401	1474
238577601	1474
238577739	1474
238577837	1474
238578118	1474
238578302	1474
238578401	1474
238578516	1474
238578667	1474
239644072	1474
239644335	1474
239644432	1474
239644526	1474
239644643	1474
239644764	1474
239644857	1474
239644962	1474
239645053	1474
239645147	1474
239645243	1474
239645338	1474
239645457	1474
239645553	1474
239645648	1474
239645740	1474
239645858	1474
239645996	1474
240441560	1474
240441850	1474
240441978	1474
240442108	1474
240442236	1474
240442422	1474
240442542	1474
240442808	1474
240442908	1474
240443045	1474
240443169	1474
240443276	1474
240443385	1474
240443507	1474
240443643	1474
240443735	1474
240443854	1474
240443948	1474
241244253	1474
241244541	1474
241244660	1474
241244770	1474
241244886	1474
241244987	1474
241245093	1474
241245250	1474
241245377	1474
241245516	1474
241245649	1474
241245772	1474
241245889	1474
241245988	1474
241246108	1474
241246211	1474
241246339	1474
242041472	1474
242041830	1474
242041960	1474
242042056	1474
242042194	1474
242042436	1474
242042544	1474
242042712	1474
242042807	1474
242042920	1474
242043020	1474
242043154	1474
242043254	1474
242043508	1474
242043685	1474
242043829	1474
242043968	1474
242044092	1474
242843542	1474
242843829	1474
242843934	1474
242844066	1474
242844198	1474
242844297	1474
242844390	1474
242844528	1474
242844633	1474
242844757	1474
242844875	1474
242845001	1474
242845125	1474
242845227	1474
242845369	1474
242845476	1474
242845577	1474
242845688	1474
243643070	1474
243643359	1474
243643462	1474
243643565	1474
243643695	1474
243643805	1474
243643905	1474
243644013	1474
243644145	1474
243644240	1474
243644343	1474
243644457	1474
243644577	1474
243644715	1474
243644831	1474
243644927	1474
243645051	1474
243645170	1474
244441910	1474
244442189	1474
244442292	1474
244442456	1474
244442665	1474
244442809	1474
244442905	1474
244443001	1474
244443115	1474
244443243	1474
244443340	1474
244443477	1474
244443599	1474
244443708	1474
244443831	1474
244443953	1474
244444088	1474
244444203	1474
245242330	1474
245242475	1474
245242578	1474
245242742	1474
245242838	1474
245242980	1474
245243068	1474
245243193	1474
245243311	1474
245243442	1474
245243532	1474
245243651	1474
245243772	1474
245244194	1474
245244325	1474
245244584	1474
245245062	1474
246044914	1474
246045144	1474
246045365	1474
246045464	1474
246045675	1474
246045829	1474
246045981	1474
246046288	1474
246046420	1474
246047420	1474
246047536	1474
246047920	1474
246048018	1474
246048263	1474
246048364	1474
246048457	1474
246049124	1474
246842396	1474
246842798	1474
246842895	1474
246843017	1474
246843113	1474
246843298	1474
246843415	1474
246843535	1474
246843630	1474
246843765	1474
246843894	1474
246844002	1474
246844097	1474
246844193	1474
246844379	1474
246844535	1474
246844748	1474
246845023	1474
247641744	1474
247642113	1474
247642264	1474
247642643	1474
247642904	1474
247643034	1474
247643160	1474
247643385	1474
247643513	1474
247643609	1474
247643707	1474
247643805	1474
247643902	1474
247643997	1474
247644094	1474
247644189	1474
247644312	1474
248442869	1474
248443020	1474
248443167	1474
248443279	1474
248443383	1474
248443532	1474
248443649	1474
248443747	1474
248443870	1474
248443985	1474
248444113	1474
248444444	1474
248444707	1474
248445165	1474
248445265	1474
248445388	1474
249241931	1474
249242150	1474
249242278	1474
249242382	1474
249242481	1474
249242680	1474
249242957	1474
249243062	1474
249243176	1474
249243276	1474
249243385	1474
249243506	1474
249243643	1474
249243782	1474
249243895	1474
249244011	1474
249244111	1474
250042014	1474
250042257	1474
250042367	1474
250042497	1474
250042664	1474
250043061	1474
250043190	1474
250043326	1474
250043465	1474
250043559	1474
250043680	1474
250043874	1474
250044002	1474
250044124	1474
250044252	1474
250044365	1474
250044488	1474
250841960	1474
250842785	1474
250843051	1474
250843751	1474
250844404	1474
250844632	1474
250845190	1474
250845425	1474
250845530	1474
250845659	1474
250845749	1474
250845843	1474
250846016	1474
250846115	1474
250846234	1474
250846329	1474
250846433	1474
251645012	1474
251645301	1474
251645474	1474
251645595	1474
251645690	1474
251645798	1474
251645979	1474
251646759	1474
251646981	1474
251647108	1474
251647219	1474
251647331	1474
251647423	1474
251647526	1474
251647673	1474
251648258	1474
251648773	1474
251649122	1474
252441845	1474
252442133	1474
252442516	1474
252442839	1474
252442996	1474
252443203	1474
252443349	1474
252443449	1474
252443546	1474
252443669	1474
252443792	1474
252443928	1474
252444050	1474
252444200	1474
252444341	1474
252444450	1474
252444546	1474
253241986	1474
253242239	1474
253242366	1474
253242506	1474
253242739	1474
253242839	1474
253242940	1474
253243039	1474
253243136	1474
253243259	1474
253243403	1474
253243514	1474
253243614	1474
253243737	1474
253243862	1474
253243959	1474
253244065	1474
253244164	1474
254044868	1474
254045146	1474
254045414	1474
254045512	1474
254045624	1474
254045769	1474
254046036	1474
254046129	1474
254046228	1474
254046348	1474
254046472	1474
254046726	1474
254046949	1474
254047060	1474
254047188	1474
254047297	1474
254047417	1474
254843115	1474
254843449	1474
254843594	1474
254843928	1474
254844146	1474
254844391	1474
254844530	1474
254844670	1474
254844849	1474
254845012	1474
254845153	1474
254845318	1474
254845481	1474
254845620	1474
254845767	1474
254845908	1474
254846048	1474
254846187	1474
255642593	1474
255643013	1474
255643189	1474
255643399	1474
255643598	1474
255643908	1474
255644054	1474
255644194	1474
255644361	1474
255644500	1474
255644641	1474
255644811	1474
255644955	1474
255645093	1474
255645258	1474
255645418	1474
255645557	1474
255645700	1474
256445378	1474
256445626	1474
256445773	1474
256445915	1474
256446097	1474
256446232	1474
256446371	1474
256446504	1474
256446718	1474
256446866	1474
256447040	1474
256447205	1474
256447366	1474
256447506	1474
256447670	1474
256447852	1474
257243831	1474
257244034	1474
257244283	1474
257244527	1474
257244749	1474
257244993	1474
257245170	1474
257245311	1474
257245473	1474
257245634	1474
257245775	1474
257245913	1474
257246055	1474
257246202	1474
257246336	1474
257246475	1474
257246720	1474
257246930	1474
258042833	1474
258043064	1474
258043166	1474
258043264	1474
258043377	1474
258043504	1474
258043628	1474
258043725	1474
258043846	1474
258043957	1474
258044080	1474
258044218	1474
258044352	1474
258044450	1474
258044571	1474
258044684	1474
258044803	1474
258044900	1474
258843107	1474
258843258	1474
258843357	1474
258843494	1474
258843606	1474
258843698	1474
258843794	1474
258843917	1474
258844038	1474
258844133	1474
258844232	1474
258844330	1474
258844450	1474
258844549	1474
258844674	1474
258844772	1474
258844883	1474
258845024	1474
259642537	1474
259642735	1474
259642850	1474
259642949	1474
259643075	1474
259643199	1474
259643332	1474
259643476	1474
259643573	1474
259643696	1474
259643835	1474
259643959	1474
259644096	1474
259644219	1474
259644317	1474
259644415	1474
259644540	1474
259644652	1474
260444591	1474
260444749	1474
260444893	1474
260444991	1474
260445090	1474
260445209	1474
260445321	1474
260445436	1474
260445554	1474
260445650	1474
260445755	1474
260445877	1474
260445985	1474
260446124	1474
260446244	1474
260446341	1474
261242671	1474
261242795	1474
261242898	1474
261243023	1474
261243148	1474
261243264	1474
261243360	1474
261243482	1474
261243624	1474
261243723	1474
261243861	1474
261243979	1474
261244082	1474
261244184	1474
261244293	1474
261244418	1474
261244543	1474
261244658	1474
262042945	1474
262043120	1474
262043232	1474
262043331	1474
262043459	1474
262043569	1474
262043717	1474
262043819	1474
262043941	1474
262044070	1474
262044195	1474
262044295	1474
262044397	1474
262044489	1474
262044588	1474
262044732	1474
262044822	1474
262044943	1474
262842493	1474
262842710	1474
262842897	1474
262843020	1474
262843139	1474
262843260	1474
262843380	1474
262843497	1474
262843617	1474
262843736	1474
262843860	1474
262843981	1474
262844104	1474
262844219	1474
262844353	1474
262844473	1474
262844567	1474
263644695	1474
263644811	1474
263644999	1474
263645126	1474
263645226	1474
263645356	1474
263645442	1474
263645563	1474
263645662	1474
263645758	1474
263645855	1474
263645948	1474
263646067	1474
263646191	1474
263646316	1474
263646441	1474
263646565	1474
263646798	1474
264709977	1474
264710166	1474
264710267	1474
264710376	1474
264710530	1474
264710789	1474
264710922	1474
264711040	1474
264711145	1474
264711266	1474
264711391	1474
264711596	1474
264711700	1474
264711822	1474
264711970	1474
264712098	1474
264712323	1474
264712974	1474
265242871	1474
265243010	1474
265243134	1474
265243275	1474
265243375	1474
265243475	1474
265243593	1474
265243929	1474
265244090	1474
265244213	1474
265244306	1474
265244427	1474
265244536	1474
265244637	1474
265244746	1474
265244844	1474
265244972	1474
266309473	1474
266309685	1474
266309788	1474
266309888	1474
266310013	1474
266310125	1474
266310248	1474
266310368	1474
266310465	1474
266310643	1474
266310746	1474
266310926	1474
266311052	1474
266311234	1474
266311358	1474
266311472	1474
266311611	1474
266311708	1474
266846389	1474
266846641	1474
266846779	1474
266846903	1474
266847046	1474
266847144	1474
266847677	1474
266847799	1474
266847941	1474
266848049	1474
266848179	1474
266848279	1474
266848386	1474
266848483	1474
266848601	1474
266848711	1474
267642876	1474
267643151	1474
267643276	1474
267643394	1474
267643515	1474
267643943	1474
267644044	1474
267644133	1474
267644405	1474
267644530	1474
267644623	1474
267644743	1474
267644861	1474
267644958	1474
267645081	1474
267645205	1474
267645353	1474
268442676	1474
268443019	1474
268443142	1474
268443236	1474
268443328	1474
268443420	1474
268443556	1474
268443676	1474
268443769	1474
268443865	1474
268443958	1474
268444050	1474
268444153	1474
268444243	1474
268444335	1474
268444430	1474
268444561	1474
269244826	1474
269245103	1474
269245220	1474
269245319	1474
269245413	1474
269245507	1474
269245730	1474
269245857	1474
269245976	1474
269246093	1474
269246184	1474
269246300	1474
269246418	1474
269246533	1474
269246679	1474
269246778	1474
269246902	1474
269247018	1474
270310699	1474
270310951	1474
270311043	1474
270311161	1474
270311308	1474
270311433	1474
270311552	1474
270311744	1474
270311872	1474
270311968	1474
270312088	1474
270312182	1474
270312300	1474
270312393	1474
270312486	1474
270312602	1474
270312690	1474
270312779	1474
271116713	1474
271116992	1474
271117157	1474
271117387	1474
271117607	1474
271117780	1474
271117959	1474
271118120	1474
271118281	1474
271118416	1474
271118550	1474
271118758	1474
271118936	1474
271119141	1474
271119333	1474
271119514	1474
271119675	1474
271119819	1474
271911693	1474
271911917	1474
271912071	1474
271912206	1474
271912366	1474
271912504	1474
271912638	1474
271912773	1474
271912932	1474
271913117	1474
271913257	1474
271913391	1474
271913527	1474
271913688	1474
271913848	1474
271914015	1474
271914152	1474
272709945	1474
272710147	1474
272710286	1474
272710454	1474
272710718	1474
272710863	1474
272711026	1474
272711198	1474
272711375	1474
272711592	1474
272711750	1474
272711909	1474
272712045	1474
272712223	1474
272712357	1474
272712491	1474
272712651	1474
272712796	1474
273510335	1474
273510489	1474
273510672	1474
273510864	1474
273511084	1474
273511258	1474
273511406	1474
273511541	1474
273511700	1474
273511860	1474
273511996	1474
273512155	1474
273512325	1474
273512462	1474
273512597	1474
273512732	1474
273512868	1474
273513004	1474
274311577	1474
274311781	1474
274312019	1474
274312262	1474
274312463	1474
274312708	1474
274312847	1474
274312986	1474
274313122	1474
274313283	1474
274313421	1474
274313568	1474
274313738	1474
274313899	1474
274314035	1474
274314172	1474
274314333	1474
275110047	1474
275110241	1474
275110465	1474
275110872	1474
275111098	1474
275111296	1474
275111460	1474
275111608	1474
275111745	1474
275111907	1474
275112044	1474
275112181	1474
275112317	1474
275112455	1474
275112600	1474
275112765	1474
275112901	1474
275113061	1474
275910733	1474
275910964	1474
275911157	1474
275911362	1474
275911582	1474
275911810	1474
275911961	1474
275912098	1474
275912257	1474
275912417	1474
275912607	1474
275912771	1474
275912920	1474
275913080	1474
275913218	1474
275913357	1474
275913493	1474
275913629	1474
276710177	1474
276710484	1474
276710709	1474
276710882	1474
276711085	1474
276711317	1474
276711482	1474
276711619	1474
276711755	1474
276711917	1474
276712063	1474
276712226	1474
276712362	1474
276712497	1474
276712633	1474
276712769	1474
276712929	1474
276713092	1474
277509946	1474
277510236	1474
277510465	1474
277510691	1474
277510857	1474
277511019	1474
277511197	1474
277511333	1474
277511493	1474
277511628	1474
277511808	1474
277511972	1474
277512139	1474
277512301	1474
277512461	1474
277512597	1474
277512757	1474
278310774	1474
278310987	1474
278311178	1474
278311417	1474
278311620	1474
278311834	1474
278312001	1474
278312143	1474
278312294	1474
278312436	1474
278312580	1474
278312746	1474
278312911	1474
278313054	1474
278313218	1474
278313394	1474
278313534	1474
278313673	1474
279110204	1474
279110421	1474
279110648	1474
279110826	1474
279111049	1474
279111224	1474
279111366	1474
279111564	1474
279111716	1474
279111879	1474
279112045	1474
279112210	1474
279112351	1474
279112534	1474
279112676	1474
279112817	1474
279112957	1474
279113100	1474
279913689	1474
279914141	1474
279914313	1474
279914552	1474
279914815	1474
279915007	1474
279915177	1474
279915344	1474
279915521	1474
279915672	1474
279915813	1474
279915976	1474
279916114	1474
279916252	1474
279916415	1474
279916585	1474
279916768	1474
280711890	1474
280712107	1474
280712302	1474
280712502	1474
280712736	1474
280712906	1474
280713048	1474
280713183	1474
280713320	1474
280713468	1474
280713604	1474
280713778	1474
280713940	1474
280714077	1474
280714219	1474
280714356	1474
280714497	1474
281512258	1474
281512489	1474
281512631	1474
281512770	1474
281512961	1474
281513128	1474
281513265	1474
281513404	1474
281513568	1474
281513702	1474
281513873	1474
281514011	1474
281514150	1474
281514285	1474
281514448	1474
281514595	1474
281514813	1474
281514972	1474
282310930	1474
282311192	1474
282311355	1474
282311547	1474
282311770	1474
282311943	1474
282312120	1474
282312255	1474
282312419	1474
282312556	1474
282312719	1474
282312855	1474
282313051	1474
282313193	1474
282313354	1474
282313517	1474
282313653	1474
282313790	1474
283377392	1474
283377683	1474
283377832	1474
283378015	1474
283378233	1474
283378473	1474
283378669	1474
283378814	1474
283378957	1474
283379122	1474
283379300	1474
283379464	1474
283379604	1474
283379747	1474
283379890	1474
283380146	1474
283380352	1474
283380629	1474
284177517	1474
284177801	1474
284178005	1474
284178227	1474
284178468	1474
284178666	1474
284178836	1474
284178978	1474
284179118	1474
284179260	1474
284179412	1474
284179557	1474
284179696	1474
284179862	1474
284180038	1474
284180180	1474
284180322	1474
284180563	1474
284978042	1474
284978291	1474
284978438	1474
284978721	1474
284978928	1474
284979161	1474
284979304	1474
284979443	1474
284979590	1474
284979730	1474
284979983	1474
284980203	1474
284980820	1474
284981032	1474
284981268	1474
284981436	1474
284981585	1474
285778914	1474
285779197	1474
285779346	1474
285779611	1474
285780072	1474
285780300	1474
285780627	1474
285780801	1474
285780971	1474
285781165	1474
285781304	1474
285781444	1474
285781586	1474
285781733	1474
285781876	1474
285782039	1474
285782185	1474
286577806	1474
286577924	1474
286578056	1474
286578181	1474
286578279	1474
286578401	1474
286578514	1474
286578666	1474
286578792	1474
286578907	1474
286579045	1474
286579184	1474
286579296	1474
286579414	1474
286579512	1474
286579623	1474
286579732	1474
287111441	1474
287111588	1474
287111746	1474
287111845	1474
287111985	1474
287112111	1474
287112210	1474
287112342	1474
287112459	1474
287112558	1474
287112671	1474
287112786	1474
287112880	1474
287112980	1474
287113073	1474
287113197	1474
287113310	1474
288178253	1474
288178366	1474
288178489	1474
288178670	1474
288178790	1474
288178893	1474
288178986	1474
288179077	1474
288179169	1474
288179302	1474
288179397	1474
288179491	1474
288179608	1474
288179701	1474
288179792	1474
288179885	1474
288179978	1474
288180099	1474
288978284	1474
288978401	1474
288978621	1474
288978745	1474
288978836	1474
288978962	1474
288979193	1474
288979295	1474
288979386	1474
288979492	1474
288979585	1474
288979677	1474
288979769	1474
288979887	1474
288980005	1474
288980123	1474
288980215	1474
288980333	1474
289511383	1474
289511604	1474
289511700	1474
289511794	1474
289511886	1474
289511979	1474
289512098	1474
289512197	1474
289512292	1474
289512384	1474
289512505	1474
289512600	1474
289512694	1474
289512787	1474
289512880	1474
289512972	1474
290314733	1474
290314875	1474
290314965	1474
290315056	1474
290315150	1474
290315267	1474
290315363	1474
290315456	1474
290315551	1474
290315687	1474
290315782	1474
290315878	1474
290315967	1474
290316059	1474
290316153	1474
290316248	1474
290316341	1474
291111304	1474
291111506	1474
291111605	1474
291111724	1474
291111854	1474
291111974	1474
291112064	1474
291112192	1474
291112287	1474
291112402	1474
291112517	1474
291112610	1474
291112703	1474
291112797	1474
291112900	1474
291112994	1474
291113223	1474
291912291	1474
291912411	1474
291912753	1474
291912877	1474
291913087	1474
291913221	1474
291913322	1474
291913449	1474
291913598	1474
291913727	1474
291913843	1474
291914020	1474
291914149	1474
291914260	1474
291914374	1474
291914497	1474
291914824	1474
291914965	1474
292978912	1474
292979062	1474
292979160	1474
292979382	1474
292979475	1474
292979599	1474
292979771	1474
292979890	1474
292980006	1474
292980101	1474
292980197	1474
292980304	1474
292980397	1474
292980489	1474
292980587	1474
292980681	1474
292980800	1474
292980895	1474
293781675	1474
293781850	1474
293781952	1474
293782072	1474
293782192	1474
293782310	1474
293782449	1474
293782569	1474
293782711	1474
293782807	1474
293782925	1474
293783019	1474
293783138	1474
293783234	1474
293783362	1474
293783494	1474
293783615	1474
293783733	1474
294578169	1474
294578285	1474
294578382	1474
294578684	1474
294578813	1474
294578938	1474
294579057	1474
294579176	1474
294579272	1474
294579368	1474
294579501	1474
294579598	1474
294579690	1474
294579809	1474
294579928	1474
294580023	1474
295111939	1474
295112124	1474
295112287	1474
295112425	1474
295112561	1474
295112735	1474
295112873	1474
295113012	1474
295113173	1474
295113311	1474
295113472	1474
295113610	1474
295113763	1474
295113902	1474
295114040	1474
295114201	1474
295114363	1474
295911393	1474
295911566	1474
295911732	1474
295912084	1474
295912321	1474
295912546	1474
295912741	1474
295912956	1474
295913097	1474
295913258	1474
295913421	1474
295913559	1474
295913695	1474
295913840	1474
295914002	1474
295914141	1474
295914276	1474
296711973	1474
296712184	1474
296712384	1474
296712656	1474
296712881	1474
296713096	1474
296713352	1474
296713521	1474
296713688	1474
296713825	1474
296714021	1474
296714163	1474
296714331	1474
296714473	1474
296714611	1474
296714800	1474
296714944	1474
297512143	1474
297512329	1474
297512591	1474
297512735	1474
297512902	1474
297513040	1474
297513188	1474
297513329	1474
297513470	1474
297513634	1474
297513799	1474
297513941	1474
297514114	1474
297514283	1474
297514423	1474
297514561	1474
297514775	1474
298312208	1474
298312403	1474
298312590	1474
298312709	1474
298312833	1474
298312960	1474
298313209	1474
298313299	1474
298313411	1474
298313507	1474
298313602	1474
298313723	1474
298313821	1474
298313916	1474
298314037	1474
298314134	1474
298314254	1474
298314390	1474
299381402	1474
299381751	1474
299382075	1474
299382205	1474
299382308	1474
299382431	1474
299382651	1474
299382777	1474
299382946	1474
299383079	1474
299383179	1474
299383297	1474
299383419	1474
299383509	1474
299383648	1474
299383790	1474
299383913	1474
299384011	1474
300184705	1474
300184921	1474
300185020	1474
300185244	1474
300185382	1474
300185506	1474
300185726	1474
300185864	1474
300185972	1474
300186055	1474
300186177	1474
300186285	1474
300186395	1474
300186502	1474
300186751	1474
300186843	1474
300186959	1474
300187144	1474
300712174	1474
300712317	1474
300712419	1474
300712551	1474
300712674	1474
300712779	1474
300712935	1474
300713032	1474
300713121	1474
300713221	1474
300713342	1474
300713431	1474
300713530	1474
300713648	1474
300713755	1474
300713896	1474
301515526	1474
301515696	1474
301515808	1474
301515915	1474
301516046	1474
301516145	1474
301516241	1474
301516345	1474
301516465	1474
301516569	1474
301516684	1474
301516779	1474
301516894	1474
301517019	1474
301517117	1474
301517237	1474
301517381	1474
302314045	1474
302314305	1474
302314408	1474
302314513	1474
302314737	1474
302315056	1474
302315169	1474
302315267	1474
302315391	1474
302315516	1474
302315637	1474
302315757	1474
302315889	1474
302316000	1474
302316119	1474
302316219	1474
302316305	1474
302316412	1474
303112133	1474
303112284	1474
303112625	1474
303112755	1474
303112865	1474
303113069	1474
303113190	1474
303113314	1474
303113412	1474
303113498	1474
303113604	1474
303113729	1474
303113873	1474
303113961	1474
303114077	1474
303114191	1474
303114274	1474
304179674	1474
304179849	1474
304179964	1474
304180056	1474
304180176	1474
304180314	1474
304180411	1474
304180544	1474
304180670	1474
304180768	1474
304180874	1474
304180995	1474
304181128	1474
304181269	1474
304181392	1474
304181517	1474
304181635	1474
304181742	1474
304979341	1474
304979458	1474
304979557	1474
304979687	1474
304979815	1474
304979940	1474
304980057	1474
304980191	1474
304980314	1474
304980405	1474
304980541	1474
304980657	1474
304980769	1474
304980871	1474
304980967	1474
304981062	1474
304981175	1474
304981325	1474
305780128	1474
305780272	1474
305780368	1474
305780487	1474
305780587	1474
305780685	1474
305780795	1474
305781009	1474
305781105	1474
305781225	1474
305781353	1474
305781466	1474
305781564	1474
305781686	1474
305781792	1474
305781954	1474
305782073	1474
305782172	1474
306581359	1474
306581502	1474
306581641	1474
306581834	1474
306582029	1474
306582277	1474
306582420	1474
306582558	1474
306582772	1474
306582917	1474
306583094	1474
306583244	1474
306583384	1474
306583546	1474
306583684	1474
306583846	1474
306583985	1474
