5946363	58
5949055	54
6169716	1474
6169914	1474
6187738	1474
6188400	1474
6188780	1474
6189268	1474
6209757	1474
6209931	1474
6210186	1474
6210366	1474
6212027	334
6337994	1474
6338298	1474
6338495	110
6338953	1474
6339161	1474
6339428	1474
6339708	1474
6339975	1474
6340182	1474
6340441	1474
6340708	1474
6341022	1474
6341469	1474
6341693	334
6492460	1474
6492577	1474
6492887	1474
6493156	1474
6493305	1474
6493432	1474
6493681	1474
6494035	1474
6494186	278
6496291	1474
6496423	1474
6496551	1474
6496887	1474
6497165	166
6498095	1474
6498360	1474
6498484	1474
6498623	138
6670297	1474
6670408	1474
6670610	110
6670790	1474
6670948	82
6671377	1474
6671554	1474
6671785	1474
6671922	138
6672350	1474
6672503	1474
6672809	1474
6673099	1474
6673207	1474
6673364	1474
6673666	1474
6673829	1474
6674028	1474
6674153	306
6674290	1474
6674446	1474
6675925	1474
6676389	1474
6676542	1474
6676668	194
6837907	1474
6838015	1474
6838267	1474
6838416	1474
6839374	1474
6839681	194
6839998	1474
6840270	1474
6840393	1474
6840506	138
6840624	1474
6840964	1474
6841116	1474
6841211	1474
6841312	1474
6841621	1474
6841761	1474
6841975	1474
6842126	1474
6842275	1474
6842524	1474
6842819	1474
6842966	1474
6843088	1474
6843304	446
6843441	1474
6843820	1474
6843953	1474
6844257	1474
6844416	1474
6844763	1474
6844906	1474
6845010	1474
6845358	278
7011352	1474
7011470	1474
7011598	1474
7012275	1474
7012871	166
7013152	1474
7013381	1474
7013511	1474
7013624	1474
7013740	1474
7014298	1474
7014558	1474
7014996	1474
7015127	278
7015417	1474
7015520	1474
7015646	1474
7015769	1474
7016160	166
7016316	1474
7016517	1474
7016657	110
7016781	1474
7016911	82
7017164	1474
7017281	1474
7017596	1474
7017794	1474
7017919	1474
7018046	1474
7018210	222
7188466	1474
7188822	1474
7189065	1474
7189187	1474
7189286	1474
7189414	1474
7189749	1474
7189996	1474
7190178	1474
7190291	1474
7190390	1474
7190691	1474
7190947	1474
7191045	1474
7191614	1474
7191884	1474
7192215	1474
7193133	530
7193428	1474
7193525	1474
7193646	1474
7194078	1474
7194231	1474
7194354	1474
7194644	1474
7194924	1474
7195073	1474
7195215	1474
7195353	1474
7195478	1474
7195584	390
7195705	1474
7195814	1474
7195911	1474
7196040	1474
7196162	1474
7196261	1474
7196382	1474
7196481	1474
7196803	1474
7196908	1474
7197024	1474
7197122	1474
7197219	1474
7197336	1474
7197433	446
7363439	1474
7363797	1474
7363914	1474
7364035	1474
7364139	1474
7364245	1474
7364372	1474
7364515	1474
7364665	1474
7364769	1474
7364884	1474
7365013	1474
7365118	1474
7365224	1474
7365327	1474
7365430	1474
7365547	1474
7365672	1474
7365779	1474
7365886	1474
7366016	1474
7366121	1474
7366223	1474
7366327	698
7404321	1474
7404621	1474
7404739	1474
7404842	1474
7404965	1474
7405086	1474
7405186	1474
7405292	1474
7405395	1474
7405515	1474
7405645	1474
7405777	1474
7405908	1474
7406040	1474
7406169	1474
7736680	1474
7736788	1474
7737021	1474
7737150	1474
7737253	1474
7737544	1474
7737767	1474
7737954	1474
7738057	1474
7738158	1474
7738259	1474
7738487	1474
7738598	1474
7738855	1474
7738964	1474
7739063	1474
8260093	1474
8260352	1474
8260469	1474
8260707	1474
8260818	1474
8260929	1474
8261043	1474
8261180	1474
8261285	1474
8261389	1474
8261522	1474
8261653	1474
8261760	1474
8261891	1474
8262005	1474
9089292	1474
9089560	1474
9089859	1474
9090305	1474
9090511	1474
9090717	1474
9090833	1474
9090924	1474
9091147	1474
9091243	1474
9091358	1474
9091469	1474
9091566	1474
9091691	1474
9091783	1474
9091871	1474
9859984	1474
9860256	1474
9860364	1474
9860501	1474
9860625	1474
9860756	1474
9861036	1474
9861158	1474
9861296	1474
9861417	1474
9861540	1474
9861640	1474
9861756	1474
9861852	1474
9861975	1474
9862083	1474
9862180	1474
10392777	1474
10393096	1474
10393209	1474
10393327	1474
10393446	1474
10393552	1474
10393648	1474
10393769	1474
10393889	1474
10394027	1474
10394150	1474
10394272	1474
10394420	1474
10394569	1474
10394749	1474
10394888	1474
11203412	1474
11204022	1474
11204302	1474
11204628	1474
11204941	1474
11205085	1474
11205210	1474
11205311	1474
11205417	1474
11205561	1474
11205707	1474
11205806	1474
11205907	1474
11206025	1474
11206122	1474
11206245	1474
11993087	1474
11993402	1474
11993554	1474
11993650	1474
11993751	1474
11993877	1474
11994000	1474
11994147	1474
11994249	1474
11994344	1474
11994443	1474
11994596	1474
11994749	1474
11994851	1474
11994980	1474
11995096	1474
11995221	1474
12793265	1474
12793365	1474
12793478	1474
12793586	1474
12793680	1474
12793816	1474
12793907	1474
12794027	1474
12794140	1474
12794249	1474
12794362	1474
12794461	1474
12794593	1474
12794707	1474
12794798	1474
12794918	1474
12795008	1474
12795129	1474
13326037	1474
13326443	1474
13326581	1474
13326779	1474
13326890	1474
13327029	1474
13327125	1474
13327263	1474
13327357	1474
13327460	1474
13327600	1474
13327699	1474
13327818	1474
13327908	1474
13328030	1474
13328130	1474
13328244	1474
14125764	1474
14125969	1474
14126167	1474
14126276	1474
14126385	1474
14126558	1474
14126865	1474
14126957	1474
14127071	1474
14127196	1474
14127307	1474
14127432	1474
14127577	1474
14127677	1474
14127801	1474
14127950	1474
14128089	1474
14925241	1474
14925551	1474
14925696	1474
14925814	1474
14925939	1474
14926041	1474
14926166	1474
14926274	1474
14926397	1474
14926524	1474
14926819	1474
14926920	1474
14927043	1474
14927148	1474
14927270	1474
14927414	1474
14927513	1474
14927633	1474
15725524	1474
15725834	1474
15725926	1474
15726036	1474
15726159	1474
15726302	1474
15726402	1474
15726506	1474
15726776	1474
15726866	1474
15726993	1474
15727117	1474
15727208	1474
15727474	1474
15727605	1474
15727712	1474
15727853	1474
15727950	1474
16792339	1474
16792572	1474
16792701	1474
16792828	1474
16792951	1474
16793046	1474
16793138	1474
16793258	1474
16793349	1474
16793445	1474
16793532	1474
16793623	1474
16793745	1474
16793869	1474
16793966	1474
16794059	1474
16794151	1474
16794269	1474
17592413	1474
17592605	1474
17592731	1474
17592848	1474
17592978	1474
17593068	1474
17593184	1474
17593309	1474
17593406	1474
17593497	1474
17593614	1474
17593733	1474
17593826	1474
17593920	1474
17594036	1474
17594128	1474
17594245	1474
17594353	1474
18395439	1474
18395726	1474
18395824	1474
18395963	1474
18396057	1474
18396150	1474
18396267	1474
18396361	1474
18396490	1474
18396586	1474
18396784	1474
18396917	1474
18397041	1474
18397133	1474
18397250	1474
18397368	1474
18397486	1474
19195379	1474
19195646	1474
19195742	1474
19195833	1474
19195930	1474
19196023	1474
19196117	1474
19196233	1474
19196324	1474
19196416	1474
19196546	1474
19196664	1474
19196756	1474
19196848	1474
19196965	1474
19197083	1474
19197176	1474
19197268	1474
19992719	1474
19992988	1474
19993078	1474
19993208	1474
19993301	1474
19993392	1474
19993477	1474
19993591	1474
19993686	1474
19993779	1474
19993866	1474
19993956	1474
19994047	1474
19994178	1474
19994271	1474
19994364	1474
19994499	1474
19994680	1474
20792879	1474
20793035	1474
20793125	1474
20793317	1474
20793413	1474
20793529	1474
20793623	1474
20793725	1474
20793815	1474
20793905	1474
20793992	1474
20794085	1474
20794178	1474
20794294	1474
20794388	1474
20794481	1474
20794573	1474
21593525	1474
21593708	1474
21593851	1474
21593953	1474
21594065	1474
21594493	1474
21594655	1474
21594765	1474
21594863	1474
21594965	1474
21595082	1474
21595206	1474
21595306	1474
21595532	1474
21595634	1474
21595746	1474
21595870	1474
22392300	1474
22392707	1474
22392885	1474
22393028	1474
22393283	1474
22393477	1474
22393690	1474
22393832	1474
22393989	1474
22394128	1474
22394291	1474
22394490	1474
22394681	1474
22394828	1474
22395011	1474
22395202	1474
22395369	1474
22395532	1474
23191879	1474
23192115	1474
23192254	1474
23192343	1474
23192465	1474
23192624	1474
23192742	1474
23192945	1474
23193074	1474
23193198	1474
23193294	1474
23193396	1474
23193492	1474
23193612	1474
23193749	1474
23193847	1474
23193967	1474
23194063	1474
23992221	1474
23992411	1474
23992511	1474
23992634	1474
23992756	1474
23992851	1474
23992944	1474
23993039	1474
23993134	1474
23993233	1474
23993339	1474
23993434	1474
23993554	1474
23993675	1474
23993771	1474
23993869	1474
23993965	1474
24792002	1474
24792276	1474
24792381	1474
24792474	1474
24792590	1474
24792800	1474
24792916	1474
24793009	1474
24793106	1474
24793231	1474
24793322	1474
24793428	1474
24793554	1474
24793651	1474
24793772	1474
24793899	1474
24793997	1474
25592043	1474
25592349	1474
25592485	1474
25592584	1474
25592711	1474
25592851	1474
25592969	1474
25593065	1474
25593164	1474
25593302	1474
25593444	1474
25593586	1474
25593701	1474
25593826	1474
25593954	1474
25594057	1474
25594166	1474
25594313	1474
26391691	1474
26391950	1474
26392058	1474
26392173	1474
26392295	1474
26392394	1474
26392503	1474
26392599	1474
26392701	1474
26392824	1474
26392916	1474
26393023	1474
26393134	1474
26393256	1474
26393381	1474
26393514	1474
26928080	1474
26928206	1474
26928307	1474
26928447	1474
26928573	1474
26928685	1474
26928787	1474
26928906	1474
26929050	1474
26929173	1474
26929307	1474
26929408	1474
26929507	1474
26929633	1474
26929759	1474
26929926	1474
27993434	1474
27993563	1474
27993661	1474
27993772	1474
27993881	1474
27994002	1474
27994155	1474
27994272	1474
27994397	1474
27994541	1474
27994714	1474
27994810	1474
27994908	1474
27995003	1474
27995125	1474
27995304	1474
27995428	1474
28794220	1474
28794321	1474
28794442	1474
28794614	1474
28794717	1474
28794927	1474
28795031	1474
28795128	1474
28795249	1474
28795346	1474
28795466	1474
28795563	1474
28795661	1474
28795790	1474
28795916	1474
28796010	1474
28796133	1474
28796229	1474
29594436	1474
29594594	1474
29594803	1474
29594929	1474
29595053	1474
29595203	1474
29595447	1474
29595549	1474
29595649	1474
29595749	1474
29595870	1474
29595991	1474
29596111	1474
29596229	1474
29596360	1474
29596496	1474
29596603	1474
29596725	1474
30393757	1474
30393885	1474
30393985	1474
30394100	1474
30394200	1474
30394296	1474
30394395	1474
30394527	1474
30394661	1474
30394790	1474
30394894	1474
30395017	1474
30395199	1474
30395349	1474
30395470	1474
30395590	1474
30395701	1474
31194927	1474
31195071	1474
31195186	1474
31195284	1474
31195387	1474
31195512	1474
31195788	1474
31195891	1474
31196031	1474
31196125	1474
31196220	1474
31196336	1474
31196457	1474
31196555	1474
31196687	1474
31196785	1474
31196895	1474
31197010	1474
31996051	1474
31996175	1474
31996310	1474
31996439	1474
31996584	1474
31996704	1474
31996794	1474
31996920	1474
31997047	1474
31997166	1474
31997296	1474
31997438	1474
31997533	1474
31997653	1474
31997794	1474
31997937	1474
31998059	1474
32794373	1474
32794471	1474
32794623	1474
32794779	1474
32794884	1474
32795106	1474
32795211	1474
32795310	1474
32795426	1474
32795524	1474
32795644	1474
32795739	1474
32795839	1474
32795951	1474
32796059	1474
32796168	1474
32796309	1474
33328379	1474
33328684	1474
33328792	1474
33328917	1474
33329029	1474
33329150	1474
33329248	1474
33329365	1474
33329463	1474
33329587	1474
33329724	1474
33329844	1474
33329940	1474
33330052	1474
33330149	1474
33330247	1474
34125176	1474
34125316	1474
34125427	1474
34125552	1474
34125696	1474
34125838	1474
34126074	1474
34126178	1474
34126294	1474
34126425	1474
34126555	1474
34126739	1474
34126864	1474
34126964	1474
34127061	1474
34127188	1474
34127330	1474
35193655	1474
35193781	1474
35193871	1474
35194008	1474
35194133	1474
35194255	1474
35194353	1474
35194449	1474
35194596	1474
35194746	1474
35194846	1474
35194944	1474
35195043	1474
35195140	1474
35195270	1474
35195392	1474
35195517	1474
35195638	1474
35993611	1474
35993735	1474
35993833	1474
35993948	1474
35994099	1474
35994328	1474
35994441	1474
35994596	1474
35994806	1474
35994913	1474
35995036	1474
35995157	1474
35995303	1474
35995443	1474
35995533	1474
35995681	1474
35995808	1474
35995899	1474
36793489	1474
36793594	1474
36793720	1474
36793820	1474
36794102	1474
36794206	1474
36794306	1474
36794452	1474
36794550	1474
36794755	1474
36794865	1474
36794985	1474
36795108	1474
36795260	1474
36795359	1474
36795455	1474
36795553	1474
37593398	1474
37593519	1474
37593616	1474
37593722	1474
37593843	1474
37593964	1474
37594084	1474
37594180	1474
37594276	1474
37594397	1474
37594494	1474
37594650	1474
37594849	1474
37594967	1474
37595088	1474
37595185	1474
37595304	1474
37595416	1474
38393558	1474
38393662	1474
38393785	1474
38393895	1474
38394010	1474
38394108	1474
38394229	1474
38394341	1474
38394454	1474
38394607	1474
38394712	1474
38394859	1474
38394959	1474
38395055	1474
38395151	1474
38395308	1474
38395411	1474
38395536	1474
39191831	1474
39192081	1474
39192208	1474
39192308	1474
39192445	1474
39192586	1474
39192707	1474
39192805	1474
39192969	1474
39193090	1474
39193208	1474
39193313	1474
39193433	1474
39193548	1474
39193674	1474
39193772	1474
39193901	1474
39194099	1474
39992942	1474
39993218	1474
39993321	1474
39993436	1474
39993553	1474
39993676	1474
39993813	1474
39993912	1474
39994040	1474
39994150	1474
39994287	1474
39994411	1474
39994632	1474
39994738	1474
39994885	1474
39995009	1474
39995149	1474
39995255	1474
40794007	1474
40794128	1474
40794265	1474
40794390	1474
40794522	1474
40794697	1474
40794923	1474
40795034	1474
40795139	1474
40795306	1474
40795433	1474
40795601	1474
40795705	1474
40795827	1474
40795924	1474
40796047	1474
40796175	1474
41592690	1474
41592935	1474
41593061	1474
41593168	1474
41593267	1474
41593363	1474
41593503	1474
41593615	1474
41593712	1474
41593819	1474
41593918	1474
41594033	1474
41594150	1474
41594244	1474
41594366	1474
41594492	1474
41594660	1474
41594755	1474
42395772	1474
42395995	1474
42396094	1474
42396186	1474
42396289	1474
42396432	1474
42396546	1474
42396663	1474
42396784	1474
42396907	1474
42397068	1474
42397294	1474
42397429	1474
42397985	1474
42398117	1474
42398304	1474
42398424	1474
42398621	1474
43191572	1474
43191718	1474
43191828	1474
43191947	1474
43192092	1474
43192199	1474
43192344	1474
43192442	1474
43192563	1474
43192654	1474
43192775	1474
43192874	1474
43192994	1474
43193132	1474
43193229	1474
43193347	1474
43193464	1474
43193585	1474
44260140	1474
44260248	1474
44260382	1474
44260481	1474
44260648	1474
44260855	1474
44260979	1474
44261076	1474
44261199	1474
44261335	1474
44261434	1474
44261531	1474
44261643	1474
44261767	1474
44261864	1474
44261966	1474
44262087	1474
44262194	1474
45060673	1474
45060771	1474
45060868	1474
45060967	1474
45061067	1474
45061219	1474
45061417	1474
45061516	1474
45061638	1474
45061759	1474
45061856	1474
45061953	1474
45062049	1474
45062176	1474
45062275	1474
45062397	1474
45062495	1474
45062663	1474
45858158	1474
45858408	1474
45858548	1474
45858699	1474
45858833	1474
45858935	1474
45859332	1474
45859463	1474
45859600	1474
45859751	1474
45859848	1474
45859944	1474
45860078	1474
45860195	1474
45860327	1474
45860452	1474
45860585	1474
45860680	1474
46658156	1474
46658427	1474
46658611	1474
46658738	1474
46658846	1474
46659010	1474
46659262	1474
46659402	1474
46659543	1474
46659665	1474
46659786	1474
46659899	1474
46659995	1474
46660094	1474
46660191	1474
46660288	1474
46660455	1474
46660578	1474
47458129	1474
47458342	1474
47458463	1474
47458611	1474
47458717	1474
47458869	1474
47458997	1474
47459118	1474
47459211	1474
47459329	1474
47459447	1474
47459568	1474
47459661	1474
47459777	1474
47459874	1474
47459997	1474
47460118	1474
47460213	1474
48258161	1474
48258312	1474
48258453	1474
48258691	1474
48258866	1474
48259002	1474
48259138	1474
48259301	1474
48259461	1474
48259599	1474
48259777	1474
48259916	1474
48260051	1474
48260213	1474
48260375	1474
48260537	1474
48260683	1474
49058436	1474
49058577	1474
49058704	1474
49058838	1474
49058932	1474
49059024	1474
49059148	1474
49059249	1474
49059342	1474
49059459	1474
49059576	1474
49059670	1474
49059787	1474
49059881	1474
49059998	1474
49060091	1474
49060184	1474
49060287	1474
49859683	1474
49859804	1474
49859910	1474
49860032	1474
49860259	1474
49860360	1474
49860453	1474
49860549	1474
49860642	1474
49860760	1474
49860853	1474
49860985	1474
49861075	1474
49861168	1474
49861261	1474
49861353	1474
49861472	1474
49861591	1474
50659659	1474
50659781	1474
50659901	1474
50659995	1474
50660111	1474
50660207	1474
50660295	1474
50660388	1474
50660479	1474
50660610	1474
50660726	1474
50660845	1474
50660940	1474
50661035	1474
50661155	1474
50661248	1474
50661341	1474
50661435	1474
51460636	1474
51460760	1474
51460854	1474
51460972	1474
51461067	1474
51461171	1474
51461293	1474
51461412	1474
51461502	1474
51461597	1474
51461691	1474
51461785	1474
51461903	1474
51462020	1474
51462148	1474
51462244	1474
51462337	1474
51462465	1474
52524554	1474
52524812	1474
52524935	1474
52525085	1474
52525181	1474
52525369	1474
52525470	1474
52525565	1474
52525682	1474
52525816	1474
52525912	1474
52526007	1474
52526099	1474
52526216	1474
52526336	1474
52526453	1474
52526544	1474
52526876	1474
53324821	1474
53325069	1474
53325163	1474
53325256	1474
53325373	1474
53325503	1474
53325622	1474
53325740	1474
53325857	1474
53325948	1474
53326040	1474
53326132	1474
53326250	1474
53326371	1474
53326496	1474
53326646	1474
53326742	1474
53326837	1474
54126026	1474
54126279	1474
54126374	1474
54126516	1474
54126647	1474
54126740	1474
54126836	1474
54126954	1474
54127088	1474
54127206	1474
54127323	1474
54127419	1474
54127536	1474
54127634	1474
54127751	1474
54127843	1474
54127932	1474
54128059	1474
54928801	1474
54929113	1474
54929207	1474
54929330	1474
54929430	1474
54929549	1474
54929686	1474
54929781	1474
54929901	1474
54930020	1474
54930116	1474
54930236	1474
54930359	1474
54930502	1474
54930627	1474
54930727	1474
54930848	1474
54930943	1474
55724595	1474
55724822	1474
55724968	1474
55725118	1474
55725257	1474
55725384	1474
55725506	1474
55725636	1474
55725759	1474
55725900	1474
55726025	1474
55726148	1474
55726268	1474
55726380	1474
55726477	1474
55726710	1474
56525172	1474
56525398	1474
56525530	1474
56525629	1474
56525735	1474
56525978	1474
56526085	1474
56526198	1474
56526341	1474
56526451	1474
56526660	1474
56526771	1474
56526902	1474
56527030	1474
56527172	1474
56527300	1474
56527425	1474
56527561	1474
57324627	1474
57324788	1474
57324910	1474
57325032	1474
57325149	1474
57325244	1474
57325337	1474
57325461	1474
57325558	1474
57325650	1474
57325738	1474
57325855	1474
57325950	1474
57326045	1474
57326165	1474
57326286	1474
57326382	1474
58125490	1474
58125645	1474
58125767	1474
58125860	1474
58125954	1474
58126072	1474
58126202	1474
58126295	1474
58126387	1474
58126526	1474
58126656	1474
58126780	1474
58126874	1474
58126966	1474
58127092	1474
58127212	1474
58127306	1474
58925100	1474
58925302	1474
58925400	1474
58925494	1474
58925590	1474
58925710	1474
58925953	1474
58926055	1474
58926154	1474
58926275	1474
58926370	1474
58926464	1474
58926654	1474
58926792	1474
58926893	1474
58927015	1474
58927108	1474
59725279	1474
59725507	1474
59725640	1474
59725741	1474
59725885	1474
59726009	1474
59726107	1474
59726241	1474
59726340	1474
59726504	1474
59726685	1474
59726785	1474
59726892	1474
59727014	1474
59727118	1474
59727240	1474
59727389	1474
59727488	1474
60524962	1474
60525129	1474
60525245	1474
60525340	1474
60525437	1474
60525561	1474
60525693	1474
60525864	1474
60525986	1474
60526100	1474
60526200	1474
60526339	1474
60526461	1474
60526636	1474
60526766	1474
60526886	1474
60527007	1474
61326581	1474
61326759	1474
61326883	1474
61327015	1474
61327140	1474
61327258	1474
61327377	1474
61327476	1474
61327574	1474
61327693	1474
61327793	1474
61327917	1474
61328042	1474
61328154	1474
61328276	1474
61328386	1474
61328503	1474
61328601	1474
62124913	1474
62125073	1474
62125172	1474
62125350	1474
62125443	1474
62125545	1474
62125644	1474
62125761	1474
62125873	1474
62125997	1474
62126099	1474
62126207	1474
62126338	1474
62126451	1474
62126659	1474
62126776	1474
62126874	1474
62126991	1474
62925630	1474
62925848	1474
62925982	1474
62926109	1474
62926205	1474
62926299	1474
62926422	1474
62926645	1474
62926765	1474
62926861	1474
62926983	1474
62927105	1474
62927226	1474
62927346	1474
62927442	1474
62927537	1474
62927634	1474
62927730	1474
63725307	1474
63725561	1474
63725699	1474
63725820	1474
63725914	1474
63726011	1474
63726106	1474
63726225	1474
63726319	1474
63726442	1474
63726596	1474
63726739	1474
63726836	1474
63726956	1474
63727074	1474
63727168	1474
64527551	1474
64527874	1474
64527994	1474
64528137	1474
64528240	1474
64528360	1474
64528460	1474
64528554	1474
64528651	1474
64528771	1474
64528894	1474
64528992	1474
64529091	1474
64529226	1474
64529345	1474
64529445	1474
64529544	1474
64529668	1474
65324853	1474
65325043	1474
65325134	1474
65326440	1474
65326613	1474
65326725	1474
65326827	1474
65326944	1474
65327045	1474
65327147	1474
65327247	1474
65327349	1474
65327497	1474
65327596	1474
65327736	1474
65328002	1474
66125434	1474
66125676	1474
66125787	1474
66125901	1474
66126015	1474
66126113	1474
66126232	1474
66126329	1474
66126451	1474
66126644	1474
66126746	1474
66126889	1474
66127009	1474
66127131	1474
66127225	1474
66127346	1474
66127442	1474
66926630	1474
66926877	1474
66926992	1474
66927087	1474
66927258	1474
66927381	1474
66927517	1474
66927659	1474
66927756	1474
66927873	1474
66927991	1474
66928084	1474
66928177	1474
66928314	1474
66928410	1474
66928531	1474
66928646	1474
66928768	1474
67725302	1474
67725462	1474
67725678	1474
67725864	1474
67726064	1474
67726167	1474
67726261	1474
67726387	1474
67726513	1474
67726746	1474
67726895	1474
67727018	1474
67727162	1474
67727282	1474
67727374	1474
67727472	1474
67727567	1474
67727664	1474
68524930	1474
68525065	1474
68525278	1474
68525388	1474
68525613	1474
68525763	1474
68525987	1474
68526121	1474
68526248	1474
68526349	1474
68526522	1474
68526708	1474
68526805	1474
68526908	1474
68527007	1474
68527127	1474
68527248	1474
69324827	1474
69325019	1474
69325145	1474
69325236	1474
69325391	1474
69325494	1474
69325604	1474
69325710	1474
69325807	1474
69325935	1474
69326057	1474
69326179	1474
69326268	1474
69326377	1474
69326491	1474
69326696	1474
69326813	1474
69860440	1474
69860585	1474
69860725	1474
69860863	1474
69861001	1474
69861183	1474
69861332	1474
69861498	1474
69861637	1474
69861775	1474
69861914	1474
69862128	1474
69862305	1474
69862446	1474
69862582	1474
70660344	1474
70660514	1474
70660701	1474
70660894	1474
70661100	1474
70661239	1474
70661413	1474
70661576	1474
70661738	1474
70661898	1474
70662033	1474
70662169	1474
70662305	1474
70662453	1474
70662590	1474
70662799	1474
71461408	1474
71461551	1474
71461691	1474
71461893	1474
71462087	1474
71462311	1474
71462458	1474
71462595	1474
71462804	1474
71462964	1474
71463102	1474
71463240	1474
71463378	1474
71463527	1474
71463666	1474
71463803	1474
71463940	1474
72260565	1474
72260730	1474
72260893	1474
72261113	1474
72261331	1474
72261618	1474
72261761	1474
72261897	1474
72262059	1474
72262195	1474
72262356	1474
72262502	1474
72262687	1474
72262837	1474
72262975	1474
72263139	1474
72263276	1474
72263412	1474
73060039	1474
73060142	1474
73060243	1474
73060360	1474
73060482	1474
73060605	1474
73060723	1474
73060845	1474
73060966	1474
73061075	1474
73061174	1474
73061275	1474
73061375	1474
73061476	1474
73061616	1474
73061740	1474
73061865	1474
73061965	1474
74125010	1474
74125347	1474
74125454	1474
74125651	1474
74125751	1474
74125895	1474
74126000	1474
74126108	1474
74126230	1474
74126354	1474
74126452	1474
74126579	1474
74126768	1474
74126866	1474
74126968	1474
74127064	1474
74127195	1474
74127317	1474
74925157	1474
74925316	1474
74925411	1474
74925526	1474
74925644	1474
74925745	1474
74925845	1474
74925981	1474
74926084	1474
74926183	1474
74926298	1474
74926416	1474
74926536	1474
74926704	1474
74926834	1474
74926931	1474
74927023	1474
74927137	1474
75725432	1474
75725632	1474
75725821	1474
75726000	1474
75726140	1474
75726306	1474
75726471	1474
75726661	1474
75726850	1474
75727005	1474
75727172	1474
75727313	1474
75727478	1474
75727641	1474
75727820	1474
75727983	1474
75728121	1474
76525598	1474
76525962	1474
76526058	1474
76526181	1474
76526284	1474
76526382	1474
76526507	1474
76526672	1474
76526788	1474
76526907	1474
76527007	1474
76527152	1474
76527281	1474
76527381	1474
76527503	1474
76527624	1474
76527729	1474
77061232	1474
77061349	1474
77061448	1474
77061570	1474
77061675	1474
77061811	1474
77061907	1474
77062031	1474
77062157	1474
77062256	1474
77062358	1474
77062459	1474
77062770	1474
77062900	1474
77063031	1474
77063130	1474
77063233	1474
78124995	1474
78125297	1474
78125435	1474
78125560	1474
78125679	1474
78125836	1474
78126131	1474
78126231	1474
78126356	1474
78126518	1474
78126664	1474
78126846	1474
78126950	1474
78127074	1474
78127173	1474
78127297	1474
78127396	1474
78127506	1474
78926119	1474
78926420	1474
78926540	1474
78926712	1474
78926815	1474
78926924	1474
78927032	1474
78927158	1474
78927269	1474
78927366	1474
78927505	1474
78927602	1474
78927713	1474
78927828	1474
78927936	1474
78928032	1474
78928169	1474
78928266	1474
79725603	1474
79726019	1474
79726196	1474
79726364	1474
79726654	1474
79726832	1474
79727013	1474
79727155	1474
79727295	1474
79727458	1474
79727622	1474
79727761	1474
79727935	1474
79728074	1474
79728238	1474
79728402	1474
79728538	1474
79728676	1474
80525723	1474
80525962	1474
80526100	1474
80526212	1474
80526321	1474
80526446	1474
80526644	1474
80526774	1474
80526922	1474
80527058	1474
80527161	1474
80527259	1474
80527373	1474
80527471	1474
80527606	1474
80527728	1474
80527831	1474
80527972	1474
81325531	1474
81325674	1474
81325766	1474
81325889	1474
81325981	1474
81326090	1474
81326183	1474
81326276	1474
81326369	1474
81326461	1474
81326578	1474
81326837	1474
81326931	1474
81327034	1474
81327155	1474
81327246	1474
81327338	1474
81327457	1474
82125856	1474
82126129	1474
82126262	1474
82126390	1474
82126490	1474
82126619	1474
82126749	1474
82126842	1474
82126940	1474
82127074	1474
82127233	1474
82127359	1474
82127463	1474
82127605	1474
82127728	1474
82127828	1474
82127969	1474
82925143	1474
82925304	1474
82925587	1474
82925713	1474
82925858	1474
82926146	1474
82926254	1474
82926395	1474
82926519	1474
82926715	1474
82926814	1474
82926947	1474
82927062	1474
82927175	1474
82927276	1474
82927371	1474
82927513	1474
83725442	1474
83725690	1474
83725806	1474
83725924	1474
83726023	1474
83726175	1474
83726356	1474
83726450	1474
83726631	1474
83726737	1474
83726861	1474
83726974	1474
83727095	1474
83727211	1474
83727362	1474
83727463	1474
83727588	1474
83727712	1474
84525852	1474
84526256	1474
84526378	1474
84526468	1474
84526571	1474
84526739	1474
84526844	1474
84526946	1474
84527049	1474
84527145	1474
84527238	1474
84527343	1474
84527437	1474
84527535	1474
84527672	1474
84527792	1474
84527908	1474
84528047	1474
85325867	1474
85326161	1474
85326285	1474
85326431	1474
85326553	1474
85326699	1474
85326840	1474
85326964	1474
85327076	1474
85327198	1474
85327294	1474
85327400	1474
85327533	1474
85327678	1474
85327775	1474
85327886	1474
85328025	1474
86125884	1474
86126204	1474
86126326	1474
86126454	1474
86126610	1474
86126734	1474
86126867	1474
86126958	1474
86127056	1474
86127153	1474
86127251	1474
86127349	1474
86127485	1474
86127629	1474
86127724	1474
86127818	1474
86127932	1474
86925720	1474
86926034	1474
86926219	1474
86926418	1474
86926716	1474
86926873	1474
86927019	1474
86927158	1474
86927301	1474
86927441	1474
86927626	1474
86927768	1474
86927933	1474
86928079	1474
86928222	1474
86928361	1474
86928537	1474
86928676	1474
87726627	1474
87726935	1474
87727044	1474
87727143	1474
87727274	1474
87727372	1474
87727473	1474
87727602	1474
87727752	1474
87727849	1474
87727945	1474
87728063	1474
87728159	1474
87728269	1474
87728360	1474
87728455	1474
87728561	1474
88525210	1474
88525357	1474
88525473	1474
88525618	1474
88525749	1474
88525864	1474
88525975	1474
88526066	1474
88526159	1474
88526281	1474
88526405	1474
88526528	1474
88526706	1474
88526797	1474
88526933	1474
88527029	1474
89325378	1474
89325496	1474
89325600	1474
89325737	1474
89325840	1474
89325997	1474
89326249	1474
89326349	1474
89326468	1474
89326736	1474
89326873	1474
89326997	1474
89327098	1474
89327218	1474
89327316	1474
89327449	1474
89327557	1474
89327668	1474
90125592	1474
90125787	1474
90125897	1474
90125999	1474
90126122	1474
90126233	1474
90126352	1474
90126474	1474
90126679	1474
90126794	1474
90126918	1474
90127043	1474
90127147	1474
90127300	1474
90127399	1474
90127525	1474
90127624	1474
90925733	1474
90925866	1474
90926013	1474
90926193	1474
90926323	1474
90926598	1474
90926706	1474
90926852	1474
90926974	1474
90927102	1474
90927206	1474
90927311	1474
90927437	1474
90927544	1474
90927642	1474
90927741	1474
90927854	1474
91725251	1474
91725481	1474
91725592	1474
91725707	1474
91725843	1474
91725961	1474
91726073	1474
91726176	1474
91726314	1474
91726444	1474
91726592	1474
91726773	1474
91726944	1474
91727070	1474
91727171	1474
91727296	1474
91727396	1474
92526546	1474
92526694	1474
92526841	1474
92526950	1474
92527072	1474
92527166	1474
92527265	1474
92527357	1474
92527477	1474
92527582	1474
92527700	1474
92527818	1474
92527917	1474
92528037	1474
92528130	1474
92528248	1474
92528367	1474
93325593	1474
93325915	1474
93326060	1474
93326181	1474
93326279	1474
93326416	1474
93326947	1474
93327067	1474
93327209	1474
93327329	1474
93327431	1474
93327556	1474
93327672	1474
93327770	1474
93327862	1474
93327994	1474
93328116	1474
93328219	1474
94126778	1474
94127182	1474
94127308	1474
94127457	1474
94127579	1474
94127701	1474
94127847	1474
94127968	1474
94128124	1474
94128246	1474
94128389	1474
94128512	1474
94128655	1474
94128799	1474
94128940	1474
94129079	1474
94129201	1474
94129345	1474
94925927	1474
94926215	1474
94926380	1474
94926482	1474
94926587	1474
94926741	1474
94926839	1474
94926944	1474
94927055	1474
94927191	1474
94927308	1474
94927403	1474
94927524	1474
94927647	1474
94927746	1474
94927875	1474
94927974	1474
95725914	1474
95726338	1474
95726458	1474
95726713	1474
95726878	1474
95727128	1474
95727243	1474
95727349	1474
95727446	1474
95727555	1474
95727657	1474
95727782	1474
95727881	1474
95727995	1474
95728121	1474
95728245	1474
95728379	1474
95728479	1474
96525830	1474
96526143	1474
96526289	1474
96526388	1474
96526537	1474
96526863	1474
96526968	1474
96527094	1474
96527230	1474
96527445	1474
96527574	1474
96527703	1474
96527826	1474
96527938	1474
96528060	1474
96528198	1474
96528333	1474
97325965	1474
97326146	1474
97326264	1474
97326380	1474
97326480	1474
97326697	1474
97326797	1474
97326926	1474
97327049	1474
97327172	1474
97327311	1474
97327435	1474
97327558	1474
97327697	1474
97327841	1474
97327957	1474
98128097	1474
98128200	1474
98128299	1474
98128416	1474
98128520	1474
98128619	1474
98128731	1474
98128852	1474
98128977	1474
98129115	1474
98129214	1474
98129348	1474
98129475	1474
98129579	1474
98129704	1474
98129802	1474
98129903	1474
98929549	1474
98929679	1474
98929778	1474
98929879	1474
98929981	1474
98930080	1474
98930181	1474
98930306	1474
98930463	1474
98930622	1474
98930753	1474
98930903	1474
98931033	1474
98931157	1474
98931258	1474
98931359	1474
98931474	1474
98931576	1474
99727543	1474
99727673	1474
99727800	1474
99727941	1474
99728067	1474
99728220	1474
99728480	1474
99728598	1474
99728701	1474
99728826	1474
99728951	1474
99729053	1474
99729152	1474
99729255	1474
99729356	1474
99729454	1474
99729566	1474
100526199	1474
100526351	1474
100526501	1474
100526714	1474
100526839	1474
100526966	1474
100527226	1474
100527339	1474
100527697	1474
100527968	1474
100528086	1474
100528195	1474
100528319	1474
100528452	1474
100528566	1474
100528708	1474
100528821	1474
101328351	1474
101328493	1474
101328594	1474
101328733	1474
101328861	1474
101328959	1474
101329083	1474
101329198	1474
101329301	1474
101329426	1474
101329525	1474
101329626	1474
101329776	1474
101329896	1474
101329998	1474
101330098	1474
101330199	1474
101330300	1474
102127639	1474
102127819	1474
102127913	1474
102128028	1474
102128287	1474
102128417	1474
102128511	1474
102128633	1474
102128744	1474
102128870	1474
102128971	1474
102129069	1474
102129183	1474
102129310	1474
102129409	1474
102129535	1474
102129660	1474
102928431	1474
102928546	1474
102928650	1474
102928777	1474
102929059	1474
102929445	1474
102929552	1474
102929698	1474
102929808	1474
102929939	1474
102930065	1474
102930207	1474
102930310	1474
102930434	1474
102930552	1474
102930703	1474
102930839	1474
103728283	1474
103728404	1474
103728525	1474
103728645	1474
103728766	1474
103728893	1474
103728991	1474
103729110	1474
103729232	1474
103729350	1474
103729471	1474
103729564	1474
103729657	1474
103729753	1474
103729879	1474
103729979	1474
103730100	1474
103730220	1474
104529487	1474
104529628	1474
104529819	1474
104530050	1474
104530262	1474
104530402	1474
104530542	1474
104530734	1474
104530882	1474
104531047	1474
104531188	1474
104531435	1474
104531629	1474
104531799	1474
104532374	1474
104532575	1474
104532779	1474
104532955	1474
105328179	1474
105328287	1474
105328383	1474
105328508	1474
105328626	1474
105328921	1474
105329025	1474
105329167	1474
105329285	1474
105329408	1474
105329530	1474
105329651	1474
105329748	1474
105329856	1474
105329977	1474
105330079	1474
105330201	1474
105330324	1474
106129544	1474
106129691	1474
106129829	1474
106130054	1474
106130288	1474
106130489	1474
106130704	1474
106130878	1474
106131040	1474
106131265	1474
106131456	1474
106131767	1474
106132104	1474
106132274	1474
106132463	1474
106132694	1474
106132861	1474
106132996	1474
106928795	1474
106928940	1474
106929078	1474
106929353	1474
106929547	1474
106929776	1474
106929943	1474
106930081	1474
106930230	1474
106930372	1474
106930535	1474
106930749	1474
106930923	1474
106931158	1474
106931352	1474
106931659	1474
106931809	1474
106932054	1474
107993349	1474
107993582	1474
107993728	1474
107993906	1474
107994140	1474
107994391	1474
107994556	1474
107994748	1474
107994893	1474
107995035	1474
107995174	1474
107995360	1474
107995505	1474
107995670	1474
107995812	1474
107995950	1474
107996091	1474
107996247	1474
108793775	1474
108793972	1474
108794144	1474
108794329	1474
108794472	1474
108794665	1474
108794818	1474
108794962	1474
108795101	1474
108795287	1474
108795470	1474
108795616	1474
108795784	1474
108795922	1474
108796062	1474
108796201	1474
108796375	1474
108796544	1474
109595785	1474
109595958	1474
109596103	1474
109596362	1474
109596602	1474
109596795	1474
109596942	1474
109597083	1474
109597224	1474
109597365	1474
109597519	1474
109597661	1474
109597820	1474
109597990	1474
109598158	1474
109598297	1474
109598448	1474
109598619	1474
110395686	1474
110395854	1474
110396025	1474
110396227	1474
110396428	1474
110396797	1474
110396969	1474
110397159	1474
110397298	1474
110397442	1474
110397596	1474
110397765	1474
110397907	1474
110398071	1474
110398218	1474
110398361	1474
110398513	1474
110926204	1474
110926698	1474
110926794	1474
110926916	1474
110927011	1474
110927149	1474
110927277	1474
110927398	1474
110927518	1474
110927653	1474
110927765	1474
110927866	1474
110927988	1474
110928086	1474
110928204	1474
110928323	1474
111727690	1474
111727951	1474
111728124	1474
111728295	1474
111728535	1474
111728836	1474
111728973	1474
111729114	1474
111729278	1474
111729418	1474
111729559	1474
111729737	1474
111729903	1474
111730067	1474
111730231	1474
111730376	1474
111730515	1474
112526416	1474
112526745	1474
112526835	1474
112526927	1474
112527046	1474
112527139	1474
112527257	1474
112527377	1474
112527467	1474
112527560	1474
112527655	1474
112527786	1474
112527909	1474
112528002	1474
112528098	1474
112528190	1474
112528283	1474
113595826	1474
113595925	1474
113596015	1474
113596134	1474
113596254	1474
113596348	1474
113596559	1474
113596662	1474
113596760	1474
113596904	1474
113596997	1474
113597090	1474
113597206	1474
113597298	1474
113597394	1474
113597513	1474
113597603	1474
113597719	1474
114395233	1474
114395371	1474
114395506	1474
114395673	1474
114395863	1474
114396048	1474
114396184	1474
114396316	1474
114396475	1474
114396635	1474
114396789	1474
114396951	1474
114397100	1474
114397261	1474
114397420	1474
114397555	1474
114397689	1474
114397847	1474
115194928	1474
115195040	1474
115195159	1474
115195278	1474
115195397	1474
115195516	1474
115195636	1474
115195726	1474
115195840	1474
115195959	1474
115196090	1474
115196209	1474
115196327	1474
115196444	1474
115196536	1474
115196629	1474
115196721	1474
115196814	1474
115995202	1474
115995294	1474
115995385	1474
115995477	1474
115995570	1474
115995687	1474
115995779	1474
115995896	1474
115995989	1474
115996089	1474
115996183	1474
115996274	1474
115996391	1474
115996508	1474
115996601	1474
115996693	1474
115996784	1474
116794874	1474
116794974	1474
116795063	1474
116795192	1474
116795285	1474
116795399	1474
116795492	1474
116795579	1474
116795670	1474
116795786	1474
116795879	1474
116795977	1474
116796069	1474
116796201	1474
116796295	1474
116796387	1474
116796504	1474
117595171	1474
117595306	1474
117595426	1474
117595544	1474
117595663	1474
117595757	1474
117595908	1474
117596098	1474
117596226	1474
117596348	1474
117596442	1474
117596559	1474
117596652	1474
117596746	1474
117596862	1474
117596957	1474
117597073	1474
118396065	1474
118396228	1474
118396565	1474
118396758	1474
118396915	1474
118397077	1474
118397212	1474
118397355	1474
118397528	1474
118397709	1474
118397871	1474
118398031	1474
118398191	1474
118398359	1474
118398523	1474
118398767	1474
118398912	1474
118399112	1474
119195925	1474
119196068	1474
119196209	1474
119196474	1474
119196695	1474
119196914	1474
119197077	1474
119197217	1474
119197386	1474
119197553	1474
119197693	1474
119197856	1474
119197997	1474
119198161	1474
119198325	1474
119198477	1474
119198742	1474
119199125	1474
119995622	1474
119995726	1474
119995827	1474
119996013	1474
119996145	1474
119996320	1474
119996665	1474
119996779	1474
119996902	1474
119997007	1474
119997104	1474
119997228	1474
119997327	1474
119997449	1474
119997561	1474
119997661	1474
119997762	1474
119997888	1474
120793852	1474
120794106	1474
120794308	1474
120794429	1474
120794621	1474
120794752	1474
120794843	1474
120794949	1474
120795045	1474
120795144	1474
120795241	1474
120795340	1474
120795462	1474
120795670	1474
120795783	1474
120795906	1474
120796031	1474
120796159	1474
121595541	1474
121595746	1474
121595891	1474
121596000	1474
121596099	1474
121596198	1474
121596297	1474
121596420	1474
121596518	1474
121596616	1474
121596752	1474
121596851	1474
121596973	1474
121597071	1474
121597170	1474
121597295	1474
121597393	1474
121597491	1474
122395891	1474
122396012	1474
122396117	1474
122396258	1474
122396573	1474
122396679	1474
122396791	1474
122396919	1474
122397018	1474
122397142	1474
122397265	1474
122397363	1474
122397484	1474
122397582	1474
122397705	1474
122398092	1474
122398233	1474
122398333	1474
123193867	1474
123194021	1474
123194328	1474
123194428	1474
123194551	1474
123194690	1474
123194801	1474
123194897	1474
123195028	1474
123195148	1474
123195244	1474
123195340	1474
123195456	1474
123195548	1474
123195642	1474
123195734	1474
123995229	1474
123995324	1474
123995442	1474
123995536	1474
123995629	1474
123995723	1474
123995816	1474
123995947	1474
123996041	1474
123996134	1474
123996253	1474
123996346	1474
123996438	1474
123996531	1474
123996623	1474
123996771	1474
123996878	1474
123996997	1474
124795105	1474
124795195	1474
124795284	1474
124795376	1474
124795471	1474
124795671	1474
124795771	1474
124795861	1474
124795991	1474
124796195	1474
124796296	1474
124796390	1474
124796487	1474
124796580	1474
124796673	1474
124796767	1474
124796861	1474
125595604	1474
125595699	1474
125595795	1474
125595891	1474
125596008	1474
125596244	1474
125596370	1474
125596468	1474
125596561	1474
125596656	1474
125596773	1474
125596890	1474
125596983	1474
125597096	1474
125597214	1474
125597307	1474
125597424	1474
126395431	1474
126395525	1474
126395646	1474
126395764	1474
126395858	1474
126396067	1474
126396211	1474
126396306	1474
126396402	1474
126396520	1474
126396638	1474
126396732	1474
126396826	1474
126396920	1474
126397015	1474
126397116	1474
126397234	1474
126397352	1474
127195418	1474
127195527	1474
127195633	1474
127195716	1474
127195821	1474
127195925	1474
127196009	1474
127196089	1474
127196180	1474
127196264	1474
127196355	1474
127196446	1474
127196559	1474
127196665	1474
127196748	1474
127196848	1474
127196931	1474
127197036	1474
127996196	1474
127996332	1474
127996427	1474
127996526	1474
127996665	1474
127996924	1474
127997055	1474
127997163	1474
127997304	1474
127997419	1474
127997528	1474
127997640	1474
127997741	1474
127997852	1474
127997975	1474
127998078	1474
127998180	1474
128795790	1474
128795913	1474
128796050	1474
128796176	1474
128796286	1474
128796548	1474
128796678	1474
128796774	1474
128796876	1474
128797003	1474
128797104	1474
128797206	1474
128797306	1474
128797436	1474
128797566	1474
128797666	1474
128797780	1474
129595618	1474
129595730	1474
129595844	1474
129595942	1474
129596043	1474
129596140	1474
129596240	1474
129596364	1474
129596483	1474
129596620	1474
129596747	1474
129596872	1474
129596973	1474
129597096	1474
129597195	1474
129597322	1474
129597424	1474
129597557	1474
130660343	1474
130660603	1474
130660744	1474
130660839	1474
130660933	1474
130661029	1474
130661150	1474
130661326	1474
130661427	1474
130661523	1474
130661626	1474
130661749	1474
130661869	1474
130661990	1474
130662087	1474
130662178	1474
130662274	1474
130662380	1474
131459891	1474
131460181	1474
131460280	1474
131460373	1474
131460493	1474
131460587	1474
131460679	1474
131460788	1474
131460883	1474
131460976	1474
131461094	1474
131461188	1474
131461280	1474
131461397	1474
131461516	1474
131461644	1474
131461745	1474
131461865	1474
132260962	1474
132261259	1474
132261386	1474
132261481	1474
132261603	1474
132261699	1474
132261890	1474
132261983	1474
132262101	1474
132262222	1474
132262315	1474
132262411	1474
132262530	1474
132262684	1474
132262779	1474
132262893	1474
132262989	1474
132263084	1474
133060182	1474
133060439	1474
133060542	1474
133060629	1474
133060741	1474
133060855	1474
133060965	1474
133061086	1474
133061192	1474
133061301	1474
133061382	1474
133061515	1474
133061605	1474
133061705	1474
133061842	1474
133061952	1474
133062073	1474
133062178	1474
133860210	1474
133860496	1474
133860761	1474
133860866	1474
133861013	1474
133861150	1474
133861373	1474
133861491	1474
133861577	1474
133861667	1474
133861759	1474
133861848	1474
133861993	1474
133862108	1474
133862200	1474
133862324	1474
133862437	1474
133862548	1474
134660245	1474
134660529	1474
134660620	1474
134660750	1474
134660853	1474
134660965	1474
134661074	1474
134661179	1474
134661268	1474
134661394	1474
134661518	1474
134661630	1474
134661737	1474
134661822	1474
134661912	1474
134662016	1474
134662132	1474
134662253	1474
135459619	1474
135459835	1474
135460089	1474
135460225	1474
135460317	1474
135460430	1474
135460781	1474
135460901	1474
135460982	1474
135461068	1474
135461202	1474
135461340	1474
135461435	1474
135461549	1474
135461643	1474
135461737	1474
135461858	1474
136261982	1474
136262110	1474
136262212	1474
136262322	1474
136262433	1474
136262550	1474
136263030	1474
136263139	1474
136263397	1474
136263557	1474
136263680	1474
136263779	1474
136263903	1474
136264019	1474
136264164	1474
136264276	1474
136264384	1474
136264521	1474
137062755	1474
137062866	1474
137063032	1474
137063318	1474
137063438	1474
137063674	1474
137063777	1474
137063871	1474
137063996	1474
137064094	1474
137064386	1474
137064492	1474
137064614	1474
137064718	1474
137064829	1474
137064950	1474
137065047	1474
137861968	1474
137862096	1474
137862193	1474
137862314	1474
137862411	1474
137862548	1474
137862683	1474
137862834	1474
137862957	1474
137863082	1474
137863191	1474
137863292	1474
137863390	1474
137863537	1474
137863663	1474
137863786	1474
138661621	1474
138661744	1474
138661833	1474
138661928	1474
138662026	1474
138662123	1474
138662220	1474
138662319	1474
138662440	1474
138662674	1474
138662804	1474
138662931	1474
138663078	1474
138663174	1474
138663291	1474
138663410	1474
139462125	1474
139462271	1474
139462398	1474
139462498	1474
139462890	1474
139463025	1474
139463133	1474
139463279	1474
139463402	1474
139463528	1474
139463692	1474
139463820	1474
139463916	1474
139464104	1474
139464206	1474
139464335	1474
139464480	1474
139993487	1474
139994012	1474
139994126	1474
139994242	1474
139994363	1474
139994463	1474
139994621	1474
139994808	1474
139994956	1474
139995077	1474
139995193	1474
139995314	1474
139995411	1474
139995543	1474
139995665	1474
139995807	1474
140793360	1474
140793703	1474
140793915	1474
140794038	1474
140794165	1474
140794403	1474
140794508	1474
140794750	1474
140794859	1474
140794974	1474
140795071	1474
140795180	1474
140795301	1474
140795396	1474
140795493	1474
140795614	1474
140795749	1474
141594913	1474
141595202	1474
141595298	1474
141595390	1474
141595514	1474
141595602	1474
141595801	1474
141595938	1474
141596030	1474
141596145	1474
141596240	1474
141596428	1474
141596520	1474
141596637	1474
141596754	1474
141596843	1474
141596949	1474
142393057	1474
142393340	1474
142393462	1474
142393605	1474
142393701	1474
142393896	1474
142394002	1474
142394098	1474
142394283	1474
142394410	1474
142394529	1474
142394668	1474
142394765	1474
142394887	1474
142394993	1474
142395087	1474
142395177	1474
143194717	1474
143195005	1474
143195149	1474
143195266	1474
143195387	1474
143195511	1474
143195646	1474
143195766	1474
143195903	1474
143196025	1474
143196139	1474
143196239	1474
143196362	1474
143196450	1474
143196585	1474
143196794	1474
143196894	1474
143993615	1474
143993854	1474
143993957	1474
143994059	1474
143994210	1474
143994351	1474
143994477	1474
143994748	1474
143994874	1474
143995010	1474
143995153	1474
143995279	1474
143995379	1474
143995481	1474
143995582	1474
143995708	1474
143995808	1474
143995912	1474
144796459	1474
144796745	1474
144796871	1474
144796984	1474
144797093	1474
144797210	1474
144797340	1474
144797438	1474
144797541	1474
144797645	1474
144797754	1474
144797878	1474
144797997	1474
144798122	1474
144798261	1474
144798383	1474
144798530	1474
144798703	1474
145861587	1474
145861689	1474
145861808	1474
145861914	1474
145862033	1474
145862308	1474
145862458	1474
145862563	1474
145862735	1474
145862909	1474
145863017	1474
145863143	1474
145863275	1474
145863392	1474
145863495	1474
145863636	1474
145863750	1474
145863872	1474
146663111	1474
146663281	1474
146663421	1474
146663621	1474
146663820	1474
146664040	1474
146664182	1474
146664345	1474
146664508	1474
146664685	1474
146664822	1474
146664960	1474
146665098	1474
146665262	1474
146665423	1474
146665615	1474
146665757	1474
147461727	1474
147461857	1474
147461957	1474
147462077	1474
147462184	1474
147462555	1474
147462744	1474
147462927	1474
147463060	1474
147463184	1474
147463417	1474
147463525	1474
147463660	1474
147463786	1474
147463886	1474
147464011	1474
147464134	1474
147464234	1474
148262231	1474
148262356	1474
148262468	1474
148262697	1474
148263002	1474
148263106	1474
148263241	1474
148263356	1474
148263483	1474
148263594	1474
148263700	1474
148263814	1474
148263918	1474
148264016	1474
148264141	1474
148264238	1474
148264337	1474
148264461	1474
149061280	1474
149061380	1474
149061499	1474
149061613	1474
149061709	1474
149061840	1474
149061956	1474
149062057	1474
149062192	1474
149062316	1474
149062437	1474
149062631	1474
149062738	1474
149062843	1474
149063033	1474
149063199	1474
149592925	1474
149593099	1474
149593248	1474
149593372	1474
149593497	1474
149593623	1474
149593723	1474
149593823	1474
149593951	1474
149594056	1474
149594157	1474
149594287	1474
149594413	1474
149594557	1474
149594856	1474
149594990	1474
149595093	1474
150661367	1474
150661498	1474
150661622	1474
150661815	1474
150662105	1474
150662213	1474
150662341	1474
150662465	1474
150662622	1474
150662764	1474
150662884	1474
150663016	1474
150663158	1474
150663280	1474
150663402	1474
150663495	1474
150663617	1474
150663742	1474
151461480	1474
151461581	1474
151461696	1474
151461846	1474
151462104	1474
151462223	1474
151462328	1474
151462428	1474
151462552	1474
151462737	1474
151462839	1474
151462944	1474
151463052	1474
151463184	1474
151463299	1474
151463422	1474
151463539	1474
151992690	1474
151992881	1474
151993004	1474
151993140	1474
151993288	1474
151993414	1474
151993534	1474
151993659	1474
151993786	1474
151993931	1474
151994052	1474
151994184	1474
151994334	1474
151994458	1474
151994652	1474
151994782	1474
152794055	1474
152794153	1474
152794249	1474
152794378	1474
152794476	1474
152794746	1474
152794853	1474
152794949	1474
152795045	1474
152795143	1474
152795240	1474
152795341	1474
152795441	1474
152795562	1474
152795658	1474
152795755	1474
152795874	1474
152795969	1474
153859976	1474
153860254	1474
153860532	1474
153860641	1474
153860766	1474
153860961	1474
153861066	1474
153861160	1474
153861280	1474
153861399	1474
153861503	1474
153861599	1474
153861695	1474
153861813	1474
153861908	1474
153862028	1474
153862124	1474
153862248	1474
154659392	1474
154659604	1474
154659730	1474
154659824	1474
154659945	1474
154660036	1474
154660132	1474
154660254	1474
154660350	1474
154660441	1474
154660535	1474
154660648	1474
154660746	1474
154660868	1474
154660987	1474
154661082	1474
154661200	1474
154661320	1474
155459586	1474
155459748	1474
155459863	1474
155460001	1474
155460127	1474
155460223	1474
155460340	1474
155460459	1474
155460582	1474
155460723	1474
155460838	1474
155460936	1474
155461072	1474
155461192	1474
155461292	1474
155461407	1474
155461530	1474
155461661	1474
156260104	1474
156260259	1474
156260376	1474
156260499	1474
156260654	1474
156260771	1474
156261018	1474
156261159	1474
156261250	1474
156261413	1474
156261510	1474
156261611	1474
156261731	1474
156261852	1474
156261969	1474
156262090	1474
156262187	1474
157059578	1474
157059730	1474
157059861	1474
157060000	1474
157060257	1474
157060415	1474
157060658	1474
157060762	1474
157060888	1474
157061025	1474
157061123	1474
157061244	1474
157061366	1474
157061477	1474
157061582	1474
157061677	1474
157061794	1474
157061900	1474
157859358	1474
157859479	1474
157859608	1474
157859721	1474
157859872	1474
157860021	1474
157860267	1474
157860371	1474
157860478	1474
157860578	1474
157860675	1474
157860798	1474
157860920	1474
157861042	1474
157861165	1474
157861275	1474
157861373	1474
157861489	1474
158660316	1474
158660528	1474
158660630	1474
158660760	1474
158660874	1474
158661183	1474
158661287	1474
158661421	1474
158661517	1474
158661638	1474
158661729	1474
158661850	1474
158661971	1474
158662092	1474
158662205	1474
158662303	1474
158662423	1474
158662536	1474
159462587	1474
159462707	1474
159462916	1474
159463032	1474
159463215	1474
159463486	1474
159463591	1474
159463700	1474
159463843	1474
159463961	1474
159464084	1474
159464201	1474
159464339	1474
159464443	1474
159464543	1474
159464655	1474
159464867	1474
159464970	1474
160260041	1474
160260151	1474
160260347	1474
160260504	1474
160260735	1474
160260866	1474
160260992	1474
160261107	1474
160261205	1474
160261304	1474
160261417	1474
160261514	1474
160261629	1474
160261725	1474
160261843	1474
160261952	1474
160262074	1474
160262184	1474
161059475	1474
161059672	1474
161059773	1474
161059896	1474
161060008	1474
161060105	1474
161060231	1474
161060456	1474
161060578	1474
161060698	1474
161060787	1474
161060885	1474
161061005	1474
161061123	1474
161061240	1474
161061334	1474
161061453	1474
161061551	1474
161859601	1474
161859792	1474
161859921	1474
161860076	1474
161860170	1474
161860289	1474
161860419	1474
161860513	1474
161860623	1474
161860746	1474
161860837	1474
161860957	1474
161861045	1474
161861164	1474
161861300	1474
161861420	1474
161861562	1474
162659557	1474
162659819	1474
162659927	1474
162660081	1474
162660205	1474
162660533	1474
162660638	1474
162660778	1474
162661005	1474
162661132	1474
162661226	1474
162661339	1474
162661449	1474
162661546	1474
162661672	1474
162661770	1474
162661885	1474
163458986	1474
163459306	1474
163459440	1474
163459561	1474
163459670	1474
163459771	1474
163459918	1474
163460185	1474
163460331	1474
163460428	1474
163460552	1474
163460648	1474
163460789	1474
163460908	1474
163461031	1474
163461121	1474
163461245	1474
164259659	1474
164259936	1474
164260063	1474
164260182	1474
164260283	1474
164260473	1474
164260737	1474
164260833	1474
164260939	1474
164261039	1474
164261166	1474
164261289	1474
164261419	1474
164261543	1474
164261640	1474
164261759	1474
164261884	1474
164262008	1474
165326353	1474
165326812	1474
165326905	1474
165327023	1474
165327251	1474
165327392	1474
165327584	1474
165327713	1474
165327850	1474
165327948	1474
165328103	1474
165328201	1474
165328330	1474
165328453	1474
165328568	1474
165328736	1474
165328859	1474
165328950	1474
166126514	1474
166126801	1474
166126927	1474
166127014	1474
166127117	1474
166127230	1474
166127344	1474
166127459	1474
166127581	1474
166127713	1474
166127828	1474
166127950	1474
166128074	1474
166128197	1474
166128319	1474
166128440	1474
166128557	1474
166128680	1474
166928148	1474
166928453	1474
166928619	1474
166928737	1474
166928863	1474
166928989	1474
166929113	1474
166929316	1474
166929441	1474
166929583	1474
166929688	1474
166929808	1474
166929906	1474
166930029	1474
166930178	1474
166930282	1474
166930381	1474
166930533	1474
167726355	1474
167726642	1474
167726816	1474
167727072	1474
167727277	1474
167727475	1474
167727640	1474
167727821	1474
167727984	1474
167728127	1474
167728273	1474
167728416	1474
167728577	1474
167728720	1474
167728858	1474
167729024	1474
167729161	1474
168526652	1474
168526909	1474
168527053	1474
168527236	1474
168527459	1474
168527691	1474
168527858	1474
168527999	1474
168528139	1474
168528280	1474
168528426	1474
168528567	1474
168528729	1474
168528869	1474
168529008	1474
168529186	1474
168529329	1474
168529485	1474
169326009	1474
169326261	1474
169326423	1474
169326761	1474
169327003	1474
169327216	1474
169327371	1474
169327518	1474
169327681	1474
169327913	1474
169328075	1474
169328213	1474
169328348	1474
169328517	1474
169328679	1474
169328838	1474
169328974	1474
170126235	1474
170126480	1474
170126707	1474
170126896	1474
170127092	1474
170127338	1474
170127478	1474
170127647	1474
170127808	1474
170127943	1474
170128102	1474
170128238	1474
170128373	1474
170128531	1474
170128705	1474
170128866	1474
170129113	1474
170926271	1474
170926472	1474
170926692	1474
170926928	1474
170927122	1474
170927339	1474
170927477	1474
170927631	1474
170927779	1474
170927916	1474
170928054	1474
170928214	1474
170928351	1474
170928510	1474
170928668	1474
170928846	1474
170928981	1474
170929141	1474
171726769	1474
171727029	1474
171727170	1474
171727392	1474
171727610	1474
171727803	1474
171727959	1474
171728139	1474
171728277	1474
171728413	1474
171728551	1474
171728712	1474
171728880	1474
171729017	1474
171729152	1474
171729288	1474
171729448	1474
171729608	1474
172526035	1474
172526351	1474
172526545	1474
172526827	1474
172527037	1474
172527220	1474
172527361	1474
172527499	1474
172527662	1474
172527798	1474
172527942	1474
172528081	1474
172528220	1474
172528356	1474
172528519	1474
172528703	1474
172528843	1474
172528987	1474
173329915	1474
173330132	1474
173330276	1474
173330440	1474
173330653	1474
173330824	1474
173330962	1474
173331112	1474
173331281	1474
173331448	1474
173331591	1474
173331732	1474
173331873	1474
173332015	1474
173332194	1474
173332336	1474
173332479	1474
174125859	1474
174126098	1474
174126274	1474
174126446	1474
174126635	1474
174126806	1474
174126945	1474
174127113	1474
174127279	1474
174127421	1474
174127558	1474
174127724	1474
174127868	1474
174128005	1474
174128171	1474
174128324	1474
174128488	1474
174128655	1474
174928015	1474
174928218	1474
174928427	1474
174928710	1474
174928912	1474
174929194	1474
174929371	1474
174929514	1474
174929651	1474
174929814	1474
174929983	1474
174930151	1474
174930291	1474
174930444	1474
174930581	1474
174930829	1474
174931048	1474
174931199	1474
175725966	1474
175726092	1474
175726214	1474
175726347	1474
175726700	1474
175726811	1474
175726937	1474
175727065	1474
175727188	1474
175727313	1474
175727426	1474
175727566	1474
175727676	1474
175727821	1474
175727923	1474
175728041	1474
175728150	1474
175728249	1474
176792744	1474
176792900	1474
176793071	1474
176793266	1474
176793482	1474
176793831	1474
176794001	1474
176794180	1474
176794345	1474
176794509	1474
176794798	1474
176794969	1474
176795111	1474
176795253	1474
176795418	1474
176795555	1474
176795737	1474
176795877	1474
177592425	1474
177592610	1474
177592758	1474
177592902	1474
177593043	1474
177593180	1474
177593350	1474
177593490	1474
177593633	1474
177593806	1474
177593951	1474
177594090	1474
177594255	1474
177594395	1474
177594538	1474
177594761	1474
177594930	1474
177595099	1474
178392604	1474
178392787	1474
178392941	1474
178393079	1474
178393257	1474
178393451	1474
178393757	1474
178393913	1474
178394050	1474
178394185	1474
178394346	1474
178394508	1474
178394693	1474
178394868	1474
178395054	1474
178395219	1474
178395381	1474
178395518	1474
179192794	1474
179193118	1474
179193261	1474
179193490	1474
179193706	1474
179193975	1474
179194116	1474
179194252	1474
179194414	1474
179194550	1474
179194738	1474
179194883	1474
179195036	1474
179195172	1474
179195335	1474
179195471	1474
179195609	1474
179992703	1474
179993018	1474
179993187	1474
179993368	1474
179993588	1474
179993792	1474
179993959	1474
179994112	1474
179994249	1474
179994408	1474
179994557	1474
179994773	1474
179994919	1474
179995096	1474
179995235	1474
179995373	1474
179995511	1474
179995650	1474
180793950	1474
180794327	1474
180794474	1474
180794779	1474
180794973	1474
180795209	1474
180795378	1474
180795520	1474
180795660	1474
180795799	1474
180795962	1474
180796101	1474
180796280	1474
180796443	1474
180796582	1474
180796720	1474
180796858	1474
180797020	1474
181592746	1474
181593008	1474
181593307	1474
181593409	1474
181593543	1474
181593743	1474
181593872	1474
181593969	1474
181594061	1474
181594188	1474
181594321	1474
181594502	1474
181594634	1474
181594741	1474
181594863	1474
181594999	1474
181595121	1474
181595251	1474
182396872	1474
182397231	1474
182397326	1474
182397442	1474
182397565	1474
182397696	1474
182397796	1474
182397894	1474
182398029	1474
182398147	1474
182398247	1474
182398386	1474
182398532	1474
182398718	1474
182398843	1474
182398943	1474
182399065	1474
182399207	1474
183192549	1474
183193105	1474
183193201	1474
183193320	1474
183193443	1474
183193556	1474
183193696	1474
183193821	1474
183193918	1474
183194033	1474
183194131	1474
183194228	1474
183194356	1474
183194455	1474
183194603	1474
183194765	1474
183194892	1474
183195016	1474
183996968	1474
183997130	1474
183997227	1474
183997328	1474
183997471	1474
183997597	1474
183997692	1474
183997869	1474
183998007	1474
183998102	1474
183998221	1474
183998347	1474
183998475	1474
183998682	1474
183998792	1474
183998915	1474
183999038	1474
183999147	1474
185059882	1474
185060071	1474
185060174	1474
185060268	1474
185060393	1474
185060508	1474
185060631	1474
185060749	1474
185060846	1474
185060962	1474
185061087	1474
185061212	1474
185061312	1474
185061411	1474
185061538	1474
185061642	1474
185061741	1474
185061880	1474
185859467	1474
185859754	1474
185859872	1474
185859976	1474
185860112	1474
185860206	1474
185860315	1474
185860449	1474
185860537	1474
185860675	1474
185860773	1474
185860910	1474
185861044	1474
185861142	1474
185861236	1474
185861332	1474
185861475	1474
185861598	1474
186661145	1474
186661271	1474
186661386	1474
186661543	1474
186661675	1474
186661912	1474
186662017	1474
186662119	1474
186662245	1474
186662345	1474
186662485	1474
186662650	1474
186662755	1474
186662901	1474
186663249	1474
186663414	1474
186663539	1474
186663662	1474
187461586	1474
187461721	1474
187461841	1474
187461977	1474
187462098	1474
187462263	1474
187462370	1474
187462469	1474
187462624	1474
187462790	1474
187462915	1474
187463044	1474
187463142	1474
187463258	1474
187463360	1474
187463458	1474
187463576	1474
188261228	1474
188261329	1474
188261467	1474
188261575	1474
188261673	1474
188261773	1474
188261877	1474
188262003	1474
188262108	1474
188262208	1474
188262339	1474
188262466	1474
188262593	1474
188262815	1474
188262918	1474
188263035	1474
188263133	1474
188263259	1474
189061969	1474
189062097	1474
189062240	1474
189062347	1474
189062490	1474
189062630	1474
189063077	1474
189063186	1474
189063303	1474
189063441	1474
189063551	1474
189063651	1474
189063779	1474
189063937	1474
189064046	1474
189064151	1474
189064258	1474
189064361	1474
189861676	1474
189861777	1474
189861893	1474
189861989	1474
189862142	1474
189862394	1474
189862494	1474
189862848	1474
189862990	1474
189863119	1474
189863229	1474
189863354	1474
189863498	1474
189863609	1474
189863737	1474
189863882	1474
189863981	1474
189864085	1474
190661697	1474
190661815	1474
190661916	1474
190662061	1474
190662192	1474
190662439	1474
190662592	1474
190662695	1474
190662836	1474
190663043	1474
190663152	1474
190663288	1474
190663392	1474
190663521	1474
190663622	1474
190663715	1474
190663907	1474
190664055	1474
191461915	1474
191462048	1474
191462149	1474
191462249	1474
191462376	1474
191462568	1474
191462757	1474
191462868	1474
191462976	1474
191463091	1474
191463200	1474
191463325	1474
191463440	1474
191463566	1474
191463665	1474
191463765	1474
191463917	1474
192261871	1474
192262009	1474
192262109	1474
192262222	1474
192262321	1474
192262427	1474
192262527	1474
192262758	1474
192262857	1474
192262986	1474
192263111	1474
192263226	1474
192263351	1474
192263442	1474
192263573	1474
192263701	1474
193061925	1474
193062022	1474
193062128	1474
193062252	1474
193062377	1474
193062502	1474
193062715	1474
193062873	1474
193062999	1474
193063106	1474
193063206	1474
193063309	1474
193063417	1474
193063518	1474
193063610	1474
193063704	1474
193063839	1474
193861960	1474
193862074	1474
193862223	1474
193862350	1474
193862462	1474
193862644	1474
193862758	1474
193862858	1474
193862956	1474
193863074	1474
193863209	1474
193863303	1474
193863429	1474
193863564	1474
193863715	1474
193863836	1474
193863958	1474
193864078	1474
194661910	1474
194662050	1474
194662191	1474
194662441	1474
194662666	1474
194662821	1474
194662992	1474
194663155	1474
194663338	1474
194663477	1474
194663642	1474
194663804	1474
194663942	1474
194664107	1474
194664248	1474
194664402	1474
194664586	1474
195462122	1474
195462265	1474
195462412	1474
195462720	1474
195462922	1474
195463096	1474
195463264	1474
195463433	1474
195463601	1474
195463739	1474
195463899	1474
195464036	1474
195464176	1474
195464314	1474
195464487	1474
195464649	1474
195464811	1474
195464977	1474
196261869	1474
196262010	1474
196262153	1474
196262289	1474
196262431	1474
196262610	1474
196262828	1474
196263002	1474
196263169	1474
196263307	1474
196263446	1474
196263626	1474
196263769	1474
196263929	1474
196264069	1474
196264230	1474
196264373	1474
196264542	1474
197062131	1474
197062296	1474
197062432	1474
197062686	1474
197062857	1474
197063024	1474
197063162	1474
197063297	1474
197063437	1474
197063599	1474
197063749	1474
197063887	1474
197064022	1474
197064185	1474
197064344	1474
197064483	1474
197064654	1474
197064817	1474
197862418	1474
197862564	1474
197862870	1474
197863074	1474
197863332	1474
197863496	1474
197863664	1474
197863875	1474
197864013	1474
197864176	1474
197864314	1474
197864452	1474
197864590	1474
197864753	1474
197864930	1474
197865073	1474
197865236	1474
198662718	1474
198662887	1474
198663072	1474
198663293	1474
198663512	1474
198663737	1474
198663901	1474
198664053	1474
198664189	1474
198664355	1474
198664516	1474
198664681	1474
198664822	1474
198665016	1474
198665157	1474
198665299	1474
198665464	1474
198665611	1474
199462678	1474
199462824	1474
199463009	1474
199463253	1474
199463417	1474
199463582	1474
199463718	1474
199463859	1474
199463997	1474
199464155	1474
199464318	1474
199464458	1474
199464622	1474
199464762	1474
199464898	1474
199465037	1474
199465183	1474
200262198	1474
200262375	1474
200262539	1474
200262905	1474
200263169	1474
200263347	1474
200263513	1474
200263654	1474
200263824	1474
200263988	1474
200264139	1474
200264281	1474
200264420	1474
200264587	1474
200264727	1474
200264866	1474
200265030	1474
200265184	1474
201329086	1474
201329229	1474
201329376	1474
201329511	1474
201329652	1474
201329815	1474
201329955	1474
201330115	1474
201330261	1474
201330418	1474
201330563	1474
201330775	1474
201330961	1474
201331129	1474
201331274	1474
201331428	1474
201331593	1474
201331824	1474
202129054	1474
202129183	1474
202129281	1474
202129382	1474
202129523	1474
202129633	1474
202129754	1474
202129846	1474
202129942	1474
202130040	1474
202130165	1474
202130275	1474
202130401	1474
202130553	1474
202130729	1474
202130879	1474
202130993	1474
202662017	1474
202662235	1474
202663845	1474
202664023	1474
202664253	1474
202664747	1474
202664938	1474
202665377	1474
202665884	1474
202666207	1474
202666580	1474
202669744	1474
202670049	1474
202670502	1474
202671034	1474
202671554	1474
202671910	1474
203460033	1474
203460217	1474
203460340	1474
203460435	1474
203460540	1474
203460738	1474
203460868	1474
203461067	1474
203461166	1474
203461258	1474
203461351	1474
203461468	1474
203461560	1474
203461684	1474
203461804	1474
203461897	1474
203461990	1474
204260146	1474
204260478	1474
204260609	1474
204260868	1474
204260974	1474
204261144	1474
204261259	1474
204261483	1474
204261572	1474
204261695	1474
204261817	1474
204261916	1474
204262056	1474
204262156	1474
204262281	1474
204262378	1474
204262476	1474
205059789	1474
205059980	1474
205060087	1474
205060216	1474
205060340	1474
205060575	1474
205060702	1474
205060795	1474
205060917	1474
205061200	1474
205061303	1474
205061439	1474
205061564	1474
205061686	1474
205061785	1474
205061901	1474
205062000	1474
205859836	1474
205860011	1474
205860126	1474
205860245	1474
205860369	1474
205860479	1474
205860595	1474
205860693	1474
205860832	1474
205860931	1474
205861035	1474
205861259	1474
205861346	1474
205861462	1474
205861561	1474
205861659	1474
205861783	1474
206660735	1474
206660965	1474
206661066	1474
206661164	1474
206661367	1474
206661635	1474
206661741	1474
206661872	1474
206661998	1474
206662096	1474
206662194	1474
206662331	1474
206662464	1474
206662635	1474
206662737	1474
206662902	1474
206663022	1474
206663145	1474
207460263	1474
207460390	1474
207460538	1474
207460653	1474
207460768	1474
207460920	1474
207461137	1474
207461264	1474
207461370	1474
207461494	1474
207461609	1474
207461759	1474
207461857	1474
207461982	1474
207462106	1474
207462234	1474
207462359	1474
208260394	1474
208260652	1474
208260756	1474
208260852	1474
208260953	1474
208261182	1474
208261285	1474
208261383	1474
208261478	1474
208261589	1474
208261711	1474
208261833	1474
208261927	1474
208262049	1474
208262148	1474
208262268	1474
208262364	1474
208262522	1474
209329314	1474
209329435	1474
209329553	1474
209329679	1474
209329774	1474
209329893	1474
209329983	1474
209330076	1474
209330171	1474
209330266	1474
209330383	1474
209330479	1474
209330611	1474
209330742	1474
209330865	1474
209330983	1474
209331103	1474
209331199	1474
210128943	1474
210129067	1474
210129154	1474
210129273	1474
210129396	1474
210129516	1474
210129609	1474
210129704	1474
210129831	1474
210129950	1474
210130070	1474
210130162	1474
210130256	1474
210130376	1474
210130470	1474
210130727	1474
210130841	1474
210130960	1474
210928613	1474
210928707	1474
210928824	1474
210928944	1474
210929065	1474
210929155	1474
210929370	1474
210929499	1474
210929619	1474
210929714	1474
210929808	1474
210929902	1474
210930036	1474
210930157	1474
210930252	1474
210930347	1474
210930464	1474
210930624	1474
211729346	1474
211729443	1474
211729562	1474
211729659	1474
211729781	1474
211729905	1474
211729992	1474
211730092	1474
211730218	1474
211730313	1474
211730405	1474
211730546	1474
211730704	1474
211730831	1474
211730932	1474
211731027	1474
211731138	1474
212528679	1474
212528777	1474
212528877	1474
212528973	1474
212529071	1474
212529240	1474
212529429	1474
212529548	1474
212529642	1474
212529762	1474
212529865	1474
212529984	1474
212530102	1474
212530230	1474
212530327	1474
212530421	1474
212530540	1474
212530696	1474
213328576	1474
213328701	1474
213328825	1474
213328952	1474
213329081	1474
213329308	1474
213329449	1474
213329572	1474
213329690	1474
213329781	1474
213329877	1474
213329994	1474
213330111	1474
213330204	1474
213330322	1474
213330428	1474
213330583	1474
213330710	1474
214126977	1474
214127233	1474
214127429	1474
214127543	1474
214127664	1474
214127757	1474
214127986	1474
214128113	1474
214128208	1474
214128328	1474
214128448	1474
214128581	1474
214128678	1474
214128795	1474
214128893	1474
214129013	1474
214129101	1474
214928233	1474
214928353	1474
214928448	1474
214928569	1474
214928680	1474
214928801	1474
214928924	1474
214929019	1474
214929114	1474
214929210	1474
214929306	1474
214929402	1474
214929497	1474
214929622	1474
214929745	1474
214929865	1474
214929984	1474
215728839	1474
215728935	1474
215729029	1474
215729126	1474
215729221	1474
215729317	1474
215729412	1474
215729507	1474
215729627	1474
215729722	1474
215729853	1474
215729949	1474
215730069	1474
215730190	1474
215730285	1474
215730380	1474
215730476	1474
215730602	1474
216529255	1474
216529352	1474
216529447	1474
216529597	1474
216529726	1474
216529962	1474
216530092	1474
216530186	1474
216530281	1474
216530376	1474
216530496	1474
216530670	1474
216530793	1474
216530933	1474
216531028	1474
216531126	1474
216531223	1474
217326776	1474
217326983	1474
217327119	1474
217327216	1474
217327311	1474
217327431	1474
217327553	1474
217327790	1474
217327920	1474
217328022	1474
217328141	1474
217328239	1474
217328335	1474
217328429	1474
217328528	1474
217328648	1474
217328742	1474
218128397	1474
218128498	1474
218128619	1474
218128737	1474
218128855	1474
218128947	1474
218129040	1474
218129143	1474
218129240	1474
218129335	1474
218129431	1474
218129550	1474
218129642	1474
218129736	1474
218129833	1474
218129927	1474
218928514	1474
218928608	1474
218928726	1474
218928819	1474
218928937	1474
218929031	1474
218929244	1474
218929385	1474
218929480	1474
218929579	1474
218929676	1474
218929767	1474
218929885	1474
218930003	1474
218930123	1474
218930218	1474
218930355	1474
218930477	1474
219728851	1474
219728948	1474
219729042	1474
219729138	1474
219729234	1474
219729329	1474
219729424	1474
219729544	1474
219729632	1474
219729723	1474
219729812	1474
219729903	1474
219729997	1474
219730117	1474
219730212	1474
219730305	1474
219730398	1474
219730548	1474
220529526	1474
220529666	1474
220529804	1474
220530005	1474
220530239	1474
220530410	1474
220530558	1474
220530767	1474
220530935	1474
220531073	1474
220531211	1474
220531348	1474
220531521	1474
220531660	1474
220531823	1474
220531985	1474
220532125	1474
220532264	1474
221328383	1474
221328480	1474
221328596	1474
221328694	1474
221328789	1474
221328914	1474
221329006	1474
221329102	1474
221329195	1474
221329290	1474
221329408	1474
221329526	1474
221329617	1474
221329717	1474
221329835	1474
221329930	1474
221330027	1474
221330143	1474
222128115	1474
222128426	1474
222128515	1474
222128605	1474
222128699	1474
222128815	1474
222128919	1474
222129012	1474
222129103	1474
222129215	1474
222129305	1474
222129424	1474
222129512	1474
222129629	1474
222129726	1474
222129893	1474
222129989	1474
222928675	1474
222928774	1474
222928869	1474
222928978	1474
222929076	1474
222929174	1474
222929320	1474
222929596	1474
222929700	1474
222929822	1474
222929919	1474
222930029	1474
222930149	1474
222930272	1474
222930395	1474
222930539	1474
222930680	1474
223727630	1474
223727883	1474
223728009	1474
223728146	1474
223728245	1474
223728341	1474
223728459	1474
223728578	1474
223728698	1474
223728796	1474
223728889	1474
223728983	1474
223729076	1474
223729213	1474
223729307	1474
223729403	1474
223729523	1474
224527035	1474
224527289	1474
224527386	1474
224527506	1474
224527602	1474
224527723	1474
224527819	1474
224527939	1474
224528034	1474
224528132	1474
224528238	1474
224528334	1474
224528429	1474
224528519	1474
224528613	1474
224528708	1474
224528802	1474
225327145	1474
225327421	1474
225327544	1474
225327682	1474
225327799	1474
225327923	1474
225328029	1474
225328153	1474
225328279	1474
225328433	1474
225328530	1474
225328638	1474
225328762	1474
225328873	1474
225328988	1474
225329110	1474
225329234	1474
226128088	1474
226128272	1474
226128382	1474
226128488	1474
226128599	1474
226128710	1474
226128797	1474
226128887	1474
226128969	1474
226129054	1474
226129146	1474
226129226	1474
226129311	1474
226129421	1474
226129565	1474
226129653	1474
226129763	1474
226129850	1474
226927555	1474
226927753	1474
226927868	1474
226927968	1474
226928071	1474
226928162	1474
226928256	1474
226928368	1474
226928497	1474
226928637	1474
226928755	1474
226928858	1474
226928949	1474
226929037	1474
226929152	1474
226929251	1474
227727585	1474
227727856	1474
227727947	1474
227728070	1474
227728185	1474
227728308	1474
227728400	1474
227728557	1474
227728680	1474
227728786	1474
227728886	1474
227729006	1474
227729115	1474
227729207	1474
227729328	1474
227729465	1474
227729590	1474
227729699	1474
228528120	1474
228528354	1474
228528550	1474
228528646	1474
228528764	1474
228528881	1474
228529085	1474
228529187	1474
228529281	1474
228529400	1474
228529493	1474
228529587	1474
228529679	1474
228529796	1474
228529889	1474
228530019	1474
228530112	1474
228530203	1474
229062394	1474
229062554	1474
229062723	1474
229062817	1474
229062911	1474
229063013	1474
229063133	1474
229063227	1474
229063345	1474
229063464	1474
229063558	1474
229063651	1474
229063768	1474
229063861	1474
229063954	1474
229862054	1474
229862148	1474
229862281	1474
229862376	1474
229862496	1474
229862933	1474
229863119	1474
229863223	1474
229863318	1474
229863416	1474
229863505	1474
229863623	1474
229863739	1474
229863832	1474
229863924	1474
229864053	1474
230662804	1474
230662912	1474
230663012	1474
230663129	1474
230663421	1474
230663553	1474
230663679	1474
230663777	1474
230663876	1474
230664001	1474
230664123	1474
230664265	1474
230664364	1474
230664479	1474
230664602	1474
230664703	1474
230664825	1474
231463028	1474
231463160	1474
231463262	1474
231463451	1474
231463666	1474
231463894	1474
231464025	1474
231464133	1474
231464231	1474
231464473	1474
231464591	1474
231464704	1474
231464805	1474
231464929	1474
231465052	1474
231465191	1474
231465327	1474
232263881	1474
232264004	1474
232264141	1474
232264285	1474
232264415	1474
232264784	1474
232264890	1474
232265264	1474
232265396	1474
232265516	1474
232265637	1474
232265758	1474
232265854	1474
232265975	1474
232266079	1474
232266212	1474
232266312	1474
233061322	1474
233061572	1474
233061668	1474
233061793	1474
233061906	1474
233062007	1474
233062134	1474
233062247	1474
233062373	1474
233062484	1474
233062641	1474
233062894	1474
233063013	1474
233063149	1474
233063251	1474
233063364	1474
233863782	1474
233863882	1474
233864005	1474
233864129	1474
233864262	1474
233864382	1474
233864483	1474
233864606	1474
233864703	1474
233864802	1474
233864915	1474
233865057	1474
233865181	1474
233865282	1474
233865408	1474
233865534	1474
233865659	1474
234662890	1474
234663003	1474
234663155	1474
234663286	1474
234663533	1474
234663662	1474
234663778	1474
234663890	1474
234663990	1474
234664121	1474
234664237	1474
234664362	1474
234664486	1474
234664600	1474
234664726	1474
234664849	1474
234664994	1474
234665103	1474
235463777	1474
235463913	1474
235464048	1474
235464171	1474
235464280	1474
235464504	1474
235464635	1474
235464762	1474
235464860	1474
235464960	1474
235465061	1474
235465160	1474
235465265	1474
235465403	1474
235465500	1474
235465633	1474
235465734	1474
235465833	1474
236262821	1474
236262948	1474
236263050	1474
236263140	1474
236263256	1474
236263385	1474
236263616	1474
236263743	1474
236263841	1474
236263935	1474
236264058	1474
236264153	1474
236264272	1474
236264379	1474
236264501	1474
236264624	1474
236264721	1474
237063105	1474
237063227	1474
237063319	1474
237063447	1474
237063544	1474
237063639	1474
237063733	1474
237063827	1474
237063919	1474
237064013	1474
237064132	1474
237064226	1474
237064321	1474
237064448	1474
237064569	1474
237064664	1474
237064785	1474
237064879	1474
237863953	1474
237864074	1474
237864194	1474
237864291	1474
237864503	1474
237864620	1474
237864720	1474
237864817	1474
237864936	1474
237865058	1474
237865155	1474
237865249	1474
237865368	1474
237865463	1474
237865592	1474
237865689	1474
237865808	1474
237865904	1474
238663672	1474
238663808	1474
238663926	1474
238664074	1474
238664171	1474
238664292	1474
238664464	1474
238664560	1474
238664680	1474
238664790	1474
238664884	1474
238664977	1474
238665072	1474
238665166	1474
238665285	1474
238665403	1474
238665506	1474
238665602	1474
239730883	1474
239731136	1474
239731257	1474
239731380	1474
239731476	1474
239731565	1474
239731678	1474
239731796	1474
239731891	1474
239732000	1474
239732122	1474
239732216	1474
239732312	1474
239732433	1474
239732527	1474
239732619	1474
239732738	1474
239732833	1474
240531857	1474
240531961	1474
240532066	1474
240532313	1474
240532444	1474
240532794	1474
240532898	1474
240533006	1474
240533121	1474
240533219	1474
240533331	1474
240533454	1474
240533565	1474
240533678	1474
240533801	1474
240533913	1474
240534026	1474
241327785	1474
241328155	1474
241328275	1474
241328461	1474
241328581	1474
241328833	1474
241328940	1474
241329255	1474
241329387	1474
241329481	1474
241329586	1474
241329685	1474
241329813	1474
241329924	1474
241330028	1474
241330130	1474
241330343	1474
241864486	1474
241864803	1474
241864903	1474
241865026	1474
241865143	1474
241865268	1474
241865406	1474
241865519	1474
241865618	1474
241865747	1474
241865856	1474
241865995	1474
241866092	1474
241866188	1474
241866301	1474
241866426	1474
241866578	1474
242661958	1474
242662226	1474
242662369	1474
242662504	1474
242662675	1474
242662788	1474
242662895	1474
242662993	1474
242663092	1474
242663212	1474
242663311	1474
242663443	1474
242663538	1474
242663637	1474
242663757	1474
242663884	1474
243461896	1474
243462183	1474
243462314	1474
243462468	1474
243462693	1474
243462781	1474
243462877	1474
243462992	1474
243463089	1474
243463217	1474
243463340	1474
243463453	1474
243463561	1474
243463672	1474
243463777	1474
243463869	1474
243463964	1474
243464079	1474
244262109	1474
244262340	1474
244262468	1474
244262720	1474
244262989	1474
244263092	1474
244263206	1474
244263331	1474
244263427	1474
244263534	1474
244263646	1474
244263779	1474
244263899	1474
244264027	1474
244264150	1474
244264286	1474
244264406	1474
245062054	1474
245062266	1474
245062376	1474
245062501	1474
245062756	1474
245062906	1474
245063212	1474
245063315	1474
245063409	1474
245063506	1474
245063605	1474
245063702	1474
245063822	1474
245063950	1474
245064092	1474
245064215	1474
245064336	1474
245861738	1474
245862147	1474
245862240	1474
245862360	1474
245862457	1474
245862609	1474
245862791	1474
245862895	1474
245862994	1474
245863200	1474
245863330	1474
245863452	1474
245863564	1474
245863683	1474
245863781	1474
245863869	1474
246661583	1474
246661804	1474
246662232	1474
246662333	1474
246662470	1474
246662592	1474
246662732	1474
246662859	1474
246662975	1474
246663068	1474
246663195	1474
246663316	1474
246663407	1474
246663504	1474
246663619	1474
246663717	1474
246663837	1474
246663926	1474
247461163	1474
247461422	1474
247461673	1474
247461808	1474
247461949	1474
247462077	1474
247462421	1474
247462753	1474
247462855	1474
247462943	1474
247463048	1474
247463171	1474
247463269	1474
247463381	1474
247463503	1474
247463641	1474
247463764	1474
248263720	1474
248263919	1474
248264021	1474
248264150	1474
248264262	1474
248264377	1474
248264494	1474
248264617	1474
248264706	1474
248264816	1474
248264915	1474
248265035	1474
248265160	1474
248265282	1474
248265416	1474
248265535	1474
249066270	1474
249066420	1474
249066700	1474
249066803	1474
249066915	1474
249067054	1474
249067185	1474
249067302	1474
249067424	1474
249067540	1474
249067651	1474
249067749	1474
249067846	1474
249067972	1474
249068074	1474
249068171	1474
249068287	1474
249864125	1474
249864354	1474
249864606	1474
249864706	1474
249864804	1474
249864927	1474
249865027	1474
249865149	1474
249865247	1474
249865347	1474
249865446	1474
249865567	1474
249865662	1474
249865791	1474
249865911	1474
249866031	1474
249866129	1474
249866226	1474
250662674	1474
250662920	1474
250663350	1474
250663469	1474
250663710	1474
250663813	1474
250663944	1474
250664080	1474
250664271	1474
250664371	1474
250664467	1474
250664584	1474
250664705	1474
250664794	1474
250664930	1474
250665039	1474
250665175	1474
251462051	1474
251462291	1474
251462513	1474
251462639	1474
251462810	1474
251462934	1474
251463030	1474
251463180	1474
251463294	1474
251463414	1474
251463549	1474
251463643	1474
251463741	1474
251463857	1474
251463972	1474
251464309	1474
251464465	1474
252265481	1474
252265732	1474
252265963	1474
252266088	1474
252266239	1474
252266523	1474
252266681	1474
252266807	1474
252266949	1474
252267047	1474
252267171	1474
252267346	1474
252267487	1474
252267618	1474
252267715	1474
252267863	1474
252267959	1474
252268068	1474
253062237	1474
253062567	1474
253062911	1474
253063065	1474
253063295	1474
253063406	1474
253063499	1474
253063621	1474
253063747	1474
253063873	1474
253063971	1474
253064071	1474
253064185	1474
253064283	1474
253064415	1474
253064542	1474
253064675	1474
253862095	1474
253862325	1474
253862682	1474
253862809	1474
253862962	1474
253863165	1474
253863268	1474
253863365	1474
253863465	1474
253863586	1474
253863683	1474
253863805	1474
253863915	1474
253864014	1474
253864125	1474
253864247	1474
253864389	1474
253864510	1474
254662014	1474
254662325	1474
254662476	1474
254662705	1474
254662937	1474
254663237	1474
254663404	1474
254663568	1474
254663714	1474
254663850	1474
254664013	1474
254664176	1474
254664339	1474
254664474	1474
254664613	1474
254664757	1474
254664922	1474
254665062	1474
255463370	1474
255463649	1474
255463867	1474
255464017	1474
255464182	1474
255464346	1474
255464484	1474
255464627	1474
255464801	1474
255464939	1474
255465077	1474
255465211	1474
255465347	1474
255465512	1474
255465653	1474
255465802	1474
255465944	1474
255466086	1474
256263001	1474
256263249	1474
256263471	1474
256263611	1474
256263777	1474
256263923	1474
256264081	1474
256264225	1474
256264390	1474
256264559	1474
256264699	1474
256264841	1474
256265035	1474
256265181	1474
256265325	1474
256265491	1474
256265633	1474
257062905	1474
257063301	1474
257063474	1474
257063701	1474
257063902	1474
257064105	1474
257064253	1474
257064397	1474
257064564	1474
257064739	1474
257064877	1474
257065049	1474
257065205	1474
257065346	1474
257065513	1474
257065674	1474
257065814	1474
257065954	1474
257862455	1474
257862740	1474
257863182	1474
257863373	1474
257863537	1474
257863681	1474
257863825	1474
257863964	1474
257864130	1474
257864300	1474
257864440	1474
257864603	1474
257864739	1474
257864906	1474
257865045	1474
257865185	1474
257865329	1474
258665690	1474
258665886	1474
258665985	1474
258666082	1474
258666204	1474
258666321	1474
258666461	1474
258666685	1474
258666929	1474
258667069	1474
258667192	1474
258667336	1474
258667439	1474
258667563	1474
258667663	1474
258667782	1474
258667889	1474
259466420	1474
259466880	1474
259467271	1474
259467483	1474
259467809	1474
259467984	1474
259468124	1474
259468264	1474
259468431	1474
259468607	1474
259468802	1474
259469002	1474
259469682	1474
259469869	1474
259470023	1474
259470149	1474
259470297	1474
260266692	1474
260266855	1474
260266953	1474
260267067	1474
260267164	1474
260267277	1474
260267370	1474
260267492	1474
260267603	1474
260267734	1474
260267833	1474
260267955	1474
260268075	1474
260268175	1474
260268270	1474
260268376	1474
260268467	1474
261062604	1474
261062752	1474
261062908	1474
261063051	1474
261063175	1474
261063280	1474
261063381	1474
261063481	1474
261063580	1474
261063678	1474
261063803	1474
261063951	1474
261064075	1474
261064175	1474
261064299	1474
261064399	1474
261064498	1474
261064621	1474
261862438	1474
261862555	1474
261862724	1474
261862987	1474
261863126	1474
261863217	1474
261863325	1474
261863424	1474
261863588	1474
261863698	1474
261863810	1474
261863948	1474
261864061	1474
261864187	1474
261864313	1474
261864437	1474
261864542	1474
261864641	1474
262662619	1474
262662804	1474
262662929	1474
262663050	1474
262663146	1474
262663257	1474
262663352	1474
262663471	1474
262663589	1474
262663709	1474
262663801	1474
262663919	1474
262664013	1474
262664108	1474
262664217	1474
262664312	1474
262664433	1474
263463089	1474
263463233	1474
263463356	1474
263463485	1474
263463625	1474
263463741	1474
263463853	1474
263463951	1474
263464097	1474
263464195	1474
263464323	1474
263464421	1474
263464540	1474
263464641	1474
264263528	1474
264263798	1474
264263901	1474
264263993	1474
264264128	1474
264264449	1474
264264554	1474
264264711	1474
264264861	1474
264264984	1474
264265075	1474
264265189	1474
264265289	1474
264265405	1474
264265734	1474
264265858	1474
264265959	1474
265064160	1474
265064273	1474
265064537	1474
265064699	1474
265064863	1474
265065126	1474
265065231	1474
265065383	1474
265065505	1474
265065628	1474
265065747	1474
265065898	1474
265066003	1474
265066104	1474
265066231	1474
265066350	1474
265066448	1474
265066577	1474
265862942	1474
265863969	1474
265864106	1474
265864224	1474
265864329	1474
265864453	1474
265864566	1474
265864691	1474
265864800	1474
265864913	1474
265865037	1474
265865172	1474
265865269	1474
265865406	1474
265865506	1474
265865645	1474
265865767	1474
266398630	1474
266398814	1474
266398903	1474
266399034	1474
266399147	1474
266399250	1474
266399414	1474
266399514	1474
266399634	1474
266399773	1474
266399889	1474
266400012	1474
266400132	1474
266400246	1474
266400371	1474
266400494	1474
267463066	1474
267463220	1474
267463339	1474
267463453	1474
267463554	1474
267463677	1474
267463773	1474
267463870	1474
267463988	1474
267464109	1474
267464235	1474
267464367	1474
267464464	1474
267464580	1474
267464700	1474
267464797	1474
267464892	1474
267464988	1474
268263900	1474
268264188	1474
268264306	1474
268264424	1474
268264532	1474
268264652	1474
268264748	1474
268264845	1474
268264939	1474
268265058	1474
268265153	1474
268265247	1474
268265341	1474
268265434	1474
268265540	1474
268265661	1474
268265755	1474
269063186	1474
269063540	1474
269063679	1474
269063774	1474
269063867	1474
269063976	1474
269064167	1474
269064262	1474
269064358	1474
269064477	1474
269064566	1474
269064672	1474
269064794	1474
269064910	1474
269065006	1474
269065123	1474
269065243	1474
269065333	1474
269862975	1474
269863183	1474
269863282	1474
269863376	1474
269863463	1474
269863553	1474
269863672	1474
269863772	1474
269863903	1474
269864022	1474
269864141	1474
269864234	1474
269864327	1474
269864419	1474
269864536	1474
269864629	1474
269864721	1474
269864853	1474
270662920	1474
270663090	1474
270663253	1474
270663449	1474
270663641	1474
270663801	1474
270663939	1474
270664098	1474
270664260	1474
270664396	1474
270664532	1474
270664719	1474
270664896	1474
270665032	1474
270665166	1474
270665302	1474
270665437	1474
271465823	1474
271465979	1474
271466134	1474
271466295	1474
271466473	1474
271466723	1474
271466896	1474
271467038	1474
271467271	1474
271467412	1474
271467548	1474
271467710	1474
271467845	1474
271467995	1474
271468130	1474
271468291	1474
271468451	1474
271468587	1474
272265330	1474
272265495	1474
272265630	1474
272265832	1474
272266057	1474
272266231	1474
272266369	1474
272266504	1474
272266691	1474
272266860	1474
272267031	1474
272267168	1474
272267304	1474
272267441	1474
272267601	1474
272267737	1474
272267899	1474
272268042	1474
273065246	1474
273065384	1474
273065518	1474
273065744	1474
273065935	1474
273066124	1474
273066301	1474
273066438	1474
273066573	1474
273066809	1474
273066952	1474
273067114	1474
273067292	1474
273067429	1474
273067591	1474
273067750	1474
273067911	1474
273068046	1474
273866016	1474
273866158	1474
273866319	1474
273866470	1474
273866606	1474
273866817	1474
273866964	1474
273867102	1474
273867266	1474
273867411	1474
273867550	1474
273867712	1474
273867851	1474
273868014	1474
273868152	1474
273868289	1474
273868442	1474
273868580	1474
274666023	1474
274666188	1474
274666324	1474
274666491	1474
274666768	1474
274666944	1474
274667082	1474
274667219	1474
274667355	1474
274667525	1474
274667664	1474
274667846	1474
274667987	1474
274668125	1474
274668288	1474
274668425	1474
274668601	1474
275465667	1474
275465808	1474
275465969	1474
275466226	1474
275466421	1474
275466645	1474
275466881	1474
275467022	1474
275467182	1474
275467319	1474
275467479	1474
275467615	1474
275467762	1474
275467896	1474
275468029	1474
275468165	1474
275468299	1474
275468434	1474
276266574	1474
276266767	1474
276266951	1474
276267145	1474
276267364	1474
276267504	1474
276267639	1474
276267801	1474
276267944	1474
276268081	1474
276268243	1474
276268379	1474
276268516	1474
276268678	1474
276268839	1474
276268988	1474
276269150	1474
277065679	1474
277065842	1474
277066010	1474
277066235	1474
277066453	1474
277066748	1474
277066954	1474
277067164	1474
277067373	1474
277067534	1474
277067670	1474
277067805	1474
277067966	1474
277068116	1474
277068276	1474
277068436	1474
277068573	1474
277068710	1474
277866036	1474
277866211	1474
277866433	1474
277866686	1474
277866881	1474
277867050	1474
277867195	1474
277867357	1474
277867518	1474
277867653	1474
277867791	1474
277867928	1474
277868065	1474
277868244	1474
277868381	1474
277868516	1474
277868678	1474
278666808	1474
278666984	1474
278667169	1474
278667382	1474
278667583	1474
278667817	1474
278667968	1474
278668135	1474
278668287	1474
278668453	1474
278668624	1474
278668763	1474
278668930	1474
278669115	1474
278669260	1474
278669412	1474
278669559	1474
278669696	1474
279730545	1474
279730948	1474
279731091	1474
279731257	1474
279731392	1474
279731564	1474
279731704	1474
279731843	1474
279731977	1474
279732116	1474
279732280	1474
279732444	1474
279732627	1474
279732766	1474
279732905	1474
279733069	1474
279733209	1474
279733346	1474
280532753	1474
280532985	1474
280533191	1474
280533334	1474
280533471	1474
280533645	1474
280533813	1474
280533951	1474
280534088	1474
280534230	1474
280534370	1474
280534536	1474
280534770	1474
280534914	1474
280535122	1474
280535287	1474
280535489	1474
280535693	1474
281334199	1474
281334445	1474
281334588	1474
281334773	1474
281334930	1474
281335100	1474
281335242	1474
281335429	1474
281335631	1474
281335861	1474
281336028	1474
281336190	1474
281336351	1474
281336491	1474
281336628	1474
281336767	1474
281336946	1474
281337083	1474
282133128	1474
282133269	1474
282133433	1474
282133571	1474
282133738	1474
282133898	1474
282134074	1474
282134212	1474
282134348	1474
282134487	1474
282134728	1474
282134892	1474
282135103	1474
282135277	1474
282135466	1474
282135642	1474
282135780	1474
282135941	1474
282933183	1474
282933349	1474
282933511	1474
282933678	1474
282933837	1474
282934005	1474
282934174	1474
282934341	1474
282934476	1474
282934615	1474
282934823	1474
282935008	1474
282935207	1474
282935397	1474
282935584	1474
282935727	1474
282935869	1474
282936034	1474
283732719	1474
283732865	1474
283732987	1474
283733079	1474
283733199	1474
283733498	1474
283733641	1474
283733766	1474
283734059	1474
283734188	1474
283734293	1474
283734387	1474
283734540	1474
283734727	1474
283734833	1474
283734932	1474
283735054	1474
284533701	1474
284533842	1474
284533981	1474
284534142	1474
284534304	1474
284534442	1474
284534614	1474
284534819	1474
284534991	1474
284535127	1474
284535290	1474
284535429	1474
284535601	1474
284535770	1474
284535908	1474
284536047	1474
284536184	1474
285333622	1474
285333777	1474
285333940	1474
285334107	1474
285334326	1474
285334540	1474
285334766	1474
285334913	1474
285335053	1474
285335193	1474
285335355	1474
285335518	1474
285335688	1474
285335890	1474
285336032	1474
285336171	1474
285336357	1474
285336555	1474
286134602	1474
286134833	1474
286135011	1474
286135238	1474
286135454	1474
286135671	1474
286135821	1474
286135984	1474
286136129	1474
286136271	1474
286136410	1474
286136550	1474
286136715	1474
286136887	1474
286137039	1474
286137177	1474
286137323	1474
286137463	1474
286933331	1474
286933461	1474
286933567	1474
286933703	1474
286933823	1474
286933949	1474
286934044	1474
286934165	1474
286934274	1474
286934393	1474
286934486	1474
286934659	1474
286934766	1474
286934863	1474
286935017	1474
286935135	1474
286935253	1474
286935349	1474
287733426	1474
287733540	1474
287733638	1474
287733772	1474
287733876	1474
287733978	1474
287734105	1474
287734197	1474
287734317	1474
287734414	1474
287734587	1474
287734691	1474
287734804	1474
287734915	1474
287735036	1474
287735151	1474
287735262	1474
288532865	1474
288532963	1474
288533051	1474
288533144	1474
288533237	1474
288533345	1474
288533434	1474
288533525	1474
288533618	1474
288533736	1474
288533830	1474
288533925	1474
288534018	1474
288534136	1474
288534228	1474
288534340	1474
288534498	1474
289332857	1474
289332978	1474
289333096	1474
289333213	1474
289333306	1474
289333529	1474
289333656	1474
289333750	1474
289333869	1474
289333964	1474
289334059	1474
289334153	1474
289334245	1474
289334338	1474
289334431	1474
289334559	1474
289334686	1474
289334804	1474
290133673	1474
290133768	1474
290133886	1474
290134004	1474
290134096	1474
290134214	1474
290134308	1474
290134400	1474
290134539	1474
290134683	1474
290134821	1474
290134940	1474
290135034	1474
290135127	1474
290135244	1474
290135340	1474
290135465	1474
290135590	1474
291198487	1474
291198661	1474
291198761	1474
291198867	1474
291198974	1474
291199092	1474
291199210	1474
291199327	1474
291199420	1474
291199513	1474
291199632	1474
291199724	1474
291199825	1474
291199921	1474
291200014	1474
291200106	1474
291200198	1474
291200317	1474
291734283	1474
291734395	1474
291734541	1474
291734696	1474
291734962	1474
291735092	1474
291735215	1474
291735357	1474
291735480	1474
291735578	1474
291735680	1474
291735779	1474
291735879	1474
291736101	1474
291736225	1474
291736330	1474
291736455	1474
292801744	1474
292801953	1474
292802072	1474
292802199	1474
292802321	1474
292802417	1474
292802538	1474
292802684	1474
292802779	1474
292802877	1474
292802996	1474
292803092	1474
292803190	1474
292803299	1474
292803493	1474
292803620	1474
292804107	1474
292804221	1474
293599640	1474
293599844	1474
293599969	1474
293600106	1474
293600201	1474
293600306	1474
293600403	1474
293600498	1474
293600615	1474
293600711	1474
293600803	1474
293600896	1474
293601015	1474
293601107	1474
293601224	1474
293601363	1474
293601454	1474
293601565	1474
294398580	1474
294398751	1474
294398870	1474
294398993	1474
294399112	1474
294399232	1474
294399324	1474
294399418	1474
294399521	1474
294399641	1474
294399757	1474
294399851	1474
294399968	1474
294400087	1474
294400174	1474
294400290	1474
294400382	1474
294400507	1474
295198681	1474
295198940	1474
295199109	1474
295199304	1474
295199501	1474
295199841	1474
295200009	1474
295200144	1474
295200281	1474
295200441	1474
295200579	1474
295200725	1474
295200864	1474
295201001	1474
295201139	1474
295201276	1474
295201414	1474
295201596	1474
295998466	1474
295998790	1474
295998962	1474
295999165	1474
295999426	1474
295999687	1474
295999904	1474
296000096	1474
296000263	1474
296000401	1474
296000535	1474
296000669	1474
296000813	1474
296000974	1474
296001111	1474
296001271	1474
296001437	1474
296001573	1474
296798433	1474
296798870	1474
296799112	1474
296799316	1474
296799532	1474
296799677	1474
296799841	1474
296799983	1474
296800156	1474
296800290	1474
296800474	1474
296800614	1474
296800752	1474
296800894	1474
296801038	1474
296801176	1474
296801312	1474
297598732	1474
297598946	1474
297599160	1474
297599303	1474
297599472	1474
297599699	1474
297599984	1474
297600197	1474
297600659	1474
297600826	1474
297600964	1474
297601136	1474
297601279	1474
297601416	1474
297601580	1474
297601717	1474
297601858	1474
298399385	1474
298399561	1474
298399868	1474
298399983	1474
298400110	1474
298400418	1474
298400544	1474
298400664	1474
298400789	1474
298400883	1474
298401015	1474
298401124	1474
298401242	1474
298401385	1474
298401486	1474
298401581	1474
299199366	1474
299199526	1474
299200010	1474
299200152	1474
299200416	1474
299200527	1474
299200628	1474
299200762	1474
299200911	1474
299201013	1474
299201123	1474
299201236	1474
299201353	1474
299201476	1474
299201634	1474
299201754	1474
299201888	1474
300000012	1474
300000161	1474
300000314	1474
300000461	1474
300000588	1474
300000718	1474
300000834	1474
300000943	1474
300001038	1474
300001150	1474
300001256	1474
300001378	1474
300001492	1474
300001609	1474
300001813	1474
300001903	1474
300001995	1474
300002116	1474
300803095	1474
300803497	1474
300803953	1474
300804073	1474
300804348	1474
300804453	1474
300804576	1474
300804716	1474
300804829	1474
300804945	1474
300805136	1474
300805281	1474
300805497	1474
300806037	1474
300806227	1474
300806356	1474
300806494	1474
300806648	1474
301601857	1474
301602109	1474
301602239	1474
301602384	1474
301602515	1474
301602689	1474
301602933	1474
301603076	1474
301603219	1474
301603319	1474
301603442	1474
301603540	1474
301603662	1474
301603793	1474
301603913	1474
301604022	1474
301604166	1474
301604426	1474
302399775	1474
302399892	1474
302400027	1474
302400129	1474
302400261	1474
302400359	1474
302400499	1474
302400604	1474
302400701	1474
302400828	1474
302400928	1474
302401012	1474
302401098	1474
302401196	1474
302401307	1474
302401394	1474
302401502	1474
302401610	1474
303199634	1474
303199778	1474
303199881	1474
303200002	1474
303200093	1474
303200186	1474
303200273	1474
303200415	1474
303200510	1474
303200629	1474
303200748	1474
303200881	1474
303201001	1474
303201103	1474
303201197	1474
303201330	1474
303201429	1474
303999771	1474
303999950	1474
304000075	1474
304000183	1474
304000288	1474
304000430	1474
304000545	1474
304000679	1474
304000791	1474
304000889	1474
304001018	1474
304001112	1474
304001231	1474
304001328	1474
304001449	1474
304001573	1474
304001692	1474
304799026	1474
304799203	1474
304799299	1474
304799406	1474
304799522	1474
304799626	1474
304799762	1474
304799866	1474
304799962	1474
304800057	1474
304800178	1474
304800286	1474
304800387	1474
304800510	1474
304800637	1474
304800761	1474
305599341	1474
305599490	1474
305599584	1474
305599694	1474
305599848	1474
305599948	1474
305600064	1474
305600174	1474
305600299	1474
305600413	1474
305600525	1474
305600650	1474
305600766	1474
305600892	1474
305600990	1474
305601096	1474
305601207	1474
305601303	1474
306399041	1474
306399260	1474
306399385	1474
306399664	1474
306399756	1474
306399855	1474
306399962	1474
306400094	1474
306400192	1474
306400309	1474
306400436	1474
306400553	1474
306400670	1474
306400792	1474
306400896	1474
306401060	1474
306401158	1474
307200432	1474
307200767	1474
307200865	1474
307200962	1474
307201060	1474
307201237	1474
307201378	1474
307201494	1474
307201824	1474
307201921	1474
307202132	1474
307202403	1474
307202526	1474
307202663	1474
307202795	1474
307202893	1474
307203009	1474
