5896863	58
5903678	54
6039773	1474
6039875	1474
6059081	1474
6059227	1474
6059350	1474
6059455	1474
6076007	1474
6076375	1474
6076887	1474
6077462	1474
6077663	334
6155991	1474
6156155	1474
6156400	1474
6156508	1474
6156794	1474
6156974	1474
6157270	1474
6157405	1474
6157773	1474
6157970	306
6274217	1474
6274513	1474
6274916	1474
6275697	1474
6276168	166
6276468	1474
6276599	1474
6277497	1474
6277694	1474
6277798	1474
6277919	1474
6278027	1474
6278398	1474
6278506	278
6384384	1474
6384615	1474
6384819	110
6385177	1474
6385377	1474
6385504	1474
6385632	1474
6385756	166
6386036	1474
6386259	1474
6387379	1474
6387724	138
6388195	1474
6388330	1474
6388484	1474
6388751	1474
6388849	1474
6388944	1474
6389148	1474
6389306	1474
6389666	278
6491019	1474
6491325	1474
6491426	1474
6491523	1474
6491622	1474
6491726	1474
6492074	1474
6492301	250
6494314	1474
6494657	1474
6495660	1474
6495897	1474
6496053	1474
6496166	194
6497265	1474
6497371	1474
6497486	1474
6497610	1474
6497930	166
6498726	1474
6499122	1474
6499321	1474
6499504	1474
6499615	1474
6499955	1474
6500330	1474
6500437	1474
6500643	1474
6500970	1474
6501105	334
6620309	1474
6620495	1474
6620649	1474
6620919	1474
6622176	166
6623900	1474
6624192	1474
6624341	1474
6624469	1474
6625053	1474
6625253	194
6625360	1474
6625459	1474
6625633	1474
6625764	1474
6625998	1474
6626129	194
6627618	1474
6627745	82
6629470	1474
6629563	1474
6629682	1474
6629869	138
6629998	1474
6630355	1474
6630467	1474
6630628	1474
6630837	1474
6630934	1474
6631031	222
6728825	1474
6729037	1474
6729409	1474
6729644	1474
6729846	166
6730200	1474
6730471	1474
6731251	110
6731456	1474
6731837	1474
6732204	1474
6732920	1474
6733098	1474
6733425	1474
6733722	1474
6734037	1474
6734301	1474
6734804	1474
6735051	1474
6735290	1474
6735623	1474
6735837	1474
6736081	1474
6736365	1474
6736721	1474
6736949	1474
6737175	1474
6737533	1474
6737765	1474
6737994	1474
6738296	1474
6738523	1474
6738984	1474
6739214	1474
6739522	1474
6739733	1474
6740044	1474
6740265	1474
6741182	1474
6741343	1474
8016131	1474
8025172	1474
8025543	1474
8039993	1474
8040658	1474
8041031	1474
8041521	1474
8069590	1474
8069913	1474
8070119	1474
8070406	1474
8070868	1474
8071076	1474
8071796	1474
8072215	1474
8100141	1474
8100344	1474
8100572	1474
8100875	1474
8101313	1474
8101533	1474
8101803	1474
8122945	1474
11032340	1474
11038170	1474
11038346	1474
11047853	1474
11048342	1474
11048581	1474
11061846	1474
11062081	1474
11062611	1474
11084633	1474
11085107	1474
11085578	1474
11085986	1474
11108425	1474
11108870	1474
11109607	1474
11109809	1474
11110232	1474
11127585	1474
11128095	1474
11128372	1474
11128803	1474
11129256	1474
11142353	1474
11143110	1474
11143313	1474
11143574	1474
11143975	1474
11150384	1474
11150905	1474
11151498	1474
11151697	1474
11152013	1474
11152131	1474
11152258	1474
11161580	1474
11161918	1474
11162055	1474
11162471	1474
11163233	1474
11163464	1474
11163578	1474
11175753	1474
11176066	1474
11177644	1474
11178104	1474
11180670	1474
11180772	1474
11180895	1474
11192005	1474
11192235	1474
11194369	1474
11194603	1474
11194877	1474
11195276	1474
11195616	1474
11206356	1474
11206465	1474
11206633	1474
11206736	1474
11206838	1474
11207113	1474
11207423	1474
11207863	1474
11215515	1474
11215966	1474
11216196	1474
11217108	1474
11217374	1474
11217720	1474
11218041	1474
11218504	1474
11218816	1474
11233058	1474
11233212	1474
11233575	1474
11233687	1474
11234000	1474
11234200	1474
11234790	1474
11235298	1474
11247078	1474
11247178	1474
11247285	1474
11247401	1474
11247681	1474
11247930	1474
11249421	1474
11249535	1474
11257714	1474
11258004	1474
11258161	1474
11291443	1474
11291653	1474
11291806	1474
11291932	1474
11292035	1474
11292155	1474
11292278	1474
11292402	1474
11292537	1474
11292639	1474
11331930	1474
11332146	1474
11332249	1474
11332360	1474
11332564	1474
11332677	1474
11332774	1474
11332862	1474
11332971	1474
11333061	1474
11372980	1474
11373071	1474
11373288	1474
11373430	1474
11373524	1474
11373641	1474
11373871	1474
11373983	1474
11374090	1474
11374182	1474
11375334	1474
11375574	1474
11375657	1474
11375778	1474
11375865	1474
11375966	1474
11376055	1474
11376162	1474
11376253	1474
11376364	1474
11416758	1474
11416873	1474
11416961	1474
11417068	1474
11417178	1474
11417280	1474
11417409	1474
11417521	1474
11417632	1474
11417760	1474
11455933	1474
11456218	1474
11642436	1474
11642716	1474
11642870	1474
11643032	1474
11643159	1474
11643403	1474
11643520	1474
11643906	1474
11644066	1474
11644149	1474
11683626	1474
11683941	1474
11684071	1474
11684214	1474
11684303	1474
11684404	1474
11684512	1474
11684635	1474
12443054	1474
12443821	1474
12443959	1474
12444107	1474
12444362	1474
12444776	1474
12444954	1474
12445078	1474
12445171	1474
12445293	1474
12446317	1474
12446404	1474
12483869	1474
12484148	1474
12484270	1474
12975825	1474
12976012	1474
12976101	1474
12976215	1474
12976355	1474
12976622	1474
12976752	1474
12977036	1474
12977138	1474
12977279	1474
12977375	1474
12977470	1474
13016425	1474
13016545	1474
13780738	1474
13780837	1474
13780956	1474
13781215	1474
13781472	1474
13781602	1474
13781753	1474
13781984	1474
13782111	1474
13782294	1474
13782417	1474
13782545	1474
13820292	1474
13820527	1474
13820879	1474
13821015	1474
13821107	1474
13821213	1474
13821334	1474
13821424	1474
14575950	1474
14576303	1474
14576428	1474
14576582	1474
14576702	1474
14576799	1474
14576922	1474
14577022	1474
14577130	1474
14577229	1474
14577328	1474
14616077	1474
14616356	1474
14616481	1474
14616601	1474
15642420	1474
15642716	1474
15642857	1474
15642978	1474
15643196	1474
15643396	1474
15643532	1474
15643833	1474
15643965	1474
15644249	1474
15644395	1474
15644673	1474
15683341	1474
15683646	1474
15683773	1474
15683874	1474
15683973	1474
15684074	1474
15684173	1474
15684291	1474
15684431	1474
16445892	1474
16446000	1474
16446137	1474
16446238	1474
16446363	1474
16446489	1474
16446684	1474
16446785	1474
16446908	1474
16447160	1474
16447308	1474
16447402	1474
16489098	1474
16489252	1474
16489359	1474
17243098	1474
17243354	1474
17243447	1474
17243556	1474
17243649	1474
17243768	1474
17243863	1474
17243953	1474
17244157	1474
17244284	1474
17244375	1474
17244783	1474
17284575	1474
17284670	1474
17284769	1474
17284865	1474
17284961	1474
17285078	1474
17285173	1474
17285290	1474
17285411	1474
18044741	1474
18045022	1474
18045159	1474
18045252	1474
18045344	1474
18045465	1474
18045558	1474
18045652	1474
18045744	1474
18045828	1474
18045917	1474
18046035	1474
18083707	1474
18083943	1474
18084036	1474
18842761	1474
18842874	1474
18842966	1474
18843057	1474
18843146	1474
18843237	1474
18843354	1474
18843446	1474
18843537	1474
18843629	1474
18843730	1474
18843828	1474
18887226	1474
18887383	1474
18887477	1474
18887619	1474
18887753	1474
18887873	1474
18887965	1474
18888083	1474
18888200	1474
19642076	1474
19642361	1474
19642506	1474
19642725	1474
19642867	1474
19643030	1474
19643162	1474
19643330	1474
19643465	1474
19643600	1474
19643755	1474
19643878	1474
19703576	1474
19703723	1474
19703816	1474
20445179	1474
20445391	1474
20445491	1474
20445585	1474
20445707	1474
20445824	1474
20445930	1474
20446047	1474
20446165	1474
20446282	1474
20446374	1474
20446508	1474
20483400	1474
20483592	1474
20483686	1474
20483801	1474
20483933	1474
20484023	1474
20484114	1474
20484206	1474
20484299	1474
21243322	1474
21243467	1474
21243566	1474
21243748	1474
21243858	1474
21243955	1474
21244104	1474
21244293	1474
21244412	1474
21244614	1474
21244714	1474
21244800	1474
21244915	1474
21284193	1474
21284288	1474
22045353	1474
22045562	1474
22045810	1474
22045919	1474
22046143	1474
22046360	1474
22046497	1474
22046899	1474
22047142	1474
22047252	1474
22047715	1474
22047813	1474
22047939	1474
22050475	1474
22092667	1474
22092793	1474
22092910	1474
22843140	1474
22843289	1474
22843391	1474
22843512	1474
22843915	1474
22844157	1474
22844305	1474
22844407	1474
22845096	1474
22845336	1474
22845438	1474
22845559	1474
22845679	1474
22883827	1474
22883979	1474
22884075	1474
23645790	1474
23646027	1474
23646127	1474
23646248	1474
23646343	1474
23646678	1474
23646809	1474
23646964	1474
23647169	1474
23647264	1474
23647493	1474
23647593	1474
23647712	1474
23687285	1474
23687427	1474
23687520	1474
24444316	1474
24444568	1474
24444671	1474
24444792	1474
24444911	1474
24445011	1474
24445143	1474
24445344	1474
24445448	1474
24445571	1474
24446007	1474
24446258	1474
24446354	1474
24487546	1474
24487788	1474
24487884	1474
24488011	1474
24488107	1474
24488201	1474
24488300	1474
24488418	1474
25242460	1474
25242787	1474
25243814	1474
25243998	1474
25244106	1474
25244419	1474
25244589	1474
25244799	1474
25245017	1474
25245493	1474
25245641	1474
25245771	1474
25245922	1474
25246052	1474
26042287	1474
26043878	1474
26044046	1474
26044537	1474
26046203	1474
26047532	1474
26047938	1474
26048165	1474
26048362	1474
26048562	1474
26048815	1474
26049223	1474
26049566	1474
26051837	1474
26087085	1474
26087444	1474
26087538	1474
26844446	1474
26844563	1474
26844822	1474
26844989	1474
26845228	1474
26845359	1474
26845697	1474
26845827	1474
26845982	1474
26846103	1474
26846230	1474
26846389	1474
26846492	1474
26846757	1474
26848703	1474
26891505	1474
26891720	1474
26891878	1474
27641980	1474
27642109	1474
27642226	1474
27642433	1474
27642715	1474
27643040	1474
27643245	1474
27643580	1474
27643785	1474
27643969	1474
27644271	1474
27644708	1474
27644810	1474
27644948	1474
27645057	1474
27683431	1474
28441665	1474
28441793	1474
28441911	1474
28442366	1474
28442716	1474
28442845	1474
28442946	1474
28443151	1474
28443278	1474
28443393	1474
28443544	1474
28443766	1474
28443862	1474
28444425	1474
28444556	1474
28484812	1474
28484950	1474
29242730	1474
29243002	1474
29243124	1474
29243241	1474
29243337	1474
29243453	1474
29243547	1474
29243687	1474
29243817	1474
29244039	1474
29244143	1474
29244637	1474
29244735	1474
29244912	1474
29283021	1474
29283251	1474
29283374	1474
29283493	1474
29283630	1474
29283724	1474
29283825	1474
29283920	1474
30041828	1474
30042124	1474
30042275	1474
30042385	1474
30042503	1474
30042811	1474
30042940	1474
30043031	1474
30043168	1474
30043370	1474
30043496	1474
30043619	1474
30043842	1474
30044328	1474
30044516	1474
30841871	1474
30842001	1474
30842195	1474
30842308	1474
30842528	1474
30842842	1474
30842947	1474
30843044	1474
30843165	1474
30843450	1474
30844280	1474
30844391	1474
30844610	1474
30844710	1474
30844857	1474
30844987	1474
30883176	1474
31641554	1474
31641834	1474
31641936	1474
31642181	1474
31642277	1474
31642392	1474
31642701	1474
31642858	1474
31642978	1474
31643250	1474
31643333	1474
31643448	1474
31643571	1474
31643822	1474
31644079	1474
31682853	1474
31682964	1474
32441609	1474
32441937	1474
32442049	1474
32442220	1474
32442365	1474
32442836	1474
32442941	1474
32443184	1474
32443289	1474
32443387	1474
32443684	1474
32443977	1474
32444216	1474
32444406	1474
32444498	1474
32444638	1474
32483710	1474
32483908	1474
33242963	1474
33243166	1474
33243399	1474
33243499	1474
33243597	1474
33243790	1474
33244065	1474
33244197	1474
33244464	1474
33244562	1474
33244787	1474
33244888	1474
33245011	1474
33245292	1474
33245396	1474
33284047	1474
33284147	1474
33284256	1474
34308840	1474
34308974	1474
34309119	1474
34309227	1474
34309391	1474
34309564	1474
34309797	1474
34309891	1474
34309986	1474
34310224	1474
34310327	1474
34310437	1474
34310555	1474
34310694	1474
34310799	1474
34310917	1474
34354377	1474
34354543	1474
35109400	1474
35109532	1474
35109663	1474
35109795	1474
35109910	1474
35110030	1474
35110168	1474
35110418	1474
35110547	1474
35111400	1474
35111513	1474
35111636	1474
35111732	1474
35111884	1474
35112009	1474
35159972	1474
35160097	1474
35160218	1474
35908819	1474
35908960	1474
35909103	1474
35909227	1474
35909348	1474
35909476	1474
35909595	1474
35909728	1474
35909826	1474
35910127	1474
35910256	1474
35910569	1474
35910758	1474
35910903	1474
35911024	1474
35911157	1474
35954383	1474
35954531	1474
36708811	1474
36709134	1474
36709299	1474
36709419	1474
36709539	1474
36709636	1474
36709734	1474
36709867	1474
36709979	1474
36710155	1474
36710292	1474
36711789	1474
36711901	1474
36712271	1474
36712384	1474
36712482	1474
36752378	1474
37509588	1474
37509906	1474
37510006	1474
37510127	1474
37510249	1474
37510370	1474
37510516	1474
37510745	1474
37510932	1474
37511604	1474
37511762	1474
37511893	1474
37512002	1474
37512092	1474
37512188	1474
37512313	1474
37552433	1474
38308322	1474
38308528	1474
38308732	1474
38308835	1474
38308978	1474
38309105	1474
38309318	1474
38309457	1474
38309580	1474
38309680	1474
38309997	1474
38310094	1474
38310367	1474
38311069	1474
38311179	1474
38311432	1474
38311545	1474
38352010	1474
39109628	1474
39109819	1474
39109909	1474
39110066	1474
39110190	1474
39110289	1474
39110425	1474
39110599	1474
39110818	1474
39111438	1474
39111545	1474
39111727	1474
39111839	1474
39111938	1474
39112051	1474
39112152	1474
39155425	1474
39155549	1474
39908199	1474
39908432	1474
39908560	1474
39908731	1474
39908822	1474
39908940	1474
39909040	1474
39909148	1474
39909264	1474
39909361	1474
39909473	1474
39909590	1474
39909714	1474
39909830	1474
39909943	1474
39910046	1474
39951375	1474
39951500	1474
40710044	1474
40710319	1474
40710453	1474
40711067	1474
40711259	1474
40711532	1474
40711682	1474
40711931	1474
40712058	1474
40712212	1474
40712337	1474
40712479	1474
40712605	1474
40712716	1474
40712846	1474
40712944	1474
40715155	1474
40751061	1474
41514303	1474
41514414	1474
41514559	1474
41514716	1474
41514901	1474
41515070	1474
41515205	1474
41515348	1474
41515448	1474
41515572	1474
41515717	1474
41515894	1474
41516180	1474
41516844	1474
41517084	1474
41517188	1474
42308051	1474
42308325	1474
42308462	1474
42308590	1474
42308695	1474
42308939	1474
42309068	1474
42309190	1474
42309288	1474
42309491	1474
42309645	1474
42309789	1474
42309886	1474
42309979	1474
42310086	1474
42310432	1474
42310878	1474
42311057	1474
43108713	1474
43108898	1474
43109024	1474
43109192	1474
43109294	1474
43109671	1474
43109889	1474
43109986	1474
43110947	1474
43111053	1474
43111165	1474
43111284	1474
43111379	1474
43111476	1474
43111599	1474
43111725	1474
43111825	1474
43909474	1474
43909666	1474
43909784	1474
43909881	1474
43910160	1474
43910433	1474
43910585	1474
43911634	1474
43911815	1474
43911941	1474
43912045	1474
43912165	1474
43912265	1474
43912402	1474
43912523	1474
43912742	1474
43912844	1474
43912959	1474
44708131	1474
44708379	1474
44708498	1474
44708660	1474
44708813	1474
44709063	1474
44709192	1474
44709289	1474
44709429	1474
44709525	1474
44709647	1474
44709817	1474
44709922	1474
44710163	1474
44710266	1474
44711134	1474
44711243	1474
45514057	1474
45514317	1474
45514421	1474
45514536	1474
45514705	1474
45514961	1474
45515080	1474
45515202	1474
45515343	1474
45515439	1474
45515557	1474
45515673	1474
45515779	1474
45515883	1474
45515981	1474
45516077	1474
45516173	1474
45555102	1474
46308342	1474
46308690	1474
46308812	1474
46308945	1474
46309044	1474
46309263	1474
46309394	1474
46309494	1474
46309621	1474
46309802	1474
46309909	1474
46310162	1474
46310786	1474
46311020	1474
46311131	1474
46311238	1474
46311334	1474
46311458	1474
47108283	1474
47108438	1474
47108706	1474
47108833	1474
47108925	1474
47109041	1474
47109145	1474
47109274	1474
47109394	1474
47109483	1474
47109604	1474
47109699	1474
47109796	1474
47109897	1474
47110023	1474
47110261	1474
47110379	1474
47149528	1474
47907837	1474
47908175	1474
47908296	1474
47908391	1474
47908509	1474
47908601	1474
47908694	1474
47908793	1474
47908888	1474
47908980	1474
47909099	1474
47909191	1474
47909283	1474
47909401	1474
47909494	1474
47909612	1474
47909745	1474
48708312	1474
48708735	1474
48708830	1474
48708948	1474
48709065	1474
48709184	1474
48709274	1474
48709392	1474
48709519	1474
48709613	1474
48709706	1474
48709824	1474
48709915	1474
48710128	1474
48710230	1474
48710507	1474
48710722	1474
49507930	1474
49508264	1474
49508358	1474
49508450	1474
49508542	1474
49508659	1474
49508776	1474
49508868	1474
49508960	1474
49509089	1474
49509184	1474
49509278	1474
49509371	1474
49509487	1474
49509582	1474
49509685	1474
49509887	1474
49548525	1474
50309603	1474
50309838	1474
50309933	1474
50310029	1474
50310121	1474
50310240	1474
50310335	1474
50310455	1474
50310729	1474
50310838	1474
50311085	1474
50311186	1474
50311281	1474
50311400	1474
50311518	1474
50311612	1474
50311718	1474
51375283	1474
51375382	1474
51375497	1474
51375611	1474
51375704	1474
51375804	1474
51375898	1474
51376000	1474
51376118	1474
51376250	1474
51376339	1474
51376429	1474
51376521	1474
51376614	1474
51376733	1474
51376850	1474
51376943	1474
51377059	1474
52174920	1474
52175034	1474
52175129	1474
52175224	1474
52175323	1474
52175444	1474
52175563	1474
52175656	1474
52175773	1474
52175882	1474
52175974	1474
52176090	1474
52176184	1474
52176279	1474
52176366	1474
52176457	1474
52176548	1474
52176639	1474
52976374	1474
52976601	1474
52976725	1474
52976845	1474
52976964	1474
52977053	1474
52977261	1474
52977363	1474
52977479	1474
52977583	1474
52977701	1474
52977792	1474
52977887	1474
52977978	1474
52978070	1474
52978187	1474
52978306	1474
53774788	1474
53774954	1474
53775076	1474
53775200	1474
53775321	1474
53775439	1474
53775532	1474
53775649	1474
53775741	1474
53775835	1474
53775953	1474
53776046	1474
53776136	1474
53776269	1474
53776363	1474
53776479	1474
53776597	1474
53776687	1474
54576354	1474
54576453	1474
54576549	1474
54576642	1474
54576733	1474
54576866	1474
54576958	1474
54577074	1474
54577165	1474
54577282	1474
54577374	1474
54577467	1474
54577559	1474
54577675	1474
54577793	1474
54577898	1474
54577991	1474
54578081	1474
55375216	1474
55375326	1474
55375451	1474
55375549	1474
55375707	1474
55375804	1474
55375925	1474
55376023	1474
55376147	1474
55376270	1474
55376367	1474
55376481	1474
55376606	1474
55376704	1474
55376800	1474
55376898	1474
55377011	1474
55377109	1474
56175627	1474
56175727	1474
56175849	1474
56175948	1474
56176106	1474
56176261	1474
56176473	1474
56176572	1474
56176694	1474
56176814	1474
56176914	1474
56177044	1474
56177146	1474
56177242	1474
56177367	1474
56177490	1474
56177587	1474
56177709	1474
56975683	1474
56975800	1474
56975934	1474
56976032	1474
56976165	1474
56976300	1474
56976492	1474
56976675	1474
56976782	1474
56977286	1474
56977477	1474
56977574	1474
56977702	1474
56977826	1474
56977952	1474
56978051	1474
56978167	1474
56978264	1474
57774692	1474
57774920	1474
57775020	1474
57775115	1474
57775207	1474
57775436	1474
57775562	1474
57775655	1474
57775748	1474
57775837	1474
57775954	1474
57776074	1474
57776167	1474
57776270	1474
57776394	1474
57776591	1474
57776692	1474
58574750	1474
58574992	1474
58575092	1474
58575189	1474
58575280	1474
58575475	1474
58575602	1474
58575721	1474
58575841	1474
58575948	1474
58576067	1474
58576185	1474
58576377	1474
58576478	1474
58576776	1474
58577004	1474
58577106	1474
58577199	1474
59374779	1474
59374895	1474
59375068	1474
59375163	1474
59375258	1474
59375359	1474
59375599	1474
59375701	1474
59375920	1474
59376048	1474
59376241	1474
59376375	1474
59376614	1474
59377051	1474
59377345	1474
59377546	1474
59377645	1474
60174789	1474
60174910	1474
60175004	1474
60175103	1474
60175249	1474
60175366	1474
60175489	1474
60175588	1474
60175710	1474
60175832	1474
60175948	1474
60176071	1474
60176162	1474
60176296	1474
60176399	1474
60176525	1474
60176659	1474
60974861	1474
60975060	1474
60975152	1474
60975274	1474
60975375	1474
60975494	1474
60975634	1474
60975735	1474
60975953	1474
60976086	1474
60976174	1474
60976285	1474
60976401	1474
60976498	1474
60976630	1474
60976782	1474
60976903	1474
61777236	1474
61777391	1474
61777709	1474
61777818	1474
61777935	1474
61778059	1474
61778160	1474
61778279	1474
61778379	1474
61778522	1474
61778680	1474
61778783	1474
61778892	1474
61779006	1474
61779110	1474
61779232	1474
62575102	1474
62575308	1474
62575406	1474
62575530	1474
62575629	1474
62575723	1474
62575844	1474
62575941	1474
62576058	1474
62576160	1474
62576278	1474
62576403	1474
62576638	1474
62576741	1474
62576982	1474
62577227	1474
62577355	1474
63374688	1474
63374855	1474
63374953	1474
63375076	1474
63375195	1474
63375288	1474
63375382	1474
63375474	1474
63375592	1474
63375712	1474
63375815	1474
63375913	1474
63376033	1474
63376128	1474
63376220	1474
63376340	1474
63376445	1474
64174840	1474
64175006	1474
64175105	1474
64175228	1474
64175350	1474
64175484	1474
64175577	1474
64175696	1474
64175788	1474
64175905	1474
64176022	1474
64176114	1474
64176207	1474
64176302	1474
64176426	1474
64176545	1474
64176640	1474
64176733	1474
64975038	1474
64975293	1474
64975405	1474
64975553	1474
64975683	1474
64975812	1474
64975969	1474
64976243	1474
64976336	1474
64976432	1474
64976554	1474
64976662	1474
64976820	1474
64977105	1474
64977374	1474
64977502	1474
64977601	1474
64977722	1474
65774662	1474
65774790	1474
65774884	1474
65775065	1474
65775194	1474
65775372	1474
65775623	1474
65775731	1474
65775826	1474
65775944	1474
65776050	1474
65776142	1474
65776258	1474
65776353	1474
65776511	1474
65776705	1474
65776808	1474
65777494	1474
66574905	1474
66575025	1474
66575186	1474
66575284	1474
66575403	1474
66575542	1474
66575751	1474
66575881	1474
66575972	1474
66576092	1474
66576199	1474
66576295	1474
66576426	1474
66576537	1474
66576758	1474
66576863	1474
66576963	1474
67374736	1474
67374894	1474
67375024	1474
67375155	1474
67375353	1474
67375457	1474
67375558	1474
67375663	1474
67375760	1474
67375857	1474
67375979	1474
67376089	1474
67376212	1474
67376327	1474
67376466	1474
67376595	1474
67376744	1474
67376953	1474
68174829	1474
68175032	1474
68175153	1474
68175250	1474
68175348	1474
68175464	1474
68175811	1474
68175927	1474
68176049	1474
68176163	1474
68176260	1474
68176427	1474
68176527	1474
68176673	1474
68176796	1474
68176898	1474
68177065	1474
68177191	1474
68977212	1474
68977344	1474
68977576	1474
68977677	1474
68977792	1474
68977916	1474
68978028	1474
68978166	1474
68978289	1474
68978423	1474
68978578	1474
68978728	1474
68978826	1474
68978948	1474
68979060	1474
68979177	1474
68979270	1474
68979360	1474
69775930	1474
69776192	1474
69776367	1474
69776506	1474
69776646	1474
69776857	1474
69777051	1474
69777401	1474
69777851	1474
69777995	1474
69778138	1474
69778277	1474
69778429	1474
69778568	1474
69778786	1474
69778937	1474
70575131	1474
70575714	1474
70575970	1474
70576164	1474
70576484	1474
70576719	1474
70577116	1474
70577382	1474
70577554	1474
70577728	1474
70577866	1474
70578030	1474
70578168	1474
70578304	1474
70578449	1474
70578611	1474
70578825	1474
71375069	1474
71375307	1474
71375458	1474
71375683	1474
71375875	1474
71376059	1474
71376197	1474
71376334	1474
71376561	1474
71376752	1474
71377050	1474
71377282	1474
71377450	1474
71377585	1474
71377722	1474
71377902	1474
72174691	1474
72174991	1474
72175172	1474
72175395	1474
72175642	1474
72175783	1474
72175946	1474
72176108	1474
72176268	1474
72176461	1474
72176680	1474
72176958	1474
72177186	1474
72177370	1474
72177520	1474
72177658	1474
72177797	1474
72974832	1474
72975102	1474
72975229	1474
72975354	1474
72975476	1474
72975591	1474
72975689	1474
72975804	1474
72975901	1474
72975995	1474
72976119	1474
72976233	1474
72976357	1474
72976494	1474
72976643	1474
72976941	1474
72977079	1474
72977648	1474
73775843	1474
73776038	1474
73776170	1474
73776346	1474
73776533	1474
73776814	1474
73777159	1474
73777311	1474
73777473	1474
73777646	1474
73777804	1474
73777984	1474
73778155	1474
73778281	1474
73778426	1474
73778558	1474
73778726	1474
74574951	1474
74575227	1474
74575339	1474
74575462	1474
74575575	1474
74575728	1474
74575861	1474
74575961	1474
74576061	1474
74576174	1474
74576293	1474
74576412	1474
74576534	1474
74576670	1474
74576781	1474
74577041	1474
75375475	1474
75375778	1474
75375902	1474
75376015	1474
75376122	1474
75376271	1474
75376505	1474
75376603	1474
75376895	1474
75377005	1474
75377583	1474
75377752	1474
75377845	1474
75377969	1474
75378067	1474
75378390	1474
75378517	1474
75378702	1474
76176336	1474
76176616	1474
76176750	1474
76176872	1474
76177047	1474
76177146	1474
76177301	1474
76177422	1474
76177543	1474
76177810	1474
76177931	1474
76178730	1474
76179037	1474
76179147	1474
76179440	1474
76179589	1474
76179721	1474
76975107	1474
76975423	1474
76975523	1474
76975628	1474
76975728	1474
76975885	1474
76975984	1474
76976093	1474
76976185	1474
76976307	1474
76976408	1474
76976533	1474
76976640	1474
76976847	1474
76976955	1474
76977552	1474
76977663	1474
77774930	1474
77775127	1474
77775223	1474
77775349	1474
77775547	1474
77775652	1474
77775782	1474
77775905	1474
77776025	1474
77776119	1474
77776212	1474
77776330	1474
77776447	1474
77776542	1474
77776637	1474
77776763	1474
77776933	1474
77777338	1474
78575088	1474
78575336	1474
78575454	1474
78575580	1474
78575702	1474
78575815	1474
78575973	1474
78576072	1474
78576171	1474
78576294	1474
78576416	1474
78576514	1474
78576638	1474
78576765	1474
78577061	1474
78577192	1474
78577852	1474
78578070	1474
79375189	1474
79375425	1474
79375527	1474
79375654	1474
79375780	1474
79376112	1474
79376256	1474
79376382	1474
79376486	1474
79376610	1474
79376717	1474
79376835	1474
79377014	1474
79377867	1474
79378034	1474
79378293	1474
79378419	1474
79378545	1474
80178839	1474
80178944	1474
80179062	1474
80179184	1474
80179308	1474
80179530	1474
80179662	1474
80179775	1474
80179893	1474
80179999	1474
80180100	1474
80180198	1474
80180295	1474
80180392	1474
80180514	1474
80180637	1474
80180735	1474
80180833	1474
80974878	1474
80974976	1474
80975153	1474
80975274	1474
80975465	1474
80975590	1474
80975708	1474
80975804	1474
80975978	1474
80976094	1474
80976189	1474
80976277	1474
80976363	1474
80976450	1474
80976532	1474
80976617	1474
80976706	1474
81775156	1474
81775299	1474
81775618	1474
81775748	1474
81775876	1474
81776170	1474
81776279	1474
81776406	1474
81776530	1474
81776632	1474
81776774	1474
81777041	1474
81777180	1474
81777884	1474
81777976	1474
81778247	1474
81778359	1474
82575615	1474
82575876	1474
82576001	1474
82576138	1474
82576350	1474
82576458	1474
82576591	1474
82576696	1474
82576851	1474
82577114	1474
82577444	1474
82577628	1474
82577753	1474
82577878	1474
82577979	1474
82578112	1474
82578238	1474
82578340	1474
83376064	1474
83376207	1474
83376304	1474
83376402	1474
83376499	1474
83376626	1474
83376744	1474
83376896	1474
83377174	1474
83377422	1474
83377527	1474
83377654	1474
83377780	1474
83377878	1474
83377978	1474
83378097	1474
83378206	1474
83378323	1474
84175061	1474
84175183	1474
84175289	1474
84175389	1474
84175488	1474
84175610	1474
84175732	1474
84175839	1474
84175955	1474
84176076	1474
84176211	1474
84176318	1474
84176416	1474
84176554	1474
84176651	1474
84176762	1474
84176868	1474
84177121	1474
85242513	1474
85242777	1474
85242881	1474
85243002	1474
85243120	1474
85243244	1474
85243332	1474
85243446	1474
85243559	1474
85243671	1474
85243791	1474
85243880	1474
85244000	1474
85244097	1474
85244210	1474
85244339	1474
85244448	1474
85244583	1474
86046987	1474
86047339	1474
86047440	1474
86047569	1474
86047667	1474
86047776	1474
86047913	1474
86048034	1474
86048122	1474
86048251	1474
86048370	1474
86048518	1474
86048635	1474
86048732	1474
86048831	1474
86048965	1474
86049084	1474
86049189	1474
86841979	1474
86842261	1474
86842385	1474
86842529	1474
86842741	1474
86842870	1474
86843011	1474
86843151	1474
86843273	1474
86843395	1474
86843533	1474
86843657	1474
86843757	1474
86843855	1474
86843979	1474
86844078	1474
86844193	1474
86844318	1474
87642751	1474
87642999	1474
87643128	1474
87643250	1474
87643378	1474
87643472	1474
87643580	1474
87643682	1474
87643772	1474
87643870	1474
87643986	1474
87644081	1474
87644175	1474
87644297	1474
87644418	1474
87644516	1474
87644611	1474
87644761	1474
88442324	1474
88442472	1474
88442622	1474
88442794	1474
88442898	1474
88443024	1474
88443123	1474
88443265	1474
88443393	1474
88443511	1474
88443622	1474
88443738	1474
88443838	1474
88443951	1474
88444079	1474
88444167	1474
88444264	1474
88444389	1474
89242564	1474
89242883	1474
89242996	1474
89243121	1474
89243226	1474
89243342	1474
89243614	1474
89243730	1474
89243828	1474
89243930	1474
89244028	1474
89244133	1474
89244277	1474
89244377	1474
89244490	1474
89244612	1474
89244724	1474
89244824	1474
90042387	1474
90042537	1474
90042725	1474
90042851	1474
90042966	1474
90043096	1474
90043327	1474
90043430	1474
90043554	1474
90043656	1474
90043771	1474
90043871	1474
90043999	1474
90044100	1474
90044200	1474
90044324	1474
90044452	1474
90044578	1474
90843235	1474
90843534	1474
90843641	1474
90843788	1474
90843889	1474
90844008	1474
90844121	1474
90844233	1474
90844331	1474
90844453	1474
90844560	1474
90844661	1474
90844792	1474
90844918	1474
90845050	1474
90845185	1474
91642284	1474
91642466	1474
91642627	1474
91642834	1474
91642990	1474
91643183	1474
91643290	1474
91643414	1474
91643507	1474
91643619	1474
91643742	1474
91643892	1474
91644013	1474
91644120	1474
91644257	1474
91644380	1474
91644517	1474
91644616	1474
92442697	1474
92442841	1474
92443034	1474
92443135	1474
92443230	1474
92443327	1474
92443422	1474
92443517	1474
92443610	1474
92443733	1474
92443827	1474
92443934	1474
92444029	1474
92444123	1474
92444217	1474
92444311	1474
92444405	1474
92444501	1474
93242520	1474
93242667	1474
93242796	1474
93242911	1474
93243053	1474
93243152	1474
93243251	1474
93243374	1474
93243471	1474
93243592	1474
93243695	1474
93243800	1474
93244022	1474
93244156	1474
93244992	1474
93245246	1474
93245375	1474
93245499	1474
94311461	1474
94311862	1474
94312161	1474
94312266	1474
94313013	1474
94313134	1474
94313278	1474
94313399	1474
94313496	1474
94313603	1474
94313722	1474
94313811	1474
94313925	1474
94314052	1474
94314202	1474
94314335	1474
94314466	1474
94314575	1474
95110303	1474
95110823	1474
95111774	1474
95112045	1474
95112159	1474
95112391	1474
95112514	1474
95112641	1474
95112740	1474
95112861	1474
95112985	1474
95113080	1474
95113192	1474
95113290	1474
95113411	1474
95113520	1474
95113662	1474
95113788	1474
95909263	1474
95909462	1474
95909575	1474
95909693	1474
95909791	1474
95909889	1474
95909986	1474
95910086	1474
95910196	1474
95910353	1474
95910454	1474
95910711	1474
95910919	1474
95911504	1474
95911633	1474
95911748	1474
95911981	1474
95912096	1474
96709288	1474
96709440	1474
96709800	1474
96709900	1474
96710023	1474
96710148	1474
96710351	1474
96710448	1474
96710621	1474
96710722	1474
96710858	1474
96711004	1474
96711101	1474
96711248	1474
96711368	1474
96711490	1474
96711593	1474
96711691	1474
97508885	1474
97509034	1474
97509157	1474
97509281	1474
97509396	1474
97509513	1474
97509636	1474
97509745	1474
97509857	1474
97509980	1474
97510084	1474
97510199	1474
97510309	1474
97510410	1474
97510553	1474
97510702	1474
97510805	1474
97510925	1474
98309388	1474
98309564	1474
98309668	1474
98309811	1474
98309911	1474
98310008	1474
98310107	1474
98310207	1474
98310306	1474
98310422	1474
98310554	1474
98310740	1474
98310834	1474
98310955	1474
98311079	1474
98311213	1474
99111233	1474
99111409	1474
99111670	1474
99111785	1474
99111943	1474
99112196	1474
99112298	1474
99112425	1474
99112541	1474
99112732	1474
99112833	1474
99112966	1474
99113094	1474
99113193	1474
99113292	1474
99113391	1474
99113500	1474
99909126	1474
99909551	1474
99909706	1474
99909965	1474
99910097	1474
99910210	1474
99910322	1474
99910418	1474
99910515	1474
99910689	1474
99910788	1474
99910887	1474
99910994	1474
99911139	1474
99911235	1474
99911335	1474
99911452	1474
99911583	1474
100709332	1474
100709956	1474
100710090	1474
100710249	1474
100710919	1474
100711017	1474
100711140	1474
100711259	1474
100711375	1474
100711496	1474
100711705	1474
100711832	1474
100711932	1474
100712055	1474
100712170	1474
100712268	1474
100712368	1474
101510130	1474
101510311	1474
101510414	1474
101510666	1474
101510769	1474
101510870	1474
101510969	1474
101511095	1474
101511216	1474
101511353	1474
101511453	1474
101511574	1474
101511685	1474
101511806	1474
101511928	1474
101512051	1474
101512163	1474
101512288	1474
102311027	1474
102311187	1474
102311464	1474
102311579	1474
102311726	1474
102312047	1474
102312154	1474
102312269	1474
102312381	1474
102312599	1474
102312731	1474
102313398	1474
102313585	1474
102313694	1474
102313805	1474
102313944	1474
102314045	1474
102314184	1474
103111453	1474
103111737	1474
103111849	1474
103111957	1474
103112083	1474
103112206	1474
103112305	1474
103112428	1474
103112556	1474
103112977	1474
103113250	1474
103113378	1474
103113603	1474
103113708	1474
103113826	1474
103113927	1474
103114027	1474
103910989	1474
103911575	1474
103911752	1474
103911960	1474
103912176	1474
103912395	1474
103912613	1474
103913221	1474
103913433	1474
103913602	1474
103913773	1474
103913956	1474
103914096	1474
103914234	1474
103914372	1474
103914535	1474
103914740	1474
103914922	1474
104709482	1474
104709757	1474
104709930	1474
104710173	1474
104710394	1474
104710664	1474
104710836	1474
104710983	1474
104711122	1474
104711257	1474
104711394	1474
104711528	1474
104711676	1474
104711842	1474
104712030	1474
104712170	1474
104712333	1474
105509571	1474
105509760	1474
105509886	1474
105510002	1474
105510101	1474
105510206	1474
105510314	1474
105510405	1474
105510501	1474
105510661	1474
105510768	1474
105510874	1474
105510971	1474
105511102	1474
105511200	1474
105511318	1474
105511411	1474
105511511	1474
106309486	1474
106309894	1474
106310180	1474
106310377	1474
106310671	1474
106310815	1474
106310979	1474
106311150	1474
106311313	1474
106311476	1474
106311639	1474
106311778	1474
106311939	1474
106312101	1474
106312276	1474
106312440	1474
106312602	1474
106312741	1474
107109634	1474
107109835	1474
107110006	1474
107110187	1474
107110411	1474
107110661	1474
107110809	1474
107110969	1474
107111146	1474
107111312	1474
107111453	1474
107111591	1474
107111756	1474
107111895	1474
107112033	1474
107112179	1474
107112347	1474
107910096	1474
107910337	1474
107910511	1474
107910823	1474
107911021	1474
107911241	1474
107911389	1474
107911559	1474
107911698	1474
107911840	1474
107912002	1474
107912145	1474
107912323	1474
107912492	1474
107912738	1474
107912937	1474
107913316	1474
107913514	1474
108976028	1474
108976287	1474
108976452	1474
108976643	1474
108976859	1474
108977004	1474
108977145	1474
108977287	1474
108977445	1474
108977585	1474
108977726	1474
108977911	1474
108978078	1474
108978244	1474
108978393	1474
108978537	1474
108978703	1474
108978925	1474
109776238	1474
109776446	1474
109776620	1474
109776924	1474
109777157	1474
109777306	1474
109777485	1474
109777628	1474
109777794	1474
109777933	1474
109778075	1474
109778213	1474
109778355	1474
109778602	1474
109778799	1474
109778947	1474
109779090	1474
109779231	1474
110576349	1474
110576657	1474
110576759	1474
110576884	1474
110576997	1474
110577095	1474
110577210	1474
110577331	1474
110577429	1474
110577551	1474
110577658	1474
110577782	1474
110577874	1474
110577995	1474
110578112	1474
110578237	1474
110578361	1474
110578458	1474
111376488	1474
111376720	1474
111376828	1474
111376937	1474
111377065	1474
111377175	1474
111377310	1474
111377415	1474
111377521	1474
111377649	1474
111377738	1474
111377830	1474
111377961	1474
111378092	1474
111378179	1474
111378306	1474
111378433	1474
112178192	1474
112178442	1474
112178590	1474
112178924	1474
112179130	1474
112179336	1474
112179505	1474
112179652	1474
112179817	1474
112179986	1474
112180148	1474
112180286	1474
112180427	1474
112180572	1474
112180720	1474
112180887	1474
112181030	1474
112181178	1474
112978125	1474
112978319	1474
112978464	1474
112978705	1474
112978941	1474
112979174	1474
112979333	1474
112979472	1474
112979608	1474
112979742	1474
112979883	1474
112980020	1474
112980155	1474
112980290	1474
112980450	1474
112980611	1474
112980748	1474
113776617	1474
113776792	1474
113776898	1474
113776991	1474
113777083	1474
113777198	1474
113777315	1474
113777431	1474
113777525	1474
113777640	1474
113777731	1474
113777855	1474
113777973	1474
113778066	1474
113778182	1474
113778274	1474
113778367	1474
113778460	1474
114578125	1474
114578297	1474
114578412	1474
114578526	1474
114578660	1474
114578778	1474
114578895	1474
114579028	1474
114579120	1474
114579211	1474
114579303	1474
114579394	1474
114579485	1474
114579600	1474
114579693	1474
114579808	1474
115378554	1474
115378805	1474
115378896	1474
115378988	1474
115379117	1474
115379235	1474
115379352	1474
115379445	1474
115379562	1474
115379660	1474
115379754	1474
115379871	1474
115379964	1474
115380072	1474
115380169	1474
115380289	1474
115380383	1474
115380580	1474
116176637	1474
116176870	1474
116176991	1474
116177118	1474
116177237	1474
116177329	1474
116177440	1474
116177530	1474
116177621	1474
116177712	1474
116177829	1474
116177921	1474
116178038	1474
116178170	1474
116178285	1474
116178376	1474
116178466	1474
116178616	1474
116976632	1474
116976912	1474
116977032	1474
116977125	1474
116977233	1474
116977327	1474
116977446	1474
116977539	1474
116977630	1474
116977746	1474
116977865	1474
116977957	1474
116978072	1474
116978197	1474
116978290	1474
116978382	1474
116978475	1474
116978566	1474
117776795	1474
117776986	1474
117777109	1474
117777304	1474
117777497	1474
117777645	1474
117777765	1474
117777885	1474
117778027	1474
117778178	1474
117778300	1474
117778419	1474
117778539	1474
117778732	1474
117778899	1474
117779021	1474
117779142	1474
118576616	1474
118576811	1474
118576952	1474
118577165	1474
118577386	1474
118577537	1474
118577699	1474
118577858	1474
118577994	1474
118578127	1474
118578261	1474
118578409	1474
118578544	1474
118578773	1474
118578945	1474
118579109	1474
118579244	1474
119377352	1474
119377524	1474
119377738	1474
119377836	1474
119377935	1474
119378112	1474
119378337	1474
119378481	1474
119378710	1474
119378811	1474
119378928	1474
119379056	1474
119379202	1474
119379318	1474
119379462	1474
119379565	1474
119379656	1474
119379789	1474
120176818	1474
120177055	1474
120177182	1474
120177327	1474
120177454	1474
120177749	1474
120177880	1474
120177973	1474
120178098	1474
120178198	1474
120178317	1474
120178417	1474
120178651	1474
120178754	1474
120178865	1474
120178962	1474
120179061	1474
120976838	1474
120976998	1474
120977252	1474
120977358	1474
120977479	1474
120977709	1474
120977843	1474
120977958	1474
120978083	1474
120978183	1474
120978282	1474
120978383	1474
120978509	1474
120978697	1474
120978798	1474
120978924	1474
120979029	1474
121777202	1474
121777425	1474
121777516	1474
121777661	1474
121777785	1474
121777871	1474
121778004	1474
121778126	1474
121778247	1474
121778366	1474
121778463	1474
121778742	1474
121778851	1474
121778985	1474
121779669	1474
121779797	1474
121780006	1474
122577811	1474
122577970	1474
122578126	1474
122578220	1474
122578312	1474
122578431	1474
122578589	1474
122578720	1474
122578816	1474
122578912	1474
122579002	1474
122579095	1474
122579189	1474
122579285	1474
122579401	1474
122579489	1474
122579580	1474
123377057	1474
123377201	1474
123377311	1474
123377407	1474
123377499	1474
123377617	1474
123377709	1474
123377810	1474
123377929	1474
123378045	1474
123378158	1474
123378251	1474
123378344	1474
123378462	1474
123378643	1474
123378743	1474
123378854	1474
123378948	1474
124178226	1474
124178425	1474
124178543	1474
124178666	1474
124178765	1474
124178873	1474
124178969	1474
124179061	1474
124179156	1474
124179242	1474
124179332	1474
124179424	1474
124179539	1474
124179630	1474
124179723	1474
124179816	1474
124179925	1474
124180017	1474
124977036	1474
124977182	1474
124977286	1474
124977403	1474
124977523	1474
124977610	1474
124977726	1474
124977819	1474
124977911	1474
124978076	1474
124978170	1474
124978289	1474
124978383	1474
124978540	1474
124978681	1474
124978776	1474
124978895	1474
125776786	1474
125777084	1474
125777211	1474
125777305	1474
125777397	1474
125777489	1474
125777582	1474
125777674	1474
125777767	1474
125777885	1474
125777980	1474
125778114	1474
125778207	1474
125778323	1474
125778439	1474
125778557	1474
125778765	1474
125778861	1474
126577185	1474
126577445	1474
126577539	1474
126577635	1474
126577750	1474
126577867	1474
126577959	1474
126578051	1474
126578183	1474
126578278	1474
126578395	1474
126578557	1474
126578808	1474
126579006	1474
126579108	1474
126579212	1474
127379154	1474
127379383	1474
127379511	1474
127379615	1474
127379712	1474
127379834	1474
127379989	1474
127380240	1474
127380356	1474
127380829	1474
127381020	1474
127381117	1474
127381258	1474
127381360	1474
127381502	1474
127381620	1474
127381717	1474
128176989	1474
128177253	1474
128177362	1474
128177487	1474
128177587	1474
128177711	1474
128177854	1474
128177951	1474
128178074	1474
128178196	1474
128178315	1474
128178456	1474
128178774	1474
128178885	1474
128179515	1474
128179709	1474
128179847	1474
128179960	1474
128976764	1474
128976948	1474
128977192	1474
128977286	1474
128977409	1474
128977703	1474
128977835	1474
128977957	1474
128978078	1474
128978187	1474
128978300	1474
128978475	1474
128978635	1474
128978836	1474
128978940	1474
128979783	1474
128980029	1474
128980140	1474
129776732	1474
129776919	1474
129777046	1474
129777172	1474
129777280	1474
129777507	1474
129777705	1474
129777839	1474
129777961	1474
129778063	1474
129778189	1474
129778313	1474
129778428	1474
129778835	1474
129778941	1474
129779630	1474
129779878	1474
129779988	1474
130578525	1474
130578858	1474
130578958	1474
130579075	1474
130579167	1474
130579260	1474
130579389	1474
130579483	1474
130579575	1474
130579682	1474
130579801	1474
130579953	1474
130580063	1474
130580183	1474
130580352	1474
130580446	1474
130580541	1474
130580636	1474
131376452	1474
131376743	1474
131376839	1474
131376934	1474
131377026	1474
131377119	1474
131377211	1474
131377305	1474
131377398	1474
131377490	1474
131377609	1474
131377709	1474
131377803	1474
131377893	1474
131378009	1474
131378100	1474
131378195	1474
131378314	1474
132180173	1474
132180512	1474
132180634	1474
132180729	1474
132180905	1474
132180999	1474
132181098	1474
132181215	1474
132181334	1474
132181425	1474
132181520	1474
132181616	1474
132181709	1474
132181860	1474
132181955	1474
132710388	1474
132710603	1474
132710815	1474
132710905	1474
132711005	1474
132711136	1474
132711253	1474
132711469	1474
132711578	1474
132711687	1474
132711922	1474
132712015	1474
132712096	1474
132712217	1474
133510493	1474
133510812	1474
133510913	1474
133511013	1474
133511122	1474
133511230	1474
133511351	1474
133511449	1474
133511567	1474
133511686	1474
133511783	1474
133511888	1474
133511999	1474
133512146	1474
133512242	1474
133512358	1474
134311136	1474
134311348	1474
134311465	1474
134311570	1474
134311662	1474
134311750	1474
134311851	1474
134311952	1474
134312080	1474
134312163	1474
134312258	1474
134312370	1474
134312476	1474
134312562	1474
134312651	1474
134312755	1474
134312859	1474
135112208	1474
135112398	1474
135112500	1474
135112597	1474
135112692	1474
135112789	1474
135112912	1474
135113010	1474
135113229	1474
135113334	1474
135113728	1474
135113886	1474
135113984	1474
135114082	1474
135114222	1474
135114348	1474
135114446	1474
135114555	1474
135909833	1474
135910027	1474
135910305	1474
135910407	1474
135910532	1474
135910715	1474
135910898	1474
135911023	1474
135911112	1474
135911214	1474
135911336	1474
135911422	1474
135911504	1474
135911592	1474
135911699	1474
135911812	1474
135911930	1474
136710293	1474
136710609	1474
136710829	1474
136711001	1474
136711119	1474
136711403	1474
136711511	1474
136711627	1474
136711760	1474
136711854	1474
136711973	1474
136712103	1474
136712212	1474
136712306	1474
136712440	1474
136712558	1474
136712677	1474
137510704	1474
137510985	1474
137511108	1474
137511228	1474
137511367	1474
137511488	1474
137511586	1474
137511716	1474
137511811	1474
137511929	1474
137512048	1474
137512169	1474
137512258	1474
137512380	1474
137512493	1474
137512602	1474
137512725	1474
137512823	1474
138311045	1474
138311339	1474
138311458	1474
138311647	1474
138311825	1474
138311923	1474
138312099	1474
138312201	1474
138312312	1474
138312425	1474
138312620	1474
138312710	1474
138312813	1474
138312934	1474
138313070	1474
138313181	1474
138313277	1474
139110298	1474
139110548	1474
139110758	1474
139110852	1474
139110974	1474
139111216	1474
139111345	1474
139111489	1474
139111684	1474
139111855	1474
139111957	1474
139112085	1474
139112205	1474
139112327	1474
139112447	1474
139112590	1474
139112699	1474
139112832	1474
140176577	1474
140176859	1474
140176961	1474
140177078	1474
140177175	1474
140177287	1474
140177426	1474
140177522	1474
140177662	1474
140177771	1474
140177887	1474
140177977	1474
140178076	1474
140178390	1474
140178495	1474
140179341	1474
140179540	1474
140179662	1474
140976556	1474
140976712	1474
140976925	1474
140977065	1474
140977168	1474
140977464	1474
140977597	1474
140977745	1474
140977879	1474
140977998	1474
140978117	1474
140978243	1474
140978525	1474
140978946	1474
140979126	1474
140979229	1474
140979369	1474
140979489	1474
141779473	1474
141779738	1474
141779826	1474
141780031	1474
141780150	1474
141780244	1474
141780333	1474
141780425	1474
141780515	1474
141780605	1474
141780695	1474
141780786	1474
141780910	1474
141781004	1474
141781102	1474
141781219	1474
141781368	1474
141781467	1474
142576403	1474
142576750	1474
142576853	1474
142576981	1474
142577117	1474
142577214	1474
142577340	1474
142577451	1474
142577567	1474
142577704	1474
142577850	1474
142577950	1474
142578103	1474
142578251	1474
142578528	1474
142578870	1474
142579142	1474
142579246	1474
143377385	1474
143377625	1474
143377725	1474
143377845	1474
143377969	1474
143378180	1474
143378294	1474
143378395	1474
143379194	1474
143379302	1474
143379554	1474
143379657	1474
143379780	1474
143379885	1474
143379982	1474
143380091	1474
143380204	1474
143380327	1474
143910038	1474
143910211	1474
143910421	1474
143910799	1474
143910924	1474
143911103	1474
143911359	1474
143911510	1474
143911652	1474
143911775	1474
143911891	1474
143912003	1474
143912139	1474
143912266	1474
143912389	1474
144710947	1474
144711257	1474
144711380	1474
144711477	1474
144711601	1474
144711719	1474
144711841	1474
144711981	1474
144712102	1474
144712222	1474
144712347	1474
144712470	1474
144712576	1474
144712677	1474
144712802	1474
144712923	1474
145509906	1474
145510186	1474
145510314	1474
145510425	1474
145510524	1474
145510688	1474
145511002	1474
145511113	1474
145511245	1474
145511403	1474
145511504	1474
145511609	1474
145511707	1474
145511819	1474
145511938	1474
145512078	1474
145512203	1474
146311041	1474
146311290	1474
146311715	1474
146311840	1474
146312169	1474
146312303	1474
146312407	1474
146312571	1474
146312694	1474
146312785	1474
146312888	1474
146312986	1474
146313104	1474
146313272	1474
146313376	1474
146313742	1474
146314296	1474
147123730	1474
147124045	1474
147124663	1474
147124958	1474
147127796	1474
147127977	1474
147128239	1474
147128573	1474
147129114	1474
147129230	1474
147129826	1474
147130045	1474
147130603	1474
147131490	1474
147131625	1474
147132064	1474
147132512	1474
147132895	1474
147909767	1474
147909957	1474
147910062	1474
147910164	1474
147910284	1474
147910408	1474
147910508	1474
147910714	1474
147910828	1474
147910924	1474
147911048	1474
147911173	1474
147911273	1474
147911371	1474
147911469	1474
147911590	1474
147911710	1474
148710735	1474
148711001	1474
148711113	1474
148711238	1474
148711356	1474
148711467	1474
148711592	1474
148711683	1474
148711856	1474
148711958	1474
148712064	1474
148712162	1474
148712257	1474
148712383	1474
148712506	1474
148712606	1474
148712720	1474
148712869	1474
149509685	1474
149509839	1474
149510001	1474
149510325	1474
149510595	1474
149510730	1474
149510829	1474
149510969	1474
149511087	1474
149511197	1474
149511328	1474
149511462	1474
149511570	1474
149511668	1474
149511789	1474
149511912	1474
149512035	1474
150309665	1474
150309809	1474
150309957	1474
150310097	1474
150310218	1474
150310461	1474
150310619	1474
150310724	1474
150310832	1474
150310949	1474
150311088	1474
150311237	1474
150311360	1474
150311468	1474
150311587	1474
150311687	1474
150311810	1474
151109670	1474
151109952	1474
151110079	1474
151110229	1474
151110343	1474
151110442	1474
151110592	1474
151110695	1474
151110813	1474
151111005	1474
151111116	1474
151111241	1474
151111346	1474
151111448	1474
151111546	1474
151111644	1474
151111780	1474
151111891	1474
152177312	1474
152177604	1474
152177728	1474
152177851	1474
152177991	1474
152178111	1474
152178255	1474
152178388	1474
152179122	1474
152179296	1474
152179441	1474
152179554	1474
152179672	1474
152179774	1474
152179873	1474
152179968	1474
152180107	1474
152180456	1474
152978408	1474
152978686	1474
152978810	1474
152978906	1474
152979027	1474
152979119	1474
152979216	1474
152979429	1474
152979557	1474
152979654	1474
152979773	1474
152979894	1474
152979991	1474
152980113	1474
152980208	1474
152980302	1474
152980410	1474
152980507	1474
153776222	1474
153776475	1474
153776579	1474
153776701	1474
153776797	1474
153776914	1474
153777009	1474
153777106	1474
153777201	1474
153777296	1474
153777416	1474
153777522	1474
153777645	1474
153777740	1474
153777834	1474
153777930	1474
153778025	1474
153778145	1474
154576248	1474
154576438	1474
154576570	1474
154576668	1474
154576764	1474
154576887	1474
154577007	1474
154577102	1474
154577202	1474
154577296	1474
154577389	1474
154577480	1474
154577613	1474
154577711	1474
154577807	1474
154577901	1474
154578021	1474
154578110	1474
155376335	1474
155376511	1474
155376620	1474
155376780	1474
155376904	1474
155377046	1474
155377179	1474
155377302	1474
155377407	1474
155377539	1474
155377638	1474
155377749	1474
155377868	1474
155377987	1474
155378113	1474
155378238	1474
155378338	1474
155378467	1474
156176703	1474
156176863	1474
156176985	1474
156177075	1474
156177192	1474
156177301	1474
156177582	1474
156177710	1474
156177807	1474
156177928	1474
156178043	1474
156178159	1474
156178273	1474
156178393	1474
156178488	1474
156178650	1474
156178834	1474
156178965	1474
156979748	1474
156979908	1474
156980049	1474
156980228	1474
156980364	1474
156980536	1474
156980835	1474
156980944	1474
156981871	1474
156982021	1474
156982199	1474
156982901	1474
156983036	1474
156983137	1474
156983284	1474
156983379	1474
156983507	1474
157777293	1474
157777445	1474
157777539	1474
157777749	1474
157777896	1474
157778161	1474
157778290	1474
157778381	1474
157778518	1474
157778687	1474
157778778	1474
157778879	1474
157778975	1474
157779110	1474
157779286	1474
157779429	1474
157779666	1474
157779807	1474
158578959	1474
158579239	1474
158579365	1474
158579587	1474
158579732	1474
158579860	1474
158580126	1474
158580228	1474
158581141	1474
158581413	1474
158581839	1474
158582090	1474
158582359	1474
158582482	1474
158582655	1474
158582790	1474
158582885	1474
158583000	1474
159642924	1474
159643118	1474
159643242	1474
159643377	1474
159643498	1474
159643812	1474
159643915	1474
159644003	1474
159644098	1474
159644196	1474
159644316	1474
159644423	1474
159644566	1474
159644686	1474
159644781	1474
159644921	1474
159645041	1474
159645169	1474
160179112	1474
160179337	1474
160179492	1474
160179614	1474
160179725	1474
160179948	1474
160180096	1474
160180198	1474
160180906	1474
160181130	1474
160181251	1474
160181406	1474
160181528	1474
160181615	1474
160181725	1474
160181831	1474
160181927	1474
160976858	1474
160977121	1474
160977251	1474
160977347	1474
160977487	1474
160977636	1474
160977826	1474
160977996	1474
160978788	1474
160978896	1474
160979244	1474
160979366	1474
160979524	1474
160979770	1474
160979918	1474
160980724	1474
160980899	1474
161776328	1474
161776475	1474
161776617	1474
161776735	1474
161776902	1474
161777001	1474
161777094	1474
161777188	1474
161777330	1474
161777430	1474
161777556	1474
161777666	1474
161777792	1474
161777906	1474
161778117	1474
161778238	1474
162576326	1474
162576522	1474
162576861	1474
162577010	1474
162577297	1474
162577401	1474
162577551	1474
162577672	1474
162577889	1474
162578011	1474
162578780	1474
162579025	1474
162579147	1474
162579257	1474
162579360	1474
162579579	1474
162579723	1474
162580725	1474
163376605	1474
163376911	1474
163377032	1474
163377166	1474
163377305	1474
163377976	1474
163378172	1474
163378316	1474
163379267	1474
163379632	1474
163379819	1474
163380498	1474
163380695	1474
163380834	1474
163380957	1474
163381082	1474
163381204	1474
164176763	1474
164176937	1474
164177163	1474
164177292	1474
164177524	1474
164177621	1474
164177748	1474
164177907	1474
164178131	1474
164178256	1474
164179083	1474
164179279	1474
164179374	1474
164179495	1474
164179610	1474
164179748	1474
164180023	1474
164975936	1474
164976183	1474
164976502	1474
164976635	1474
164976955	1474
164977096	1474
164977193	1474
164977305	1474
164977402	1474
164977523	1474
164977635	1474
164977866	1474
164977969	1474
164978104	1474
164978687	1474
164979208	1474
164979339	1474
165776185	1474
165776508	1474
165776625	1474
165776798	1474
165776944	1474
165777264	1474
165777393	1474
165777485	1474
165777581	1474
165777701	1474
165777822	1474
165777954	1474
165778192	1474
165778297	1474
165778396	1474
165779066	1474
165779296	1474
166576260	1474
166576611	1474
166576733	1474
166576828	1474
166576950	1474
166577066	1474
166577196	1474
166577307	1474
166577421	1474
166577533	1474
166577633	1474
166577884	1474
166578023	1474
166578567	1474
166578915	1474
166579023	1474
166579117	1474
166579309	1474
167379696	1474
167380451	1474
167380700	1474
167380839	1474
167380980	1474
167381097	1474
167381220	1474
167381352	1474
167381454	1474
167381576	1474
167381697	1474
167381818	1474
167381909	1474
167382028	1474
167382150	1474
167382274	1474
167382380	1474
167382547	1474
168176109	1474
168176347	1474
168176492	1474
168176641	1474
168176783	1474
168176947	1474
168177086	1474
168177248	1474
168177398	1474
168177562	1474
168177799	1474
168178035	1474
168178269	1474
168178456	1474
168178646	1474
168178789	1474
168178957	1474
168179096	1474
169242852	1474
169243113	1474
169243238	1474
169243349	1474
169243447	1474
169243564	1474
169243678	1474
169243802	1474
169243920	1474
169244041	1474
169244154	1474
169244269	1474
169244364	1474
169244458	1474
169244601	1474
169244726	1474
169244868	1474
169244988	1474
170043232	1474
170043374	1474
170043565	1474
170043777	1474
170043980	1474
170044149	1474
170044310	1474
170044471	1474
170044614	1474
170044752	1474
170044889	1474
170045024	1474
170045185	1474
170045321	1474
170045482	1474
170045630	1474
170045795	1474
170844726	1474
170844866	1474
170845003	1474
170845221	1474
170845415	1474
170845612	1474
170845786	1474
170845979	1474
170846171	1474
170846723	1474
170846922	1474
170847143	1474
170847305	1474
170847467	1474
170847629	1474
170847807	1474
170848060	1474
170848251	1474
171644061	1474
171644183	1474
171644305	1474
171644459	1474
171644662	1474
171644952	1474
171645119	1474
171645256	1474
171645416	1474
171645553	1474
171645717	1474
171645891	1474
171646100	1474
171646459	1474
171646918	1474
171647087	1474
171647269	1474
171647406	1474
172442732	1474
172442972	1474
172443142	1474
172443398	1474
172443618	1474
172443833	1474
172443984	1474
172444123	1474
172444260	1474
172444397	1474
172444533	1474
172444671	1474
172444808	1474
172444977	1474
172445138	1474
172445276	1474
172445413	1474
172445549	1474
173243195	1474
173243434	1474
173243581	1474
173243815	1474
173244041	1474
173244207	1474
173244347	1474
173244511	1474
173244648	1474
173244787	1474
173244949	1474
173245097	1474
173245241	1474
173245402	1474
173245568	1474
173245709	1474
173245884	1474
173246111	1474
174045174	1474
174045357	1474
174045501	1474
174045710	1474
174045908	1474
174046086	1474
174046259	1474
174046423	1474
174046591	1474
174046808	1474
174046952	1474
174047116	1474
174047262	1474
174047402	1474
174047540	1474
174047681	1474
174047846	1474
174048049	1474
174844074	1474
174844252	1474
174844402	1474
174844545	1474
174844689	1474
174844971	1474
174845175	1474
174845389	1474
174845869	1474
174846038	1474
174846184	1474
174846389	1474
174846685	1474
174846936	1474
174847085	1474
174847270	1474
174847457	1474
174847624	1474
175642980	1474
175643214	1474
175643329	1474
175645468	1474
175645673	1474
175645824	1474
175646064	1474
175646462	1474
175647426	1474
175648058	1474
175649813	1474
175649956	1474
175650150	1474
175650301	1474
175650434	1474
175650581	1474
175650715	1474
176443212	1474
176443367	1474
176443491	1474
176443603	1474
176443700	1474
176443832	1474
176443929	1474
176444025	1474
176444161	1474
176444300	1474
176444403	1474
176444608	1474
176444756	1474
176444912	1474
176445042	1474
176445250	1474
176445358	1474
176445575	1474
177242821	1474
177243018	1474
177243133	1474
177243296	1474
177243435	1474
177243534	1474
177243663	1474
177243783	1474
177243904	1474
177244023	1474
177244114	1474
177244211	1474
177244328	1474
177244467	1474
177244800	1474
177245367	1474
177245523	1474
177245659	1474
178309416	1474
178309616	1474
178309842	1474
178310094	1474
178310310	1474
178310551	1474
178310766	1474
178310957	1474
178311096	1474
178311256	1474
178311392	1474
178311527	1474
178311666	1474
178311811	1474
178311975	1474
178312136	1474
178312272	1474
178312410	1474
179109631	1474
179109850	1474
179110035	1474
179110291	1474
179110501	1474
179110909	1474
179111067	1474
179111229	1474
179111364	1474
179111525	1474
179111660	1474
179111797	1474
179111944	1474
179112106	1474
179112242	1474
179112378	1474
179112595	1474
179112816	1474
179909990	1474
179910144	1474
179910306	1474
179910515	1474
179910774	1474
179911752	1474
179911896	1474
179912062	1474
179912202	1474
179912339	1474
179912531	1474
179912765	1474
179912963	1474
179913258	1474
179913489	1474
179913637	1474
179913774	1474
179913911	1474
180711529	1474
180711655	1474
180711824	1474
180711989	1474
180712702	1474
180712932	1474
180713654	1474
180713906	1474
180714037	1474
180714170	1474
180714296	1474
180714396	1474
180714521	1474
180714691	1474
180714849	1474
180715098	1474
180715384	1474
180715481	1474
181509848	1474
181510017	1474
181510183	1474
181510393	1474
181510590	1474
181511025	1474
181511200	1474
181511384	1474
181511524	1474
181511663	1474
181511827	1474
181511992	1474
181512131	1474
181512278	1474
181512418	1474
181512579	1474
181512762	1474
181512984	1474
182309731	1474
182309945	1474
182310130	1474
182310284	1474
182310445	1474
182310585	1474
182310798	1474
182310973	1474
182311109	1474
182311246	1474
182311393	1474
182311556	1474
182311693	1474
182311831	1474
182311969	1474
182312108	1474
182312247	1474
182312415	1474
183109696	1474
183110076	1474
183110236	1474
183110357	1474
183110639	1474
183110815	1474
183110968	1474
183111155	1474
183111408	1474
183111513	1474
183112317	1474
183112484	1474
183112661	1474
183112899	1474
183113004	1474
183113627	1474
183113813	1474
183113936	1474
183909528	1474
183909753	1474
183909857	1474
183909955	1474
183910054	1474
183910170	1474
183910284	1474
183910378	1474
183910504	1474
183910670	1474
183910892	1474
183911004	1474
183911128	1474
183911274	1474
183911372	1474
183911496	1474
183911593	1474
183911724	1474
184713659	1474
184713944	1474
184714082	1474
184714206	1474
184714317	1474
184714416	1474
184714523	1474
184714684	1474
184714932	1474
184715085	1474
184715939	1474
184716170	1474
184716282	1474
184716412	1474
184716596	1474
184716739	1474
184716960	1474
184717092	1474
185778241	1474
185778369	1474
185778493	1474
185778666	1474
185778807	1474
185778968	1474
185779079	1474
185779177	1474
185779297	1474
185779423	1474
185779519	1474
185779634	1474
185779747	1474
185779864	1474
185779962	1474
185780101	1474
185780238	1474
185780338	1474
186576298	1474
186576414	1474
186576539	1474
186576637	1474
186576734	1474
186576856	1474
186576952	1474
186577052	1474
186577194	1474
186577326	1474
186577453	1474
186577552	1474
186577666	1474
186577788	1474
186577926	1474
186578026	1474
186578134	1474
186578259	1474
187376050	1474
187376191	1474
187376333	1474
187376431	1474
187376550	1474
187376673	1474
187376775	1474
187376898	1474
187377041	1474
187377163	1474
187377281	1474
187377378	1474
187377477	1474
187377598	1474
187377723	1474
187377846	1474
187377984	1474
187378102	1474
188176362	1474
188176573	1474
188176681	1474
188176802	1474
188177052	1474
188177184	1474
188177298	1474
188177442	1474
188177544	1474
188177644	1474
188177743	1474
188177852	1474
188177950	1474
188178072	1474
188178171	1474
188178293	1474
188178440	1474
188178625	1474
188975554	1474
188975756	1474
188975958	1474
188976079	1474
188976179	1474
188976308	1474
188976434	1474
188976656	1474
188976759	1474
188976882	1474
188977017	1474
188977115	1474
188977239	1474
188977365	1474
188977520	1474
188977646	1474
188977763	1474
188977886	1474
189776470	1474
189776748	1474
189776876	1474
189776977	1474
189777089	1474
189777187	1474
189777311	1474
189777423	1474
189777538	1474
189777710	1474
189777799	1474
189777922	1474
189778018	1474
189778118	1474
189778209	1474
189778327	1474
189778450	1474
189778667	1474
190576311	1474
190576455	1474
190576556	1474
190576655	1474
190576766	1474
190576887	1474
190576996	1474
190577119	1474
190577242	1474
190577354	1474
190577477	1474
190577594	1474
190577685	1474
190577797	1474
190577913	1474
190578031	1474
191376228	1474
191376440	1474
191376567	1474
191376715	1474
191376845	1474
191376971	1474
191377252	1474
191377383	1474
191377472	1474
191377572	1474
191377671	1474
191377801	1474
191377916	1474
191378042	1474
191378169	1474
191378269	1474
191378381	1474
192176639	1474
192176869	1474
192177006	1474
192177112	1474
192177246	1474
192177352	1474
192177507	1474
192177721	1474
192177859	1474
192178009	1474
192178109	1474
192178209	1474
192178309	1474
192178434	1474
192178551	1474
192178721	1474
192178848	1474
192178939	1474
192977045	1474
192977190	1474
192977278	1474
192977370	1474
192977494	1474
192977607	1474
192977705	1474
192977826	1474
192977935	1474
192978195	1474
192978339	1474
192978462	1474
192978647	1474
192978775	1474
192978878	1474
192979002	1474
192979133	1474
192979271	1474
193776275	1474
193776485	1474
193776653	1474
193776792	1474
193777002	1474
193777235	1474
193777501	1474
193777648	1474
193777785	1474
193777947	1474
193778085	1474
193778268	1474
193778432	1474
193778570	1474
193778780	1474
193778938	1474
193779146	1474
194578028	1474
194578250	1474
194578409	1474
194578576	1474
194578762	1474
194578932	1474
194579070	1474
194579212	1474
194579490	1474
194579685	1474
194579859	1474
194580035	1474
194580224	1474
194580378	1474
194580546	1474
194580684	1474
194580850	1474
194581011	1474
195376492	1474
195376700	1474
195376840	1474
195376978	1474
195377139	1474
195377280	1474
195377424	1474
195377593	1474
195377731	1474
195377869	1474
195378032	1474
195378194	1474
195378331	1474
195378510	1474
195378721	1474
195378889	1474
195379029	1474
195379168	1474
196176490	1474
196176728	1474
196176891	1474
196177032	1474
196177195	1474
196177331	1474
196177469	1474
196177617	1474
196177779	1474
196177938	1474
196178097	1474
196178236	1474
196178372	1474
196178517	1474
196178732	1474
196178882	1474
196977652	1474
196977851	1474
196978022	1474
196978221	1474
196978442	1474
196978674	1474
196978827	1474
196978963	1474
196979128	1474
196979291	1474
196979460	1474
196979676	1474
196980049	1474
196980235	1474
196980375	1474
196980534	1474
196980711	1474
197777631	1474
197777814	1474
197777986	1474
197778190	1474
197778386	1474
197778562	1474
197778729	1474
197779028	1474
197779175	1474
197779317	1474
197779459	1474
197779655	1474
197779885	1474
197780692	1474
197780938	1474
197781082	1474
197781226	1474
198577095	1474
198577260	1474
198577398	1474
198577539	1474
198577679	1474
198577817	1474
198578037	1474
198578174	1474
198578313	1474
198578451	1474
198578591	1474
198578772	1474
198578946	1474
198579110	1474
198579248	1474
198579414	1474
199378799	1474
199379043	1474
199379189	1474
199379327	1474
199379469	1474
199379606	1474
199379746	1474
199379884	1474
199380078	1474
199380223	1474
199380362	1474
199380618	1474
199380809	1474
199381175	1474
199381691	1474
199381890	1474
199382475	1474
200177991	1474
200178321	1474
200178445	1474
200178562	1474
200178759	1474
200178858	1474
200178952	1474
200179041	1474
200179160	1474
200179274	1474
200179369	1474
200179464	1474
200179558	1474
200179651	1474
200179770	1474
200179860	1474
200179954	1474
200180074	1474
200976713	1474
200976968	1474
200977115	1474
200977208	1474
200977302	1474
200977406	1474
200977501	1474
200977705	1474
200977835	1474
200977931	1474
200978025	1474
200978269	1474
200978387	1474
200978500	1474
200978670	1474
200978794	1474
200978912	1474
201512415	1474
201512630	1474
201512795	1474
201512959	1474
201513078	1474
201513192	1474
201513415	1474
201513532	1474
201513634	1474
201513745	1474
201513853	1474
201513983	1474
201514096	1474
201514207	1474
201514317	1474
201514443	1474
202577490	1474
202577720	1474
202577825	1474
202578066	1474
202578250	1474
202578518	1474
202578665	1474
202578775	1474
202578867	1474
202578987	1474
202579118	1474
202579238	1474
202579340	1474
202579455	1474
202579673	1474
202579795	1474
202579942	1474
203380065	1474
203380272	1474
203380400	1474
203380520	1474
203380613	1474
203380825	1474
203380952	1474
203381045	1474
203381161	1474
203381255	1474
203381377	1474
203381470	1474
203381652	1474
203381762	1474
203382119	1474
203382302	1474
203382400	1474
203382513	1474
204176462	1474
204176703	1474
204176843	1474
204176938	1474
204177044	1474
204177127	1474
204177303	1474
204177408	1474
204177528	1474
204177648	1474
204177774	1474
204177895	1474
204177990	1474
204178113	1474
204178197	1474
204178297	1474
204178380	1474
204178463	1474
204978048	1474
204978261	1474
204978470	1474
204978699	1474
204978944	1474
204979097	1474
204979735	1474
204979845	1474
204980060	1474
204980175	1474
204980342	1474
204980451	1474
204980576	1474
204980838	1474
204980942	1474
204981409	1474
204981629	1474
204981735	1474
205777505	1474
205777609	1474
205777709	1474
205777875	1474
205778037	1474
205778182	1474
205778454	1474
205778634	1474
205778851	1474
205779229	1474
205779359	1474
205779490	1474
205779638	1474
205779748	1474
205779850	1474
205780132	1474
205780240	1474
205780760	1474
206578669	1474
206578896	1474
206579251	1474
206579455	1474
206579561	1474
206579662	1474
206579784	1474
206579923	1474
206580022	1474
206580146	1474
206580259	1474
206580359	1474
206580483	1474
206580584	1474
206580682	1474
206580806	1474
206580927	1474
206581028	1474
207376747	1474
207376896	1474
207376998	1474
207377110	1474
207377208	1474
207377345	1474
207377470	1474
207377606	1474
207377728	1474
207377844	1474
207377974	1474
207378097	1474
207378190	1474
207378280	1474
207378382	1474
207378503	1474
207378706	1474
207378930	1474
208178454	1474
208178708	1474
208178816	1474
208178910	1474
208179004	1474
208179099	1474
208179191	1474
208179285	1474
208179379	1474
208179509	1474
208179626	1474
208179744	1474
208179839	1474
208180059	1474
208180187	1474
208710112	1474
208710275	1474
208710399	1474
208710774	1474
208711030	1474
208711133	1474
208711269	1474
208711367	1474
208711464	1474
208711589	1474
208711692	1474
208711928	1474
208712224	1474
208712425	1474
209509833	1474
209509975	1474
209510074	1474
209510172	1474
209510293	1474
209510523	1474
209510626	1474
209510801	1474
209510902	1474
209511024	1474
209511122	1474
209511250	1474
209511340	1474
209511458	1474
209511580	1474
209511673	1474
209511808	1474
210310028	1474
210310244	1474
210310342	1474
210310439	1474
210310558	1474
210310884	1474
210311011	1474
210311134	1474
210311233	1474
210311327	1474
210311421	1474
210311515	1474
210311611	1474
210311730	1474
210311832	1474
210311929	1474
210312025	1474
210312143	1474
211110099	1474
211110198	1474
211110321	1474
211110414	1474
211110650	1474
211110843	1474
211110972	1474
211111071	1474
211111169	1474
211111264	1474
211111393	1474
211111517	1474
211111612	1474
211111711	1474
211111806	1474
211111920	1474
211112029	1474
211112127	1474
212177084	1474
212177327	1474
212177458	1474
212177554	1474
212177684	1474
212177782	1474
212177900	1474
212177995	1474
212178097	1474
212178211	1474
212178413	1474
212178601	1474
212178972	1474
212179071	1474
212179199	1474
212179317	1474
212179411	1474
212179510	1474
212977459	1474
212977681	1474
212977807	1474
212977904	1474
212978023	1474
212978118	1474
212978237	1474
212978348	1474
212978444	1474
212978773	1474
212979020	1474
212979125	1474
212979317	1474
212979422	1474
212979541	1474
212979660	1474
212979755	1474
213777084	1474
213777233	1474
213777412	1474
213777535	1474
213777661	1474
213777750	1474
213777983	1474
213778085	1474
213778182	1474
213778274	1474
213778481	1474
213778614	1474
213779081	1474
213779278	1474
213779411	1474
213779534	1474
213779631	1474
213779751	1474
214578455	1474
214578689	1474
214578894	1474
214579021	1474
214579119	1474
214579216	1474
214579438	1474
214579552	1474
214579821	1474
214579997	1474
214580095	1474
214580193	1474
214580313	1474
214580405	1474
214580641	1474
214580745	1474
214581030	1474
215380507	1474
215380827	1474
215380956	1474
215381050	1474
215381143	1474
215381273	1474
215381464	1474
215381560	1474
215381659	1474
215381975	1474
215382103	1474
215382466	1474
215382562	1474
215382715	1474
215382992	1474
215383088	1474
215383187	1474
215383308	1474
216177110	1474
216177302	1474
216177422	1474
216177517	1474
216177611	1474
216177731	1474
216177863	1474
216177985	1474
216178081	1474
216178197	1474
216178317	1474
216178412	1474
216178531	1474
216178659	1474
216178757	1474
216178946	1474
216179102	1474
216978900	1474
216979042	1474
216979164	1474
216979273	1474
216979366	1474
216979593	1474
216979697	1474
216979795	1474
216979893	1474
216980003	1474
216980100	1474
216980233	1474
216980330	1474
216980518	1474
216980647	1474
216980917	1474
216981113	1474
217777018	1474
217777221	1474
217777342	1474
217777463	1474
217777556	1474
217777651	1474
217777748	1474
217777867	1474
217777961	1474
217778088	1474
217778188	1474
217778284	1474
217778403	1474
217778500	1474
217778779	1474
217778887	1474
217779030	1474
218578891	1474
218578995	1474
218579116	1474
218579211	1474
218579316	1474
218579418	1474
218579515	1474
218579636	1474
218579732	1474
218579838	1474
218579933	1474
218580028	1474
218580123	1474
218580227	1474
218580447	1474
218580549	1474
218580648	1474
219378358	1474
219378480	1474
219378573	1474
219378716	1474
219378836	1474
219378932	1474
219379057	1474
219379150	1474
219379244	1474
219379336	1474
219379466	1474
219379559	1474
219379678	1474
219379797	1474
219379892	1474
219379986	1474
219380105	1474
219380199	1474
220176963	1474
220177127	1474
220177223	1474
220177344	1474
220177438	1474
220177543	1474
220177636	1474
220177756	1474
220177874	1474
220177968	1474
220178088	1474
220178181	1474
220178276	1474
220178370	1474
220178464	1474
220178663	1474
220178793	1474
220178888	1474
220976975	1474
220977090	1474
220977258	1474
220977380	1474
220977477	1474
220977774	1474
220977903	1474
220978025	1474
220978274	1474
220978403	1474
220978543	1474
220978791	1474
220978902	1474
220978997	1474
220979095	1474
220979188	1474
220979281	1474
221779779	1474
221779902	1474
221780020	1474
221780114	1474
221780207	1474
221780303	1474
221780420	1474
221780539	1474
221780781	1474
221780930	1474
221781031	1474
221781259	1474
221781359	1474
221781540	1474
221781638	1474
221781756	1474
221781886	1474
222577014	1474
222577261	1474
222577356	1474
222577451	1474
222577544	1474
222577637	1474
222577730	1474
222577824	1474
222577925	1474
222578045	1474
222578138	1474
222578231	1474
222578326	1474
222578420	1474
222578553	1474
222578778	1474
222578925	1474
222579046	1474
223377318	1474
223377599	1474
223377698	1474
223377817	1474
223377912	1474
223378006	1474
223378142	1474
223378262	1474
223378380	1474
223378496	1474
223378633	1474
223378772	1474
223378871	1474
223378963	1474
223379095	1474
223379192	1474
223379288	1474
223379381	1474
224177352	1474
224177604	1474
224177727	1474
224177822	1474
224177939	1474
224178034	1474
224178124	1474
224178337	1474
224178459	1474
224178578	1474
224178760	1474
224178857	1474
224178977	1474
224179097	1474
224179204	1474
224179325	1474
224179419	1474
224977812	1474
224978122	1474
224978238	1474
224978366	1474
224978465	1474
224978644	1474
224978766	1474
224978866	1474
224978966	1474
224979062	1474
224979176	1474
224979311	1474
224979431	1474
224979527	1474
224979635	1474
224979741	1474
224979862	1474
224979965	1474
225778601	1474
225778763	1474
225778991	1474
225779125	1474
225779271	1474
225779524	1474
225779678	1474
225779803	1474
225780566	1474
225780912	1474
225781021	1474
225781648	1474
225781865	1474
225781965	1474
225782056	1474
225782177	1474
225782298	1474
225782405	1474
226577978	1474
226578124	1474
226578209	1474
226578319	1474
226578430	1474
226578579	1474
226578750	1474
226578861	1474
226578949	1474
226579037	1474
226579125	1474
226579233	1474
226579319	1474
226579428	1474
226579573	1474
226579701	1474
226579810	1474
227377564	1474
227377859	1474
227377957	1474
227378081	1474
227378209	1474
227378483	1474
227378628	1474
227378804	1474
227378904	1474
227379044	1474
227379157	1474
227379293	1474
227379526	1474
227380397	1474
227380557	1474
227380681	1474
227380804	1474
227380905	1474
228177345	1474
228177453	1474
228177548	1474
228177640	1474
228177762	1474
228178009	1474
228178111	1474
228178205	1474
228178298	1474
228178391	1474
228178526	1474
228178691	1474
228178784	1474
228178893	1474
228178986	1474
228179080	1474
228179283	1474
228179415	1474
228977544	1474
228977686	1474
228977796	1474
228977896	1474
228977997	1474
228978219	1474
228978321	1474
228978440	1474
228978557	1474
228978702	1474
228978796	1474
228978906	1474
228979141	1474
228979268	1474
228979513	1474
228979610	1474
228979798	1474
228979917	1474
229777290	1474
229777524	1474
229777659	1474
229777780	1474
229777901	1474
229778174	1474
229778278	1474
229778462	1474
229778582	1474
229778753	1474
229778873	1474
229778967	1474
229779061	1474
229779275	1474
229779377	1474
229779756	1474
229779858	1474
230577604	1474
230577845	1474
230578223	1474
230578377	1474
230578521	1474
230578665	1474
230578790	1474
230578892	1474
230579017	1474
230579125	1474
230579345	1474
230579462	1474
230579837	1474
230579939	1474
230580178	1474
230580301	1474
231377717	1474
231377903	1474
231378047	1474
231378147	1474
231378269	1474
231378366	1474
231378511	1474
231378684	1474
231378826	1474
231378921	1474
231379034	1474
231379130	1474
231379256	1474
231379385	1474
231379690	1474
231379795	1474
231380354	1474
232179545	1474
232179839	1474
232179953	1474
232180050	1474
232180152	1474
232180267	1474
232180507	1474
232180655	1474
232181303	1474
232181479	1474
232181966	1474
232182252	1474
232182379	1474
232182524	1474
232182669	1474
232182806	1474
232182912	1474
232977856	1474
232977976	1474
232978075	1474
232978172	1474
232978269	1474
232978380	1474
232978673	1474
232978810	1474
232978901	1474
232979020	1474
232979144	1474
232979254	1474
232979364	1474
232979486	1474
232979590	1474
232979716	1474
232979895	1474
233777641	1474
233777822	1474
233777924	1474
233778060	1474
233778159	1474
233778368	1474
233778500	1474
233778656	1474
233778784	1474
233778907	1474
233779019	1474
233779126	1474
233779251	1474
233779378	1474
233779515	1474
233779815	1474
233779919	1474
234577916	1474
234578080	1474
234578206	1474
234578320	1474
234578443	1474
234578563	1474
234578794	1474
234578882	1474
234579047	1474
234579188	1474
234579404	1474
234579539	1474
234579843	1474
234579948	1474
234580877	1474
234581241	1474
234581915	1474
235378825	1474
235378961	1474
235379076	1474
235379190	1474
235379329	1474
235379431	1474
235379592	1474
235379877	1474
235379998	1474
235381017	1474
235381308	1474
235381439	1474
235381582	1474
235381776	1474
235381895	1474
235382111	1474
235382250	1474
235383241	1474
236177854	1474
236178059	1474
236178156	1474
236178273	1474
236178398	1474
236178633	1474
236178763	1474
236178886	1474
236178985	1474
236179083	1474
236179178	1474
236179276	1474
236179376	1474
236179551	1474
236179661	1474
236179857	1474
236179960	1474
236180378	1474
236977752	1474
236977971	1474
236978093	1474
236978214	1474
236978306	1474
236978432	1474
236978551	1474
236978687	1474
236978788	1474
236978914	1474
236979012	1474
236979107	1474
236979203	1474
236979295	1474
236979390	1474
236979496	1474
236979592	1474
236979683	1474
237777976	1474
237778217	1474
237778339	1474
237778432	1474
237778637	1474
237778877	1474
237778981	1474
237779103	1474
237779223	1474
237779343	1474
237779437	1474
237779565	1474
237779817	1474
237779923	1474
237780344	1474
237780504	1474
237780617	1474
237780739	1474
238578775	1474
238578871	1474
238578999	1474
238579094	1474
238579187	1474
238579280	1474
238579375	1474
238579469	1474
238579587	1474
238579714	1474
238579809	1474
238579904	1474
238580022	1474
238580117	1474
238580213	1474
238580332	1474
239378021	1474
239378247	1474
239378347	1474
239378476	1474
239378634	1474
239378850	1474
239378949	1474
239379071	1474
239379209	1474
239379326	1474
239379424	1474
239379519	1474
239379636	1474
239379733	1474
239379827	1474
239379932	1474
239380050	1474
239380147	1474
240178255	1474
240178702	1474
240178895	1474
240179137	1474
240179422	1474
240179528	1474
240179622	1474
240179744	1474
240179864	1474
240179976	1474
240180106	1474
240180363	1474
240180490	1474
240180605	1474
240180717	1474
240180838	1474
240180927	1474
240181082	1474
240978046	1474
240978326	1474
240978433	1474
240978546	1474
240978689	1474
240978817	1474
240978933	1474
240979214	1474
240979345	1474
240979442	1474
240979563	1474
240979731	1474
240979848	1474
240979950	1474
240980068	1474
240980199	1474
240980323	1474
240980460	1474
241780590	1474
241780978	1474
241781086	1474
241781185	1474
241781295	1474
241781525	1474
241781633	1474
241781914	1474
241782016	1474
241782126	1474
241782238	1474
241782376	1474
241782502	1474
241782659	1474
241782759	1474
241782870	1474
241783003	1474
242578029	1474
242578320	1474
242579014	1474
242579154	1474
242579505	1474
242579636	1474
242579763	1474
242579872	1474
242580009	1474
242580107	1474
242580231	1474
242580355	1474
242580532	1474
242580627	1474
242580751	1474
242580865	1474
242581010	1474
243381238	1474
243381481	1474
243381625	1474
243381768	1474
243381889	1474
243382189	1474
243382320	1474
243382443	1474
243382576	1474
243382724	1474
243382824	1474
243382940	1474
243383054	1474
243383186	1474
243383317	1474
243383460	1474
243383586	1474
243383682	1474
244445022	1474
244445214	1474
244445313	1474
244445403	1474
244445507	1474
244445604	1474
244445699	1474
244445808	1474
244445907	1474
244446002	1474
244446097	1474
244446196	1474
244446316	1474
244446454	1474
244446671	1474
244446923	1474
244447041	1474
244448092	1474
245245665	1474
245245778	1474
245245874	1474
245246018	1474
245246179	1474
245246305	1474
245246443	1474
245246843	1474
245247037	1474
245247138	1474
245247474	1474
245247773	1474
245247863	1474
245248004	1474
245248142	1474
245248373	1474
245248476	1474
245249163	1474
246049320	1474
246049422	1474
246049532	1474
246049665	1474
246049837	1474
246049938	1474
246050068	1474
246050168	1474
246050290	1474
246050411	1474
246050526	1474
246050692	1474
246050818	1474
246050945	1474
246051035	1474
246051181	1474
246051274	1474
246051370	1474
246845148	1474
246845279	1474
246845376	1474
246845542	1474
246845659	1474
246845924	1474
246846026	1474
246846139	1474
246846264	1474
246846457	1474
246846593	1474
246846905	1474
246847013	1474
246847437	1474
246847644	1474
246847741	1474
246847837	1474
247644955	1474
247645171	1474
247645430	1474
247645588	1474
247645719	1474
247646017	1474
247646121	1474
247646222	1474
247646319	1474
247646440	1474
247646715	1474
247646815	1474
247646937	1474
247647639	1474
247647744	1474
247647880	1474
247648003	1474
247648122	1474
248445502	1474
248445647	1474
248445757	1474
248445868	1474
248445986	1474
248446106	1474
248446219	1474
248446346	1474
248446445	1474
248446580	1474
248446772	1474
248447038	1474
248447139	1474
248447567	1474
248447671	1474
248447795	1474
248447895	1474
248448021	1474
249244940	1474
249245049	1474
249245300	1474
249245435	1474
249245555	1474
249245842	1474
249245944	1474
249246066	1474
249246175	1474
249246274	1474
249246393	1474
249246516	1474
249246697	1474
249246945	1474
249247380	1474
249247510	1474
249247819	1474
249247937	1474
250045374	1474
250045490	1474
250045601	1474
250045726	1474
250045861	1474
250045998	1474
250046100	1474
250046199	1474
250046319	1474
250046416	1474
250046563	1474
250046814	1474
250047047	1474
250048154	1474
250048275	1474
250048384	1474
250048484	1474
250048587	1474
250846556	1474
250846738	1474
250846898	1474
250847063	1474
250848048	1474
250848154	1474
250848266	1474
250848362	1474
250848485	1474
250848577	1474
250848725	1474
250848880	1474
250849129	1474
250849429	1474
250849569	1474
250849721	1474
250849817	1474
250849910	1474
251649327	1474
251649456	1474
251649596	1474
251649716	1474
251649806	1474
251649940	1474
251650071	1474
251650397	1474
251650503	1474
251650831	1474
251650983	1474
251651085	1474
251651213	1474
251651328	1474
251651425	1474
251651516	1474
251655961	1474
252445246	1474
252445373	1474
252445519	1474
252445618	1474
252445748	1474
252445845	1474
252445979	1474
252446086	1474
252446203	1474
252446307	1474
252446429	1474
252446595	1474
252446836	1474
252446963	1474
252447086	1474
252447186	1474
252447285	1474
253245559	1474
253245760	1474
253245903	1474
253246003	1474
253246104	1474
253246253	1474
253246495	1474
253246712	1474
253246879	1474
253247011	1474
253247143	1474
253247286	1474
253247410	1474
253247545	1474
253247644	1474
253247744	1474
253247843	1474
253247963	1474
254314460	1474
254314806	1474
254315415	1474
254315551	1474
254316028	1474
254316136	1474
254316328	1474
254316471	1474
254316600	1474
254316789	1474
254316927	1474
254317029	1474
254317127	1474
254317250	1474
254317374	1474
254317493	1474
254317588	1474
254317724	1474
255112278	1474
255112567	1474
255112775	1474
255112994	1474
255113231	1474
255113401	1474
255113589	1474
255113770	1474
255113958	1474
255114178	1474
255115010	1474
255115298	1474
255115445	1474
255115615	1474
255115761	1474
255115906	1474
255116069	1474
255116210	1474
255914670	1474
255914928	1474
255915078	1474
255915232	1474
255915416	1474
255915620	1474
255916282	1474
255916454	1474
255916599	1474
255916739	1474
255916892	1474
255917033	1474
255917203	1474
255917342	1474
255917509	1474
255917651	1474
255917798	1474
255918012	1474
256712108	1474
256712314	1474
256712512	1474
256712751	1474
256712957	1474
256713142	1474
256713312	1474
256713453	1474
256713621	1474
256713765	1474
256713929	1474
256714165	1474
256714388	1474
256715001	1474
256715242	1474
256715428	1474
256715591	1474
256715732	1474
257512569	1474
257512745	1474
257512917	1474
257513108	1474
257513370	1474
257513521	1474
257513696	1474
257513839	1474
257514012	1474
257514223	1474
257514764	1474
257514942	1474
257515196	1474
257515337	1474
257515476	1474
257515617	1474
257515759	1474
257515896	1474
258312407	1474
258312589	1474
258312808	1474
258312903	1474
258313001	1474
258313155	1474
258313401	1474
258313517	1474
258313630	1474
258313727	1474
258313826	1474
258313948	1474
258314036	1474
258314141	1474
258314247	1474
258314386	1474
258314524	1474
258314780	1474
259112496	1474
259112744	1474
259113022	1474
259113125	1474
259113222	1474
259113626	1474
259113733	1474
259113829	1474
259113955	1474
259114196	1474
259114844	1474
259115093	1474
259115196	1474
259115303	1474
259115426	1474
259115526	1474
259115637	1474
259115733	1474
259915329	1474
259915624	1474
259915742	1474
259915850	1474
259915979	1474
259916122	1474
259916377	1474
259916485	1474
259916834	1474
259917033	1474
259917159	1474
259917283	1474
259917409	1474
259917520	1474
259917616	1474
259917739	1474
259917837	1474
259917943	1474
260712838	1474
260713126	1474
260713267	1474
260713402	1474
260713525	1474
260713646	1474
260713771	1474
260713997	1474
260714120	1474
260714260	1474
260714380	1474
260714567	1474
260714723	1474
260714980	1474
260715083	1474
260715540	1474
260715714	1474
261512773	1474
261512944	1474
261513064	1474
261513195	1474
261513311	1474
261513451	1474
261513551	1474
261513669	1474
261513814	1474
261513913	1474
261514046	1474
261514145	1474
261514247	1474
261514373	1474
261514512	1474
261514722	1474
261514989	1474
261515099	1474
262312728	1474
262312838	1474
262313015	1474
262313118	1474
262313244	1474
262313368	1474
262313462	1474
262313581	1474
262313701	1474
262313795	1474
262313890	1474
262313988	1474
262314114	1474
262314213	1474
262314332	1474
262314443	1474
262314594	1474
263112813	1474
263113102	1474
263113207	1474
263113332	1474
263113468	1474
263113723	1474
263113857	1474
263113996	1474
263114095	1474
263114214	1474
263114326	1474
263114467	1474
263114785	1474
263114920	1474
263115200	1474
263115474	1474
263115577	1474
263115673	1474
263914497	1474
263914703	1474
263914870	1474
263914977	1474
263915109	1474
263915584	1474
263915849	1474
263916476	1474
263916715	1474
263916812	1474
263916934	1474
263917046	1474
263917145	1474
263917286	1474
263917383	1474
263917511	1474
263917979	1474
264713103	1474
264713242	1474
264713356	1474
264713480	1474
264713578	1474
264713682	1474
264713786	1474
264713914	1474
264714037	1474
264714159	1474
264714267	1474
264714395	1474
264714522	1474
264715305	1474
264715437	1474
264715565	1474
264715694	1474
265514966	1474
265515192	1474
265515947	1474
265516147	1474
265516264	1474
265516363	1474
265516479	1474
265516594	1474
265516689	1474
265516785	1474
265516876	1474
265517014	1474
265517152	1474
265517278	1474
265517386	1474
265517508	1474
265517658	1474
265517756	1474
266579696	1474
266579838	1474
266579972	1474
266580200	1474
266580381	1474
266580475	1474
266580667	1474
266580804	1474
266580945	1474
266581051	1474
266581160	1474
266581290	1474
266581409	1474
266581519	1474
266581659	1474
266581779	1474
266581981	1474
266582094	1474
267380360	1474
267380550	1474
267380644	1474
267380764	1474
267380887	1474
267381010	1474
267381169	1474
267381300	1474
267381414	1474
267381558	1474
267381652	1474
267381751	1474
267381871	1474
267381968	1474
267382089	1474
267382205	1474
267382316	1474
267382440	1474
268179408	1474
268179784	1474
268179877	1474
268179974	1474
268180067	1474
268180186	1474
268180280	1474
268180396	1474
268180527	1474
268180624	1474
268180719	1474
268180808	1474
268180902	1474
268181021	1474
268181114	1474
268181208	1474
268181301	1474
268980262	1474
268980554	1474
268980699	1474
268980827	1474
268980985	1474
268981105	1474
268981318	1474
268981426	1474
268981529	1474
268981641	1474
268981770	1474
268981883	1474
268982009	1474
268982137	1474
268982235	1474
268982332	1474
268982430	1474
268982595	1474
269779843	1474
269780167	1474
269780285	1474
269780377	1474
269780495	1474
269780612	1474
269780729	1474
269780830	1474
269780945	1474
269781036	1474
269781128	1474
269781221	1474
269781314	1474
269781408	1474
269781527	1474
269781619	1474
269781745	1474
269781865	1474
270579951	1474
270580080	1474
270580237	1474
270580330	1474
270580462	1474
270580671	1474
270580773	1474
270580901	1474
270580996	1474
270581091	1474
270581183	1474
270581300	1474
270581416	1474
270581509	1474
270581624	1474
270581742	1474
270581833	1474
270581936	1474
271379801	1474
271380018	1474
271380179	1474
271380402	1474
271380593	1474
271380751	1474
271380921	1474
271381057	1474
271381217	1474
271381352	1474
271381489	1474
271381647	1474
271381783	1474
271381928	1474
271382090	1474
271382224	1474
271382359	1474
272179809	1474
272180032	1474
272180195	1474
272180419	1474
272180610	1474
272180790	1474
272180952	1474
272181129	1474
272181267	1474
272181402	1474
272181562	1474
272181698	1474
272181853	1474
272182024	1474
272182162	1474
272182298	1474
272182435	1474
272182571	1474
272979754	1474
272979993	1474
272980190	1474
272980461	1474
272980677	1474
272980841	1474
272980980	1474
272981140	1474
272981289	1474
272981452	1474
272981587	1474
272981723	1474
272981883	1474
272982018	1474
272982185	1474
272982322	1474
272982481	1474
273782805	1474
273783043	1474
273783206	1474
273783450	1474
273783728	1474
273783942	1474
273784109	1474
273784294	1474
273784466	1474
273784605	1474
273784868	1474
273785035	1474
273785196	1474
273785340	1474
273785500	1474
273785635	1474
273785795	1474
274580236	1474
274580547	1474
274580870	1474
274581066	1474
274581226	1474
274581366	1474
274581569	1474
274581734	1474
274581896	1474
274582031	1474
274582167	1474
274582303	1474
274582465	1474
274582690	1474
274582839	1474
274583003	1474
274583139	1474
274583276	1474
275381118	1474
275381349	1474
275381530	1474
275381775	1474
275381976	1474
275382140	1474
275382301	1474
275382436	1474
275382582	1474
275382784	1474
275382953	1474
275383088	1474
275383225	1474
275383382	1474
275383521	1474
275383664	1474
275383825	1474
276182500	1474
276182805	1474
276183054	1474
276183273	1474
276183496	1474
276183657	1474
276183792	1474
276183964	1474
276184124	1474
276184284	1474
276184442	1474
276184600	1474
276184737	1474
276184903	1474
276185040	1474
276185177	1474
276185312	1474
276980210	1474
276980490	1474
276980653	1474
276980839	1474
276981071	1474
276981388	1474
276981555	1474
276981791	1474
276981964	1474
276982101	1474
276982237	1474
276982373	1474
276982508	1474
276982716	1474
276982865	1474
276983044	1474
276983204	1474
277780121	1474
277780300	1474
277780518	1474
277780722	1474
277780916	1474
277781202	1474
277781346	1474
277781481	1474
277781618	1474
277781778	1474
277781915	1474
277782080	1474
277782290	1474
277782879	1474
277783055	1474
277783237	1474
278580552	1474
278580770	1474
278580962	1474
278581102	1474
278581244	1474
278581399	1474
278581535	1474
278581675	1474
278581845	1474
278581985	1474
278582147	1474
278582389	1474
278582590	1474
278583390	1474
278583578	1474
278583750	1474
279380300	1474
279380465	1474
279380610	1474
279380801	1474
279381004	1474
279381180	1474
279381347	1474
279381496	1474
279381662	1474
279381826	1474
279381993	1474
279382132	1474
279382273	1474
279382497	1474
279382748	1474
279382895	1474
279383096	1474
279383267	1474
280180770	1474
280180952	1474
280181076	1474
280181331	1474
280181575	1474
280181801	1474
280181930	1474
280182058	1474
280182222	1474
280182398	1474
280182991	1474
280183182	1474
280183414	1474
280183538	1474
280183700	1474
280183824	1474
280183949	1474
280980526	1474
280980730	1474
280980900	1474
280981071	1474
280981286	1474
280981460	1474
280981600	1474
280981820	1474
280981961	1474
280982100	1474
280982356	1474
280982547	1474
280982807	1474
280983087	1474
280983229	1474
280983394	1474
280983562	1474
280983739	1474
281782407	1474
281782686	1474
281782861	1474
281783205	1474
281783429	1474
281783670	1474
281783825	1474
281784085	1474
281784251	1474
281784396	1474
281784534	1474
281784673	1474
281784903	1474
281785053	1474
281785192	1474
281785371	1474
281785510	1474
281785650	1474
282580928	1474
282581111	1474
282581231	1474
282581365	1474
282581482	1474
282581576	1474
282581698	1474
282581788	1474
282581880	1474
282581998	1474
282582202	1474
282582310	1474
282582581	1474
282582710	1474
282583022	1474
282583141	1474
282583346	1474
282583446	1474
283380921	1474
283381073	1474
283381250	1474
283381435	1474
283381658	1474
283381889	1474
283382056	1474
283382196	1474
283382460	1474
283382684	1474
283383186	1474
283383477	1474
283383622	1474
283383762	1474
283383923	1474
283384088	1474
283384227	1474
283384381	1474
284181519	1474
284181699	1474
284181868	1474
284182033	1474
284182300	1474
284182540	1474
284183168	1474
284183347	1474
284183507	1474
284183672	1474
284183813	1474
284184001	1474
284184252	1474
284184437	1474
284184579	1474
284184718	1474
284184861	1474
284185000	1474
284981749	1474
284981914	1474
284982105	1474
284982399	1474
284983035	1474
284983330	1474
284983474	1474
284983647	1474
284983788	1474
284984032	1474
284984229	1474
284984470	1474
284984648	1474
284984787	1474
284984927	1474
284985064	1474
284985203	1474
285782327	1474
285782495	1474
285782813	1474
285783080	1474
285783316	1474
285783462	1474
285783623	1474
285783775	1474
285783920	1474
285784089	1474
285784314	1474
285784512	1474
285784728	1474
285784875	1474
285785012	1474
285785179	1474
285785339	1474
285785485	1474
286581046	1474
286581238	1474
286581338	1474
286581453	1474
286581584	1474
286581680	1474
286581776	1474
286581889	1474
286581986	1474
286582093	1474
286582192	1474
286582291	1474
286582388	1474
286582511	1474
286582694	1474
286582800	1474
286582951	1474
287383761	1474
287384035	1474
287384223	1474
287384331	1474
287384637	1474
287385610	1474
287385714	1474
287385810	1474
287385923	1474
287386055	1474
287386191	1474
287386283	1474
287386380	1474
287386476	1474
287386677	1474
287386795	1474
287386907	1474
287387040	1474
288180910	1474
288181022	1474
288181145	1474
288181255	1474
288181352	1474
288181468	1474
288181584	1474
288181680	1474
288181774	1474
288181890	1474
288182003	1474
288182096	1474
288182222	1474
288182340	1474
288182456	1474
288182645	1474
288182765	1474
288182885	1474
289251309	1474
289251506	1474
289251606	1474
289251723	1474
289251843	1474
289252045	1474
289252552	1474
289252805	1474
289253031	1474
289253151	1474
289253245	1474
289253340	1474
289253446	1474
289253564	1474
289253661	1474
289253754	1474
289253873	1474
289253965	1474
290048001	1474
290048174	1474
290048293	1474
290048415	1474
290048532	1474
290048673	1474
290048767	1474
290048860	1474
290048953	1474
290049047	1474
290049143	1474
290049260	1474
290049353	1474
290049510	1474
290049623	1474
290049818	1474
290049920	1474
290050439	1474
290848223	1474
290848371	1474
290848657	1474
290848766	1474
290848864	1474
290849012	1474
290849192	1474
290849311	1474
290849431	1474
290849549	1474
290849679	1474
290849903	1474
290850004	1474
290850372	1474
290850597	1474
290850738	1474
290850863	1474
291649764	1474
291649955	1474
291650083	1474
291650242	1474
291650437	1474
291650721	1474
291651005	1474
291651140	1474
291651650	1474
291651776	1474
291651935	1474
291652063	1474
291652154	1474
291652293	1474
291652421	1474
291652562	1474
291652706	1474
291652807	1474
292450805	1474
292450961	1474
292451098	1474
292451224	1474
292451343	1474
292451474	1474
292451602	1474
292451765	1474
292452502	1474
292452607	1474
292452704	1474
292452820	1474
292452941	1474
292453079	1474
292453204	1474
292453352	1474
292453483	1474
292453588	1474
293249085	1474
293249234	1474
293249372	1474
293249530	1474
293249624	1474
293249720	1474
293249816	1474
293249914	1474
293250046	1474
293250198	1474
293250342	1474
293250465	1474
293250670	1474
293251094	1474
293251196	1474
293251544	1474
293251748	1474
293251875	1474
294049836	1474
294049982	1474
294050076	1474
294050172	1474
294050265	1474
294050359	1474
294050512	1474
294050651	1474
294050743	1474
294050851	1474
294051051	1474
294051394	1474
294051532	1474
294051710	1474
294051832	1474
294051925	1474
294052018	1474
294052107	1474
294849671	1474
294849954	1474
294850095	1474
294850344	1474
294850542	1474
294850876	1474
294851271	1474
294851568	1474
294851750	1474
294851890	1474
294852053	1474
294852192	1474
294852329	1474
294852467	1474
294852637	1474
295647984	1474
295648295	1474
295648443	1474
295648621	1474
295648876	1474
295649109	1474
295649250	1474
295649389	1474
295649553	1474
295649691	1474
295649896	1474
295650089	1474
295650861	1474
295651038	1474
295651177	1474
295651317	1474
295651480	1474
296448766	1474
296448974	1474
296449139	1474
296449277	1474
296449438	1474
296449576	1474
296449712	1474
296449904	1474
296450047	1474
296450212	1474
296450466	1474
296450693	1474
296451004	1474
296451297	1474
296451443	1474
296451609	1474
296451862	1474
296452071	1474
297250216	1474
297250416	1474
297250596	1474
297250956	1474
297251170	1474
297251458	1474
297252091	1474
297252357	1474
297252510	1474
297252796	1474
297252952	1474
297253127	1474
297253317	1474
297253458	1474
297253624	1474
297253763	1474
297253904	1474
297254047	1474
297783260	1474
297783413	1474
297783529	1474
297783629	1474
297783812	1474
297783935	1474
297784318	1474
297784422	1474
297784512	1474
297784613	1474
297784731	1474
297784856	1474
297785016	1474
297785119	1474
297785257	1474
298582631	1474
298582809	1474
298582983	1474
298583089	1474
298583240	1474
298583519	1474
298583624	1474
298583743	1474
298583864	1474
298583984	1474
298584104	1474
298584225	1474
298584345	1474
298584481	1474
298584580	1474
298584695	1474
298584790	1474
299648515	1474
299648695	1474
299649325	1474
299649461	1474
299649737	1474
299649841	1474
299649987	1474
299650109	1474
299650203	1474
299650323	1474
299650431	1474
299650644	1474
299650742	1474
299650864	1474
299650957	1474
299651064	1474
299651162	1474
299651283	1474
300187246	1474
300187361	1474
300187471	1474
300187658	1474
300187822	1474
300187948	1474
300188156	1474
300188282	1474
300188415	1474
300188542	1474
300188677	1474
300188792	1474
300188904	1474
300189003	1474
300189099	1474
300189222	1474
300189347	1474
301248917	1474
301249077	1474
301249247	1474
301249342	1474
301249465	1474
301249595	1474
301249710	1474
301249837	1474
301250123	1474
301250214	1474
301250370	1474
301250501	1474
301250857	1474
301251004	1474
301251156	1474
301251491	1474
301251635	1474
301251745	1474
302049449	1474
302049700	1474
302049836	1474
302049952	1474
302050041	1474
302050144	1474
302050287	1474
302050391	1474
302050532	1474
302050707	1474
302050805	1474
302050904	1474
302051052	1474
302051299	1474
302051683	1474
302051904	1474
302052143	1474
302052863	1474
302851741	1474
302851891	1474
302852067	1474
302852186	1474
302852323	1474
302852470	1474
302852674	1474
302852826	1474
302852944	1474
302853561	1474
302853698	1474
302853842	1474
302853937	1474
302854034	1474
302854150	1474
302854246	1474
302854362	1474
302854460	1474
303650467	1474
303650615	1474
303650808	1474
303650932	1474
303651035	1474
303651175	1474
303651312	1474
303651424	1474
303651551	1474
303651663	1474
303651784	1474
303651907	1474
303652022	1474
303652135	1474
303652244	1474
303652503	1474
303652613	1474
304449119	1474
304449295	1474
304449426	1474
304449540	1474
304449652	1474
304449755	1474
304449890	1474
304449998	1474
304450117	1474
304450215	1474
304450325	1474
304450445	1474
304450570	1474
304450720	1474
304450823	1474
304450935	1474
304451033	1474
304451170	1474
305249274	1474
305249424	1474
305249525	1474
305249646	1474
305249796	1474
305249919	1474
305250042	1474
305250163	1474
305250288	1474
305250391	1474
305250488	1474
305250686	1474
305250858	1474
305250992	1474
305251112	1474
305251242	1474
305251363	1474
305251499	1474
306049406	1474
306049725	1474
306049841	1474
306049970	1474
306050087	1474
306050182	1474
306050296	1474
306050416	1474
306050538	1474
306050686	1474
306050797	1474
306050944	1474
306051051	1474
306051173	1474
306051287	1474
306051411	1474
306051526	1474
306849363	1474
306849720	1474
306849822	1474
306849921	1474
306850079	1474
306850178	1474
306850274	1474
306850413	1474
306850536	1474
306850704	1474
306850853	1474
306850975	1474
306851078	1474
306851180	1474
306851310	1474
306851405	1474
